 Array
(
    [PageCall time] => 09:30:52
    [P_TID] => INIMX_VBNKCAEcatca0720250805092812595612
    [P_MID] => CAEcatca07
    [P_AUTH_DT] => 20250805093052
    [P_STATUS] => 02
    [P_TYPE] => VBANK
    [P_OID] => 250731-008
    [P_FN_CD1] => 03
    [P_FN_CD2] => 
    [P_FN_NM] => 기업은행
    [P_AMT] => 3000
    [P_UNAME] => 박해민
    [P_RMESG1] => P_VACCT_NO=07504190697270|P_EXP_DT=20250815
    [P_RMESG2] => 
    [P_NOTI] => 
    [P_AUTH_NO] => 
)

 Array
(
    [PageCall time] => 09:48:31
    [P_TID] => INIMX_VBNKCAEcatca0720250805094556615615
    [P_MID] => CAEcatca07
    [P_AUTH_DT] => 20250805094831
    [P_STATUS] => 02
    [P_TYPE] => VBANK
    [P_OID] => 250805-002
    [P_FN_CD1] => 88
    [P_FN_CD2] => 
    [P_FN_NM] => 신한은행
    [P_AMT] => 3000
    [P_UNAME] => 송필근
    [P_RMESG1] => P_VACCT_NO=56211990853851|P_EXP_DT=20250815
    [P_RMESG2] => 
    [P_NOTI] => 
    [P_AUTH_NO] => 
)

 Array
(
    [PageCall time] => 09:59:09
    [P_TID] => INIMX_VBNKCAEcatca0720250805095509435948
    [P_MID] => CAEcatca07
    [P_AUTH_DT] => 20250805095909
    [P_STATUS] => 02
    [P_TYPE] => VBANK
    [P_OID] => 250805-003
    [P_FN_CD1] => 20
    [P_FN_CD2] => 
    [P_FN_NM] => 우리은행
    [P_AMT] => 3000
    [P_UNAME] => 이충학
    [P_RMESG1] => P_VACCT_NO=27388586318108|P_EXP_DT=20250815
    [P_RMESG2] => 
    [P_NOTI] => 
    [P_AUTH_NO] => 
)

 Array
(
    [PageCall time] => 10:39:39
    [P_TID] => INIMX_VBNKCAEcatca0720250805103719835209
    [P_MID] => CAEcatca07
    [P_AUTH_DT] => 20250805103939
    [P_STATUS] => 02
    [P_TYPE] => VBANK
    [P_OID] => 250805-005
    [P_FN_CD1] => 11
    [P_FN_CD2] => 
    [P_FN_NM] => NH농협은행
    [P_AMT] => 3000
    [P_UNAME] => 강미정
    [P_RMESG1] => P_VACCT_NO=79014289882175|P_EXP_DT=20250815
    [P_RMESG2] => 
    [P_NOTI] => 
    [P_AUTH_NO] => 
)

 Array
(
    [PageCall time] => 10:45:58
    [P_TID] => INIMX_VBNKCAEcatca0720250805104135255210
    [P_MID] => CAEcatca07
    [P_AUTH_DT] => 20250805104558
    [P_STATUS] => 02
    [P_TYPE] => VBANK
    [P_OID] => 250805-006
    [P_FN_CD1] => 81
    [P_FN_CD2] => 
    [P_FN_NM] => 하나은행
    [P_AMT] => 3000
    [P_UNAME] => 박정후
    [P_RMESG1] => P_VACCT_NO=20893937176337|P_EXP_DT=20250815
    [P_RMESG2] => 
    [P_NOTI] => 
    [P_AUTH_NO] => 
)

 Array
(
    [PageCall time] => 10:46:55
    [P_TID] => INIMX_VBNKCAEcatca0720250805103648965464
    [P_MID] => CAEcatca07
    [P_AUTH_DT] => 20250805104655
    [P_STATUS] => 02
    [P_TYPE] => VBANK
    [P_OID] => 250805-004
    [P_FN_CD1] => 71
    [P_FN_CD2] => 
    [P_FN_NM] => 우체국
    [P_AMT] => 3000
    [P_UNAME] => 박영선
    [P_RMESG1] => P_VACCT_NO=01397981310862|P_EXP_DT=20250815
    [P_RMESG2] => 
    [P_NOTI] => 
    [P_AUTH_NO] => 
)

 Array
(
    [PageCall time] => 10:54:27
    [P_TID] => INIMX_VBNKCAEcatca0720250805105302585383
    [P_MID] => CAEcatca07
    [P_AUTH_DT] => 20250805105427
    [P_STATUS] => 02
    [P_TYPE] => VBANK
    [P_OID] => 250805-007
    [P_FN_CD1] => 11
    [P_FN_CD2] => 
    [P_FN_NM] => NH농협은행
    [P_AMT] => 3000
    [P_UNAME] => 최양열
    [P_RMESG1] => P_VACCT_NO=79014289884147|P_EXP_DT=20250815
    [P_RMESG2] => 
    [P_NOTI] => 
    [P_AUTH_NO] => 
)

 Array
(
    [PageCall time] => 11:33:57
    [P_TID] => INIMX_VBNKCAEcatca0720250805113109615948
    [P_MID] => CAEcatca07
    [P_AUTH_DT] => 20250805113357
    [P_STATUS] => 02
    [P_TYPE] => VBANK
    [P_OID] => 250805-010
    [P_FN_CD1] => 88
    [P_FN_CD2] => 
    [P_FN_NM] => 신한은행
    [P_AMT] => 3000
    [P_UNAME] => 전경하
    [P_RMESG1] => P_VACCT_NO=56211990862586|P_EXP_DT=20250815
    [P_RMESG2] => 
    [P_NOTI] => 
    [P_AUTH_NO] => 
)

 Array
(
    [PageCall time] => 11:38:45
    [P_TID] => INIMX_VBNKCAEcatca0720250805113605935762
    [P_MID] => CAEcatca07
    [P_AUTH_DT] => 20250805113845
    [P_STATUS] => 02
    [P_TYPE] => VBANK
    [P_OID] => 250805-011
    [P_FN_CD1] => 04
    [P_FN_CD2] => 
    [P_FN_NM] => KB국민은행
    [P_AMT] => 3000
    [P_UNAME] => 전재수
    [P_RMESG1] => P_VACCT_NO=45419079435084|P_EXP_DT=20250815
    [P_RMESG2] => 
    [P_NOTI] => 
    [P_AUTH_NO] => 
)

 Array
(
    [PageCall time] => 12:08:07
    [P_TID] => INIMX_VBNKCAEcatca0720250805120738645781
    [P_MID] => CAEcatca07
    [P_AUTH_DT] => 20250805120807
    [P_STATUS] => 02
    [P_TYPE] => VBANK
    [P_OID] => 250805-013
    [P_FN_CD1] => 11
    [P_FN_CD2] => 
    [P_FN_NM] => NH농협은행
    [P_AMT] => 3000
    [P_UNAME] => 신이현
    [P_RMESG1] => P_VACCT_NO=79014289894311|P_EXP_DT=20250815
    [P_RMESG2] => 
    [P_NOTI] => 
    [P_AUTH_NO] => 
)

 Array
(
    [PageCall time] => 13:10:51
    [P_TID] => INIMX_VBNKCAEcatca0720250805130745115600
    [P_MID] => CAEcatca07
    [P_AUTH_DT] => 20250805131051
    [P_STATUS] => 02
    [P_TYPE] => VBANK
    [P_OID] => 250805-017
    [P_FN_CD1] => 81
    [P_FN_CD2] => 
    [P_FN_NM] => 하나은행
    [P_AMT] => 3000
    [P_UNAME] => 이현호
    [P_RMESG1] => P_VACCT_NO=20893937847537|P_EXP_DT=20250815
    [P_RMESG2] => 
    [P_NOTI] => 
    [P_AUTH_NO] => 
)

 Array
(
    [PageCall time] => 13:13:38
    [P_TID] => INIMX_VBNKCAEcatca0720250805131219295995
    [P_MID] => CAEcatca07
    [P_AUTH_DT] => 20250805131338
    [P_STATUS] => 02
    [P_TYPE] => VBANK
    [P_OID] => 250805-018
    [P_FN_CD1] => 04
    [P_FN_CD2] => 
    [P_FN_NM] => KB국민은행
    [P_AMT] => 3000
    [P_UNAME] => 김용빈
    [P_RMESG1] => P_VACCT_NO=51139079231080|P_EXP_DT=20250815
    [P_RMESG2] => 
    [P_NOTI] => 
    [P_AUTH_NO] => 
)

 Array
(
    [PageCall time] => 13:20:58
    [P_TID] => INIMX_VBNKCAEcatca0720250805131828905147
    [P_MID] => CAEcatca07
    [P_AUTH_DT] => 20250805132058
    [P_STATUS] => 02
    [P_TYPE] => VBANK
    [P_OID] => 250805-020
    [P_FN_CD1] => 03
    [P_FN_CD2] => 
    [P_FN_NM] => 기업은행
    [P_AMT] => 3000
    [P_UNAME] => 원덕환
    [P_RMESG1] => P_VACCT_NO=07503166397791|P_EXP_DT=20250815
    [P_RMESG2] => 
    [P_NOTI] => 
    [P_AUTH_NO] => 
)

 Array
(
    [PageCall time] => 13:27:36
    [P_TID] => INIMX_VBNKCAEcatca0720250805132654105907
    [P_MID] => CAEcatca07
    [P_AUTH_DT] => 20250805132736
    [P_STATUS] => 02
    [P_TYPE] => VBANK
    [P_OID] => 250805-023
    [P_FN_CD1] => 04
    [P_FN_CD2] => 
    [P_FN_NM] => KB국민은행
    [P_AMT] => 3000
    [P_UNAME] => 최인
    [P_RMESG1] => P_VACCT_NO=51269079008618|P_EXP_DT=20250815
    [P_RMESG2] => 
    [P_NOTI] => 
    [P_AUTH_NO] => 
)

 Array
(
    [PageCall time] => 13:31:39
    [P_TID] => INIMX_VBNKCAEcatca0720250805132908505958
    [P_MID] => CAEcatca07
    [P_AUTH_DT] => 20250805133139
    [P_STATUS] => 02
    [P_TYPE] => VBANK
    [P_OID] => 250805-024
    [P_FN_CD1] => 03
    [P_FN_CD2] => 
    [P_FN_NM] => 기업은행
    [P_AMT] => 3000
    [P_UNAME] => 조윤기
    [P_RMESG1] => P_VACCT_NO=07503166497431|P_EXP_DT=20250815
    [P_RMESG2] => 
    [P_NOTI] => 
    [P_AUTH_NO] => 
)

 Array
(
    [PageCall time] => 13:39:33
    [P_TID] => INIMX_VBNKCAEcatca0720250805133905705420
    [P_MID] => CAEcatca07
    [P_AUTH_DT] => 20250805133933
    [P_STATUS] => 02
    [P_TYPE] => VBANK
    [P_OID] => 250805-025
    [P_FN_CD1] => 04
    [P_FN_CD2] => 
    [P_FN_NM] => KB국민은행
    [P_AMT] => 3000
    [P_UNAME] => 이동기
    [P_RMESG1] => P_VACCT_NO=51269079091856|P_EXP_DT=20250815
    [P_RMESG2] => 
    [P_NOTI] => 
    [P_AUTH_NO] => 
)

 Array
(
    [PageCall time] => 13:41:32
    [P_TID] => INIMX_VBNKCAEcatca0720250805133846565473
    [P_MID] => CAEcatca07
    [P_AUTH_DT] => 20250805134132
    [P_STATUS] => 02
    [P_TYPE] => VBANK
    [P_OID] => 250805-022
    [P_FN_CD1] => 89
    [P_FN_CD2] => 
    [P_FN_NM] => 케이뱅크
    [P_AMT] => 3000
    [P_UNAME] => 김대영
    [P_RMESG1] => P_VACCT_NO=70112004121117|P_EXP_DT=20250815
    [P_RMESG2] => 
    [P_NOTI] => 
    [P_AUTH_NO] => 
)

 Array
(
    [PageCall time] => 13:45:20
    [P_TID] => INIMX_VBNKCAEcatca0720250805121929495929
    [P_MID] => CAEcatca07
    [P_AUTH_DT] => 20250805134520
    [P_STATUS] => 02
    [P_TYPE] => VBANK
    [P_OID] => 250805-009
    [P_FN_CD1] => 03
    [P_FN_CD2] => 
    [P_FN_NM] => 기업은행
    [P_AMT] => 3000
    [P_UNAME] => 대림동산공원사우나
    [P_RMESG1] => P_VACCT_NO=07503166097501|P_EXP_DT=20250815
    [P_RMESG2] => 
    [P_NOTI] => 
    [P_AUTH_NO] => 
)

 Array
(
    [PageCall time] => 14:41:34
    [P_TID] => INIMX_VBNKCAEcatca0720250805143908865537
    [P_MID] => CAEcatca07
    [P_AUTH_DT] => 20250805144134
    [P_STATUS] => 02
    [P_TYPE] => VBANK
    [P_OID] => 250805-029
    [P_FN_CD1] => 11
    [P_FN_CD2] => 
    [P_FN_NM] => NH농협은행
    [P_AMT] => 3000
    [P_UNAME] => 함복자
    [P_RMESG1] => P_VACCT_NO=79014289916094|P_EXP_DT=20250815
    [P_RMESG2] => 
    [P_NOTI] => 
    [P_AUTH_NO] => 
)

 Array
(
    [PageCall time] => 14:54:46
    [P_TID] => INIMX_VBNKCAEcatca0720250805145408415666
    [P_MID] => CAEcatca07
    [P_AUTH_DT] => 20250805145446
    [P_STATUS] => 02
    [P_TYPE] => VBANK
    [P_OID] => 250805-031
    [P_FN_CD1] => 04
    [P_FN_CD2] => 
    [P_FN_NM] => KB국민은행
    [P_AMT] => 3000
    [P_UNAME] => 이수정
    [P_RMESG1] => P_VACCT_NO=91229079211506|P_EXP_DT=20250815
    [P_RMESG2] => 
    [P_NOTI] => 
    [P_AUTH_NO] => 
)

 Array
(
    [PageCall time] => 15:00:46
    [P_TID] => INIMX_VBNKCAEcatca0720250805145523315974
    [P_MID] => CAEcatca07
    [P_AUTH_DT] => 20250805150046
    [P_STATUS] => 02
    [P_TYPE] => VBANK
    [P_OID] => 250805-030
    [P_FN_CD1] => 20
    [P_FN_CD2] => 
    [P_FN_NM] => 우리은행
    [P_AMT] => 3000
    [P_UNAME] => 이지연
    [P_RMESG1] => P_VACCT_NO=27388615418865|P_EXP_DT=20250815
    [P_RMESG2] => 
    [P_NOTI] => 
    [P_AUTH_NO] => 
)

 Array
(
    [PageCall time] => 15:33:25
    [P_TID] => INIMX_VBNKCAEcatca0720250805153015985014
    [P_MID] => CAEcatca07
    [P_AUTH_DT] => 20250805153325
    [P_STATUS] => 02
    [P_TYPE] => VBANK
    [P_OID] => 250805-036
    [P_FN_CD1] => 88
    [P_FN_CD2] => 
    [P_FN_NM] => 신한은행
    [P_AMT] => 3000
    [P_UNAME] => 성영석
    [P_RMESG1] => P_VACCT_NO=56211990886610|P_EXP_DT=20250815
    [P_RMESG2] => 
    [P_NOTI] => 
    [P_AUTH_NO] => 
)

 Array
(
    [PageCall time] => 16:52:56
    [P_TID] => INIMX_VBNKCAEcatca0720250805165003285807
    [P_MID] => CAEcatca07
    [P_AUTH_DT] => 20250805165256
    [P_STATUS] => 02
    [P_TYPE] => VBANK
    [P_OID] => 250805-040
    [P_FN_CD1] => 88
    [P_FN_CD2] => 
    [P_FN_NM] => 신한은행
    [P_AMT] => 3000
    [P_UNAME] => 최경미
    [P_RMESG1] => P_VACCT_NO=56211990892506|P_EXP_DT=20250815
    [P_RMESG2] => 
    [P_NOTI] => 
    [P_AUTH_NO] => 
)

 Array
(
    [PageCall time] => 16:59:48
    [P_TID] => INIMX_VBNKCAEcatca0720250805165613845352
    [P_MID] => CAEcatca07
    [P_AUTH_DT] => 20250805165948
    [P_STATUS] => 02
    [P_TYPE] => VBANK
    [P_OID] => 250805-041
    [P_FN_CD1] => 88
    [P_FN_CD2] => 
    [P_FN_NM] => 신한은행
    [P_AMT] => 3000
    [P_UNAME] => 이은재
    [P_RMESG1] => P_VACCT_NO=56211990892850|P_EXP_DT=20250815
    [P_RMESG2] => 
    [P_NOTI] => 
    [P_AUTH_NO] => 
)

 Array
(
    [PageCall time] => 17:02:36
    [P_TID] => INIMX_VBNKCAEcatca0720250805165937325987
    [P_MID] => CAEcatca07
    [P_AUTH_DT] => 20250805170236
    [P_STATUS] => 02
    [P_TYPE] => VBANK
    [P_OID] => 250805-038
    [P_FN_CD1] => 81
    [P_FN_CD2] => 
    [P_FN_NM] => 하나은행
    [P_AMT] => 3000
    [P_UNAME] => 김경태
    [P_RMESG1] => P_VACCT_NO=20893939546137|P_EXP_DT=20250815
    [P_RMESG2] => 
    [P_NOTI] => 
    [P_AUTH_NO] => 
)

 Array
(
    [PageCall time] => 17:05:02
    [P_TID] => INIMX_VBNKCAEcatca0720250805170417645643
    [P_MID] => CAEcatca07
    [P_AUTH_DT] => 20250805170502
    [P_STATUS] => 02
    [P_TYPE] => VBANK
    [P_OID] => 250805-042
    [P_FN_CD1] => 04
    [P_FN_CD2] => 
    [P_FN_NM] => KB국민은행
    [P_AMT] => 3000
    [P_UNAME] => 김종훈
    [P_RMESG1] => P_VACCT_NO=00289071105111|P_EXP_DT=20250815
    [P_RMESG2] => 
    [P_NOTI] => 
    [P_AUTH_NO] => 
)

 Array
(
    [PageCall time] => 17:13:20
    [P_TID] => INIMX_VBNKCAEcatca0720250805171007255198
    [P_MID] => CAEcatca07
    [P_AUTH_DT] => 20250805171320
    [P_STATUS] => 02
    [P_TYPE] => VBANK
    [P_OID] => 250805-039
    [P_FN_CD1] => 20
    [P_FN_CD2] => 
    [P_FN_NM] => 우리은행
    [P_AMT] => 3000
    [P_UNAME] => 김영미
    [P_RMESG1] => P_VACCT_NO=27388626018392|P_EXP_DT=20250815
    [P_RMESG2] => 
    [P_NOTI] => 
    [P_AUTH_NO] => 
)

 Array
(
    [PageCall time] => 18:07:34
    [P_TID] => INIMX_VBNKCAEcatca0720250805180641285311
    [P_MID] => CAEcatca07
    [P_AUTH_DT] => 20250805180734
    [P_STATUS] => 02
    [P_TYPE] => VBANK
    [P_OID] => 250805-048
    [P_FN_CD1] => 04
    [P_FN_CD2] => 
    [P_FN_NM] => KB국민은행
    [P_AMT] => 3000
    [P_UNAME] => 안지언
    [P_RMESG1] => P_VACCT_NO=00289071307647|P_EXP_DT=20250815
    [P_RMESG2] => 
    [P_NOTI] => 
    [P_AUTH_NO] => 
)

 Array
(
    [PageCall time] => 18:33:28
    [P_TID] => INIMX_VBNKCAEcatca0720250805183301805602
    [P_MID] => CAEcatca07
    [P_AUTH_DT] => 20250805183328
    [P_STATUS] => 02
    [P_TYPE] => VBANK
    [P_OID] => 250805-049
    [P_FN_CD1] => 04
    [P_FN_CD2] => 
    [P_FN_NM] => KB국민은행
    [P_AMT] => 3000
    [P_UNAME] => 곽동명
    [P_RMESG1] => P_VACCT_NO=00289071341692|P_EXP_DT=20250815
    [P_RMESG2] => 
    [P_NOTI] => 
    [P_AUTH_NO] => 
)

 Array
(
    [PageCall time] => 18:58:03
    [P_TID] => INIMX_VBNKCAEcatca0720250805185704765358
    [P_MID] => CAEcatca07
    [P_AUTH_DT] => 20250805185803
    [P_STATUS] => 02
    [P_TYPE] => VBANK
    [P_OID] => 250805-051
    [P_FN_CD1] => 04
    [P_FN_CD2] => 
    [P_FN_NM] => KB국민은행
    [P_AMT] => 3000
    [P_UNAME] => 정재호
    [P_RMESG1] => P_VACCT_NO=00289071371381|P_EXP_DT=20250815
    [P_RMESG2] => 
    [P_NOTI] => 
    [P_AUTH_NO] => 
)

 Array
(
    [PageCall time] => 19:26:33
    [P_TID] => INIMX_VBNKCAEcatca0720250805192445755915
    [P_MID] => CAEcatca07
    [P_AUTH_DT] => 20250805192633
    [P_STATUS] => 02
    [P_TYPE] => VBANK
    [P_OID] => 250805-053
    [P_FN_CD1] => 11
    [P_FN_CD2] => 
    [P_FN_NM] => NH농협은행
    [P_AMT] => 3000
    [P_UNAME] => 노종호
    [P_RMESG1] => P_VACCT_NO=79014289950831|P_EXP_DT=20250815
    [P_RMESG2] => 
    [P_NOTI] => 
    [P_AUTH_NO] => 
)

 Array
(
    [PageCall time] => 20:07:38
    [P_TID] => INIMX_VBNKCAEcatca0720250805200542675611
    [P_MID] => CAEcatca07
    [P_AUTH_DT] => 20250805200738
    [P_STATUS] => 02
    [P_TYPE] => VBANK
    [P_OID] => 250805-055
    [P_FN_CD1] => 04
    [P_FN_CD2] => 
    [P_FN_NM] => KB국민은행
    [P_AMT] => 3000
    [P_UNAME] => 조호현
    [P_RMESG1] => P_VACCT_NO=26029078090160|P_EXP_DT=20250815
    [P_RMESG2] => 
    [P_NOTI] => 
    [P_AUTH_NO] => 
)

 Array
(
    [PageCall time] => 21:27:51
    [P_TID] => INIMX_VBNKCAEcatca0720250805212454415669
    [P_MID] => CAEcatca07
    [P_AUTH_DT] => 20250805212751
    [P_STATUS] => 02
    [P_TYPE] => VBANK
    [P_OID] => 250805-027
    [P_FN_CD1] => 88
    [P_FN_CD2] => 
    [P_FN_NM] => 신한은행
    [P_AMT] => 3000
    [P_UNAME] => 정선영
    [P_RMESG1] => P_VACCT_NO=56211990907257|P_EXP_DT=20250815
    [P_RMESG2] => 
    [P_NOTI] => 
    [P_AUTH_NO] => 
)

 Array
(
    [PageCall time] => 21:48:47
    [P_TID] => INIMX_VBNKCAEcatca0720250805214616485110
    [P_MID] => CAEcatca07
    [P_AUTH_DT] => 20250805214847
    [P_STATUS] => 02
    [P_TYPE] => VBANK
    [P_OID] => 250805-056
    [P_FN_CD1] => 88
    [P_FN_CD2] => 
    [P_FN_NM] => 신한은행
    [P_AMT] => 3000
    [P_UNAME] => 장유나
    [P_RMESG1] => P_VACCT_NO=56211990908279|P_EXP_DT=20250815
    [P_RMESG2] => 
    [P_NOTI] => 
    [P_AUTH_NO] => 
)

 Array
(
    [PageCall time] => 22:33:43
    [P_TID] => INIMX_VBNKCAEcatca0720250805223203835470
    [P_MID] => CAEcatca07
    [P_AUTH_DT] => 20250805223343
    [P_STATUS] => 02
    [P_TYPE] => VBANK
    [P_OID] => 250805-057
    [P_FN_CD1] => 11
    [P_FN_CD2] => 
    [P_FN_NM] => NH농협은행
    [P_AMT] => 3000
    [P_UNAME] => 조수연
    [P_RMESG1] => P_VACCT_NO=79014289969207|P_EXP_DT=20250815
    [P_RMESG2] => 
    [P_NOTI] => 
    [P_AUTH_NO] => 
)

