 Array
(
    [PageCall time] => 01:08:04
    [P_TID] => INIMX_VBNKCAEcatca0720251104010448135040
    [P_MID] => CAEcatca07
    [P_AUTH_DT] => 20251104010804
    [P_STATUS] => 02
    [P_TYPE] => VBANK
    [P_OID] => 251104-001
    [P_FN_CD1] => 81
    [P_FN_CD2] => 
    [P_FN_NM] => 하나은행
    [P_AMT] => 3000
    [P_UNAME] => 장은채
    [P_RMESG1] => P_VACCT_NO=20893955008937|P_EXP_DT=20251114
    [P_RMESG2] => 
    [P_NOTI] => 
    [P_AUTH_NO] => 
)

 Array
(
    [PageCall time] => 08:09:23
    [P_TID] => INIMX_VBNKCAEcatca0720251104080639475725
    [P_MID] => CAEcatca07
    [P_AUTH_DT] => 20251104080923
    [P_STATUS] => 02
    [P_TYPE] => VBANK
    [P_OID] => 251104-003
    [P_FN_CD1] => 88
    [P_FN_CD2] => 
    [P_FN_NM] => 신한은행
    [P_AMT] => 3000
    [P_UNAME] => 이일청
    [P_RMESG1] => P_VACCT_NO=56211104916425|P_EXP_DT=20251114
    [P_RMESG2] => 
    [P_NOTI] => 
    [P_AUTH_NO] => 
)

 Array
(
    [PageCall time] => 08:53:03
    [P_TID] => INIMX_VBNKCAEcatca0720251103203647625120
    [P_MID] => CAEcatca07
    [P_AUTH_DT] => 20251104085302
    [P_STATUS] => 02
    [P_TYPE] => VBANK
    [P_OID] => 251103-043
    [P_FN_CD1] => 89
    [P_FN_CD2] => 
    [P_FN_NM] => 케이뱅크
    [P_AMT] => 3000
    [P_UNAME] => 김용섭
    [P_RMESG1] => P_VACCT_NO=70112003755860|P_EXP_DT=20251113
    [P_RMESG2] => 
    [P_NOTI] => 
    [P_AUTH_NO] => 
)

 Array
(
    [PageCall time] => 10:40:42
    [P_TID] => INIMX_VBNKCAEcatca0720251104103759875642
    [P_MID] => CAEcatca07
    [P_AUTH_DT] => 20251104104042
    [P_STATUS] => 02
    [P_TYPE] => VBANK
    [P_OID] => 251104-010
    [P_FN_CD1] => 81
    [P_FN_CD2] => 
    [P_FN_NM] => 하나은행
    [P_AMT] => 3000
    [P_UNAME] => 허정미
    [P_RMESG1] => P_VACCT_NO=20893955930337|P_EXP_DT=20251114
    [P_RMESG2] => 
    [P_NOTI] => 
    [P_AUTH_NO] => 
)

 Array
(
    [PageCall time] => 11:45:38
    [P_TID] => INIMX_VBNKCAEcatca0720251104114238925769
    [P_MID] => CAEcatca07
    [P_AUTH_DT] => 20251104114538
    [P_STATUS] => 02
    [P_TYPE] => VBANK
    [P_OID] => 251104-017
    [P_FN_CD1] => 03
    [P_FN_CD2] => 
    [P_FN_NM] => 기업은행
    [P_AMT] => 3000
    [P_UNAME] => 허명희
    [P_RMESG1] => P_VACCT_NO=07503417997006|P_EXP_DT=20251114
    [P_RMESG2] => 
    [P_NOTI] => 
    [P_AUTH_NO] => 
)

 Array
(
    [PageCall time] => 12:22:57
    [P_TID] => INIMX_VBNKCAEcatca0720251104122022195437
    [P_MID] => CAEcatca07
    [P_AUTH_DT] => 20251104122257
    [P_STATUS] => 02
    [P_TYPE] => VBANK
    [P_OID] => 251104-019
    [P_FN_CD1] => 03
    [P_FN_CD2] => 
    [P_FN_NM] => 기업은행
    [P_AMT] => 3000
    [P_UNAME] => 이춘구
    [P_RMESG1] => P_VACCT_NO=07503418197661|P_EXP_DT=20251114
    [P_RMESG2] => 
    [P_NOTI] => 
    [P_AUTH_NO] => 
)

 Array
(
    [PageCall time] => 12:30:27
    [P_TID] => INIMX_VBNKCAEcatca0720251104122944675978
    [P_MID] => CAEcatca07
    [P_AUTH_DT] => 20251104123027
    [P_STATUS] => 02
    [P_TYPE] => VBANK
    [P_OID] => 251104-021
    [P_FN_CD1] => 11
    [P_FN_CD2] => 
    [P_FN_NM] => NH농협은행
    [P_AMT] => 3000
    [P_UNAME] => 유준기
    [P_RMESG1] => P_VACCT_NO=79015900757854|P_EXP_DT=20251114
    [P_RMESG2] => 
    [P_NOTI] => 
    [P_AUTH_NO] => 
)

 Array
(
    [PageCall time] => 12:31:25
    [P_TID] => INIMX_VBNKCAEcatca0720251104122833605983
    [P_MID] => CAEcatca07
    [P_AUTH_DT] => 20251104123125
    [P_STATUS] => 02
    [P_TYPE] => VBANK
    [P_OID] => 251104-020
    [P_FN_CD1] => 89
    [P_FN_CD2] => 
    [P_FN_NM] => 케이뱅크
    [P_AMT] => 3000
    [P_UNAME] => 박신
    [P_RMESG1] => P_VACCT_NO=70112003760120|P_EXP_DT=20251114
    [P_RMESG2] => 
    [P_NOTI] => 
    [P_AUTH_NO] => 
)

 Array
(
    [PageCall time] => 13:32:52
    [P_TID] => INIMX_VBNKCAEcatca0720251104133015805468
    [P_MID] => CAEcatca07
    [P_AUTH_DT] => 20251104133252
    [P_STATUS] => 02
    [P_TYPE] => VBANK
    [P_OID] => 251104-026
    [P_FN_CD1] => 04
    [P_FN_CD2] => 
    [P_FN_NM] => KB국민은행
    [P_AMT] => 3000
    [P_UNAME] => 이재희
    [P_RMESG1] => P_VACCT_NO=26029078270021|P_EXP_DT=20251114
    [P_RMESG2] => 
    [P_NOTI] => 
    [P_AUTH_NO] => 
)

 Array
(
    [PageCall time] => 13:58:22
    [P_TID] => INIMX_VBNKCAEcatca0720251104135441665480
    [P_MID] => CAEcatca07
    [P_AUTH_DT] => 20251104135822
    [P_STATUS] => 02
    [P_TYPE] => VBANK
    [P_OID] => 251104-027
    [P_FN_CD1] => 20
    [P_FN_CD2] => 
    [P_FN_NM] => 우리은행
    [P_AMT] => 3000
    [P_UNAME] => 이은혜
    [P_RMESG1] => P_VACCT_NO=32823317118614|P_EXP_DT=20251114
    [P_RMESG2] => 
    [P_NOTI] => 
    [P_AUTH_NO] => 
)

 Array
(
    [PageCall time] => 14:04:45
    [P_TID] => INIMX_VBNKCAEcatca0720251104140400105290
    [P_MID] => CAEcatca07
    [P_AUTH_DT] => 20251104140445
    [P_STATUS] => 02
    [P_TYPE] => VBANK
    [P_OID] => 251104-025
    [P_FN_CD1] => 11
    [P_FN_CD2] => 
    [P_FN_NM] => NH농협은행
    [P_AMT] => 3000
    [P_UNAME] => 박진형
    [P_RMESG1] => P_VACCT_NO=79015900773033|P_EXP_DT=20251114
    [P_RMESG2] => 
    [P_NOTI] => 
    [P_AUTH_NO] => 
)

 Array
(
    [PageCall time] => 14:59:57
    [P_TID] => INIMX_VBNKCAEcatca0720251104145202595246
    [P_MID] => CAEcatca07
    [P_AUTH_DT] => 20251104145957
    [P_STATUS] => 02
    [P_TYPE] => VBANK
    [P_OID] => 251104-031
    [P_FN_CD1] => 23
    [P_FN_CD2] => 
    [P_FN_NM] => SC은행
    [P_AMT] => 3000
    [P_UNAME] => 임우석
    [P_RMESG1] => P_VACCT_NO=46416006204337|P_EXP_DT=20251114
    [P_RMESG2] => 
    [P_NOTI] => 
    [P_AUTH_NO] => 
)

 Array
(
    [PageCall time] => 15:44:50
    [P_TID] => INIMX_VBNKCAEcatca0720251104154155135555
    [P_MID] => CAEcatca07
    [P_AUTH_DT] => 20251104154450
    [P_STATUS] => 02
    [P_TYPE] => VBANK
    [P_OID] => 251104-014
    [P_FN_CD1] => 03
    [P_FN_CD2] => 
    [P_FN_NM] => 기업은행
    [P_AMT] => 3000
    [P_UNAME] => 김동균
    [P_RMESG1] => P_VACCT_NO=07503420697506|P_EXP_DT=20251114
    [P_RMESG2] => 
    [P_NOTI] => 
    [P_AUTH_NO] => 
)

 Array
(
    [PageCall time] => 15:54:10
    [P_TID] => INIMX_VBNKCAEcatca0720251104154828115073
    [P_MID] => CAEcatca07
    [P_AUTH_DT] => 20251104155410
    [P_STATUS] => 02
    [P_TYPE] => VBANK
    [P_OID] => 251102-012
    [P_FN_CD1] => 88
    [P_FN_CD2] => 
    [P_FN_NM] => 신한은행
    [P_AMT] => 3000
    [P_UNAME] => 권순화
    [P_RMESG1] => P_VACCT_NO=56211104958386|P_EXP_DT=20251114
    [P_RMESG2] => 
    [P_NOTI] => 
    [P_AUTH_NO] => 
)

 Array
(
    [PageCall time] => 15:57:07
    [P_TID] => INIMX_VBNKCAEcatca0720251104125954645726
    [P_MID] => CAEcatca07
    [P_AUTH_DT] => 20251104155707
    [P_STATUS] => 02
    [P_TYPE] => VBANK
    [P_OID] => 251104-022
    [P_FN_CD1] => 04
    [P_FN_CD2] => 
    [P_FN_NM] => KB국민은행
    [P_AMT] => 3000
    [P_UNAME] => 김지만
    [P_RMESG1] => P_VACCT_NO=26029078037116|P_EXP_DT=20251114
    [P_RMESG2] => 
    [P_NOTI] => 
    [P_AUTH_NO] => 
)

 Array
(
    [PageCall time] => 16:02:11
    [P_TID] => INIMX_VBNKCAEcatca0720251104155926305613
    [P_MID] => CAEcatca07
    [P_AUTH_DT] => 20251104160211
    [P_STATUS] => 02
    [P_TYPE] => VBANK
    [P_OID] => 251104-033
    [P_FN_CD1] => 04
    [P_FN_CD2] => 
    [P_FN_NM] => KB국민은행
    [P_AMT] => 3000
    [P_UNAME] => 나은선
    [P_RMESG1] => P_VACCT_NO=99289014835178|P_EXP_DT=20251114
    [P_RMESG2] => 
    [P_NOTI] => 
    [P_AUTH_NO] => 
)

 Array
(
    [PageCall time] => 16:07:16
    [P_TID] => INIMX_VBNKCAEcatca0720251104160627975263
    [P_MID] => CAEcatca07
    [P_AUTH_DT] => 20251104160716
    [P_STATUS] => 02
    [P_TYPE] => VBANK
    [P_OID] => 251104-034
    [P_FN_CD1] => 11
    [P_FN_CD2] => 
    [P_FN_NM] => NH농협은행
    [P_AMT] => 3000
    [P_UNAME] => 석경화
    [P_RMESG1] => P_VACCT_NO=79015900793081|P_EXP_DT=20251114
    [P_RMESG2] => 
    [P_NOTI] => 
    [P_AUTH_NO] => 
)

 Array
(
    [PageCall time] => 16:10:55
    [P_TID] => INIMX_VBNKCAEcatca0720251104160749185009
    [P_MID] => CAEcatca07
    [P_AUTH_DT] => 20251104161055
    [P_STATUS] => 02
    [P_TYPE] => VBANK
    [P_OID] => 251104-035
    [P_FN_CD1] => 04
    [P_FN_CD2] => 
    [P_FN_NM] => KB국민은행
    [P_AMT] => 3000
    [P_UNAME] => 박혜인
    [P_RMESG1] => P_VACCT_NO=99289014843263|P_EXP_DT=20251114
    [P_RMESG2] => 
    [P_NOTI] => 
    [P_AUTH_NO] => 
)

 Array
(
    [PageCall time] => 16:12:23
    [P_TID] => INIMX_VBNKCAEcatca0720251104160855625172
    [P_MID] => CAEcatca07
    [P_AUTH_DT] => 20251104161223
    [P_STATUS] => 02
    [P_TYPE] => VBANK
    [P_OID] => 251104-036
    [P_FN_CD1] => 34
    [P_FN_CD2] => 
    [P_FN_NM] => 광주은행
    [P_AMT] => 3000
    [P_UNAME] => 추진심
    [P_RMESG1] => P_VACCT_NO=810865070763|P_EXP_DT=20251114
    [P_RMESG2] => 
    [P_NOTI] => 
    [P_AUTH_NO] => 
)

 Array
(
    [PageCall time] => 16:46:01
    [P_TID] => INIMX_VBNKCAEcatca0720251104164158045940
    [P_MID] => CAEcatca07
    [P_AUTH_DT] => 20251104164601
    [P_STATUS] => 02
    [P_TYPE] => VBANK
    [P_OID] => 251102-001
    [P_FN_CD1] => 20
    [P_FN_CD2] => 
    [P_FN_NM] => 우리은행
    [P_AMT] => 3000
    [P_UNAME] => 최규범
    [P_RMESG1] => P_VACCT_NO=32823339118698|P_EXP_DT=20251114
    [P_RMESG2] => 
    [P_NOTI] => 
    [P_AUTH_NO] => 
)

 Array
(
    [PageCall time] => 17:51:18
    [P_TID] => INIMX_VBNKCAEcatca0720251104174809435646
    [P_MID] => CAEcatca07
    [P_AUTH_DT] => 20251104175118
    [P_STATUS] => 02
    [P_TYPE] => VBANK
    [P_OID] => 251104-039
    [P_FN_CD1] => 04
    [P_FN_CD2] => 
    [P_FN_NM] => KB국민은행
    [P_AMT] => 3000
    [P_UNAME] => 조원철
    [P_RMESG1] => P_VACCT_NO=99289014984469|P_EXP_DT=20251114
    [P_RMESG2] => 
    [P_NOTI] => 
    [P_AUTH_NO] => 
)

 Array
(
    [PageCall time] => 17:53:38
    [P_TID] => INIMX_VBNKCAEcatca0720251104175043345393
    [P_MID] => CAEcatca07
    [P_AUTH_DT] => 20251104175338
    [P_STATUS] => 02
    [P_TYPE] => VBANK
    [P_OID] => 251104-040
    [P_FN_CD1] => 89
    [P_FN_CD2] => 
    [P_FN_NM] => 케이뱅크
    [P_AMT] => 3000
    [P_UNAME] => 김참사랑
    [P_RMESG1] => P_VACCT_NO=70112003764161|P_EXP_DT=20251114
    [P_RMESG2] => 
    [P_NOTI] => 
    [P_AUTH_NO] => 
)

 Array
(
    [PageCall time] => 18:17:20
    [P_TID] => INIMX_VBNKCAEcatca0720251104181416725777
    [P_MID] => CAEcatca07
    [P_AUTH_DT] => 20251104181720
    [P_STATUS] => 02
    [P_TYPE] => VBANK
    [P_OID] => 251104-041
    [P_FN_CD1] => 20
    [P_FN_CD2] => 
    [P_FN_NM] => 우리은행
    [P_AMT] => 3000
    [P_UNAME] => 김경희
    [P_RMESG1] => P_VACCT_NO=32823354518382|P_EXP_DT=20251114
    [P_RMESG2] => 
    [P_NOTI] => 
    [P_AUTH_NO] => 
)

 Array
(
    [PageCall time] => 18:50:07
    [P_TID] => INIMX_VBNKCAEcatca0720251104184456515440
    [P_MID] => CAEcatca07
    [P_AUTH_DT] => 20251104185007
    [P_STATUS] => 02
    [P_TYPE] => VBANK
    [P_OID] => 251104-042
    [P_FN_CD1] => 04
    [P_FN_CD2] => 
    [P_FN_NM] => KB국민은행
    [P_AMT] => 3000
    [P_UNAME] => 류선희
    [P_RMESG1] => P_VACCT_NO=99289014998374|P_EXP_DT=20251114
    [P_RMESG2] => 
    [P_NOTI] => 
    [P_AUTH_NO] => 
)

 Array
(
    [PageCall time] => 19:10:33
    [P_TID] => INIMX_VBNKCAEcatca0720251104190945375487
    [P_MID] => CAEcatca07
    [P_AUTH_DT] => 20251104191033
    [P_STATUS] => 02
    [P_TYPE] => VBANK
    [P_OID] => 251104-043
    [P_FN_CD1] => 11
    [P_FN_CD2] => 
    [P_FN_NM] => NH농협은행
    [P_AMT] => 3000
    [P_UNAME] => 이왕현
    [P_RMESG1] => P_VACCT_NO=79015900815362|P_EXP_DT=20251114
    [P_RMESG2] => 
    [P_NOTI] => 
    [P_AUTH_NO] => 
)

 Array
(
    [PageCall time] => 19:50:35
    [P_TID] => INIMX_VBNKCAEcatca0720251104194722935908
    [P_MID] => CAEcatca07
    [P_AUTH_DT] => 20251104195035
    [P_STATUS] => 02
    [P_TYPE] => VBANK
    [P_OID] => 251104-037
    [P_FN_CD1] => 04
    [P_FN_CD2] => 
    [P_FN_NM] => KB국민은행
    [P_AMT] => 3000
    [P_UNAME] => 김보미
    [P_RMESG1] => P_VACCT_NO=99449014006279|P_EXP_DT=20251114
    [P_RMESG2] => 
    [P_NOTI] => 
    [P_AUTH_NO] => 
)

 Array
(
    [PageCall time] => 20:03:48
    [P_TID] => INIMX_VBNKCAEcatca0720251104200113205550
    [P_MID] => CAEcatca07
    [P_AUTH_DT] => 20251104200348
    [P_STATUS] => 02
    [P_TYPE] => VBANK
    [P_OID] => 251104-045
    [P_FN_CD1] => 89
    [P_FN_CD2] => 
    [P_FN_NM] => 케이뱅크
    [P_AMT] => 3000
    [P_UNAME] => 조은경
    [P_RMESG1] => P_VACCT_NO=70112003765268|P_EXP_DT=20251114
    [P_RMESG2] => 
    [P_NOTI] => 
    [P_AUTH_NO] => 
)

 Array
(
    [PageCall time] => 20:16:39
    [P_TID] => INIMX_VBNKCAEcatca0720251104105919135789
    [P_MID] => CAEcatca07
    [P_AUTH_DT] => 20251104201639
    [P_STATUS] => 02
    [P_TYPE] => VBANK
    [P_OID] => 251104-012
    [P_FN_CD1] => 11
    [P_FN_CD2] => 
    [P_FN_NM] => NH농협은행
    [P_AMT] => 3000
    [P_UNAME] => 사단법인푸른학교(꽃보리광주푸
    [P_RMESG1] => P_VACCT_NO=79015900742942|P_EXP_DT=20251114
    [P_RMESG2] => 
    [P_NOTI] => 
    [P_AUTH_NO] => 
)

 Array
(
    [PageCall time] => 21:55:15
    [P_TID] => INIMX_VBNKCAEcatca0720251104215406235799
    [P_MID] => CAEcatca07
    [P_AUTH_DT] => 20251104215515
    [P_STATUS] => 02
    [P_TYPE] => VBANK
    [P_OID] => 251104-030
    [P_FN_CD1] => 11
    [P_FN_CD2] => 
    [P_FN_NM] => NH농협은행
    [P_AMT] => 3000
    [P_UNAME] => 안혜영
    [P_RMESG1] => P_VACCT_NO=79015900830650|P_EXP_DT=20251114
    [P_RMESG2] => 
    [P_NOTI] => 
    [P_AUTH_NO] => 
)

