 Array
(
    [PageCall time] => 00:16:38
    [P_TID] => INIMX_VBNKCAEcatca0720250414001545785467
    [P_MID] => CAEcatca07
    [P_AUTH_DT] => 20250414001638
    [P_STATUS] => 02
    [P_TYPE] => VBANK
    [P_OID] => 250414-001
    [P_FN_CD1] => 04
    [P_FN_CD2] => 
    [P_FN_NM] => KB국민은행
    [P_AMT] => 3000
    [P_UNAME] => 김남희
    [P_RMESG1] => P_VACCT_NO=52499014363298|P_EXP_DT=20250424
    [P_RMESG2] => 
    [P_NOTI] => 
    [P_AUTH_NO] => 
)

 Array
(
    [PageCall time] => 01:20:59
    [P_TID] => INIMX_VBNKCAEcatca0720250414012013635895
    [P_MID] => CAEcatca07
    [P_AUTH_DT] => 20250414012059
    [P_STATUS] => 02
    [P_TYPE] => VBANK
    [P_OID] => 250409-018
    [P_FN_CD1] => 04
    [P_FN_CD2] => 
    [P_FN_NM] => KB국민은행
    [P_AMT] => 3000
    [P_UNAME] => 이아현
    [P_RMESG1] => P_VACCT_NO=52499014370133|P_EXP_DT=20250424
    [P_RMESG2] => 
    [P_NOTI] => 
    [P_AUTH_NO] => 
)

 Array
(
    [PageCall time] => 09:26:25
    [P_TID] => INIMX_VBNKCAEcatca0720250414090039845323
    [P_MID] => CAEcatca07
    [P_AUTH_DT] => 20250414092625
    [P_STATUS] => 02
    [P_TYPE] => VBANK
    [P_OID] => 250411-021
    [P_FN_CD1] => 88
    [P_FN_CD2] => 
    [P_FN_NM] => 신한은행
    [P_AMT] => 3000
    [P_UNAME] => 안춘희
    [P_RMESG1] => P_VACCT_NO=56213170906183|P_EXP_DT=20250424
    [P_RMESG2] => 
    [P_NOTI] => 
    [P_AUTH_NO] => 
)

 Array
(
    [PageCall time] => 10:11:26
    [P_TID] => INIMX_VBNKCAEcatca0720250414100850105369
    [P_MID] => CAEcatca07
    [P_AUTH_DT] => 20250414101126
    [P_STATUS] => 02
    [P_TYPE] => VBANK
    [P_OID] => 250414-002
    [P_FN_CD1] => 20
    [P_FN_CD2] => 
    [P_FN_NM] => 우리은행
    [P_AMT] => 3000
    [P_UNAME] => 김채민
    [P_RMESG1] => P_VACCT_NO=27389273318678|P_EXP_DT=20250424
    [P_RMESG2] => 
    [P_NOTI] => 
    [P_AUTH_NO] => 
)

 Array
(
    [PageCall time] => 10:17:46
    [P_TID] => INIMX_VBNKCAEcatca0720250414101655285874
    [P_MID] => CAEcatca07
    [P_AUTH_DT] => 20250414101746
    [P_STATUS] => 02
    [P_TYPE] => VBANK
    [P_OID] => 250414-003
    [P_FN_CD1] => 04
    [P_FN_CD2] => 
    [P_FN_NM] => KB국민은행
    [P_AMT] => 3000
    [P_UNAME] => 박미란
    [P_RMESG1] => P_VACCT_NO=40849011178025|P_EXP_DT=20250424
    [P_RMESG2] => 
    [P_NOTI] => 
    [P_AUTH_NO] => 
)

 Array
(
    [PageCall time] => 10:45:18
    [P_TID] => INIMX_VBNKCAEcatca0720250414104103265866
    [P_MID] => CAEcatca07
    [P_AUTH_DT] => 20250414104518
    [P_STATUS] => 02
    [P_TYPE] => VBANK
    [P_OID] => 250414-004
    [P_FN_CD1] => 20
    [P_FN_CD2] => 
    [P_FN_NM] => 우리은행
    [P_AMT] => 3000
    [P_UNAME] => 이신양
    [P_RMESG1] => P_VACCT_NO=27389277418192|P_EXP_DT=20250424
    [P_RMESG2] => 
    [P_NOTI] => 
    [P_AUTH_NO] => 
)

 Array
(
    [PageCall time] => 10:46:35
    [P_TID] => INIMX_VBNKCAEcatca0720250414104547625090
    [P_MID] => CAEcatca07
    [P_AUTH_DT] => 20250414104635
    [P_STATUS] => 02
    [P_TYPE] => VBANK
    [P_OID] => 250414-005
    [P_FN_CD1] => 11
    [P_FN_CD2] => 
    [P_FN_NM] => NH농협은행
    [P_AMT] => 3000
    [P_UNAME] => 김현아
    [P_RMESG1] => P_VACCT_NO=79015900342771|P_EXP_DT=20250424
    [P_RMESG2] => 
    [P_NOTI] => 
    [P_AUTH_NO] => 
)

 Array
(
    [PageCall time] => 13:09:39
    [P_TID] => INIMX_VBNKCAEcatca0720250414130707225944
    [P_MID] => CAEcatca07
    [P_AUTH_DT] => 20250414130939
    [P_STATUS] => 02
    [P_TYPE] => VBANK
    [P_OID] => 250414-008
    [P_FN_CD1] => 81
    [P_FN_CD2] => 
    [P_FN_NM] => 하나은행
    [P_AMT] => 3000
    [P_UNAME] => 이은경
    [P_RMESG1] => P_VACCT_NO=20893756354737|P_EXP_DT=20250424
    [P_RMESG2] => 
    [P_NOTI] => 
    [P_AUTH_NO] => 
)

 Array
(
    [PageCall time] => 13:14:38
    [P_TID] => INIMX_VBNKCAEcatca0720250414131159305863
    [P_MID] => CAEcatca07
    [P_AUTH_DT] => 20250414131438
    [P_STATUS] => 02
    [P_TYPE] => VBANK
    [P_OID] => 250414-009
    [P_FN_CD1] => 89
    [P_FN_CD2] => 
    [P_FN_NM] => 케이뱅크
    [P_AMT] => 3000
    [P_UNAME] => 조강근
    [P_RMESG1] => P_VACCT_NO=70112003299026|P_EXP_DT=20250424
    [P_RMESG2] => 
    [P_NOTI] => 
    [P_AUTH_NO] => 
)

 Array
(
    [PageCall time] => 13:17:45
    [P_TID] => INIMX_VBNKCAEcatca0720250414131450865934
    [P_MID] => CAEcatca07
    [P_AUTH_DT] => 20250414131745
    [P_STATUS] => 02
    [P_TYPE] => VBANK
    [P_OID] => 250414-010
    [P_FN_CD1] => 20
    [P_FN_CD2] => 
    [P_FN_NM] => 우리은행
    [P_AMT] => 3000
    [P_UNAME] => 라성연
    [P_RMESG1] => P_VACCT_NO=27389291118997|P_EXP_DT=20250424
    [P_RMESG2] => 
    [P_NOTI] => 
    [P_AUTH_NO] => 
)

 Array
(
    [PageCall time] => 13:54:54
    [P_TID] => INIMX_VBNKCAEcatca0720250414135328665713
    [P_MID] => CAEcatca07
    [P_AUTH_DT] => 20250414135454
    [P_STATUS] => 02
    [P_TYPE] => VBANK
    [P_OID] => 250414-013
    [P_FN_CD1] => 39
    [P_FN_CD2] => 
    [P_FN_NM] => 경남은행
    [P_AMT] => 3000
    [P_UNAME] => 안혜영
    [P_RMESG1] => P_VACCT_NO=573193272858|P_EXP_DT=20250424
    [P_RMESG2] => 
    [P_NOTI] => 
    [P_AUTH_NO] => 
)

 Array
(
    [PageCall time] => 13:58:38
    [P_TID] => INIMX_VBNKCAEcatca0720250412165853825413
    [P_MID] => CAEcatca07
    [P_AUTH_DT] => 20250414135838
    [P_STATUS] => 02
    [P_TYPE] => VBANK
    [P_OID] => 250412-003
    [P_FN_CD1] => 04
    [P_FN_CD2] => 
    [P_FN_NM] => KB국민은행
    [P_AMT] => 3000
    [P_UNAME] => 이주성
    [P_RMESG1] => P_VACCT_NO=26029078528892|P_EXP_DT=20250422
    [P_RMESG2] => 
    [P_NOTI] => 
    [P_AUTH_NO] => 
)

 Array
(
    [PageCall time] => 14:21:47
    [P_TID] => INIMX_VBNKCAEcatca0720250414141754405909
    [P_MID] => CAEcatca07
    [P_AUTH_DT] => 20250414142147
    [P_STATUS] => 02
    [P_TYPE] => VBANK
    [P_OID] => 250414-016
    [P_FN_CD1] => 20
    [P_FN_CD2] => 
    [P_FN_NM] => 우리은행
    [P_AMT] => 3000
    [P_UNAME] => 김은지
    [P_RMESG1] => P_VACCT_NO=27389298718921|P_EXP_DT=20250424
    [P_RMESG2] => 
    [P_NOTI] => 
    [P_AUTH_NO] => 
)

 Array
(
    [PageCall time] => 14:41:27
    [P_TID] => INIMX_VBNKCAEcatca0720250414143919215162
    [P_MID] => CAEcatca07
    [P_AUTH_DT] => 20250414144127
    [P_STATUS] => 02
    [P_TYPE] => VBANK
    [P_OID] => 250414-015
    [P_FN_CD1] => 11
    [P_FN_CD2] => 
    [P_FN_NM] => NH농협은행
    [P_AMT] => 3000
    [P_UNAME] => 최혜정
    [P_RMESG1] => P_VACCT_NO=79015900397825|P_EXP_DT=20250424
    [P_RMESG2] => 
    [P_NOTI] => 
    [P_AUTH_NO] => 
)

 Array
(
    [PageCall time] => 16:42:47
    [P_TID] => INIMX_VBNKCAEcatca0720250414164009515373
    [P_MID] => CAEcatca07
    [P_AUTH_DT] => 20250414164247
    [P_STATUS] => 02
    [P_TYPE] => VBANK
    [P_OID] => 250414-022
    [P_FN_CD1] => 03
    [P_FN_CD2] => 
    [P_FN_NM] => 기업은행
    [P_AMT] => 3000
    [P_UNAME] => 안성아
    [P_RMESG1] => P_VACCT_NO=07503246897106|P_EXP_DT=20250424
    [P_RMESG2] => 
    [P_NOTI] => 
    [P_AUTH_NO] => 
)

 Array
(
    [PageCall time] => 17:03:11
    [P_TID] => INIMX_VBNKCAEcatca0720250414170133485299
    [P_MID] => CAEcatca07
    [P_AUTH_DT] => 20250414170311
    [P_STATUS] => 02
    [P_TYPE] => VBANK
    [P_OID] => 250414-024
    [P_FN_CD1] => 11
    [P_FN_CD2] => 
    [P_FN_NM] => NH농협은행
    [P_AMT] => 3000
    [P_UNAME] => 이지영
    [P_RMESG1] => P_VACCT_NO=79015900430993|P_EXP_DT=20250424
    [P_RMESG2] => 
    [P_NOTI] => 
    [P_AUTH_NO] => 
)

 Array
(
    [PageCall time] => 17:05:21
    [P_TID] => INIMX_VBNKCAEcatca0720250414170424475204
    [P_MID] => CAEcatca07
    [P_AUTH_DT] => 20250414170520
    [P_STATUS] => 02
    [P_TYPE] => VBANK
    [P_OID] => 250326-002
    [P_FN_CD1] => 11
    [P_FN_CD2] => 
    [P_FN_NM] => NH농협은행
    [P_AMT] => 3000
    [P_UNAME] => 강수아
    [P_RMESG1] => P_VACCT_NO=79015900431493|P_EXP_DT=20250424
    [P_RMESG2] => 
    [P_NOTI] => 
    [P_AUTH_NO] => 
)

 Array
(
    [PageCall time] => 17:09:08
    [P_TID] => INIMX_VBNKCAEcatca0720250414170540675001
    [P_MID] => CAEcatca07
    [P_AUTH_DT] => 20250414170908
    [P_STATUS] => 02
    [P_TYPE] => VBANK
    [P_OID] => 250414-021
    [P_FN_CD1] => 88
    [P_FN_CD2] => 
    [P_FN_NM] => 신한은행
    [P_AMT] => 3000
    [P_UNAME] => 박희정
    [P_RMESG1] => P_VACCT_NO=56211104727335|P_EXP_DT=20250424
    [P_RMESG2] => 
    [P_NOTI] => 
    [P_AUTH_NO] => 
)

 Array
(
    [PageCall time] => 17:19:15
    [P_TID] => INIMX_VBNKCAEcatca0720250414170905745972
    [P_MID] => CAEcatca07
    [P_AUTH_DT] => 20250414171915
    [P_STATUS] => 02
    [P_TYPE] => VBANK
    [P_OID] => 250414-025
    [P_FN_CD1] => 20
    [P_FN_CD2] => 
    [P_FN_NM] => 우리은행
    [P_AMT] => 3000
    [P_UNAME] => 유미라
    [P_RMESG1] => P_VACCT_NO=27389316118313|P_EXP_DT=20250424
    [P_RMESG2] => 
    [P_NOTI] => 
    [P_AUTH_NO] => 
)

 Array
(
    [PageCall time] => 17:23:13
    [P_TID] => INIMX_VBNKCAEcatca0720250414172245585977
    [P_MID] => CAEcatca07
    [P_AUTH_DT] => 20250414172313
    [P_STATUS] => 02
    [P_TYPE] => VBANK
    [P_OID] => 250414-026
    [P_FN_CD1] => 11
    [P_FN_CD2] => 
    [P_FN_NM] => NH농협은행
    [P_AMT] => 3000
    [P_UNAME] => 오지혜
    [P_RMESG1] => P_VACCT_NO=79015900435516|P_EXP_DT=20250424
    [P_RMESG2] => 
    [P_NOTI] => 
    [P_AUTH_NO] => 
)

 Array
(
    [PageCall time] => 17:40:39
    [P_TID] => INIMX_VBNKCAEcatca0720250414173455415797
    [P_MID] => CAEcatca07
    [P_AUTH_DT] => 20250414174039
    [P_STATUS] => 02
    [P_TYPE] => VBANK
    [P_OID] => 250414-027
    [P_FN_CD1] => 03
    [P_FN_CD2] => 
    [P_FN_NM] => 기업은행
    [P_AMT] => 3000
    [P_UNAME] => 김봉자
    [P_RMESG1] => P_VACCT_NO=07503247397610|P_EXP_DT=20250424
    [P_RMESG2] => 
    [P_NOTI] => 
    [P_AUTH_NO] => 
)

 Array
(
    [PageCall time] => 17:46:13
    [P_TID] => INIMX_VBNKCAEcatca0720250414165522835610
    [P_MID] => CAEcatca07
    [P_AUTH_DT] => 20250414174613
    [P_STATUS] => 02
    [P_TYPE] => VBANK
    [P_OID] => 250414-023
    [P_FN_CD1] => 81
    [P_FN_CD2] => 
    [P_FN_NM] => 하나은행
    [P_AMT] => 3000
    [P_UNAME] => 김은아
    [P_RMESG1] => P_VACCT_NO=20893767357437|P_EXP_DT=20250424
    [P_RMESG2] => 
    [P_NOTI] => 
    [P_AUTH_NO] => 
)

 Array
(
    [PageCall time] => 18:45:21
    [P_TID] => INIMX_VBNKCAEcatca0720250414184247425527
    [P_MID] => CAEcatca07
    [P_AUTH_DT] => 20250414184521
    [P_STATUS] => 02
    [P_TYPE] => VBANK
    [P_OID] => 250414-029
    [P_FN_CD1] => 88
    [P_FN_CD2] => 
    [P_FN_NM] => 신한은행
    [P_AMT] => 3000
    [P_UNAME] => 우연희
    [P_RMESG1] => P_VACCT_NO=56211105307881|P_EXP_DT=20250424
    [P_RMESG2] => 
    [P_NOTI] => 
    [P_AUTH_NO] => 
)

 Array
(
    [PageCall time] => 21:17:30
    [P_TID] => INIMX_VBNKCAEcatca0720250414211646765814
    [P_MID] => CAEcatca07
    [P_AUTH_DT] => 20250414211730
    [P_STATUS] => 02
    [P_TYPE] => VBANK
    [P_OID] => 250414-020
    [P_FN_CD1] => 11
    [P_FN_CD2] => 
    [P_FN_NM] => NH농협은행
    [P_AMT] => 3000
    [P_UNAME] => 박주연
    [P_RMESG1] => P_VACCT_NO=79015900468352|P_EXP_DT=20250424
    [P_RMESG2] => 
    [P_NOTI] => 
    [P_AUTH_NO] => 
)

 Array
(
    [PageCall time] => 23:28:55
    [P_TID] => INIMX_VBNKCAEcatca0720250414232624995489
    [P_MID] => CAEcatca07
    [P_AUTH_DT] => 20250414232855
    [P_STATUS] => 02
    [P_TYPE] => VBANK
    [P_OID] => 250414-032
    [P_FN_CD1] => 81
    [P_FN_CD2] => 
    [P_FN_NM] => 하나은행
    [P_AMT] => 3000
    [P_UNAME] => 윤범영
    [P_RMESG1] => P_VACCT_NO=20893784286037|P_EXP_DT=20250424
    [P_RMESG2] => 
    [P_NOTI] => 
    [P_AUTH_NO] => 
)

