 Array
(
    [PageCall time] => 08:42:23
    [P_TID] => INIMX_VBNKCAEcatca0720250913084041485773
    [P_MID] => CAEcatca07
    [P_AUTH_DT] => 20250913084223
    [P_STATUS] => 02
    [P_TYPE] => VBANK
    [P_OID] => 250913-001
    [P_FN_CD1] => 11
    [P_FN_CD2] => 
    [P_FN_NM] => NH농협은행
    [P_AMT] => 3000
    [P_UNAME] => LEE EUN HYUNG
    [P_RMESG1] => P_VACCT_NO=79014505689266|P_EXP_DT=20250923
    [P_RMESG2] => 
    [P_NOTI] => 
    [P_AUTH_NO] => 
)

 Array
(
    [PageCall time] => 08:48:02
    [P_TID] => INIMX_VBNKCAEcatca0720250913084427325392
    [P_MID] => CAEcatca07
    [P_AUTH_DT] => 20250913084802
    [P_STATUS] => 02
    [P_TYPE] => VBANK
    [P_OID] => 250913-002
    [P_FN_CD1] => 04
    [P_FN_CD2] => 
    [P_FN_NM] => KB국민은행
    [P_AMT] => 3000
    [P_UNAME] => 이정민
    [P_RMESG1] => P_VACCT_NO=26119078069886|P_EXP_DT=20250923
    [P_RMESG2] => 
    [P_NOTI] => 
    [P_AUTH_NO] => 
)

 Array
(
    [PageCall time] => 16:57:01
    [P_TID] => INIMX_VBNKCAEcatca0720250913165415175955
    [P_MID] => CAEcatca07
    [P_AUTH_DT] => 20250913165701
    [P_STATUS] => 02
    [P_TYPE] => VBANK
    [P_OID] => 250913-003
    [P_FN_CD1] => 88
    [P_FN_CD2] => 
    [P_FN_NM] => 신한은행
    [P_AMT] => 3000
    [P_UNAME] => 장고옥
    [P_RMESG1] => P_VACCT_NO=56213170962537|P_EXP_DT=20250923
    [P_RMESG2] => 
    [P_NOTI] => 
    [P_AUTH_NO] => 
)

 Array
(
    [PageCall time] => 20:12:57
    [P_TID] => INIMX_VBNKCAEcatca0720250913201001715745
    [P_MID] => CAEcatca07
    [P_AUTH_DT] => 20250913201257
    [P_STATUS] => 02
    [P_TYPE] => VBANK
    [P_OID] => 250913-005
    [P_FN_CD1] => 89
    [P_FN_CD2] => 
    [P_FN_NM] => 케이뱅크
    [P_AMT] => 3000
    [P_UNAME] => 이동환
    [P_RMESG1] => P_VACCT_NO=70112003431093|P_EXP_DT=20250923
    [P_RMESG2] => 
    [P_NOTI] => 
    [P_AUTH_NO] => 
)

 Array
(
    [PageCall time] => 23:41:58
    [P_TID] => INIMX_VBNKCAEcatca0720250913233901185706
    [P_MID] => CAEcatca07
    [P_AUTH_DT] => 20250913234157
    [P_STATUS] => 02
    [P_TYPE] => VBANK
    [P_OID] => 250913-007
    [P_FN_CD1] => 04
    [P_FN_CD2] => 
    [P_FN_NM] => KB국민은행
    [P_AMT] => 3000
    [P_UNAME] => 최윤경
    [P_RMESG1] => P_VACCT_NO=88269011788561|P_EXP_DT=20250923
    [P_RMESG2] => 
    [P_NOTI] => 
    [P_AUTH_NO] => 
)

