 Array
(
    [PageCall time] => 06:27:14
    [P_TID] => INIMX_VBNKCAEcatca0720260128062439105418
    [P_MID] => CAEcatca07
    [P_AUTH_DT] => 20260128062714
    [P_STATUS] => 02
    [P_TYPE] => VBANK
    [P_OID] => 260128-001
    [P_FN_CD1] => 88
    [P_FN_CD2] => 
    [P_FN_NM] => 신한은행
    [P_AMT] => 3500
    [P_UNAME] => 홍윤석
    [P_RMESG1] => P_VACCT_NO=56211105423349|P_EXP_DT=20260207
    [P_RMESG2] => 
    [P_NOTI] => 
    [P_AUTH_NO] => 
)

 Array
(
    [PageCall time] => 09:11:47
    [P_TID] => INIMX_VBNKCAEcatca0720260128090849715297
    [P_MID] => CAEcatca07
    [P_AUTH_DT] => 20260128091147
    [P_STATUS] => 02
    [P_TYPE] => VBANK
    [P_OID] => 260128-004
    [P_FN_CD1] => 88
    [P_FN_CD2] => 
    [P_FN_NM] => 신한은행
    [P_AMT] => 3500
    [P_UNAME] => 김송이
    [P_RMESG1] => P_VACCT_NO=56211102820940|P_EXP_DT=20260207
    [P_RMESG2] => 
    [P_NOTI] => 
    [P_AUTH_NO] => 
)

 Array
(
    [PageCall time] => 10:36:04
    [P_TID] => INIMX_VBNKCAEcatca0720260128103150355449
    [P_MID] => CAEcatca07
    [P_AUTH_DT] => 20260128103604
    [P_STATUS] => 02
    [P_TYPE] => VBANK
    [P_OID] => 260128-008
    [P_FN_CD1] => 34
    [P_FN_CD2] => 
    [P_FN_NM] => 광주은행
    [P_AMT] => 3500
    [P_UNAME] => 정인영
    [P_RMESG1] => P_VACCT_NO=810865290091|P_EXP_DT=20260207
    [P_RMESG2] => 
    [P_NOTI] => 
    [P_AUTH_NO] => 
)

 Array
(
    [PageCall time] => 11:44:45
    [P_TID] => INIMX_VBNKCAEcatca0720260128114157455956
    [P_MID] => CAEcatca07
    [P_AUTH_DT] => 20260128114445
    [P_STATUS] => 02
    [P_TYPE] => VBANK
    [P_OID] => 260128-013
    [P_FN_CD1] => 04
    [P_FN_CD2] => 
    [P_FN_NM] => KB국민은행
    [P_AMT] => 3500
    [P_UNAME] => 임종태
    [P_RMESG1] => P_VACCT_NO=26159078416659|P_EXP_DT=20260207
    [P_RMESG2] => 
    [P_NOTI] => 
    [P_AUTH_NO] => 
)

 Array
(
    [PageCall time] => 14:57:08
    [P_TID] => INIMX_VBNKCAEcatca0720260128145354225536
    [P_MID] => CAEcatca07
    [P_AUTH_DT] => 20260128145708
    [P_STATUS] => 02
    [P_TYPE] => VBANK
    [P_OID] => 260128-021
    [P_FN_CD1] => 04
    [P_FN_CD2] => 
    [P_FN_NM] => KB국민은행
    [P_AMT] => 3500
    [P_UNAME] => 한소희
    [P_RMESG1] => P_VACCT_NO=26159078493595|P_EXP_DT=20260207
    [P_RMESG2] => 
    [P_NOTI] => 
    [P_AUTH_NO] => 
)

 Array
(
    [PageCall time] => 14:59:50
    [P_TID] => INIMX_VBNKCAEcatca0720260128144611885204
    [P_MID] => CAEcatca07
    [P_AUTH_DT] => 20260128145950
    [P_STATUS] => 02
    [P_TYPE] => VBANK
    [P_OID] => 260128-020
    [P_FN_CD1] => 81
    [P_FN_CD2] => 
    [P_FN_NM] => 하나은행
    [P_AMT] => 3500
    [P_UNAME] => 강미경
    [P_RMESG1] => P_VACCT_NO=20893984715437|P_EXP_DT=20260207
    [P_RMESG2] => 
    [P_NOTI] => 
    [P_AUTH_NO] => 
)

 Array
(
    [PageCall time] => 15:25:52
    [P_TID] => INIMX_VBNKCAEcatca0720260128150936895660
    [P_MID] => CAEcatca07
    [P_AUTH_DT] => 20260128152551
    [P_STATUS] => 02
    [P_TYPE] => VBANK
    [P_OID] => 260128-023
    [P_FN_CD1] => 89
    [P_FN_CD2] => 
    [P_FN_NM] => 케이뱅크
    [P_AMT] => 3500
    [P_UNAME] => 전나리
    [P_RMESG1] => P_VACCT_NO=70112003413807|P_EXP_DT=20260207
    [P_RMESG2] => 
    [P_NOTI] => 
    [P_AUTH_NO] => 
)

 Array
(
    [PageCall time] => 15:48:36
    [P_TID] => INIMX_VBNKCAEcatca0720260128154325745696
    [P_MID] => CAEcatca07
    [P_AUTH_DT] => 20260128154836
    [P_STATUS] => 02
    [P_TYPE] => VBANK
    [P_OID] => 260128-024
    [P_FN_CD1] => 31
    [P_FN_CD2] => 
    [P_FN_NM] => 아이엠뱅크(대구은행)
    [P_AMT] => 3500
    [P_UNAME] => 김철봉
    [P_RMESG1] => P_VACCT_NO=9600362697635|P_EXP_DT=20260207
    [P_RMESG2] => 
    [P_NOTI] => 
    [P_AUTH_NO] => 
)

 Array
(
    [PageCall time] => 17:15:40
    [P_TID] => INIMX_VBNKCAEcatca0720260128171313565111
    [P_MID] => CAEcatca07
    [P_AUTH_DT] => 20260128171540
    [P_STATUS] => 02
    [P_TYPE] => VBANK
    [P_OID] => 260128-027
    [P_FN_CD1] => 03
    [P_FN_CD2] => 
    [P_FN_NM] => 기업은행
    [P_AMT] => 3500
    [P_UNAME] => 김호범
    [P_RMESG1] => P_VACCT_NO=07502351997475|P_EXP_DT=20260207
    [P_RMESG2] => 
    [P_NOTI] => 
    [P_AUTH_NO] => 
)

 Array
(
    [PageCall time] => 18:15:52
    [P_TID] => INIMX_VBNKCAEcatca0720260128181214935012
    [P_MID] => CAEcatca07
    [P_AUTH_DT] => 20260128181552
    [P_STATUS] => 02
    [P_TYPE] => VBANK
    [P_OID] => 260128-029
    [P_FN_CD1] => 88
    [P_FN_CD2] => 
    [P_FN_NM] => 신한은행
    [P_AMT] => 3500
    [P_UNAME] => 김동식
    [P_RMESG1] => P_VACCT_NO=56211102880497|P_EXP_DT=20260207
    [P_RMESG2] => 
    [P_NOTI] => 
    [P_AUTH_NO] => 
)

 Array
(
    [PageCall time] => 18:24:41
    [P_TID] => INIMX_VBNKCAEcatca0720260128182350515023
    [P_MID] => CAEcatca07
    [P_AUTH_DT] => 20260128182441
    [P_STATUS] => 02
    [P_TYPE] => VBANK
    [P_OID] => 260128-025
    [P_FN_CD1] => 11
    [P_FN_CD2] => 
    [P_FN_NM] => NH농협은행
    [P_AMT] => 3500
    [P_UNAME] => 이신우
    [P_RMESG1] => P_VACCT_NO=79013683945564|P_EXP_DT=20260207
    [P_RMESG2] => 
    [P_NOTI] => 
    [P_AUTH_NO] => 
)

 Array
(
    [PageCall time] => 19:19:47
    [P_TID] => INIMX_VBNKCAEcatca0720260128191920845376
    [P_MID] => CAEcatca07
    [P_AUTH_DT] => 20260128191947
    [P_STATUS] => 02
    [P_TYPE] => VBANK
    [P_OID] => 260128-031
    [P_FN_CD1] => 11
    [P_FN_CD2] => 
    [P_FN_NM] => NH농협은행
    [P_AMT] => 3500
    [P_UNAME] => 노연실
    [P_RMESG1] => P_VACCT_NO=79013683950500|P_EXP_DT=20260207
    [P_RMESG2] => 
    [P_NOTI] => 
    [P_AUTH_NO] => 
)

 Array
(
    [PageCall time] => 22:05:08
    [P_TID] => INIMX_VBNKCAEcatca0720260128220225405914
    [P_MID] => CAEcatca07
    [P_AUTH_DT] => 20260128220508
    [P_STATUS] => 02
    [P_TYPE] => VBANK
    [P_OID] => 260128-032
    [P_FN_CD1] => 20
    [P_FN_CD2] => 
    [P_FN_NM] => 우리은행
    [P_AMT] => 3500
    [P_UNAME] => 김혜진
    [P_RMESG1] => P_VACCT_NO=27489977718496|P_EXP_DT=20260207
    [P_RMESG2] => 
    [P_NOTI] => 
    [P_AUTH_NO] => 
)

 Array
(
    [PageCall time] => 22:26:29
    [P_TID] => INIMX_VBNKCAEcatca0720260128222326335189
    [P_MID] => CAEcatca07
    [P_AUTH_DT] => 20260128222629
    [P_STATUS] => 02
    [P_TYPE] => VBANK
    [P_OID] => 260128-033
    [P_FN_CD1] => 04
    [P_FN_CD2] => 
    [P_FN_NM] => KB국민은행
    [P_AMT] => 3500
    [P_UNAME] => 강은정
    [P_RMESG1] => P_VACCT_NO=70149014564836|P_EXP_DT=20260207
    [P_RMESG2] => 
    [P_NOTI] => 
    [P_AUTH_NO] => 
)

