 Array
(
    [PageCall time] => 07:43:49
    [P_TID] => INIMX_VBNKCAEcatca0720251031074052445476
    [P_MID] => CAEcatca07
    [P_AUTH_DT] => 20251031074349
    [P_STATUS] => 02
    [P_TYPE] => VBANK
    [P_OID] => 251030-030
    [P_FN_CD1] => 89
    [P_FN_CD2] => 
    [P_FN_NM] => 케이뱅크
    [P_AMT] => 3000
    [P_UNAME] => 심광훙
    [P_RMESG1] => P_VACCT_NO=70112003725465|P_EXP_DT=20251110
    [P_RMESG2] => 
    [P_NOTI] => 
    [P_AUTH_NO] => 
)

 Array
(
    [PageCall time] => 07:57:51
    [P_TID] => INIMX_VBNKCAEcatca0720251031075715345833
    [P_MID] => CAEcatca07
    [P_AUTH_DT] => 20251031075751
    [P_STATUS] => 02
    [P_TYPE] => VBANK
    [P_OID] => 251031-001
    [P_FN_CD1] => 11
    [P_FN_CD2] => 
    [P_FN_NM] => NH농협은행
    [P_AMT] => 3000
    [P_UNAME] => 이진희
    [P_RMESG1] => P_VACCT_NO=79015900227671|P_EXP_DT=20251110
    [P_RMESG2] => 
    [P_NOTI] => 
    [P_AUTH_NO] => 
)

 Array
(
    [PageCall time] => 08:29:15
    [P_TID] => INIMX_VBNKCAEcatca0720251031082316675954
    [P_MID] => CAEcatca07
    [P_AUTH_DT] => 20251031082915
    [P_STATUS] => 02
    [P_TYPE] => VBANK
    [P_OID] => 251031-002
    [P_FN_CD1] => 03
    [P_FN_CD2] => 
    [P_FN_NM] => 기업은행
    [P_AMT] => 3000
    [P_UNAME] => 정현정
    [P_RMESG1] => P_VACCT_NO=07503274697777|P_EXP_DT=20251110
    [P_RMESG2] => 
    [P_NOTI] => 
    [P_AUTH_NO] => 
)

 Array
(
    [PageCall time] => 08:57:09
    [P_TID] => INIMX_VBNKCAEcatca0720251031085003505527
    [P_MID] => CAEcatca07
    [P_AUTH_DT] => 20251031085709
    [P_STATUS] => 02
    [P_TYPE] => VBANK
    [P_OID] => 251030-004
    [P_FN_CD1] => 04
    [P_FN_CD2] => 
    [P_FN_NM] => KB국민은행
    [P_AMT] => 3000
    [P_UNAME] => 배현주
    [P_RMESG1] => P_VACCT_NO=26029078949651|P_EXP_DT=20251110
    [P_RMESG2] => 
    [P_NOTI] => 
    [P_AUTH_NO] => 
)

 Array
(
    [PageCall time] => 09:51:37
    [P_TID] => INIMX_VBNKCAEcatca0720251031095023465750
    [P_MID] => CAEcatca07
    [P_AUTH_DT] => 20251031095137
    [P_STATUS] => 02
    [P_TYPE] => VBANK
    [P_OID] => 251031-004
    [P_FN_CD1] => 11
    [P_FN_CD2] => 
    [P_FN_NM] => NH농협은행
    [P_AMT] => 3000
    [P_UNAME] => 김부림
    [P_RMESG1] => P_VACCT_NO=79015900237421|P_EXP_DT=20251110
    [P_RMESG2] => 
    [P_NOTI] => 
    [P_AUTH_NO] => 
)

 Array
(
    [PageCall time] => 10:15:25
    [P_TID] => INIMX_VBNKCAEcatca0720251031101156605513
    [P_MID] => CAEcatca07
    [P_AUTH_DT] => 20251031101525
    [P_STATUS] => 02
    [P_TYPE] => VBANK
    [P_OID] => 251031-005
    [P_FN_CD1] => 04
    [P_FN_CD2] => 
    [P_FN_NM] => KB국민은행
    [P_AMT] => 3000
    [P_UNAME] => 정은숙
    [P_RMESG1] => P_VACCT_NO=26119078339235|P_EXP_DT=20251110
    [P_RMESG2] => 
    [P_NOTI] => 
    [P_AUTH_NO] => 
)

 Array
(
    [PageCall time] => 11:12:37
    [P_TID] => INIMX_VBNKCAEcatca0720251031110834275632
    [P_MID] => CAEcatca07
    [P_AUTH_DT] => 20251031111237
    [P_STATUS] => 02
    [P_TYPE] => VBANK
    [P_OID] => 251031-007
    [P_FN_CD1] => 89
    [P_FN_CD2] => 
    [P_FN_NM] => 케이뱅크
    [P_AMT] => 3000
    [P_UNAME] => 김신희
    [P_RMESG1] => P_VACCT_NO=70112003726585|P_EXP_DT=20251110
    [P_RMESG2] => 
    [P_NOTI] => 
    [P_AUTH_NO] => 
)

 Array
(
    [PageCall time] => 11:34:49
    [P_TID] => INIMX_VBNKCAEcatca0720251031113128755532
    [P_MID] => CAEcatca07
    [P_AUTH_DT] => 20251031113449
    [P_STATUS] => 02
    [P_TYPE] => VBANK
    [P_OID] => 251031-009
    [P_FN_CD1] => 88
    [P_FN_CD2] => 
    [P_FN_NM] => 신한은행
    [P_AMT] => 3000
    [P_UNAME] => 박성흥
    [P_RMESG1] => P_VACCT_NO=56211104670200|P_EXP_DT=20251110
    [P_RMESG2] => 
    [P_NOTI] => 
    [P_AUTH_NO] => 
)

 Array
(
    [PageCall time] => 12:06:40
    [P_TID] => INIMX_VBNKCAEcatca0720251031120235895653
    [P_MID] => CAEcatca07
    [P_AUTH_DT] => 20251031120639
    [P_STATUS] => 02
    [P_TYPE] => VBANK
    [P_OID] => 251031-010
    [P_FN_CD1] => 04
    [P_FN_CD2] => 
    [P_FN_NM] => KB국민은행
    [P_AMT] => 3000
    [P_UNAME] => 서민석
    [P_RMESG1] => P_VACCT_NO=41079011126878|P_EXP_DT=20251110
    [P_RMESG2] => 
    [P_NOTI] => 
    [P_AUTH_NO] => 
)

 Array
(
    [PageCall time] => 12:20:43
    [P_TID] => INIMX_VBNKCAEcatca0720251031121738905152
    [P_MID] => CAEcatca07
    [P_AUTH_DT] => 20251031122043
    [P_STATUS] => 02
    [P_TYPE] => VBANK
    [P_OID] => 251028-038
    [P_FN_CD1] => 88
    [P_FN_CD2] => 
    [P_FN_NM] => 신한은행
    [P_AMT] => 3000
    [P_UNAME] => 김해금
    [P_RMESG1] => P_VACCT_NO=56211104673770|P_EXP_DT=20251110
    [P_RMESG2] => 
    [P_NOTI] => 
    [P_AUTH_NO] => 
)

 Array
(
    [PageCall time] => 13:15:14
    [P_TID] => INIMX_VBNKCAEcatca0720251031131223375872
    [P_MID] => CAEcatca07
    [P_AUTH_DT] => 20251031131514
    [P_STATUS] => 02
    [P_TYPE] => VBANK
    [P_OID] => 251031-014
    [P_FN_CD1] => 88
    [P_FN_CD2] => 
    [P_FN_NM] => 신한은행
    [P_AMT] => 3000
    [P_UNAME] => 김재형
    [P_RMESG1] => P_VACCT_NO=56211104676354|P_EXP_DT=20251110
    [P_RMESG2] => 
    [P_NOTI] => 
    [P_AUTH_NO] => 
)

 Array
(
    [PageCall time] => 13:27:50
    [P_TID] => INIMX_VBNKCAEcatca0720251031132412285326
    [P_MID] => CAEcatca07
    [P_AUTH_DT] => 20251031132750
    [P_STATUS] => 02
    [P_TYPE] => VBANK
    [P_OID] => 251031-016
    [P_FN_CD1] => 04
    [P_FN_CD2] => 
    [P_FN_NM] => KB국민은행
    [P_AMT] => 3000
    [P_UNAME] => 정경숙
    [P_RMESG1] => P_VACCT_NO=42089011606199|P_EXP_DT=20251110
    [P_RMESG2] => 
    [P_NOTI] => 
    [P_AUTH_NO] => 
)

 Array
(
    [PageCall time] => 13:33:38
    [P_TID] => INIMX_VBNKCAEcatca0720251031132955875850
    [P_MID] => CAEcatca07
    [P_AUTH_DT] => 20251031133338
    [P_STATUS] => 02
    [P_TYPE] => VBANK
    [P_OID] => 251031-018
    [P_FN_CD1] => 04
    [P_FN_CD2] => 
    [P_FN_NM] => KB국민은행
    [P_AMT] => 3000
    [P_UNAME] => 신옥희
    [P_RMESG1] => P_VACCT_NO=42089011627220|P_EXP_DT=20251110
    [P_RMESG2] => 
    [P_NOTI] => 
    [P_AUTH_NO] => 
)

 Array
(
    [PageCall time] => 13:51:28
    [P_TID] => INIMX_VBNKCAEcatca0720251031134720845922
    [P_MID] => CAEcatca07
    [P_AUTH_DT] => 20251031135128
    [P_STATUS] => 02
    [P_TYPE] => VBANK
    [P_OID] => 251031-020
    [P_FN_CD1] => 88
    [P_FN_CD2] => 
    [P_FN_NM] => 신한은행
    [P_AMT] => 3000
    [P_UNAME] => 주영남
    [P_RMESG1] => P_VACCT_NO=56211104679090|P_EXP_DT=20251110
    [P_RMESG2] => 
    [P_NOTI] => 
    [P_AUTH_NO] => 
)

 Array
(
    [PageCall time] => 15:21:51
    [P_TID] => INIMX_VBNKCAEcatca0720251031151902665706
    [P_MID] => CAEcatca07
    [P_AUTH_DT] => 20251031152151
    [P_STATUS] => 02
    [P_TYPE] => VBANK
    [P_OID] => 251031-023
    [P_FN_CD1] => 89
    [P_FN_CD2] => 
    [P_FN_NM] => 케이뱅크
    [P_AMT] => 3000
    [P_UNAME] => 김민정
    [P_RMESG1] => P_VACCT_NO=70112003729045|P_EXP_DT=20251110
    [P_RMESG2] => 
    [P_NOTI] => 
    [P_AUTH_NO] => 
)

 Array
(
    [PageCall time] => 16:05:08
    [P_TID] => INIMX_VBNKCAEcatca0720251031160237105666
    [P_MID] => CAEcatca07
    [P_AUTH_DT] => 20251031160508
    [P_STATUS] => 02
    [P_TYPE] => VBANK
    [P_OID] => 251031-025
    [P_FN_CD1] => 03
    [P_FN_CD2] => 
    [P_FN_NM] => 기업은행
    [P_AMT] => 3000
    [P_UNAME] => 김송이
    [P_RMESG1] => P_VACCT_NO=07503281597353|P_EXP_DT=20251110
    [P_RMESG2] => 
    [P_NOTI] => 
    [P_AUTH_NO] => 
)

 Array
(
    [PageCall time] => 16:37:00
    [P_TID] => INIMX_VBNKCAEcatca0720251031163430895353
    [P_MID] => CAEcatca07
    [P_AUTH_DT] => 20251031163659
    [P_STATUS] => 02
    [P_TYPE] => VBANK
    [P_OID] => 251030-031
    [P_FN_CD1] => 88
    [P_FN_CD2] => 
    [P_FN_NM] => 신한은행
    [P_AMT] => 3000
    [P_UNAME] => 현한결
    [P_RMESG1] => P_VACCT_NO=56211104697520|P_EXP_DT=20251110
    [P_RMESG2] => 
    [P_NOTI] => 
    [P_AUTH_NO] => 
)

 Array
(
    [PageCall time] => 16:47:28
    [P_TID] => INIMX_VBNKCAEcatca0720251031164649465942
    [P_MID] => CAEcatca07
    [P_AUTH_DT] => 20251031164728
    [P_STATUS] => 02
    [P_TYPE] => VBANK
    [P_OID] => 251031-029
    [P_FN_CD1] => 11
    [P_FN_CD2] => 
    [P_FN_NM] => NH농협은행
    [P_AMT] => 3000
    [P_UNAME] => 김범준
    [P_RMESG1] => P_VACCT_NO=79015900296761|P_EXP_DT=20251110
    [P_RMESG2] => 
    [P_NOTI] => 
    [P_AUTH_NO] => 
)

 Array
(
    [PageCall time] => 17:46:25
    [P_TID] => INIMX_VBNKCAEcatca0720251031174231665422
    [P_MID] => CAEcatca07
    [P_AUTH_DT] => 20251031174625
    [P_STATUS] => 02
    [P_TYPE] => VBANK
    [P_OID] => 251030-025
    [P_FN_CD1] => 04
    [P_FN_CD2] => 
    [P_FN_NM] => KB국민은행
    [P_AMT] => 3000
    [P_UNAME] => 최효주
    [P_RMESG1] => P_VACCT_NO=99289014320810|P_EXP_DT=20251110
    [P_RMESG2] => 
    [P_NOTI] => 
    [P_AUTH_NO] => 
)

 Array
(
    [PageCall time] => 18:16:58
    [P_TID] => INIMX_VBNKCAEcatca0720251031181407205042
    [P_MID] => CAEcatca07
    [P_AUTH_DT] => 20251031181658
    [P_STATUS] => 02
    [P_TYPE] => VBANK
    [P_OID] => 251031-033
    [P_FN_CD1] => 03
    [P_FN_CD2] => 
    [P_FN_NM] => 기업은행
    [P_AMT] => 3000
    [P_UNAME] => 박영찬
    [P_RMESG1] => P_VACCT_NO=07503287697271|P_EXP_DT=20251110
    [P_RMESG2] => 
    [P_NOTI] => 
    [P_AUTH_NO] => 
)

 Array
(
    [PageCall time] => 18:46:03
    [P_TID] => INIMX_VBNKCAEcatca0720251031184231765262
    [P_MID] => CAEcatca07
    [P_AUTH_DT] => 20251031184603
    [P_STATUS] => 02
    [P_TYPE] => VBANK
    [P_OID] => 251031-034
    [P_FN_CD1] => 89
    [P_FN_CD2] => 
    [P_FN_NM] => 케이뱅크
    [P_AMT] => 3000
    [P_UNAME] => 조이현
    [P_RMESG1] => P_VACCT_NO=70112003731714|P_EXP_DT=20251110
    [P_RMESG2] => 
    [P_NOTI] => 
    [P_AUTH_NO] => 
)

 Array
(
    [PageCall time] => 19:26:21
    [P_TID] => INIMX_VBNKCAEcatca0720251031192432715395
    [P_MID] => CAEcatca07
    [P_AUTH_DT] => 20251031192621
    [P_STATUS] => 02
    [P_TYPE] => VBANK
    [P_OID] => 251031-013
    [P_FN_CD1] => 11
    [P_FN_CD2] => 
    [P_FN_NM] => NH농협은행
    [P_AMT] => 3000
    [P_UNAME] => 이상복
    [P_RMESG1] => P_VACCT_NO=79015900316965|P_EXP_DT=20251110
    [P_RMESG2] => 
    [P_NOTI] => 
    [P_AUTH_NO] => 
)

 Array
(
    [PageCall time] => 20:28:14
    [P_TID] => INIMX_VBNKCAEcatca0720251031202552735969
    [P_MID] => CAEcatca07
    [P_AUTH_DT] => 20251031202814
    [P_STATUS] => 02
    [P_TYPE] => VBANK
    [P_OID] => 251031-035
    [P_FN_CD1] => 88
    [P_FN_CD2] => 
    [P_FN_NM] => 신한은행
    [P_AMT] => 3000
    [P_UNAME] => 조미애
    [P_RMESG1] => P_VACCT_NO=56211104712105|P_EXP_DT=20251110
    [P_RMESG2] => 
    [P_NOTI] => 
    [P_AUTH_NO] => 
)

 Array
(
    [PageCall time] => 21:38:19
    [P_TID] => INIMX_VBNKCAEcatca0720251031213522405356
    [P_MID] => CAEcatca07
    [P_AUTH_DT] => 20251031213819
    [P_STATUS] => 02
    [P_TYPE] => VBANK
    [P_OID] => 251031-037
    [P_FN_CD1] => 20
    [P_FN_CD2] => 
    [P_FN_NM] => 우리은행
    [P_AMT] => 3000
    [P_UNAME] => 정세웅
    [P_RMESG1] => P_VACCT_NO=27762994618255|P_EXP_DT=20251110
    [P_RMESG2] => 
    [P_NOTI] => 
    [P_AUTH_NO] => 
)

