 Array
(
    [PageCall time] => 01:06:42
    [P_TID] => INIMX_VBNKCAEcatca0720260204010537185973
    [P_MID] => CAEcatca07
    [P_AUTH_DT] => 20260204010642
    [P_STATUS] => 02
    [P_TYPE] => VBANK
    [P_OID] => 260204-001
    [P_FN_CD1] => 11
    [P_FN_CD2] => 
    [P_FN_NM] => NH농협은행
    [P_AMT] => 3500
    [P_UNAME] => 이재권
    [P_RMESG1] => P_VACCT_NO=79013684570527|P_EXP_DT=20260214
    [P_RMESG2] => 
    [P_NOTI] => 
    [P_AUTH_NO] => 
)

 Array
(
    [PageCall time] => 09:43:03
    [P_TID] => INIMX_VBNKCAEcatca0720260204074218265609
    [P_MID] => CAEcatca07
    [P_AUTH_DT] => 20260204094303
    [P_STATUS] => 02
    [P_TYPE] => VBANK
    [P_OID] => 260130-002
    [P_FN_CD1] => 88
    [P_FN_CD2] => 
    [P_FN_NM] => 신한은행
    [P_AMT] => 3500
    [P_UNAME] => 강명규
    [P_RMESG1] => P_VACCT_NO=56211102882134|P_EXP_DT=20260214
    [P_RMESG2] => 
    [P_NOTI] => 
    [P_AUTH_NO] => 
)

 Array
(
    [PageCall time] => 09:48:58
    [P_TID] => INIMX_VBNKCAEcatca0720260204094626855430
    [P_MID] => CAEcatca07
    [P_AUTH_DT] => 20260204094858
    [P_STATUS] => 02
    [P_TYPE] => VBANK
    [P_OID] => 260204-002
    [P_FN_CD1] => 88
    [P_FN_CD2] => 
    [P_FN_NM] => 신한은행
    [P_AMT] => 3500
    [P_UNAME] => 신수경
    [P_RMESG1] => P_VACCT_NO=56211103141786|P_EXP_DT=20260214
    [P_RMESG2] => 
    [P_NOTI] => 
    [P_AUTH_NO] => 
)

 Array
(
    [PageCall time] => 10:20:53
    [P_TID] => INIMX_VBNKCAEcatca0720260204101419455028
    [P_MID] => CAEcatca07
    [P_AUTH_DT] => 20260204102053
    [P_STATUS] => 02
    [P_TYPE] => VBANK
    [P_OID] => 260204-005
    [P_FN_CD1] => 88
    [P_FN_CD2] => 
    [P_FN_NM] => 신한은행
    [P_AMT] => 3500
    [P_UNAME] => 김선희
    [P_RMESG1] => P_VACCT_NO=56211103146188|P_EXP_DT=20260214
    [P_RMESG2] => 
    [P_NOTI] => 
    [P_AUTH_NO] => 
)

 Array
(
    [PageCall time] => 10:23:03
    [P_TID] => INIMX_VBNKCAEcatca0720260204102026805011
    [P_MID] => CAEcatca07
    [P_AUTH_DT] => 20260204102302
    [P_STATUS] => 02
    [P_TYPE] => VBANK
    [P_OID] => 260204-007
    [P_FN_CD1] => 04
    [P_FN_CD2] => 
    [P_FN_NM] => KB국민은행
    [P_AMT] => 3500
    [P_UNAME] => 김기웅
    [P_RMESG1] => P_VACCT_NO=88009011475634|P_EXP_DT=20260214
    [P_RMESG2] => 
    [P_NOTI] => 
    [P_AUTH_NO] => 
)

 Array
(
    [PageCall time] => 10:42:02
    [P_TID] => INIMX_VBNKCAEcatca0720260204103831685671
    [P_MID] => CAEcatca07
    [P_AUTH_DT] => 20260204104202
    [P_STATUS] => 02
    [P_TYPE] => VBANK
    [P_OID] => 260204-010
    [P_FN_CD1] => 88
    [P_FN_CD2] => 
    [P_FN_NM] => 신한은행
    [P_AMT] => 3500
    [P_UNAME] => 공신혜
    [P_RMESG1] => P_VACCT_NO=56211103149523|P_EXP_DT=20260214
    [P_RMESG2] => 
    [P_NOTI] => 
    [P_AUTH_NO] => 
)

 Array
(
    [PageCall time] => 11:25:08
    [P_TID] => INIMX_VBNKCAEcatca0720260204112219854510
    [P_MID] => CAEcatca07
    [P_AUTH_DT] => 20260204112508
    [P_STATUS] => 02
    [P_TYPE] => VBANK
    [P_OID] => 260204-011
    [P_FN_CD1] => 04
    [P_FN_CD2] => 
    [P_FN_NM] => KB국민은행
    [P_AMT] => 3500
    [P_UNAME] => 이은수
    [P_RMESG1] => P_VACCT_NO=00159071125424|P_EXP_DT=20260214
    [P_RMESG2] => 
    [P_NOTI] => 
    [P_AUTH_NO] => 
)

 Array
(
    [PageCall time] => 14:53:39
    [P_TID] => INIMX_VBNKCAEcatca0720260204145046224510
    [P_MID] => CAEcatca07
    [P_AUTH_DT] => 20260204145339
    [P_STATUS] => 02
    [P_TYPE] => VBANK
    [P_OID] => 260204-019
    [P_FN_CD1] => 03
    [P_FN_CD2] => 
    [P_FN_NM] => 기업은행
    [P_AMT] => 3500
    [P_UNAME] => 강미숙
    [P_RMESG1] => P_VACCT_NO=07500569397742|P_EXP_DT=20260214
    [P_RMESG2] => 
    [P_NOTI] => 
    [P_AUTH_NO] => 
)

 Array
(
    [PageCall time] => 15:30:37
    [P_TID] => INIMX_VBNKCAEcatca0720260204152754164824
    [P_MID] => CAEcatca07
    [P_AUTH_DT] => 20260204153037
    [P_STATUS] => 02
    [P_TYPE] => VBANK
    [P_OID] => 260204-022
    [P_FN_CD1] => 20
    [P_FN_CD2] => 
    [P_FN_NM] => 우리은행
    [P_AMT] => 3500
    [P_UNAME] => 서우영
    [P_RMESG1] => P_VACCT_NO=27204945218355|P_EXP_DT=20260214
    [P_RMESG2] => 
    [P_NOTI] => 
    [P_AUTH_NO] => 
)

 Array
(
    [PageCall time] => 15:58:38
    [P_TID] => INIMX_VBNKCAEcatca0720260204155550244536
    [P_MID] => CAEcatca07
    [P_AUTH_DT] => 20260204155838
    [P_STATUS] => 02
    [P_TYPE] => VBANK
    [P_OID] => 260204-023
    [P_FN_CD1] => 03
    [P_FN_CD2] => 
    [P_FN_NM] => 기업은행
    [P_AMT] => 3500
    [P_UNAME] => 이수진
    [P_RMESG1] => P_VACCT_NO=07500569597231|P_EXP_DT=20260214
    [P_RMESG2] => 
    [P_NOTI] => 
    [P_AUTH_NO] => 
)

 Array
(
    [PageCall time] => 16:28:07
    [P_TID] => INIMX_VBNKCAEcatca0720260204162516124885
    [P_MID] => CAEcatca07
    [P_AUTH_DT] => 20260204162807
    [P_STATUS] => 02
    [P_TYPE] => VBANK
    [P_OID] => 260204-024
    [P_FN_CD1] => 04
    [P_FN_CD2] => 
    [P_FN_NM] => KB국민은행
    [P_AMT] => 3500
    [P_UNAME] => 이은우
    [P_RMESG1] => P_VACCT_NO=00159071141857|P_EXP_DT=20260214
    [P_RMESG2] => 
    [P_NOTI] => 
    [P_AUTH_NO] => 
)

 Array
(
    [PageCall time] => 17:04:28
    [P_TID] => INIMX_VBNKCAEcatca0720260204170311435680
    [P_MID] => CAEcatca07
    [P_AUTH_DT] => 20260204170428
    [P_STATUS] => 02
    [P_TYPE] => VBANK
    [P_OID] => 260204-026
    [P_FN_CD1] => 11
    [P_FN_CD2] => 
    [P_FN_NM] => NH농협은행
    [P_AMT] => 3500
    [P_UNAME] => 권혁윤
    [P_RMESG1] => P_VACCT_NO=79013684681763|P_EXP_DT=20260214
    [P_RMESG2] => 
    [P_NOTI] => 
    [P_AUTH_NO] => 
)

 Array
(
    [PageCall time] => 17:08:34
    [P_TID] => INIMX_VBNKCAEcatca0720260204170354245713
    [P_MID] => CAEcatca07
    [P_AUTH_DT] => 20260204170834
    [P_STATUS] => 02
    [P_TYPE] => VBANK
    [P_OID] => 260203-041
    [P_FN_CD1] => 04
    [P_FN_CD2] => 
    [P_FN_NM] => KB국민은행
    [P_AMT] => 3500
    [P_UNAME] => 김재선
    [P_RMESG1] => P_VACCT_NO=70189014050773|P_EXP_DT=20260214
    [P_RMESG2] => 
    [P_NOTI] => 
    [P_AUTH_NO] => 
)

 Array
(
    [PageCall time] => 17:15:57
    [P_TID] => INIMX_VBNKCAEcatca0720260204171255215108
    [P_MID] => CAEcatca07
    [P_AUTH_DT] => 20260204171557
    [P_STATUS] => 02
    [P_TYPE] => VBANK
    [P_OID] => 260204-028
    [P_FN_CD1] => 03
    [P_FN_CD2] => 
    [P_FN_NM] => 기업은행
    [P_AMT] => 3500
    [P_UNAME] => 반승희
    [P_RMESG1] => P_VACCT_NO=07502390897539|P_EXP_DT=20260214
    [P_RMESG2] => 
    [P_NOTI] => 
    [P_AUTH_NO] => 
)

 Array
(
    [PageCall time] => 17:20:58
    [P_TID] => INIMX_VBNKCAEcatca0720260204171735665777
    [P_MID] => CAEcatca07
    [P_AUTH_DT] => 20260204172058
    [P_STATUS] => 02
    [P_TYPE] => VBANK
    [P_OID] => 260204-029
    [P_FN_CD1] => 88
    [P_FN_CD2] => 
    [P_FN_NM] => 신한은행
    [P_AMT] => 3500
    [P_UNAME] => 정선이
    [P_RMESG1] => P_VACCT_NO=56211103192060|P_EXP_DT=20260214
    [P_RMESG2] => 
    [P_NOTI] => 
    [P_AUTH_NO] => 
)

 Array
(
    [PageCall time] => 19:21:14
    [P_TID] => INIMX_VBNKCAEcatca0720260204191816894145
    [P_MID] => CAEcatca07
    [P_AUTH_DT] => 20260204192114
    [P_STATUS] => 02
    [P_TYPE] => VBANK
    [P_OID] => 260204-032
    [P_FN_CD1] => 20
    [P_FN_CD2] => 
    [P_FN_NM] => 우리은행
    [P_AMT] => 3500
    [P_UNAME] => 장윤희
    [P_RMESG1] => P_VACCT_NO=27204950118352|P_EXP_DT=20260214
    [P_RMESG2] => 
    [P_NOTI] => 
    [P_AUTH_NO] => 
)

 Array
(
    [PageCall time] => 20:28:19
    [P_TID] => INIMX_VBNKCAEcatca0720260204202536804432
    [P_MID] => CAEcatca07
    [P_AUTH_DT] => 20260204202819
    [P_STATUS] => 02
    [P_TYPE] => VBANK
    [P_OID] => 260203-049
    [P_FN_CD1] => 04
    [P_FN_CD2] => 
    [P_FN_NM] => KB국민은행
    [P_AMT] => 3500
    [P_UNAME] => 김민경
    [P_RMESG1] => P_VACCT_NO=00159071150840|P_EXP_DT=20260214
    [P_RMESG2] => 
    [P_NOTI] => 
    [P_AUTH_NO] => 
)

 Array
(
    [PageCall time] => 20:36:16
    [P_TID] => INIMX_VBNKCAEcatca0720260204203333274295
    [P_MID] => CAEcatca07
    [P_AUTH_DT] => 20260204203616
    [P_STATUS] => 02
    [P_TYPE] => VBANK
    [P_OID] => 260204-033
    [P_FN_CD1] => 81
    [P_FN_CD2] => 
    [P_FN_NM] => 하나은행
    [P_AMT] => 3500
    [P_UNAME] => 빈수현
    [P_RMESG1] => P_VACCT_NO=20894225206737|P_EXP_DT=20260214
    [P_RMESG2] => 
    [P_NOTI] => 
    [P_AUTH_NO] => 
)

 Array
(
    [PageCall time] => 20:41:17
    [P_TID] => INIMX_VBNKCAEcatca0720260204203804404236
    [P_MID] => CAEcatca07
    [P_AUTH_DT] => 20260204204117
    [P_STATUS] => 02
    [P_TYPE] => VBANK
    [P_OID] => 260204-034
    [P_FN_CD1] => 88
    [P_FN_CD2] => 
    [P_FN_NM] => 신한은행
    [P_AMT] => 3500
    [P_UNAME] => 김유순
    [P_RMESG1] => P_VACCT_NO=56211123722830|P_EXP_DT=20260214
    [P_RMESG2] => 
    [P_NOTI] => 
    [P_AUTH_NO] => 
)

 Array
(
    [PageCall time] => 21:08:15
    [P_TID] => INIMX_VBNKCAEcatca0720260204210701944970
    [P_MID] => CAEcatca07
    [P_AUTH_DT] => 20260204210815
    [P_STATUS] => 02
    [P_TYPE] => VBANK
    [P_OID] => 260204-036
    [P_FN_CD1] => 11
    [P_FN_CD2] => 
    [P_FN_NM] => NH농협은행
    [P_AMT] => 3500
    [P_UNAME] => 김수정
    [P_RMESG1] => P_VACCT_NO=79006425418241|P_EXP_DT=20260214
    [P_RMESG2] => 
    [P_NOTI] => 
    [P_AUTH_NO] => 
)

 Array
(
    [PageCall time] => 21:50:28
    [P_TID] => INIMX_VBNKCAEcatca0720260204214744784182
    [P_MID] => CAEcatca07
    [P_AUTH_DT] => 20260204215028
    [P_STATUS] => 02
    [P_TYPE] => VBANK
    [P_OID] => 260204-037
    [P_FN_CD1] => 03
    [P_FN_CD2] => 
    [P_FN_NM] => 기업은행
    [P_AMT] => 3500
    [P_UNAME] => 유홍식
    [P_RMESG1] => P_VACCT_NO=07500570097396|P_EXP_DT=20260214
    [P_RMESG2] => 
    [P_NOTI] => 
    [P_AUTH_NO] => 
)

 Array
(
    [PageCall time] => 22:20:32
    [P_TID] => INIMX_VBNKCAEcatca0720260204221709264406
    [P_MID] => CAEcatca07
    [P_AUTH_DT] => 20260204222032
    [P_STATUS] => 02
    [P_TYPE] => VBANK
    [P_OID] => 260204-038
    [P_FN_CD1] => 81
    [P_FN_CD2] => 
    [P_FN_NM] => 하나은행
    [P_AMT] => 3500
    [P_UNAME] => 김경일
    [P_RMESG1] => P_VACCT_NO=20894225388637|P_EXP_DT=20260214
    [P_RMESG2] => 
    [P_NOTI] => 
    [P_AUTH_NO] => 
)

