 Array
(
    [PageCall time] => 10:04:54
    [P_TID] => INIMX_VBNKCAEcatca0720250614100335885436
    [P_MID] => CAEcatca07
    [P_AUTH_DT] => 20250614100454
    [P_STATUS] => 02
    [P_TYPE] => VBANK
    [P_OID] => 250614-002
    [P_FN_CD1] => 04
    [P_FN_CD2] => 
    [P_FN_NM] => KB국민은행
    [P_AMT] => 3000
    [P_UNAME] => 황중환
    [P_RMESG1] => P_VACCT_NO=53209079357046|P_EXP_DT=20250624
    [P_RMESG2] => 
    [P_NOTI] => 
    [P_AUTH_NO] => 
)

 Array
(
    [PageCall time] => 10:09:42
    [P_TID] => INIMX_VBNKCAEcatca0720250614100816245480
    [P_MID] => CAEcatca07
    [P_AUTH_DT] => 20250614100942
    [P_STATUS] => 02
    [P_TYPE] => VBANK
    [P_OID] => 250614-001
    [P_FN_CD1] => 23
    [P_FN_CD2] => 
    [P_FN_NM] => SC은행
    [P_AMT] => 3000
    [P_UNAME] => 김정수
    [P_RMESG1] => P_VACCT_NO=46416006213689|P_EXP_DT=20250624
    [P_RMESG2] => 
    [P_NOTI] => 
    [P_AUTH_NO] => 
)

 Array
(
    [PageCall time] => 10:24:30
    [P_TID] => INIMX_VBNKCAEcatca0720250614102138815474
    [P_MID] => CAEcatca07
    [P_AUTH_DT] => 20250614102430
    [P_STATUS] => 02
    [P_TYPE] => VBANK
    [P_OID] => 250614-003
    [P_FN_CD1] => 89
    [P_FN_CD2] => 
    [P_FN_NM] => 케이뱅크
    [P_AMT] => 3000
    [P_UNAME] => 박준호
    [P_RMESG1] => P_VACCT_NO=70112003754386|P_EXP_DT=20250624
    [P_RMESG2] => 
    [P_NOTI] => 
    [P_AUTH_NO] => 
)

 Array
(
    [PageCall time] => 12:48:49
    [P_TID] => INIMX_VBNKCAEcatca0720250614124610865077
    [P_MID] => CAEcatca07
    [P_AUTH_DT] => 20250614124849
    [P_STATUS] => 02
    [P_TYPE] => VBANK
    [P_OID] => 250614-005
    [P_FN_CD1] => 04
    [P_FN_CD2] => 
    [P_FN_NM] => KB국민은행
    [P_AMT] => 3000
    [P_UNAME] => 이영숙
    [P_RMESG1] => P_VACCT_NO=29419079128722|P_EXP_DT=20250624
    [P_RMESG2] => 
    [P_NOTI] => 
    [P_AUTH_NO] => 
)

 Array
(
    [PageCall time] => 16:50:28
    [P_TID] => INIMX_VBNKCAEcatca0720250614164742895854
    [P_MID] => CAEcatca07
    [P_AUTH_DT] => 20250614165028
    [P_STATUS] => 02
    [P_TYPE] => VBANK
    [P_OID] => 250614-007
    [P_FN_CD1] => 88
    [P_FN_CD2] => 
    [P_FN_NM] => 신한은행
    [P_AMT] => 3000
    [P_UNAME] => 강소영
    [P_RMESG1] => P_VACCT_NO=56211104681479|P_EXP_DT=20250624
    [P_RMESG2] => 
    [P_NOTI] => 
    [P_AUTH_NO] => 
)

 Array
(
    [PageCall time] => 18:38:09
    [P_TID] => INIMX_VBNKCAEcatca0720250614183542875092
    [P_MID] => CAEcatca07
    [P_AUTH_DT] => 20250614183808
    [P_STATUS] => 02
    [P_TYPE] => VBANK
    [P_OID] => 250614-008
    [P_FN_CD1] => 03
    [P_FN_CD2] => 
    [P_FN_NM] => 기업은행
    [P_AMT] => 3000
    [P_UNAME] => 고기쁨
    [P_RMESG1] => P_VACCT_NO=07503235697617|P_EXP_DT=20250624
    [P_RMESG2] => 
    [P_NOTI] => 
    [P_AUTH_NO] => 
)

 Array
(
    [PageCall time] => 19:54:25
    [P_TID] => INIMX_VBNKCAEcatca0720250614195330125628
    [P_MID] => CAEcatca07
    [P_AUTH_DT] => 20250614195425
    [P_STATUS] => 02
    [P_TYPE] => VBANK
    [P_OID] => 250614-009
    [P_FN_CD1] => 04
    [P_FN_CD2] => 
    [P_FN_NM] => KB국민은행
    [P_AMT] => 3000
    [P_UNAME] => 오승연
    [P_RMESG1] => P_VACCT_NO=39319011551405|P_EXP_DT=20250624
    [P_RMESG2] => 
    [P_NOTI] => 
    [P_AUTH_NO] => 
)

 Array
(
    [PageCall time] => 20:12:55
    [P_TID] => INIMX_VBNKCAEcatca0720250614201021365590
    [P_MID] => CAEcatca07
    [P_AUTH_DT] => 20250614201255
    [P_STATUS] => 02
    [P_TYPE] => VBANK
    [P_OID] => 250614-011
    [P_FN_CD1] => 81
    [P_FN_CD2] => 
    [P_FN_NM] => 하나은행
    [P_AMT] => 3000
    [P_UNAME] => 이주은
    [P_RMESG1] => P_VACCT_NO=20894088001637|P_EXP_DT=20250624
    [P_RMESG2] => 
    [P_NOTI] => 
    [P_AUTH_NO] => 
)

 Array
(
    [PageCall time] => 20:39:04
    [P_TID] => INIMX_VBNKCAEcatca0720250614203623425187
    [P_MID] => CAEcatca07
    [P_AUTH_DT] => 20250614203904
    [P_STATUS] => 02
    [P_TYPE] => VBANK
    [P_OID] => 250614-010
    [P_FN_CD1] => 88
    [P_FN_CD2] => 
    [P_FN_NM] => 신한은행
    [P_AMT] => 3000
    [P_UNAME] => 이정은
    [P_RMESG1] => P_VACCT_NO=56211104690715|P_EXP_DT=20250624
    [P_RMESG2] => 
    [P_NOTI] => 
    [P_AUTH_NO] => 
)

 Array
(
    [PageCall time] => 21:00:06
    [P_TID] => INIMX_VBNKCAEcatca0720250614205827995662
    [P_MID] => CAEcatca07
    [P_AUTH_DT] => 20250614210006
    [P_STATUS] => 02
    [P_TYPE] => VBANK
    [P_OID] => 250614-012
    [P_FN_CD1] => 04
    [P_FN_CD2] => 
    [P_FN_NM] => KB국민은행
    [P_AMT] => 3000
    [P_UNAME] => 이화경
    [P_RMESG1] => P_VACCT_NO=39319011590330|P_EXP_DT=20250624
    [P_RMESG2] => 
    [P_NOTI] => 
    [P_AUTH_NO] => 
)

 Array
(
    [PageCall time] => 22:13:03
    [P_TID] => INIMX_VBNKCAEcatca0720250614221029645369
    [P_MID] => CAEcatca07
    [P_AUTH_DT] => 20250614221303
    [P_STATUS] => 02
    [P_TYPE] => VBANK
    [P_OID] => 250614-013
    [P_FN_CD1] => 20
    [P_FN_CD2] => 
    [P_FN_NM] => 우리은행
    [P_AMT] => 3000
    [P_UNAME] => 장서영
    [P_RMESG1] => P_VACCT_NO=27491383518839|P_EXP_DT=20250624
    [P_RMESG2] => 
    [P_NOTI] => 
    [P_AUTH_NO] => 
)

