 Array
(
    [PageCall time] => 08:19:12
    [P_TID] => INIMX_VBNKCAEcatca0720250825081849535718
    [P_MID] => CAEcatca07
    [P_AUTH_DT] => 20250825081912
    [P_STATUS] => 02
    [P_TYPE] => VBANK
    [P_OID] => 250825-001
    [P_FN_CD1] => 11
    [P_FN_CD2] => 
    [P_FN_NM] => NH농협은행
    [P_AMT] => 3000
    [P_UNAME] => 이진선
    [P_RMESG1] => P_VACCT_NO=79014408153643|P_EXP_DT=20250904
    [P_RMESG2] => 
    [P_NOTI] => 
    [P_AUTH_NO] => 
)

 Array
(
    [PageCall time] => 09:28:15
    [P_TID] => INIMX_VBNKCAEcatca0720250825092740415021
    [P_MID] => CAEcatca07
    [P_AUTH_DT] => 20250825092815
    [P_STATUS] => 02
    [P_TYPE] => VBANK
    [P_OID] => 250825-003
    [P_FN_CD1] => 04
    [P_FN_CD2] => 
    [P_FN_NM] => KB국민은행
    [P_AMT] => 3000
    [P_UNAME] => 박진수
    [P_RMESG1] => P_VACCT_NO=42089011554469|P_EXP_DT=20250904
    [P_RMESG2] => 
    [P_NOTI] => 
    [P_AUTH_NO] => 
)

 Array
(
    [PageCall time] => 10:12:19
    [P_TID] => INIMX_VBNKCAEcatca0720250825101021745880
    [P_MID] => CAEcatca07
    [P_AUTH_DT] => 20250825101219
    [P_STATUS] => 02
    [P_TYPE] => VBANK
    [P_OID] => 250824-012
    [P_FN_CD1] => 11
    [P_FN_CD2] => 
    [P_FN_NM] => NH농협은행
    [P_AMT] => 3000
    [P_UNAME] => 이미란
    [P_RMESG1] => P_VACCT_NO=79014408172121|P_EXP_DT=20250904
    [P_RMESG2] => 
    [P_NOTI] => 
    [P_AUTH_NO] => 
)

 Array
(
    [PageCall time] => 10:20:36
    [P_TID] => INIMX_VBNKCAEcatca0720250825101921535070
    [P_MID] => CAEcatca07
    [P_AUTH_DT] => 20250825102036
    [P_STATUS] => 02
    [P_TYPE] => VBANK
    [P_OID] => 250825-006
    [P_FN_CD1] => 11
    [P_FN_CD2] => 
    [P_FN_NM] => NH농협은행
    [P_AMT] => 3000
    [P_UNAME] => 박관균
    [P_RMESG1] => P_VACCT_NO=79014408174312|P_EXP_DT=20250904
    [P_RMESG2] => 
    [P_NOTI] => 
    [P_AUTH_NO] => 
)

 Array
(
    [PageCall time] => 10:31:50
    [P_TID] => INIMX_VBNKCAEcatca0720250825102820945130
    [P_MID] => CAEcatca07
    [P_AUTH_DT] => 20250825103150
    [P_STATUS] => 02
    [P_TYPE] => VBANK
    [P_OID] => 250825-007
    [P_FN_CD1] => 81
    [P_FN_CD2] => 
    [P_FN_NM] => 하나은행
    [P_AMT] => 3000
    [P_UNAME] => 김도경
    [P_RMESG1] => P_VACCT_NO=20894024129837|P_EXP_DT=20250904
    [P_RMESG2] => 
    [P_NOTI] => 
    [P_AUTH_NO] => 
)

 Array
(
    [PageCall time] => 10:49:06
    [P_TID] => INIMX_VBNKCAEcatca0720250825104443335847
    [P_MID] => CAEcatca07
    [P_AUTH_DT] => 20250825104906
    [P_STATUS] => 02
    [P_TYPE] => VBANK
    [P_OID] => 250825-010
    [P_FN_CD1] => 89
    [P_FN_CD2] => 
    [P_FN_NM] => 케이뱅크
    [P_AMT] => 3000
    [P_UNAME] => 이한나
    [P_RMESG1] => P_VACCT_NO=70112003274080|P_EXP_DT=20250904
    [P_RMESG2] => 
    [P_NOTI] => 
    [P_AUTH_NO] => 
)

 Array
(
    [PageCall time] => 10:50:33
    [P_TID] => INIMX_VBNKCAEcatca0720250825104747655819
    [P_MID] => CAEcatca07
    [P_AUTH_DT] => 20250825105033
    [P_STATUS] => 02
    [P_TYPE] => VBANK
    [P_OID] => 250825-012
    [P_FN_CD1] => 88
    [P_FN_CD2] => 
    [P_FN_NM] => 신한은행
    [P_AMT] => 3000
    [P_UNAME] => 채황
    [P_RMESG1] => P_VACCT_NO=56211992163669|P_EXP_DT=20250904
    [P_RMESG2] => 
    [P_NOTI] => 
    [P_AUTH_NO] => 
)

 Array
(
    [PageCall time] => 10:54:04
    [P_TID] => INIMX_VBNKCAEcatca0720250825105000275194
    [P_MID] => CAEcatca07
    [P_AUTH_DT] => 20250825105404
    [P_STATUS] => 02
    [P_TYPE] => VBANK
    [P_OID] => 250825-013
    [P_FN_CD1] => 88
    [P_FN_CD2] => 
    [P_FN_NM] => 신한은행
    [P_AMT] => 3000
    [P_UNAME] => 우동훈
    [P_RMESG1] => P_VACCT_NO=56211992164060|P_EXP_DT=20250904
    [P_RMESG2] => 
    [P_NOTI] => 
    [P_AUTH_NO] => 
)

 Array
(
    [PageCall time] => 10:55:37
    [P_TID] => INIMX_VBNKCAEcatca0720250825105102865953
    [P_MID] => CAEcatca07
    [P_AUTH_DT] => 20250825105537
    [P_STATUS] => 02
    [P_TYPE] => VBANK
    [P_OID] => 250825-014
    [P_FN_CD1] => 20
    [P_FN_CD2] => 
    [P_FN_NM] => 우리은행
    [P_AMT] => 3000
    [P_UNAME] => 정창화
    [P_RMESG1] => P_VACCT_NO=27389734418654|P_EXP_DT=20250904
    [P_RMESG2] => 
    [P_NOTI] => 
    [P_AUTH_NO] => 
)

 Array
(
    [PageCall time] => 11:00:50
    [P_TID] => INIMX_VBNKCAEcatca0720250825105748485024
    [P_MID] => CAEcatca07
    [P_AUTH_DT] => 20250825110050
    [P_STATUS] => 02
    [P_TYPE] => VBANK
    [P_OID] => 250825-016
    [P_FN_CD1] => 20
    [P_FN_CD2] => 
    [P_FN_NM] => 우리은행
    [P_AMT] => 3000
    [P_UNAME] => 용정아
    [P_RMESG1] => P_VACCT_NO=27389735118719|P_EXP_DT=20250904
    [P_RMESG2] => 
    [P_NOTI] => 
    [P_AUTH_NO] => 
)

 Array
(
    [PageCall time] => 11:05:06
    [P_TID] => INIMX_VBNKCAEcatca0720250825110440585532
    [P_MID] => CAEcatca07
    [P_AUTH_DT] => 20250825110506
    [P_STATUS] => 02
    [P_TYPE] => VBANK
    [P_OID] => 250825-020
    [P_FN_CD1] => 04
    [P_FN_CD2] => 
    [P_FN_NM] => KB국민은행
    [P_AMT] => 3000
    [P_UNAME] => 강현모
    [P_RMESG1] => P_VACCT_NO=26029078657174|P_EXP_DT=20250904
    [P_RMESG2] => 
    [P_NOTI] => 
    [P_AUTH_NO] => 
)

 Array
(
    [PageCall time] => 11:07:15
    [P_TID] => INIMX_VBNKCAEcatca0720250825110600435509
    [P_MID] => CAEcatca07
    [P_AUTH_DT] => 20250825110715
    [P_STATUS] => 02
    [P_TYPE] => VBANK
    [P_OID] => 250825-021
    [P_FN_CD1] => 11
    [P_FN_CD2] => 
    [P_FN_NM] => NH농협은행
    [P_AMT] => 3000
    [P_UNAME] => 김정순
    [P_RMESG1] => P_VACCT_NO=79014408184380|P_EXP_DT=20250904
    [P_RMESG2] => 
    [P_NOTI] => 
    [P_AUTH_NO] => 
)

 Array
(
    [PageCall time] => 11:13:10
    [P_TID] => INIMX_VBNKCAEcatca0720250825111230585706
    [P_MID] => CAEcatca07
    [P_AUTH_DT] => 20250825111310
    [P_STATUS] => 02
    [P_TYPE] => VBANK
    [P_OID] => 250825-022
    [P_FN_CD1] => 11
    [P_FN_CD2] => 
    [P_FN_NM] => NH농협은행
    [P_AMT] => 3000
    [P_UNAME] => 이주연
    [P_RMESG1] => P_VACCT_NO=79014408185591|P_EXP_DT=20250904
    [P_RMESG2] => 
    [P_NOTI] => 
    [P_AUTH_NO] => 
)

 Array
(
    [PageCall time] => 11:23:44
    [P_TID] => INIMX_VBNKCAEcatca0720250825111945645220
    [P_MID] => CAEcatca07
    [P_AUTH_DT] => 20250825112343
    [P_STATUS] => 02
    [P_TYPE] => VBANK
    [P_OID] => 250825-023
    [P_FN_CD1] => 81
    [P_FN_CD2] => 
    [P_FN_NM] => 하나은행
    [P_AMT] => 3000
    [P_UNAME] => 김정분
    [P_RMESG1] => P_VACCT_NO=20894024675037|P_EXP_DT=20250904
    [P_RMESG2] => 
    [P_NOTI] => 
    [P_AUTH_NO] => 
)

 Array
(
    [PageCall time] => 11:47:46
    [P_TID] => INIMX_VBNKCAEcatca0720250825111708865412
    [P_MID] => CAEcatca07
    [P_AUTH_DT] => 20250825114746
    [P_STATUS] => 02
    [P_TYPE] => VBANK
    [P_OID] => 250825-018
    [P_FN_CD1] => 11
    [P_FN_CD2] => 
    [P_FN_NM] => NH농협은행
    [P_AMT] => 3000
    [P_UNAME] => 황호숙
    [P_RMESG1] => P_VACCT_NO=79014408186788|P_EXP_DT=20250904
    [P_RMESG2] => 
    [P_NOTI] => 
    [P_AUTH_NO] => 
)

 Array
(
    [PageCall time] => 12:04:04
    [P_TID] => INIMX_VBNKCAEcatca0720250825120137805323
    [P_MID] => CAEcatca07
    [P_AUTH_DT] => 20250825120404
    [P_STATUS] => 02
    [P_TYPE] => VBANK
    [P_OID] => 250825-025
    [P_FN_CD1] => 81
    [P_FN_CD2] => 
    [P_FN_NM] => 하나은행
    [P_AMT] => 3000
    [P_UNAME] => 박동배
    [P_RMESG1] => P_VACCT_NO=20894024918037|P_EXP_DT=20250904
    [P_RMESG2] => 
    [P_NOTI] => 
    [P_AUTH_NO] => 
)

 Array
(
    [PageCall time] => 12:10:59
    [P_TID] => INIMX_VBNKCAEcatca0720250825120807685698
    [P_MID] => CAEcatca07
    [P_AUTH_DT] => 20250825121059
    [P_STATUS] => 02
    [P_TYPE] => VBANK
    [P_OID] => 250825-026
    [P_FN_CD1] => 89
    [P_FN_CD2] => 
    [P_FN_NM] => 케이뱅크
    [P_AMT] => 3000
    [P_UNAME] => 김나리
    [P_RMESG1] => P_VACCT_NO=70112003275060|P_EXP_DT=20250904
    [P_RMESG2] => 
    [P_NOTI] => 
    [P_AUTH_NO] => 
)

 Array
(
    [PageCall time] => 12:22:32
    [P_TID] => INIMX_VBNKCAEcatca0720250825121949205992
    [P_MID] => CAEcatca07
    [P_AUTH_DT] => 20250825122232
    [P_STATUS] => 02
    [P_TYPE] => VBANK
    [P_OID] => 250825-027
    [P_FN_CD1] => 04
    [P_FN_CD2] => 
    [P_FN_NM] => KB국민은행
    [P_AMT] => 3000
    [P_UNAME] => 김희원
    [P_RMESG1] => P_VACCT_NO=26119078036899|P_EXP_DT=20250904
    [P_RMESG2] => 
    [P_NOTI] => 
    [P_AUTH_NO] => 
)

 Array
(
    [PageCall time] => 13:00:36
    [P_TID] => INIMX_VBNKCAEcatca0720250825130007165239
    [P_MID] => CAEcatca07
    [P_AUTH_DT] => 20250825130036
    [P_STATUS] => 02
    [P_TYPE] => VBANK
    [P_OID] => 250823-003
    [P_FN_CD1] => 11
    [P_FN_CD2] => 
    [P_FN_NM] => NH농협은행
    [P_AMT] => 3000
    [P_UNAME] => 강신형
    [P_RMESG1] => P_VACCT_NO=79014408202563|P_EXP_DT=20250904
    [P_RMESG2] => 
    [P_NOTI] => 
    [P_AUTH_NO] => 
)

 Array
(
    [PageCall time] => 13:06:41
    [P_TID] => INIMX_VBNKCAEcatca0720250825130522895953
    [P_MID] => CAEcatca07
    [P_AUTH_DT] => 20250825130641
    [P_STATUS] => 02
    [P_TYPE] => VBANK
    [P_OID] => 250825-030
    [P_FN_CD1] => 11
    [P_FN_CD2] => 
    [P_FN_NM] => NH농협은행
    [P_AMT] => 3000
    [P_UNAME] => 강혜숙
    [P_RMESG1] => P_VACCT_NO=79014408203932|P_EXP_DT=20250904
    [P_RMESG2] => 
    [P_NOTI] => 
    [P_AUTH_NO] => 
)

 Array
(
    [PageCall time] => 13:14:58
    [P_TID] => INIMX_VBNKCAEcatca0720250825131238195112
    [P_MID] => CAEcatca07
    [P_AUTH_DT] => 20250825131458
    [P_STATUS] => 02
    [P_TYPE] => VBANK
    [P_OID] => 250825-011
    [P_FN_CD1] => 11
    [P_FN_CD2] => 
    [P_FN_NM] => NH농협은행
    [P_AMT] => 3000
    [P_UNAME] => 조용근
    [P_RMESG1] => P_VACCT_NO=79014408205061|P_EXP_DT=20250904
    [P_RMESG2] => 
    [P_NOTI] => 
    [P_AUTH_NO] => 
)

 Array
(
    [PageCall time] => 13:16:22
    [P_TID] => INIMX_VBNKCAEcatca0720250825131320925877
    [P_MID] => CAEcatca07
    [P_AUTH_DT] => 20250825131622
    [P_STATUS] => 02
    [P_TYPE] => VBANK
    [P_OID] => 250825-032
    [P_FN_CD1] => 81
    [P_FN_CD2] => 
    [P_FN_NM] => 하나은행
    [P_AMT] => 3000
    [P_UNAME] => 유은숙
    [P_RMESG1] => P_VACCT_NO=20894025259137|P_EXP_DT=20250904
    [P_RMESG2] => 
    [P_NOTI] => 
    [P_AUTH_NO] => 
)

 Array
(
    [PageCall time] => 16:01:08
    [P_TID] => INIMX_VBNKCAEcatca0720250825154447895989
    [P_MID] => CAEcatca07
    [P_AUTH_DT] => 20250825160108
    [P_STATUS] => 02
    [P_TYPE] => VBANK
    [P_OID] => 250825-040
    [P_FN_CD1] => 20
    [P_FN_CD2] => 
    [P_FN_NM] => 우리은행
    [P_AMT] => 3000
    [P_UNAME] => 서영희
    [P_RMESG1] => P_VACCT_NO=27389755318457|P_EXP_DT=20250904
    [P_RMESG2] => 
    [P_NOTI] => 
    [P_AUTH_NO] => 
)

 Array
(
    [PageCall time] => 16:07:29
    [P_TID] => INIMX_VBNKCAEcatca0720250825160300965545
    [P_MID] => CAEcatca07
    [P_AUTH_DT] => 20250825160729
    [P_STATUS] => 02
    [P_TYPE] => VBANK
    [P_OID] => 250825-043
    [P_FN_CD1] => 31
    [P_FN_CD2] => 
    [P_FN_NM] => 아이엠뱅크(대구은행)
    [P_AMT] => 3000
    [P_UNAME] => 이선희
    [P_RMESG1] => P_VACCT_NO=9600366893406|P_EXP_DT=20250904
    [P_RMESG2] => 
    [P_NOTI] => 
    [P_AUTH_NO] => 
)

 Array
(
    [PageCall time] => 16:42:24
    [P_TID] => INIMX_VBNKCAEcatca0720250825164115135243
    [P_MID] => CAEcatca07
    [P_AUTH_DT] => 20250825164224
    [P_STATUS] => 02
    [P_TYPE] => VBANK
    [P_OID] => 250825-045
    [P_FN_CD1] => 04
    [P_FN_CD2] => 
    [P_FN_NM] => KB국민은행
    [P_AMT] => 3000
    [P_UNAME] => 이미옥
    [P_RMESG1] => P_VACCT_NO=80399078473139|P_EXP_DT=20250904
    [P_RMESG2] => 
    [P_NOTI] => 
    [P_AUTH_NO] => 
)

 Array
(
    [PageCall time] => 17:11:09
    [P_TID] => INIMX_VBNKCAEcatca0720250825170811775176
    [P_MID] => CAEcatca07
    [P_AUTH_DT] => 20250825171109
    [P_STATUS] => 02
    [P_TYPE] => VBANK
    [P_OID] => 250825-047
    [P_FN_CD1] => 03
    [P_FN_CD2] => 
    [P_FN_NM] => 기업은행
    [P_AMT] => 3000
    [P_UNAME] => 김영미
    [P_RMESG1] => P_VACCT_NO=07503296597801|P_EXP_DT=20250904
    [P_RMESG2] => 
    [P_NOTI] => 
    [P_AUTH_NO] => 
)

 Array
(
    [PageCall time] => 17:19:22
    [P_TID] => INIMX_VBNKCAEcatca0720250825171644365300
    [P_MID] => CAEcatca07
    [P_AUTH_DT] => 20250825171922
    [P_STATUS] => 02
    [P_TYPE] => VBANK
    [P_OID] => 250825-050
    [P_FN_CD1] => 03
    [P_FN_CD2] => 
    [P_FN_NM] => 기업은행
    [P_AMT] => 3000
    [P_UNAME] => 김호범
    [P_RMESG1] => P_VACCT_NO=07503296797765|P_EXP_DT=20250904
    [P_RMESG2] => 
    [P_NOTI] => 
    [P_AUTH_NO] => 
)

 Array
(
    [PageCall time] => 18:17:29
    [P_TID] => INIMX_VBNKCAEcatca0720250825181141995243
    [P_MID] => CAEcatca07
    [P_AUTH_DT] => 20250825181729
    [P_STATUS] => 02
    [P_TYPE] => VBANK
    [P_OID] => 250825-042
    [P_FN_CD1] => 04
    [P_FN_CD2] => 
    [P_FN_NM] => KB국민은행
    [P_AMT] => 3000
    [P_UNAME] => 이성규
    [P_RMESG1] => P_VACCT_NO=80399078487309|P_EXP_DT=20250904
    [P_RMESG2] => 
    [P_NOTI] => 
    [P_AUTH_NO] => 
)

 Array
(
    [PageCall time] => 18:24:59
    [P_TID] => INIMX_VBNKCAEcatca0720250825182159135127
    [P_MID] => CAEcatca07
    [P_AUTH_DT] => 20250825182459
    [P_STATUS] => 02
    [P_TYPE] => VBANK
    [P_OID] => 250825-053
    [P_FN_CD1] => 88
    [P_FN_CD2] => 
    [P_FN_NM] => 신한은행
    [P_AMT] => 3000
    [P_UNAME] => 임영미
    [P_RMESG1] => P_VACCT_NO=56211992219376|P_EXP_DT=20250904
    [P_RMESG2] => 
    [P_NOTI] => 
    [P_AUTH_NO] => 
)

 Array
(
    [PageCall time] => 19:32:16
    [P_TID] => INIMX_VBNKCAEcatca0720250825185743635577
    [P_MID] => CAEcatca07
    [P_AUTH_DT] => 20250825193216
    [P_STATUS] => 02
    [P_TYPE] => VBANK
    [P_OID] => 250825-008
    [P_FN_CD1] => 11
    [P_FN_CD2] => 
    [P_FN_NM] => NH농협은행
    [P_AMT] => 3000
    [P_UNAME] => 김석환
    [P_RMESG1] => P_VACCT_NO=79014408263849|P_EXP_DT=20250904
    [P_RMESG2] => 
    [P_NOTI] => 
    [P_AUTH_NO] => 
)

 Array
(
    [PageCall time] => 19:32:30
    [P_TID] => INIMX_VBNKCAEcatca0720250825192931715830
    [P_MID] => CAEcatca07
    [P_AUTH_DT] => 20250825193230
    [P_STATUS] => 02
    [P_TYPE] => VBANK
    [P_OID] => 250825-056
    [P_FN_CD1] => 81
    [P_FN_CD2] => 
    [P_FN_NM] => 하나은행
    [P_AMT] => 3000
    [P_UNAME] => 윤종윤
    [P_RMESG1] => P_VACCT_NO=20894027501637|P_EXP_DT=20250904
    [P_RMESG2] => 
    [P_NOTI] => 
    [P_AUTH_NO] => 
)

 Array
(
    [PageCall time] => 20:00:43
    [P_TID] => INIMX_VBNKCAEcatca0720250825195732635891
    [P_MID] => CAEcatca07
    [P_AUTH_DT] => 20250825200042
    [P_STATUS] => 02
    [P_TYPE] => VBANK
    [P_OID] => 250825-057
    [P_FN_CD1] => 88
    [P_FN_CD2] => 
    [P_FN_NM] => 신한은행
    [P_AMT] => 3000
    [P_UNAME] => 황지혜
    [P_RMESG1] => P_VACCT_NO=56211992228896|P_EXP_DT=20250904
    [P_RMESG2] => 
    [P_NOTI] => 
    [P_AUTH_NO] => 
)

 Array
(
    [PageCall time] => 20:17:29
    [P_TID] => INIMX_VBNKCAEcatca0720250825201629335466
    [P_MID] => CAEcatca07
    [P_AUTH_DT] => 20250825201729
    [P_STATUS] => 02
    [P_TYPE] => VBANK
    [P_OID] => 250825-036
    [P_FN_CD1] => 04
    [P_FN_CD2] => 
    [P_FN_NM] => KB국민은행
    [P_AMT] => 3000
    [P_UNAME] => 버니네
    [P_RMESG1] => P_VACCT_NO=80399078501469|P_EXP_DT=20250904
    [P_RMESG2] => 
    [P_NOTI] => 
    [P_AUTH_NO] => 
)

 Array
(
    [PageCall time] => 20:32:29
    [P_TID] => INIMX_VBNKCAEcatca0720250825203020925865
    [P_MID] => CAEcatca07
    [P_AUTH_DT] => 20250825203229
    [P_STATUS] => 02
    [P_TYPE] => VBANK
    [P_OID] => 250825-058
    [P_FN_CD1] => 04
    [P_FN_CD2] => 
    [P_FN_NM] => KB국민은행
    [P_AMT] => 3000
    [P_UNAME] => 정점례
    [P_RMESG1] => P_VACCT_NO=80399078502859|P_EXP_DT=20250904
    [P_RMESG2] => 
    [P_NOTI] => 
    [P_AUTH_NO] => 
)

 Array
(
    [PageCall time] => 20:49:14
    [P_TID] => INIMX_VBNKCAEcatca0720250825204723575281
    [P_MID] => CAEcatca07
    [P_AUTH_DT] => 20250825204914
    [P_STATUS] => 02
    [P_TYPE] => VBANK
    [P_OID] => 250825-059
    [P_FN_CD1] => 04
    [P_FN_CD2] => 
    [P_FN_NM] => KB국민은행
    [P_AMT] => 3000
    [P_UNAME] => 김진태
    [P_RMESG1] => P_VACCT_NO=80399078504671|P_EXP_DT=20250904
    [P_RMESG2] => 
    [P_NOTI] => 
    [P_AUTH_NO] => 
)

