 Array
(
    [PageCall time] => 01:21:24
    [P_TID] => INIMX_VBNKCAEcatca0720250320011647815791
    [P_MID] => CAEcatca07
    [P_AUTH_DT] => 20250320012124
    [P_STATUS] => 02
    [P_TYPE] => VBANK
    [P_OID] => 250320-001
    [P_FN_CD1] => 11
    [P_FN_CD2] => 
    [P_FN_NM] => NH농협은행
    [P_AMT] => 3000
    [P_UNAME] => 탁광호
    [P_RMESG1] => P_VACCT_NO=79014508228213|P_EXP_DT=20250330
    [P_RMESG2] => 
    [P_NOTI] => 
    [P_AUTH_NO] => 
)

 Array
(
    [PageCall time] => 01:35:12
    [P_TID] => INIMX_VBNKCAEcatca0720250320013113465415
    [P_MID] => CAEcatca07
    [P_AUTH_DT] => 20250320013512
    [P_STATUS] => 02
    [P_TYPE] => VBANK
    [P_OID] => 250320-002
    [P_FN_CD1] => 88
    [P_FN_CD2] => 
    [P_FN_NM] => 신한은행
    [P_AMT] => 3000
    [P_UNAME] => 정태정
    [P_RMESG1] => P_VACCT_NO=56211991257468|P_EXP_DT=20250330
    [P_RMESG2] => 
    [P_NOTI] => 
    [P_AUTH_NO] => 
)

 Array
(
    [PageCall time] => 05:25:25
    [P_TID] => INIMX_VBNKCAEcatca0720250320052436795751
    [P_MID] => CAEcatca07
    [P_AUTH_DT] => 20250320052525
    [P_STATUS] => 02
    [P_TYPE] => VBANK
    [P_OID] => 250320-003
    [P_FN_CD1] => 04
    [P_FN_CD2] => 
    [P_FN_NM] => KB국민은행
    [P_AMT] => 3000
    [P_UNAME] => 한이슬
    [P_RMESG1] => P_VACCT_NO=44319079237781|P_EXP_DT=20250330
    [P_RMESG2] => 
    [P_NOTI] => 
    [P_AUTH_NO] => 
)

 Array
(
    [PageCall time] => 06:57:00
    [P_TID] => INIMX_VBNKCAEcatca0720250320065421575423
    [P_MID] => CAEcatca07
    [P_AUTH_DT] => 20250320065700
    [P_STATUS] => 02
    [P_TYPE] => VBANK
    [P_OID] => 250312-011
    [P_FN_CD1] => 88
    [P_FN_CD2] => 
    [P_FN_NM] => 신한은행
    [P_AMT] => 3000
    [P_UNAME] => 김린아
    [P_RMESG1] => P_VACCT_NO=56211992832322|P_EXP_DT=20250330
    [P_RMESG2] => 
    [P_NOTI] => 
    [P_AUTH_NO] => 
)

 Array
(
    [PageCall time] => 07:20:24
    [P_TID] => INIMX_VBNKCAEcatca0720250320071726785746
    [P_MID] => CAEcatca07
    [P_AUTH_DT] => 20250320072024
    [P_STATUS] => 02
    [P_TYPE] => VBANK
    [P_OID] => 250320-004
    [P_FN_CD1] => 88
    [P_FN_CD2] => 
    [P_FN_NM] => 신한은행
    [P_AMT] => 3000
    [P_UNAME] => 노창순
    [P_RMESG1] => P_VACCT_NO=56211992900171|P_EXP_DT=20250330
    [P_RMESG2] => 
    [P_NOTI] => 
    [P_AUTH_NO] => 
)

 Array
(
    [PageCall time] => 07:25:42
    [P_TID] => INIMX_VBNKCAEcatca0720250320072202445112
    [P_MID] => CAEcatca07
    [P_AUTH_DT] => 20250320072542
    [P_STATUS] => 02
    [P_TYPE] => VBANK
    [P_OID] => 250320-005
    [P_FN_CD1] => 88
    [P_FN_CD2] => 
    [P_FN_NM] => 신한은행
    [P_AMT] => 3000
    [P_UNAME] => 장애경
    [P_RMESG1] => P_VACCT_NO=56211992928313|P_EXP_DT=20250330
    [P_RMESG2] => 
    [P_NOTI] => 
    [P_AUTH_NO] => 
)

 Array
(
    [PageCall time] => 08:30:05
    [P_TID] => INIMX_VBNKCAEcatca0720250320082621865612
    [P_MID] => CAEcatca07
    [P_AUTH_DT] => 20250320083005
    [P_STATUS] => 02
    [P_TYPE] => VBANK
    [P_OID] => 250320-006
    [P_FN_CD1] => 81
    [P_FN_CD2] => 
    [P_FN_NM] => 하나은행
    [P_AMT] => 3000
    [P_UNAME] => 정효은
    [P_RMESG1] => P_VACCT_NO=20894089251237|P_EXP_DT=20250330
    [P_RMESG2] => 
    [P_NOTI] => 
    [P_AUTH_NO] => 
)

 Array
(
    [PageCall time] => 09:48:07
    [P_TID] => INIMX_VBNKCAEcatca0720250320094719525834
    [P_MID] => CAEcatca07
    [P_AUTH_DT] => 20250320094807
    [P_STATUS] => 02
    [P_TYPE] => VBANK
    [P_OID] => 250320-010
    [P_FN_CD1] => 11
    [P_FN_CD2] => 
    [P_FN_NM] => NH농협은행
    [P_AMT] => 3000
    [P_UNAME] => 최동성
    [P_RMESG1] => P_VACCT_NO=79014508247268|P_EXP_DT=20250330
    [P_RMESG2] => 
    [P_NOTI] => 
    [P_AUTH_NO] => 
)

 Array
(
    [PageCall time] => 10:11:25
    [P_TID] => INIMX_VBNKCAEcatca0720250320101105545554
    [P_MID] => CAEcatca07
    [P_AUTH_DT] => 20250320101125
    [P_STATUS] => 02
    [P_TYPE] => VBANK
    [P_OID] => 250320-011
    [P_FN_CD1] => 04
    [P_FN_CD2] => 
    [P_FN_NM] => KB국민은행
    [P_AMT] => 3000
    [P_UNAME] => 남우경
    [P_RMESG1] => P_VACCT_NO=80429078815770|P_EXP_DT=20250330
    [P_RMESG2] => 
    [P_NOTI] => 
    [P_AUTH_NO] => 
)

 Array
(
    [PageCall time] => 10:23:27
    [P_TID] => INIMX_VBNKCAEcatca0720250320102030895134
    [P_MID] => CAEcatca07
    [P_AUTH_DT] => 20250320102327
    [P_STATUS] => 02
    [P_TYPE] => VBANK
    [P_OID] => 250320-012
    [P_FN_CD1] => 81
    [P_FN_CD2] => 
    [P_FN_NM] => 하나은행
    [P_AMT] => 3000
    [P_UNAME] => 허정미
    [P_RMESG1] => P_VACCT_NO=20894089732537|P_EXP_DT=20250330
    [P_RMESG2] => 
    [P_NOTI] => 
    [P_AUTH_NO] => 
)

 Array
(
    [PageCall time] => 11:07:56
    [P_TID] => INIMX_VBNKCAEcatca0720250320110501524358
    [P_MID] => CAEcatca07
    [P_AUTH_DT] => 20250320110756
    [P_STATUS] => 02
    [P_TYPE] => VBANK
    [P_OID] => 250320-014
    [P_FN_CD1] => 88
    [P_FN_CD2] => 
    [P_FN_NM] => 신한은행
    [P_AMT] => 3000
    [P_UNAME] => 송준
    [P_RMESG1] => P_VACCT_NO=56211111178147|P_EXP_DT=20250330
    [P_RMESG2] => 
    [P_NOTI] => 
    [P_AUTH_NO] => 
)

 Array
(
    [PageCall time] => 11:58:31
    [P_TID] => INIMX_VBNKCAEcatca0720250320115521324101
    [P_MID] => CAEcatca07
    [P_AUTH_DT] => 20250320115831
    [P_STATUS] => 02
    [P_TYPE] => VBANK
    [P_OID] => 250320-019
    [P_FN_CD1] => 20
    [P_FN_CD2] => 
    [P_FN_NM] => 우리은행
    [P_AMT] => 3000
    [P_UNAME] => 이정훈
    [P_RMESG1] => P_VACCT_NO=32829721118914|P_EXP_DT=20250330
    [P_RMESG2] => 
    [P_NOTI] => 
    [P_AUTH_NO] => 
)

 Array
(
    [PageCall time] => 12:58:31
    [P_TID] => INIMX_VBNKCAEcatca0720250320125553874694
    [P_MID] => CAEcatca07
    [P_AUTH_DT] => 20250320125831
    [P_STATUS] => 02
    [P_TYPE] => VBANK
    [P_OID] => 250320-020
    [P_FN_CD1] => 03
    [P_FN_CD2] => 
    [P_FN_NM] => 기업은행
    [P_AMT] => 3000
    [P_UNAME] => 김정원
    [P_RMESG1] => P_VACCT_NO=07502490697208|P_EXP_DT=20250330
    [P_RMESG2] => 
    [P_NOTI] => 
    [P_AUTH_NO] => 
)

 Array
(
    [PageCall time] => 13:10:05
    [P_TID] => INIMX_VBNKCAEcatca0720250320130801594310
    [P_MID] => CAEcatca07
    [P_AUTH_DT] => 20250320131005
    [P_STATUS] => 02
    [P_TYPE] => VBANK
    [P_OID] => 250311-031
    [P_FN_CD1] => 04
    [P_FN_CD2] => 
    [P_FN_NM] => KB국민은행
    [P_AMT] => 3000
    [P_UNAME] => 최낙민
    [P_RMESG1] => P_VACCT_NO=80429078680215|P_EXP_DT=20250330
    [P_RMESG2] => 
    [P_NOTI] => 
    [P_AUTH_NO] => 
)

 Array
(
    [PageCall time] => 13:55:28
    [P_TID] => INIMX_VBNKCAEcatca0720250320135252124507
    [P_MID] => CAEcatca07
    [P_AUTH_DT] => 20250320135528
    [P_STATUS] => 02
    [P_TYPE] => VBANK
    [P_OID] => 250320-022
    [P_FN_CD1] => 03
    [P_FN_CD2] => 
    [P_FN_NM] => 기업은행
    [P_AMT] => 3000
    [P_UNAME] => 더존클린룸주식회사
    [P_RMESG1] => P_VACCT_NO=07502490897842|P_EXP_DT=20250330
    [P_RMESG2] => 
    [P_NOTI] => 
    [P_AUTH_NO] => 
)

 Array
(
    [PageCall time] => 15:02:44
    [P_TID] => INIMX_VBNKCAEcatca0720250320145928794224
    [P_MID] => CAEcatca07
    [P_AUTH_DT] => 20250320150244
    [P_STATUS] => 02
    [P_TYPE] => VBANK
    [P_OID] => 250320-023
    [P_FN_CD1] => 81
    [P_FN_CD2] => 
    [P_FN_NM] => 하나은행
    [P_AMT] => 3000
    [P_UNAME] => 최은희
    [P_RMESG1] => P_VACCT_NO=58390850194637|P_EXP_DT=20250330
    [P_RMESG2] => 
    [P_NOTI] => 
    [P_AUTH_NO] => 
)

 Array
(
    [PageCall time] => 15:46:58
    [P_TID] => INIMX_VBNKCAEcatca0720250320154601624087
    [P_MID] => CAEcatca07
    [P_AUTH_DT] => 20250320154658
    [P_STATUS] => 02
    [P_TYPE] => VBANK
    [P_OID] => 250320-026
    [P_FN_CD1] => 04
    [P_FN_CD2] => 
    [P_FN_NM] => KB국민은행
    [P_AMT] => 3000
    [P_UNAME] => 안미희
    [P_RMESG1] => P_VACCT_NO=80429078947149|P_EXP_DT=20250330
    [P_RMESG2] => 
    [P_NOTI] => 
    [P_AUTH_NO] => 
)

 Array
(
    [PageCall time] => 16:15:52
    [P_TID] => INIMX_VBNKCAEcatca0720250320161500544311
    [P_MID] => CAEcatca07
    [P_AUTH_DT] => 20250320161552
    [P_STATUS] => 02
    [P_TYPE] => VBANK
    [P_OID] => 250320-027
    [P_FN_CD1] => 11
    [P_FN_CD2] => 
    [P_FN_NM] => NH농협은행
    [P_AMT] => 3000
    [P_UNAME] => 박진오
    [P_RMESG1] => P_VACCT_NO=01444564433912|P_EXP_DT=20250330
    [P_RMESG2] => 
    [P_NOTI] => 
    [P_AUTH_NO] => 
)

 Array
(
    [PageCall time] => 17:00:16
    [P_TID] => INIMX_VBNKCAEcatca0720250320150848794638
    [P_MID] => CAEcatca07
    [P_AUTH_DT] => 20250320170016
    [P_STATUS] => 02
    [P_TYPE] => VBANK
    [P_OID] => 250313-015
    [P_FN_CD1] => 88
    [P_FN_CD2] => 
    [P_FN_NM] => 신한은행
    [P_AMT] => 3000
    [P_UNAME] => 씨씨즈네일
    [P_RMESG1] => P_VACCT_NO=56211111205357|P_EXP_DT=20250330
    [P_RMESG2] => 
    [P_NOTI] => 
    [P_AUTH_NO] => 
)

 Array
(
    [PageCall time] => 17:09:20
    [P_TID] => INIMX_VBNKCAEcatca0720250320131414524080
    [P_MID] => CAEcatca07
    [P_AUTH_DT] => 20250320170920
    [P_STATUS] => 02
    [P_TYPE] => VBANK
    [P_OID] => 250319-011
    [P_FN_CD1] => 81
    [P_FN_CD2] => 
    [P_FN_NM] => 하나은행
    [P_AMT] => 3000
    [P_UNAME] => 김지숙
    [P_RMESG1] => P_VACCT_NO=58390848351937|P_EXP_DT=20250330
    [P_RMESG2] => 
    [P_NOTI] => 
    [P_AUTH_NO] => 
)

 Array
(
    [PageCall time] => 18:07:33
    [P_TID] => INIMX_VBNKCAEcatca0720250320180311375523
    [P_MID] => CAEcatca07
    [P_AUTH_DT] => 20250320180733
    [P_STATUS] => 02
    [P_TYPE] => VBANK
    [P_OID] => 250320-028
    [P_FN_CD1] => 88
    [P_FN_CD2] => 
    [P_FN_NM] => 신한은행
    [P_AMT] => 3000
    [P_UNAME] => 허철우
    [P_RMESG1] => P_VACCT_NO=56211991269064|P_EXP_DT=20250330
    [P_RMESG2] => 
    [P_NOTI] => 
    [P_AUTH_NO] => 
)

 Array
(
    [PageCall time] => 19:30:12
    [P_TID] => INIMX_VBNKCAEcatca0720250320192719565632
    [P_MID] => CAEcatca07
    [P_AUTH_DT] => 20250320193012
    [P_STATUS] => 02
    [P_TYPE] => VBANK
    [P_OID] => 250320-029
    [P_FN_CD1] => 11
    [P_FN_CD2] => 
    [P_FN_NM] => NH농협은행
    [P_AMT] => 3000
    [P_UNAME] => 신순우
    [P_RMESG1] => P_VACCT_NO=79014508268480|P_EXP_DT=20250330
    [P_RMESG2] => 
    [P_NOTI] => 
    [P_AUTH_NO] => 
)

 Array
(
    [PageCall time] => 19:58:04
    [P_TID] => INIMX_VBNKCAEcatca0720250320195727325460
    [P_MID] => CAEcatca07
    [P_AUTH_DT] => 20250320195804
    [P_STATUS] => 02
    [P_TYPE] => VBANK
    [P_OID] => 250320-021
    [P_FN_CD1] => 11
    [P_FN_CD2] => 
    [P_FN_NM] => NH농협은행
    [P_AMT] => 3000
    [P_UNAME] => 양이브
    [P_RMESG1] => P_VACCT_NO=79014508270874|P_EXP_DT=20250330
    [P_RMESG2] => 
    [P_NOTI] => 
    [P_AUTH_NO] => 
)

