 Array
(
    [PageCall time] => 08:28:14
    [P_TID] => INIMX_VBNKCAEcatca0720251216082531255762
    [P_MID] => CAEcatca07
    [P_AUTH_DT] => 20251216082814
    [P_STATUS] => 02
    [P_TYPE] => VBANK
    [P_OID] => 251216-001
    [P_FN_CD1] => 04
    [P_FN_CD2] => 
    [P_FN_NM] => KB국민은행
    [P_AMT] => 3000
    [P_UNAME] => 김현중
    [P_RMESG1] => P_VACCT_NO=26159078049426|P_EXP_DT=20251226
    [P_RMESG2] => 
    [P_NOTI] => 
    [P_AUTH_NO] => 
)

 Array
(
    [PageCall time] => 08:29:06
    [P_TID] => INIMX_VBNKCAEcatca0720251216082614735438
    [P_MID] => CAEcatca07
    [P_AUTH_DT] => 20251216082906
    [P_STATUS] => 02
    [P_TYPE] => VBANK
    [P_OID] => 251216-002
    [P_FN_CD1] => 20
    [P_FN_CD2] => 
    [P_FN_NM] => 우리은행
    [P_AMT] => 3000
    [P_UNAME] => 유형진
    [P_RMESG1] => P_VACCT_NO=27389091918490|P_EXP_DT=20251226
    [P_RMESG2] => 
    [P_NOTI] => 
    [P_AUTH_NO] => 
)

 Array
(
    [PageCall time] => 09:35:55
    [P_TID] => INIMX_VBNKCAEcatca0720251216093327635345
    [P_MID] => CAEcatca07
    [P_AUTH_DT] => 20251216093555
    [P_STATUS] => 02
    [P_TYPE] => VBANK
    [P_OID] => 251216-004
    [P_FN_CD1] => 03
    [P_FN_CD2] => 
    [P_FN_NM] => 기업은행
    [P_AMT] => 3000
    [P_UNAME] => 김중현
    [P_RMESG1] => P_VACCT_NO=07503188397761|P_EXP_DT=20251226
    [P_RMESG2] => 
    [P_NOTI] => 
    [P_AUTH_NO] => 
)

 Array
(
    [PageCall time] => 10:09:48
    [P_TID] => INIMX_VBNKCAEcatca0720251216100711395984
    [P_MID] => CAEcatca07
    [P_AUTH_DT] => 20251216100947
    [P_STATUS] => 02
    [P_TYPE] => VBANK
    [P_OID] => 251216-005
    [P_FN_CD1] => 03
    [P_FN_CD2] => 
    [P_FN_NM] => 기업은행
    [P_AMT] => 3000
    [P_UNAME] => 안효진
    [P_RMESG1] => P_VACCT_NO=07503188697836|P_EXP_DT=20251226
    [P_RMESG2] => 
    [P_NOTI] => 
    [P_AUTH_NO] => 
)

 Array
(
    [PageCall time] => 10:18:58
    [P_TID] => INIMX_VBNKCAEcatca0720251216101607545748
    [P_MID] => CAEcatca07
    [P_AUTH_DT] => 20251216101858
    [P_STATUS] => 02
    [P_TYPE] => VBANK
    [P_OID] => 251216-006
    [P_FN_CD1] => 31
    [P_FN_CD2] => 
    [P_FN_NM] => 아이엠뱅크(대구은행)
    [P_AMT] => 3000
    [P_UNAME] => 김명숙
    [P_RMESG1] => P_VACCT_NO=9600362524209|P_EXP_DT=20251226
    [P_RMESG2] => 
    [P_NOTI] => 
    [P_AUTH_NO] => 
)

 Array
(
    [PageCall time] => 11:10:19
    [P_TID] => INIMX_VBNKCAEcatca0720251216110704415008
    [P_MID] => CAEcatca07
    [P_AUTH_DT] => 20251216111019
    [P_STATUS] => 02
    [P_TYPE] => VBANK
    [P_OID] => 251216-009
    [P_FN_CD1] => 07
    [P_FN_CD2] => 
    [P_FN_NM] => 수협은행
    [P_AMT] => 3000
    [P_UNAME] => 유지은
    [P_RMESG1] => P_VACCT_NO=06640082620633|P_EXP_DT=20251226
    [P_RMESG2] => 
    [P_NOTI] => 
    [P_AUTH_NO] => 
)

 Array
(
    [PageCall time] => 13:36:37
    [P_TID] => INIMX_VBNKCAEcatca0720251216133334955659
    [P_MID] => CAEcatca07
    [P_AUTH_DT] => 20251216133637
    [P_STATUS] => 02
    [P_TYPE] => VBANK
    [P_OID] => 251215-013
    [P_FN_CD1] => 04
    [P_FN_CD2] => 
    [P_FN_NM] => KB국민은행
    [P_AMT] => 3000
    [P_UNAME] => 김지수
    [P_RMESG1] => P_VACCT_NO=52499014705513|P_EXP_DT=20251226
    [P_RMESG2] => 
    [P_NOTI] => 
    [P_AUTH_NO] => 
)

 Array
(
    [PageCall time] => 13:57:47
    [P_TID] => INIMX_VBNKCAEcatca0720251216135634225640
    [P_MID] => CAEcatca07
    [P_AUTH_DT] => 20251216135747
    [P_STATUS] => 02
    [P_TYPE] => VBANK
    [P_OID] => 251216-015
    [P_FN_CD1] => 11
    [P_FN_CD2] => 
    [P_FN_NM] => NH농협은행
    [P_AMT] => 3000
    [P_UNAME] => 신인애
    [P_RMESG1] => P_VACCT_NO=01445264439570|P_EXP_DT=20251226
    [P_RMESG2] => 
    [P_NOTI] => 
    [P_AUTH_NO] => 
)

 Array
(
    [PageCall time] => 14:05:26
    [P_TID] => INIMX_VBNKCAEcatca0720251216140105815509
    [P_MID] => CAEcatca07
    [P_AUTH_DT] => 20251216140526
    [P_STATUS] => 02
    [P_TYPE] => VBANK
    [P_OID] => 251216-016
    [P_FN_CD1] => 07
    [P_FN_CD2] => 
    [P_FN_NM] => 수협은행
    [P_AMT] => 3000
    [P_UNAME] => 박광일
    [P_RMESG1] => P_VACCT_NO=06640082620751|P_EXP_DT=20251226
    [P_RMESG2] => 
    [P_NOTI] => 
    [P_AUTH_NO] => 
)

 Array
(
    [PageCall time] => 14:08:29
    [P_TID] => INIMX_VBNKCAEcatca0720251216140527235715
    [P_MID] => CAEcatca07
    [P_AUTH_DT] => 20251216140829
    [P_STATUS] => 02
    [P_TYPE] => VBANK
    [P_OID] => 251216-018
    [P_FN_CD1] => 04
    [P_FN_CD2] => 
    [P_FN_NM] => KB국민은행
    [P_AMT] => 3000
    [P_UNAME] => 정연성
    [P_RMESG1] => P_VACCT_NO=52499014728482|P_EXP_DT=20251226
    [P_RMESG2] => 
    [P_NOTI] => 
    [P_AUTH_NO] => 
)

 Array
(
    [PageCall time] => 14:12:34
    [P_TID] => INIMX_VBNKCAEcatca0720251216140955145226
    [P_MID] => CAEcatca07
    [P_AUTH_DT] => 20251216141234
    [P_STATUS] => 02
    [P_TYPE] => VBANK
    [P_OID] => 251216-008
    [P_FN_CD1] => 04
    [P_FN_CD2] => 
    [P_FN_NM] => KB국민은행
    [P_AMT] => 3000
    [P_UNAME] => 서영민
    [P_RMESG1] => P_VACCT_NO=52499014731569|P_EXP_DT=20251226
    [P_RMESG2] => 
    [P_NOTI] => 
    [P_AUTH_NO] => 
)

 Array
(
    [PageCall time] => 14:12:39
    [P_TID] => INIMX_VBNKCAEcatca0720251216140835585999
    [P_MID] => CAEcatca07
    [P_AUTH_DT] => 20251216141239
    [P_STATUS] => 02
    [P_TYPE] => VBANK
    [P_OID] => 251216-019
    [P_FN_CD1] => 81
    [P_FN_CD2] => 
    [P_FN_NM] => 하나은행
    [P_AMT] => 3000
    [P_UNAME] => 오현정
    [P_RMESG1] => P_VACCT_NO=20894684676637|P_EXP_DT=20251226
    [P_RMESG2] => 
    [P_NOTI] => 
    [P_AUTH_NO] => 
)

 Array
(
    [PageCall time] => 16:10:38
    [P_TID] => INIMX_VBNKCAEcatca0720251216152549545995
    [P_MID] => CAEcatca07
    [P_AUTH_DT] => 20251216161038
    [P_STATUS] => 02
    [P_TYPE] => VBANK
    [P_OID] => 251216-017
    [P_FN_CD1] => 03
    [P_FN_CD2] => 
    [P_FN_NM] => 기업은행
    [P_AMT] => 3000
    [P_UNAME] => 정연
    [P_RMESG1] => P_VACCT_NO=07503192897949|P_EXP_DT=20251226
    [P_RMESG2] => 
    [P_NOTI] => 
    [P_AUTH_NO] => 
)

 Array
(
    [PageCall time] => 17:24:54
    [P_TID] => INIMX_VBNKCAEcatca0720251216172222395801
    [P_MID] => CAEcatca07
    [P_AUTH_DT] => 20251216172454
    [P_STATUS] => 02
    [P_TYPE] => VBANK
    [P_OID] => 251216-023
    [P_FN_CD1] => 04
    [P_FN_CD2] => 
    [P_FN_NM] => KB국민은행
    [P_AMT] => 3000
    [P_UNAME] => 김수연
    [P_RMESG1] => P_VACCT_NO=52499014778391|P_EXP_DT=20251226
    [P_RMESG2] => 
    [P_NOTI] => 
    [P_AUTH_NO] => 
)

 Array
(
    [PageCall time] => 17:26:16
    [P_TID] => INIMX_VBNKCAEcatca0720251216172244915237
    [P_MID] => CAEcatca07
    [P_AUTH_DT] => 20251216172616
    [P_STATUS] => 02
    [P_TYPE] => VBANK
    [P_OID] => 251216-022
    [P_FN_CD1] => 03
    [P_FN_CD2] => 
    [P_FN_NM] => 기업은행
    [P_AMT] => 3000
    [P_UNAME] => 이미선
    [P_RMESG1] => P_VACCT_NO=07503194397259|P_EXP_DT=20251226
    [P_RMESG2] => 
    [P_NOTI] => 
    [P_AUTH_NO] => 
)

 Array
(
    [PageCall time] => 17:40:57
    [P_TID] => INIMX_VBNKCAEcatca0720251215205452845342
    [P_MID] => CAEcatca07
    [P_AUTH_DT] => 20251216174057
    [P_STATUS] => 02
    [P_TYPE] => VBANK
    [P_OID] => 251215-037
    [P_FN_CD1] => 04
    [P_FN_CD2] => 
    [P_FN_NM] => KB국민은행
    [P_AMT] => 3000
    [P_UNAME] => 제로백PC방낙성대역점
    [P_RMESG1] => P_VACCT_NO=52499014659294|P_EXP_DT=20251225
    [P_RMESG2] => 
    [P_NOTI] => 
    [P_AUTH_NO] => 
)

 Array
(
    [PageCall time] => 17:43:30
    [P_TID] => INIMX_VBNKCAEcatca0720251216174056755939
    [P_MID] => CAEcatca07
    [P_AUTH_DT] => 20251216174330
    [P_STATUS] => 02
    [P_TYPE] => VBANK
    [P_OID] => 251216-012
    [P_FN_CD1] => 88
    [P_FN_CD2] => 
    [P_FN_NM] => 신한은행
    [P_AMT] => 3000
    [P_UNAME] => 박희정
    [P_RMESG1] => P_VACCT_NO=56211991060680|P_EXP_DT=20251226
    [P_RMESG2] => 
    [P_NOTI] => 
    [P_AUTH_NO] => 
)

 Array
(
    [PageCall time] => 18:08:40
    [P_TID] => INIMX_VBNKCAEcatca0720251216180451605694
    [P_MID] => CAEcatca07
    [P_AUTH_DT] => 20251216180840
    [P_STATUS] => 02
    [P_TYPE] => VBANK
    [P_OID] => 251216-021
    [P_FN_CD1] => 81
    [P_FN_CD2] => 
    [P_FN_NM] => 하나은행
    [P_AMT] => 3000
    [P_UNAME] => 서미선
    [P_RMESG1] => P_VACCT_NO=20894728307037|P_EXP_DT=20251226
    [P_RMESG2] => 
    [P_NOTI] => 
    [P_AUTH_NO] => 
)

 Array
(
    [PageCall time] => 18:52:07
    [P_TID] => INIMX_VBNKCAEcatca0720251216184901715342
    [P_MID] => CAEcatca07
    [P_AUTH_DT] => 20251216185206
    [P_STATUS] => 02
    [P_TYPE] => VBANK
    [P_OID] => 251216-025
    [P_FN_CD1] => 11
    [P_FN_CD2] => 
    [P_FN_NM] => NH농협은행
    [P_AMT] => 3000
    [P_UNAME] => 이해웅
    [P_RMESG1] => P_VACCT_NO=01445264822700|P_EXP_DT=20251226
    [P_RMESG2] => 
    [P_NOTI] => 
    [P_AUTH_NO] => 
)

 Array
(
    [PageCall time] => 20:32:52
    [P_TID] => INIMX_VBNKCAEcatca0720251216203011125349
    [P_MID] => CAEcatca07
    [P_AUTH_DT] => 20251216203252
    [P_STATUS] => 02
    [P_TYPE] => VBANK
    [P_OID] => 251216-027
    [P_FN_CD1] => 04
    [P_FN_CD2] => 
    [P_FN_NM] => KB국민은행
    [P_AMT] => 3000
    [P_UNAME] => 김주형
    [P_RMESG1] => P_VACCT_NO=52499014804391|P_EXP_DT=20251226
    [P_RMESG2] => 
    [P_NOTI] => 
    [P_AUTH_NO] => 
)

 Array
(
    [PageCall time] => 21:45:51
    [P_TID] => INIMX_VBNKCAEcatca0720251216214222665105
    [P_MID] => CAEcatca07
    [P_AUTH_DT] => 20251216214551
    [P_STATUS] => 02
    [P_TYPE] => VBANK
    [P_OID] => 251216-010
    [P_FN_CD1] => 03
    [P_FN_CD2] => 
    [P_FN_NM] => 기업은행
    [P_AMT] => 3000
    [P_UNAME] => 김정인
    [P_RMESG1] => P_VACCT_NO=07503195597801|P_EXP_DT=20251226
    [P_RMESG2] => 
    [P_NOTI] => 
    [P_AUTH_NO] => 
)

 Array
(
    [PageCall time] => 22:00:37
    [P_TID] => INIMX_VBNKCAEcatca0720251216215740845581
    [P_MID] => CAEcatca07
    [P_AUTH_DT] => 20251216220037
    [P_STATUS] => 02
    [P_TYPE] => VBANK
    [P_OID] => 251216-028
    [P_FN_CD1] => 88
    [P_FN_CD2] => 
    [P_FN_NM] => 신한은행
    [P_AMT] => 3000
    [P_UNAME] => 강경남
    [P_RMESG1] => P_VACCT_NO=56211991073717|P_EXP_DT=20251226
    [P_RMESG2] => 
    [P_NOTI] => 
    [P_AUTH_NO] => 
)

 Array
(
    [PageCall time] => 22:16:12
    [P_TID] => INIMX_VBNKCAEcatca0720251216221314065368
    [P_MID] => CAEcatca07
    [P_AUTH_DT] => 20251216221612
    [P_STATUS] => 02
    [P_TYPE] => VBANK
    [P_OID] => 251216-029
    [P_FN_CD1] => 34
    [P_FN_CD2] => 
    [P_FN_NM] => 광주은행
    [P_AMT] => 3000
    [P_UNAME] => 이정민
    [P_RMESG1] => P_VACCT_NO=810865218642|P_EXP_DT=20251226
    [P_RMESG2] => 
    [P_NOTI] => 
    [P_AUTH_NO] => 
)

 Array
(
    [PageCall time] => 22:59:06
    [P_TID] => INIMX_VBNKCAEcatca0720251216225634455626
    [P_MID] => CAEcatca07
    [P_AUTH_DT] => 20251216225906
    [P_STATUS] => 02
    [P_TYPE] => VBANK
    [P_OID] => 251216-030
    [P_FN_CD1] => 88
    [P_FN_CD2] => 
    [P_FN_NM] => 신한은행
    [P_AMT] => 3000
    [P_UNAME] => 정상원
    [P_RMESG1] => P_VACCT_NO=56211991077258|P_EXP_DT=20251226
    [P_RMESG2] => 
    [P_NOTI] => 
    [P_AUTH_NO] => 
)

