 Array
(
    [PageCall time] => 10:13:47
    [P_TID] => INIMX_VBNKCAEcatca0720260227100933615180
    [P_MID] => CAEcatca07
    [P_AUTH_DT] => 20260227101347
    [P_STATUS] => 02
    [P_TYPE] => VBANK
    [P_OID] => 260227-007
    [P_FN_CD1] => 81
    [P_FN_CD2] => 
    [P_FN_NM] => 하나은행
    [P_AMT] => 3500
    [P_UNAME] => 박기담
    [P_RMESG1] => P_VACCT_NO=20894122769437|P_EXP_DT=20260309
    [P_RMESG2] => 
    [P_NOTI] => 
    [P_AUTH_NO] => 
)

 Array
(
    [PageCall time] => 10:40:32
    [P_TID] => INIMX_VBNKCAEcatca0720260227103740795395
    [P_MID] => CAEcatca07
    [P_AUTH_DT] => 20260227104032
    [P_STATUS] => 02
    [P_TYPE] => VBANK
    [P_OID] => 260227-009
    [P_FN_CD1] => 20
    [P_FN_CD2] => 
    [P_FN_NM] => 우리은행
    [P_AMT] => 3500
    [P_UNAME] => 최영현
    [P_RMESG1] => P_VACCT_NO=27491265218901|P_EXP_DT=20260309
    [P_RMESG2] => 
    [P_NOTI] => 
    [P_AUTH_NO] => 
)

 Array
(
    [PageCall time] => 11:07:12
    [P_TID] => INIMX_VBNKCAEcatca0720260227110435745855
    [P_MID] => CAEcatca07
    [P_AUTH_DT] => 20260227110712
    [P_STATUS] => 02
    [P_TYPE] => VBANK
    [P_OID] => 260227-012
    [P_FN_CD1] => 88
    [P_FN_CD2] => 
    [P_FN_NM] => 신한은행
    [P_AMT] => 3500
    [P_UNAME] => 안경숙
    [P_RMESG1] => P_VACCT_NO=56211104404845|P_EXP_DT=20260309
    [P_RMESG2] => 
    [P_NOTI] => 
    [P_AUTH_NO] => 
)

 Array
(
    [PageCall time] => 11:14:54
    [P_TID] => INIMX_VBNKCAEcatca0720260226105118634198
    [P_MID] => CAEcatca07
    [P_AUTH_DT] => 20260227111454
    [P_STATUS] => 02
    [P_TYPE] => VBANK
    [P_OID] => 260226-007
    [P_FN_CD1] => 88
    [P_FN_CD2] => 
    [P_FN_NM] => 신한은행
    [P_AMT] => 3500
    [P_UNAME] => 김도?l
    [P_RMESG1] => P_VACCT_NO=56211991653554|P_EXP_DT=20260308
    [P_RMESG2] => 
    [P_NOTI] => 
    [P_AUTH_NO] => 
)

 Array
(
    [PageCall time] => 12:14:21
    [P_TID] => INIMX_VBNKCAEcatca0720260227120907455742
    [P_MID] => CAEcatca07
    [P_AUTH_DT] => 20260227121421
    [P_STATUS] => 02
    [P_TYPE] => VBANK
    [P_OID] => 260227-014
    [P_FN_CD1] => 81
    [P_FN_CD2] => 
    [P_FN_NM] => 하나은행
    [P_AMT] => 3500
    [P_UNAME] => 임영미
    [P_RMESG1] => P_VACCT_NO=20894124664137|P_EXP_DT=20260309
    [P_RMESG2] => 
    [P_NOTI] => 
    [P_AUTH_NO] => 
)

 Array
(
    [PageCall time] => 13:38:06
    [P_TID] => INIMX_VBNKCAEcatca0720260227133515185424
    [P_MID] => CAEcatca07
    [P_AUTH_DT] => 20260227133806
    [P_STATUS] => 02
    [P_TYPE] => VBANK
    [P_OID] => 260227-015
    [P_FN_CD1] => 04
    [P_FN_CD2] => 
    [P_FN_NM] => KB국민은행
    [P_AMT] => 3500
    [P_UNAME] => 박미경
    [P_RMESG1] => P_VACCT_NO=70239014175549|P_EXP_DT=20260309
    [P_RMESG2] => 
    [P_NOTI] => 
    [P_AUTH_NO] => 
)

 Array
(
    [PageCall time] => 13:49:52
    [P_TID] => INIMX_VBNKCAEcatca0720260227134722135019
    [P_MID] => CAEcatca07
    [P_AUTH_DT] => 20260227134952
    [P_STATUS] => 02
    [P_TYPE] => VBANK
    [P_OID] => 260227-019
    [P_FN_CD1] => 71
    [P_FN_CD2] => 
    [P_FN_NM] => 우체국
    [P_AMT] => 3500
    [P_UNAME] => 지승렬
    [P_RMESG1] => P_VACCT_NO=01398781178668|P_EXP_DT=20260309
    [P_RMESG2] => 
    [P_NOTI] => 
    [P_AUTH_NO] => 
)

 Array
(
    [PageCall time] => 13:58:39
    [P_TID] => INIMX_VBNKCAEcatca0720260227135605285974
    [P_MID] => CAEcatca07
    [P_AUTH_DT] => 20260227135839
    [P_STATUS] => 02
    [P_TYPE] => VBANK
    [P_OID] => 260227-020
    [P_FN_CD1] => 89
    [P_FN_CD2] => 
    [P_FN_NM] => 케이뱅크
    [P_AMT] => 3500
    [P_UNAME] => 방소현
    [P_RMESG1] => P_VACCT_NO=70112003625379|P_EXP_DT=20260309
    [P_RMESG2] => 
    [P_NOTI] => 
    [P_AUTH_NO] => 
)

 Array
(
    [PageCall time] => 16:07:45
    [P_TID] => INIMX_VBNKCAEcatca0720260227160136175162
    [P_MID] => CAEcatca07
    [P_AUTH_DT] => 20260227160745
    [P_STATUS] => 02
    [P_TYPE] => VBANK
    [P_OID] => 260227-024
    [P_FN_CD1] => 88
    [P_FN_CD2] => 
    [P_FN_NM] => 신한은행
    [P_AMT] => 3500
    [P_UNAME] => 강명숙
    [P_RMESG1] => P_VACCT_NO=56211104430080|P_EXP_DT=20260309
    [P_RMESG2] => 
    [P_NOTI] => 
    [P_AUTH_NO] => 
)

 Array
(
    [PageCall time] => 16:24:11
    [P_TID] => INIMX_VBNKCAEcatca0720260227162055235079
    [P_MID] => CAEcatca07
    [P_AUTH_DT] => 20260227162411
    [P_STATUS] => 02
    [P_TYPE] => VBANK
    [P_OID] => 260227-027
    [P_FN_CD1] => 20
    [P_FN_CD2] => 
    [P_FN_NM] => 우리은행
    [P_AMT] => 3500
    [P_UNAME] => 김보미
    [P_RMESG1] => P_VACCT_NO=27491299518423|P_EXP_DT=20260309
    [P_RMESG2] => 
    [P_NOTI] => 
    [P_AUTH_NO] => 
)

 Array
(
    [PageCall time] => 16:33:28
    [P_TID] => INIMX_VBNKCAEcatca0720260227163039655053
    [P_MID] => CAEcatca07
    [P_AUTH_DT] => 20260227163328
    [P_STATUS] => 02
    [P_TYPE] => VBANK
    [P_OID] => 260227-028
    [P_FN_CD1] => 04
    [P_FN_CD2] => 
    [P_FN_NM] => KB국민은행
    [P_AMT] => 3500
    [P_UNAME] => 조하경
    [P_RMESG1] => P_VACCT_NO=70239014211641|P_EXP_DT=20260309
    [P_RMESG2] => 
    [P_NOTI] => 
    [P_AUTH_NO] => 
)

 Array
(
    [PageCall time] => 16:59:49
    [P_TID] => INIMX_VBNKCAEcatca0720260227165707505579
    [P_MID] => CAEcatca07
    [P_AUTH_DT] => 20260227165949
    [P_STATUS] => 02
    [P_TYPE] => VBANK
    [P_OID] => 260227-029
    [P_FN_CD1] => 81
    [P_FN_CD2] => 
    [P_FN_NM] => 하나은행
    [P_AMT] => 3500
    [P_UNAME] => 지민구
    [P_RMESG1] => P_VACCT_NO=20894128271137|P_EXP_DT=20260309
    [P_RMESG2] => 
    [P_NOTI] => 
    [P_AUTH_NO] => 
)

 Array
(
    [PageCall time] => 17:10:50
    [P_TID] => INIMX_VBNKCAEcatca0720260227170709355744
    [P_MID] => CAEcatca07
    [P_AUTH_DT] => 20260227171050
    [P_STATUS] => 02
    [P_TYPE] => VBANK
    [P_OID] => 260227-030
    [P_FN_CD1] => 04
    [P_FN_CD2] => 
    [P_FN_NM] => KB국민은행
    [P_AMT] => 3500
    [P_UNAME] => 이다연
    [P_RMESG1] => P_VACCT_NO=70239014218794|P_EXP_DT=20260309
    [P_RMESG2] => 
    [P_NOTI] => 
    [P_AUTH_NO] => 
)

 Array
(
    [PageCall time] => 17:55:07
    [P_TID] => INIMX_VBNKCAEcatca0720260227175233935980
    [P_MID] => CAEcatca07
    [P_AUTH_DT] => 20260227175507
    [P_STATUS] => 02
    [P_TYPE] => VBANK
    [P_OID] => 260227-032
    [P_FN_CD1] => 04
    [P_FN_CD2] => 
    [P_FN_NM] => KB국민은행
    [P_AMT] => 3500
    [P_UNAME] => 최광진
    [P_RMESG1] => P_VACCT_NO=70239014227336|P_EXP_DT=20260309
    [P_RMESG2] => 
    [P_NOTI] => 
    [P_AUTH_NO] => 
)

 Array
(
    [PageCall time] => 18:48:56
    [P_TID] => INIMX_VBNKCAEcatca0720260227184543365719
    [P_MID] => CAEcatca07
    [P_AUTH_DT] => 20260227184856
    [P_STATUS] => 02
    [P_TYPE] => VBANK
    [P_OID] => 260227-021
    [P_FN_CD1] => 03
    [P_FN_CD2] => 
    [P_FN_NM] => 기업은행
    [P_AMT] => 3500
    [P_UNAME] => 심관보
    [P_RMESG1] => P_VACCT_NO=07503227297538|P_EXP_DT=20260309
    [P_RMESG2] => 
    [P_NOTI] => 
    [P_AUTH_NO] => 
)

 Array
(
    [PageCall time] => 18:59:03
    [P_TID] => INIMX_VBNKCAEcatca0720260227185559955369
    [P_MID] => CAEcatca07
    [P_AUTH_DT] => 20260227185903
    [P_STATUS] => 02
    [P_TYPE] => VBANK
    [P_OID] => 260227-033
    [P_FN_CD1] => 88
    [P_FN_CD2] => 
    [P_FN_NM] => 신한은행
    [P_AMT] => 3500
    [P_UNAME] => 서시연
    [P_RMESG1] => P_VACCT_NO=56211104445252|P_EXP_DT=20260309
    [P_RMESG2] => 
    [P_NOTI] => 
    [P_AUTH_NO] => 
)

 Array
(
    [PageCall time] => 19:51:27
    [P_TID] => INIMX_VBNKCAEcatca0720260224203647714956
    [P_MID] => CAEcatca07
    [P_AUTH_DT] => 20260227195127
    [P_STATUS] => 02
    [P_TYPE] => VBANK
    [P_OID] => 260224-030
    [P_FN_CD1] => 81
    [P_FN_CD2] => 
    [P_FN_NM] => 하나은행
    [P_AMT] => 3500
    [P_UNAME] => 강수빈
    [P_RMESG1] => P_VACCT_NO=20894235760837|P_EXP_DT=20260306
    [P_RMESG2] => 
    [P_NOTI] => 
    [P_AUTH_NO] => 
)

 Array
(
    [PageCall time] => 21:16:02
    [P_TID] => INIMX_VBNKCAEcatca0720260227211450255865
    [P_MID] => CAEcatca07
    [P_AUTH_DT] => 20260227211602
    [P_STATUS] => 02
    [P_TYPE] => VBANK
    [P_OID] => 260227-034
    [P_FN_CD1] => 11
    [P_FN_CD2] => 
    [P_FN_NM] => NH농협은행
    [P_AMT] => 3500
    [P_UNAME] => 윤여천
    [P_RMESG1] => P_VACCT_NO=79014290106266|P_EXP_DT=20260309
    [P_RMESG2] => 
    [P_NOTI] => 
    [P_AUTH_NO] => 
)

 Array
(
    [PageCall time] => 22:26:37
    [P_TID] => INIMX_VBNKCAEcatca0720260227222613855682
    [P_MID] => CAEcatca07
    [P_AUTH_DT] => 20260227222637
    [P_STATUS] => 02
    [P_TYPE] => VBANK
    [P_OID] => 260227-035
    [P_FN_CD1] => 11
    [P_FN_CD2] => 
    [P_FN_NM] => NH농협은행
    [P_AMT] => 3500
    [P_UNAME] => 권나연
    [P_RMESG1] => P_VACCT_NO=79014290111973|P_EXP_DT=20260309
    [P_RMESG2] => 
    [P_NOTI] => 
    [P_AUTH_NO] => 
)

