 Array
(
    [PageCall time] => 07:41:10
    [P_TID] => INIMX_VBNKCAEcatca0720260317073836855146
    [P_MID] => CAEcatca07
    [P_AUTH_DT] => 20260317074110
    [P_STATUS] => 02
    [P_TYPE] => VBANK
    [P_OID] => 260303-029
    [P_FN_CD1] => 88
    [P_FN_CD2] => 
    [P_FN_NM] => 신한은행
    [P_AMT] => 3500
    [P_UNAME] => 임효정
    [P_RMESG1] => P_VACCT_NO=56211105288440|P_EXP_DT=20260327
    [P_RMESG2] => 
    [P_NOTI] => 
    [P_AUTH_NO] => 
)

 Array
(
    [PageCall time] => 10:05:26
    [P_TID] => INIMX_VBNKCAEcatca0720260317095717915374
    [P_MID] => CAEcatca07
    [P_AUTH_DT] => 20260317100526
    [P_STATUS] => 02
    [P_TYPE] => VBANK
    [P_OID] => 260317-002
    [P_FN_CD1] => 81
    [P_FN_CD2] => 
    [P_FN_NM] => 하나은행
    [P_AMT] => 3500
    [P_UNAME] => 허성미
    [P_RMESG1] => P_VACCT_NO=20893778455837|P_EXP_DT=20260327
    [P_RMESG2] => 
    [P_NOTI] => 
    [P_AUTH_NO] => 
)

 Array
(
    [PageCall time] => 10:11:12
    [P_TID] => INIMX_VBNKCAEcatca0720260317100818265018
    [P_MID] => CAEcatca07
    [P_AUTH_DT] => 20260317101112
    [P_STATUS] => 02
    [P_TYPE] => VBANK
    [P_OID] => 260312-010
    [P_FN_CD1] => 32
    [P_FN_CD2] => 
    [P_FN_NM] => 부산은행
    [P_AMT] => 3500
    [P_UNAME] => 유성미
    [P_RMESG1] => P_VACCT_NO=109924776857|P_EXP_DT=20260327
    [P_RMESG2] => 
    [P_NOTI] => 
    [P_AUTH_NO] => 
)

 Array
(
    [PageCall time] => 11:07:01
    [P_TID] => INIMX_VBNKCAEcatca0720260317110347705358
    [P_MID] => CAEcatca07
    [P_AUTH_DT] => 20260317110701
    [P_STATUS] => 02
    [P_TYPE] => VBANK
    [P_OID] => 260317-005
    [P_FN_CD1] => 04
    [P_FN_CD2] => 
    [P_FN_NM] => KB국민은행
    [P_AMT] => 3500
    [P_UNAME] => 정태진
    [P_RMESG1] => P_VACCT_NO=26119078757035|P_EXP_DT=20260327
    [P_RMESG2] => 
    [P_NOTI] => 
    [P_AUTH_NO] => 
)

 Array
(
    [PageCall time] => 11:12:35
    [P_TID] => INIMX_VBNKCAEcatca0720260317111127915390
    [P_MID] => CAEcatca07
    [P_AUTH_DT] => 20260317111235
    [P_STATUS] => 02
    [P_TYPE] => VBANK
    [P_OID] => 260317-006
    [P_FN_CD1] => 11
    [P_FN_CD2] => 
    [P_FN_NM] => NH농협은행
    [P_AMT] => 3500
    [P_UNAME] => 강만호
    [P_RMESG1] => P_VACCT_NO=79014408170434|P_EXP_DT=20260327
    [P_RMESG2] => 
    [P_NOTI] => 
    [P_AUTH_NO] => 
)

 Array
(
    [PageCall time] => 11:40:02
    [P_TID] => INIMX_VBNKCAEcatca0720260317113923175840
    [P_MID] => CAEcatca07
    [P_AUTH_DT] => 20260317114002
    [P_STATUS] => 02
    [P_TYPE] => VBANK
    [P_OID] => 260317-007
    [P_FN_CD1] => 11
    [P_FN_CD2] => 
    [P_FN_NM] => NH농협은행
    [P_AMT] => 3500
    [P_UNAME] => 박영삼
    [P_RMESG1] => P_VACCT_NO=79014408174373|P_EXP_DT=20260327
    [P_RMESG2] => 
    [P_NOTI] => 
    [P_AUTH_NO] => 
)

 Array
(
    [PageCall time] => 12:17:02
    [P_TID] => INIMX_VBNKCAEcatca0720260317121327455379
    [P_MID] => CAEcatca07
    [P_AUTH_DT] => 20260317121702
    [P_STATUS] => 02
    [P_TYPE] => VBANK
    [P_OID] => 260317-008
    [P_FN_CD1] => 81
    [P_FN_CD2] => 
    [P_FN_NM] => 하나은행
    [P_AMT] => 3500
    [P_UNAME] => 백미애
    [P_RMESG1] => P_VACCT_NO=20893789355837|P_EXP_DT=20260327
    [P_RMESG2] => 
    [P_NOTI] => 
    [P_AUTH_NO] => 
)

 Array
(
    [PageCall time] => 13:53:46
    [P_TID] => INIMX_VBNKCAEcatca0720260317135247225667
    [P_MID] => CAEcatca07
    [P_AUTH_DT] => 20260317135346
    [P_STATUS] => 02
    [P_TYPE] => VBANK
    [P_OID] => 260317-010
    [P_FN_CD1] => 11
    [P_FN_CD2] => 
    [P_FN_NM] => NH농협은행
    [P_AMT] => 3500
    [P_UNAME] => 김재성
    [P_RMESG1] => P_VACCT_NO=79014408189765|P_EXP_DT=20260327
    [P_RMESG2] => 
    [P_NOTI] => 
    [P_AUTH_NO] => 
)

 Array
(
    [PageCall time] => 14:26:01
    [P_TID] => INIMX_VBNKCAEcatca0720260317142503925777
    [P_MID] => CAEcatca07
    [P_AUTH_DT] => 20260317142601
    [P_STATUS] => 02
    [P_TYPE] => VBANK
    [P_OID] => 260317-012
    [P_FN_CD1] => 11
    [P_FN_CD2] => 
    [P_FN_NM] => NH농협은행
    [P_AMT] => 3500
    [P_UNAME] => 유나
    [P_RMESG1] => P_VACCT_NO=79014408194566|P_EXP_DT=20260327
    [P_RMESG2] => 
    [P_NOTI] => 
    [P_AUTH_NO] => 
)

 Array
(
    [PageCall time] => 14:31:42
    [P_TID] => INIMX_VBNKCAEcatca0720260317143110825132
    [P_MID] => CAEcatca07
    [P_AUTH_DT] => 20260317143142
    [P_STATUS] => 02
    [P_TYPE] => VBANK
    [P_OID] => 260317-013
    [P_FN_CD1] => 11
    [P_FN_CD2] => 
    [P_FN_NM] => NH농협은행
    [P_AMT] => 3500
    [P_UNAME] => 박수연
    [P_RMESG1] => P_VACCT_NO=79014408195388|P_EXP_DT=20260327
    [P_RMESG2] => 
    [P_NOTI] => 
    [P_AUTH_NO] => 
)

 Array
(
    [PageCall time] => 14:54:07
    [P_TID] => INIMX_VBNKCAEcatca0720260317145110295688
    [P_MID] => CAEcatca07
    [P_AUTH_DT] => 20260317145406
    [P_STATUS] => 02
    [P_TYPE] => VBANK
    [P_OID] => 260317-015
    [P_FN_CD1] => 04
    [P_FN_CD2] => 
    [P_FN_NM] => KB국민은행
    [P_AMT] => 3500
    [P_UNAME] => 조아란
    [P_RMESG1] => P_VACCT_NO=80429078024729|P_EXP_DT=20260327
    [P_RMESG2] => 
    [P_NOTI] => 
    [P_AUTH_NO] => 
)

 Array
(
    [PageCall time] => 15:02:17
    [P_TID] => INIMX_VBNKCAEcatca0720260317145928495633
    [P_MID] => CAEcatca07
    [P_AUTH_DT] => 20260317150217
    [P_STATUS] => 02
    [P_TYPE] => VBANK
    [P_OID] => 260317-016
    [P_FN_CD1] => 89
    [P_FN_CD2] => 
    [P_FN_NM] => 케이뱅크
    [P_AMT] => 3500
    [P_UNAME] => 류제혁
    [P_RMESG1] => P_VACCT_NO=70112003780464|P_EXP_DT=20260327
    [P_RMESG2] => 
    [P_NOTI] => 
    [P_AUTH_NO] => 
)

 Array
(
    [PageCall time] => 15:17:10
    [P_TID] => INIMX_VBNKCAEcatca0720260317151441575427
    [P_MID] => CAEcatca07
    [P_AUTH_DT] => 20260317151710
    [P_STATUS] => 02
    [P_TYPE] => VBANK
    [P_OID] => 260317-017
    [P_FN_CD1] => 89
    [P_FN_CD2] => 
    [P_FN_NM] => 케이뱅크
    [P_AMT] => 3500
    [P_UNAME] => 조하경
    [P_RMESG1] => P_VACCT_NO=70112003780713|P_EXP_DT=20260327
    [P_RMESG2] => 
    [P_NOTI] => 
    [P_AUTH_NO] => 
)

 Array
(
    [PageCall time] => 15:23:47
    [P_TID] => INIMX_VBNKCAEcatca0720260317152057315360
    [P_MID] => CAEcatca07
    [P_AUTH_DT] => 20260317152347
    [P_STATUS] => 02
    [P_TYPE] => VBANK
    [P_OID] => 260317-018
    [P_FN_CD1] => 88
    [P_FN_CD2] => 
    [P_FN_NM] => 신한은행
    [P_AMT] => 3500
    [P_UNAME] => 김솔람
    [P_RMESG1] => P_VACCT_NO=56211105492150|P_EXP_DT=20260327
    [P_RMESG2] => 
    [P_NOTI] => 
    [P_AUTH_NO] => 
)

 Array
(
    [PageCall time] => 15:47:30
    [P_TID] => INIMX_VBNKCAEcatca0720260317154437795112
    [P_MID] => CAEcatca07
    [P_AUTH_DT] => 20260317154730
    [P_STATUS] => 02
    [P_TYPE] => VBANK
    [P_OID] => 260317-019
    [P_FN_CD1] => 88
    [P_FN_CD2] => 
    [P_FN_NM] => 신한은행
    [P_AMT] => 3500
    [P_UNAME] => 이현영
    [P_RMESG1] => P_VACCT_NO=56211105494602|P_EXP_DT=20260327
    [P_RMESG2] => 
    [P_NOTI] => 
    [P_AUTH_NO] => 
)

 Array
(
    [PageCall time] => 16:16:58
    [P_TID] => INIMX_VBNKCAEcatca0720260317161413185195
    [P_MID] => CAEcatca07
    [P_AUTH_DT] => 20260317161658
    [P_STATUS] => 02
    [P_TYPE] => VBANK
    [P_OID] => 260317-021
    [P_FN_CD1] => 04
    [P_FN_CD2] => 
    [P_FN_NM] => KB국민은행
    [P_AMT] => 3500
    [P_UNAME] => 윤소은
    [P_RMESG1] => P_VACCT_NO=80429078045764|P_EXP_DT=20260327
    [P_RMESG2] => 
    [P_NOTI] => 
    [P_AUTH_NO] => 
)

 Array
(
    [PageCall time] => 16:42:47
    [P_TID] => INIMX_VBNKCAEcatca0720260317163823755580
    [P_MID] => CAEcatca07
    [P_AUTH_DT] => 20260317164247
    [P_STATUS] => 02
    [P_TYPE] => VBANK
    [P_OID] => 260317-024
    [P_FN_CD1] => 04
    [P_FN_CD2] => 
    [P_FN_NM] => KB국민은행
    [P_AMT] => 3500
    [P_UNAME] => 엄연수
    [P_RMESG1] => P_VACCT_NO=80429078051701|P_EXP_DT=20260327
    [P_RMESG2] => 
    [P_NOTI] => 
    [P_AUTH_NO] => 
)

 Array
(
    [PageCall time] => 17:04:27
    [P_TID] => INIMX_VBNKCAEcatca0720260317122816875817
    [P_MID] => CAEcatca07
    [P_AUTH_DT] => 20260317170427
    [P_STATUS] => 02
    [P_TYPE] => VBANK
    [P_OID] => 260317-003
    [P_FN_CD1] => 81
    [P_FN_CD2] => 
    [P_FN_NM] => 하나은행
    [P_AMT] => 3500
    [P_UNAME] => 강성은
    [P_RMESG1] => P_VACCT_NO=20893789427737|P_EXP_DT=20260327
    [P_RMESG2] => 
    [P_NOTI] => 
    [P_AUTH_NO] => 
)

 Array
(
    [PageCall time] => 17:23:05
    [P_TID] => INIMX_VBNKCAEcatca0720260317171802485727
    [P_MID] => CAEcatca07
    [P_AUTH_DT] => 20260317172305
    [P_STATUS] => 02
    [P_TYPE] => VBANK
    [P_OID] => 260317-026
    [P_FN_CD1] => 20
    [P_FN_CD2] => 
    [P_FN_NM] => 우리은행
    [P_AMT] => 3500
    [P_UNAME] => 박인철
    [P_RMESG1] => P_VACCT_NO=27763057518228|P_EXP_DT=20260327
    [P_RMESG2] => 
    [P_NOTI] => 
    [P_AUTH_NO] => 
)

 Array
(
    [PageCall time] => 17:51:58
    [P_TID] => INIMX_VBNKCAEcatca0720260317174731985811
    [P_MID] => CAEcatca07
    [P_AUTH_DT] => 20260317175158
    [P_STATUS] => 02
    [P_TYPE] => VBANK
    [P_OID] => 260317-027
    [P_FN_CD1] => 03
    [P_FN_CD2] => 
    [P_FN_NM] => 기업은행
    [P_AMT] => 3500
    [P_UNAME] => 양보경
    [P_RMESG1] => P_VACCT_NO=07500587897428|P_EXP_DT=20260327
    [P_RMESG2] => 
    [P_NOTI] => 
    [P_AUTH_NO] => 
)

 Array
(
    [PageCall time] => 17:58:04
    [P_TID] => INIMX_VBNKCAEcatca0720260317175705535705
    [P_MID] => CAEcatca07
    [P_AUTH_DT] => 20260317175804
    [P_STATUS] => 02
    [P_TYPE] => VBANK
    [P_OID] => 260317-029
    [P_FN_CD1] => 11
    [P_FN_CD2] => 
    [P_FN_NM] => NH농협은행
    [P_AMT] => 3500
    [P_UNAME] => 박은수
    [P_RMESG1] => P_VACCT_NO=79014408225137|P_EXP_DT=20260327
    [P_RMESG2] => 
    [P_NOTI] => 
    [P_AUTH_NO] => 
)

 Array
(
    [PageCall time] => 18:15:28
    [P_TID] => INIMX_VBNKCAEcatca0720260317181216745689
    [P_MID] => CAEcatca07
    [P_AUTH_DT] => 20260317181528
    [P_STATUS] => 02
    [P_TYPE] => VBANK
    [P_OID] => 260317-030
    [P_FN_CD1] => 20
    [P_FN_CD2] => 
    [P_FN_NM] => 우리은행
    [P_AMT] => 3500
    [P_UNAME] => 이다용
    [P_RMESG1] => P_VACCT_NO=27763059118291|P_EXP_DT=20260327
    [P_RMESG2] => 
    [P_NOTI] => 
    [P_AUTH_NO] => 
)

 Array
(
    [PageCall time] => 18:51:53
    [P_TID] => INIMX_VBNKCAEcatca0720260317184817515830
    [P_MID] => CAEcatca07
    [P_AUTH_DT] => 20260317185153
    [P_STATUS] => 02
    [P_TYPE] => VBANK
    [P_OID] => 260317-033
    [P_FN_CD1] => 04
    [P_FN_CD2] => 
    [P_FN_NM] => KB국민은행
    [P_AMT] => 3500
    [P_UNAME] => 김명준
    [P_RMESG1] => P_VACCT_NO=80429078075411|P_EXP_DT=20260327
    [P_RMESG2] => 
    [P_NOTI] => 
    [P_AUTH_NO] => 
)

 Array
(
    [PageCall time] => 22:14:03
    [P_TID] => INIMX_VBNKCAEcatca0720260317221313325206
    [P_MID] => CAEcatca07
    [P_AUTH_DT] => 20260317221403
    [P_STATUS] => 02
    [P_TYPE] => VBANK
    [P_OID] => 260317-031
    [P_FN_CD1] => 11
    [P_FN_CD2] => 
    [P_FN_NM] => NH농협은행
    [P_AMT] => 3500
    [P_UNAME] => 한민아
    [P_RMESG1] => P_VACCT_NO=79014408250107|P_EXP_DT=20260327
    [P_RMESG2] => 
    [P_NOTI] => 
    [P_AUTH_NO] => 
)

 Array
(
    [PageCall time] => 22:28:19
    [P_TID] => INIMX_VBNKCAEcatca0720260317222518875503
    [P_MID] => CAEcatca07
    [P_AUTH_DT] => 20260317222819
    [P_STATUS] => 02
    [P_TYPE] => VBANK
    [P_OID] => 260317-036
    [P_FN_CD1] => 04
    [P_FN_CD2] => 
    [P_FN_NM] => KB국민은행
    [P_AMT] => 3500
    [P_UNAME] => 나명완
    [P_RMESG1] => P_VACCT_NO=80429078101536|P_EXP_DT=20260327
    [P_RMESG2] => 
    [P_NOTI] => 
    [P_AUTH_NO] => 
)

 Array
(
    [PageCall time] => 22:38:29
    [P_TID] => INIMX_VBNKCAEcatca0720260317223523495261
    [P_MID] => CAEcatca07
    [P_AUTH_DT] => 20260317223829
    [P_STATUS] => 02
    [P_TYPE] => VBANK
    [P_OID] => 260317-037
    [P_FN_CD1] => 03
    [P_FN_CD2] => 
    [P_FN_NM] => 기업은행
    [P_AMT] => 3500
    [P_UNAME] => 박희성
    [P_RMESG1] => P_VACCT_NO=07500596197920|P_EXP_DT=20260327
    [P_RMESG2] => 
    [P_NOTI] => 
    [P_AUTH_NO] => 
)

 Array
(
    [PageCall time] => 22:40:05
    [P_TID] => INIMX_VBNKCAEcatca0720260317144614395563
    [P_MID] => CAEcatca07
    [P_AUTH_DT] => 20260317224005
    [P_STATUS] => 02
    [P_TYPE] => VBANK
    [P_OID] => 260317-009
    [P_FN_CD1] => 20
    [P_FN_CD2] => 
    [P_FN_NM] => 우리은행
    [P_AMT] => 3500
    [P_UNAME] => 김주희
    [P_RMESG1] => P_VACCT_NO=27763044518585|P_EXP_DT=20260327
    [P_RMESG2] => 
    [P_NOTI] => 
    [P_AUTH_NO] => 
)

 Array
(
    [PageCall time] => 22:49:26
    [P_TID] => INIMX_VBNKCAEcatca0720260317224556165147
    [P_MID] => CAEcatca07
    [P_AUTH_DT] => 20260317224926
    [P_STATUS] => 02
    [P_TYPE] => VBANK
    [P_OID] => 260317-038
    [P_FN_CD1] => 88
    [P_FN_CD2] => 
    [P_FN_NM] => 신한은행
    [P_AMT] => 3500
    [P_UNAME] => 한민욱
    [P_RMESG1] => P_VACCT_NO=56211105520700|P_EXP_DT=20260327
    [P_RMESG2] => 
    [P_NOTI] => 
    [P_AUTH_NO] => 
)

