 Array
(
    [PageCall time] => 09:50:35
    [P_TID] => INIMX_VBNKCAEcatca0720251229094803555299
    [P_MID] => CAEcatca07
    [P_AUTH_DT] => 20251229095034
    [P_STATUS] => 02
    [P_TYPE] => VBANK
    [P_OID] => 251229-001
    [P_FN_CD1] => 04
    [P_FN_CD2] => 
    [P_FN_NM] => KB국민은행
    [P_AMT] => 3000
    [P_UNAME] => 양버들
    [P_RMESG1] => P_VACCT_NO=29419079190110|P_EXP_DT=20260108
    [P_RMESG2] => 
    [P_NOTI] => 
    [P_AUTH_NO] => 
)

 Array
(
    [PageCall time] => 09:55:45
    [P_TID] => INIMX_VBNKCAEcatca0720251229095138665714
    [P_MID] => CAEcatca07
    [P_AUTH_DT] => 20251229095545
    [P_STATUS] => 02
    [P_TYPE] => VBANK
    [P_OID] => 251229-002
    [P_FN_CD1] => 04
    [P_FN_CD2] => 
    [P_FN_NM] => KB국민은행
    [P_AMT] => 3000
    [P_UNAME] => 노민관
    [P_RMESG1] => P_VACCT_NO=29419079206466|P_EXP_DT=20260108
    [P_RMESG2] => 
    [P_NOTI] => 
    [P_AUTH_NO] => 
)

 Array
(
    [PageCall time] => 09:59:33
    [P_TID] => INIMX_VBNKCAEcatca0720251229095626425851
    [P_MID] => CAEcatca07
    [P_AUTH_DT] => 20251229095933
    [P_STATUS] => 02
    [P_TYPE] => VBANK
    [P_OID] => 251229-003
    [P_FN_CD1] => 04
    [P_FN_CD2] => 
    [P_FN_NM] => KB국민은행
    [P_AMT] => 3000
    [P_UNAME] => 김철
    [P_RMESG1] => P_VACCT_NO=29419079246075|P_EXP_DT=20260108
    [P_RMESG2] => 
    [P_NOTI] => 
    [P_AUTH_NO] => 
)

 Array
(
    [PageCall time] => 09:59:44
    [P_TID] => INIMX_VBNKCAEcatca0720251229095859405970
    [P_MID] => CAEcatca07
    [P_AUTH_DT] => 20251229095944
    [P_STATUS] => 02
    [P_TYPE] => VBANK
    [P_OID] => 251229-004
    [P_FN_CD1] => 11
    [P_FN_CD2] => 
    [P_FN_NM] => NH농협은행
    [P_AMT] => 3000
    [P_UNAME] => 차지훈
    [P_RMESG1] => P_VACCT_NO=79010588050780|P_EXP_DT=20260108
    [P_RMESG2] => 
    [P_NOTI] => 
    [P_AUTH_NO] => 
)

 Array
(
    [PageCall time] => 10:20:03
    [P_TID] => INIMX_VBNKCAEcatca0720251229101653365648
    [P_MID] => CAEcatca07
    [P_AUTH_DT] => 20251229102002
    [P_STATUS] => 02
    [P_TYPE] => VBANK
    [P_OID] => 251229-006
    [P_FN_CD1] => 31
    [P_FN_CD2] => 
    [P_FN_NM] => 아이엠뱅크(대구은행)
    [P_AMT] => 3000
    [P_UNAME] => 최보경
    [P_RMESG1] => P_VACCT_NO=9600362566739|P_EXP_DT=20260108
    [P_RMESG2] => 
    [P_NOTI] => 
    [P_AUTH_NO] => 
)

 Array
(
    [PageCall time] => 10:29:16
    [P_TID] => INIMX_VBNKCAEcatca0720251229102835905819
    [P_MID] => CAEcatca07
    [P_AUTH_DT] => 20251229102916
    [P_STATUS] => 02
    [P_TYPE] => VBANK
    [P_OID] => 251229-007
    [P_FN_CD1] => 11
    [P_FN_CD2] => 
    [P_FN_NM] => NH농협은행
    [P_AMT] => 3000
    [P_UNAME] => 이은주
    [P_RMESG1] => P_VACCT_NO=79010588056665|P_EXP_DT=20260108
    [P_RMESG2] => 
    [P_NOTI] => 
    [P_AUTH_NO] => 
)

 Array
(
    [PageCall time] => 10:36:57
    [P_TID] => INIMX_VBNKCAEcatca0720251229103326995191
    [P_MID] => CAEcatca07
    [P_AUTH_DT] => 20251229103657
    [P_STATUS] => 02
    [P_TYPE] => VBANK
    [P_OID] => 251226-040
    [P_FN_CD1] => 88
    [P_FN_CD2] => 
    [P_FN_NM] => 신한은행
    [P_AMT] => 3000
    [P_UNAME] => 이솔지
    [P_RMESG1] => P_VACCT_NO=56211103983901|P_EXP_DT=20260108
    [P_RMESG2] => 
    [P_NOTI] => 
    [P_AUTH_NO] => 
)

 Array
(
    [PageCall time] => 10:40:04
    [P_TID] => INIMX_VBNKCAEcatca0720251229103620785118
    [P_MID] => CAEcatca07
    [P_AUTH_DT] => 20251229104004
    [P_STATUS] => 02
    [P_TYPE] => VBANK
    [P_OID] => 251229-010
    [P_FN_CD1] => 88
    [P_FN_CD2] => 
    [P_FN_NM] => 신한은행
    [P_AMT] => 3000
    [P_UNAME] => 한승철
    [P_RMESG1] => P_VACCT_NO=56211104311405|P_EXP_DT=20260108
    [P_RMESG2] => 
    [P_NOTI] => 
    [P_AUTH_NO] => 
)

 Array
(
    [PageCall time] => 10:57:00
    [P_TID] => INIMX_VBNKCAEcatca0720251229105347645222
    [P_MID] => CAEcatca07
    [P_AUTH_DT] => 20251229105700
    [P_STATUS] => 02
    [P_TYPE] => VBANK
    [P_OID] => 251229-013
    [P_FN_CD1] => 88
    [P_FN_CD2] => 
    [P_FN_NM] => 신한은행
    [P_AMT] => 3000
    [P_UNAME] => 이은경
    [P_RMESG1] => P_VACCT_NO=56211990517822|P_EXP_DT=20260108
    [P_RMESG2] => 
    [P_NOTI] => 
    [P_AUTH_NO] => 
)

 Array
(
    [PageCall time] => 10:58:30
    [P_TID] => INIMX_VBNKCAEcatca0720251229105526895517
    [P_MID] => CAEcatca07
    [P_AUTH_DT] => 20251229105830
    [P_STATUS] => 02
    [P_TYPE] => VBANK
    [P_OID] => 251229-014
    [P_FN_CD1] => 03
    [P_FN_CD2] => 
    [P_FN_NM] => 기업은행
    [P_AMT] => 3000
    [P_UNAME] => 편윤생
    [P_RMESG1] => P_VACCT_NO=07503263797164|P_EXP_DT=20260108
    [P_RMESG2] => 
    [P_NOTI] => 
    [P_AUTH_NO] => 
)

 Array
(
    [PageCall time] => 10:59:13
    [P_TID] => INIMX_VBNKCAEcatca0720251229105645855570
    [P_MID] => CAEcatca07
    [P_AUTH_DT] => 20251229105913
    [P_STATUS] => 02
    [P_TYPE] => VBANK
    [P_OID] => 251229-015
    [P_FN_CD1] => 04
    [P_FN_CD2] => 
    [P_FN_NM] => KB국민은행
    [P_AMT] => 3000
    [P_UNAME] => 서현선
    [P_RMESG1] => P_VACCT_NO=26159078041008|P_EXP_DT=20260108
    [P_RMESG2] => 
    [P_NOTI] => 
    [P_AUTH_NO] => 
)

 Array
(
    [PageCall time] => 11:02:11
    [P_TID] => INIMX_VBNKCAEcatca0720251229110137215731
    [P_MID] => CAEcatca07
    [P_AUTH_DT] => 20251229110211
    [P_STATUS] => 02
    [P_TYPE] => VBANK
    [P_OID] => 251229-012
    [P_FN_CD1] => 11
    [P_FN_CD2] => 
    [P_FN_NM] => NH농협은행
    [P_AMT] => 3000
    [P_UNAME] => 박기범
    [P_RMESG1] => P_VACCT_NO=79010588065551|P_EXP_DT=20260108
    [P_RMESG2] => 
    [P_NOTI] => 
    [P_AUTH_NO] => 
)

 Array
(
    [PageCall time] => 11:42:42
    [P_TID] => INIMX_VBNKCAEcatca0720251229114016615675
    [P_MID] => CAEcatca07
    [P_AUTH_DT] => 20251229114242
    [P_STATUS] => 02
    [P_TYPE] => VBANK
    [P_OID] => 251229-016
    [P_FN_CD1] => 88
    [P_FN_CD2] => 
    [P_FN_NM] => 신한은행
    [P_AMT] => 3000
    [P_UNAME] => 김동확
    [P_RMESG1] => P_VACCT_NO=56211991736128|P_EXP_DT=20260108
    [P_RMESG2] => 
    [P_NOTI] => 
    [P_AUTH_NO] => 
)

 Array
(
    [PageCall time] => 11:55:46
    [P_TID] => INIMX_VBNKCAEcatca0720251229115256805126
    [P_MID] => CAEcatca07
    [P_AUTH_DT] => 20251229115546
    [P_STATUS] => 02
    [P_TYPE] => VBANK
    [P_OID] => 251229-021
    [P_FN_CD1] => 03
    [P_FN_CD2] => 
    [P_FN_NM] => 기업은행
    [P_AMT] => 3000
    [P_UNAME] => 이수빈
    [P_RMESG1] => P_VACCT_NO=07503264797434|P_EXP_DT=20260108
    [P_RMESG2] => 
    [P_NOTI] => 
    [P_AUTH_NO] => 
)

 Array
(
    [PageCall time] => 12:08:15
    [P_TID] => INIMX_VBNKCAEcatca0720251229120540875641
    [P_MID] => CAEcatca07
    [P_AUTH_DT] => 20251229120815
    [P_STATUS] => 02
    [P_TYPE] => VBANK
    [P_OID] => 251229-022
    [P_FN_CD1] => 88
    [P_FN_CD2] => 
    [P_FN_NM] => 신한은행
    [P_AMT] => 3000
    [P_UNAME] => 이지혜
    [P_RMESG1] => P_VACCT_NO=56211991740574|P_EXP_DT=20260108
    [P_RMESG2] => 
    [P_NOTI] => 
    [P_AUTH_NO] => 
)

 Array
(
    [PageCall time] => 13:04:15
    [P_TID] => INIMX_VBNKCAEcatca0720251228224344195878
    [P_MID] => CAEcatca07
    [P_AUTH_DT] => 20251229130415
    [P_STATUS] => 02
    [P_TYPE] => VBANK
    [P_OID] => 251228-013
    [P_FN_CD1] => 03
    [P_FN_CD2] => 
    [P_FN_NM] => 기업은행
    [P_AMT] => 3000
    [P_UNAME] => 변옥화
    [P_RMESG1] => P_VACCT_NO=07503260497821|P_EXP_DT=20260107
    [P_RMESG2] => 
    [P_NOTI] => 
    [P_AUTH_NO] => 
)

 Array
(
    [PageCall time] => 13:45:13
    [P_TID] => INIMX_VBNKCAEcatca0720251229134040355977
    [P_MID] => CAEcatca07
    [P_AUTH_DT] => 20251229134513
    [P_STATUS] => 02
    [P_TYPE] => VBANK
    [P_OID] => 251229-026
    [P_FN_CD1] => 03
    [P_FN_CD2] => 
    [P_FN_NM] => 기업은행
    [P_AMT] => 3000
    [P_UNAME] => 윤상원
    [P_RMESG1] => P_VACCT_NO=07503266897419|P_EXP_DT=20260108
    [P_RMESG2] => 
    [P_NOTI] => 
    [P_AUTH_NO] => 
)

 Array
(
    [PageCall time] => 13:47:54
    [P_TID] => INIMX_VBNKCAEcatca0720251229134126665359
    [P_MID] => CAEcatca07
    [P_AUTH_DT] => 20251229134754
    [P_STATUS] => 02
    [P_TYPE] => VBANK
    [P_OID] => 251229-024
    [P_FN_CD1] => 04
    [P_FN_CD2] => 
    [P_FN_NM] => KB국민은행
    [P_AMT] => 3000
    [P_UNAME] => 김종숙
    [P_RMESG1] => P_VACCT_NO=60489014920623|P_EXP_DT=20260108
    [P_RMESG2] => 
    [P_NOTI] => 
    [P_AUTH_NO] => 
)

 Array
(
    [PageCall time] => 13:51:40
    [P_TID] => INIMX_VBNKCAEcatca0720251229134352165947
    [P_MID] => CAEcatca07
    [P_AUTH_DT] => 20251229135140
    [P_STATUS] => 02
    [P_TYPE] => VBANK
    [P_OID] => 251229-025
    [P_FN_CD1] => 11
    [P_FN_CD2] => 
    [P_FN_NM] => NH농협은행
    [P_AMT] => 3000
    [P_UNAME] => 양자애
    [P_RMESG1] => P_VACCT_NO=79010588095531|P_EXP_DT=20260108
    [P_RMESG2] => 
    [P_NOTI] => 
    [P_AUTH_NO] => 
)

 Array
(
    [PageCall time] => 14:02:03
    [P_TID] => INIMX_VBNKCAEcatca0720251229135845545791
    [P_MID] => CAEcatca07
    [P_AUTH_DT] => 20251229140203
    [P_STATUS] => 02
    [P_TYPE] => VBANK
    [P_OID] => 251229-027
    [P_FN_CD1] => 88
    [P_FN_CD2] => 
    [P_FN_NM] => 신한은행
    [P_AMT] => 3000
    [P_UNAME] => 홍승백
    [P_RMESG1] => P_VACCT_NO=56211991755836|P_EXP_DT=20260108
    [P_RMESG2] => 
    [P_NOTI] => 
    [P_AUTH_NO] => 
)

 Array
(
    [PageCall time] => 14:06:40
    [P_TID] => INIMX_VBNKCAEcatca0720251229140213915844
    [P_MID] => CAEcatca07
    [P_AUTH_DT] => 20251229140640
    [P_STATUS] => 02
    [P_TYPE] => VBANK
    [P_OID] => 251229-028
    [P_FN_CD1] => 04
    [P_FN_CD2] => 
    [P_FN_NM] => KB국민은행
    [P_AMT] => 3000
    [P_UNAME] => 최옥란
    [P_RMESG1] => P_VACCT_NO=60489014933979|P_EXP_DT=20260108
    [P_RMESG2] => 
    [P_NOTI] => 
    [P_AUTH_NO] => 
)

 Array
(
    [PageCall time] => 14:17:07
    [P_TID] => INIMX_VBNKCAEcatca0720251229141458175237
    [P_MID] => CAEcatca07
    [P_AUTH_DT] => 20251229141707
    [P_STATUS] => 02
    [P_TYPE] => VBANK
    [P_OID] => 251229-029
    [P_FN_CD1] => 11
    [P_FN_CD2] => 
    [P_FN_NM] => NH농협은행
    [P_AMT] => 3000
    [P_UNAME] => 최태원
    [P_RMESG1] => P_VACCT_NO=79010588104465|P_EXP_DT=20260108
    [P_RMESG2] => 
    [P_NOTI] => 
    [P_AUTH_NO] => 
)

 Array
(
    [PageCall time] => 14:45:52
    [P_TID] => INIMX_VBNKCAEcatca0720251229144508485430
    [P_MID] => CAEcatca07
    [P_AUTH_DT] => 20251229144552
    [P_STATUS] => 02
    [P_TYPE] => VBANK
    [P_OID] => 251229-031
    [P_FN_CD1] => 11
    [P_FN_CD2] => 
    [P_FN_NM] => NH농협은행
    [P_AMT] => 3000
    [P_UNAME] => 김재욱
    [P_RMESG1] => P_VACCT_NO=79010588111135|P_EXP_DT=20260108
    [P_RMESG2] => 
    [P_NOTI] => 
    [P_AUTH_NO] => 
)

 Array
(
    [PageCall time] => 15:30:20
    [P_TID] => INIMX_VBNKCAEcatca0720251229152724355294
    [P_MID] => CAEcatca07
    [P_AUTH_DT] => 20251229153020
    [P_STATUS] => 02
    [P_TYPE] => VBANK
    [P_OID] => 251229-034
    [P_FN_CD1] => 04
    [P_FN_CD2] => 
    [P_FN_NM] => KB국민은행
    [P_AMT] => 3000
    [P_UNAME] => 김나유
    [P_RMESG1] => P_VACCT_NO=60489014960021|P_EXP_DT=20260108
    [P_RMESG2] => 
    [P_NOTI] => 
    [P_AUTH_NO] => 
)

 Array
(
    [PageCall time] => 15:50:39
    [P_TID] => INIMX_VBNKCAEcatca0720251229154840575876
    [P_MID] => CAEcatca07
    [P_AUTH_DT] => 20251229155039
    [P_STATUS] => 02
    [P_TYPE] => VBANK
    [P_OID] => 251229-035
    [P_FN_CD1] => 11
    [P_FN_CD2] => 
    [P_FN_NM] => NH농협은행
    [P_AMT] => 3000
    [P_UNAME] => 신종복
    [P_RMESG1] => P_VACCT_NO=79010588125251|P_EXP_DT=20260108
    [P_RMESG2] => 
    [P_NOTI] => 
    [P_AUTH_NO] => 
)

 Array
(
    [PageCall time] => 15:53:48
    [P_TID] => INIMX_VBNKCAEcatca0720251229155125595961
    [P_MID] => CAEcatca07
    [P_AUTH_DT] => 20251229155348
    [P_STATUS] => 02
    [P_TYPE] => VBANK
    [P_OID] => 251229-033
    [P_FN_CD1] => 04
    [P_FN_CD2] => 
    [P_FN_NM] => KB국민은행
    [P_AMT] => 3000
    [P_UNAME] => 문종민
    [P_RMESG1] => P_VACCT_NO=60489014968283|P_EXP_DT=20260108
    [P_RMESG2] => 
    [P_NOTI] => 
    [P_AUTH_NO] => 
)

 Array
(
    [PageCall time] => 15:54:43
    [P_TID] => INIMX_VBNKCAEcatca0720251229155038825915
    [P_MID] => CAEcatca07
    [P_AUTH_DT] => 20251229155442
    [P_STATUS] => 02
    [P_TYPE] => VBANK
    [P_OID] => 251229-036
    [P_FN_CD1] => 04
    [P_FN_CD2] => 
    [P_FN_NM] => KB국민은행
    [P_AMT] => 3000
    [P_UNAME] => 박지현
    [P_RMESG1] => P_VACCT_NO=60489014967752|P_EXP_DT=20260108
    [P_RMESG2] => 
    [P_NOTI] => 
    [P_AUTH_NO] => 
)

 Array
(
    [PageCall time] => 16:04:23
    [P_TID] => INIMX_VBNKCAEcatca0720251229160104235348
    [P_MID] => CAEcatca07
    [P_AUTH_DT] => 20251229160423
    [P_STATUS] => 02
    [P_TYPE] => VBANK
    [P_OID] => 251229-037
    [P_FN_CD1] => 04
    [P_FN_CD2] => 
    [P_FN_NM] => KB국민은행
    [P_AMT] => 3000
    [P_UNAME] => 조재희
    [P_RMESG1] => P_VACCT_NO=60489014971373|P_EXP_DT=20260108
    [P_RMESG2] => 
    [P_NOTI] => 
    [P_AUTH_NO] => 
)

 Array
(
    [PageCall time] => 16:54:46
    [P_TID] => INIMX_VBNKCAEcatca0720251229165024565531
    [P_MID] => CAEcatca07
    [P_AUTH_DT] => 20251229165446
    [P_STATUS] => 02
    [P_TYPE] => VBANK
    [P_OID] => 251229-038
    [P_FN_CD1] => 88
    [P_FN_CD2] => 
    [P_FN_NM] => 신한은행
    [P_AMT] => 3000
    [P_UNAME] => 안미숙
    [P_RMESG1] => P_VACCT_NO=56211991780133|P_EXP_DT=20260108
    [P_RMESG2] => 
    [P_NOTI] => 
    [P_AUTH_NO] => 
)

 Array
(
    [PageCall time] => 17:08:44
    [P_TID] => INIMX_VBNKCAEcatca0720251229170533155965
    [P_MID] => CAEcatca07
    [P_AUTH_DT] => 20251229170844
    [P_STATUS] => 02
    [P_TYPE] => VBANK
    [P_OID] => 251229-039
    [P_FN_CD1] => 03
    [P_FN_CD2] => 
    [P_FN_NM] => 기업은행
    [P_AMT] => 3000
    [P_UNAME] => 김정희
    [P_RMESG1] => P_VACCT_NO=07503273197915|P_EXP_DT=20260108
    [P_RMESG2] => 
    [P_NOTI] => 
    [P_AUTH_NO] => 
)

 Array
(
    [PageCall time] => 18:23:40
    [P_TID] => INIMX_VBNKCAEcatca0720251229182203755261
    [P_MID] => CAEcatca07
    [P_AUTH_DT] => 20251229182340
    [P_STATUS] => 02
    [P_TYPE] => VBANK
    [P_OID] => 251229-041
    [P_FN_CD1] => 11
    [P_FN_CD2] => 
    [P_FN_NM] => NH농협은행
    [P_AMT] => 3000
    [P_UNAME] => 이포근
    [P_RMESG1] => P_VACCT_NO=79010588152151|P_EXP_DT=20260108
    [P_RMESG2] => 
    [P_NOTI] => 
    [P_AUTH_NO] => 
)

 Array
(
    [PageCall time] => 20:18:26
    [P_TID] => INIMX_VBNKCAEcatca0720251229201553125342
    [P_MID] => CAEcatca07
    [P_AUTH_DT] => 20251229201826
    [P_STATUS] => 02
    [P_TYPE] => VBANK
    [P_OID] => 251229-042
    [P_FN_CD1] => 88
    [P_FN_CD2] => 
    [P_FN_NM] => 신한은행
    [P_AMT] => 3000
    [P_UNAME] => 최은정
    [P_RMESG1] => P_VACCT_NO=56211991795575|P_EXP_DT=20260108
    [P_RMESG2] => 
    [P_NOTI] => 
    [P_AUTH_NO] => 
)

 Array
(
    [PageCall time] => 20:46:22
    [P_TID] => INIMX_VBNKCAEcatca0720251229204141705343
    [P_MID] => CAEcatca07
    [P_AUTH_DT] => 20251229204622
    [P_STATUS] => 02
    [P_TYPE] => VBANK
    [P_OID] => 251229-032
    [P_FN_CD1] => 04
    [P_FN_CD2] => 
    [P_FN_NM] => KB국민은행
    [P_AMT] => 3000
    [P_UNAME] => 김영희
    [P_RMESG1] => P_VACCT_NO=60519014035285|P_EXP_DT=20260108
    [P_RMESG2] => 
    [P_NOTI] => 
    [P_AUTH_NO] => 
)

 Array
(
    [PageCall time] => 20:47:43
    [P_TID] => INIMX_VBNKCAEcatca0720251229204427995403
    [P_MID] => CAEcatca07
    [P_AUTH_DT] => 20251229204743
    [P_STATUS] => 02
    [P_TYPE] => VBANK
    [P_OID] => 251229-043
    [P_FN_CD1] => 32
    [P_FN_CD2] => 
    [P_FN_NM] => 부산은행
    [P_AMT] => 3000
    [P_UNAME] => 박진호
    [P_RMESG1] => P_VACCT_NO=109924464626|P_EXP_DT=20260108
    [P_RMESG2] => 
    [P_NOTI] => 
    [P_AUTH_NO] => 
)

 Array
(
    [PageCall time] => 20:51:35
    [P_TID] => INIMX_VBNKCAEcatca0720251229204825885412
    [P_MID] => CAEcatca07
    [P_AUTH_DT] => 20251229205135
    [P_STATUS] => 02
    [P_TYPE] => VBANK
    [P_OID] => 251229-044
    [P_FN_CD1] => 20
    [P_FN_CD2] => 
    [P_FN_NM] => 우리은행
    [P_AMT] => 3000
    [P_UNAME] => 변기쁜
    [P_RMESG1] => P_VACCT_NO=27488652218707|P_EXP_DT=20260108
    [P_RMESG2] => 
    [P_NOTI] => 
    [P_AUTH_NO] => 
)

