 Array
(
    [PageCall time] => 08:03:26
    [P_TID] => INIMX_VBNKCAEcatca0720251209080024225885
    [P_MID] => CAEcatca07
    [P_AUTH_DT] => 20251209080326
    [P_STATUS] => 02
    [P_TYPE] => VBANK
    [P_OID] => 251208-014
    [P_FN_CD1] => 88
    [P_FN_CD2] => 
    [P_FN_NM] => 신한은행
    [P_AMT] => 3000
    [P_UNAME] => 권이순
    [P_RMESG1] => P_VACCT_NO=56211102160531|P_EXP_DT=20251219
    [P_RMESG2] => 
    [P_NOTI] => 
    [P_AUTH_NO] => 
)

 Array
(
    [PageCall time] => 08:56:15
    [P_TID] => INIMX_VBNKCAEcatca0720251209085251815531
    [P_MID] => CAEcatca07
    [P_AUTH_DT] => 20251209085614
    [P_STATUS] => 02
    [P_TYPE] => VBANK
    [P_OID] => 251209-001
    [P_FN_CD1] => 88
    [P_FN_CD2] => 
    [P_FN_NM] => 신한은행
    [P_AMT] => 3000
    [P_UNAME] => 최기봉
    [P_RMESG1] => P_VACCT_NO=56211990669919|P_EXP_DT=20251219
    [P_RMESG2] => 
    [P_NOTI] => 
    [P_AUTH_NO] => 
)

 Array
(
    [PageCall time] => 10:46:12
    [P_TID] => INIMX_VBNKCAEcatca0720251209104233214753
    [P_MID] => CAEcatca07
    [P_AUTH_DT] => 20251209104612
    [P_STATUS] => 02
    [P_TYPE] => VBANK
    [P_OID] => 251209-002
    [P_FN_CD1] => 81
    [P_FN_CD2] => 
    [P_FN_NM] => 하나은행
    [P_AMT] => 3000
    [P_UNAME] => 조영복
    [P_RMESG1] => P_VACCT_NO=20894190506037|P_EXP_DT=20251219
    [P_RMESG2] => 
    [P_NOTI] => 
    [P_AUTH_NO] => 
)

 Array
(
    [PageCall time] => 11:21:23
    [P_TID] => INIMX_VBNKCAEcatca0720251209111825274992
    [P_MID] => CAEcatca07
    [P_AUTH_DT] => 20251209112123
    [P_STATUS] => 02
    [P_TYPE] => VBANK
    [P_OID] => 251209-006
    [P_FN_CD1] => 20
    [P_FN_CD2] => 
    [P_FN_NM] => 우리은행
    [P_AMT] => 3000
    [P_UNAME] => 진은미
    [P_RMESG1] => P_VACCT_NO=27204332018188|P_EXP_DT=20251219
    [P_RMESG2] => 
    [P_NOTI] => 
    [P_AUTH_NO] => 
)

 Array
(
    [PageCall time] => 13:34:15
    [P_TID] => INIMX_VBNKCAEcatca0720251209133333904017
    [P_MID] => CAEcatca07
    [P_AUTH_DT] => 20251209133415
    [P_STATUS] => 02
    [P_TYPE] => VBANK
    [P_OID] => 251209-011
    [P_FN_CD1] => 11
    [P_FN_CD2] => 
    [P_FN_NM] => NH농협은행
    [P_AMT] => 3000
    [P_UNAME] => 한정은
    [P_RMESG1] => P_VACCT_NO=79006421912434|P_EXP_DT=20251219
    [P_RMESG2] => 
    [P_NOTI] => 
    [P_AUTH_NO] => 
)

 Array
(
    [PageCall time] => 14:11:14
    [P_TID] => INIMX_VBNKCAEcatca0720251209141027264305
    [P_MID] => CAEcatca07
    [P_AUTH_DT] => 20251209141114
    [P_STATUS] => 02
    [P_TYPE] => VBANK
    [P_OID] => 251209-013
    [P_FN_CD1] => 11
    [P_FN_CD2] => 
    [P_FN_NM] => NH농협은행
    [P_AMT] => 3000
    [P_UNAME] => 권남희
    [P_RMESG1] => P_VACCT_NO=79006421918059|P_EXP_DT=20251219
    [P_RMESG2] => 
    [P_NOTI] => 
    [P_AUTH_NO] => 
)

 Array
(
    [PageCall time] => 14:18:08
    [P_TID] => INIMX_VBNKCAEcatca0720251209141530924265
    [P_MID] => CAEcatca07
    [P_AUTH_DT] => 20251209141808
    [P_STATUS] => 02
    [P_TYPE] => VBANK
    [P_OID] => 251209-014
    [P_FN_CD1] => 20
    [P_FN_CD2] => 
    [P_FN_NM] => 우리은행
    [P_AMT] => 3000
    [P_UNAME] => 조원주
    [P_RMESG1] => P_VACCT_NO=27204336118395|P_EXP_DT=20251219
    [P_RMESG2] => 
    [P_NOTI] => 
    [P_AUTH_NO] => 
)

 Array
(
    [PageCall time] => 14:42:08
    [P_TID] => INIMX_VBNKCAEcatca0720251209143908435717
    [P_MID] => CAEcatca07
    [P_AUTH_DT] => 20251209144207
    [P_STATUS] => 02
    [P_TYPE] => VBANK
    [P_OID] => 251209-017
    [P_FN_CD1] => 03
    [P_FN_CD2] => 
    [P_FN_NM] => 기업은행
    [P_AMT] => 3000
    [P_UNAME] => 나선중
    [P_RMESG1] => P_VACCT_NO=07503144297432|P_EXP_DT=20251219
    [P_RMESG2] => 
    [P_NOTI] => 
    [P_AUTH_NO] => 
)

 Array
(
    [PageCall time] => 14:43:02
    [P_TID] => INIMX_VBNKCAEcatca0720251209143736445930
    [P_MID] => CAEcatca07
    [P_AUTH_DT] => 20251209144302
    [P_STATUS] => 02
    [P_TYPE] => VBANK
    [P_OID] => 251209-015
    [P_FN_CD1] => 31
    [P_FN_CD2] => 
    [P_FN_NM] => 아이엠뱅크(대구은행)
    [P_AMT] => 3000
    [P_UNAME] => 박미정
    [P_RMESG1] => P_VACCT_NO=9600362492900|P_EXP_DT=20251219
    [P_RMESG2] => 
    [P_NOTI] => 
    [P_AUTH_NO] => 
)

 Array
(
    [PageCall time] => 14:51:34
    [P_TID] => INIMX_VBNKCAEcatca0720251209144906925349
    [P_MID] => CAEcatca07
    [P_AUTH_DT] => 20251209145133
    [P_STATUS] => 02
    [P_TYPE] => VBANK
    [P_OID] => 251209-018
    [P_FN_CD1] => 88
    [P_FN_CD2] => 
    [P_FN_NM] => 신한은행
    [P_AMT] => 3000
    [P_UNAME] => 김진황
    [P_RMESG1] => P_VACCT_NO=56211990696902|P_EXP_DT=20251219
    [P_RMESG2] => 
    [P_NOTI] => 
    [P_AUTH_NO] => 
)

 Array
(
    [PageCall time] => 14:57:18
    [P_TID] => INIMX_VBNKCAEcatca0720251209145623335191
    [P_MID] => CAEcatca07
    [P_AUTH_DT] => 20251209145718
    [P_STATUS] => 02
    [P_TYPE] => VBANK
    [P_OID] => 251209-021
    [P_FN_CD1] => 11
    [P_FN_CD2] => 
    [P_FN_NM] => NH농협은행
    [P_AMT] => 3000
    [P_UNAME] => 진선자
    [P_RMESG1] => P_VACCT_NO=01444364745082|P_EXP_DT=20251219
    [P_RMESG2] => 
    [P_NOTI] => 
    [P_AUTH_NO] => 
)

 Array
(
    [PageCall time] => 14:57:50
    [P_TID] => INIMX_VBNKCAEcatca0720251209145337394676
    [P_MID] => CAEcatca07
    [P_AUTH_DT] => 20251209145750
    [P_STATUS] => 02
    [P_TYPE] => VBANK
    [P_OID] => 251209-020
    [P_FN_CD1] => 88
    [P_FN_CD2] => 
    [P_FN_NM] => 신한은행
    [P_AMT] => 3000
    [P_UNAME] => 최정은
    [P_RMESG1] => P_VACCT_NO=56211123419992|P_EXP_DT=20251219
    [P_RMESG2] => 
    [P_NOTI] => 
    [P_AUTH_NO] => 
)

 Array
(
    [PageCall time] => 15:08:19
    [P_TID] => INIMX_VBNKCAEcatca0720251209150502115137
    [P_MID] => CAEcatca07
    [P_AUTH_DT] => 20251209150819
    [P_STATUS] => 02
    [P_TYPE] => VBANK
    [P_OID] => 251209-022
    [P_FN_CD1] => 81
    [P_FN_CD2] => 
    [P_FN_NM] => 하나은행
    [P_AMT] => 3000
    [P_UNAME] => 여진영
    [P_RMESG1] => P_VACCT_NO=20894218691037|P_EXP_DT=20251219
    [P_RMESG2] => 
    [P_NOTI] => 
    [P_AUTH_NO] => 
)

 Array
(
    [PageCall time] => 15:27:56
    [P_TID] => INIMX_VBNKCAEcatca0720251209152509715988
    [P_MID] => CAEcatca07
    [P_AUTH_DT] => 20251209152756
    [P_STATUS] => 02
    [P_TYPE] => VBANK
    [P_OID] => 251209-023
    [P_FN_CD1] => 04
    [P_FN_CD2] => 
    [P_FN_NM] => KB국민은행
    [P_AMT] => 3000
    [P_UNAME] => 송지은
    [P_RMESG1] => P_VACCT_NO=26159078523733|P_EXP_DT=20251219
    [P_RMESG2] => 
    [P_NOTI] => 
    [P_AUTH_NO] => 
)

 Array
(
    [PageCall time] => 15:46:11
    [P_TID] => INIMX_VBNKCAEcatca0720251209153916735672
    [P_MID] => CAEcatca07
    [P_AUTH_DT] => 20251209154611
    [P_STATUS] => 02
    [P_TYPE] => VBANK
    [P_OID] => 251209-024
    [P_FN_CD1] => 03
    [P_FN_CD2] => 
    [P_FN_NM] => 기업은행
    [P_AMT] => 3000
    [P_UNAME] => 강연옥
    [P_RMESG1] => P_VACCT_NO=07503144997421|P_EXP_DT=20251219
    [P_RMESG2] => 
    [P_NOTI] => 
    [P_AUTH_NO] => 
)

 Array
(
    [PageCall time] => 16:00:47
    [P_TID] => INIMX_VBNKCAEcatca0720251209155803375111
    [P_MID] => CAEcatca07
    [P_AUTH_DT] => 20251209160047
    [P_STATUS] => 02
    [P_TYPE] => VBANK
    [P_OID] => 251209-026
    [P_FN_CD1] => 88
    [P_FN_CD2] => 
    [P_FN_NM] => 신한은행
    [P_AMT] => 3000
    [P_UNAME] => 임재민
    [P_RMESG1] => P_VACCT_NO=56211990705125|P_EXP_DT=20251219
    [P_RMESG2] => 
    [P_NOTI] => 
    [P_AUTH_NO] => 
)

 Array
(
    [PageCall time] => 16:34:35
    [P_TID] => INIMX_VBNKCAEcatca0720251209163058435660
    [P_MID] => CAEcatca07
    [P_AUTH_DT] => 20251209163434
    [P_STATUS] => 02
    [P_TYPE] => VBANK
    [P_OID] => 251209-029
    [P_FN_CD1] => 81
    [P_FN_CD2] => 
    [P_FN_NM] => 하나은행
    [P_AMT] => 3000
    [P_UNAME] => 이수정
    [P_RMESG1] => P_VACCT_NO=20894226513337|P_EXP_DT=20251219
    [P_RMESG2] => 
    [P_NOTI] => 
    [P_AUTH_NO] => 
)

 Array
(
    [PageCall time] => 16:34:50
    [P_TID] => INIMX_VBNKCAEcatca0720251209163115995002
    [P_MID] => CAEcatca07
    [P_AUTH_DT] => 20251209163450
    [P_STATUS] => 02
    [P_TYPE] => VBANK
    [P_OID] => 251209-027
    [P_FN_CD1] => 88
    [P_FN_CD2] => 
    [P_FN_NM] => 신한은행
    [P_AMT] => 3000
    [P_UNAME] => 신경숙
    [P_RMESG1] => P_VACCT_NO=56211990708208|P_EXP_DT=20251219
    [P_RMESG2] => 
    [P_NOTI] => 
    [P_AUTH_NO] => 
)

 Array
(
    [PageCall time] => 16:56:29
    [P_TID] => INIMX_VBNKCAEcatca0720251209165240715233
    [P_MID] => CAEcatca07
    [P_AUTH_DT] => 20251209165629
    [P_STATUS] => 02
    [P_TYPE] => VBANK
    [P_OID] => 251209-031
    [P_FN_CD1] => 81
    [P_FN_CD2] => 
    [P_FN_NM] => 하나은행
    [P_AMT] => 3000
    [P_UNAME] => 구정은
    [P_RMESG1] => P_VACCT_NO=20894228435037|P_EXP_DT=20251219
    [P_RMESG2] => 
    [P_NOTI] => 
    [P_AUTH_NO] => 
)

 Array
(
    [PageCall time] => 17:02:45
    [P_TID] => INIMX_VBNKCAEcatca0720251209170132785133
    [P_MID] => CAEcatca07
    [P_AUTH_DT] => 20251209170245
    [P_STATUS] => 02
    [P_TYPE] => VBANK
    [P_OID] => 251209-033
    [P_FN_CD1] => 11
    [P_FN_CD2] => 
    [P_FN_NM] => NH농협은행
    [P_AMT] => 3000
    [P_UNAME] => 최상호
    [P_RMESG1] => P_VACCT_NO=01444364812625|P_EXP_DT=20251219
    [P_RMESG2] => 
    [P_NOTI] => 
    [P_AUTH_NO] => 
)

 Array
(
    [PageCall time] => 17:02:50
    [P_TID] => INIMX_VBNKCAEcatca0720251209170205365543
    [P_MID] => CAEcatca07
    [P_AUTH_DT] => 20251209170250
    [P_STATUS] => 02
    [P_TYPE] => VBANK
    [P_OID] => 251209-028
    [P_FN_CD1] => 11
    [P_FN_CD2] => 
    [P_FN_NM] => NH농협은행
    [P_AMT] => 3000
    [P_UNAME] => 최성호
    [P_RMESG1] => P_VACCT_NO=01444364813201|P_EXP_DT=20251219
    [P_RMESG2] => 
    [P_NOTI] => 
    [P_AUTH_NO] => 
)

 Array
(
    [PageCall time] => 17:11:57
    [P_TID] => INIMX_VBNKCAEcatca0720251209170854125353
    [P_MID] => CAEcatca07
    [P_AUTH_DT] => 20251209171157
    [P_STATUS] => 02
    [P_TYPE] => VBANK
    [P_OID] => 251209-034
    [P_FN_CD1] => 81
    [P_FN_CD2] => 
    [P_FN_NM] => 하나은행
    [P_AMT] => 3000
    [P_UNAME] => 정현철
    [P_RMESG1] => P_VACCT_NO=20894232103337|P_EXP_DT=20251219
    [P_RMESG2] => 
    [P_NOTI] => 
    [P_AUTH_NO] => 
)

 Array
(
    [PageCall time] => 17:41:19
    [P_TID] => INIMX_VBNKCAEcatca0720251209173822465298
    [P_MID] => CAEcatca07
    [P_AUTH_DT] => 20251209174119
    [P_STATUS] => 02
    [P_TYPE] => VBANK
    [P_OID] => 251209-036
    [P_FN_CD1] => 04
    [P_FN_CD2] => 
    [P_FN_NM] => KB국민은행
    [P_AMT] => 3000
    [P_UNAME] => 최성은
    [P_RMESG1] => P_VACCT_NO=51269079197211|P_EXP_DT=20251219
    [P_RMESG2] => 
    [P_NOTI] => 
    [P_AUTH_NO] => 
)

 Array
(
    [PageCall time] => 18:05:58
    [P_TID] => INIMX_VBNKCAEcatca0720251209180244475889
    [P_MID] => CAEcatca07
    [P_AUTH_DT] => 20251209180558
    [P_STATUS] => 02
    [P_TYPE] => VBANK
    [P_OID] => 251209-037
    [P_FN_CD1] => 04
    [P_FN_CD2] => 
    [P_FN_NM] => KB국민은행
    [P_AMT] => 3000
    [P_UNAME] => 박예나
    [P_RMESG1] => P_VACCT_NO=51009079066801|P_EXP_DT=20251219
    [P_RMESG2] => 
    [P_NOTI] => 
    [P_AUTH_NO] => 
)

 Array
(
    [PageCall time] => 18:09:32
    [P_TID] => INIMX_VBNKCAEcatca0720251209180619655216
    [P_MID] => CAEcatca07
    [P_AUTH_DT] => 20251209180932
    [P_STATUS] => 02
    [P_TYPE] => VBANK
    [P_OID] => 251209-038
    [P_FN_CD1] => 89
    [P_FN_CD2] => 
    [P_FN_NM] => 케이뱅크
    [P_AMT] => 3000
    [P_UNAME] => 최혜영
    [P_RMESG1] => P_VACCT_NO=70112004034877|P_EXP_DT=20251219
    [P_RMESG2] => 
    [P_NOTI] => 
    [P_AUTH_NO] => 
)

 Array
(
    [PageCall time] => 18:32:27
    [P_TID] => INIMX_VBNKCAEcatca0720251209182931225722
    [P_MID] => CAEcatca07
    [P_AUTH_DT] => 20251209183227
    [P_STATUS] => 02
    [P_TYPE] => VBANK
    [P_OID] => 251206-004
    [P_FN_CD1] => 88
    [P_FN_CD2] => 
    [P_FN_NM] => 신한은행
    [P_AMT] => 3000
    [P_UNAME] => 조민정
    [P_RMESG1] => P_VACCT_NO=56211990718082|P_EXP_DT=20251219
    [P_RMESG2] => 
    [P_NOTI] => 
    [P_AUTH_NO] => 
)

 Array
(
    [PageCall time] => 18:35:36
    [P_TID] => INIMX_VBNKCAEcatca0720251209183206655290
    [P_MID] => CAEcatca07
    [P_AUTH_DT] => 20251209183536
    [P_STATUS] => 02
    [P_TYPE] => VBANK
    [P_OID] => 251209-039
    [P_FN_CD1] => 88
    [P_FN_CD2] => 
    [P_FN_NM] => 신한은행
    [P_AMT] => 3000
    [P_UNAME] => 김다혜
    [P_RMESG1] => P_VACCT_NO=56211990718280|P_EXP_DT=20251219
    [P_RMESG2] => 
    [P_NOTI] => 
    [P_AUTH_NO] => 
)

 Array
(
    [PageCall time] => 18:44:44
    [P_TID] => INIMX_VBNKCAEcatca0720251209184156375535
    [P_MID] => CAEcatca07
    [P_AUTH_DT] => 20251209184444
    [P_STATUS] => 02
    [P_TYPE] => VBANK
    [P_OID] => 251208-028
    [P_FN_CD1] => 20
    [P_FN_CD2] => 
    [P_FN_NM] => 우리은행
    [P_AMT] => 3000
    [P_UNAME] => 채경병
    [P_RMESG1] => P_VACCT_NO=27388681118808|P_EXP_DT=20251219
    [P_RMESG2] => 
    [P_NOTI] => 
    [P_AUTH_NO] => 
)

 Array
(
    [PageCall time] => 19:45:19
    [P_TID] => INIMX_VBNKCAEcatca0720251209194234195803
    [P_MID] => CAEcatca07
    [P_AUTH_DT] => 20251209194519
    [P_STATUS] => 02
    [P_TYPE] => VBANK
    [P_OID] => 251209-040
    [P_FN_CD1] => 88
    [P_FN_CD2] => 
    [P_FN_NM] => 신한은행
    [P_AMT] => 3000
    [P_UNAME] => 유수민
    [P_RMESG1] => P_VACCT_NO=56211990722503|P_EXP_DT=20251219
    [P_RMESG2] => 
    [P_NOTI] => 
    [P_AUTH_NO] => 
)

 Array
(
    [PageCall time] => 21:19:45
    [P_TID] => INIMX_VBNKCAEcatca0720251209211658445494
    [P_MID] => CAEcatca07
    [P_AUTH_DT] => 20251209211945
    [P_STATUS] => 02
    [P_TYPE] => VBANK
    [P_OID] => 251209-041
    [P_FN_CD1] => 89
    [P_FN_CD2] => 
    [P_FN_NM] => 케이뱅크
    [P_AMT] => 3000
    [P_UNAME] => 윤미진
    [P_RMESG1] => P_VACCT_NO=70112004037064|P_EXP_DT=20251219
    [P_RMESG2] => 
    [P_NOTI] => 
    [P_AUTH_NO] => 
)

 Array
(
    [PageCall time] => 21:41:24
    [P_TID] => INIMX_VBNKCAEcatca0720251209213825535878
    [P_MID] => CAEcatca07
    [P_AUTH_DT] => 20251209214124
    [P_STATUS] => 02
    [P_TYPE] => VBANK
    [P_OID] => 251209-042
    [P_FN_CD1] => 03
    [P_FN_CD2] => 
    [P_FN_NM] => 기업은행
    [P_AMT] => 3000
    [P_UNAME] => 강지원
    [P_RMESG1] => P_VACCT_NO=07503147297875|P_EXP_DT=20251219
    [P_RMESG2] => 
    [P_NOTI] => 
    [P_AUTH_NO] => 
)

 Array
(
    [PageCall time] => 22:15:24
    [P_TID] => INIMX_VBNKCAEcatca0720251209221303745421
    [P_MID] => CAEcatca07
    [P_AUTH_DT] => 20251209221524
    [P_STATUS] => 02
    [P_TYPE] => VBANK
    [P_OID] => 251209-043
    [P_FN_CD1] => 89
    [P_FN_CD2] => 
    [P_FN_NM] => 케이뱅크
    [P_AMT] => 3000
    [P_UNAME] => 강현욱
    [P_RMESG1] => P_VACCT_NO=70112004037428|P_EXP_DT=20251219
    [P_RMESG2] => 
    [P_NOTI] => 
    [P_AUTH_NO] => 
)

 Array
(
    [PageCall time] => 23:49:46
    [P_TID] => INIMX_VBNKCAEcatca0720251209234606895568
    [P_MID] => CAEcatca07
    [P_AUTH_DT] => 20251209234946
    [P_STATUS] => 02
    [P_TYPE] => VBANK
    [P_OID] => 251209-044
    [P_FN_CD1] => 20
    [P_FN_CD2] => 
    [P_FN_NM] => 우리은행
    [P_AMT] => 3000
    [P_UNAME] => 이윤숙
    [P_RMESG1] => P_VACCT_NO=27388695918345|P_EXP_DT=20251219
    [P_RMESG2] => 
    [P_NOTI] => 
    [P_AUTH_NO] => 
)

