 Array
(
    [PageCall time] => 01:20:06
    [P_TID] => INIMX_VBNKCAEcatca0720260418000939525405
    [P_MID] => CAEcatca07
    [P_AUTH_DT] => 20260418012006
    [P_STATUS] => 02
    [P_TYPE] => VBANK
    [P_OID] => 260418-001
    [P_FN_CD1] => 88
    [P_FN_CD2] => 
    [P_FN_NM] => 신한은행
    [P_AMT] => 3500
    [P_UNAME] => 이미화
    [P_RMESG1] => P_VACCT_NO=56211990846591|P_EXP_DT=20260428
    [P_RMESG2] => 
    [P_NOTI] => 
    [P_AUTH_NO] => 
)

 Array
(
    [PageCall time] => 08:11:42
    [P_TID] => INIMX_VBNKCAEcatca0720260418080834185607
    [P_MID] => CAEcatca07
    [P_AUTH_DT] => 20260418081142
    [P_STATUS] => 02
    [P_TYPE] => VBANK
    [P_OID] => 260418-003
    [P_FN_CD1] => 04
    [P_FN_CD2] => 
    [P_FN_NM] => KB국민은행
    [P_AMT] => 3500
    [P_UNAME] => 심재용
    [P_RMESG1] => P_VACCT_NO=45419079433837|P_EXP_DT=20260428
    [P_RMESG2] => 
    [P_NOTI] => 
    [P_AUTH_NO] => 
)

 Array
(
    [PageCall time] => 08:30:05
    [P_TID] => INIMX_VBNKCAEcatca0720260418082719275725
    [P_MID] => CAEcatca07
    [P_AUTH_DT] => 20260418083005
    [P_STATUS] => 02
    [P_TYPE] => VBANK
    [P_OID] => 260418-004
    [P_FN_CD1] => 81
    [P_FN_CD2] => 
    [P_FN_NM] => 하나은행
    [P_AMT] => 3500
    [P_UNAME] => 안혜영
    [P_RMESG1] => P_VACCT_NO=20894144613837|P_EXP_DT=20260428
    [P_RMESG2] => 
    [P_NOTI] => 
    [P_AUTH_NO] => 
)

 Array
(
    [PageCall time] => 08:56:57
    [P_TID] => INIMX_VBNKCAEcatca0720260418085406245472
    [P_MID] => CAEcatca07
    [P_AUTH_DT] => 20260418085657
    [P_STATUS] => 02
    [P_TYPE] => VBANK
    [P_OID] => 260418-005
    [P_FN_CD1] => 03
    [P_FN_CD2] => 
    [P_FN_NM] => 기업은행
    [P_AMT] => 3500
    [P_UNAME] => 김지원
    [P_RMESG1] => P_VACCT_NO=07502290497932|P_EXP_DT=20260428
    [P_RMESG2] => 
    [P_NOTI] => 
    [P_AUTH_NO] => 
)

 Array
(
    [PageCall time] => 08:58:33
    [P_TID] => INIMX_VBNKCAEcatca0720260418085537465034
    [P_MID] => CAEcatca07
    [P_AUTH_DT] => 20260418085833
    [P_STATUS] => 02
    [P_TYPE] => VBANK
    [P_OID] => 260418-006
    [P_FN_CD1] => 89
    [P_FN_CD2] => 
    [P_FN_NM] => 케이뱅크
    [P_AMT] => 3500
    [P_UNAME] => 한승진
    [P_RMESG1] => P_VACCT_NO=70112004031967|P_EXP_DT=20260428
    [P_RMESG2] => 
    [P_NOTI] => 
    [P_AUTH_NO] => 
)

 Array
(
    [PageCall time] => 09:00:08
    [P_TID] => INIMX_VBNKCAEcatca0720260418085730235874
    [P_MID] => CAEcatca07
    [P_AUTH_DT] => 20260418090007
    [P_STATUS] => 02
    [P_TYPE] => VBANK
    [P_OID] => 260418-007
    [P_FN_CD1] => 04
    [P_FN_CD2] => 
    [P_FN_NM] => KB국민은행
    [P_AMT] => 3500
    [P_UNAME] => 김민진
    [P_RMESG1] => P_VACCT_NO=26119078862300|P_EXP_DT=20260428
    [P_RMESG2] => 
    [P_NOTI] => 
    [P_AUTH_NO] => 
)

 Array
(
    [PageCall time] => 11:57:34
    [P_TID] => INIMX_VBNKCAEcatca0720260418115446835162
    [P_MID] => CAEcatca07
    [P_AUTH_DT] => 20260418115734
    [P_STATUS] => 02
    [P_TYPE] => VBANK
    [P_OID] => 260418-008
    [P_FN_CD1] => 20
    [P_FN_CD2] => 
    [P_FN_NM] => 우리은행
    [P_AMT] => 3500
    [P_UNAME] => 홍재벌
    [P_RMESG1] => P_VACCT_NO=27387963818073|P_EXP_DT=20260428
    [P_RMESG2] => 
    [P_NOTI] => 
    [P_AUTH_NO] => 
)

 Array
(
    [PageCall time] => 14:33:05
    [P_TID] => INIMX_VBNKCAEcatca0720260418143004125240
    [P_MID] => CAEcatca07
    [P_AUTH_DT] => 20260418143305
    [P_STATUS] => 02
    [P_TYPE] => VBANK
    [P_OID] => 260418-011
    [P_FN_CD1] => 20
    [P_FN_CD2] => 
    [P_FN_NM] => 우리은행
    [P_AMT] => 3500
    [P_UNAME] => 김영진
    [P_RMESG1] => P_VACCT_NO=27387965218752|P_EXP_DT=20260428
    [P_RMESG2] => 
    [P_NOTI] => 
    [P_AUTH_NO] => 
)

 Array
(
    [PageCall time] => 15:58:14
    [P_TID] => INIMX_VBNKCAEcatca0720260418155459415682
    [P_MID] => CAEcatca07
    [P_AUTH_DT] => 20260418155814
    [P_STATUS] => 02
    [P_TYPE] => VBANK
    [P_OID] => 260418-002
    [P_FN_CD1] => 88
    [P_FN_CD2] => 
    [P_FN_NM] => 신한은행
    [P_AMT] => 3500
    [P_UNAME] => 하은재
    [P_RMESG1] => P_VACCT_NO=56211990858799|P_EXP_DT=20260428
    [P_RMESG2] => 
    [P_NOTI] => 
    [P_AUTH_NO] => 
)

 Array
(
    [PageCall time] => 16:55:49
    [P_TID] => INIMX_VBNKCAEcatca0720260418165254305734
    [P_MID] => CAEcatca07
    [P_AUTH_DT] => 20260418165549
    [P_STATUS] => 02
    [P_TYPE] => VBANK
    [P_OID] => 260418-012
    [P_FN_CD1] => 81
    [P_FN_CD2] => 
    [P_FN_NM] => 하나은행
    [P_AMT] => 3500
    [P_UNAME] => 김주현
    [P_RMESG1] => P_VACCT_NO=20893970852337|P_EXP_DT=20260428
    [P_RMESG2] => 
    [P_NOTI] => 
    [P_AUTH_NO] => 
)

 Array
(
    [PageCall time] => 17:06:35
    [P_TID] => INIMX_VBNKCAEcatca0720260418170330895898
    [P_MID] => CAEcatca07
    [P_AUTH_DT] => 20260418170635
    [P_STATUS] => 02
    [P_TYPE] => VBANK
    [P_OID] => 260418-013
    [P_FN_CD1] => 81
    [P_FN_CD2] => 
    [P_FN_NM] => 하나은행
    [P_AMT] => 3500
    [P_UNAME] => 김태형
    [P_RMESG1] => P_VACCT_NO=20893970871137|P_EXP_DT=20260428
    [P_RMESG2] => 
    [P_NOTI] => 
    [P_AUTH_NO] => 
)

 Array
(
    [PageCall time] => 18:00:00
    [P_TID] => INIMX_VBNKCAEcatca0720260418175650275383
    [P_MID] => CAEcatca07
    [P_AUTH_DT] => 20260418180000
    [P_STATUS] => 02
    [P_TYPE] => VBANK
    [P_OID] => 260418-014
    [P_FN_CD1] => 81
    [P_FN_CD2] => 
    [P_FN_NM] => 하나은행
    [P_AMT] => 3500
    [P_UNAME] => 신영환
    [P_RMESG1] => P_VACCT_NO=20893970940137|P_EXP_DT=20260428
    [P_RMESG2] => 
    [P_NOTI] => 
    [P_AUTH_NO] => 
)

 Array
(
    [PageCall time] => 18:42:28
    [P_TID] => INIMX_VBNKCAEcatca0720260418183905935648
    [P_MID] => CAEcatca07
    [P_AUTH_DT] => 20260418184228
    [P_STATUS] => 02
    [P_TYPE] => VBANK
    [P_OID] => 260418-015
    [P_FN_CD1] => 88
    [P_FN_CD2] => 
    [P_FN_NM] => 신한은행
    [P_AMT] => 3500
    [P_UNAME] => 정희경
    [P_RMESG1] => P_VACCT_NO=56211990861954|P_EXP_DT=20260428
    [P_RMESG2] => 
    [P_NOTI] => 
    [P_AUTH_NO] => 
)

 Array
(
    [PageCall time] => 18:46:53
    [P_TID] => INIMX_VBNKCAEcatca0720260418184449545301
    [P_MID] => CAEcatca07
    [P_AUTH_DT] => 20260418184653
    [P_STATUS] => 02
    [P_TYPE] => VBANK
    [P_OID] => 260418-016
    [P_FN_CD1] => 11
    [P_FN_CD2] => 
    [P_FN_NM] => NH농협은행
    [P_AMT] => 3500
    [P_UNAME] => 백승태
    [P_RMESG1] => P_VACCT_NO=79014506905888|P_EXP_DT=20260428
    [P_RMESG2] => 
    [P_NOTI] => 
    [P_AUTH_NO] => 
)

 Array
(
    [PageCall time] => 20:34:51
    [P_TID] => INIMX_VBNKCAEcatca0720260418203300365190
    [P_MID] => CAEcatca07
    [P_AUTH_DT] => 20260418203451
    [P_STATUS] => 02
    [P_TYPE] => VBANK
    [P_OID] => 260418-017
    [P_FN_CD1] => 11
    [P_FN_CD2] => 
    [P_FN_NM] => NH농협은행
    [P_AMT] => 3500
    [P_UNAME] => 우흥선
    [P_RMESG1] => P_VACCT_NO=79014506909640|P_EXP_DT=20260428
    [P_RMESG2] => 
    [P_NOTI] => 
    [P_AUTH_NO] => 
)

 Array
(
    [PageCall time] => 21:43:08
    [P_TID] => INIMX_VBNKCAEcatca0720260418213950715712
    [P_MID] => CAEcatca07
    [P_AUTH_DT] => 20260418214308
    [P_STATUS] => 02
    [P_TYPE] => VBANK
    [P_OID] => 260418-018
    [P_FN_CD1] => 88
    [P_FN_CD2] => 
    [P_FN_NM] => 신한은행
    [P_AMT] => 3500
    [P_UNAME] => 권현정
    [P_RMESG1] => P_VACCT_NO=56211990865616|P_EXP_DT=20260428
    [P_RMESG2] => 
    [P_NOTI] => 
    [P_AUTH_NO] => 
)

 Array
(
    [PageCall time] => 22:38:44
    [P_TID] => INIMX_VBNKCAEcatca0720260418223525505848
    [P_MID] => CAEcatca07
    [P_AUTH_DT] => 20260418223844
    [P_STATUS] => 02
    [P_TYPE] => VBANK
    [P_OID] => 260418-019
    [P_FN_CD1] => 04
    [P_FN_CD2] => 
    [P_FN_NM] => KB국민은행
    [P_AMT] => 3500
    [P_UNAME] => 박준영
    [P_RMESG1] => P_VACCT_NO=99289014209397|P_EXP_DT=20260428
    [P_RMESG2] => 
    [P_NOTI] => 
    [P_AUTH_NO] => 
)

