 Array
(
    [PageCall time] => 08:32:15
    [P_TID] => INIMX_VBNKCAEcatca0720260222082923695570
    [P_MID] => CAEcatca07
    [P_AUTH_DT] => 20260222083215
    [P_STATUS] => 02
    [P_TYPE] => VBANK
    [P_OID] => 260218-019
    [P_FN_CD1] => 04
    [P_FN_CD2] => 
    [P_FN_NM] => KB국민은행
    [P_AMT] => 3500
    [P_UNAME] => 이수경
    [P_RMESG1] => P_VACCT_NO=50169079097249|P_EXP_DT=20260304
    [P_RMESG2] => 
    [P_NOTI] => 
    [P_AUTH_NO] => 
)

 Array
(
    [PageCall time] => 10:03:57
    [P_TID] => INIMX_VBNKCAEcatca0720260222100044285909
    [P_MID] => CAEcatca07
    [P_AUTH_DT] => 20260222100357
    [P_STATUS] => 02
    [P_TYPE] => VBANK
    [P_OID] => 260222-001
    [P_FN_CD1] => 04
    [P_FN_CD2] => 
    [P_FN_NM] => KB국민은행
    [P_AMT] => 3500
    [P_UNAME] => 전영욱
    [P_RMESG1] => P_VACCT_NO=50169079465718|P_EXP_DT=20260304
    [P_RMESG2] => 
    [P_NOTI] => 
    [P_AUTH_NO] => 
)

 Array
(
    [PageCall time] => 11:31:20
    [P_TID] => INIMX_VBNKCAEcatca0720260222112832425969
    [P_MID] => CAEcatca07
    [P_AUTH_DT] => 20260222113120
    [P_STATUS] => 02
    [P_TYPE] => VBANK
    [P_OID] => 260222-002
    [P_FN_CD1] => 04
    [P_FN_CD2] => 
    [P_FN_NM] => KB국민은행
    [P_AMT] => 3500
    [P_UNAME] => 권원희
    [P_RMESG1] => P_VACCT_NO=51269079212802|P_EXP_DT=20260304
    [P_RMESG2] => 
    [P_NOTI] => 
    [P_AUTH_NO] => 
)

 Array
(
    [PageCall time] => 12:32:09
    [P_TID] => INIMX_VBNKCAEcatca0720260222122532825738
    [P_MID] => CAEcatca07
    [P_AUTH_DT] => 20260222123209
    [P_STATUS] => 02
    [P_TYPE] => VBANK
    [P_OID] => 260222-003
    [P_FN_CD1] => 03
    [P_FN_CD2] => 
    [P_FN_NM] => 기업은행
    [P_AMT] => 3500
    [P_UNAME] => 지경숙
    [P_RMESG1] => P_VACCT_NO=07503191997341|P_EXP_DT=20260304
    [P_RMESG2] => 
    [P_NOTI] => 
    [P_AUTH_NO] => 
)

 Array
(
    [PageCall time] => 13:37:09
    [P_TID] => INIMX_VBNKCAEcatca0720260222133544845473
    [P_MID] => CAEcatca07
    [P_AUTH_DT] => 20260222133709
    [P_STATUS] => 02
    [P_TYPE] => VBANK
    [P_OID] => 260222-005
    [P_FN_CD1] => 71
    [P_FN_CD2] => 
    [P_FN_NM] => 우체국
    [P_AMT] => 3500
    [P_UNAME] => 강정희
    [P_RMESG1] => P_VACCT_NO=01398781150007|P_EXP_DT=20260304
    [P_RMESG2] => 
    [P_NOTI] => 
    [P_AUTH_NO] => 
)

 Array
(
    [PageCall time] => 15:12:14
    [P_TID] => INIMX_VBNKCAEcatca0720260222150441535040
    [P_MID] => CAEcatca07
    [P_AUTH_DT] => 20260222151214
    [P_STATUS] => 02
    [P_TYPE] => VBANK
    [P_OID] => 260222-006
    [P_FN_CD1] => 03
    [P_FN_CD2] => 
    [P_FN_NM] => 기업은행
    [P_AMT] => 3500
    [P_UNAME] => 박이영
    [P_RMESG1] => P_VACCT_NO=07503192397221|P_EXP_DT=20260304
    [P_RMESG2] => 
    [P_NOTI] => 
    [P_AUTH_NO] => 
)

 Array
(
    [PageCall time] => 16:15:00
    [P_TID] => INIMX_VBNKCAEcatca0720260222161223195065
    [P_MID] => CAEcatca07
    [P_AUTH_DT] => 20260222161500
    [P_STATUS] => 02
    [P_TYPE] => VBANK
    [P_OID] => 260222-007
    [P_FN_CD1] => 04
    [P_FN_CD2] => 
    [P_FN_NM] => KB국민은행
    [P_AMT] => 3500
    [P_UNAME] => 조정아
    [P_RMESG1] => P_VACCT_NO=39889011094411|P_EXP_DT=20260304
    [P_RMESG2] => 
    [P_NOTI] => 
    [P_AUTH_NO] => 
)

 Array
(
    [PageCall time] => 17:00:49
    [P_TID] => INIMX_VBNKCAEcatca0720260222165759475765
    [P_MID] => CAEcatca07
    [P_AUTH_DT] => 20260222170049
    [P_STATUS] => 02
    [P_TYPE] => VBANK
    [P_OID] => 260222-008
    [P_FN_CD1] => 88
    [P_FN_CD2] => 
    [P_FN_NM] => 신한은행
    [P_AMT] => 3500
    [P_UNAME] => 한상필
    [P_RMESG1] => P_VACCT_NO=56211104140540|P_EXP_DT=20260304
    [P_RMESG2] => 
    [P_NOTI] => 
    [P_AUTH_NO] => 
)

 Array
(
    [PageCall time] => 19:04:53
    [P_TID] => INIMX_VBNKCAEcatca0720260222190154345391
    [P_MID] => CAEcatca07
    [P_AUTH_DT] => 20260222190453
    [P_STATUS] => 02
    [P_TYPE] => VBANK
    [P_OID] => 260222-011
    [P_FN_CD1] => 20
    [P_FN_CD2] => 
    [P_FN_NM] => 우리은행
    [P_AMT] => 3500
    [P_UNAME] => 장윤희
    [P_RMESG1] => P_VACCT_NO=27490914518212|P_EXP_DT=20260304
    [P_RMESG2] => 
    [P_NOTI] => 
    [P_AUTH_NO] => 
)

 Array
(
    [PageCall time] => 19:15:54
    [P_TID] => INIMX_VBNKCAEcatca0720260222191212925971
    [P_MID] => CAEcatca07
    [P_AUTH_DT] => 20260222191554
    [P_STATUS] => 02
    [P_TYPE] => VBANK
    [P_OID] => 260222-012
    [P_FN_CD1] => 04
    [P_FN_CD2] => 
    [P_FN_NM] => KB국민은행
    [P_AMT] => 3500
    [P_UNAME] => 황하연
    [P_RMESG1] => P_VACCT_NO=70219014658143|P_EXP_DT=20260304
    [P_RMESG2] => 
    [P_NOTI] => 
    [P_AUTH_NO] => 
)

 Array
(
    [PageCall time] => 19:53:05
    [P_TID] => INIMX_VBNKCAEcatca0720260222195021935729
    [P_MID] => CAEcatca07
    [P_AUTH_DT] => 20260222195305
    [P_STATUS] => 02
    [P_TYPE] => VBANK
    [P_OID] => 260218-001
    [P_FN_CD1] => 88
    [P_FN_CD2] => 
    [P_FN_NM] => 신한은행
    [P_AMT] => 3500
    [P_UNAME] => 변진우
    [P_RMESG1] => P_VACCT_NO=56211104147625|P_EXP_DT=20260304
    [P_RMESG2] => 
    [P_NOTI] => 
    [P_AUTH_NO] => 
)

 Array
(
    [PageCall time] => 20:04:08
    [P_TID] => INIMX_VBNKCAEcatca0720260222200137805578
    [P_MID] => CAEcatca07
    [P_AUTH_DT] => 20260222200408
    [P_STATUS] => 02
    [P_TYPE] => VBANK
    [P_OID] => 260222-013
    [P_FN_CD1] => 88
    [P_FN_CD2] => 
    [P_FN_NM] => 신한은행
    [P_AMT] => 3500
    [P_UNAME] => 임동준
    [P_RMESG1] => P_VACCT_NO=56211104148115|P_EXP_DT=20260304
    [P_RMESG2] => 
    [P_NOTI] => 
    [P_AUTH_NO] => 
)

 Array
(
    [PageCall time] => 21:55:35
    [P_TID] => INIMX_VBNKCAEcatca0720260222215219905764
    [P_MID] => CAEcatca07
    [P_AUTH_DT] => 20260222215535
    [P_STATUS] => 02
    [P_TYPE] => VBANK
    [P_OID] => 260216-005
    [P_FN_CD1] => 04
    [P_FN_CD2] => 
    [P_FN_NM] => KB국민은행
    [P_AMT] => 3500
    [P_UNAME] => 박한솔
    [P_RMESG1] => P_VACCT_NO=70219014670961|P_EXP_DT=20260304
    [P_RMESG2] => 
    [P_NOTI] => 
    [P_AUTH_NO] => 
)

 Array
(
    [PageCall time] => 22:46:03
    [P_TID] => INIMX_VBNKCAEcatca0720260222224506415403
    [P_MID] => CAEcatca07
    [P_AUTH_DT] => 20260222224603
    [P_STATUS] => 02
    [P_TYPE] => VBANK
    [P_OID] => 260222-016
    [P_FN_CD1] => 11
    [P_FN_CD2] => 
    [P_FN_NM] => NH농협은행
    [P_AMT] => 3500
    [P_UNAME] => 김지훈
    [P_RMESG1] => P_VACCT_NO=79014289577329|P_EXP_DT=20260304
    [P_RMESG2] => 
    [P_NOTI] => 
    [P_AUTH_NO] => 
)

