 Array
(
    [PageCall time] => 00:44:47
    [P_TID] => INIMX_VBNKCAEcatca0720251123004204684777
    [P_MID] => CAEcatca07
    [P_AUTH_DT] => 20251123004447
    [P_STATUS] => 02
    [P_TYPE] => VBANK
    [P_OID] => 251121-003
    [P_FN_CD1] => 04
    [P_FN_CD2] => 
    [P_FN_NM] => KB국민은행
    [P_AMT] => 3000
    [P_UNAME] => 박혜인
    [P_RMESG1] => P_VACCT_NO=97089078731566|P_EXP_DT=20251203
    [P_RMESG2] => 
    [P_NOTI] => 
    [P_AUTH_NO] => 
)

 Array
(
    [PageCall time] => 10:35:45
    [P_TID] => INIMX_VBNKCAEcatca0720251123103244394887
    [P_MID] => CAEcatca07
    [P_AUTH_DT] => 20251123103545
    [P_STATUS] => 02
    [P_TYPE] => VBANK
    [P_OID] => 251123-001
    [P_FN_CD1] => 20
    [P_FN_CD2] => 
    [P_FN_NM] => 우리은행
    [P_AMT] => 3000
    [P_UNAME] => 손성은
    [P_RMESG1] => P_VACCT_NO=27202708018196|P_EXP_DT=20251203
    [P_RMESG2] => 
    [P_NOTI] => 
    [P_AUTH_NO] => 
)

 Array
(
    [PageCall time] => 17:11:55
    [P_TID] => INIMX_VBNKCAEcatca0720251123170657344091
    [P_MID] => CAEcatca07
    [P_AUTH_DT] => 20251123171155
    [P_STATUS] => 02
    [P_TYPE] => VBANK
    [P_OID] => 251123-004
    [P_FN_CD1] => 88
    [P_FN_CD2] => 
    [P_FN_NM] => 신한은행
    [P_AMT] => 3000
    [P_UNAME] => 조미희
    [P_RMESG1] => P_VACCT_NO=56211123264790|P_EXP_DT=20251203
    [P_RMESG2] => 
    [P_NOTI] => 
    [P_AUTH_NO] => 
)

 Array
(
    [PageCall time] => 17:52:57
    [P_TID] => INIMX_VBNKCAEcatca0720251123174925594509
    [P_MID] => CAEcatca07
    [P_AUTH_DT] => 20251123175257
    [P_STATUS] => 02
    [P_TYPE] => VBANK
    [P_OID] => 251123-005
    [P_FN_CD1] => 04
    [P_FN_CD2] => 
    [P_FN_NM] => KB국민은행
    [P_AMT] => 3000
    [P_UNAME] => 박영란
    [P_RMESG1] => P_VACCT_NO=97089078863683|P_EXP_DT=20251203
    [P_RMESG2] => 
    [P_NOTI] => 
    [P_AUTH_NO] => 
)

 Array
(
    [PageCall time] => 19:03:21
    [P_TID] => INIMX_VBNKCAEcatca0720251123185824594754
    [P_MID] => CAEcatca07
    [P_AUTH_DT] => 20251123190321
    [P_STATUS] => 02
    [P_TYPE] => VBANK
    [P_OID] => 251121-029
    [P_FN_CD1] => 04
    [P_FN_CD2] => 
    [P_FN_NM] => KB국민은행
    [P_AMT] => 3000
    [P_UNAME] => 김광제
    [P_RMESG1] => P_VACCT_NO=97089078879886|P_EXP_DT=20251203
    [P_RMESG2] => 
    [P_NOTI] => 
    [P_AUTH_NO] => 
)

 Array
(
    [PageCall time] => 20:34:22
    [P_TID] => INIMX_VBNKCAEcatca0720251123203055974336
    [P_MID] => CAEcatca07
    [P_AUTH_DT] => 20251123203422
    [P_STATUS] => 02
    [P_TYPE] => VBANK
    [P_OID] => 251121-018
    [P_FN_CD1] => 04
    [P_FN_CD2] => 
    [P_FN_NM] => KB국민은행
    [P_AMT] => 3000
    [P_UNAME] => 박혜영
    [P_RMESG1] => P_VACCT_NO=97089078899217|P_EXP_DT=20251203
    [P_RMESG2] => 
    [P_NOTI] => 
    [P_AUTH_NO] => 
)

