 Array
(
    [PageCall time] => 00:21:34
    [P_TID] => INIMX_VBNKCAEcatca0720260421001856115964
    [P_MID] => CAEcatca07
    [P_AUTH_DT] => 20260421002134
    [P_STATUS] => 02
    [P_TYPE] => VBANK
    [P_OID] => 260420-026
    [P_FN_CD1] => 04
    [P_FN_CD2] => 
    [P_FN_NM] => KB국민은행
    [P_AMT] => 3500
    [P_UNAME] => 김정숙
    [P_RMESG1] => P_VACCT_NO=99289014371429|P_EXP_DT=20260501
    [P_RMESG2] => 
    [P_NOTI] => 
    [P_AUTH_NO] => 
)

 Array
(
    [PageCall time] => 05:13:41
    [P_TID] => INIMX_VBNKCAEcatca0720260421050951205699
    [P_MID] => CAEcatca07
    [P_AUTH_DT] => 20260421051341
    [P_STATUS] => 02
    [P_TYPE] => VBANK
    [P_OID] => 260421-002
    [P_FN_CD1] => 04
    [P_FN_CD2] => 
    [P_FN_NM] => KB국민은행
    [P_AMT] => 3500
    [P_UNAME] => 박해리
    [P_RMESG1] => P_VACCT_NO=99289014382854|P_EXP_DT=20260501
    [P_RMESG2] => 
    [P_NOTI] => 
    [P_AUTH_NO] => 
)

 Array
(
    [PageCall time] => 09:06:58
    [P_TID] => INIMX_VBNKCAEcatca0720260421090413385665
    [P_MID] => CAEcatca07
    [P_AUTH_DT] => 20260421090658
    [P_STATUS] => 02
    [P_TYPE] => VBANK
    [P_OID] => 260421-003
    [P_FN_CD1] => 03
    [P_FN_CD2] => 
    [P_FN_NM] => 기업은행
    [P_AMT] => 3500
    [P_UNAME] => 주설아
    [P_RMESG1] => P_VACCT_NO=07503162497761|P_EXP_DT=20260501
    [P_RMESG2] => 
    [P_NOTI] => 
    [P_AUTH_NO] => 
)

 Array
(
    [PageCall time] => 09:51:25
    [P_TID] => INIMX_VBNKCAEcatca0720260421095044715891
    [P_MID] => CAEcatca07
    [P_AUTH_DT] => 20260421095125
    [P_STATUS] => 02
    [P_TYPE] => VBANK
    [P_OID] => 260421-005
    [P_FN_CD1] => 71
    [P_FN_CD2] => 
    [P_FN_NM] => 우체국
    [P_AMT] => 3500
    [P_UNAME] => 문칸나
    [P_RMESG1] => P_VACCT_NO=01397981096066|P_EXP_DT=20260501
    [P_RMESG2] => 
    [P_NOTI] => 
    [P_AUTH_NO] => 
)

 Array
(
    [PageCall time] => 10:22:18
    [P_TID] => INIMX_VBNKCAEcatca0720260421101927475909
    [P_MID] => CAEcatca07
    [P_AUTH_DT] => 20260421102218
    [P_STATUS] => 02
    [P_TYPE] => VBANK
    [P_OID] => 260421-006
    [P_FN_CD1] => 20
    [P_FN_CD2] => 
    [P_FN_NM] => 우리은행
    [P_AMT] => 3500
    [P_UNAME] => 손영일
    [P_RMESG1] => P_VACCT_NO=27388054118516|P_EXP_DT=20260501
    [P_RMESG2] => 
    [P_NOTI] => 
    [P_AUTH_NO] => 
)

 Array
(
    [PageCall time] => 10:24:15
    [P_TID] => INIMX_VBNKCAEcatca0720260420113835625557
    [P_MID] => CAEcatca07
    [P_AUTH_DT] => 20260421102415
    [P_STATUS] => 02
    [P_TYPE] => VBANK
    [P_OID] => 260419-006
    [P_FN_CD1] => 11
    [P_FN_CD2] => 
    [P_FN_NM] => NH농협은행
    [P_AMT] => 3500
    [P_UNAME] => 이정민
    [P_RMESG1] => P_VACCT_NO=79014507029660|P_EXP_DT=20260430
    [P_RMESG2] => 
    [P_NOTI] => 
    [P_AUTH_NO] => 
)

 Array
(
    [PageCall time] => 10:31:05
    [P_TID] => INIMX_VBNKCAEcatca0720260421102723555431
    [P_MID] => CAEcatca07
    [P_AUTH_DT] => 20260421103105
    [P_STATUS] => 02
    [P_TYPE] => VBANK
    [P_OID] => 260421-007
    [P_FN_CD1] => 04
    [P_FN_CD2] => 
    [P_FN_NM] => KB국민은행
    [P_AMT] => 3500
    [P_UNAME] => 김정아
    [P_RMESG1] => P_VACCT_NO=26159078369052|P_EXP_DT=20260501
    [P_RMESG2] => 
    [P_NOTI] => 
    [P_AUTH_NO] => 
)

 Array
(
    [PageCall time] => 10:54:09
    [P_TID] => INIMX_VBNKCAEcatca0720260421105222875192
    [P_MID] => CAEcatca07
    [P_AUTH_DT] => 20260421105409
    [P_STATUS] => 02
    [P_TYPE] => VBANK
    [P_OID] => 260421-012
    [P_FN_CD1] => 11
    [P_FN_CD2] => 
    [P_FN_NM] => NH농협은행
    [P_AMT] => 3500
    [P_UNAME] => 장은수
    [P_RMESG1] => P_VACCT_NO=79014507127530|P_EXP_DT=20260501
    [P_RMESG2] => 
    [P_NOTI] => 
    [P_AUTH_NO] => 
)

 Array
(
    [PageCall time] => 11:05:10
    [P_TID] => INIMX_VBNKCAEcatca0720260421110220995293
    [P_MID] => CAEcatca07
    [P_AUTH_DT] => 20260421110510
    [P_STATUS] => 02
    [P_TYPE] => VBANK
    [P_OID] => 260421-014
    [P_FN_CD1] => 88
    [P_FN_CD2] => 
    [P_FN_NM] => 신한은행
    [P_AMT] => 3500
    [P_UNAME] => 강민지
    [P_RMESG1] => P_VACCT_NO=56211990932118|P_EXP_DT=20260501
    [P_RMESG2] => 
    [P_NOTI] => 
    [P_AUTH_NO] => 
)

 Array
(
    [PageCall time] => 11:15:14
    [P_TID] => INIMX_VBNKCAEcatca0720260421111143135964
    [P_MID] => CAEcatca07
    [P_AUTH_DT] => 20260421111514
    [P_STATUS] => 02
    [P_TYPE] => VBANK
    [P_OID] => 260421-016
    [P_FN_CD1] => 88
    [P_FN_CD2] => 
    [P_FN_NM] => 신한은행
    [P_AMT] => 3500
    [P_UNAME] => 김경숙
    [P_RMESG1] => P_VACCT_NO=56211990932828|P_EXP_DT=20260501
    [P_RMESG2] => 
    [P_NOTI] => 
    [P_AUTH_NO] => 
)

 Array
(
    [PageCall time] => 11:37:05
    [P_TID] => INIMX_VBNKCAEcatca0720260421113346265532
    [P_MID] => CAEcatca07
    [P_AUTH_DT] => 20260421113705
    [P_STATUS] => 02
    [P_TYPE] => VBANK
    [P_OID] => 260421-019
    [P_FN_CD1] => 88
    [P_FN_CD2] => 
    [P_FN_NM] => 신한은행
    [P_AMT] => 3500
    [P_UNAME] => 국인숙
    [P_RMESG1] => P_VACCT_NO=56211990934325|P_EXP_DT=20260501
    [P_RMESG2] => 
    [P_NOTI] => 
    [P_AUTH_NO] => 
)

 Array
(
    [PageCall time] => 11:53:44
    [P_TID] => INIMX_VBNKCAEcatca0720260421115226915423
    [P_MID] => CAEcatca07
    [P_AUTH_DT] => 20260421115344
    [P_STATUS] => 02
    [P_TYPE] => VBANK
    [P_OID] => 260421-020
    [P_FN_CD1] => 11
    [P_FN_CD2] => 
    [P_FN_NM] => NH농협은행
    [P_AMT] => 3500
    [P_UNAME] => 강한나
    [P_RMESG1] => P_VACCT_NO=79014507134934|P_EXP_DT=20260501
    [P_RMESG2] => 
    [P_NOTI] => 
    [P_AUTH_NO] => 
)

 Array
(
    [PageCall time] => 12:03:49
    [P_TID] => INIMX_VBNKCAEcatca0720260421115930045539
    [P_MID] => CAEcatca07
    [P_AUTH_DT] => 20260421120349
    [P_STATUS] => 02
    [P_TYPE] => VBANK
    [P_OID] => 260421-018
    [P_FN_CD1] => 04
    [P_FN_CD2] => 
    [P_FN_NM] => KB국민은행
    [P_AMT] => 3500
    [P_UNAME] => 이도윤
    [P_RMESG1] => P_VACCT_NO=99289014403869|P_EXP_DT=20260501
    [P_RMESG2] => 
    [P_NOTI] => 
    [P_AUTH_NO] => 
)

 Array
(
    [PageCall time] => 12:05:48
    [P_TID] => INIMX_VBNKCAEcatca0720260421120130725540
    [P_MID] => CAEcatca07
    [P_AUTH_DT] => 20260421120548
    [P_STATUS] => 02
    [P_TYPE] => VBANK
    [P_OID] => 260421-021
    [P_FN_CD1] => 20
    [P_FN_CD2] => 
    [P_FN_NM] => 우리은행
    [P_AMT] => 3500
    [P_UNAME] => 권용석
    [P_RMESG1] => P_VACCT_NO=27388060518690|P_EXP_DT=20260501
    [P_RMESG2] => 
    [P_NOTI] => 
    [P_AUTH_NO] => 
)

 Array
(
    [PageCall time] => 13:04:35
    [P_TID] => INIMX_VBNKCAEcatca0720260421130354255618
    [P_MID] => CAEcatca07
    [P_AUTH_DT] => 20260421130435
    [P_STATUS] => 02
    [P_TYPE] => VBANK
    [P_OID] => 260421-022
    [P_FN_CD1] => 11
    [P_FN_CD2] => 
    [P_FN_NM] => NH농협은행
    [P_AMT] => 3500
    [P_UNAME] => 신현지
    [P_RMESG1] => P_VACCT_NO=79014507140648|P_EXP_DT=20260501
    [P_RMESG2] => 
    [P_NOTI] => 
    [P_AUTH_NO] => 
)

 Array
(
    [PageCall time] => 13:11:56
    [P_TID] => INIMX_VBNKCAEcatca0720260421130705595081
    [P_MID] => CAEcatca07
    [P_AUTH_DT] => 20260421131156
    [P_STATUS] => 02
    [P_TYPE] => VBANK
    [P_OID] => 260421-023
    [P_FN_CD1] => 88
    [P_FN_CD2] => 
    [P_FN_NM] => 신한은행
    [P_AMT] => 3500
    [P_UNAME] => 최유리
    [P_RMESG1] => P_VACCT_NO=56211990938971|P_EXP_DT=20260501
    [P_RMESG2] => 
    [P_NOTI] => 
    [P_AUTH_NO] => 
)

 Array
(
    [PageCall time] => 14:29:36
    [P_TID] => INIMX_VBNKCAEcatca0720260421142633705007
    [P_MID] => CAEcatca07
    [P_AUTH_DT] => 20260421142936
    [P_STATUS] => 02
    [P_TYPE] => VBANK
    [P_OID] => 260421-025
    [P_FN_CD1] => 88
    [P_FN_CD2] => 
    [P_FN_NM] => 신한은행
    [P_AMT] => 3500
    [P_UNAME] => 송동호
    [P_RMESG1] => P_VACCT_NO=56211990944443|P_EXP_DT=20260501
    [P_RMESG2] => 
    [P_NOTI] => 
    [P_AUTH_NO] => 
)

 Array
(
    [PageCall time] => 14:55:52
    [P_TID] => INIMX_VBNKCAEcatca0720260421145508934169
    [P_MID] => CAEcatca07
    [P_AUTH_DT] => 20260421145552
    [P_STATUS] => 02
    [P_TYPE] => VBANK
    [P_OID] => 260421-027
    [P_FN_CD1] => 11
    [P_FN_CD2] => 
    [P_FN_NM] => NH농협은행
    [P_AMT] => 3500
    [P_UNAME] => 임준석
    [P_RMESG1] => P_VACCT_NO=79010581786686|P_EXP_DT=20260501
    [P_RMESG2] => 
    [P_NOTI] => 
    [P_AUTH_NO] => 
)

 Array
(
    [PageCall time] => 16:20:00
    [P_TID] => INIMX_VBNKCAEcatca0720260421161704644029
    [P_MID] => CAEcatca07
    [P_AUTH_DT] => 20260421161959
    [P_STATUS] => 02
    [P_TYPE] => VBANK
    [P_OID] => 260421-032
    [P_FN_CD1] => 89
    [P_FN_CD2] => 
    [P_FN_NM] => 케이뱅크
    [P_AMT] => 3500
    [P_UNAME] => 김보영
    [P_RMESG1] => P_VACCT_NO=70112000198429|P_EXP_DT=20260501
    [P_RMESG2] => 
    [P_NOTI] => 
    [P_AUTH_NO] => 
)

 Array
(
    [PageCall time] => 16:23:17
    [P_TID] => INIMX_VBNKCAEcatca0720260421162227405321
    [P_MID] => CAEcatca07
    [P_AUTH_DT] => 20260421162317
    [P_STATUS] => 02
    [P_TYPE] => VBANK
    [P_OID] => 260421-033
    [P_FN_CD1] => 11
    [P_FN_CD2] => 
    [P_FN_NM] => NH농협은행
    [P_AMT] => 3500
    [P_UNAME] => 강다유
    [P_RMESG1] => P_VACCT_NO=79014507153552|P_EXP_DT=20260501
    [P_RMESG2] => 
    [P_NOTI] => 
    [P_AUTH_NO] => 
)

 Array
(
    [PageCall time] => 17:07:38
    [P_TID] => INIMX_VBNKCAEcatca0720260421170417585624
    [P_MID] => CAEcatca07
    [P_AUTH_DT] => 20260421170738
    [P_STATUS] => 02
    [P_TYPE] => VBANK
    [P_OID] => 260421-029
    [P_FN_CD1] => 04
    [P_FN_CD2] => 
    [P_FN_NM] => KB국민은행
    [P_AMT] => 3500
    [P_UNAME] => 구낭주
    [P_RMESG1] => P_VACCT_NO=99289014452403|P_EXP_DT=20260501
    [P_RMESG2] => 
    [P_NOTI] => 
    [P_AUTH_NO] => 
)

 Array
(
    [PageCall time] => 17:46:32
    [P_TID] => INIMX_VBNKCAEcatca0720260421174059705666
    [P_MID] => CAEcatca07
    [P_AUTH_DT] => 20260421174632
    [P_STATUS] => 02
    [P_TYPE] => VBANK
    [P_OID] => 260421-040
    [P_FN_CD1] => 04
    [P_FN_CD2] => 
    [P_FN_NM] => KB국민은행
    [P_AMT] => 3500
    [P_UNAME] => 이영욱
    [P_RMESG1] => P_VACCT_NO=99289014458025|P_EXP_DT=20260501
    [P_RMESG2] => 
    [P_NOTI] => 
    [P_AUTH_NO] => 
)

 Array
(
    [PageCall time] => 17:55:42
    [P_TID] => INIMX_VBNKCAEcatca0720260421175459205818
    [P_MID] => CAEcatca07
    [P_AUTH_DT] => 20260421175542
    [P_STATUS] => 02
    [P_TYPE] => VBANK
    [P_OID] => 260421-043
    [P_FN_CD1] => 11
    [P_FN_CD2] => 
    [P_FN_NM] => NH농협은행
    [P_AMT] => 3500
    [P_UNAME] => 박지혜
    [P_RMESG1] => P_VACCT_NO=79014507163107|P_EXP_DT=20260501
    [P_RMESG2] => 
    [P_NOTI] => 
    [P_AUTH_NO] => 
)

 Array
(
    [PageCall time] => 18:36:15
    [P_TID] => INIMX_VBNKCAEcatca0720260421183353305429
    [P_MID] => CAEcatca07
    [P_AUTH_DT] => 20260421183615
    [P_STATUS] => 02
    [P_TYPE] => VBANK
    [P_OID] => 260421-045
    [P_FN_CD1] => 04
    [P_FN_CD2] => 
    [P_FN_NM] => KB국민은행
    [P_AMT] => 3500
    [P_UNAME] => 차원
    [P_RMESG1] => P_VACCT_NO=99289014471585|P_EXP_DT=20260501
    [P_RMESG2] => 
    [P_NOTI] => 
    [P_AUTH_NO] => 
)

 Array
(
    [PageCall time] => 18:50:55
    [P_TID] => INIMX_VBNKCAEcatca0720260421184723825051
    [P_MID] => CAEcatca07
    [P_AUTH_DT] => 20260421185055
    [P_STATUS] => 02
    [P_TYPE] => VBANK
    [P_OID] => 260421-046
    [P_FN_CD1] => 04
    [P_FN_CD2] => 
    [P_FN_NM] => KB국민은행
    [P_AMT] => 3500
    [P_UNAME] => 박귀숙
    [P_RMESG1] => P_VACCT_NO=99289014475020|P_EXP_DT=20260501
    [P_RMESG2] => 
    [P_NOTI] => 
    [P_AUTH_NO] => 
)

 Array
(
    [PageCall time] => 19:43:17
    [P_TID] => INIMX_VBNKCAEcatca0720260421194239395362
    [P_MID] => CAEcatca07
    [P_AUTH_DT] => 20260421194317
    [P_STATUS] => 02
    [P_TYPE] => VBANK
    [P_OID] => 260421-047
    [P_FN_CD1] => 11
    [P_FN_CD2] => 
    [P_FN_NM] => NH농협은행
    [P_AMT] => 3500
    [P_UNAME] => 최성민
    [P_RMESG1] => P_VACCT_NO=79014507171165|P_EXP_DT=20260501
    [P_RMESG2] => 
    [P_NOTI] => 
    [P_AUTH_NO] => 
)

 Array
(
    [PageCall time] => 21:24:35
    [P_TID] => INIMX_VBNKCAEcatca0720260421212128435794
    [P_MID] => CAEcatca07
    [P_AUTH_DT] => 20260421212435
    [P_STATUS] => 02
    [P_TYPE] => VBANK
    [P_OID] => 260421-048
    [P_FN_CD1] => 81
    [P_FN_CD2] => 
    [P_FN_NM] => 하나은행
    [P_AMT] => 3500
    [P_UNAME] => 김태형
    [P_RMESG1] => P_VACCT_NO=20893982227637|P_EXP_DT=20260501
    [P_RMESG2] => 
    [P_NOTI] => 
    [P_AUTH_NO] => 
)

