 Array
(
    [PageCall time] => 07:30:08
    [P_TID] => INIMX_VBNKCAEcatca0720250916072938825780
    [P_MID] => CAEcatca07
    [P_AUTH_DT] => 20250916073008
    [P_STATUS] => 02
    [P_TYPE] => VBANK
    [P_OID] => 250916-001
    [P_FN_CD1] => 11
    [P_FN_CD2] => 
    [P_FN_NM] => NH농협은행
    [P_AMT] => 3000
    [P_UNAME] => 최수빈
    [P_RMESG1] => P_VACCT_NO=79014505968726|P_EXP_DT=20250926
    [P_RMESG2] => 
    [P_NOTI] => 
    [P_AUTH_NO] => 
)

 Array
(
    [PageCall time] => 07:57:29
    [P_TID] => INIMX_VBNKCAEcatca0720250916075548385779
    [P_MID] => CAEcatca07
    [P_AUTH_DT] => 20250916075729
    [P_STATUS] => 02
    [P_TYPE] => VBANK
    [P_OID] => 250916-002
    [P_FN_CD1] => 11
    [P_FN_CD2] => 
    [P_FN_NM] => NH농협은행
    [P_AMT] => 3000
    [P_UNAME] => 조은정
    [P_RMESG1] => P_VACCT_NO=79014505969755|P_EXP_DT=20250926
    [P_RMESG2] => 
    [P_NOTI] => 
    [P_AUTH_NO] => 
)

 Array
(
    [PageCall time] => 08:50:32
    [P_TID] => INIMX_VBNKCAEcatca0720250916084721705056
    [P_MID] => CAEcatca07
    [P_AUTH_DT] => 20250916085032
    [P_STATUS] => 02
    [P_TYPE] => VBANK
    [P_OID] => 250916-003
    [P_FN_CD1] => 04
    [P_FN_CD2] => 
    [P_FN_NM] => KB국민은행
    [P_AMT] => 3000
    [P_UNAME] => 이승섭
    [P_RMESG1] => P_VACCT_NO=26119078951565|P_EXP_DT=20250926
    [P_RMESG2] => 
    [P_NOTI] => 
    [P_AUTH_NO] => 
)

 Array
(
    [PageCall time] => 09:45:52
    [P_TID] => INIMX_VBNKCAEcatca0720250916094458255481
    [P_MID] => CAEcatca07
    [P_AUTH_DT] => 20250916094551
    [P_STATUS] => 02
    [P_TYPE] => VBANK
    [P_OID] => 250916-005
    [P_FN_CD1] => 11
    [P_FN_CD2] => 
    [P_FN_NM] => NH농협은행
    [P_AMT] => 3000
    [P_UNAME] => 박은경
    [P_RMESG1] => P_VACCT_NO=79014505979761|P_EXP_DT=20250926
    [P_RMESG2] => 
    [P_NOTI] => 
    [P_AUTH_NO] => 
)

 Array
(
    [PageCall time] => 10:11:57
    [P_TID] => INIMX_VBNKCAEcatca0720250916101033475062
    [P_MID] => CAEcatca07
    [P_AUTH_DT] => 20250916101157
    [P_STATUS] => 02
    [P_TYPE] => VBANK
    [P_OID] => 250916-006
    [P_FN_CD1] => 71
    [P_FN_CD2] => 
    [P_FN_NM] => 우체국
    [P_AMT] => 3000
    [P_UNAME] => 김성욱
    [P_RMESG1] => P_VACCT_NO=01398781138162|P_EXP_DT=20250926
    [P_RMESG2] => 
    [P_NOTI] => 
    [P_AUTH_NO] => 
)

 Array
(
    [PageCall time] => 10:31:08
    [P_TID] => INIMX_VBNKCAEcatca0720250916102826895294
    [P_MID] => CAEcatca07
    [P_AUTH_DT] => 20250916103107
    [P_STATUS] => 02
    [P_TYPE] => VBANK
    [P_OID] => 250916-007
    [P_FN_CD1] => 32
    [P_FN_CD2] => 
    [P_FN_NM] => 부산은행
    [P_AMT] => 3000
    [P_UNAME] => 최석현
    [P_RMESG1] => P_VACCT_NO=109924006465|P_EXP_DT=20250926
    [P_RMESG2] => 
    [P_NOTI] => 
    [P_AUTH_NO] => 
)

 Array
(
    [PageCall time] => 10:49:36
    [P_TID] => INIMX_VBNKCAEcatca0720250916104650645518
    [P_MID] => CAEcatca07
    [P_AUTH_DT] => 20250916104936
    [P_STATUS] => 02
    [P_TYPE] => VBANK
    [P_OID] => 250916-010
    [P_FN_CD1] => 88
    [P_FN_CD2] => 
    [P_FN_NM] => 신한은행
    [P_AMT] => 3000
    [P_UNAME] => 주현실
    [P_RMESG1] => P_VACCT_NO=56211102210627|P_EXP_DT=20250926
    [P_RMESG2] => 
    [P_NOTI] => 
    [P_AUTH_NO] => 
)

 Array
(
    [PageCall time] => 11:00:24
    [P_TID] => INIMX_VBNKCAEcatca0720250916105630365840
    [P_MID] => CAEcatca07
    [P_AUTH_DT] => 20250916110024
    [P_STATUS] => 02
    [P_TYPE] => VBANK
    [P_OID] => 250916-011
    [P_FN_CD1] => 03
    [P_FN_CD2] => 
    [P_FN_NM] => 기업은행
    [P_AMT] => 3000
    [P_UNAME] => 박정여
    [P_RMESG1] => P_VACCT_NO=07502330797212|P_EXP_DT=20250926
    [P_RMESG2] => 
    [P_NOTI] => 
    [P_AUTH_NO] => 
)

 Array
(
    [PageCall time] => 11:16:28
    [P_TID] => INIMX_VBNKCAEcatca0720250916111002355163
    [P_MID] => CAEcatca07
    [P_AUTH_DT] => 20250916111628
    [P_STATUS] => 02
    [P_TYPE] => VBANK
    [P_OID] => 250916-013
    [P_FN_CD1] => 04
    [P_FN_CD2] => 
    [P_FN_NM] => KB국민은행
    [P_AMT] => 3000
    [P_UNAME] => 양아름
    [P_RMESG1] => P_VACCT_NO=26119078046454|P_EXP_DT=20250926
    [P_RMESG2] => 
    [P_NOTI] => 
    [P_AUTH_NO] => 
)

 Array
(
    [PageCall time] => 11:19:24
    [P_TID] => INIMX_VBNKCAEcatca0720250916111855545095
    [P_MID] => CAEcatca07
    [P_AUTH_DT] => 20250916111924
    [P_STATUS] => 02
    [P_TYPE] => VBANK
    [P_OID] => 250916-015
    [P_FN_CD1] => 11
    [P_FN_CD2] => 
    [P_FN_NM] => NH농협은행
    [P_AMT] => 3000
    [P_UNAME] => 송찬욱
    [P_RMESG1] => P_VACCT_NO=79014505998093|P_EXP_DT=20250926
    [P_RMESG2] => 
    [P_NOTI] => 
    [P_AUTH_NO] => 
)

 Array
(
    [PageCall time] => 11:25:45
    [P_TID] => INIMX_VBNKCAEcatca0720250916112158805154
    [P_MID] => CAEcatca07
    [P_AUTH_DT] => 20250916112545
    [P_STATUS] => 02
    [P_TYPE] => VBANK
    [P_OID] => 250916-012
    [P_FN_CD1] => 03
    [P_FN_CD2] => 
    [P_FN_NM] => 기업은행
    [P_AMT] => 3000
    [P_UNAME] => 홍묘선
    [P_RMESG1] => P_VACCT_NO=07502331297167|P_EXP_DT=20250926
    [P_RMESG2] => 
    [P_NOTI] => 
    [P_AUTH_NO] => 
)

 Array
(
    [PageCall time] => 11:35:20
    [P_TID] => INIMX_VBNKCAEcatca0720250916113145915964
    [P_MID] => CAEcatca07
    [P_AUTH_DT] => 20250916113520
    [P_STATUS] => 02
    [P_TYPE] => VBANK
    [P_OID] => 250916-016
    [P_FN_CD1] => 88
    [P_FN_CD2] => 
    [P_FN_NM] => 신한은행
    [P_AMT] => 3000
    [P_UNAME] => 권병욱
    [P_RMESG1] => P_VACCT_NO=56211102219937|P_EXP_DT=20250926
    [P_RMESG2] => 
    [P_NOTI] => 
    [P_AUTH_NO] => 
)

 Array
(
    [PageCall time] => 11:42:18
    [P_TID] => INIMX_VBNKCAEcatca0720250916113927135618
    [P_MID] => CAEcatca07
    [P_AUTH_DT] => 20250916114218
    [P_STATUS] => 02
    [P_TYPE] => VBANK
    [P_OID] => 250916-019
    [P_FN_CD1] => 04
    [P_FN_CD2] => 
    [P_FN_NM] => KB국민은행
    [P_AMT] => 3000
    [P_UNAME] => 김현승
    [P_RMESG1] => P_VACCT_NO=26119078066728|P_EXP_DT=20250926
    [P_RMESG2] => 
    [P_NOTI] => 
    [P_AUTH_NO] => 
)

 Array
(
    [PageCall time] => 11:43:24
    [P_TID] => INIMX_VBNKCAEcatca0720250916114037895931
    [P_MID] => CAEcatca07
    [P_AUTH_DT] => 20250916114324
    [P_STATUS] => 02
    [P_TYPE] => VBANK
    [P_OID] => 250916-017
    [P_FN_CD1] => 81
    [P_FN_CD2] => 
    [P_FN_NM] => 하나은행
    [P_AMT] => 3000
    [P_UNAME] => 신주호
    [P_RMESG1] => P_VACCT_NO=20894288289237|P_EXP_DT=20250926
    [P_RMESG2] => 
    [P_NOTI] => 
    [P_AUTH_NO] => 
)

 Array
(
    [PageCall time] => 12:11:53
    [P_TID] => INIMX_VBNKCAEcatca0720250916121001315712
    [P_MID] => CAEcatca07
    [P_AUTH_DT] => 20250916121153
    [P_STATUS] => 02
    [P_TYPE] => VBANK
    [P_OID] => 250916-020
    [P_FN_CD1] => 11
    [P_FN_CD2] => 
    [P_FN_NM] => NH농협은행
    [P_AMT] => 3000
    [P_UNAME] => 이미영
    [P_RMESG1] => P_VACCT_NO=79014506005002|P_EXP_DT=20250926
    [P_RMESG2] => 
    [P_NOTI] => 
    [P_AUTH_NO] => 
)

 Array
(
    [PageCall time] => 12:18:59
    [P_TID] => INIMX_VBNKCAEcatca0720250916121556505201
    [P_MID] => CAEcatca07
    [P_AUTH_DT] => 20250916121859
    [P_STATUS] => 02
    [P_TYPE] => VBANK
    [P_OID] => 250916-009
    [P_FN_CD1] => 11
    [P_FN_CD2] => 
    [P_FN_NM] => NH농협은행
    [P_AMT] => 3000
    [P_UNAME] => 오영미
    [P_RMESG1] => P_VACCT_NO=79014506005476|P_EXP_DT=20250926
    [P_RMESG2] => 
    [P_NOTI] => 
    [P_AUTH_NO] => 
)

 Array
(
    [PageCall time] => 13:45:34
    [P_TID] => INIMX_VBNKCAEcatca0720250916134233895467
    [P_MID] => CAEcatca07
    [P_AUTH_DT] => 20250916134534
    [P_STATUS] => 02
    [P_TYPE] => VBANK
    [P_OID] => 250916-022
    [P_FN_CD1] => 07
    [P_FN_CD2] => 
    [P_FN_NM] => 수협은행
    [P_AMT] => 3000
    [P_UNAME] => 황세영
    [P_RMESG1] => P_VACCT_NO=06640082542829|P_EXP_DT=20250926
    [P_RMESG2] => 
    [P_NOTI] => 
    [P_AUTH_NO] => 
)

 Array
(
    [PageCall time] => 14:34:31
    [P_TID] => INIMX_VBNKCAEcatca0720250916143156295945
    [P_MID] => CAEcatca07
    [P_AUTH_DT] => 20250916143431
    [P_STATUS] => 02
    [P_TYPE] => VBANK
    [P_OID] => 250916-023
    [P_FN_CD1] => 03
    [P_FN_CD2] => 
    [P_FN_NM] => 기업은행
    [P_AMT] => 3000
    [P_UNAME] => 정정아
    [P_RMESG1] => P_VACCT_NO=07502333297461|P_EXP_DT=20250926
    [P_RMESG2] => 
    [P_NOTI] => 
    [P_AUTH_NO] => 
)

 Array
(
    [PageCall time] => 14:52:15
    [P_TID] => INIMX_VBNKCAEcatca0720250916144749155050
    [P_MID] => CAEcatca07
    [P_AUTH_DT] => 20250916145215
    [P_STATUS] => 02
    [P_TYPE] => VBANK
    [P_OID] => 250916-025
    [P_FN_CD1] => 81
    [P_FN_CD2] => 
    [P_FN_NM] => 하나은행
    [P_AMT] => 3000
    [P_UNAME] => 김진숙
    [P_RMESG1] => P_VACCT_NO=20894299820937|P_EXP_DT=20250926
    [P_RMESG2] => 
    [P_NOTI] => 
    [P_AUTH_NO] => 
)

 Array
(
    [PageCall time] => 15:22:51
    [P_TID] => INIMX_VBNKCAEcatca0720250916151759925884
    [P_MID] => CAEcatca07
    [P_AUTH_DT] => 20250916152251
    [P_STATUS] => 02
    [P_TYPE] => VBANK
    [P_OID] => 250916-026
    [P_FN_CD1] => 81
    [P_FN_CD2] => 
    [P_FN_NM] => 하나은행
    [P_AMT] => 3000
    [P_UNAME] => 이선화
    [P_RMESG1] => P_VACCT_NO=20894302195337|P_EXP_DT=20250926
    [P_RMESG2] => 
    [P_NOTI] => 
    [P_AUTH_NO] => 
)

 Array
(
    [PageCall time] => 16:08:21
    [P_TID] => INIMX_VBNKCAEcatca0720250916160719265011
    [P_MID] => CAEcatca07
    [P_AUTH_DT] => 20250916160821
    [P_STATUS] => 02
    [P_TYPE] => VBANK
    [P_OID] => 250916-027
    [P_FN_CD1] => 11
    [P_FN_CD2] => 
    [P_FN_NM] => NH농협은행
    [P_AMT] => 3000
    [P_UNAME] => 김훈구
    [P_RMESG1] => P_VACCT_NO=79014506038305|P_EXP_DT=20250926
    [P_RMESG2] => 
    [P_NOTI] => 
    [P_AUTH_NO] => 
)

 Array
(
    [PageCall time] => 16:48:26
    [P_TID] => INIMX_VBNKCAEcatca0720250916164546955297
    [P_MID] => CAEcatca07
    [P_AUTH_DT] => 20250916164826
    [P_STATUS] => 02
    [P_TYPE] => VBANK
    [P_OID] => 250916-029
    [P_FN_CD1] => 11
    [P_FN_CD2] => 
    [P_FN_NM] => NH농협은행
    [P_AMT] => 3000
    [P_UNAME] => 김유식
    [P_RMESG1] => P_VACCT_NO=79014506044226|P_EXP_DT=20250926
    [P_RMESG2] => 
    [P_NOTI] => 
    [P_AUTH_NO] => 
)

 Array
(
    [PageCall time] => 17:08:37
    [P_TID] => INIMX_VBNKCAEcatca0720250916170545845280
    [P_MID] => CAEcatca07
    [P_AUTH_DT] => 20250916170837
    [P_STATUS] => 02
    [P_TYPE] => VBANK
    [P_OID] => 250916-030
    [P_FN_CD1] => 88
    [P_FN_CD2] => 
    [P_FN_NM] => 신한은행
    [P_AMT] => 3000
    [P_UNAME] => 윤은영
    [P_RMESG1] => P_VACCT_NO=56211102275270|P_EXP_DT=20250926
    [P_RMESG2] => 
    [P_NOTI] => 
    [P_AUTH_NO] => 
)

 Array
(
    [PageCall time] => 18:45:15
    [P_TID] => INIMX_VBNKCAEcatca0720250916184408435223
    [P_MID] => CAEcatca07
    [P_AUTH_DT] => 20250916184515
    [P_STATUS] => 02
    [P_TYPE] => VBANK
    [P_OID] => 250916-032
    [P_FN_CD1] => 11
    [P_FN_CD2] => 
    [P_FN_NM] => NH농협은행
    [P_AMT] => 3000
    [P_UNAME] => 박정임
    [P_RMESG1] => P_VACCT_NO=79014506057725|P_EXP_DT=20250926
    [P_RMESG2] => 
    [P_NOTI] => 
    [P_AUTH_NO] => 
)

 Array
(
    [PageCall time] => 19:44:46
    [P_TID] => INIMX_VBNKCAEcatca0720250916194255375326
    [P_MID] => CAEcatca07
    [P_AUTH_DT] => 20250916194446
    [P_STATUS] => 02
    [P_TYPE] => VBANK
    [P_OID] => 250916-034
    [P_FN_CD1] => 11
    [P_FN_CD2] => 
    [P_FN_NM] => NH농협은행
    [P_AMT] => 3000
    [P_UNAME] => 한현순
    [P_RMESG1] => P_VACCT_NO=79014506062897|P_EXP_DT=20250926
    [P_RMESG2] => 
    [P_NOTI] => 
    [P_AUTH_NO] => 
)

 Array
(
    [PageCall time] => 22:14:52
    [P_TID] => INIMX_VBNKCAEcatca0720250916221311345913
    [P_MID] => CAEcatca07
    [P_AUTH_DT] => 20250916221452
    [P_STATUS] => 02
    [P_TYPE] => VBANK
    [P_OID] => 250916-036
    [P_FN_CD1] => 11
    [P_FN_CD2] => 
    [P_FN_NM] => NH농협은행
    [P_AMT] => 3000
    [P_UNAME] => 이승근
    [P_RMESG1] => P_VACCT_NO=79014506075612|P_EXP_DT=20250926
    [P_RMESG2] => 
    [P_NOTI] => 
    [P_AUTH_NO] => 
)

 Array
(
    [PageCall time] => 23:02:11
    [P_TID] => INIMX_VBNKCAEcatca0720250916225908615236
    [P_MID] => CAEcatca07
    [P_AUTH_DT] => 20250916230211
    [P_STATUS] => 02
    [P_TYPE] => VBANK
    [P_OID] => 250916-037
    [P_FN_CD1] => 20
    [P_FN_CD2] => 
    [P_FN_NM] => 우리은행
    [P_AMT] => 3000
    [P_UNAME] => 강정숙
    [P_RMESG1] => P_VACCT_NO=27489897518415|P_EXP_DT=20250926
    [P_RMESG2] => 
    [P_NOTI] => 
    [P_AUTH_NO] => 
)

