 Array
(
    [PageCall time] => 09:11:04
    [P_TID] => INIMX_VBNKCAEcatca0720250326091006405557
    [P_MID] => CAEcatca07
    [P_AUTH_DT] => 20250326091104
    [P_STATUS] => 02
    [P_TYPE] => VBANK
    [P_OID] => 250326-001
    [P_FN_CD1] => 71
    [P_FN_CD2] => 
    [P_FN_NM] => 우체국
    [P_AMT] => 3000
    [P_UNAME] => 이종욱
    [P_RMESG1] => P_VACCT_NO=01397981799937|P_EXP_DT=20250405
    [P_RMESG2] => 
    [P_NOTI] => 
    [P_AUTH_NO] => 
)

 Array
(
    [PageCall time] => 09:31:02
    [P_TID] => INIMX_VBNKCAEcatca0720250326092750205156
    [P_MID] => CAEcatca07
    [P_AUTH_DT] => 20250326093102
    [P_STATUS] => 02
    [P_TYPE] => VBANK
    [P_OID] => 250326-004
    [P_FN_CD1] => 11
    [P_FN_CD2] => 
    [P_FN_NM] => NH농협은행
    [P_AMT] => 3000
    [P_UNAME] => 신기동
    [P_RMESG1] => P_VACCT_NO=79014508752844|P_EXP_DT=20250405
    [P_RMESG2] => 
    [P_NOTI] => 
    [P_AUTH_NO] => 
)

 Array
(
    [PageCall time] => 10:31:50
    [P_TID] => INIMX_VBNKCAEcatca0720250326103036685929
    [P_MID] => CAEcatca07
    [P_AUTH_DT] => 20250326103150
    [P_STATUS] => 02
    [P_TYPE] => VBANK
    [P_OID] => 250326-005
    [P_FN_CD1] => 11
    [P_FN_CD2] => 
    [P_FN_NM] => NH농협은행
    [P_AMT] => 3000
    [P_UNAME] => 백설희
    [P_RMESG1] => P_VACCT_NO=79014508759589|P_EXP_DT=20250405
    [P_RMESG2] => 
    [P_NOTI] => 
    [P_AUTH_NO] => 
)

 Array
(
    [PageCall time] => 10:33:27
    [P_TID] => INIMX_VBNKCAEcatca0720250326103241625300
    [P_MID] => CAEcatca07
    [P_AUTH_DT] => 20250326103327
    [P_STATUS] => 02
    [P_TYPE] => VBANK
    [P_OID] => 250326-006
    [P_FN_CD1] => 11
    [P_FN_CD2] => 
    [P_FN_NM] => NH농협은행
    [P_AMT] => 3000
    [P_UNAME] => 허연수
    [P_RMESG1] => P_VACCT_NO=79014508759784|P_EXP_DT=20250405
    [P_RMESG2] => 
    [P_NOTI] => 
    [P_AUTH_NO] => 
)

 Array
(
    [PageCall time] => 11:26:22
    [P_TID] => INIMX_VBNKCAEcatca0720250326112354855545
    [P_MID] => CAEcatca07
    [P_AUTH_DT] => 20250326112622
    [P_STATUS] => 02
    [P_TYPE] => VBANK
    [P_OID] => 250326-008
    [P_FN_CD1] => 03
    [P_FN_CD2] => 
    [P_FN_NM] => 기업은행
    [P_AMT] => 3000
    [P_UNAME] => 양승진
    [P_RMESG1] => P_VACCT_NO=07503157197086|P_EXP_DT=20250405
    [P_RMESG2] => 
    [P_NOTI] => 
    [P_AUTH_NO] => 
)

 Array
(
    [PageCall time] => 11:58:41
    [P_TID] => INIMX_VBNKCAEcatca0720250326115808975475
    [P_MID] => CAEcatca07
    [P_AUTH_DT] => 20250326115841
    [P_STATUS] => 02
    [P_TYPE] => VBANK
    [P_OID] => 250326-009
    [P_FN_CD1] => 04
    [P_FN_CD2] => 
    [P_FN_NM] => KB국민은행
    [P_AMT] => 3000
    [P_UNAME] => 한연규
    [P_RMESG1] => P_VACCT_NO=26029078970462|P_EXP_DT=20250405
    [P_RMESG2] => 
    [P_NOTI] => 
    [P_AUTH_NO] => 
)

 Array
(
    [PageCall time] => 12:26:14
    [P_TID] => INIMX_VBNKCAEcatca0720250326122532495698
    [P_MID] => CAEcatca07
    [P_AUTH_DT] => 20250326122614
    [P_STATUS] => 02
    [P_TYPE] => VBANK
    [P_OID] => 250326-010
    [P_FN_CD1] => 04
    [P_FN_CD2] => 
    [P_FN_NM] => KB국민은행
    [P_AMT] => 3000
    [P_UNAME] => 김태연
    [P_RMESG1] => P_VACCT_NO=58129079435485|P_EXP_DT=20250405
    [P_RMESG2] => 
    [P_NOTI] => 
    [P_AUTH_NO] => 
)

 Array
(
    [PageCall time] => 13:36:00
    [P_TID] => INIMX_VBNKCAEcatca0720250326133535905108
    [P_MID] => CAEcatca07
    [P_AUTH_DT] => 20250326133600
    [P_STATUS] => 02
    [P_TYPE] => VBANK
    [P_OID] => 250319-022
    [P_FN_CD1] => 04
    [P_FN_CD2] => 
    [P_FN_NM] => KB국민은행
    [P_AMT] => 3000
    [P_UNAME] => 장성대
    [P_RMESG1] => P_VACCT_NO=99449014549149|P_EXP_DT=20250405
    [P_RMESG2] => 
    [P_NOTI] => 
    [P_AUTH_NO] => 
)

 Array
(
    [PageCall time] => 14:30:48
    [P_TID] => INIMX_VBNKCAEcatca0720250326142957124656
    [P_MID] => CAEcatca07
    [P_AUTH_DT] => 20250326143048
    [P_STATUS] => 02
    [P_TYPE] => VBANK
    [P_OID] => 250326-011
    [P_FN_CD1] => 11
    [P_FN_CD2] => 
    [P_FN_NM] => NH농협은행
    [P_AMT] => 3000
    [P_UNAME] => 김정선
    [P_RMESG1] => P_VACCT_NO=01444664048248|P_EXP_DT=20250405
    [P_RMESG2] => 
    [P_NOTI] => 
    [P_AUTH_NO] => 
)

 Array
(
    [PageCall time] => 15:11:50
    [P_TID] => INIMX_VBNKCAEcatca0720250326151116165340
    [P_MID] => CAEcatca07
    [P_AUTH_DT] => 20250326151150
    [P_STATUS] => 02
    [P_TYPE] => VBANK
    [P_OID] => 250322-010
    [P_FN_CD1] => 11
    [P_FN_CD2] => 
    [P_FN_NM] => NH농협은행
    [P_AMT] => 3000
    [P_UNAME] => 유병훈
    [P_RMESG1] => P_VACCT_NO=79014508786192|P_EXP_DT=20250405
    [P_RMESG2] => 
    [P_NOTI] => 
    [P_AUTH_NO] => 
)

 Array
(
    [PageCall time] => 15:20:44
    [P_TID] => INIMX_VBNKCAEcatca0720250326151737625293
    [P_MID] => CAEcatca07
    [P_AUTH_DT] => 20250326152044
    [P_STATUS] => 02
    [P_TYPE] => VBANK
    [P_OID] => 250326-014
    [P_FN_CD1] => 88
    [P_FN_CD2] => 
    [P_FN_NM] => 신한은행
    [P_AMT] => 3000
    [P_UNAME] => 이지영
    [P_RMESG1] => P_VACCT_NO=56211991635597|P_EXP_DT=20250405
    [P_RMESG2] => 
    [P_NOTI] => 
    [P_AUTH_NO] => 
)

 Array
(
    [PageCall time] => 15:46:11
    [P_TID] => INIMX_VBNKCAEcatca0720250326154519405772
    [P_MID] => CAEcatca07
    [P_AUTH_DT] => 20250326154611
    [P_STATUS] => 02
    [P_TYPE] => VBANK
    [P_OID] => 250326-016
    [P_FN_CD1] => 04
    [P_FN_CD2] => 
    [P_FN_NM] => KB국민은행
    [P_AMT] => 3000
    [P_UNAME] => 피경주
    [P_RMESG1] => P_VACCT_NO=99449014568119|P_EXP_DT=20250405
    [P_RMESG2] => 
    [P_NOTI] => 
    [P_AUTH_NO] => 
)

 Array
(
    [PageCall time] => 16:50:21
    [P_TID] => INIMX_VBNKCAEcatca0720250326164347835789
    [P_MID] => CAEcatca07
    [P_AUTH_DT] => 20250326165021
    [P_STATUS] => 02
    [P_TYPE] => VBANK
    [P_OID] => 250326-021
    [P_FN_CD1] => 04
    [P_FN_CD2] => 
    [P_FN_NM] => KB국민은행
    [P_AMT] => 3000
    [P_UNAME] => 한미영
    [P_RMESG1] => P_VACCT_NO=99449014572334|P_EXP_DT=20250405
    [P_RMESG2] => 
    [P_NOTI] => 
    [P_AUTH_NO] => 
)

 Array
(
    [PageCall time] => 16:50:42
    [P_TID] => INIMX_VBNKCAEcatca0720250326164737725165
    [P_MID] => CAEcatca07
    [P_AUTH_DT] => 20250326165042
    [P_STATUS] => 02
    [P_TYPE] => VBANK
    [P_OID] => 250326-022
    [P_FN_CD1] => 20
    [P_FN_CD2] => 
    [P_FN_NM] => 우리은행
    [P_AMT] => 3000
    [P_UNAME] => 강보라
    [P_RMESG1] => P_VACCT_NO=27388301918457|P_EXP_DT=20250405
    [P_RMESG2] => 
    [P_NOTI] => 
    [P_AUTH_NO] => 
)

 Array
(
    [PageCall time] => 18:01:01
    [P_TID] => INIMX_VBNKCAEcatca0720250326175735725364
    [P_MID] => CAEcatca07
    [P_AUTH_DT] => 20250326180101
    [P_STATUS] => 02
    [P_TYPE] => VBANK
    [P_OID] => 250318-018
    [P_FN_CD1] => 88
    [P_FN_CD2] => 
    [P_FN_NM] => 신한은행
    [P_AMT] => 3000
    [P_UNAME] => 박현주
    [P_RMESG1] => P_VACCT_NO=56211991644015|P_EXP_DT=20250405
    [P_RMESG2] => 
    [P_NOTI] => 
    [P_AUTH_NO] => 
)

 Array
(
    [PageCall time] => 18:28:07
    [P_TID] => INIMX_VBNKCAEcatca0720250326182523785417
    [P_MID] => CAEcatca07
    [P_AUTH_DT] => 20250326182807
    [P_STATUS] => 02
    [P_TYPE] => VBANK
    [P_OID] => 250326-024
    [P_FN_CD1] => 88
    [P_FN_CD2] => 
    [P_FN_NM] => 신한은행
    [P_AMT] => 3000
    [P_UNAME] => 윤지영
    [P_RMESG1] => P_VACCT_NO=56211991645126|P_EXP_DT=20250405
    [P_RMESG2] => 
    [P_NOTI] => 
    [P_AUTH_NO] => 
)

 Array
(
    [PageCall time] => 20:15:12
    [P_TID] => INIMX_VBNKCAEcatca0720250326201420935770
    [P_MID] => CAEcatca07
    [P_AUTH_DT] => 20250326201512
    [P_STATUS] => 02
    [P_TYPE] => VBANK
    [P_OID] => 250326-025
    [P_FN_CD1] => 11
    [P_FN_CD2] => 
    [P_FN_NM] => NH농협은행
    [P_AMT] => 3000
    [P_UNAME] => 최종배
    [P_RMESG1] => P_VACCT_NO=79014508807225|P_EXP_DT=20250405
    [P_RMESG2] => 
    [P_NOTI] => 
    [P_AUTH_NO] => 
)

 Array
(
    [PageCall time] => 20:23:10
    [P_TID] => INIMX_VBNKCAEcatca0720250326202029125844
    [P_MID] => CAEcatca07
    [P_AUTH_DT] => 20250326202310
    [P_STATUS] => 02
    [P_TYPE] => VBANK
    [P_OID] => 250326-026
    [P_FN_CD1] => 89
    [P_FN_CD2] => 
    [P_FN_NM] => 케이뱅크
    [P_AMT] => 3000
    [P_UNAME] => 김남성
    [P_RMESG1] => P_VACCT_NO=70112004236931|P_EXP_DT=20250405
    [P_RMESG2] => 
    [P_NOTI] => 
    [P_AUTH_NO] => 
)

