 Array
(
    [PageCall time] => 03:08:40
    [P_TID] => INIMX_VBNKCAEcatca0720260102030755525767
    [P_MID] => CAEcatca07
    [P_AUTH_DT] => 20260102030840
    [P_STATUS] => 02
    [P_TYPE] => VBANK
    [P_OID] => 260102-001
    [P_FN_CD1] => 11
    [P_FN_CD2] => 
    [P_FN_NM] => NH농협은행
    [P_AMT] => 3000
    [P_UNAME] => 한다영
    [P_RMESG1] => P_VACCT_NO=79010588579418|P_EXP_DT=20260112
    [P_RMESG2] => 
    [P_NOTI] => 
    [P_AUTH_NO] => 
)

 Array
(
    [PageCall time] => 08:39:25
    [P_TID] => INIMX_VBNKCAEcatca0720260102083514285004
    [P_MID] => CAEcatca07
    [P_AUTH_DT] => 20260102083925
    [P_STATUS] => 02
    [P_TYPE] => VBANK
    [P_OID] => 260102-002
    [P_FN_CD1] => 04
    [P_FN_CD2] => 
    [P_FN_NM] => KB국민은행
    [P_AMT] => 3000
    [P_UNAME] => 박정현
    [P_RMESG1] => P_VACCT_NO=45419079305453|P_EXP_DT=20260112
    [P_RMESG2] => 
    [P_NOTI] => 
    [P_AUTH_NO] => 
)

 Array
(
    [PageCall time] => 09:58:05
    [P_TID] => INIMX_VBNKCAEcatca0720260102095507225076
    [P_MID] => CAEcatca07
    [P_AUTH_DT] => 20260102095805
    [P_STATUS] => 02
    [P_TYPE] => VBANK
    [P_OID] => 260102-003
    [P_FN_CD1] => 81
    [P_FN_CD2] => 
    [P_FN_NM] => 하나은행
    [P_AMT] => 3000
    [P_UNAME] => 김연정
    [P_RMESG1] => P_VACCT_NO=20893857154037|P_EXP_DT=20260112
    [P_RMESG2] => 
    [P_NOTI] => 
    [P_AUTH_NO] => 
)

 Array
(
    [PageCall time] => 10:14:09
    [P_TID] => INIMX_VBNKCAEcatca0720260102101300645365
    [P_MID] => CAEcatca07
    [P_AUTH_DT] => 20260102101409
    [P_STATUS] => 02
    [P_TYPE] => VBANK
    [P_OID] => 260102-005
    [P_FN_CD1] => 11
    [P_FN_CD2] => 
    [P_FN_NM] => NH농협은행
    [P_AMT] => 3000
    [P_UNAME] => 김혜정
    [P_RMESG1] => P_VACCT_NO=79010588600389|P_EXP_DT=20260112
    [P_RMESG2] => 
    [P_NOTI] => 
    [P_AUTH_NO] => 
)

 Array
(
    [PageCall time] => 10:22:23
    [P_TID] => INIMX_VBNKCAEcatca0720260102101933775135
    [P_MID] => CAEcatca07
    [P_AUTH_DT] => 20260102102223
    [P_STATUS] => 02
    [P_TYPE] => VBANK
    [P_OID] => 260102-006
    [P_FN_CD1] => 04
    [P_FN_CD2] => 
    [P_FN_NM] => KB국민은행
    [P_AMT] => 3000
    [P_UNAME] => ?珉옜?
    [P_RMESG1] => P_VACCT_NO=53209079398748|P_EXP_DT=20260112
    [P_RMESG2] => 
    [P_NOTI] => 
    [P_AUTH_NO] => 
)

 Array
(
    [PageCall time] => 10:28:33
    [P_TID] => INIMX_VBNKCAEcatca0720260102102408555679
    [P_MID] => CAEcatca07
    [P_AUTH_DT] => 20260102102833
    [P_STATUS] => 02
    [P_TYPE] => VBANK
    [P_OID] => 260102-008
    [P_FN_CD1] => 20
    [P_FN_CD2] => 
    [P_FN_NM] => 우리은행
    [P_AMT] => 3000
    [P_UNAME] => 안숙영
    [P_RMESG1] => P_VACCT_NO=27488827218369|P_EXP_DT=20260112
    [P_RMESG2] => 
    [P_NOTI] => 
    [P_AUTH_NO] => 
)

 Array
(
    [PageCall time] => 10:32:42
    [P_TID] => INIMX_VBNKCAEcatca0720260102103016445117
    [P_MID] => CAEcatca07
    [P_AUTH_DT] => 20260102103242
    [P_STATUS] => 02
    [P_TYPE] => VBANK
    [P_OID] => 260102-009
    [P_FN_CD1] => 88
    [P_FN_CD2] => 
    [P_FN_NM] => 신한은행
    [P_AMT] => 3000
    [P_UNAME] => 한신희
    [P_RMESG1] => P_VACCT_NO=56211992056332|P_EXP_DT=20260112
    [P_RMESG2] => 
    [P_NOTI] => 
    [P_AUTH_NO] => 
)

 Array
(
    [PageCall time] => 10:56:23
    [P_TID] => INIMX_VBNKCAEcatca0720260102105333705831
    [P_MID] => CAEcatca07
    [P_AUTH_DT] => 20260102105623
    [P_STATUS] => 02
    [P_TYPE] => VBANK
    [P_OID] => 260102-012
    [P_FN_CD1] => 88
    [P_FN_CD2] => 
    [P_FN_NM] => 신한은행
    [P_AMT] => 3000
    [P_UNAME] => 유화정
    [P_RMESG1] => P_VACCT_NO=56211992059560|P_EXP_DT=20260112
    [P_RMESG2] => 
    [P_NOTI] => 
    [P_AUTH_NO] => 
)

 Array
(
    [PageCall time] => 11:00:04
    [P_TID] => INIMX_VBNKCAEcatca0720260102105403815197
    [P_MID] => CAEcatca07
    [P_AUTH_DT] => 20260102110004
    [P_STATUS] => 02
    [P_TYPE] => VBANK
    [P_OID] => 260102-014
    [P_FN_CD1] => 89
    [P_FN_CD2] => 
    [P_FN_NM] => 케이뱅크
    [P_AMT] => 3000
    [P_UNAME] => 한인선
    [P_RMESG1] => P_VACCT_NO=70112003201269|P_EXP_DT=20260112
    [P_RMESG2] => 
    [P_NOTI] => 
    [P_AUTH_NO] => 
)

 Array
(
    [PageCall time] => 11:07:54
    [P_TID] => INIMX_VBNKCAEcatca0720260102110443715225
    [P_MID] => CAEcatca07
    [P_AUTH_DT] => 20260102110754
    [P_STATUS] => 02
    [P_TYPE] => VBANK
    [P_OID] => 260102-013
    [P_FN_CD1] => 32
    [P_FN_CD2] => 
    [P_FN_NM] => 부산은행
    [P_AMT] => 3000
    [P_UNAME] => 안예솜
    [P_RMESG1] => P_VACCT_NO=109924481450|P_EXP_DT=20260112
    [P_RMESG2] => 
    [P_NOTI] => 
    [P_AUTH_NO] => 
)

 Array
(
    [PageCall time] => 11:12:22
    [P_TID] => INIMX_VBNKCAEcatca0720260102110944695083
    [P_MID] => CAEcatca07
    [P_AUTH_DT] => 20260102111222
    [P_STATUS] => 02
    [P_TYPE] => VBANK
    [P_OID] => 260102-015
    [P_FN_CD1] => 88
    [P_FN_CD2] => 
    [P_FN_NM] => 신한은행
    [P_AMT] => 3000
    [P_UNAME] => 추경윤
    [P_RMESG1] => P_VACCT_NO=56211992061279|P_EXP_DT=20260112
    [P_RMESG2] => 
    [P_NOTI] => 
    [P_AUTH_NO] => 
)

 Array
(
    [PageCall time] => 11:27:00
    [P_TID] => INIMX_VBNKCAEcatca0720260102112401245051
    [P_MID] => CAEcatca07
    [P_AUTH_DT] => 20260102112700
    [P_STATUS] => 02
    [P_TYPE] => VBANK
    [P_OID] => 260102-016
    [P_FN_CD1] => 88
    [P_FN_CD2] => 
    [P_FN_NM] => 신한은행
    [P_AMT] => 3000
    [P_UNAME] => 이상희
    [P_RMESG1] => P_VACCT_NO=56211992063467|P_EXP_DT=20260112
    [P_RMESG2] => 
    [P_NOTI] => 
    [P_AUTH_NO] => 
)

 Array
(
    [PageCall time] => 11:28:43
    [P_TID] => INIMX_VBNKCAEcatca0720260102112531805998
    [P_MID] => CAEcatca07
    [P_AUTH_DT] => 20260102112843
    [P_STATUS] => 02
    [P_TYPE] => VBANK
    [P_OID] => 260102-017
    [P_FN_CD1] => 04
    [P_FN_CD2] => 
    [P_FN_NM] => KB국민은행
    [P_AMT] => 3000
    [P_UNAME] => 김정현
    [P_RMESG1] => P_VACCT_NO=39319011188775|P_EXP_DT=20260112
    [P_RMESG2] => 
    [P_NOTI] => 
    [P_AUTH_NO] => 
)

 Array
(
    [PageCall time] => 11:59:05
    [P_TID] => INIMX_VBNKCAEcatca0720260102115629905195
    [P_MID] => CAEcatca07
    [P_AUTH_DT] => 20260102115904
    [P_STATUS] => 02
    [P_TYPE] => VBANK
    [P_OID] => 260102-020
    [P_FN_CD1] => 04
    [P_FN_CD2] => 
    [P_FN_NM] => KB국민은행
    [P_AMT] => 3000
    [P_UNAME] => 이홍용
    [P_RMESG1] => P_VACCT_NO=40139011075800|P_EXP_DT=20260112
    [P_RMESG2] => 
    [P_NOTI] => 
    [P_AUTH_NO] => 
)

 Array
(
    [PageCall time] => 11:59:35
    [P_TID] => INIMX_VBNKCAEcatca0720260102115154165240
    [P_MID] => CAEcatca07
    [P_AUTH_DT] => 20260102115935
    [P_STATUS] => 02
    [P_TYPE] => VBANK
    [P_OID] => 260102-018
    [P_FN_CD1] => 88
    [P_FN_CD2] => 
    [P_FN_NM] => 신한은행
    [P_AMT] => 3000
    [P_UNAME] => 이장현
    [P_RMESG1] => P_VACCT_NO=56211992065585|P_EXP_DT=20260112
    [P_RMESG2] => 
    [P_NOTI] => 
    [P_AUTH_NO] => 
)

 Array
(
    [PageCall time] => 11:59:53
    [P_TID] => INIMX_VBNKCAEcatca0720260102115631695456
    [P_MID] => CAEcatca07
    [P_AUTH_DT] => 20260102115953
    [P_STATUS] => 02
    [P_TYPE] => VBANK
    [P_OID] => 260102-019
    [P_FN_CD1] => 04
    [P_FN_CD2] => 
    [P_FN_NM] => KB국민은행
    [P_AMT] => 3000
    [P_UNAME] => 노은경
    [P_RMESG1] => P_VACCT_NO=40139011079093|P_EXP_DT=20260112
    [P_RMESG2] => 
    [P_NOTI] => 
    [P_AUTH_NO] => 
)

 Array
(
    [PageCall time] => 12:02:07
    [P_TID] => INIMX_VBNKCAEcatca0720260102120111215973
    [P_MID] => CAEcatca07
    [P_AUTH_DT] => 20260102120207
    [P_STATUS] => 02
    [P_TYPE] => VBANK
    [P_OID] => 260102-021
    [P_FN_CD1] => 11
    [P_FN_CD2] => 
    [P_FN_NM] => NH농협은행
    [P_AMT] => 3000
    [P_UNAME] => 서윤지
    [P_RMESG1] => P_VACCT_NO=79010588618618|P_EXP_DT=20260112
    [P_RMESG2] => 
    [P_NOTI] => 
    [P_AUTH_NO] => 
)

 Array
(
    [PageCall time] => 13:00:08
    [P_TID] => INIMX_VBNKCAEcatca0720260102125725465153
    [P_MID] => CAEcatca07
    [P_AUTH_DT] => 20260102130008
    [P_STATUS] => 02
    [P_TYPE] => VBANK
    [P_OID] => 260102-022
    [P_FN_CD1] => 81
    [P_FN_CD2] => 
    [P_FN_NM] => 하나은행
    [P_AMT] => 3000
    [P_UNAME] => 류영훈
    [P_RMESG1] => P_VACCT_NO=20893858663537|P_EXP_DT=20260112
    [P_RMESG2] => 
    [P_NOTI] => 
    [P_AUTH_NO] => 
)

 Array
(
    [PageCall time] => 13:13:12
    [P_TID] => INIMX_VBNKCAEcatca0720260102131026245500
    [P_MID] => CAEcatca07
    [P_AUTH_DT] => 20260102131312
    [P_STATUS] => 02
    [P_TYPE] => VBANK
    [P_OID] => 260102-024
    [P_FN_CD1] => 89
    [P_FN_CD2] => 
    [P_FN_NM] => 케이뱅크
    [P_AMT] => 3000
    [P_UNAME] => 박희란
    [P_RMESG1] => P_VACCT_NO=70112003202845|P_EXP_DT=20260112
    [P_RMESG2] => 
    [P_NOTI] => 
    [P_AUTH_NO] => 
)

 Array
(
    [PageCall time] => 13:21:20
    [P_TID] => INIMX_VBNKCAEcatca0720260102132038945940
    [P_MID] => CAEcatca07
    [P_AUTH_DT] => 20260102132120
    [P_STATUS] => 02
    [P_TYPE] => VBANK
    [P_OID] => 260102-025
    [P_FN_CD1] => 11
    [P_FN_CD2] => 
    [P_FN_NM] => NH농협은행
    [P_AMT] => 3000
    [P_UNAME] => 김상완
    [P_RMESG1] => P_VACCT_NO=79010588628431|P_EXP_DT=20260112
    [P_RMESG2] => 
    [P_NOTI] => 
    [P_AUTH_NO] => 
)

 Array
(
    [PageCall time] => 13:44:55
    [P_TID] => INIMX_VBNKCAEcatca0720260102133857885948
    [P_MID] => CAEcatca07
    [P_AUTH_DT] => 20260102134455
    [P_STATUS] => 02
    [P_TYPE] => VBANK
    [P_OID] => 260102-029
    [P_FN_CD1] => 71
    [P_FN_CD2] => 
    [P_FN_NM] => 우체국
    [P_AMT] => 3000
    [P_UNAME] => 정미혜
    [P_RMESG1] => P_VACCT_NO=01397981294726|P_EXP_DT=20260112
    [P_RMESG2] => 
    [P_NOTI] => 
    [P_AUTH_NO] => 
)

 Array
(
    [PageCall time] => 13:47:08
    [P_TID] => INIMX_VBNKCAEcatca0720260102134443255918
    [P_MID] => CAEcatca07
    [P_AUTH_DT] => 20260102134708
    [P_STATUS] => 02
    [P_TYPE] => VBANK
    [P_OID] => 260102-031
    [P_FN_CD1] => 88
    [P_FN_CD2] => 
    [P_FN_NM] => 신한은행
    [P_AMT] => 3000
    [P_UNAME] => 박윤상
    [P_RMESG1] => P_VACCT_NO=56211992074427|P_EXP_DT=20260112
    [P_RMESG2] => 
    [P_NOTI] => 
    [P_AUTH_NO] => 
)

 Array
(
    [PageCall time] => 13:47:23
    [P_TID] => INIMX_VBNKCAEcatca0720251230131300365690
    [P_MID] => CAEcatca07
    [P_AUTH_DT] => 20260102134723
    [P_STATUS] => 02
    [P_TYPE] => VBANK
    [P_OID] => 251230-010
    [P_FN_CD1] => 04
    [P_FN_CD2] => 
    [P_FN_NM] => KB국민은행
    [P_AMT] => 3000
    [P_UNAME] => 황유진
    [P_RMESG1] => P_VACCT_NO=26159078374328|P_EXP_DT=20260109
    [P_RMESG2] => 
    [P_NOTI] => 
    [P_AUTH_NO] => 
)

 Array
(
    [PageCall time] => 14:35:55
    [P_TID] => INIMX_VBNKCAEcatca0720260102142500505027
    [P_MID] => CAEcatca07
    [P_AUTH_DT] => 20260102143555
    [P_STATUS] => 02
    [P_TYPE] => VBANK
    [P_OID] => 260102-033
    [P_FN_CD1] => 88
    [P_FN_CD2] => 
    [P_FN_NM] => 신한은행
    [P_AMT] => 3000
    [P_UNAME] => 하영진
    [P_RMESG1] => P_VACCT_NO=56211992078310|P_EXP_DT=20260112
    [P_RMESG2] => 
    [P_NOTI] => 
    [P_AUTH_NO] => 
)

 Array
(
    [PageCall time] => 14:53:44
    [P_TID] => INIMX_VBNKCAEcatca0720260102144907295297
    [P_MID] => CAEcatca07
    [P_AUTH_DT] => 20260102145344
    [P_STATUS] => 02
    [P_TYPE] => VBANK
    [P_OID] => 260102-034
    [P_FN_CD1] => 04
    [P_FN_CD2] => 
    [P_FN_NM] => KB국민은행
    [P_AMT] => 3000
    [P_UNAME] => 추진심
    [P_RMESG1] => P_VACCT_NO=42089011775147|P_EXP_DT=20260112
    [P_RMESG2] => 
    [P_NOTI] => 
    [P_AUTH_NO] => 
)

 Array
(
    [PageCall time] => 15:01:02
    [P_TID] => INIMX_VBNKCAEcatca0720260102145801345652
    [P_MID] => CAEcatca07
    [P_AUTH_DT] => 20260102150102
    [P_STATUS] => 02
    [P_TYPE] => VBANK
    [P_OID] => 260102-035
    [P_FN_CD1] => 81
    [P_FN_CD2] => 
    [P_FN_NM] => 하나은행
    [P_AMT] => 3000
    [P_UNAME] => 주원진
    [P_RMESG1] => P_VACCT_NO=20893859320637|P_EXP_DT=20260112
    [P_RMESG2] => 
    [P_NOTI] => 
    [P_AUTH_NO] => 
)

 Array
(
    [PageCall time] => 15:15:51
    [P_TID] => INIMX_VBNKCAEcatca0720260102151445985027
    [P_MID] => CAEcatca07
    [P_AUTH_DT] => 20260102151551
    [P_STATUS] => 02
    [P_TYPE] => VBANK
    [P_OID] => 260102-036
    [P_FN_CD1] => 11
    [P_FN_CD2] => 
    [P_FN_NM] => NH농협은행
    [P_AMT] => 3000
    [P_UNAME] => 이상희
    [P_RMESG1] => P_VACCT_NO=79010588647851|P_EXP_DT=20260112
    [P_RMESG2] => 
    [P_NOTI] => 
    [P_AUTH_NO] => 
)

 Array
(
    [PageCall time] => 15:25:06
    [P_TID] => INIMX_VBNKCAEcatca0720260102152015635722
    [P_MID] => CAEcatca07
    [P_AUTH_DT] => 20260102152506
    [P_STATUS] => 02
    [P_TYPE] => VBANK
    [P_OID] => 260102-037
    [P_FN_CD1] => 81
    [P_FN_CD2] => 
    [P_FN_NM] => 하나은행
    [P_AMT] => 3000
    [P_UNAME] => 이숙진
    [P_RMESG1] => P_VACCT_NO=20893859474637|P_EXP_DT=20260112
    [P_RMESG2] => 
    [P_NOTI] => 
    [P_AUTH_NO] => 
)

 Array
(
    [PageCall time] => 15:43:20
    [P_TID] => INIMX_VBNKCAEcatca0720260102154018265050
    [P_MID] => CAEcatca07
    [P_AUTH_DT] => 20260102154320
    [P_STATUS] => 02
    [P_TYPE] => VBANK
    [P_OID] => 260102-040
    [P_FN_CD1] => 03
    [P_FN_CD2] => 
    [P_FN_NM] => 기업은행
    [P_AMT] => 3000
    [P_UNAME] => 김재석
    [P_RMESG1] => P_VACCT_NO=07503415697533|P_EXP_DT=20260112
    [P_RMESG2] => 
    [P_NOTI] => 
    [P_AUTH_NO] => 
)

 Array
(
    [PageCall time] => 16:31:19
    [P_TID] => INIMX_VBNKCAEcatca0720260102163017245531
    [P_MID] => CAEcatca07
    [P_AUTH_DT] => 20260102163119
    [P_STATUS] => 02
    [P_TYPE] => VBANK
    [P_OID] => 260102-026
    [P_FN_CD1] => 11
    [P_FN_CD2] => 
    [P_FN_NM] => NH농협은행
    [P_AMT] => 3000
    [P_UNAME] => 양숙정
    [P_RMESG1] => P_VACCT_NO=79010588660430|P_EXP_DT=20260112
    [P_RMESG2] => 
    [P_NOTI] => 
    [P_AUTH_NO] => 
)

 Array
(
    [PageCall time] => 16:48:57
    [P_TID] => INIMX_VBNKCAEcatca0720260102164614485874
    [P_MID] => CAEcatca07
    [P_AUTH_DT] => 20260102164857
    [P_STATUS] => 02
    [P_TYPE] => VBANK
    [P_OID] => 260102-043
    [P_FN_CD1] => 88
    [P_FN_CD2] => 
    [P_FN_NM] => 신한은행
    [P_AMT] => 3000
    [P_UNAME] => 차희지
    [P_RMESG1] => P_VACCT_NO=56211992096301|P_EXP_DT=20260112
    [P_RMESG2] => 
    [P_NOTI] => 
    [P_AUTH_NO] => 
)

 Array
(
    [PageCall time] => 17:26:37
    [P_TID] => INIMX_VBNKCAEcatca0720260102172408605738
    [P_MID] => CAEcatca07
    [P_AUTH_DT] => 20260102172637
    [P_STATUS] => 02
    [P_TYPE] => VBANK
    [P_OID] => 260102-045
    [P_FN_CD1] => 88
    [P_FN_CD2] => 
    [P_FN_NM] => 신한은행
    [P_AMT] => 3000
    [P_UNAME] => 박현진
    [P_RMESG1] => P_VACCT_NO=56211992100120|P_EXP_DT=20260112
    [P_RMESG2] => 
    [P_NOTI] => 
    [P_AUTH_NO] => 
)

 Array
(
    [PageCall time] => 18:29:33
    [P_TID] => INIMX_VBNKCAEcatca0720260102182653635293
    [P_MID] => CAEcatca07
    [P_AUTH_DT] => 20260102182933
    [P_STATUS] => 02
    [P_TYPE] => VBANK
    [P_OID] => 260102-028
    [P_FN_CD1] => 04
    [P_FN_CD2] => 
    [P_FN_NM] => KB국민은행
    [P_AMT] => 3000
    [P_UNAME] => 이성주
    [P_RMESG1] => P_VACCT_NO=49789079264814|P_EXP_DT=20260112
    [P_RMESG2] => 
    [P_NOTI] => 
    [P_AUTH_NO] => 
)

 Array
(
    [PageCall time] => 18:48:47
    [P_TID] => INIMX_VBNKCAEcatca0720260102184545115906
    [P_MID] => CAEcatca07
    [P_AUTH_DT] => 20260102184847
    [P_STATUS] => 02
    [P_TYPE] => VBANK
    [P_OID] => 260102-046
    [P_FN_CD1] => 20
    [P_FN_CD2] => 
    [P_FN_NM] => 우리은행
    [P_AMT] => 3000
    [P_UNAME] => 이혜선
    [P_RMESG1] => P_VACCT_NO=27488854018612|P_EXP_DT=20260112
    [P_RMESG2] => 
    [P_NOTI] => 
    [P_AUTH_NO] => 
)

 Array
(
    [PageCall time] => 22:21:27
    [P_TID] => INIMX_VBNKCAEcatca0720260102134120325811
    [P_MID] => CAEcatca07
    [P_AUTH_DT] => 20260102222127
    [P_STATUS] => 02
    [P_TYPE] => VBANK
    [P_OID] => 260102-030
    [P_FN_CD1] => 20
    [P_FN_CD2] => 
    [P_FN_NM] => 우리은행
    [P_AMT] => 3000
    [P_UNAME] => 박현지
    [P_RMESG1] => P_VACCT_NO=27488837018159|P_EXP_DT=20260112
    [P_RMESG2] => 
    [P_NOTI] => 
    [P_AUTH_NO] => 
)

