 Array
(
    [PageCall time] => 06:26:17
    [P_TID] => INIMX_VBNKCAEcatca0720250731062441135092
    [P_MID] => CAEcatca07
    [P_AUTH_DT] => 20250731062617
    [P_STATUS] => 02
    [P_TYPE] => VBANK
    [P_OID] => 250729-033
    [P_FN_CD1] => 04
    [P_FN_CD2] => 
    [P_FN_NM] => KB국민은행
    [P_AMT] => 3000
    [P_UNAME] => 정은명
    [P_RMESG1] => P_VACCT_NO=26159078532289|P_EXP_DT=20250810
    [P_RMESG2] => 
    [P_NOTI] => 
    [P_AUTH_NO] => 
)

 Array
(
    [PageCall time] => 08:17:40
    [P_TID] => INIMX_VBNKCAEcatca0720250731081424455436
    [P_MID] => CAEcatca07
    [P_AUTH_DT] => 20250731081740
    [P_STATUS] => 02
    [P_TYPE] => VBANK
    [P_OID] => 250731-002
    [P_FN_CD1] => 20
    [P_FN_CD2] => 
    [P_FN_NM] => 우리은행
    [P_AMT] => 3000
    [P_UNAME] => 김창보
    [P_RMESG1] => P_VACCT_NO=27388251918337|P_EXP_DT=20250810
    [P_RMESG2] => 
    [P_NOTI] => 
    [P_AUTH_NO] => 
)

 Array
(
    [PageCall time] => 08:50:45
    [P_TID] => INIMX_VBNKCAEcatca0720250731084730265793
    [P_MID] => CAEcatca07
    [P_AUTH_DT] => 20250731085045
    [P_STATUS] => 02
    [P_TYPE] => VBANK
    [P_OID] => 250731-003
    [P_FN_CD1] => 34
    [P_FN_CD2] => 
    [P_FN_NM] => 광주은행
    [P_AMT] => 3000
    [P_UNAME] => 김지원
    [P_RMESG1] => P_VACCT_NO=810865255585|P_EXP_DT=20250810
    [P_RMESG2] => 
    [P_NOTI] => 
    [P_AUTH_NO] => 
)

 Array
(
    [PageCall time] => 08:54:27
    [P_TID] => INIMX_VBNKCAEcatca0720250731085140685676
    [P_MID] => CAEcatca07
    [P_AUTH_DT] => 20250731085427
    [P_STATUS] => 02
    [P_TYPE] => VBANK
    [P_OID] => 250731-004
    [P_FN_CD1] => 88
    [P_FN_CD2] => 
    [P_FN_NM] => 신한은행
    [P_AMT] => 3000
    [P_UNAME] => 홍세성
    [P_RMESG1] => P_VACCT_NO=56211990569351|P_EXP_DT=20250810
    [P_RMESG2] => 
    [P_NOTI] => 
    [P_AUTH_NO] => 
)

 Array
(
    [PageCall time] => 09:22:38
    [P_TID] => INIMX_VBNKCAEcatca0720250731091500955775
    [P_MID] => CAEcatca07
    [P_AUTH_DT] => 20250731092238
    [P_STATUS] => 02
    [P_TYPE] => VBANK
    [P_OID] => 250731-005
    [P_FN_CD1] => 88
    [P_FN_CD2] => 
    [P_FN_NM] => 신한은행
    [P_AMT] => 3000
    [P_UNAME] => 하정숙
    [P_RMESG1] => P_VACCT_NO=56211990570455|P_EXP_DT=20250810
    [P_RMESG2] => 
    [P_NOTI] => 
    [P_AUTH_NO] => 
)

 Array
(
    [PageCall time] => 09:51:32
    [P_TID] => INIMX_VBNKCAEcatca0720250731095034605657
    [P_MID] => CAEcatca07
    [P_AUTH_DT] => 20250731095132
    [P_STATUS] => 02
    [P_TYPE] => VBANK
    [P_OID] => 250730-051
    [P_FN_CD1] => 11
    [P_FN_CD2] => 
    [P_FN_NM] => NH농협은행
    [P_AMT] => 3000
    [P_UNAME] => 천대욱
    [P_RMESG1] => P_VACCT_NO=79014289317680|P_EXP_DT=20250810
    [P_RMESG2] => 
    [P_NOTI] => 
    [P_AUTH_NO] => 
)

 Array
(
    [PageCall time] => 10:12:08
    [P_TID] => INIMX_VBNKCAEcatca0720250731101128365261
    [P_MID] => CAEcatca07
    [P_AUTH_DT] => 20250731101208
    [P_STATUS] => 02
    [P_TYPE] => VBANK
    [P_OID] => 250731-009
    [P_FN_CD1] => 04
    [P_FN_CD2] => 
    [P_FN_NM] => KB국민은행
    [P_AMT] => 3000
    [P_UNAME] => 양지선
    [P_RMESG1] => P_VACCT_NO=53209079353981|P_EXP_DT=20250810
    [P_RMESG2] => 
    [P_NOTI] => 
    [P_AUTH_NO] => 
)

 Array
(
    [PageCall time] => 10:31:59
    [P_TID] => INIMX_VBNKCAEcatca0720250731102847615141
    [P_MID] => CAEcatca07
    [P_AUTH_DT] => 20250731103159
    [P_STATUS] => 02
    [P_TYPE] => VBANK
    [P_OID] => 250731-011
    [P_FN_CD1] => 88
    [P_FN_CD2] => 
    [P_FN_NM] => 신한은행
    [P_AMT] => 3000
    [P_UNAME] => 윤지성
    [P_RMESG1] => P_VACCT_NO=56211990574851|P_EXP_DT=20250810
    [P_RMESG2] => 
    [P_NOTI] => 
    [P_AUTH_NO] => 
)

 Array
(
    [PageCall time] => 10:37:50
    [P_TID] => INIMX_VBNKCAEcatca0720250731103722765534
    [P_MID] => CAEcatca07
    [P_AUTH_DT] => 20250731103750
    [P_STATUS] => 02
    [P_TYPE] => VBANK
    [P_OID] => 250731-012
    [P_FN_CD1] => 11
    [P_FN_CD2] => 
    [P_FN_NM] => NH농협은행
    [P_AMT] => 3000
    [P_UNAME] => 장은지
    [P_RMESG1] => P_VACCT_NO=79014289323861|P_EXP_DT=20250810
    [P_RMESG2] => 
    [P_NOTI] => 
    [P_AUTH_NO] => 
)

 Array
(
    [PageCall time] => 10:47:10
    [P_TID] => INIMX_VBNKCAEcatca0720250731104339845496
    [P_MID] => CAEcatca07
    [P_AUTH_DT] => 20250731104710
    [P_STATUS] => 02
    [P_TYPE] => VBANK
    [P_OID] => 250731-013
    [P_FN_CD1] => 03
    [P_FN_CD2] => 
    [P_FN_NM] => 기업은행
    [P_AMT] => 3000
    [P_UNAME] => 김용쥰
    [P_RMESG1] => P_VACCT_NO=07503140397920|P_EXP_DT=20250810
    [P_RMESG2] => 
    [P_NOTI] => 
    [P_AUTH_NO] => 
)

 Array
(
    [PageCall time] => 11:02:37
    [P_TID] => INIMX_VBNKCAEcatca0720250731110139175177
    [P_MID] => CAEcatca07
    [P_AUTH_DT] => 20250731110237
    [P_STATUS] => 02
    [P_TYPE] => VBANK
    [P_OID] => 250731-015
    [P_FN_CD1] => 04
    [P_FN_CD2] => 
    [P_FN_NM] => KB국민은행
    [P_AMT] => 3000
    [P_UNAME] => 이현정
    [P_RMESG1] => P_VACCT_NO=26119078759026|P_EXP_DT=20250810
    [P_RMESG2] => 
    [P_NOTI] => 
    [P_AUTH_NO] => 
)

 Array
(
    [PageCall time] => 11:25:19
    [P_TID] => INIMX_VBNKCAEcatca0720250731112429365512
    [P_MID] => CAEcatca07
    [P_AUTH_DT] => 20250731112519
    [P_STATUS] => 02
    [P_TYPE] => VBANK
    [P_OID] => 250731-017
    [P_FN_CD1] => 04
    [P_FN_CD2] => 
    [P_FN_NM] => KB국민은행
    [P_AMT] => 3000
    [P_UNAME] => 노선미
    [P_RMESG1] => P_VACCT_NO=26119078774139|P_EXP_DT=20250810
    [P_RMESG2] => 
    [P_NOTI] => 
    [P_AUTH_NO] => 
)

 Array
(
    [PageCall time] => 11:40:53
    [P_TID] => INIMX_VBNKCAEcatca0720250731114010145076
    [P_MID] => CAEcatca07
    [P_AUTH_DT] => 20250731114053
    [P_STATUS] => 02
    [P_TYPE] => VBANK
    [P_OID] => 250731-018
    [P_FN_CD1] => 04
    [P_FN_CD2] => 
    [P_FN_NM] => KB국민은행
    [P_AMT] => 3000
    [P_UNAME] => 윤서라
    [P_RMESG1] => P_VACCT_NO=26119078783151|P_EXP_DT=20250810
    [P_RMESG2] => 
    [P_NOTI] => 
    [P_AUTH_NO] => 
)

 Array
(
    [PageCall time] => 13:10:47
    [P_TID] => INIMX_VBNKCAEcatca0720250731130933645108
    [P_MID] => CAEcatca07
    [P_AUTH_DT] => 20250731131046
    [P_STATUS] => 02
    [P_TYPE] => VBANK
    [P_OID] => 250731-020
    [P_FN_CD1] => 04
    [P_FN_CD2] => 
    [P_FN_NM] => KB국민은행
    [P_AMT] => 3000
    [P_UNAME] => 고영민
    [P_RMESG1] => P_VACCT_NO=26119078869213|P_EXP_DT=20250810
    [P_RMESG2] => 
    [P_NOTI] => 
    [P_AUTH_NO] => 
)

 Array
(
    [PageCall time] => 13:26:28
    [P_TID] => INIMX_VBNKCAEcatca0720250731132338985063
    [P_MID] => CAEcatca07
    [P_AUTH_DT] => 20250731132628
    [P_STATUS] => 02
    [P_TYPE] => VBANK
    [P_OID] => 250731-021
    [P_FN_CD1] => 88
    [P_FN_CD2] => 
    [P_FN_NM] => 신한은행
    [P_AMT] => 3000
    [P_UNAME] => 국혜선
    [P_RMESG1] => P_VACCT_NO=56211990588503|P_EXP_DT=20250810
    [P_RMESG2] => 
    [P_NOTI] => 
    [P_AUTH_NO] => 
)

 Array
(
    [PageCall time] => 14:05:50
    [P_TID] => INIMX_VBNKCAEcatca0720250731140316564428
    [P_MID] => CAEcatca07
    [P_AUTH_DT] => 20250731140550
    [P_STATUS] => 02
    [P_TYPE] => VBANK
    [P_OID] => 250731-024
    [P_FN_CD1] => 88
    [P_FN_CD2] => 
    [P_FN_NM] => 신한은행
    [P_AMT] => 3000
    [P_UNAME] => 김명환
    [P_RMESG1] => P_VACCT_NO=56211122200326|P_EXP_DT=20250810
    [P_RMESG2] => 
    [P_NOTI] => 
    [P_AUTH_NO] => 
)

 Array
(
    [PageCall time] => 14:23:24
    [P_TID] => INIMX_VBNKCAEcatca0720250731142234624278
    [P_MID] => CAEcatca07
    [P_AUTH_DT] => 20250731142324
    [P_STATUS] => 02
    [P_TYPE] => VBANK
    [P_OID] => 250731-027
    [P_FN_CD1] => 04
    [P_FN_CD2] => 
    [P_FN_NM] => KB국민은행
    [P_AMT] => 3000
    [P_UNAME] => 안창혁
    [P_RMESG1] => P_VACCT_NO=88429011894011|P_EXP_DT=20250810
    [P_RMESG2] => 
    [P_NOTI] => 
    [P_AUTH_NO] => 
)

 Array
(
    [PageCall time] => 14:28:20
    [P_TID] => INIMX_VBNKCAEcatca0720250731142504214313
    [P_MID] => CAEcatca07
    [P_AUTH_DT] => 20250731142820
    [P_STATUS] => 02
    [P_TYPE] => VBANK
    [P_OID] => 250731-028
    [P_FN_CD1] => 88
    [P_FN_CD2] => 
    [P_FN_NM] => 신한은행
    [P_AMT] => 3000
    [P_UNAME] => 백영기
    [P_RMESG1] => P_VACCT_NO=56211122200646|P_EXP_DT=20250810
    [P_RMESG2] => 
    [P_NOTI] => 
    [P_AUTH_NO] => 
)

 Array
(
    [PageCall time] => 14:38:34
    [P_TID] => INIMX_VBNKCAEcatca0720250731143647594600
    [P_MID] => CAEcatca07
    [P_AUTH_DT] => 20250731143834
    [P_STATUS] => 02
    [P_TYPE] => VBANK
    [P_OID] => 250731-030
    [P_FN_CD1] => 11
    [P_FN_CD2] => 
    [P_FN_NM] => NH농협은행
    [P_AMT] => 3000
    [P_UNAME] => 이옥숙
    [P_RMESG1] => P_VACCT_NO=79005474567068|P_EXP_DT=20250810
    [P_RMESG2] => 
    [P_NOTI] => 
    [P_AUTH_NO] => 
)

 Array
(
    [PageCall time] => 14:54:57
    [P_TID] => INIMX_VBNKCAEcatca0720250731145129364991
    [P_MID] => CAEcatca07
    [P_AUTH_DT] => 20250731145457
    [P_STATUS] => 02
    [P_TYPE] => VBANK
    [P_OID] => 250731-031
    [P_FN_CD1] => 03
    [P_FN_CD2] => 
    [P_FN_NM] => 기업은행
    [P_AMT] => 3000
    [P_UNAME] => 김영국
    [P_RMESG1] => P_VACCT_NO=07500419497335|P_EXP_DT=20250810
    [P_RMESG2] => 
    [P_NOTI] => 
    [P_AUTH_NO] => 
)

 Array
(
    [PageCall time] => 14:54:57
    [P_TID] => INIMX_VBNKCAEcatca0720250731145221584480
    [P_MID] => CAEcatca07
    [P_AUTH_DT] => 20250731145457
    [P_STATUS] => 02
    [P_TYPE] => VBANK
    [P_OID] => 250731-032
    [P_FN_CD1] => 20
    [P_FN_CD2] => 
    [P_FN_NM] => 우리은행
    [P_AMT] => 3000
    [P_UNAME] => 강경모
    [P_RMESG1] => P_VACCT_NO=09103939618635|P_EXP_DT=20250810
    [P_RMESG2] => 
    [P_NOTI] => 
    [P_AUTH_NO] => 
)

 Array
(
    [PageCall time] => 15:18:33
    [P_TID] => INIMX_VBNKCAEcatca0720250731145221854840
    [P_MID] => CAEcatca07
    [P_AUTH_DT] => 20250731151833
    [P_STATUS] => 02
    [P_TYPE] => VBANK
    [P_OID] => 250731-026
    [P_FN_CD1] => 11
    [P_FN_CD2] => 
    [P_FN_NM] => NH농협은행
    [P_AMT] => 3000
    [P_UNAME] => 고양기
    [P_RMESG1] => P_VACCT_NO=79005474571620|P_EXP_DT=20250810
    [P_RMESG2] => 
    [P_NOTI] => 
    [P_AUTH_NO] => 
)

 Array
(
    [PageCall time] => 15:34:39
    [P_TID] => INIMX_VBNKCAEcatca0720250731153406384925
    [P_MID] => CAEcatca07
    [P_AUTH_DT] => 20250731153439
    [P_STATUS] => 02
    [P_TYPE] => VBANK
    [P_OID] => 250731-034
    [P_FN_CD1] => 04
    [P_FN_CD2] => 
    [P_FN_NM] => KB국민은행
    [P_AMT] => 3000
    [P_UNAME] => 정현수
    [P_RMESG1] => P_VACCT_NO=88429011901715|P_EXP_DT=20250810
    [P_RMESG2] => 
    [P_NOTI] => 
    [P_AUTH_NO] => 
)

 Array
(
    [PageCall time] => 16:07:43
    [P_TID] => INIMX_VBNKCAEcatca0720250731160621115458
    [P_MID] => CAEcatca07
    [P_AUTH_DT] => 20250731160743
    [P_STATUS] => 02
    [P_TYPE] => VBANK
    [P_OID] => 250731-035
    [P_FN_CD1] => 11
    [P_FN_CD2] => 
    [P_FN_NM] => NH농협은행
    [P_AMT] => 3000
    [P_UNAME] => 이미숙
    [P_RMESG1] => P_VACCT_NO=79014289363809|P_EXP_DT=20250810
    [P_RMESG2] => 
    [P_NOTI] => 
    [P_AUTH_NO] => 
)

 Array
(
    [PageCall time] => 16:11:52
    [P_TID] => INIMX_VBNKCAEcatca0720250731160843365569
    [P_MID] => CAEcatca07
    [P_AUTH_DT] => 20250731161152
    [P_STATUS] => 02
    [P_TYPE] => VBANK
    [P_OID] => 250730-005
    [P_FN_CD1] => 20
    [P_FN_CD2] => 
    [P_FN_NM] => 우리은행
    [P_AMT] => 3000
    [P_UNAME] => 한승우
    [P_RMESG1] => P_VACCT_NO=27388293218843|P_EXP_DT=20250810
    [P_RMESG2] => 
    [P_NOTI] => 
    [P_AUTH_NO] => 
)

 Array
(
    [PageCall time] => 17:13:41
    [P_TID] => INIMX_VBNKCAEcatca0720250731171243515388
    [P_MID] => CAEcatca07
    [P_AUTH_DT] => 20250731171341
    [P_STATUS] => 02
    [P_TYPE] => VBANK
    [P_OID] => 250731-039
    [P_FN_CD1] => 11
    [P_FN_CD2] => 
    [P_FN_NM] => NH농협은행
    [P_AMT] => 3000
    [P_UNAME] => 이우정
    [P_RMESG1] => P_VACCT_NO=79014289373384|P_EXP_DT=20250810
    [P_RMESG2] => 
    [P_NOTI] => 
    [P_AUTH_NO] => 
)

 Array
(
    [PageCall time] => 17:30:47
    [P_TID] => INIMX_VBNKCAEcatca0720250731172759915665
    [P_MID] => CAEcatca07
    [P_AUTH_DT] => 20250731173047
    [P_STATUS] => 02
    [P_TYPE] => VBANK
    [P_OID] => 250731-040
    [P_FN_CD1] => 20
    [P_FN_CD2] => 
    [P_FN_NM] => 우리은행
    [P_AMT] => 3000
    [P_UNAME] => 정민석
    [P_RMESG1] => P_VACCT_NO=27388297318978|P_EXP_DT=20250810
    [P_RMESG2] => 
    [P_NOTI] => 
    [P_AUTH_NO] => 
)

 Array
(
    [PageCall time] => 17:36:04
    [P_TID] => INIMX_VBNKCAEcatca0720250731173308605540
    [P_MID] => CAEcatca07
    [P_AUTH_DT] => 20250731173604
    [P_STATUS] => 02
    [P_TYPE] => VBANK
    [P_OID] => 250731-041
    [P_FN_CD1] => 03
    [P_FN_CD2] => 
    [P_FN_NM] => 기업은행
    [P_AMT] => 3000
    [P_UNAME] => 이형우
    [P_RMESG1] => P_VACCT_NO=07503144397952|P_EXP_DT=20250810
    [P_RMESG2] => 
    [P_NOTI] => 
    [P_AUTH_NO] => 
)

 Array
(
    [PageCall time] => 18:06:25
    [P_TID] => INIMX_VBNKCAEcatca0720250731000732135965
    [P_MID] => CAEcatca07
    [P_AUTH_DT] => 20250731180625
    [P_STATUS] => 02
    [P_TYPE] => VBANK
    [P_OID] => 250731-001
    [P_FN_CD1] => 11
    [P_FN_CD2] => 
    [P_FN_NM] => NH농협은행
    [P_AMT] => 3000
    [P_UNAME] => 권용주
    [P_RMESG1] => P_VACCT_NO=79014289293108|P_EXP_DT=20250810
    [P_RMESG2] => 
    [P_NOTI] => 
    [P_AUTH_NO] => 
)

 Array
(
    [PageCall time] => 18:50:03
    [P_TID] => INIMX_VBNKCAEcatca0720250731184712805058
    [P_MID] => CAEcatca07
    [P_AUTH_DT] => 20250731185003
    [P_STATUS] => 02
    [P_TYPE] => VBANK
    [P_OID] => 250731-043
    [P_FN_CD1] => 88
    [P_FN_CD2] => 
    [P_FN_NM] => 신한은행
    [P_AMT] => 3000
    [P_UNAME] => 유문식
    [P_RMESG1] => P_VACCT_NO=56211990612753|P_EXP_DT=20250810
    [P_RMESG2] => 
    [P_NOTI] => 
    [P_AUTH_NO] => 
)

 Array
(
    [PageCall time] => 21:11:02
    [P_TID] => INIMX_VBNKCAEcatca0720250731211003395849
    [P_MID] => CAEcatca07
    [P_AUTH_DT] => 20250731211102
    [P_STATUS] => 02
    [P_TYPE] => VBANK
    [P_OID] => 250731-044
    [P_FN_CD1] => 11
    [P_FN_CD2] => 
    [P_FN_NM] => NH농협은행
    [P_AMT] => 3000
    [P_UNAME] => 이장원
    [P_RMESG1] => P_VACCT_NO=79014289395458|P_EXP_DT=20250810
    [P_RMESG2] => 
    [P_NOTI] => 
    [P_AUTH_NO] => 
)

 Array
(
    [PageCall time] => 21:33:58
    [P_TID] => INIMX_VBNKCAEcatca0720250731213227875470
    [P_MID] => CAEcatca07
    [P_AUTH_DT] => 20250731213358
    [P_STATUS] => 02
    [P_TYPE] => VBANK
    [P_OID] => 250731-045
    [P_FN_CD1] => 71
    [P_FN_CD2] => 
    [P_FN_NM] => 우체국
    [P_AMT] => 3000
    [P_UNAME] => 한주연
    [P_RMESG1] => P_VACCT_NO=01397981285933|P_EXP_DT=20250810
    [P_RMESG2] => 
    [P_NOTI] => 
    [P_AUTH_NO] => 
)

