 Array
(
    [PageCall time] => 07:12:02
    [P_TID] => INIMX_VBNKCAEcatca0720250807071121945443
    [P_MID] => CAEcatca07
    [P_AUTH_DT] => 20250807071202
    [P_STATUS] => 02
    [P_TYPE] => VBANK
    [P_OID] => 250804-010
    [P_FN_CD1] => 04
    [P_FN_CD2] => 
    [P_FN_NM] => KB국민은행
    [P_AMT] => 3000
    [P_UNAME] => 황혜웡
    [P_RMESG1] => P_VACCT_NO=53209079087866|P_EXP_DT=20250817
    [P_RMESG2] => 
    [P_NOTI] => 
    [P_AUTH_NO] => 
)

 Array
(
    [PageCall time] => 08:14:37
    [P_TID] => INIMX_VBNKCAEcatca0720250807080935565590
    [P_MID] => CAEcatca07
    [P_AUTH_DT] => 20250807081437
    [P_STATUS] => 02
    [P_TYPE] => VBANK
    [P_OID] => 250807-002
    [P_FN_CD1] => 88
    [P_FN_CD2] => 
    [P_FN_NM] => 신한은행
    [P_AMT] => 3000
    [P_UNAME] => 손찬규
    [P_RMESG1] => P_VACCT_NO=56211990985561|P_EXP_DT=20250817
    [P_RMESG2] => 
    [P_NOTI] => 
    [P_AUTH_NO] => 
)

 Array
(
    [PageCall time] => 08:41:56
    [P_TID] => INIMX_VBNKCAEcatca0720250807083837985158
    [P_MID] => CAEcatca07
    [P_AUTH_DT] => 20250807084156
    [P_STATUS] => 02
    [P_TYPE] => VBANK
    [P_OID] => 250805-019
    [P_FN_CD1] => 39
    [P_FN_CD2] => 
    [P_FN_NM] => 경남은행
    [P_AMT] => 3000
    [P_UNAME] => 김유선
    [P_RMESG1] => P_VACCT_NO=573193491768|P_EXP_DT=20250817
    [P_RMESG2] => 
    [P_NOTI] => 
    [P_AUTH_NO] => 
)

 Array
(
    [PageCall time] => 09:16:32
    [P_TID] => INIMX_VBNKCAEcatca0720250807091343245534
    [P_MID] => CAEcatca07
    [P_AUTH_DT] => 20250807091632
    [P_STATUS] => 02
    [P_TYPE] => VBANK
    [P_OID] => 250807-003
    [P_FN_CD1] => 88
    [P_FN_CD2] => 
    [P_FN_NM] => 신한은행
    [P_AMT] => 3000
    [P_UNAME] => 손정민
    [P_RMESG1] => P_VACCT_NO=56211990986949|P_EXP_DT=20250817
    [P_RMESG2] => 
    [P_NOTI] => 
    [P_AUTH_NO] => 
)

 Array
(
    [PageCall time] => 09:29:04
    [P_TID] => INIMX_VBNKCAEcatca0720250806135427494335
    [P_MID] => CAEcatca07
    [P_AUTH_DT] => 20250807092904
    [P_STATUS] => 02
    [P_TYPE] => VBANK
    [P_OID] => 250806-024
    [P_FN_CD1] => 11
    [P_FN_CD2] => 
    [P_FN_NM] => NH농협은행
    [P_AMT] => 3000
    [P_UNAME] => 대구이현초등학교
    [P_RMESG1] => P_VACCT_NO=79005474902880|P_EXP_DT=20250816
    [P_RMESG2] => 
    [P_NOTI] => 
    [P_AUTH_NO] => 
)

 Array
(
    [PageCall time] => 09:42:11
    [P_TID] => INIMX_VBNKCAEcatca0720250807093935675883
    [P_MID] => CAEcatca07
    [P_AUTH_DT] => 20250807094211
    [P_STATUS] => 02
    [P_TYPE] => VBANK
    [P_OID] => 250807-005
    [P_FN_CD1] => 81
    [P_FN_CD2] => 
    [P_FN_NM] => 하나은행
    [P_AMT] => 3000
    [P_UNAME] => 권기훈
    [P_RMESG1] => P_VACCT_NO=20893946194637|P_EXP_DT=20250817
    [P_RMESG2] => 
    [P_NOTI] => 
    [P_AUTH_NO] => 
)

 Array
(
    [PageCall time] => 09:42:59
    [P_TID] => INIMX_VBNKCAEcatca0720250807094151125237
    [P_MID] => CAEcatca07
    [P_AUTH_DT] => 20250807094259
    [P_STATUS] => 02
    [P_TYPE] => VBANK
    [P_OID] => 250807-006
    [P_FN_CD1] => 04
    [P_FN_CD2] => 
    [P_FN_NM] => KB국민은행
    [P_AMT] => 3000
    [P_UNAME] => 이현숙
    [P_RMESG1] => P_VACCT_NO=91229079026676|P_EXP_DT=20250817
    [P_RMESG2] => 
    [P_NOTI] => 
    [P_AUTH_NO] => 
)

 Array
(
    [PageCall time] => 10:31:55
    [P_TID] => INIMX_VBNKCAEcatca0720250807103056175015
    [P_MID] => CAEcatca07
    [P_AUTH_DT] => 20250807103155
    [P_STATUS] => 02
    [P_TYPE] => VBANK
    [P_OID] => 250807-007
    [P_FN_CD1] => 04
    [P_FN_CD2] => 
    [P_FN_NM] => KB국민은행
    [P_AMT] => 3000
    [P_UNAME] => 은창민
    [P_RMESG1] => P_VACCT_NO=00289071309401|P_EXP_DT=20250817
    [P_RMESG2] => 
    [P_NOTI] => 
    [P_AUTH_NO] => 
)

 Array
(
    [PageCall time] => 10:41:08
    [P_TID] => INIMX_VBNKCAEcatca0720250807103810805387
    [P_MID] => CAEcatca07
    [P_AUTH_DT] => 20250807104107
    [P_STATUS] => 02
    [P_TYPE] => VBANK
    [P_OID] => 250807-008
    [P_FN_CD1] => 81
    [P_FN_CD2] => 
    [P_FN_NM] => 하나은행
    [P_AMT] => 3000
    [P_UNAME] => 김재춘
    [P_RMESG1] => P_VACCT_NO=20893946443837|P_EXP_DT=20250817
    [P_RMESG2] => 
    [P_NOTI] => 
    [P_AUTH_NO] => 
)

 Array
(
    [PageCall time] => 10:49:26
    [P_TID] => INIMX_VBNKCAEcatca0720250807104608785851
    [P_MID] => CAEcatca07
    [P_AUTH_DT] => 20250807104926
    [P_STATUS] => 02
    [P_TYPE] => VBANK
    [P_OID] => 250807-010
    [P_FN_CD1] => 81
    [P_FN_CD2] => 
    [P_FN_NM] => 하나은행
    [P_AMT] => 3000
    [P_UNAME] => 김성훈
    [P_RMESG1] => P_VACCT_NO=20893946475237|P_EXP_DT=20250817
    [P_RMESG2] => 
    [P_NOTI] => 
    [P_AUTH_NO] => 
)

 Array
(
    [PageCall time] => 11:14:16
    [P_TID] => INIMX_VBNKCAEcatca0720250807111109205843
    [P_MID] => CAEcatca07
    [P_AUTH_DT] => 20250807111416
    [P_STATUS] => 02
    [P_TYPE] => VBANK
    [P_OID] => 250807-011
    [P_FN_CD1] => 81
    [P_FN_CD2] => 
    [P_FN_NM] => 하나은행
    [P_AMT] => 3000
    [P_UNAME] => 최보미
    [P_RMESG1] => P_VACCT_NO=20893946979937|P_EXP_DT=20250817
    [P_RMESG2] => 
    [P_NOTI] => 
    [P_AUTH_NO] => 
)

 Array
(
    [PageCall time] => 11:26:47
    [P_TID] => INIMX_VBNKCAEcatca0720250807112329415314
    [P_MID] => CAEcatca07
    [P_AUTH_DT] => 20250807112647
    [P_STATUS] => 02
    [P_TYPE] => VBANK
    [P_OID] => 250807-013
    [P_FN_CD1] => 20
    [P_FN_CD2] => 
    [P_FN_NM] => 우리은행
    [P_AMT] => 3000
    [P_UNAME] => 정유진
    [P_RMESG1] => P_VACCT_NO=27388784118989|P_EXP_DT=20250817
    [P_RMESG2] => 
    [P_NOTI] => 
    [P_AUTH_NO] => 
)

 Array
(
    [PageCall time] => 11:31:19
    [P_TID] => INIMX_VBNKCAEcatca0720250807112906515025
    [P_MID] => CAEcatca07
    [P_AUTH_DT] => 20250807113119
    [P_STATUS] => 02
    [P_TYPE] => VBANK
    [P_OID] => 250807-014
    [P_FN_CD1] => 11
    [P_FN_CD2] => 
    [P_FN_NM] => NH농협은행
    [P_AMT] => 3000
    [P_UNAME] => 김인욱
    [P_RMESG1] => P_VACCT_NO=79014290116648|P_EXP_DT=20250817
    [P_RMESG2] => 
    [P_NOTI] => 
    [P_AUTH_NO] => 
)

 Array
(
    [PageCall time] => 11:37:24
    [P_TID] => INIMX_VBNKCAEcatca0720250807113453405953
    [P_MID] => CAEcatca07
    [P_AUTH_DT] => 20250807113724
    [P_STATUS] => 02
    [P_TYPE] => VBANK
    [P_OID] => 250807-016
    [P_FN_CD1] => 88
    [P_FN_CD2] => 
    [P_FN_NM] => 신한은행
    [P_AMT] => 3000
    [P_UNAME] => 최현주
    [P_RMESG1] => P_VACCT_NO=56211991003954|P_EXP_DT=20250817
    [P_RMESG2] => 
    [P_NOTI] => 
    [P_AUTH_NO] => 
)

 Array
(
    [PageCall time] => 12:08:59
    [P_TID] => INIMX_VBNKCAEcatca0720250807120505315241
    [P_MID] => CAEcatca07
    [P_AUTH_DT] => 20250807120859
    [P_STATUS] => 02
    [P_TYPE] => VBANK
    [P_OID] => 250807-018
    [P_FN_CD1] => 04
    [P_FN_CD2] => 
    [P_FN_NM] => KB국민은행
    [P_AMT] => 3000
    [P_UNAME] => 이중기
    [P_RMESG1] => P_VACCT_NO=26159078242173|P_EXP_DT=20250817
    [P_RMESG2] => 
    [P_NOTI] => 
    [P_AUTH_NO] => 
)

 Array
(
    [PageCall time] => 13:57:18
    [P_TID] => INIMX_VBNKCAEcatca0720250807135430485657
    [P_MID] => CAEcatca07
    [P_AUTH_DT] => 20250807135718
    [P_STATUS] => 02
    [P_TYPE] => VBANK
    [P_OID] => 250807-019
    [P_FN_CD1] => 88
    [P_FN_CD2] => 
    [P_FN_NM] => 신한은행
    [P_AMT] => 3000
    [P_UNAME] => 임일남
    [P_RMESG1] => P_VACCT_NO=56211991012942|P_EXP_DT=20250817
    [P_RMESG2] => 
    [P_NOTI] => 
    [P_AUTH_NO] => 
)

 Array
(
    [PageCall time] => 14:15:44
    [P_TID] => INIMX_VBNKCAEcatca0720250807132558455833
    [P_MID] => CAEcatca07
    [P_AUTH_DT] => 20250807141544
    [P_STATUS] => 02
    [P_TYPE] => VBANK
    [P_OID] => 250807-015
    [P_FN_CD1] => 04
    [P_FN_CD2] => 
    [P_FN_NM] => KB국민은행
    [P_AMT] => 3000
    [P_UNAME] => 최현수
    [P_RMESG1] => P_VACCT_NO=70239014118708|P_EXP_DT=20250817
    [P_RMESG2] => 
    [P_NOTI] => 
    [P_AUTH_NO] => 
)

 Array
(
    [PageCall time] => 15:33:26
    [P_TID] => INIMX_VBNKCAEcatca0720250807152512355126
    [P_MID] => CAEcatca07
    [P_AUTH_DT] => 20250807153326
    [P_STATUS] => 02
    [P_TYPE] => VBANK
    [P_OID] => 250807-021
    [P_FN_CD1] => 03
    [P_FN_CD2] => 
    [P_FN_NM] => 기업은행
    [P_AMT] => 3000
    [P_UNAME] => 이우진
    [P_RMESG1] => P_VACCT_NO=07503180697453|P_EXP_DT=20250817
    [P_RMESG2] => 
    [P_NOTI] => 
    [P_AUTH_NO] => 
)

 Array
(
    [PageCall time] => 16:00:28
    [P_TID] => INIMX_VBNKCAEcatca0720250807155743325489
    [P_MID] => CAEcatca07
    [P_AUTH_DT] => 20250807160028
    [P_STATUS] => 02
    [P_TYPE] => VBANK
    [P_OID] => 250807-023
    [P_FN_CD1] => 89
    [P_FN_CD2] => 
    [P_FN_NM] => 케이뱅크
    [P_AMT] => 3000
    [P_UNAME] => 권은희
    [P_RMESG1] => P_VACCT_NO=70112004135505|P_EXP_DT=20250817
    [P_RMESG2] => 
    [P_NOTI] => 
    [P_AUTH_NO] => 
)

 Array
(
    [PageCall time] => 16:16:42
    [P_TID] => INIMX_VBNKCAEcatca0720250807161328744576
    [P_MID] => CAEcatca07
    [P_AUTH_DT] => 20250807161642
    [P_STATUS] => 02
    [P_TYPE] => VBANK
    [P_OID] => 250807-025
    [P_FN_CD1] => 89
    [P_FN_CD2] => 
    [P_FN_NM] => 케이뱅크
    [P_AMT] => 3000
    [P_UNAME] => 박영인
    [P_RMESG1] => P_VACCT_NO=70112000221671|P_EXP_DT=20250817
    [P_RMESG2] => 
    [P_NOTI] => 
    [P_AUTH_NO] => 
)

 Array
(
    [PageCall time] => 16:45:52
    [P_TID] => INIMX_VBNKCAEcatca0720250807163926664234
    [P_MID] => CAEcatca07
    [P_AUTH_DT] => 20250807164552
    [P_STATUS] => 02
    [P_TYPE] => VBANK
    [P_OID] => 250807-022
    [P_FN_CD1] => 31
    [P_FN_CD2] => 
    [P_FN_NM] => 아이엠뱅크(대구은행)
    [P_AMT] => 3000
    [P_UNAME] => 허재석
    [P_RMESG1] => P_VACCT_NO=9600347799471|P_EXP_DT=20250817
    [P_RMESG2] => 
    [P_NOTI] => 
    [P_AUTH_NO] => 
)

 Array
(
    [PageCall time] => 17:06:10
    [P_TID] => INIMX_VBNKCAEcatca0720250807170119964869
    [P_MID] => CAEcatca07
    [P_AUTH_DT] => 20250807170610
    [P_STATUS] => 02
    [P_TYPE] => VBANK
    [P_OID] => 250807-024
    [P_FN_CD1] => 20
    [P_FN_CD2] => 
    [P_FN_NM] => 우리은행
    [P_AMT] => 3000
    [P_UNAME] => 행복누리어린이집
    [P_RMESG1] => P_VACCT_NO=09104196018366|P_EXP_DT=20250817
    [P_RMESG2] => 
    [P_NOTI] => 
    [P_AUTH_NO] => 
)

 Array
(
    [PageCall time] => 18:20:41
    [P_TID] => INIMX_VBNKCAEcatca0720250807181805445568
    [P_MID] => CAEcatca07
    [P_AUTH_DT] => 20250807182041
    [P_STATUS] => 02
    [P_TYPE] => VBANK
    [P_OID] => 250807-030
    [P_FN_CD1] => 88
    [P_FN_CD2] => 
    [P_FN_NM] => 신한은행
    [P_AMT] => 3000
    [P_UNAME] => 한혜경
    [P_RMESG1] => P_VACCT_NO=56211991031813|P_EXP_DT=20250817
    [P_RMESG2] => 
    [P_NOTI] => 
    [P_AUTH_NO] => 
)

 Array
(
    [PageCall time] => 18:23:14
    [P_TID] => INIMX_VBNKCAEcatca0720250807181912435680
    [P_MID] => CAEcatca07
    [P_AUTH_DT] => 20250807182314
    [P_STATUS] => 02
    [P_TYPE] => VBANK
    [P_OID] => 250807-031
    [P_FN_CD1] => 11
    [P_FN_CD2] => 
    [P_FN_NM] => NH농협은행
    [P_AMT] => 3000
    [P_UNAME] => 윤성희
    [P_RMESG1] => P_VACCT_NO=79014290149381|P_EXP_DT=20250817
    [P_RMESG2] => 
    [P_NOTI] => 
    [P_AUTH_NO] => 
)

 Array
(
    [PageCall time] => 19:00:57
    [P_TID] => INIMX_VBNKCAEcatca0720250807185817775546
    [P_MID] => CAEcatca07
    [P_AUTH_DT] => 20250807190057
    [P_STATUS] => 02
    [P_TYPE] => VBANK
    [P_OID] => 250807-033
    [P_FN_CD1] => 20
    [P_FN_CD2] => 
    [P_FN_NM] => 우리은행
    [P_AMT] => 3000
    [P_UNAME] => 전혜은
    [P_RMESG1] => P_VACCT_NO=27388806618050|P_EXP_DT=20250817
    [P_RMESG2] => 
    [P_NOTI] => 
    [P_AUTH_NO] => 
)

 Array
(
    [PageCall time] => 21:08:18
    [P_TID] => INIMX_VBNKCAEcatca0720250807210734155613
    [P_MID] => CAEcatca07
    [P_AUTH_DT] => 20250807210818
    [P_STATUS] => 02
    [P_TYPE] => VBANK
    [P_OID] => 250807-034
    [P_FN_CD1] => 11
    [P_FN_CD2] => 
    [P_FN_NM] => NH농협은행
    [P_AMT] => 3000
    [P_UNAME] => 전희대
    [P_RMESG1] => P_VACCT_NO=79014290171878|P_EXP_DT=20250817
    [P_RMESG2] => 
    [P_NOTI] => 
    [P_AUTH_NO] => 
)

 Array
(
    [PageCall time] => 21:16:43
    [P_TID] => INIMX_VBNKCAEcatca0720250807211123325407
    [P_MID] => CAEcatca07
    [P_AUTH_DT] => 20250807211643
    [P_STATUS] => 02
    [P_TYPE] => VBANK
    [P_OID] => 250807-035
    [P_FN_CD1] => 20
    [P_FN_CD2] => 
    [P_FN_NM] => 우리은행
    [P_AMT] => 3000
    [P_UNAME] => 김석
    [P_RMESG1] => P_VACCT_NO=27388818018714|P_EXP_DT=20250817
    [P_RMESG2] => 
    [P_NOTI] => 
    [P_AUTH_NO] => 
)

 Array
(
    [PageCall time] => 21:20:34
    [P_TID] => INIMX_VBNKCAEcatca0720250807211803335980
    [P_MID] => CAEcatca07
    [P_AUTH_DT] => 20250807212034
    [P_STATUS] => 02
    [P_TYPE] => VBANK
    [P_OID] => 250807-036
    [P_FN_CD1] => 88
    [P_FN_CD2] => 
    [P_FN_NM] => 신한은행
    [P_AMT] => 3000
    [P_UNAME] => 이대권
    [P_RMESG1] => P_VACCT_NO=56211991047459|P_EXP_DT=20250817
    [P_RMESG2] => 
    [P_NOTI] => 
    [P_AUTH_NO] => 
)

 Array
(
    [PageCall time] => 21:40:15
    [P_TID] => INIMX_VBNKCAEcatca0720250807213646545127
    [P_MID] => CAEcatca07
    [P_AUTH_DT] => 20250807214015
    [P_STATUS] => 02
    [P_TYPE] => VBANK
    [P_OID] => 250807-037
    [P_FN_CD1] => 89
    [P_FN_CD2] => 
    [P_FN_NM] => 케이뱅크
    [P_AMT] => 3000
    [P_UNAME] => 김규나
    [P_RMESG1] => P_VACCT_NO=70112004137368|P_EXP_DT=20250817
    [P_RMESG2] => 
    [P_NOTI] => 
    [P_AUTH_NO] => 
)

