 Array
(
    [PageCall time] => 00:35:22
    [P_TID] => INIMX_VBNKCAEcatca0720251203003242075190
    [P_MID] => CAEcatca07
    [P_AUTH_DT] => 20251203003522
    [P_STATUS] => 02
    [P_TYPE] => VBANK
    [P_OID] => 251203-002
    [P_FN_CD1] => 89
    [P_FN_CD2] => 
    [P_FN_NM] => 케이뱅크
    [P_AMT] => 3000
    [P_UNAME] => 이정미
    [P_RMESG1] => P_VACCT_NO=70112003977820|P_EXP_DT=20251213
    [P_RMESG2] => 
    [P_NOTI] => 
    [P_AUTH_NO] => 
)

 Array
(
    [PageCall time] => 08:02:02
    [P_TID] => INIMX_VBNKCAEcatca0720251203080126555217
    [P_MID] => CAEcatca07
    [P_AUTH_DT] => 20251203080202
    [P_STATUS] => 02
    [P_TYPE] => VBANK
    [P_OID] => 251203-003
    [P_FN_CD1] => 11
    [P_FN_CD2] => 
    [P_FN_NM] => NH농협은행
    [P_AMT] => 3000
    [P_UNAME] => 강명옥
    [P_RMESG1] => P_VACCT_NO=79015904709544|P_EXP_DT=20251213
    [P_RMESG2] => 
    [P_NOTI] => 
    [P_AUTH_NO] => 
)

 Array
(
    [PageCall time] => 10:22:35
    [P_TID] => INIMX_VBNKCAEcatca0720251203101906715603
    [P_MID] => CAEcatca07
    [P_AUTH_DT] => 20251203102235
    [P_STATUS] => 02
    [P_TYPE] => VBANK
    [P_OID] => 251203-006
    [P_FN_CD1] => 34
    [P_FN_CD2] => 
    [P_FN_NM] => 광주은행
    [P_AMT] => 3000
    [P_UNAME] => 서미리
    [P_RMESG1] => P_VACCT_NO=810865176266|P_EXP_DT=20251213
    [P_RMESG2] => 
    [P_NOTI] => 
    [P_AUTH_NO] => 
)

 Array
(
    [PageCall time] => 10:30:30
    [P_TID] => INIMX_VBNKCAEcatca0720251203102743585698
    [P_MID] => CAEcatca07
    [P_AUTH_DT] => 20251203103030
    [P_STATUS] => 02
    [P_TYPE] => VBANK
    [P_OID] => 251203-008
    [P_FN_CD1] => 03
    [P_FN_CD2] => 
    [P_FN_NM] => 기업은행
    [P_AMT] => 3000
    [P_UNAME] => 김승완
    [P_RMESG1] => P_VACCT_NO=07502387497421|P_EXP_DT=20251213
    [P_RMESG2] => 
    [P_NOTI] => 
    [P_AUTH_NO] => 
)

 Array
(
    [PageCall time] => 10:38:33
    [P_TID] => INIMX_VBNKCAEcatca0720251203103707195380
    [P_MID] => CAEcatca07
    [P_AUTH_DT] => 20251203103833
    [P_STATUS] => 02
    [P_TYPE] => VBANK
    [P_OID] => 251203-009
    [P_FN_CD1] => 11
    [P_FN_CD2] => 
    [P_FN_NM] => NH농협은행
    [P_AMT] => 3000
    [P_UNAME] => 이혜경
    [P_RMESG1] => P_VACCT_NO=79015904739214|P_EXP_DT=20251213
    [P_RMESG2] => 
    [P_NOTI] => 
    [P_AUTH_NO] => 
)

 Array
(
    [PageCall time] => 10:42:59
    [P_TID] => INIMX_VBNKCAEcatca0720251203104031205236
    [P_MID] => CAEcatca07
    [P_AUTH_DT] => 20251203104259
    [P_STATUS] => 02
    [P_TYPE] => VBANK
    [P_OID] => 251203-011
    [P_FN_CD1] => 04
    [P_FN_CD2] => 
    [P_FN_NM] => KB국민은행
    [P_AMT] => 3000
    [P_UNAME] => 정가영
    [P_RMESG1] => P_VACCT_NO=87679011190509|P_EXP_DT=20251213
    [P_RMESG2] => 
    [P_NOTI] => 
    [P_AUTH_NO] => 
)

 Array
(
    [PageCall time] => 10:44:11
    [P_TID] => INIMX_VBNKCAEcatca0720251203104134625040
    [P_MID] => CAEcatca07
    [P_AUTH_DT] => 20251203104411
    [P_STATUS] => 02
    [P_TYPE] => VBANK
    [P_OID] => 251203-010
    [P_FN_CD1] => 04
    [P_FN_CD2] => 
    [P_FN_NM] => KB국민은행
    [P_AMT] => 3000
    [P_UNAME] => 박승환
    [P_RMESG1] => P_VACCT_NO=96279078775493|P_EXP_DT=20251213
    [P_RMESG2] => 
    [P_NOTI] => 
    [P_AUTH_NO] => 
)

 Array
(
    [PageCall time] => 11:10:56
    [P_TID] => INIMX_VBNKCAEcatca0720251203110636345504
    [P_MID] => CAEcatca07
    [P_AUTH_DT] => 20251203111056
    [P_STATUS] => 02
    [P_TYPE] => VBANK
    [P_OID] => 251203-014
    [P_FN_CD1] => 81
    [P_FN_CD2] => 
    [P_FN_NM] => 하나은행
    [P_AMT] => 3000
    [P_UNAME] => 장인형
    [P_RMESG1] => P_VACCT_NO=20894095155037|P_EXP_DT=20251213
    [P_RMESG2] => 
    [P_NOTI] => 
    [P_AUTH_NO] => 
)

 Array
(
    [PageCall time] => 12:03:33
    [P_TID] => INIMX_VBNKCAEcatca0720251203120046935645
    [P_MID] => CAEcatca07
    [P_AUTH_DT] => 20251203120333
    [P_STATUS] => 02
    [P_TYPE] => VBANK
    [P_OID] => 251203-016
    [P_FN_CD1] => 04
    [P_FN_CD2] => 
    [P_FN_NM] => KB국민은행
    [P_AMT] => 3000
    [P_UNAME] => 신은자
    [P_RMESG1] => P_VACCT_NO=26029078306472|P_EXP_DT=20251213
    [P_RMESG2] => 
    [P_NOTI] => 
    [P_AUTH_NO] => 
)

 Array
(
    [PageCall time] => 13:08:23
    [P_TID] => INIMX_VBNKCAEcatca0720251203130651805898
    [P_MID] => CAEcatca07
    [P_AUTH_DT] => 20251203130823
    [P_STATUS] => 02
    [P_TYPE] => VBANK
    [P_OID] => 251203-022
    [P_FN_CD1] => 11
    [P_FN_CD2] => 
    [P_FN_NM] => NH농협은행
    [P_AMT] => 3000
    [P_UNAME] => 정선미
    [P_RMESG1] => P_VACCT_NO=79015904774822|P_EXP_DT=20251213
    [P_RMESG2] => 
    [P_NOTI] => 
    [P_AUTH_NO] => 
)

 Array
(
    [PageCall time] => 13:41:33
    [P_TID] => INIMX_VBNKCAEcatca0720251203133801345814
    [P_MID] => CAEcatca07
    [P_AUTH_DT] => 20251203134133
    [P_STATUS] => 02
    [P_TYPE] => VBANK
    [P_OID] => 251203-020
    [P_FN_CD1] => 88
    [P_FN_CD2] => 
    [P_FN_NM] => 신한은행
    [P_AMT] => 3000
    [P_UNAME] => 이공희
    [P_RMESG1] => P_VACCT_NO=56211106808926|P_EXP_DT=20251213
    [P_RMESG2] => 
    [P_NOTI] => 
    [P_AUTH_NO] => 
)

 Array
(
    [PageCall time] => 14:02:17
    [P_TID] => INIMX_VBNKCAEcatca0720251203135924755455
    [P_MID] => CAEcatca07
    [P_AUTH_DT] => 20251203140217
    [P_STATUS] => 02
    [P_TYPE] => VBANK
    [P_OID] => 251203-027
    [P_FN_CD1] => 88
    [P_FN_CD2] => 
    [P_FN_NM] => 신한은행
    [P_AMT] => 3000
    [P_UNAME] => 성상일
    [P_RMESG1] => P_VACCT_NO=56211106811424|P_EXP_DT=20251213
    [P_RMESG2] => 
    [P_NOTI] => 
    [P_AUTH_NO] => 
)

 Array
(
    [PageCall time] => 14:54:23
    [P_TID] => INIMX_VBNKCAEcatca0720251203144937115438
    [P_MID] => CAEcatca07
    [P_AUTH_DT] => 20251203145423
    [P_STATUS] => 02
    [P_TYPE] => VBANK
    [P_OID] => 251203-031
    [P_FN_CD1] => 81
    [P_FN_CD2] => 
    [P_FN_NM] => 하나은행
    [P_AMT] => 3000
    [P_UNAME] => 김보라
    [P_RMESG1] => P_VACCT_NO=20894096545937|P_EXP_DT=20251213
    [P_RMESG2] => 
    [P_NOTI] => 
    [P_AUTH_NO] => 
)

 Array
(
    [PageCall time] => 14:59:12
    [P_TID] => INIMX_VBNKCAEcatca0720251202212517835786
    [P_MID] => CAEcatca07
    [P_AUTH_DT] => 20251203145912
    [P_STATUS] => 02
    [P_TYPE] => VBANK
    [P_OID] => 251202-042
    [P_FN_CD1] => 81
    [P_FN_CD2] => 
    [P_FN_NM] => 하나은행
    [P_AMT] => 3000
    [P_UNAME] => 유영희
    [P_RMESG1] => P_VACCT_NO=20894091763937|P_EXP_DT=20251212
    [P_RMESG2] => 
    [P_NOTI] => 
    [P_AUTH_NO] => 
)

 Array
(
    [PageCall time] => 15:15:54
    [P_TID] => INIMX_VBNKCAEcatca0720251203151328215030
    [P_MID] => CAEcatca07
    [P_AUTH_DT] => 20251203151554
    [P_STATUS] => 02
    [P_TYPE] => VBANK
    [P_OID] => 251203-023
    [P_FN_CD1] => 04
    [P_FN_CD2] => 
    [P_FN_NM] => KB국민은행
    [P_AMT] => 3000
    [P_UNAME] => 황단오
    [P_RMESG1] => P_VACCT_NO=26119078123865|P_EXP_DT=20251213
    [P_RMESG2] => 
    [P_NOTI] => 
    [P_AUTH_NO] => 
)

 Array
(
    [PageCall time] => 15:23:10
    [P_TID] => INIMX_VBNKCAEcatca0720251203151913655867
    [P_MID] => CAEcatca07
    [P_AUTH_DT] => 20251203152310
    [P_STATUS] => 02
    [P_TYPE] => VBANK
    [P_OID] => 251202-039
    [P_FN_CD1] => 32
    [P_FN_CD2] => 
    [P_FN_NM] => 부산은행
    [P_AMT] => 3000
    [P_UNAME] => 문권진
    [P_RMESG1] => P_VACCT_NO=109924354670|P_EXP_DT=20251213
    [P_RMESG2] => 
    [P_NOTI] => 
    [P_AUTH_NO] => 
)

 Array
(
    [PageCall time] => 15:32:27
    [P_TID] => INIMX_VBNKCAEcatca0720251203152935135965
    [P_MID] => CAEcatca07
    [P_AUTH_DT] => 20251203153227
    [P_STATUS] => 02
    [P_TYPE] => VBANK
    [P_OID] => 251203-034
    [P_FN_CD1] => 04
    [P_FN_CD2] => 
    [P_FN_NM] => KB국민은행
    [P_AMT] => 3000
    [P_UNAME] => 이민정
    [P_RMESG1] => P_VACCT_NO=26119078142158|P_EXP_DT=20251213
    [P_RMESG2] => 
    [P_NOTI] => 
    [P_AUTH_NO] => 
)

 Array
(
    [PageCall time] => 15:36:24
    [P_TID] => INIMX_VBNKCAEcatca0720251203153337975998
    [P_MID] => CAEcatca07
    [P_AUTH_DT] => 20251203153624
    [P_STATUS] => 02
    [P_TYPE] => VBANK
    [P_OID] => 251203-030
    [P_FN_CD1] => 88
    [P_FN_CD2] => 
    [P_FN_NM] => 신한은행
    [P_AMT] => 3000
    [P_UNAME] => 백순
    [P_RMESG1] => P_VACCT_NO=56211106823054|P_EXP_DT=20251213
    [P_RMESG2] => 
    [P_NOTI] => 
    [P_AUTH_NO] => 
)

 Array
(
    [PageCall time] => 15:37:22
    [P_TID] => INIMX_VBNKCAEcatca0720251203153448395858
    [P_MID] => CAEcatca07
    [P_AUTH_DT] => 20251203153722
    [P_STATUS] => 02
    [P_TYPE] => VBANK
    [P_OID] => 251203-029
    [P_FN_CD1] => 88
    [P_FN_CD2] => 
    [P_FN_NM] => 신한은행
    [P_AMT] => 3000
    [P_UNAME] => 백순
    [P_RMESG1] => P_VACCT_NO=56211106823143|P_EXP_DT=20251213
    [P_RMESG2] => 
    [P_NOTI] => 
    [P_AUTH_NO] => 
)

 Array
(
    [PageCall time] => 15:43:32
    [P_TID] => INIMX_VBNKCAEcatca0720251203153756285725
    [P_MID] => CAEcatca07
    [P_AUTH_DT] => 20251203154332
    [P_STATUS] => 02
    [P_TYPE] => VBANK
    [P_OID] => 251203-035
    [P_FN_CD1] => 88
    [P_FN_CD2] => 
    [P_FN_NM] => 신한은행
    [P_AMT] => 3000
    [P_UNAME] => 정점수
    [P_RMESG1] => P_VACCT_NO=56211106823904|P_EXP_DT=20251213
    [P_RMESG2] => 
    [P_NOTI] => 
    [P_AUTH_NO] => 
)

 Array
(
    [PageCall time] => 15:53:02
    [P_TID] => INIMX_VBNKCAEcatca0720251203155126815204
    [P_MID] => CAEcatca07
    [P_AUTH_DT] => 20251203155301
    [P_STATUS] => 02
    [P_TYPE] => VBANK
    [P_OID] => 251203-036
    [P_FN_CD1] => 11
    [P_FN_CD2] => 
    [P_FN_NM] => NH농협은행
    [P_AMT] => 3000
    [P_UNAME] => 주영표
    [P_RMESG1] => P_VACCT_NO=79015904817389|P_EXP_DT=20251213
    [P_RMESG2] => 
    [P_NOTI] => 
    [P_AUTH_NO] => 
)

 Array
(
    [PageCall time] => 16:15:57
    [P_TID] => INIMX_VBNKCAEcatca0720251203161255475752
    [P_MID] => CAEcatca07
    [P_AUTH_DT] => 20251203161556
    [P_STATUS] => 02
    [P_TYPE] => VBANK
    [P_OID] => 251203-037
    [P_FN_CD1] => 04
    [P_FN_CD2] => 
    [P_FN_NM] => KB국민은행
    [P_AMT] => 3000
    [P_UNAME] => 이승희
    [P_RMESG1] => P_VACCT_NO=26119078871252|P_EXP_DT=20251213
    [P_RMESG2] => 
    [P_NOTI] => 
    [P_AUTH_NO] => 
)

 Array
(
    [PageCall time] => 16:49:05
    [P_TID] => INIMX_VBNKCAEcatca0720251203164823305046
    [P_MID] => CAEcatca07
    [P_AUTH_DT] => 20251203164905
    [P_STATUS] => 02
    [P_TYPE] => VBANK
    [P_OID] => 251203-038
    [P_FN_CD1] => 11
    [P_FN_CD2] => 
    [P_FN_NM] => NH농협은행
    [P_AMT] => 3000
    [P_UNAME] => 송지훈
    [P_RMESG1] => P_VACCT_NO=79015904828922|P_EXP_DT=20251213
    [P_RMESG2] => 
    [P_NOTI] => 
    [P_AUTH_NO] => 
)

 Array
(
    [PageCall time] => 17:15:15
    [P_TID] => INIMX_VBNKCAEcatca0720251203171236485460
    [P_MID] => CAEcatca07
    [P_AUTH_DT] => 20251203171515
    [P_STATUS] => 02
    [P_TYPE] => VBANK
    [P_OID] => 251203-039
    [P_FN_CD1] => 04
    [P_FN_CD2] => 
    [P_FN_NM] => KB국민은행
    [P_AMT] => 3000
    [P_UNAME] => 장지혜
    [P_RMESG1] => P_VACCT_NO=39449011374379|P_EXP_DT=20251213
    [P_RMESG2] => 
    [P_NOTI] => 
    [P_AUTH_NO] => 
)

 Array
(
    [PageCall time] => 18:56:03
    [P_TID] => INIMX_VBNKCAEcatca0720251203185258195796
    [P_MID] => CAEcatca07
    [P_AUTH_DT] => 20251203185603
    [P_STATUS] => 02
    [P_TYPE] => VBANK
    [P_OID] => 251203-041
    [P_FN_CD1] => 11
    [P_FN_CD2] => 
    [P_FN_NM] => NH농협은행
    [P_AMT] => 3000
    [P_UNAME] => 백승업
    [P_RMESG1] => P_VACCT_NO=79015904849408|P_EXP_DT=20251213
    [P_RMESG2] => 
    [P_NOTI] => 
    [P_AUTH_NO] => 
)

 Array
(
    [PageCall time] => 19:00:11
    [P_TID] => INIMX_VBNKCAEcatca0720251203185308255236
    [P_MID] => CAEcatca07
    [P_AUTH_DT] => 20251203190011
    [P_STATUS] => 02
    [P_TYPE] => VBANK
    [P_OID] => 251203-043
    [P_FN_CD1] => 04
    [P_FN_CD2] => 
    [P_FN_NM] => KB국민은행
    [P_AMT] => 3000
    [P_UNAME] => 류은정
    [P_RMESG1] => P_VACCT_NO=45419012316191|P_EXP_DT=20251213
    [P_RMESG2] => 
    [P_NOTI] => 
    [P_AUTH_NO] => 
)

 Array
(
    [PageCall time] => 19:20:25
    [P_TID] => INIMX_VBNKCAEcatca0720251203191739385636
    [P_MID] => CAEcatca07
    [P_AUTH_DT] => 20251203192025
    [P_STATUS] => 02
    [P_TYPE] => VBANK
    [P_OID] => 251203-044
    [P_FN_CD1] => 03
    [P_FN_CD2] => 
    [P_FN_NM] => 기업은행
    [P_AMT] => 3000
    [P_UNAME] => 박미숙
    [P_RMESG1] => P_VACCT_NO=07502393497241|P_EXP_DT=20251213
    [P_RMESG2] => 
    [P_NOTI] => 
    [P_AUTH_NO] => 
)

 Array
(
    [PageCall time] => 19:38:03
    [P_TID] => INIMX_VBNKCAEcatca0720251203193502865268
    [P_MID] => CAEcatca07
    [P_AUTH_DT] => 20251203193803
    [P_STATUS] => 02
    [P_TYPE] => VBANK
    [P_OID] => 251203-045
    [P_FN_CD1] => 89
    [P_FN_CD2] => 
    [P_FN_NM] => 케이뱅크
    [P_AMT] => 3000
    [P_UNAME] => 김종혁
    [P_RMESG1] => P_VACCT_NO=70112003986479|P_EXP_DT=20251213
    [P_RMESG2] => 
    [P_NOTI] => 
    [P_AUTH_NO] => 
)

 Array
(
    [PageCall time] => 19:45:26
    [P_TID] => INIMX_VBNKCAEcatca0720251203194501585085
    [P_MID] => CAEcatca07
    [P_AUTH_DT] => 20251203194525
    [P_STATUS] => 02
    [P_TYPE] => VBANK
    [P_OID] => 251203-046
    [P_FN_CD1] => 11
    [P_FN_CD2] => 
    [P_FN_NM] => NH농협은행
    [P_AMT] => 3000
    [P_UNAME] => 김순인
    [P_RMESG1] => P_VACCT_NO=79015904859797|P_EXP_DT=20251213
    [P_RMESG2] => 
    [P_NOTI] => 
    [P_AUTH_NO] => 
)

 Array
(
    [PageCall time] => 20:29:34
    [P_TID] => INIMX_VBNKCAEcatca0720251203202546945559
    [P_MID] => CAEcatca07
    [P_AUTH_DT] => 20251203202934
    [P_STATUS] => 02
    [P_TYPE] => VBANK
    [P_OID] => 251203-047
    [P_FN_CD1] => 81
    [P_FN_CD2] => 
    [P_FN_NM] => 하나은행
    [P_AMT] => 3000
    [P_UNAME] => 김용문
    [P_RMESG1] => P_VACCT_NO=20894098580337|P_EXP_DT=20251213
    [P_RMESG2] => 
    [P_NOTI] => 
    [P_AUTH_NO] => 
)

