 Array
(
    [PageCall time] => 00:56:05
    [P_TID] => INIMX_VBNKCAEcatca0720251222005310915965
    [P_MID] => CAEcatca07
    [P_AUTH_DT] => 20251222005605
    [P_STATUS] => 02
    [P_TYPE] => VBANK
    [P_OID] => 251222-001
    [P_FN_CD1] => 04
    [P_FN_CD2] => 
    [P_FN_NM] => KB국민은행
    [P_AMT] => 3000
    [P_UNAME] => 오은정
    [P_RMESG1] => P_VACCT_NO=53209079478879|P_EXP_DT=20260101
    [P_RMESG2] => 
    [P_NOTI] => 
    [P_AUTH_NO] => 
)

 Array
(
    [PageCall time] => 03:33:54
    [P_TID] => INIMX_VBNKCAEcatca0720251222033046595351
    [P_MID] => CAEcatca07
    [P_AUTH_DT] => 20251222033354
    [P_STATUS] => 02
    [P_TYPE] => VBANK
    [P_OID] => 251222-002
    [P_FN_CD1] => 04
    [P_FN_CD2] => 
    [P_FN_NM] => KB국민은행
    [P_AMT] => 3000
    [P_UNAME] => 박지영
    [P_RMESG1] => P_VACCT_NO=53209079488182|P_EXP_DT=20260101
    [P_RMESG2] => 
    [P_NOTI] => 
    [P_AUTH_NO] => 
)

 Array
(
    [PageCall time] => 09:30:01
    [P_TID] => INIMX_VBNKCAEcatca0720251222092712775968
    [P_MID] => CAEcatca07
    [P_AUTH_DT] => 20251222093001
    [P_STATUS] => 02
    [P_TYPE] => VBANK
    [P_OID] => 251222-004
    [P_FN_CD1] => 20
    [P_FN_CD2] => 
    [P_FN_NM] => 우리은행
    [P_AMT] => 3000
    [P_UNAME] => 권진택
    [P_RMESG1] => P_VACCT_NO=27389403718450|P_EXP_DT=20260101
    [P_RMESG2] => 
    [P_NOTI] => 
    [P_AUTH_NO] => 
)

 Array
(
    [PageCall time] => 10:24:29
    [P_TID] => INIMX_VBNKCAEcatca0720251222102118484949
    [P_MID] => CAEcatca07
    [P_AUTH_DT] => 20251222102429
    [P_STATUS] => 02
    [P_TYPE] => VBANK
    [P_OID] => 251222-005
    [P_FN_CD1] => 04
    [P_FN_CD2] => 
    [P_FN_NM] => KB국민은행
    [P_AMT] => 3000
    [P_UNAME] => 김은정
    [P_RMESG1] => P_VACCT_NO=99289014683803|P_EXP_DT=20260101
    [P_RMESG2] => 
    [P_NOTI] => 
    [P_AUTH_NO] => 
)

 Array
(
    [PageCall time] => 10:40:06
    [P_TID] => INIMX_VBNKCAEcatca0720251222103648275123
    [P_MID] => CAEcatca07
    [P_AUTH_DT] => 20251222104006
    [P_STATUS] => 02
    [P_TYPE] => VBANK
    [P_OID] => 251222-007
    [P_FN_CD1] => 88
    [P_FN_CD2] => 
    [P_FN_NM] => 신한은행
    [P_AMT] => 3000
    [P_UNAME] => 김민주
    [P_RMESG1] => P_VACCT_NO=56211991308608|P_EXP_DT=20260101
    [P_RMESG2] => 
    [P_NOTI] => 
    [P_AUTH_NO] => 
)

 Array
(
    [PageCall time] => 10:41:35
    [P_TID] => INIMX_VBNKCAEcatca0720251222102220334277
    [P_MID] => CAEcatca07
    [P_AUTH_DT] => 20251222104135
    [P_STATUS] => 02
    [P_TYPE] => VBANK
    [P_OID] => 251222-006
    [P_FN_CD1] => 04
    [P_FN_CD2] => 
    [P_FN_NM] => KB국민은행
    [P_AMT] => 3000
    [P_UNAME] => 정해연
    [P_RMESG1] => P_VACCT_NO=99289014683832|P_EXP_DT=20260101
    [P_RMESG2] => 
    [P_NOTI] => 
    [P_AUTH_NO] => 
)

 Array
(
    [PageCall time] => 11:11:59
    [P_TID] => INIMX_VBNKCAEcatca0720251222110750285687
    [P_MID] => CAEcatca07
    [P_AUTH_DT] => 20251222111159
    [P_STATUS] => 02
    [P_TYPE] => VBANK
    [P_OID] => 251222-008
    [P_FN_CD1] => 81
    [P_FN_CD2] => 
    [P_FN_NM] => 하나은행
    [P_AMT] => 3000
    [P_UNAME] => 이상걸
    [P_RMESG1] => P_VACCT_NO=20893762165437|P_EXP_DT=20260101
    [P_RMESG2] => 
    [P_NOTI] => 
    [P_AUTH_NO] => 
)

 Array
(
    [PageCall time] => 11:14:12
    [P_TID] => INIMX_VBNKCAEcatca0720251222110800815931
    [P_MID] => CAEcatca07
    [P_AUTH_DT] => 20251222111412
    [P_STATUS] => 02
    [P_TYPE] => VBANK
    [P_OID] => 251222-009
    [P_FN_CD1] => 03
    [P_FN_CD2] => 
    [P_FN_NM] => 기업은행
    [P_AMT] => 3000
    [P_UNAME] => 최종구
    [P_RMESG1] => P_VACCT_NO=07503223997991|P_EXP_DT=20260101
    [P_RMESG2] => 
    [P_NOTI] => 
    [P_AUTH_NO] => 
)

 Array
(
    [PageCall time] => 11:20:38
    [P_TID] => INIMX_VBNKCAEcatca0720251222111716825969
    [P_MID] => CAEcatca07
    [P_AUTH_DT] => 20251222112038
    [P_STATUS] => 02
    [P_TYPE] => VBANK
    [P_OID] => 251222-010
    [P_FN_CD1] => 81
    [P_FN_CD2] => 
    [P_FN_NM] => 하나은행
    [P_AMT] => 3000
    [P_UNAME] => 홍아란
    [P_RMESG1] => P_VACCT_NO=20893762226037|P_EXP_DT=20260101
    [P_RMESG2] => 
    [P_NOTI] => 
    [P_AUTH_NO] => 
)

 Array
(
    [PageCall time] => 12:14:28
    [P_TID] => INIMX_VBNKCAEcatca0720251222121129215420
    [P_MID] => CAEcatca07
    [P_AUTH_DT] => 20251222121428
    [P_STATUS] => 02
    [P_TYPE] => VBANK
    [P_OID] => 251222-013
    [P_FN_CD1] => 03
    [P_FN_CD2] => 
    [P_FN_NM] => 기업은행
    [P_AMT] => 3000
    [P_UNAME] => 서동식
    [P_RMESG1] => P_VACCT_NO=07503224697687|P_EXP_DT=20260101
    [P_RMESG2] => 
    [P_NOTI] => 
    [P_AUTH_NO] => 
)

 Array
(
    [PageCall time] => 12:17:10
    [P_TID] => INIMX_VBNKCAEcatca0720251222114448444136
    [P_MID] => CAEcatca07
    [P_AUTH_DT] => 20251222121710
    [P_STATUS] => 02
    [P_TYPE] => VBANK
    [P_OID] => 251222-012
    [P_FN_CD1] => 11
    [P_FN_CD2] => 
    [P_FN_NM] => NH농협은행
    [P_AMT] => 3000
    [P_UNAME] => 장상환
    [P_RMESG1] => P_VACCT_NO=79006422588470|P_EXP_DT=20260101
    [P_RMESG2] => 
    [P_NOTI] => 
    [P_AUTH_NO] => 
)

 Array
(
    [PageCall time] => 12:35:35
    [P_TID] => INIMX_VBNKCAEcatca0720251222123248635168
    [P_MID] => CAEcatca07
    [P_AUTH_DT] => 20251222123535
    [P_STATUS] => 02
    [P_TYPE] => VBANK
    [P_OID] => 251222-014
    [P_FN_CD1] => 03
    [P_FN_CD2] => 
    [P_FN_NM] => 기업은행
    [P_AMT] => 3000
    [P_UNAME] => 전상훈
    [P_RMESG1] => P_VACCT_NO=07503224897257|P_EXP_DT=20260101
    [P_RMESG2] => 
    [P_NOTI] => 
    [P_AUTH_NO] => 
)

 Array
(
    [PageCall time] => 13:10:59
    [P_TID] => INIMX_VBNKCAEcatca0720251222130932515617
    [P_MID] => CAEcatca07
    [P_AUTH_DT] => 20251222131059
    [P_STATUS] => 02
    [P_TYPE] => VBANK
    [P_OID] => 251222-016
    [P_FN_CD1] => 11
    [P_FN_CD2] => 
    [P_FN_NM] => NH농협은행
    [P_AMT] => 3000
    [P_UNAME] => 이해웅
    [P_RMESG1] => P_VACCT_NO=79010581758496|P_EXP_DT=20260101
    [P_RMESG2] => 
    [P_NOTI] => 
    [P_AUTH_NO] => 
)

 Array
(
    [PageCall time] => 13:23:39
    [P_TID] => INIMX_VBNKCAEcatca0720251222132045634144
    [P_MID] => CAEcatca07
    [P_AUTH_DT] => 20251222132339
    [P_STATUS] => 02
    [P_TYPE] => VBANK
    [P_OID] => 251222-015
    [P_FN_CD1] => 88
    [P_FN_CD2] => 
    [P_FN_NM] => 신한은행
    [P_AMT] => 3000
    [P_UNAME] => 김수경
    [P_RMESG1] => P_VACCT_NO=56211123481150|P_EXP_DT=20260101
    [P_RMESG2] => 
    [P_NOTI] => 
    [P_AUTH_NO] => 
)

 Array
(
    [PageCall time] => 13:40:46
    [P_TID] => INIMX_VBNKCAEcatca0720251222133731854679
    [P_MID] => CAEcatca07
    [P_AUTH_DT] => 20251222134046
    [P_STATUS] => 02
    [P_TYPE] => VBANK
    [P_OID] => 251222-018
    [P_FN_CD1] => 04
    [P_FN_CD2] => 
    [P_FN_NM] => KB국민은행
    [P_AMT] => 3000
    [P_UNAME] => 박주일
    [P_RMESG1] => P_VACCT_NO=99289014688460|P_EXP_DT=20260101
    [P_RMESG2] => 
    [P_NOTI] => 
    [P_AUTH_NO] => 
)

 Array
(
    [PageCall time] => 13:45:38
    [P_TID] => INIMX_VBNKCAEcatca0720251222134249024748
    [P_MID] => CAEcatca07
    [P_AUTH_DT] => 20251222134538
    [P_STATUS] => 02
    [P_TYPE] => VBANK
    [P_OID] => 251222-020
    [P_FN_CD1] => 04
    [P_FN_CD2] => 
    [P_FN_NM] => KB국민은행
    [P_AMT] => 3000
    [P_UNAME] => 최미옥
    [P_RMESG1] => P_VACCT_NO=99289014688626|P_EXP_DT=20260101
    [P_RMESG2] => 
    [P_NOTI] => 
    [P_AUTH_NO] => 
)

 Array
(
    [PageCall time] => 14:23:05
    [P_TID] => INIMX_VBNKCAEcatca0720251222141959914581
    [P_MID] => CAEcatca07
    [P_AUTH_DT] => 20251222142305
    [P_STATUS] => 02
    [P_TYPE] => VBANK
    [P_OID] => 251222-021
    [P_FN_CD1] => 03
    [P_FN_CD2] => 
    [P_FN_NM] => 기업은행
    [P_AMT] => 3000
    [P_UNAME] => 서영진
    [P_RMESG1] => P_VACCT_NO=07500537897434|P_EXP_DT=20260101
    [P_RMESG2] => 
    [P_NOTI] => 
    [P_AUTH_NO] => 
)

 Array
(
    [PageCall time] => 15:12:25
    [P_TID] => INIMX_VBNKCAEcatca0720251222150846824234
    [P_MID] => CAEcatca07
    [P_AUTH_DT] => 20251222151225
    [P_STATUS] => 02
    [P_TYPE] => VBANK
    [P_OID] => 251222-025
    [P_FN_CD1] => 32
    [P_FN_CD2] => 
    [P_FN_NM] => 부산은행
    [P_AMT] => 3000
    [P_UNAME] => 김희령
    [P_RMESG1] => P_VACCT_NO=109921100650|P_EXP_DT=20260101
    [P_RMESG2] => 
    [P_NOTI] => 
    [P_AUTH_NO] => 
)

 Array
(
    [PageCall time] => 15:18:39
    [P_TID] => INIMX_VBNKCAEcatca0720251222150830864166
    [P_MID] => CAEcatca07
    [P_AUTH_DT] => 20251222151839
    [P_STATUS] => 02
    [P_TYPE] => VBANK
    [P_OID] => 251222-023
    [P_FN_CD1] => 04
    [P_FN_CD2] => 
    [P_FN_NM] => KB국민은행
    [P_AMT] => 3000
    [P_UNAME] => 푸른마을아동복지종합센터
    [P_RMESG1] => P_VACCT_NO=99289014701891|P_EXP_DT=20260101
    [P_RMESG2] => 
    [P_NOTI] => 
    [P_AUTH_NO] => 
)

 Array
(
    [PageCall time] => 15:25:54
    [P_TID] => INIMX_VBNKCAEcatca0720251222152514124535
    [P_MID] => CAEcatca07
    [P_AUTH_DT] => 20251222152554
    [P_STATUS] => 02
    [P_TYPE] => VBANK
    [P_OID] => 251222-027
    [P_FN_CD1] => 11
    [P_FN_CD2] => 
    [P_FN_NM] => NH농협은행
    [P_AMT] => 3000
    [P_UNAME] => 홍찬희
    [P_RMESG1] => P_VACCT_NO=79006422620868|P_EXP_DT=20260101
    [P_RMESG2] => 
    [P_NOTI] => 
    [P_AUTH_NO] => 
)

 Array
(
    [PageCall time] => 16:08:02
    [P_TID] => INIMX_VBNKCAEcatca0720251222160504844321
    [P_MID] => CAEcatca07
    [P_AUTH_DT] => 20251222160802
    [P_STATUS] => 02
    [P_TYPE] => VBANK
    [P_OID] => 251222-030
    [P_FN_CD1] => 88
    [P_FN_CD2] => 
    [P_FN_NM] => 신한은행
    [P_AMT] => 3000
    [P_UNAME] => 전용구
    [P_RMESG1] => P_VACCT_NO=56211123485294|P_EXP_DT=20260101
    [P_RMESG2] => 
    [P_NOTI] => 
    [P_AUTH_NO] => 
)

 Array
(
    [PageCall time] => 16:13:33
    [P_TID] => INIMX_VBNKCAEcatca0720251222160936794872
    [P_MID] => CAEcatca07
    [P_AUTH_DT] => 20251222161333
    [P_STATUS] => 02
    [P_TYPE] => VBANK
    [P_OID] => 251222-031
    [P_FN_CD1] => 81
    [P_FN_CD2] => 
    [P_FN_NM] => 하나은행
    [P_AMT] => 3000
    [P_UNAME] => 엄영희
    [P_RMESG1] => P_VACCT_NO=20894198739637|P_EXP_DT=20260101
    [P_RMESG2] => 
    [P_NOTI] => 
    [P_AUTH_NO] => 
)

 Array
(
    [PageCall time] => 16:22:24
    [P_TID] => INIMX_VBNKCAEcatca0720251222161911674833
    [P_MID] => CAEcatca07
    [P_AUTH_DT] => 20251222162224
    [P_STATUS] => 02
    [P_TYPE] => VBANK
    [P_OID] => 251222-033
    [P_FN_CD1] => 04
    [P_FN_CD2] => 
    [P_FN_NM] => KB국민은행
    [P_AMT] => 3000
    [P_UNAME] => 김혜영
    [P_RMESG1] => P_VACCT_NO=99289014713124|P_EXP_DT=20260101
    [P_RMESG2] => 
    [P_NOTI] => 
    [P_AUTH_NO] => 
)

 Array
(
    [PageCall time] => 16:27:21
    [P_TID] => INIMX_VBNKCAEcatca0720251222162700824047
    [P_MID] => CAEcatca07
    [P_AUTH_DT] => 20251222162721
    [P_STATUS] => 02
    [P_TYPE] => VBANK
    [P_OID] => 251222-036
    [P_FN_CD1] => 11
    [P_FN_CD2] => 
    [P_FN_NM] => NH농협은행
    [P_AMT] => 3000
    [P_UNAME] => 민영웅
    [P_RMESG1] => P_VACCT_NO=79006422643418|P_EXP_DT=20260101
    [P_RMESG2] => 
    [P_NOTI] => 
    [P_AUTH_NO] => 
)

 Array
(
    [PageCall time] => 17:03:12
    [P_TID] => INIMX_VBNKCAEcatca0720251222170046364007
    [P_MID] => CAEcatca07
    [P_AUTH_DT] => 20251222170312
    [P_STATUS] => 02
    [P_TYPE] => VBANK
    [P_OID] => 251222-037
    [P_FN_CD1] => 88
    [P_FN_CD2] => 
    [P_FN_NM] => 신한은행
    [P_AMT] => 3000
    [P_UNAME] => 양순빈
    [P_RMESG1] => P_VACCT_NO=56211123487872|P_EXP_DT=20260101
    [P_RMESG2] => 
    [P_NOTI] => 
    [P_AUTH_NO] => 
)

 Array
(
    [PageCall time] => 17:22:19
    [P_TID] => INIMX_VBNKCAEcatca0720251222171830654718
    [P_MID] => CAEcatca07
    [P_AUTH_DT] => 20251222172219
    [P_STATUS] => 02
    [P_TYPE] => VBANK
    [P_OID] => 251222-038
    [P_FN_CD1] => 88
    [P_FN_CD2] => 
    [P_FN_NM] => 신한은행
    [P_AMT] => 3000
    [P_UNAME] => 이순희
    [P_RMESG1] => P_VACCT_NO=56211123488856|P_EXP_DT=20260101
    [P_RMESG2] => 
    [P_NOTI] => 
    [P_AUTH_NO] => 
)

 Array
(
    [PageCall time] => 17:58:14
    [P_TID] => INIMX_VBNKCAEcatca0720251222175652534880
    [P_MID] => CAEcatca07
    [P_AUTH_DT] => 20251222175814
    [P_STATUS] => 02
    [P_TYPE] => VBANK
    [P_OID] => 251222-039
    [P_FN_CD1] => 11
    [P_FN_CD2] => 
    [P_FN_NM] => NH농협은행
    [P_AMT] => 3000
    [P_UNAME] => 이진연
    [P_RMESG1] => P_VACCT_NO=79006422668841|P_EXP_DT=20260101
    [P_RMESG2] => 
    [P_NOTI] => 
    [P_AUTH_NO] => 
)

 Array
(
    [PageCall time] => 18:06:52
    [P_TID] => INIMX_VBNKCAEcatca0720251222180410104637
    [P_MID] => CAEcatca07
    [P_AUTH_DT] => 20251222180652
    [P_STATUS] => 02
    [P_TYPE] => VBANK
    [P_OID] => 251222-040
    [P_FN_CD1] => 88
    [P_FN_CD2] => 
    [P_FN_NM] => 신한은행
    [P_AMT] => 3000
    [P_UNAME] => 유승민
    [P_RMESG1] => P_VACCT_NO=56211123490670|P_EXP_DT=20260101
    [P_RMESG2] => 
    [P_NOTI] => 
    [P_AUTH_NO] => 
)

 Array
(
    [PageCall time] => 19:22:24
    [P_TID] => INIMX_VBNKCAEcatca0720251222191942914768
    [P_MID] => CAEcatca07
    [P_AUTH_DT] => 20251222192224
    [P_STATUS] => 02
    [P_TYPE] => VBANK
    [P_OID] => 251222-041
    [P_FN_CD1] => 20
    [P_FN_CD2] => 
    [P_FN_NM] => 우리은행
    [P_AMT] => 3000
    [P_UNAME] => 염현정
    [P_RMESG1] => P_VACCT_NO=27204473018682|P_EXP_DT=20260101
    [P_RMESG2] => 
    [P_NOTI] => 
    [P_AUTH_NO] => 
)

 Array
(
    [PageCall time] => 19:51:59
    [P_TID] => INIMX_VBNKCAEcatca0720251222195051944812
    [P_MID] => CAEcatca07
    [P_AUTH_DT] => 20251222195159
    [P_STATUS] => 02
    [P_TYPE] => VBANK
    [P_OID] => 251222-042
    [P_FN_CD1] => 11
    [P_FN_CD2] => 
    [P_FN_NM] => NH농협은행
    [P_AMT] => 3000
    [P_UNAME] => 김미숙
    [P_RMESG1] => P_VACCT_NO=79006422683491|P_EXP_DT=20260101
    [P_RMESG2] => 
    [P_NOTI] => 
    [P_AUTH_NO] => 
)

 Array
(
    [PageCall time] => 19:59:58
    [P_TID] => INIMX_VBNKCAEcatca0720251222195817744775
    [P_MID] => CAEcatca07
    [P_AUTH_DT] => 20251222195958
    [P_STATUS] => 02
    [P_TYPE] => VBANK
    [P_OID] => 251222-044
    [P_FN_CD1] => 11
    [P_FN_CD2] => 
    [P_FN_NM] => NH농협은행
    [P_AMT] => 3000
    [P_UNAME] => 김정수
    [P_RMESG1] => P_VACCT_NO=79006422684070|P_EXP_DT=20260101
    [P_RMESG2] => 
    [P_NOTI] => 
    [P_AUTH_NO] => 
)

 Array
(
    [PageCall time] => 21:41:59
    [P_TID] => INIMX_VBNKCAEcatca0720251222214119684619
    [P_MID] => CAEcatca07
    [P_AUTH_DT] => 20251222214159
    [P_STATUS] => 02
    [P_TYPE] => VBANK
    [P_OID] => 251222-046
    [P_FN_CD1] => 11
    [P_FN_CD2] => 
    [P_FN_NM] => NH농협은행
    [P_AMT] => 3000
    [P_UNAME] => 이다한
    [P_RMESG1] => P_VACCT_NO=79006422694505|P_EXP_DT=20260101
    [P_RMESG2] => 
    [P_NOTI] => 
    [P_AUTH_NO] => 
)

 Array
(
    [PageCall time] => 22:19:01
    [P_TID] => INIMX_VBNKCAEcatca0720251222221621294332
    [P_MID] => CAEcatca07
    [P_AUTH_DT] => 20251222221901
    [P_STATUS] => 02
    [P_TYPE] => VBANK
    [P_OID] => 251222-043
    [P_FN_CD1] => 88
    [P_FN_CD2] => 
    [P_FN_NM] => 신한은행
    [P_AMT] => 3000
    [P_UNAME] => 김단오
    [P_RMESG1] => P_VACCT_NO=56211123496023|P_EXP_DT=20260101
    [P_RMESG2] => 
    [P_NOTI] => 
    [P_AUTH_NO] => 
)

 Array
(
    [PageCall time] => 23:21:01
    [P_TID] => INIMX_VBNKCAEcatca0720251222231320494786
    [P_MID] => CAEcatca07
    [P_AUTH_DT] => 20251222232101
    [P_STATUS] => 02
    [P_TYPE] => VBANK
    [P_OID] => 251222-017
    [P_FN_CD1] => 04
    [P_FN_CD2] => 
    [P_FN_NM] => KB국민은행
    [P_AMT] => 3000
    [P_UNAME] => 오택근
    [P_RMESG1] => P_VACCT_NO=99289014738617|P_EXP_DT=20260101
    [P_RMESG2] => 
    [P_NOTI] => 
    [P_AUTH_NO] => 
)

