 Array
(
    [PageCall time] => 02:15:28
    [P_TID] => INIMX_VBNKCAEcatca0720260305020638725114
    [P_MID] => CAEcatca07
    [P_AUTH_DT] => 20260305021528
    [P_STATUS] => 02
    [P_TYPE] => VBANK
    [P_OID] => 260305-001
    [P_FN_CD1] => 04
    [P_FN_CD2] => 
    [P_FN_NM] => KB국민은행
    [P_AMT] => 3500
    [P_UNAME] => 노혜진
    [P_RMESG1] => P_VACCT_NO=70499011656214|P_EXP_DT=20260315
    [P_RMESG2] => 
    [P_NOTI] => 
    [P_AUTH_NO] => 
)

 Array
(
    [PageCall time] => 08:50:34
    [P_TID] => INIMX_VBNKCAEcatca0720260305084623635769
    [P_MID] => CAEcatca07
    [P_AUTH_DT] => 20260305085034
    [P_STATUS] => 02
    [P_TYPE] => VBANK
    [P_OID] => 260302-013
    [P_FN_CD1] => 88
    [P_FN_CD2] => 
    [P_FN_NM] => 신한은행
    [P_AMT] => 3500
    [P_UNAME] => 정경희
    [P_RMESG1] => P_VACCT_NO=56211104750934|P_EXP_DT=20260315
    [P_RMESG2] => 
    [P_NOTI] => 
    [P_AUTH_NO] => 
)

 Array
(
    [PageCall time] => 10:12:38
    [P_TID] => INIMX_VBNKCAEcatca0720260305101010745679
    [P_MID] => CAEcatca07
    [P_AUTH_DT] => 20260305101238
    [P_STATUS] => 02
    [P_TYPE] => VBANK
    [P_OID] => 260305-003
    [P_FN_CD1] => 89
    [P_FN_CD2] => 
    [P_FN_NM] => 케이뱅크
    [P_AMT] => 3500
    [P_UNAME] => 김세영
    [P_RMESG1] => P_VACCT_NO=70112003673260|P_EXP_DT=20260315
    [P_RMESG2] => 
    [P_NOTI] => 
    [P_AUTH_NO] => 
)

 Array
(
    [PageCall time] => 10:49:45
    [P_TID] => INIMX_VBNKCAEcatca0720260305104624715047
    [P_MID] => CAEcatca07
    [P_AUTH_DT] => 20260305104945
    [P_STATUS] => 02
    [P_TYPE] => VBANK
    [P_OID] => 260305-008
    [P_FN_CD1] => 07
    [P_FN_CD2] => 
    [P_FN_NM] => 수협은행
    [P_AMT] => 3500
    [P_UNAME] => 박석주
    [P_RMESG1] => P_VACCT_NO=06640082502941|P_EXP_DT=20260315
    [P_RMESG2] => 
    [P_NOTI] => 
    [P_AUTH_NO] => 
)

 Array
(
    [PageCall time] => 11:08:49
    [P_TID] => INIMX_VBNKCAEcatca0720260305110540625007
    [P_MID] => CAEcatca07
    [P_AUTH_DT] => 20260305110849
    [P_STATUS] => 02
    [P_TYPE] => VBANK
    [P_OID] => 260305-006
    [P_FN_CD1] => 11
    [P_FN_CD2] => 
    [P_FN_NM] => NH농협은행
    [P_AMT] => 3500
    [P_UNAME] => 김미정
    [P_RMESG1] => P_VACCT_NO=79014290694425|P_EXP_DT=20260315
    [P_RMESG2] => 
    [P_NOTI] => 
    [P_AUTH_NO] => 
)

 Array
(
    [PageCall time] => 11:27:31
    [P_TID] => INIMX_VBNKCAEcatca0720260305112644215726
    [P_MID] => CAEcatca07
    [P_AUTH_DT] => 20260305112731
    [P_STATUS] => 02
    [P_TYPE] => VBANK
    [P_OID] => 260305-011
    [P_FN_CD1] => 11
    [P_FN_CD2] => 
    [P_FN_NM] => NH농협은행
    [P_AMT] => 3500
    [P_UNAME] => 양국모
    [P_RMESG1] => P_VACCT_NO=79014290697864|P_EXP_DT=20260315
    [P_RMESG2] => 
    [P_NOTI] => 
    [P_AUTH_NO] => 
)

 Array
(
    [PageCall time] => 11:57:41
    [P_TID] => INIMX_VBNKCAEcatca0720260305115449605277
    [P_MID] => CAEcatca07
    [P_AUTH_DT] => 20260305115741
    [P_STATUS] => 02
    [P_TYPE] => VBANK
    [P_OID] => 260305-014
    [P_FN_CD1] => 04
    [P_FN_CD2] => 
    [P_FN_NM] => KB국민은행
    [P_AMT] => 3500
    [P_UNAME] => 이정민
    [P_RMESG1] => P_VACCT_NO=91229079156773|P_EXP_DT=20260315
    [P_RMESG2] => 
    [P_NOTI] => 
    [P_AUTH_NO] => 
)

 Array
(
    [PageCall time] => 13:32:25
    [P_TID] => INIMX_VBNKCAEcatca0720260305132928715368
    [P_MID] => CAEcatca07
    [P_AUTH_DT] => 20260305133225
    [P_STATUS] => 02
    [P_TYPE] => VBANK
    [P_OID] => 260305-021
    [P_FN_CD1] => 03
    [P_FN_CD2] => 
    [P_FN_NM] => 기업은행
    [P_AMT] => 3500
    [P_UNAME] => 이효경
    [P_RMESG1] => P_VACCT_NO=07503254697998|P_EXP_DT=20260315
    [P_RMESG2] => 
    [P_NOTI] => 
    [P_AUTH_NO] => 
)

 Array
(
    [PageCall time] => 13:42:07
    [P_TID] => INIMX_VBNKCAEcatca0720260305133937615130
    [P_MID] => CAEcatca07
    [P_AUTH_DT] => 20260305134207
    [P_STATUS] => 02
    [P_TYPE] => VBANK
    [P_OID] => 260305-018
    [P_FN_CD1] => 88
    [P_FN_CD2] => 
    [P_FN_NM] => 신한은행
    [P_AMT] => 3500
    [P_UNAME] => 노기봉
    [P_RMESG1] => P_VACCT_NO=56211104779319|P_EXP_DT=20260315
    [P_RMESG2] => 
    [P_NOTI] => 
    [P_AUTH_NO] => 
)

 Array
(
    [PageCall time] => 14:15:29
    [P_TID] => INIMX_VBNKCAEcatca0720260305141420485836
    [P_MID] => CAEcatca07
    [P_AUTH_DT] => 20260305141529
    [P_STATUS] => 02
    [P_TYPE] => VBANK
    [P_OID] => 260305-024
    [P_FN_CD1] => 11
    [P_FN_CD2] => 
    [P_FN_NM] => NH농협은행
    [P_AMT] => 3500
    [P_UNAME] => 정은주
    [P_RMESG1] => P_VACCT_NO=79014290723516|P_EXP_DT=20260315
    [P_RMESG2] => 
    [P_NOTI] => 
    [P_AUTH_NO] => 
)

 Array
(
    [PageCall time] => 14:23:27
    [P_TID] => INIMX_VBNKCAEcatca0720260305141852705486
    [P_MID] => CAEcatca07
    [P_AUTH_DT] => 20260305142327
    [P_STATUS] => 02
    [P_TYPE] => VBANK
    [P_OID] => 260305-025
    [P_FN_CD1] => 04
    [P_FN_CD2] => 
    [P_FN_NM] => KB국민은행
    [P_AMT] => 3500
    [P_UNAME] => 신명철
    [P_RMESG1] => P_VACCT_NO=80009078165457|P_EXP_DT=20260315
    [P_RMESG2] => 
    [P_NOTI] => 
    [P_AUTH_NO] => 
)

 Array
(
    [PageCall time] => 14:23:33
    [P_TID] => INIMX_VBNKCAEcatca0720260305141952285281
    [P_MID] => CAEcatca07
    [P_AUTH_DT] => 20260305142333
    [P_STATUS] => 02
    [P_TYPE] => VBANK
    [P_OID] => 260305-015
    [P_FN_CD1] => 04
    [P_FN_CD2] => 
    [P_FN_NM] => KB국민은행
    [P_AMT] => 3500
    [P_UNAME] => 임동우
    [P_RMESG1] => P_VACCT_NO=80009078166115|P_EXP_DT=20260315
    [P_RMESG2] => 
    [P_NOTI] => 
    [P_AUTH_NO] => 
)

 Array
(
    [PageCall time] => 14:32:01
    [P_TID] => INIMX_VBNKCAEcatca0720260305141903225987
    [P_MID] => CAEcatca07
    [P_AUTH_DT] => 20260305143201
    [P_STATUS] => 02
    [P_TYPE] => VBANK
    [P_OID] => 260305-023
    [P_FN_CD1] => 04
    [P_FN_CD2] => 
    [P_FN_NM] => KB국민은행
    [P_AMT] => 3500
    [P_UNAME] => 박명식
    [P_RMESG1] => P_VACCT_NO=80009078165585|P_EXP_DT=20260315
    [P_RMESG2] => 
    [P_NOTI] => 
    [P_AUTH_NO] => 
)

 Array
(
    [PageCall time] => 15:16:47
    [P_TID] => INIMX_VBNKCAEcatca0720260305151318535824
    [P_MID] => CAEcatca07
    [P_AUTH_DT] => 20260305151647
    [P_STATUS] => 02
    [P_TYPE] => VBANK
    [P_OID] => 260305-027
    [P_FN_CD1] => 04
    [P_FN_CD2] => 
    [P_FN_NM] => KB국민은행
    [P_AMT] => 3500
    [P_UNAME] => 이수정
    [P_RMESG1] => P_VACCT_NO=80009078305585|P_EXP_DT=20260315
    [P_RMESG2] => 
    [P_NOTI] => 
    [P_AUTH_NO] => 
)

 Array
(
    [PageCall time] => 15:44:35
    [P_TID] => INIMX_VBNKCAEcatca0720260305154354115203
    [P_MID] => CAEcatca07
    [P_AUTH_DT] => 20260305154434
    [P_STATUS] => 02
    [P_TYPE] => VBANK
    [P_OID] => 260305-029
    [P_FN_CD1] => 11
    [P_FN_CD2] => 
    [P_FN_NM] => NH농협은행
    [P_AMT] => 3500
    [P_UNAME] => 채경미
    [P_RMESG1] => P_VACCT_NO=79014290739331|P_EXP_DT=20260315
    [P_RMESG2] => 
    [P_NOTI] => 
    [P_AUTH_NO] => 
)

 Array
(
    [PageCall time] => 15:44:45
    [P_TID] => INIMX_VBNKCAEcatca0720260305154052635251
    [P_MID] => CAEcatca07
    [P_AUTH_DT] => 20260305154445
    [P_STATUS] => 02
    [P_TYPE] => VBANK
    [P_OID] => 260305-028
    [P_FN_CD1] => 88
    [P_FN_CD2] => 
    [P_FN_NM] => 신한은행
    [P_AMT] => 3500
    [P_UNAME] => 이정옥
    [P_RMESG1] => P_VACCT_NO=56211104793953|P_EXP_DT=20260315
    [P_RMESG2] => 
    [P_NOTI] => 
    [P_AUTH_NO] => 
)

 Array
(
    [PageCall time] => 16:04:07
    [P_TID] => INIMX_VBNKCAEcatca0720260305160334505492
    [P_MID] => CAEcatca07
    [P_AUTH_DT] => 20260305160407
    [P_STATUS] => 02
    [P_TYPE] => VBANK
    [P_OID] => 260305-030
    [P_FN_CD1] => 11
    [P_FN_CD2] => 
    [P_FN_NM] => NH농협은행
    [P_AMT] => 3500
    [P_UNAME] => 이용기
    [P_RMESG1] => P_VACCT_NO=79014290742871|P_EXP_DT=20260315
    [P_RMESG2] => 
    [P_NOTI] => 
    [P_AUTH_NO] => 
)

 Array
(
    [PageCall time] => 16:36:18
    [P_TID] => INIMX_VBNKCAEcatca0720260305163347655518
    [P_MID] => CAEcatca07
    [P_AUTH_DT] => 20260305163618
    [P_STATUS] => 02
    [P_TYPE] => VBANK
    [P_OID] => 260305-031
    [P_FN_CD1] => 89
    [P_FN_CD2] => 
    [P_FN_NM] => 케이뱅크
    [P_AMT] => 3500
    [P_UNAME] => 양희진
    [P_RMESG1] => P_VACCT_NO=70112003677719|P_EXP_DT=20260315
    [P_RMESG2] => 
    [P_NOTI] => 
    [P_AUTH_NO] => 
)

 Array
(
    [PageCall time] => 16:51:54
    [P_TID] => INIMX_VBNKCAEcatca0720260305163443855943
    [P_MID] => CAEcatca07
    [P_AUTH_DT] => 20260305165154
    [P_STATUS] => 02
    [P_TYPE] => VBANK
    [P_OID] => 260305-019
    [P_FN_CD1] => 88
    [P_FN_CD2] => 
    [P_FN_NM] => 신한은행
    [P_AMT] => 3500
    [P_UNAME] => 임규영
    [P_RMESG1] => P_VACCT_NO=56211104798196|P_EXP_DT=20260315
    [P_RMESG2] => 
    [P_NOTI] => 
    [P_AUTH_NO] => 
)

 Array
(
    [PageCall time] => 18:02:07
    [P_TID] => INIMX_VBNKCAEcatca0720260305175908565193
    [P_MID] => CAEcatca07
    [P_AUTH_DT] => 20260305180207
    [P_STATUS] => 02
    [P_TYPE] => VBANK
    [P_OID] => 260225-002
    [P_FN_CD1] => 20
    [P_FN_CD2] => 
    [P_FN_NM] => 우리은행
    [P_AMT] => 3500
    [P_UNAME] => 이하나
    [P_RMESG1] => P_VACCT_NO=27491600318291|P_EXP_DT=20260315
    [P_RMESG2] => 
    [P_NOTI] => 
    [P_AUTH_NO] => 
)

 Array
(
    [PageCall time] => 19:51:40
    [P_TID] => INIMX_VBNKCAEcatca0720260305194755565958
    [P_MID] => CAEcatca07
    [P_AUTH_DT] => 20260305195140
    [P_STATUS] => 02
    [P_TYPE] => VBANK
    [P_OID] => 260305-032
    [P_FN_CD1] => 20
    [P_FN_CD2] => 
    [P_FN_NM] => 우리은행
    [P_AMT] => 3500
    [P_UNAME] => 이요찬
    [P_RMESG1] => P_VACCT_NO=27491604618663|P_EXP_DT=20260315
    [P_RMESG2] => 
    [P_NOTI] => 
    [P_AUTH_NO] => 
)

 Array
(
    [PageCall time] => 20:40:54
    [P_TID] => INIMX_VBNKCAEcatca0720260305203947875342
    [P_MID] => CAEcatca07
    [P_AUTH_DT] => 20260305204054
    [P_STATUS] => 02
    [P_TYPE] => VBANK
    [P_OID] => 260305-033
    [P_FN_CD1] => 11
    [P_FN_CD2] => 
    [P_FN_NM] => NH농협은행
    [P_AMT] => 3500
    [P_UNAME] => 정정아
    [P_RMESG1] => P_VACCT_NO=79014290776922|P_EXP_DT=20260315
    [P_RMESG2] => 
    [P_NOTI] => 
    [P_AUTH_NO] => 
)

 Array
(
    [PageCall time] => 22:22:28
    [P_TID] => INIMX_VBNKCAEcatca0720260305221929775014
    [P_MID] => CAEcatca07
    [P_AUTH_DT] => 20260305222228
    [P_STATUS] => 02
    [P_TYPE] => VBANK
    [P_OID] => 260305-034
    [P_FN_CD1] => 04
    [P_FN_CD2] => 
    [P_FN_NM] => KB국민은행
    [P_AMT] => 3500
    [P_UNAME] => 장익준
    [P_RMESG1] => P_VACCT_NO=80339078971859|P_EXP_DT=20260315
    [P_RMESG2] => 
    [P_NOTI] => 
    [P_AUTH_NO] => 
)

