 Array
(
    [PageCall time] => 07:55:26
    [P_TID] => INIMX_VBNKCAEcatca0720250828075330975991
    [P_MID] => CAEcatca07
    [P_AUTH_DT] => 20250828075526
    [P_STATUS] => 02
    [P_TYPE] => VBANK
    [P_OID] => 250828-001
    [P_FN_CD1] => 11
    [P_FN_CD2] => 
    [P_FN_NM] => NH농협은행
    [P_AMT] => 3000
    [P_UNAME] => 고은해
    [P_RMESG1] => P_VACCT_NO=79014408570278|P_EXP_DT=20250907
    [P_RMESG2] => 
    [P_NOTI] => 
    [P_AUTH_NO] => 
)

 Array
(
    [PageCall time] => 08:48:30
    [P_TID] => INIMX_VBNKCAEcatca0720250828084714205705
    [P_MID] => CAEcatca07
    [P_AUTH_DT] => 20250828084830
    [P_STATUS] => 02
    [P_TYPE] => VBANK
    [P_OID] => 250828-002
    [P_FN_CD1] => 04
    [P_FN_CD2] => 
    [P_FN_NM] => KB국민은행
    [P_AMT] => 3000
    [P_UNAME] => 김주희
    [P_RMESG1] => P_VACCT_NO=80399078463868|P_EXP_DT=20250907
    [P_RMESG2] => 
    [P_NOTI] => 
    [P_AUTH_NO] => 
)

 Array
(
    [PageCall time] => 10:00:53
    [P_TID] => INIMX_VBNKCAEcatca0720250828095700465323
    [P_MID] => CAEcatca07
    [P_AUTH_DT] => 20250828100053
    [P_STATUS] => 02
    [P_TYPE] => VBANK
    [P_OID] => 250828-004
    [P_FN_CD1] => 20
    [P_FN_CD2] => 
    [P_FN_NM] => 우리은행
    [P_AMT] => 3000
    [P_UNAME] => 여현정
    [P_RMESG1] => P_VACCT_NO=27488802918533|P_EXP_DT=20250907
    [P_RMESG2] => 
    [P_NOTI] => 
    [P_AUTH_NO] => 
)

 Array
(
    [PageCall time] => 10:16:39
    [P_TID] => INIMX_VBNKCAEcatca0720250828101334855729
    [P_MID] => CAEcatca07
    [P_AUTH_DT] => 20250828101639
    [P_STATUS] => 02
    [P_TYPE] => VBANK
    [P_OID] => 250828-005
    [P_FN_CD1] => 32
    [P_FN_CD2] => 
    [P_FN_NM] => 부산은행
    [P_AMT] => 3000
    [P_UNAME] => 이미옥
    [P_RMESG1] => P_VACCT_NO=109925463269|P_EXP_DT=20250907
    [P_RMESG2] => 
    [P_NOTI] => 
    [P_AUTH_NO] => 
)

 Array
(
    [PageCall time] => 10:54:26
    [P_TID] => INIMX_VBNKCAEcatca0720250828104944495654
    [P_MID] => CAEcatca07
    [P_AUTH_DT] => 20250828105426
    [P_STATUS] => 02
    [P_TYPE] => VBANK
    [P_OID] => 250828-008
    [P_FN_CD1] => 11
    [P_FN_CD2] => 
    [P_FN_NM] => NH농협은행
    [P_AMT] => 3000
    [P_UNAME] => 이규성
    [P_RMESG1] => P_VACCT_NO=79014408593590|P_EXP_DT=20250907
    [P_RMESG2] => 
    [P_NOTI] => 
    [P_AUTH_NO] => 
)

 Array
(
    [PageCall time] => 11:43:36
    [P_TID] => INIMX_VBNKCAEcatca0720250828113315755463
    [P_MID] => CAEcatca07
    [P_AUTH_DT] => 20250828114336
    [P_STATUS] => 02
    [P_TYPE] => VBANK
    [P_OID] => 250828-011
    [P_FN_CD1] => 81
    [P_FN_CD2] => 
    [P_FN_NM] => 하나은행
    [P_AMT] => 3000
    [P_UNAME] => 정태원
    [P_RMESG1] => P_VACCT_NO=20894041008737|P_EXP_DT=20250907
    [P_RMESG2] => 
    [P_NOTI] => 
    [P_AUTH_NO] => 
)

 Array
(
    [PageCall time] => 12:30:04
    [P_TID] => INIMX_VBNKCAEcatca0720250828122804965536
    [P_MID] => CAEcatca07
    [P_AUTH_DT] => 20250828123004
    [P_STATUS] => 02
    [P_TYPE] => VBANK
    [P_OID] => 250828-013
    [P_FN_CD1] => 04
    [P_FN_CD2] => 
    [P_FN_NM] => KB국민은행
    [P_AMT] => 3000
    [P_UNAME] => 강수정
    [P_RMESG1] => P_VACCT_NO=26159078013665|P_EXP_DT=20250907
    [P_RMESG2] => 
    [P_NOTI] => 
    [P_AUTH_NO] => 
)

 Array
(
    [PageCall time] => 13:01:59
    [P_TID] => INIMX_VBNKCAEcatca0720250828125857485138
    [P_MID] => CAEcatca07
    [P_AUTH_DT] => 20250828130159
    [P_STATUS] => 02
    [P_TYPE] => VBANK
    [P_OID] => 250828-014
    [P_FN_CD1] => 03
    [P_FN_CD2] => 
    [P_FN_NM] => 기업은행
    [P_AMT] => 3000
    [P_UNAME] => 이미혜
    [P_RMESG1] => P_VACCT_NO=07503419597594|P_EXP_DT=20250907
    [P_RMESG2] => 
    [P_NOTI] => 
    [P_AUTH_NO] => 
)

 Array
(
    [PageCall time] => 13:08:06
    [P_TID] => INIMX_VBNKCAEcatca0720250828101730855138
    [P_MID] => CAEcatca07
    [P_AUTH_DT] => 20250828130806
    [P_STATUS] => 02
    [P_TYPE] => VBANK
    [P_OID] => 250826-027
    [P_FN_CD1] => 88
    [P_FN_CD2] => 
    [P_FN_NM] => 신한은행
    [P_AMT] => 3000
    [P_UNAME] => 김지연
    [P_RMESG1] => P_VACCT_NO=56211992620361|P_EXP_DT=20250907
    [P_RMESG2] => 
    [P_NOTI] => 
    [P_AUTH_NO] => 
)

 Array
(
    [PageCall time] => 14:09:16
    [P_TID] => INIMX_VBNKCAEcatca0720250828140606245106
    [P_MID] => CAEcatca07
    [P_AUTH_DT] => 20250828140916
    [P_STATUS] => 02
    [P_TYPE] => VBANK
    [P_OID] => 250828-023
    [P_FN_CD1] => 03
    [P_FN_CD2] => 
    [P_FN_NM] => 기업은행
    [P_AMT] => 3000
    [P_UNAME] => 김순영
    [P_RMESG1] => P_VACCT_NO=07503420397591|P_EXP_DT=20250907
    [P_RMESG2] => 
    [P_NOTI] => 
    [P_AUTH_NO] => 
)

 Array
(
    [PageCall time] => 14:17:11
    [P_TID] => INIMX_VBNKCAEcatca0720250828141424975518
    [P_MID] => CAEcatca07
    [P_AUTH_DT] => 20250828141711
    [P_STATUS] => 02
    [P_TYPE] => VBANK
    [P_OID] => 250828-026
    [P_FN_CD1] => 88
    [P_FN_CD2] => 
    [P_FN_NM] => 신한은행
    [P_AMT] => 3000
    [P_UNAME] => 김지현
    [P_RMESG1] => P_VACCT_NO=56211992691131|P_EXP_DT=20250907
    [P_RMESG2] => 
    [P_NOTI] => 
    [P_AUTH_NO] => 
)

 Array
(
    [PageCall time] => 14:17:33
    [P_TID] => INIMX_VBNKCAEcatca0720250828141453675035
    [P_MID] => CAEcatca07
    [P_AUTH_DT] => 20250828141733
    [P_STATUS] => 02
    [P_TYPE] => VBANK
    [P_OID] => 250828-024
    [P_FN_CD1] => 88
    [P_FN_CD2] => 
    [P_FN_NM] => 신한은행
    [P_AMT] => 3000
    [P_UNAME] => 임소영
    [P_RMESG1] => P_VACCT_NO=56211992691451|P_EXP_DT=20250907
    [P_RMESG2] => 
    [P_NOTI] => 
    [P_AUTH_NO] => 
)

 Array
(
    [PageCall time] => 14:22:22
    [P_TID] => INIMX_VBNKCAEcatca0720250828142152745417
    [P_MID] => CAEcatca07
    [P_AUTH_DT] => 20250828142222
    [P_STATUS] => 02
    [P_TYPE] => VBANK
    [P_OID] => 250828-027
    [P_FN_CD1] => 04
    [P_FN_CD2] => 
    [P_FN_NM] => KB국민은행
    [P_AMT] => 3000
    [P_UNAME] => 김시현
    [P_RMESG1] => P_VACCT_NO=26159078064498|P_EXP_DT=20250907
    [P_RMESG2] => 
    [P_NOTI] => 
    [P_AUTH_NO] => 
)

 Array
(
    [PageCall time] => 14:42:55
    [P_TID] => INIMX_VBNKCAEcatca0720250828144021515432
    [P_MID] => CAEcatca07
    [P_AUTH_DT] => 20250828144255
    [P_STATUS] => 02
    [P_TYPE] => VBANK
    [P_OID] => 250825-028
    [P_FN_CD1] => 03
    [P_FN_CD2] => 
    [P_FN_NM] => 기업은행
    [P_AMT] => 3000
    [P_UNAME] => 엄지혜
    [P_RMESG1] => P_VACCT_NO=07503420797346|P_EXP_DT=20250907
    [P_RMESG2] => 
    [P_NOTI] => 
    [P_AUTH_NO] => 
)

 Array
(
    [PageCall time] => 14:44:55
    [P_TID] => INIMX_VBNKCAEcatca0720250828144029915632
    [P_MID] => CAEcatca07
    [P_AUTH_DT] => 20250828144455
    [P_STATUS] => 02
    [P_TYPE] => VBANK
    [P_OID] => 250828-028
    [P_FN_CD1] => 88
    [P_FN_CD2] => 
    [P_FN_NM] => 신한은행
    [P_AMT] => 3000
    [P_UNAME] => 정경애
    [P_RMESG1] => P_VACCT_NO=56211992695151|P_EXP_DT=20250907
    [P_RMESG2] => 
    [P_NOTI] => 
    [P_AUTH_NO] => 
)

 Array
(
    [PageCall time] => 15:06:11
    [P_TID] => INIMX_VBNKCAEcatca0720250828150335555737
    [P_MID] => CAEcatca07
    [P_AUTH_DT] => 20250828150611
    [P_STATUS] => 02
    [P_TYPE] => VBANK
    [P_OID] => 250828-029
    [P_FN_CD1] => 20
    [P_FN_CD2] => 
    [P_FN_NM] => 우리은행
    [P_AMT] => 3000
    [P_UNAME] => 임길섭
    [P_RMESG1] => P_VACCT_NO=27488853118585|P_EXP_DT=20250907
    [P_RMESG2] => 
    [P_NOTI] => 
    [P_AUTH_NO] => 
)

 Array
(
    [PageCall time] => 15:53:58
    [P_TID] => INIMX_VBNKCAEcatca0720250828155056484352
    [P_MID] => CAEcatca07
    [P_AUTH_DT] => 20250828155358
    [P_STATUS] => 02
    [P_TYPE] => VBANK
    [P_OID] => 250828-031
    [P_FN_CD1] => 88
    [P_FN_CD2] => 
    [P_FN_NM] => 신한은행
    [P_AMT] => 3000
    [P_UNAME] => 천연정
    [P_RMESG1] => P_VACCT_NO=56211122436116|P_EXP_DT=20250907
    [P_RMESG2] => 
    [P_NOTI] => 
    [P_AUTH_NO] => 
)

 Array
(
    [PageCall time] => 15:56:19
    [P_TID] => INIMX_VBNKCAEcatca0720250828155354524499
    [P_MID] => CAEcatca07
    [P_AUTH_DT] => 20250828155619
    [P_STATUS] => 02
    [P_TYPE] => VBANK
    [P_OID] => 250828-030
    [P_FN_CD1] => 32
    [P_FN_CD2] => 
    [P_FN_NM] => 부산은행
    [P_AMT] => 3000
    [P_UNAME] => 최치영
    [P_RMESG1] => P_VACCT_NO=103939679730|P_EXP_DT=20250907
    [P_RMESG2] => 
    [P_NOTI] => 
    [P_AUTH_NO] => 
)

 Array
(
    [PageCall time] => 15:59:48
    [P_TID] => INIMX_VBNKCAEcatca0720250828155722125592
    [P_MID] => CAEcatca07
    [P_AUTH_DT] => 20250828155948
    [P_STATUS] => 02
    [P_TYPE] => VBANK
    [P_OID] => 250828-032
    [P_FN_CD1] => 20
    [P_FN_CD2] => 
    [P_FN_NM] => 우리은행
    [P_AMT] => 3000
    [P_UNAME] => 정유정
    [P_RMESG1] => P_VACCT_NO=27488856418196|P_EXP_DT=20250907
    [P_RMESG2] => 
    [P_NOTI] => 
    [P_AUTH_NO] => 
)

 Array
(
    [PageCall time] => 16:10:47
    [P_TID] => INIMX_VBNKCAEcatca0720250828161003834347
    [P_MID] => CAEcatca07
    [P_AUTH_DT] => 20250828161047
    [P_STATUS] => 02
    [P_TYPE] => VBANK
    [P_OID] => 250828-033
    [P_FN_CD1] => 04
    [P_FN_CD2] => 
    [P_FN_NM] => KB국민은행
    [P_AMT] => 3000
    [P_UNAME] => 김용흠
    [P_RMESG1] => P_VACCT_NO=91779011762926|P_EXP_DT=20250907
    [P_RMESG2] => 
    [P_NOTI] => 
    [P_AUTH_NO] => 
)

 Array
(
    [PageCall time] => 18:53:37
    [P_TID] => INIMX_VBNKCAEcatca0720250828185023915510
    [P_MID] => CAEcatca07
    [P_AUTH_DT] => 20250828185337
    [P_STATUS] => 02
    [P_TYPE] => VBANK
    [P_OID] => 250828-040
    [P_FN_CD1] => 88
    [P_FN_CD2] => 
    [P_FN_NM] => 신한은행
    [P_AMT] => 3000
    [P_UNAME] => 강애란
    [P_RMESG1] => P_VACCT_NO=56211992744668|P_EXP_DT=20250907
    [P_RMESG2] => 
    [P_NOTI] => 
    [P_AUTH_NO] => 
)

 Array
(
    [PageCall time] => 19:51:09
    [P_TID] => INIMX_VBNKCAEcatca0720250828195029055161
    [P_MID] => CAEcatca07
    [P_AUTH_DT] => 20250828195109
    [P_STATUS] => 02
    [P_TYPE] => VBANK
    [P_OID] => 250828-041
    [P_FN_CD1] => 11
    [P_FN_CD2] => 
    [P_FN_NM] => NH농협은행
    [P_AMT] => 3000
    [P_UNAME] => 안준식
    [P_RMESG1] => P_VACCT_NO=79014408660826|P_EXP_DT=20250907
    [P_RMESG2] => 
    [P_NOTI] => 
    [P_AUTH_NO] => 
)

 Array
(
    [PageCall time] => 22:53:54
    [P_TID] => INIMX_VBNKCAEcatca0720250828225248495988
    [P_MID] => CAEcatca07
    [P_AUTH_DT] => 20250828225354
    [P_STATUS] => 02
    [P_TYPE] => VBANK
    [P_OID] => 250828-042
    [P_FN_CD1] => 11
    [P_FN_CD2] => 
    [P_FN_NM] => NH농협은행
    [P_AMT] => 3000
    [P_UNAME] => 구창회
    [P_RMESG1] => P_VACCT_NO=79014408676331|P_EXP_DT=20250907
    [P_RMESG2] => 
    [P_NOTI] => 
    [P_AUTH_NO] => 
)

