 Array
(
    [PageCall time] => 07:41:59
    [P_TID] => INIMX_VBNKCAEcatca0720251107074112875471
    [P_MID] => CAEcatca07
    [P_AUTH_DT] => 20251107074159
    [P_STATUS] => 02
    [P_TYPE] => VBANK
    [P_OID] => 251106-003
    [P_FN_CD1] => 11
    [P_FN_CD2] => 
    [P_FN_NM] => NH농협은행
    [P_AMT] => 3000
    [P_UNAME] => 김미연
    [P_RMESG1] => P_VACCT_NO=79015901175502|P_EXP_DT=20251117
    [P_RMESG2] => 
    [P_NOTI] => 
    [P_AUTH_NO] => 
)

 Array
(
    [PageCall time] => 10:35:30
    [P_TID] => INIMX_VBNKCAEcatca0720251107103347695179
    [P_MID] => CAEcatca07
    [P_AUTH_DT] => 20251107103530
    [P_STATUS] => 02
    [P_TYPE] => VBANK
    [P_OID] => 251107-003
    [P_FN_CD1] => 11
    [P_FN_CD2] => 
    [P_FN_NM] => NH농협은행
    [P_AMT] => 3000
    [P_UNAME] => 곽춘경
    [P_RMESG1] => P_VACCT_NO=79015901191696|P_EXP_DT=20251117
    [P_RMESG2] => 
    [P_NOTI] => 
    [P_AUTH_NO] => 
)

 Array
(
    [PageCall time] => 10:37:45
    [P_TID] => INIMX_VBNKCAEcatca0720251107103441125683
    [P_MID] => CAEcatca07
    [P_AUTH_DT] => 20251107103745
    [P_STATUS] => 02
    [P_TYPE] => VBANK
    [P_OID] => 251103-005
    [P_FN_CD1] => 03
    [P_FN_CD2] => 
    [P_FN_NM] => 기업은행
    [P_AMT] => 3000
    [P_UNAME] => 이제상
    [P_RMESG1] => P_VACCT_NO=07500348097876|P_EXP_DT=20251117
    [P_RMESG2] => 
    [P_NOTI] => 
    [P_AUTH_NO] => 
)

 Array
(
    [PageCall time] => 10:51:06
    [P_TID] => INIMX_VBNKCAEcatca0720251107104719645642
    [P_MID] => CAEcatca07
    [P_AUTH_DT] => 20251107105106
    [P_STATUS] => 02
    [P_TYPE] => VBANK
    [P_OID] => 251107-004
    [P_FN_CD1] => 20
    [P_FN_CD2] => 
    [P_FN_NM] => 우리은행
    [P_AMT] => 3000
    [P_UNAME] => 송광섭
    [P_RMESG1] => P_VACCT_NO=32823535018839|P_EXP_DT=20251117
    [P_RMESG2] => 
    [P_NOTI] => 
    [P_AUTH_NO] => 
)

 Array
(
    [PageCall time] => 11:27:40
    [P_TID] => INIMX_VBNKCAEcatca0720251107112417895479
    [P_MID] => CAEcatca07
    [P_AUTH_DT] => 20251107112740
    [P_STATUS] => 02
    [P_TYPE] => VBANK
    [P_OID] => 251107-005
    [P_FN_CD1] => 81
    [P_FN_CD2] => 
    [P_FN_NM] => 하나은행
    [P_AMT] => 3000
    [P_UNAME] => 송희영
    [P_RMESG1] => P_VACCT_NO=20893975338437|P_EXP_DT=20251117
    [P_RMESG2] => 
    [P_NOTI] => 
    [P_AUTH_NO] => 
)

 Array
(
    [PageCall time] => 11:32:30
    [P_TID] => INIMX_VBNKCAEcatca0720251107113045275811
    [P_MID] => CAEcatca07
    [P_AUTH_DT] => 20251107113230
    [P_STATUS] => 02
    [P_TYPE] => VBANK
    [P_OID] => 251107-006
    [P_FN_CD1] => 11
    [P_FN_CD2] => 
    [P_FN_NM] => NH농협은행
    [P_AMT] => 3000
    [P_UNAME] => 김은숙
    [P_RMESG1] => P_VACCT_NO=79015901201616|P_EXP_DT=20251117
    [P_RMESG2] => 
    [P_NOTI] => 
    [P_AUTH_NO] => 
)

 Array
(
    [PageCall time] => 11:42:59
    [P_TID] => INIMX_VBNKCAEcatca0720251107114018145475
    [P_MID] => CAEcatca07
    [P_AUTH_DT] => 20251107114259
    [P_STATUS] => 02
    [P_TYPE] => VBANK
    [P_OID] => 251107-007
    [P_FN_CD1] => 88
    [P_FN_CD2] => 
    [P_FN_NM] => 신한은행
    [P_AMT] => 3000
    [P_UNAME] => 주성호
    [P_RMESG1] => P_VACCT_NO=56211105196041|P_EXP_DT=20251117
    [P_RMESG2] => 
    [P_NOTI] => 
    [P_AUTH_NO] => 
)

 Array
(
    [PageCall time] => 12:18:58
    [P_TID] => INIMX_VBNKCAEcatca0720251107121610145351
    [P_MID] => CAEcatca07
    [P_AUTH_DT] => 20251107121858
    [P_STATUS] => 02
    [P_TYPE] => VBANK
    [P_OID] => 251107-010
    [P_FN_CD1] => 88
    [P_FN_CD2] => 
    [P_FN_NM] => 신한은행
    [P_AMT] => 3000
    [P_UNAME] => 허동민
    [P_RMESG1] => P_VACCT_NO=56211105198915|P_EXP_DT=20251117
    [P_RMESG2] => 
    [P_NOTI] => 
    [P_AUTH_NO] => 
)

 Array
(
    [PageCall time] => 13:00:05
    [P_TID] => INIMX_VBNKCAEcatca0720251107125649905186
    [P_MID] => CAEcatca07
    [P_AUTH_DT] => 20251107130005
    [P_STATUS] => 02
    [P_TYPE] => VBANK
    [P_OID] => 251106-004
    [P_FN_CD1] => 03
    [P_FN_CD2] => 
    [P_FN_NM] => 기업은행
    [P_AMT] => 3000
    [P_UNAME] => 한승희
    [P_RMESG1] => P_VACCT_NO=07500349697977|P_EXP_DT=20251117
    [P_RMESG2] => 
    [P_NOTI] => 
    [P_AUTH_NO] => 
)

 Array
(
    [PageCall time] => 13:46:44
    [P_TID] => INIMX_VBNKCAEcatca0720251107134352305199
    [P_MID] => CAEcatca07
    [P_AUTH_DT] => 20251107134644
    [P_STATUS] => 02
    [P_TYPE] => VBANK
    [P_OID] => 251107-012
    [P_FN_CD1] => 88
    [P_FN_CD2] => 
    [P_FN_NM] => 신한은행
    [P_AMT] => 3000
    [P_UNAME] => 이경숙
    [P_RMESG1] => P_VACCT_NO=56211105205970|P_EXP_DT=20251117
    [P_RMESG2] => 
    [P_NOTI] => 
    [P_AUTH_NO] => 
)

 Array
(
    [PageCall time] => 13:59:43
    [P_TID] => INIMX_VBNKCAEcatca0720251107135705745105
    [P_MID] => CAEcatca07
    [P_AUTH_DT] => 20251107135943
    [P_STATUS] => 02
    [P_TYPE] => VBANK
    [P_OID] => 251103-037
    [P_FN_CD1] => 89
    [P_FN_CD2] => 
    [P_FN_NM] => 케이뱅크
    [P_AMT] => 3000
    [P_UNAME] => 구동윤
    [P_RMESG1] => P_VACCT_NO=70112003789819|P_EXP_DT=20251117
    [P_RMESG2] => 
    [P_NOTI] => 
    [P_AUTH_NO] => 
)

 Array
(
    [PageCall time] => 14:08:12
    [P_TID] => INIMX_VBNKCAEcatca0720251107140639985103
    [P_MID] => CAEcatca07
    [P_AUTH_DT] => 20251107140812
    [P_STATUS] => 02
    [P_TYPE] => VBANK
    [P_OID] => 251107-013
    [P_FN_CD1] => 11
    [P_FN_CD2] => 
    [P_FN_NM] => NH농협은행
    [P_AMT] => 3000
    [P_UNAME] => 임창식
    [P_RMESG1] => P_VACCT_NO=79015901223091|P_EXP_DT=20251117
    [P_RMESG2] => 
    [P_NOTI] => 
    [P_AUTH_NO] => 
)

 Array
(
    [PageCall time] => 14:24:32
    [P_TID] => INIMX_VBNKCAEcatca0720251107142318465187
    [P_MID] => CAEcatca07
    [P_AUTH_DT] => 20251107142432
    [P_STATUS] => 02
    [P_TYPE] => VBANK
    [P_OID] => 251106-038
    [P_FN_CD1] => 11
    [P_FN_CD2] => 
    [P_FN_NM] => NH농협은행
    [P_AMT] => 3000
    [P_UNAME] => 정수연
    [P_RMESG1] => P_VACCT_NO=79015901225554|P_EXP_DT=20251117
    [P_RMESG2] => 
    [P_NOTI] => 
    [P_AUTH_NO] => 
)

 Array
(
    [PageCall time] => 14:29:07
    [P_TID] => INIMX_VBNKCAEcatca0720251107142559735603
    [P_MID] => CAEcatca07
    [P_AUTH_DT] => 20251107142907
    [P_STATUS] => 02
    [P_TYPE] => VBANK
    [P_OID] => 251107-015
    [P_FN_CD1] => 04
    [P_FN_CD2] => 
    [P_FN_NM] => KB국민은행
    [P_AMT] => 3000
    [P_UNAME] => 김미리
    [P_RMESG1] => P_VACCT_NO=26119078395376|P_EXP_DT=20251117
    [P_RMESG2] => 
    [P_NOTI] => 
    [P_AUTH_NO] => 
)

 Array
(
    [PageCall time] => 15:12:22
    [P_TID] => INIMX_VBNKCAEcatca0720251107150904875322
    [P_MID] => CAEcatca07
    [P_AUTH_DT] => 20251107151222
    [P_STATUS] => 02
    [P_TYPE] => VBANK
    [P_OID] => 251107-018
    [P_FN_CD1] => 20
    [P_FN_CD2] => 
    [P_FN_NM] => 우리은행
    [P_AMT] => 3000
    [P_UNAME] => 심재용
    [P_RMESG1] => P_VACCT_NO=32823554618979|P_EXP_DT=20251117
    [P_RMESG2] => 
    [P_NOTI] => 
    [P_AUTH_NO] => 
)

 Array
(
    [PageCall time] => 15:40:10
    [P_TID] => INIMX_VBNKCAEcatca0720251107153539345780
    [P_MID] => CAEcatca07
    [P_AUTH_DT] => 20251107154010
    [P_STATUS] => 02
    [P_TYPE] => VBANK
    [P_OID] => 251107-019
    [P_FN_CD1] => 03
    [P_FN_CD2] => 
    [P_FN_NM] => 기업은행
    [P_AMT] => 3000
    [P_UNAME] => 정숙현
    [P_RMESG1] => P_VACCT_NO=07500533697984|P_EXP_DT=20251117
    [P_RMESG2] => 
    [P_NOTI] => 
    [P_AUTH_NO] => 
)

 Array
(
    [PageCall time] => 16:40:08
    [P_TID] => INIMX_VBNKCAEcatca0720251107115604555795
    [P_MID] => CAEcatca07
    [P_AUTH_DT] => 20251107164008
    [P_STATUS] => 02
    [P_TYPE] => VBANK
    [P_OID] => 251107-008
    [P_FN_CD1] => 81
    [P_FN_CD2] => 
    [P_FN_NM] => 하나은행
    [P_AMT] => 3000
    [P_UNAME] => 홍기옥
    [P_RMESG1] => P_VACCT_NO=20893975509537|P_EXP_DT=20251117
    [P_RMESG2] => 
    [P_NOTI] => 
    [P_AUTH_NO] => 
)

 Array
(
    [PageCall time] => 16:44:35
    [P_TID] => INIMX_VBNKCAEcatca0720251107164142655946
    [P_MID] => CAEcatca07
    [P_AUTH_DT] => 20251107164435
    [P_STATUS] => 02
    [P_TYPE] => VBANK
    [P_OID] => 251107-023
    [P_FN_CD1] => 04
    [P_FN_CD2] => 
    [P_FN_NM] => KB국민은행
    [P_AMT] => 3000
    [P_UNAME] => 김나경
    [P_RMESG1] => P_VACCT_NO=26119078620731|P_EXP_DT=20251117
    [P_RMESG2] => 
    [P_NOTI] => 
    [P_AUTH_NO] => 
)

 Array
(
    [PageCall time] => 19:12:40
    [P_TID] => INIMX_VBNKCAEcatca0720251107190830535468
    [P_MID] => CAEcatca07
    [P_AUTH_DT] => 20251107191240
    [P_STATUS] => 02
    [P_TYPE] => VBANK
    [P_OID] => 251107-028
    [P_FN_CD1] => 04
    [P_FN_CD2] => 
    [P_FN_NM] => KB국민은행
    [P_AMT] => 3000
    [P_UNAME] => 허유진
    [P_RMESG1] => P_VACCT_NO=00159071843586|P_EXP_DT=20251117
    [P_RMESG2] => 
    [P_NOTI] => 
    [P_AUTH_NO] => 
)

 Array
(
    [PageCall time] => 20:48:19
    [P_TID] => INIMX_VBNKCAEcatca0720251107204438415967
    [P_MID] => CAEcatca07
    [P_AUTH_DT] => 20251107204819
    [P_STATUS] => 02
    [P_TYPE] => VBANK
    [P_OID] => 251107-027
    [P_FN_CD1] => 04
    [P_FN_CD2] => 
    [P_FN_NM] => KB국민은행
    [P_AMT] => 3000
    [P_UNAME] => 정수옥
    [P_RMESG1] => P_VACCT_NO=00159071871651|P_EXP_DT=20251117
    [P_RMESG2] => 
    [P_NOTI] => 
    [P_AUTH_NO] => 
)

 Array
(
    [PageCall time] => 23:04:27
    [P_TID] => INIMX_VBNKCAEcatca0720251107230204265800
    [P_MID] => CAEcatca07
    [P_AUTH_DT] => 20251107230427
    [P_STATUS] => 02
    [P_TYPE] => VBANK
    [P_OID] => 251106-031
    [P_FN_CD1] => 88
    [P_FN_CD2] => 
    [P_FN_NM] => 신한은행
    [P_AMT] => 3000
    [P_UNAME] => 이준기
    [P_RMESG1] => P_VACCT_NO=56211105247751|P_EXP_DT=20251117
    [P_RMESG2] => 
    [P_NOTI] => 
    [P_AUTH_NO] => 
)

 Array
(
    [PageCall time] => 23:29:53
    [P_TID] => INIMX_VBNKCAEcatca0720251107232727165676
    [P_MID] => CAEcatca07
    [P_AUTH_DT] => 20251107232953
    [P_STATUS] => 02
    [P_TYPE] => VBANK
    [P_OID] => 251107-031
    [P_FN_CD1] => 04
    [P_FN_CD2] => 
    [P_FN_NM] => KB국민은행
    [P_AMT] => 3000
    [P_UNAME] => 이상식
    [P_RMESG1] => P_VACCT_NO=00159071976936|P_EXP_DT=20251117
    [P_RMESG2] => 
    [P_NOTI] => 
    [P_AUTH_NO] => 
)

