 Array
(
    [PageCall time] => 03:32:33
    [P_TID] => INIMX_VBNKCAEcatca0720251022032943815097
    [P_MID] => CAEcatca07
    [P_AUTH_DT] => 20251022033233
    [P_STATUS] => 02
    [P_TYPE] => VBANK
    [P_OID] => 251019-008
    [P_FN_CD1] => 04
    [P_FN_CD2] => 
    [P_FN_NM] => KB국민은행
    [P_AMT] => 3000
    [P_UNAME] => 안창배
    [P_RMESG1] => P_VACCT_NO=96439078981898|P_EXP_DT=20251101
    [P_RMESG2] => 
    [P_NOTI] => 
    [P_AUTH_NO] => 
)

 Array
(
    [PageCall time] => 09:09:51
    [P_TID] => INIMX_VBNKCAEcatca0720251022090520435127
    [P_MID] => CAEcatca07
    [P_AUTH_DT] => 20251022090951
    [P_STATUS] => 02
    [P_TYPE] => VBANK
    [P_OID] => 251022-004
    [P_FN_CD1] => 04
    [P_FN_CD2] => 
    [P_FN_NM] => KB국민은행
    [P_AMT] => 3000
    [P_UNAME] => 박광원
    [P_RMESG1] => P_VACCT_NO=40269011614170|P_EXP_DT=20251101
    [P_RMESG2] => 
    [P_NOTI] => 
    [P_AUTH_NO] => 
)

 Array
(
    [PageCall time] => 09:22:32
    [P_TID] => INIMX_VBNKCAEcatca0720251022091802535481
    [P_MID] => CAEcatca07
    [P_AUTH_DT] => 20251022092232
    [P_STATUS] => 02
    [P_TYPE] => VBANK
    [P_OID] => 251017-006
    [P_FN_CD1] => 37
    [P_FN_CD2] => 
    [P_FN_NM] => 전북은행
    [P_AMT] => 3000
    [P_UNAME] => 윤채영
    [P_RMESG1] => P_VACCT_NO=9101210005337|P_EXP_DT=20251101
    [P_RMESG2] => 
    [P_NOTI] => 
    [P_AUTH_NO] => 
)

 Array
(
    [PageCall time] => 10:05:17
    [P_TID] => INIMX_VBNKCAEcatca0720251022095913755472
    [P_MID] => CAEcatca07
    [P_AUTH_DT] => 20251022100517
    [P_STATUS] => 02
    [P_TYPE] => VBANK
    [P_OID] => 251022-006
    [P_FN_CD1] => 71
    [P_FN_CD2] => 
    [P_FN_NM] => 우체국
    [P_AMT] => 3000
    [P_UNAME] => 이상필
    [P_RMESG1] => P_VACCT_NO=01398781393223|P_EXP_DT=20251101
    [P_RMESG2] => 
    [P_NOTI] => 
    [P_AUTH_NO] => 
)

 Array
(
    [PageCall time] => 10:26:33
    [P_TID] => INIMX_VBNKCAEcatca0720251022102353155874
    [P_MID] => CAEcatca07
    [P_AUTH_DT] => 20251022102633
    [P_STATUS] => 02
    [P_TYPE] => VBANK
    [P_OID] => 251022-007
    [P_FN_CD1] => 04
    [P_FN_CD2] => 
    [P_FN_NM] => KB국민은행
    [P_AMT] => 3000
    [P_UNAME] => 한수연
    [P_RMESG1] => P_VACCT_NO=26029078537405|P_EXP_DT=20251101
    [P_RMESG2] => 
    [P_NOTI] => 
    [P_AUTH_NO] => 
)

 Array
(
    [PageCall time] => 10:56:46
    [P_TID] => INIMX_VBNKCAEcatca0720251022104901785925
    [P_MID] => CAEcatca07
    [P_AUTH_DT] => 20251022105646
    [P_STATUS] => 02
    [P_TYPE] => VBANK
    [P_OID] => 251022-009
    [P_FN_CD1] => 04
    [P_FN_CD2] => 
    [P_FN_NM] => KB국민은행
    [P_AMT] => 3000
    [P_UNAME] => 장미영
    [P_RMESG1] => P_VACCT_NO=26159078597435|P_EXP_DT=20251101
    [P_RMESG2] => 
    [P_NOTI] => 
    [P_AUTH_NO] => 
)

 Array
(
    [PageCall time] => 11:14:27
    [P_TID] => INIMX_VBNKCAEcatca0720251022111145325882
    [P_MID] => CAEcatca07
    [P_AUTH_DT] => 20251022111427
    [P_STATUS] => 02
    [P_TYPE] => VBANK
    [P_OID] => 251022-011
    [P_FN_CD1] => 04
    [P_FN_CD2] => 
    [P_FN_NM] => KB국민은행
    [P_AMT] => 3000
    [P_UNAME] => 한승기
    [P_RMESG1] => P_VACCT_NO=96439078986158|P_EXP_DT=20251101
    [P_RMESG2] => 
    [P_NOTI] => 
    [P_AUTH_NO] => 
)

 Array
(
    [PageCall time] => 11:21:53
    [P_TID] => INIMX_VBNKCAEcatca0720251022112100635989
    [P_MID] => CAEcatca07
    [P_AUTH_DT] => 20251022112153
    [P_STATUS] => 02
    [P_TYPE] => VBANK
    [P_OID] => 251022-001
    [P_FN_CD1] => 11
    [P_FN_CD2] => 
    [P_FN_NM] => NH농협은행
    [P_AMT] => 3000
    [P_UNAME] => 이경일
    [P_RMESG1] => P_VACCT_NO=79014509242102|P_EXP_DT=20251101
    [P_RMESG2] => 
    [P_NOTI] => 
    [P_AUTH_NO] => 
)

 Array
(
    [PageCall time] => 11:39:25
    [P_TID] => INIMX_VBNKCAEcatca0720251022113653585715
    [P_MID] => CAEcatca07
    [P_AUTH_DT] => 20251022113925
    [P_STATUS] => 02
    [P_TYPE] => VBANK
    [P_OID] => 251022-013
    [P_FN_CD1] => 04
    [P_FN_CD2] => 
    [P_FN_NM] => KB국민은행
    [P_AMT] => 3000
    [P_UNAME] => 남해경
    [P_RMESG1] => P_VACCT_NO=96439078990865|P_EXP_DT=20251101
    [P_RMESG2] => 
    [P_NOTI] => 
    [P_AUTH_NO] => 
)

 Array
(
    [PageCall time] => 11:41:01
    [P_TID] => INIMX_VBNKCAEcatca0720251022113511625588
    [P_MID] => CAEcatca07
    [P_AUTH_DT] => 20251022114101
    [P_STATUS] => 02
    [P_TYPE] => VBANK
    [P_OID] => 251022-012
    [P_FN_CD1] => 20
    [P_FN_CD2] => 
    [P_FN_NM] => 우리은행
    [P_AMT] => 3000
    [P_UNAME] => 신비
    [P_RMESG1] => P_VACCT_NO=27491575318949|P_EXP_DT=20251101
    [P_RMESG2] => 
    [P_NOTI] => 
    [P_AUTH_NO] => 
)

 Array
(
    [PageCall time] => 11:48:35
    [P_TID] => INIMX_VBNKCAEcatca0720251022114533745683
    [P_MID] => CAEcatca07
    [P_AUTH_DT] => 20251022114835
    [P_STATUS] => 02
    [P_TYPE] => VBANK
    [P_OID] => 251022-014
    [P_FN_CD1] => 81
    [P_FN_CD2] => 
    [P_FN_NM] => 하나은행
    [P_AMT] => 3000
    [P_UNAME] => 최민경
    [P_RMESG1] => P_VACCT_NO=20893888146237|P_EXP_DT=20251101
    [P_RMESG2] => 
    [P_NOTI] => 
    [P_AUTH_NO] => 
)

 Array
(
    [PageCall time] => 12:02:42
    [P_TID] => INIMX_VBNKCAEcatca0720251022115931215413
    [P_MID] => CAEcatca07
    [P_AUTH_DT] => 20251022120242
    [P_STATUS] => 02
    [P_TYPE] => VBANK
    [P_OID] => 251022-015
    [P_FN_CD1] => 81
    [P_FN_CD2] => 
    [P_FN_NM] => 하나은행
    [P_AMT] => 3000
    [P_UNAME] => 장석윤
    [P_RMESG1] => P_VACCT_NO=20893888181037|P_EXP_DT=20251101
    [P_RMESG2] => 
    [P_NOTI] => 
    [P_AUTH_NO] => 
)

 Array
(
    [PageCall time] => 12:12:22
    [P_TID] => INIMX_VBNKCAEcatca0720251022121106815196
    [P_MID] => CAEcatca07
    [P_AUTH_DT] => 20251022121221
    [P_STATUS] => 02
    [P_TYPE] => VBANK
    [P_OID] => 251022-016
    [P_FN_CD1] => 11
    [P_FN_CD2] => 
    [P_FN_NM] => NH농협은행
    [P_AMT] => 3000
    [P_UNAME] => 김미현
    [P_RMESG1] => P_VACCT_NO=79014509250822|P_EXP_DT=20251101
    [P_RMESG2] => 
    [P_NOTI] => 
    [P_AUTH_NO] => 
)

 Array
(
    [PageCall time] => 13:19:08
    [P_TID] => INIMX_VBNKCAEcatca0720251022131619835791
    [P_MID] => CAEcatca07
    [P_AUTH_DT] => 20251022131908
    [P_STATUS] => 02
    [P_TYPE] => VBANK
    [P_OID] => 251022-019
    [P_FN_CD1] => 88
    [P_FN_CD2] => 
    [P_FN_NM] => 신한은행
    [P_AMT] => 3000
    [P_UNAME] => 홍은표
    [P_RMESG1] => P_VACCT_NO=56211104311160|P_EXP_DT=20251101
    [P_RMESG2] => 
    [P_NOTI] => 
    [P_AUTH_NO] => 
)

 Array
(
    [PageCall time] => 13:34:48
    [P_TID] => INIMX_VBNKCAEcatca0720251022133207865184
    [P_MID] => CAEcatca07
    [P_AUTH_DT] => 20251022133448
    [P_STATUS] => 02
    [P_TYPE] => VBANK
    [P_OID] => 251022-020
    [P_FN_CD1] => 20
    [P_FN_CD2] => 
    [P_FN_NM] => 우리은행
    [P_AMT] => 3000
    [P_UNAME] => 최윤주
    [P_RMESG1] => P_VACCT_NO=27491584418421|P_EXP_DT=20251101
    [P_RMESG2] => 
    [P_NOTI] => 
    [P_AUTH_NO] => 
)

 Array
(
    [PageCall time] => 13:56:12
    [P_TID] => INIMX_VBNKCAEcatca0720251022135301535102
    [P_MID] => CAEcatca07
    [P_AUTH_DT] => 20251022135612
    [P_STATUS] => 02
    [P_TYPE] => VBANK
    [P_OID] => 251022-021
    [P_FN_CD1] => 89
    [P_FN_CD2] => 
    [P_FN_NM] => 케이뱅크
    [P_AMT] => 3000
    [P_UNAME] => 조해진
    [P_RMESG1] => P_VACCT_NO=70112003652632|P_EXP_DT=20251101
    [P_RMESG2] => 
    [P_NOTI] => 
    [P_AUTH_NO] => 
)

 Array
(
    [PageCall time] => 14:09:41
    [P_TID] => INIMX_VBNKCAEcatca0720251022140657475177
    [P_MID] => CAEcatca07
    [P_AUTH_DT] => 20251022140941
    [P_STATUS] => 02
    [P_TYPE] => VBANK
    [P_OID] => 251022-022
    [P_FN_CD1] => 04
    [P_FN_CD2] => 
    [P_FN_NM] => KB국민은행
    [P_AMT] => 3000
    [P_UNAME] => 김미영
    [P_RMESG1] => P_VACCT_NO=96569078031176|P_EXP_DT=20251101
    [P_RMESG2] => 
    [P_NOTI] => 
    [P_AUTH_NO] => 
)

 Array
(
    [PageCall time] => 15:29:34
    [P_TID] => INIMX_VBNKCAEcatca0720251022151137745145
    [P_MID] => CAEcatca07
    [P_AUTH_DT] => 20251022152934
    [P_STATUS] => 02
    [P_TYPE] => VBANK
    [P_OID] => 251022-024
    [P_FN_CD1] => 03
    [P_FN_CD2] => 
    [P_FN_NM] => 기업은행
    [P_AMT] => 3000
    [P_UNAME] => 송정순
    [P_RMESG1] => P_VACCT_NO=07503212897820|P_EXP_DT=20251101
    [P_RMESG2] => 
    [P_NOTI] => 
    [P_AUTH_NO] => 
)

 Array
(
    [PageCall time] => 17:52:03
    [P_TID] => INIMX_VBNKCAEcatca0720251022174933825836
    [P_MID] => CAEcatca07
    [P_AUTH_DT] => 20251022175203
    [P_STATUS] => 02
    [P_TYPE] => VBANK
    [P_OID] => 251022-031
    [P_FN_CD1] => 04
    [P_FN_CD2] => 
    [P_FN_NM] => KB국민은행
    [P_AMT] => 3000
    [P_UNAME] => 문영주
    [P_RMESG1] => P_VACCT_NO=96569078081254|P_EXP_DT=20251101
    [P_RMESG2] => 
    [P_NOTI] => 
    [P_AUTH_NO] => 
)

 Array
(
    [PageCall time] => 18:56:48
    [P_TID] => INIMX_VBNKCAEcatca0720251022185206225312
    [P_MID] => CAEcatca07
    [P_AUTH_DT] => 20251022185648
    [P_STATUS] => 02
    [P_TYPE] => VBANK
    [P_OID] => 251022-033
    [P_FN_CD1] => 88
    [P_FN_CD2] => 
    [P_FN_NM] => 신한은행
    [P_AMT] => 3000
    [P_UNAME] => 전주은
    [P_RMESG1] => P_VACCT_NO=56211104348398|P_EXP_DT=20251101
    [P_RMESG2] => 
    [P_NOTI] => 
    [P_AUTH_NO] => 
)

 Array
(
    [PageCall time] => 19:31:58
    [P_TID] => INIMX_VBNKCAEcatca0720251022192907175703
    [P_MID] => CAEcatca07
    [P_AUTH_DT] => 20251022193158
    [P_STATUS] => 02
    [P_TYPE] => VBANK
    [P_OID] => 251022-034
    [P_FN_CD1] => 88
    [P_FN_CD2] => 
    [P_FN_NM] => 신한은행
    [P_AMT] => 3000
    [P_UNAME] => 박다빈
    [P_RMESG1] => P_VACCT_NO=56211104350917|P_EXP_DT=20251101
    [P_RMESG2] => 
    [P_NOTI] => 
    [P_AUTH_NO] => 
)

 Array
(
    [PageCall time] => 20:44:05
    [P_TID] => INIMX_VBNKCAEcatca0720251022203944305721
    [P_MID] => CAEcatca07
    [P_AUTH_DT] => 20251022204405
    [P_STATUS] => 02
    [P_TYPE] => VBANK
    [P_OID] => 251022-035
    [P_FN_CD1] => 20
    [P_FN_CD2] => 
    [P_FN_NM] => 우리은행
    [P_AMT] => 3000
    [P_UNAME] => 이해영
    [P_RMESG1] => P_VACCT_NO=27760588718331|P_EXP_DT=20251101
    [P_RMESG2] => 
    [P_NOTI] => 
    [P_AUTH_NO] => 
)

 Array
(
    [PageCall time] => 20:54:47
    [P_TID] => INIMX_VBNKCAEcatca0720251022205205805744
    [P_MID] => CAEcatca07
    [P_AUTH_DT] => 20251022205447
    [P_STATUS] => 02
    [P_TYPE] => VBANK
    [P_OID] => 251022-036
    [P_FN_CD1] => 23
    [P_FN_CD2] => 
    [P_FN_NM] => SC은행
    [P_AMT] => 3000
    [P_UNAME] => 이창호
    [P_RMESG1] => P_VACCT_NO=46416005827514|P_EXP_DT=20251101
    [P_RMESG2] => 
    [P_NOTI] => 
    [P_AUTH_NO] => 
)

 Array
(
    [PageCall time] => 21:16:04
    [P_TID] => INIMX_VBNKCAEcatca0720251022211228415392
    [P_MID] => CAEcatca07
    [P_AUTH_DT] => 20251022211604
    [P_STATUS] => 02
    [P_TYPE] => VBANK
    [P_OID] => 251022-037
    [P_FN_CD1] => 89
    [P_FN_CD2] => 
    [P_FN_NM] => 케이뱅크
    [P_AMT] => 3000
    [P_UNAME] => 조민석
    [P_RMESG1] => P_VACCT_NO=70112003657186|P_EXP_DT=20251101
    [P_RMESG2] => 
    [P_NOTI] => 
    [P_AUTH_NO] => 
)

 Array
(
    [PageCall time] => 21:33:53
    [P_TID] => INIMX_VBNKCAEcatca0720251022213012895073
    [P_MID] => CAEcatca07
    [P_AUTH_DT] => 20251022213353
    [P_STATUS] => 02
    [P_TYPE] => VBANK
    [P_OID] => 251022-027
    [P_FN_CD1] => 04
    [P_FN_CD2] => 
    [P_FN_NM] => KB국민은행
    [P_AMT] => 3000
    [P_UNAME] => 박노훈
    [P_RMESG1] => P_VACCT_NO=96569078128829|P_EXP_DT=20251101
    [P_RMESG2] => 
    [P_NOTI] => 
    [P_AUTH_NO] => 
)

 Array
(
    [PageCall time] => 22:54:32
    [P_TID] => INIMX_VBNKCAEcatca0720251022225135845136
    [P_MID] => CAEcatca07
    [P_AUTH_DT] => 20251022225432
    [P_STATUS] => 02
    [P_TYPE] => VBANK
    [P_OID] => 251022-039
    [P_FN_CD1] => 81
    [P_FN_CD2] => 
    [P_FN_NM] => 하나은행
    [P_AMT] => 3000
    [P_UNAME] => 이세영
    [P_RMESG1] => P_VACCT_NO=20893892408337|P_EXP_DT=20251101
    [P_RMESG2] => 
    [P_NOTI] => 
    [P_AUTH_NO] => 
)

 Array
(
    [PageCall time] => 23:20:30
    [P_TID] => INIMX_VBNKCAEcatca0720251022231735255089
    [P_MID] => CAEcatca07
    [P_AUTH_DT] => 20251022232030
    [P_STATUS] => 02
    [P_TYPE] => VBANK
    [P_OID] => 251022-040
    [P_FN_CD1] => 03
    [P_FN_CD2] => 
    [P_FN_NM] => 기업은행
    [P_AMT] => 3000
    [P_UNAME] => 김시우
    [P_RMESG1] => P_VACCT_NO=07503216897891|P_EXP_DT=20251101
    [P_RMESG2] => 
    [P_NOTI] => 
    [P_AUTH_NO] => 
)

