 Array
(
    [PageCall time] => 10:32:19
    [P_TID] => INIMX_VBNKCAEcatca0720250525102843125532
    [P_MID] => CAEcatca07
    [P_AUTH_DT] => 20250525103218
    [P_STATUS] => 02
    [P_TYPE] => VBANK
    [P_OID] => 250525-002
    [P_FN_CD1] => 81
    [P_FN_CD2] => 
    [P_FN_NM] => 하나은행
    [P_AMT] => 3000
    [P_UNAME] => 조상현
    [P_RMESG1] => P_VACCT_NO=20893997952637|P_EXP_DT=20250604
    [P_RMESG2] => 
    [P_NOTI] => 
    [P_AUTH_NO] => 
)

 Array
(
    [PageCall time] => 11:18:45
    [P_TID] => INIMX_VBNKCAEcatca0720250525111606655630
    [P_MID] => CAEcatca07
    [P_AUTH_DT] => 20250525111845
    [P_STATUS] => 02
    [P_TYPE] => VBANK
    [P_OID] => 250525-003
    [P_FN_CD1] => 89
    [P_FN_CD2] => 
    [P_FN_NM] => 케이뱅크
    [P_AMT] => 3000
    [P_UNAME] => 김다솜
    [P_RMESG1] => P_VACCT_NO=70112003601983|P_EXP_DT=20250604
    [P_RMESG2] => 
    [P_NOTI] => 
    [P_AUTH_NO] => 
)

 Array
(
    [PageCall time] => 12:37:04
    [P_TID] => INIMX_VBNKCAEcatca0720250525123424825775
    [P_MID] => CAEcatca07
    [P_AUTH_DT] => 20250525123704
    [P_STATUS] => 02
    [P_TYPE] => VBANK
    [P_OID] => 250525-005
    [P_FN_CD1] => 88
    [P_FN_CD2] => 
    [P_FN_NM] => 신한은행
    [P_AMT] => 3000
    [P_UNAME] => 박이준
    [P_RMESG1] => P_VACCT_NO=56211103155655|P_EXP_DT=20250604
    [P_RMESG2] => 
    [P_NOTI] => 
    [P_AUTH_NO] => 
)

 Array
(
    [PageCall time] => 13:35:33
    [P_TID] => INIMX_VBNKCAEcatca0720250525133132745116
    [P_MID] => CAEcatca07
    [P_AUTH_DT] => 20250525133533
    [P_STATUS] => 02
    [P_TYPE] => VBANK
    [P_OID] => 250525-006
    [P_FN_CD1] => 88
    [P_FN_CD2] => 
    [P_FN_NM] => 신한은행
    [P_AMT] => 3000
    [P_UNAME] => 이기공
    [P_RMESG1] => P_VACCT_NO=56211103302112|P_EXP_DT=20250604
    [P_RMESG2] => 
    [P_NOTI] => 
    [P_AUTH_NO] => 
)

 Array
(
    [PageCall time] => 15:48:37
    [P_TID] => INIMX_VBNKCAEcatca0720250525154744585016
    [P_MID] => CAEcatca07
    [P_AUTH_DT] => 20250525154837
    [P_STATUS] => 02
    [P_TYPE] => VBANK
    [P_OID] => 250525-007
    [P_FN_CD1] => 11
    [P_FN_CD2] => 
    [P_FN_NM] => NH농협은행
    [P_AMT] => 3000
    [P_UNAME] => 장혜자
    [P_RMESG1] => P_VACCT_NO=01444464862721|P_EXP_DT=20250604
    [P_RMESG2] => 
    [P_NOTI] => 
    [P_AUTH_NO] => 
)

 Array
(
    [PageCall time] => 17:17:38
    [P_TID] => INIMX_VBNKCAEcatca0720250525171425395437
    [P_MID] => CAEcatca07
    [P_AUTH_DT] => 20250525171738
    [P_STATUS] => 02
    [P_TYPE] => VBANK
    [P_OID] => 250525-008
    [P_FN_CD1] => 03
    [P_FN_CD2] => 
    [P_FN_NM] => 기업은행
    [P_AMT] => 3000
    [P_UNAME] => 황승규
    [P_RMESG1] => P_VACCT_NO=07502398397849|P_EXP_DT=20250604
    [P_RMESG2] => 
    [P_NOTI] => 
    [P_AUTH_NO] => 
)

 Array
(
    [PageCall time] => 19:08:43
    [P_TID] => INIMX_VBNKCAEcatca0720250525190355245777
    [P_MID] => CAEcatca07
    [P_AUTH_DT] => 20250525190843
    [P_STATUS] => 02
    [P_TYPE] => VBANK
    [P_OID] => 250525-009
    [P_FN_CD1] => 20
    [P_FN_CD2] => 
    [P_FN_NM] => 우리은행
    [P_AMT] => 3000
    [P_UNAME] => 정상희
    [P_RMESG1] => P_VACCT_NO=27490270318858|P_EXP_DT=20250604
    [P_RMESG2] => 
    [P_NOTI] => 
    [P_AUTH_NO] => 
)

 Array
(
    [PageCall time] => 20:22:53
    [P_TID] => INIMX_VBNKCAEcatca0720250524192843255958
    [P_MID] => CAEcatca07
    [P_AUTH_DT] => 20250525202253
    [P_STATUS] => 02
    [P_TYPE] => VBANK
    [P_OID] => 250524-002
    [P_FN_CD1] => 04
    [P_FN_CD2] => 
    [P_FN_NM] => KB국민은행
    [P_AMT] => 3000
    [P_UNAME] => 윤정선
    [P_RMESG1] => P_VACCT_NO=60539014104572|P_EXP_DT=20250603
    [P_RMESG2] => 
    [P_NOTI] => 
    [P_AUTH_NO] => 
)

 Array
(
    [PageCall time] => 20:57:18
    [P_TID] => INIMX_VBNKCAEcatca0720250525205442235561
    [P_MID] => CAEcatca07
    [P_AUTH_DT] => 20250525205718
    [P_STATUS] => 02
    [P_TYPE] => VBANK
    [P_OID] => 250525-011
    [P_FN_CD1] => 88
    [P_FN_CD2] => 
    [P_FN_NM] => 신한은행
    [P_AMT] => 3000
    [P_UNAME] => 이범석
    [P_RMESG1] => P_VACCT_NO=56211104053589|P_EXP_DT=20250604
    [P_RMESG2] => 
    [P_NOTI] => 
    [P_AUTH_NO] => 
)

 Array
(
    [PageCall time] => 21:09:02
    [P_TID] => INIMX_VBNKCAEcatca0720250525210609405840
    [P_MID] => CAEcatca07
    [P_AUTH_DT] => 20250525210902
    [P_STATUS] => 02
    [P_TYPE] => VBANK
    [P_OID] => 250525-012
    [P_FN_CD1] => 03
    [P_FN_CD2] => 
    [P_FN_NM] => 기업은행
    [P_AMT] => 3000
    [P_UNAME] => 김육남
    [P_RMESG1] => P_VACCT_NO=07502399097616|P_EXP_DT=20250604
    [P_RMESG2] => 
    [P_NOTI] => 
    [P_AUTH_NO] => 
)

 Array
(
    [PageCall time] => 23:33:10
    [P_TID] => INIMX_VBNKCAEcatca0720250525233020295309
    [P_MID] => CAEcatca07
    [P_AUTH_DT] => 20250525233310
    [P_STATUS] => 02
    [P_TYPE] => VBANK
    [P_OID] => 250525-013
    [P_FN_CD1] => 89
    [P_FN_CD2] => 
    [P_FN_NM] => 케이뱅크
    [P_AMT] => 3000
    [P_UNAME] => 구대영
    [P_RMESG1] => P_VACCT_NO=70112003605873|P_EXP_DT=20250604
    [P_RMESG2] => 
    [P_NOTI] => 
    [P_AUTH_NO] => 
)

