 Array
(
    [PageCall time] => 07:45:04
    [P_TID] => INIMX_VBNKCAEcatca0720250415074214775236
    [P_MID] => CAEcatca07
    [P_AUTH_DT] => 20250415074504
    [P_STATUS] => 02
    [P_TYPE] => VBANK
    [P_OID] => 250413-010
    [P_FN_CD1] => 03
    [P_FN_CD2] => 
    [P_FN_NM] => 기업은행
    [P_AMT] => 3000
    [P_UNAME] => 박선미
    [P_RMESG1] => P_VACCT_NO=07503249697146|P_EXP_DT=20250425
    [P_RMESG2] => 
    [P_NOTI] => 
    [P_AUTH_NO] => 
)

 Array
(
    [PageCall time] => 09:15:08
    [P_TID] => INIMX_VBNKCAEcatca0720250415091349655170
    [P_MID] => CAEcatca07
    [P_AUTH_DT] => 20250415091507
    [P_STATUS] => 02
    [P_TYPE] => VBANK
    [P_OID] => 250415-002
    [P_FN_CD1] => 04
    [P_FN_CD2] => 
    [P_FN_NM] => KB국민은행
    [P_AMT] => 3000
    [P_UNAME] => 김언진
    [P_RMESG1] => P_VACCT_NO=53049079341243|P_EXP_DT=20250425
    [P_RMESG2] => 
    [P_NOTI] => 
    [P_AUTH_NO] => 
)

 Array
(
    [PageCall time] => 09:19:05
    [P_TID] => INIMX_VBNKCAEcatca0720250415091722335326
    [P_MID] => CAEcatca07
    [P_AUTH_DT] => 20250415091905
    [P_STATUS] => 02
    [P_TYPE] => VBANK
    [P_OID] => 250415-003
    [P_FN_CD1] => 23
    [P_FN_CD2] => 
    [P_FN_NM] => SC은행
    [P_AMT] => 3000
    [P_UNAME] => 김재분
    [P_RMESG1] => P_VACCT_NO=46416006197864|P_EXP_DT=20250425
    [P_RMESG2] => 
    [P_NOTI] => 
    [P_AUTH_NO] => 
)

 Array
(
    [PageCall time] => 09:26:34
    [P_TID] => INIMX_VBNKCAEcatca0720250415085421175696
    [P_MID] => CAEcatca07
    [P_AUTH_DT] => 20250415092634
    [P_STATUS] => 02
    [P_TYPE] => VBANK
    [P_OID] => 250415-001
    [P_FN_CD1] => 11
    [P_FN_CD2] => 
    [P_FN_NM] => NH농협은행
    [P_AMT] => 3000
    [P_UNAME] => 신종복
    [P_RMESG1] => P_VACCT_NO=79015900505891|P_EXP_DT=20250425
    [P_RMESG2] => 
    [P_NOTI] => 
    [P_AUTH_NO] => 
)

 Array
(
    [PageCall time] => 10:15:55
    [P_TID] => INIMX_VBNKCAEcatca0720250415101311845391
    [P_MID] => CAEcatca07
    [P_AUTH_DT] => 20250415101555
    [P_STATUS] => 02
    [P_TYPE] => VBANK
    [P_OID] => 250415-008
    [P_FN_CD1] => 81
    [P_FN_CD2] => 
    [P_FN_NM] => 하나은행
    [P_AMT] => 3000
    [P_UNAME] => 박정호
    [P_RMESG1] => P_VACCT_NO=20893794501937|P_EXP_DT=20250425
    [P_RMESG2] => 
    [P_NOTI] => 
    [P_AUTH_NO] => 
)

 Array
(
    [PageCall time] => 10:31:27
    [P_TID] => INIMX_VBNKCAEcatca0720250415103030205704
    [P_MID] => CAEcatca07
    [P_AUTH_DT] => 20250415103127
    [P_STATUS] => 02
    [P_TYPE] => VBANK
    [P_OID] => 250415-012
    [P_FN_CD1] => 11
    [P_FN_CD2] => 
    [P_FN_NM] => NH농협은행
    [P_AMT] => 3000
    [P_UNAME] => 이지원
    [P_RMESG1] => P_VACCT_NO=79015900523363|P_EXP_DT=20250425
    [P_RMESG2] => 
    [P_NOTI] => 
    [P_AUTH_NO] => 
)

 Array
(
    [PageCall time] => 11:22:17
    [P_TID] => INIMX_VBNKCAEcatca0720250415112121275751
    [P_MID] => CAEcatca07
    [P_AUTH_DT] => 20250415112217
    [P_STATUS] => 02
    [P_TYPE] => VBANK
    [P_OID] => 250415-013
    [P_FN_CD1] => 11
    [P_FN_CD2] => 
    [P_FN_NM] => NH농협은행
    [P_AMT] => 3000
    [P_UNAME] => 신은하
    [P_RMESG1] => P_VACCT_NO=79015900534131|P_EXP_DT=20250425
    [P_RMESG2] => 
    [P_NOTI] => 
    [P_AUTH_NO] => 
)

 Array
(
    [PageCall time] => 11:28:33
    [P_TID] => INIMX_VBNKCAEcatca0720250415105903875953
    [P_MID] => CAEcatca07
    [P_AUTH_DT] => 20250415112833
    [P_STATUS] => 02
    [P_TYPE] => VBANK
    [P_OID] => 250415-006
    [P_FN_CD1] => 04
    [P_FN_CD2] => 
    [P_FN_NM] => KB국민은행
    [P_AMT] => 3000
    [P_UNAME] => 박향란
    [P_RMESG1] => P_VACCT_NO=79889078181114|P_EXP_DT=20250425
    [P_RMESG2] => 
    [P_NOTI] => 
    [P_AUTH_NO] => 
)

 Array
(
    [PageCall time] => 11:48:13
    [P_TID] => INIMX_VBNKCAEcatca0720250415114526465347
    [P_MID] => CAEcatca07
    [P_AUTH_DT] => 20250415114812
    [P_STATUS] => 02
    [P_TYPE] => VBANK
    [P_OID] => 250415-015
    [P_FN_CD1] => 88
    [P_FN_CD2] => 
    [P_FN_NM] => 신한은행
    [P_AMT] => 3000
    [P_UNAME] => 권정욱
    [P_RMESG1] => P_VACCT_NO=56211106651677|P_EXP_DT=20250425
    [P_RMESG2] => 
    [P_NOTI] => 
    [P_AUTH_NO] => 
)

 Array
(
    [PageCall time] => 12:02:05
    [P_TID] => INIMX_VBNKCAEcatca0720250415115857415432
    [P_MID] => CAEcatca07
    [P_AUTH_DT] => 20250415120205
    [P_STATUS] => 02
    [P_TYPE] => VBANK
    [P_OID] => 250415-016
    [P_FN_CD1] => 04
    [P_FN_CD2] => 
    [P_FN_NM] => KB국민은행
    [P_AMT] => 3000
    [P_UNAME] => 김경숙
    [P_RMESG1] => P_VACCT_NO=87679011061371|P_EXP_DT=20250425
    [P_RMESG2] => 
    [P_NOTI] => 
    [P_AUTH_NO] => 
)

 Array
(
    [PageCall time] => 12:07:46
    [P_TID] => INIMX_VBNKCAEcatca0720250415120544975967
    [P_MID] => CAEcatca07
    [P_AUTH_DT] => 20250415120746
    [P_STATUS] => 02
    [P_TYPE] => VBANK
    [P_OID] => 250415-017
    [P_FN_CD1] => 23
    [P_FN_CD2] => 
    [P_FN_NM] => SC은행
    [P_AMT] => 3000
    [P_UNAME] => 김희경
    [P_RMESG1] => P_VACCT_NO=46416006198647|P_EXP_DT=20250425
    [P_RMESG2] => 
    [P_NOTI] => 
    [P_AUTH_NO] => 
)

 Array
(
    [PageCall time] => 12:51:42
    [P_TID] => INIMX_VBNKCAEcatca0720250415124759845202
    [P_MID] => CAEcatca07
    [P_AUTH_DT] => 20250415125142
    [P_STATUS] => 02
    [P_TYPE] => VBANK
    [P_OID] => 250415-018
    [P_FN_CD1] => 20
    [P_FN_CD2] => 
    [P_FN_NM] => 우리은행
    [P_AMT] => 3000
    [P_UNAME] => 이소현
    [P_RMESG1] => P_VACCT_NO=27389373818189|P_EXP_DT=20250425
    [P_RMESG2] => 
    [P_NOTI] => 
    [P_AUTH_NO] => 
)

 Array
(
    [PageCall time] => 13:01:47
    [P_TID] => INIMX_VBNKCAEcatca0720250415125921945738
    [P_MID] => CAEcatca07
    [P_AUTH_DT] => 20250415130147
    [P_STATUS] => 02
    [P_TYPE] => VBANK
    [P_OID] => 250415-019
    [P_FN_CD1] => 88
    [P_FN_CD2] => 
    [P_FN_NM] => 신한은행
    [P_AMT] => 3000
    [P_UNAME] => 배정현
    [P_RMESG1] => P_VACCT_NO=56211106924620|P_EXP_DT=20250425
    [P_RMESG2] => 
    [P_NOTI] => 
    [P_AUTH_NO] => 
)

 Array
(
    [PageCall time] => 13:23:23
    [P_TID] => INIMX_VBNKCAEcatca0720250415132236455721
    [P_MID] => CAEcatca07
    [P_AUTH_DT] => 20250415132323
    [P_STATUS] => 02
    [P_TYPE] => VBANK
    [P_OID] => 250415-020
    [P_FN_CD1] => 04
    [P_FN_CD2] => 
    [P_FN_NM] => KB국민은행
    [P_AMT] => 3000
    [P_UNAME] => 정유진
    [P_RMESG1] => P_VACCT_NO=87679011325473|P_EXP_DT=20250425
    [P_RMESG2] => 
    [P_NOTI] => 
    [P_AUTH_NO] => 
)

 Array
(
    [PageCall time] => 13:39:52
    [P_TID] => INIMX_VBNKCAEcatca0720250415133916505278
    [P_MID] => CAEcatca07
    [P_AUTH_DT] => 20250415133952
    [P_STATUS] => 02
    [P_TYPE] => VBANK
    [P_OID] => 250415-021
    [P_FN_CD1] => 04
    [P_FN_CD2] => 
    [P_FN_NM] => KB국민은행
    [P_AMT] => 3000
    [P_UNAME] => 서현태
    [P_RMESG1] => P_VACCT_NO=87679011330299|P_EXP_DT=20250425
    [P_RMESG2] => 
    [P_NOTI] => 
    [P_AUTH_NO] => 
)

 Array
(
    [PageCall time] => 13:46:54
    [P_TID] => INIMX_VBNKCAEcatca0720250415134407165872
    [P_MID] => CAEcatca07
    [P_AUTH_DT] => 20250415134654
    [P_STATUS] => 02
    [P_TYPE] => VBANK
    [P_OID] => 250415-022
    [P_FN_CD1] => 31
    [P_FN_CD2] => 
    [P_FN_NM] => 아이엠뱅크(대구은행)
    [P_AMT] => 3000
    [P_UNAME] => 김은희
    [P_RMESG1] => P_VACCT_NO=9600362794295|P_EXP_DT=20250425
    [P_RMESG2] => 
    [P_NOTI] => 
    [P_AUTH_NO] => 
)

 Array
(
    [PageCall time] => 13:57:43
    [P_TID] => INIMX_VBNKCAEcatca0720250415135403415585
    [P_MID] => CAEcatca07
    [P_AUTH_DT] => 20250415135743
    [P_STATUS] => 02
    [P_TYPE] => VBANK
    [P_OID] => 250415-023
    [P_FN_CD1] => 03
    [P_FN_CD2] => 
    [P_FN_NM] => 기업은행
    [P_AMT] => 3000
    [P_UNAME] => 굿스마트재활요양원
    [P_RMESG1] => P_VACCT_NO=07503252697241|P_EXP_DT=20250425
    [P_RMESG2] => 
    [P_NOTI] => 
    [P_AUTH_NO] => 
)

 Array
(
    [PageCall time] => 13:58:58
    [P_TID] => INIMX_VBNKCAEcatca0720250415135749505496
    [P_MID] => CAEcatca07
    [P_AUTH_DT] => 20250415135858
    [P_STATUS] => 02
    [P_TYPE] => VBANK
    [P_OID] => 250415-024
    [P_FN_CD1] => 04
    [P_FN_CD2] => 
    [P_FN_NM] => KB국민은행
    [P_AMT] => 3000
    [P_UNAME] => 이수경
    [P_RMESG1] => P_VACCT_NO=87679011421771|P_EXP_DT=20250425
    [P_RMESG2] => 
    [P_NOTI] => 
    [P_AUTH_NO] => 
)

 Array
(
    [PageCall time] => 14:52:17
    [P_TID] => INIMX_VBNKCAEcatca0720250415145044665153
    [P_MID] => CAEcatca07
    [P_AUTH_DT] => 20250415145217
    [P_STATUS] => 02
    [P_TYPE] => VBANK
    [P_OID] => 250415-026
    [P_FN_CD1] => 11
    [P_FN_CD2] => 
    [P_FN_NM] => NH농협은행
    [P_AMT] => 3000
    [P_UNAME] => 허연수
    [P_RMESG1] => P_VACCT_NO=79015900569624|P_EXP_DT=20250425
    [P_RMESG2] => 
    [P_NOTI] => 
    [P_AUTH_NO] => 
)

 Array
(
    [PageCall time] => 15:23:56
    [P_TID] => INIMX_VBNKCAEcatca0720250415152104785172
    [P_MID] => CAEcatca07
    [P_AUTH_DT] => 20250415152356
    [P_STATUS] => 02
    [P_TYPE] => VBANK
    [P_OID] => 250413-006
    [P_FN_CD1] => 88
    [P_FN_CD2] => 
    [P_FN_NM] => 신한은행
    [P_AMT] => 3000
    [P_UNAME] => 김진황
    [P_RMESG1] => P_VACCT_NO=56211991058298|P_EXP_DT=20250425
    [P_RMESG2] => 
    [P_NOTI] => 
    [P_AUTH_NO] => 
)

 Array
(
    [PageCall time] => 15:33:39
    [P_TID] => INIMX_VBNKCAEcatca0720250415152950735229
    [P_MID] => CAEcatca07
    [P_AUTH_DT] => 20250415153339
    [P_STATUS] => 02
    [P_TYPE] => VBANK
    [P_OID] => 250415-028
    [P_FN_CD1] => 88
    [P_FN_CD2] => 
    [P_FN_NM] => 신한은행
    [P_AMT] => 3000
    [P_UNAME] => 양경진
    [P_RMESG1] => P_VACCT_NO=56211991075407|P_EXP_DT=20250425
    [P_RMESG2] => 
    [P_NOTI] => 
    [P_AUTH_NO] => 
)

 Array
(
    [PageCall time] => 16:51:44
    [P_TID] => INIMX_VBNKCAEcatca0720250415163128605693
    [P_MID] => CAEcatca07
    [P_AUTH_DT] => 20250415165143
    [P_STATUS] => 02
    [P_TYPE] => VBANK
    [P_OID] => 250415-029
    [P_FN_CD1] => 81
    [P_FN_CD2] => 
    [P_FN_NM] => 하나은행
    [P_AMT] => 3000
    [P_UNAME] => 유영자
    [P_RMESG1] => P_VACCT_NO=20893798797337|P_EXP_DT=20250425
    [P_RMESG2] => 
    [P_NOTI] => 
    [P_AUTH_NO] => 
)

 Array
(
    [PageCall time] => 16:59:09
    [P_TID] => INIMX_VBNKCAEcatca0720250415165626775328
    [P_MID] => CAEcatca07
    [P_AUTH_DT] => 20250415165909
    [P_STATUS] => 02
    [P_TYPE] => VBANK
    [P_OID] => 250415-030
    [P_FN_CD1] => 88
    [P_FN_CD2] => 
    [P_FN_NM] => 신한은행
    [P_AMT] => 3000
    [P_UNAME] => 기민희
    [P_RMESG1] => P_VACCT_NO=56211992319390|P_EXP_DT=20250425
    [P_RMESG2] => 
    [P_NOTI] => 
    [P_AUTH_NO] => 
)

 Array
(
    [PageCall time] => 17:22:34
    [P_TID] => INIMX_VBNKCAEcatca0720250415172127815692
    [P_MID] => CAEcatca07
    [P_AUTH_DT] => 20250415172234
    [P_STATUS] => 02
    [P_TYPE] => VBANK
    [P_OID] => 250415-031
    [P_FN_CD1] => 11
    [P_FN_CD2] => 
    [P_FN_NM] => NH농협은행
    [P_AMT] => 3000
    [P_UNAME] => 정정아
    [P_RMESG1] => P_VACCT_NO=79015900597711|P_EXP_DT=20250425
    [P_RMESG2] => 
    [P_NOTI] => 
    [P_AUTH_NO] => 
)

 Array
(
    [PageCall time] => 17:43:40
    [P_TID] => INIMX_VBNKCAEcatca0720250414193929965930
    [P_MID] => CAEcatca07
    [P_AUTH_DT] => 20250415174340
    [P_STATUS] => 02
    [P_TYPE] => VBANK
    [P_OID] => 250414-031
    [P_FN_CD1] => 81
    [P_FN_CD2] => 
    [P_FN_NM] => 하나은행
    [P_AMT] => 3000
    [P_UNAME] => 정경화
    [P_RMESG1] => P_VACCT_NO=20893778223737|P_EXP_DT=20250424
    [P_RMESG2] => 
    [P_NOTI] => 
    [P_AUTH_NO] => 
)

 Array
(
    [PageCall time] => 18:17:47
    [P_TID] => INIMX_VBNKCAEcatca0720250415181406565414
    [P_MID] => CAEcatca07
    [P_AUTH_DT] => 20250415181747
    [P_STATUS] => 02
    [P_TYPE] => VBANK
    [P_OID] => 250415-033
    [P_FN_CD1] => 03
    [P_FN_CD2] => 
    [P_FN_NM] => 기업은행
    [P_AMT] => 3000
    [P_UNAME] => 김은진
    [P_RMESG1] => P_VACCT_NO=07503256897816|P_EXP_DT=20250425
    [P_RMESG2] => 
    [P_NOTI] => 
    [P_AUTH_NO] => 
)

 Array
(
    [PageCall time] => 19:36:26
    [P_TID] => INIMX_VBNKCAEcatca0720250415193506745957
    [P_MID] => CAEcatca07
    [P_AUTH_DT] => 20250415193626
    [P_STATUS] => 02
    [P_TYPE] => VBANK
    [P_OID] => 250415-010
    [P_FN_CD1] => 11
    [P_FN_CD2] => 
    [P_FN_NM] => NH농협은행
    [P_AMT] => 3000
    [P_UNAME] => 권오익
    [P_RMESG1] => P_VACCT_NO=79015900613651|P_EXP_DT=20250425
    [P_RMESG2] => 
    [P_NOTI] => 
    [P_AUTH_NO] => 
)

 Array
(
    [PageCall time] => 19:57:27
    [P_TID] => INIMX_VBNKCAEcatca0720250415195556745680
    [P_MID] => CAEcatca07
    [P_AUTH_DT] => 20250415195727
    [P_STATUS] => 02
    [P_TYPE] => VBANK
    [P_OID] => 250415-011
    [P_FN_CD1] => 11
    [P_FN_CD2] => 
    [P_FN_NM] => NH농협은행
    [P_AMT] => 3000
    [P_UNAME] => 이경진
    [P_RMESG1] => P_VACCT_NO=79015900615040|P_EXP_DT=20250425
    [P_RMESG2] => 
    [P_NOTI] => 
    [P_AUTH_NO] => 
)

 Array
(
    [PageCall time] => 21:09:54
    [P_TID] => INIMX_VBNKCAEcatca0720250415210847405043
    [P_MID] => CAEcatca07
    [P_AUTH_DT] => 20250415210954
    [P_STATUS] => 02
    [P_TYPE] => VBANK
    [P_OID] => 250415-036
    [P_FN_CD1] => 11
    [P_FN_CD2] => 
    [P_FN_NM] => NH농협은행
    [P_AMT] => 3000
    [P_UNAME] => 김정미
    [P_RMESG1] => P_VACCT_NO=79015900624041|P_EXP_DT=20250425
    [P_RMESG2] => 
    [P_NOTI] => 
    [P_AUTH_NO] => 
)

 Array
(
    [PageCall time] => 21:40:20
    [P_TID] => INIMX_VBNKCAEcatca0720250415213658715611
    [P_MID] => CAEcatca07
    [P_AUTH_DT] => 20250415214020
    [P_STATUS] => 02
    [P_TYPE] => VBANK
    [P_OID] => 250415-037
    [P_FN_CD1] => 81
    [P_FN_CD2] => 
    [P_FN_NM] => 하나은행
    [P_AMT] => 3000
    [P_UNAME] => 이경은
    [P_RMESG1] => P_VACCT_NO=20893801450437|P_EXP_DT=20250425
    [P_RMESG2] => 
    [P_NOTI] => 
    [P_AUTH_NO] => 
)

 Array
(
    [PageCall time] => 21:46:40
    [P_TID] => INIMX_VBNKCAEcatca0720250415214532985076
    [P_MID] => CAEcatca07
    [P_AUTH_DT] => 20250415214640
    [P_STATUS] => 02
    [P_TYPE] => VBANK
    [P_OID] => 250415-038
    [P_FN_CD1] => 04
    [P_FN_CD2] => 
    [P_FN_NM] => KB국민은행
    [P_AMT] => 3000
    [P_UNAME] => 곽나경
    [P_RMESG1] => P_VACCT_NO=52499014595356|P_EXP_DT=20250425
    [P_RMESG2] => 
    [P_NOTI] => 
    [P_AUTH_NO] => 
)

