 Array
(
    [PageCall time] => 06:09:29
    [P_TID] => INIMX_VBNKCAEcatca0720250524060730305869
    [P_MID] => CAEcatca07
    [P_AUTH_DT] => 20250524060929
    [P_STATUS] => 02
    [P_TYPE] => VBANK
    [P_OID] => 250523-003
    [P_FN_CD1] => 71
    [P_FN_CD2] => 
    [P_FN_NM] => 우체국
    [P_AMT] => 3000
    [P_UNAME] => 김무호
    [P_RMESG1] => P_VACCT_NO=01398781575342|P_EXP_DT=20250603
    [P_RMESG2] => 
    [P_NOTI] => 
    [P_AUTH_NO] => 
)

 Array
(
    [PageCall time] => 11:09:56
    [P_TID] => INIMX_VBNKCAEcatca0720250519142210745042
    [P_MID] => CAEcatca07
    [P_AUTH_DT] => 20250524110956
    [P_STATUS] => 02
    [P_TYPE] => VBANK
    [P_OID] => 250519-021
    [P_FN_CD1] => 89
    [P_FN_CD2] => 
    [P_FN_NM] => 케이뱅크
    [P_AMT] => 3000
    [P_UNAME] => 박지산
    [P_RMESG1] => P_VACCT_NO=70112003558615|P_EXP_DT=20250529
    [P_RMESG2] => 
    [P_NOTI] => 
    [P_AUTH_NO] => 
)

 Array
(
    [PageCall time] => 14:03:26
    [P_TID] => INIMX_VBNKCAEcatca0720250524140224535148
    [P_MID] => CAEcatca07
    [P_AUTH_DT] => 20250524140326
    [P_STATUS] => 02
    [P_TYPE] => VBANK
    [P_OID] => 250524-001
    [P_FN_CD1] => 11
    [P_FN_CD2] => 
    [P_FN_NM] => NH농협은행
    [P_AMT] => 3000
    [P_UNAME] => 염세균
    [P_RMESG1] => P_VACCT_NO=01444464342486|P_EXP_DT=20250603
    [P_RMESG2] => 
    [P_NOTI] => 
    [P_AUTH_NO] => 
)

 Array
(
    [PageCall time] => 21:05:20
    [P_TID] => INIMX_VBNKCAEcatca0720250524210207985296
    [P_MID] => CAEcatca07
    [P_AUTH_DT] => 20250524210519
    [P_STATUS] => 02
    [P_TYPE] => VBANK
    [P_OID] => 250524-004
    [P_FN_CD1] => 81
    [P_FN_CD2] => 
    [P_FN_NM] => 하나은행
    [P_AMT] => 3000
    [P_UNAME] => 안미희
    [P_RMESG1] => P_VACCT_NO=20893996679737|P_EXP_DT=20250603
    [P_RMESG2] => 
    [P_NOTI] => 
    [P_AUTH_NO] => 
)

