 Array
(
    [PageCall time] => 09:58:57
    [P_TID] => INIMX_VBNKCAEcatca0720250719095623215426
    [P_MID] => CAEcatca07
    [P_AUTH_DT] => 20250719095857
    [P_STATUS] => 02
    [P_TYPE] => VBANK
    [P_OID] => 250719-002
    [P_FN_CD1] => 89
    [P_FN_CD2] => 
    [P_FN_NM] => 케이뱅크
    [P_AMT] => 3000
    [P_UNAME] => 서원종
    [P_RMESG1] => P_VACCT_NO=70112004000594|P_EXP_DT=20250729
    [P_RMESG2] => 
    [P_NOTI] => 
    [P_AUTH_NO] => 
)

 Array
(
    [PageCall time] => 10:19:14
    [P_TID] => INIMX_VBNKCAEcatca0720250719101838825328
    [P_MID] => CAEcatca07
    [P_AUTH_DT] => 20250719101914
    [P_STATUS] => 02
    [P_TYPE] => VBANK
    [P_OID] => 250719-003
    [P_FN_CD1] => 04
    [P_FN_CD2] => 
    [P_FN_NM] => KB국민은행
    [P_AMT] => 3000
    [P_UNAME] => 정유리
    [P_RMESG1] => P_VACCT_NO=53209079394609|P_EXP_DT=20250729
    [P_RMESG2] => 
    [P_NOTI] => 
    [P_AUTH_NO] => 
)

 Array
(
    [PageCall time] => 10:48:55
    [P_TID] => INIMX_VBNKCAEcatca0720250719104410185324
    [P_MID] => CAEcatca07
    [P_AUTH_DT] => 20250719104855
    [P_STATUS] => 02
    [P_TYPE] => VBANK
    [P_OID] => 250719-004
    [P_FN_CD1] => 20
    [P_FN_CD2] => 
    [P_FN_NM] => 우리은행
    [P_AMT] => 3000
    [P_UNAME] => 신원철
    [P_RMESG1] => P_VACCT_NO=27204427818543|P_EXP_DT=20250729
    [P_RMESG2] => 
    [P_NOTI] => 
    [P_AUTH_NO] => 
)

 Array
(
    [PageCall time] => 14:04:57
    [P_TID] => INIMX_VBNKCAEcatca0720250719140041845399
    [P_MID] => CAEcatca07
    [P_AUTH_DT] => 20250719140457
    [P_STATUS] => 02
    [P_TYPE] => VBANK
    [P_OID] => 250719-006
    [P_FN_CD1] => 81
    [P_FN_CD2] => 
    [P_FN_NM] => 하나은행
    [P_AMT] => 3000
    [P_UNAME] => 박경희
    [P_RMESG1] => P_VACCT_NO=20893864134937|P_EXP_DT=20250729
    [P_RMESG2] => 
    [P_NOTI] => 
    [P_AUTH_NO] => 
)

 Array
(
    [PageCall time] => 14:34:35
    [P_TID] => INIMX_VBNKCAEcatca0720250719143327655761
    [P_MID] => CAEcatca07
    [P_AUTH_DT] => 20250719143435
    [P_STATUS] => 02
    [P_TYPE] => VBANK
    [P_OID] => 250719-007
    [P_FN_CD1] => 04
    [P_FN_CD2] => 
    [P_FN_NM] => KB국민은행
    [P_AMT] => 3000
    [P_UNAME] => 정재호
    [P_RMESG1] => P_VACCT_NO=88069011399431|P_EXP_DT=20250729
    [P_RMESG2] => 
    [P_NOTI] => 
    [P_AUTH_NO] => 
)

 Array
(
    [PageCall time] => 16:46:42
    [P_TID] => INIMX_VBNKCAEcatca0720250719164352975686
    [P_MID] => CAEcatca07
    [P_AUTH_DT] => 20250719164642
    [P_STATUS] => 02
    [P_TYPE] => VBANK
    [P_OID] => 250719-009
    [P_FN_CD1] => 03
    [P_FN_CD2] => 
    [P_FN_NM] => 기업은행
    [P_AMT] => 3000
    [P_UNAME] => 김홍재
    [P_RMESG1] => P_VACCT_NO=07502357597961|P_EXP_DT=20250729
    [P_RMESG2] => 
    [P_NOTI] => 
    [P_AUTH_NO] => 
)

 Array
(
    [PageCall time] => 19:14:38
    [P_TID] => INIMX_VBNKCAEcatca0720250719191140735940
    [P_MID] => CAEcatca07
    [P_AUTH_DT] => 20250719191438
    [P_STATUS] => 02
    [P_TYPE] => VBANK
    [P_OID] => 250719-010
    [P_FN_CD1] => 81
    [P_FN_CD2] => 
    [P_FN_NM] => 하나은행
    [P_AMT] => 3000
    [P_UNAME] => 공도윤
    [P_RMESG1] => P_VACCT_NO=20893864792937|P_EXP_DT=20250729
    [P_RMESG2] => 
    [P_NOTI] => 
    [P_AUTH_NO] => 
)

 Array
(
    [PageCall time] => 22:07:34
    [P_TID] => INIMX_VBNKCAEcatca0720250719220456685150
    [P_MID] => CAEcatca07
    [P_AUTH_DT] => 20250719220734
    [P_STATUS] => 02
    [P_TYPE] => VBANK
    [P_OID] => 250719-012
    [P_FN_CD1] => 20
    [P_FN_CD2] => 
    [P_FN_NM] => 우리은행
    [P_AMT] => 3000
    [P_UNAME] => 강하영
    [P_RMESG1] => P_VACCT_NO=27204525618480|P_EXP_DT=20250729
    [P_RMESG2] => 
    [P_NOTI] => 
    [P_AUTH_NO] => 
)

