 Array
(
    [PageCall time] => 07:13:31
    [P_TID] => INIMX_VBNKCAEcatca0720250912070936695322
    [P_MID] => CAEcatca07
    [P_AUTH_DT] => 20250912071331
    [P_STATUS] => 02
    [P_TYPE] => VBANK
    [P_OID] => 250912-001
    [P_FN_CD1] => 07
    [P_FN_CD2] => 
    [P_FN_NM] => 수협은행
    [P_AMT] => 3000
    [P_UNAME] => 박혜숙
    [P_RMESG1] => P_VACCT_NO=06640082537544|P_EXP_DT=20250922
    [P_RMESG2] => 
    [P_NOTI] => 
    [P_AUTH_NO] => 
)

 Array
(
    [PageCall time] => 08:47:24
    [P_TID] => INIMX_VBNKCAEcatca0720250912084148605891
    [P_MID] => CAEcatca07
    [P_AUTH_DT] => 20250912084724
    [P_STATUS] => 02
    [P_TYPE] => VBANK
    [P_OID] => 250911-020
    [P_FN_CD1] => 04
    [P_FN_CD2] => 
    [P_FN_NM] => KB국민은행
    [P_AMT] => 3000
    [P_UNAME] => 김연화
    [P_RMESG1] => P_VACCT_NO=99449014590435|P_EXP_DT=20250922
    [P_RMESG2] => 
    [P_NOTI] => 
    [P_AUTH_NO] => 
)

 Array
(
    [PageCall time] => 10:09:38
    [P_TID] => INIMX_VBNKCAEcatca0720250912100637635758
    [P_MID] => CAEcatca07
    [P_AUTH_DT] => 20250912100938
    [P_STATUS] => 02
    [P_TYPE] => VBANK
    [P_OID] => 250912-002
    [P_FN_CD1] => 89
    [P_FN_CD2] => 
    [P_FN_NM] => 케이뱅크
    [P_AMT] => 3000
    [P_UNAME] => 우영빈
    [P_RMESG1] => P_VACCT_NO=70112003419329|P_EXP_DT=20250922
    [P_RMESG2] => 
    [P_NOTI] => 
    [P_AUTH_NO] => 
)

 Array
(
    [PageCall time] => 10:49:28
    [P_TID] => INIMX_VBNKCAEcatca0720250912104709935148
    [P_MID] => CAEcatca07
    [P_AUTH_DT] => 20250912104928
    [P_STATUS] => 02
    [P_TYPE] => VBANK
    [P_OID] => 250912-004
    [P_FN_CD1] => 11
    [P_FN_CD2] => 
    [P_FN_NM] => NH농협은행
    [P_AMT] => 3000
    [P_UNAME] => 오승택
    [P_RMESG1] => P_VACCT_NO=79014505594899|P_EXP_DT=20250922
    [P_RMESG2] => 
    [P_NOTI] => 
    [P_AUTH_NO] => 
)

 Array
(
    [PageCall time] => 10:55:01
    [P_TID] => INIMX_VBNKCAEcatca0720250912105206915009
    [P_MID] => CAEcatca07
    [P_AUTH_DT] => 20250912105501
    [P_STATUS] => 02
    [P_TYPE] => VBANK
    [P_OID] => 250912-006
    [P_FN_CD1] => 88
    [P_FN_CD2] => 
    [P_FN_NM] => 신한은행
    [P_AMT] => 3000
    [P_UNAME] => 한아름
    [P_RMESG1] => P_VACCT_NO=56211992753500|P_EXP_DT=20250922
    [P_RMESG2] => 
    [P_NOTI] => 
    [P_AUTH_NO] => 
)

 Array
(
    [PageCall time] => 11:10:16
    [P_TID] => INIMX_VBNKCAEcatca0720250912110730945988
    [P_MID] => CAEcatca07
    [P_AUTH_DT] => 20250912111016
    [P_STATUS] => 02
    [P_TYPE] => VBANK
    [P_OID] => 250909-038
    [P_FN_CD1] => 88
    [P_FN_CD2] => 
    [P_FN_NM] => 신한은행
    [P_AMT] => 3000
    [P_UNAME] => 주시언
    [P_RMESG1] => P_VACCT_NO=56211992901135|P_EXP_DT=20250922
    [P_RMESG2] => 
    [P_NOTI] => 
    [P_AUTH_NO] => 
)

 Array
(
    [PageCall time] => 11:44:55
    [P_TID] => INIMX_VBNKCAEcatca0720250912114214825072
    [P_MID] => CAEcatca07
    [P_AUTH_DT] => 20250912114455
    [P_STATUS] => 02
    [P_TYPE] => VBANK
    [P_OID] => 250912-009
    [P_FN_CD1] => 37
    [P_FN_CD2] => 
    [P_FN_NM] => 전북은행
    [P_AMT] => 3000
    [P_UNAME] => 권하나
    [P_RMESG1] => P_VACCT_NO=9101210031919|P_EXP_DT=20250922
    [P_RMESG2] => 
    [P_NOTI] => 
    [P_AUTH_NO] => 
)

 Array
(
    [PageCall time] => 12:15:58
    [P_TID] => INIMX_VBNKCAEcatca0720250912121306195936
    [P_MID] => CAEcatca07
    [P_AUTH_DT] => 20250912121558
    [P_STATUS] => 02
    [P_TYPE] => VBANK
    [P_OID] => 250912-011
    [P_FN_CD1] => 11
    [P_FN_CD2] => 
    [P_FN_NM] => NH농협은행
    [P_AMT] => 3000
    [P_UNAME] => 김영자
    [P_RMESG1] => P_VACCT_NO=79014505605151|P_EXP_DT=20250922
    [P_RMESG2] => 
    [P_NOTI] => 
    [P_AUTH_NO] => 
)

 Array
(
    [PageCall time] => 13:00:51
    [P_TID] => INIMX_VBNKCAEcatca0720250912125819275900
    [P_MID] => CAEcatca07
    [P_AUTH_DT] => 20250912130051
    [P_STATUS] => 02
    [P_TYPE] => VBANK
    [P_OID] => 250912-012
    [P_FN_CD1] => 20
    [P_FN_CD2] => 
    [P_FN_NM] => 우리은행
    [P_AMT] => 3000
    [P_UNAME] => 이원열
    [P_RMESG1] => P_VACCT_NO=27489688518504|P_EXP_DT=20250922
    [P_RMESG2] => 
    [P_NOTI] => 
    [P_AUTH_NO] => 
)

 Array
(
    [PageCall time] => 13:18:47
    [P_TID] => INIMX_VBNKCAEcatca0720250912131724505331
    [P_MID] => CAEcatca07
    [P_AUTH_DT] => 20250912131847
    [P_STATUS] => 02
    [P_TYPE] => VBANK
    [P_OID] => 250912-013
    [P_FN_CD1] => 11
    [P_FN_CD2] => 
    [P_FN_NM] => NH농협은행
    [P_AMT] => 3000
    [P_UNAME] => 장경진
    [P_RMESG1] => P_VACCT_NO=79014505610821|P_EXP_DT=20250922
    [P_RMESG2] => 
    [P_NOTI] => 
    [P_AUTH_NO] => 
)

 Array
(
    [PageCall time] => 13:54:28
    [P_TID] => INIMX_VBNKCAEcatca0720250912135401005487
    [P_MID] => CAEcatca07
    [P_AUTH_DT] => 20250912135428
    [P_STATUS] => 02
    [P_TYPE] => VBANK
    [P_OID] => 250912-019
    [P_FN_CD1] => 11
    [P_FN_CD2] => 
    [P_FN_NM] => NH농협은행
    [P_AMT] => 3000
    [P_UNAME] => 이은솔
    [P_RMESG1] => P_VACCT_NO=79014505615878|P_EXP_DT=20250922
    [P_RMESG2] => 
    [P_NOTI] => 
    [P_AUTH_NO] => 
)

 Array
(
    [PageCall time] => 13:57:37
    [P_TID] => INIMX_VBNKCAEcatca0720250912135457595221
    [P_MID] => CAEcatca07
    [P_AUTH_DT] => 20250912135737
    [P_STATUS] => 02
    [P_TYPE] => VBANK
    [P_OID] => 250912-020
    [P_FN_CD1] => 20
    [P_FN_CD2] => 
    [P_FN_NM] => 우리은행
    [P_AMT] => 3000
    [P_UNAME] => 유은채
    [P_RMESG1] => P_VACCT_NO=27489691718625|P_EXP_DT=20250922
    [P_RMESG2] => 
    [P_NOTI] => 
    [P_AUTH_NO] => 
)

 Array
(
    [PageCall time] => 14:33:01
    [P_TID] => INIMX_VBNKCAEcatca0720250912143224635475
    [P_MID] => CAEcatca07
    [P_AUTH_DT] => 20250912143301
    [P_STATUS] => 02
    [P_TYPE] => VBANK
    [P_OID] => 250912-021
    [P_FN_CD1] => 11
    [P_FN_CD2] => 
    [P_FN_NM] => NH농협은행
    [P_AMT] => 3000
    [P_UNAME] => 송나라
    [P_RMESG1] => P_VACCT_NO=79014505621106|P_EXP_DT=20250922
    [P_RMESG2] => 
    [P_NOTI] => 
    [P_AUTH_NO] => 
)

 Array
(
    [PageCall time] => 15:07:01
    [P_TID] => INIMX_VBNKCAEcatca0720250912150415565114
    [P_MID] => CAEcatca07
    [P_AUTH_DT] => 20250912150701
    [P_STATUS] => 02
    [P_TYPE] => VBANK
    [P_OID] => 250912-005
    [P_FN_CD1] => 20
    [P_FN_CD2] => 
    [P_FN_NM] => 우리은행
    [P_AMT] => 3000
    [P_UNAME] => 임민경
    [P_RMESG1] => P_VACCT_NO=27489695818814|P_EXP_DT=20250922
    [P_RMESG2] => 
    [P_NOTI] => 
    [P_AUTH_NO] => 
)

 Array
(
    [PageCall time] => 15:11:32
    [P_TID] => INIMX_VBNKCAEcatca0720250912150903745389
    [P_MID] => CAEcatca07
    [P_AUTH_DT] => 20250912151132
    [P_STATUS] => 02
    [P_TYPE] => VBANK
    [P_OID] => 250912-023
    [P_FN_CD1] => 04
    [P_FN_CD2] => 
    [P_FN_NM] => KB국민은행
    [P_AMT] => 3000
    [P_UNAME] => 손동빈
    [P_RMESG1] => P_VACCT_NO=80429078934343|P_EXP_DT=20250922
    [P_RMESG2] => 
    [P_NOTI] => 
    [P_AUTH_NO] => 
)

 Array
(
    [PageCall time] => 18:46:45
    [P_TID] => INIMX_VBNKCAEcatca0720250912184324325762
    [P_MID] => CAEcatca07
    [P_AUTH_DT] => 20250912184645
    [P_STATUS] => 02
    [P_TYPE] => VBANK
    [P_OID] => 250912-026
    [P_FN_CD1] => 20
    [P_FN_CD2] => 
    [P_FN_NM] => 우리은행
    [P_AMT] => 3000
    [P_UNAME] => 이영재
    [P_RMESG1] => P_VACCT_NO=27489709518723|P_EXP_DT=20250922
    [P_RMESG2] => 
    [P_NOTI] => 
    [P_AUTH_NO] => 
)

 Array
(
    [PageCall time] => 18:50:55
    [P_TID] => INIMX_VBNKCAEcatca0720250912184716135302
    [P_MID] => CAEcatca07
    [P_AUTH_DT] => 20250912185055
    [P_STATUS] => 02
    [P_TYPE] => VBANK
    [P_OID] => 250910-017
    [P_FN_CD1] => 81
    [P_FN_CD2] => 
    [P_FN_NM] => 하나은행
    [P_AMT] => 3000
    [P_UNAME] => 송경선
    [P_RMESG1] => P_VACCT_NO=20894137379137|P_EXP_DT=20250922
    [P_RMESG2] => 
    [P_NOTI] => 
    [P_AUTH_NO] => 
)

 Array
(
    [PageCall time] => 19:09:35
    [P_TID] => INIMX_VBNKCAEcatca0720250912190625625764
    [P_MID] => CAEcatca07
    [P_AUTH_DT] => 20250912190935
    [P_STATUS] => 02
    [P_TYPE] => VBANK
    [P_OID] => 250912-027
    [P_FN_CD1] => 81
    [P_FN_CD2] => 
    [P_FN_NM] => 하나은행
    [P_AMT] => 3000
    [P_UNAME] => 김경원
    [P_RMESG1] => P_VACCT_NO=20894137484537|P_EXP_DT=20250922
    [P_RMESG2] => 
    [P_NOTI] => 
    [P_AUTH_NO] => 
)

 Array
(
    [PageCall time] => 21:28:53
    [P_TID] => INIMX_VBNKCAEcatca0720250912212607845997
    [P_MID] => CAEcatca07
    [P_AUTH_DT] => 20250912212853
    [P_STATUS] => 02
    [P_TYPE] => VBANK
    [P_OID] => 250912-029
    [P_FN_CD1] => 88
    [P_FN_CD2] => 
    [P_FN_NM] => 신한은행
    [P_AMT] => 3000
    [P_UNAME] => 김윤하
    [P_RMESG1] => P_VACCT_NO=56213170920544|P_EXP_DT=20250922
    [P_RMESG2] => 
    [P_NOTI] => 
    [P_AUTH_NO] => 
)

 Array
(
    [PageCall time] => 21:34:20
    [P_TID] => INIMX_VBNKCAEcatca0720250910170910475583
    [P_MID] => CAEcatca07
    [P_AUTH_DT] => 20250912213420
    [P_STATUS] => 02
    [P_TYPE] => VBANK
    [P_OID] => 250910-038
    [P_FN_CD1] => 20
    [P_FN_CD2] => 
    [P_FN_NM] => 우리은행
    [P_AMT] => 3000
    [P_UNAME] => 김복기
    [P_RMESG1] => P_VACCT_NO=27489581318428|P_EXP_DT=20250920
    [P_RMESG2] => 
    [P_NOTI] => 
    [P_AUTH_NO] => 
)

 Array
(
    [PageCall time] => 21:43:45
    [P_TID] => INIMX_VBNKCAEcatca0720250912214054845271
    [P_MID] => CAEcatca07
    [P_AUTH_DT] => 20250912214345
    [P_STATUS] => 02
    [P_TYPE] => VBANK
    [P_OID] => 250912-030
    [P_FN_CD1] => 20
    [P_FN_CD2] => 
    [P_FN_NM] => 우리은행
    [P_AMT] => 3000
    [P_UNAME] => 김인기
    [P_RMESG1] => P_VACCT_NO=27489717618469|P_EXP_DT=20250922
    [P_RMESG2] => 
    [P_NOTI] => 
    [P_AUTH_NO] => 
)

 Array
(
    [PageCall time] => 22:26:17
    [P_TID] => INIMX_VBNKCAEcatca0720250912222042665327
    [P_MID] => CAEcatca07
    [P_AUTH_DT] => 20250912222616
    [P_STATUS] => 02
    [P_TYPE] => VBANK
    [P_OID] => 250912-031
    [P_FN_CD1] => 31
    [P_FN_CD2] => 
    [P_FN_NM] => 아이엠뱅크(대구은행)
    [P_AMT] => 3000
    [P_UNAME] => 구철교
    [P_RMESG1] => P_VACCT_NO=9600362134925|P_EXP_DT=20250922
    [P_RMESG2] => 
    [P_NOTI] => 
    [P_AUTH_NO] => 
)

 Array
(
    [PageCall time] => 22:49:06
    [P_TID] => INIMX_VBNKCAEcatca0720250912224558315540
    [P_MID] => CAEcatca07
    [P_AUTH_DT] => 20250912224906
    [P_STATUS] => 02
    [P_TYPE] => VBANK
    [P_OID] => 250912-032
    [P_FN_CD1] => 89
    [P_FN_CD2] => 
    [P_FN_NM] => 케이뱅크
    [P_AMT] => 3000
    [P_UNAME] => 윤주미
    [P_RMESG1] => P_VACCT_NO=70112003425615|P_EXP_DT=20250922
    [P_RMESG2] => 
    [P_NOTI] => 
    [P_AUTH_NO] => 
)

