 Array
(
    [PageCall time] => 11:35:10
    [P_TID] => INIMX_VBNKCAEcatca0720251002113158755508
    [P_MID] => CAEcatca07
    [P_AUTH_DT] => 20251002113510
    [P_STATUS] => 02
    [P_TYPE] => VBANK
    [P_OID] => 251002-005
    [P_FN_CD1] => 04
    [P_FN_CD2] => 
    [P_FN_NM] => KB국민은행
    [P_AMT] => 3000
    [P_UNAME] => 주강진
    [P_RMESG1] => P_VACCT_NO=96309078450287|P_EXP_DT=20251012
    [P_RMESG2] => 
    [P_NOTI] => 
    [P_AUTH_NO] => 
)

 Array
(
    [PageCall time] => 14:19:12
    [P_TID] => INIMX_VBNKCAEcatca0720251002141533155695
    [P_MID] => CAEcatca07
    [P_AUTH_DT] => 20251002141912
    [P_STATUS] => 02
    [P_TYPE] => VBANK
    [P_OID] => 251002-011
    [P_FN_CD1] => 20
    [P_FN_CD2] => 
    [P_FN_NM] => 우리은행
    [P_AMT] => 3000
    [P_UNAME] => 김지은
    [P_RMESG1] => P_VACCT_NO=27490625118585|P_EXP_DT=20251012
    [P_RMESG2] => 
    [P_NOTI] => 
    [P_AUTH_NO] => 
)

 Array
(
    [PageCall time] => 15:59:09
    [P_TID] => INIMX_VBNKCAEcatca0720251002155642895222
    [P_MID] => CAEcatca07
    [P_AUTH_DT] => 20251002155909
    [P_STATUS] => 02
    [P_TYPE] => VBANK
    [P_OID] => 251002-014
    [P_FN_CD1] => 04
    [P_FN_CD2] => 
    [P_FN_NM] => KB국민은행
    [P_AMT] => 3000
    [P_UNAME] => 김효영
    [P_RMESG1] => P_VACCT_NO=96309078475163|P_EXP_DT=20251012
    [P_RMESG2] => 
    [P_NOTI] => 
    [P_AUTH_NO] => 
)

 Array
(
    [PageCall time] => 19:13:52
    [P_TID] => INIMX_VBNKCAEcatca0720251002191111265321
    [P_MID] => CAEcatca07
    [P_AUTH_DT] => 20251002191352
    [P_STATUS] => 02
    [P_TYPE] => VBANK
    [P_OID] => 251002-016
    [P_FN_CD1] => 04
    [P_FN_CD2] => 
    [P_FN_NM] => KB국민은행
    [P_AMT] => 3000
    [P_UNAME] => 최현태
    [P_RMESG1] => P_VACCT_NO=96309078499831|P_EXP_DT=20251012
    [P_RMESG2] => 
    [P_NOTI] => 
    [P_AUTH_NO] => 
)

