 Array
(
    [PageCall time] => 05:22:58
    [P_TID] => INIMX_VBNKCAEcatca0720250502052212145696
    [P_MID] => CAEcatca07
    [P_AUTH_DT] => 20250502052258
    [P_STATUS] => 02
    [P_TYPE] => VBANK
    [P_OID] => 250502-001
    [P_FN_CD1] => 11
    [P_FN_CD2] => 
    [P_FN_NM] => NH농협은행
    [P_AMT] => 3000
    [P_UNAME] => 홍수정
    [P_RMESG1] => P_VACCT_NO=79015902395583|P_EXP_DT=20250512
    [P_RMESG2] => 
    [P_NOTI] => 
    [P_AUTH_NO] => 
)

 Array
(
    [PageCall time] => 10:39:41
    [P_TID] => INIMX_VBNKCAEcatca0720250502103722685512
    [P_MID] => CAEcatca07
    [P_AUTH_DT] => 20250502103941
    [P_STATUS] => 02
    [P_TYPE] => VBANK
    [P_OID] => 250502-006
    [P_FN_CD1] => 20
    [P_FN_CD2] => 
    [P_FN_NM] => 우리은행
    [P_AMT] => 3000
    [P_UNAME] => 이수빈
    [P_RMESG1] => P_VACCT_NO=27489066118801|P_EXP_DT=20250512
    [P_RMESG2] => 
    [P_NOTI] => 
    [P_AUTH_NO] => 
)

 Array
(
    [PageCall time] => 11:35:25
    [P_TID] => INIMX_VBNKCAEcatca0720250502113318115509
    [P_MID] => CAEcatca07
    [P_AUTH_DT] => 20250502113525
    [P_STATUS] => 02
    [P_TYPE] => VBANK
    [P_OID] => 250502-007
    [P_FN_CD1] => 04
    [P_FN_CD2] => 
    [P_FN_NM] => KB국민은행
    [P_AMT] => 3000
    [P_UNAME] => 강윤식
    [P_RMESG1] => P_VACCT_NO=29419079395519|P_EXP_DT=20250512
    [P_RMESG2] => 
    [P_NOTI] => 
    [P_AUTH_NO] => 
)

 Array
(
    [PageCall time] => 11:39:17
    [P_TID] => INIMX_VBNKCAEcatca0720250502113749235833
    [P_MID] => CAEcatca07
    [P_AUTH_DT] => 20250502113917
    [P_STATUS] => 02
    [P_TYPE] => VBANK
    [P_OID] => 250502-010
    [P_FN_CD1] => 04
    [P_FN_CD2] => 
    [P_FN_NM] => KB국민은행
    [P_AMT] => 3000
    [P_UNAME] => 이경애
    [P_RMESG1] => P_VACCT_NO=39319011018890|P_EXP_DT=20250512
    [P_RMESG2] => 
    [P_NOTI] => 
    [P_AUTH_NO] => 
)

 Array
(
    [PageCall time] => 11:50:32
    [P_TID] => INIMX_VBNKCAEcatca0720250502114840935237
    [P_MID] => CAEcatca07
    [P_AUTH_DT] => 20250502115032
    [P_STATUS] => 02
    [P_TYPE] => VBANK
    [P_OID] => 250502-011
    [P_FN_CD1] => 32
    [P_FN_CD2] => 
    [P_FN_NM] => 부산은행
    [P_AMT] => 3000
    [P_UNAME] => 박진구
    [P_RMESG1] => P_VACCT_NO=109924539350|P_EXP_DT=20250512
    [P_RMESG2] => 
    [P_NOTI] => 
    [P_AUTH_NO] => 
)

 Array
(
    [PageCall time] => 11:56:11
    [P_TID] => INIMX_VBNKCAEcatca0720250502115250895592
    [P_MID] => CAEcatca07
    [P_AUTH_DT] => 20250502115611
    [P_STATUS] => 02
    [P_TYPE] => VBANK
    [P_OID] => 250502-012
    [P_FN_CD1] => 31
    [P_FN_CD2] => 
    [P_FN_NM] => 아이엠뱅크(대구은행)
    [P_AMT] => 3000
    [P_UNAME] => 전유현
    [P_RMESG1] => P_VACCT_NO=9600362865672|P_EXP_DT=20250512
    [P_RMESG2] => 
    [P_NOTI] => 
    [P_AUTH_NO] => 
)

 Array
(
    [PageCall time] => 13:04:26
    [P_TID] => INIMX_VBNKCAEcatca0720250502130121765613
    [P_MID] => CAEcatca07
    [P_AUTH_DT] => 20250502130426
    [P_STATUS] => 02
    [P_TYPE] => VBANK
    [P_OID] => 250502-014
    [P_FN_CD1] => 20
    [P_FN_CD2] => 
    [P_FN_NM] => 우리은행
    [P_AMT] => 3000
    [P_UNAME] => 허가영
    [P_RMESG1] => P_VACCT_NO=27489076718007|P_EXP_DT=20250512
    [P_RMESG2] => 
    [P_NOTI] => 
    [P_AUTH_NO] => 
)

 Array
(
    [PageCall time] => 13:21:55
    [P_TID] => INIMX_VBNKCAEcatca0720250502131835805412
    [P_MID] => CAEcatca07
    [P_AUTH_DT] => 20250502132155
    [P_STATUS] => 02
    [P_TYPE] => VBANK
    [P_OID] => 250502-015
    [P_FN_CD1] => 88
    [P_FN_CD2] => 
    [P_FN_NM] => 신한은행
    [P_AMT] => 3000
    [P_UNAME] => 손상현
    [P_RMESG1] => P_VACCT_NO=56211102299678|P_EXP_DT=20250512
    [P_RMESG2] => 
    [P_NOTI] => 
    [P_AUTH_NO] => 
)

 Array
(
    [PageCall time] => 13:44:52
    [P_TID] => INIMX_VBNKCAEcatca0720250502134345335122
    [P_MID] => CAEcatca07
    [P_AUTH_DT] => 20250502134452
    [P_STATUS] => 02
    [P_TYPE] => VBANK
    [P_OID] => 250502-017
    [P_FN_CD1] => 04
    [P_FN_CD2] => 
    [P_FN_NM] => KB국민은행
    [P_AMT] => 3000
    [P_UNAME] => 이은정
    [P_RMESG1] => P_VACCT_NO=39609011209495|P_EXP_DT=20250512
    [P_RMESG2] => 
    [P_NOTI] => 
    [P_AUTH_NO] => 
)

 Array
(
    [PageCall time] => 14:40:48
    [P_TID] => INIMX_VBNKCAEcatca0720250502143742335640
    [P_MID] => CAEcatca07
    [P_AUTH_DT] => 20250502144048
    [P_STATUS] => 02
    [P_TYPE] => VBANK
    [P_OID] => 250502-021
    [P_FN_CD1] => 88
    [P_FN_CD2] => 
    [P_FN_NM] => 신한은행
    [P_AMT] => 3000
    [P_UNAME] => 유혜린
    [P_RMESG1] => P_VACCT_NO=56211102319147|P_EXP_DT=20250512
    [P_RMESG2] => 
    [P_NOTI] => 
    [P_AUTH_NO] => 
)

 Array
(
    [PageCall time] => 15:34:06
    [P_TID] => INIMX_VBNKCAEcatca0720250502153324525695
    [P_MID] => CAEcatca07
    [P_AUTH_DT] => 20250502153406
    [P_STATUS] => 02
    [P_TYPE] => VBANK
    [P_OID] => 250502-022
    [P_FN_CD1] => 32
    [P_FN_CD2] => 
    [P_FN_NM] => 부산은행
    [P_AMT] => 3000
    [P_UNAME] => 김범석
    [P_RMESG1] => P_VACCT_NO=109924541492|P_EXP_DT=20250512
    [P_RMESG2] => 
    [P_NOTI] => 
    [P_AUTH_NO] => 
)

 Array
(
    [PageCall time] => 15:38:27
    [P_TID] => INIMX_VBNKCAEcatca0720250502153451565690
    [P_MID] => CAEcatca07
    [P_AUTH_DT] => 20250502153827
    [P_STATUS] => 02
    [P_TYPE] => VBANK
    [P_OID] => 250502-023
    [P_FN_CD1] => 20
    [P_FN_CD2] => 
    [P_FN_NM] => 우리은행
    [P_AMT] => 3000
    [P_UNAME] => 최정경
    [P_RMESG1] => P_VACCT_NO=27489090418569|P_EXP_DT=20250512
    [P_RMESG2] => 
    [P_NOTI] => 
    [P_AUTH_NO] => 
)

 Array
(
    [PageCall time] => 16:16:32
    [P_TID] => INIMX_VBNKCAEcatca0720250502161537735688
    [P_MID] => CAEcatca07
    [P_AUTH_DT] => 20250502161632
    [P_STATUS] => 02
    [P_TYPE] => VBANK
    [P_OID] => 250502-013
    [P_FN_CD1] => 11
    [P_FN_CD2] => 
    [P_FN_NM] => NH농협은행
    [P_AMT] => 3000
    [P_UNAME] => 이장규
    [P_RMESG1] => P_VACCT_NO=79015902490178|P_EXP_DT=20250512
    [P_RMESG2] => 
    [P_NOTI] => 
    [P_AUTH_NO] => 
)

 Array
(
    [PageCall time] => 16:35:12
    [P_TID] => INIMX_VBNKCAEcatca0720250502163229005803
    [P_MID] => CAEcatca07
    [P_AUTH_DT] => 20250502163512
    [P_STATUS] => 02
    [P_TYPE] => VBANK
    [P_OID] => 250502-025
    [P_FN_CD1] => 89
    [P_FN_CD2] => 
    [P_FN_NM] => 케이뱅크
    [P_AMT] => 3000
    [P_UNAME] => 목유진
    [P_RMESG1] => P_VACCT_NO=70112003438853|P_EXP_DT=20250512
    [P_RMESG2] => 
    [P_NOTI] => 
    [P_AUTH_NO] => 
)

 Array
(
    [PageCall time] => 16:40:36
    [P_TID] => INIMX_VBNKCAEcatca0720250502163751875873
    [P_MID] => CAEcatca07
    [P_AUTH_DT] => 20250502164036
    [P_STATUS] => 02
    [P_TYPE] => VBANK
    [P_OID] => 250502-026
    [P_FN_CD1] => 03
    [P_FN_CD2] => 
    [P_FN_NM] => 기업은행
    [P_AMT] => 3000
    [P_UNAME] => 이혜선
    [P_RMESG1] => P_VACCT_NO=07502260097698|P_EXP_DT=20250512
    [P_RMESG2] => 
    [P_NOTI] => 
    [P_AUTH_NO] => 
)

 Array
(
    [PageCall time] => 16:54:13
    [P_TID] => INIMX_VBNKCAEcatca0720250502165103375398
    [P_MID] => CAEcatca07
    [P_AUTH_DT] => 20250502165413
    [P_STATUS] => 02
    [P_TYPE] => VBANK
    [P_OID] => 250502-027
    [P_FN_CD1] => 11
    [P_FN_CD2] => 
    [P_FN_NM] => NH농협은행
    [P_AMT] => 3000
    [P_UNAME] => 강대진
    [P_RMESG1] => P_VACCT_NO=79015902495607|P_EXP_DT=20250512
    [P_RMESG2] => 
    [P_NOTI] => 
    [P_AUTH_NO] => 
)

 Array
(
    [PageCall time] => 17:05:19
    [P_TID] => INIMX_VBNKCAEcatca0720250502170112485469
    [P_MID] => CAEcatca07
    [P_AUTH_DT] => 20250502170519
    [P_STATUS] => 02
    [P_TYPE] => VBANK
    [P_OID] => 250502-028
    [P_FN_CD1] => 88
    [P_FN_CD2] => 
    [P_FN_NM] => 신한은행
    [P_AMT] => 3000
    [P_UNAME] => 홍성칠
    [P_RMESG1] => P_VACCT_NO=56211102339608|P_EXP_DT=20250512
    [P_RMESG2] => 
    [P_NOTI] => 
    [P_AUTH_NO] => 
)

 Array
(
    [PageCall time] => 17:30:01
    [P_TID] => INIMX_VBNKCAEcatca0720250502172620105837
    [P_MID] => CAEcatca07
    [P_AUTH_DT] => 20250502173001
    [P_STATUS] => 02
    [P_TYPE] => VBANK
    [P_OID] => 250502-030
    [P_FN_CD1] => 11
    [P_FN_CD2] => 
    [P_FN_NM] => NH농협은행
    [P_AMT] => 3000
    [P_UNAME] => 김미경
    [P_RMESG1] => P_VACCT_NO=79015902502510|P_EXP_DT=20250512
    [P_RMESG2] => 
    [P_NOTI] => 
    [P_AUTH_NO] => 
)

 Array
(
    [PageCall time] => 19:17:17
    [P_TID] => INIMX_VBNKCAEcatca0720250502191555265007
    [P_MID] => CAEcatca07
    [P_AUTH_DT] => 20250502191717
    [P_STATUS] => 02
    [P_TYPE] => VBANK
    [P_OID] => 250502-031
    [P_FN_CD1] => 32
    [P_FN_CD2] => 
    [P_FN_NM] => 부산은행
    [P_AMT] => 3000
    [P_UNAME] => 안영미
    [P_RMESG1] => P_VACCT_NO=109924543105|P_EXP_DT=20250512
    [P_RMESG2] => 
    [P_NOTI] => 
    [P_AUTH_NO] => 
)

 Array
(
    [PageCall time] => 22:17:27
    [P_TID] => INIMX_VBNKCAEcatca0720250502221620475486
    [P_MID] => CAEcatca07
    [P_AUTH_DT] => 20250502221727
    [P_STATUS] => 02
    [P_TYPE] => VBANK
    [P_OID] => 250502-033
    [P_FN_CD1] => 11
    [P_FN_CD2] => 
    [P_FN_NM] => NH농협은행
    [P_AMT] => 3000
    [P_UNAME] => 남영희
    [P_RMESG1] => P_VACCT_NO=79015902531375|P_EXP_DT=20250512
    [P_RMESG2] => 
    [P_NOTI] => 
    [P_AUTH_NO] => 
)

 Array
(
    [PageCall time] => 23:29:06
    [P_TID] => INIMX_VBNKCAEcatca0720250502232626605584
    [P_MID] => CAEcatca07
    [P_AUTH_DT] => 20250502232906
    [P_STATUS] => 02
    [P_TYPE] => VBANK
    [P_OID] => 250502-032
    [P_FN_CD1] => 88
    [P_FN_CD2] => 
    [P_FN_NM] => 신한은행
    [P_AMT] => 3000
    [P_UNAME] => 김민재
    [P_RMESG1] => P_VACCT_NO=56211102366095|P_EXP_DT=20250512
    [P_RMESG2] => 
    [P_NOTI] => 
    [P_AUTH_NO] => 
)

