 Array
(
    [PageCall time] => 00:35:24
    [P_TID] => INIMX_VBNKCAEcatca0720260414003224925275
    [P_MID] => CAEcatca07
    [P_AUTH_DT] => 20260414003524
    [P_STATUS] => 02
    [P_TYPE] => VBANK
    [P_OID] => 260413-055
    [P_FN_CD1] => 88
    [P_FN_CD2] => 
    [P_FN_NM] => 신한은행
    [P_AMT] => 3500
    [P_UNAME] => 김미혜
    [P_RMESG1] => P_VACCT_NO=56211990636524|P_EXP_DT=20260424
    [P_RMESG2] => 
    [P_NOTI] => 
    [P_AUTH_NO] => 
)

 Array
(
    [PageCall time] => 07:08:24
    [P_TID] => INIMX_VBNKCAEcatca0720260414070741145884
    [P_MID] => CAEcatca07
    [P_AUTH_DT] => 20260414070824
    [P_STATUS] => 02
    [P_TYPE] => VBANK
    [P_OID] => 260414-001
    [P_FN_CD1] => 11
    [P_FN_CD2] => 
    [P_FN_NM] => NH농협은행
    [P_AMT] => 3500
    [P_UNAME] => 강다유
    [P_RMESG1] => P_VACCT_NO=79014506494281|P_EXP_DT=20260424
    [P_RMESG2] => 
    [P_NOTI] => 
    [P_AUTH_NO] => 
)

 Array
(
    [PageCall time] => 10:32:25
    [P_TID] => INIMX_VBNKCAEcatca0720260414102944395369
    [P_MID] => CAEcatca07
    [P_AUTH_DT] => 20260414103225
    [P_STATUS] => 02
    [P_TYPE] => VBANK
    [P_OID] => 260414-004
    [P_FN_CD1] => 88
    [P_FN_CD2] => 
    [P_FN_NM] => 신한은행
    [P_AMT] => 3500
    [P_UNAME] => 남소희
    [P_RMESG1] => P_VACCT_NO=56211990648084|P_EXP_DT=20260424
    [P_RMESG2] => 
    [P_NOTI] => 
    [P_AUTH_NO] => 
)

 Array
(
    [PageCall time] => 10:47:02
    [P_TID] => INIMX_VBNKCAEcatca0720260414104330715933
    [P_MID] => CAEcatca07
    [P_AUTH_DT] => 20260414104702
    [P_STATUS] => 02
    [P_TYPE] => VBANK
    [P_OID] => 260414-005
    [P_FN_CD1] => 32
    [P_FN_CD2] => 
    [P_FN_NM] => 부산은행
    [P_AMT] => 3500
    [P_UNAME] => 박찬
    [P_RMESG1] => P_VACCT_NO=109924905874|P_EXP_DT=20260424
    [P_RMESG2] => 
    [P_NOTI] => 
    [P_AUTH_NO] => 
)

 Array
(
    [PageCall time] => 11:02:55
    [P_TID] => INIMX_VBNKCAEcatca0720260414110024225229
    [P_MID] => CAEcatca07
    [P_AUTH_DT] => 20260414110255
    [P_STATUS] => 02
    [P_TYPE] => VBANK
    [P_OID] => 260414-007
    [P_FN_CD1] => 11
    [P_FN_CD2] => 
    [P_FN_NM] => NH농협은행
    [P_AMT] => 3500
    [P_UNAME] => 정소영
    [P_RMESG1] => P_VACCT_NO=79014506517531|P_EXP_DT=20260424
    [P_RMESG2] => 
    [P_NOTI] => 
    [P_AUTH_NO] => 
)

 Array
(
    [PageCall time] => 11:05:02
    [P_TID] => INIMX_VBNKCAEcatca0720260414105958495797
    [P_MID] => CAEcatca07
    [P_AUTH_DT] => 20260414110502
    [P_STATUS] => 02
    [P_TYPE] => VBANK
    [P_OID] => 260414-008
    [P_FN_CD1] => 04
    [P_FN_CD2] => 
    [P_FN_NM] => KB국민은행
    [P_AMT] => 3500
    [P_UNAME] => 한진
    [P_RMESG1] => P_VACCT_NO=99449014580445|P_EXP_DT=20260424
    [P_RMESG2] => 
    [P_NOTI] => 
    [P_AUTH_NO] => 
)

 Array
(
    [PageCall time] => 11:15:13
    [P_TID] => INIMX_VBNKCAEcatca0720260414111223115698
    [P_MID] => CAEcatca07
    [P_AUTH_DT] => 20260414111513
    [P_STATUS] => 02
    [P_TYPE] => VBANK
    [P_OID] => 260414-009
    [P_FN_CD1] => 88
    [P_FN_CD2] => 
    [P_FN_NM] => 신한은행
    [P_AMT] => 3500
    [P_UNAME] => 이유진
    [P_RMESG1] => P_VACCT_NO=56211990652190|P_EXP_DT=20260424
    [P_RMESG2] => 
    [P_NOTI] => 
    [P_AUTH_NO] => 
)

 Array
(
    [PageCall time] => 11:22:08
    [P_TID] => INIMX_VBNKCAEcatca0720260414111918865394
    [P_MID] => CAEcatca07
    [P_AUTH_DT] => 20260414112208
    [P_STATUS] => 02
    [P_TYPE] => VBANK
    [P_OID] => 260414-010
    [P_FN_CD1] => 20
    [P_FN_CD2] => 
    [P_FN_NM] => 우리은행
    [P_AMT] => 3500
    [P_UNAME] => 김민정
    [P_RMESG1] => P_VACCT_NO=27387774118313|P_EXP_DT=20260424
    [P_RMESG2] => 
    [P_NOTI] => 
    [P_AUTH_NO] => 
)

 Array
(
    [PageCall time] => 12:47:08
    [P_TID] => INIMX_VBNKCAEcatca0720260414124433955068
    [P_MID] => CAEcatca07
    [P_AUTH_DT] => 20260414124708
    [P_STATUS] => 02
    [P_TYPE] => VBANK
    [P_OID] => 260414-012
    [P_FN_CD1] => 88
    [P_FN_CD2] => 
    [P_FN_NM] => 신한은행
    [P_AMT] => 3500
    [P_UNAME] => 김설희
    [P_RMESG1] => P_VACCT_NO=56211990658381|P_EXP_DT=20260424
    [P_RMESG2] => 
    [P_NOTI] => 
    [P_AUTH_NO] => 
)

 Array
(
    [PageCall time] => 13:15:49
    [P_TID] => INIMX_VBNKCAEcatca0720260414131326225240
    [P_MID] => CAEcatca07
    [P_AUTH_DT] => 20260414131549
    [P_STATUS] => 02
    [P_TYPE] => VBANK
    [P_OID] => 260414-013
    [P_FN_CD1] => 88
    [P_FN_CD2] => 
    [P_FN_NM] => 신한은행
    [P_AMT] => 3500
    [P_UNAME] => 이소영
    [P_RMESG1] => P_VACCT_NO=56211990660543|P_EXP_DT=20260424
    [P_RMESG2] => 
    [P_NOTI] => 
    [P_AUTH_NO] => 
)

 Array
(
    [PageCall time] => 13:42:18
    [P_TID] => INIMX_VBNKCAEcatca0720260414133914165016
    [P_MID] => CAEcatca07
    [P_AUTH_DT] => 20260414134218
    [P_STATUS] => 02
    [P_TYPE] => VBANK
    [P_OID] => 260414-014
    [P_FN_CD1] => 04
    [P_FN_CD2] => 
    [P_FN_NM] => KB국민은행
    [P_AMT] => 3500
    [P_UNAME] => 남정현
    [P_RMESG1] => P_VACCT_NO=96569078615750|P_EXP_DT=20260424
    [P_RMESG2] => 
    [P_NOTI] => 
    [P_AUTH_NO] => 
)

 Array
(
    [PageCall time] => 14:30:41
    [P_TID] => INIMX_VBNKCAEcatca0720260414142801555649
    [P_MID] => CAEcatca07
    [P_AUTH_DT] => 20260414143041
    [P_STATUS] => 02
    [P_TYPE] => VBANK
    [P_OID] => 260414-016
    [P_FN_CD1] => 88
    [P_FN_CD2] => 
    [P_FN_NM] => 신한은행
    [P_AMT] => 3500
    [P_UNAME] => 황도영
    [P_RMESG1] => P_VACCT_NO=56211990665316|P_EXP_DT=20260424
    [P_RMESG2] => 
    [P_NOTI] => 
    [P_AUTH_NO] => 
)

 Array
(
    [PageCall time] => 14:52:33
    [P_TID] => INIMX_VBNKCAEcatca0720260414144806825995
    [P_MID] => CAEcatca07
    [P_AUTH_DT] => 20260414145233
    [P_STATUS] => 02
    [P_TYPE] => VBANK
    [P_OID] => 260414-020
    [P_FN_CD1] => 03
    [P_FN_CD2] => 
    [P_FN_NM] => 기업은행
    [P_AMT] => 3500
    [P_UNAME] => 노구기
    [P_RMESG1] => P_VACCT_NO=07503137797576|P_EXP_DT=20260424
    [P_RMESG2] => 
    [P_NOTI] => 
    [P_AUTH_NO] => 
)

 Array
(
    [PageCall time] => 15:17:57
    [P_TID] => INIMX_VBNKCAEcatca0720260414151344715002
    [P_MID] => CAEcatca07
    [P_AUTH_DT] => 20260414151757
    [P_STATUS] => 02
    [P_TYPE] => VBANK
    [P_OID] => 260414-021
    [P_FN_CD1] => 04
    [P_FN_CD2] => 
    [P_FN_NM] => KB국민은행
    [P_AMT] => 3500
    [P_UNAME] => 안현서
    [P_RMESG1] => P_VACCT_NO=96569078630467|P_EXP_DT=20260424
    [P_RMESG2] => 
    [P_NOTI] => 
    [P_AUTH_NO] => 
)

 Array
(
    [PageCall time] => 15:29:50
    [P_TID] => INIMX_VBNKCAEcatca0720260414152905705670
    [P_MID] => CAEcatca07
    [P_AUTH_DT] => 20260414152950
    [P_STATUS] => 02
    [P_TYPE] => VBANK
    [P_OID] => 260414-024
    [P_FN_CD1] => 11
    [P_FN_CD2] => 
    [P_FN_NM] => NH농협은행
    [P_AMT] => 3500
    [P_UNAME] => 이주연
    [P_RMESG1] => P_VACCT_NO=79014506551215|P_EXP_DT=20260424
    [P_RMESG2] => 
    [P_NOTI] => 
    [P_AUTH_NO] => 
)

 Array
(
    [PageCall time] => 17:02:18
    [P_TID] => INIMX_VBNKCAEcatca0720260414165904705775
    [P_MID] => CAEcatca07
    [P_AUTH_DT] => 20260414170218
    [P_STATUS] => 02
    [P_TYPE] => VBANK
    [P_OID] => 260414-003
    [P_FN_CD1] => 39
    [P_FN_CD2] => 
    [P_FN_NM] => 경남은행
    [P_AMT] => 3500
    [P_UNAME] => 안병찬
    [P_RMESG1] => P_VACCT_NO=573194845605|P_EXP_DT=20260424
    [P_RMESG2] => 
    [P_NOTI] => 
    [P_AUTH_NO] => 
)

 Array
(
    [PageCall time] => 20:06:49
    [P_TID] => INIMX_VBNKCAEcatca0720260414200320925350
    [P_MID] => CAEcatca07
    [P_AUTH_DT] => 20260414200649
    [P_STATUS] => 02
    [P_TYPE] => VBANK
    [P_OID] => 260414-033
    [P_FN_CD1] => 11
    [P_FN_CD2] => 
    [P_FN_NM] => NH농협은행
    [P_AMT] => 3500
    [P_UNAME] => 유영숙
    [P_RMESG1] => P_VACCT_NO=79014506583332|P_EXP_DT=20260424
    [P_RMESG2] => 
    [P_NOTI] => 
    [P_AUTH_NO] => 
)

 Array
(
    [PageCall time] => 20:31:23
    [P_TID] => INIMX_VBNKCAEcatca0720260414095239545613
    [P_MID] => CAEcatca07
    [P_AUTH_DT] => 20260414203123
    [P_STATUS] => 02
    [P_TYPE] => VBANK
    [P_OID] => 260412-012
    [P_FN_CD1] => 88
    [P_FN_CD2] => 
    [P_FN_NM] => 신한은행
    [P_AMT] => 3500
    [P_UNAME] => 이경숙
    [P_RMESG1] => P_VACCT_NO=56211990643541|P_EXP_DT=20260424
    [P_RMESG2] => 
    [P_NOTI] => 
    [P_AUTH_NO] => 
)

 Array
(
    [PageCall time] => 20:48:49
    [P_TID] => INIMX_VBNKCAEcatca0720260414204611305093
    [P_MID] => CAEcatca07
    [P_AUTH_DT] => 20260414204849
    [P_STATUS] => 02
    [P_TYPE] => VBANK
    [P_OID] => 260414-034
    [P_FN_CD1] => 89
    [P_FN_CD2] => 
    [P_FN_NM] => 케이뱅크
    [P_AMT] => 3500
    [P_UNAME] => 남영삼
    [P_RMESG1] => P_VACCT_NO=70112004007023|P_EXP_DT=20260424
    [P_RMESG2] => 
    [P_NOTI] => 
    [P_AUTH_NO] => 
)

 Array
(
    [PageCall time] => 21:06:57
    [P_TID] => INIMX_VBNKCAEcatca0720260414210430385798
    [P_MID] => CAEcatca07
    [P_AUTH_DT] => 20260414210657
    [P_STATUS] => 02
    [P_TYPE] => VBANK
    [P_OID] => 260414-032
    [P_FN_CD1] => 88
    [P_FN_CD2] => 
    [P_FN_NM] => 신한은행
    [P_AMT] => 3500
    [P_UNAME] => 김민경
    [P_RMESG1] => P_VACCT_NO=56211990691913|P_EXP_DT=20260424
    [P_RMESG2] => 
    [P_NOTI] => 
    [P_AUTH_NO] => 
)

 Array
(
    [PageCall time] => 21:30:18
    [P_TID] => INIMX_VBNKCAEcatca0720260414212738115662
    [P_MID] => CAEcatca07
    [P_AUTH_DT] => 20260414213017
    [P_STATUS] => 02
    [P_TYPE] => VBANK
    [P_OID] => 260414-036
    [P_FN_CD1] => 04
    [P_FN_CD2] => 
    [P_FN_NM] => KB국민은행
    [P_AMT] => 3500
    [P_UNAME] => 김아름
    [P_RMESG1] => P_VACCT_NO=96569078690733|P_EXP_DT=20260424
    [P_RMESG2] => 
    [P_NOTI] => 
    [P_AUTH_NO] => 
)

 Array
(
    [PageCall time] => 21:47:34
    [P_TID] => INIMX_VBNKCAEcatca0720260414214434595582
    [P_MID] => CAEcatca07
    [P_AUTH_DT] => 20260414214734
    [P_STATUS] => 02
    [P_TYPE] => VBANK
    [P_OID] => 260414-037
    [P_FN_CD1] => 04
    [P_FN_CD2] => 
    [P_FN_NM] => KB국민은행
    [P_AMT] => 3500
    [P_UNAME] => 조성연
    [P_RMESG1] => P_VACCT_NO=96569078692795|P_EXP_DT=20260424
    [P_RMESG2] => 
    [P_NOTI] => 
    [P_AUTH_NO] => 
)

 Array
(
    [PageCall time] => 22:29:35
    [P_TID] => INIMX_VBNKCAEcatca0720260414222841545509
    [P_MID] => CAEcatca07
    [P_AUTH_DT] => 20260414222935
    [P_STATUS] => 02
    [P_TYPE] => VBANK
    [P_OID] => 260414-039
    [P_FN_CD1] => 11
    [P_FN_CD2] => 
    [P_FN_NM] => NH농협은행
    [P_AMT] => 3500
    [P_UNAME] => 강은숙
    [P_RMESG1] => P_VACCT_NO=79014506595670|P_EXP_DT=20260424
    [P_RMESG2] => 
    [P_NOTI] => 
    [P_AUTH_NO] => 
)

 Array
(
    [PageCall time] => 23:08:06
    [P_TID] => INIMX_VBNKCAEcatca0720260414230516105230
    [P_MID] => CAEcatca07
    [P_AUTH_DT] => 20260414230806
    [P_STATUS] => 02
    [P_TYPE] => VBANK
    [P_OID] => 260414-040
    [P_FN_CD1] => 81
    [P_FN_CD2] => 
    [P_FN_NM] => 하나은행
    [P_AMT] => 3500
    [P_UNAME] => 김귀애
    [P_RMESG1] => P_VACCT_NO=20893956427337|P_EXP_DT=20260424
    [P_RMESG2] => 
    [P_NOTI] => 
    [P_AUTH_NO] => 
)

