 Array
(
    [PageCall time] => 08:53:30
    [P_TID] => INIMX_VBNKCAEcatca0720250702085036585279
    [P_MID] => CAEcatca07
    [P_AUTH_DT] => 20250702085330
    [P_STATUS] => 02
    [P_TYPE] => VBANK
    [P_OID] => 250702-002
    [P_FN_CD1] => 88
    [P_FN_CD2] => 
    [P_FN_NM] => 신한은행
    [P_AMT] => 3000
    [P_UNAME] => 이준헌
    [P_RMESG1] => P_VACCT_NO=56211105829541|P_EXP_DT=20250712
    [P_RMESG2] => 
    [P_NOTI] => 
    [P_AUTH_NO] => 
)

 Array
(
    [PageCall time] => 08:57:59
    [P_TID] => INIMX_VBNKCAEcatca0720250702085457615052
    [P_MID] => CAEcatca07
    [P_AUTH_DT] => 20250702085759
    [P_STATUS] => 02
    [P_TYPE] => VBANK
    [P_OID] => 250701-034
    [P_FN_CD1] => 81
    [P_FN_CD2] => 
    [P_FN_NM] => 하나은행
    [P_AMT] => 3000
    [P_UNAME] => 전지은
    [P_RMESG1] => P_VACCT_NO=20894768690337|P_EXP_DT=20250712
    [P_RMESG2] => 
    [P_NOTI] => 
    [P_AUTH_NO] => 
)

 Array
(
    [PageCall time] => 10:15:38
    [P_TID] => INIMX_VBNKCAEcatca0720250702101231205277
    [P_MID] => CAEcatca07
    [P_AUTH_DT] => 20250702101538
    [P_STATUS] => 02
    [P_TYPE] => VBANK
    [P_OID] => 250702-005
    [P_FN_CD1] => 04
    [P_FN_CD2] => 
    [P_FN_NM] => KB국민은행
    [P_AMT] => 3000
    [P_UNAME] => 이순남
    [P_RMESG1] => P_VACCT_NO=26119078379196|P_EXP_DT=20250712
    [P_RMESG2] => 
    [P_NOTI] => 
    [P_AUTH_NO] => 
)

 Array
(
    [PageCall time] => 10:17:33
    [P_TID] => INIMX_VBNKCAEcatca0720250702100404225953
    [P_MID] => CAEcatca07
    [P_AUTH_DT] => 20250702101732
    [P_STATUS] => 02
    [P_TYPE] => VBANK
    [P_OID] => 250702-004
    [P_FN_CD1] => 88
    [P_FN_CD2] => 
    [P_FN_NM] => 신한은행
    [P_AMT] => 3000
    [P_UNAME] => 나희동
    [P_RMESG1] => P_VACCT_NO=56211105834560|P_EXP_DT=20250712
    [P_RMESG2] => 
    [P_NOTI] => 
    [P_AUTH_NO] => 
)

 Array
(
    [PageCall time] => 11:53:54
    [P_TID] => INIMX_VBNKCAEcatca0720250702115328574251
    [P_MID] => CAEcatca07
    [P_AUTH_DT] => 20250702115354
    [P_STATUS] => 02
    [P_TYPE] => VBANK
    [P_OID] => 250702-013
    [P_FN_CD1] => 11
    [P_FN_CD2] => 
    [P_FN_NM] => NH농협은행
    [P_AMT] => 3000
    [P_UNAME] => 이혁준
    [P_RMESG1] => P_VACCT_NO=79003194433598|P_EXP_DT=20250712
    [P_RMESG2] => 
    [P_NOTI] => 
    [P_AUTH_NO] => 
)

 Array
(
    [PageCall time] => 12:01:54
    [P_TID] => INIMX_VBNKCAEcatca0720250702115720945997
    [P_MID] => CAEcatca07
    [P_AUTH_DT] => 20250702120154
    [P_STATUS] => 02
    [P_TYPE] => VBANK
    [P_OID] => 250702-012
    [P_FN_CD1] => 20
    [P_FN_CD2] => 
    [P_FN_NM] => 우리은행
    [P_AMT] => 3000
    [P_UNAME] => 이상원
    [P_RMESG1] => P_VACCT_NO=32823414418314|P_EXP_DT=20250712
    [P_RMESG2] => 
    [P_NOTI] => 
    [P_AUTH_NO] => 
)

 Array
(
    [PageCall time] => 13:29:40
    [P_TID] => INIMX_VBNKCAEcatca0720250702132555794554
    [P_MID] => CAEcatca07
    [P_AUTH_DT] => 20250702132940
    [P_STATUS] => 02
    [P_TYPE] => VBANK
    [P_OID] => 250702-014
    [P_FN_CD1] => 11
    [P_FN_CD2] => 
    [P_FN_NM] => NH농협은행
    [P_AMT] => 3000
    [P_UNAME] => 형정은
    [P_RMESG1] => P_VACCT_NO=79003194450742|P_EXP_DT=20250712
    [P_RMESG2] => 
    [P_NOTI] => 
    [P_AUTH_NO] => 
)

 Array
(
    [PageCall time] => 13:40:45
    [P_TID] => INIMX_VBNKCAEcatca0720250702134012525449
    [P_MID] => CAEcatca07
    [P_AUTH_DT] => 20250702134045
    [P_STATUS] => 02
    [P_TYPE] => VBANK
    [P_OID] => 250702-016
    [P_FN_CD1] => 04
    [P_FN_CD2] => 
    [P_FN_NM] => KB국민은행
    [P_AMT] => 3000
    [P_UNAME] => 이지은
    [P_RMESG1] => P_VACCT_NO=26029078466242|P_EXP_DT=20250712
    [P_RMESG2] => 
    [P_NOTI] => 
    [P_AUTH_NO] => 
)

 Array
(
    [PageCall time] => 13:54:09
    [P_TID] => INIMX_VBNKCAEcatca0720250702135119884650
    [P_MID] => CAEcatca07
    [P_AUTH_DT] => 20250702135409
    [P_STATUS] => 02
    [P_TYPE] => VBANK
    [P_OID] => 250702-001
    [P_FN_CD1] => 20
    [P_FN_CD2] => 
    [P_FN_NM] => 우리은행
    [P_AMT] => 3000
    [P_UNAME] => 장지성
    [P_RMESG1] => P_VACCT_NO=61850836218714|P_EXP_DT=20250712
    [P_RMESG2] => 
    [P_NOTI] => 
    [P_AUTH_NO] => 
)

 Array
(
    [PageCall time] => 14:46:43
    [P_TID] => INIMX_VBNKCAEcatca0720250702144330864397
    [P_MID] => CAEcatca07
    [P_AUTH_DT] => 20250702144643
    [P_STATUS] => 02
    [P_TYPE] => VBANK
    [P_OID] => 250702-018
    [P_FN_CD1] => 20
    [P_FN_CD2] => 
    [P_FN_NM] => 우리은행
    [P_AMT] => 3000
    [P_UNAME] => 김영숙
    [P_RMESG1] => P_VACCT_NO=61850871918079|P_EXP_DT=20250712
    [P_RMESG2] => 
    [P_NOTI] => 
    [P_AUTH_NO] => 
)

 Array
(
    [PageCall time] => 15:36:58
    [P_TID] => INIMX_VBNKCAEcatca0720250702153401844041
    [P_MID] => CAEcatca07
    [P_AUTH_DT] => 20250702153658
    [P_STATUS] => 02
    [P_TYPE] => VBANK
    [P_OID] => 250702-024
    [P_FN_CD1] => 32
    [P_FN_CD2] => 
    [P_FN_NM] => 부산은행
    [P_AMT] => 3000
    [P_UNAME] => 박수원
    [P_RMESG1] => P_VACCT_NO=103939540034|P_EXP_DT=20250712
    [P_RMESG2] => 
    [P_NOTI] => 
    [P_AUTH_NO] => 
)

 Array
(
    [PageCall time] => 15:58:22
    [P_TID] => INIMX_VBNKCAEcatca0720250702155530174943
    [P_MID] => CAEcatca07
    [P_AUTH_DT] => 20250702155822
    [P_STATUS] => 02
    [P_TYPE] => VBANK
    [P_OID] => 250702-020
    [P_FN_CD1] => 11
    [P_FN_CD2] => 
    [P_FN_NM] => NH농협은행
    [P_AMT] => 3000
    [P_UNAME] => 김려원
    [P_RMESG1] => P_VACCT_NO=79003194472567|P_EXP_DT=20250712
    [P_RMESG2] => 
    [P_NOTI] => 
    [P_AUTH_NO] => 
)

 Array
(
    [PageCall time] => 15:58:47
    [P_TID] => INIMX_VBNKCAEcatca0720250702155655364051
    [P_MID] => CAEcatca07
    [P_AUTH_DT] => 20250702155847
    [P_STATUS] => 02
    [P_TYPE] => VBANK
    [P_OID] => 250702-025
    [P_FN_CD1] => 04
    [P_FN_CD2] => 
    [P_FN_NM] => KB국민은행
    [P_AMT] => 3000
    [P_UNAME] => 정영순
    [P_RMESG1] => P_VACCT_NO=88269011854662|P_EXP_DT=20250712
    [P_RMESG2] => 
    [P_NOTI] => 
    [P_AUTH_NO] => 
)

 Array
(
    [PageCall time] => 17:13:57
    [P_TID] => INIMX_VBNKCAEcatca0720250702171053724868
    [P_MID] => CAEcatca07
    [P_AUTH_DT] => 20250702171357
    [P_STATUS] => 02
    [P_TYPE] => VBANK
    [P_OID] => 250702-026
    [P_FN_CD1] => 88
    [P_FN_CD2] => 
    [P_FN_NM] => 신한은행
    [P_AMT] => 3000
    [P_UNAME] => 최문석
    [P_RMESG1] => P_VACCT_NO=56211121871725|P_EXP_DT=20250712
    [P_RMESG2] => 
    [P_NOTI] => 
    [P_AUTH_NO] => 
)

 Array
(
    [PageCall time] => 17:19:48
    [P_TID] => INIMX_VBNKCAEcatca0720250702171716884712
    [P_MID] => CAEcatca07
    [P_AUTH_DT] => 20250702171948
    [P_STATUS] => 02
    [P_TYPE] => VBANK
    [P_OID] => 250702-029
    [P_FN_CD1] => 81
    [P_FN_CD2] => 
    [P_FN_NM] => 하나은행
    [P_AMT] => 3000
    [P_UNAME] => 김미주
    [P_RMESG1] => P_VACCT_NO=58392417050137|P_EXP_DT=20250712
    [P_RMESG2] => 
    [P_NOTI] => 
    [P_AUTH_NO] => 
)

 Array
(
    [PageCall time] => 17:40:45
    [P_TID] => INIMX_VBNKCAEcatca0720250702173844324727
    [P_MID] => CAEcatca07
    [P_AUTH_DT] => 20250702174045
    [P_STATUS] => 02
    [P_TYPE] => VBANK
    [P_OID] => 250702-031
    [P_FN_CD1] => 11
    [P_FN_CD2] => 
    [P_FN_NM] => NH농협은행
    [P_AMT] => 3000
    [P_UNAME] => 윤유준
    [P_RMESG1] => P_VACCT_NO=79003194481866|P_EXP_DT=20250712
    [P_RMESG2] => 
    [P_NOTI] => 
    [P_AUTH_NO] => 
)

 Array
(
    [PageCall time] => 17:48:15
    [P_TID] => INIMX_VBNKCAEcatca0720250702174521984806
    [P_MID] => CAEcatca07
    [P_AUTH_DT] => 20250702174815
    [P_STATUS] => 02
    [P_TYPE] => VBANK
    [P_OID] => 250702-033
    [P_FN_CD1] => 88
    [P_FN_CD2] => 
    [P_FN_NM] => 신한은행
    [P_AMT] => 3000
    [P_UNAME] => 박영희
    [P_RMESG1] => P_VACCT_NO=56211121872470|P_EXP_DT=20250712
    [P_RMESG2] => 
    [P_NOTI] => 
    [P_AUTH_NO] => 
)

 Array
(
    [PageCall time] => 17:49:22
    [P_TID] => INIMX_VBNKCAEcatca0720250702174641704647
    [P_MID] => CAEcatca07
    [P_AUTH_DT] => 20250702174922
    [P_STATUS] => 02
    [P_TYPE] => VBANK
    [P_OID] => 250702-034
    [P_FN_CD1] => 20
    [P_FN_CD2] => 
    [P_FN_NM] => 우리은행
    [P_AMT] => 3000
    [P_UNAME] => 남현철
    [P_RMESG1] => P_VACCT_NO=61850899718341|P_EXP_DT=20250712
    [P_RMESG2] => 
    [P_NOTI] => 
    [P_AUTH_NO] => 
)

 Array
(
    [PageCall time] => 17:50:54
    [P_TID] => INIMX_VBNKCAEcatca0720250702174819374300
    [P_MID] => CAEcatca07
    [P_AUTH_DT] => 20250702175054
    [P_STATUS] => 02
    [P_TYPE] => VBANK
    [P_OID] => 250702-030
    [P_FN_CD1] => 03
    [P_FN_CD2] => 
    [P_FN_NM] => 기업은행
    [P_AMT] => 3000
    [P_UNAME] => 김태윤
    [P_RMESG1] => P_VACCT_NO=07500091397471|P_EXP_DT=20250712
    [P_RMESG2] => 
    [P_NOTI] => 
    [P_AUTH_NO] => 
)

 Array
(
    [PageCall time] => 19:50:22
    [P_TID] => INIMX_VBNKCAEcatca0720250702194855585837
    [P_MID] => CAEcatca07
    [P_AUTH_DT] => 20250702195022
    [P_STATUS] => 02
    [P_TYPE] => VBANK
    [P_OID] => 250702-010
    [P_FN_CD1] => 11
    [P_FN_CD2] => 
    [P_FN_NM] => NH농협은행
    [P_AMT] => 3000
    [P_UNAME] => 강신호
    [P_RMESG1] => P_VACCT_NO=79010591767366|P_EXP_DT=20250712
    [P_RMESG2] => 
    [P_NOTI] => 
    [P_AUTH_NO] => 
)

