 Array
(
    [PageCall time] => 09:01:34
    [P_TID] => INIMX_VBNKCAEcatca0720260209085856215467
    [P_MID] => CAEcatca07
    [P_AUTH_DT] => 20260209090134
    [P_STATUS] => 02
    [P_TYPE] => VBANK
    [P_OID] => 260209-001
    [P_FN_CD1] => 04
    [P_FN_CD2] => 
    [P_FN_NM] => KB국민은행
    [P_AMT] => 3500
    [P_UNAME] => 정다슬
    [P_RMESG1] => P_VACCT_NO=99449014562005|P_EXP_DT=20260219
    [P_RMESG2] => 
    [P_NOTI] => 
    [P_AUTH_NO] => 
)

 Array
(
    [PageCall time] => 10:19:26
    [P_TID] => INIMX_VBNKCAEcatca0720260209101829245821
    [P_MID] => CAEcatca07
    [P_AUTH_DT] => 20260209101926
    [P_STATUS] => 02
    [P_TYPE] => VBANK
    [P_OID] => 260209-004
    [P_FN_CD1] => 11
    [P_FN_CD2] => 
    [P_FN_NM] => NH농협은행
    [P_AMT] => 3500
    [P_UNAME] => 정은란
    [P_RMESG1] => P_VACCT_NO=79013685129480|P_EXP_DT=20260219
    [P_RMESG2] => 
    [P_NOTI] => 
    [P_AUTH_NO] => 
)

 Array
(
    [PageCall time] => 10:22:37
    [P_TID] => INIMX_VBNKCAEcatca0720260209102124165886
    [P_MID] => CAEcatca07
    [P_AUTH_DT] => 20260209102237
    [P_STATUS] => 02
    [P_TYPE] => VBANK
    [P_OID] => 260209-006
    [P_FN_CD1] => 11
    [P_FN_CD2] => 
    [P_FN_NM] => NH농협은행
    [P_AMT] => 3500
    [P_UNAME] => 장성순
    [P_RMESG1] => P_VACCT_NO=79013685130298|P_EXP_DT=20260219
    [P_RMESG2] => 
    [P_NOTI] => 
    [P_AUTH_NO] => 
)

 Array
(
    [PageCall time] => 10:23:49
    [P_TID] => INIMX_VBNKCAEcatca0720260209102101245169
    [P_MID] => CAEcatca07
    [P_AUTH_DT] => 20260209102349
    [P_STATUS] => 02
    [P_TYPE] => VBANK
    [P_OID] => 260209-005
    [P_FN_CD1] => 04
    [P_FN_CD2] => 
    [P_FN_NM] => KB국민은행
    [P_AMT] => 3500
    [P_UNAME] => 조귀환
    [P_RMESG1] => P_VACCT_NO=42089011779666|P_EXP_DT=20260219
    [P_RMESG2] => 
    [P_NOTI] => 
    [P_AUTH_NO] => 
)

 Array
(
    [PageCall time] => 10:30:15
    [P_TID] => INIMX_VBNKCAEcatca0720260209102623615403
    [P_MID] => CAEcatca07
    [P_AUTH_DT] => 20260209103015
    [P_STATUS] => 02
    [P_TYPE] => VBANK
    [P_OID] => 260209-007
    [P_FN_CD1] => 04
    [P_FN_CD2] => 
    [P_FN_NM] => KB국민은행
    [P_AMT] => 3500
    [P_UNAME] => 손희숙
    [P_RMESG1] => P_VACCT_NO=26029078257305|P_EXP_DT=20260219
    [P_RMESG2] => 
    [P_NOTI] => 
    [P_AUTH_NO] => 
)

 Array
(
    [PageCall time] => 10:30:51
    [P_TID] => INIMX_VBNKCAEcatca0720260209102706435513
    [P_MID] => CAEcatca07
    [P_AUTH_DT] => 20260209103051
    [P_STATUS] => 02
    [P_TYPE] => VBANK
    [P_OID] => 260209-008
    [P_FN_CD1] => 20
    [P_FN_CD2] => 
    [P_FN_NM] => 우리은행
    [P_AMT] => 3500
    [P_UNAME] => 한주은
    [P_RMESG1] => P_VACCT_NO=27490427718925|P_EXP_DT=20260219
    [P_RMESG2] => 
    [P_NOTI] => 
    [P_AUTH_NO] => 
)

 Array
(
    [PageCall time] => 10:32:18
    [P_TID] => INIMX_VBNKCAEcatca0720260209102832235609
    [P_MID] => CAEcatca07
    [P_AUTH_DT] => 20260209103218
    [P_STATUS] => 02
    [P_TYPE] => VBANK
    [P_OID] => 260209-009
    [P_FN_CD1] => 20
    [P_FN_CD2] => 
    [P_FN_NM] => 우리은행
    [P_AMT] => 3500
    [P_UNAME] => 이미화
    [P_RMESG1] => P_VACCT_NO=27490428518123|P_EXP_DT=20260219
    [P_RMESG2] => 
    [P_NOTI] => 
    [P_AUTH_NO] => 
)

 Array
(
    [PageCall time] => 10:56:39
    [P_TID] => INIMX_VBNKCAEcatca0720260209105407375912
    [P_MID] => CAEcatca07
    [P_AUTH_DT] => 20260209105639
    [P_STATUS] => 02
    [P_TYPE] => VBANK
    [P_OID] => 260209-011
    [P_FN_CD1] => 81
    [P_FN_CD2] => 
    [P_FN_NM] => 하나은행
    [P_AMT] => 3500
    [P_UNAME] => 김서희
    [P_RMESG1] => P_VACCT_NO=20894032559037|P_EXP_DT=20260219
    [P_RMESG2] => 
    [P_NOTI] => 
    [P_AUTH_NO] => 
)

 Array
(
    [PageCall time] => 11:08:48
    [P_TID] => INIMX_VBNKCAEcatca0720260209110450555155
    [P_MID] => CAEcatca07
    [P_AUTH_DT] => 20260209110848
    [P_STATUS] => 02
    [P_TYPE] => VBANK
    [P_OID] => 260209-012
    [P_FN_CD1] => 04
    [P_FN_CD2] => 
    [P_FN_NM] => KB국민은행
    [P_AMT] => 3500
    [P_UNAME] => 윤칠용
    [P_RMESG1] => P_VACCT_NO=58129079004748|P_EXP_DT=20260219
    [P_RMESG2] => 
    [P_NOTI] => 
    [P_AUTH_NO] => 
)

 Array
(
    [PageCall time] => 11:14:40
    [P_TID] => INIMX_VBNKCAEcatca0720260209111114335979
    [P_MID] => CAEcatca07
    [P_AUTH_DT] => 20260209111440
    [P_STATUS] => 02
    [P_TYPE] => VBANK
    [P_OID] => 260209-013
    [P_FN_CD1] => 88
    [P_FN_CD2] => 
    [P_FN_NM] => 신한은행
    [P_AMT] => 3500
    [P_UNAME] => 한은옥
    [P_RMESG1] => P_VACCT_NO=56211102691848|P_EXP_DT=20260219
    [P_RMESG2] => 
    [P_NOTI] => 
    [P_AUTH_NO] => 
)

 Array
(
    [PageCall time] => 11:58:50
    [P_TID] => INIMX_VBNKCAEcatca0720260209115612405681
    [P_MID] => CAEcatca07
    [P_AUTH_DT] => 20260209115850
    [P_STATUS] => 02
    [P_TYPE] => VBANK
    [P_OID] => 260209-017
    [P_FN_CD1] => 88
    [P_FN_CD2] => 
    [P_FN_NM] => 신한은행
    [P_AMT] => 3500
    [P_UNAME] => 정순기
    [P_RMESG1] => P_VACCT_NO=56211103424486|P_EXP_DT=20260219
    [P_RMESG2] => 
    [P_NOTI] => 
    [P_AUTH_NO] => 
)

 Array
(
    [PageCall time] => 12:05:46
    [P_TID] => INIMX_VBNKCAEcatca0720260209115911225114
    [P_MID] => CAEcatca07
    [P_AUTH_DT] => 20260209120546
    [P_STATUS] => 02
    [P_TYPE] => VBANK
    [P_OID] => 260209-018
    [P_FN_CD1] => 03
    [P_FN_CD2] => 
    [P_FN_NM] => 기업은행
    [P_AMT] => 3500
    [P_UNAME] => 김소리
    [P_RMESG1] => P_VACCT_NO=07503131897783|P_EXP_DT=20260219
    [P_RMESG2] => 
    [P_NOTI] => 
    [P_AUTH_NO] => 
)

 Array
(
    [PageCall time] => 12:09:17
    [P_TID] => INIMX_VBNKCAEcatca0720260209120805815591
    [P_MID] => CAEcatca07
    [P_AUTH_DT] => 20260209120917
    [P_STATUS] => 02
    [P_TYPE] => VBANK
    [P_OID] => 260209-019
    [P_FN_CD1] => 11
    [P_FN_CD2] => 
    [P_FN_NM] => NH농협은행
    [P_AMT] => 3500
    [P_UNAME] => 정재희
    [P_RMESG1] => P_VACCT_NO=79013685151228|P_EXP_DT=20260219
    [P_RMESG2] => 
    [P_NOTI] => 
    [P_AUTH_NO] => 
)

 Array
(
    [PageCall time] => 14:00:10
    [P_TID] => INIMX_VBNKCAEcatca0720260209135921784545
    [P_MID] => CAEcatca07
    [P_AUTH_DT] => 20260209140010
    [P_STATUS] => 02
    [P_TYPE] => VBANK
    [P_OID] => 260209-023
    [P_FN_CD1] => 11
    [P_FN_CD2] => 
    [P_FN_NM] => NH농협은행
    [P_AMT] => 3500
    [P_UNAME] => 김남숙
    [P_RMESG1] => P_VACCT_NO=79006425681821|P_EXP_DT=20260219
    [P_RMESG2] => 
    [P_NOTI] => 
    [P_AUTH_NO] => 
)

 Array
(
    [PageCall time] => 14:23:09
    [P_TID] => INIMX_VBNKCAEcatca0720260209142212354560
    [P_MID] => CAEcatca07
    [P_AUTH_DT] => 20260209142308
    [P_STATUS] => 02
    [P_TYPE] => VBANK
    [P_OID] => 260209-027
    [P_FN_CD1] => 11
    [P_FN_CD2] => 
    [P_FN_NM] => NH농협은행
    [P_AMT] => 3500
    [P_UNAME] => 김동우
    [P_RMESG1] => P_VACCT_NO=79006425685291|P_EXP_DT=20260219
    [P_RMESG2] => 
    [P_NOTI] => 
    [P_AUTH_NO] => 
)

 Array
(
    [PageCall time] => 14:30:22
    [P_TID] => INIMX_VBNKCAEcatca0720260209142722724813
    [P_MID] => CAEcatca07
    [P_AUTH_DT] => 20260209143022
    [P_STATUS] => 02
    [P_TYPE] => VBANK
    [P_OID] => 260209-029
    [P_FN_CD1] => 88
    [P_FN_CD2] => 
    [P_FN_NM] => 신한은행
    [P_AMT] => 3500
    [P_UNAME] => 김세영
    [P_RMESG1] => P_VACCT_NO=56211123754660|P_EXP_DT=20260219
    [P_RMESG2] => 
    [P_NOTI] => 
    [P_AUTH_NO] => 
)

 Array
(
    [PageCall time] => 14:54:37
    [P_TID] => INIMX_VBNKCAEcatca0720260209145108254520
    [P_MID] => CAEcatca07
    [P_AUTH_DT] => 20260209145437
    [P_STATUS] => 02
    [P_TYPE] => VBANK
    [P_OID] => 260209-030
    [P_FN_CD1] => 89
    [P_FN_CD2] => 
    [P_FN_NM] => 케이뱅크
    [P_AMT] => 3500
    [P_UNAME] => 문송희
    [P_RMESG1] => P_VACCT_NO=70112000128166|P_EXP_DT=20260219
    [P_RMESG2] => 
    [P_NOTI] => 
    [P_AUTH_NO] => 
)

 Array
(
    [PageCall time] => 15:06:28
    [P_TID] => INIMX_VBNKCAEcatca0720260209150328124187
    [P_MID] => CAEcatca07
    [P_AUTH_DT] => 20260209150628
    [P_STATUS] => 02
    [P_TYPE] => VBANK
    [P_OID] => 260209-031
    [P_FN_CD1] => 03
    [P_FN_CD2] => 
    [P_FN_NM] => 기업은행
    [P_AMT] => 3500
    [P_UNAME] => 김용은
    [P_RMESG1] => P_VACCT_NO=07500573297306|P_EXP_DT=20260219
    [P_RMESG2] => 
    [P_NOTI] => 
    [P_AUTH_NO] => 
)

 Array
(
    [PageCall time] => 16:09:30
    [P_TID] => INIMX_VBNKCAEcatca0720260209160649375170
    [P_MID] => CAEcatca07
    [P_AUTH_DT] => 20260209160930
    [P_STATUS] => 02
    [P_TYPE] => VBANK
    [P_OID] => 260209-035
    [P_FN_CD1] => 88
    [P_FN_CD2] => 
    [P_FN_NM] => 신한은행
    [P_AMT] => 3500
    [P_UNAME] => 이현민
    [P_RMESG1] => P_VACCT_NO=56211103444788|P_EXP_DT=20260219
    [P_RMESG2] => 
    [P_NOTI] => 
    [P_AUTH_NO] => 
)

 Array
(
    [PageCall time] => 16:35:54
    [P_TID] => INIMX_VBNKCAEcatca0720260209163244465199
    [P_MID] => CAEcatca07
    [P_AUTH_DT] => 20260209163554
    [P_STATUS] => 02
    [P_TYPE] => VBANK
    [P_OID] => 260209-036
    [P_FN_CD1] => 88
    [P_FN_CD2] => 
    [P_FN_NM] => 신한은행
    [P_AMT] => 3500
    [P_UNAME] => 황유나
    [P_RMESG1] => P_VACCT_NO=56211103447235|P_EXP_DT=20260219
    [P_RMESG2] => 
    [P_NOTI] => 
    [P_AUTH_NO] => 
)

 Array
(
    [PageCall time] => 17:30:02
    [P_TID] => INIMX_VBNKCAEcatca0720260209172658285451
    [P_MID] => CAEcatca07
    [P_AUTH_DT] => 20260209173002
    [P_STATUS] => 02
    [P_TYPE] => VBANK
    [P_OID] => 260209-038
    [P_FN_CD1] => 32
    [P_FN_CD2] => 
    [P_FN_NM] => 부산은행
    [P_AMT] => 3500
    [P_UNAME] => 박미현
    [P_RMESG1] => P_VACCT_NO=109924634912|P_EXP_DT=20260219
    [P_RMESG2] => 
    [P_NOTI] => 
    [P_AUTH_NO] => 
)

 Array
(
    [PageCall time] => 17:34:06
    [P_TID] => INIMX_VBNKCAEcatca0720260209173127695946
    [P_MID] => CAEcatca07
    [P_AUTH_DT] => 20260209173406
    [P_STATUS] => 02
    [P_TYPE] => VBANK
    [P_OID] => 260209-040
    [P_FN_CD1] => 88
    [P_FN_CD2] => 
    [P_FN_NM] => 신한은행
    [P_AMT] => 3500
    [P_UNAME] => 정세나
    [P_RMESG1] => P_VACCT_NO=56211103452030|P_EXP_DT=20260219
    [P_RMESG2] => 
    [P_NOTI] => 
    [P_AUTH_NO] => 
)

 Array
(
    [PageCall time] => 18:16:58
    [P_TID] => INIMX_VBNKCAEcatca0720260209181358425058
    [P_MID] => CAEcatca07
    [P_AUTH_DT] => 20260209181658
    [P_STATUS] => 02
    [P_TYPE] => VBANK
    [P_OID] => 260209-041
    [P_FN_CD1] => 20
    [P_FN_CD2] => 
    [P_FN_NM] => 우리은행
    [P_AMT] => 3500
    [P_UNAME] => 오정미
    [P_RMESG1] => P_VACCT_NO=27490455118536|P_EXP_DT=20260219
    [P_RMESG2] => 
    [P_NOTI] => 
    [P_AUTH_NO] => 
)

 Array
(
    [PageCall time] => 18:17:22
    [P_TID] => INIMX_VBNKCAEcatca0720260209181438895318
    [P_MID] => CAEcatca07
    [P_AUTH_DT] => 20260209181722
    [P_STATUS] => 02
    [P_TYPE] => VBANK
    [P_OID] => 260209-042
    [P_FN_CD1] => 81
    [P_FN_CD2] => 
    [P_FN_NM] => 하나은행
    [P_AMT] => 3500
    [P_UNAME] => 권수진
    [P_RMESG1] => P_VACCT_NO=20894035164337|P_EXP_DT=20260219
    [P_RMESG2] => 
    [P_NOTI] => 
    [P_AUTH_NO] => 
)

 Array
(
    [PageCall time] => 18:54:50
    [P_TID] => INIMX_VBNKCAEcatca0720260209185140315729
    [P_MID] => CAEcatca07
    [P_AUTH_DT] => 20260209185450
    [P_STATUS] => 02
    [P_TYPE] => VBANK
    [P_OID] => 260209-044
    [P_FN_CD1] => 04
    [P_FN_CD2] => 
    [P_FN_NM] => KB국민은행
    [P_AMT] => 3500
    [P_UNAME] => 임슬기
    [P_RMESG1] => P_VACCT_NO=70189014357472|P_EXP_DT=20260219
    [P_RMESG2] => 
    [P_NOTI] => 
    [P_AUTH_NO] => 
)

 Array
(
    [PageCall time] => 19:31:38
    [P_TID] => INIMX_VBNKCAEcatca0720260209192848515959
    [P_MID] => CAEcatca07
    [P_AUTH_DT] => 20260209193138
    [P_STATUS] => 02
    [P_TYPE] => VBANK
    [P_OID] => 260209-045
    [P_FN_CD1] => 04
    [P_FN_CD2] => 
    [P_FN_NM] => KB국민은행
    [P_AMT] => 3500
    [P_UNAME] => 이성은
    [P_RMESG1] => P_VACCT_NO=70189014361738|P_EXP_DT=20260219
    [P_RMESG2] => 
    [P_NOTI] => 
    [P_AUTH_NO] => 
)

 Array
(
    [PageCall time] => 20:04:11
    [P_TID] => INIMX_VBNKCAEcatca0720260209200138755580
    [P_MID] => CAEcatca07
    [P_AUTH_DT] => 20260209200410
    [P_STATUS] => 02
    [P_TYPE] => VBANK
    [P_OID] => 260209-046
    [P_FN_CD1] => 88
    [P_FN_CD2] => 
    [P_FN_NM] => 신한은행
    [P_AMT] => 3500
    [P_UNAME] => 송송미
    [P_RMESG1] => P_VACCT_NO=56211103459556|P_EXP_DT=20260219
    [P_RMESG2] => 
    [P_NOTI] => 
    [P_AUTH_NO] => 
)

 Array
(
    [PageCall time] => 20:47:18
    [P_TID] => INIMX_VBNKCAEcatca0720260209204434375498
    [P_MID] => CAEcatca07
    [P_AUTH_DT] => 20260209204718
    [P_STATUS] => 02
    [P_TYPE] => VBANK
    [P_OID] => 260209-049
    [P_FN_CD1] => 04
    [P_FN_CD2] => 
    [P_FN_NM] => KB국민은행
    [P_AMT] => 3500
    [P_UNAME] => 조정아
    [P_RMESG1] => P_VACCT_NO=70189014368373|P_EXP_DT=20260219
    [P_RMESG2] => 
    [P_NOTI] => 
    [P_AUTH_NO] => 
)

 Array
(
    [PageCall time] => 22:07:33
    [P_TID] => INIMX_VBNKCAEcatca0720260209220419615765
    [P_MID] => CAEcatca07
    [P_AUTH_DT] => 20260209220733
    [P_STATUS] => 02
    [P_TYPE] => VBANK
    [P_OID] => 260209-050
    [P_FN_CD1] => 04
    [P_FN_CD2] => 
    [P_FN_NM] => KB국민은행
    [P_AMT] => 3500
    [P_UNAME] => 김지성
    [P_RMESG1] => P_VACCT_NO=70189014375049|P_EXP_DT=20260219
    [P_RMESG2] => 
    [P_NOTI] => 
    [P_AUTH_NO] => 
)

 Array
(
    [PageCall time] => 22:19:02
    [P_TID] => INIMX_VBNKCAEcatca0720260209221528305429
    [P_MID] => CAEcatca07
    [P_AUTH_DT] => 20260209221902
    [P_STATUS] => 02
    [P_TYPE] => VBANK
    [P_OID] => 260204-017
    [P_FN_CD1] => 88
    [P_FN_CD2] => 
    [P_FN_NM] => 신한은행
    [P_AMT] => 3500
    [P_UNAME] => 김윤수
    [P_RMESG1] => P_VACCT_NO=56211103464863|P_EXP_DT=20260219
    [P_RMESG2] => 
    [P_NOTI] => 
    [P_AUTH_NO] => 
)

