 Array
(
    [PageCall time] => 02:03:10
    [P_TID] => INIMX_VBNKCAEcatca0720251112020035875063
    [P_MID] => CAEcatca07
    [P_AUTH_DT] => 20251112020310
    [P_STATUS] => 02
    [P_TYPE] => VBANK
    [P_OID] => 251112-002
    [P_FN_CD1] => 20
    [P_FN_CD2] => 
    [P_FN_NM] => 우리은행
    [P_AMT] => 3000
    [P_UNAME] => 공다빈
    [P_RMESG1] => P_VACCT_NO=61848252518350|P_EXP_DT=20251122
    [P_RMESG2] => 
    [P_NOTI] => 
    [P_AUTH_NO] => 
)

 Array
(
    [PageCall time] => 04:24:30
    [P_TID] => INIMX_VBNKCAEcatca0720251112041823795696
    [P_MID] => CAEcatca07
    [P_AUTH_DT] => 20251112042430
    [P_STATUS] => 02
    [P_TYPE] => VBANK
    [P_OID] => 251112-004
    [P_FN_CD1] => 04
    [P_FN_CD2] => 
    [P_FN_NM] => KB국민은행
    [P_AMT] => 3000
    [P_UNAME] => 정소연
    [P_RMESG1] => P_VACCT_NO=26029078305516|P_EXP_DT=20251122
    [P_RMESG2] => 
    [P_NOTI] => 
    [P_AUTH_NO] => 
)

 Array
(
    [PageCall time] => 10:06:40
    [P_TID] => INIMX_VBNKCAEcatca0720251112100338605987
    [P_MID] => CAEcatca07
    [P_AUTH_DT] => 20251112100640
    [P_STATUS] => 02
    [P_TYPE] => VBANK
    [P_OID] => 251111-031
    [P_FN_CD1] => 20
    [P_FN_CD2] => 
    [P_FN_NM] => 우리은행
    [P_AMT] => 3000
    [P_UNAME] => 이상훈
    [P_RMESG1] => P_VACCT_NO=61848259118381|P_EXP_DT=20251122
    [P_RMESG2] => 
    [P_NOTI] => 
    [P_AUTH_NO] => 
)

 Array
(
    [PageCall time] => 10:17:19
    [P_TID] => INIMX_VBNKCAEcatca0720251112101414925364
    [P_MID] => CAEcatca07
    [P_AUTH_DT] => 20251112101719
    [P_STATUS] => 02
    [P_TYPE] => VBANK
    [P_OID] => 251112-007
    [P_FN_CD1] => 32
    [P_FN_CD2] => 
    [P_FN_NM] => 부산은행
    [P_AMT] => 3000
    [P_UNAME] => 허수영
    [P_RMESG1] => P_VACCT_NO=109924261773|P_EXP_DT=20251122
    [P_RMESG2] => 
    [P_NOTI] => 
    [P_AUTH_NO] => 
)

 Array
(
    [PageCall time] => 10:41:44
    [P_TID] => INIMX_VBNKCAEcatca0720251112103930575757
    [P_MID] => CAEcatca07
    [P_AUTH_DT] => 20251112104144
    [P_STATUS] => 02
    [P_TYPE] => VBANK
    [P_OID] => 251112-008
    [P_FN_CD1] => 11
    [P_FN_CD2] => 
    [P_FN_NM] => NH농협은행
    [P_AMT] => 3000
    [P_UNAME] => 배주형
    [P_RMESG1] => P_VACCT_NO=79015901835540|P_EXP_DT=20251122
    [P_RMESG2] => 
    [P_NOTI] => 
    [P_AUTH_NO] => 
)

 Array
(
    [PageCall time] => 11:18:53
    [P_TID] => INIMX_VBNKCAEcatca0720251112111343295856
    [P_MID] => CAEcatca07
    [P_AUTH_DT] => 20251112111853
    [P_STATUS] => 02
    [P_TYPE] => VBANK
    [P_OID] => 251112-010
    [P_FN_CD1] => 89
    [P_FN_CD2] => 
    [P_FN_NM] => 케이뱅크
    [P_AMT] => 3000
    [P_UNAME] => 이해영
    [P_RMESG1] => P_VACCT_NO=70112003826611|P_EXP_DT=20251122
    [P_RMESG2] => 
    [P_NOTI] => 
    [P_AUTH_NO] => 
)

 Array
(
    [PageCall time] => 11:31:46
    [P_TID] => INIMX_VBNKCAEcatca0720251112112706175468
    [P_MID] => CAEcatca07
    [P_AUTH_DT] => 20251112113146
    [P_STATUS] => 02
    [P_TYPE] => VBANK
    [P_OID] => 251112-011
    [P_FN_CD1] => 89
    [P_FN_CD2] => 
    [P_FN_NM] => 케이뱅크
    [P_AMT] => 3000
    [P_UNAME] => 박희영
    [P_RMESG1] => P_VACCT_NO=70112003826921|P_EXP_DT=20251122
    [P_RMESG2] => 
    [P_NOTI] => 
    [P_AUTH_NO] => 
)

 Array
(
    [PageCall time] => 11:37:26
    [P_TID] => INIMX_VBNKCAEcatca0720251112113458885674
    [P_MID] => CAEcatca07
    [P_AUTH_DT] => 20251112113726
    [P_STATUS] => 02
    [P_TYPE] => VBANK
    [P_OID] => 251112-012
    [P_FN_CD1] => 88
    [P_FN_CD2] => 
    [P_FN_NM] => 신한은행
    [P_AMT] => 3000
    [P_UNAME] => 최성민
    [P_RMESG1] => P_VACCT_NO=56211105488114|P_EXP_DT=20251122
    [P_RMESG2] => 
    [P_NOTI] => 
    [P_AUTH_NO] => 
)

 Array
(
    [PageCall time] => 11:40:44
    [P_TID] => INIMX_VBNKCAEcatca0720251112113653365384
    [P_MID] => CAEcatca07
    [P_AUTH_DT] => 20251112114044
    [P_STATUS] => 02
    [P_TYPE] => VBANK
    [P_OID] => 251112-013
    [P_FN_CD1] => 81
    [P_FN_CD2] => 
    [P_FN_NM] => 하나은행
    [P_AMT] => 3000
    [P_UNAME] => 지영주
    [P_RMESG1] => P_VACCT_NO=20893999307037|P_EXP_DT=20251122
    [P_RMESG2] => 
    [P_NOTI] => 
    [P_AUTH_NO] => 
)

 Array
(
    [PageCall time] => 12:55:37
    [P_TID] => INIMX_VBNKCAEcatca0720251112125248335654
    [P_MID] => CAEcatca07
    [P_AUTH_DT] => 20251112125537
    [P_STATUS] => 02
    [P_TYPE] => VBANK
    [P_OID] => 251112-015
    [P_FN_CD1] => 88
    [P_FN_CD2] => 
    [P_FN_NM] => 신한은행
    [P_AMT] => 3000
    [P_UNAME] => 최혜주
    [P_RMESG1] => P_VACCT_NO=56211105493084|P_EXP_DT=20251122
    [P_RMESG2] => 
    [P_NOTI] => 
    [P_AUTH_NO] => 
)

 Array
(
    [PageCall time] => 13:44:37
    [P_TID] => INIMX_VBNKCAEcatca0720251112134131955912
    [P_MID] => CAEcatca07
    [P_AUTH_DT] => 20251112134437
    [P_STATUS] => 02
    [P_TYPE] => VBANK
    [P_OID] => 251112-018
    [P_FN_CD1] => 04
    [P_FN_CD2] => 
    [P_FN_NM] => KB국민은행
    [P_AMT] => 3000
    [P_UNAME] => 최순정
    [P_RMESG1] => P_VACCT_NO=26159078705630|P_EXP_DT=20251122
    [P_RMESG2] => 
    [P_NOTI] => 
    [P_AUTH_NO] => 
)

 Array
(
    [PageCall time] => 13:52:07
    [P_TID] => INIMX_VBNKCAEcatca0720251112134933835286
    [P_MID] => CAEcatca07
    [P_AUTH_DT] => 20251112135207
    [P_STATUS] => 02
    [P_TYPE] => VBANK
    [P_OID] => 251112-019
    [P_FN_CD1] => 03
    [P_FN_CD2] => 
    [P_FN_NM] => 기업은행
    [P_AMT] => 3000
    [P_UNAME] => 변다혜
    [P_RMESG1] => P_VACCT_NO=07500661597542|P_EXP_DT=20251122
    [P_RMESG2] => 
    [P_NOTI] => 
    [P_AUTH_NO] => 
)

 Array
(
    [PageCall time] => 14:00:34
    [P_TID] => INIMX_VBNKCAEcatca0720251112135734435663
    [P_MID] => CAEcatca07
    [P_AUTH_DT] => 20251112140033
    [P_STATUS] => 02
    [P_TYPE] => VBANK
    [P_OID] => 251112-020
    [P_FN_CD1] => 81
    [P_FN_CD2] => 
    [P_FN_NM] => 하나은행
    [P_AMT] => 3000
    [P_UNAME] => 김상규
    [P_RMESG1] => P_VACCT_NO=20894000197237|P_EXP_DT=20251122
    [P_RMESG2] => 
    [P_NOTI] => 
    [P_AUTH_NO] => 
)

 Array
(
    [PageCall time] => 14:05:39
    [P_TID] => INIMX_VBNKCAEcatca0720251112140448385235
    [P_MID] => CAEcatca07
    [P_AUTH_DT] => 20251112140539
    [P_STATUS] => 02
    [P_TYPE] => VBANK
    [P_OID] => 251112-022
    [P_FN_CD1] => 11
    [P_FN_CD2] => 
    [P_FN_NM] => NH농협은행
    [P_AMT] => 3000
    [P_UNAME] => 김혜란
    [P_RMESG1] => P_VACCT_NO=79015901867588|P_EXP_DT=20251122
    [P_RMESG2] => 
    [P_NOTI] => 
    [P_AUTH_NO] => 
)

 Array
(
    [PageCall time] => 14:40:54
    [P_TID] => INIMX_VBNKCAEcatca0720251112143741145353
    [P_MID] => CAEcatca07
    [P_AUTH_DT] => 20251112144054
    [P_STATUS] => 02
    [P_TYPE] => VBANK
    [P_OID] => 251112-023
    [P_FN_CD1] => 81
    [P_FN_CD2] => 
    [P_FN_NM] => 하나은행
    [P_AMT] => 3000
    [P_UNAME] => 박철민
    [P_RMESG1] => P_VACCT_NO=20894000716737|P_EXP_DT=20251122
    [P_RMESG2] => 
    [P_NOTI] => 
    [P_AUTH_NO] => 
)

 Array
(
    [PageCall time] => 15:07:34
    [P_TID] => INIMX_VBNKCAEcatca0720251112150454125164
    [P_MID] => CAEcatca07
    [P_AUTH_DT] => 20251112150734
    [P_STATUS] => 02
    [P_TYPE] => VBANK
    [P_OID] => 251112-025
    [P_FN_CD1] => 88
    [P_FN_CD2] => 
    [P_FN_NM] => 신한은행
    [P_AMT] => 3000
    [P_UNAME] => 김진아
    [P_RMESG1] => P_VACCT_NO=56211105509762|P_EXP_DT=20251122
    [P_RMESG2] => 
    [P_NOTI] => 
    [P_AUTH_NO] => 
)

 Array
(
    [PageCall time] => 16:02:48
    [P_TID] => INIMX_VBNKCAEcatca0720251112155934765973
    [P_MID] => CAEcatca07
    [P_AUTH_DT] => 20251112160248
    [P_STATUS] => 02
    [P_TYPE] => VBANK
    [P_OID] => 251112-028
    [P_FN_CD1] => 03
    [P_FN_CD2] => 
    [P_FN_NM] => 기업은행
    [P_AMT] => 3000
    [P_UNAME] => 박선종
    [P_RMESG1] => P_VACCT_NO=07500686597631|P_EXP_DT=20251122
    [P_RMESG2] => 
    [P_NOTI] => 
    [P_AUTH_NO] => 
)

 Array
(
    [PageCall time] => 16:24:59
    [P_TID] => INIMX_VBNKCAEcatca0720251112162206635580
    [P_MID] => CAEcatca07
    [P_AUTH_DT] => 20251112162459
    [P_STATUS] => 02
    [P_TYPE] => VBANK
    [P_OID] => 251112-032
    [P_FN_CD1] => 04
    [P_FN_CD2] => 
    [P_FN_NM] => KB국민은행
    [P_AMT] => 3000
    [P_UNAME] => 전현아
    [P_RMESG1] => P_VACCT_NO=39319011835660|P_EXP_DT=20251122
    [P_RMESG2] => 
    [P_NOTI] => 
    [P_AUTH_NO] => 
)

 Array
(
    [PageCall time] => 16:26:32
    [P_TID] => INIMX_VBNKCAEcatca0720251112162338405704
    [P_MID] => CAEcatca07
    [P_AUTH_DT] => 20251112162632
    [P_STATUS] => 02
    [P_TYPE] => VBANK
    [P_OID] => 251112-033
    [P_FN_CD1] => 81
    [P_FN_CD2] => 
    [P_FN_NM] => 하나은행
    [P_AMT] => 3000
    [P_UNAME] => 주고은
    [P_RMESG1] => P_VACCT_NO=20894001691937|P_EXP_DT=20251122
    [P_RMESG2] => 
    [P_NOTI] => 
    [P_AUTH_NO] => 
)

 Array
(
    [PageCall time] => 17:11:51
    [P_TID] => INIMX_VBNKCAEcatca0720251112170914395777
    [P_MID] => CAEcatca07
    [P_AUTH_DT] => 20251112171151
    [P_STATUS] => 02
    [P_TYPE] => VBANK
    [P_OID] => 251112-035
    [P_FN_CD1] => 04
    [P_FN_CD2] => 
    [P_FN_NM] => KB국민은행
    [P_AMT] => 3000
    [P_UNAME] => 정지윤
    [P_RMESG1] => P_VACCT_NO=39449011662270|P_EXP_DT=20251122
    [P_RMESG2] => 
    [P_NOTI] => 
    [P_AUTH_NO] => 
)

 Array
(
    [PageCall time] => 17:48:01
    [P_TID] => INIMX_VBNKCAEcatca0720251112174706125621
    [P_MID] => CAEcatca07
    [P_AUTH_DT] => 20251112174801
    [P_STATUS] => 02
    [P_TYPE] => VBANK
    [P_OID] => 251112-036
    [P_FN_CD1] => 11
    [P_FN_CD2] => 
    [P_FN_NM] => NH농협은행
    [P_AMT] => 3000
    [P_UNAME] => 박만충
    [P_RMESG1] => P_VACCT_NO=79015901915406|P_EXP_DT=20251122
    [P_RMESG2] => 
    [P_NOTI] => 
    [P_AUTH_NO] => 
)

 Array
(
    [PageCall time] => 18:04:55
    [P_TID] => INIMX_VBNKCAEcatca0720251111230138615178
    [P_MID] => CAEcatca07
    [P_AUTH_DT] => 20251112180455
    [P_STATUS] => 02
    [P_TYPE] => VBANK
    [P_OID] => 251111-053
    [P_FN_CD1] => 04
    [P_FN_CD2] => 
    [P_FN_NM] => KB국민은행
    [P_AMT] => 3000
    [P_UNAME] => 박민주
    [P_RMESG1] => P_VACCT_NO=26029078180210|P_EXP_DT=20251121
    [P_RMESG2] => 
    [P_NOTI] => 
    [P_AUTH_NO] => 
)

 Array
(
    [PageCall time] => 18:36:56
    [P_TID] => INIMX_VBNKCAEcatca0720251112183417255723
    [P_MID] => CAEcatca07
    [P_AUTH_DT] => 20251112183656
    [P_STATUS] => 02
    [P_TYPE] => VBANK
    [P_OID] => 251112-037
    [P_FN_CD1] => 32
    [P_FN_CD2] => 
    [P_FN_NM] => 부산은행
    [P_AMT] => 3000
    [P_UNAME] => 김시은
    [P_RMESG1] => P_VACCT_NO=109924267155|P_EXP_DT=20251122
    [P_RMESG2] => 
    [P_NOTI] => 
    [P_AUTH_NO] => 
)

 Array
(
    [PageCall time] => 18:41:36
    [P_TID] => INIMX_VBNKCAEcatca0720251112183935345911
    [P_MID] => CAEcatca07
    [P_AUTH_DT] => 20251112184136
    [P_STATUS] => 02
    [P_TYPE] => VBANK
    [P_OID] => 251112-038
    [P_FN_CD1] => 11
    [P_FN_CD2] => 
    [P_FN_NM] => NH농협은행
    [P_AMT] => 3000
    [P_UNAME] => 김혜영
    [P_RMESG1] => P_VACCT_NO=79015901922801|P_EXP_DT=20251122
    [P_RMESG2] => 
    [P_NOTI] => 
    [P_AUTH_NO] => 
)

 Array
(
    [PageCall time] => 18:46:56
    [P_TID] => INIMX_VBNKCAEcatca0720251112184337865059
    [P_MID] => CAEcatca07
    [P_AUTH_DT] => 20251112184656
    [P_STATUS] => 02
    [P_TYPE] => VBANK
    [P_OID] => 251112-026
    [P_FN_CD1] => 81
    [P_FN_CD2] => 
    [P_FN_NM] => 하나은행
    [P_AMT] => 3000
    [P_UNAME] => 김영환
    [P_RMESG1] => P_VACCT_NO=20894002467237|P_EXP_DT=20251122
    [P_RMESG2] => 
    [P_NOTI] => 
    [P_AUTH_NO] => 
)

 Array
(
    [PageCall time] => 19:36:03
    [P_TID] => INIMX_VBNKCAEcatca0720251112193311185372
    [P_MID] => CAEcatca07
    [P_AUTH_DT] => 20251112193603
    [P_STATUS] => 02
    [P_TYPE] => VBANK
    [P_OID] => 251112-039
    [P_FN_CD1] => 04
    [P_FN_CD2] => 
    [P_FN_NM] => KB국민은행
    [P_AMT] => 3000
    [P_UNAME] => 길창규
    [P_RMESG1] => P_VACCT_NO=26029078341846|P_EXP_DT=20251122
    [P_RMESG2] => 
    [P_NOTI] => 
    [P_AUTH_NO] => 
)

 Array
(
    [PageCall time] => 19:40:40
    [P_TID] => INIMX_VBNKCAEcatca0720251112193757505407
    [P_MID] => CAEcatca07
    [P_AUTH_DT] => 20251112194040
    [P_STATUS] => 02
    [P_TYPE] => VBANK
    [P_OID] => 251112-040
    [P_FN_CD1] => 88
    [P_FN_CD2] => 
    [P_FN_NM] => 신한은행
    [P_AMT] => 3000
    [P_UNAME] => 강한솔
    [P_RMESG1] => P_VACCT_NO=56211105532026|P_EXP_DT=20251122
    [P_RMESG2] => 
    [P_NOTI] => 
    [P_AUTH_NO] => 
)

 Array
(
    [PageCall time] => 20:40:02
    [P_TID] => INIMX_VBNKCAEcatca0720251112203731205760
    [P_MID] => CAEcatca07
    [P_AUTH_DT] => 20251112204001
    [P_STATUS] => 02
    [P_TYPE] => VBANK
    [P_OID] => 251112-043
    [P_FN_CD1] => 88
    [P_FN_CD2] => 
    [P_FN_NM] => 신한은행
    [P_AMT] => 3000
    [P_UNAME] => 윤진형
    [P_RMESG1] => P_VACCT_NO=56211105535236|P_EXP_DT=20251122
    [P_RMESG2] => 
    [P_NOTI] => 
    [P_AUTH_NO] => 
)

 Array
(
    [PageCall time] => 22:04:24
    [P_TID] => INIMX_VBNKCAEcatca0720251112220104595369
    [P_MID] => CAEcatca07
    [P_AUTH_DT] => 20251112220424
    [P_STATUS] => 02
    [P_TYPE] => VBANK
    [P_OID] => 251112-045
    [P_FN_CD1] => 04
    [P_FN_CD2] => 
    [P_FN_NM] => KB국민은행
    [P_AMT] => 3000
    [P_UNAME] => 김준호
    [P_RMESG1] => P_VACCT_NO=26029078398910|P_EXP_DT=20251122
    [P_RMESG2] => 
    [P_NOTI] => 
    [P_AUTH_NO] => 
)

 Array
(
    [PageCall time] => 22:17:08
    [P_TID] => INIMX_VBNKCAEcatca0720251112221352605689
    [P_MID] => CAEcatca07
    [P_AUTH_DT] => 20251112221708
    [P_STATUS] => 02
    [P_TYPE] => VBANK
    [P_OID] => 251112-041
    [P_FN_CD1] => 04
    [P_FN_CD2] => 
    [P_FN_NM] => KB국민은행
    [P_AMT] => 3000
    [P_UNAME] => 안소정
    [P_RMESG1] => P_VACCT_NO=26029078404138|P_EXP_DT=20251122
    [P_RMESG2] => 
    [P_NOTI] => 
    [P_AUTH_NO] => 
)

 Array
(
    [PageCall time] => 22:33:48
    [P_TID] => INIMX_VBNKCAEcatca0720251112223038205423
    [P_MID] => CAEcatca07
    [P_AUTH_DT] => 20251112223348
    [P_STATUS] => 02
    [P_TYPE] => VBANK
    [P_OID] => 251112-046
    [P_FN_CD1] => 20
    [P_FN_CD2] => 
    [P_FN_NM] => 우리은행
    [P_AMT] => 3000
    [P_UNAME] => 이미경
    [P_RMESG1] => P_VACCT_NO=61848303318890|P_EXP_DT=20251122
    [P_RMESG2] => 
    [P_NOTI] => 
    [P_AUTH_NO] => 
)

 Array
(
    [PageCall time] => 23:10:38
    [P_TID] => INIMX_VBNKCAEcatca0720251112230808995574
    [P_MID] => CAEcatca07
    [P_AUTH_DT] => 20251112231038
    [P_STATUS] => 02
    [P_TYPE] => VBANK
    [P_OID] => 251112-044
    [P_FN_CD1] => 04
    [P_FN_CD2] => 
    [P_FN_NM] => KB국민은행
    [P_AMT] => 3000
    [P_UNAME] => 이제성
    [P_RMESG1] => P_VACCT_NO=26029078425496|P_EXP_DT=20251122
    [P_RMESG2] => 
    [P_NOTI] => 
    [P_AUTH_NO] => 
)

