 Array
(
    [PageCall time] => 05:29:53
    [P_TID] => INIMX_VBNKCAEcatca0720250604052905365828
    [P_MID] => CAEcatca07
    [P_AUTH_DT] => 20250604052953
    [P_STATUS] => 02
    [P_TYPE] => VBANK
    [P_OID] => 250604-001
    [P_FN_CD1] => 04
    [P_FN_CD2] => 
    [P_FN_NM] => KB국민은행
    [P_AMT] => 3000
    [P_UNAME] => 김학근
    [P_RMESG1] => P_VACCT_NO=60539014991880|P_EXP_DT=20250614
    [P_RMESG2] => 
    [P_NOTI] => 
    [P_AUTH_NO] => 
)

 Array
(
    [PageCall time] => 08:16:15
    [P_TID] => INIMX_VBNKCAEcatca0720250604081517415407
    [P_MID] => CAEcatca07
    [P_AUTH_DT] => 20250604081615
    [P_STATUS] => 02
    [P_TYPE] => VBANK
    [P_OID] => 250530-018
    [P_FN_CD1] => 11
    [P_FN_CD2] => 
    [P_FN_NM] => NH농협은행
    [P_AMT] => 3000
    [P_UNAME] => 박윤지
    [P_RMESG1] => P_VACCT_NO=79010582267174|P_EXP_DT=20250614
    [P_RMESG2] => 
    [P_NOTI] => 
    [P_AUTH_NO] => 
)

 Array
(
    [PageCall time] => 09:07:50
    [P_TID] => INIMX_VBNKCAEcatca0720250604090438445978
    [P_MID] => CAEcatca07
    [P_AUTH_DT] => 20250604090750
    [P_STATUS] => 02
    [P_TYPE] => VBANK
    [P_OID] => 250529-024
    [P_FN_CD1] => 20
    [P_FN_CD2] => 
    [P_FN_NM] => 우리은행
    [P_AMT] => 3000
    [P_UNAME] => 김명순
    [P_RMESG1] => P_VACCT_NO=27490886118161|P_EXP_DT=20250614
    [P_RMESG2] => 
    [P_NOTI] => 
    [P_AUTH_NO] => 
)

 Array
(
    [PageCall time] => 10:47:36
    [P_TID] => INIMX_VBNKCAEcatca0720250604104555945896
    [P_MID] => CAEcatca07
    [P_AUTH_DT] => 20250604104736
    [P_STATUS] => 02
    [P_TYPE] => VBANK
    [P_OID] => 250604-009
    [P_FN_CD1] => 04
    [P_FN_CD2] => 
    [P_FN_NM] => KB국민은행
    [P_AMT] => 3000
    [P_UNAME] => 김희정
    [P_RMESG1] => P_VACCT_NO=79889078482460|P_EXP_DT=20250614
    [P_RMESG2] => 
    [P_NOTI] => 
    [P_AUTH_NO] => 
)

 Array
(
    [PageCall time] => 10:49:19
    [P_TID] => INIMX_VBNKCAEcatca0720250604104221575970
    [P_MID] => CAEcatca07
    [P_AUTH_DT] => 20250604104919
    [P_STATUS] => 02
    [P_TYPE] => VBANK
    [P_OID] => 250604-008
    [P_FN_CD1] => 20
    [P_FN_CD2] => 
    [P_FN_NM] => 우리은행
    [P_AMT] => 3000
    [P_UNAME] => 조제학
    [P_RMESG1] => P_VACCT_NO=27490898418925|P_EXP_DT=20250614
    [P_RMESG2] => 
    [P_NOTI] => 
    [P_AUTH_NO] => 
)

 Array
(
    [PageCall time] => 11:05:07
    [P_TID] => INIMX_VBNKCAEcatca0720250602174746845716
    [P_MID] => CAEcatca07
    [P_AUTH_DT] => 20250604110507
    [P_STATUS] => 02
    [P_TYPE] => VBANK
    [P_OID] => 250602-019
    [P_FN_CD1] => 20
    [P_FN_CD2] => 
    [P_FN_NM] => 우리은행
    [P_AMT] => 3000
    [P_UNAME] => 팝골프
    [P_RMESG1] => P_VACCT_NO=27490800918582|P_EXP_DT=20250612
    [P_RMESG2] => 
    [P_NOTI] => 
    [P_AUTH_NO] => 
)

 Array
(
    [PageCall time] => 11:14:44
    [P_TID] => INIMX_VBNKCAEcatca0720250604111138675842
    [P_MID] => CAEcatca07
    [P_AUTH_DT] => 20250604111444
    [P_STATUS] => 02
    [P_TYPE] => VBANK
    [P_OID] => 250604-013
    [P_FN_CD1] => 03
    [P_FN_CD2] => 
    [P_FN_NM] => 기업은행
    [P_AMT] => 3000
    [P_UNAME] => 박선영
    [P_RMESG1] => P_VACCT_NO=07503178397731|P_EXP_DT=20250614
    [P_RMESG2] => 
    [P_NOTI] => 
    [P_AUTH_NO] => 
)

 Array
(
    [PageCall time] => 11:26:42
    [P_TID] => INIMX_VBNKCAEcatca0720250604112212175097
    [P_MID] => CAEcatca07
    [P_AUTH_DT] => 20250604112642
    [P_STATUS] => 02
    [P_TYPE] => VBANK
    [P_OID] => 250604-011
    [P_FN_CD1] => 31
    [P_FN_CD2] => 
    [P_FN_NM] => 아이엠뱅크(대구은행)
    [P_AMT] => 3000
    [P_UNAME] => 김동원
    [P_RMESG1] => P_VACCT_NO=9600363000265|P_EXP_DT=20250614
    [P_RMESG2] => 
    [P_NOTI] => 
    [P_AUTH_NO] => 
)

 Array
(
    [PageCall time] => 11:41:48
    [P_TID] => INIMX_VBNKCAEcatca0720250604114012645320
    [P_MID] => CAEcatca07
    [P_AUTH_DT] => 20250604114148
    [P_STATUS] => 02
    [P_TYPE] => VBANK
    [P_OID] => 250604-016
    [P_FN_CD1] => 11
    [P_FN_CD2] => 
    [P_FN_NM] => NH농협은행
    [P_AMT] => 3000
    [P_UNAME] => 김혜정
    [P_RMESG1] => P_VACCT_NO=79010582616879|P_EXP_DT=20250614
    [P_RMESG2] => 
    [P_NOTI] => 
    [P_AUTH_NO] => 
)

 Array
(
    [PageCall time] => 11:54:09
    [P_TID] => INIMX_VBNKCAEcatca0720250604115223455138
    [P_MID] => CAEcatca07
    [P_AUTH_DT] => 20250604115409
    [P_STATUS] => 02
    [P_TYPE] => VBANK
    [P_OID] => 250604-017
    [P_FN_CD1] => 04
    [P_FN_CD2] => 
    [P_FN_NM] => KB국민은행
    [P_AMT] => 3000
    [P_UNAME] => 김성지
    [P_RMESG1] => P_VACCT_NO=87679011293202|P_EXP_DT=20250614
    [P_RMESG2] => 
    [P_NOTI] => 
    [P_AUTH_NO] => 
)

 Array
(
    [PageCall time] => 12:05:07
    [P_TID] => INIMX_VBNKCAEcatca0720250604120329155440
    [P_MID] => CAEcatca07
    [P_AUTH_DT] => 20250604120507
    [P_STATUS] => 02
    [P_TYPE] => VBANK
    [P_OID] => 250604-018
    [P_FN_CD1] => 11
    [P_FN_CD2] => 
    [P_FN_NM] => NH농협은행
    [P_AMT] => 3000
    [P_UNAME] => 김정엽
    [P_RMESG1] => P_VACCT_NO=79010582646721|P_EXP_DT=20250614
    [P_RMESG2] => 
    [P_NOTI] => 
    [P_AUTH_NO] => 
)

 Array
(
    [PageCall time] => 12:07:02
    [P_TID] => INIMX_VBNKCAEcatca0720250604115945455215
    [P_MID] => CAEcatca07
    [P_AUTH_DT] => 20250604120702
    [P_STATUS] => 02
    [P_TYPE] => VBANK
    [P_OID] => 250604-014
    [P_FN_CD1] => 11
    [P_FN_CD2] => 
    [P_FN_NM] => NH농협은행
    [P_AMT] => 3000
    [P_UNAME] => 윤경희
    [P_RMESG1] => P_VACCT_NO=79010582644565|P_EXP_DT=20250614
    [P_RMESG2] => 
    [P_NOTI] => 
    [P_AUTH_NO] => 
)

 Array
(
    [PageCall time] => 13:25:46
    [P_TID] => INIMX_VBNKCAEcatca0720250604132243885175
    [P_MID] => CAEcatca07
    [P_AUTH_DT] => 20250604132545
    [P_STATUS] => 02
    [P_TYPE] => VBANK
    [P_OID] => 250604-024
    [P_FN_CD1] => 88
    [P_FN_CD2] => 
    [P_FN_NM] => 신한은행
    [P_AMT] => 3000
    [P_UNAME] => 하광현
    [P_RMESG1] => P_VACCT_NO=56211103904101|P_EXP_DT=20250614
    [P_RMESG2] => 
    [P_NOTI] => 
    [P_AUTH_NO] => 
)

 Array
(
    [PageCall time] => 14:34:51
    [P_TID] => INIMX_VBNKCAEcatca0720250604143339445284
    [P_MID] => CAEcatca07
    [P_AUTH_DT] => 20250604143451
    [P_STATUS] => 02
    [P_TYPE] => VBANK
    [P_OID] => 250604-027
    [P_FN_CD1] => 04
    [P_FN_CD2] => 
    [P_FN_NM] => KB국민은행
    [P_AMT] => 3000
    [P_UNAME] => 김송이
    [P_RMESG1] => P_VACCT_NO=87679011891851|P_EXP_DT=20250614
    [P_RMESG2] => 
    [P_NOTI] => 
    [P_AUTH_NO] => 
)

 Array
(
    [PageCall time] => 15:07:08
    [P_TID] => INIMX_VBNKCAEcatca0720250604150557875078
    [P_MID] => CAEcatca07
    [P_AUTH_DT] => 20250604150708
    [P_STATUS] => 02
    [P_TYPE] => VBANK
    [P_OID] => 250604-030
    [P_FN_CD1] => 04
    [P_FN_CD2] => 
    [P_FN_NM] => KB국민은행
    [P_AMT] => 3000
    [P_UNAME] => 김미해
    [P_RMESG1] => P_VACCT_NO=87709011678239|P_EXP_DT=20250614
    [P_RMESG2] => 
    [P_NOTI] => 
    [P_AUTH_NO] => 
)

 Array
(
    [PageCall time] => 15:10:59
    [P_TID] => INIMX_VBNKCAEcatca0720250604150425475867
    [P_MID] => CAEcatca07
    [P_AUTH_DT] => 20250604151059
    [P_STATUS] => 02
    [P_TYPE] => VBANK
    [P_OID] => 250604-029
    [P_FN_CD1] => 03
    [P_FN_CD2] => 
    [P_FN_NM] => 기업은행
    [P_AMT] => 3000
    [P_UNAME] => 김혜심
    [P_RMESG1] => P_VACCT_NO=07503180997881|P_EXP_DT=20250614
    [P_RMESG2] => 
    [P_NOTI] => 
    [P_AUTH_NO] => 
)

 Array
(
    [PageCall time] => 16:09:24
    [P_TID] => INIMX_VBNKCAEcatca0720250604160841805892
    [P_MID] => CAEcatca07
    [P_AUTH_DT] => 20250604160924
    [P_STATUS] => 02
    [P_TYPE] => VBANK
    [P_OID] => 250604-035
    [P_FN_CD1] => 04
    [P_FN_CD2] => 
    [P_FN_NM] => KB국민은행
    [P_AMT] => 3000
    [P_UNAME] => 조민지
    [P_RMESG1] => P_VACCT_NO=88069011941942|P_EXP_DT=20250614
    [P_RMESG2] => 
    [P_NOTI] => 
    [P_AUTH_NO] => 
)

 Array
(
    [PageCall time] => 16:33:30
    [P_TID] => INIMX_VBNKCAEcatca0720250604163221615756
    [P_MID] => CAEcatca07
    [P_AUTH_DT] => 20250604163329
    [P_STATUS] => 02
    [P_TYPE] => VBANK
    [P_OID] => 250604-002
    [P_FN_CD1] => 04
    [P_FN_CD2] => 
    [P_FN_NM] => KB국민은행
    [P_AMT] => 3000
    [P_UNAME] => 김전중
    [P_RMESG1] => P_VACCT_NO=88269011674938|P_EXP_DT=20250614
    [P_RMESG2] => 
    [P_NOTI] => 
    [P_AUTH_NO] => 
)

 Array
(
    [PageCall time] => 17:45:58
    [P_TID] => INIMX_VBNKCAEcatca0720250604174445985594
    [P_MID] => CAEcatca07
    [P_AUTH_DT] => 20250604174558
    [P_STATUS] => 02
    [P_TYPE] => VBANK
    [P_OID] => 250604-028
    [P_FN_CD1] => 11
    [P_FN_CD2] => 
    [P_FN_NM] => NH농협은행
    [P_AMT] => 3000
    [P_UNAME] => 박정희
    [P_RMESG1] => P_VACCT_NO=79010583347499|P_EXP_DT=20250614
    [P_RMESG2] => 
    [P_NOTI] => 
    [P_AUTH_NO] => 
)

 Array
(
    [PageCall time] => 18:08:25
    [P_TID] => INIMX_VBNKCAEcatca0720250604180500425867
    [P_MID] => CAEcatca07
    [P_AUTH_DT] => 20250604180825
    [P_STATUS] => 02
    [P_TYPE] => VBANK
    [P_OID] => 250604-041
    [P_FN_CD1] => 88
    [P_FN_CD2] => 
    [P_FN_NM] => 신한은행
    [P_AMT] => 3000
    [P_UNAME] => 김향순
    [P_RMESG1] => P_VACCT_NO=56211105335059|P_EXP_DT=20250614
    [P_RMESG2] => 
    [P_NOTI] => 
    [P_AUTH_NO] => 
)

 Array
(
    [PageCall time] => 18:27:15
    [P_TID] => INIMX_VBNKCAEcatca0720250604182634845841
    [P_MID] => CAEcatca07
    [P_AUTH_DT] => 20250604182715
    [P_STATUS] => 02
    [P_TYPE] => VBANK
    [P_OID] => 250604-042
    [P_FN_CD1] => 04
    [P_FN_CD2] => 
    [P_FN_NM] => KB국민은행
    [P_AMT] => 3000
    [P_UNAME] => 김희정
    [P_RMESG1] => P_VACCT_NO=60539014994092|P_EXP_DT=20250614
    [P_RMESG2] => 
    [P_NOTI] => 
    [P_AUTH_NO] => 
)

 Array
(
    [PageCall time] => 19:35:17
    [P_TID] => INIMX_VBNKCAEcatca0720250604193244835319
    [P_MID] => CAEcatca07
    [P_AUTH_DT] => 20250604193517
    [P_STATUS] => 02
    [P_TYPE] => VBANK
    [P_OID] => 250604-043
    [P_FN_CD1] => 88
    [P_FN_CD2] => 
    [P_FN_NM] => 신한은행
    [P_AMT] => 3000
    [P_UNAME] => 백양숙
    [P_RMESG1] => P_VACCT_NO=56211105617606|P_EXP_DT=20250614
    [P_RMESG2] => 
    [P_NOTI] => 
    [P_AUTH_NO] => 
)

 Array
(
    [PageCall time] => 21:00:39
    [P_TID] => INIMX_VBNKCAEcatca0720250604205954465936
    [P_MID] => CAEcatca07
    [P_AUTH_DT] => 20250604210039
    [P_STATUS] => 02
    [P_TYPE] => VBANK
    [P_OID] => 250604-044
    [P_FN_CD1] => 11
    [P_FN_CD2] => 
    [P_FN_NM] => NH농협은행
    [P_AMT] => 3000
    [P_UNAME] => 이소연
    [P_RMESG1] => P_VACCT_NO=79010583965638|P_EXP_DT=20250614
    [P_RMESG2] => 
    [P_NOTI] => 
    [P_AUTH_NO] => 
)

 Array
(
    [PageCall time] => 21:21:10
    [P_TID] => INIMX_VBNKCAEcatca0720250604211825345586
    [P_MID] => CAEcatca07
    [P_AUTH_DT] => 20250604212110
    [P_STATUS] => 02
    [P_TYPE] => VBANK
    [P_OID] => 250604-045
    [P_FN_CD1] => 88
    [P_FN_CD2] => 
    [P_FN_NM] => 신한은행
    [P_AMT] => 3000
    [P_UNAME] => 김고은
    [P_RMESG1] => P_VACCT_NO=56211106537837|P_EXP_DT=20250614
    [P_RMESG2] => 
    [P_NOTI] => 
    [P_AUTH_NO] => 
)

