 Array
(
    [PageCall time] => 09:21:00
    [P_TID] => INIMX_VBNKCAEcatca0720250612143956495008
    [P_MID] => CAEcatca07
    [P_AUTH_DT] => 20250616092100
    [P_STATUS] => 02
    [P_TYPE] => VBANK
    [P_OID] => 250612-009
    [P_FN_CD1] => 23
    [P_FN_CD2] => 
    [P_FN_NM] => SC은행
    [P_AMT] => 3000
    [P_UNAME] => 박현주
    [P_RMESG1] => P_VACCT_NO=46416006161697|P_EXP_DT=20250622
    [P_RMESG2] => 
    [P_NOTI] => 
    [P_AUTH_NO] => 
)

 Array
(
    [PageCall time] => 10:10:04
    [P_TID] => INIMX_VBNKCAEcatca0720250616100736375731
    [P_MID] => CAEcatca07
    [P_AUTH_DT] => 20250616101004
    [P_STATUS] => 02
    [P_TYPE] => VBANK
    [P_OID] => 250616-002
    [P_FN_CD1] => 88
    [P_FN_CD2] => 
    [P_FN_NM] => 신한은행
    [P_AMT] => 3000
    [P_UNAME] => 김윤선
    [P_RMESG1] => P_VACCT_NO=56211104762935|P_EXP_DT=20250626
    [P_RMESG2] => 
    [P_NOTI] => 
    [P_AUTH_NO] => 
)

 Array
(
    [PageCall time] => 10:45:37
    [P_TID] => INIMX_VBNKCAEcatca0720250616104441765094
    [P_MID] => CAEcatca07
    [P_AUTH_DT] => 20250616104537
    [P_STATUS] => 02
    [P_TYPE] => VBANK
    [P_OID] => 250616-005
    [P_FN_CD1] => 11
    [P_FN_CD2] => 
    [P_FN_NM] => NH농협은행
    [P_AMT] => 3000
    [P_UNAME] => 박정수
    [P_RMESG1] => P_VACCT_NO=79010588541581|P_EXP_DT=20250626
    [P_RMESG2] => 
    [P_NOTI] => 
    [P_AUTH_NO] => 
)

 Array
(
    [PageCall time] => 10:54:59
    [P_TID] => INIMX_VBNKCAEcatca0720250616105349245293
    [P_MID] => CAEcatca07
    [P_AUTH_DT] => 20250616105459
    [P_STATUS] => 02
    [P_TYPE] => VBANK
    [P_OID] => 250614-006
    [P_FN_CD1] => 39
    [P_FN_CD2] => 
    [P_FN_NM] => 경남은행
    [P_AMT] => 3000
    [P_UNAME] => 배미숙
    [P_RMESG1] => P_VACCT_NO=573193396670|P_EXP_DT=20250626
    [P_RMESG2] => 
    [P_NOTI] => 
    [P_AUTH_NO] => 
)

 Array
(
    [PageCall time] => 11:01:05
    [P_TID] => INIMX_VBNKCAEcatca0720250616105814525617
    [P_MID] => CAEcatca07
    [P_AUTH_DT] => 20250616110105
    [P_STATUS] => 02
    [P_TYPE] => VBANK
    [P_OID] => 250616-007
    [P_FN_CD1] => 89
    [P_FN_CD2] => 
    [P_FN_NM] => 케이뱅크
    [P_AMT] => 3000
    [P_UNAME] => 김정은
    [P_RMESG1] => P_VACCT_NO=70112003766560|P_EXP_DT=20250626
    [P_RMESG2] => 
    [P_NOTI] => 
    [P_AUTH_NO] => 
)

 Array
(
    [PageCall time] => 11:10:32
    [P_TID] => INIMX_VBNKCAEcatca0720250616110829895299
    [P_MID] => CAEcatca07
    [P_AUTH_DT] => 20250616111031
    [P_STATUS] => 02
    [P_TYPE] => VBANK
    [P_OID] => 250615-005
    [P_FN_CD1] => 04
    [P_FN_CD2] => 
    [P_FN_NM] => KB국민은행
    [P_AMT] => 3000
    [P_UNAME] => 안병일
    [P_RMESG1] => P_VACCT_NO=51139079232454|P_EXP_DT=20250626
    [P_RMESG2] => 
    [P_NOTI] => 
    [P_AUTH_NO] => 
)

 Array
(
    [PageCall time] => 11:28:10
    [P_TID] => INIMX_VBNKCAEcatca0720250616112500475141
    [P_MID] => CAEcatca07
    [P_AUTH_DT] => 20250616112810
    [P_STATUS] => 02
    [P_TYPE] => VBANK
    [P_OID] => 250616-009
    [P_FN_CD1] => 03
    [P_FN_CD2] => 
    [P_FN_NM] => 기업은행
    [P_AMT] => 3000
    [P_UNAME] => 한상훈
    [P_RMESG1] => P_VACCT_NO=07503239997221|P_EXP_DT=20250626
    [P_RMESG2] => 
    [P_NOTI] => 
    [P_AUTH_NO] => 
)

 Array
(
    [PageCall time] => 11:30:17
    [P_TID] => INIMX_VBNKCAEcatca0720250616112715125130
    [P_MID] => CAEcatca07
    [P_AUTH_DT] => 20250616113017
    [P_STATUS] => 02
    [P_TYPE] => VBANK
    [P_OID] => 250616-010
    [P_FN_CD1] => 81
    [P_FN_CD2] => 
    [P_FN_NM] => 하나은행
    [P_AMT] => 3000
    [P_UNAME] => 황성주
    [P_RMESG1] => P_VACCT_NO=20894095062037|P_EXP_DT=20250626
    [P_RMESG2] => 
    [P_NOTI] => 
    [P_AUTH_NO] => 
)

 Array
(
    [PageCall time] => 11:31:57
    [P_TID] => INIMX_VBNKCAEcatca0720250616112921535180
    [P_MID] => CAEcatca07
    [P_AUTH_DT] => 20250616113157
    [P_STATUS] => 02
    [P_TYPE] => VBANK
    [P_OID] => 250616-011
    [P_FN_CD1] => 88
    [P_FN_CD2] => 
    [P_FN_NM] => 신한은행
    [P_AMT] => 3000
    [P_UNAME] => 이혜림
    [P_RMESG1] => P_VACCT_NO=56211104774584|P_EXP_DT=20250626
    [P_RMESG2] => 
    [P_NOTI] => 
    [P_AUTH_NO] => 
)

 Array
(
    [PageCall time] => 12:53:49
    [P_TID] => INIMX_VBNKCAEcatca0720250616084851165265
    [P_MID] => CAEcatca07
    [P_AUTH_DT] => 20250616125349
    [P_STATUS] => 02
    [P_TYPE] => VBANK
    [P_OID] => 250616-001
    [P_FN_CD1] => 11
    [P_FN_CD2] => 
    [P_FN_NM] => NH농협은행
    [P_AMT] => 3000
    [P_UNAME] => 이은주
    [P_RMESG1] => P_VACCT_NO=79010588516457|P_EXP_DT=20250626
    [P_RMESG2] => 
    [P_NOTI] => 
    [P_AUTH_NO] => 
)

 Array
(
    [PageCall time] => 13:15:16
    [P_TID] => INIMX_VBNKCAEcatca0720250616131417715872
    [P_MID] => CAEcatca07
    [P_AUTH_DT] => 20250616131516
    [P_STATUS] => 02
    [P_TYPE] => VBANK
    [P_OID] => 250616-013
    [P_FN_CD1] => 32
    [P_FN_CD2] => 
    [P_FN_NM] => 부산은행
    [P_AMT] => 3000
    [P_UNAME] => 서동욱
    [P_RMESG1] => P_VACCT_NO=109924734374|P_EXP_DT=20250626
    [P_RMESG2] => 
    [P_NOTI] => 
    [P_AUTH_NO] => 
)

 Array
(
    [PageCall time] => 13:18:02
    [P_TID] => INIMX_VBNKCAEcatca0720250616131722775591
    [P_MID] => CAEcatca07
    [P_AUTH_DT] => 20250616131802
    [P_STATUS] => 02
    [P_TYPE] => VBANK
    [P_OID] => 250616-014
    [P_FN_CD1] => 04
    [P_FN_CD2] => 
    [P_FN_NM] => KB국민은행
    [P_AMT] => 3000
    [P_UNAME] => 이서영
    [P_RMESG1] => P_VACCT_NO=87709011648991|P_EXP_DT=20250626
    [P_RMESG2] => 
    [P_NOTI] => 
    [P_AUTH_NO] => 
)

 Array
(
    [PageCall time] => 13:36:56
    [P_TID] => INIMX_VBNKCAEcatca0720250616133614765737
    [P_MID] => CAEcatca07
    [P_AUTH_DT] => 20250616133656
    [P_STATUS] => 02
    [P_TYPE] => VBANK
    [P_OID] => 250616-015
    [P_FN_CD1] => 04
    [P_FN_CD2] => 
    [P_FN_NM] => KB국민은행
    [P_AMT] => 3000
    [P_UNAME] => 권담희
    [P_RMESG1] => P_VACCT_NO=88069011141416|P_EXP_DT=20250626
    [P_RMESG2] => 
    [P_NOTI] => 
    [P_AUTH_NO] => 
)

 Array
(
    [PageCall time] => 13:51:32
    [P_TID] => INIMX_VBNKCAEcatca0720250616134748555914
    [P_MID] => CAEcatca07
    [P_AUTH_DT] => 20250616135132
    [P_STATUS] => 02
    [P_TYPE] => VBANK
    [P_OID] => 250616-016
    [P_FN_CD1] => 20
    [P_FN_CD2] => 
    [P_FN_NM] => 우리은행
    [P_AMT] => 3000
    [P_UNAME] => 김나겸
    [P_RMESG1] => P_VACCT_NO=27491476718007|P_EXP_DT=20250626
    [P_RMESG2] => 
    [P_NOTI] => 
    [P_AUTH_NO] => 
)

 Array
(
    [PageCall time] => 14:21:19
    [P_TID] => INIMX_VBNKCAEcatca0720250616142028665387
    [P_MID] => CAEcatca07
    [P_AUTH_DT] => 20250616142118
    [P_STATUS] => 02
    [P_TYPE] => VBANK
    [P_OID] => 250616-018
    [P_FN_CD1] => 04
    [P_FN_CD2] => 
    [P_FN_NM] => KB국민은행
    [P_AMT] => 3000
    [P_UNAME] => 김미애
    [P_RMESG1] => P_VACCT_NO=91229079250530|P_EXP_DT=20250626
    [P_RMESG2] => 
    [P_NOTI] => 
    [P_AUTH_NO] => 
)

 Array
(
    [PageCall time] => 14:26:31
    [P_TID] => INIMX_VBNKCAEcatca0720250616142342905709
    [P_MID] => CAEcatca07
    [P_AUTH_DT] => 20250616142631
    [P_STATUS] => 02
    [P_TYPE] => VBANK
    [P_OID] => 250616-017
    [P_FN_CD1] => 34
    [P_FN_CD2] => 
    [P_FN_NM] => 광주은행
    [P_AMT] => 3000
    [P_UNAME] => 이윤아
    [P_RMESG1] => P_VACCT_NO=810865340317|P_EXP_DT=20250626
    [P_RMESG2] => 
    [P_NOTI] => 
    [P_AUTH_NO] => 
)

 Array
(
    [PageCall time] => 14:34:48
    [P_TID] => INIMX_VBNKCAEcatca0720250616143325915879
    [P_MID] => CAEcatca07
    [P_AUTH_DT] => 20250616143448
    [P_STATUS] => 02
    [P_TYPE] => VBANK
    [P_OID] => 250616-020
    [P_FN_CD1] => 11
    [P_FN_CD2] => 
    [P_FN_NM] => NH농협은행
    [P_AMT] => 3000
    [P_UNAME] => 임동준
    [P_RMESG1] => P_VACCT_NO=79010588587040|P_EXP_DT=20250626
    [P_RMESG2] => 
    [P_NOTI] => 
    [P_AUTH_NO] => 
)

 Array
(
    [PageCall time] => 14:37:27
    [P_TID] => INIMX_VBNKCAEcatca0720250616143130825263
    [P_MID] => CAEcatca07
    [P_AUTH_DT] => 20250616143727
    [P_STATUS] => 02
    [P_TYPE] => VBANK
    [P_OID] => 250616-019
    [P_FN_CD1] => 32
    [P_FN_CD2] => 
    [P_FN_NM] => 부산은행
    [P_AMT] => 3000
    [P_UNAME] => 이귀옥
    [P_RMESG1] => P_VACCT_NO=109924734921|P_EXP_DT=20250626
    [P_RMESG2] => 
    [P_NOTI] => 
    [P_AUTH_NO] => 
)

 Array
(
    [PageCall time] => 15:19:42
    [P_TID] => INIMX_VBNKCAEcatca0720250616151659435923
    [P_MID] => CAEcatca07
    [P_AUTH_DT] => 20250616151942
    [P_STATUS] => 02
    [P_TYPE] => VBANK
    [P_OID] => 250616-023
    [P_FN_CD1] => 03
    [P_FN_CD2] => 
    [P_FN_NM] => 기업은행
    [P_AMT] => 3000
    [P_UNAME] => 김지현
    [P_RMESG1] => P_VACCT_NO=07503242497399|P_EXP_DT=20250626
    [P_RMESG2] => 
    [P_NOTI] => 
    [P_AUTH_NO] => 
)

 Array
(
    [PageCall time] => 15:32:16
    [P_TID] => INIMX_VBNKCAEcatca0720250616152933805618
    [P_MID] => CAEcatca07
    [P_AUTH_DT] => 20250616153216
    [P_STATUS] => 02
    [P_TYPE] => VBANK
    [P_OID] => 250616-025
    [P_FN_CD1] => 03
    [P_FN_CD2] => 
    [P_FN_NM] => 기업은행
    [P_AMT] => 3000
    [P_UNAME] => 임요한
    [P_RMESG1] => P_VACCT_NO=07503242697072|P_EXP_DT=20250626
    [P_RMESG2] => 
    [P_NOTI] => 
    [P_AUTH_NO] => 
)

 Array
(
    [PageCall time] => 15:49:49
    [P_TID] => INIMX_VBNKCAEcatca0720250616154746935371
    [P_MID] => CAEcatca07
    [P_AUTH_DT] => 20250616154949
    [P_STATUS] => 02
    [P_TYPE] => VBANK
    [P_OID] => 250616-027
    [P_FN_CD1] => 39
    [P_FN_CD2] => 
    [P_FN_NM] => 경남은행
    [P_AMT] => 3000
    [P_UNAME] => 최성우
    [P_RMESG1] => P_VACCT_NO=573193397700|P_EXP_DT=20250626
    [P_RMESG2] => 
    [P_NOTI] => 
    [P_AUTH_NO] => 
)

 Array
(
    [PageCall time] => 15:51:49
    [P_TID] => INIMX_VBNKCAEcatca0720250616155037175535
    [P_MID] => CAEcatca07
    [P_AUTH_DT] => 20250616155149
    [P_STATUS] => 02
    [P_TYPE] => VBANK
    [P_OID] => 250616-028
    [P_FN_CD1] => 04
    [P_FN_CD2] => 
    [P_FN_NM] => KB국민은행
    [P_AMT] => 3000
    [P_UNAME] => 김선형
    [P_RMESG1] => P_VACCT_NO=00289071154544|P_EXP_DT=20250626
    [P_RMESG2] => 
    [P_NOTI] => 
    [P_AUTH_NO] => 
)

 Array
(
    [PageCall time] => 16:02:01
    [P_TID] => INIMX_VBNKCAEcatca0720250616155857965143
    [P_MID] => CAEcatca07
    [P_AUTH_DT] => 20250616160201
    [P_STATUS] => 02
    [P_TYPE] => VBANK
    [P_OID] => 250616-029
    [P_FN_CD1] => 03
    [P_FN_CD2] => 
    [P_FN_NM] => 기업은행
    [P_AMT] => 3000
    [P_UNAME] => 남현종
    [P_RMESG1] => P_VACCT_NO=07503242997625|P_EXP_DT=20250626
    [P_RMESG2] => 
    [P_NOTI] => 
    [P_AUTH_NO] => 
)

 Array
(
    [PageCall time] => 16:14:11
    [P_TID] => INIMX_VBNKCAEcatca0720250616161107745682
    [P_MID] => CAEcatca07
    [P_AUTH_DT] => 20250616161411
    [P_STATUS] => 02
    [P_TYPE] => VBANK
    [P_OID] => 250616-031
    [P_FN_CD1] => 88
    [P_FN_CD2] => 
    [P_FN_NM] => 신한은행
    [P_AMT] => 3000
    [P_UNAME] => 신충호
    [P_RMESG1] => P_VACCT_NO=56211104806710|P_EXP_DT=20250626
    [P_RMESG2] => 
    [P_NOTI] => 
    [P_AUTH_NO] => 
)

 Array
(
    [PageCall time] => 16:25:51
    [P_TID] => INIMX_VBNKCAEcatca0720250616162137985041
    [P_MID] => CAEcatca07
    [P_AUTH_DT] => 20250616162551
    [P_STATUS] => 02
    [P_TYPE] => VBANK
    [P_OID] => 250616-032
    [P_FN_CD1] => 20
    [P_FN_CD2] => 
    [P_FN_NM] => 우리은행
    [P_AMT] => 3000
    [P_UNAME] => 문남효
    [P_RMESG1] => P_VACCT_NO=27491492118796|P_EXP_DT=20250626
    [P_RMESG2] => 
    [P_NOTI] => 
    [P_AUTH_NO] => 
)

 Array
(
    [PageCall time] => 16:26:15
    [P_TID] => INIMX_VBNKCAEcatca0720250616161015165606
    [P_MID] => CAEcatca07
    [P_AUTH_DT] => 20250616162615
    [P_STATUS] => 02
    [P_TYPE] => VBANK
    [P_OID] => 250616-030
    [P_FN_CD1] => 04
    [P_FN_CD2] => 
    [P_FN_NM] => KB국민은행
    [P_AMT] => 3000
    [P_UNAME] => 정유진
    [P_RMESG1] => P_VACCT_NO=00289071274776|P_EXP_DT=20250626
    [P_RMESG2] => 
    [P_NOTI] => 
    [P_AUTH_NO] => 
)

 Array
(
    [PageCall time] => 16:49:22
    [P_TID] => INIMX_VBNKCAEcatca0720250616164843985201
    [P_MID] => CAEcatca07
    [P_AUTH_DT] => 20250616164922
    [P_STATUS] => 02
    [P_TYPE] => VBANK
    [P_OID] => 250616-034
    [P_FN_CD1] => 11
    [P_FN_CD2] => 
    [P_FN_NM] => NH농협은행
    [P_AMT] => 3000
    [P_UNAME] => 장형인
    [P_RMESG1] => P_VACCT_NO=79010588617638|P_EXP_DT=20250626
    [P_RMESG2] => 
    [P_NOTI] => 
    [P_AUTH_NO] => 
)

 Array
(
    [PageCall time] => 16:49:56
    [P_TID] => INIMX_VBNKCAEcatca0720250616164732225804
    [P_MID] => CAEcatca07
    [P_AUTH_DT] => 20250616164956
    [P_STATUS] => 02
    [P_TYPE] => VBANK
    [P_OID] => 250616-033
    [P_FN_CD1] => 20
    [P_FN_CD2] => 
    [P_FN_NM] => 우리은행
    [P_AMT] => 3000
    [P_UNAME] => 김영호
    [P_RMESG1] => P_VACCT_NO=27491494718796|P_EXP_DT=20250626
    [P_RMESG2] => 
    [P_NOTI] => 
    [P_AUTH_NO] => 
)

 Array
(
    [PageCall time] => 18:31:25
    [P_TID] => INIMX_VBNKCAEcatca0720250616182653715227
    [P_MID] => CAEcatca07
    [P_AUTH_DT] => 20250616183125
    [P_STATUS] => 02
    [P_TYPE] => VBANK
    [P_OID] => 250616-003
    [P_FN_CD1] => 20
    [P_FN_CD2] => 
    [P_FN_NM] => 우리은행
    [P_AMT] => 3000
    [P_UNAME] => 김택곤
    [P_RMESG1] => P_VACCT_NO=27491505618809|P_EXP_DT=20250626
    [P_RMESG2] => 
    [P_NOTI] => 
    [P_AUTH_NO] => 
)

