 Array
(
    [PageCall time] => 03:05:10
    [P_TID] => INIMX_VBNKCAEcatca0720260224030135845565
    [P_MID] => CAEcatca07
    [P_AUTH_DT] => 20260224030509
    [P_STATUS] => 02
    [P_TYPE] => VBANK
    [P_OID] => 260224-001
    [P_FN_CD1] => 04
    [P_FN_CD2] => 
    [P_FN_NM] => KB국민은행
    [P_AMT] => 3500
    [P_UNAME] => 유재웅
    [P_RMESG1] => P_VACCT_NO=70219014877715|P_EXP_DT=20260306
    [P_RMESG2] => 
    [P_NOTI] => 
    [P_AUTH_NO] => 
)

 Array
(
    [PageCall time] => 09:27:33
    [P_TID] => INIMX_VBNKCAEcatca0720260224092645835959
    [P_MID] => CAEcatca07
    [P_AUTH_DT] => 20260224092732
    [P_STATUS] => 02
    [P_TYPE] => VBANK
    [P_OID] => 260224-003
    [P_FN_CD1] => 11
    [P_FN_CD2] => 
    [P_FN_NM] => NH농협은행
    [P_AMT] => 3500
    [P_UNAME] => 김예린
    [P_RMESG1] => P_VACCT_NO=79014289756005|P_EXP_DT=20260306
    [P_RMESG2] => 
    [P_NOTI] => 
    [P_AUTH_NO] => 
)

 Array
(
    [PageCall time] => 10:11:30
    [P_TID] => INIMX_VBNKCAEcatca0720260224100818175759
    [P_MID] => CAEcatca07
    [P_AUTH_DT] => 20260224101130
    [P_STATUS] => 02
    [P_TYPE] => VBANK
    [P_OID] => 260224-004
    [P_FN_CD1] => 04
    [P_FN_CD2] => 
    [P_FN_NM] => KB국민은행
    [P_AMT] => 3500
    [P_UNAME] => 송테기
    [P_RMESG1] => P_VACCT_NO=26159078407624|P_EXP_DT=20260306
    [P_RMESG2] => 
    [P_NOTI] => 
    [P_AUTH_NO] => 
)

 Array
(
    [PageCall time] => 10:22:30
    [P_TID] => INIMX_VBNKCAEcatca0720260224101931235247
    [P_MID] => CAEcatca07
    [P_AUTH_DT] => 20260224102230
    [P_STATUS] => 02
    [P_TYPE] => VBANK
    [P_OID] => 260224-005
    [P_FN_CD1] => 20
    [P_FN_CD2] => 
    [P_FN_NM] => 우리은행
    [P_AMT] => 3500
    [P_UNAME] => 한승수
    [P_RMESG1] => P_VACCT_NO=27491002518588|P_EXP_DT=20260306
    [P_RMESG2] => 
    [P_NOTI] => 
    [P_AUTH_NO] => 
)

 Array
(
    [PageCall time] => 10:27:31
    [P_TID] => INIMX_VBNKCAEcatca0720260224102353965035
    [P_MID] => CAEcatca07
    [P_AUTH_DT] => 20260224102731
    [P_STATUS] => 02
    [P_TYPE] => VBANK
    [P_OID] => 260224-006
    [P_FN_CD1] => 04
    [P_FN_CD2] => 
    [P_FN_NM] => KB국민은행
    [P_AMT] => 3500
    [P_UNAME] => 안숙영
    [P_RMESG1] => P_VACCT_NO=99289014429560|P_EXP_DT=20260306
    [P_RMESG2] => 
    [P_NOTI] => 
    [P_AUTH_NO] => 
)

 Array
(
    [PageCall time] => 10:32:57
    [P_TID] => INIMX_VBNKCAEcatca0720260224103001835469
    [P_MID] => CAEcatca07
    [P_AUTH_DT] => 20260224103256
    [P_STATUS] => 02
    [P_TYPE] => VBANK
    [P_OID] => 260224-007
    [P_FN_CD1] => 20
    [P_FN_CD2] => 
    [P_FN_NM] => 우리은행
    [P_AMT] => 3500
    [P_UNAME] => 전동원
    [P_RMESG1] => P_VACCT_NO=27491003318380|P_EXP_DT=20260306
    [P_RMESG2] => 
    [P_NOTI] => 
    [P_AUTH_NO] => 
)

 Array
(
    [PageCall time] => 11:06:29
    [P_TID] => INIMX_VBNKCAEcatca0720260224110244685969
    [P_MID] => CAEcatca07
    [P_AUTH_DT] => 20260224110629
    [P_STATUS] => 02
    [P_TYPE] => VBANK
    [P_OID] => 260224-008
    [P_FN_CD1] => 20
    [P_FN_CD2] => 
    [P_FN_NM] => 우리은행
    [P_AMT] => 3500
    [P_UNAME] => 조상근
    [P_RMESG1] => P_VACCT_NO=27491005818249|P_EXP_DT=20260306
    [P_RMESG2] => 
    [P_NOTI] => 
    [P_AUTH_NO] => 
)

 Array
(
    [PageCall time] => 11:28:04
    [P_TID] => INIMX_VBNKCAEcatca0720260224112459775795
    [P_MID] => CAEcatca07
    [P_AUTH_DT] => 20260224112804
    [P_STATUS] => 02
    [P_TYPE] => VBANK
    [P_OID] => 260224-011
    [P_FN_CD1] => 04
    [P_FN_CD2] => 
    [P_FN_NM] => KB국민은행
    [P_AMT] => 3500
    [P_UNAME] => 이정아
    [P_RMESG1] => P_VACCT_NO=70219014891298|P_EXP_DT=20260306
    [P_RMESG2] => 
    [P_NOTI] => 
    [P_AUTH_NO] => 
)

 Array
(
    [PageCall time] => 11:59:24
    [P_TID] => INIMX_VBNKCAEcatca0720260224115647545235
    [P_MID] => CAEcatca07
    [P_AUTH_DT] => 20260224115924
    [P_STATUS] => 02
    [P_TYPE] => VBANK
    [P_OID] => 260222-010
    [P_FN_CD1] => 03
    [P_FN_CD2] => 
    [P_FN_NM] => 기업은행
    [P_AMT] => 3500
    [P_UNAME] => 김혜민
    [P_RMESG1] => P_VACCT_NO=07503207297008|P_EXP_DT=20260306
    [P_RMESG2] => 
    [P_NOTI] => 
    [P_AUTH_NO] => 
)

 Array
(
    [PageCall time] => 12:02:12
    [P_TID] => INIMX_VBNKCAEcatca0720260224115840235133
    [P_MID] => CAEcatca07
    [P_AUTH_DT] => 20260224120212
    [P_STATUS] => 02
    [P_TYPE] => VBANK
    [P_OID] => 260224-013
    [P_FN_CD1] => 04
    [P_FN_CD2] => 
    [P_FN_NM] => KB국민은행
    [P_AMT] => 3500
    [P_UNAME] => 김성수
    [P_RMESG1] => P_VACCT_NO=70219014899658|P_EXP_DT=20260306
    [P_RMESG2] => 
    [P_NOTI] => 
    [P_AUTH_NO] => 
)

 Array
(
    [PageCall time] => 12:17:36
    [P_TID] => INIMX_VBNKCAEcatca0720260224121323375250
    [P_MID] => CAEcatca07
    [P_AUTH_DT] => 20260224121736
    [P_STATUS] => 02
    [P_TYPE] => VBANK
    [P_OID] => 260224-010
    [P_FN_CD1] => 03
    [P_FN_CD2] => 
    [P_FN_NM] => 기업은행
    [P_AMT] => 3500
    [P_UNAME] => 박은주
    [P_RMESG1] => P_VACCT_NO=07503207397599|P_EXP_DT=20260306
    [P_RMESG2] => 
    [P_NOTI] => 
    [P_AUTH_NO] => 
)

 Array
(
    [PageCall time] => 12:30:21
    [P_TID] => INIMX_VBNKCAEcatca0720260224122922535327
    [P_MID] => CAEcatca07
    [P_AUTH_DT] => 20260224123021
    [P_STATUS] => 02
    [P_TYPE] => VBANK
    [P_OID] => 260224-012
    [P_FN_CD1] => 11
    [P_FN_CD2] => 
    [P_FN_NM] => NH농협은행
    [P_AMT] => 3500
    [P_UNAME] => 주영남
    [P_RMESG1] => P_VACCT_NO=79014289784591|P_EXP_DT=20260306
    [P_RMESG2] => 
    [P_NOTI] => 
    [P_AUTH_NO] => 
)

 Array
(
    [PageCall time] => 13:25:29
    [P_TID] => INIMX_VBNKCAEcatca0720260224132457225091
    [P_MID] => CAEcatca07
    [P_AUTH_DT] => 20260224132529
    [P_STATUS] => 02
    [P_TYPE] => VBANK
    [P_OID] => 260224-014
    [P_FN_CD1] => 11
    [P_FN_CD2] => 
    [P_FN_NM] => NH농협은행
    [P_AMT] => 3500
    [P_UNAME] => 조태연
    [P_RMESG1] => P_VACCT_NO=79014289789450|P_EXP_DT=20260306
    [P_RMESG2] => 
    [P_NOTI] => 
    [P_AUTH_NO] => 
)

 Array
(
    [PageCall time] => 14:21:49
    [P_TID] => INIMX_VBNKCAEcatca0720260224135640215615
    [P_MID] => CAEcatca07
    [P_AUTH_DT] => 20260224142149
    [P_STATUS] => 02
    [P_TYPE] => VBANK
    [P_OID] => 260224-015
    [P_FN_CD1] => 88
    [P_FN_CD2] => 
    [P_FN_NM] => 신한은행
    [P_AMT] => 3500
    [P_UNAME] => 박귀순
    [P_RMESG1] => P_VACCT_NO=56211104277344|P_EXP_DT=20260306
    [P_RMESG2] => 
    [P_NOTI] => 
    [P_AUTH_NO] => 
)

 Array
(
    [PageCall time] => 16:13:31
    [P_TID] => INIMX_VBNKCAEcatca0720260224161035974076
    [P_MID] => CAEcatca07
    [P_AUTH_DT] => 20260224161331
    [P_STATUS] => 02
    [P_TYPE] => VBANK
    [P_OID] => 260224-019
    [P_FN_CD1] => 88
    [P_FN_CD2] => 
    [P_FN_NM] => 신한은행
    [P_AMT] => 3500
    [P_UNAME] => 이현옥
    [P_RMESG1] => P_VACCT_NO=56211991247797|P_EXP_DT=20260306
    [P_RMESG2] => 
    [P_NOTI] => 
    [P_AUTH_NO] => 
)

 Array
(
    [PageCall time] => 16:38:45
    [P_TID] => INIMX_VBNKCAEcatca0720260224163527874223
    [P_MID] => CAEcatca07
    [P_AUTH_DT] => 20260224163845
    [P_STATUS] => 02
    [P_TYPE] => VBANK
    [P_OID] => 260224-020
    [P_FN_CD1] => 04
    [P_FN_CD2] => 
    [P_FN_NM] => KB국민은행
    [P_AMT] => 3500
    [P_UNAME] => 황현주
    [P_RMESG1] => P_VACCT_NO=00159071411996|P_EXP_DT=20260306
    [P_RMESG2] => 
    [P_NOTI] => 
    [P_AUTH_NO] => 
)

 Array
(
    [PageCall time] => 19:18:00
    [P_TID] => INIMX_VBNKCAEcatca0720260224191524544654
    [P_MID] => CAEcatca07
    [P_AUTH_DT] => 20260224191800
    [P_STATUS] => 02
    [P_TYPE] => VBANK
    [P_OID] => 260224-023
    [P_FN_CD1] => 04
    [P_FN_CD2] => 
    [P_FN_NM] => KB국민은행
    [P_AMT] => 3500
    [P_UNAME] => 김태리
    [P_RMESG1] => P_VACCT_NO=00159071422459|P_EXP_DT=20260306
    [P_RMESG2] => 
    [P_NOTI] => 
    [P_AUTH_NO] => 
)

 Array
(
    [PageCall time] => 19:27:14
    [P_TID] => INIMX_VBNKCAEcatca0720260224192413464701
    [P_MID] => CAEcatca07
    [P_AUTH_DT] => 20260224192714
    [P_STATUS] => 02
    [P_TYPE] => VBANK
    [P_OID] => 260224-025
    [P_FN_CD1] => 03
    [P_FN_CD2] => 
    [P_FN_NM] => 기업은행
    [P_AMT] => 3500
    [P_UNAME] => 박영미
    [P_RMESG1] => P_VACCT_NO=07500580797902|P_EXP_DT=20260306
    [P_RMESG2] => 
    [P_NOTI] => 
    [P_AUTH_NO] => 
)

 Array
(
    [PageCall time] => 19:37:51
    [P_TID] => INIMX_VBNKCAEcatca0720260224193409574972
    [P_MID] => CAEcatca07
    [P_AUTH_DT] => 20260224193751
    [P_STATUS] => 02
    [P_TYPE] => VBANK
    [P_OID] => 260224-026
    [P_FN_CD1] => 20
    [P_FN_CD2] => 
    [P_FN_NM] => 우리은행
    [P_AMT] => 3500
    [P_UNAME] => 김영환
    [P_RMESG1] => P_VACCT_NO=27384901518452|P_EXP_DT=20260306
    [P_RMESG2] => 
    [P_NOTI] => 
    [P_AUTH_NO] => 
)

 Array
(
    [PageCall time] => 19:43:16
    [P_TID] => INIMX_VBNKCAEcatca0720260224193907524318
    [P_MID] => CAEcatca07
    [P_AUTH_DT] => 20260224194316
    [P_STATUS] => 02
    [P_TYPE] => VBANK
    [P_OID] => 260219-051
    [P_FN_CD1] => 88
    [P_FN_CD2] => 
    [P_FN_NM] => 신한은행
    [P_AMT] => 3500
    [P_UNAME] => 양주호
    [P_RMESG1] => P_VACCT_NO=56211991389515|P_EXP_DT=20260306
    [P_RMESG2] => 
    [P_NOTI] => 
    [P_AUTH_NO] => 
)

 Array
(
    [PageCall time] => 20:17:18
    [P_TID] => INIMX_VBNKCAEcatca0720260224201431724655
    [P_MID] => CAEcatca07
    [P_AUTH_DT] => 20260224201718
    [P_STATUS] => 02
    [P_TYPE] => VBANK
    [P_OID] => 260224-027
    [P_FN_CD1] => 81
    [P_FN_CD2] => 
    [P_FN_NM] => 하나은행
    [P_AMT] => 3500
    [P_UNAME] => 김동우
    [P_RMESG1] => P_VACCT_NO=20894235675937|P_EXP_DT=20260306
    [P_RMESG2] => 
    [P_NOTI] => 
    [P_AUTH_NO] => 
)

 Array
(
    [PageCall time] => 21:04:35
    [P_TID] => INIMX_VBNKCAEcatca0720260224204510444942
    [P_MID] => CAEcatca07
    [P_AUTH_DT] => 20260224210434
    [P_STATUS] => 02
    [P_TYPE] => VBANK
    [P_OID] => 260224-021
    [P_FN_CD1] => 20
    [P_FN_CD2] => 
    [P_FN_NM] => 우리은행
    [P_AMT] => 3500
    [P_UNAME] => 정은재
    [P_RMESG1] => P_VACCT_NO=27384905618027|P_EXP_DT=20260306
    [P_RMESG2] => 
    [P_NOTI] => 
    [P_AUTH_NO] => 
)

 Array
(
    [PageCall time] => 21:11:08
    [P_TID] => INIMX_VBNKCAEcatca0720260224210825634168
    [P_MID] => CAEcatca07
    [P_AUTH_DT] => 20260224211108
    [P_STATUS] => 02
    [P_TYPE] => VBANK
    [P_OID] => 260224-031
    [P_FN_CD1] => 34
    [P_FN_CD2] => 
    [P_FN_NM] => 광주은행
    [P_AMT] => 3500
    [P_UNAME] => 문기숙
    [P_RMESG1] => P_VACCT_NO=810865615387|P_EXP_DT=20260306
    [P_RMESG2] => 
    [P_NOTI] => 
    [P_AUTH_NO] => 
)

 Array
(
    [PageCall time] => 21:59:11
    [P_TID] => INIMX_VBNKCAEcatca0720260224215127774882
    [P_MID] => CAEcatca07
    [P_AUTH_DT] => 20260224215911
    [P_STATUS] => 02
    [P_TYPE] => VBANK
    [P_OID] => 260224-032
    [P_FN_CD1] => 89
    [P_FN_CD2] => 
    [P_FN_NM] => 케이뱅크
    [P_AMT] => 3500
    [P_UNAME] => 이우현
    [P_RMESG1] => P_VACCT_NO=70112000136473|P_EXP_DT=20260306
    [P_RMESG2] => 
    [P_NOTI] => 
    [P_AUTH_NO] => 
)

 Array
(
    [PageCall time] => 22:42:28
    [P_TID] => INIMX_VBNKCAEcatca0720260224223854334914
    [P_MID] => CAEcatca07
    [P_AUTH_DT] => 20260224224228
    [P_STATUS] => 02
    [P_TYPE] => VBANK
    [P_OID] => 260224-033
    [P_FN_CD1] => 81
    [P_FN_CD2] => 
    [P_FN_NM] => 하나은행
    [P_AMT] => 3500
    [P_UNAME] => 김대현
    [P_RMESG1] => P_VACCT_NO=20894236008137|P_EXP_DT=20260306
    [P_RMESG2] => 
    [P_NOTI] => 
    [P_AUTH_NO] => 
)

