 Array
(
    [PageCall time] => 08:42:56
    [P_TID] => INIMX_VBNKCAEcatca0720260221084015595827
    [P_MID] => CAEcatca07
    [P_AUTH_DT] => 20260221084256
    [P_STATUS] => 02
    [P_TYPE] => VBANK
    [P_OID] => 260221-002
    [P_FN_CD1] => 03
    [P_FN_CD2] => 
    [P_FN_NM] => 기업은행
    [P_AMT] => 3500
    [P_UNAME] => 김지연
    [P_RMESG1] => P_VACCT_NO=07504189997431|P_EXP_DT=20260303
    [P_RMESG2] => 
    [P_NOTI] => 
    [P_AUTH_NO] => 
)

 Array
(
    [PageCall time] => 12:50:33
    [P_TID] => INIMX_VBNKCAEcatca0720260221124547665173
    [P_MID] => CAEcatca07
    [P_AUTH_DT] => 20260221125033
    [P_STATUS] => 02
    [P_TYPE] => VBANK
    [P_OID] => 260221-003
    [P_FN_CD1] => 81
    [P_FN_CD2] => 
    [P_FN_NM] => 하나은행
    [P_AMT] => 3500
    [P_UNAME] => 이원준
    [P_RMESG1] => P_VACCT_NO=20894082984537|P_EXP_DT=20260303
    [P_RMESG2] => 
    [P_NOTI] => 
    [P_AUTH_NO] => 
)

 Array
(
    [PageCall time] => 14:00:21
    [P_TID] => INIMX_VBNKCAEcatca0720260221135709825227
    [P_MID] => CAEcatca07
    [P_AUTH_DT] => 20260221140021
    [P_STATUS] => 02
    [P_TYPE] => VBANK
    [P_OID] => 260221-004
    [P_FN_CD1] => 20
    [P_FN_CD2] => 
    [P_FN_NM] => 우리은행
    [P_AMT] => 3500
    [P_UNAME] => 차진철
    [P_RMESG1] => P_VACCT_NO=27490884618410|P_EXP_DT=20260303
    [P_RMESG2] => 
    [P_NOTI] => 
    [P_AUTH_NO] => 
)

 Array
(
    [PageCall time] => 19:48:29
    [P_TID] => INIMX_VBNKCAEcatca0720260221194534365399
    [P_MID] => CAEcatca07
    [P_AUTH_DT] => 20260221194829
    [P_STATUS] => 02
    [P_TYPE] => VBANK
    [P_OID] => 260221-006
    [P_FN_CD1] => 04
    [P_FN_CD2] => 
    [P_FN_NM] => KB국민은행
    [P_AMT] => 3500
    [P_UNAME] => 김정원
    [P_RMESG1] => P_VACCT_NO=70219014615690|P_EXP_DT=20260303
    [P_RMESG2] => 
    [P_NOTI] => 
    [P_AUTH_NO] => 
)

 Array
(
    [PageCall time] => 22:31:29
    [P_TID] => INIMX_VBNKCAEcatca0720260221222831635871
    [P_MID] => CAEcatca07
    [P_AUTH_DT] => 20260221223129
    [P_STATUS] => 02
    [P_TYPE] => VBANK
    [P_OID] => 260221-005
    [P_FN_CD1] => 88
    [P_FN_CD2] => 
    [P_FN_NM] => 신한은행
    [P_AMT] => 3500
    [P_UNAME] => 이재택
    [P_RMESG1] => P_VACCT_NO=56211104113755|P_EXP_DT=20260303
    [P_RMESG2] => 
    [P_NOTI] => 
    [P_AUTH_NO] => 
)

