 Array
(
    [PageCall time] => 07:31:37
    [P_TID] => INIMX_VBNKCAEcatca0720250930072845775758
    [P_MID] => CAEcatca07
    [P_AUTH_DT] => 20250930073137
    [P_STATUS] => 02
    [P_TYPE] => VBANK
    [P_OID] => 250930-002
    [P_FN_CD1] => 04
    [P_FN_CD2] => 
    [P_FN_NM] => KB국민은행
    [P_AMT] => 3000
    [P_UNAME] => 박미정
    [P_RMESG1] => P_VACCT_NO=26119078488993|P_EXP_DT=20251010
    [P_RMESG2] => 
    [P_NOTI] => 
    [P_AUTH_NO] => 
)

 Array
(
    [PageCall time] => 08:22:13
    [P_TID] => INIMX_VBNKCAEcatca0720250930081932625799
    [P_MID] => CAEcatca07
    [P_AUTH_DT] => 20250930082213
    [P_STATUS] => 02
    [P_TYPE] => VBANK
    [P_OID] => 250930-003
    [P_FN_CD1] => 04
    [P_FN_CD2] => 
    [P_FN_NM] => KB국민은행
    [P_AMT] => 3000
    [P_UNAME] => 김선우
    [P_RMESG1] => P_VACCT_NO=26119078942233|P_EXP_DT=20251010
    [P_RMESG2] => 
    [P_NOTI] => 
    [P_AUTH_NO] => 
)

 Array
(
    [PageCall time] => 10:35:10
    [P_TID] => INIMX_VBNKCAEcatca0720250930102959325788
    [P_MID] => CAEcatca07
    [P_AUTH_DT] => 20250930103510
    [P_STATUS] => 02
    [P_TYPE] => VBANK
    [P_OID] => 250922-051
    [P_FN_CD1] => 04
    [P_FN_CD2] => 
    [P_FN_NM] => KB국민은행
    [P_AMT] => 3000
    [P_UNAME] => 이리라
    [P_RMESG1] => P_VACCT_NO=26029078675697|P_EXP_DT=20251010
    [P_RMESG2] => 
    [P_NOTI] => 
    [P_AUTH_NO] => 
)

 Array
(
    [PageCall time] => 11:06:42
    [P_TID] => INIMX_VBNKCAEcatca0720250930110429635353
    [P_MID] => CAEcatca07
    [P_AUTH_DT] => 20250930110642
    [P_STATUS] => 02
    [P_TYPE] => VBANK
    [P_OID] => 250930-007
    [P_FN_CD1] => 11
    [P_FN_CD2] => 
    [P_FN_NM] => NH농협은행
    [P_AMT] => 3000
    [P_UNAME] => 이수미
    [P_RMESG1] => P_VACCT_NO=79014507257722|P_EXP_DT=20251010
    [P_RMESG2] => 
    [P_NOTI] => 
    [P_AUTH_NO] => 
)

 Array
(
    [PageCall time] => 11:17:21
    [P_TID] => INIMX_VBNKCAEcatca0720250930111203925029
    [P_MID] => CAEcatca07
    [P_AUTH_DT] => 20250930111721
    [P_STATUS] => 02
    [P_TYPE] => VBANK
    [P_OID] => 250930-008
    [P_FN_CD1] => 03
    [P_FN_CD2] => 
    [P_FN_NM] => 기업은행
    [P_AMT] => 3000
    [P_UNAME] => 이민숙
    [P_RMESG1] => P_VACCT_NO=07502398997662|P_EXP_DT=20251010
    [P_RMESG2] => 
    [P_NOTI] => 
    [P_AUTH_NO] => 
)

 Array
(
    [PageCall time] => 13:48:59
    [P_TID] => INIMX_VBNKCAEcatca0720250930134619575047
    [P_MID] => CAEcatca07
    [P_AUTH_DT] => 20250930134859
    [P_STATUS] => 02
    [P_TYPE] => VBANK
    [P_OID] => 250930-012
    [P_FN_CD1] => 11
    [P_FN_CD2] => 
    [P_FN_NM] => NH농협은행
    [P_AMT] => 3000
    [P_UNAME] => 구창회
    [P_RMESG1] => P_VACCT_NO=79014507271100|P_EXP_DT=20251010
    [P_RMESG2] => 
    [P_NOTI] => 
    [P_AUTH_NO] => 
)

 Array
(
    [PageCall time] => 13:54:05
    [P_TID] => INIMX_VBNKCAEcatca0720250930135212955027
    [P_MID] => CAEcatca07
    [P_AUTH_DT] => 20250930135405
    [P_STATUS] => 02
    [P_TYPE] => VBANK
    [P_OID] => 250923-030
    [P_FN_CD1] => 11
    [P_FN_CD2] => 
    [P_FN_NM] => NH농협은행
    [P_AMT] => 3000
    [P_UNAME] => 윤정아
    [P_RMESG1] => P_VACCT_NO=79014507271688|P_EXP_DT=20251010
    [P_RMESG2] => 
    [P_NOTI] => 
    [P_AUTH_NO] => 
)

 Array
(
    [PageCall time] => 15:38:21
    [P_TID] => INIMX_VBNKCAEcatca0720250930153515655544
    [P_MID] => CAEcatca07
    [P_AUTH_DT] => 20250930153821
    [P_STATUS] => 02
    [P_TYPE] => VBANK
    [P_OID] => 250930-015
    [P_FN_CD1] => 32
    [P_FN_CD2] => 
    [P_FN_NM] => 부산은행
    [P_AMT] => 3000
    [P_UNAME] => 문철욱
    [P_RMESG1] => P_VACCT_NO=109924070678|P_EXP_DT=20251010
    [P_RMESG2] => 
    [P_NOTI] => 
    [P_AUTH_NO] => 
)

 Array
(
    [PageCall time] => 18:19:51
    [P_TID] => INIMX_VBNKCAEcatca0720250930181704365363
    [P_MID] => CAEcatca07
    [P_AUTH_DT] => 20250930181951
    [P_STATUS] => 02
    [P_TYPE] => VBANK
    [P_OID] => 250930-001
    [P_FN_CD1] => 04
    [P_FN_CD2] => 
    [P_FN_NM] => KB국민은행
    [P_AMT] => 3000
    [P_UNAME] => 장보영
    [P_RMESG1] => P_VACCT_NO=44289079071384|P_EXP_DT=20251010
    [P_RMESG2] => 
    [P_NOTI] => 
    [P_AUTH_NO] => 
)

 Array
(
    [PageCall time] => 19:37:15
    [P_TID] => INIMX_VBNKCAEcatca0720250930193420975192
    [P_MID] => CAEcatca07
    [P_AUTH_DT] => 20250930193715
    [P_STATUS] => 02
    [P_TYPE] => VBANK
    [P_OID] => 250930-021
    [P_FN_CD1] => 32
    [P_FN_CD2] => 
    [P_FN_NM] => 부산은행
    [P_AMT] => 3000
    [P_UNAME] => 노희정
    [P_RMESG1] => P_VACCT_NO=109924071540|P_EXP_DT=20251010
    [P_RMESG2] => 
    [P_NOTI] => 
    [P_AUTH_NO] => 
)

 Array
(
    [PageCall time] => 22:35:04
    [P_TID] => INIMX_VBNKCAEcatca0720250930223001765385
    [P_MID] => CAEcatca07
    [P_AUTH_DT] => 20250930223503
    [P_STATUS] => 02
    [P_TYPE] => VBANK
    [P_OID] => 250930-022
    [P_FN_CD1] => 04
    [P_FN_CD2] => 
    [P_FN_NM] => KB국민은행
    [P_AMT] => 3000
    [P_UNAME] => 예영숙
    [P_RMESG1] => P_VACCT_NO=96309078263957|P_EXP_DT=20251010
    [P_RMESG2] => 
    [P_NOTI] => 
    [P_AUTH_NO] => 
)

