 Array
(
    [PageCall time] => 00:56:59
    [P_TID] => INIMX_VBNKCAEcatca0720251201005437605561
    [P_MID] => CAEcatca07
    [P_AUTH_DT] => 20251201005659
    [P_STATUS] => 02
    [P_TYPE] => VBANK
    [P_OID] => 251201-001
    [P_FN_CD1] => 04
    [P_FN_CD2] => 
    [P_FN_NM] => KB국민은행
    [P_AMT] => 3000
    [P_UNAME] => 이준영
    [P_RMESG1] => P_VACCT_NO=44319079296159|P_EXP_DT=20251211
    [P_RMESG2] => 
    [P_NOTI] => 
    [P_AUTH_NO] => 
)

 Array
(
    [PageCall time] => 10:22:47
    [P_TID] => INIMX_VBNKCAEcatca0720251201101921355191
    [P_MID] => CAEcatca07
    [P_AUTH_DT] => 20251201102247
    [P_STATUS] => 02
    [P_TYPE] => VBANK
    [P_OID] => 251201-002
    [P_FN_CD1] => 81
    [P_FN_CD2] => 
    [P_FN_NM] => 하나은행
    [P_AMT] => 3000
    [P_UNAME] => 조혜영
    [P_RMESG1] => P_VACCT_NO=20894080504737|P_EXP_DT=20251211
    [P_RMESG2] => 
    [P_NOTI] => 
    [P_AUTH_NO] => 
)

 Array
(
    [PageCall time] => 10:56:49
    [P_TID] => INIMX_VBNKCAEcatca0720251201105342275924
    [P_MID] => CAEcatca07
    [P_AUTH_DT] => 20251201105648
    [P_STATUS] => 02
    [P_TYPE] => VBANK
    [P_OID] => 251201-004
    [P_FN_CD1] => 04
    [P_FN_CD2] => 
    [P_FN_NM] => KB국민은행
    [P_AMT] => 3000
    [P_UNAME] => 김혜란
    [P_RMESG1] => P_VACCT_NO=26029078791160|P_EXP_DT=20251211
    [P_RMESG2] => 
    [P_NOTI] => 
    [P_AUTH_NO] => 
)

 Array
(
    [PageCall time] => 11:00:12
    [P_TID] => INIMX_VBNKCAEcatca0720251201105918295030
    [P_MID] => CAEcatca07
    [P_AUTH_DT] => 20251201110012
    [P_STATUS] => 02
    [P_TYPE] => VBANK
    [P_OID] => 251201-005
    [P_FN_CD1] => 11
    [P_FN_CD2] => 
    [P_FN_NM] => NH농협은행
    [P_AMT] => 3000
    [P_UNAME] => 장진석
    [P_RMESG1] => P_VACCT_NO=79015904361140|P_EXP_DT=20251211
    [P_RMESG2] => 
    [P_NOTI] => 
    [P_AUTH_NO] => 
)

 Array
(
    [PageCall time] => 11:54:32
    [P_TID] => INIMX_VBNKCAEcatca0720251201115159615892
    [P_MID] => CAEcatca07
    [P_AUTH_DT] => 20251201115432
    [P_STATUS] => 02
    [P_TYPE] => VBANK
    [P_OID] => 251201-007
    [P_FN_CD1] => 89
    [P_FN_CD2] => 
    [P_FN_NM] => 케이뱅크
    [P_AMT] => 3000
    [P_UNAME] => 최유리
    [P_RMESG1] => P_VACCT_NO=70112003959592|P_EXP_DT=20251211
    [P_RMESG2] => 
    [P_NOTI] => 
    [P_AUTH_NO] => 
)

 Array
(
    [PageCall time] => 12:04:30
    [P_TID] => INIMX_VBNKCAEcatca0720251201120229675364
    [P_MID] => CAEcatca07
    [P_AUTH_DT] => 20251201120430
    [P_STATUS] => 02
    [P_TYPE] => VBANK
    [P_OID] => 251201-008
    [P_FN_CD1] => 11
    [P_FN_CD2] => 
    [P_FN_NM] => NH농협은행
    [P_AMT] => 3000
    [P_UNAME] => 추진심
    [P_RMESG1] => P_VACCT_NO=79015904381964|P_EXP_DT=20251211
    [P_RMESG2] => 
    [P_NOTI] => 
    [P_AUTH_NO] => 
)

 Array
(
    [PageCall time] => 12:22:36
    [P_TID] => INIMX_VBNKCAEcatca0720251201122137455642
    [P_MID] => CAEcatca07
    [P_AUTH_DT] => 20251201122236
    [P_STATUS] => 02
    [P_TYPE] => VBANK
    [P_OID] => 251201-009
    [P_FN_CD1] => 11
    [P_FN_CD2] => 
    [P_FN_NM] => NH농협은행
    [P_AMT] => 3000
    [P_UNAME] => 이경숙
    [P_RMESG1] => P_VACCT_NO=79015904385416|P_EXP_DT=20251211
    [P_RMESG2] => 
    [P_NOTI] => 
    [P_AUTH_NO] => 
)

 Array
(
    [PageCall time] => 13:35:50
    [P_TID] => INIMX_VBNKCAEcatca0720251201133245995895
    [P_MID] => CAEcatca07
    [P_AUTH_DT] => 20251201133550
    [P_STATUS] => 02
    [P_TYPE] => VBANK
    [P_OID] => 251201-011
    [P_FN_CD1] => 04
    [P_FN_CD2] => 
    [P_FN_NM] => KB국민은행
    [P_AMT] => 3000
    [P_UNAME] => 박미정
    [P_RMESG1] => P_VACCT_NO=44319079306601|P_EXP_DT=20251211
    [P_RMESG2] => 
    [P_NOTI] => 
    [P_AUTH_NO] => 
)

 Array
(
    [PageCall time] => 14:21:42
    [P_TID] => INIMX_VBNKCAEcatca0720251201141842535240
    [P_MID] => CAEcatca07
    [P_AUTH_DT] => 20251201142142
    [P_STATUS] => 02
    [P_TYPE] => VBANK
    [P_OID] => 251201-016
    [P_FN_CD1] => 88
    [P_FN_CD2] => 
    [P_FN_NM] => 신한은행
    [P_AMT] => 3000
    [P_UNAME] => 김말숙
    [P_RMESG1] => P_VACCT_NO=56211106643451|P_EXP_DT=20251211
    [P_RMESG2] => 
    [P_NOTI] => 
    [P_AUTH_NO] => 
)

 Array
(
    [PageCall time] => 14:22:04
    [P_TID] => INIMX_VBNKCAEcatca0720251201141740745244
    [P_MID] => CAEcatca07
    [P_AUTH_DT] => 20251201142204
    [P_STATUS] => 02
    [P_TYPE] => VBANK
    [P_OID] => 251201-015
    [P_FN_CD1] => 88
    [P_FN_CD2] => 
    [P_FN_NM] => 신한은행
    [P_AMT] => 3000
    [P_UNAME] => 문정식
    [P_RMESG1] => P_VACCT_NO=56211106643249|P_EXP_DT=20251211
    [P_RMESG2] => 
    [P_NOTI] => 
    [P_AUTH_NO] => 
)

 Array
(
    [PageCall time] => 14:22:45
    [P_TID] => INIMX_VBNKCAEcatca0720251201141908385914
    [P_MID] => CAEcatca07
    [P_AUTH_DT] => 20251201142245
    [P_STATUS] => 02
    [P_TYPE] => VBANK
    [P_OID] => 251201-017
    [P_FN_CD1] => 04
    [P_FN_CD2] => 
    [P_FN_NM] => KB국민은행
    [P_AMT] => 3000
    [P_UNAME] => 이혜정
    [P_RMESG1] => P_VACCT_NO=44319079323325|P_EXP_DT=20251211
    [P_RMESG2] => 
    [P_NOTI] => 
    [P_AUTH_NO] => 
)

 Array
(
    [PageCall time] => 14:32:35
    [P_TID] => INIMX_VBNKCAEcatca0720251201142931915997
    [P_MID] => CAEcatca07
    [P_AUTH_DT] => 20251201143235
    [P_STATUS] => 02
    [P_TYPE] => VBANK
    [P_OID] => 251201-018
    [P_FN_CD1] => 20
    [P_FN_CD2] => 
    [P_FN_NM] => 우리은행
    [P_AMT] => 3000
    [P_UNAME] => 임혜원
    [P_RMESG1] => P_VACCT_NO=27388011918978|P_EXP_DT=20251211
    [P_RMESG2] => 
    [P_NOTI] => 
    [P_AUTH_NO] => 
)

 Array
(
    [PageCall time] => 14:51:17
    [P_TID] => INIMX_VBNKCAEcatca0720251201145015145941
    [P_MID] => CAEcatca07
    [P_AUTH_DT] => 20251201145117
    [P_STATUS] => 02
    [P_TYPE] => VBANK
    [P_OID] => 251201-023
    [P_FN_CD1] => 11
    [P_FN_CD2] => 
    [P_FN_NM] => NH농협은행
    [P_AMT] => 3000
    [P_UNAME] => 김시현
    [P_RMESG1] => P_VACCT_NO=79015904433113|P_EXP_DT=20251211
    [P_RMESG2] => 
    [P_NOTI] => 
    [P_AUTH_NO] => 
)

 Array
(
    [PageCall time] => 16:02:31
    [P_TID] => INIMX_VBNKCAEcatca0720251201155959335075
    [P_MID] => CAEcatca07
    [P_AUTH_DT] => 20251201160231
    [P_STATUS] => 02
    [P_TYPE] => VBANK
    [P_OID] => 251201-027
    [P_FN_CD1] => 81
    [P_FN_CD2] => 
    [P_FN_NM] => 하나은행
    [P_AMT] => 3000
    [P_UNAME] => 강민아
    [P_RMESG1] => P_VACCT_NO=20894083183737|P_EXP_DT=20251211
    [P_RMESG2] => 
    [P_NOTI] => 
    [P_AUTH_NO] => 
)

 Array
(
    [PageCall time] => 16:47:05
    [P_TID] => INIMX_VBNKCAEcatca0720251201164347115910
    [P_MID] => CAEcatca07
    [P_AUTH_DT] => 20251201164705
    [P_STATUS] => 02
    [P_TYPE] => VBANK
    [P_OID] => 251201-028
    [P_FN_CD1] => 04
    [P_FN_CD2] => 
    [P_FN_NM] => KB국민은행
    [P_AMT] => 3000
    [P_UNAME] => 이소영
    [P_RMESG1] => P_VACCT_NO=44319079376743|P_EXP_DT=20251211
    [P_RMESG2] => 
    [P_NOTI] => 
    [P_AUTH_NO] => 
)

 Array
(
    [PageCall time] => 17:18:09
    [P_TID] => INIMX_VBNKCAEcatca0720251201171534825582
    [P_MID] => CAEcatca07
    [P_AUTH_DT] => 20251201171809
    [P_STATUS] => 02
    [P_TYPE] => VBANK
    [P_OID] => 251201-031
    [P_FN_CD1] => 88
    [P_FN_CD2] => 
    [P_FN_NM] => 신한은행
    [P_AMT] => 3000
    [P_UNAME] => 이은석
    [P_RMESG1] => P_VACCT_NO=56211106665404|P_EXP_DT=20251211
    [P_RMESG2] => 
    [P_NOTI] => 
    [P_AUTH_NO] => 
)

 Array
(
    [PageCall time] => 17:22:22
    [P_TID] => INIMX_VBNKCAEcatca0720251201171649485697
    [P_MID] => CAEcatca07
    [P_AUTH_DT] => 20251201172222
    [P_STATUS] => 02
    [P_TYPE] => VBANK
    [P_OID] => 251201-029
    [P_FN_CD1] => 04
    [P_FN_CD2] => 
    [P_FN_NM] => KB국민은행
    [P_AMT] => 3000
    [P_UNAME] => 문경희
    [P_RMESG1] => P_VACCT_NO=44319079388401|P_EXP_DT=20251211
    [P_RMESG2] => 
    [P_NOTI] => 
    [P_AUTH_NO] => 
)

 Array
(
    [PageCall time] => 17:25:48
    [P_TID] => INIMX_VBNKCAEcatca0720251201172222935896
    [P_MID] => CAEcatca07
    [P_AUTH_DT] => 20251201172548
    [P_STATUS] => 02
    [P_TYPE] => VBANK
    [P_OID] => 251201-032
    [P_FN_CD1] => 03
    [P_FN_CD2] => 
    [P_FN_NM] => 기업은행
    [P_AMT] => 3000
    [P_UNAME] => 손성은
    [P_RMESG1] => P_VACCT_NO=07502374997373|P_EXP_DT=20251211
    [P_RMESG2] => 
    [P_NOTI] => 
    [P_AUTH_NO] => 
)

 Array
(
    [PageCall time] => 17:34:49
    [P_TID] => INIMX_VBNKCAEcatca0720251201173142565763
    [P_MID] => CAEcatca07
    [P_AUTH_DT] => 20251201173449
    [P_STATUS] => 02
    [P_TYPE] => VBANK
    [P_OID] => 251201-033
    [P_FN_CD1] => 88
    [P_FN_CD2] => 
    [P_FN_NM] => 신한은행
    [P_AMT] => 3000
    [P_UNAME] => 현병화
    [P_RMESG1] => P_VACCT_NO=56211106666730|P_EXP_DT=20251211
    [P_RMESG2] => 
    [P_NOTI] => 
    [P_AUTH_NO] => 
)

 Array
(
    [PageCall time] => 20:09:20
    [P_TID] => INIMX_VBNKCAEcatca0720251201200617475613
    [P_MID] => CAEcatca07
    [P_AUTH_DT] => 20251201200920
    [P_STATUS] => 02
    [P_TYPE] => VBANK
    [P_OID] => 251201-035
    [P_FN_CD1] => 04
    [P_FN_CD2] => 
    [P_FN_NM] => KB국민은행
    [P_AMT] => 3000
    [P_UNAME] => 박정은
    [P_RMESG1] => P_VACCT_NO=44319079483856|P_EXP_DT=20251211
    [P_RMESG2] => 
    [P_NOTI] => 
    [P_AUTH_NO] => 
)

 Array
(
    [PageCall time] => 20:59:34
    [P_TID] => INIMX_VBNKCAEcatca0720251201205711415815
    [P_MID] => CAEcatca07
    [P_AUTH_DT] => 20251201205934
    [P_STATUS] => 02
    [P_TYPE] => VBANK
    [P_OID] => 251201-036
    [P_FN_CD1] => 32
    [P_FN_CD2] => 
    [P_FN_NM] => 부산은행
    [P_AMT] => 3000
    [P_UNAME] => 최성민
    [P_RMESG1] => P_VACCT_NO=109924345248|P_EXP_DT=20251211
    [P_RMESG2] => 
    [P_NOTI] => 
    [P_AUTH_NO] => 
)

 Array
(
    [PageCall time] => 21:58:03
    [P_TID] => INIMX_VBNKCAEcatca0720251201210321795606
    [P_MID] => CAEcatca07
    [P_AUTH_DT] => 20251201215803
    [P_STATUS] => 02
    [P_TYPE] => VBANK
    [P_OID] => 251201-037
    [P_FN_CD1] => 23
    [P_FN_CD2] => 
    [P_FN_NM] => SC은행
    [P_AMT] => 3000
    [P_UNAME] => 강신조
    [P_RMESG1] => P_VACCT_NO=46416006149986|P_EXP_DT=20251211
    [P_RMESG2] => 
    [P_NOTI] => 
    [P_AUTH_NO] => 
)

