 Array
(
    [PageCall time] => 08:12:42
    [P_TID] => INIMX_VBNKCAEcatca0720250428080734895806
    [P_MID] => CAEcatca07
    [P_AUTH_DT] => 20250428081242
    [P_STATUS] => 02
    [P_TYPE] => VBANK
    [P_OID] => 250428-001
    [P_FN_CD1] => 37
    [P_FN_CD2] => 
    [P_FN_NM] => 전북은행
    [P_AMT] => 3000
    [P_UNAME] => 정지영
    [P_RMESG1] => P_VACCT_NO=9101210178650|P_EXP_DT=20250508
    [P_RMESG2] => 
    [P_NOTI] => 
    [P_AUTH_NO] => 
)

 Array
(
    [PageCall time] => 08:59:31
    [P_TID] => INIMX_VBNKCAEcatca0720250428085820605915
    [P_MID] => CAEcatca07
    [P_AUTH_DT] => 20250428085931
    [P_STATUS] => 02
    [P_TYPE] => VBANK
    [P_OID] => 250427-010
    [P_FN_CD1] => 11
    [P_FN_CD2] => 
    [P_FN_NM] => NH농협은행
    [P_AMT] => 3000
    [P_UNAME] => 유재천
    [P_RMESG1] => P_VACCT_NO=79015901816570|P_EXP_DT=20250508
    [P_RMESG2] => 
    [P_NOTI] => 
    [P_AUTH_NO] => 
)

 Array
(
    [PageCall time] => 09:19:35
    [P_TID] => INIMX_VBNKCAEcatca0720250428091621975941
    [P_MID] => CAEcatca07
    [P_AUTH_DT] => 20250428091935
    [P_STATUS] => 02
    [P_TYPE] => VBANK
    [P_OID] => 250424-028
    [P_FN_CD1] => 11
    [P_FN_CD2] => 
    [P_FN_NM] => NH농협은행
    [P_AMT] => 3000
    [P_UNAME] => 주리라
    [P_RMESG1] => P_VACCT_NO=79015901821382|P_EXP_DT=20250508
    [P_RMESG2] => 
    [P_NOTI] => 
    [P_AUTH_NO] => 
)

 Array
(
    [PageCall time] => 09:56:00
    [P_TID] => INIMX_VBNKCAEcatca0720250428095225705446
    [P_MID] => CAEcatca07
    [P_AUTH_DT] => 20250428095600
    [P_STATUS] => 02
    [P_TYPE] => VBANK
    [P_OID] => 250428-002
    [P_FN_CD1] => 39
    [P_FN_CD2] => 
    [P_FN_NM] => 경남은행
    [P_AMT] => 3000
    [P_UNAME] => 김명숙
    [P_RMESG1] => P_VACCT_NO=573193303133|P_EXP_DT=20250508
    [P_RMESG2] => 
    [P_NOTI] => 
    [P_AUTH_NO] => 
)

 Array
(
    [PageCall time] => 10:09:21
    [P_TID] => INIMX_VBNKCAEcatca0720250428100416465928
    [P_MID] => CAEcatca07
    [P_AUTH_DT] => 20250428100921
    [P_STATUS] => 02
    [P_TYPE] => VBANK
    [P_OID] => 250428-004
    [P_FN_CD1] => 03
    [P_FN_CD2] => 
    [P_FN_NM] => 기업은행
    [P_AMT] => 3000
    [P_UNAME] => 전희주
    [P_RMESG1] => P_VACCT_NO=07500504097368|P_EXP_DT=20250508
    [P_RMESG2] => 
    [P_NOTI] => 
    [P_AUTH_NO] => 
)

 Array
(
    [PageCall time] => 10:23:10
    [P_TID] => INIMX_VBNKCAEcatca0720250428102024695331
    [P_MID] => CAEcatca07
    [P_AUTH_DT] => 20250428102310
    [P_STATUS] => 02
    [P_TYPE] => VBANK
    [P_OID] => 250428-005
    [P_FN_CD1] => 20
    [P_FN_CD2] => 
    [P_FN_NM] => 우리은행
    [P_AMT] => 3000
    [P_UNAME] => 이종민
    [P_RMESG1] => P_VACCT_NO=27488805118796|P_EXP_DT=20250508
    [P_RMESG2] => 
    [P_NOTI] => 
    [P_AUTH_NO] => 
)

 Array
(
    [PageCall time] => 10:26:28
    [P_TID] => INIMX_VBNKCAEcatca0720250428102501135494
    [P_MID] => CAEcatca07
    [P_AUTH_DT] => 20250428102628
    [P_STATUS] => 02
    [P_TYPE] => VBANK
    [P_OID] => 250428-006
    [P_FN_CD1] => 71
    [P_FN_CD2] => 
    [P_FN_NM] => 우체국
    [P_AMT] => 3000
    [P_UNAME] => 문연식
    [P_RMESG1] => P_VACCT_NO=01398781199239|P_EXP_DT=20250508
    [P_RMESG2] => 
    [P_NOTI] => 
    [P_AUTH_NO] => 
)

 Array
(
    [PageCall time] => 10:32:07
    [P_TID] => INIMX_VBNKCAEcatca0720250428102943285923
    [P_MID] => CAEcatca07
    [P_AUTH_DT] => 20250428103207
    [P_STATUS] => 02
    [P_TYPE] => VBANK
    [P_OID] => 250428-007
    [P_FN_CD1] => 88
    [P_FN_CD2] => 
    [P_FN_NM] => 신한은행
    [P_AMT] => 3000
    [P_UNAME] => 김가현
    [P_RMESG1] => P_VACCT_NO=56213170751402|P_EXP_DT=20250508
    [P_RMESG2] => 
    [P_NOTI] => 
    [P_AUTH_NO] => 
)

 Array
(
    [PageCall time] => 10:41:14
    [P_TID] => INIMX_VBNKCAEcatca0720250428103802895824
    [P_MID] => CAEcatca07
    [P_AUTH_DT] => 20250428104114
    [P_STATUS] => 02
    [P_TYPE] => VBANK
    [P_OID] => 250428-009
    [P_FN_CD1] => 11
    [P_FN_CD2] => 
    [P_FN_NM] => NH농협은행
    [P_AMT] => 3000
    [P_UNAME] => 김정란
    [P_RMESG1] => P_VACCT_NO=79015901846159|P_EXP_DT=20250508
    [P_RMESG2] => 
    [P_NOTI] => 
    [P_AUTH_NO] => 
)

 Array
(
    [PageCall time] => 10:48:34
    [P_TID] => INIMX_VBNKCAEcatca0720250428104751665170
    [P_MID] => CAEcatca07
    [P_AUTH_DT] => 20250428104834
    [P_STATUS] => 02
    [P_TYPE] => VBANK
    [P_OID] => 250428-010
    [P_FN_CD1] => 04
    [P_FN_CD2] => 
    [P_FN_NM] => KB국민은행
    [P_AMT] => 3000
    [P_UNAME] => 이정원
    [P_RMESG1] => P_VACCT_NO=26119078564237|P_EXP_DT=20250508
    [P_RMESG2] => 
    [P_NOTI] => 
    [P_AUTH_NO] => 
)

 Array
(
    [PageCall time] => 10:57:46
    [P_TID] => INIMX_VBNKCAEcatca0720250428105426675331
    [P_MID] => CAEcatca07
    [P_AUTH_DT] => 20250428105746
    [P_STATUS] => 02
    [P_TYPE] => VBANK
    [P_OID] => 250428-012
    [P_FN_CD1] => 89
    [P_FN_CD2] => 
    [P_FN_NM] => 케이뱅크
    [P_AMT] => 3000
    [P_UNAME] => 조미란
    [P_RMESG1] => P_VACCT_NO=70112003396690|P_EXP_DT=20250508
    [P_RMESG2] => 
    [P_NOTI] => 
    [P_AUTH_NO] => 
)

 Array
(
    [PageCall time] => 11:02:01
    [P_TID] => INIMX_VBNKCAEcatca0720250428110009825837
    [P_MID] => CAEcatca07
    [P_AUTH_DT] => 20250428110201
    [P_STATUS] => 02
    [P_TYPE] => VBANK
    [P_OID] => 250428-014
    [P_FN_CD1] => 04
    [P_FN_CD2] => 
    [P_FN_NM] => KB국민은행
    [P_AMT] => 3000
    [P_UNAME] => 신한식
    [P_RMESG1] => P_VACCT_NO=26119078593776|P_EXP_DT=20250508
    [P_RMESG2] => 
    [P_NOTI] => 
    [P_AUTH_NO] => 
)

 Array
(
    [PageCall time] => 11:03:38
    [P_TID] => INIMX_VBNKCAEcatca0720250428110059765325
    [P_MID] => CAEcatca07
    [P_AUTH_DT] => 20250428110338
    [P_STATUS] => 02
    [P_TYPE] => VBANK
    [P_OID] => 250426-007
    [P_FN_CD1] => 81
    [P_FN_CD2] => 
    [P_FN_NM] => 하나은행
    [P_AMT] => 3000
    [P_UNAME] => 김경호
    [P_RMESG1] => P_VACCT_NO=20893865243137|P_EXP_DT=20250508
    [P_RMESG2] => 
    [P_NOTI] => 
    [P_AUTH_NO] => 
)

 Array
(
    [PageCall time] => 11:17:39
    [P_TID] => INIMX_VBNKCAEcatca0720250428111401545271
    [P_MID] => CAEcatca07
    [P_AUTH_DT] => 20250428111739
    [P_STATUS] => 02
    [P_TYPE] => VBANK
    [P_OID] => 250428-015
    [P_FN_CD1] => 20
    [P_FN_CD2] => 
    [P_FN_NM] => 우리은행
    [P_AMT] => 3000
    [P_UNAME] => 전인숙
    [P_RMESG1] => P_VACCT_NO=27488811818028|P_EXP_DT=20250508
    [P_RMESG2] => 
    [P_NOTI] => 
    [P_AUTH_NO] => 
)

 Array
(
    [PageCall time] => 11:31:23
    [P_TID] => INIMX_VBNKCAEcatca0720250428112841215966
    [P_MID] => CAEcatca07
    [P_AUTH_DT] => 20250428113123
    [P_STATUS] => 02
    [P_TYPE] => VBANK
    [P_OID] => 250428-018
    [P_FN_CD1] => 88
    [P_FN_CD2] => 
    [P_FN_NM] => 신한은행
    [P_AMT] => 3000
    [P_UNAME] => 손교선
    [P_RMESG1] => P_VACCT_NO=56213170763601|P_EXP_DT=20250508
    [P_RMESG2] => 
    [P_NOTI] => 
    [P_AUTH_NO] => 
)

 Array
(
    [PageCall time] => 11:40:25
    [P_TID] => INIMX_VBNKCAEcatca0720250428113946745291
    [P_MID] => CAEcatca07
    [P_AUTH_DT] => 20250428114025
    [P_STATUS] => 02
    [P_TYPE] => VBANK
    [P_OID] => 250428-021
    [P_FN_CD1] => 11
    [P_FN_CD2] => 
    [P_FN_NM] => NH농협은행
    [P_AMT] => 3000
    [P_UNAME] => 이현영
    [P_RMESG1] => P_VACCT_NO=79015901858496|P_EXP_DT=20250508
    [P_RMESG2] => 
    [P_NOTI] => 
    [P_AUTH_NO] => 
)

 Array
(
    [PageCall time] => 12:46:38
    [P_TID] => INIMX_VBNKCAEcatca0720250428124322565791
    [P_MID] => CAEcatca07
    [P_AUTH_DT] => 20250428124638
    [P_STATUS] => 02
    [P_TYPE] => VBANK
    [P_OID] => 250428-022
    [P_FN_CD1] => 03
    [P_FN_CD2] => 
    [P_FN_NM] => 기업은행
    [P_AMT] => 3000
    [P_UNAME] => 권성혁
    [P_RMESG1] => P_VACCT_NO=07500544597682|P_EXP_DT=20250508
    [P_RMESG2] => 
    [P_NOTI] => 
    [P_AUTH_NO] => 
)

 Array
(
    [PageCall time] => 13:03:07
    [P_TID] => INIMX_VBNKCAEcatca0720250428125956525410
    [P_MID] => CAEcatca07
    [P_AUTH_DT] => 20250428130307
    [P_STATUS] => 02
    [P_TYPE] => VBANK
    [P_OID] => 250428-023
    [P_FN_CD1] => 03
    [P_FN_CD2] => 
    [P_FN_NM] => 기업은행
    [P_AMT] => 3000
    [P_UNAME] => 장춘화
    [P_RMESG1] => P_VACCT_NO=07500547197298|P_EXP_DT=20250508
    [P_RMESG2] => 
    [P_NOTI] => 
    [P_AUTH_NO] => 
)

 Array
(
    [PageCall time] => 13:10:14
    [P_TID] => INIMX_VBNKCAEcatca0720250428130737445332
    [P_MID] => CAEcatca07
    [P_AUTH_DT] => 20250428131014
    [P_STATUS] => 02
    [P_TYPE] => VBANK
    [P_OID] => 250428-024
    [P_FN_CD1] => 88
    [P_FN_CD2] => 
    [P_FN_NM] => 신한은행
    [P_AMT] => 3000
    [P_UNAME] => 신현경
    [P_RMESG1] => P_VACCT_NO=56213170770191|P_EXP_DT=20250508
    [P_RMESG2] => 
    [P_NOTI] => 
    [P_AUTH_NO] => 
)

 Array
(
    [PageCall time] => 13:30:10
    [P_TID] => INIMX_VBNKCAEcatca0720250428132646945591
    [P_MID] => CAEcatca07
    [P_AUTH_DT] => 20250428133010
    [P_STATUS] => 02
    [P_TYPE] => VBANK
    [P_OID] => 250428-026
    [P_FN_CD1] => 03
    [P_FN_CD2] => 
    [P_FN_NM] => 기업은행
    [P_AMT] => 3000
    [P_UNAME] => 유미라
    [P_RMESG1] => P_VACCT_NO=07500555297458|P_EXP_DT=20250508
    [P_RMESG2] => 
    [P_NOTI] => 
    [P_AUTH_NO] => 
)

 Array
(
    [PageCall time] => 13:31:05
    [P_TID] => INIMX_VBNKCAEcatca0720250428132910735430
    [P_MID] => CAEcatca07
    [P_AUTH_DT] => 20250428133105
    [P_STATUS] => 02
    [P_TYPE] => VBANK
    [P_OID] => 250428-027
    [P_FN_CD1] => 39
    [P_FN_CD2] => 
    [P_FN_NM] => 경남은행
    [P_AMT] => 3000
    [P_UNAME] => 김연주
    [P_RMESG1] => P_VACCT_NO=573193303520|P_EXP_DT=20250508
    [P_RMESG2] => 
    [P_NOTI] => 
    [P_AUTH_NO] => 
)

 Array
(
    [PageCall time] => 13:46:39
    [P_TID] => INIMX_VBNKCAEcatca0720250428134510905537
    [P_MID] => CAEcatca07
    [P_AUTH_DT] => 20250428134639
    [P_STATUS] => 02
    [P_TYPE] => VBANK
    [P_OID] => 250428-029
    [P_FN_CD1] => 04
    [P_FN_CD2] => 
    [P_FN_NM] => KB국민은행
    [P_AMT] => 3000
    [P_UNAME] => 이수진
    [P_RMESG1] => P_VACCT_NO=26119078818633|P_EXP_DT=20250508
    [P_RMESG2] => 
    [P_NOTI] => 
    [P_AUTH_NO] => 
)

 Array
(
    [PageCall time] => 13:56:26
    [P_TID] => INIMX_VBNKCAEcatca0720250428135317855376
    [P_MID] => CAEcatca07
    [P_AUTH_DT] => 20250428135626
    [P_STATUS] => 02
    [P_TYPE] => VBANK
    [P_OID] => 250428-028
    [P_FN_CD1] => 88
    [P_FN_CD2] => 
    [P_FN_NM] => 신한은행
    [P_AMT] => 3000
    [P_UNAME] => 장수현
    [P_RMESG1] => P_VACCT_NO=56213170777715|P_EXP_DT=20250508
    [P_RMESG2] => 
    [P_NOTI] => 
    [P_AUTH_NO] => 
)

 Array
(
    [PageCall time] => 13:59:50
    [P_TID] => INIMX_VBNKCAEcatca0720250428135829515549
    [P_MID] => CAEcatca07
    [P_AUTH_DT] => 20250428135950
    [P_STATUS] => 02
    [P_TYPE] => VBANK
    [P_OID] => 250428-031
    [P_FN_CD1] => 11
    [P_FN_CD2] => 
    [P_FN_NM] => NH농협은행
    [P_AMT] => 3000
    [P_UNAME] => 정병조
    [P_RMESG1] => P_VACCT_NO=79015901876700|P_EXP_DT=20250508
    [P_RMESG2] => 
    [P_NOTI] => 
    [P_AUTH_NO] => 
)

 Array
(
    [PageCall time] => 14:01:11
    [P_TID] => INIMX_VBNKCAEcatca0720250428135850115977
    [P_MID] => CAEcatca07
    [P_AUTH_DT] => 20250428140110
    [P_STATUS] => 02
    [P_TYPE] => VBANK
    [P_OID] => 250428-030
    [P_FN_CD1] => 11
    [P_FN_CD2] => 
    [P_FN_NM] => NH농협은행
    [P_AMT] => 3000
    [P_UNAME] => 성화숙
    [P_RMESG1] => P_VACCT_NO=79015901876784|P_EXP_DT=20250508
    [P_RMESG2] => 
    [P_NOTI] => 
    [P_AUTH_NO] => 
)

 Array
(
    [PageCall time] => 14:03:22
    [P_TID] => INIMX_VBNKCAEcatca0720250428140238885628
    [P_MID] => CAEcatca07
    [P_AUTH_DT] => 20250428140322
    [P_STATUS] => 02
    [P_TYPE] => VBANK
    [P_OID] => 250428-032
    [P_FN_CD1] => 11
    [P_FN_CD2] => 
    [P_FN_NM] => NH농협은행
    [P_AMT] => 3000
    [P_UNAME] => 장숙현
    [P_RMESG1] => P_VACCT_NO=79015901878379|P_EXP_DT=20250508
    [P_RMESG2] => 
    [P_NOTI] => 
    [P_AUTH_NO] => 
)

 Array
(
    [PageCall time] => 14:11:42
    [P_TID] => INIMX_VBNKCAEcatca0720250428141019105066
    [P_MID] => CAEcatca07
    [P_AUTH_DT] => 20250428141142
    [P_STATUS] => 02
    [P_TYPE] => VBANK
    [P_OID] => 250428-033
    [P_FN_CD1] => 11
    [P_FN_CD2] => 
    [P_FN_NM] => NH농협은행
    [P_AMT] => 3000
    [P_UNAME] => 박명원
    [P_RMESG1] => P_VACCT_NO=79015901880283|P_EXP_DT=20250508
    [P_RMESG2] => 
    [P_NOTI] => 
    [P_AUTH_NO] => 
)

 Array
(
    [PageCall time] => 14:23:33
    [P_TID] => INIMX_VBNKCAEcatca0720250428142007385652
    [P_MID] => CAEcatca07
    [P_AUTH_DT] => 20250428142333
    [P_STATUS] => 02
    [P_TYPE] => VBANK
    [P_OID] => 250428-036
    [P_FN_CD1] => 81
    [P_FN_CD2] => 
    [P_FN_NM] => 하나은행
    [P_AMT] => 3000
    [P_UNAME] => 심나경
    [P_RMESG1] => P_VACCT_NO=20893866994537|P_EXP_DT=20250508
    [P_RMESG2] => 
    [P_NOTI] => 
    [P_AUTH_NO] => 
)

 Array
(
    [PageCall time] => 14:44:06
    [P_TID] => INIMX_VBNKCAEcatca0720250428144214835589
    [P_MID] => CAEcatca07
    [P_AUTH_DT] => 20250428144406
    [P_STATUS] => 02
    [P_TYPE] => VBANK
    [P_OID] => 250428-037
    [P_FN_CD1] => 11
    [P_FN_CD2] => 
    [P_FN_NM] => NH농협은행
    [P_AMT] => 3000
    [P_UNAME] => 임보라
    [P_RMESG1] => P_VACCT_NO=79015901888397|P_EXP_DT=20250508
    [P_RMESG2] => 
    [P_NOTI] => 
    [P_AUTH_NO] => 
)

 Array
(
    [PageCall time] => 14:54:59
    [P_TID] => INIMX_VBNKCAEcatca0720250428145401825576
    [P_MID] => CAEcatca07
    [P_AUTH_DT] => 20250428145459
    [P_STATUS] => 02
    [P_TYPE] => VBANK
    [P_OID] => 250428-038
    [P_FN_CD1] => 04
    [P_FN_CD2] => 
    [P_FN_NM] => KB국민은행
    [P_AMT] => 3000
    [P_UNAME] => 임동후
    [P_RMESG1] => P_VACCT_NO=26159078037193|P_EXP_DT=20250508
    [P_RMESG2] => 
    [P_NOTI] => 
    [P_AUTH_NO] => 
)

 Array
(
    [PageCall time] => 15:03:07
    [P_TID] => INIMX_VBNKCAEcatca0720250428150012265382
    [P_MID] => CAEcatca07
    [P_AUTH_DT] => 20250428150307
    [P_STATUS] => 02
    [P_TYPE] => VBANK
    [P_OID] => 250428-039
    [P_FN_CD1] => 88
    [P_FN_CD2] => 
    [P_FN_NM] => 신한은행
    [P_AMT] => 3000
    [P_UNAME] => 곽혜연
    [P_RMESG1] => P_VACCT_NO=56213170786525|P_EXP_DT=20250508
    [P_RMESG2] => 
    [P_NOTI] => 
    [P_AUTH_NO] => 
)

 Array
(
    [PageCall time] => 15:12:56
    [P_TID] => INIMX_VBNKCAEcatca0720250428150924535931
    [P_MID] => CAEcatca07
    [P_AUTH_DT] => 20250428151255
    [P_STATUS] => 02
    [P_TYPE] => VBANK
    [P_OID] => 250428-040
    [P_FN_CD1] => 20
    [P_FN_CD2] => 
    [P_FN_NM] => 우리은행
    [P_AMT] => 3000
    [P_UNAME] => 성은정
    [P_RMESG1] => P_VACCT_NO=27488827218247|P_EXP_DT=20250508
    [P_RMESG2] => 
    [P_NOTI] => 
    [P_AUTH_NO] => 
)

 Array
(
    [PageCall time] => 16:36:52
    [P_TID] => INIMX_VBNKCAEcatca0720250428152842345865
    [P_MID] => CAEcatca07
    [P_AUTH_DT] => 20250428163652
    [P_STATUS] => 02
    [P_TYPE] => VBANK
    [P_OID] => 250428-042
    [P_FN_CD1] => 03
    [P_FN_CD2] => 
    [P_FN_NM] => 기업은행
    [P_AMT] => 3000
    [P_UNAME] => 남지영
    [P_RMESG1] => P_VACCT_NO=07500573997461|P_EXP_DT=20250508
    [P_RMESG2] => 
    [P_NOTI] => 
    [P_AUTH_NO] => 
)

 Array
(
    [PageCall time] => 16:43:53
    [P_TID] => INIMX_VBNKCAEcatca0720250428164108685967
    [P_MID] => CAEcatca07
    [P_AUTH_DT] => 20250428164353
    [P_STATUS] => 02
    [P_TYPE] => VBANK
    [P_OID] => 250428-044
    [P_FN_CD1] => 81
    [P_FN_CD2] => 
    [P_FN_NM] => 하나은행
    [P_AMT] => 3000
    [P_UNAME] => 고재선
    [P_RMESG1] => P_VACCT_NO=20893868291637|P_EXP_DT=20250508
    [P_RMESG2] => 
    [P_NOTI] => 
    [P_AUTH_NO] => 
)

 Array
(
    [PageCall time] => 17:11:06
    [P_TID] => INIMX_VBNKCAEcatca0720250428170513535360
    [P_MID] => CAEcatca07
    [P_AUTH_DT] => 20250428171106
    [P_STATUS] => 02
    [P_TYPE] => VBANK
    [P_OID] => 250428-045
    [P_FN_CD1] => 03
    [P_FN_CD2] => 
    [P_FN_NM] => 기업은행
    [P_AMT] => 3000
    [P_UNAME] => 김진선
    [P_RMESG1] => P_VACCT_NO=07500583597270|P_EXP_DT=20250508
    [P_RMESG2] => 
    [P_NOTI] => 
    [P_AUTH_NO] => 
)

 Array
(
    [PageCall time] => 19:49:53
    [P_TID] => INIMX_VBNKCAEcatca0720250428194647675081
    [P_MID] => CAEcatca07
    [P_AUTH_DT] => 20250428194953
    [P_STATUS] => 02
    [P_TYPE] => VBANK
    [P_OID] => 250428-046
    [P_FN_CD1] => 81
    [P_FN_CD2] => 
    [P_FN_NM] => 하나은행
    [P_AMT] => 3000
    [P_UNAME] => 김승우
    [P_RMESG1] => P_VACCT_NO=20893869623437|P_EXP_DT=20250508
    [P_RMESG2] => 
    [P_NOTI] => 
    [P_AUTH_NO] => 
)

 Array
(
    [PageCall time] => 19:54:57
    [P_TID] => INIMX_VBNKCAEcatca0720250428195111575790
    [P_MID] => CAEcatca07
    [P_AUTH_DT] => 20250428195457
    [P_STATUS] => 02
    [P_TYPE] => VBANK
    [P_OID] => 250428-047
    [P_FN_CD1] => 88
    [P_FN_CD2] => 
    [P_FN_NM] => 신한은행
    [P_AMT] => 3000
    [P_UNAME] => 양보석
    [P_RMESG1] => P_VACCT_NO=56213170831904|P_EXP_DT=20250508
    [P_RMESG2] => 
    [P_NOTI] => 
    [P_AUTH_NO] => 
)

 Array
(
    [PageCall time] => 21:32:31
    [P_TID] => INIMX_VBNKCAEcatca0720250428213156865937
    [P_MID] => CAEcatca07
    [P_AUTH_DT] => 20250428213231
    [P_STATUS] => 02
    [P_TYPE] => VBANK
    [P_OID] => 250428-048
    [P_FN_CD1] => 04
    [P_FN_CD2] => 
    [P_FN_NM] => KB국민은행
    [P_AMT] => 3000
    [P_UNAME] => 박서연
    [P_RMESG1] => P_VACCT_NO=60489014590123|P_EXP_DT=20250508
    [P_RMESG2] => 
    [P_NOTI] => 
    [P_AUTH_NO] => 
)

 Array
(
    [PageCall time] => 22:31:33
    [P_TID] => INIMX_VBNKCAEcatca0720250428223038885519
    [P_MID] => CAEcatca07
    [P_AUTH_DT] => 20250428223133
    [P_STATUS] => 02
    [P_TYPE] => VBANK
    [P_OID] => 250428-049
    [P_FN_CD1] => 04
    [P_FN_CD2] => 
    [P_FN_NM] => KB국민은행
    [P_AMT] => 3000
    [P_UNAME] => 김종훈
    [P_RMESG1] => P_VACCT_NO=60489014596550|P_EXP_DT=20250508
    [P_RMESG2] => 
    [P_NOTI] => 
    [P_AUTH_NO] => 
)

