 Array
(
    [PageCall time] => 14:19:31
    [P_TID] => INIMX_VBNKCAEcatca0720260101141627525391
    [P_MID] => CAEcatca07
    [P_AUTH_DT] => 20260101141931
    [P_STATUS] => 02
    [P_TYPE] => VBANK
    [P_OID] => 260101-003
    [P_FN_CD1] => 88
    [P_FN_CD2] => 
    [P_FN_NM] => 신한은행
    [P_AMT] => 3000
    [P_UNAME] => 전은즈ㅡ
    [P_RMESG1] => P_VACCT_NO=56211992008420|P_EXP_DT=20260111
    [P_RMESG2] => 
    [P_NOTI] => 
    [P_AUTH_NO] => 
)

 Array
(
    [PageCall time] => 14:26:56
    [P_TID] => INIMX_VBNKCAEcatca0720260101142410125042
    [P_MID] => CAEcatca07
    [P_AUTH_DT] => 20260101142656
    [P_STATUS] => 02
    [P_TYPE] => VBANK
    [P_OID] => 260101-004
    [P_FN_CD1] => 04
    [P_FN_CD2] => 
    [P_FN_NM] => KB국민은행
    [P_AMT] => 3000
    [P_UNAME] => 한종수
    [P_RMESG1] => P_VACCT_NO=26119078280270|P_EXP_DT=20260111
    [P_RMESG2] => 
    [P_NOTI] => 
    [P_AUTH_NO] => 
)

 Array
(
    [PageCall time] => 15:25:22
    [P_TID] => INIMX_VBNKCAEcatca0720260101152435535146
    [P_MID] => CAEcatca07
    [P_AUTH_DT] => 20260101152522
    [P_STATUS] => 02
    [P_TYPE] => VBANK
    [P_OID] => 260101-005
    [P_FN_CD1] => 71
    [P_FN_CD2] => 
    [P_FN_NM] => 우체국
    [P_AMT] => 3000
    [P_UNAME] => 정미나
    [P_RMESG1] => P_VACCT_NO=01397981288835|P_EXP_DT=20260111
    [P_RMESG2] => 
    [P_NOTI] => 
    [P_AUTH_NO] => 
)

 Array
(
    [PageCall time] => 15:36:38
    [P_TID] => INIMX_VBNKCAEcatca0720260101153340275581
    [P_MID] => CAEcatca07
    [P_AUTH_DT] => 20260101153638
    [P_STATUS] => 02
    [P_TYPE] => VBANK
    [P_OID] => 260101-006
    [P_FN_CD1] => 03
    [P_FN_CD2] => 
    [P_FN_NM] => 기업은행
    [P_AMT] => 3000
    [P_UNAME] => 전광성
    [P_RMESG1] => P_VACCT_NO=07503319297361|P_EXP_DT=20260111
    [P_RMESG2] => 
    [P_NOTI] => 
    [P_AUTH_NO] => 
)

 Array
(
    [PageCall time] => 17:29:13
    [P_TID] => INIMX_VBNKCAEcatca0720260101172631235675
    [P_MID] => CAEcatca07
    [P_AUTH_DT] => 20260101172913
    [P_STATUS] => 02
    [P_TYPE] => VBANK
    [P_OID] => 260101-008
    [P_FN_CD1] => 04
    [P_FN_CD2] => 
    [P_FN_NM] => KB국민은행
    [P_AMT] => 3000
    [P_UNAME] => 김병정
    [P_RMESG1] => P_VACCT_NO=26159078700198|P_EXP_DT=20260111
    [P_RMESG2] => 
    [P_NOTI] => 
    [P_AUTH_NO] => 
)

 Array
(
    [PageCall time] => 18:25:03
    [P_TID] => INIMX_VBNKCAEcatca0720260101182040505999
    [P_MID] => CAEcatca07
    [P_AUTH_DT] => 20260101182503
    [P_STATUS] => 02
    [P_TYPE] => VBANK
    [P_OID] => 251230-040
    [P_FN_CD1] => 04
    [P_FN_CD2] => 
    [P_FN_NM] => KB국민은행
    [P_AMT] => 3000
    [P_UNAME] => 진명희
    [P_RMESG1] => P_VACCT_NO=26159078712559|P_EXP_DT=20260111
    [P_RMESG2] => 
    [P_NOTI] => 
    [P_AUTH_NO] => 
)

 Array
(
    [PageCall time] => 19:14:29
    [P_TID] => INIMX_VBNKCAEcatca0720260101191027455084
    [P_MID] => CAEcatca07
    [P_AUTH_DT] => 20260101191429
    [P_STATUS] => 02
    [P_TYPE] => VBANK
    [P_OID] => 260101-009
    [P_FN_CD1] => 81
    [P_FN_CD2] => 
    [P_FN_NM] => 하나은행
    [P_AMT] => 3000
    [P_UNAME] => 홍관의
    [P_RMESG1] => P_VACCT_NO=20893854917437|P_EXP_DT=20260111
    [P_RMESG2] => 
    [P_NOTI] => 
    [P_AUTH_NO] => 
)

 Array
(
    [PageCall time] => 22:38:22
    [P_TID] => INIMX_VBNKCAEcatca0720260101223513405465
    [P_MID] => CAEcatca07
    [P_AUTH_DT] => 20260101223822
    [P_STATUS] => 02
    [P_TYPE] => VBANK
    [P_OID] => 260101-010
    [P_FN_CD1] => 88
    [P_FN_CD2] => 
    [P_FN_NM] => 신한은행
    [P_AMT] => 3000
    [P_UNAME] => 김재홍
    [P_RMESG1] => P_VACCT_NO=56211992033090|P_EXP_DT=20260111
    [P_RMESG2] => 
    [P_NOTI] => 
    [P_AUTH_NO] => 
)

