 Array
(
    [PageCall time] => 08:46:12
    [P_TID] => INIMX_VBNKCAEcatca0720250406084323355813
    [P_MID] => CAEcatca07
    [P_AUTH_DT] => 20250406084612
    [P_STATUS] => 02
    [P_TYPE] => VBANK
    [P_OID] => 250406-002
    [P_FN_CD1] => 81
    [P_FN_CD2] => 
    [P_FN_NM] => 하나은행
    [P_AMT] => 3000
    [P_UNAME] => 고미애
    [P_RMESG1] => P_VACCT_NO=20894345333237|P_EXP_DT=20250416
    [P_RMESG2] => 
    [P_NOTI] => 
    [P_AUTH_NO] => 
)

 Array
(
    [PageCall time] => 08:46:45
    [P_TID] => INIMX_VBNKCAEcatca0720250406084543555645
    [P_MID] => CAEcatca07
    [P_AUTH_DT] => 20250406084645
    [P_STATUS] => 02
    [P_TYPE] => VBANK
    [P_OID] => 250406-001
    [P_FN_CD1] => 11
    [P_FN_CD2] => 
    [P_FN_NM] => NH농협은행
    [P_AMT] => 3000
    [P_UNAME] => 박윤경
    [P_RMESG1] => P_VACCT_NO=79014509639488|P_EXP_DT=20250416
    [P_RMESG2] => 
    [P_NOTI] => 
    [P_AUTH_NO] => 
)

 Array
(
    [PageCall time] => 09:57:01
    [P_TID] => INIMX_VBNKCAEcatca0720250406095359185164
    [P_MID] => CAEcatca07
    [P_AUTH_DT] => 20250406095701
    [P_STATUS] => 02
    [P_TYPE] => VBANK
    [P_OID] => 250406-003
    [P_FN_CD1] => 20
    [P_FN_CD2] => 
    [P_FN_NM] => 우리은행
    [P_AMT] => 3000
    [P_UNAME] => 지원
    [P_RMESG1] => P_VACCT_NO=27388818018163|P_EXP_DT=20250416
    [P_RMESG2] => 
    [P_NOTI] => 
    [P_AUTH_NO] => 
)

 Array
(
    [PageCall time] => 16:04:05
    [P_TID] => INIMX_VBNKCAEcatca0720250406160125735181
    [P_MID] => CAEcatca07
    [P_AUTH_DT] => 20250406160405
    [P_STATUS] => 02
    [P_TYPE] => VBANK
    [P_OID] => 250406-005
    [P_FN_CD1] => 88
    [P_FN_CD2] => 
    [P_FN_NM] => 신한은행
    [P_AMT] => 3000
    [P_UNAME] => 박하은
    [P_RMESG1] => P_VACCT_NO=56211104780729|P_EXP_DT=20250416
    [P_RMESG2] => 
    [P_NOTI] => 
    [P_AUTH_NO] => 
)

 Array
(
    [PageCall time] => 16:45:10
    [P_TID] => INIMX_VBNKCAEcatca0720250406164448525018
    [P_MID] => CAEcatca07
    [P_AUTH_DT] => 20250406164510
    [P_STATUS] => 02
    [P_TYPE] => VBANK
    [P_OID] => 250406-006
    [P_FN_CD1] => 11
    [P_FN_CD2] => 
    [P_FN_NM] => NH농협은행
    [P_AMT] => 3000
    [P_UNAME] => 백세영
    [P_RMESG1] => P_VACCT_NO=79014509652961|P_EXP_DT=20250416
    [P_RMESG2] => 
    [P_NOTI] => 
    [P_AUTH_NO] => 
)

 Array
(
    [PageCall time] => 16:59:48
    [P_TID] => INIMX_VBNKCAEcatca0720250406165645125860
    [P_MID] => CAEcatca07
    [P_AUTH_DT] => 20250406165948
    [P_STATUS] => 02
    [P_TYPE] => VBANK
    [P_OID] => 250406-007
    [P_FN_CD1] => 81
    [P_FN_CD2] => 
    [P_FN_NM] => 하나은행
    [P_AMT] => 3000
    [P_UNAME] => 신창용
    [P_RMESG1] => P_VACCT_NO=20894335563637|P_EXP_DT=20250416
    [P_RMESG2] => 
    [P_NOTI] => 
    [P_AUTH_NO] => 
)

 Array
(
    [PageCall time] => 17:00:05
    [P_TID] => INIMX_VBNKCAEcatca0720250406165903235030
    [P_MID] => CAEcatca07
    [P_AUTH_DT] => 20250406170005
    [P_STATUS] => 02
    [P_TYPE] => VBANK
    [P_OID] => 250406-008
    [P_FN_CD1] => 04
    [P_FN_CD2] => 
    [P_FN_NM] => KB국민은행
    [P_AMT] => 3000
    [P_UNAME] => 배남식
    [P_RMESG1] => P_VACCT_NO=41989011747690|P_EXP_DT=20250416
    [P_RMESG2] => 
    [P_NOTI] => 
    [P_AUTH_NO] => 
)

