 Array
(
    [PageCall time] => 08:27:20
    [P_TID] => INIMX_VBNKCAEcatca0720250816082445395468
    [P_MID] => CAEcatca07
    [P_AUTH_DT] => 20250816082719
    [P_STATUS] => 02
    [P_TYPE] => VBANK
    [P_OID] => 250816-001
    [P_FN_CD1] => 88
    [P_FN_CD2] => 
    [P_FN_NM] => 신한은행
    [P_AMT] => 3000
    [P_UNAME] => 강정화
    [P_RMESG1] => P_VACCT_NO=56211991586709|P_EXP_DT=20250826
    [P_RMESG2] => 
    [P_NOTI] => 
    [P_AUTH_NO] => 
)

 Array
(
    [PageCall time] => 10:39:00
    [P_TID] => INIMX_VBNKCAEcatca0720250816103101985888
    [P_MID] => CAEcatca07
    [P_AUTH_DT] => 20250816103900
    [P_STATUS] => 02
    [P_TYPE] => VBANK
    [P_OID] => 250816-002
    [P_FN_CD1] => 88
    [P_FN_CD2] => 
    [P_FN_NM] => 신한은행
    [P_AMT] => 3000
    [P_UNAME] => 공기애
    [P_RMESG1] => P_VACCT_NO=56211991590356|P_EXP_DT=20250826
    [P_RMESG2] => 
    [P_NOTI] => 
    [P_AUTH_NO] => 
)

 Array
(
    [PageCall time] => 10:39:30
    [P_TID] => INIMX_VBNKCAEcatca0720250816103136875484
    [P_MID] => CAEcatca07
    [P_AUTH_DT] => 20250816103930
    [P_STATUS] => 02
    [P_TYPE] => VBANK
    [P_OID] => 250816-003
    [P_FN_CD1] => 88
    [P_FN_CD2] => 
    [P_FN_NM] => 신한은행
    [P_AMT] => 3000
    [P_UNAME] => 송연희
    [P_RMESG1] => P_VACCT_NO=56211991590375|P_EXP_DT=20250826
    [P_RMESG2] => 
    [P_NOTI] => 
    [P_AUTH_NO] => 
)

 Array
(
    [PageCall time] => 11:36:24
    [P_TID] => INIMX_VBNKCAEcatca0720250816113544595534
    [P_MID] => CAEcatca07
    [P_AUTH_DT] => 20250816113624
    [P_STATUS] => 02
    [P_TYPE] => VBANK
    [P_OID] => 250816-004
    [P_FN_CD1] => 04
    [P_FN_CD2] => 
    [P_FN_NM] => KB국민은행
    [P_AMT] => 3000
    [P_UNAME] => 김진봉
    [P_RMESG1] => P_VACCT_NO=26159078648816|P_EXP_DT=20250826
    [P_RMESG2] => 
    [P_NOTI] => 
    [P_AUTH_NO] => 
)

 Array
(
    [PageCall time] => 14:33:44
    [P_TID] => INIMX_VBNKCAEcatca0720250816143246925810
    [P_MID] => CAEcatca07
    [P_AUTH_DT] => 20250816143344
    [P_STATUS] => 02
    [P_TYPE] => VBANK
    [P_OID] => 250816-006
    [P_FN_CD1] => 11
    [P_FN_CD2] => 
    [P_FN_NM] => NH농협은행
    [P_AMT] => 3000
    [P_UNAME] => 박상선
    [P_RMESG1] => P_VACCT_NO=79014291143556|P_EXP_DT=20250826
    [P_RMESG2] => 
    [P_NOTI] => 
    [P_AUTH_NO] => 
)

 Array
(
    [PageCall time] => 15:55:10
    [P_TID] => INIMX_VBNKCAEcatca0720250816155351235475
    [P_MID] => CAEcatca07
    [P_AUTH_DT] => 20250816155510
    [P_STATUS] => 02
    [P_TYPE] => VBANK
    [P_OID] => 250816-008
    [P_FN_CD1] => 04
    [P_FN_CD2] => 
    [P_FN_NM] => KB국민은행
    [P_AMT] => 3000
    [P_UNAME] => 손창환
    [P_RMESG1] => P_VACCT_NO=70239014778995|P_EXP_DT=20250826
    [P_RMESG2] => 
    [P_NOTI] => 
    [P_AUTH_NO] => 
)

