 Array
(
    [PageCall time] => 04:14:45
    [P_TID] => INIMX_VBNKCAEcatca0720251117041137875657
    [P_MID] => CAEcatca07
    [P_AUTH_DT] => 20251117041445
    [P_STATUS] => 02
    [P_TYPE] => VBANK
    [P_OID] => 251117-001
    [P_FN_CD1] => 04
    [P_FN_CD2] => 
    [P_FN_NM] => KB국민은행
    [P_AMT] => 3000
    [P_UNAME] => 박상애
    [P_RMESG1] => P_VACCT_NO=26119078231876|P_EXP_DT=20251127
    [P_RMESG2] => 
    [P_NOTI] => 
    [P_AUTH_NO] => 
)

 Array
(
    [PageCall time] => 08:07:04
    [P_TID] => INIMX_VBNKCAEcatca0720251117080426975027
    [P_MID] => CAEcatca07
    [P_AUTH_DT] => 20251117080704
    [P_STATUS] => 02
    [P_TYPE] => VBANK
    [P_OID] => 251117-002
    [P_FN_CD1] => 88
    [P_FN_CD2] => 
    [P_FN_NM] => 신한은행
    [P_AMT] => 3000
    [P_UNAME] => 이지영
    [P_RMESG1] => P_VACCT_NO=56211992232448|P_EXP_DT=20251127
    [P_RMESG2] => 
    [P_NOTI] => 
    [P_AUTH_NO] => 
)

 Array
(
    [PageCall time] => 08:13:45
    [P_TID] => INIMX_VBNKCAEcatca0720251117080837895587
    [P_MID] => CAEcatca07
    [P_AUTH_DT] => 20251117081345
    [P_STATUS] => 02
    [P_TYPE] => VBANK
    [P_OID] => 251117-003
    [P_FN_CD1] => 88
    [P_FN_CD2] => 
    [P_FN_NM] => 신한은행
    [P_AMT] => 3000
    [P_UNAME] => 김연자
    [P_RMESG1] => P_VACCT_NO=56211992425986|P_EXP_DT=20251127
    [P_RMESG2] => 
    [P_NOTI] => 
    [P_AUTH_NO] => 
)

 Array
(
    [PageCall time] => 08:54:55
    [P_TID] => INIMX_VBNKCAEcatca0720251117085353075557
    [P_MID] => CAEcatca07
    [P_AUTH_DT] => 20251117085455
    [P_STATUS] => 02
    [P_TYPE] => VBANK
    [P_OID] => 251117-005
    [P_FN_CD1] => 11
    [P_FN_CD2] => 
    [P_FN_NM] => NH농협은행
    [P_AMT] => 3000
    [P_UNAME] => 김경숙
    [P_RMESG1] => P_VACCT_NO=79015902493167|P_EXP_DT=20251127
    [P_RMESG2] => 
    [P_NOTI] => 
    [P_AUTH_NO] => 
)

 Array
(
    [PageCall time] => 09:48:01
    [P_TID] => INIMX_VBNKCAEcatca0720251117094512735024
    [P_MID] => CAEcatca07
    [P_AUTH_DT] => 20251117094801
    [P_STATUS] => 02
    [P_TYPE] => VBANK
    [P_OID] => 251117-006
    [P_FN_CD1] => 81
    [P_FN_CD2] => 
    [P_FN_NM] => 하나은행
    [P_AMT] => 3000
    [P_UNAME] => 김유경
    [P_RMESG1] => P_VACCT_NO=20894020889437|P_EXP_DT=20251127
    [P_RMESG2] => 
    [P_NOTI] => 
    [P_AUTH_NO] => 
)

 Array
(
    [PageCall time] => 10:18:48
    [P_TID] => INIMX_VBNKCAEcatca0720251117101622655254
    [P_MID] => CAEcatca07
    [P_AUTH_DT] => 20251117101848
    [P_STATUS] => 02
    [P_TYPE] => VBANK
    [P_OID] => 251117-007
    [P_FN_CD1] => 04
    [P_FN_CD2] => 
    [P_FN_NM] => KB국민은행
    [P_AMT] => 3000
    [P_UNAME] => 손병규
    [P_RMESG1] => P_VACCT_NO=70499011758246|P_EXP_DT=20251127
    [P_RMESG2] => 
    [P_NOTI] => 
    [P_AUTH_NO] => 
)

 Array
(
    [PageCall time] => 10:27:23
    [P_TID] => INIMX_VBNKCAEcatca0720251117102443705035
    [P_MID] => CAEcatca07
    [P_AUTH_DT] => 20251117102723
    [P_STATUS] => 02
    [P_TYPE] => VBANK
    [P_OID] => 251117-008
    [P_FN_CD1] => 20
    [P_FN_CD2] => 
    [P_FN_NM] => 우리은행
    [P_AMT] => 3000
    [P_UNAME] => 김종화
    [P_RMESG1] => P_VACCT_NO=61848614618265|P_EXP_DT=20251127
    [P_RMESG2] => 
    [P_NOTI] => 
    [P_AUTH_NO] => 
)

 Array
(
    [PageCall time] => 10:28:39
    [P_TID] => INIMX_VBNKCAEcatca0720251117102555455208
    [P_MID] => CAEcatca07
    [P_AUTH_DT] => 20251117102839
    [P_STATUS] => 02
    [P_TYPE] => VBANK
    [P_OID] => 251117-009
    [P_FN_CD1] => 89
    [P_FN_CD2] => 
    [P_FN_NM] => 케이뱅크
    [P_AMT] => 3000
    [P_UNAME] => 김주희
    [P_RMESG1] => P_VACCT_NO=70112003867351|P_EXP_DT=20251127
    [P_RMESG2] => 
    [P_NOTI] => 
    [P_AUTH_NO] => 
)

 Array
(
    [PageCall time] => 10:33:39
    [P_TID] => INIMX_VBNKCAEcatca0720251117103000145893
    [P_MID] => CAEcatca07
    [P_AUTH_DT] => 20251117103339
    [P_STATUS] => 02
    [P_TYPE] => VBANK
    [P_OID] => 251117-010
    [P_FN_CD1] => 88
    [P_FN_CD2] => 
    [P_FN_NM] => 신한은행
    [P_AMT] => 3000
    [P_UNAME] => 박미향
    [P_RMESG1] => P_VACCT_NO=56211105820091|P_EXP_DT=20251127
    [P_RMESG2] => 
    [P_NOTI] => 
    [P_AUTH_NO] => 
)

 Array
(
    [PageCall time] => 11:16:57
    [P_TID] => INIMX_VBNKCAEcatca0720251117084546125019
    [P_MID] => CAEcatca07
    [P_AUTH_DT] => 20251117111657
    [P_STATUS] => 02
    [P_TYPE] => VBANK
    [P_OID] => 251117-004
    [P_FN_CD1] => 88
    [P_FN_CD2] => 
    [P_FN_NM] => 신한은행
    [P_AMT] => 3000
    [P_UNAME] => 조채원
    [P_RMESG1] => P_VACCT_NO=56211105605131|P_EXP_DT=20251127
    [P_RMESG2] => 
    [P_NOTI] => 
    [P_AUTH_NO] => 
)

 Array
(
    [PageCall time] => 11:41:45
    [P_TID] => INIMX_VBNKCAEcatca0720251117113917465738
    [P_MID] => CAEcatca07
    [P_AUTH_DT] => 20251117114145
    [P_STATUS] => 02
    [P_TYPE] => VBANK
    [P_OID] => 251117-014
    [P_FN_CD1] => 04
    [P_FN_CD2] => 
    [P_FN_NM] => KB국민은행
    [P_AMT] => 3000
    [P_UNAME] => 허성재
    [P_RMESG1] => P_VACCT_NO=26119078282539|P_EXP_DT=20251127
    [P_RMESG2] => 
    [P_NOTI] => 
    [P_AUTH_NO] => 
)

 Array
(
    [PageCall time] => 12:06:12
    [P_TID] => INIMX_VBNKCAEcatca0720251117120535165882
    [P_MID] => CAEcatca07
    [P_AUTH_DT] => 20251117120612
    [P_STATUS] => 02
    [P_TYPE] => VBANK
    [P_OID] => 251117-016
    [P_FN_CD1] => 11
    [P_FN_CD2] => 
    [P_FN_NM] => NH농협은행
    [P_AMT] => 3000
    [P_UNAME] => 박지운
    [P_RMESG1] => P_VACCT_NO=79015902534546|P_EXP_DT=20251127
    [P_RMESG2] => 
    [P_NOTI] => 
    [P_AUTH_NO] => 
)

 Array
(
    [PageCall time] => 12:10:45
    [P_TID] => INIMX_VBNKCAEcatca0720251117120713655746
    [P_MID] => CAEcatca07
    [P_AUTH_DT] => 20251117121045
    [P_STATUS] => 02
    [P_TYPE] => VBANK
    [P_OID] => 251117-017
    [P_FN_CD1] => 81
    [P_FN_CD2] => 
    [P_FN_NM] => 하나은행
    [P_AMT] => 3000
    [P_UNAME] => 박만인
    [P_RMESG1] => P_VACCT_NO=20894023178437|P_EXP_DT=20251127
    [P_RMESG2] => 
    [P_NOTI] => 
    [P_AUTH_NO] => 
)

 Array
(
    [PageCall time] => 12:12:25
    [P_TID] => INIMX_VBNKCAEcatca0720251117121131725887
    [P_MID] => CAEcatca07
    [P_AUTH_DT] => 20251117121225
    [P_STATUS] => 02
    [P_TYPE] => VBANK
    [P_OID] => 251117-018
    [P_FN_CD1] => 11
    [P_FN_CD2] => 
    [P_FN_NM] => NH농협은행
    [P_AMT] => 3000
    [P_UNAME] => 오지훈
    [P_RMESG1] => P_VACCT_NO=79015902535186|P_EXP_DT=20251127
    [P_RMESG2] => 
    [P_NOTI] => 
    [P_AUTH_NO] => 
)

 Array
(
    [PageCall time] => 12:23:23
    [P_TID] => INIMX_VBNKCAEcatca0720251117122032985849
    [P_MID] => CAEcatca07
    [P_AUTH_DT] => 20251117122323
    [P_STATUS] => 02
    [P_TYPE] => VBANK
    [P_OID] => 251117-019
    [P_FN_CD1] => 04
    [P_FN_CD2] => 
    [P_FN_NM] => KB국민은행
    [P_AMT] => 3000
    [P_UNAME] => 김정아
    [P_RMESG1] => P_VACCT_NO=26119078293906|P_EXP_DT=20251127
    [P_RMESG2] => 
    [P_NOTI] => 
    [P_AUTH_NO] => 
)

 Array
(
    [PageCall time] => 12:32:35
    [P_TID] => INIMX_VBNKCAEcatca0720251117115353495668
    [P_MID] => CAEcatca07
    [P_AUTH_DT] => 20251117123235
    [P_STATUS] => 02
    [P_TYPE] => VBANK
    [P_OID] => 251117-015
    [P_FN_CD1] => 04
    [P_FN_CD2] => 
    [P_FN_NM] => KB국민은행
    [P_AMT] => 3000
    [P_UNAME] => 황승백
    [P_RMESG1] => P_VACCT_NO=26119078287109|P_EXP_DT=20251127
    [P_RMESG2] => 
    [P_NOTI] => 
    [P_AUTH_NO] => 
)

 Array
(
    [PageCall time] => 13:00:16
    [P_TID] => INIMX_VBNKCAEcatca0720251117125734345249
    [P_MID] => CAEcatca07
    [P_AUTH_DT] => 20251117130015
    [P_STATUS] => 02
    [P_TYPE] => VBANK
    [P_OID] => 251117-021
    [P_FN_CD1] => 04
    [P_FN_CD2] => 
    [P_FN_NM] => KB국민은행
    [P_AMT] => 3000
    [P_UNAME] => 임성빈
    [P_RMESG1] => P_VACCT_NO=26119078301342|P_EXP_DT=20251127
    [P_RMESG2] => 
    [P_NOTI] => 
    [P_AUTH_NO] => 
)

 Array
(
    [PageCall time] => 13:00:25
    [P_TID] => INIMX_VBNKCAEcatca0720251117125659325015
    [P_MID] => CAEcatca07
    [P_AUTH_DT] => 20251117130025
    [P_STATUS] => 02
    [P_TYPE] => VBANK
    [P_OID] => 251117-020
    [P_FN_CD1] => 81
    [P_FN_CD2] => 
    [P_FN_NM] => 하나은행
    [P_AMT] => 3000
    [P_UNAME] => 조영미
    [P_RMESG1] => P_VACCT_NO=20894023571237|P_EXP_DT=20251127
    [P_RMESG2] => 
    [P_NOTI] => 
    [P_AUTH_NO] => 
)

 Array
(
    [PageCall time] => 13:27:15
    [P_TID] => INIMX_VBNKCAEcatca0720251117132424745664
    [P_MID] => CAEcatca07
    [P_AUTH_DT] => 20251117132715
    [P_STATUS] => 02
    [P_TYPE] => VBANK
    [P_OID] => 251117-022
    [P_FN_CD1] => 04
    [P_FN_CD2] => 
    [P_FN_NM] => KB국민은행
    [P_AMT] => 3000
    [P_UNAME] => 조용명
    [P_RMESG1] => P_VACCT_NO=26119078307315|P_EXP_DT=20251127
    [P_RMESG2] => 
    [P_NOTI] => 
    [P_AUTH_NO] => 
)

 Array
(
    [PageCall time] => 13:33:20
    [P_TID] => INIMX_VBNKCAEcatca0720251117133020395361
    [P_MID] => CAEcatca07
    [P_AUTH_DT] => 20251117133320
    [P_STATUS] => 02
    [P_TYPE] => VBANK
    [P_OID] => 251117-023
    [P_FN_CD1] => 81
    [P_FN_CD2] => 
    [P_FN_NM] => 하나은행
    [P_AMT] => 3000
    [P_UNAME] => 박소라
    [P_RMESG1] => P_VACCT_NO=20894024049437|P_EXP_DT=20251127
    [P_RMESG2] => 
    [P_NOTI] => 
    [P_AUTH_NO] => 
)

 Array
(
    [PageCall time] => 13:36:36
    [P_TID] => INIMX_VBNKCAEcatca0720251117133006985757
    [P_MID] => CAEcatca07
    [P_AUTH_DT] => 20251117133636
    [P_STATUS] => 02
    [P_TYPE] => VBANK
    [P_OID] => 251117-024
    [P_FN_CD1] => 04
    [P_FN_CD2] => 
    [P_FN_NM] => KB국민은행
    [P_AMT] => 3000
    [P_UNAME] => 김진
    [P_RMESG1] => P_VACCT_NO=26119078309111|P_EXP_DT=20251127
    [P_RMESG2] => 
    [P_NOTI] => 
    [P_AUTH_NO] => 
)

 Array
(
    [PageCall time] => 13:41:13
    [P_TID] => INIMX_VBNKCAEcatca0720251117133838785538
    [P_MID] => CAEcatca07
    [P_AUTH_DT] => 20251117134113
    [P_STATUS] => 02
    [P_TYPE] => VBANK
    [P_OID] => 251117-025
    [P_FN_CD1] => 88
    [P_FN_CD2] => 
    [P_FN_NM] => 신한은행
    [P_AMT] => 3000
    [P_UNAME] => 김윤미
    [P_RMESG1] => P_VACCT_NO=56211105839974|P_EXP_DT=20251127
    [P_RMESG2] => 
    [P_NOTI] => 
    [P_AUTH_NO] => 
)

 Array
(
    [PageCall time] => 14:21:11
    [P_TID] => INIMX_VBNKCAEcatca0720251117141748155508
    [P_MID] => CAEcatca07
    [P_AUTH_DT] => 20251117142111
    [P_STATUS] => 02
    [P_TYPE] => VBANK
    [P_OID] => 251117-027
    [P_FN_CD1] => 04
    [P_FN_CD2] => 
    [P_FN_NM] => KB국민은행
    [P_AMT] => 3000
    [P_UNAME] => 이경희
    [P_RMESG1] => P_VACCT_NO=26119078369672|P_EXP_DT=20251127
    [P_RMESG2] => 
    [P_NOTI] => 
    [P_AUTH_NO] => 
)

 Array
(
    [PageCall time] => 14:23:51
    [P_TID] => INIMX_VBNKCAEcatca0720251117142050955334
    [P_MID] => CAEcatca07
    [P_AUTH_DT] => 20251117142351
    [P_STATUS] => 02
    [P_TYPE] => VBANK
    [P_OID] => 251117-028
    [P_FN_CD1] => 88
    [P_FN_CD2] => 
    [P_FN_NM] => 신한은행
    [P_AMT] => 3000
    [P_UNAME] => 김현아
    [P_RMESG1] => P_VACCT_NO=56211105849325|P_EXP_DT=20251127
    [P_RMESG2] => 
    [P_NOTI] => 
    [P_AUTH_NO] => 
)

 Array
(
    [PageCall time] => 14:25:49
    [P_TID] => INIMX_VBNKCAEcatca0720251117142320395655
    [P_MID] => CAEcatca07
    [P_AUTH_DT] => 20251117142549
    [P_STATUS] => 02
    [P_TYPE] => VBANK
    [P_OID] => 251117-029
    [P_FN_CD1] => 03
    [P_FN_CD2] => 
    [P_FN_NM] => 기업은행
    [P_AMT] => 3000
    [P_UNAME] => 이연하
    [P_RMESG1] => P_VACCT_NO=07502291797014|P_EXP_DT=20251127
    [P_RMESG2] => 
    [P_NOTI] => 
    [P_AUTH_NO] => 
)

 Array
(
    [PageCall time] => 14:52:55
    [P_TID] => INIMX_VBNKCAEcatca0720251117145006535433
    [P_MID] => CAEcatca07
    [P_AUTH_DT] => 20251117145255
    [P_STATUS] => 02
    [P_TYPE] => VBANK
    [P_OID] => 251117-031
    [P_FN_CD1] => 03
    [P_FN_CD2] => 
    [P_FN_NM] => 기업은행
    [P_AMT] => 3000
    [P_UNAME] => 김현주
    [P_RMESG1] => P_VACCT_NO=07502292297706|P_EXP_DT=20251127
    [P_RMESG2] => 
    [P_NOTI] => 
    [P_AUTH_NO] => 
)

 Array
(
    [PageCall time] => 14:53:44
    [P_TID] => INIMX_VBNKCAEcatca0720251117141010255108
    [P_MID] => CAEcatca07
    [P_AUTH_DT] => 20251117145344
    [P_STATUS] => 02
    [P_TYPE] => VBANK
    [P_OID] => 251117-026
    [P_FN_CD1] => 88
    [P_FN_CD2] => 
    [P_FN_NM] => 신한은행
    [P_AMT] => 3000
    [P_UNAME] => 김진태
    [P_RMESG1] => P_VACCT_NO=56211105847890|P_EXP_DT=20251127
    [P_RMESG2] => 
    [P_NOTI] => 
    [P_AUTH_NO] => 
)

 Array
(
    [PageCall time] => 14:56:29
    [P_TID] => INIMX_VBNKCAEcatca0720251117145312755805
    [P_MID] => CAEcatca07
    [P_AUTH_DT] => 20251117145629
    [P_STATUS] => 02
    [P_TYPE] => VBANK
    [P_OID] => 251117-032
    [P_FN_CD1] => 03
    [P_FN_CD2] => 
    [P_FN_NM] => 기업은행
    [P_AMT] => 3000
    [P_UNAME] => 차은실
    [P_RMESG1] => P_VACCT_NO=07502292397489|P_EXP_DT=20251127
    [P_RMESG2] => 
    [P_NOTI] => 
    [P_AUTH_NO] => 
)

 Array
(
    [PageCall time] => 15:08:16
    [P_TID] => INIMX_VBNKCAEcatca0720251117150558365066
    [P_MID] => CAEcatca07
    [P_AUTH_DT] => 20251117150816
    [P_STATUS] => 02
    [P_TYPE] => VBANK
    [P_OID] => 251117-034
    [P_FN_CD1] => 88
    [P_FN_CD2] => 
    [P_FN_NM] => 신한은행
    [P_AMT] => 3000
    [P_UNAME] => 박지윤
    [P_RMESG1] => P_VACCT_NO=56211105856619|P_EXP_DT=20251127
    [P_RMESG2] => 
    [P_NOTI] => 
    [P_AUTH_NO] => 
)

 Array
(
    [PageCall time] => 15:16:57
    [P_TID] => INIMX_VBNKCAEcatca0720251117151405405848
    [P_MID] => CAEcatca07
    [P_AUTH_DT] => 20251117151657
    [P_STATUS] => 02
    [P_TYPE] => VBANK
    [P_OID] => 251117-033
    [P_FN_CD1] => 11
    [P_FN_CD2] => 
    [P_FN_NM] => NH농협은행
    [P_AMT] => 3000
    [P_UNAME] => 김경자
    [P_RMESG1] => P_VACCT_NO=79015902579943|P_EXP_DT=20251127
    [P_RMESG2] => 
    [P_NOTI] => 
    [P_AUTH_NO] => 
)

 Array
(
    [PageCall time] => 15:26:33
    [P_TID] => INIMX_VBNKCAEcatca0720251117152332405201
    [P_MID] => CAEcatca07
    [P_AUTH_DT] => 20251117152632
    [P_STATUS] => 02
    [P_TYPE] => VBANK
    [P_OID] => 251117-036
    [P_FN_CD1] => 88
    [P_FN_CD2] => 
    [P_FN_NM] => 신한은행
    [P_AMT] => 3000
    [P_UNAME] => 손보라
    [P_RMESG1] => P_VACCT_NO=56211105859284|P_EXP_DT=20251127
    [P_RMESG2] => 
    [P_NOTI] => 
    [P_AUTH_NO] => 
)

 Array
(
    [PageCall time] => 15:31:28
    [P_TID] => INIMX_VBNKCAEcatca0720251117152832935416
    [P_MID] => CAEcatca07
    [P_AUTH_DT] => 20251117153128
    [P_STATUS] => 02
    [P_TYPE] => VBANK
    [P_OID] => 251117-037
    [P_FN_CD1] => 81
    [P_FN_CD2] => 
    [P_FN_NM] => 하나은행
    [P_AMT] => 3000
    [P_UNAME] => 김효원
    [P_RMESG1] => P_VACCT_NO=20894025366837|P_EXP_DT=20251127
    [P_RMESG2] => 
    [P_NOTI] => 
    [P_AUTH_NO] => 
)

 Array
(
    [PageCall time] => 15:36:49
    [P_TID] => INIMX_VBNKCAEcatca0720251117153610955661
    [P_MID] => CAEcatca07
    [P_AUTH_DT] => 20251117153649
    [P_STATUS] => 02
    [P_TYPE] => VBANK
    [P_OID] => 251117-038
    [P_FN_CD1] => 11
    [P_FN_CD2] => 
    [P_FN_NM] => NH농협은행
    [P_AMT] => 3000
    [P_UNAME] => 김남훈
    [P_RMESG1] => P_VACCT_NO=79015902585633|P_EXP_DT=20251127
    [P_RMESG2] => 
    [P_NOTI] => 
    [P_AUTH_NO] => 
)

 Array
(
    [PageCall time] => 15:37:47
    [P_TID] => INIMX_VBNKCAEcatca0720251117152408615939
    [P_MID] => CAEcatca07
    [P_AUTH_DT] => 20251117153747
    [P_STATUS] => 02
    [P_TYPE] => VBANK
    [P_OID] => 251117-035
    [P_FN_CD1] => 89
    [P_FN_CD2] => 
    [P_FN_NM] => 케이뱅크
    [P_AMT] => 3000
    [P_UNAME] => 이혜자
    [P_RMESG1] => P_VACCT_NO=70112003871044|P_EXP_DT=20251127
    [P_RMESG2] => 
    [P_NOTI] => 
    [P_AUTH_NO] => 
)

 Array
(
    [PageCall time] => 16:06:09
    [P_TID] => INIMX_VBNKCAEcatca0720251117160021465035
    [P_MID] => CAEcatca07
    [P_AUTH_DT] => 20251117160609
    [P_STATUS] => 02
    [P_TYPE] => VBANK
    [P_OID] => 251117-039
    [P_FN_CD1] => 11
    [P_FN_CD2] => 
    [P_FN_NM] => NH농협은행
    [P_AMT] => 3000
    [P_UNAME] => 차길환
    [P_RMESG1] => P_VACCT_NO=79015902590707|P_EXP_DT=20251127
    [P_RMESG2] => 
    [P_NOTI] => 
    [P_AUTH_NO] => 
)

 Array
(
    [PageCall time] => 16:13:24
    [P_TID] => INIMX_VBNKCAEcatca0720251117160934465370
    [P_MID] => CAEcatca07
    [P_AUTH_DT] => 20251117161324
    [P_STATUS] => 02
    [P_TYPE] => VBANK
    [P_OID] => 251117-013
    [P_FN_CD1] => 81
    [P_FN_CD2] => 
    [P_FN_NM] => 하나은행
    [P_AMT] => 3000
    [P_UNAME] => 선혜경
    [P_RMESG1] => P_VACCT_NO=20894025566437|P_EXP_DT=20251127
    [P_RMESG2] => 
    [P_NOTI] => 
    [P_AUTH_NO] => 
)

 Array
(
    [PageCall time] => 16:25:54
    [P_TID] => INIMX_VBNKCAEcatca0720251117162309525017
    [P_MID] => CAEcatca07
    [P_AUTH_DT] => 20251117162554
    [P_STATUS] => 02
    [P_TYPE] => VBANK
    [P_OID] => 251117-043
    [P_FN_CD1] => 88
    [P_FN_CD2] => 
    [P_FN_NM] => 신한은행
    [P_AMT] => 3000
    [P_UNAME] => 박세희
    [P_RMESG1] => P_VACCT_NO=56211105866597|P_EXP_DT=20251127
    [P_RMESG2] => 
    [P_NOTI] => 
    [P_AUTH_NO] => 
)

 Array
(
    [PageCall time] => 16:39:04
    [P_TID] => INIMX_VBNKCAEcatca0720251117163551515587
    [P_MID] => CAEcatca07
    [P_AUTH_DT] => 20251117163904
    [P_STATUS] => 02
    [P_TYPE] => VBANK
    [P_OID] => 251117-041
    [P_FN_CD1] => 03
    [P_FN_CD2] => 
    [P_FN_NM] => 기업은행
    [P_AMT] => 3000
    [P_UNAME] => 구구스
    [P_RMESG1] => P_VACCT_NO=07502294497328|P_EXP_DT=20251127
    [P_RMESG2] => 
    [P_NOTI] => 
    [P_AUTH_NO] => 
)

 Array
(
    [PageCall time] => 17:07:22
    [P_TID] => INIMX_VBNKCAEcatca0720251117170254785014
    [P_MID] => CAEcatca07
    [P_AUTH_DT] => 20251117170722
    [P_STATUS] => 02
    [P_TYPE] => VBANK
    [P_OID] => 251117-045
    [P_FN_CD1] => 32
    [P_FN_CD2] => 
    [P_FN_NM] => 부산은행
    [P_AMT] => 3000
    [P_UNAME] => 최은희
    [P_RMESG1] => P_VACCT_NO=109924290451|P_EXP_DT=20251127
    [P_RMESG2] => 
    [P_NOTI] => 
    [P_AUTH_NO] => 
)

 Array
(
    [PageCall time] => 18:51:28
    [P_TID] => INIMX_VBNKCAEcatca0720251117184815175633
    [P_MID] => CAEcatca07
    [P_AUTH_DT] => 20251117185128
    [P_STATUS] => 02
    [P_TYPE] => VBANK
    [P_OID] => 251117-048
    [P_FN_CD1] => 88
    [P_FN_CD2] => 
    [P_FN_NM] => 신한은행
    [P_AMT] => 3000
    [P_UNAME] => 김리유
    [P_RMESG1] => P_VACCT_NO=56211105880695|P_EXP_DT=20251127
    [P_RMESG2] => 
    [P_NOTI] => 
    [P_AUTH_NO] => 
)

 Array
(
    [PageCall time] => 19:22:05
    [P_TID] => INIMX_VBNKCAEcatca0720251117192119865104
    [P_MID] => CAEcatca07
    [P_AUTH_DT] => 20251117192205
    [P_STATUS] => 02
    [P_TYPE] => VBANK
    [P_OID] => 251117-049
    [P_FN_CD1] => 11
    [P_FN_CD2] => 
    [P_FN_NM] => NH농협은행
    [P_AMT] => 3000
    [P_UNAME] => 김현순
    [P_RMESG1] => P_VACCT_NO=79015902633287|P_EXP_DT=20251127
    [P_RMESG2] => 
    [P_NOTI] => 
    [P_AUTH_NO] => 
)

 Array
(
    [PageCall time] => 22:52:02
    [P_TID] => INIMX_VBNKCAEcatca0720251117224917105400
    [P_MID] => CAEcatca07
    [P_AUTH_DT] => 20251117225202
    [P_STATUS] => 02
    [P_TYPE] => VBANK
    [P_OID] => 251117-050
    [P_FN_CD1] => 04
    [P_FN_CD2] => 
    [P_FN_NM] => KB국민은행
    [P_AMT] => 3000
    [P_UNAME] => 조민재
    [P_RMESG1] => P_VACCT_NO=26119078572645|P_EXP_DT=20251127
    [P_RMESG2] => 
    [P_NOTI] => 
    [P_AUTH_NO] => 
)

 Array
(
    [PageCall time] => 23:06:57
    [P_TID] => INIMX_VBNKCAEcatca0720251117230417275673
    [P_MID] => CAEcatca07
    [P_AUTH_DT] => 20251117230657
    [P_STATUS] => 02
    [P_TYPE] => VBANK
    [P_OID] => 251117-051
    [P_FN_CD1] => 04
    [P_FN_CD2] => 
    [P_FN_NM] => KB국민은행
    [P_AMT] => 3000
    [P_UNAME] => 전승태
    [P_RMESG1] => P_VACCT_NO=26119078576429|P_EXP_DT=20251127
    [P_RMESG2] => 
    [P_NOTI] => 
    [P_AUTH_NO] => 
)

 Array
(
    [PageCall time] => 23:35:37
    [P_TID] => INIMX_VBNKCAEcatca0720251117233308735364
    [P_MID] => CAEcatca07
    [P_AUTH_DT] => 20251117233537
    [P_STATUS] => 02
    [P_TYPE] => VBANK
    [P_OID] => 251117-052
    [P_FN_CD1] => 04
    [P_FN_CD2] => 
    [P_FN_NM] => KB국민은행
    [P_AMT] => 3000
    [P_UNAME] => 엄정삼
    [P_RMESG1] => P_VACCT_NO=26119078584345|P_EXP_DT=20251127
    [P_RMESG2] => 
    [P_NOTI] => 
    [P_AUTH_NO] => 
)

