 Array
(
    [PageCall time] => 02:09:26
    [P_TID] => INIMX_VBNKCAEcatca0720251028020648125350
    [P_MID] => CAEcatca07
    [P_AUTH_DT] => 20251028020925
    [P_STATUS] => 02
    [P_TYPE] => VBANK
    [P_OID] => 251028-001
    [P_FN_CD1] => 88
    [P_FN_CD2] => 
    [P_FN_NM] => 신한은행
    [P_AMT] => 3000
    [P_UNAME] => 김수플
    [P_RMESG1] => P_VACCT_NO=56211104543444|P_EXP_DT=20251107
    [P_RMESG2] => 
    [P_NOTI] => 
    [P_AUTH_NO] => 
)

 Array
(
    [PageCall time] => 08:33:11
    [P_TID] => INIMX_VBNKCAEcatca0720251028083018685372
    [P_MID] => CAEcatca07
    [P_AUTH_DT] => 20251028083311
    [P_STATUS] => 02
    [P_TYPE] => VBANK
    [P_OID] => 251028-004
    [P_FN_CD1] => 20
    [P_FN_CD2] => 
    [P_FN_NM] => 우리은행
    [P_AMT] => 3000
    [P_UNAME] => 이연경
    [P_RMESG1] => P_VACCT_NO=27761315018393|P_EXP_DT=20251107
    [P_RMESG2] => 
    [P_NOTI] => 
    [P_AUTH_NO] => 
)

 Array
(
    [PageCall time] => 09:51:04
    [P_TID] => INIMX_VBNKCAEcatca0720251028094642195955
    [P_MID] => CAEcatca07
    [P_AUTH_DT] => 20251028095104
    [P_STATUS] => 02
    [P_TYPE] => VBANK
    [P_OID] => 251028-005
    [P_FN_CD1] => 03
    [P_FN_CD2] => 
    [P_FN_NM] => 기업은행
    [P_AMT] => 3000
    [P_UNAME] => 이은우
    [P_RMESG1] => P_VACCT_NO=07503246997213|P_EXP_DT=20251107
    [P_RMESG2] => 
    [P_NOTI] => 
    [P_AUTH_NO] => 
)

 Array
(
    [PageCall time] => 09:56:26
    [P_TID] => INIMX_VBNKCAEcatca0720251028095329825972
    [P_MID] => CAEcatca07
    [P_AUTH_DT] => 20251028095626
    [P_STATUS] => 02
    [P_TYPE] => VBANK
    [P_OID] => 251026-008
    [P_FN_CD1] => 04
    [P_FN_CD2] => 
    [P_FN_NM] => KB국민은행
    [P_AMT] => 3000
    [P_UNAME] => 전영욱
    [P_RMESG1] => P_VACCT_NO=00289071052950|P_EXP_DT=20251107
    [P_RMESG2] => 
    [P_NOTI] => 
    [P_AUTH_NO] => 
)

 Array
(
    [PageCall time] => 10:25:53
    [P_TID] => INIMX_VBNKCAEcatca0720251028102309775407
    [P_MID] => CAEcatca07
    [P_AUTH_DT] => 20251028102553
    [P_STATUS] => 02
    [P_TYPE] => VBANK
    [P_OID] => 251028-006
    [P_FN_CD1] => 88
    [P_FN_CD2] => 
    [P_FN_NM] => 신한은행
    [P_AMT] => 3000
    [P_UNAME] => 김현주
    [P_RMESG1] => P_VACCT_NO=56211106200062|P_EXP_DT=20251107
    [P_RMESG2] => 
    [P_NOTI] => 
    [P_AUTH_NO] => 
)

 Array
(
    [PageCall time] => 10:27:38
    [P_TID] => INIMX_VBNKCAEcatca0720251028102654535941
    [P_MID] => CAEcatca07
    [P_AUTH_DT] => 20251028102738
    [P_STATUS] => 02
    [P_TYPE] => VBANK
    [P_OID] => 251028-008
    [P_FN_CD1] => 11
    [P_FN_CD2] => 
    [P_FN_NM] => NH농협은행
    [P_AMT] => 3000
    [P_UNAME] => 권경혜
    [P_RMESG1] => P_VACCT_NO=79015899837973|P_EXP_DT=20251107
    [P_RMESG2] => 
    [P_NOTI] => 
    [P_AUTH_NO] => 
)

 Array
(
    [PageCall time] => 10:39:05
    [P_TID] => INIMX_VBNKCAEcatca0720251028103801715424
    [P_MID] => CAEcatca07
    [P_AUTH_DT] => 20251028103905
    [P_STATUS] => 02
    [P_TYPE] => VBANK
    [P_OID] => 251028-009
    [P_FN_CD1] => 11
    [P_FN_CD2] => 
    [P_FN_NM] => NH농협은행
    [P_AMT] => 3000
    [P_UNAME] => 유연상
    [P_RMESG1] => P_VACCT_NO=79015899839623|P_EXP_DT=20251107
    [P_RMESG2] => 
    [P_NOTI] => 
    [P_AUTH_NO] => 
)

 Array
(
    [PageCall time] => 10:50:53
    [P_TID] => INIMX_VBNKCAEcatca0720251028104742395790
    [P_MID] => CAEcatca07
    [P_AUTH_DT] => 20251028105053
    [P_STATUS] => 02
    [P_TYPE] => VBANK
    [P_OID] => 251027-024
    [P_FN_CD1] => 04
    [P_FN_CD2] => 
    [P_FN_NM] => KB국민은행
    [P_AMT] => 3000
    [P_UNAME] => 권재원
    [P_RMESG1] => P_VACCT_NO=00289071299355|P_EXP_DT=20251107
    [P_RMESG2] => 
    [P_NOTI] => 
    [P_AUTH_NO] => 
)

 Array
(
    [PageCall time] => 11:01:04
    [P_TID] => INIMX_VBNKCAEcatca0720251028105240325547
    [P_MID] => CAEcatca07
    [P_AUTH_DT] => 20251028110104
    [P_STATUS] => 02
    [P_TYPE] => VBANK
    [P_OID] => 251028-010
    [P_FN_CD1] => 11
    [P_FN_CD2] => 
    [P_FN_NM] => NH농협은행
    [P_AMT] => 3000
    [P_UNAME] => 박수정
    [P_RMESG1] => P_VACCT_NO=79015899842180|P_EXP_DT=20251107
    [P_RMESG2] => 
    [P_NOTI] => 
    [P_AUTH_NO] => 
)

 Array
(
    [PageCall time] => 11:02:06
    [P_TID] => INIMX_VBNKCAEcatca0720251028105919515165
    [P_MID] => CAEcatca07
    [P_AUTH_DT] => 20251028110206
    [P_STATUS] => 02
    [P_TYPE] => VBANK
    [P_OID] => 251028-012
    [P_FN_CD1] => 04
    [P_FN_CD2] => 
    [P_FN_NM] => KB국민은행
    [P_AMT] => 3000
    [P_UNAME] => 유연성
    [P_RMESG1] => P_VACCT_NO=00289071352944|P_EXP_DT=20251107
    [P_RMESG2] => 
    [P_NOTI] => 
    [P_AUTH_NO] => 
)

 Array
(
    [PageCall time] => 11:08:50
    [P_TID] => INIMX_VBNKCAEcatca0720251028110104365999
    [P_MID] => CAEcatca07
    [P_AUTH_DT] => 20251028110850
    [P_STATUS] => 02
    [P_TYPE] => VBANK
    [P_OID] => 251028-013
    [P_FN_CD1] => 20
    [P_FN_CD2] => 
    [P_FN_NM] => 우리은행
    [P_AMT] => 3000
    [P_UNAME] => 양진성
    [P_RMESG1] => P_VACCT_NO=27761342718110|P_EXP_DT=20251107
    [P_RMESG2] => 
    [P_NOTI] => 
    [P_AUTH_NO] => 
)

 Array
(
    [PageCall time] => 11:28:01
    [P_TID] => INIMX_VBNKCAEcatca0720251028112433105003
    [P_MID] => CAEcatca07
    [P_AUTH_DT] => 20251028112801
    [P_STATUS] => 02
    [P_TYPE] => VBANK
    [P_OID] => 251028-015
    [P_FN_CD1] => 20
    [P_FN_CD2] => 
    [P_FN_NM] => 우리은행
    [P_AMT] => 3000
    [P_UNAME] => 박경실
    [P_RMESG1] => P_VACCT_NO=27761346818601|P_EXP_DT=20251107
    [P_RMESG2] => 
    [P_NOTI] => 
    [P_AUTH_NO] => 
)

 Array
(
    [PageCall time] => 11:29:34
    [P_TID] => INIMX_VBNKCAEcatca0720251028112628725462
    [P_MID] => CAEcatca07
    [P_AUTH_DT] => 20251028112934
    [P_STATUS] => 02
    [P_TYPE] => VBANK
    [P_OID] => 251020-044
    [P_FN_CD1] => 04
    [P_FN_CD2] => 
    [P_FN_NM] => KB국민은행
    [P_AMT] => 3000
    [P_UNAME] => 이해인
    [P_RMESG1] => P_VACCT_NO=26029078032616|P_EXP_DT=20251107
    [P_RMESG2] => 
    [P_NOTI] => 
    [P_AUTH_NO] => 
)

 Array
(
    [PageCall time] => 11:37:30
    [P_TID] => INIMX_VBNKCAEcatca0720251028113431105010
    [P_MID] => CAEcatca07
    [P_AUTH_DT] => 20251028113730
    [P_STATUS] => 02
    [P_TYPE] => VBANK
    [P_OID] => 251028-017
    [P_FN_CD1] => 03
    [P_FN_CD2] => 
    [P_FN_NM] => 기업은행
    [P_AMT] => 3000
    [P_UNAME] => 임재영
    [P_RMESG1] => P_VACCT_NO=07503248597431|P_EXP_DT=20251107
    [P_RMESG2] => 
    [P_NOTI] => 
    [P_AUTH_NO] => 
)

 Array
(
    [PageCall time] => 12:08:44
    [P_TID] => INIMX_VBNKCAEcatca0720251028120710705497
    [P_MID] => CAEcatca07
    [P_AUTH_DT] => 20251028120844
    [P_STATUS] => 02
    [P_TYPE] => VBANK
    [P_OID] => 251028-019
    [P_FN_CD1] => 11
    [P_FN_CD2] => 
    [P_FN_NM] => NH농협은행
    [P_AMT] => 3000
    [P_UNAME] => 박애자
    [P_RMESG1] => P_VACCT_NO=79015899855094|P_EXP_DT=20251107
    [P_RMESG2] => 
    [P_NOTI] => 
    [P_AUTH_NO] => 
)

 Array
(
    [PageCall time] => 14:11:51
    [P_TID] => INIMX_VBNKCAEcatca0720251028135707975871
    [P_MID] => CAEcatca07
    [P_AUTH_DT] => 20251028141151
    [P_STATUS] => 02
    [P_TYPE] => VBANK
    [P_OID] => 251028-020
    [P_FN_CD1] => 71
    [P_FN_CD2] => 
    [P_FN_NM] => 우체국
    [P_AMT] => 3000
    [P_UNAME] => 이은경
    [P_RMESG1] => P_VACCT_NO=01398781657318|P_EXP_DT=20251107
    [P_RMESG2] => 
    [P_NOTI] => 
    [P_AUTH_NO] => 
)

 Array
(
    [PageCall time] => 14:19:32
    [P_TID] => INIMX_VBNKCAEcatca0720251028141634585023
    [P_MID] => CAEcatca07
    [P_AUTH_DT] => 20251028141932
    [P_STATUS] => 02
    [P_TYPE] => VBANK
    [P_OID] => 251028-021
    [P_FN_CD1] => 04
    [P_FN_CD2] => 
    [P_FN_NM] => KB국민은행
    [P_AMT] => 3000
    [P_UNAME] => 장미
    [P_RMESG1] => P_VACCT_NO=96569078645704|P_EXP_DT=20251107
    [P_RMESG2] => 
    [P_NOTI] => 
    [P_AUTH_NO] => 
)

 Array
(
    [PageCall time] => 14:38:48
    [P_TID] => INIMX_VBNKCAEcatca0720251028143616595470
    [P_MID] => CAEcatca07
    [P_AUTH_DT] => 20251028143848
    [P_STATUS] => 02
    [P_TYPE] => VBANK
    [P_OID] => 251028-025
    [P_FN_CD1] => 88
    [P_FN_CD2] => 
    [P_FN_NM] => 신한은행
    [P_AMT] => 3000
    [P_UNAME] => 이도희
    [P_RMESG1] => P_VACCT_NO=56211990630053|P_EXP_DT=20251107
    [P_RMESG2] => 
    [P_NOTI] => 
    [P_AUTH_NO] => 
)

 Array
(
    [PageCall time] => 15:09:12
    [P_TID] => INIMX_VBNKCAEcatca0720251028150644925007
    [P_MID] => CAEcatca07
    [P_AUTH_DT] => 20251028150912
    [P_STATUS] => 02
    [P_TYPE] => VBANK
    [P_OID] => 251028-030
    [P_FN_CD1] => 11
    [P_FN_CD2] => 
    [P_FN_NM] => NH농협은행
    [P_AMT] => 3000
    [P_UNAME] => 김정연
    [P_RMESG1] => P_VACCT_NO=79015899883491|P_EXP_DT=20251107
    [P_RMESG2] => 
    [P_NOTI] => 
    [P_AUTH_NO] => 
)

 Array
(
    [PageCall time] => 15:10:55
    [P_TID] => INIMX_VBNKCAEcatca0720251028150942345504
    [P_MID] => CAEcatca07
    [P_AUTH_DT] => 20251028151055
    [P_STATUS] => 02
    [P_TYPE] => VBANK
    [P_OID] => 251028-031
    [P_FN_CD1] => 11
    [P_FN_CD2] => 
    [P_FN_NM] => NH농협은행
    [P_AMT] => 3000
    [P_UNAME] => 정종원
    [P_RMESG1] => P_VACCT_NO=79015899884010|P_EXP_DT=20251107
    [P_RMESG2] => 
    [P_NOTI] => 
    [P_AUTH_NO] => 
)

 Array
(
    [PageCall time] => 15:21:25
    [P_TID] => INIMX_VBNKCAEcatca0720251027192758285194
    [P_MID] => CAEcatca07
    [P_AUTH_DT] => 20251028152125
    [P_STATUS] => 02
    [P_TYPE] => VBANK
    [P_OID] => 251027-042
    [P_FN_CD1] => 88
    [P_FN_CD2] => 
    [P_FN_NM] => 신한은행
    [P_AMT] => 3000
    [P_UNAME] => 윤선미
    [P_RMESG1] => P_VACCT_NO=56211104522084|P_EXP_DT=20251106
    [P_RMESG2] => 
    [P_NOTI] => 
    [P_AUTH_NO] => 
)

 Array
(
    [PageCall time] => 15:41:13
    [P_TID] => INIMX_VBNKCAEcatca0720251028153836595232
    [P_MID] => CAEcatca07
    [P_AUTH_DT] => 20251028154113
    [P_STATUS] => 02
    [P_TYPE] => VBANK
    [P_OID] => 251028-028
    [P_FN_CD1] => 04
    [P_FN_CD2] => 
    [P_FN_NM] => KB국민은행
    [P_AMT] => 3000
    [P_UNAME] => 임영선
    [P_RMESG1] => P_VACCT_NO=96569078663467|P_EXP_DT=20251107
    [P_RMESG2] => 
    [P_NOTI] => 
    [P_AUTH_NO] => 
)

 Array
(
    [PageCall time] => 16:27:18
    [P_TID] => INIMX_VBNKCAEcatca0720251028162429775045
    [P_MID] => CAEcatca07
    [P_AUTH_DT] => 20251028162718
    [P_STATUS] => 02
    [P_TYPE] => VBANK
    [P_OID] => 251028-036
    [P_FN_CD1] => 04
    [P_FN_CD2] => 
    [P_FN_NM] => KB국민은행
    [P_AMT] => 3000
    [P_UNAME] => 정태원
    [P_RMESG1] => P_VACCT_NO=96569078673246|P_EXP_DT=20251107
    [P_RMESG2] => 
    [P_NOTI] => 
    [P_AUTH_NO] => 
)

 Array
(
    [PageCall time] => 16:35:32
    [P_TID] => INIMX_VBNKCAEcatca0720251028163213155403
    [P_MID] => CAEcatca07
    [P_AUTH_DT] => 20251028163532
    [P_STATUS] => 02
    [P_TYPE] => VBANK
    [P_OID] => 251028-037
    [P_FN_CD1] => 03
    [P_FN_CD2] => 
    [P_FN_NM] => 기업은행
    [P_AMT] => 3000
    [P_UNAME] => 신기섭
    [P_RMESG1] => P_VACCT_NO=07503252397895|P_EXP_DT=20251107
    [P_RMESG2] => 
    [P_NOTI] => 
    [P_AUTH_NO] => 
)

 Array
(
    [PageCall time] => 16:43:29
    [P_TID] => INIMX_VBNKCAEcatca0720251028164102465339
    [P_MID] => CAEcatca07
    [P_AUTH_DT] => 20251028164329
    [P_STATUS] => 02
    [P_TYPE] => VBANK
    [P_OID] => 251028-003
    [P_FN_CD1] => 89
    [P_FN_CD2] => 
    [P_FN_NM] => 케이뱅크
    [P_AMT] => 3000
    [P_UNAME] => 김낙현
    [P_RMESG1] => P_VACCT_NO=70112003704917|P_EXP_DT=20251107
    [P_RMESG2] => 
    [P_NOTI] => 
    [P_AUTH_NO] => 
)

 Array
(
    [PageCall time] => 18:27:04
    [P_TID] => INIMX_VBNKCAEcatca0720251028182106945032
    [P_MID] => CAEcatca07
    [P_AUTH_DT] => 20251028182704
    [P_STATUS] => 02
    [P_TYPE] => VBANK
    [P_OID] => 251028-041
    [P_FN_CD1] => 81
    [P_FN_CD2] => 
    [P_FN_NM] => 하나은행
    [P_AMT] => 3000
    [P_UNAME] => 문미숙
    [P_RMESG1] => P_VACCT_NO=20893923772837|P_EXP_DT=20251107
    [P_RMESG2] => 
    [P_NOTI] => 
    [P_AUTH_NO] => 
)

 Array
(
    [PageCall time] => 18:50:24
    [P_TID] => INIMX_VBNKCAEcatca0720251028184703595313
    [P_MID] => CAEcatca07
    [P_AUTH_DT] => 20251028185024
    [P_STATUS] => 02
    [P_TYPE] => VBANK
    [P_OID] => 251028-032
    [P_FN_CD1] => 04
    [P_FN_CD2] => 
    [P_FN_NM] => KB국민은행
    [P_AMT] => 3000
    [P_UNAME] => 장아름
    [P_RMESG1] => P_VACCT_NO=96569078708223|P_EXP_DT=20251107
    [P_RMESG2] => 
    [P_NOTI] => 
    [P_AUTH_NO] => 
)

 Array
(
    [PageCall time] => 19:02:25
    [P_TID] => INIMX_VBNKCAEcatca0720251028185835565508
    [P_MID] => CAEcatca07
    [P_AUTH_DT] => 20251028190225
    [P_STATUS] => 02
    [P_TYPE] => VBANK
    [P_OID] => 251028-042
    [P_FN_CD1] => 88
    [P_FN_CD2] => 
    [P_FN_NM] => 신한은행
    [P_AMT] => 3000
    [P_UNAME] => 정윤경
    [P_RMESG1] => P_VACCT_NO=56211104554029|P_EXP_DT=20251107
    [P_RMESG2] => 
    [P_NOTI] => 
    [P_AUTH_NO] => 
)

 Array
(
    [PageCall time] => 19:14:05
    [P_TID] => INIMX_VBNKCAEcatca0720251028191118015213
    [P_MID] => CAEcatca07
    [P_AUTH_DT] => 20251028191405
    [P_STATUS] => 02
    [P_TYPE] => VBANK
    [P_OID] => 251028-043
    [P_FN_CD1] => 11
    [P_FN_CD2] => 
    [P_FN_NM] => NH농협은행
    [P_AMT] => 3000
    [P_UNAME] => 범학연
    [P_RMESG1] => P_VACCT_NO=79015899920025|P_EXP_DT=20251107
    [P_RMESG2] => 
    [P_NOTI] => 
    [P_AUTH_NO] => 
)

 Array
(
    [PageCall time] => 19:21:47
    [P_TID] => INIMX_VBNKCAEcatca0720251028191646455968
    [P_MID] => CAEcatca07
    [P_AUTH_DT] => 20251028192147
    [P_STATUS] => 02
    [P_TYPE] => VBANK
    [P_OID] => 251028-044
    [P_FN_CD1] => 88
    [P_FN_CD2] => 
    [P_FN_NM] => 신한은행
    [P_AMT] => 3000
    [P_UNAME] => 김형미
    [P_RMESG1] => P_VACCT_NO=56211104555660|P_EXP_DT=20251107
    [P_RMESG2] => 
    [P_NOTI] => 
    [P_AUTH_NO] => 
)

 Array
(
    [PageCall time] => 20:09:32
    [P_TID] => INIMX_VBNKCAEcatca0720251028200555405198
    [P_MID] => CAEcatca07
    [P_AUTH_DT] => 20251028200932
    [P_STATUS] => 02
    [P_TYPE] => VBANK
    [P_OID] => 251028-045
    [P_FN_CD1] => 04
    [P_FN_CD2] => 
    [P_FN_NM] => KB국민은행
    [P_AMT] => 3000
    [P_UNAME] => 김현주
    [P_RMESG1] => P_VACCT_NO=96569078740188|P_EXP_DT=20251107
    [P_RMESG2] => 
    [P_NOTI] => 
    [P_AUTH_NO] => 
)

 Array
(
    [PageCall time] => 20:26:06
    [P_TID] => INIMX_VBNKCAEcatca0720251028202149715698
    [P_MID] => CAEcatca07
    [P_AUTH_DT] => 20251028202605
    [P_STATUS] => 02
    [P_TYPE] => VBANK
    [P_OID] => 251028-046
    [P_FN_CD1] => 88
    [P_FN_CD2] => 
    [P_FN_NM] => 신한은행
    [P_AMT] => 3000
    [P_UNAME] => 추경윤
    [P_RMESG1] => P_VACCT_NO=56211104565192|P_EXP_DT=20251107
    [P_RMESG2] => 
    [P_NOTI] => 
    [P_AUTH_NO] => 
)

 Array
(
    [PageCall time] => 20:40:31
    [P_TID] => INIMX_VBNKCAEcatca0720251028203629745473
    [P_MID] => CAEcatca07
    [P_AUTH_DT] => 20251028204031
    [P_STATUS] => 02
    [P_TYPE] => VBANK
    [P_OID] => 251027-034
    [P_FN_CD1] => 88
    [P_FN_CD2] => 
    [P_FN_NM] => 신한은행
    [P_AMT] => 3000
    [P_UNAME] => 박우종
    [P_RMESG1] => P_VACCT_NO=56211104566410|P_EXP_DT=20251107
    [P_RMESG2] => 
    [P_NOTI] => 
    [P_AUTH_NO] => 
)

 Array
(
    [PageCall time] => 20:50:33
    [P_TID] => INIMX_VBNKCAEcatca0720251028204647745083
    [P_MID] => CAEcatca07
    [P_AUTH_DT] => 20251028205033
    [P_STATUS] => 02
    [P_TYPE] => VBANK
    [P_OID] => 251028-024
    [P_FN_CD1] => 88
    [P_FN_CD2] => 
    [P_FN_NM] => 신한은행
    [P_AMT] => 3000
    [P_UNAME] => 이현은
    [P_RMESG1] => P_VACCT_NO=56211104567249|P_EXP_DT=20251107
    [P_RMESG2] => 
    [P_NOTI] => 
    [P_AUTH_NO] => 
)

 Array
(
    [PageCall time] => 21:28:34
    [P_TID] => INIMX_VBNKCAEcatca0720251028212539235730
    [P_MID] => CAEcatca07
    [P_AUTH_DT] => 20251028212834
    [P_STATUS] => 02
    [P_TYPE] => VBANK
    [P_OID] => 251028-047
    [P_FN_CD1] => 20
    [P_FN_CD2] => 
    [P_FN_NM] => 우리은행
    [P_AMT] => 3000
    [P_UNAME] => 김채원
    [P_RMESG1] => P_VACCT_NO=27761453918133|P_EXP_DT=20251107
    [P_RMESG2] => 
    [P_NOTI] => 
    [P_AUTH_NO] => 
)

 Array
(
    [PageCall time] => 22:27:02
    [P_TID] => INIMX_VBNKCAEcatca0720251028222409165643
    [P_MID] => CAEcatca07
    [P_AUTH_DT] => 20251028222702
    [P_STATUS] => 02
    [P_TYPE] => VBANK
    [P_OID] => 251028-027
    [P_FN_CD1] => 20
    [P_FN_CD2] => 
    [P_FN_NM] => 우리은행
    [P_AMT] => 3000
    [P_UNAME] => 채희경
    [P_RMESG1] => P_VACCT_NO=27761458818601|P_EXP_DT=20251107
    [P_RMESG2] => 
    [P_NOTI] => 
    [P_AUTH_NO] => 
)

