 Array
(
    [PageCall time] => 00:11:00
    [P_TID] => INIMX_VBNKCAEcatca0720251018000804595719
    [P_MID] => CAEcatca07
    [P_AUTH_DT] => 20251018001100
    [P_STATUS] => 02
    [P_TYPE] => VBANK
    [P_OID] => 251018-001
    [P_FN_CD1] => 04
    [P_FN_CD2] => 
    [P_FN_NM] => KB국민은행
    [P_AMT] => 3000
    [P_UNAME] => 정혜경
    [P_RMESG1] => P_VACCT_NO=96439078704800|P_EXP_DT=20251028
    [P_RMESG2] => 
    [P_NOTI] => 
    [P_AUTH_NO] => 
)

 Array
(
    [PageCall time] => 01:51:02
    [P_TID] => INIMX_VBNKCAEcatca0720251018014832135670
    [P_MID] => CAEcatca07
    [P_AUTH_DT] => 20251018015102
    [P_STATUS] => 02
    [P_TYPE] => VBANK
    [P_OID] => 251018-002
    [P_FN_CD1] => 04
    [P_FN_CD2] => 
    [P_FN_NM] => KB국민은행
    [P_AMT] => 3000
    [P_UNAME] => 정인지
    [P_RMESG1] => P_VACCT_NO=96439078711493|P_EXP_DT=20251028
    [P_RMESG2] => 
    [P_NOTI] => 
    [P_AUTH_NO] => 
)

 Array
(
    [PageCall time] => 12:58:30
    [P_TID] => INIMX_VBNKCAEcatca0720251018125529125838
    [P_MID] => CAEcatca07
    [P_AUTH_DT] => 20251018125830
    [P_STATUS] => 02
    [P_TYPE] => VBANK
    [P_OID] => 251018-004
    [P_FN_CD1] => 04
    [P_FN_CD2] => 
    [P_FN_NM] => KB국민은행
    [P_AMT] => 3000
    [P_UNAME] => 김성훈
    [P_RMESG1] => P_VACCT_NO=26029078903967|P_EXP_DT=20251028
    [P_RMESG2] => 
    [P_NOTI] => 
    [P_AUTH_NO] => 
)

 Array
(
    [PageCall time] => 15:00:33
    [P_TID] => INIMX_VBNKCAEcatca0720251017152724265467
    [P_MID] => CAEcatca07
    [P_AUTH_DT] => 20251018150033
    [P_STATUS] => 02
    [P_TYPE] => VBANK
    [P_OID] => 251017-021
    [P_FN_CD1] => 88
    [P_FN_CD2] => 
    [P_FN_NM] => 신한은행
    [P_AMT] => 3000
    [P_UNAME] => 강범용
    [P_RMESG1] => P_VACCT_NO=56211103996213|P_EXP_DT=20251027
    [P_RMESG2] => 
    [P_NOTI] => 
    [P_AUTH_NO] => 
)

 Array
(
    [PageCall time] => 15:26:48
    [P_TID] => INIMX_VBNKCAEcatca0720251018152300595660
    [P_MID] => CAEcatca07
    [P_AUTH_DT] => 20251018152648
    [P_STATUS] => 02
    [P_TYPE] => VBANK
    [P_OID] => 251018-006
    [P_FN_CD1] => 04
    [P_FN_CD2] => 
    [P_FN_NM] => KB국민은행
    [P_AMT] => 3000
    [P_UNAME] => 최영실
    [P_RMESG1] => P_VACCT_NO=26159078123849|P_EXP_DT=20251028
    [P_RMESG2] => 
    [P_NOTI] => 
    [P_AUTH_NO] => 
)

 Array
(
    [PageCall time] => 15:55:18
    [P_TID] => INIMX_VBNKCAEcatca0720251018155244315053
    [P_MID] => CAEcatca07
    [P_AUTH_DT] => 20251018155518
    [P_STATUS] => 02
    [P_TYPE] => VBANK
    [P_OID] => 251018-007
    [P_FN_CD1] => 89
    [P_FN_CD2] => 
    [P_FN_NM] => 케이뱅크
    [P_AMT] => 3000
    [P_UNAME] => 정의찬
    [P_RMESG1] => P_VACCT_NO=70112003620333|P_EXP_DT=20251028
    [P_RMESG2] => 
    [P_NOTI] => 
    [P_AUTH_NO] => 
)

 Array
(
    [PageCall time] => 19:28:01
    [P_TID] => INIMX_VBNKCAEcatca0720251018192513225617
    [P_MID] => CAEcatca07
    [P_AUTH_DT] => 20251018192801
    [P_STATUS] => 02
    [P_TYPE] => VBANK
    [P_OID] => 251018-008
    [P_FN_CD1] => 04
    [P_FN_CD2] => 
    [P_FN_NM] => KB국민은행
    [P_AMT] => 3000
    [P_UNAME] => 장규진
    [P_RMESG1] => P_VACCT_NO=26159078161470|P_EXP_DT=20251028
    [P_RMESG2] => 
    [P_NOTI] => 
    [P_AUTH_NO] => 
)

 Array
(
    [PageCall time] => 20:45:06
    [P_TID] => INIMX_VBNKCAEcatca0720251018204019855688
    [P_MID] => CAEcatca07
    [P_AUTH_DT] => 20251018204506
    [P_STATUS] => 02
    [P_TYPE] => VBANK
    [P_OID] => 251018-009
    [P_FN_CD1] => 04
    [P_FN_CD2] => 
    [P_FN_NM] => KB국민은행
    [P_AMT] => 3000
    [P_UNAME] => 김성남
    [P_RMESG1] => P_VACCT_NO=26159078171978|P_EXP_DT=20251028
    [P_RMESG2] => 
    [P_NOTI] => 
    [P_AUTH_NO] => 
)

 Array
(
    [PageCall time] => 22:01:50
    [P_TID] => INIMX_VBNKCAEcatca0720251018215906985278
    [P_MID] => CAEcatca07
    [P_AUTH_DT] => 20251018220150
    [P_STATUS] => 02
    [P_TYPE] => VBANK
    [P_OID] => 251018-010
    [P_FN_CD1] => 04
    [P_FN_CD2] => 
    [P_FN_NM] => KB국민은행
    [P_AMT] => 3000
    [P_UNAME] => 윤송희
    [P_RMESG1] => P_VACCT_NO=26159078192108|P_EXP_DT=20251028
    [P_RMESG2] => 
    [P_NOTI] => 
    [P_AUTH_NO] => 
)

 Array
(
    [PageCall time] => 22:07:35
    [P_TID] => INIMX_VBNKCAEcatca0720251018220627605042
    [P_MID] => CAEcatca07
    [P_AUTH_DT] => 20251018220735
    [P_STATUS] => 02
    [P_TYPE] => VBANK
    [P_OID] => 251018-011
    [P_FN_CD1] => 11
    [P_FN_CD2] => 
    [P_FN_NM] => NH농협은행
    [P_AMT] => 3000
    [P_UNAME] => 홍순제
    [P_RMESG1] => P_VACCT_NO=79014508789156|P_EXP_DT=20251028
    [P_RMESG2] => 
    [P_NOTI] => 
    [P_AUTH_NO] => 
)

 Array
(
    [PageCall time] => 23:29:02
    [P_TID] => INIMX_VBNKCAEcatca0720251018232639785654
    [P_MID] => CAEcatca07
    [P_AUTH_DT] => 20251018232902
    [P_STATUS] => 02
    [P_TYPE] => VBANK
    [P_OID] => 251018-012
    [P_FN_CD1] => 88
    [P_FN_CD2] => 
    [P_FN_NM] => 신한은행
    [P_AMT] => 3000
    [P_UNAME] => 임다래
    [P_RMESG1] => P_VACCT_NO=56211104056892|P_EXP_DT=20251028
    [P_RMESG2] => 
    [P_NOTI] => 
    [P_AUTH_NO] => 
)

