 Array
(
    [PageCall time] => 02:26:45
    [P_TID] => INIMX_VBNKCAEcatca0720250811022351215741
    [P_MID] => CAEcatca07
    [P_AUTH_DT] => 20250811022645
    [P_STATUS] => 02
    [P_TYPE] => VBANK
    [P_OID] => 250811-001
    [P_FN_CD1] => 20
    [P_FN_CD2] => 
    [P_FN_NM] => 우리은행
    [P_AMT] => 3000
    [P_UNAME] => 김신혁
    [P_RMESG1] => P_VACCT_NO=27388996418095|P_EXP_DT=20250821
    [P_RMESG2] => 
    [P_NOTI] => 
    [P_AUTH_NO] => 
)

 Array
(
    [PageCall time] => 07:29:39
    [P_TID] => INIMX_VBNKCAEcatca0720250811072601415600
    [P_MID] => CAEcatca07
    [P_AUTH_DT] => 20250811072939
    [P_STATUS] => 02
    [P_TYPE] => VBANK
    [P_OID] => 250811-002
    [P_FN_CD1] => 11
    [P_FN_CD2] => 
    [P_FN_NM] => NH농협은행
    [P_AMT] => 3000
    [P_UNAME] => 이상원
    [P_RMESG1] => P_VACCT_NO=79014290512621|P_EXP_DT=20250821
    [P_RMESG2] => 
    [P_NOTI] => 
    [P_AUTH_NO] => 
)

 Array
(
    [PageCall time] => 08:12:48
    [P_TID] => INIMX_VBNKCAEcatca0720250811081006125799
    [P_MID] => CAEcatca07
    [P_AUTH_DT] => 20250811081248
    [P_STATUS] => 02
    [P_TYPE] => VBANK
    [P_OID] => 250811-003
    [P_FN_CD1] => 04
    [P_FN_CD2] => 
    [P_FN_NM] => KB국민은행
    [P_AMT] => 3000
    [P_UNAME] => 한정인
    [P_RMESG1] => P_VACCT_NO=26119078948194|P_EXP_DT=20250821
    [P_RMESG2] => 
    [P_NOTI] => 
    [P_AUTH_NO] => 
)

 Array
(
    [PageCall time] => 08:54:32
    [P_TID] => INIMX_VBNKCAEcatca0720250810234116905408
    [P_MID] => CAEcatca07
    [P_AUTH_DT] => 20250811085432
    [P_STATUS] => 02
    [P_TYPE] => VBANK
    [P_OID] => 250808-007
    [P_FN_CD1] => 11
    [P_FN_CD2] => 
    [P_FN_NM] => NH농협은행
    [P_AMT] => 3000
    [P_UNAME] => 이미숙
    [P_RMESG1] => P_VACCT_NO=79014290498405|P_EXP_DT=20250820
    [P_RMESG2] => 
    [P_NOTI] => 
    [P_AUTH_NO] => 
)

 Array
(
    [PageCall time] => 09:31:55
    [P_TID] => INIMX_VBNKCAEcatca0720250811092848235787
    [P_MID] => CAEcatca07
    [P_AUTH_DT] => 20250811093155
    [P_STATUS] => 02
    [P_TYPE] => VBANK
    [P_OID] => 250811-005
    [P_FN_CD1] => 20
    [P_FN_CD2] => 
    [P_FN_NM] => 우리은행
    [P_AMT] => 3000
    [P_UNAME] => 김진우
    [P_RMESG1] => P_VACCT_NO=27389003318035|P_EXP_DT=20250821
    [P_RMESG2] => 
    [P_NOTI] => 
    [P_AUTH_NO] => 
)

 Array
(
    [PageCall time] => 09:48:01
    [P_TID] => INIMX_VBNKCAEcatca0720250811094715195346
    [P_MID] => CAEcatca07
    [P_AUTH_DT] => 20250811094801
    [P_STATUS] => 02
    [P_TYPE] => VBANK
    [P_OID] => 250811-007
    [P_FN_CD1] => 04
    [P_FN_CD2] => 
    [P_FN_NM] => KB국민은행
    [P_AMT] => 3000
    [P_UNAME] => 문경재
    [P_RMESG1] => P_VACCT_NO=00289071331644|P_EXP_DT=20250821
    [P_RMESG2] => 
    [P_NOTI] => 
    [P_AUTH_NO] => 
)

 Array
(
    [PageCall time] => 10:28:41
    [P_TID] => INIMX_VBNKCAEcatca0720250811102549155735
    [P_MID] => CAEcatca07
    [P_AUTH_DT] => 20250811102841
    [P_STATUS] => 02
    [P_TYPE] => VBANK
    [P_OID] => 250811-008
    [P_FN_CD1] => 03
    [P_FN_CD2] => 
    [P_FN_NM] => 기업은행
    [P_AMT] => 3000
    [P_UNAME] => 유수건
    [P_RMESG1] => P_VACCT_NO=07503196097029|P_EXP_DT=20250821
    [P_RMESG2] => 
    [P_NOTI] => 
    [P_AUTH_NO] => 
)

 Array
(
    [PageCall time] => 10:33:38
    [P_TID] => INIMX_VBNKCAEcatca0720250811103216805737
    [P_MID] => CAEcatca07
    [P_AUTH_DT] => 20250811103338
    [P_STATUS] => 02
    [P_TYPE] => VBANK
    [P_OID] => 250811-009
    [P_FN_CD1] => 04
    [P_FN_CD2] => 
    [P_FN_NM] => KB국민은행
    [P_AMT] => 3000
    [P_UNAME] => 김종호
    [P_RMESG1] => P_VACCT_NO=26119078152601|P_EXP_DT=20250821
    [P_RMESG2] => 
    [P_NOTI] => 
    [P_AUTH_NO] => 
)

 Array
(
    [PageCall time] => 10:35:25
    [P_TID] => INIMX_VBNKCAEcatca0720250811103132985719
    [P_MID] => CAEcatca07
    [P_AUTH_DT] => 20250811103525
    [P_STATUS] => 02
    [P_TYPE] => VBANK
    [P_OID] => 250811-006
    [P_FN_CD1] => 11
    [P_FN_CD2] => 
    [P_FN_NM] => NH농협은행
    [P_AMT] => 3000
    [P_UNAME] => 박대성
    [P_RMESG1] => P_VACCT_NO=79014290533508|P_EXP_DT=20250821
    [P_RMESG2] => 
    [P_NOTI] => 
    [P_AUTH_NO] => 
)

 Array
(
    [PageCall time] => 10:37:03
    [P_TID] => INIMX_VBNKCAEcatca0720250811103418025818
    [P_MID] => CAEcatca07
    [P_AUTH_DT] => 20250811103703
    [P_STATUS] => 02
    [P_TYPE] => VBANK
    [P_OID] => 250811-010
    [P_FN_CD1] => 88
    [P_FN_CD2] => 
    [P_FN_NM] => 신한은행
    [P_AMT] => 3000
    [P_UNAME] => 김경미
    [P_RMESG1] => P_VACCT_NO=56211991224976|P_EXP_DT=20250821
    [P_RMESG2] => 
    [P_NOTI] => 
    [P_AUTH_NO] => 
)

 Array
(
    [PageCall time] => 10:47:41
    [P_TID] => INIMX_VBNKCAEcatca0720250811104707105852
    [P_MID] => CAEcatca07
    [P_AUTH_DT] => 20250811104741
    [P_STATUS] => 02
    [P_TYPE] => VBANK
    [P_OID] => 250811-013
    [P_FN_CD1] => 04
    [P_FN_CD2] => 
    [P_FN_NM] => KB국민은행
    [P_AMT] => 3000
    [P_UNAME] => 심효남
    [P_RMESG1] => P_VACCT_NO=40269011963315|P_EXP_DT=20250821
    [P_RMESG2] => 
    [P_NOTI] => 
    [P_AUTH_NO] => 
)

 Array
(
    [PageCall time] => 11:15:36
    [P_TID] => INIMX_VBNKCAEcatca0720250811111445555799
    [P_MID] => CAEcatca07
    [P_AUTH_DT] => 20250811111536
    [P_STATUS] => 02
    [P_TYPE] => VBANK
    [P_OID] => 250811-016
    [P_FN_CD1] => 23
    [P_FN_CD2] => 
    [P_FN_NM] => SC은행
    [P_AMT] => 3000
    [P_UNAME] => 방혜연
    [P_RMESG1] => P_VACCT_NO=46416006078051|P_EXP_DT=20250821
    [P_RMESG2] => 
    [P_NOTI] => 
    [P_AUTH_NO] => 
)

 Array
(
    [PageCall time] => 11:51:54
    [P_TID] => INIMX_VBNKCAEcatca0720250811115048775964
    [P_MID] => CAEcatca07
    [P_AUTH_DT] => 20250811115154
    [P_STATUS] => 02
    [P_TYPE] => VBANK
    [P_OID] => 250811-012
    [P_FN_CD1] => 11
    [P_FN_CD2] => 
    [P_FN_NM] => NH농협은행
    [P_AMT] => 3000
    [P_UNAME] => 안효선
    [P_RMESG1] => P_VACCT_NO=79014290545973|P_EXP_DT=20250821
    [P_RMESG2] => 
    [P_NOTI] => 
    [P_AUTH_NO] => 
)

 Array
(
    [PageCall time] => 11:58:04
    [P_TID] => INIMX_VBNKCAEcatca0720250811111028555262
    [P_MID] => CAEcatca07
    [P_AUTH_DT] => 20250811115804
    [P_STATUS] => 02
    [P_TYPE] => VBANK
    [P_OID] => 250811-015
    [P_FN_CD1] => 03
    [P_FN_CD2] => 
    [P_FN_NM] => 기업은행
    [P_AMT] => 3000
    [P_UNAME] => 이혜진
    [P_RMESG1] => P_VACCT_NO=07503196697294|P_EXP_DT=20250821
    [P_RMESG2] => 
    [P_NOTI] => 
    [P_AUTH_NO] => 
)

 Array
(
    [PageCall time] => 12:10:24
    [P_TID] => INIMX_VBNKCAEcatca0720250811120807535426
    [P_MID] => CAEcatca07
    [P_AUTH_DT] => 20250811121024
    [P_STATUS] => 02
    [P_TYPE] => VBANK
    [P_OID] => 250811-020
    [P_FN_CD1] => 11
    [P_FN_CD2] => 
    [P_FN_NM] => NH농협은행
    [P_AMT] => 3000
    [P_UNAME] => 박영숙
    [P_RMESG1] => P_VACCT_NO=79014290548627|P_EXP_DT=20250821
    [P_RMESG2] => 
    [P_NOTI] => 
    [P_AUTH_NO] => 
)

 Array
(
    [PageCall time] => 12:22:55
    [P_TID] => INIMX_VBNKCAEcatca0720250811121958675609
    [P_MID] => CAEcatca07
    [P_AUTH_DT] => 20250811122255
    [P_STATUS] => 02
    [P_TYPE] => VBANK
    [P_OID] => 250811-022
    [P_FN_CD1] => 89
    [P_FN_CD2] => 
    [P_FN_NM] => 케이뱅크
    [P_AMT] => 3000
    [P_UNAME] => 장재윤
    [P_RMESG1] => P_VACCT_NO=70112004157483|P_EXP_DT=20250821
    [P_RMESG2] => 
    [P_NOTI] => 
    [P_AUTH_NO] => 
)

 Array
(
    [PageCall time] => 13:07:23
    [P_TID] => INIMX_VBNKCAEcatca0720250811130340335056
    [P_MID] => CAEcatca07
    [P_AUTH_DT] => 20250811130723
    [P_STATUS] => 02
    [P_TYPE] => VBANK
    [P_OID] => 250811-023
    [P_FN_CD1] => 88
    [P_FN_CD2] => 
    [P_FN_NM] => 신한은행
    [P_AMT] => 3000
    [P_UNAME] => 양선애
    [P_RMESG1] => P_VACCT_NO=56211991239020|P_EXP_DT=20250821
    [P_RMESG2] => 
    [P_NOTI] => 
    [P_AUTH_NO] => 
)

 Array
(
    [PageCall time] => 13:17:42
    [P_TID] => INIMX_VBNKCAEcatca0720250811131415375375
    [P_MID] => CAEcatca07
    [P_AUTH_DT] => 20250811131742
    [P_STATUS] => 02
    [P_TYPE] => VBANK
    [P_OID] => 250809-001
    [P_FN_CD1] => 81
    [P_FN_CD2] => 
    [P_FN_NM] => 하나은행
    [P_AMT] => 3000
    [P_UNAME] => 김은준
    [P_RMESG1] => P_VACCT_NO=20893964843237|P_EXP_DT=20250821
    [P_RMESG2] => 
    [P_NOTI] => 
    [P_AUTH_NO] => 
)

 Array
(
    [PageCall time] => 13:25:14
    [P_TID] => INIMX_VBNKCAEcatca0720250811132132885904
    [P_MID] => CAEcatca07
    [P_AUTH_DT] => 20250811132514
    [P_STATUS] => 02
    [P_TYPE] => VBANK
    [P_OID] => 250811-024
    [P_FN_CD1] => 88
    [P_FN_CD2] => 
    [P_FN_NM] => 신한은행
    [P_AMT] => 3000
    [P_UNAME] => 조은희
    [P_RMESG1] => P_VACCT_NO=56211991240406|P_EXP_DT=20250821
    [P_RMESG2] => 
    [P_NOTI] => 
    [P_AUTH_NO] => 
)

 Array
(
    [PageCall time] => 13:54:09
    [P_TID] => INIMX_VBNKCAEcatca0720250811135110615989
    [P_MID] => CAEcatca07
    [P_AUTH_DT] => 20250811135409
    [P_STATUS] => 02
    [P_TYPE] => VBANK
    [P_OID] => 250811-028
    [P_FN_CD1] => 31
    [P_FN_CD2] => 
    [P_FN_NM] => 아이엠뱅크(대구은행)
    [P_AMT] => 3000
    [P_UNAME] => 김원기
    [P_RMESG1] => P_VACCT_NO=9600365054530|P_EXP_DT=20250821
    [P_RMESG2] => 
    [P_NOTI] => 
    [P_AUTH_NO] => 
)

 Array
(
    [PageCall time] => 14:05:20
    [P_TID] => INIMX_VBNKCAEcatca0720250811140251575904
    [P_MID] => CAEcatca07
    [P_AUTH_DT] => 20250811140520
    [P_STATUS] => 02
    [P_TYPE] => VBANK
    [P_OID] => 250811-029
    [P_FN_CD1] => 31
    [P_FN_CD2] => 
    [P_FN_NM] => 아이엠뱅크(대구은행)
    [P_AMT] => 3000
    [P_UNAME] => 오은혜
    [P_RMESG1] => P_VACCT_NO=9600365055467|P_EXP_DT=20250821
    [P_RMESG2] => 
    [P_NOTI] => 
    [P_AUTH_NO] => 
)

 Array
(
    [PageCall time] => 14:07:35
    [P_TID] => INIMX_VBNKCAEcatca0720250811140519885040
    [P_MID] => CAEcatca07
    [P_AUTH_DT] => 20250811140735
    [P_STATUS] => 02
    [P_TYPE] => VBANK
    [P_OID] => 250811-030
    [P_FN_CD1] => 11
    [P_FN_CD2] => 
    [P_FN_NM] => NH농협은행
    [P_AMT] => 3000
    [P_UNAME] => 최미경
    [P_RMESG1] => P_VACCT_NO=79014290565250|P_EXP_DT=20250821
    [P_RMESG2] => 
    [P_NOTI] => 
    [P_AUTH_NO] => 
)

 Array
(
    [PageCall time] => 14:26:14
    [P_TID] => INIMX_VBNKCAEcatca0720250811142334165135
    [P_MID] => CAEcatca07
    [P_AUTH_DT] => 20250811142614
    [P_STATUS] => 02
    [P_TYPE] => VBANK
    [P_OID] => 250811-033
    [P_FN_CD1] => 03
    [P_FN_CD2] => 
    [P_FN_NM] => 기업은행
    [P_AMT] => 3000
    [P_UNAME] => 이명순
    [P_RMESG1] => P_VACCT_NO=07503198197569|P_EXP_DT=20250821
    [P_RMESG2] => 
    [P_NOTI] => 
    [P_AUTH_NO] => 
)

 Array
(
    [PageCall time] => 14:29:28
    [P_TID] => INIMX_VBNKCAEcatca0720250811142825735601
    [P_MID] => CAEcatca07
    [P_AUTH_DT] => 20250811142928
    [P_STATUS] => 02
    [P_TYPE] => VBANK
    [P_OID] => 250811-035
    [P_FN_CD1] => 11
    [P_FN_CD2] => 
    [P_FN_NM] => NH농협은행
    [P_AMT] => 3000
    [P_UNAME] => 신은진
    [P_RMESG1] => P_VACCT_NO=79014290568432|P_EXP_DT=20250821
    [P_RMESG2] => 
    [P_NOTI] => 
    [P_AUTH_NO] => 
)

 Array
(
    [PageCall time] => 14:42:16
    [P_TID] => INIMX_VBNKCAEcatca0720250811143858845267
    [P_MID] => CAEcatca07
    [P_AUTH_DT] => 20250811144216
    [P_STATUS] => 02
    [P_TYPE] => VBANK
    [P_OID] => 250811-034
    [P_FN_CD1] => 04
    [P_FN_CD2] => 
    [P_FN_NM] => KB국민은행
    [P_AMT] => 3000
    [P_UNAME] => 고덕환
    [P_RMESG1] => P_VACCT_NO=44289079212589|P_EXP_DT=20250821
    [P_RMESG2] => 
    [P_NOTI] => 
    [P_AUTH_NO] => 
)

 Array
(
    [PageCall time] => 14:53:44
    [P_TID] => INIMX_VBNKCAEcatca0720250811145301665704
    [P_MID] => CAEcatca07
    [P_AUTH_DT] => 20250811145344
    [P_STATUS] => 02
    [P_TYPE] => VBANK
    [P_OID] => 250811-036
    [P_FN_CD1] => 11
    [P_FN_CD2] => 
    [P_FN_NM] => NH농협은행
    [P_AMT] => 3000
    [P_UNAME] => 김민영
    [P_RMESG1] => P_VACCT_NO=79014290572370|P_EXP_DT=20250821
    [P_RMESG2] => 
    [P_NOTI] => 
    [P_AUTH_NO] => 
)

 Array
(
    [PageCall time] => 15:11:59
    [P_TID] => INIMX_VBNKCAEcatca0720250811140553775785
    [P_MID] => CAEcatca07
    [P_AUTH_DT] => 20250811151159
    [P_STATUS] => 02
    [P_TYPE] => VBANK
    [P_OID] => 250811-031
    [P_FN_CD1] => 04
    [P_FN_CD2] => 
    [P_FN_NM] => KB국민은행
    [P_AMT] => 3000
    [P_UNAME] => 조경인
    [P_RMESG1] => P_VACCT_NO=42119011951300|P_EXP_DT=20250821
    [P_RMESG2] => 
    [P_NOTI] => 
    [P_AUTH_NO] => 
)

 Array
(
    [PageCall time] => 15:17:18
    [P_TID] => INIMX_VBNKCAEcatca0720250811151607735113
    [P_MID] => CAEcatca07
    [P_AUTH_DT] => 20250811151718
    [P_STATUS] => 02
    [P_TYPE] => VBANK
    [P_OID] => 250811-037
    [P_FN_CD1] => 11
    [P_FN_CD2] => 
    [P_FN_NM] => NH농협은행
    [P_AMT] => 3000
    [P_UNAME] => 김민희
    [P_RMESG1] => P_VACCT_NO=79014290575564|P_EXP_DT=20250821
    [P_RMESG2] => 
    [P_NOTI] => 
    [P_AUTH_NO] => 
)

 Array
(
    [PageCall time] => 15:57:15
    [P_TID] => INIMX_VBNKCAEcatca0720250811155616565966
    [P_MID] => CAEcatca07
    [P_AUTH_DT] => 20250811155715
    [P_STATUS] => 02
    [P_TYPE] => VBANK
    [P_OID] => 250811-041
    [P_FN_CD1] => 04
    [P_FN_CD2] => 
    [P_FN_NM] => KB국민은행
    [P_AMT] => 3000
    [P_UNAME] => 채은서
    [P_RMESG1] => P_VACCT_NO=51009079085376|P_EXP_DT=20250821
    [P_RMESG2] => 
    [P_NOTI] => 
    [P_AUTH_NO] => 
)

 Array
(
    [PageCall time] => 16:00:29
    [P_TID] => INIMX_VBNKCAEcatca0720250811155646475456
    [P_MID] => CAEcatca07
    [P_AUTH_DT] => 20250811160029
    [P_STATUS] => 02
    [P_TYPE] => VBANK
    [P_OID] => 250811-040
    [P_FN_CD1] => 03
    [P_FN_CD2] => 
    [P_FN_NM] => 기업은행
    [P_AMT] => 3000
    [P_UNAME] => 유진
    [P_RMESG1] => P_VACCT_NO=07503199697417|P_EXP_DT=20250821
    [P_RMESG2] => 
    [P_NOTI] => 
    [P_AUTH_NO] => 
)

 Array
(
    [PageCall time] => 16:29:04
    [P_TID] => INIMX_VBNKCAEcatca0720250811162523285380
    [P_MID] => CAEcatca07
    [P_AUTH_DT] => 20250811162904
    [P_STATUS] => 02
    [P_TYPE] => VBANK
    [P_OID] => 250811-042
    [P_FN_CD1] => 11
    [P_FN_CD2] => 
    [P_FN_NM] => NH농협은행
    [P_AMT] => 3000
    [P_UNAME] => 김선미
    [P_RMESG1] => P_VACCT_NO=79014290584358|P_EXP_DT=20250821
    [P_RMESG2] => 
    [P_NOTI] => 
    [P_AUTH_NO] => 
)

 Array
(
    [PageCall time] => 16:45:17
    [P_TID] => INIMX_VBNKCAEcatca0720250811164042265457
    [P_MID] => CAEcatca07
    [P_AUTH_DT] => 20250811164517
    [P_STATUS] => 02
    [P_TYPE] => VBANK
    [P_OID] => 250811-044
    [P_FN_CD1] => 23
    [P_FN_CD2] => 
    [P_FN_NM] => SC은행
    [P_AMT] => 3000
    [P_UNAME] => 변한열
    [P_RMESG1] => P_VACCT_NO=46416006079729|P_EXP_DT=20250821
    [P_RMESG2] => 
    [P_NOTI] => 
    [P_AUTH_NO] => 
)

 Array
(
    [PageCall time] => 18:33:11
    [P_TID] => INIMX_VBNKCAEcatca0720250811183233165087
    [P_MID] => CAEcatca07
    [P_AUTH_DT] => 20250811183310
    [P_STATUS] => 02
    [P_TYPE] => VBANK
    [P_OID] => 250811-046
    [P_FN_CD1] => 11
    [P_FN_CD2] => 
    [P_FN_NM] => NH농협은행
    [P_AMT] => 3000
    [P_UNAME] => 정춘화
    [P_RMESG1] => P_VACCT_NO=79014290604679|P_EXP_DT=20250821
    [P_RMESG2] => 
    [P_NOTI] => 
    [P_AUTH_NO] => 
)

 Array
(
    [PageCall time] => 19:20:57
    [P_TID] => INIMX_VBNKCAEcatca0720250811191828315700
    [P_MID] => CAEcatca07
    [P_AUTH_DT] => 20250811192057
    [P_STATUS] => 02
    [P_TYPE] => VBANK
    [P_OID] => 250811-047
    [P_FN_CD1] => 11
    [P_FN_CD2] => 
    [P_FN_NM] => NH농협은행
    [P_AMT] => 3000
    [P_UNAME] => 구선희
    [P_RMESG1] => P_VACCT_NO=79014290609562|P_EXP_DT=20250821
    [P_RMESG2] => 
    [P_NOTI] => 
    [P_AUTH_NO] => 
)

 Array
(
    [PageCall time] => 20:13:06
    [P_TID] => INIMX_VBNKCAEcatca0720250811201201785991
    [P_MID] => CAEcatca07
    [P_AUTH_DT] => 20250811201306
    [P_STATUS] => 02
    [P_TYPE] => VBANK
    [P_OID] => 250811-048
    [P_FN_CD1] => 04
    [P_FN_CD2] => 
    [P_FN_NM] => KB국민은행
    [P_AMT] => 3000
    [P_UNAME] => 우현용
    [P_RMESG1] => P_VACCT_NO=70239014499058|P_EXP_DT=20250821
    [P_RMESG2] => 
    [P_NOTI] => 
    [P_AUTH_NO] => 
)

 Array
(
    [PageCall time] => 20:36:37
    [P_TID] => INIMX_VBNKCAEcatca0720250811203337295753
    [P_MID] => CAEcatca07
    [P_AUTH_DT] => 20250811203637
    [P_STATUS] => 02
    [P_TYPE] => VBANK
    [P_OID] => 250811-050
    [P_FN_CD1] => 04
    [P_FN_CD2] => 
    [P_FN_NM] => KB국민은행
    [P_AMT] => 3000
    [P_UNAME] => 박미혜
    [P_RMESG1] => P_VACCT_NO=70239014502613|P_EXP_DT=20250821
    [P_RMESG2] => 
    [P_NOTI] => 
    [P_AUTH_NO] => 
)

 Array
(
    [PageCall time] => 20:37:51
    [P_TID] => INIMX_VBNKCAEcatca0720250811203508715442
    [P_MID] => CAEcatca07
    [P_AUTH_DT] => 20250811203751
    [P_STATUS] => 02
    [P_TYPE] => VBANK
    [P_OID] => 250811-051
    [P_FN_CD1] => 89
    [P_FN_CD2] => 
    [P_FN_NM] => 케이뱅크
    [P_AMT] => 3000
    [P_UNAME] => 이복희
    [P_RMESG1] => P_VACCT_NO=70112004162326|P_EXP_DT=20250821
    [P_RMESG2] => 
    [P_NOTI] => 
    [P_AUTH_NO] => 
)

 Array
(
    [PageCall time] => 20:52:40
    [P_TID] => INIMX_VBNKCAEcatca0720250811204933595615
    [P_MID] => CAEcatca07
    [P_AUTH_DT] => 20250811205240
    [P_STATUS] => 02
    [P_TYPE] => VBANK
    [P_OID] => 250811-052
    [P_FN_CD1] => 11
    [P_FN_CD2] => 
    [P_FN_NM] => NH농협은행
    [P_AMT] => 3000
    [P_UNAME] => 곽선애
    [P_RMESG1] => P_VACCT_NO=79014290618514|P_EXP_DT=20250821
    [P_RMESG2] => 
    [P_NOTI] => 
    [P_AUTH_NO] => 
)

 Array
(
    [PageCall time] => 21:45:18
    [P_TID] => INIMX_VBNKCAEcatca0720250811214224385160
    [P_MID] => CAEcatca07
    [P_AUTH_DT] => 20250811214517
    [P_STATUS] => 02
    [P_TYPE] => VBANK
    [P_OID] => 250811-053
    [P_FN_CD1] => 31
    [P_FN_CD2] => 
    [P_FN_NM] => 아이엠뱅크(대구은행)
    [P_AMT] => 3000
    [P_UNAME] => 김문정
    [P_RMESG1] => P_VACCT_NO=9600365063099|P_EXP_DT=20250821
    [P_RMESG2] => 
    [P_NOTI] => 
    [P_AUTH_NO] => 
)

 Array
(
    [PageCall time] => 22:07:42
    [P_TID] => INIMX_VBNKCAEcatca0720250811220637295683
    [P_MID] => CAEcatca07
    [P_AUTH_DT] => 20250811220742
    [P_STATUS] => 02
    [P_TYPE] => VBANK
    [P_OID] => 250811-054
    [P_FN_CD1] => 04
    [P_FN_CD2] => 
    [P_FN_NM] => KB국민은행
    [P_AMT] => 3000
    [P_UNAME] => 김민영
    [P_RMESG1] => P_VACCT_NO=70239014514579|P_EXP_DT=20250821
    [P_RMESG2] => 
    [P_NOTI] => 
    [P_AUTH_NO] => 
)

 Array
(
    [PageCall time] => 23:51:14
    [P_TID] => INIMX_VBNKCAEcatca0720250811234825965242
    [P_MID] => CAEcatca07
    [P_AUTH_DT] => 20250811235114
    [P_STATUS] => 02
    [P_TYPE] => VBANK
    [P_OID] => 250811-056
    [P_FN_CD1] => 03
    [P_FN_CD2] => 
    [P_FN_NM] => 기업은행
    [P_AMT] => 3000
    [P_UNAME] => 이호동
    [P_RMESG1] => P_VACCT_NO=07503202297980|P_EXP_DT=20250821
    [P_RMESG2] => 
    [P_NOTI] => 
    [P_AUTH_NO] => 
)

