 Array
(
    [PageCall time] => 04:07:17
    [P_TID] => INIMX_VBNKCAEcatca0720250725040453305646
    [P_MID] => CAEcatca07
    [P_AUTH_DT] => 20250725040717
    [P_STATUS] => 02
    [P_TYPE] => VBANK
    [P_OID] => 250725-001
    [P_FN_CD1] => 20
    [P_FN_CD2] => 
    [P_FN_NM] => 우리은행
    [P_AMT] => 3000
    [P_UNAME] => 양민수
    [P_RMESG1] => P_VACCT_NO=27387842918432|P_EXP_DT=20250804
    [P_RMESG2] => 
    [P_NOTI] => 
    [P_AUTH_NO] => 
)

 Array
(
    [PageCall time] => 08:04:29
    [P_TID] => INIMX_VBNKCAEcatca0720250725080000305078
    [P_MID] => CAEcatca07
    [P_AUTH_DT] => 20250725080429
    [P_STATUS] => 02
    [P_TYPE] => VBANK
    [P_OID] => 250725-002
    [P_FN_CD1] => 81
    [P_FN_CD2] => 
    [P_FN_NM] => 하나은행
    [P_AMT] => 3000
    [P_UNAME] => 남옥희
    [P_RMESG1] => P_VACCT_NO=20893835490137|P_EXP_DT=20250804
    [P_RMESG2] => 
    [P_NOTI] => 
    [P_AUTH_NO] => 
)

 Array
(
    [PageCall time] => 09:29:45
    [P_TID] => INIMX_VBNKCAEcatca0720250725092900565658
    [P_MID] => CAEcatca07
    [P_AUTH_DT] => 20250725092945
    [P_STATUS] => 02
    [P_TYPE] => VBANK
    [P_OID] => 250725-003
    [P_FN_CD1] => 04
    [P_FN_CD2] => 
    [P_FN_NM] => KB국민은행
    [P_AMT] => 3000
    [P_UNAME] => 엄혜경
    [P_RMESG1] => P_VACCT_NO=26119078120749|P_EXP_DT=20250804
    [P_RMESG2] => 
    [P_NOTI] => 
    [P_AUTH_NO] => 
)

 Array
(
    [PageCall time] => 09:48:55
    [P_TID] => INIMX_VBNKCAEcatca0720250725094808715939
    [P_MID] => CAEcatca07
    [P_AUTH_DT] => 20250725094855
    [P_STATUS] => 02
    [P_TYPE] => VBANK
    [P_OID] => 250724-037
    [P_FN_CD1] => 04
    [P_FN_CD2] => 
    [P_FN_NM] => KB국민은행
    [P_AMT] => 3000
    [P_UNAME] => 박정식
    [P_RMESG1] => P_VACCT_NO=26119078152838|P_EXP_DT=20250804
    [P_RMESG2] => 
    [P_NOTI] => 
    [P_AUTH_NO] => 
)

 Array
(
    [PageCall time] => 09:53:32
    [P_TID] => INIMX_VBNKCAEcatca0720250725094556835900
    [P_MID] => CAEcatca07
    [P_AUTH_DT] => 20250725095332
    [P_STATUS] => 02
    [P_TYPE] => VBANK
    [P_OID] => 250725-004
    [P_FN_CD1] => 81
    [P_FN_CD2] => 
    [P_FN_NM] => 하나은행
    [P_AMT] => 3000
    [P_UNAME] => 고애선
    [P_RMESG1] => P_VACCT_NO=20893888429137|P_EXP_DT=20250804
    [P_RMESG2] => 
    [P_NOTI] => 
    [P_AUTH_NO] => 
)

 Array
(
    [PageCall time] => 09:56:36
    [P_TID] => INIMX_VBNKCAEcatca0720250725091412375833
    [P_MID] => CAEcatca07
    [P_AUTH_DT] => 20250725095636
    [P_STATUS] => 02
    [P_TYPE] => VBANK
    [P_OID] => 250724-032
    [P_FN_CD1] => 81
    [P_FN_CD2] => 
    [P_FN_NM] => 하나은행
    [P_AMT] => 3000
    [P_UNAME] => 노서운
    [P_RMESG1] => P_VACCT_NO=20893888341737|P_EXP_DT=20250804
    [P_RMESG2] => 
    [P_NOTI] => 
    [P_AUTH_NO] => 
)

 Array
(
    [PageCall time] => 11:46:05
    [P_TID] => INIMX_VBNKCAEcatca0720250725114326485183
    [P_MID] => CAEcatca07
    [P_AUTH_DT] => 20250725114604
    [P_STATUS] => 02
    [P_TYPE] => VBANK
    [P_OID] => 250725-009
    [P_FN_CD1] => 88
    [P_FN_CD2] => 
    [P_FN_NM] => 신한은행
    [P_AMT] => 3000
    [P_UNAME] => 이영지
    [P_RMESG1] => P_VACCT_NO=56211104753415|P_EXP_DT=20250804
    [P_RMESG2] => 
    [P_NOTI] => 
    [P_AUTH_NO] => 
)

 Array
(
    [PageCall time] => 11:47:03
    [P_TID] => INIMX_VBNKCAEcatca0720250725114604525850
    [P_MID] => CAEcatca07
    [P_AUTH_DT] => 20250725114703
    [P_STATUS] => 02
    [P_TYPE] => VBANK
    [P_OID] => 250725-010
    [P_FN_CD1] => 11
    [P_FN_CD2] => 
    [P_FN_NM] => NH농협은행
    [P_AMT] => 3000
    [P_UNAME] => 노관우
    [P_RMESG1] => P_VACCT_NO=79014288682592|P_EXP_DT=20250804
    [P_RMESG2] => 
    [P_NOTI] => 
    [P_AUTH_NO] => 
)

 Array
(
    [PageCall time] => 11:57:11
    [P_TID] => INIMX_VBNKCAEcatca0720250725115552975178
    [P_MID] => CAEcatca07
    [P_AUTH_DT] => 20250725115711
    [P_STATUS] => 02
    [P_TYPE] => VBANK
    [P_OID] => 250725-011
    [P_FN_CD1] => 11
    [P_FN_CD2] => 
    [P_FN_NM] => NH농협은행
    [P_AMT] => 3000
    [P_UNAME] => 현병준
    [P_RMESG1] => P_VACCT_NO=79014288683614|P_EXP_DT=20250804
    [P_RMESG2] => 
    [P_NOTI] => 
    [P_AUTH_NO] => 
)

 Array
(
    [PageCall time] => 12:28:59
    [P_TID] => INIMX_VBNKCAEcatca0720250725122558525173
    [P_MID] => CAEcatca07
    [P_AUTH_DT] => 20250725122859
    [P_STATUS] => 02
    [P_TYPE] => VBANK
    [P_OID] => 250725-012
    [P_FN_CD1] => 03
    [P_FN_CD2] => 
    [P_FN_NM] => 기업은행
    [P_AMT] => 3000
    [P_UNAME] => 이경숙
    [P_RMESG1] => P_VACCT_NO=07502390397078|P_EXP_DT=20250804
    [P_RMESG2] => 
    [P_NOTI] => 
    [P_AUTH_NO] => 
)

 Array
(
    [PageCall time] => 12:49:53
    [P_TID] => INIMX_VBNKCAEcatca0720250725124618385852
    [P_MID] => CAEcatca07
    [P_AUTH_DT] => 20250725124953
    [P_STATUS] => 02
    [P_TYPE] => VBANK
    [P_OID] => 250711-032
    [P_FN_CD1] => 88
    [P_FN_CD2] => 
    [P_FN_NM] => 신한은행
    [P_AMT] => 3000
    [P_UNAME] => 김지은
    [P_RMESG1] => P_VACCT_NO=56211105052414|P_EXP_DT=20250804
    [P_RMESG2] => 
    [P_NOTI] => 
    [P_AUTH_NO] => 
)

 Array
(
    [PageCall time] => 14:27:49
    [P_TID] => INIMX_VBNKCAEcatca0720250725141429215481
    [P_MID] => CAEcatca07
    [P_AUTH_DT] => 20250725142749
    [P_STATUS] => 02
    [P_TYPE] => VBANK
    [P_OID] => 250725-014
    [P_FN_CD1] => 89
    [P_FN_CD2] => 
    [P_FN_NM] => 케이뱅크
    [P_AMT] => 3000
    [P_UNAME] => 이시연
    [P_RMESG1] => P_VACCT_NO=70112004043064|P_EXP_DT=20250804
    [P_RMESG2] => 
    [P_NOTI] => 
    [P_AUTH_NO] => 
)

 Array
(
    [PageCall time] => 14:32:56
    [P_TID] => INIMX_VBNKCAEcatca0720250725142945615251
    [P_MID] => CAEcatca07
    [P_AUTH_DT] => 20250725143256
    [P_STATUS] => 02
    [P_TYPE] => VBANK
    [P_OID] => 250725-015
    [P_FN_CD1] => 07
    [P_FN_CD2] => 
    [P_FN_NM] => 수협은행
    [P_AMT] => 3000
    [P_UNAME] => 김정향
    [P_RMESG1] => P_VACCT_NO=06640083362856|P_EXP_DT=20250804
    [P_RMESG2] => 
    [P_NOTI] => 
    [P_AUTH_NO] => 
)

 Array
(
    [PageCall time] => 15:18:11
    [P_TID] => INIMX_VBNKCAEcatca0720250725151723205690
    [P_MID] => CAEcatca07
    [P_AUTH_DT] => 20250725151811
    [P_STATUS] => 02
    [P_TYPE] => VBANK
    [P_OID] => 250725-017
    [P_FN_CD1] => 04
    [P_FN_CD2] => 
    [P_FN_NM] => KB국민은행
    [P_AMT] => 3000
    [P_UNAME] => 임환휘
    [P_RMESG1] => P_VACCT_NO=96279078461213|P_EXP_DT=20250804
    [P_RMESG2] => 
    [P_NOTI] => 
    [P_AUTH_NO] => 
)

 Array
(
    [PageCall time] => 16:28:15
    [P_TID] => INIMX_VBNKCAEcatca0720250725162540145805
    [P_MID] => CAEcatca07
    [P_AUTH_DT] => 20250725162815
    [P_STATUS] => 02
    [P_TYPE] => VBANK
    [P_OID] => 250725-020
    [P_FN_CD1] => 03
    [P_FN_CD2] => 
    [P_FN_NM] => 기업은행
    [P_AMT] => 3000
    [P_UNAME] => 정경석
    [P_RMESG1] => P_VACCT_NO=07502392897192|P_EXP_DT=20250804
    [P_RMESG2] => 
    [P_NOTI] => 
    [P_AUTH_NO] => 
)

 Array
(
    [PageCall time] => 17:34:39
    [P_TID] => INIMX_VBNKCAEcatca0720250725173132335461
    [P_MID] => CAEcatca07
    [P_AUTH_DT] => 20250725173438
    [P_STATUS] => 02
    [P_TYPE] => VBANK
    [P_OID] => 250725-023
    [P_FN_CD1] => 81
    [P_FN_CD2] => 
    [P_FN_NM] => 하나은행
    [P_AMT] => 3000
    [P_UNAME] => 황동경
    [P_RMESG1] => P_VACCT_NO=20893890738237|P_EXP_DT=20250804
    [P_RMESG2] => 
    [P_NOTI] => 
    [P_AUTH_NO] => 
)

 Array
(
    [PageCall time] => 18:04:01
    [P_TID] => INIMX_VBNKCAEcatca0720250722174520625313
    [P_MID] => CAEcatca07
    [P_AUTH_DT] => 20250725180401
    [P_STATUS] => 02
    [P_TYPE] => VBANK
    [P_OID] => 250722-027
    [P_FN_CD1] => 81
    [P_FN_CD2] => 
    [P_FN_NM] => 하나은행
    [P_AMT] => 3000
    [P_UNAME] => 평화가득함주간보호센터
    [P_RMESG1] => P_VACCT_NO=20893876375237|P_EXP_DT=20250801
    [P_RMESG2] => 
    [P_NOTI] => 
    [P_AUTH_NO] => 
)

 Array
(
    [PageCall time] => 18:33:26
    [P_TID] => INIMX_VBNKCAEcatca0720250725183047975936
    [P_MID] => CAEcatca07
    [P_AUTH_DT] => 20250725183325
    [P_STATUS] => 02
    [P_TYPE] => VBANK
    [P_OID] => 250725-025
    [P_FN_CD1] => 03
    [P_FN_CD2] => 
    [P_FN_NM] => 기업은행
    [P_AMT] => 3000
    [P_UNAME] => 김대호
    [P_RMESG1] => P_VACCT_NO=07502393697530|P_EXP_DT=20250804
    [P_RMESG2] => 
    [P_NOTI] => 
    [P_AUTH_NO] => 
)

 Array
(
    [PageCall time] => 22:40:57
    [P_TID] => INIMX_VBNKCAEcatca0720250725224020925411
    [P_MID] => CAEcatca07
    [P_AUTH_DT] => 20250725224057
    [P_STATUS] => 02
    [P_TYPE] => VBANK
    [P_OID] => 250725-026
    [P_FN_CD1] => 04
    [P_FN_CD2] => 
    [P_FN_NM] => KB국민은행
    [P_AMT] => 3000
    [P_UNAME] => 유지은
    [P_RMESG1] => P_VACCT_NO=70219014717648|P_EXP_DT=20250804
    [P_RMESG2] => 
    [P_NOTI] => 
    [P_AUTH_NO] => 
)

 Array
(
    [PageCall time] => 23:32:00
    [P_TID] => INIMX_VBNKCAEcatca0720250725233101295042
    [P_MID] => CAEcatca07
    [P_AUTH_DT] => 20250725233200
    [P_STATUS] => 02
    [P_TYPE] => VBANK
    [P_OID] => 250725-027
    [P_FN_CD1] => 04
    [P_FN_CD2] => 
    [P_FN_NM] => KB국민은행
    [P_AMT] => 3000
    [P_UNAME] => 박종규
    [P_RMESG1] => P_VACCT_NO=70219014720949|P_EXP_DT=20250804
    [P_RMESG2] => 
    [P_NOTI] => 
    [P_AUTH_NO] => 
)

