 Array
(
    [PageCall time] => 04:44:37
    [P_TID] => INIMX_VBNKCAEcatca0720250920044343825281
    [P_MID] => CAEcatca07
    [P_AUTH_DT] => 20250920044437
    [P_STATUS] => 02
    [P_TYPE] => VBANK
    [P_OID] => 250919-020
    [P_FN_CD1] => 11
    [P_FN_CD2] => 
    [P_FN_NM] => NH농협은행
    [P_AMT] => 3000
    [P_UNAME] => 정용
    [P_RMESG1] => P_VACCT_NO=79014506438710|P_EXP_DT=20250930
    [P_RMESG2] => 
    [P_NOTI] => 
    [P_AUTH_NO] => 
)

 Array
(
    [PageCall time] => 10:41:19
    [P_TID] => INIMX_VBNKCAEcatca0720250920104007625673
    [P_MID] => CAEcatca07
    [P_AUTH_DT] => 20250920104119
    [P_STATUS] => 02
    [P_TYPE] => VBANK
    [P_OID] => 250920-003
    [P_FN_CD1] => 11
    [P_FN_CD2] => 
    [P_FN_NM] => NH농협은행
    [P_AMT] => 3000
    [P_UNAME] => 김민철
    [P_RMESG1] => P_VACCT_NO=79014506450496|P_EXP_DT=20250930
    [P_RMESG2] => 
    [P_NOTI] => 
    [P_AUTH_NO] => 
)

 Array
(
    [PageCall time] => 11:46:59
    [P_TID] => INIMX_VBNKCAEcatca0720250920114339525109
    [P_MID] => CAEcatca07
    [P_AUTH_DT] => 20250920114658
    [P_STATUS] => 02
    [P_TYPE] => VBANK
    [P_OID] => 250920-004
    [P_FN_CD1] => 81
    [P_FN_CD2] => 
    [P_FN_NM] => 하나은행
    [P_AMT] => 3000
    [P_UNAME] => 이해권
    [P_RMESG1] => P_VACCT_NO=20894331852237|P_EXP_DT=20250930
    [P_RMESG2] => 
    [P_NOTI] => 
    [P_AUTH_NO] => 
)

 Array
(
    [PageCall time] => 14:15:09
    [P_TID] => INIMX_VBNKCAEcatca0720250920141232425724
    [P_MID] => CAEcatca07
    [P_AUTH_DT] => 20250920141509
    [P_STATUS] => 02
    [P_TYPE] => VBANK
    [P_OID] => 250920-005
    [P_FN_CD1] => 81
    [P_FN_CD2] => 
    [P_FN_NM] => 하나은행
    [P_AMT] => 3000
    [P_UNAME] => 주상민
    [P_RMESG1] => P_VACCT_NO=20894332515137|P_EXP_DT=20250930
    [P_RMESG2] => 
    [P_NOTI] => 
    [P_AUTH_NO] => 
)

 Array
(
    [PageCall time] => 16:27:19
    [P_TID] => INIMX_VBNKCAEcatca0720250920162451015034
    [P_MID] => CAEcatca07
    [P_AUTH_DT] => 20250920162719
    [P_STATUS] => 02
    [P_TYPE] => VBANK
    [P_OID] => 250920-007
    [P_FN_CD1] => 20
    [P_FN_CD2] => 
    [P_FN_NM] => 우리은행
    [P_AMT] => 3000
    [P_UNAME] => 조명환
    [P_RMESG1] => P_VACCT_NO=27490102618410|P_EXP_DT=20250930
    [P_RMESG2] => 
    [P_NOTI] => 
    [P_AUTH_NO] => 
)

 Array
(
    [PageCall time] => 19:34:04
    [P_TID] => INIMX_VBNKCAEcatca0720250920193115635751
    [P_MID] => CAEcatca07
    [P_AUTH_DT] => 20250920193404
    [P_STATUS] => 02
    [P_TYPE] => VBANK
    [P_OID] => 250920-008
    [P_FN_CD1] => 88
    [P_FN_CD2] => 
    [P_FN_NM] => 신한은행
    [P_AMT] => 3000
    [P_UNAME] => 김보경
    [P_RMESG1] => P_VACCT_NO=56211991107216|P_EXP_DT=20250930
    [P_RMESG2] => 
    [P_NOTI] => 
    [P_AUTH_NO] => 
)

