 Array
(
    [PageCall time] => 11:31:03
    [P_TID] => INIMX_VBNKCAEcatca0720250308112835675706
    [P_MID] => CAEcatca07
    [P_AUTH_DT] => 20250308113103
    [P_STATUS] => 02
    [P_TYPE] => VBANK
    [P_OID] => 250308-004
    [P_FN_CD1] => 88
    [P_FN_CD2] => 
    [P_FN_NM] => 신한은행
    [P_AMT] => 3000
    [P_UNAME] => 최하은
    [P_RMESG1] => P_VACCT_NO=56211106999246|P_EXP_DT=20250318
    [P_RMESG2] => 
    [P_NOTI] => 
    [P_AUTH_NO] => 
)

 Array
(
    [PageCall time] => 11:34:46
    [P_TID] => INIMX_VBNKCAEcatca0720250308112924665396
    [P_MID] => CAEcatca07
    [P_AUTH_DT] => 20250308113446
    [P_STATUS] => 02
    [P_TYPE] => VBANK
    [P_OID] => 250308-003
    [P_FN_CD1] => 11
    [P_FN_CD2] => 
    [P_FN_NM] => NH농협은행
    [P_AMT] => 3000
    [P_UNAME] => 전범석
    [P_RMESG1] => P_VACCT_NO=79014507034771|P_EXP_DT=20250318
    [P_RMESG2] => 
    [P_NOTI] => 
    [P_AUTH_NO] => 
)

 Array
(
    [PageCall time] => 12:05:38
    [P_TID] => INIMX_VBNKCAEcatca0720250308120456795240
    [P_MID] => CAEcatca07
    [P_AUTH_DT] => 20250308120538
    [P_STATUS] => 02
    [P_TYPE] => VBANK
    [P_OID] => 250308-005
    [P_FN_CD1] => 11
    [P_FN_CD2] => 
    [P_FN_NM] => NH농협은행
    [P_AMT] => 3000
    [P_UNAME] => 류지성
    [P_RMESG1] => P_VACCT_NO=79014507037655|P_EXP_DT=20250318
    [P_RMESG2] => 
    [P_NOTI] => 
    [P_AUTH_NO] => 
)

 Array
(
    [PageCall time] => 12:51:34
    [P_TID] => INIMX_VBNKCAEcatca0720250308124830725575
    [P_MID] => CAEcatca07
    [P_AUTH_DT] => 20250308125134
    [P_STATUS] => 02
    [P_TYPE] => VBANK
    [P_OID] => 250308-006
    [P_FN_CD1] => 88
    [P_FN_CD2] => 
    [P_FN_NM] => 신한은행
    [P_AMT] => 3000
    [P_UNAME] => 이정원
    [P_RMESG1] => P_VACCT_NO=56211990502787|P_EXP_DT=20250318
    [P_RMESG2] => 
    [P_NOTI] => 
    [P_AUTH_NO] => 
)

 Array
(
    [PageCall time] => 15:49:37
    [P_TID] => INIMX_VBNKCAEcatca0720250308154902715038
    [P_MID] => CAEcatca07
    [P_AUTH_DT] => 20250308154937
    [P_STATUS] => 02
    [P_TYPE] => VBANK
    [P_OID] => 250308-007
    [P_FN_CD1] => 04
    [P_FN_CD2] => 
    [P_FN_NM] => KB국민은행
    [P_AMT] => 3000
    [P_UNAME] => 임제웅
    [P_RMESG1] => P_VACCT_NO=26119078304468|P_EXP_DT=20250318
    [P_RMESG2] => 
    [P_NOTI] => 
    [P_AUTH_NO] => 
)

 Array
(
    [PageCall time] => 17:21:45
    [P_TID] => INIMX_VBNKCAEcatca0720250308171904765152
    [P_MID] => CAEcatca07
    [P_AUTH_DT] => 20250308172145
    [P_STATUS] => 02
    [P_TYPE] => VBANK
    [P_OID] => 250308-008
    [P_FN_CD1] => 88
    [P_FN_CD2] => 
    [P_FN_NM] => 신한은행
    [P_AMT] => 3000
    [P_UNAME] => 송명호
    [P_RMESG1] => P_VACCT_NO=56211990517729|P_EXP_DT=20250318
    [P_RMESG2] => 
    [P_NOTI] => 
    [P_AUTH_NO] => 
)

 Array
(
    [PageCall time] => 18:07:04
    [P_TID] => INIMX_VBNKCAEcatca0720250308180555805054
    [P_MID] => CAEcatca07
    [P_AUTH_DT] => 20250308180704
    [P_STATUS] => 02
    [P_TYPE] => VBANK
    [P_OID] => 250308-009
    [P_FN_CD1] => 04
    [P_FN_CD2] => 
    [P_FN_NM] => KB국민은행
    [P_AMT] => 3000
    [P_UNAME] => 여정우
    [P_RMESG1] => P_VACCT_NO=26119078378751|P_EXP_DT=20250318
    [P_RMESG2] => 
    [P_NOTI] => 
    [P_AUTH_NO] => 
)

 Array
(
    [PageCall time] => 20:38:39
    [P_TID] => INIMX_VBNKCAEcatca0720250308203747385790
    [P_MID] => CAEcatca07
    [P_AUTH_DT] => 20250308203839
    [P_STATUS] => 02
    [P_TYPE] => VBANK
    [P_OID] => 250308-010
    [P_FN_CD1] => 04
    [P_FN_CD2] => 
    [P_FN_NM] => KB국민은행
    [P_AMT] => 3000
    [P_UNAME] => 황혜인
    [P_RMESG1] => P_VACCT_NO=26119078456549|P_EXP_DT=20250318
    [P_RMESG2] => 
    [P_NOTI] => 
    [P_AUTH_NO] => 
)

