 Array
(
    [PageCall time] => 02:17:02
    [P_TID] => INIMX_VBNKCAEcatca0720250602021559575471
    [P_MID] => CAEcatca07
    [P_AUTH_DT] => 20250602021702
    [P_STATUS] => 02
    [P_TYPE] => VBANK
    [P_OID] => 250602-001
    [P_FN_CD1] => 11
    [P_FN_CD2] => 
    [P_FN_NM] => NH농협은행
    [P_AMT] => 3000
    [P_UNAME] => 한영석
    [P_RMESG1] => P_VACCT_NO=79003194282031|P_EXP_DT=20250612
    [P_RMESG2] => 
    [P_NOTI] => 
    [P_AUTH_NO] => 
)

 Array
(
    [PageCall time] => 08:14:48
    [P_TID] => INIMX_VBNKCAEcatca0720250602080827955699
    [P_MID] => CAEcatca07
    [P_AUTH_DT] => 20250602081448
    [P_STATUS] => 02
    [P_TYPE] => VBANK
    [P_OID] => 250601-011
    [P_FN_CD1] => 20
    [P_FN_CD2] => 
    [P_FN_NM] => 우리은행
    [P_AMT] => 3000
    [P_UNAME] => 조영찬
    [P_RMESG1] => P_VACCT_NO=27490759118551|P_EXP_DT=20250612
    [P_RMESG2] => 
    [P_NOTI] => 
    [P_AUTH_NO] => 
)

 Array
(
    [PageCall time] => 10:39:30
    [P_TID] => INIMX_VBNKCAEcatca0720250602103525455375
    [P_MID] => CAEcatca07
    [P_AUTH_DT] => 20250602103930
    [P_STATUS] => 02
    [P_TYPE] => VBANK
    [P_OID] => 250602-002
    [P_FN_CD1] => 88
    [P_FN_CD2] => 
    [P_FN_NM] => 신한은행
    [P_AMT] => 3000
    [P_UNAME] => 박미향
    [P_RMESG1] => P_VACCT_NO=56211104240372|P_EXP_DT=20250612
    [P_RMESG2] => 
    [P_NOTI] => 
    [P_AUTH_NO] => 
)

 Array
(
    [PageCall time] => 11:06:17
    [P_TID] => INIMX_VBNKCAEcatca0720250602110519395152
    [P_MID] => CAEcatca07
    [P_AUTH_DT] => 20250602110617
    [P_STATUS] => 02
    [P_TYPE] => VBANK
    [P_OID] => 250602-005
    [P_FN_CD1] => 04
    [P_FN_CD2] => 
    [P_FN_NM] => KB국민은행
    [P_AMT] => 3000
    [P_UNAME] => 서금숙
    [P_RMESG1] => P_VACCT_NO=26119078613052|P_EXP_DT=20250612
    [P_RMESG2] => 
    [P_NOTI] => 
    [P_AUTH_NO] => 
)

 Array
(
    [PageCall time] => 11:24:23
    [P_TID] => INIMX_VBNKCAEcatca0720250602112340815665
    [P_MID] => CAEcatca07
    [P_AUTH_DT] => 20250602112423
    [P_STATUS] => 02
    [P_TYPE] => VBANK
    [P_OID] => 250602-009
    [P_FN_CD1] => 32
    [P_FN_CD2] => 
    [P_FN_NM] => 부산은행
    [P_AMT] => 3000
    [P_UNAME] => 이지영
    [P_RMESG1] => P_VACCT_NO=109924675466|P_EXP_DT=20250612
    [P_RMESG2] => 
    [P_NOTI] => 
    [P_AUTH_NO] => 
)

 Array
(
    [PageCall time] => 11:34:48
    [P_TID] => INIMX_VBNKCAEcatca0720250602113054385424
    [P_MID] => CAEcatca07
    [P_AUTH_DT] => 20250602113448
    [P_STATUS] => 02
    [P_TYPE] => VBANK
    [P_OID] => 250602-008
    [P_FN_CD1] => 88
    [P_FN_CD2] => 
    [P_FN_NM] => 신한은행
    [P_AMT] => 3000
    [P_UNAME] => 김명곤
    [P_RMESG1] => P_VACCT_NO=56211104529026|P_EXP_DT=20250612
    [P_RMESG2] => 
    [P_NOTI] => 
    [P_AUTH_NO] => 
)

 Array
(
    [PageCall time] => 13:13:12
    [P_TID] => INIMX_VBNKCAEcatca0720250602120633735911
    [P_MID] => CAEcatca07
    [P_AUTH_DT] => 20250602131312
    [P_STATUS] => 02
    [P_TYPE] => VBANK
    [P_OID] => 250530-016
    [P_FN_CD1] => 04
    [P_FN_CD2] => 
    [P_FN_NM] => KB국민은행
    [P_AMT] => 3000
    [P_UNAME] => 손영주
    [P_RMESG1] => P_VACCT_NO=26119078735981|P_EXP_DT=20250612
    [P_RMESG2] => 
    [P_NOTI] => 
    [P_AUTH_NO] => 
)

 Array
(
    [PageCall time] => 13:19:08
    [P_TID] => INIMX_VBNKCAEcatca0720250602131512425611
    [P_MID] => CAEcatca07
    [P_AUTH_DT] => 20250602131908
    [P_STATUS] => 02
    [P_TYPE] => VBANK
    [P_OID] => 250602-011
    [P_FN_CD1] => 89
    [P_FN_CD2] => 
    [P_FN_NM] => 케이뱅크
    [P_AMT] => 3000
    [P_UNAME] => 노현성
    [P_RMESG1] => P_VACCT_NO=70112003665213|P_EXP_DT=20250612
    [P_RMESG2] => 
    [P_NOTI] => 
    [P_AUTH_NO] => 
)

 Array
(
    [PageCall time] => 13:34:45
    [P_TID] => INIMX_VBNKCAEcatca0720250602133211615100
    [P_MID] => CAEcatca07
    [P_AUTH_DT] => 20250602133445
    [P_STATUS] => 02
    [P_TYPE] => VBANK
    [P_OID] => 250602-013
    [P_FN_CD1] => 81
    [P_FN_CD2] => 
    [P_FN_NM] => 하나은행
    [P_AMT] => 3000
    [P_UNAME] => 김영희
    [P_RMESG1] => P_VACCT_NO=20894035306937|P_EXP_DT=20250612
    [P_RMESG2] => 
    [P_NOTI] => 
    [P_AUTH_NO] => 
)

 Array
(
    [PageCall time] => 14:12:13
    [P_TID] => INIMX_VBNKCAEcatca0720250602141103255596
    [P_MID] => CAEcatca07
    [P_AUTH_DT] => 20250602141213
    [P_STATUS] => 02
    [P_TYPE] => VBANK
    [P_OID] => 250602-014
    [P_FN_CD1] => 04
    [P_FN_CD2] => 
    [P_FN_NM] => KB국민은행
    [P_AMT] => 3000
    [P_UNAME] => 박영란
    [P_RMESG1] => P_VACCT_NO=26119078948136|P_EXP_DT=20250612
    [P_RMESG2] => 
    [P_NOTI] => 
    [P_AUTH_NO] => 
)

 Array
(
    [PageCall time] => 16:11:25
    [P_TID] => INIMX_VBNKCAEcatca0720250602160851145434
    [P_MID] => CAEcatca07
    [P_AUTH_DT] => 20250602161125
    [P_STATUS] => 02
    [P_TYPE] => VBANK
    [P_OID] => 250602-017
    [P_FN_CD1] => 88
    [P_FN_CD2] => 
    [P_FN_NM] => 신한은행
    [P_AMT] => 3000
    [P_UNAME] => 김현정
    [P_RMESG1] => P_VACCT_NO=56211105447586|P_EXP_DT=20250612
    [P_RMESG2] => 
    [P_NOTI] => 
    [P_AUTH_NO] => 
)

 Array
(
    [PageCall time] => 16:58:00
    [P_TID] => INIMX_VBNKCAEcatca0720250602165712585162
    [P_MID] => CAEcatca07
    [P_AUTH_DT] => 20250602165800
    [P_STATUS] => 02
    [P_TYPE] => VBANK
    [P_OID] => 250602-018
    [P_FN_CD1] => 11
    [P_FN_CD2] => 
    [P_FN_NM] => NH농협은행
    [P_AMT] => 3000
    [P_UNAME] => 성민서
    [P_RMESG1] => P_VACCT_NO=79003195141455|P_EXP_DT=20250612
    [P_RMESG2] => 
    [P_NOTI] => 
    [P_AUTH_NO] => 
)

 Array
(
    [PageCall time] => 18:14:58
    [P_TID] => INIMX_VBNKCAEcatca0720250602181217545977
    [P_MID] => CAEcatca07
    [P_AUTH_DT] => 20250602181458
    [P_STATUS] => 02
    [P_TYPE] => VBANK
    [P_OID] => 250602-016
    [P_FN_CD1] => 03
    [P_FN_CD2] => 
    [P_FN_NM] => 기업은행
    [P_AMT] => 3000
    [P_UNAME] => 박유진
    [P_RMESG1] => P_VACCT_NO=07503168097051|P_EXP_DT=20250612
    [P_RMESG2] => 
    [P_NOTI] => 
    [P_AUTH_NO] => 
)

