 Array
(
    [PageCall time] => 02:13:25
    [P_TID] => INIMX_VBNKCAEcatca0720260408021017645467
    [P_MID] => CAEcatca07
    [P_AUTH_DT] => 20260408021325
    [P_STATUS] => 02
    [P_TYPE] => VBANK
    [P_OID] => 260408-001
    [P_FN_CD1] => 89
    [P_FN_CD2] => 
    [P_FN_NM] => 케이뱅크
    [P_AMT] => 3500
    [P_UNAME] => 이선구
    [P_RMESG1] => P_VACCT_NO=70112003953814|P_EXP_DT=20260418
    [P_RMESG2] => 
    [P_NOTI] => 
    [P_AUTH_NO] => 
)

 Array
(
    [PageCall time] => 11:13:20
    [P_TID] => INIMX_VBNKCAEcatca0720260408111052335733
    [P_MID] => CAEcatca07
    [P_AUTH_DT] => 20260408111320
    [P_STATUS] => 02
    [P_TYPE] => VBANK
    [P_OID] => 260408-005
    [P_FN_CD1] => 88
    [P_FN_CD2] => 
    [P_FN_NM] => 신한은행
    [P_AMT] => 3500
    [P_UNAME] => 마재훈
    [P_RMESG1] => P_VACCT_NO=56211103362400|P_EXP_DT=20260418
    [P_RMESG2] => 
    [P_NOTI] => 
    [P_AUTH_NO] => 
)

 Array
(
    [PageCall time] => 11:19:16
    [P_TID] => INIMX_VBNKCAEcatca0720260407103253275753
    [P_MID] => CAEcatca07
    [P_AUTH_DT] => 20260408111916
    [P_STATUS] => 02
    [P_TYPE] => VBANK
    [P_OID] => 260406-045
    [P_FN_CD1] => 11
    [P_FN_CD2] => 
    [P_FN_NM] => NH농협은행
    [P_AMT] => 3500
    [P_UNAME] => 이정마
    [P_RMESG1] => P_VACCT_NO=79014505757971|P_EXP_DT=20260417
    [P_RMESG2] => 
    [P_NOTI] => 
    [P_AUTH_NO] => 
)

 Array
(
    [PageCall time] => 12:02:00
    [P_TID] => INIMX_VBNKCAEcatca0720260408115501625041
    [P_MID] => CAEcatca07
    [P_AUTH_DT] => 20260408120200
    [P_STATUS] => 02
    [P_TYPE] => VBANK
    [P_OID] => 260408-007
    [P_FN_CD1] => 89
    [P_FN_CD2] => 
    [P_FN_NM] => 케이뱅크
    [P_AMT] => 3500
    [P_UNAME] => 신시원
    [P_RMESG1] => P_VACCT_NO=70112003956165|P_EXP_DT=20260418
    [P_RMESG2] => 
    [P_NOTI] => 
    [P_AUTH_NO] => 
)

 Array
(
    [PageCall time] => 12:46:44
    [P_TID] => INIMX_VBNKCAEcatca0720260408124346175086
    [P_MID] => CAEcatca07
    [P_AUTH_DT] => 20260408124644
    [P_STATUS] => 02
    [P_TYPE] => VBANK
    [P_OID] => 260408-008
    [P_FN_CD1] => 89
    [P_FN_CD2] => 
    [P_FN_NM] => 케이뱅크
    [P_AMT] => 3500
    [P_UNAME] => 이미선
    [P_RMESG1] => P_VACCT_NO=70112003956438|P_EXP_DT=20260418
    [P_RMESG2] => 
    [P_NOTI] => 
    [P_AUTH_NO] => 
)

 Array
(
    [PageCall time] => 12:50:27
    [P_TID] => INIMX_VBNKCAEcatca0720260408124756205382
    [P_MID] => CAEcatca07
    [P_AUTH_DT] => 20260408125027
    [P_STATUS] => 02
    [P_TYPE] => VBANK
    [P_OID] => 260406-029
    [P_FN_CD1] => 04
    [P_FN_CD2] => 
    [P_FN_NM] => KB국민은행
    [P_AMT] => 3500
    [P_UNAME] => 백은하
    [P_RMESG1] => P_VACCT_NO=96439078785476|P_EXP_DT=20260418
    [P_RMESG2] => 
    [P_NOTI] => 
    [P_AUTH_NO] => 
)

 Array
(
    [PageCall time] => 12:58:49
    [P_TID] => INIMX_VBNKCAEcatca0720260408125602875715
    [P_MID] => CAEcatca07
    [P_AUTH_DT] => 20260408125849
    [P_STATUS] => 02
    [P_TYPE] => VBANK
    [P_OID] => 260408-009
    [P_FN_CD1] => 04
    [P_FN_CD2] => 
    [P_FN_NM] => KB국민은행
    [P_AMT] => 3500
    [P_UNAME] => 이중호
    [P_RMESG1] => P_VACCT_NO=96439078786374|P_EXP_DT=20260418
    [P_RMESG2] => 
    [P_NOTI] => 
    [P_AUTH_NO] => 
)

 Array
(
    [PageCall time] => 13:05:58
    [P_TID] => INIMX_VBNKCAEcatca0720260408124303405997
    [P_MID] => CAEcatca07
    [P_AUTH_DT] => 20260408130558
    [P_STATUS] => 02
    [P_TYPE] => VBANK
    [P_OID] => 260407-040
    [P_FN_CD1] => 88
    [P_FN_CD2] => 
    [P_FN_NM] => 신한은행
    [P_AMT] => 3500
    [P_UNAME] => 황성호
    [P_RMESG1] => P_VACCT_NO=56211106809469|P_EXP_DT=20260418
    [P_RMESG2] => 
    [P_NOTI] => 
    [P_AUTH_NO] => 
)

 Array
(
    [PageCall time] => 13:39:20
    [P_TID] => INIMX_VBNKCAEcatca0720260408133617745295
    [P_MID] => CAEcatca07
    [P_AUTH_DT] => 20260408133920
    [P_STATUS] => 02
    [P_TYPE] => VBANK
    [P_OID] => 260408-010
    [P_FN_CD1] => 89
    [P_FN_CD2] => 
    [P_FN_NM] => 케이뱅크
    [P_AMT] => 3500
    [P_UNAME] => 정혜철
    [P_RMESG1] => P_VACCT_NO=70112003956748|P_EXP_DT=20260418
    [P_RMESG2] => 
    [P_NOTI] => 
    [P_AUTH_NO] => 
)

 Array
(
    [PageCall time] => 13:42:32
    [P_TID] => INIMX_VBNKCAEcatca0720260408133826585424
    [P_MID] => CAEcatca07
    [P_AUTH_DT] => 20260408134232
    [P_STATUS] => 02
    [P_TYPE] => VBANK
    [P_OID] => 260408-011
    [P_FN_CD1] => 31
    [P_FN_CD2] => 
    [P_FN_NM] => 아이엠뱅크(대구은행)
    [P_AMT] => 3500
    [P_UNAME] => 박선희
    [P_RMESG1] => P_VACCT_NO=9600362971407|P_EXP_DT=20260418
    [P_RMESG2] => 
    [P_NOTI] => 
    [P_AUTH_NO] => 
)

 Array
(
    [PageCall time] => 14:25:41
    [P_TID] => INIMX_VBNKCAEcatca0720260408142237645218
    [P_MID] => CAEcatca07
    [P_AUTH_DT] => 20260408142541
    [P_STATUS] => 02
    [P_TYPE] => VBANK
    [P_OID] => 260408-016
    [P_FN_CD1] => 81
    [P_FN_CD2] => 
    [P_FN_NM] => 하나은행
    [P_AMT] => 3500
    [P_UNAME] => 장수영
    [P_RMESG1] => P_VACCT_NO=20893923791637|P_EXP_DT=20260418
    [P_RMESG2] => 
    [P_NOTI] => 
    [P_AUTH_NO] => 
)

 Array
(
    [PageCall time] => 14:44:33
    [P_TID] => INIMX_VBNKCAEcatca0720260408143953505319
    [P_MID] => CAEcatca07
    [P_AUTH_DT] => 20260408144432
    [P_STATUS] => 02
    [P_TYPE] => VBANK
    [P_OID] => 260408-017
    [P_FN_CD1] => 04
    [P_FN_CD2] => 
    [P_FN_NM] => KB국민은행
    [P_AMT] => 3500
    [P_UNAME] => 장영빈
    [P_RMESG1] => P_VACCT_NO=96439078801064|P_EXP_DT=20260418
    [P_RMESG2] => 
    [P_NOTI] => 
    [P_AUTH_NO] => 
)

 Array
(
    [PageCall time] => 14:57:43
    [P_TID] => INIMX_VBNKCAEcatca0720260408145424655432
    [P_MID] => CAEcatca07
    [P_AUTH_DT] => 20260408145743
    [P_STATUS] => 02
    [P_TYPE] => VBANK
    [P_OID] => 260408-019
    [P_FN_CD1] => 81
    [P_FN_CD2] => 
    [P_FN_NM] => 하나은행
    [P_AMT] => 3500
    [P_UNAME] => 노미선
    [P_RMESG1] => P_VACCT_NO=20893923929237|P_EXP_DT=20260418
    [P_RMESG2] => 
    [P_NOTI] => 
    [P_AUTH_NO] => 
)

 Array
(
    [PageCall time] => 15:07:10
    [P_TID] => INIMX_VBNKCAEcatca0720260408150433715997
    [P_MID] => CAEcatca07
    [P_AUTH_DT] => 20260408150710
    [P_STATUS] => 02
    [P_TYPE] => VBANK
    [P_OID] => 260408-021
    [P_FN_CD1] => 04
    [P_FN_CD2] => 
    [P_FN_NM] => KB국민은행
    [P_AMT] => 3500
    [P_UNAME] => 김보람
    [P_RMESG1] => P_VACCT_NO=96439078804049|P_EXP_DT=20260418
    [P_RMESG2] => 
    [P_NOTI] => 
    [P_AUTH_NO] => 
)

 Array
(
    [PageCall time] => 16:34:17
    [P_TID] => INIMX_VBNKCAEcatca0720260408163124555860
    [P_MID] => CAEcatca07
    [P_AUTH_DT] => 20260408163417
    [P_STATUS] => 02
    [P_TYPE] => VBANK
    [P_OID] => 260408-023
    [P_FN_CD1] => 89
    [P_FN_CD2] => 
    [P_FN_NM] => 케이뱅크
    [P_AMT] => 3500
    [P_UNAME] => 강규숙
    [P_RMESG1] => P_VACCT_NO=70112003958459|P_EXP_DT=20260418
    [P_RMESG2] => 
    [P_NOTI] => 
    [P_AUTH_NO] => 
)

 Array
(
    [PageCall time] => 16:41:02
    [P_TID] => INIMX_VBNKCAEcatca0720260408163715195386
    [P_MID] => CAEcatca07
    [P_AUTH_DT] => 20260408164102
    [P_STATUS] => 02
    [P_TYPE] => VBANK
    [P_OID] => 260408-025
    [P_FN_CD1] => 88
    [P_FN_CD2] => 
    [P_FN_NM] => 신한은행
    [P_AMT] => 3500
    [P_UNAME] => 김은경
    [P_RMESG1] => P_VACCT_NO=56211106825365|P_EXP_DT=20260418
    [P_RMESG2] => 
    [P_NOTI] => 
    [P_AUTH_NO] => 
)

 Array
(
    [PageCall time] => 17:07:52
    [P_TID] => INIMX_VBNKCAEcatca0720260408170459185432
    [P_MID] => CAEcatca07
    [P_AUTH_DT] => 20260408170752
    [P_STATUS] => 02
    [P_TYPE] => VBANK
    [P_OID] => 260408-027
    [P_FN_CD1] => 03
    [P_FN_CD2] => 
    [P_FN_NM] => 기업은행
    [P_AMT] => 3500
    [P_UNAME] => 은새유치원
    [P_RMESG1] => P_VACCT_NO=07502386997142|P_EXP_DT=20260418
    [P_RMESG2] => 
    [P_NOTI] => 
    [P_AUTH_NO] => 
)

 Array
(
    [PageCall time] => 17:33:14
    [P_TID] => INIMX_VBNKCAEcatca0720260408173250265928
    [P_MID] => CAEcatca07
    [P_AUTH_DT] => 20260408173314
    [P_STATUS] => 02
    [P_TYPE] => VBANK
    [P_OID] => 260408-028
    [P_FN_CD1] => 11
    [P_FN_CD2] => 
    [P_FN_NM] => NH농협은행
    [P_AMT] => 3500
    [P_UNAME] => 이경주
    [P_RMESG1] => P_VACCT_NO=79014505929642|P_EXP_DT=20260418
    [P_RMESG2] => 
    [P_NOTI] => 
    [P_AUTH_NO] => 
)

 Array
(
    [PageCall time] => 18:05:14
    [P_TID] => INIMX_VBNKCAEcatca0720260406210456505905
    [P_MID] => CAEcatca07
    [P_AUTH_DT] => 20260408180514
    [P_STATUS] => 02
    [P_TYPE] => VBANK
    [P_OID] => 260406-050
    [P_FN_CD1] => 04
    [P_FN_CD2] => 
    [P_FN_NM] => KB국민은행
    [P_AMT] => 3500
    [P_UNAME] => 최윤희
    [P_RMESG1] => P_VACCT_NO=96439078532922|P_EXP_DT=20260416
    [P_RMESG2] => 
    [P_NOTI] => 
    [P_AUTH_NO] => 
)

 Array
(
    [PageCall time] => 18:21:29
    [P_TID] => INIMX_VBNKCAEcatca0720260408182031605826
    [P_MID] => CAEcatca07
    [P_AUTH_DT] => 20260408182129
    [P_STATUS] => 02
    [P_TYPE] => VBANK
    [P_OID] => 260408-030
    [P_FN_CD1] => 11
    [P_FN_CD2] => 
    [P_FN_NM] => NH농협은행
    [P_AMT] => 3500
    [P_UNAME] => 인윤진
    [P_RMESG1] => P_VACCT_NO=79014505933414|P_EXP_DT=20260418
    [P_RMESG2] => 
    [P_NOTI] => 
    [P_AUTH_NO] => 
)

 Array
(
    [PageCall time] => 19:31:32
    [P_TID] => INIMX_VBNKCAEcatca0720260408192844915816
    [P_MID] => CAEcatca07
    [P_AUTH_DT] => 20260408193132
    [P_STATUS] => 02
    [P_TYPE] => VBANK
    [P_OID] => 260408-031
    [P_FN_CD1] => 03
    [P_FN_CD2] => 
    [P_FN_NM] => 기업은행
    [P_AMT] => 3500
    [P_UNAME] => 배선미
    [P_RMESG1] => P_VACCT_NO=07502387797131|P_EXP_DT=20260418
    [P_RMESG2] => 
    [P_NOTI] => 
    [P_AUTH_NO] => 
)

 Array
(
    [PageCall time] => 19:39:19
    [P_TID] => INIMX_VBNKCAEcatca0720260408193701535139
    [P_MID] => CAEcatca07
    [P_AUTH_DT] => 20260408193919
    [P_STATUS] => 02
    [P_TYPE] => VBANK
    [P_OID] => 260408-032
    [P_FN_CD1] => 11
    [P_FN_CD2] => 
    [P_FN_NM] => NH농협은행
    [P_AMT] => 3500
    [P_UNAME] => 황말순
    [P_RMESG1] => P_VACCT_NO=79014505938989|P_EXP_DT=20260418
    [P_RMESG2] => 
    [P_NOTI] => 
    [P_AUTH_NO] => 
)

 Array
(
    [PageCall time] => 19:50:22
    [P_TID] => INIMX_VBNKCAEcatca0720260408194931795438
    [P_MID] => CAEcatca07
    [P_AUTH_DT] => 20260408195022
    [P_STATUS] => 02
    [P_TYPE] => VBANK
    [P_OID] => 260408-033
    [P_FN_CD1] => 11
    [P_FN_CD2] => 
    [P_FN_NM] => NH농협은행
    [P_AMT] => 3500
    [P_UNAME] => 강인혜
    [P_RMESG1] => P_VACCT_NO=79014505939696|P_EXP_DT=20260418
    [P_RMESG2] => 
    [P_NOTI] => 
    [P_AUTH_NO] => 
)

 Array
(
    [PageCall time] => 20:54:47
    [P_TID] => INIMX_VBNKCAEcatca0720260408205420155612
    [P_MID] => CAEcatca07
    [P_AUTH_DT] => 20260408205447
    [P_STATUS] => 02
    [P_TYPE] => VBANK
    [P_OID] => 260408-035
    [P_FN_CD1] => 11
    [P_FN_CD2] => 
    [P_FN_NM] => NH농협은행
    [P_AMT] => 3500
    [P_UNAME] => 안소영
    [P_RMESG1] => P_VACCT_NO=79014505948351|P_EXP_DT=20260418
    [P_RMESG2] => 
    [P_NOTI] => 
    [P_AUTH_NO] => 
)

 Array
(
    [PageCall time] => 21:29:00
    [P_TID] => INIMX_VBNKCAEcatca0720260408212551895075
    [P_MID] => CAEcatca07
    [P_AUTH_DT] => 20260408212900
    [P_STATUS] => 02
    [P_TYPE] => VBANK
    [P_OID] => 260408-036
    [P_FN_CD1] => 04
    [P_FN_CD2] => 
    [P_FN_NM] => KB국민은행
    [P_AMT] => 3500
    [P_UNAME] => 조진만
    [P_RMESG1] => P_VACCT_NO=96439078863673|P_EXP_DT=20260418
    [P_RMESG2] => 
    [P_NOTI] => 
    [P_AUTH_NO] => 
)

 Array
(
    [PageCall time] => 21:47:00
    [P_TID] => INIMX_VBNKCAEcatca0720260408214512745933
    [P_MID] => CAEcatca07
    [P_AUTH_DT] => 20260408214700
    [P_STATUS] => 02
    [P_TYPE] => VBANK
    [P_OID] => 260408-037
    [P_FN_CD1] => 11
    [P_FN_CD2] => 
    [P_FN_NM] => NH농협은행
    [P_AMT] => 3500
    [P_UNAME] => 박준만(헤르메스)
    [P_RMESG1] => P_VACCT_NO=79014505952391|P_EXP_DT=20260418
    [P_RMESG2] => 
    [P_NOTI] => 
    [P_AUTH_NO] => 
)

 Array
(
    [PageCall time] => 21:48:11
    [P_TID] => INIMX_VBNKCAEcatca0720260408214531445009
    [P_MID] => CAEcatca07
    [P_AUTH_DT] => 20260408214811
    [P_STATUS] => 02
    [P_TYPE] => VBANK
    [P_OID] => 260408-038
    [P_FN_CD1] => 04
    [P_FN_CD2] => 
    [P_FN_NM] => KB국민은행
    [P_AMT] => 3500
    [P_UNAME] => 공지연
    [P_RMESG1] => P_VACCT_NO=96439078865495|P_EXP_DT=20260418
    [P_RMESG2] => 
    [P_NOTI] => 
    [P_AUTH_NO] => 
)

 Array
(
    [PageCall time] => 21:57:45
    [P_TID] => INIMX_VBNKCAEcatca0720260408215501215828
    [P_MID] => CAEcatca07
    [P_AUTH_DT] => 20260408215745
    [P_STATUS] => 02
    [P_TYPE] => VBANK
    [P_OID] => 260408-039
    [P_FN_CD1] => 04
    [P_FN_CD2] => 
    [P_FN_NM] => KB국민은행
    [P_AMT] => 3500
    [P_UNAME] => 조홍규
    [P_RMESG1] => P_VACCT_NO=96439078866799|P_EXP_DT=20260418
    [P_RMESG2] => 
    [P_NOTI] => 
    [P_AUTH_NO] => 
)

 Array
(
    [PageCall time] => 22:14:13
    [P_TID] => INIMX_VBNKCAEcatca0720260408221041385541
    [P_MID] => CAEcatca07
    [P_AUTH_DT] => 20260408221413
    [P_STATUS] => 02
    [P_TYPE] => VBANK
    [P_OID] => 260408-040
    [P_FN_CD1] => 23
    [P_FN_CD2] => 
    [P_FN_NM] => SC은행
    [P_AMT] => 3500
    [P_UNAME] => 백진철
    [P_RMESG1] => P_VACCT_NO=46416006183006|P_EXP_DT=20260418
    [P_RMESG2] => 
    [P_NOTI] => 
    [P_AUTH_NO] => 
)

