 Array
(
    [PageCall time] => 09:25:38
    [P_TID] => INIMX_VBNKCAEcatca0720250328165919625401
    [P_MID] => CAEcatca07
    [P_AUTH_DT] => 20250331092538
    [P_STATUS] => 02
    [P_TYPE] => VBANK
    [P_OID] => 250328-022
    [P_FN_CD1] => 89
    [P_FN_CD2] => 
    [P_FN_NM] => 케이뱅크
    [P_AMT] => 3000
    [P_UNAME] => 조대락
    [P_RMESG1] => P_VACCT_NO=70112003202869|P_EXP_DT=20250407
    [P_RMESG2] => 
    [P_NOTI] => 
    [P_AUTH_NO] => 
)

 Array
(
    [PageCall time] => 09:48:34
    [P_TID] => INIMX_VBNKCAEcatca0720250331094035295926
    [P_MID] => CAEcatca07
    [P_AUTH_DT] => 20250331094834
    [P_STATUS] => 02
    [P_TYPE] => VBANK
    [P_OID] => 250331-003
    [P_FN_CD1] => 89
    [P_FN_CD2] => 
    [P_FN_NM] => 케이뱅크
    [P_AMT] => 3000
    [P_UNAME] => 유영화
    [P_RMESG1] => P_VACCT_NO=70112003216961|P_EXP_DT=20250410
    [P_RMESG2] => 
    [P_NOTI] => 
    [P_AUTH_NO] => 
)

 Array
(
    [PageCall time] => 10:15:29
    [P_TID] => INIMX_VBNKCAEcatca0720250331101338775265
    [P_MID] => CAEcatca07
    [P_AUTH_DT] => 20250331101529
    [P_STATUS] => 02
    [P_TYPE] => VBANK
    [P_OID] => 250331-005
    [P_FN_CD1] => 11
    [P_FN_CD2] => 
    [P_FN_NM] => NH농협은행
    [P_AMT] => 3000
    [P_UNAME] => 안길현
    [P_RMESG1] => P_VACCT_NO=79014509135954|P_EXP_DT=20250410
    [P_RMESG2] => 
    [P_NOTI] => 
    [P_AUTH_NO] => 
)

 Array
(
    [PageCall time] => 10:25:37
    [P_TID] => INIMX_VBNKCAEcatca0720250331102248185239
    [P_MID] => CAEcatca07
    [P_AUTH_DT] => 20250331102536
    [P_STATUS] => 02
    [P_TYPE] => VBANK
    [P_OID] => 250331-007
    [P_FN_CD1] => 88
    [P_FN_CD2] => 
    [P_FN_NM] => 신한은행
    [P_AMT] => 3000
    [P_UNAME] => 안서원
    [P_RMESG1] => P_VACCT_NO=56211991877409|P_EXP_DT=20250410
    [P_RMESG2] => 
    [P_NOTI] => 
    [P_AUTH_NO] => 
)

 Array
(
    [PageCall time] => 10:32:42
    [P_TID] => INIMX_VBNKCAEcatca0720250331103132225072
    [P_MID] => CAEcatca07
    [P_AUTH_DT] => 20250331103242
    [P_STATUS] => 02
    [P_TYPE] => VBANK
    [P_OID] => 250331-009
    [P_FN_CD1] => 04
    [P_FN_CD2] => 
    [P_FN_NM] => KB국민은행
    [P_AMT] => 3000
    [P_UNAME] => 김종률
    [P_RMESG1] => P_VACCT_NO=26119078961609|P_EXP_DT=20250410
    [P_RMESG2] => 
    [P_NOTI] => 
    [P_AUTH_NO] => 
)

 Array
(
    [PageCall time] => 11:56:51
    [P_TID] => INIMX_VBNKCAEcatca0720250331115616885195
    [P_MID] => CAEcatca07
    [P_AUTH_DT] => 20250331115651
    [P_STATUS] => 02
    [P_TYPE] => VBANK
    [P_OID] => 250331-018
    [P_FN_CD1] => 04
    [P_FN_CD2] => 
    [P_FN_NM] => KB국민은행
    [P_AMT] => 3000
    [P_UNAME] => 박준연
    [P_RMESG1] => P_VACCT_NO=26159078040845|P_EXP_DT=20250410
    [P_RMESG2] => 
    [P_NOTI] => 
    [P_AUTH_NO] => 
)

 Array
(
    [PageCall time] => 12:00:47
    [P_TID] => INIMX_VBNKCAEcatca0720250331115256615476
    [P_MID] => CAEcatca07
    [P_AUTH_DT] => 20250331120047
    [P_STATUS] => 02
    [P_TYPE] => VBANK
    [P_OID] => 250331-017
    [P_FN_CD1] => 03
    [P_FN_CD2] => 
    [P_FN_NM] => 기업은행
    [P_AMT] => 3000
    [P_UNAME] => 최정아
    [P_RMESG1] => P_VACCT_NO=07503175497298|P_EXP_DT=20250410
    [P_RMESG2] => 
    [P_NOTI] => 
    [P_AUTH_NO] => 
)

 Array
(
    [PageCall time] => 12:02:31
    [P_TID] => INIMX_VBNKCAEcatca0720250331115715545177
    [P_MID] => CAEcatca07
    [P_AUTH_DT] => 20250331120231
    [P_STATUS] => 02
    [P_TYPE] => VBANK
    [P_OID] => 250331-008
    [P_FN_CD1] => 11
    [P_FN_CD2] => 
    [P_FN_NM] => NH농협은행
    [P_AMT] => 3000
    [P_UNAME] => 김삼주
    [P_RMESG1] => P_VACCT_NO=79014509155023|P_EXP_DT=20250410
    [P_RMESG2] => 
    [P_NOTI] => 
    [P_AUTH_NO] => 
)

 Array
(
    [PageCall time] => 12:05:27
    [P_TID] => INIMX_VBNKCAEcatca0720250331120239885159
    [P_MID] => CAEcatca07
    [P_AUTH_DT] => 20250331120527
    [P_STATUS] => 02
    [P_TYPE] => VBANK
    [P_OID] => 250331-016
    [P_FN_CD1] => 88
    [P_FN_CD2] => 
    [P_FN_NM] => 신한은행
    [P_AMT] => 3000
    [P_UNAME] => 신영주
    [P_RMESG1] => P_VACCT_NO=56211991889842|P_EXP_DT=20250410
    [P_RMESG2] => 
    [P_NOTI] => 
    [P_AUTH_NO] => 
)

 Array
(
    [PageCall time] => 12:27:17
    [P_TID] => INIMX_VBNKCAEcatca0720250331122617525674
    [P_MID] => CAEcatca07
    [P_AUTH_DT] => 20250331122717
    [P_STATUS] => 02
    [P_TYPE] => VBANK
    [P_OID] => 250331-019
    [P_FN_CD1] => 11
    [P_FN_CD2] => 
    [P_FN_NM] => NH농협은행
    [P_AMT] => 3000
    [P_UNAME] => 문정식
    [P_RMESG1] => P_VACCT_NO=79014509159170|P_EXP_DT=20250410
    [P_RMESG2] => 
    [P_NOTI] => 
    [P_AUTH_NO] => 
)

 Array
(
    [PageCall time] => 13:35:10
    [P_TID] => INIMX_VBNKCAEcatca0720250331131259215497
    [P_MID] => CAEcatca07
    [P_AUTH_DT] => 20250331133510
    [P_STATUS] => 02
    [P_TYPE] => VBANK
    [P_OID] => 250324-003
    [P_FN_CD1] => 81
    [P_FN_CD2] => 
    [P_FN_NM] => 하나은행
    [P_AMT] => 3000
    [P_UNAME] => 더센트럴휘트니스
    [P_RMESG1] => P_VACCT_NO=20894277098937|P_EXP_DT=20250410
    [P_RMESG2] => 
    [P_NOTI] => 
    [P_AUTH_NO] => 
)

 Array
(
    [PageCall time] => 14:32:09
    [P_TID] => INIMX_VBNKCAEcatca0720250331142945345730
    [P_MID] => CAEcatca07
    [P_AUTH_DT] => 20250331143209
    [P_STATUS] => 02
    [P_TYPE] => VBANK
    [P_OID] => 250331-024
    [P_FN_CD1] => 89
    [P_FN_CD2] => 
    [P_FN_NM] => 케이뱅크
    [P_AMT] => 3000
    [P_UNAME] => 최리아
    [P_RMESG1] => P_VACCT_NO=70112003219950|P_EXP_DT=20250410
    [P_RMESG2] => 
    [P_NOTI] => 
    [P_AUTH_NO] => 
)

 Array
(
    [PageCall time] => 14:41:44
    [P_TID] => INIMX_VBNKCAEcatca0720250331143717205490
    [P_MID] => CAEcatca07
    [P_AUTH_DT] => 20250331144144
    [P_STATUS] => 02
    [P_TYPE] => VBANK
    [P_OID] => 250331-020
    [P_FN_CD1] => 88
    [P_FN_CD2] => 
    [P_FN_NM] => 신한은행
    [P_AMT] => 3000
    [P_UNAME] => 민승배
    [P_RMESG1] => P_VACCT_NO=56211991910897|P_EXP_DT=20250410
    [P_RMESG2] => 
    [P_NOTI] => 
    [P_AUTH_NO] => 
)

 Array
(
    [PageCall time] => 14:42:12
    [P_TID] => INIMX_VBNKCAEcatca0720250331144114445218
    [P_MID] => CAEcatca07
    [P_AUTH_DT] => 20250331144212
    [P_STATUS] => 02
    [P_TYPE] => VBANK
    [P_OID] => 250331-026
    [P_FN_CD1] => 04
    [P_FN_CD2] => 
    [P_FN_NM] => KB국민은행
    [P_AMT] => 3000
    [P_UNAME] => 윤동순
    [P_RMESG1] => P_VACCT_NO=45259012277849|P_EXP_DT=20250410
    [P_RMESG2] => 
    [P_NOTI] => 
    [P_AUTH_NO] => 
)

 Array
(
    [PageCall time] => 14:53:58
    [P_TID] => INIMX_VBNKCAEcatca0720250331145044815412
    [P_MID] => CAEcatca07
    [P_AUTH_DT] => 20250331145358
    [P_STATUS] => 02
    [P_TYPE] => VBANK
    [P_OID] => 250331-027
    [P_FN_CD1] => 20
    [P_FN_CD2] => 
    [P_FN_NM] => 우리은행
    [P_AMT] => 3000
    [P_UNAME] => 유정헌
    [P_RMESG1] => P_VACCT_NO=27388527118621|P_EXP_DT=20250410
    [P_RMESG2] => 
    [P_NOTI] => 
    [P_AUTH_NO] => 
)

 Array
(
    [PageCall time] => 15:19:41
    [P_TID] => INIMX_VBNKCAEcatca0720250331151621205442
    [P_MID] => CAEcatca07
    [P_AUTH_DT] => 20250331151941
    [P_STATUS] => 02
    [P_TYPE] => VBANK
    [P_OID] => 250331-029
    [P_FN_CD1] => 03
    [P_FN_CD2] => 
    [P_FN_NM] => 기업은행
    [P_AMT] => 3000
    [P_UNAME] => 장춘화
    [P_RMESG1] => P_VACCT_NO=07503177597297|P_EXP_DT=20250410
    [P_RMESG2] => 
    [P_NOTI] => 
    [P_AUTH_NO] => 
)

 Array
(
    [PageCall time] => 16:03:39
    [P_TID] => INIMX_VBNKCAEcatca0720250331160239695660
    [P_MID] => CAEcatca07
    [P_AUTH_DT] => 20250331160339
    [P_STATUS] => 02
    [P_TYPE] => VBANK
    [P_OID] => 250331-030
    [P_FN_CD1] => 11
    [P_FN_CD2] => 
    [P_FN_NM] => NH농협은행
    [P_AMT] => 3000
    [P_UNAME] => 이지홍
    [P_RMESG1] => P_VACCT_NO=79014509198514|P_EXP_DT=20250410
    [P_RMESG2] => 
    [P_NOTI] => 
    [P_AUTH_NO] => 
)

 Array
(
    [PageCall time] => 16:07:29
    [P_TID] => INIMX_VBNKCAEcatca0720250331160253995029
    [P_MID] => CAEcatca07
    [P_AUTH_DT] => 20250331160729
    [P_STATUS] => 02
    [P_TYPE] => VBANK
    [P_OID] => 250331-021
    [P_FN_CD1] => 81
    [P_FN_CD2] => 
    [P_FN_NM] => 하나은행
    [P_AMT] => 3000
    [P_UNAME] => 전효선
    [P_RMESG1] => P_VACCT_NO=20894291572437|P_EXP_DT=20250410
    [P_RMESG2] => 
    [P_NOTI] => 
    [P_AUTH_NO] => 
)

 Array
(
    [PageCall time] => 16:20:16
    [P_TID] => INIMX_VBNKCAEcatca0720250331161808444822
    [P_MID] => CAEcatca07
    [P_AUTH_DT] => 20250331162016
    [P_STATUS] => 02
    [P_TYPE] => VBANK
    [P_OID] => 250331-032
    [P_FN_CD1] => 11
    [P_FN_CD2] => 
    [P_FN_NM] => NH농협은행
    [P_AMT] => 3000
    [P_UNAME] => 이동원
    [P_RMESG1] => P_VACCT_NO=01444664527821|P_EXP_DT=20250410
    [P_RMESG2] => 
    [P_NOTI] => 
    [P_AUTH_NO] => 
)

 Array
(
    [PageCall time] => 16:23:36
    [P_TID] => INIMX_VBNKCAEcatca0720250331162232954241
    [P_MID] => CAEcatca07
    [P_AUTH_DT] => 20250331162336
    [P_STATUS] => 02
    [P_TYPE] => VBANK
    [P_OID] => 250331-031
    [P_FN_CD1] => 11
    [P_FN_CD2] => 
    [P_FN_NM] => NH농협은행
    [P_AMT] => 3000
    [P_UNAME] => 강정민
    [P_RMESG1] => P_VACCT_NO=01444664529274|P_EXP_DT=20250410
    [P_RMESG2] => 
    [P_NOTI] => 
    [P_AUTH_NO] => 
)

 Array
(
    [PageCall time] => 16:45:11
    [P_TID] => INIMX_VBNKCAEcatca0720250331164207364752
    [P_MID] => CAEcatca07
    [P_AUTH_DT] => 20250331164511
    [P_STATUS] => 02
    [P_TYPE] => VBANK
    [P_OID] => 250330-014
    [P_FN_CD1] => 88
    [P_FN_CD2] => 
    [P_FN_NM] => 신한은행
    [P_AMT] => 3000
    [P_UNAME] => 김경우
    [P_RMESG1] => P_VACCT_NO=56211111454671|P_EXP_DT=20250410
    [P_RMESG2] => 
    [P_NOTI] => 
    [P_AUTH_NO] => 
)

 Array
(
    [PageCall time] => 16:45:40
    [P_TID] => INIMX_VBNKCAEcatca0720250331164142874968
    [P_MID] => CAEcatca07
    [P_AUTH_DT] => 20250331164540
    [P_STATUS] => 02
    [P_TYPE] => VBANK
    [P_OID] => 250331-034
    [P_FN_CD1] => 81
    [P_FN_CD2] => 
    [P_FN_NM] => 하나은행
    [P_AMT] => 3000
    [P_UNAME] => 오탁헌
    [P_RMESG1] => P_VACCT_NO=58390875907237|P_EXP_DT=20250410
    [P_RMESG2] => 
    [P_NOTI] => 
    [P_AUTH_NO] => 
)

 Array
(
    [PageCall time] => 20:21:06
    [P_TID] => INIMX_VBNKCAEcatca0720250331202031245841
    [P_MID] => CAEcatca07
    [P_AUTH_DT] => 20250331202106
    [P_STATUS] => 02
    [P_TYPE] => VBANK
    [P_OID] => 250331-036
    [P_FN_CD1] => 04
    [P_FN_CD2] => 
    [P_FN_NM] => KB국민은행
    [P_AMT] => 3000
    [P_UNAME] => 박아영
    [P_RMESG1] => P_VACCT_NO=45389012840880|P_EXP_DT=20250410
    [P_RMESG2] => 
    [P_NOTI] => 
    [P_AUTH_NO] => 
)

 Array
(
    [PageCall time] => 20:37:57
    [P_TID] => INIMX_VBNKCAEcatca0720250331203625445267
    [P_MID] => CAEcatca07
    [P_AUTH_DT] => 20250331203757
    [P_STATUS] => 02
    [P_TYPE] => VBANK
    [P_OID] => 250331-039
    [P_FN_CD1] => 11
    [P_FN_CD2] => 
    [P_FN_NM] => NH농협은행
    [P_AMT] => 3000
    [P_UNAME] => 전정혜
    [P_RMESG1] => P_VACCT_NO=79014509234695|P_EXP_DT=20250410
    [P_RMESG2] => 
    [P_NOTI] => 
    [P_AUTH_NO] => 
)

 Array
(
    [PageCall time] => 21:01:10
    [P_TID] => INIMX_VBNKCAEcatca0720250331205924895578
    [P_MID] => CAEcatca07
    [P_AUTH_DT] => 20250331210110
    [P_STATUS] => 02
    [P_TYPE] => VBANK
    [P_OID] => 250331-040
    [P_FN_CD1] => 04
    [P_FN_CD2] => 
    [P_FN_NM] => KB국민은행
    [P_AMT] => 3000
    [P_UNAME] => 박승재
    [P_RMESG1] => P_VACCT_NO=45389012916501|P_EXP_DT=20250410
    [P_RMESG2] => 
    [P_NOTI] => 
    [P_AUTH_NO] => 
)

 Array
(
    [PageCall time] => 21:12:24
    [P_TID] => INIMX_VBNKCAEcatca0720250331211049905467
    [P_MID] => CAEcatca07
    [P_AUTH_DT] => 20250331211224
    [P_STATUS] => 02
    [P_TYPE] => VBANK
    [P_OID] => 250331-041
    [P_FN_CD1] => 71
    [P_FN_CD2] => 
    [P_FN_NM] => 우체국
    [P_AMT] => 3000
    [P_UNAME] => 이효예
    [P_RMESG1] => P_VACCT_NO=01397981907602|P_EXP_DT=20250410
    [P_RMESG2] => 
    [P_NOTI] => 
    [P_AUTH_NO] => 
)

