 Array
(
    [PageCall time] => 00:47:57
    [P_TID] => INIMX_VBNKCAEcatca0720260113004508775824
    [P_MID] => CAEcatca07
    [P_AUTH_DT] => 20260113004756
    [P_STATUS] => 02
    [P_TYPE] => VBANK
    [P_OID] => 260113-001
    [P_FN_CD1] => 81
    [P_FN_CD2] => 
    [P_FN_NM] => 하나은행
    [P_AMT] => 3500
    [P_UNAME] => 김은정
    [P_RMESG1] => P_VACCT_NO=20893911155137|P_EXP_DT=20260123
    [P_RMESG2] => 
    [P_NOTI] => 
    [P_AUTH_NO] => 
)

 Array
(
    [PageCall time] => 10:12:01
    [P_TID] => INIMX_VBNKCAEcatca0720260113100930255578
    [P_MID] => CAEcatca07
    [P_AUTH_DT] => 20260113101200
    [P_STATUS] => 02
    [P_TYPE] => VBANK
    [P_OID] => 260113-002
    [P_FN_CD1] => 04
    [P_FN_CD2] => 
    [P_FN_NM] => KB국민은행
    [P_AMT] => 3500
    [P_UNAME] => 왕상석
    [P_RMESG1] => P_VACCT_NO=26159078093416|P_EXP_DT=20260123
    [P_RMESG2] => 
    [P_NOTI] => 
    [P_AUTH_NO] => 
)

 Array
(
    [PageCall time] => 10:29:46
    [P_TID] => INIMX_VBNKCAEcatca0720260113102636975755
    [P_MID] => CAEcatca07
    [P_AUTH_DT] => 20260113102945
    [P_STATUS] => 02
    [P_TYPE] => VBANK
    [P_OID] => 260113-004
    [P_FN_CD1] => 32
    [P_FN_CD2] => 
    [P_FN_NM] => 부산은행
    [P_AMT] => 3500
    [P_UNAME] => 윤미림
    [P_RMESG1] => P_VACCT_NO=109924530507|P_EXP_DT=20260123
    [P_RMESG2] => 
    [P_NOTI] => 
    [P_AUTH_NO] => 
)

 Array
(
    [PageCall time] => 10:32:43
    [P_TID] => INIMX_VBNKCAEcatca0720260113102905785119
    [P_MID] => CAEcatca07
    [P_AUTH_DT] => 20260113103243
    [P_STATUS] => 02
    [P_TYPE] => VBANK
    [P_OID] => 260113-005
    [P_FN_CD1] => 88
    [P_FN_CD2] => 
    [P_FN_NM] => 신한은행
    [P_AMT] => 3500
    [P_UNAME] => 지주원
    [P_RMESG1] => P_VACCT_NO=56213170691241|P_EXP_DT=20260123
    [P_RMESG2] => 
    [P_NOTI] => 
    [P_AUTH_NO] => 
)

 Array
(
    [PageCall time] => 10:40:24
    [P_TID] => INIMX_VBNKCAEcatca0720260113103726465412
    [P_MID] => CAEcatca07
    [P_AUTH_DT] => 20260113104024
    [P_STATUS] => 02
    [P_TYPE] => VBANK
    [P_OID] => 260112-034
    [P_FN_CD1] => 03
    [P_FN_CD2] => 
    [P_FN_NM] => 기업은행
    [P_AMT] => 3500
    [P_UNAME] => 임선아
    [P_RMESG1] => P_VACCT_NO=07500687197202|P_EXP_DT=20260123
    [P_RMESG2] => 
    [P_NOTI] => 
    [P_AUTH_NO] => 
)

 Array
(
    [PageCall time] => 10:43:06
    [P_TID] => INIMX_VBNKCAEcatca0720260113103736235663
    [P_MID] => CAEcatca07
    [P_AUTH_DT] => 20260113104306
    [P_STATUS] => 02
    [P_TYPE] => VBANK
    [P_OID] => 260113-008
    [P_FN_CD1] => 81
    [P_FN_CD2] => 
    [P_FN_NM] => 하나은행
    [P_AMT] => 3500
    [P_UNAME] => 양연수(더마트스크린골프)
    [P_RMESG1] => P_VACCT_NO=20893913167937|P_EXP_DT=20260123
    [P_RMESG2] => 
    [P_NOTI] => 
    [P_AUTH_NO] => 
)

 Array
(
    [PageCall time] => 11:47:04
    [P_TID] => INIMX_VBNKCAEcatca0720260113114315785818
    [P_MID] => CAEcatca07
    [P_AUTH_DT] => 20260113114704
    [P_STATUS] => 02
    [P_TYPE] => VBANK
    [P_OID] => 260113-012
    [P_FN_CD1] => 88
    [P_FN_CD2] => 
    [P_FN_NM] => 신한은행
    [P_AMT] => 3500
    [P_UNAME] => 강경은
    [P_RMESG1] => P_VACCT_NO=56213170700915|P_EXP_DT=20260123
    [P_RMESG2] => 
    [P_NOTI] => 
    [P_AUTH_NO] => 
)

 Array
(
    [PageCall time] => 12:25:27
    [P_TID] => INIMX_VBNKCAEcatca0720260113122054525090
    [P_MID] => CAEcatca07
    [P_AUTH_DT] => 20260113122527
    [P_STATUS] => 02
    [P_TYPE] => VBANK
    [P_OID] => 260113-013
    [P_FN_CD1] => 88
    [P_FN_CD2] => 
    [P_FN_NM] => 신한은행
    [P_AMT] => 3500
    [P_UNAME] => 이수정
    [P_RMESG1] => P_VACCT_NO=56213170703100|P_EXP_DT=20260123
    [P_RMESG2] => 
    [P_NOTI] => 
    [P_AUTH_NO] => 
)

 Array
(
    [PageCall time] => 13:04:52
    [P_TID] => INIMX_VBNKCAEcatca0720260113130222175087
    [P_MID] => CAEcatca07
    [P_AUTH_DT] => 20260113130452
    [P_STATUS] => 02
    [P_TYPE] => VBANK
    [P_OID] => 260113-014
    [P_FN_CD1] => 88
    [P_FN_CD2] => 
    [P_FN_NM] => 신한은행
    [P_AMT] => 3500
    [P_UNAME] => 방지현
    [P_RMESG1] => P_VACCT_NO=56213170708264|P_EXP_DT=20260123
    [P_RMESG2] => 
    [P_NOTI] => 
    [P_AUTH_NO] => 
)

 Array
(
    [PageCall time] => 13:17:23
    [P_TID] => INIMX_VBNKCAEcatca0720260113131456605136
    [P_MID] => CAEcatca07
    [P_AUTH_DT] => 20260113131723
    [P_STATUS] => 02
    [P_TYPE] => VBANK
    [P_OID] => 260113-016
    [P_FN_CD1] => 11
    [P_FN_CD2] => 
    [P_FN_NM] => NH농협은행
    [P_AMT] => 3500
    [P_UNAME] => 최서진
    [P_RMESG1] => P_VACCT_NO=79010590985611|P_EXP_DT=20260123
    [P_RMESG2] => 
    [P_NOTI] => 
    [P_AUTH_NO] => 
)

 Array
(
    [PageCall time] => 13:22:11
    [P_TID] => INIMX_VBNKCAEcatca0720260113131914845351
    [P_MID] => CAEcatca07
    [P_AUTH_DT] => 20260113132211
    [P_STATUS] => 02
    [P_TYPE] => VBANK
    [P_OID] => 260113-017
    [P_FN_CD1] => 03
    [P_FN_CD2] => 
    [P_FN_NM] => 기업은행
    [P_AMT] => 3500
    [P_UNAME] => 백혜정
    [P_RMESG1] => P_VACCT_NO=07502260897633|P_EXP_DT=20260123
    [P_RMESG2] => 
    [P_NOTI] => 
    [P_AUTH_NO] => 
)

 Array
(
    [PageCall time] => 13:59:16
    [P_TID] => INIMX_VBNKCAEcatca0720260113135640295900
    [P_MID] => CAEcatca07
    [P_AUTH_DT] => 20260113135916
    [P_STATUS] => 02
    [P_TYPE] => VBANK
    [P_OID] => 260113-020
    [P_FN_CD1] => 03
    [P_FN_CD2] => 
    [P_FN_NM] => 기업은행
    [P_AMT] => 3500
    [P_UNAME] => 반경수
    [P_RMESG1] => P_VACCT_NO=07502261497332|P_EXP_DT=20260123
    [P_RMESG2] => 
    [P_NOTI] => 
    [P_AUTH_NO] => 
)

 Array
(
    [PageCall time] => 14:07:26
    [P_TID] => INIMX_VBNKCAEcatca0720260113140137985028
    [P_MID] => CAEcatca07
    [P_AUTH_DT] => 20260113140726
    [P_STATUS] => 02
    [P_TYPE] => VBANK
    [P_OID] => 260113-023
    [P_FN_CD1] => 11
    [P_FN_CD2] => 
    [P_FN_NM] => NH농협은행
    [P_AMT] => 3500
    [P_UNAME] => 김광진
    [P_RMESG1] => P_VACCT_NO=79010590995150|P_EXP_DT=20260123
    [P_RMESG2] => 
    [P_NOTI] => 
    [P_AUTH_NO] => 
)

 Array
(
    [PageCall time] => 14:12:39
    [P_TID] => INIMX_VBNKCAEcatca0720260113141121665689
    [P_MID] => CAEcatca07
    [P_AUTH_DT] => 20260113141239
    [P_STATUS] => 02
    [P_TYPE] => VBANK
    [P_OID] => 260113-024
    [P_FN_CD1] => 11
    [P_FN_CD2] => 
    [P_FN_NM] => NH농협은행
    [P_AMT] => 3500
    [P_UNAME] => 김정희
    [P_RMESG1] => P_VACCT_NO=79010590996852|P_EXP_DT=20260123
    [P_RMESG2] => 
    [P_NOTI] => 
    [P_AUTH_NO] => 
)

 Array
(
    [PageCall time] => 14:27:25
    [P_TID] => INIMX_VBNKCAEcatca0720260113142232355548
    [P_MID] => CAEcatca07
    [P_AUTH_DT] => 20260113142725
    [P_STATUS] => 02
    [P_TYPE] => VBANK
    [P_OID] => 260113-025
    [P_FN_CD1] => 11
    [P_FN_CD2] => 
    [P_FN_NM] => NH농협은행
    [P_AMT] => 3500
    [P_UNAME] => 김동선
    [P_RMESG1] => P_VACCT_NO=79010591000316|P_EXP_DT=20260123
    [P_RMESG2] => 
    [P_NOTI] => 
    [P_AUTH_NO] => 
)

 Array
(
    [PageCall time] => 14:44:31
    [P_TID] => INIMX_VBNKCAEcatca0720260113144111505213
    [P_MID] => CAEcatca07
    [P_AUTH_DT] => 20260113144431
    [P_STATUS] => 02
    [P_TYPE] => VBANK
    [P_OID] => 260113-026
    [P_FN_CD1] => 04
    [P_FN_CD2] => 
    [P_FN_NM] => KB국민은행
    [P_AMT] => 3500
    [P_UNAME] => 이은수
    [P_RMESG1] => P_VACCT_NO=60539014550690|P_EXP_DT=20260123
    [P_RMESG2] => 
    [P_NOTI] => 
    [P_AUTH_NO] => 
)

 Array
(
    [PageCall time] => 14:55:31
    [P_TID] => INIMX_VBNKCAEcatca0720260113145424515968
    [P_MID] => CAEcatca07
    [P_AUTH_DT] => 20260113145531
    [P_STATUS] => 02
    [P_TYPE] => VBANK
    [P_OID] => 260113-028
    [P_FN_CD1] => 11
    [P_FN_CD2] => 
    [P_FN_NM] => NH농협은행
    [P_AMT] => 3500
    [P_UNAME] => 이장원
    [P_RMESG1] => P_VACCT_NO=79010591006045|P_EXP_DT=20260123
    [P_RMESG2] => 
    [P_NOTI] => 
    [P_AUTH_NO] => 
)

 Array
(
    [PageCall time] => 15:02:36
    [P_TID] => INIMX_VBNKCAEcatca0720260113150004335796
    [P_MID] => CAEcatca07
    [P_AUTH_DT] => 20260113150236
    [P_STATUS] => 02
    [P_TYPE] => VBANK
    [P_OID] => 260113-021
    [P_FN_CD1] => 88
    [P_FN_CD2] => 
    [P_FN_NM] => 신한은행
    [P_AMT] => 3500
    [P_UNAME] => 고성의
    [P_RMESG1] => P_VACCT_NO=56213170721180|P_EXP_DT=20260123
    [P_RMESG2] => 
    [P_NOTI] => 
    [P_AUTH_NO] => 
)

 Array
(
    [PageCall time] => 15:27:39
    [P_TID] => INIMX_VBNKCAEcatca0720260113152452525173
    [P_MID] => CAEcatca07
    [P_AUTH_DT] => 20260113152739
    [P_STATUS] => 02
    [P_TYPE] => VBANK
    [P_OID] => 260113-032
    [P_FN_CD1] => 03
    [P_FN_CD2] => 
    [P_FN_NM] => 기업은행
    [P_AMT] => 3500
    [P_UNAME] => 장상미
    [P_RMESG1] => P_VACCT_NO=07502262897921|P_EXP_DT=20260123
    [P_RMESG2] => 
    [P_NOTI] => 
    [P_AUTH_NO] => 
)

 Array
(
    [PageCall time] => 15:32:19
    [P_TID] => INIMX_VBNKCAEcatca0720260113152931375164
    [P_MID] => CAEcatca07
    [P_AUTH_DT] => 20260113153219
    [P_STATUS] => 02
    [P_TYPE] => VBANK
    [P_OID] => 260113-033
    [P_FN_CD1] => 03
    [P_FN_CD2] => 
    [P_FN_NM] => 기업은행
    [P_AMT] => 3500
    [P_UNAME] => 구자영
    [P_RMESG1] => P_VACCT_NO=07502262997582|P_EXP_DT=20260123
    [P_RMESG2] => 
    [P_NOTI] => 
    [P_AUTH_NO] => 
)

 Array
(
    [PageCall time] => 15:53:36
    [P_TID] => INIMX_VBNKCAEcatca0720260113155027385129
    [P_MID] => CAEcatca07
    [P_AUTH_DT] => 20260113155336
    [P_STATUS] => 02
    [P_TYPE] => VBANK
    [P_OID] => 260113-034
    [P_FN_CD1] => 03
    [P_FN_CD2] => 
    [P_FN_NM] => 기업은행
    [P_AMT] => 3500
    [P_UNAME] => 박서연
    [P_RMESG1] => P_VACCT_NO=07502263297420|P_EXP_DT=20260123
    [P_RMESG2] => 
    [P_NOTI] => 
    [P_AUTH_NO] => 
)

 Array
(
    [PageCall time] => 16:17:36
    [P_TID] => INIMX_VBNKCAEcatca0720260113161440585760
    [P_MID] => CAEcatca07
    [P_AUTH_DT] => 20260113161736
    [P_STATUS] => 02
    [P_TYPE] => VBANK
    [P_OID] => 260113-035
    [P_FN_CD1] => 81
    [P_FN_CD2] => 
    [P_FN_NM] => 하나은행
    [P_AMT] => 3500
    [P_UNAME] => 김정연
    [P_RMESG1] => P_VACCT_NO=20893916443437|P_EXP_DT=20260123
    [P_RMESG2] => 
    [P_NOTI] => 
    [P_AUTH_NO] => 
)

 Array
(
    [PageCall time] => 16:17:39
    [P_TID] => INIMX_VBNKCAEcatca0720260113161448835405
    [P_MID] => CAEcatca07
    [P_AUTH_DT] => 20260113161739
    [P_STATUS] => 02
    [P_TYPE] => VBANK
    [P_OID] => 260113-037
    [P_FN_CD1] => 20
    [P_FN_CD2] => 
    [P_FN_NM] => 우리은행
    [P_AMT] => 3500
    [P_UNAME] => 송주희
    [P_RMESG1] => P_VACCT_NO=27489387018011|P_EXP_DT=20260123
    [P_RMESG2] => 
    [P_NOTI] => 
    [P_AUTH_NO] => 
)

 Array
(
    [PageCall time] => 16:39:11
    [P_TID] => INIMX_VBNKCAEcatca0720260113163812595466
    [P_MID] => CAEcatca07
    [P_AUTH_DT] => 20260113163911
    [P_STATUS] => 02
    [P_TYPE] => VBANK
    [P_OID] => 260113-043
    [P_FN_CD1] => 11
    [P_FN_CD2] => 
    [P_FN_NM] => NH농협은행
    [P_AMT] => 3500
    [P_UNAME] => 김경수
    [P_RMESG1] => P_VACCT_NO=79010591023407|P_EXP_DT=20260123
    [P_RMESG2] => 
    [P_NOTI] => 
    [P_AUTH_NO] => 
)

 Array
(
    [PageCall time] => 16:39:44
    [P_TID] => INIMX_VBNKCAEcatca0720260113163711105851
    [P_MID] => CAEcatca07
    [P_AUTH_DT] => 20260113163944
    [P_STATUS] => 02
    [P_TYPE] => VBANK
    [P_OID] => 260113-042
    [P_FN_CD1] => 04
    [P_FN_CD2] => 
    [P_FN_NM] => KB국민은행
    [P_AMT] => 3500
    [P_UNAME] => 이현주
    [P_RMESG1] => P_VACCT_NO=60539014569881|P_EXP_DT=20260123
    [P_RMESG2] => 
    [P_NOTI] => 
    [P_AUTH_NO] => 
)

 Array
(
    [PageCall time] => 16:55:48
    [P_TID] => INIMX_VBNKCAEcatca0720260113165205925560
    [P_MID] => CAEcatca07
    [P_AUTH_DT] => 20260113165547
    [P_STATUS] => 02
    [P_TYPE] => VBANK
    [P_OID] => 260113-045
    [P_FN_CD1] => 39
    [P_FN_CD2] => 
    [P_FN_NM] => 경남은행
    [P_AMT] => 3500
    [P_UNAME] => 김선주
    [P_RMESG1] => P_VACCT_NO=573193432459|P_EXP_DT=20260123
    [P_RMESG2] => 
    [P_NOTI] => 
    [P_AUTH_NO] => 
)

 Array
(
    [PageCall time] => 17:02:00
    [P_TID] => INIMX_VBNKCAEcatca0720260113170122545259
    [P_MID] => CAEcatca07
    [P_AUTH_DT] => 20260113170200
    [P_STATUS] => 02
    [P_TYPE] => VBANK
    [P_OID] => 260113-047
    [P_FN_CD1] => 11
    [P_FN_CD2] => 
    [P_FN_NM] => NH농협은행
    [P_AMT] => 3500
    [P_UNAME] => 전아랑
    [P_RMESG1] => P_VACCT_NO=79010591027383|P_EXP_DT=20260123
    [P_RMESG2] => 
    [P_NOTI] => 
    [P_AUTH_NO] => 
)

 Array
(
    [PageCall time] => 17:05:41
    [P_TID] => INIMX_VBNKCAEcatca0720260113165222695091
    [P_MID] => CAEcatca07
    [P_AUTH_DT] => 20260113170541
    [P_STATUS] => 02
    [P_TYPE] => VBANK
    [P_OID] => 260113-044
    [P_FN_CD1] => 04
    [P_FN_CD2] => 
    [P_FN_NM] => KB국민은행
    [P_AMT] => 3500
    [P_UNAME] => 기종원
    [P_RMESG1] => P_VACCT_NO=60539014571888|P_EXP_DT=20260123
    [P_RMESG2] => 
    [P_NOTI] => 
    [P_AUTH_NO] => 
)

 Array
(
    [PageCall time] => 17:07:20
    [P_TID] => INIMX_VBNKCAEcatca0720260113170431805982
    [P_MID] => CAEcatca07
    [P_AUTH_DT] => 20260113170720
    [P_STATUS] => 02
    [P_TYPE] => VBANK
    [P_OID] => 260113-048
    [P_FN_CD1] => 04
    [P_FN_CD2] => 
    [P_FN_NM] => KB국민은행
    [P_AMT] => 3500
    [P_UNAME] => 이용길
    [P_RMESG1] => P_VACCT_NO=60539014573796|P_EXP_DT=20260123
    [P_RMESG2] => 
    [P_NOTI] => 
    [P_AUTH_NO] => 
)

 Array
(
    [PageCall time] => 17:20:11
    [P_TID] => INIMX_VBNKCAEcatca0720260113171717365141
    [P_MID] => CAEcatca07
    [P_AUTH_DT] => 20260113172011
    [P_STATUS] => 02
    [P_TYPE] => VBANK
    [P_OID] => 260113-049
    [P_FN_CD1] => 88
    [P_FN_CD2] => 
    [P_FN_NM] => 신한은행
    [P_AMT] => 3500
    [P_UNAME] => 박진향
    [P_RMESG1] => P_VACCT_NO=56213170738773|P_EXP_DT=20260123
    [P_RMESG2] => 
    [P_NOTI] => 
    [P_AUTH_NO] => 
)

 Array
(
    [PageCall time] => 18:03:02
    [P_TID] => INIMX_VBNKCAEcatca0720260113175900135768
    [P_MID] => CAEcatca07
    [P_AUTH_DT] => 20260113180302
    [P_STATUS] => 02
    [P_TYPE] => VBANK
    [P_OID] => 260113-053
    [P_FN_CD1] => 81
    [P_FN_CD2] => 
    [P_FN_NM] => 하나은행
    [P_AMT] => 3500
    [P_UNAME] => 엄예림
    [P_RMESG1] => P_VACCT_NO=20893916980537|P_EXP_DT=20260123
    [P_RMESG2] => 
    [P_NOTI] => 
    [P_AUTH_NO] => 
)

 Array
(
    [PageCall time] => 19:01:46
    [P_TID] => INIMX_VBNKCAEcatca0720260113185648505338
    [P_MID] => CAEcatca07
    [P_AUTH_DT] => 20260113190146
    [P_STATUS] => 02
    [P_TYPE] => VBANK
    [P_OID] => 260113-054
    [P_FN_CD1] => 20
    [P_FN_CD2] => 
    [P_FN_NM] => 우리은행
    [P_AMT] => 3500
    [P_UNAME] => 조채구
    [P_RMESG1] => P_VACCT_NO=27489394418974|P_EXP_DT=20260123
    [P_RMESG2] => 
    [P_NOTI] => 
    [P_AUTH_NO] => 
)

 Array
(
    [PageCall time] => 21:21:21
    [P_TID] => INIMX_VBNKCAEcatca0720260113211553845843
    [P_MID] => CAEcatca07
    [P_AUTH_DT] => 20260113212121
    [P_STATUS] => 02
    [P_TYPE] => VBANK
    [P_OID] => 260113-036
    [P_FN_CD1] => 04
    [P_FN_CD2] => 
    [P_FN_NM] => KB국민은행
    [P_AMT] => 3500
    [P_UNAME] => 조성옥
    [P_RMESG1] => P_VACCT_NO=60539014598911|P_EXP_DT=20260123
    [P_RMESG2] => 
    [P_NOTI] => 
    [P_AUTH_NO] => 
)

 Array
(
    [PageCall time] => 21:50:22
    [P_TID] => INIMX_VBNKCAEcatca0720260113214712175839
    [P_MID] => CAEcatca07
    [P_AUTH_DT] => 20260113215022
    [P_STATUS] => 02
    [P_TYPE] => VBANK
    [P_OID] => 260104-003
    [P_FN_CD1] => 20
    [P_FN_CD2] => 
    [P_FN_NM] => 우리은행
    [P_AMT] => 3500
    [P_UNAME] => 임진실
    [P_RMESG1] => P_VACCT_NO=27489400618477|P_EXP_DT=20260123
    [P_RMESG2] => 
    [P_NOTI] => 
    [P_AUTH_NO] => 
)

