 Array
(
    [PageCall time] => 07:03:53
    [P_TID] => INIMX_VBNKCAEcatca0720250628070025865243
    [P_MID] => CAEcatca07
    [P_AUTH_DT] => 20250628070353
    [P_STATUS] => 02
    [P_TYPE] => VBANK
    [P_OID] => 250628-001
    [P_FN_CD1] => 20
    [P_FN_CD2] => 
    [P_FN_NM] => 우리은행
    [P_AMT] => 3000
    [P_UNAME] => 임민혁
    [P_RMESG1] => P_VACCT_NO=27763063118817|P_EXP_DT=20250708
    [P_RMESG2] => 
    [P_NOTI] => 
    [P_AUTH_NO] => 
)

 Array
(
    [PageCall time] => 09:57:44
    [P_TID] => INIMX_VBNKCAEcatca0720250628095652185565
    [P_MID] => CAEcatca07
    [P_AUTH_DT] => 20250628095744
    [P_STATUS] => 02
    [P_TYPE] => VBANK
    [P_OID] => 250628-004
    [P_FN_CD1] => 04
    [P_FN_CD2] => 
    [P_FN_NM] => KB국민은행
    [P_AMT] => 3000
    [P_UNAME] => 김영덕
    [P_RMESG1] => P_VACCT_NO=41989011548376|P_EXP_DT=20250708
    [P_RMESG2] => 
    [P_NOTI] => 
    [P_AUTH_NO] => 
)

 Array
(
    [PageCall time] => 10:18:38
    [P_TID] => INIMX_VBNKCAEcatca0720250628101728495788
    [P_MID] => CAEcatca07
    [P_AUTH_DT] => 20250628101838
    [P_STATUS] => 02
    [P_TYPE] => VBANK
    [P_OID] => 250628-006
    [P_FN_CD1] => 32
    [P_FN_CD2] => 
    [P_FN_NM] => 부산은행
    [P_AMT] => 3000
    [P_UNAME] => 김광수
    [P_RMESG1] => P_VACCT_NO=109924787265|P_EXP_DT=20250708
    [P_RMESG2] => 
    [P_NOTI] => 
    [P_AUTH_NO] => 
)

 Array
(
    [PageCall time] => 12:40:35
    [P_TID] => INIMX_VBNKCAEcatca0720250628123713155989
    [P_MID] => CAEcatca07
    [P_AUTH_DT] => 20250628124035
    [P_STATUS] => 02
    [P_TYPE] => VBANK
    [P_OID] => 250628-005
    [P_FN_CD1] => 88
    [P_FN_CD2] => 
    [P_FN_NM] => 신한은행
    [P_AMT] => 3000
    [P_UNAME] => 차남진
    [P_RMESG1] => P_VACCT_NO=56211105617200|P_EXP_DT=20250708
    [P_RMESG2] => 
    [P_NOTI] => 
    [P_AUTH_NO] => 
)

 Array
(
    [PageCall time] => 13:56:55
    [P_TID] => INIMX_VBNKCAEcatca0720250628135343195282
    [P_MID] => CAEcatca07
    [P_AUTH_DT] => 20250628135654
    [P_STATUS] => 02
    [P_TYPE] => VBANK
    [P_OID] => 250627-038
    [P_FN_CD1] => 11
    [P_FN_CD2] => 
    [P_FN_NM] => NH농협은행
    [P_AMT] => 3000
    [P_UNAME] => 목진명
    [P_RMESG1] => P_VACCT_NO=79010591166978|P_EXP_DT=20250708
    [P_RMESG2] => 
    [P_NOTI] => 
    [P_AUTH_NO] => 
)

 Array
(
    [PageCall time] => 15:09:20
    [P_TID] => INIMX_VBNKCAEcatca0720250628150445575828
    [P_MID] => CAEcatca07
    [P_AUTH_DT] => 20250628150920
    [P_STATUS] => 02
    [P_TYPE] => VBANK
    [P_OID] => 250628-009
    [P_FN_CD1] => 20
    [P_FN_CD2] => 
    [P_FN_NM] => 우리은행
    [P_AMT] => 3000
    [P_UNAME] => 송혜인
    [P_RMESG1] => P_VACCT_NO=27763083418922|P_EXP_DT=20250708
    [P_RMESG2] => 
    [P_NOTI] => 
    [P_AUTH_NO] => 
)

 Array
(
    [PageCall time] => 15:28:14
    [P_TID] => INIMX_VBNKCAEcatca0720250628152641905242
    [P_MID] => CAEcatca07
    [P_AUTH_DT] => 20250628152814
    [P_STATUS] => 02
    [P_TYPE] => VBANK
    [P_OID] => 250628-010
    [P_FN_CD1] => 32
    [P_FN_CD2] => 
    [P_FN_NM] => 부산은행
    [P_AMT] => 3000
    [P_UNAME] => 이낙근
    [P_RMESG1] => P_VACCT_NO=109924787708|P_EXP_DT=20250708
    [P_RMESG2] => 
    [P_NOTI] => 
    [P_AUTH_NO] => 
)

 Array
(
    [PageCall time] => 16:45:20
    [P_TID] => INIMX_VBNKCAEcatca0720250628164448925622
    [P_MID] => CAEcatca07
    [P_AUTH_DT] => 20250628164520
    [P_STATUS] => 02
    [P_TYPE] => VBANK
    [P_OID] => 250628-011
    [P_FN_CD1] => 11
    [P_FN_CD2] => 
    [P_FN_NM] => NH농협은행
    [P_AMT] => 3000
    [P_UNAME] => 천수진
    [P_RMESG1] => P_VACCT_NO=79010591187532|P_EXP_DT=20250708
    [P_RMESG2] => 
    [P_NOTI] => 
    [P_AUTH_NO] => 
)

 Array
(
    [PageCall time] => 18:55:33
    [P_TID] => INIMX_VBNKCAEcatca0720250628185222955749
    [P_MID] => CAEcatca07
    [P_AUTH_DT] => 20250628185533
    [P_STATUS] => 02
    [P_TYPE] => VBANK
    [P_OID] => 250628-014
    [P_FN_CD1] => 20
    [P_FN_CD2] => 
    [P_FN_NM] => 우리은행
    [P_AMT] => 3000
    [P_UNAME] => 김진하
    [P_RMESG1] => P_VACCT_NO=27763094018553|P_EXP_DT=20250708
    [P_RMESG2] => 
    [P_NOTI] => 
    [P_AUTH_NO] => 
)

