 Array
(
    [PageCall time] => 08:02:41
    [P_TID] => INIMX_VBNKCAEcatca0720260220075947215362
    [P_MID] => CAEcatca07
    [P_AUTH_DT] => 20260220080241
    [P_STATUS] => 02
    [P_TYPE] => VBANK
    [P_OID] => 260220-001
    [P_FN_CD1] => 20
    [P_FN_CD2] => 
    [P_FN_NM] => 우리은행
    [P_AMT] => 3500
    [P_UNAME] => 정지은
    [P_RMESG1] => P_VACCT_NO=27490829518853|P_EXP_DT=20260302
    [P_RMESG2] => 
    [P_NOTI] => 
    [P_AUTH_NO] => 
)

 Array
(
    [PageCall time] => 09:33:56
    [P_TID] => INIMX_VBNKCAEcatca0720260220093305005028
    [P_MID] => CAEcatca07
    [P_AUTH_DT] => 20260220093356
    [P_STATUS] => 02
    [P_TYPE] => VBANK
    [P_OID] => 260220-003
    [P_FN_CD1] => 11
    [P_FN_CD2] => 
    [P_FN_NM] => NH농협은행
    [P_AMT] => 3500
    [P_UNAME] => 황선희
    [P_RMESG1] => P_VACCT_NO=79014289316789|P_EXP_DT=20260302
    [P_RMESG2] => 
    [P_NOTI] => 
    [P_AUTH_NO] => 
)

 Array
(
    [PageCall time] => 10:07:41
    [P_TID] => INIMX_VBNKCAEcatca0720260220100417155872
    [P_MID] => CAEcatca07
    [P_AUTH_DT] => 20260220100741
    [P_STATUS] => 02
    [P_TYPE] => VBANK
    [P_OID] => 260220-004
    [P_FN_CD1] => 04
    [P_FN_CD2] => 
    [P_FN_NM] => KB국민은행
    [P_AMT] => 3500
    [P_UNAME] => 김향임
    [P_RMESG1] => P_VACCT_NO=45419079392040|P_EXP_DT=20260302
    [P_RMESG2] => 
    [P_NOTI] => 
    [P_AUTH_NO] => 
)

 Array
(
    [PageCall time] => 10:21:57
    [P_TID] => INIMX_VBNKCAEcatca0720260220101209845759
    [P_MID] => CAEcatca07
    [P_AUTH_DT] => 20260220102157
    [P_STATUS] => 02
    [P_TYPE] => VBANK
    [P_OID] => 260220-007
    [P_FN_CD1] => 03
    [P_FN_CD2] => 
    [P_FN_NM] => 기업은행
    [P_AMT] => 3500
    [P_UNAME] => 옐로우플라스틱
    [P_RMESG1] => P_VACCT_NO=07503184797441|P_EXP_DT=20260302
    [P_RMESG2] => 
    [P_NOTI] => 
    [P_AUTH_NO] => 
)

 Array
(
    [PageCall time] => 10:43:53
    [P_TID] => INIMX_VBNKCAEcatca0720260220104233815542
    [P_MID] => CAEcatca07
    [P_AUTH_DT] => 20260220104353
    [P_STATUS] => 02
    [P_TYPE] => VBANK
    [P_OID] => 260220-008
    [P_FN_CD1] => 11
    [P_FN_CD2] => 
    [P_FN_NM] => NH농협은행
    [P_AMT] => 3500
    [P_UNAME] => 송인호
    [P_RMESG1] => P_VACCT_NO=79014289326760|P_EXP_DT=20260302
    [P_RMESG2] => 
    [P_NOTI] => 
    [P_AUTH_NO] => 
)

 Array
(
    [PageCall time] => 10:48:22
    [P_TID] => INIMX_VBNKCAEcatca0720260220104540465762
    [P_MID] => CAEcatca07
    [P_AUTH_DT] => 20260220104822
    [P_STATUS] => 02
    [P_TYPE] => VBANK
    [P_OID] => 260220-009
    [P_FN_CD1] => 88
    [P_FN_CD2] => 
    [P_FN_NM] => 신한은행
    [P_AMT] => 3500
    [P_UNAME] => 최재희
    [P_RMESG1] => P_VACCT_NO=56211102092773|P_EXP_DT=20260302
    [P_RMESG2] => 
    [P_NOTI] => 
    [P_AUTH_NO] => 
)

 Array
(
    [PageCall time] => 10:56:29
    [P_TID] => INIMX_VBNKCAEcatca0720260220105321445270
    [P_MID] => CAEcatca07
    [P_AUTH_DT] => 20260220105629
    [P_STATUS] => 02
    [P_TYPE] => VBANK
    [P_OID] => 260220-011
    [P_FN_CD1] => 88
    [P_FN_CD2] => 
    [P_FN_NM] => 신한은행
    [P_AMT] => 3500
    [P_UNAME] => 박영길
    [P_RMESG1] => P_VACCT_NO=56211102805021|P_EXP_DT=20260302
    [P_RMESG2] => 
    [P_NOTI] => 
    [P_AUTH_NO] => 
)

 Array
(
    [PageCall time] => 11:24:39
    [P_TID] => INIMX_VBNKCAEcatca0720260220112207445536
    [P_MID] => CAEcatca07
    [P_AUTH_DT] => 20260220112439
    [P_STATUS] => 02
    [P_TYPE] => VBANK
    [P_OID] => 260220-013
    [P_FN_CD1] => 81
    [P_FN_CD2] => 
    [P_FN_NM] => 하나은행
    [P_AMT] => 3500
    [P_UNAME] => 최동호
    [P_RMESG1] => P_VACCT_NO=20894078614737|P_EXP_DT=20260302
    [P_RMESG2] => 
    [P_NOTI] => 
    [P_AUTH_NO] => 
)

 Array
(
    [PageCall time] => 11:29:52
    [P_TID] => INIMX_VBNKCAEcatca0720260220112649425648
    [P_MID] => CAEcatca07
    [P_AUTH_DT] => 20260220112952
    [P_STATUS] => 02
    [P_TYPE] => VBANK
    [P_OID] => 260220-014
    [P_FN_CD1] => 03
    [P_FN_CD2] => 
    [P_FN_NM] => 기업은행
    [P_AMT] => 3500
    [P_UNAME] => 김혜진
    [P_RMESG1] => P_VACCT_NO=07503185597859|P_EXP_DT=20260302
    [P_RMESG2] => 
    [P_NOTI] => 
    [P_AUTH_NO] => 
)

 Array
(
    [PageCall time] => 11:41:10
    [P_TID] => INIMX_VBNKCAEcatca0720260220113816185344
    [P_MID] => CAEcatca07
    [P_AUTH_DT] => 20260220114110
    [P_STATUS] => 02
    [P_TYPE] => VBANK
    [P_OID] => 260220-016
    [P_FN_CD1] => 20
    [P_FN_CD2] => 
    [P_FN_NM] => 우리은행
    [P_AMT] => 3500
    [P_UNAME] => 이아현
    [P_RMESG1] => P_VACCT_NO=27490839218415|P_EXP_DT=20260302
    [P_RMESG2] => 
    [P_NOTI] => 
    [P_AUTH_NO] => 
)

 Array
(
    [PageCall time] => 12:09:34
    [P_TID] => INIMX_VBNKCAEcatca0720260220120822405488
    [P_MID] => CAEcatca07
    [P_AUTH_DT] => 20260220120934
    [P_STATUS] => 02
    [P_TYPE] => VBANK
    [P_OID] => 260220-018
    [P_FN_CD1] => 11
    [P_FN_CD2] => 
    [P_FN_NM] => NH농협은행
    [P_AMT] => 3500
    [P_UNAME] => 김혜성
    [P_RMESG1] => P_VACCT_NO=79014289340214|P_EXP_DT=20260302
    [P_RMESG2] => 
    [P_NOTI] => 
    [P_AUTH_NO] => 
)

 Array
(
    [PageCall time] => 13:39:39
    [P_TID] => INIMX_VBNKCAEcatca0720260220133608785728
    [P_MID] => CAEcatca07
    [P_AUTH_DT] => 20260220133939
    [P_STATUS] => 02
    [P_TYPE] => VBANK
    [P_OID] => 260220-020
    [P_FN_CD1] => 20
    [P_FN_CD2] => 
    [P_FN_NM] => 우리은행
    [P_AMT] => 3500
    [P_UNAME] => 최동숙
    [P_RMESG1] => P_VACCT_NO=27490845518456|P_EXP_DT=20260302
    [P_RMESG2] => 
    [P_NOTI] => 
    [P_AUTH_NO] => 
)

 Array
(
    [PageCall time] => 13:57:06
    [P_TID] => INIMX_VBNKCAEcatca0720260220135409095443
    [P_MID] => CAEcatca07
    [P_AUTH_DT] => 20260220135706
    [P_STATUS] => 02
    [P_TYPE] => VBANK
    [P_OID] => 260220-021
    [P_FN_CD1] => 88
    [P_FN_CD2] => 
    [P_FN_NM] => 신한은행
    [P_AMT] => 3500
    [P_UNAME] => 최진혁
    [P_RMESG1] => P_VACCT_NO=56211104031347|P_EXP_DT=20260302
    [P_RMESG2] => 
    [P_NOTI] => 
    [P_AUTH_NO] => 
)

 Array
(
    [PageCall time] => 14:41:50
    [P_TID] => INIMX_VBNKCAEcatca0720260220143847415544
    [P_MID] => CAEcatca07
    [P_AUTH_DT] => 20260220144150
    [P_STATUS] => 02
    [P_TYPE] => VBANK
    [P_OID] => 260220-023
    [P_FN_CD1] => 88
    [P_FN_CD2] => 
    [P_FN_NM] => 신한은행
    [P_AMT] => 3500
    [P_UNAME] => 윤우상
    [P_RMESG1] => P_VACCT_NO=56211104038717|P_EXP_DT=20260302
    [P_RMESG2] => 
    [P_NOTI] => 
    [P_AUTH_NO] => 
)

 Array
(
    [PageCall time] => 15:55:22
    [P_TID] => INIMX_VBNKCAEcatca0720260220153924115767
    [P_MID] => CAEcatca07
    [P_AUTH_DT] => 20260220155522
    [P_STATUS] => 02
    [P_TYPE] => VBANK
    [P_OID] => 260220-024
    [P_FN_CD1] => 04
    [P_FN_CD2] => 
    [P_FN_NM] => KB국민은행
    [P_AMT] => 3500
    [P_UNAME] => 최성선
    [P_RMESG1] => P_VACCT_NO=70219014520590|P_EXP_DT=20260302
    [P_RMESG2] => 
    [P_NOTI] => 
    [P_AUTH_NO] => 
)

 Array
(
    [PageCall time] => 16:10:38
    [P_TID] => INIMX_VBNKCAEcatca0720260220160711545695
    [P_MID] => CAEcatca07
    [P_AUTH_DT] => 20260220161038
    [P_STATUS] => 02
    [P_TYPE] => VBANK
    [P_OID] => 260220-026
    [P_FN_CD1] => 03
    [P_FN_CD2] => 
    [P_FN_NM] => 기업은행
    [P_AMT] => 3500
    [P_UNAME] => 천은향
    [P_RMESG1] => P_VACCT_NO=07503188497497|P_EXP_DT=20260302
    [P_RMESG2] => 
    [P_NOTI] => 
    [P_AUTH_NO] => 
)

 Array
(
    [PageCall time] => 16:19:29
    [P_TID] => INIMX_VBNKCAEcatca0720260220161641755118
    [P_MID] => CAEcatca07
    [P_AUTH_DT] => 20260220161929
    [P_STATUS] => 02
    [P_TYPE] => VBANK
    [P_OID] => 260220-029
    [P_FN_CD1] => 81
    [P_FN_CD2] => 
    [P_FN_NM] => 하나은행
    [P_AMT] => 3500
    [P_UNAME] => 강지호
    [P_RMESG1] => P_VACCT_NO=20894080181337|P_EXP_DT=20260302
    [P_RMESG2] => 
    [P_NOTI] => 
    [P_AUTH_NO] => 
)

 Array
(
    [PageCall time] => 16:24:18
    [P_TID] => INIMX_VBNKCAEcatca0720260220162024765914
    [P_MID] => CAEcatca07
    [P_AUTH_DT] => 20260220162418
    [P_STATUS] => 02
    [P_TYPE] => VBANK
    [P_OID] => 260220-028
    [P_FN_CD1] => 88
    [P_FN_CD2] => 
    [P_FN_NM] => 신한은행
    [P_AMT] => 3500
    [P_UNAME] => 김동필
    [P_RMESG1] => P_VACCT_NO=56211104050129|P_EXP_DT=20260302
    [P_RMESG2] => 
    [P_NOTI] => 
    [P_AUTH_NO] => 
)

 Array
(
    [PageCall time] => 16:25:48
    [P_TID] => INIMX_VBNKCAEcatca0720260220162501585683
    [P_MID] => CAEcatca07
    [P_AUTH_DT] => 20260220162548
    [P_STATUS] => 02
    [P_TYPE] => VBANK
    [P_OID] => 260220-031
    [P_FN_CD1] => 11
    [P_FN_CD2] => 
    [P_FN_NM] => NH농협은행
    [P_AMT] => 3500
    [P_UNAME] => 김사라
    [P_RMESG1] => P_VACCT_NO=79014289380613|P_EXP_DT=20260302
    [P_RMESG2] => 
    [P_NOTI] => 
    [P_AUTH_NO] => 
)

 Array
(
    [PageCall time] => 16:27:00
    [P_TID] => INIMX_VBNKCAEcatca0720260220162413965210
    [P_MID] => CAEcatca07
    [P_AUTH_DT] => 20260220162700
    [P_STATUS] => 02
    [P_TYPE] => VBANK
    [P_OID] => 260220-027
    [P_FN_CD1] => 88
    [P_FN_CD2] => 
    [P_FN_NM] => 신한은행
    [P_AMT] => 3500
    [P_UNAME] => 장원영
    [P_RMESG1] => P_VACCT_NO=56211104050773|P_EXP_DT=20260302
    [P_RMESG2] => 
    [P_NOTI] => 
    [P_AUTH_NO] => 
)

 Array
(
    [PageCall time] => 16:31:40
    [P_TID] => INIMX_VBNKCAEcatca0720260220163032275258
    [P_MID] => CAEcatca07
    [P_AUTH_DT] => 20260220163140
    [P_STATUS] => 02
    [P_TYPE] => VBANK
    [P_OID] => 260220-032
    [P_FN_CD1] => 11
    [P_FN_CD2] => 
    [P_FN_NM] => NH농협은행
    [P_AMT] => 3500
    [P_UNAME] => 이선화
    [P_RMESG1] => P_VACCT_NO=79014289381162|P_EXP_DT=20260302
    [P_RMESG2] => 
    [P_NOTI] => 
    [P_AUTH_NO] => 
)

 Array
(
    [PageCall time] => 16:47:28
    [P_TID] => INIMX_VBNKCAEcatca0720260220164434865536
    [P_MID] => CAEcatca07
    [P_AUTH_DT] => 20260220164728
    [P_STATUS] => 02
    [P_TYPE] => VBANK
    [P_OID] => 260220-034
    [P_FN_CD1] => 20
    [P_FN_CD2] => 
    [P_FN_NM] => 우리은행
    [P_AMT] => 3500
    [P_UNAME] => 소윤희
    [P_RMESG1] => P_VACCT_NO=27490859518636|P_EXP_DT=20260302
    [P_RMESG2] => 
    [P_NOTI] => 
    [P_AUTH_NO] => 
)

 Array
(
    [PageCall time] => 16:51:29
    [P_TID] => INIMX_VBNKCAEcatca0720260220164829255517
    [P_MID] => CAEcatca07
    [P_AUTH_DT] => 20260220165128
    [P_STATUS] => 02
    [P_TYPE] => VBANK
    [P_OID] => 260220-035
    [P_FN_CD1] => 88
    [P_FN_CD2] => 
    [P_FN_NM] => 신한은행
    [P_AMT] => 3500
    [P_UNAME] => 정흥교
    [P_RMESG1] => P_VACCT_NO=56211104053038|P_EXP_DT=20260302
    [P_RMESG2] => 
    [P_NOTI] => 
    [P_AUTH_NO] => 
)

 Array
(
    [PageCall time] => 16:51:34
    [P_TID] => INIMX_VBNKCAEcatca0720260220164859655997
    [P_MID] => CAEcatca07
    [P_AUTH_DT] => 20260220165134
    [P_STATUS] => 02
    [P_TYPE] => VBANK
    [P_OID] => 260220-036
    [P_FN_CD1] => 89
    [P_FN_CD2] => 
    [P_FN_NM] => 케이뱅크
    [P_AMT] => 3500
    [P_UNAME] => 박형지
    [P_RMESG1] => P_VACCT_NO=70112003575297|P_EXP_DT=20260302
    [P_RMESG2] => 
    [P_NOTI] => 
    [P_AUTH_NO] => 
)

 Array
(
    [PageCall time] => 17:06:47
    [P_TID] => INIMX_VBNKCAEcatca0720260220170534455659
    [P_MID] => CAEcatca07
    [P_AUTH_DT] => 20260220170647
    [P_STATUS] => 02
    [P_TYPE] => VBANK
    [P_OID] => 260220-040
    [P_FN_CD1] => 11
    [P_FN_CD2] => 
    [P_FN_NM] => NH농협은행
    [P_AMT] => 3500
    [P_UNAME] => 강미자
    [P_RMESG1] => P_VACCT_NO=79014289384904|P_EXP_DT=20260302
    [P_RMESG2] => 
    [P_NOTI] => 
    [P_AUTH_NO] => 
)

 Array
(
    [PageCall time] => 17:17:17
    [P_TID] => INIMX_VBNKCAEcatca0720260220171448525377
    [P_MID] => CAEcatca07
    [P_AUTH_DT] => 20260220171717
    [P_STATUS] => 02
    [P_TYPE] => VBANK
    [P_OID] => 260220-041
    [P_FN_CD1] => 04
    [P_FN_CD2] => 
    [P_FN_NM] => KB국민은행
    [P_AMT] => 3500
    [P_UNAME] => 김민정
    [P_RMESG1] => P_VACCT_NO=70219014537071|P_EXP_DT=20260302
    [P_RMESG2] => 
    [P_NOTI] => 
    [P_AUTH_NO] => 
)

 Array
(
    [PageCall time] => 17:29:39
    [P_TID] => INIMX_VBNKCAEcatca0720260220172654725250
    [P_MID] => CAEcatca07
    [P_AUTH_DT] => 20260220172939
    [P_STATUS] => 02
    [P_TYPE] => VBANK
    [P_OID] => 260220-043
    [P_FN_CD1] => 20
    [P_FN_CD2] => 
    [P_FN_NM] => 우리은행
    [P_AMT] => 3500
    [P_UNAME] => 권아영
    [P_RMESG1] => P_VACCT_NO=27490862718196|P_EXP_DT=20260302
    [P_RMESG2] => 
    [P_NOTI] => 
    [P_AUTH_NO] => 
)

 Array
(
    [PageCall time] => 18:14:30
    [P_TID] => INIMX_VBNKCAEcatca0720260220181056235487
    [P_MID] => CAEcatca07
    [P_AUTH_DT] => 20260220181430
    [P_STATUS] => 02
    [P_TYPE] => VBANK
    [P_OID] => 260220-048
    [P_FN_CD1] => 89
    [P_FN_CD2] => 
    [P_FN_NM] => 케이뱅크
    [P_AMT] => 3500
    [P_UNAME] => 남병숙
    [P_RMESG1] => P_VACCT_NO=70112003576514|P_EXP_DT=20260302
    [P_RMESG2] => 
    [P_NOTI] => 
    [P_AUTH_NO] => 
)

 Array
(
    [PageCall time] => 18:24:23
    [P_TID] => INIMX_VBNKCAEcatca0720260220182129535735
    [P_MID] => CAEcatca07
    [P_AUTH_DT] => 20260220182423
    [P_STATUS] => 02
    [P_TYPE] => VBANK
    [P_OID] => 260220-049
    [P_FN_CD1] => 07
    [P_FN_CD2] => 
    [P_FN_NM] => 수협은행
    [P_AMT] => 3500
    [P_UNAME] => 임수정
    [P_RMESG1] => P_VACCT_NO=06640083429561|P_EXP_DT=20260302
    [P_RMESG2] => 
    [P_NOTI] => 
    [P_AUTH_NO] => 
)

 Array
(
    [PageCall time] => 19:02:33
    [P_TID] => INIMX_VBNKCAEcatca0720260220185918525104
    [P_MID] => CAEcatca07
    [P_AUTH_DT] => 20260220190233
    [P_STATUS] => 02
    [P_TYPE] => VBANK
    [P_OID] => 260220-050
    [P_FN_CD1] => 04
    [P_FN_CD2] => 
    [P_FN_NM] => KB국민은행
    [P_AMT] => 3500
    [P_UNAME] => 여숙자
    [P_RMESG1] => P_VACCT_NO=70219014550010|P_EXP_DT=20260302
    [P_RMESG2] => 
    [P_NOTI] => 
    [P_AUTH_NO] => 
)

 Array
(
    [PageCall time] => 21:02:50
    [P_TID] => INIMX_VBNKCAEcatca0720260220210009665527
    [P_MID] => CAEcatca07
    [P_AUTH_DT] => 20260220210250
    [P_STATUS] => 02
    [P_TYPE] => VBANK
    [P_OID] => 260219-048
    [P_FN_CD1] => 88
    [P_FN_CD2] => 
    [P_FN_NM] => 신한은행
    [P_AMT] => 3500
    [P_UNAME] => 김의연
    [P_RMESG1] => P_VACCT_NO=56211104068338|P_EXP_DT=20260302
    [P_RMESG2] => 
    [P_NOTI] => 
    [P_AUTH_NO] => 
)

 Array
(
    [PageCall time] => 21:41:02
    [P_TID] => INIMX_VBNKCAEcatca0720260220213707155452
    [P_MID] => CAEcatca07
    [P_AUTH_DT] => 20260220214102
    [P_STATUS] => 02
    [P_TYPE] => VBANK
    [P_OID] => 260220-030
    [P_FN_CD1] => 23
    [P_FN_CD2] => 
    [P_FN_NM] => SC은행
    [P_AMT] => 3500
    [P_UNAME] => 윤재술
    [P_RMESG1] => P_VACCT_NO=46416004382665|P_EXP_DT=20260302
    [P_RMESG2] => 
    [P_NOTI] => 
    [P_AUTH_NO] => 
)

 Array
(
    [PageCall time] => 22:31:41
    [P_TID] => INIMX_VBNKCAEcatca0720260220223038445299
    [P_MID] => CAEcatca07
    [P_AUTH_DT] => 20260220223141
    [P_STATUS] => 02
    [P_TYPE] => VBANK
    [P_OID] => 260220-052
    [P_FN_CD1] => 11
    [P_FN_CD2] => 
    [P_FN_NM] => NH농협은행
    [P_AMT] => 3500
    [P_UNAME] => 박종우
    [P_RMESG1] => P_VACCT_NO=79014289415901|P_EXP_DT=20260302
    [P_RMESG2] => 
    [P_NOTI] => 
    [P_AUTH_NO] => 
)

