 Array
(
    [PageCall time] => 09:21:33
    [P_TID] => INIMX_VBNKCAEcatca0720251210091829225822
    [P_MID] => CAEcatca07
    [P_AUTH_DT] => 20251210092133
    [P_STATUS] => 02
    [P_TYPE] => VBANK
    [P_OID] => 251209-016
    [P_FN_CD1] => 88
    [P_FN_CD2] => 
    [P_FN_NM] => 신한은행
    [P_AMT] => 3000
    [P_UNAME] => 최수진
    [P_RMESG1] => P_VACCT_NO=56211990883470|P_EXP_DT=20251220
    [P_RMESG2] => 
    [P_NOTI] => 
    [P_AUTH_NO] => 
)

 Array
(
    [PageCall time] => 10:56:32
    [P_TID] => INIMX_VBNKCAEcatca0720251210105338535735
    [P_MID] => CAEcatca07
    [P_AUTH_DT] => 20251210105632
    [P_STATUS] => 02
    [P_TYPE] => VBANK
    [P_OID] => 251210-003
    [P_FN_CD1] => 32
    [P_FN_CD2] => 
    [P_FN_NM] => 부산은행
    [P_AMT] => 3000
    [P_UNAME] => 박수원
    [P_RMESG1] => P_VACCT_NO=109924384327|P_EXP_DT=20251220
    [P_RMESG2] => 
    [P_NOTI] => 
    [P_AUTH_NO] => 
)

 Array
(
    [PageCall time] => 11:26:15
    [P_TID] => INIMX_VBNKCAEcatca0720251210112243685910
    [P_MID] => CAEcatca07
    [P_AUTH_DT] => 20251210112615
    [P_STATUS] => 02
    [P_TYPE] => VBANK
    [P_OID] => 251210-005
    [P_FN_CD1] => 88
    [P_FN_CD2] => 
    [P_FN_NM] => 신한은행
    [P_AMT] => 3000
    [P_UNAME] => 박진수
    [P_RMESG1] => P_VACCT_NO=56211990743583|P_EXP_DT=20251220
    [P_RMESG2] => 
    [P_NOTI] => 
    [P_AUTH_NO] => 
)

 Array
(
    [PageCall time] => 11:29:33
    [P_TID] => INIMX_VBNKCAEcatca0720251210112653445896
    [P_MID] => CAEcatca07
    [P_AUTH_DT] => 20251210112933
    [P_STATUS] => 02
    [P_TYPE] => VBANK
    [P_OID] => 251210-006
    [P_FN_CD1] => 88
    [P_FN_CD2] => 
    [P_FN_NM] => 신한은행
    [P_AMT] => 3000
    [P_UNAME] => 이정수
    [P_RMESG1] => P_VACCT_NO=56211990744143|P_EXP_DT=20251220
    [P_RMESG2] => 
    [P_NOTI] => 
    [P_AUTH_NO] => 
)

 Array
(
    [PageCall time] => 12:23:36
    [P_TID] => INIMX_VBNKCAEcatca0720251210122104275048
    [P_MID] => CAEcatca07
    [P_AUTH_DT] => 20251210122336
    [P_STATUS] => 02
    [P_TYPE] => VBANK
    [P_OID] => 251209-019
    [P_FN_CD1] => 88
    [P_FN_CD2] => 
    [P_FN_NM] => 신한은행
    [P_AMT] => 3000
    [P_UNAME] => 허선경
    [P_RMESG1] => P_VACCT_NO=56211990749255|P_EXP_DT=20251220
    [P_RMESG2] => 
    [P_NOTI] => 
    [P_AUTH_NO] => 
)

 Array
(
    [PageCall time] => 12:56:24
    [P_TID] => INIMX_VBNKCAEcatca0720251210125351855431
    [P_MID] => CAEcatca07
    [P_AUTH_DT] => 20251210125624
    [P_STATUS] => 02
    [P_TYPE] => VBANK
    [P_OID] => 251210-010
    [P_FN_CD1] => 04
    [P_FN_CD2] => 
    [P_FN_NM] => KB국민은행
    [P_AMT] => 3000
    [P_UNAME] => 정은별
    [P_RMESG1] => P_VACCT_NO=26159078838457|P_EXP_DT=20251220
    [P_RMESG2] => 
    [P_NOTI] => 
    [P_AUTH_NO] => 
)

 Array
(
    [PageCall time] => 13:40:44
    [P_TID] => INIMX_VBNKCAEcatca0720251210133812245281
    [P_MID] => CAEcatca07
    [P_AUTH_DT] => 20251210134044
    [P_STATUS] => 02
    [P_TYPE] => VBANK
    [P_OID] => 251210-012
    [P_FN_CD1] => 04
    [P_FN_CD2] => 
    [P_FN_NM] => KB국민은행
    [P_AMT] => 3000
    [P_UNAME] => 윤시아
    [P_RMESG1] => P_VACCT_NO=29419079204280|P_EXP_DT=20251220
    [P_RMESG2] => 
    [P_NOTI] => 
    [P_AUTH_NO] => 
)

 Array
(
    [PageCall time] => 13:55:00
    [P_TID] => INIMX_VBNKCAEcatca0720251210134844535529
    [P_MID] => CAEcatca07
    [P_AUTH_DT] => 20251210135500
    [P_STATUS] => 02
    [P_TYPE] => VBANK
    [P_OID] => 251210-013
    [P_FN_CD1] => 20
    [P_FN_CD2] => 
    [P_FN_NM] => 우리은행
    [P_AMT] => 3000
    [P_UNAME] => 심재호
    [P_RMESG1] => P_VACCT_NO=27388746918562|P_EXP_DT=20251220
    [P_RMESG2] => 
    [P_NOTI] => 
    [P_AUTH_NO] => 
)

 Array
(
    [PageCall time] => 14:13:55
    [P_TID] => INIMX_VBNKCAEcatca0720251210141044575925
    [P_MID] => CAEcatca07
    [P_AUTH_DT] => 20251210141355
    [P_STATUS] => 02
    [P_TYPE] => VBANK
    [P_OID] => 251210-001
    [P_FN_CD1] => 04
    [P_FN_CD2] => 
    [P_FN_NM] => KB국민은행
    [P_AMT] => 3000
    [P_UNAME] => 권오남
    [P_RMESG1] => P_VACCT_NO=29419079432832|P_EXP_DT=20251220
    [P_RMESG2] => 
    [P_NOTI] => 
    [P_AUTH_NO] => 
)

 Array
(
    [PageCall time] => 14:51:16
    [P_TID] => INIMX_VBNKCAEcatca0720251210144837645914
    [P_MID] => CAEcatca07
    [P_AUTH_DT] => 20251210145116
    [P_STATUS] => 02
    [P_TYPE] => VBANK
    [P_OID] => 251210-017
    [P_FN_CD1] => 88
    [P_FN_CD2] => 
    [P_FN_NM] => 신한은행
    [P_AMT] => 3000
    [P_UNAME] => 배소영
    [P_RMESG1] => P_VACCT_NO=56211990762991|P_EXP_DT=20251220
    [P_RMESG2] => 
    [P_NOTI] => 
    [P_AUTH_NO] => 
)

 Array
(
    [PageCall time] => 15:29:24
    [P_TID] => INIMX_VBNKCAEcatca0720251210152654475469
    [P_MID] => CAEcatca07
    [P_AUTH_DT] => 20251210152924
    [P_STATUS] => 02
    [P_TYPE] => VBANK
    [P_OID] => 251210-019
    [P_FN_CD1] => 04
    [P_FN_CD2] => 
    [P_FN_NM] => KB국민은행
    [P_AMT] => 3000
    [P_UNAME] => 조은남
    [P_RMESG1] => P_VACCT_NO=39919011351281|P_EXP_DT=20251220
    [P_RMESG2] => 
    [P_NOTI] => 
    [P_AUTH_NO] => 
)

 Array
(
    [PageCall time] => 16:29:10
    [P_TID] => INIMX_VBNKCAEcatca0720251210162611605190
    [P_MID] => CAEcatca07
    [P_AUTH_DT] => 20251210162910
    [P_STATUS] => 02
    [P_TYPE] => VBANK
    [P_OID] => 251210-020
    [P_FN_CD1] => 04
    [P_FN_CD2] => 
    [P_FN_NM] => KB국민은행
    [P_AMT] => 3000
    [P_UNAME] => 김기홍
    [P_RMESG1] => P_VACCT_NO=40139011979812|P_EXP_DT=20251220
    [P_RMESG2] => 
    [P_NOTI] => 
    [P_AUTH_NO] => 
)

 Array
(
    [PageCall time] => 16:35:11
    [P_TID] => INIMX_VBNKCAEcatca0720251210163211575249
    [P_MID] => CAEcatca07
    [P_AUTH_DT] => 20251210163511
    [P_STATUS] => 02
    [P_TYPE] => VBANK
    [P_OID] => 251210-021
    [P_FN_CD1] => 04
    [P_FN_CD2] => 
    [P_FN_NM] => KB국민은행
    [P_AMT] => 3000
    [P_UNAME] => 문정희
    [P_RMESG1] => P_VACCT_NO=40269011160804|P_EXP_DT=20251220
    [P_RMESG2] => 
    [P_NOTI] => 
    [P_AUTH_NO] => 
)

 Array
(
    [PageCall time] => 18:03:40
    [P_TID] => INIMX_VBNKCAEcatca0720251210180251915055
    [P_MID] => CAEcatca07
    [P_AUTH_DT] => 20251210180339
    [P_STATUS] => 02
    [P_TYPE] => VBANK
    [P_OID] => 251210-026
    [P_FN_CD1] => 11
    [P_FN_CD2] => 
    [P_FN_NM] => NH농협은행
    [P_AMT] => 3000
    [P_UNAME] => 이정희
    [P_RMESG1] => P_VACCT_NO=01444464324537|P_EXP_DT=20251220
    [P_RMESG2] => 
    [P_NOTI] => 
    [P_AUTH_NO] => 
)

 Array
(
    [PageCall time] => 19:56:34
    [P_TID] => INIMX_VBNKCAEcatca0720251210195316325176
    [P_MID] => CAEcatca07
    [P_AUTH_DT] => 20251210195634
    [P_STATUS] => 02
    [P_TYPE] => VBANK
    [P_OID] => 251210-028
    [P_FN_CD1] => 03
    [P_FN_CD2] => 
    [P_FN_NM] => 기업은행
    [P_AMT] => 3000
    [P_UNAME] => 장효원
    [P_RMESG1] => P_VACCT_NO=07503154997960|P_EXP_DT=20251220
    [P_RMESG2] => 
    [P_NOTI] => 
    [P_AUTH_NO] => 
)

 Array
(
    [PageCall time] => 20:12:40
    [P_TID] => INIMX_VBNKCAEcatca0720251210201132535887
    [P_MID] => CAEcatca07
    [P_AUTH_DT] => 20251210201239
    [P_STATUS] => 02
    [P_TYPE] => VBANK
    [P_OID] => 251210-014
    [P_FN_CD1] => 11
    [P_FN_CD2] => 
    [P_FN_NM] => NH농협은행
    [P_AMT] => 3000
    [P_UNAME] => 이장은
    [P_RMESG1] => P_VACCT_NO=01444464401771|P_EXP_DT=20251220
    [P_RMESG2] => 
    [P_NOTI] => 
    [P_AUTH_NO] => 
)

 Array
(
    [PageCall time] => 22:11:35
    [P_TID] => INIMX_VBNKCAEcatca0720251210220841135933
    [P_MID] => CAEcatca07
    [P_AUTH_DT] => 20251210221135
    [P_STATUS] => 02
    [P_TYPE] => VBANK
    [P_OID] => 251210-029
    [P_FN_CD1] => 04
    [P_FN_CD2] => 
    [P_FN_NM] => KB국민은행
    [P_AMT] => 3000
    [P_UNAME] => 양혜진
    [P_RMESG1] => P_VACCT_NO=52499014041246|P_EXP_DT=20251220
    [P_RMESG2] => 
    [P_NOTI] => 
    [P_AUTH_NO] => 
)

