 Array
(
    [PageCall time] => 11:20:50
    [P_TID] => INIMX_VBNKCAEcatca0720250309112000815124
    [P_MID] => CAEcatca07
    [P_AUTH_DT] => 20250309112050
    [P_STATUS] => 02
    [P_TYPE] => VBANK
    [P_OID] => 250307-024
    [P_FN_CD1] => 32
    [P_FN_CD2] => 
    [P_FN_NM] => 부산은행
    [P_AMT] => 3000
    [P_UNAME] => 황수영
    [P_RMESG1] => P_VACCT_NO=109924352288|P_EXP_DT=20250319
    [P_RMESG2] => 
    [P_NOTI] => 
    [P_AUTH_NO] => 
)

 Array
(
    [PageCall time] => 14:08:34
    [P_TID] => INIMX_VBNKCAEcatca0720250309140542885471
    [P_MID] => CAEcatca07
    [P_AUTH_DT] => 20250309140834
    [P_STATUS] => 02
    [P_TYPE] => VBANK
    [P_OID] => 250309-002
    [P_FN_CD1] => 81
    [P_FN_CD2] => 
    [P_FN_NM] => 하나은행
    [P_AMT] => 3000
    [P_UNAME] => 박희은
    [P_RMESG1] => P_VACCT_NO=20894044593237|P_EXP_DT=20250319
    [P_RMESG2] => 
    [P_NOTI] => 
    [P_AUTH_NO] => 
)

 Array
(
    [PageCall time] => 14:13:26
    [P_TID] => INIMX_VBNKCAEcatca0720250309140855465533
    [P_MID] => CAEcatca07
    [P_AUTH_DT] => 20250309141326
    [P_STATUS] => 02
    [P_TYPE] => VBANK
    [P_OID] => 250309-001
    [P_FN_CD1] => 03
    [P_FN_CD2] => 
    [P_FN_NM] => 기업은행
    [P_AMT] => 3000
    [P_UNAME] => 박미지
    [P_RMESG1] => P_VACCT_NO=07502354597696|P_EXP_DT=20250319
    [P_RMESG2] => 
    [P_NOTI] => 
    [P_AUTH_NO] => 
)

 Array
(
    [PageCall time] => 15:19:00
    [P_TID] => INIMX_VBNKCAEcatca0720250309151555285912
    [P_MID] => CAEcatca07
    [P_AUTH_DT] => 20250309151859
    [P_STATUS] => 02
    [P_TYPE] => VBANK
    [P_OID] => 250309-003
    [P_FN_CD1] => 03
    [P_FN_CD2] => 
    [P_FN_NM] => 기업은행
    [P_AMT] => 3000
    [P_UNAME] => 이예슬
    [P_RMESG1] => P_VACCT_NO=07502354797234|P_EXP_DT=20250319
    [P_RMESG2] => 
    [P_NOTI] => 
    [P_AUTH_NO] => 
)

 Array
(
    [PageCall time] => 19:37:57
    [P_TID] => INIMX_VBNKCAEcatca0720250309193525195985
    [P_MID] => CAEcatca07
    [P_AUTH_DT] => 20250309193757
    [P_STATUS] => 02
    [P_TYPE] => VBANK
    [P_OID] => 250309-004
    [P_FN_CD1] => 89
    [P_FN_CD2] => 
    [P_FN_NM] => 케이뱅크
    [P_AMT] => 3000
    [P_UNAME] => 조영웅
    [P_RMESG1] => P_VACCT_NO=70112004105896|P_EXP_DT=20250319
    [P_RMESG2] => 
    [P_NOTI] => 
    [P_AUTH_NO] => 
)

 Array
(
    [PageCall time] => 20:34:58
    [P_TID] => INIMX_VBNKCAEcatca0720250309203158995003
    [P_MID] => CAEcatca07
    [P_AUTH_DT] => 20250309203458
    [P_STATUS] => 02
    [P_TYPE] => VBANK
    [P_OID] => 250309-005
    [P_FN_CD1] => 34
    [P_FN_CD2] => 
    [P_FN_NM] => 광주은행
    [P_AMT] => 3000
    [P_UNAME] => 문보라
    [P_RMESG1] => P_VACCT_NO=810865154790|P_EXP_DT=20250319
    [P_RMESG2] => 
    [P_NOTI] => 
    [P_AUTH_NO] => 
)

 Array
(
    [PageCall time] => 21:20:12
    [P_TID] => INIMX_VBNKCAEcatca0720250309211654355499
    [P_MID] => CAEcatca07
    [P_AUTH_DT] => 20250309212011
    [P_STATUS] => 02
    [P_TYPE] => VBANK
    [P_OID] => 250309-006
    [P_FN_CD1] => 03
    [P_FN_CD2] => 
    [P_FN_NM] => 기업은행
    [P_AMT] => 3000
    [P_UNAME] => 안효진
    [P_RMESG1] => P_VACCT_NO=07502355897789|P_EXP_DT=20250319
    [P_RMESG2] => 
    [P_NOTI] => 
    [P_AUTH_NO] => 
)

 Array
(
    [PageCall time] => 21:43:07
    [P_TID] => INIMX_VBNKCAEcatca0720250309214229285288
    [P_MID] => CAEcatca07
    [P_AUTH_DT] => 20250309214307
    [P_STATUS] => 02
    [P_TYPE] => VBANK
    [P_OID] => 250309-007
    [P_FN_CD1] => 11
    [P_FN_CD2] => 
    [P_FN_NM] => NH농협은행
    [P_AMT] => 3000
    [P_UNAME] => 박소현
    [P_RMESG1] => P_VACCT_NO=79014507162942|P_EXP_DT=20250319
    [P_RMESG2] => 
    [P_NOTI] => 
    [P_AUTH_NO] => 
)

