 Array
(
    [PageCall time] => 06:29:22
    [P_TID] => INIMX_VBNKCAEcatca0720260118055328955891
    [P_MID] => CAEcatca07
    [P_AUTH_DT] => 20260118062922
    [P_STATUS] => 02
    [P_TYPE] => VBANK
    [P_OID] => 260118-001
    [P_FN_CD1] => 89
    [P_FN_CD2] => 
    [P_FN_NM] => 케이뱅크
    [P_AMT] => 3500
    [P_UNAME] => 김형준
    [P_RMESG1] => P_VACCT_NO=70112003328751|P_EXP_DT=20260128
    [P_RMESG2] => 
    [P_NOTI] => 
    [P_AUTH_NO] => 
)

 Array
(
    [PageCall time] => 13:11:12
    [P_TID] => INIMX_VBNKCAEcatca0720260118130829765877
    [P_MID] => CAEcatca07
    [P_AUTH_DT] => 20260118131112
    [P_STATUS] => 02
    [P_TYPE] => VBANK
    [P_OID] => 260118-003
    [P_FN_CD1] => 88
    [P_FN_CD2] => 
    [P_FN_NM] => 신한은행
    [P_AMT] => 3500
    [P_UNAME] => 박을용
    [P_RMESG1] => P_VACCT_NO=56211102127275|P_EXP_DT=20260128
    [P_RMESG2] => 
    [P_NOTI] => 
    [P_AUTH_NO] => 
)

 Array
(
    [PageCall time] => 16:17:03
    [P_TID] => INIMX_VBNKCAEcatca0720260118161625435814
    [P_MID] => CAEcatca07
    [P_AUTH_DT] => 20260118161702
    [P_STATUS] => 02
    [P_TYPE] => VBANK
    [P_OID] => 260118-005
    [P_FN_CD1] => 11
    [P_FN_CD2] => 
    [P_FN_NM] => NH농협은행
    [P_AMT] => 3500
    [P_UNAME] => 정민경
    [P_RMESG1] => P_VACCT_NO=79010591650580|P_EXP_DT=20260128
    [P_RMESG2] => 
    [P_NOTI] => 
    [P_AUTH_NO] => 
)

 Array
(
    [PageCall time] => 16:31:14
    [P_TID] => INIMX_VBNKCAEcatca0720260118162817125726
    [P_MID] => CAEcatca07
    [P_AUTH_DT] => 20260118163114
    [P_STATUS] => 02
    [P_TYPE] => VBANK
    [P_OID] => 260118-007
    [P_FN_CD1] => 03
    [P_FN_CD2] => 
    [P_FN_NM] => 기업은행
    [P_AMT] => 3500
    [P_UNAME] => 남형일
    [P_RMESG1] => P_VACCT_NO=07502289297543|P_EXP_DT=20260128
    [P_RMESG2] => 
    [P_NOTI] => 
    [P_AUTH_NO] => 
)

 Array
(
    [PageCall time] => 18:06:49
    [P_TID] => INIMX_VBNKCAEcatca0720260118180259785390
    [P_MID] => CAEcatca07
    [P_AUTH_DT] => 20260118180649
    [P_STATUS] => 02
    [P_TYPE] => VBANK
    [P_OID] => 260118-008
    [P_FN_CD1] => 88
    [P_FN_CD2] => 
    [P_FN_NM] => 신한은행
    [P_AMT] => 3500
    [P_UNAME] => 황미순
    [P_RMESG1] => P_VACCT_NO=56211102148974|P_EXP_DT=20260128
    [P_RMESG2] => 
    [P_NOTI] => 
    [P_AUTH_NO] => 
)

 Array
(
    [PageCall time] => 19:21:18
    [P_TID] => INIMX_VBNKCAEcatca0720260118191917885633
    [P_MID] => CAEcatca07
    [P_AUTH_DT] => 20260118192118
    [P_STATUS] => 02
    [P_TYPE] => VBANK
    [P_OID] => 260118-009
    [P_FN_CD1] => 11
    [P_FN_CD2] => 
    [P_FN_NM] => NH농협은행
    [P_AMT] => 3500
    [P_UNAME] => 이창렬
    [P_RMESG1] => P_VACCT_NO=79010591669897|P_EXP_DT=20260128
    [P_RMESG2] => 
    [P_NOTI] => 
    [P_AUTH_NO] => 
)

 Array
(
    [PageCall time] => 19:31:35
    [P_TID] => INIMX_VBNKCAEcatca0720260118192855425348
    [P_MID] => CAEcatca07
    [P_AUTH_DT] => 20260118193135
    [P_STATUS] => 02
    [P_TYPE] => VBANK
    [P_OID] => 260118-010
    [P_FN_CD1] => 88
    [P_FN_CD2] => 
    [P_FN_NM] => 신한은행
    [P_AMT] => 3500
    [P_UNAME] => 남지현
    [P_RMESG1] => P_VACCT_NO=56211102154127|P_EXP_DT=20260128
    [P_RMESG2] => 
    [P_NOTI] => 
    [P_AUTH_NO] => 
)

 Array
(
    [PageCall time] => 19:53:44
    [P_TID] => INIMX_VBNKCAEcatca0720260118194850225509
    [P_MID] => CAEcatca07
    [P_AUTH_DT] => 20260118195344
    [P_STATUS] => 02
    [P_TYPE] => VBANK
    [P_OID] => 260118-011
    [P_FN_CD1] => 88
    [P_FN_CD2] => 
    [P_FN_NM] => 신한은행
    [P_AMT] => 3500
    [P_UNAME] => 김동식
    [P_RMESG1] => P_VACCT_NO=56211102155187|P_EXP_DT=20260128
    [P_RMESG2] => 
    [P_NOTI] => 
    [P_AUTH_NO] => 
)

