 Array
(
    [PageCall time] => 09:09:30
    [P_TID] => INIMX_VBNKCAEcatca0720250906090625665429
    [P_MID] => CAEcatca07
    [P_AUTH_DT] => 20250906090930
    [P_STATUS] => 02
    [P_TYPE] => VBANK
    [P_OID] => 250906-001
    [P_FN_CD1] => 88
    [P_FN_CD2] => 
    [P_FN_NM] => 신한은행
    [P_AMT] => 3000
    [P_UNAME] => 안중환
    [P_RMESG1] => P_VACCT_NO=56211992528387|P_EXP_DT=20250916
    [P_RMESG2] => 
    [P_NOTI] => 
    [P_AUTH_NO] => 
)

 Array
(
    [PageCall time] => 14:14:13
    [P_TID] => INIMX_VBNKCAEcatca0720250906141138615393
    [P_MID] => CAEcatca07
    [P_AUTH_DT] => 20250906141412
    [P_STATUS] => 02
    [P_TYPE] => VBANK
    [P_OID] => 250906-003
    [P_FN_CD1] => 88
    [P_FN_CD2] => 
    [P_FN_NM] => 신한은행
    [P_AMT] => 3000
    [P_UNAME] => 김선주
    [P_RMESG1] => P_VACCT_NO=56213170855855|P_EXP_DT=20250916
    [P_RMESG2] => 
    [P_NOTI] => 
    [P_AUTH_NO] => 
)

 Array
(
    [PageCall time] => 14:52:12
    [P_TID] => INIMX_VBNKCAEcatca0720250906144935235432
    [P_MID] => CAEcatca07
    [P_AUTH_DT] => 20250906145212
    [P_STATUS] => 02
    [P_TYPE] => VBANK
    [P_OID] => 250906-004
    [P_FN_CD1] => 81
    [P_FN_CD2] => 
    [P_FN_NM] => 하나은행
    [P_AMT] => 3000
    [P_UNAME] => 임진희
    [P_RMESG1] => P_VACCT_NO=20894085430337|P_EXP_DT=20250916
    [P_RMESG2] => 
    [P_NOTI] => 
    [P_AUTH_NO] => 
)

 Array
(
    [PageCall time] => 17:24:53
    [P_TID] => INIMX_VBNKCAEcatca0720250906172127815926
    [P_MID] => CAEcatca07
    [P_AUTH_DT] => 20250906172453
    [P_STATUS] => 02
    [P_TYPE] => VBANK
    [P_OID] => 250906-006
    [P_FN_CD1] => 11
    [P_FN_CD2] => 
    [P_FN_NM] => NH농협은행
    [P_AMT] => 3000
    [P_UNAME] => 김정란
    [P_RMESG1] => P_VACCT_NO=79014504974860|P_EXP_DT=20250916
    [P_RMESG2] => 
    [P_NOTI] => 
    [P_AUTH_NO] => 
)

