 Array
(
    [PageCall time] => 07:50:23
    [P_TID] => INIMX_VBNKCAEcatca0720260129074624175863
    [P_MID] => CAEcatca07
    [P_AUTH_DT] => 20260129075023
    [P_STATUS] => 02
    [P_TYPE] => VBANK
    [P_OID] => 260129-001
    [P_FN_CD1] => 20
    [P_FN_CD2] => 
    [P_FN_NM] => 우리은행
    [P_AMT] => 3500
    [P_UNAME] => 배진호
    [P_RMESG1] => P_VACCT_NO=26246989818041|P_EXP_DT=20260208
    [P_RMESG2] => 
    [P_NOTI] => 
    [P_AUTH_NO] => 
)

 Array
(
    [PageCall time] => 10:19:28
    [P_TID] => INIMX_VBNKCAEcatca0720260129101759875181
    [P_MID] => CAEcatca07
    [P_AUTH_DT] => 20260129101928
    [P_STATUS] => 02
    [P_TYPE] => VBANK
    [P_OID] => 260129-006
    [P_FN_CD1] => 71
    [P_FN_CD2] => 
    [P_FN_NM] => 우체국
    [P_AMT] => 3500
    [P_UNAME] => 강석우
    [P_RMESG1] => P_VACCT_NO=01397981711414|P_EXP_DT=20260208
    [P_RMESG2] => 
    [P_NOTI] => 
    [P_AUTH_NO] => 
)

 Array
(
    [PageCall time] => 10:52:33
    [P_TID] => INIMX_VBNKCAEcatca0720260129104634855088
    [P_MID] => CAEcatca07
    [P_AUTH_DT] => 20260129105233
    [P_STATUS] => 02
    [P_TYPE] => VBANK
    [P_OID] => 260129-002
    [P_FN_CD1] => 81
    [P_FN_CD2] => 
    [P_FN_NM] => 하나은행
    [P_AMT] => 3500
    [P_UNAME] => 홍선미
    [P_RMESG1] => P_VACCT_NO=20893988370837|P_EXP_DT=20260208
    [P_RMESG2] => 
    [P_NOTI] => 
    [P_AUTH_NO] => 
)

 Array
(
    [PageCall time] => 10:52:58
    [P_TID] => INIMX_VBNKCAEcatca0720260129105008485074
    [P_MID] => CAEcatca07
    [P_AUTH_DT] => 20260129105257
    [P_STATUS] => 02
    [P_TYPE] => VBANK
    [P_OID] => 260129-005
    [P_FN_CD1] => 04
    [P_FN_CD2] => 
    [P_FN_NM] => KB국민은행
    [P_AMT] => 3500
    [P_UNAME] => 이용연
    [P_RMESG1] => P_VACCT_NO=41789011703160|P_EXP_DT=20260208
    [P_RMESG2] => 
    [P_NOTI] => 
    [P_AUTH_NO] => 
)

 Array
(
    [PageCall time] => 10:58:18
    [P_TID] => INIMX_VBNKCAEcatca0720260129105356455139
    [P_MID] => CAEcatca07
    [P_AUTH_DT] => 20260129105818
    [P_STATUS] => 02
    [P_TYPE] => VBANK
    [P_OID] => 260129-007
    [P_FN_CD1] => 04
    [P_FN_CD2] => 
    [P_FN_NM] => KB국민은행
    [P_AMT] => 3500
    [P_UNAME] => 이경순
    [P_RMESG1] => P_VACCT_NO=41989011751828|P_EXP_DT=20260208
    [P_RMESG2] => 
    [P_NOTI] => 
    [P_AUTH_NO] => 
)

 Array
(
    [PageCall time] => 11:00:27
    [P_TID] => INIMX_VBNKCAEcatca0720260129105926865667
    [P_MID] => CAEcatca07
    [P_AUTH_DT] => 20260129110027
    [P_STATUS] => 02
    [P_TYPE] => VBANK
    [P_OID] => 260129-009
    [P_FN_CD1] => 11
    [P_FN_CD2] => 
    [P_FN_NM] => NH농협은행
    [P_AMT] => 3500
    [P_UNAME] => 김
    [P_RMESG1] => P_VACCT_NO=79013684001302|P_EXP_DT=20260208
    [P_RMESG2] => 
    [P_NOTI] => 
    [P_AUTH_NO] => 
)

 Array
(
    [PageCall time] => 11:21:28
    [P_TID] => INIMX_VBNKCAEcatca0720260129111504495305
    [P_MID] => CAEcatca07
    [P_AUTH_DT] => 20260129112128
    [P_STATUS] => 02
    [P_TYPE] => VBANK
    [P_OID] => 260129-010
    [P_FN_CD1] => 03
    [P_FN_CD2] => 
    [P_FN_NM] => 기업은행
    [P_AMT] => 3500
    [P_UNAME] => 오순탁
    [P_RMESG1] => P_VACCT_NO=07502354897277|P_EXP_DT=20260208
    [P_RMESG2] => 
    [P_NOTI] => 
    [P_AUTH_NO] => 
)

 Array
(
    [PageCall time] => 11:22:22
    [P_TID] => INIMX_VBNKCAEcatca0720260129111920935563
    [P_MID] => CAEcatca07
    [P_AUTH_DT] => 20260129112222
    [P_STATUS] => 02
    [P_TYPE] => VBANK
    [P_OID] => 260129-011
    [P_FN_CD1] => 20
    [P_FN_CD2] => 
    [P_FN_NM] => 우리은행
    [P_AMT] => 3500
    [P_UNAME] => 양정현
    [P_RMESG1] => P_VACCT_NO=27489991418325|P_EXP_DT=20260208
    [P_RMESG2] => 
    [P_NOTI] => 
    [P_AUTH_NO] => 
)

 Array
(
    [PageCall time] => 11:27:05
    [P_TID] => INIMX_VBNKCAEcatca0720260129112348815980
    [P_MID] => CAEcatca07
    [P_AUTH_DT] => 20260129112705
    [P_STATUS] => 02
    [P_TYPE] => VBANK
    [P_OID] => 260129-012
    [P_FN_CD1] => 03
    [P_FN_CD2] => 
    [P_FN_NM] => 기업은행
    [P_AMT] => 3500
    [P_UNAME] => 신성식
    [P_RMESG1] => P_VACCT_NO=07502354897591|P_EXP_DT=20260208
    [P_RMESG2] => 
    [P_NOTI] => 
    [P_AUTH_NO] => 
)

 Array
(
    [PageCall time] => 11:33:09
    [P_TID] => INIMX_VBNKCAEcatca0720260129113006725170
    [P_MID] => CAEcatca07
    [P_AUTH_DT] => 20260129113309
    [P_STATUS] => 02
    [P_TYPE] => VBANK
    [P_OID] => 260129-014
    [P_FN_CD1] => 88
    [P_FN_CD2] => 
    [P_FN_NM] => 신한은행
    [P_AMT] => 3500
    [P_UNAME] => 최기성
    [P_RMESG1] => P_VACCT_NO=56211106817741|P_EXP_DT=20260208
    [P_RMESG2] => 
    [P_NOTI] => 
    [P_AUTH_NO] => 
)

 Array
(
    [PageCall time] => 12:21:03
    [P_TID] => INIMX_VBNKCAEcatca0720260129121752465939
    [P_MID] => CAEcatca07
    [P_AUTH_DT] => 20260129122103
    [P_STATUS] => 02
    [P_TYPE] => VBANK
    [P_OID] => 260129-018
    [P_FN_CD1] => 03
    [P_FN_CD2] => 
    [P_FN_NM] => 기업은행
    [P_AMT] => 3500
    [P_UNAME] => 홍석준
    [P_RMESG1] => P_VACCT_NO=07502355097808|P_EXP_DT=20260208
    [P_RMESG2] => 
    [P_NOTI] => 
    [P_AUTH_NO] => 
)

 Array
(
    [PageCall time] => 13:03:58
    [P_TID] => INIMX_VBNKCAEcatca0720260129125946745286
    [P_MID] => CAEcatca07
    [P_AUTH_DT] => 20260129130357
    [P_STATUS] => 02
    [P_TYPE] => VBANK
    [P_OID] => 260129-019
    [P_FN_CD1] => 11
    [P_FN_CD2] => 
    [P_FN_NM] => NH농협은행
    [P_AMT] => 3500
    [P_UNAME] => 정운주
    [P_RMESG1] => P_VACCT_NO=79013684011216|P_EXP_DT=20260208
    [P_RMESG2] => 
    [P_NOTI] => 
    [P_AUTH_NO] => 
)

 Array
(
    [PageCall time] => 13:15:19
    [P_TID] => INIMX_VBNKCAEcatca0720260128090014235762
    [P_MID] => CAEcatca07
    [P_AUTH_DT] => 20260129131519
    [P_STATUS] => 02
    [P_TYPE] => VBANK
    [P_OID] => 260128-002
    [P_FN_CD1] => 11
    [P_FN_CD2] => 
    [P_FN_NM] => NH농협은행
    [P_AMT] => 3500
    [P_UNAME] => 박경희
    [P_RMESG1] => P_VACCT_NO=79013683880636|P_EXP_DT=20260207
    [P_RMESG2] => 
    [P_NOTI] => 
    [P_AUTH_NO] => 
)

 Array
(
    [PageCall time] => 14:18:01
    [P_TID] => INIMX_VBNKCAEcatca0720260129141521105984
    [P_MID] => CAEcatca07
    [P_AUTH_DT] => 20260129141801
    [P_STATUS] => 02
    [P_TYPE] => VBANK
    [P_OID] => 260129-026
    [P_FN_CD1] => 03
    [P_FN_CD2] => 
    [P_FN_NM] => 기업은행
    [P_AMT] => 3500
    [P_UNAME] => 김다솜
    [P_RMESG1] => P_VACCT_NO=07502356097801|P_EXP_DT=20260208
    [P_RMESG2] => 
    [P_NOTI] => 
    [P_AUTH_NO] => 
)

 Array
(
    [PageCall time] => 14:36:11
    [P_TID] => INIMX_VBNKCAEcatca0720260129143333465488
    [P_MID] => CAEcatca07
    [P_AUTH_DT] => 20260129143611
    [P_STATUS] => 02
    [P_TYPE] => VBANK
    [P_OID] => 260129-029
    [P_FN_CD1] => 20
    [P_FN_CD2] => 
    [P_FN_NM] => 우리은행
    [P_AMT] => 3500
    [P_UNAME] => 조화연
    [P_RMESG1] => P_VACCT_NO=27490000318428|P_EXP_DT=20260208
    [P_RMESG2] => 
    [P_NOTI] => 
    [P_AUTH_NO] => 
)

 Array
(
    [PageCall time] => 14:48:16
    [P_TID] => INIMX_VBNKCAEcatca0720260129112830335487
    [P_MID] => CAEcatca07
    [P_AUTH_DT] => 20260129144816
    [P_STATUS] => 02
    [P_TYPE] => VBANK
    [P_OID] => 260129-013
    [P_FN_CD1] => 39
    [P_FN_CD2] => 
    [P_FN_NM] => 경남은행
    [P_AMT] => 3500
    [P_UNAME] => 한화오션(주)새마을금고
    [P_RMESG1] => P_VACCT_NO=573193463647|P_EXP_DT=20260208
    [P_RMESG2] => 
    [P_NOTI] => 
    [P_AUTH_NO] => 
)

 Array
(
    [PageCall time] => 15:02:50
    [P_TID] => INIMX_VBNKCAEcatca0720260129145954994180
    [P_MID] => CAEcatca07
    [P_AUTH_DT] => 20260129150250
    [P_STATUS] => 02
    [P_TYPE] => VBANK
    [P_OID] => 260129-030
    [P_FN_CD1] => 89
    [P_FN_CD2] => 
    [P_FN_NM] => 케이뱅크
    [P_AMT] => 3500
    [P_UNAME] => 박진선
    [P_RMESG1] => P_VACCT_NO=70112000107151|P_EXP_DT=20260208
    [P_RMESG2] => 
    [P_NOTI] => 
    [P_AUTH_NO] => 
)

 Array
(
    [PageCall time] => 15:05:49
    [P_TID] => INIMX_VBNKCAEcatca0720260129150323394412
    [P_MID] => CAEcatca07
    [P_AUTH_DT] => 20260129150549
    [P_STATUS] => 02
    [P_TYPE] => VBANK
    [P_OID] => 260129-031
    [P_FN_CD1] => 04
    [P_FN_CD2] => 
    [P_FN_NM] => KB국민은행
    [P_AMT] => 3500
    [P_UNAME] => 이광섭
    [P_RMESG1] => P_VACCT_NO=99449014399216|P_EXP_DT=20260208
    [P_RMESG2] => 
    [P_NOTI] => 
    [P_AUTH_NO] => 
)

 Array
(
    [PageCall time] => 15:37:14
    [P_TID] => INIMX_VBNKCAEcatca0720260129153430785692
    [P_MID] => CAEcatca07
    [P_AUTH_DT] => 20260129153714
    [P_STATUS] => 02
    [P_TYPE] => VBANK
    [P_OID] => 260129-033
    [P_FN_CD1] => 04
    [P_FN_CD2] => 
    [P_FN_NM] => KB국민은행
    [P_AMT] => 3500
    [P_UNAME] => 최보미
    [P_RMESG1] => P_VACCT_NO=26159078720305|P_EXP_DT=20260208
    [P_RMESG2] => 
    [P_NOTI] => 
    [P_AUTH_NO] => 
)

 Array
(
    [PageCall time] => 15:49:10
    [P_TID] => INIMX_VBNKCAEcatca0720260129154825925442
    [P_MID] => CAEcatca07
    [P_AUTH_DT] => 20260129154910
    [P_STATUS] => 02
    [P_TYPE] => VBANK
    [P_OID] => 260129-034
    [P_FN_CD1] => 11
    [P_FN_CD2] => 
    [P_FN_NM] => NH농협은행
    [P_AMT] => 3500
    [P_UNAME] => 이예림
    [P_RMESG1] => P_VACCT_NO=79013684033765|P_EXP_DT=20260208
    [P_RMESG2] => 
    [P_NOTI] => 
    [P_AUTH_NO] => 
)

 Array
(
    [PageCall time] => 16:01:16
    [P_TID] => INIMX_VBNKCAEcatca0720260129155827305757
    [P_MID] => CAEcatca07
    [P_AUTH_DT] => 20260129160116
    [P_STATUS] => 02
    [P_TYPE] => VBANK
    [P_OID] => 260129-035
    [P_FN_CD1] => 88
    [P_FN_CD2] => 
    [P_FN_NM] => 신한은행
    [P_AMT] => 3500
    [P_UNAME] => 조병준
    [P_RMESG1] => P_VACCT_NO=56211102935924|P_EXP_DT=20260208
    [P_RMESG2] => 
    [P_NOTI] => 
    [P_AUTH_NO] => 
)

 Array
(
    [PageCall time] => 16:52:22
    [P_TID] => INIMX_VBNKCAEcatca0720260129164819375520
    [P_MID] => CAEcatca07
    [P_AUTH_DT] => 20260129165222
    [P_STATUS] => 02
    [P_TYPE] => VBANK
    [P_OID] => 260129-037
    [P_FN_CD1] => 88
    [P_FN_CD2] => 
    [P_FN_NM] => 신한은행
    [P_AMT] => 3500
    [P_UNAME] => 마리아
    [P_RMESG1] => P_VACCT_NO=56211102943534|P_EXP_DT=20260208
    [P_RMESG2] => 
    [P_NOTI] => 
    [P_AUTH_NO] => 
)

 Array
(
    [PageCall time] => 17:33:44
    [P_TID] => INIMX_VBNKCAEcatca0720260129173052775045
    [P_MID] => CAEcatca07
    [P_AUTH_DT] => 20260129173344
    [P_STATUS] => 02
    [P_TYPE] => VBANK
    [P_OID] => 260129-032
    [P_FN_CD1] => 81
    [P_FN_CD2] => 
    [P_FN_NM] => 하나은행
    [P_AMT] => 3500
    [P_UNAME] => 김진정
    [P_RMESG1] => P_VACCT_NO=20893990382337|P_EXP_DT=20260208
    [P_RMESG2] => 
    [P_NOTI] => 
    [P_AUTH_NO] => 
)

 Array
(
    [PageCall time] => 18:05:35
    [P_TID] => INIMX_VBNKCAEcatca0720260129180447365770
    [P_MID] => CAEcatca07
    [P_AUTH_DT] => 20260129180535
    [P_STATUS] => 02
    [P_TYPE] => VBANK
    [P_OID] => 260129-040
    [P_FN_CD1] => 11
    [P_FN_CD2] => 
    [P_FN_NM] => NH농협은행
    [P_AMT] => 3500
    [P_UNAME] => 금미혜
    [P_RMESG1] => P_VACCT_NO=79013684051147|P_EXP_DT=20260208
    [P_RMESG2] => 
    [P_NOTI] => 
    [P_AUTH_NO] => 
)

 Array
(
    [PageCall time] => 18:17:03
    [P_TID] => INIMX_VBNKCAEcatca0720260129181405625580
    [P_MID] => CAEcatca07
    [P_AUTH_DT] => 20260129181703
    [P_STATUS] => 02
    [P_TYPE] => VBANK
    [P_OID] => 260129-041
    [P_FN_CD1] => 04
    [P_FN_CD2] => 
    [P_FN_NM] => KB국민은행
    [P_AMT] => 3500
    [P_UNAME] => 정혜경
    [P_RMESG1] => P_VACCT_NO=39319011009456|P_EXP_DT=20260208
    [P_RMESG2] => 
    [P_NOTI] => 
    [P_AUTH_NO] => 
)

 Array
(
    [PageCall time] => 20:50:46
    [P_TID] => INIMX_VBNKCAEcatca0720260129205003555308
    [P_MID] => CAEcatca07
    [P_AUTH_DT] => 20260129205046
    [P_STATUS] => 02
    [P_TYPE] => VBANK
    [P_OID] => 260129-042
    [P_FN_CD1] => 11
    [P_FN_CD2] => 
    [P_FN_NM] => NH농협은행
    [P_AMT] => 3500
    [P_UNAME] => 이승주
    [P_RMESG1] => P_VACCT_NO=79013684068226|P_EXP_DT=20260208
    [P_RMESG2] => 
    [P_NOTI] => 
    [P_AUTH_NO] => 
)

 Array
(
    [PageCall time] => 22:02:08
    [P_TID] => INIMX_VBNKCAEcatca0720260129215825335210
    [P_MID] => CAEcatca07
    [P_AUTH_DT] => 20260129220208
    [P_STATUS] => 02
    [P_TYPE] => VBANK
    [P_OID] => 260129-044
    [P_FN_CD1] => 03
    [P_FN_CD2] => 
    [P_FN_NM] => 기업은행
    [P_AMT] => 3500
    [P_UNAME] => 이근버
    [P_RMESG1] => P_VACCT_NO=07502358797954|P_EXP_DT=20260208
    [P_RMESG2] => 
    [P_NOTI] => 
    [P_AUTH_NO] => 
)

