 Array
(
    [PageCall time] => 01:08:43
    [P_TID] => INIMX_VBNKCAEcatca0720250418010524125334
    [P_MID] => CAEcatca07
    [P_AUTH_DT] => 20250418010843
    [P_STATUS] => 02
    [P_TYPE] => VBANK
    [P_OID] => 250418-001
    [P_FN_CD1] => 88
    [P_FN_CD2] => 
    [P_FN_NM] => 신한은행
    [P_AMT] => 3000
    [P_UNAME] => 이은경
    [P_RMESG1] => P_VACCT_NO=56211105822005|P_EXP_DT=20250428
    [P_RMESG2] => 
    [P_NOTI] => 
    [P_AUTH_NO] => 
)

 Array
(
    [PageCall time] => 08:26:33
    [P_TID] => INIMX_VBNKCAEcatca0720250417234259545297
    [P_MID] => CAEcatca07
    [P_AUTH_DT] => 20250418082633
    [P_STATUS] => 02
    [P_TYPE] => VBANK
    [P_OID] => 250417-032
    [P_FN_CD1] => 88
    [P_FN_CD2] => 
    [P_FN_NM] => 신한은행
    [P_AMT] => 3000
    [P_UNAME] => 김향미
    [P_RMESG1] => P_VACCT_NO=56211105639212|P_EXP_DT=20250427
    [P_RMESG2] => 
    [P_NOTI] => 
    [P_AUTH_NO] => 
)

 Array
(
    [PageCall time] => 08:31:32
    [P_TID] => INIMX_VBNKCAEcatca0720250418082904675143
    [P_MID] => CAEcatca07
    [P_AUTH_DT] => 20250418083132
    [P_STATUS] => 02
    [P_TYPE] => VBANK
    [P_OID] => 250418-002
    [P_FN_CD1] => 04
    [P_FN_CD2] => 
    [P_FN_NM] => KB국민은행
    [P_AMT] => 3000
    [P_UNAME] => 김옥경
    [P_RMESG1] => P_VACCT_NO=26159078016439|P_EXP_DT=20250428
    [P_RMESG2] => 
    [P_NOTI] => 
    [P_AUTH_NO] => 
)

 Array
(
    [PageCall time] => 10:03:37
    [P_TID] => INIMX_VBNKCAEcatca0720250418100316905266
    [P_MID] => CAEcatca07
    [P_AUTH_DT] => 20250418100337
    [P_STATUS] => 02
    [P_TYPE] => VBANK
    [P_OID] => 250418-003
    [P_FN_CD1] => 04
    [P_FN_CD2] => 
    [P_FN_NM] => KB국민은행
    [P_AMT] => 3000
    [P_UNAME] => 황재영
    [P_RMESG1] => P_VACCT_NO=26159078135536|P_EXP_DT=20250428
    [P_RMESG2] => 
    [P_NOTI] => 
    [P_AUTH_NO] => 
)

 Array
(
    [PageCall time] => 11:08:45
    [P_TID] => INIMX_VBNKCAEcatca0720250418105753895747
    [P_MID] => CAEcatca07
    [P_AUTH_DT] => 20250418110845
    [P_STATUS] => 02
    [P_TYPE] => VBANK
    [P_OID] => 250418-008
    [P_FN_CD1] => 04
    [P_FN_CD2] => 
    [P_FN_NM] => KB국민은행
    [P_AMT] => 3000
    [P_UNAME] => 우신토건
    [P_RMESG1] => P_VACCT_NO=40849011963607|P_EXP_DT=20250428
    [P_RMESG2] => 
    [P_NOTI] => 
    [P_AUTH_NO] => 
)

 Array
(
    [PageCall time] => 12:41:10
    [P_TID] => INIMX_VBNKCAEcatca0720250418123832605220
    [P_MID] => CAEcatca07
    [P_AUTH_DT] => 20250418124110
    [P_STATUS] => 02
    [P_TYPE] => VBANK
    [P_OID] => 250418-010
    [P_FN_CD1] => 03
    [P_FN_CD2] => 
    [P_FN_NM] => 기업은행
    [P_AMT] => 3000
    [P_UNAME] => 손동민
    [P_RMESG1] => P_VACCT_NO=07503278697924|P_EXP_DT=20250428
    [P_RMESG2] => 
    [P_NOTI] => 
    [P_AUTH_NO] => 
)

 Array
(
    [PageCall time] => 13:24:57
    [P_TID] => INIMX_VBNKCAEcatca0720250418132103135458
    [P_MID] => CAEcatca07
    [P_AUTH_DT] => 20250418132457
    [P_STATUS] => 02
    [P_TYPE] => VBANK
    [P_OID] => 250418-012
    [P_FN_CD1] => 88
    [P_FN_CD2] => 
    [P_FN_NM] => 신한은행
    [P_AMT] => 3000
    [P_UNAME] => 하희옥
    [P_RMESG1] => P_VACCT_NO=56211106842298|P_EXP_DT=20250428
    [P_RMESG2] => 
    [P_NOTI] => 
    [P_AUTH_NO] => 
)

 Array
(
    [PageCall time] => 13:26:17
    [P_TID] => INIMX_VBNKCAEcatca0720250418130953105530
    [P_MID] => CAEcatca07
    [P_AUTH_DT] => 20250418132617
    [P_STATUS] => 02
    [P_TYPE] => VBANK
    [P_OID] => 250418-011
    [P_FN_CD1] => 81
    [P_FN_CD2] => 
    [P_FN_NM] => 하나은행
    [P_AMT] => 3000
    [P_UNAME] => 임미애
    [P_RMESG1] => P_VACCT_NO=20893815198937|P_EXP_DT=20250428
    [P_RMESG2] => 
    [P_NOTI] => 
    [P_AUTH_NO] => 
)

 Array
(
    [PageCall time] => 14:35:36
    [P_TID] => INIMX_VBNKCAEcatca0720250418143229555324
    [P_MID] => CAEcatca07
    [P_AUTH_DT] => 20250418143536
    [P_STATUS] => 02
    [P_TYPE] => VBANK
    [P_OID] => 250418-017
    [P_FN_CD1] => 20
    [P_FN_CD2] => 
    [P_FN_NM] => 우리은행
    [P_AMT] => 3000
    [P_UNAME] => 김채연
    [P_RMESG1] => P_VACCT_NO=27389544718046|P_EXP_DT=20250428
    [P_RMESG2] => 
    [P_NOTI] => 
    [P_AUTH_NO] => 
)

 Array
(
    [PageCall time] => 14:47:24
    [P_TID] => INIMX_VBNKCAEcatca0720250418143315005577
    [P_MID] => CAEcatca07
    [P_AUTH_DT] => 20250418144724
    [P_STATUS] => 02
    [P_TYPE] => VBANK
    [P_OID] => 250418-009
    [P_FN_CD1] => 03
    [P_FN_CD2] => 
    [P_FN_NM] => 기업은행
    [P_AMT] => 3000
    [P_UNAME] => 유미령
    [P_RMESG1] => P_VACCT_NO=07503281397274|P_EXP_DT=20250428
    [P_RMESG2] => 
    [P_NOTI] => 
    [P_AUTH_NO] => 
)

 Array
(
    [PageCall time] => 16:37:15
    [P_TID] => INIMX_VBNKCAEcatca0720250418163419855368
    [P_MID] => CAEcatca07
    [P_AUTH_DT] => 20250418163715
    [P_STATUS] => 02
    [P_TYPE] => VBANK
    [P_OID] => 250418-019
    [P_FN_CD1] => 20
    [P_FN_CD2] => 
    [P_FN_NM] => 우리은행
    [P_AMT] => 3000
    [P_UNAME] => 김락중
    [P_RMESG1] => P_VACCT_NO=27389556918416|P_EXP_DT=20250428
    [P_RMESG2] => 
    [P_NOTI] => 
    [P_AUTH_NO] => 
)

 Array
(
    [PageCall time] => 21:18:37
    [P_TID] => INIMX_VBNKCAEcatca0720250418211457435409
    [P_MID] => CAEcatca07
    [P_AUTH_DT] => 20250418211837
    [P_STATUS] => 02
    [P_TYPE] => VBANK
    [P_OID] => 250418-024
    [P_FN_CD1] => 03
    [P_FN_CD2] => 
    [P_FN_NM] => 기업은행
    [P_AMT] => 3000
    [P_UNAME] => 임세묵
    [P_RMESG1] => P_VACCT_NO=07503289397761|P_EXP_DT=20250428
    [P_RMESG2] => 
    [P_NOTI] => 
    [P_AUTH_NO] => 
)

 Array
(
    [PageCall time] => 21:51:31
    [P_TID] => INIMX_VBNKCAEcatca0720250418214752105912
    [P_MID] => CAEcatca07
    [P_AUTH_DT] => 20250418215131
    [P_STATUS] => 02
    [P_TYPE] => VBANK
    [P_OID] => 250418-025
    [P_FN_CD1] => 11
    [P_FN_CD2] => 
    [P_FN_NM] => NH농협은행
    [P_AMT] => 3000
    [P_UNAME] => 김광일
    [P_RMESG1] => P_VACCT_NO=79015900945701|P_EXP_DT=20250428
    [P_RMESG2] => 
    [P_NOTI] => 
    [P_AUTH_NO] => 
)

 Array
(
    [PageCall time] => 22:24:41
    [P_TID] => INIMX_VBNKCAEcatca0720250418222122845294
    [P_MID] => CAEcatca07
    [P_AUTH_DT] => 20250418222441
    [P_STATUS] => 02
    [P_TYPE] => VBANK
    [P_OID] => 250418-023
    [P_FN_CD1] => 37
    [P_FN_CD2] => 
    [P_FN_NM] => 전북은행
    [P_AMT] => 3000
    [P_UNAME] => 김수지
    [P_RMESG1] => P_VACCT_NO=9101210039569|P_EXP_DT=20250428
    [P_RMESG2] => 
    [P_NOTI] => 
    [P_AUTH_NO] => 
)

 Array
(
    [PageCall time] => 23:33:12
    [P_TID] => INIMX_VBNKCAEcatca0720250418233017395169
    [P_MID] => CAEcatca07
    [P_AUTH_DT] => 20250418233312
    [P_STATUS] => 02
    [P_TYPE] => VBANK
    [P_OID] => 250418-026
    [P_FN_CD1] => 03
    [P_FN_CD2] => 
    [P_FN_NM] => 기업은행
    [P_AMT] => 3000
    [P_UNAME] => 양호진
    [P_RMESG1] => P_VACCT_NO=07503292197157|P_EXP_DT=20250428
    [P_RMESG2] => 
    [P_NOTI] => 
    [P_AUTH_NO] => 
)

