 Array
(
    [PageCall time] => 09:22:51
    [P_TID] => INIMX_VBNKCAEcatca0720250516091950275423
    [P_MID] => CAEcatca07
    [P_AUTH_DT] => 20250516092251
    [P_STATUS] => 02
    [P_TYPE] => VBANK
    [P_OID] => 250516-002
    [P_FN_CD1] => 81
    [P_FN_CD2] => 
    [P_FN_NM] => 하나은행
    [P_AMT] => 3000
    [P_UNAME] => 정영순
    [P_RMESG1] => P_VACCT_NO=20893958932737|P_EXP_DT=20250526
    [P_RMESG2] => 
    [P_NOTI] => 
    [P_AUTH_NO] => 
)

 Array
(
    [PageCall time] => 09:40:57
    [P_TID] => INIMX_VBNKCAEcatca0720250516093955695101
    [P_MID] => CAEcatca07
    [P_AUTH_DT] => 20250516094057
    [P_STATUS] => 02
    [P_TYPE] => VBANK
    [P_OID] => 250516-003
    [P_FN_CD1] => 04
    [P_FN_CD2] => 
    [P_FN_NM] => KB국민은행
    [P_AMT] => 3000
    [P_UNAME] => 최정선
    [P_RMESG1] => P_VACCT_NO=39449011700376|P_EXP_DT=20250526
    [P_RMESG2] => 
    [P_NOTI] => 
    [P_AUTH_NO] => 
)

 Array
(
    [PageCall time] => 10:54:05
    [P_TID] => INIMX_VBNKCAEcatca0720250516105103505118
    [P_MID] => CAEcatca07
    [P_AUTH_DT] => 20250516105405
    [P_STATUS] => 02
    [P_TYPE] => VBANK
    [P_OID] => 250516-006
    [P_FN_CD1] => 20
    [P_FN_CD2] => 
    [P_FN_NM] => 우리은행
    [P_AMT] => 3000
    [P_UNAME] => 김명순
    [P_RMESG1] => P_VACCT_NO=27489782418625|P_EXP_DT=20250526
    [P_RMESG2] => 
    [P_NOTI] => 
    [P_AUTH_NO] => 
)

 Array
(
    [PageCall time] => 12:11:50
    [P_TID] => INIMX_VBNKCAEcatca0720250516120809344341
    [P_MID] => CAEcatca07
    [P_AUTH_DT] => 20250516121150
    [P_STATUS] => 02
    [P_TYPE] => VBANK
    [P_OID] => 250516-009
    [P_FN_CD1] => 20
    [P_FN_CD2] => 
    [P_FN_NM] => 우리은행
    [P_AMT] => 3000
    [P_UNAME] => 김한영
    [P_RMESG1] => P_VACCT_NO=61842551518587|P_EXP_DT=20250526
    [P_RMESG2] => 
    [P_NOTI] => 
    [P_AUTH_NO] => 
)

 Array
(
    [PageCall time] => 12:20:24
    [P_TID] => INIMX_VBNKCAEcatca0720250516111422914365
    [P_MID] => CAEcatca07
    [P_AUTH_DT] => 20250516122024
    [P_STATUS] => 02
    [P_TYPE] => VBANK
    [P_OID] => 250516-008
    [P_FN_CD1] => 11
    [P_FN_CD2] => 
    [P_FN_NM] => NH농협은행
    [P_AMT] => 3000
    [P_UNAME] => 김형국
    [P_RMESG1] => P_VACCT_NO=79003186852826|P_EXP_DT=20250526
    [P_RMESG2] => 
    [P_NOTI] => 
    [P_AUTH_NO] => 
)

 Array
(
    [PageCall time] => 12:30:37
    [P_TID] => INIMX_VBNKCAEcatca0720250516122743544395
    [P_MID] => CAEcatca07
    [P_AUTH_DT] => 20250516123037
    [P_STATUS] => 02
    [P_TYPE] => VBANK
    [P_OID] => 250512-030
    [P_FN_CD1] => 88
    [P_FN_CD2] => 
    [P_FN_NM] => 신한은행
    [P_AMT] => 3000
    [P_UNAME] => 심아라
    [P_RMESG1] => P_VACCT_NO=56211120494530|P_EXP_DT=20250526
    [P_RMESG2] => 
    [P_NOTI] => 
    [P_AUTH_NO] => 
)

 Array
(
    [PageCall time] => 12:52:51
    [P_TID] => INIMX_VBNKCAEcatca0720250516124924244930
    [P_MID] => CAEcatca07
    [P_AUTH_DT] => 20250516125251
    [P_STATUS] => 02
    [P_TYPE] => VBANK
    [P_OID] => 250514-012
    [P_FN_CD1] => 89
    [P_FN_CD2] => 
    [P_FN_NM] => 케이뱅크
    [P_AMT] => 3000
    [P_UNAME] => 고승영
    [P_RMESG1] => P_VACCT_NO=70112000113278|P_EXP_DT=20250526
    [P_RMESG2] => 
    [P_NOTI] => 
    [P_AUTH_NO] => 
)

 Array
(
    [PageCall time] => 13:15:03
    [P_TID] => INIMX_VBNKCAEcatca0720250516131054955333
    [P_MID] => CAEcatca07
    [P_AUTH_DT] => 20250516131503
    [P_STATUS] => 02
    [P_TYPE] => VBANK
    [P_OID] => 250516-011
    [P_FN_CD1] => 88
    [P_FN_CD2] => 
    [P_FN_NM] => 신한은행
    [P_AMT] => 3000
    [P_UNAME] => 김용상
    [P_RMESG1] => P_VACCT_NO=56211103473600|P_EXP_DT=20250526
    [P_RMESG2] => 
    [P_NOTI] => 
    [P_AUTH_NO] => 
)

 Array
(
    [PageCall time] => 14:58:10
    [P_TID] => INIMX_VBNKCAEcatca0720250516145742584117
    [P_MID] => CAEcatca07
    [P_AUTH_DT] => 20250516145810
    [P_STATUS] => 02
    [P_TYPE] => VBANK
    [P_OID] => 250516-012
    [P_FN_CD1] => 11
    [P_FN_CD2] => 
    [P_FN_NM] => NH농협은행
    [P_AMT] => 3000
    [P_UNAME] => 김규태
    [P_RMESG1] => P_VACCT_NO=79003186870441|P_EXP_DT=20250526
    [P_RMESG2] => 
    [P_NOTI] => 
    [P_AUTH_NO] => 
)

 Array
(
    [PageCall time] => 15:09:11
    [P_TID] => INIMX_VBNKCAEcatca0720250516150201624309
    [P_MID] => CAEcatca07
    [P_AUTH_DT] => 20250516150911
    [P_STATUS] => 02
    [P_TYPE] => VBANK
    [P_OID] => 250516-013
    [P_FN_CD1] => 11
    [P_FN_CD2] => 
    [P_FN_NM] => NH농협은행
    [P_AMT] => 3000
    [P_UNAME] => 최소목
    [P_RMESG1] => P_VACCT_NO=79003186870865|P_EXP_DT=20250526
    [P_RMESG2] => 
    [P_NOTI] => 
    [P_AUTH_NO] => 
)

 Array
(
    [PageCall time] => 15:11:41
    [P_TID] => INIMX_VBNKCAEcatca0720250516150911204084
    [P_MID] => CAEcatca07
    [P_AUTH_DT] => 20250516151141
    [P_STATUS] => 02
    [P_TYPE] => VBANK
    [P_OID] => 250516-014
    [P_FN_CD1] => 03
    [P_FN_CD2] => 
    [P_FN_NM] => 기업은행
    [P_AMT] => 3000
    [P_UNAME] => 진흥연
    [P_RMESG1] => P_VACCT_NO=07503392497365|P_EXP_DT=20250526
    [P_RMESG2] => 
    [P_NOTI] => 
    [P_AUTH_NO] => 
)

 Array
(
    [PageCall time] => 16:08:21
    [P_TID] => INIMX_VBNKCAEcatca0720250516160614165767
    [P_MID] => CAEcatca07
    [P_AUTH_DT] => 20250516160821
    [P_STATUS] => 02
    [P_TYPE] => VBANK
    [P_OID] => 250516-016
    [P_FN_CD1] => 04
    [P_FN_CD2] => 
    [P_FN_NM] => KB국민은행
    [P_AMT] => 3000
    [P_UNAME] => 이평우
    [P_RMESG1] => P_VACCT_NO=26119078036691|P_EXP_DT=20250526
    [P_RMESG2] => 
    [P_NOTI] => 
    [P_AUTH_NO] => 
)

 Array
(
    [PageCall time] => 18:58:34
    [P_TID] => INIMX_VBNKCAEcatca0720250516185542735989
    [P_MID] => CAEcatca07
    [P_AUTH_DT] => 20250516185834
    [P_STATUS] => 02
    [P_TYPE] => VBANK
    [P_OID] => 250516-022
    [P_FN_CD1] => 88
    [P_FN_CD2] => 
    [P_FN_NM] => 신한은행
    [P_AMT] => 3000
    [P_UNAME] => 백진선
    [P_RMESG1] => P_VACCT_NO=56211103500135|P_EXP_DT=20250526
    [P_RMESG2] => 
    [P_NOTI] => 
    [P_AUTH_NO] => 
)

