 Array
(
    [PageCall time] => 00:30:07
    [P_TID] => INIMX_VBNKCAEcatca0720260119002704395290
    [P_MID] => CAEcatca07
    [P_AUTH_DT] => 20260119003007
    [P_STATUS] => 02
    [P_TYPE] => VBANK
    [P_OID] => 260119-001
    [P_FN_CD1] => 04
    [P_FN_CD2] => 
    [P_FN_NM] => KB국민은행
    [P_AMT] => 3500
    [P_UNAME] => 윤두원
    [P_RMESG1] => P_VACCT_NO=60539014984789|P_EXP_DT=20260129
    [P_RMESG2] => 
    [P_NOTI] => 
    [P_AUTH_NO] => 
)

 Array
(
    [PageCall time] => 09:18:16
    [P_TID] => INIMX_VBNKCAEcatca0720260119091646715356
    [P_MID] => CAEcatca07
    [P_AUTH_DT] => 20260119091816
    [P_STATUS] => 02
    [P_TYPE] => VBANK
    [P_OID] => 260119-002
    [P_FN_CD1] => 11
    [P_FN_CD2] => 
    [P_FN_NM] => NH농협은행
    [P_AMT] => 3500
    [P_UNAME] => 정경순
    [P_RMESG1] => P_VACCT_NO=79010591725116|P_EXP_DT=20260129
    [P_RMESG2] => 
    [P_NOTI] => 
    [P_AUTH_NO] => 
)

 Array
(
    [PageCall time] => 10:29:36
    [P_TID] => INIMX_VBNKCAEcatca0720260119102627535172
    [P_MID] => CAEcatca07
    [P_AUTH_DT] => 20260119102935
    [P_STATUS] => 02
    [P_TYPE] => VBANK
    [P_OID] => 260119-005
    [P_FN_CD1] => 04
    [P_FN_CD2] => 
    [P_FN_NM] => KB국민은행
    [P_AMT] => 3500
    [P_UNAME] => 강미영
    [P_RMESG1] => P_VACCT_NO=26029078614548|P_EXP_DT=20260129
    [P_RMESG2] => 
    [P_NOTI] => 
    [P_AUTH_NO] => 
)

 Array
(
    [PageCall time] => 10:43:03
    [P_TID] => INIMX_VBNKCAEcatca0720260119103859385568
    [P_MID] => CAEcatca07
    [P_AUTH_DT] => 20260119104303
    [P_STATUS] => 02
    [P_TYPE] => VBANK
    [P_OID] => 260119-006
    [P_FN_CD1] => 03
    [P_FN_CD2] => 
    [P_FN_NM] => 기업은행
    [P_AMT] => 3500
    [P_UNAME] => 지홍선
    [P_RMESG1] => P_VACCT_NO=07502293397346|P_EXP_DT=20260129
    [P_RMESG2] => 
    [P_NOTI] => 
    [P_AUTH_NO] => 
)

 Array
(
    [PageCall time] => 10:50:09
    [P_TID] => INIMX_VBNKCAEcatca0720260119104716825005
    [P_MID] => CAEcatca07
    [P_AUTH_DT] => 20260119105009
    [P_STATUS] => 02
    [P_TYPE] => VBANK
    [P_OID] => 260119-009
    [P_FN_CD1] => 81
    [P_FN_CD2] => 
    [P_FN_NM] => 하나은행
    [P_AMT] => 3500
    [P_UNAME] => 최영민
    [P_RMESG1] => P_VACCT_NO=20893942109837|P_EXP_DT=20260129
    [P_RMESG2] => 
    [P_NOTI] => 
    [P_AUTH_NO] => 
)

 Array
(
    [PageCall time] => 10:58:08
    [P_TID] => INIMX_VBNKCAEcatca0720260119105456495136
    [P_MID] => CAEcatca07
    [P_AUTH_DT] => 20260119105808
    [P_STATUS] => 02
    [P_TYPE] => VBANK
    [P_OID] => 260119-012
    [P_FN_CD1] => 04
    [P_FN_CD2] => 
    [P_FN_NM] => KB국민은행
    [P_AMT] => 3500
    [P_UNAME] => 정종욱
    [P_RMESG1] => P_VACCT_NO=26029078721060|P_EXP_DT=20260129
    [P_RMESG2] => 
    [P_NOTI] => 
    [P_AUTH_NO] => 
)

 Array
(
    [PageCall time] => 11:01:31
    [P_TID] => INIMX_VBNKCAEcatca0720260119105857995281
    [P_MID] => CAEcatca07
    [P_AUTH_DT] => 20260119110131
    [P_STATUS] => 02
    [P_TYPE] => VBANK
    [P_OID] => 260119-014
    [P_FN_CD1] => 88
    [P_FN_CD2] => 
    [P_FN_NM] => 신한은행
    [P_AMT] => 3500
    [P_UNAME] => 이정미
    [P_RMESG1] => P_VACCT_NO=56211102199423|P_EXP_DT=20260129
    [P_RMESG2] => 
    [P_NOTI] => 
    [P_AUTH_NO] => 
)

 Array
(
    [PageCall time] => 11:27:10
    [P_TID] => INIMX_VBNKCAEcatca0720260119112127415097
    [P_MID] => CAEcatca07
    [P_AUTH_DT] => 20260119112710
    [P_STATUS] => 02
    [P_TYPE] => VBANK
    [P_OID] => 260119-013
    [P_FN_CD1] => 88
    [P_FN_CD2] => 
    [P_FN_NM] => 신한은행
    [P_AMT] => 3500
    [P_UNAME] => 임순애
    [P_RMESG1] => P_VACCT_NO=56211102202167|P_EXP_DT=20260129
    [P_RMESG2] => 
    [P_NOTI] => 
    [P_AUTH_NO] => 
)

 Array
(
    [PageCall time] => 11:30:47
    [P_TID] => INIMX_VBNKCAEcatca0720260119112715595437
    [P_MID] => CAEcatca07
    [P_AUTH_DT] => 20260119113047
    [P_STATUS] => 02
    [P_TYPE] => VBANK
    [P_OID] => 260119-017
    [P_FN_CD1] => 37
    [P_FN_CD2] => 
    [P_FN_NM] => 전북은행
    [P_AMT] => 3500
    [P_UNAME] => 장옥자
    [P_RMESG1] => P_VACCT_NO=9101210012041|P_EXP_DT=20260129
    [P_RMESG2] => 
    [P_NOTI] => 
    [P_AUTH_NO] => 
)

 Array
(
    [PageCall time] => 13:28:04
    [P_TID] => INIMX_VBNKCAEcatca0720260119132648414899
    [P_MID] => CAEcatca07
    [P_AUTH_DT] => 20260119132804
    [P_STATUS] => 02
    [P_TYPE] => VBANK
    [P_OID] => 260119-019
    [P_FN_CD1] => 11
    [P_FN_CD2] => 
    [P_FN_NM] => NH농협은행
    [P_AMT] => 3500
    [P_UNAME] => 한주연
    [P_RMESG1] => P_VACCT_NO=79006424274805|P_EXP_DT=20260129
    [P_RMESG2] => 
    [P_NOTI] => 
    [P_AUTH_NO] => 
)

 Array
(
    [PageCall time] => 13:43:32
    [P_TID] => INIMX_VBNKCAEcatca0720260119134213995895
    [P_MID] => CAEcatca07
    [P_AUTH_DT] => 20260119134332
    [P_STATUS] => 02
    [P_TYPE] => VBANK
    [P_OID] => 260119-020
    [P_FN_CD1] => 11
    [P_FN_CD2] => 
    [P_FN_NM] => NH농협은행
    [P_AMT] => 3500
    [P_UNAME] => 배창훈
    [P_RMESG1] => P_VACCT_NO=79010591783967|P_EXP_DT=20260129
    [P_RMESG2] => 
    [P_NOTI] => 
    [P_AUTH_NO] => 
)

 Array
(
    [PageCall time] => 14:07:41
    [P_TID] => INIMX_VBNKCAEcatca0720260119140402414707
    [P_MID] => CAEcatca07
    [P_AUTH_DT] => 20260119140741
    [P_STATUS] => 02
    [P_TYPE] => VBANK
    [P_OID] => 260119-022
    [P_FN_CD1] => 04
    [P_FN_CD2] => 
    [P_FN_NM] => KB국민은행
    [P_AMT] => 3500
    [P_UNAME] => 조영훈
    [P_RMESG1] => P_VACCT_NO=99449014095943|P_EXP_DT=20260129
    [P_RMESG2] => 
    [P_NOTI] => 
    [P_AUTH_NO] => 
)

 Array
(
    [PageCall time] => 14:17:09
    [P_TID] => INIMX_VBNKCAEcatca0720260119141617155412
    [P_MID] => CAEcatca07
    [P_AUTH_DT] => 20260119141709
    [P_STATUS] => 02
    [P_TYPE] => VBANK
    [P_OID] => 260119-026
    [P_FN_CD1] => 11
    [P_FN_CD2] => 
    [P_FN_NM] => NH농협은행
    [P_AMT] => 3500
    [P_UNAME] => 강우진
    [P_RMESG1] => P_VACCT_NO=79010591791009|P_EXP_DT=20260129
    [P_RMESG2] => 
    [P_NOTI] => 
    [P_AUTH_NO] => 
)

 Array
(
    [PageCall time] => 14:50:33
    [P_TID] => INIMX_VBNKCAEcatca0720260119144943515417
    [P_MID] => CAEcatca07
    [P_AUTH_DT] => 20260119145033
    [P_STATUS] => 02
    [P_TYPE] => VBANK
    [P_OID] => 260119-028
    [P_FN_CD1] => 11
    [P_FN_CD2] => 
    [P_FN_NM] => NH농협은행
    [P_AMT] => 3500
    [P_UNAME] => 황현철
    [P_RMESG1] => P_VACCT_NO=79010591798648|P_EXP_DT=20260129
    [P_RMESG2] => 
    [P_NOTI] => 
    [P_AUTH_NO] => 
)

 Array
(
    [PageCall time] => 14:52:22
    [P_TID] => INIMX_VBNKCAEcatca0720260119144925615175
    [P_MID] => CAEcatca07
    [P_AUTH_DT] => 20260119145222
    [P_STATUS] => 02
    [P_TYPE] => VBANK
    [P_OID] => 260119-029
    [P_FN_CD1] => 03
    [P_FN_CD2] => 
    [P_FN_NM] => 기업은행
    [P_AMT] => 3500
    [P_UNAME] => 황정심
    [P_RMESG1] => P_VACCT_NO=07502297297440|P_EXP_DT=20260129
    [P_RMESG2] => 
    [P_NOTI] => 
    [P_AUTH_NO] => 
)

 Array
(
    [PageCall time] => 15:15:39
    [P_TID] => INIMX_VBNKCAEcatca0720260119151238364752
    [P_MID] => CAEcatca07
    [P_AUTH_DT] => 20260119151539
    [P_STATUS] => 02
    [P_TYPE] => VBANK
    [P_OID] => 260119-031
    [P_FN_CD1] => 03
    [P_FN_CD2] => 
    [P_FN_NM] => 기업은행
    [P_AMT] => 3500
    [P_UNAME] => 이명동
    [P_RMESG1] => P_VACCT_NO=07500553997021|P_EXP_DT=20260129
    [P_RMESG2] => 
    [P_NOTI] => 
    [P_AUTH_NO] => 
)

 Array
(
    [PageCall time] => 15:30:02
    [P_TID] => INIMX_VBNKCAEcatca0720260119152649904766
    [P_MID] => CAEcatca07
    [P_AUTH_DT] => 20260119153002
    [P_STATUS] => 02
    [P_TYPE] => VBANK
    [P_OID] => 260119-032
    [P_FN_CD1] => 32
    [P_FN_CD2] => 
    [P_FN_NM] => 부산은행
    [P_AMT] => 3500
    [P_UNAME] => 김유미
    [P_RMESG1] => P_VACCT_NO=109921165761|P_EXP_DT=20260129
    [P_RMESG2] => 
    [P_NOTI] => 
    [P_AUTH_NO] => 
)

 Array
(
    [PageCall time] => 15:30:50
    [P_TID] => INIMX_VBNKCAEcatca0720260119152759205557
    [P_MID] => CAEcatca07
    [P_AUTH_DT] => 20260119153050
    [P_STATUS] => 02
    [P_TYPE] => VBANK
    [P_OID] => 260119-033
    [P_FN_CD1] => 88
    [P_FN_CD2] => 
    [P_FN_NM] => 신한은행
    [P_AMT] => 3500
    [P_UNAME] => 한흥섭
    [P_RMESG1] => P_VACCT_NO=56211102235590|P_EXP_DT=20260129
    [P_RMESG2] => 
    [P_NOTI] => 
    [P_AUTH_NO] => 
)

 Array
(
    [PageCall time] => 16:02:36
    [P_TID] => INIMX_VBNKCAEcatca0720260119155926194020
    [P_MID] => CAEcatca07
    [P_AUTH_DT] => 20260119160236
    [P_STATUS] => 02
    [P_TYPE] => VBANK
    [P_OID] => 260119-034
    [P_FN_CD1] => 04
    [P_FN_CD2] => 
    [P_FN_NM] => KB국민은행
    [P_AMT] => 3500
    [P_UNAME] => 장정윤
    [P_RMESG1] => P_VACCT_NO=99449014101174|P_EXP_DT=20260129
    [P_RMESG2] => 
    [P_NOTI] => 
    [P_AUTH_NO] => 
)

 Array
(
    [PageCall time] => 16:25:12
    [P_TID] => INIMX_VBNKCAEcatca0720260119162257515539
    [P_MID] => CAEcatca07
    [P_AUTH_DT] => 20260119162512
    [P_STATUS] => 02
    [P_TYPE] => VBANK
    [P_OID] => 260119-030
    [P_FN_CD1] => 11
    [P_FN_CD2] => 
    [P_FN_NM] => NH농협은행
    [P_AMT] => 3500
    [P_UNAME] => 이정현
    [P_RMESG1] => P_VACCT_NO=79010591817138|P_EXP_DT=20260129
    [P_RMESG2] => 
    [P_NOTI] => 
    [P_AUTH_NO] => 
)

 Array
(
    [PageCall time] => 17:02:18
    [P_TID] => INIMX_VBNKCAEcatca0720260119165857625927
    [P_MID] => CAEcatca07
    [P_AUTH_DT] => 20260119170218
    [P_STATUS] => 02
    [P_TYPE] => VBANK
    [P_OID] => 260119-035
    [P_FN_CD1] => 04
    [P_FN_CD2] => 
    [P_FN_NM] => KB국민은행
    [P_AMT] => 3500
    [P_UNAME] => 버니네
    [P_RMESG1] => P_VACCT_NO=70149014053039|P_EXP_DT=20260129
    [P_RMESG2] => 
    [P_NOTI] => 
    [P_AUTH_NO] => 
)

 Array
(
    [PageCall time] => 17:34:37
    [P_TID] => INIMX_VBNKCAEcatca0720260119173124225014
    [P_MID] => CAEcatca07
    [P_AUTH_DT] => 20260119173437
    [P_STATUS] => 02
    [P_TYPE] => VBANK
    [P_OID] => 260119-036
    [P_FN_CD1] => 81
    [P_FN_CD2] => 
    [P_FN_NM] => 하나은행
    [P_AMT] => 3500
    [P_UNAME] => 정형미
    [P_RMESG1] => P_VACCT_NO=20893944835937|P_EXP_DT=20260129
    [P_RMESG2] => 
    [P_NOTI] => 
    [P_AUTH_NO] => 
)

 Array
(
    [PageCall time] => 18:26:48
    [P_TID] => INIMX_VBNKCAEcatca0720260119182346515934
    [P_MID] => CAEcatca07
    [P_AUTH_DT] => 20260119182648
    [P_STATUS] => 02
    [P_TYPE] => VBANK
    [P_OID] => 260112-045
    [P_FN_CD1] => 20
    [P_FN_CD2] => 
    [P_FN_NM] => 우리은행
    [P_AMT] => 3500
    [P_UNAME] => 김기주
    [P_RMESG1] => P_VACCT_NO=27489632518512|P_EXP_DT=20260129
    [P_RMESG2] => 
    [P_NOTI] => 
    [P_AUTH_NO] => 
)

 Array
(
    [PageCall time] => 20:23:33
    [P_TID] => INIMX_VBNKCAEcatca0720260119202023975843
    [P_MID] => CAEcatca07
    [P_AUTH_DT] => 20260119202333
    [P_STATUS] => 02
    [P_TYPE] => VBANK
    [P_OID] => 260119-037
    [P_FN_CD1] => 88
    [P_FN_CD2] => 
    [P_FN_NM] => 신한은행
    [P_AMT] => 3500
    [P_UNAME] => 장승희
    [P_RMESG1] => P_VACCT_NO=56211102271213|P_EXP_DT=20260129
    [P_RMESG2] => 
    [P_NOTI] => 
    [P_AUTH_NO] => 
)

 Array
(
    [PageCall time] => 20:26:03
    [P_TID] => INIMX_VBNKCAEcatca0720260119202321645316
    [P_MID] => CAEcatca07
    [P_AUTH_DT] => 20260119202603
    [P_STATUS] => 02
    [P_TYPE] => VBANK
    [P_OID] => 260119-038
    [P_FN_CD1] => 88
    [P_FN_CD2] => 
    [P_FN_NM] => 신한은행
    [P_AMT] => 3500
    [P_UNAME] => 권승희
    [P_RMESG1] => P_VACCT_NO=56211102271567|P_EXP_DT=20260129
    [P_RMESG2] => 
    [P_NOTI] => 
    [P_AUTH_NO] => 
)

 Array
(
    [PageCall time] => 21:54:47
    [P_TID] => INIMX_VBNKCAEcatca0720260119211617825880
    [P_MID] => CAEcatca07
    [P_AUTH_DT] => 20260119215447
    [P_STATUS] => 02
    [P_TYPE] => VBANK
    [P_OID] => 260119-039
    [P_FN_CD1] => 88
    [P_FN_CD2] => 
    [P_FN_NM] => 신한은행
    [P_AMT] => 3500
    [P_UNAME] => 이재국
    [P_RMESG1] => P_VACCT_NO=56211102276556|P_EXP_DT=20260129
    [P_RMESG2] => 
    [P_NOTI] => 
    [P_AUTH_NO] => 
)

 Array
(
    [PageCall time] => 21:55:43
    [P_TID] => INIMX_VBNKCAEcatca0720260119215310665917
    [P_MID] => CAEcatca07
    [P_AUTH_DT] => 20260119215543
    [P_STATUS] => 02
    [P_TYPE] => VBANK
    [P_OID] => 260119-040
    [P_FN_CD1] => 04
    [P_FN_CD2] => 
    [P_FN_NM] => KB국민은행
    [P_AMT] => 3500
    [P_UNAME] => 진수연
    [P_RMESG1] => P_VACCT_NO=70149014084514|P_EXP_DT=20260129
    [P_RMESG2] => 
    [P_NOTI] => 
    [P_AUTH_NO] => 
)

 Array
(
    [PageCall time] => 22:21:54
    [P_TID] => INIMX_VBNKCAEcatca0720260119221852825508
    [P_MID] => CAEcatca07
    [P_AUTH_DT] => 20260119222154
    [P_STATUS] => 02
    [P_TYPE] => VBANK
    [P_OID] => 260119-042
    [P_FN_CD1] => 20
    [P_FN_CD2] => 
    [P_FN_NM] => 우리은행
    [P_AMT] => 3500
    [P_UNAME] => 조완성
    [P_RMESG1] => P_VACCT_NO=27489639118933|P_EXP_DT=20260129
    [P_RMESG2] => 
    [P_NOTI] => 
    [P_AUTH_NO] => 
)

 Array
(
    [PageCall time] => 22:32:57
    [P_TID] => INIMX_VBNKCAEcatca0720260119222829695696
    [P_MID] => CAEcatca07
    [P_AUTH_DT] => 20260119223256
    [P_STATUS] => 02
    [P_TYPE] => VBANK
    [P_OID] => 260119-023
    [P_FN_CD1] => 20
    [P_FN_CD2] => 
    [P_FN_NM] => 우리은행
    [P_AMT] => 3500
    [P_UNAME] => 박성례
    [P_RMESG1] => P_VACCT_NO=27489640418269|P_EXP_DT=20260129
    [P_RMESG2] => 
    [P_NOTI] => 
    [P_AUTH_NO] => 
)

