 Array
(
    [PageCall time] => 11:18:46
    [P_TID] => INIMX_VBNKCAEcatca0720251116111440685970
    [P_MID] => CAEcatca07
    [P_AUTH_DT] => 20251116111846
    [P_STATUS] => 02
    [P_TYPE] => VBANK
    [P_OID] => 251116-004
    [P_FN_CD1] => 04
    [P_FN_CD2] => 
    [P_FN_NM] => KB국민은행
    [P_AMT] => 3000
    [P_UNAME] => 이성호
    [P_RMESG1] => P_VACCT_NO=26119078525782|P_EXP_DT=20251126
    [P_RMESG2] => 
    [P_NOTI] => 
    [P_AUTH_NO] => 
)

 Array
(
    [PageCall time] => 16:06:15
    [P_TID] => INIMX_VBNKCAEcatca0720251116160536485129
    [P_MID] => CAEcatca07
    [P_AUTH_DT] => 20251116160615
    [P_STATUS] => 02
    [P_TYPE] => VBANK
    [P_OID] => 251116-007
    [P_FN_CD1] => 11
    [P_FN_CD2] => 
    [P_FN_NM] => NH농협은행
    [P_AMT] => 3000
    [P_UNAME] => XUYINGAI
    [P_RMESG1] => P_VACCT_NO=79015902413883|P_EXP_DT=20251126
    [P_RMESG2] => 
    [P_NOTI] => 
    [P_AUTH_NO] => 
)

 Array
(
    [PageCall time] => 20:24:46
    [P_TID] => INIMX_VBNKCAEcatca0720251116202213115809
    [P_MID] => CAEcatca07
    [P_AUTH_DT] => 20251116202446
    [P_STATUS] => 02
    [P_TYPE] => VBANK
    [P_OID] => 251116-009
    [P_FN_CD1] => 03
    [P_FN_CD2] => 
    [P_FN_NM] => 기업은행
    [P_AMT] => 3000
    [P_UNAME] => 임대근
    [P_RMESG1] => P_VACCT_NO=07502284597704|P_EXP_DT=20251126
    [P_RMESG2] => 
    [P_NOTI] => 
    [P_AUTH_NO] => 
)

 Array
(
    [PageCall time] => 21:25:01
    [P_TID] => INIMX_VBNKCAEcatca0720251116212207235710
    [P_MID] => CAEcatca07
    [P_AUTH_DT] => 20251116212501
    [P_STATUS] => 02
    [P_TYPE] => VBANK
    [P_OID] => 251116-011
    [P_FN_CD1] => 04
    [P_FN_CD2] => 
    [P_FN_NM] => KB국민은행
    [P_AMT] => 3000
    [P_UNAME] => 황지민
    [P_RMESG1] => P_VACCT_NO=26119078175257|P_EXP_DT=20251126
    [P_RMESG2] => 
    [P_NOTI] => 
    [P_AUTH_NO] => 
)

 Array
(
    [PageCall time] => 21:27:59
    [P_TID] => INIMX_VBNKCAEcatca0720251116212528875113
    [P_MID] => CAEcatca07
    [P_AUTH_DT] => 20251116212759
    [P_STATUS] => 02
    [P_TYPE] => VBANK
    [P_OID] => 251116-012
    [P_FN_CD1] => 04
    [P_FN_CD2] => 
    [P_FN_NM] => KB국민은행
    [P_AMT] => 3000
    [P_UNAME] => 권혁민
    [P_RMESG1] => P_VACCT_NO=26119078175778|P_EXP_DT=20251126
    [P_RMESG2] => 
    [P_NOTI] => 
    [P_AUTH_NO] => 
)

 Array
(
    [PageCall time] => 21:49:26
    [P_TID] => INIMX_VBNKCAEcatca0720251116204318905550
    [P_MID] => CAEcatca07
    [P_AUTH_DT] => 20251116214926
    [P_STATUS] => 02
    [P_TYPE] => VBANK
    [P_OID] => 251116-010
    [P_FN_CD1] => 88
    [P_FN_CD2] => 
    [P_FN_NM] => 신한은행
    [P_AMT] => 3000
    [P_UNAME] => 이우진
    [P_RMESG1] => P_VACCT_NO=56211105798876|P_EXP_DT=20251126
    [P_RMESG2] => 
    [P_NOTI] => 
    [P_AUTH_NO] => 
)

