 Array
(
    [PageCall time] => 08:37:57
    [P_TID] => INIMX_VBNKCAEcatca0720260413083453375529
    [P_MID] => CAEcatca07
    [P_AUTH_DT] => 20260413083757
    [P_STATUS] => 02
    [P_TYPE] => VBANK
    [P_OID] => 260413-001
    [P_FN_CD1] => 04
    [P_FN_CD2] => 
    [P_FN_NM] => KB국민은행
    [P_AMT] => 3500
    [P_UNAME] => 박천수
    [P_RMESG1] => P_VACCT_NO=50169079015999|P_EXP_DT=20260423
    [P_RMESG2] => 
    [P_NOTI] => 
    [P_AUTH_NO] => 
)

 Array
(
    [PageCall time] => 09:19:43
    [P_TID] => INIMX_VBNKCAEcatca0720260413091646275490
    [P_MID] => CAEcatca07
    [P_AUTH_DT] => 20260413091943
    [P_STATUS] => 02
    [P_TYPE] => VBANK
    [P_OID] => 260413-002
    [P_FN_CD1] => 04
    [P_FN_CD2] => 
    [P_FN_NM] => KB국민은행
    [P_AMT] => 3500
    [P_UNAME] => 우종석
    [P_RMESG1] => P_VACCT_NO=50169079446227|P_EXP_DT=20260423
    [P_RMESG2] => 
    [P_NOTI] => 
    [P_AUTH_NO] => 
)

 Array
(
    [PageCall time] => 09:21:30
    [P_TID] => INIMX_VBNKCAEcatca0720260413091837495071
    [P_MID] => CAEcatca07
    [P_AUTH_DT] => 20260413092130
    [P_STATUS] => 02
    [P_TYPE] => VBANK
    [P_OID] => 260411-013
    [P_FN_CD1] => 04
    [P_FN_CD2] => 
    [P_FN_NM] => KB국민은행
    [P_AMT] => 3500
    [P_UNAME] => 신수원
    [P_RMESG1] => P_VACCT_NO=50169079450228|P_EXP_DT=20260423
    [P_RMESG2] => 
    [P_NOTI] => 
    [P_AUTH_NO] => 
)

 Array
(
    [PageCall time] => 09:54:18
    [P_TID] => INIMX_VBNKCAEcatca0720260413095155135998
    [P_MID] => CAEcatca07
    [P_AUTH_DT] => 20260413095418
    [P_STATUS] => 02
    [P_TYPE] => VBANK
    [P_OID] => 260413-004
    [P_FN_CD1] => 89
    [P_FN_CD2] => 
    [P_FN_NM] => 케이뱅크
    [P_AMT] => 3500
    [P_UNAME] => 김수연
    [P_RMESG1] => P_VACCT_NO=70112003988853|P_EXP_DT=20260423
    [P_RMESG2] => 
    [P_NOTI] => 
    [P_AUTH_NO] => 
)

 Array
(
    [PageCall time] => 10:12:00
    [P_TID] => INIMX_VBNKCAEcatca0720260413100941375518
    [P_MID] => CAEcatca07
    [P_AUTH_DT] => 20260413101200
    [P_STATUS] => 02
    [P_TYPE] => VBANK
    [P_OID] => 260413-006
    [P_FN_CD1] => 71
    [P_FN_CD2] => 
    [P_FN_NM] => 우체국
    [P_AMT] => 3500
    [P_UNAME] => 김세영
    [P_RMESG1] => P_VACCT_NO=01397981023101|P_EXP_DT=20260423
    [P_RMESG2] => 
    [P_NOTI] => 
    [P_AUTH_NO] => 
)

 Array
(
    [PageCall time] => 10:15:25
    [P_TID] => INIMX_VBNKCAEcatca0720260413101227535700
    [P_MID] => CAEcatca07
    [P_AUTH_DT] => 20260413101525
    [P_STATUS] => 02
    [P_TYPE] => VBANK
    [P_OID] => 260413-007
    [P_FN_CD1] => 04
    [P_FN_CD2] => 
    [P_FN_NM] => KB국민은행
    [P_AMT] => 3500
    [P_UNAME] => 윤종하
    [P_RMESG1] => P_VACCT_NO=53049079118133|P_EXP_DT=20260423
    [P_RMESG2] => 
    [P_NOTI] => 
    [P_AUTH_NO] => 
)

 Array
(
    [PageCall time] => 10:18:41
    [P_TID] => INIMX_VBNKCAEcatca0720260413101525895148
    [P_MID] => CAEcatca07
    [P_AUTH_DT] => 20260413101841
    [P_STATUS] => 02
    [P_TYPE] => VBANK
    [P_OID] => 260413-008
    [P_FN_CD1] => 20
    [P_FN_CD2] => 
    [P_FN_NM] => 우리은행
    [P_AMT] => 3500
    [P_UNAME] => 이종진
    [P_RMESG1] => P_VACCT_NO=27204895118409|P_EXP_DT=20260423
    [P_RMESG2] => 
    [P_NOTI] => 
    [P_AUTH_NO] => 
)

 Array
(
    [PageCall time] => 10:33:59
    [P_TID] => INIMX_VBNKCAEcatca0720260413102818295438
    [P_MID] => CAEcatca07
    [P_AUTH_DT] => 20260413103359
    [P_STATUS] => 02
    [P_TYPE] => VBANK
    [P_OID] => 260413-010
    [P_FN_CD1] => 03
    [P_FN_CD2] => 
    [P_FN_NM] => 기업은행
    [P_AMT] => 3500
    [P_UNAME] => 권승일
    [P_RMESG1] => P_VACCT_NO=07502407597352|P_EXP_DT=20260423
    [P_RMESG2] => 
    [P_NOTI] => 
    [P_AUTH_NO] => 
)

 Array
(
    [PageCall time] => 10:34:47
    [P_TID] => INIMX_VBNKCAEcatca0720260413103210705727
    [P_MID] => CAEcatca07
    [P_AUTH_DT] => 20260413103447
    [P_STATUS] => 02
    [P_TYPE] => VBANK
    [P_OID] => 260413-012
    [P_FN_CD1] => 04
    [P_FN_CD2] => 
    [P_FN_NM] => KB국민은행
    [P_AMT] => 3500
    [P_UNAME] => 정경화
    [P_RMESG1] => P_VACCT_NO=00289071205066|P_EXP_DT=20260423
    [P_RMESG2] => 
    [P_NOTI] => 
    [P_AUTH_NO] => 
)

 Array
(
    [PageCall time] => 10:42:28
    [P_TID] => INIMX_VBNKCAEcatca0720260413104154525254
    [P_MID] => CAEcatca07
    [P_AUTH_DT] => 20260413104228
    [P_STATUS] => 02
    [P_TYPE] => VBANK
    [P_OID] => 260413-014
    [P_FN_CD1] => 11
    [P_FN_CD2] => 
    [P_FN_NM] => NH농협은행
    [P_AMT] => 3500
    [P_UNAME] => 곽민재
    [P_RMESG1] => P_VACCT_NO=79014506386400|P_EXP_DT=20260423
    [P_RMESG2] => 
    [P_NOTI] => 
    [P_AUTH_NO] => 
)

 Array
(
    [PageCall time] => 11:11:18
    [P_TID] => INIMX_VBNKCAEcatca0720260413110815615701
    [P_MID] => CAEcatca07
    [P_AUTH_DT] => 20260413111118
    [P_STATUS] => 02
    [P_TYPE] => VBANK
    [P_OID] => 260413-016
    [P_FN_CD1] => 81
    [P_FN_CD2] => 
    [P_FN_NM] => 하나은행
    [P_AMT] => 3500
    [P_UNAME] => 강훈
    [P_RMESG1] => P_VACCT_NO=20893945909437|P_EXP_DT=20260423
    [P_RMESG2] => 
    [P_NOTI] => 
    [P_AUTH_NO] => 
)

 Array
(
    [PageCall time] => 11:23:50
    [P_TID] => INIMX_VBNKCAEcatca0720260413112058895578
    [P_MID] => CAEcatca07
    [P_AUTH_DT] => 20260413112350
    [P_STATUS] => 02
    [P_TYPE] => VBANK
    [P_OID] => 260413-018
    [P_FN_CD1] => 89
    [P_FN_CD2] => 
    [P_FN_NM] => 케이뱅크
    [P_AMT] => 3500
    [P_UNAME] => 홍성인
    [P_RMESG1] => P_VACCT_NO=70112003989821|P_EXP_DT=20260423
    [P_RMESG2] => 
    [P_NOTI] => 
    [P_AUTH_NO] => 
)

 Array
(
    [PageCall time] => 11:27:21
    [P_TID] => INIMX_VBNKCAEcatca0720260413112438665414
    [P_MID] => CAEcatca07
    [P_AUTH_DT] => 20260413112721
    [P_STATUS] => 02
    [P_TYPE] => VBANK
    [P_OID] => 260413-020
    [P_FN_CD1] => 81
    [P_FN_CD2] => 
    [P_FN_NM] => 하나은행
    [P_AMT] => 3500
    [P_UNAME] => 곽지훈
    [P_RMESG1] => P_VACCT_NO=20893946001337|P_EXP_DT=20260423
    [P_RMESG2] => 
    [P_NOTI] => 
    [P_AUTH_NO] => 
)

 Array
(
    [PageCall time] => 11:29:57
    [P_TID] => INIMX_VBNKCAEcatca0720260413112730355054
    [P_MID] => CAEcatca07
    [P_AUTH_DT] => 20260413112957
    [P_STATUS] => 02
    [P_TYPE] => VBANK
    [P_OID] => 260413-021
    [P_FN_CD1] => 88
    [P_FN_CD2] => 
    [P_FN_NM] => 신한은행
    [P_AMT] => 3500
    [P_UNAME] => 박재희
    [P_RMESG1] => P_VACCT_NO=56211990582348|P_EXP_DT=20260423
    [P_RMESG2] => 
    [P_NOTI] => 
    [P_AUTH_NO] => 
)

 Array
(
    [PageCall time] => 11:34:49
    [P_TID] => INIMX_VBNKCAEcatca0720260413113209795414
    [P_MID] => CAEcatca07
    [P_AUTH_DT] => 20260413113449
    [P_STATUS] => 02
    [P_TYPE] => VBANK
    [P_OID] => 260413-022
    [P_FN_CD1] => 32
    [P_FN_CD2] => 
    [P_FN_NM] => 부산은행
    [P_AMT] => 3500
    [P_UNAME] => 정규화
    [P_RMESG1] => P_VACCT_NO=109924898707|P_EXP_DT=20260423
    [P_RMESG2] => 
    [P_NOTI] => 
    [P_AUTH_NO] => 
)

 Array
(
    [PageCall time] => 11:44:42
    [P_TID] => INIMX_VBNKCAEcatca0720260413114402425976
    [P_MID] => CAEcatca07
    [P_AUTH_DT] => 20260413114442
    [P_STATUS] => 02
    [P_TYPE] => VBANK
    [P_OID] => 260407-011
    [P_FN_CD1] => 11
    [P_FN_CD2] => 
    [P_FN_NM] => NH농협은행
    [P_AMT] => 3500
    [P_UNAME] => 박정은
    [P_RMESG1] => P_VACCT_NO=79014506397457|P_EXP_DT=20260423
    [P_RMESG2] => 
    [P_NOTI] => 
    [P_AUTH_NO] => 
)

 Array
(
    [PageCall time] => 11:46:24
    [P_TID] => INIMX_VBNKCAEcatca0720260413114340445750
    [P_MID] => CAEcatca07
    [P_AUTH_DT] => 20260413114624
    [P_STATUS] => 02
    [P_TYPE] => VBANK
    [P_OID] => 260413-024
    [P_FN_CD1] => 89
    [P_FN_CD2] => 
    [P_FN_NM] => 케이뱅크
    [P_AMT] => 3500
    [P_UNAME] => 박만우
    [P_RMESG1] => P_VACCT_NO=70112003990112|P_EXP_DT=20260423
    [P_RMESG2] => 
    [P_NOTI] => 
    [P_AUTH_NO] => 
)

 Array
(
    [PageCall time] => 11:47:20
    [P_TID] => INIMX_VBNKCAEcatca0720260413113847435918
    [P_MID] => CAEcatca07
    [P_AUTH_DT] => 20260413114720
    [P_STATUS] => 02
    [P_TYPE] => VBANK
    [P_OID] => 260413-023
    [P_FN_CD1] => 20
    [P_FN_CD2] => 
    [P_FN_NM] => 우리은행
    [P_AMT] => 3500
    [P_UNAME] => 이규리
    [P_RMESG1] => P_VACCT_NO=27204907118263|P_EXP_DT=20260423
    [P_RMESG2] => 
    [P_NOTI] => 
    [P_AUTH_NO] => 
)

 Array
(
    [PageCall time] => 11:50:27
    [P_TID] => INIMX_VBNKCAEcatca0720260413114734235985
    [P_MID] => CAEcatca07
    [P_AUTH_DT] => 20260413115027
    [P_STATUS] => 02
    [P_TYPE] => VBANK
    [P_OID] => 260413-013
    [P_FN_CD1] => 89
    [P_FN_CD2] => 
    [P_FN_NM] => 케이뱅크
    [P_AMT] => 3500
    [P_UNAME] => 남미정
    [P_RMESG1] => P_VACCT_NO=70112003990136|P_EXP_DT=20260423
    [P_RMESG2] => 
    [P_NOTI] => 
    [P_AUTH_NO] => 
)

 Array
(
    [PageCall time] => 11:52:48
    [P_TID] => INIMX_VBNKCAEcatca0720260413114913935873
    [P_MID] => CAEcatca07
    [P_AUTH_DT] => 20260413115248
    [P_STATUS] => 02
    [P_TYPE] => VBANK
    [P_OID] => 260413-025
    [P_FN_CD1] => 20
    [P_FN_CD2] => 
    [P_FN_NM] => 우리은행
    [P_AMT] => 3500
    [P_UNAME] => 양우심
    [P_RMESG1] => P_VACCT_NO=27204908018031|P_EXP_DT=20260423
    [P_RMESG2] => 
    [P_NOTI] => 
    [P_AUTH_NO] => 
)

 Array
(
    [PageCall time] => 12:16:51
    [P_TID] => INIMX_VBNKCAEcatca0720260413115858255845
    [P_MID] => CAEcatca07
    [P_AUTH_DT] => 20260413121651
    [P_STATUS] => 02
    [P_TYPE] => VBANK
    [P_OID] => 260413-026
    [P_FN_CD1] => 07
    [P_FN_CD2] => 
    [P_FN_NM] => 수협은행
    [P_AMT] => 3500
    [P_UNAME] => 백현옥
    [P_RMESG1] => P_VACCT_NO=06640082544076|P_EXP_DT=20260423
    [P_RMESG2] => 
    [P_NOTI] => 
    [P_AUTH_NO] => 
)

 Array
(
    [PageCall time] => 12:56:20
    [P_TID] => INIMX_VBNKCAEcatca0720260413125523645588
    [P_MID] => CAEcatca07
    [P_AUTH_DT] => 20260413125620
    [P_STATUS] => 02
    [P_TYPE] => VBANK
    [P_OID] => 260413-027
    [P_FN_CD1] => 11
    [P_FN_CD2] => 
    [P_FN_NM] => NH농협은행
    [P_AMT] => 3500
    [P_UNAME] => 김솔이
    [P_RMESG1] => P_VACCT_NO=79014506405594|P_EXP_DT=20260423
    [P_RMESG2] => 
    [P_NOTI] => 
    [P_AUTH_NO] => 
)

 Array
(
    [PageCall time] => 13:29:00
    [P_TID] => INIMX_VBNKCAEcatca0720260413131609965885
    [P_MID] => CAEcatca07
    [P_AUTH_DT] => 20260413132900
    [P_STATUS] => 02
    [P_TYPE] => VBANK
    [P_OID] => 260413-028
    [P_FN_CD1] => 20
    [P_FN_CD2] => 
    [P_FN_NM] => 우리은행
    [P_AMT] => 3500
    [P_UNAME] => 강섭
    [P_RMESG1] => P_VACCT_NO=27204921918017|P_EXP_DT=20260423
    [P_RMESG2] => 
    [P_NOTI] => 
    [P_AUTH_NO] => 
)

 Array
(
    [PageCall time] => 13:30:05
    [P_TID] => INIMX_VBNKCAEcatca0720260413132742585294
    [P_MID] => CAEcatca07
    [P_AUTH_DT] => 20260413133005
    [P_STATUS] => 02
    [P_TYPE] => VBANK
    [P_OID] => 260413-031
    [P_FN_CD1] => 88
    [P_FN_CD2] => 
    [P_FN_NM] => 신한은행
    [P_AMT] => 3500
    [P_UNAME] => 강지수
    [P_RMESG1] => P_VACCT_NO=56211990590899|P_EXP_DT=20260423
    [P_RMESG2] => 
    [P_NOTI] => 
    [P_AUTH_NO] => 
)

 Array
(
    [PageCall time] => 13:36:21
    [P_TID] => INIMX_VBNKCAEcatca0720260413133303805152
    [P_MID] => CAEcatca07
    [P_AUTH_DT] => 20260413133621
    [P_STATUS] => 02
    [P_TYPE] => VBANK
    [P_OID] => 260413-032
    [P_FN_CD1] => 04
    [P_FN_CD2] => 
    [P_FN_NM] => KB국민은행
    [P_AMT] => 3500
    [P_UNAME] => 전영미
    [P_RMESG1] => P_VACCT_NO=96569078480703|P_EXP_DT=20260423
    [P_RMESG2] => 
    [P_NOTI] => 
    [P_AUTH_NO] => 
)

 Array
(
    [PageCall time] => 13:48:52
    [P_TID] => INIMX_VBNKCAEcatca0720260413134550875500
    [P_MID] => CAEcatca07
    [P_AUTH_DT] => 20260413134852
    [P_STATUS] => 02
    [P_TYPE] => VBANK
    [P_OID] => 260413-034
    [P_FN_CD1] => 04
    [P_FN_CD2] => 
    [P_FN_NM] => KB국민은행
    [P_AMT] => 3500
    [P_UNAME] => 조문경
    [P_RMESG1] => P_VACCT_NO=96569078483593|P_EXP_DT=20260423
    [P_RMESG2] => 
    [P_NOTI] => 
    [P_AUTH_NO] => 
)

 Array
(
    [PageCall time] => 14:15:46
    [P_TID] => INIMX_VBNKCAEcatca0720260413141305215572
    [P_MID] => CAEcatca07
    [P_AUTH_DT] => 20260413141546
    [P_STATUS] => 02
    [P_TYPE] => VBANK
    [P_OID] => 260413-037
    [P_FN_CD1] => 04
    [P_FN_CD2] => 
    [P_FN_NM] => KB국민은행
    [P_AMT] => 3500
    [P_UNAME] => 김강민
    [P_RMESG1] => P_VACCT_NO=96569078489537|P_EXP_DT=20260423
    [P_RMESG2] => 
    [P_NOTI] => 
    [P_AUTH_NO] => 
)

 Array
(
    [PageCall time] => 14:21:56
    [P_TID] => INIMX_VBNKCAEcatca0720260413141914165299
    [P_MID] => CAEcatca07
    [P_AUTH_DT] => 20260413142156
    [P_STATUS] => 02
    [P_TYPE] => VBANK
    [P_OID] => 260413-038
    [P_FN_CD1] => 32
    [P_FN_CD2] => 
    [P_FN_NM] => 부산은행
    [P_AMT] => 3500
    [P_UNAME] => 송윤정
    [P_RMESG1] => P_VACCT_NO=109924900221|P_EXP_DT=20260423
    [P_RMESG2] => 
    [P_NOTI] => 
    [P_AUTH_NO] => 
)

 Array
(
    [PageCall time] => 14:54:35
    [P_TID] => INIMX_VBNKCAEcatca0720260413144923895843
    [P_MID] => CAEcatca07
    [P_AUTH_DT] => 20260413145435
    [P_STATUS] => 02
    [P_TYPE] => VBANK
    [P_OID] => 260413-041
    [P_FN_CD1] => 11
    [P_FN_CD2] => 
    [P_FN_NM] => NH농협은행
    [P_AMT] => 3500
    [P_UNAME] => 김미경
    [P_RMESG1] => P_VACCT_NO=79014506424114|P_EXP_DT=20260423
    [P_RMESG2] => 
    [P_NOTI] => 
    [P_AUTH_NO] => 
)

 Array
(
    [PageCall time] => 14:59:42
    [P_TID] => INIMX_VBNKCAEcatca0720260413145639405445
    [P_MID] => CAEcatca07
    [P_AUTH_DT] => 20260413145942
    [P_STATUS] => 02
    [P_TYPE] => VBANK
    [P_OID] => 260413-035
    [P_FN_CD1] => 03
    [P_FN_CD2] => 
    [P_FN_NM] => 기업은행
    [P_AMT] => 3500
    [P_UNAME] => 정복희
    [P_RMESG1] => P_VACCT_NO=07503130697961|P_EXP_DT=20260423
    [P_RMESG2] => 
    [P_NOTI] => 
    [P_AUTH_NO] => 
)

 Array
(
    [PageCall time] => 15:38:01
    [P_TID] => INIMX_VBNKCAEcatca0720260413153515655467
    [P_MID] => CAEcatca07
    [P_AUTH_DT] => 20260413153801
    [P_STATUS] => 02
    [P_TYPE] => VBANK
    [P_OID] => 260413-043
    [P_FN_CD1] => 04
    [P_FN_CD2] => 
    [P_FN_NM] => KB국민은행
    [P_AMT] => 3500
    [P_UNAME] => 김구연
    [P_RMESG1] => P_VACCT_NO=96569078505237|P_EXP_DT=20260423
    [P_RMESG2] => 
    [P_NOTI] => 
    [P_AUTH_NO] => 
)

 Array
(
    [PageCall time] => 16:02:37
    [P_TID] => INIMX_VBNKCAEcatca0720260413155901525247
    [P_MID] => CAEcatca07
    [P_AUTH_DT] => 20260413160237
    [P_STATUS] => 02
    [P_TYPE] => VBANK
    [P_OID] => 260413-044
    [P_FN_CD1] => 04
    [P_FN_CD2] => 
    [P_FN_NM] => KB국민은행
    [P_AMT] => 3500
    [P_UNAME] => 김영정
    [P_RMESG1] => P_VACCT_NO=96569078509967|P_EXP_DT=20260423
    [P_RMESG2] => 
    [P_NOTI] => 
    [P_AUTH_NO] => 
)

 Array
(
    [PageCall time] => 16:08:47
    [P_TID] => INIMX_VBNKCAEcatca0720260413160439695445
    [P_MID] => CAEcatca07
    [P_AUTH_DT] => 20260413160847
    [P_STATUS] => 02
    [P_TYPE] => VBANK
    [P_OID] => 260413-045
    [P_FN_CD1] => 34
    [P_FN_CD2] => 
    [P_FN_NM] => 광주은행
    [P_AMT] => 3500
    [P_UNAME] => 김종국
    [P_RMESG1] => P_VACCT_NO=810865418196|P_EXP_DT=20260423
    [P_RMESG2] => 
    [P_NOTI] => 
    [P_AUTH_NO] => 
)

 Array
(
    [PageCall time] => 16:11:05
    [P_TID] => INIMX_VBNKCAEcatca0720260413160815875105
    [P_MID] => CAEcatca07
    [P_AUTH_DT] => 20260413161105
    [P_STATUS] => 02
    [P_TYPE] => VBANK
    [P_OID] => 260413-046
    [P_FN_CD1] => 04
    [P_FN_CD2] => 
    [P_FN_NM] => KB국민은행
    [P_AMT] => 3500
    [P_UNAME] => 박진아
    [P_RMESG1] => P_VACCT_NO=96569078511667|P_EXP_DT=20260423
    [P_RMESG2] => 
    [P_NOTI] => 
    [P_AUTH_NO] => 
)

 Array
(
    [PageCall time] => 16:30:51
    [P_TID] => INIMX_VBNKCAEcatca0720260413162640405003
    [P_MID] => CAEcatca07
    [P_AUTH_DT] => 20260413163051
    [P_STATUS] => 02
    [P_TYPE] => VBANK
    [P_OID] => 260413-047
    [P_FN_CD1] => 88
    [P_FN_CD2] => 
    [P_FN_NM] => 신한은행
    [P_AMT] => 3500
    [P_UNAME] => 성명희
    [P_RMESG1] => P_VACCT_NO=56211990609141|P_EXP_DT=20260423
    [P_RMESG2] => 
    [P_NOTI] => 
    [P_AUTH_NO] => 
)

 Array
(
    [PageCall time] => 16:31:39
    [P_TID] => INIMX_VBNKCAEcatca0720260413162915565503
    [P_MID] => CAEcatca07
    [P_AUTH_DT] => 20260413163139
    [P_STATUS] => 02
    [P_TYPE] => VBANK
    [P_OID] => 260413-003
    [P_FN_CD1] => 03
    [P_FN_CD2] => 
    [P_FN_NM] => 기업은행
    [P_AMT] => 3500
    [P_UNAME] => 김인원
    [P_RMESG1] => P_VACCT_NO=07503131897445|P_EXP_DT=20260423
    [P_RMESG2] => 
    [P_NOTI] => 
    [P_AUTH_NO] => 
)

 Array
(
    [PageCall time] => 17:06:25
    [P_TID] => INIMX_VBNKCAEcatca0720260413170328435690
    [P_MID] => CAEcatca07
    [P_AUTH_DT] => 20260413170625
    [P_STATUS] => 02
    [P_TYPE] => VBANK
    [P_OID] => 260413-049
    [P_FN_CD1] => 03
    [P_FN_CD2] => 
    [P_FN_NM] => 기업은행
    [P_AMT] => 3500
    [P_UNAME] => 박중현
    [P_RMESG1] => P_VACCT_NO=07503132297535|P_EXP_DT=20260423
    [P_RMESG2] => 
    [P_NOTI] => 
    [P_AUTH_NO] => 
)

 Array
(
    [PageCall time] => 17:07:01
    [P_TID] => INIMX_VBNKCAEcatca0720260413170345785118
    [P_MID] => CAEcatca07
    [P_AUTH_DT] => 20260413170701
    [P_STATUS] => 02
    [P_TYPE] => VBANK
    [P_OID] => 260413-048
    [P_FN_CD1] => 88
    [P_FN_CD2] => 
    [P_FN_NM] => 신한은행
    [P_AMT] => 3500
    [P_UNAME] => 정재금
    [P_RMESG1] => P_VACCT_NO=56211990613099|P_EXP_DT=20260423
    [P_RMESG2] => 
    [P_NOTI] => 
    [P_AUTH_NO] => 
)

 Array
(
    [PageCall time] => 17:38:12
    [P_TID] => INIMX_VBNKCAEcatca0720260413173541585998
    [P_MID] => CAEcatca07
    [P_AUTH_DT] => 20260413173812
    [P_STATUS] => 02
    [P_TYPE] => VBANK
    [P_OID] => 260413-040
    [P_FN_CD1] => 81
    [P_FN_CD2] => 
    [P_FN_NM] => 하나은행
    [P_AMT] => 3500
    [P_UNAME] => 윤정민
    [P_RMESG1] => P_VACCT_NO=20893949508037|P_EXP_DT=20260423
    [P_RMESG2] => 
    [P_NOTI] => 
    [P_AUTH_NO] => 
)

 Array
(
    [PageCall time] => 18:50:49
    [P_TID] => INIMX_VBNKCAEcatca0720260413131558725401
    [P_MID] => CAEcatca07
    [P_AUTH_DT] => 20260413185049
    [P_STATUS] => 02
    [P_TYPE] => VBANK
    [P_OID] => 260411-003
    [P_FN_CD1] => 81
    [P_FN_CD2] => 
    [P_FN_NM] => 하나은행
    [P_AMT] => 3500
    [P_UNAME] => 강예은
    [P_RMESG1] => P_VACCT_NO=20893946506637|P_EXP_DT=20260423
    [P_RMESG2] => 
    [P_NOTI] => 
    [P_AUTH_NO] => 
)

 Array
(
    [PageCall time] => 18:53:58
    [P_TID] => INIMX_VBNKCAEcatca0720260413185118995415
    [P_MID] => CAEcatca07
    [P_AUTH_DT] => 20260413185358
    [P_STATUS] => 02
    [P_TYPE] => VBANK
    [P_OID] => 260413-053
    [P_FN_CD1] => 20
    [P_FN_CD2] => 
    [P_FN_NM] => 우리은행
    [P_AMT] => 3500
    [P_UNAME] => 김현주
    [P_RMESG1] => P_VACCT_NO=27204960818973|P_EXP_DT=20260423
    [P_RMESG2] => 
    [P_NOTI] => 
    [P_AUTH_NO] => 
)

 Array
(
    [PageCall time] => 19:54:35
    [P_TID] => INIMX_VBNKCAEcatca0720260413195401945332
    [P_MID] => CAEcatca07
    [P_AUTH_DT] => 20260413195435
    [P_STATUS] => 02
    [P_TYPE] => VBANK
    [P_OID] => 260408-012
    [P_FN_CD1] => 11
    [P_FN_CD2] => 
    [P_FN_NM] => NH농협은행
    [P_AMT] => 3500
    [P_UNAME] => 강진아
    [P_RMESG1] => P_VACCT_NO=79014506463351|P_EXP_DT=20260423
    [P_RMESG2] => 
    [P_NOTI] => 
    [P_AUTH_NO] => 
)

 Array
(
    [PageCall time] => 20:27:05
    [P_TID] => INIMX_VBNKCAEcatca0720260413202411545104
    [P_MID] => CAEcatca07
    [P_AUTH_DT] => 20260413202705
    [P_STATUS] => 02
    [P_TYPE] => VBANK
    [P_OID] => 260413-056
    [P_FN_CD1] => 81
    [P_FN_CD2] => 
    [P_FN_NM] => 하나은행
    [P_AMT] => 3500
    [P_UNAME] => 홍유정
    [P_RMESG1] => P_VACCT_NO=20893950084337|P_EXP_DT=20260423
    [P_RMESG2] => 
    [P_NOTI] => 
    [P_AUTH_NO] => 
)

 Array
(
    [PageCall time] => 22:36:14
    [P_TID] => INIMX_VBNKCAEcatca0720260413223305955697
    [P_MID] => CAEcatca07
    [P_AUTH_DT] => 20260413223614
    [P_STATUS] => 02
    [P_TYPE] => VBANK
    [P_OID] => 260413-057
    [P_FN_CD1] => 04
    [P_FN_CD2] => 
    [P_FN_NM] => KB국민은행
    [P_AMT] => 3500
    [P_UNAME] => 양진영
    [P_RMESG1] => P_VACCT_NO=96569078564733|P_EXP_DT=20260423
    [P_RMESG2] => 
    [P_NOTI] => 
    [P_AUTH_NO] => 
)

