 Array
(
    [PageCall time] => 09:55:57
    [P_TID] => INIMX_VBNKCAEcatca0720250914095246195001
    [P_MID] => CAEcatca07
    [P_AUTH_DT] => 20250914095557
    [P_STATUS] => 02
    [P_TYPE] => VBANK
    [P_OID] => 250914-001
    [P_FN_CD1] => 04
    [P_FN_CD2] => 
    [P_FN_NM] => KB국민은행
    [P_AMT] => 3000
    [P_UNAME] => 박성혜
    [P_RMESG1] => P_VACCT_NO=26119078268605|P_EXP_DT=20250924
    [P_RMESG2] => 
    [P_NOTI] => 
    [P_AUTH_NO] => 
)

 Array
(
    [PageCall time] => 11:50:00
    [P_TID] => INIMX_VBNKCAEcatca0720250914114921105856
    [P_MID] => CAEcatca07
    [P_AUTH_DT] => 20250914115000
    [P_STATUS] => 02
    [P_TYPE] => VBANK
    [P_OID] => 250914-003
    [P_FN_CD1] => 11
    [P_FN_CD2] => 
    [P_FN_NM] => NH농협은행
    [P_AMT] => 3000
    [P_UNAME] => 이다솜
    [P_RMESG1] => P_VACCT_NO=79014505775950|P_EXP_DT=20250924
    [P_RMESG2] => 
    [P_NOTI] => 
    [P_AUTH_NO] => 
)

 Array
(
    [PageCall time] => 15:49:25
    [P_TID] => INIMX_VBNKCAEcatca0720250914154508695967
    [P_MID] => CAEcatca07
    [P_AUTH_DT] => 20250914154925
    [P_STATUS] => 02
    [P_TYPE] => VBANK
    [P_OID] => 250914-005
    [P_FN_CD1] => 88
    [P_FN_CD2] => 
    [P_FN_NM] => 신한은행
    [P_AMT] => 3000
    [P_UNAME] => 김정숙
    [P_RMESG1] => P_VACCT_NO=56211102035919|P_EXP_DT=20250924
    [P_RMESG2] => 
    [P_NOTI] => 
    [P_AUTH_NO] => 
)

 Array
(
    [PageCall time] => 16:25:03
    [P_TID] => INIMX_VBNKCAEcatca0720250914162313735529
    [P_MID] => CAEcatca07
    [P_AUTH_DT] => 20250914162503
    [P_STATUS] => 02
    [P_TYPE] => VBANK
    [P_OID] => 250914-006
    [P_FN_CD1] => 11
    [P_FN_CD2] => 
    [P_FN_NM] => NH농협은행
    [P_AMT] => 3000
    [P_UNAME] => 김석희
    [P_RMESG1] => P_VACCT_NO=79014505796060|P_EXP_DT=20250924
    [P_RMESG2] => 
    [P_NOTI] => 
    [P_AUTH_NO] => 
)

 Array
(
    [PageCall time] => 17:04:29
    [P_TID] => INIMX_VBNKCAEcatca0720250914170157685352
    [P_MID] => CAEcatca07
    [P_AUTH_DT] => 20250914170429
    [P_STATUS] => 02
    [P_TYPE] => VBANK
    [P_OID] => 250914-007
    [P_FN_CD1] => 20
    [P_FN_CD2] => 
    [P_FN_NM] => 우리은행
    [P_AMT] => 3000
    [P_UNAME] => 오유진
    [P_RMESG1] => P_VACCT_NO=27489770118285|P_EXP_DT=20250924
    [P_RMESG2] => 
    [P_NOTI] => 
    [P_AUTH_NO] => 
)

 Array
(
    [PageCall time] => 17:16:12
    [P_TID] => INIMX_VBNKCAEcatca0720250914171311835989
    [P_MID] => CAEcatca07
    [P_AUTH_DT] => 20250914171612
    [P_STATUS] => 02
    [P_TYPE] => VBANK
    [P_OID] => 250913-004
    [P_FN_CD1] => 03
    [P_FN_CD2] => 
    [P_FN_NM] => 기업은행
    [P_AMT] => 3000
    [P_UNAME] => 염정현
    [P_RMESG1] => P_VACCT_NO=07502319597252|P_EXP_DT=20250924
    [P_RMESG2] => 
    [P_NOTI] => 
    [P_AUTH_NO] => 
)

 Array
(
    [PageCall time] => 17:22:58
    [P_TID] => INIMX_VBNKCAEcatca0720250914172011595807
    [P_MID] => CAEcatca07
    [P_AUTH_DT] => 20250914172258
    [P_STATUS] => 02
    [P_TYPE] => VBANK
    [P_OID] => 250914-008
    [P_FN_CD1] => 20
    [P_FN_CD2] => 
    [P_FN_NM] => 우리은행
    [P_AMT] => 3000
    [P_UNAME] => 김서희
    [P_RMESG1] => P_VACCT_NO=27489770118909|P_EXP_DT=20250924
    [P_RMESG2] => 
    [P_NOTI] => 
    [P_AUTH_NO] => 
)

 Array
(
    [PageCall time] => 18:01:02
    [P_TID] => INIMX_VBNKCAEcatca0720250914175754255225
    [P_MID] => CAEcatca07
    [P_AUTH_DT] => 20250914180102
    [P_STATUS] => 02
    [P_TYPE] => VBANK
    [P_OID] => 250914-009
    [P_FN_CD1] => 81
    [P_FN_CD2] => 
    [P_FN_NM] => 하나은행
    [P_AMT] => 3000
    [P_UNAME] => 권순관
    [P_RMESG1] => P_VACCT_NO=20894153319237|P_EXP_DT=20250924
    [P_RMESG2] => 
    [P_NOTI] => 
    [P_AUTH_NO] => 
)

 Array
(
    [PageCall time] => 19:39:25
    [P_TID] => INIMX_VBNKCAEcatca0720250914193529345666
    [P_MID] => CAEcatca07
    [P_AUTH_DT] => 20250914193925
    [P_STATUS] => 02
    [P_TYPE] => VBANK
    [P_OID] => 250914-011
    [P_FN_CD1] => 20
    [P_FN_CD2] => 
    [P_FN_NM] => 우리은행
    [P_AMT] => 3000
    [P_UNAME] => 황은희
    [P_RMESG1] => P_VACCT_NO=27489774318793|P_EXP_DT=20250924
    [P_RMESG2] => 
    [P_NOTI] => 
    [P_AUTH_NO] => 
)

 Array
(
    [PageCall time] => 19:42:21
    [P_TID] => INIMX_VBNKCAEcatca0720250914194138885576
    [P_MID] => CAEcatca07
    [P_AUTH_DT] => 20250914194221
    [P_STATUS] => 02
    [P_TYPE] => VBANK
    [P_OID] => 250914-012
    [P_FN_CD1] => 11
    [P_FN_CD2] => 
    [P_FN_NM] => NH농협은행
    [P_AMT] => 3000
    [P_UNAME] => 유미애
    [P_RMESG1] => P_VACCT_NO=79014505810304|P_EXP_DT=20250924
    [P_RMESG2] => 
    [P_NOTI] => 
    [P_AUTH_NO] => 
)

 Array
(
    [PageCall time] => 21:03:12
    [P_TID] => INIMX_VBNKCAEcatca0720250914210005405272
    [P_MID] => CAEcatca07
    [P_AUTH_DT] => 20250914210312
    [P_STATUS] => 02
    [P_TYPE] => VBANK
    [P_OID] => 250914-013
    [P_FN_CD1] => 81
    [P_FN_CD2] => 
    [P_FN_NM] => 하나은행
    [P_AMT] => 3000
    [P_UNAME] => 최유희
    [P_RMESG1] => P_VACCT_NO=20894164295537|P_EXP_DT=20250924
    [P_RMESG2] => 
    [P_NOTI] => 
    [P_AUTH_NO] => 
)

 Array
(
    [PageCall time] => 22:53:54
    [P_TID] => INIMX_VBNKCAEcatca0720250914225107185397
    [P_MID] => CAEcatca07
    [P_AUTH_DT] => 20250914225354
    [P_STATUS] => 02
    [P_TYPE] => VBANK
    [P_OID] => 250914-014
    [P_FN_CD1] => 88
    [P_FN_CD2] => 
    [P_FN_NM] => 신한은행
    [P_AMT] => 3000
    [P_UNAME] => 최지호
    [P_RMESG1] => P_VACCT_NO=56211102063604|P_EXP_DT=20250924
    [P_RMESG2] => 
    [P_NOTI] => 
    [P_AUTH_NO] => 
)

