 Array
(
    [PageCall time] => 08:49:53
    [P_TID] => INIMX_VBNKCAEcatca0720260207084548105472
    [P_MID] => CAEcatca07
    [P_AUTH_DT] => 20260207084953
    [P_STATUS] => 02
    [P_TYPE] => VBANK
    [P_OID] => 260207-001
    [P_FN_CD1] => 89
    [P_FN_CD2] => 
    [P_FN_NM] => 케이뱅크
    [P_AMT] => 3500
    [P_UNAME] => 서제헌
    [P_RMESG1] => P_VACCT_NO=70112003477317|P_EXP_DT=20260217
    [P_RMESG2] => 
    [P_NOTI] => 
    [P_AUTH_NO] => 
)

 Array
(
    [PageCall time] => 10:10:30
    [P_TID] => INIMX_VBNKCAEcatca0720260207100753415961
    [P_MID] => CAEcatca07
    [P_AUTH_DT] => 20260207101029
    [P_STATUS] => 02
    [P_TYPE] => VBANK
    [P_OID] => 260207-002
    [P_FN_CD1] => 88
    [P_FN_CD2] => 
    [P_FN_NM] => 신한은행
    [P_AMT] => 3500
    [P_UNAME] => 나현우
    [P_RMESG1] => P_VACCT_NO=56211103342383|P_EXP_DT=20260217
    [P_RMESG2] => 
    [P_NOTI] => 
    [P_AUTH_NO] => 
)

 Array
(
    [PageCall time] => 10:23:29
    [P_TID] => INIMX_VBNKCAEcatca0720260207102304035555
    [P_MID] => CAEcatca07
    [P_AUTH_DT] => 20260207102329
    [P_STATUS] => 02
    [P_TYPE] => VBANK
    [P_OID] => 260207-003
    [P_FN_CD1] => 11
    [P_FN_CD2] => 
    [P_FN_NM] => NH농협은행
    [P_AMT] => 3500
    [P_UNAME] => 이호춘
    [P_RMESG1] => P_VACCT_NO=79013684950877|P_EXP_DT=20260217
    [P_RMESG2] => 
    [P_NOTI] => 
    [P_AUTH_NO] => 
)

 Array
(
    [PageCall time] => 10:27:37
    [P_TID] => INIMX_VBNKCAEcatca0720260207102446395848
    [P_MID] => CAEcatca07
    [P_AUTH_DT] => 20260207102737
    [P_STATUS] => 02
    [P_TYPE] => VBANK
    [P_OID] => 260207-004
    [P_FN_CD1] => 20
    [P_FN_CD2] => 
    [P_FN_NM] => 우리은행
    [P_AMT] => 3500
    [P_UNAME] => 김진태
    [P_RMESG1] => P_VACCT_NO=27490379018086|P_EXP_DT=20260217
    [P_RMESG2] => 
    [P_NOTI] => 
    [P_AUTH_NO] => 
)

 Array
(
    [PageCall time] => 14:48:50
    [P_TID] => INIMX_VBNKCAEcatca0720260207144519265509
    [P_MID] => CAEcatca07
    [P_AUTH_DT] => 20260207144850
    [P_STATUS] => 02
    [P_TYPE] => VBANK
    [P_OID] => 260207-007
    [P_FN_CD1] => 32
    [P_FN_CD2] => 
    [P_FN_NM] => 부산은행
    [P_AMT] => 3500
    [P_UNAME] => 박숙란
    [P_RMESG1] => P_VACCT_NO=109924626410|P_EXP_DT=20260217
    [P_RMESG2] => 
    [P_NOTI] => 
    [P_AUTH_NO] => 
)

 Array
(
    [PageCall time] => 15:34:38
    [P_TID] => INIMX_VBNKCAEcatca0720260207153138295517
    [P_MID] => CAEcatca07
    [P_AUTH_DT] => 20260207153438
    [P_STATUS] => 02
    [P_TYPE] => VBANK
    [P_OID] => 260207-008
    [P_FN_CD1] => 04
    [P_FN_CD2] => 
    [P_FN_NM] => KB국민은행
    [P_AMT] => 3500
    [P_UNAME] => 고은
    [P_RMESG1] => P_VACCT_NO=26119078563834|P_EXP_DT=20260217
    [P_RMESG2] => 
    [P_NOTI] => 
    [P_AUTH_NO] => 
)

 Array
(
    [PageCall time] => 16:10:07
    [P_TID] => INIMX_VBNKCAEcatca0720260207160432155719
    [P_MID] => CAEcatca07
    [P_AUTH_DT] => 20260207161007
    [P_STATUS] => 02
    [P_TYPE] => VBANK
    [P_OID] => 260207-009
    [P_FN_CD1] => 04
    [P_FN_CD2] => 
    [P_FN_NM] => KB국민은행
    [P_AMT] => 3500
    [P_UNAME] => 박정민
    [P_RMESG1] => P_VACCT_NO=26119078595530|P_EXP_DT=20260217
    [P_RMESG2] => 
    [P_NOTI] => 
    [P_AUTH_NO] => 
)

 Array
(
    [PageCall time] => 16:42:50
    [P_TID] => INIMX_VBNKCAEcatca0720260207163901855389
    [P_MID] => CAEcatca07
    [P_AUTH_DT] => 20260207164250
    [P_STATUS] => 02
    [P_TYPE] => VBANK
    [P_OID] => 260207-010
    [P_FN_CD1] => 88
    [P_FN_CD2] => 
    [P_FN_NM] => 신한은행
    [P_AMT] => 3500
    [P_UNAME] => 박태수
    [P_RMESG1] => P_VACCT_NO=56211103358718|P_EXP_DT=20260217
    [P_RMESG2] => 
    [P_NOTI] => 
    [P_AUTH_NO] => 
)

 Array
(
    [PageCall time] => 17:01:56
    [P_TID] => INIMX_VBNKCAEcatca0720260207170123895716
    [P_MID] => CAEcatca07
    [P_AUTH_DT] => 20260207170156
    [P_STATUS] => 02
    [P_TYPE] => VBANK
    [P_OID] => 260207-011
    [P_FN_CD1] => 11
    [P_FN_CD2] => 
    [P_FN_NM] => NH농협은행
    [P_AMT] => 3500
    [P_UNAME] => 김민지
    [P_RMESG1] => P_VACCT_NO=79013684980833|P_EXP_DT=20260217
    [P_RMESG2] => 
    [P_NOTI] => 
    [P_AUTH_NO] => 
)

 Array
(
    [PageCall time] => 18:38:05
    [P_TID] => INIMX_VBNKCAEcatca0720260207183515275587
    [P_MID] => CAEcatca07
    [P_AUTH_DT] => 20260207183805
    [P_STATUS] => 02
    [P_TYPE] => VBANK
    [P_OID] => 260207-012
    [P_FN_CD1] => 04
    [P_FN_CD2] => 
    [P_FN_NM] => KB국민은행
    [P_AMT] => 3500
    [P_UNAME] => 심정화
    [P_RMESG1] => P_VACCT_NO=26119078749320|P_EXP_DT=20260217
    [P_RMESG2] => 
    [P_NOTI] => 
    [P_AUTH_NO] => 
)

