 Array
(
    [PageCall time] => 01:06:18
    [P_TID] => INIMX_VBNKCAEcatca0720250611234010744194
    [P_MID] => CAEcatca07
    [P_AUTH_DT] => 20250612010618
    [P_STATUS] => 02
    [P_TYPE] => VBANK
    [P_OID] => 250611-033
    [P_FN_CD1] => 81
    [P_FN_CD2] => 
    [P_FN_NM] => 하나은행
    [P_AMT] => 3000
    [P_UNAME] => 박동팔
    [P_RMESG1] => P_VACCT_NO=58391332492537|P_EXP_DT=20250621
    [P_RMESG2] => 
    [P_NOTI] => 
    [P_AUTH_NO] => 
)

 Array
(
    [PageCall time] => 03:06:36
    [P_TID] => INIMX_VBNKCAEcatca0720250612030359534584
    [P_MID] => CAEcatca07
    [P_AUTH_DT] => 20250612030636
    [P_STATUS] => 02
    [P_TYPE] => VBANK
    [P_OID] => 250612-001
    [P_FN_CD1] => 89
    [P_FN_CD2] => 
    [P_FN_NM] => 케이뱅크
    [P_AMT] => 3000
    [P_UNAME] => 장수아
    [P_RMESG1] => P_VACCT_NO=70112000139621|P_EXP_DT=20250622
    [P_RMESG2] => 
    [P_NOTI] => 
    [P_AUTH_NO] => 
)

 Array
(
    [PageCall time] => 06:05:42
    [P_TID] => INIMX_VBNKCAEcatca0720250611210313504152
    [P_MID] => CAEcatca07
    [P_AUTH_DT] => 20250612060542
    [P_STATUS] => 02
    [P_TYPE] => VBANK
    [P_OID] => 250611-030
    [P_FN_CD1] => 11
    [P_FN_CD2] => 
    [P_FN_NM] => NH농협은행
    [P_AMT] => 3000
    [P_UNAME] => 최은희
    [P_RMESG1] => P_VACCT_NO=79003187555153|P_EXP_DT=20250621
    [P_RMESG2] => 
    [P_NOTI] => 
    [P_AUTH_NO] => 
)

 Array
(
    [PageCall time] => 08:26:36
    [P_TID] => INIMX_VBNKCAEcatca0720250611112915625219
    [P_MID] => CAEcatca07
    [P_AUTH_DT] => 20250612082636
    [P_STATUS] => 02
    [P_TYPE] => VBANK
    [P_OID] => 250611-013
    [P_FN_CD1] => 81
    [P_FN_CD2] => 
    [P_FN_NM] => 하나은행
    [P_AMT] => 3000
    [P_UNAME] => 백희경
    [P_RMESG1] => P_VACCT_NO=20894076619137|P_EXP_DT=20250621
    [P_RMESG2] => 
    [P_NOTI] => 
    [P_AUTH_NO] => 
)

 Array
(
    [PageCall time] => 10:11:54
    [P_TID] => INIMX_VBNKCAEcatca0720250612100936944991
    [P_MID] => CAEcatca07
    [P_AUTH_DT] => 20250612101154
    [P_STATUS] => 02
    [P_TYPE] => VBANK
    [P_OID] => 250612-003
    [P_FN_CD1] => 04
    [P_FN_CD2] => 
    [P_FN_NM] => KB국민은행
    [P_AMT] => 3000
    [P_UNAME] => 이영수
    [P_RMESG1] => P_VACCT_NO=88069011690097|P_EXP_DT=20250622
    [P_RMESG2] => 
    [P_NOTI] => 
    [P_AUTH_NO] => 
)

 Array
(
    [PageCall time] => 10:31:24
    [P_TID] => INIMX_VBNKCAEcatca0720250612100549704206
    [P_MID] => CAEcatca07
    [P_AUTH_DT] => 20250612103124
    [P_STATUS] => 02
    [P_TYPE] => VBANK
    [P_OID] => 250611-027
    [P_FN_CD1] => 71
    [P_FN_CD2] => 
    [P_FN_NM] => 우체국
    [P_AMT] => 3000
    [P_UNAME] => 강덕순
    [P_RMESG1] => P_VACCT_NO=01398781687101|P_EXP_DT=20250622
    [P_RMESG2] => 
    [P_NOTI] => 
    [P_AUTH_NO] => 
)

 Array
(
    [PageCall time] => 10:41:13
    [P_TID] => INIMX_VBNKCAEcatca0720250612103936674475
    [P_MID] => CAEcatca07
    [P_AUTH_DT] => 20250612104113
    [P_STATUS] => 02
    [P_TYPE] => VBANK
    [P_OID] => 250612-002
    [P_FN_CD1] => 11
    [P_FN_CD2] => 
    [P_FN_NM] => NH농협은행
    [P_AMT] => 3000
    [P_UNAME] => 권재경
    [P_RMESG1] => P_VACCT_NO=79003187593907|P_EXP_DT=20250622
    [P_RMESG2] => 
    [P_NOTI] => 
    [P_AUTH_NO] => 
)

 Array
(
    [PageCall time] => 10:48:17
    [P_TID] => INIMX_VBNKCAEcatca0720250612104418504007
    [P_MID] => CAEcatca07
    [P_AUTH_DT] => 20250612104817
    [P_STATUS] => 02
    [P_TYPE] => VBANK
    [P_OID] => 250612-006
    [P_FN_CD1] => 04
    [P_FN_CD2] => 
    [P_FN_NM] => KB국민은행
    [P_AMT] => 3000
    [P_UNAME] => 이종남
    [P_RMESG1] => P_VACCT_NO=88069011696440|P_EXP_DT=20250622
    [P_RMESG2] => 
    [P_NOTI] => 
    [P_AUTH_NO] => 
)

 Array
(
    [PageCall time] => 11:03:53
    [P_TID] => INIMX_VBNKCAEcatca0720250612110107104606
    [P_MID] => CAEcatca07
    [P_AUTH_DT] => 20250612110353
    [P_STATUS] => 02
    [P_TYPE] => VBANK
    [P_OID] => 250612-008
    [P_FN_CD1] => 88
    [P_FN_CD2] => 
    [P_FN_NM] => 신한은행
    [P_AMT] => 3000
    [P_UNAME] => 권정욱
    [P_RMESG1] => P_VACCT_NO=56211121638329|P_EXP_DT=20250622
    [P_RMESG2] => 
    [P_NOTI] => 
    [P_AUTH_NO] => 
)

 Array
(
    [PageCall time] => 11:11:23
    [P_TID] => INIMX_VBNKCAEcatca0720250611235728844095
    [P_MID] => CAEcatca07
    [P_AUTH_DT] => 20250612111123
    [P_STATUS] => 02
    [P_TYPE] => VBANK
    [P_OID] => 250611-034
    [P_FN_CD1] => 11
    [P_FN_CD2] => 
    [P_FN_NM] => NH농협은행
    [P_AMT] => 3000
    [P_UNAME] => 이준호
    [P_RMESG1] => P_VACCT_NO=79003187566175|P_EXP_DT=20250621
    [P_RMESG2] => 
    [P_NOTI] => 
    [P_AUTH_NO] => 
)

 Array
(
    [PageCall time] => 11:25:54
    [P_TID] => INIMX_VBNKCAEcatca0720250612112303674465
    [P_MID] => CAEcatca07
    [P_AUTH_DT] => 20250612112554
    [P_STATUS] => 02
    [P_TYPE] => VBANK
    [P_OID] => 250612-010
    [P_FN_CD1] => 20
    [P_FN_CD2] => 
    [P_FN_NM] => 우리은행
    [P_AMT] => 3000
    [P_UNAME] => 장서우
    [P_RMESG1] => P_VACCT_NO=61843407918954|P_EXP_DT=20250622
    [P_RMESG2] => 
    [P_NOTI] => 
    [P_AUTH_NO] => 
)

 Array
(
    [PageCall time] => 13:43:55
    [P_TID] => INIMX_VBNKCAEcatca0720250612134045785210
    [P_MID] => CAEcatca07
    [P_AUTH_DT] => 20250612134354
    [P_STATUS] => 02
    [P_TYPE] => VBANK
    [P_OID] => 250612-012
    [P_FN_CD1] => 88
    [P_FN_CD2] => 
    [P_FN_NM] => 신한은행
    [P_AMT] => 3000
    [P_UNAME] => 이정원
    [P_RMESG1] => P_VACCT_NO=56211104547657|P_EXP_DT=20250622
    [P_RMESG2] => 
    [P_NOTI] => 
    [P_AUTH_NO] => 
)

 Array
(
    [PageCall time] => 14:27:51
    [P_TID] => INIMX_VBNKCAEcatca0720250612142301964654
    [P_MID] => CAEcatca07
    [P_AUTH_DT] => 20250612142751
    [P_STATUS] => 02
    [P_TYPE] => VBANK
    [P_OID] => 250612-015
    [P_FN_CD1] => 03
    [P_FN_CD2] => 
    [P_FN_NM] => 기업은행
    [P_AMT] => 3000
    [P_UNAME] => 이종문
    [P_RMESG1] => P_VACCT_NO=07503445997578|P_EXP_DT=20250622
    [P_RMESG2] => 
    [P_NOTI] => 
    [P_AUTH_NO] => 
)

 Array
(
    [PageCall time] => 14:31:25
    [P_TID] => INIMX_VBNKCAEcatca0720250612142810245110
    [P_MID] => CAEcatca07
    [P_AUTH_DT] => 20250612143125
    [P_STATUS] => 02
    [P_TYPE] => VBANK
    [P_OID] => 250612-016
    [P_FN_CD1] => 88
    [P_FN_CD2] => 
    [P_FN_NM] => 신한은행
    [P_AMT] => 3000
    [P_UNAME] => 송경희
    [P_RMESG1] => P_VACCT_NO=56211104551320|P_EXP_DT=20250622
    [P_RMESG2] => 
    [P_NOTI] => 
    [P_AUTH_NO] => 
)

 Array
(
    [PageCall time] => 14:46:31
    [P_TID] => INIMX_VBNKCAEcatca0720250612144538124828
    [P_MID] => CAEcatca07
    [P_AUTH_DT] => 20250612144631
    [P_STATUS] => 02
    [P_TYPE] => VBANK
    [P_OID] => 250612-019
    [P_FN_CD1] => 04
    [P_FN_CD2] => 
    [P_FN_NM] => KB국민은행
    [P_AMT] => 3000
    [P_UNAME] => 박도훈
    [P_RMESG1] => P_VACCT_NO=88069011747566|P_EXP_DT=20250622
    [P_RMESG2] => 
    [P_NOTI] => 
    [P_AUTH_NO] => 
)

 Array
(
    [PageCall time] => 14:55:06
    [P_TID] => INIMX_VBNKCAEcatca0720250612145259244711
    [P_MID] => CAEcatca07
    [P_AUTH_DT] => 20250612145506
    [P_STATUS] => 02
    [P_TYPE] => VBANK
    [P_OID] => 250612-020
    [P_FN_CD1] => 39
    [P_FN_CD2] => 
    [P_FN_NM] => 경남은행
    [P_AMT] => 3000
    [P_UNAME] => 권인옥
    [P_RMESG1] => P_VACCT_NO=573190108807|P_EXP_DT=20250622
    [P_RMESG2] => 
    [P_NOTI] => 
    [P_AUTH_NO] => 
)

 Array
(
    [PageCall time] => 15:16:40
    [P_TID] => INIMX_VBNKCAEcatca0720250612151603224497
    [P_MID] => CAEcatca07
    [P_AUTH_DT] => 20250612151640
    [P_STATUS] => 02
    [P_TYPE] => VBANK
    [P_OID] => 250612-018
    [P_FN_CD1] => 04
    [P_FN_CD2] => 
    [P_FN_NM] => KB국민은행
    [P_AMT] => 3000
    [P_UNAME] => 김예솔
    [P_RMESG1] => P_VACCT_NO=88069011750177|P_EXP_DT=20250622
    [P_RMESG2] => 
    [P_NOTI] => 
    [P_AUTH_NO] => 
)

 Array
(
    [PageCall time] => 15:22:39
    [P_TID] => INIMX_VBNKCAEcatca0720250612151942584468
    [P_MID] => CAEcatca07
    [P_AUTH_DT] => 20250612152239
    [P_STATUS] => 02
    [P_TYPE] => VBANK
    [P_OID] => 250612-024
    [P_FN_CD1] => 20
    [P_FN_CD2] => 
    [P_FN_NM] => 우리은행
    [P_AMT] => 3000
    [P_UNAME] => 조원준
    [P_RMESG1] => P_VACCT_NO=61843454118152|P_EXP_DT=20250622
    [P_RMESG2] => 
    [P_NOTI] => 
    [P_AUTH_NO] => 
)

 Array
(
    [PageCall time] => 16:38:29
    [P_TID] => INIMX_VBNKCAEcatca0720250612163643595923
    [P_MID] => CAEcatca07
    [P_AUTH_DT] => 20250612163829
    [P_STATUS] => 02
    [P_TYPE] => VBANK
    [P_OID] => 250612-026
    [P_FN_CD1] => 11
    [P_FN_CD2] => 
    [P_FN_NM] => NH농협은행
    [P_AMT] => 3000
    [P_UNAME] => 조인화
    [P_RMESG1] => P_VACCT_NO=79010588153830|P_EXP_DT=20250622
    [P_RMESG2] => 
    [P_NOTI] => 
    [P_AUTH_NO] => 
)

 Array
(
    [PageCall time] => 16:54:00
    [P_TID] => INIMX_VBNKCAEcatca0720250612165157165803
    [P_MID] => CAEcatca07
    [P_AUTH_DT] => 20250612165400
    [P_STATUS] => 02
    [P_TYPE] => VBANK
    [P_OID] => 250612-028
    [P_FN_CD1] => 11
    [P_FN_CD2] => 
    [P_FN_NM] => NH농협은행
    [P_AMT] => 3000
    [P_UNAME] => 이 순남
    [P_RMESG1] => P_VACCT_NO=79010588156568|P_EXP_DT=20250622
    [P_RMESG2] => 
    [P_NOTI] => 
    [P_AUTH_NO] => 
)

 Array
(
    [PageCall time] => 16:58:22
    [P_TID] => INIMX_VBNKCAEcatca0720250612165742625202
    [P_MID] => CAEcatca07
    [P_AUTH_DT] => 20250612165822
    [P_STATUS] => 02
    [P_TYPE] => VBANK
    [P_OID] => 250612-021
    [P_FN_CD1] => 11
    [P_FN_CD2] => 
    [P_FN_NM] => NH농협은행
    [P_AMT] => 3000
    [P_UNAME] => 윤해름
    [P_RMESG1] => P_VACCT_NO=79010588157421|P_EXP_DT=20250622
    [P_RMESG2] => 
    [P_NOTI] => 
    [P_AUTH_NO] => 
)

 Array
(
    [PageCall time] => 17:07:02
    [P_TID] => INIMX_VBNKCAEcatca0720250612170410315177
    [P_MID] => CAEcatca07
    [P_AUTH_DT] => 20250612170702
    [P_STATUS] => 02
    [P_TYPE] => VBANK
    [P_OID] => 250612-030
    [P_FN_CD1] => 11
    [P_FN_CD2] => 
    [P_FN_NM] => NH농협은행
    [P_AMT] => 3000
    [P_UNAME] => 공병숙
    [P_RMESG1] => P_VACCT_NO=79010588158528|P_EXP_DT=20250622
    [P_RMESG2] => 
    [P_NOTI] => 
    [P_AUTH_NO] => 
)

 Array
(
    [PageCall time] => 17:17:13
    [P_TID] => INIMX_VBNKCAEcatca0720250612171635685289
    [P_MID] => CAEcatca07
    [P_AUTH_DT] => 20250612171713
    [P_STATUS] => 02
    [P_TYPE] => VBANK
    [P_OID] => 250612-025
    [P_FN_CD1] => 11
    [P_FN_CD2] => 
    [P_FN_NM] => NH농협은행
    [P_AMT] => 3000
    [P_UNAME] => 이혜인
    [P_RMESG1] => P_VACCT_NO=79010588160237|P_EXP_DT=20250622
    [P_RMESG2] => 
    [P_NOTI] => 
    [P_AUTH_NO] => 
)

 Array
(
    [PageCall time] => 18:51:09
    [P_TID] => INIMX_VBNKCAEcatca0720250612184958245650
    [P_MID] => CAEcatca07
    [P_AUTH_DT] => 20250612185109
    [P_STATUS] => 02
    [P_TYPE] => VBANK
    [P_OID] => 250612-031
    [P_FN_CD1] => 11
    [P_FN_CD2] => 
    [P_FN_NM] => NH농협은행
    [P_AMT] => 3000
    [P_UNAME] => 황경미
    [P_RMESG1] => P_VACCT_NO=79010588168031|P_EXP_DT=20250622
    [P_RMESG2] => 
    [P_NOTI] => 
    [P_AUTH_NO] => 
)

 Array
(
    [PageCall time] => 19:21:22
    [P_TID] => INIMX_VBNKCAEcatca0720250612191836915732
    [P_MID] => CAEcatca07
    [P_AUTH_DT] => 20250612192122
    [P_STATUS] => 02
    [P_TYPE] => VBANK
    [P_OID] => 250605-017
    [P_FN_CD1] => 88
    [P_FN_CD2] => 
    [P_FN_NM] => 신한은행
    [P_AMT] => 3000
    [P_UNAME] => 지은미
    [P_RMESG1] => P_VACCT_NO=56211104575412|P_EXP_DT=20250622
    [P_RMESG2] => 
    [P_NOTI] => 
    [P_AUTH_NO] => 
)

 Array
(
    [PageCall time] => 22:00:56
    [P_TID] => INIMX_VBNKCAEcatca0720250612215920445794
    [P_MID] => CAEcatca07
    [P_AUTH_DT] => 20250612220056
    [P_STATUS] => 02
    [P_TYPE] => VBANK
    [P_OID] => 250612-035
    [P_FN_CD1] => 04
    [P_FN_CD2] => 
    [P_FN_NM] => KB국민은행
    [P_AMT] => 3000
    [P_UNAME] => 이은아
    [P_RMESG1] => P_VACCT_NO=26159078247389|P_EXP_DT=20250622
    [P_RMESG2] => 
    [P_NOTI] => 
    [P_AUTH_NO] => 
)

 Array
(
    [PageCall time] => 22:33:19
    [P_TID] => INIMX_VBNKCAEcatca0720250612223054525828
    [P_MID] => CAEcatca07
    [P_AUTH_DT] => 20250612223319
    [P_STATUS] => 02
    [P_TYPE] => VBANK
    [P_OID] => 250612-036
    [P_FN_CD1] => 20
    [P_FN_CD2] => 
    [P_FN_NM] => 우리은행
    [P_AMT] => 3000
    [P_UNAME] => 김보성
    [P_RMESG1] => P_VACCT_NO=27491287118447|P_EXP_DT=20250622
    [P_RMESG2] => 
    [P_NOTI] => 
    [P_AUTH_NO] => 
)

