 Array
(
    [PageCall time] => 08:46:25
    [P_TID] => INIMX_VBNKCAEcatca0720251219084355155130
    [P_MID] => CAEcatca07
    [P_AUTH_DT] => 20251219084625
    [P_STATUS] => 02
    [P_TYPE] => VBANK
    [P_OID] => 251219-003
    [P_FN_CD1] => 88
    [P_FN_CD2] => 
    [P_FN_NM] => 신한은행
    [P_AMT] => 3000
    [P_UNAME] => 김명환
    [P_RMESG1] => P_VACCT_NO=56211991173710|P_EXP_DT=20251229
    [P_RMESG2] => 
    [P_NOTI] => 
    [P_AUTH_NO] => 
)

 Array
(
    [PageCall time] => 09:41:42
    [P_TID] => INIMX_VBNKCAEcatca0720251219062349745981
    [P_MID] => CAEcatca07
    [P_AUTH_DT] => 20251219094142
    [P_STATUS] => 02
    [P_TYPE] => VBANK
    [P_OID] => 251219-002
    [P_FN_CD1] => 88
    [P_FN_CD2] => 
    [P_FN_NM] => 신한은행
    [P_AMT] => 3000
    [P_UNAME] => 이가현
    [P_RMESG1] => P_VACCT_NO=56211106477021|P_EXP_DT=20251229
    [P_RMESG2] => 
    [P_NOTI] => 
    [P_AUTH_NO] => 
)

 Array
(
    [PageCall time] => 10:23:52
    [P_TID] => INIMX_VBNKCAEcatca0720251219102030754346
    [P_MID] => CAEcatca07
    [P_AUTH_DT] => 20251219102352
    [P_STATUS] => 02
    [P_TYPE] => VBANK
    [P_OID] => 251219-007
    [P_FN_CD1] => 20
    [P_FN_CD2] => 
    [P_FN_NM] => 우리은행
    [P_AMT] => 3000
    [P_UNAME] => 노보현
    [P_RMESG1] => P_VACCT_NO=27204436718387|P_EXP_DT=20251229
    [P_RMESG2] => 
    [P_NOTI] => 
    [P_AUTH_NO] => 
)

 Array
(
    [PageCall time] => 10:26:41
    [P_TID] => INIMX_VBNKCAEcatca0720251218000745384073
    [P_MID] => CAEcatca07
    [P_AUTH_DT] => 20251219102641
    [P_STATUS] => 02
    [P_TYPE] => VBANK
    [P_OID] => 251218-001
    [P_FN_CD1] => 88
    [P_FN_CD2] => 
    [P_FN_NM] => 신한은행
    [P_AMT] => 3000
    [P_UNAME] => 한신희
    [P_RMESG1] => P_VACCT_NO=56211123460209|P_EXP_DT=20251228
    [P_RMESG2] => 
    [P_NOTI] => 
    [P_AUTH_NO] => 
)

 Array
(
    [PageCall time] => 12:43:15
    [P_TID] => INIMX_VBNKCAEcatca0720251219124220914558
    [P_MID] => CAEcatca07
    [P_AUTH_DT] => 20251219124315
    [P_STATUS] => 02
    [P_TYPE] => VBANK
    [P_OID] => 251219-014
    [P_FN_CD1] => 11
    [P_FN_CD2] => 
    [P_FN_NM] => NH농협은행
    [P_AMT] => 3000
    [P_UNAME] => 정미숙
    [P_RMESG1] => P_VACCT_NO=79006422514851|P_EXP_DT=20251229
    [P_RMESG2] => 
    [P_NOTI] => 
    [P_AUTH_NO] => 
)

 Array
(
    [PageCall time] => 13:35:53
    [P_TID] => INIMX_VBNKCAEcatca0720251219133300514123
    [P_MID] => CAEcatca07
    [P_AUTH_DT] => 20251219133553
    [P_STATUS] => 02
    [P_TYPE] => VBANK
    [P_OID] => 251219-015
    [P_FN_CD1] => 04
    [P_FN_CD2] => 
    [P_FN_NM] => KB국민은행
    [P_AMT] => 3000
    [P_UNAME] => 임제웅
    [P_RMESG1] => P_VACCT_NO=99289014667959|P_EXP_DT=20251229
    [P_RMESG2] => 
    [P_NOTI] => 
    [P_AUTH_NO] => 
)

 Array
(
    [PageCall time] => 13:42:10
    [P_TID] => INIMX_VBNKCAEcatca0720251219133833134221
    [P_MID] => CAEcatca07
    [P_AUTH_DT] => 20251219134210
    [P_STATUS] => 02
    [P_TYPE] => VBANK
    [P_OID] => 251219-016
    [P_FN_CD1] => 03
    [P_FN_CD2] => 
    [P_FN_NM] => 기업은행
    [P_AMT] => 3000
    [P_UNAME] => 김정화
    [P_RMESG1] => P_VACCT_NO=07500537197115|P_EXP_DT=20251229
    [P_RMESG2] => 
    [P_NOTI] => 
    [P_AUTH_NO] => 
)

 Array
(
    [PageCall time] => 14:05:22
    [P_TID] => INIMX_VBNKCAEcatca0720251219140435924646
    [P_MID] => CAEcatca07
    [P_AUTH_DT] => 20251219140522
    [P_STATUS] => 02
    [P_TYPE] => VBANK
    [P_OID] => 251219-017
    [P_FN_CD1] => 11
    [P_FN_CD2] => 
    [P_FN_NM] => NH농협은행
    [P_AMT] => 3000
    [P_UNAME] => 조남종
    [P_RMESG1] => P_VACCT_NO=79006422542328|P_EXP_DT=20251229
    [P_RMESG2] => 
    [P_NOTI] => 
    [P_AUTH_NO] => 
)

 Array
(
    [PageCall time] => 14:50:34
    [P_TID] => INIMX_VBNKCAEcatca0720251219144639455028
    [P_MID] => CAEcatca07
    [P_AUTH_DT] => 20251219145034
    [P_STATUS] => 02
    [P_TYPE] => VBANK
    [P_OID] => 251219-021
    [P_FN_CD1] => 03
    [P_FN_CD2] => 
    [P_FN_NM] => 기업은행
    [P_AMT] => 3000
    [P_UNAME] => 전기승
    [P_RMESG1] => P_VACCT_NO=07503212997435|P_EXP_DT=20251229
    [P_RMESG2] => 
    [P_NOTI] => 
    [P_AUTH_NO] => 
)

 Array
(
    [PageCall time] => 15:09:19
    [P_TID] => INIMX_VBNKCAEcatca0720251218144241975011
    [P_MID] => CAEcatca07
    [P_AUTH_DT] => 20251219150919
    [P_STATUS] => 02
    [P_TYPE] => VBANK
    [P_OID] => 251215-016
    [P_FN_CD1] => 20
    [P_FN_CD2] => 
    [P_FN_NM] => 우리은행
    [P_AMT] => 3000
    [P_UNAME] => 채희경
    [P_RMESG1] => P_VACCT_NO=27389235218146|P_EXP_DT=20251228
    [P_RMESG2] => 
    [P_NOTI] => 
    [P_AUTH_NO] => 
)

 Array
(
    [PageCall time] => 15:38:44
    [P_TID] => INIMX_VBNKCAEcatca0720251219153603945282
    [P_MID] => CAEcatca07
    [P_AUTH_DT] => 20251219153844
    [P_STATUS] => 02
    [P_TYPE] => VBANK
    [P_OID] => 251219-004
    [P_FN_CD1] => 03
    [P_FN_CD2] => 
    [P_FN_NM] => 기업은행
    [P_AMT] => 3000
    [P_UNAME] => 심원석
    [P_RMESG1] => P_VACCT_NO=07503213397817|P_EXP_DT=20251229
    [P_RMESG2] => 
    [P_NOTI] => 
    [P_AUTH_NO] => 
)

 Array
(
    [PageCall time] => 15:38:56
    [P_TID] => INIMX_VBNKCAEcatca0720251219153527985758
    [P_MID] => CAEcatca07
    [P_AUTH_DT] => 20251219153856
    [P_STATUS] => 02
    [P_TYPE] => VBANK
    [P_OID] => 251219-018
    [P_FN_CD1] => 04
    [P_FN_CD2] => 
    [P_FN_NM] => KB국민은행
    [P_AMT] => 3000
    [P_UNAME] => 하성윤
    [P_RMESG1] => P_VACCT_NO=26119078772812|P_EXP_DT=20251229
    [P_RMESG2] => 
    [P_NOTI] => 
    [P_AUTH_NO] => 
)

 Array
(
    [PageCall time] => 16:13:46
    [P_TID] => INIMX_VBNKCAEcatca0720251219160924885553
    [P_MID] => CAEcatca07
    [P_AUTH_DT] => 20251219161346
    [P_STATUS] => 02
    [P_TYPE] => VBANK
    [P_OID] => 251219-023
    [P_FN_CD1] => 04
    [P_FN_CD2] => 
    [P_FN_NM] => KB국민은행
    [P_AMT] => 3000
    [P_UNAME] => HANMEISHAN
    [P_RMESG1] => P_VACCT_NO=26119078840355|P_EXP_DT=20251229
    [P_RMESG2] => 
    [P_NOTI] => 
    [P_AUTH_NO] => 
)

 Array
(
    [PageCall time] => 16:25:27
    [P_TID] => INIMX_VBNKCAEcatca0720251219162235535081
    [P_MID] => CAEcatca07
    [P_AUTH_DT] => 20251219162526
    [P_STATUS] => 02
    [P_TYPE] => VBANK
    [P_OID] => 251219-024
    [P_FN_CD1] => 04
    [P_FN_CD2] => 
    [P_FN_NM] => KB국민은행
    [P_AMT] => 3000
    [P_UNAME] => 이제상
    [P_RMESG1] => P_VACCT_NO=26119078864982|P_EXP_DT=20251229
    [P_RMESG2] => 
    [P_NOTI] => 
    [P_AUTH_NO] => 
)

 Array
(
    [PageCall time] => 19:30:48
    [P_TID] => INIMX_VBNKCAEcatca0720251219192814905210
    [P_MID] => CAEcatca07
    [P_AUTH_DT] => 20251219193048
    [P_STATUS] => 02
    [P_TYPE] => VBANK
    [P_OID] => 251213-002
    [P_FN_CD1] => 88
    [P_FN_CD2] => 
    [P_FN_NM] => 신한은행
    [P_AMT] => 3000
    [P_UNAME] => 박소연
    [P_RMESG1] => P_VACCT_NO=56211991214133|P_EXP_DT=20251229
    [P_RMESG2] => 
    [P_NOTI] => 
    [P_AUTH_NO] => 
)

 Array
(
    [PageCall time] => 21:50:19
    [P_TID] => INIMX_VBNKCAEcatca0720251218145307665024
    [P_MID] => CAEcatca07
    [P_AUTH_DT] => 20251219215019
    [P_STATUS] => 02
    [P_TYPE] => VBANK
    [P_OID] => 251218-022
    [P_FN_CD1] => 04
    [P_FN_CD2] => 
    [P_FN_NM] => KB국민은행
    [P_AMT] => 3000
    [P_UNAME] => 김주희
    [P_RMESG1] => P_VACCT_NO=26029078552071|P_EXP_DT=20251228
    [P_RMESG2] => 
    [P_NOTI] => 
    [P_AUTH_NO] => 
)

