 Array
(
    [PageCall time] => 17:48:32
    [P_TID] => TEST123
    [P_MID] => 2123
    [P_AUTH_DT] => 2
    [P_STATUS] => 3
    [P_TYPE] => 4
    [P_OID] => 250114-010
    [P_FN_CD1] => 6
    [P_FN_CD2] => 7
    [P_FN_NM] => 8
    [P_AMT] => 9
    [P_UNAME] => Ryu Si Wook
    [P_RMESG1] => 55
    [P_RMESG2] => 453
    [P_NOTI] => 345
    [P_AUTH_NO] => 345
)

 Array
(
    [PageCall time] => 17:48:54
    [P_TID] => TEST123
    [P_MID] => 2123
    [P_AUTH_DT] => 2
    [P_STATUS] => 3
    [P_TYPE] => 4
    [P_OID] => 250114-010
    [P_FN_CD1] => 6
    [P_FN_CD2] => 7
    [P_FN_NM] => 8
    [P_AMT] => 9
    [P_UNAME] => Ryu Si Wook
    [P_RMESG1] => 55
    [P_RMESG2] => 453
    [P_NOTI] => 345
    [P_AUTH_NO] => 345
)

 Array
(
    [PageCall time] => 17:53:25
    [P_TID] => TEST123
    [P_MID] => 2123
    [P_AUTH_DT] => 2
    [P_STATUS] => 3
    [P_TYPE] => 4
    [P_OID] => 250114-010
    [P_FN_CD1] => 6
    [P_FN_CD2] => 7
    [P_FN_NM] => 8
    [P_AMT] => 9
    [P_UNAME] => Ryu Si Wook
    [P_RMESG1] => 55
    [P_RMESG2] => 453
    [P_NOTI] => 345
    [P_AUTH_NO] => 345
)

 Array
(
    [PageCall time] => 17:53:55
    [P_TID] => TEST123
    [P_MID] => 2123
    [P_AUTH_DT] => 2
    [P_STATUS] => 3
    [P_TYPE] => 4
    [P_OID] => 250114-010
    [P_FN_CD1] => 6
    [P_FN_CD2] => 7
    [P_FN_NM] => 8
    [P_AMT] => 9
    [P_UNAME] => Ryu Si Wook
    [P_RMESG1] => 55
    [P_RMESG2] => 453
    [P_NOTI] => 345
    [P_AUTH_NO] => 345
)

 Array
(
    [PageCall time] => 17:54:27
    [P_TID] => TEST123
    [P_MID] => 2123
    [P_AUTH_DT] => 2
    [P_STATUS] => 3
    [P_TYPE] => 4
    [P_OID] => 250114-010
    [P_FN_CD1] => 6
    [P_FN_CD2] => 7
    [P_FN_NM] => 8
    [P_AMT] => 9
    [P_UNAME] => Ryu Si Wook
    [P_RMESG1] => 55
    [P_RMESG2] => 453
    [P_NOTI] => 345
    [P_AUTH_NO] => 345
)

 Array
(
    [PageCall time] => 17:54:48
    [P_TID] => TEST123
    [P_MID] => 2123
    [P_AUTH_DT] => 2
    [P_STATUS] => 3
    [P_TYPE] => 4
    [P_OID] => 250114-010
    [P_FN_CD1] => 6
    [P_FN_CD2] => 7
    [P_FN_NM] => 8
    [P_AMT] => 9
    [P_UNAME] => Ryu Si Wook
    [P_RMESG1] => 55
    [P_RMESG2] => 453
    [P_NOTI] => 345
    [P_AUTH_NO] => 345
)

 Array
(
    [PageCall time] => 17:55:00
    [P_TID] => TEST123
    [P_MID] => 2123
    [P_AUTH_DT] => 2
    [P_STATUS] => 3
    [P_TYPE] => 4
    [P_OID] => 250114-010
    [P_FN_CD1] => 6
    [P_FN_CD2] => 7
    [P_FN_NM] => 8
    [P_AMT] => 9
    [P_UNAME] => Ryu Si Wook
    [P_RMESG1] => 55
    [P_RMESG2] => 453
    [P_NOTI] => 345
    [P_AUTH_NO] => 345
)

 Array
(
    [PageCall time] => 17:55:13
    [P_TID] => TEST123
    [P_MID] => 2123
    [P_AUTH_DT] => 2
    [P_STATUS] => 3
    [P_TYPE] => 4
    [P_OID] => 250114-010
    [P_FN_CD1] => 6
    [P_FN_CD2] => 7
    [P_FN_NM] => 8
    [P_AMT] => 9
    [P_UNAME] => Ryu Si Wook
    [P_RMESG1] => 55
    [P_RMESG2] => 453
    [P_NOTI] => 345
    [P_AUTH_NO] => 345
)

 Array
(
    [PageCall time] => 17:55:53
    [P_TID] => TEST123
    [P_MID] => 2123
    [P_AUTH_DT] => 2
    [P_STATUS] => 3
    [P_TYPE] => 4
    [P_OID] => 250114-010
    [P_FN_CD1] => 6
    [P_FN_CD2] => 7
    [P_FN_NM] => 8
    [P_AMT] => 9
    [P_UNAME] => Ryu Si Wook
    [P_RMESG1] => 55
    [P_RMESG2] => 453
    [P_NOTI] => 345
    [P_AUTH_NO] => 345
)

