 Array
(
    [PageCall time] => 06:36:34
    [P_TID] => INIMX_VBNKCAEcatca0720250603063407305599
    [P_MID] => CAEcatca07
    [P_AUTH_DT] => 20250603063634
    [P_STATUS] => 02
    [P_TYPE] => VBANK
    [P_OID] => 250603-002
    [P_FN_CD1] => 20
    [P_FN_CD2] => 
    [P_FN_NM] => 우리은행
    [P_AMT] => 3000
    [P_UNAME] => 유기원
    [P_RMESG1] => P_VACCT_NO=27490846318185|P_EXP_DT=20250613
    [P_RMESG2] => 
    [P_NOTI] => 
    [P_AUTH_NO] => 
)

 Array
(
    [PageCall time] => 10:58:16
    [P_TID] => INIMX_VBNKCAEcatca0720250603105602295759
    [P_MID] => CAEcatca07
    [P_AUTH_DT] => 20250603105816
    [P_STATUS] => 02
    [P_TYPE] => VBANK
    [P_OID] => 250603-006
    [P_FN_CD1] => 04
    [P_FN_CD2] => 
    [P_FN_NM] => KB국민은행
    [P_AMT] => 3000
    [P_UNAME] => 조미옥
    [P_RMESG1] => P_VACCT_NO=26119078322837|P_EXP_DT=20250613
    [P_RMESG2] => 
    [P_NOTI] => 
    [P_AUTH_NO] => 
)

 Array
(
    [PageCall time] => 10:59:50
    [P_TID] => INIMX_VBNKCAEcatca0720250602175531735090
    [P_MID] => CAEcatca07
    [P_AUTH_DT] => 20250603105950
    [P_STATUS] => 02
    [P_TYPE] => VBANK
    [P_OID] => 250602-020
    [P_FN_CD1] => 03
    [P_FN_CD2] => 
    [P_FN_NM] => 기업은행
    [P_AMT] => 3000
    [P_UNAME] => 이승희
    [P_RMESG1] => P_VACCT_NO=07503167897923|P_EXP_DT=20250612
    [P_RMESG2] => 
    [P_NOTI] => 
    [P_AUTH_NO] => 
)

 Array
(
    [PageCall time] => 11:19:43
    [P_TID] => INIMX_VBNKCAEcatca0720250603111713365758
    [P_MID] => CAEcatca07
    [P_AUTH_DT] => 20250603111943
    [P_STATUS] => 02
    [P_TYPE] => VBANK
    [P_OID] => 250603-008
    [P_FN_CD1] => 81
    [P_FN_CD2] => 
    [P_FN_NM] => 하나은행
    [P_AMT] => 3000
    [P_UNAME] => 김리현
    [P_RMESG1] => P_VACCT_NO=20894041925637|P_EXP_DT=20250613
    [P_RMESG2] => 
    [P_NOTI] => 
    [P_AUTH_NO] => 
)

 Array
(
    [PageCall time] => 11:20:41
    [P_TID] => INIMX_VBNKCAEcatca0720250603111647505058
    [P_MID] => CAEcatca07
    [P_AUTH_DT] => 20250603112041
    [P_STATUS] => 02
    [P_TYPE] => VBANK
    [P_OID] => 250603-004
    [P_FN_CD1] => 23
    [P_FN_CD2] => 
    [P_FN_NM] => SC은행
    [P_AMT] => 3000
    [P_UNAME] => 노형도
    [P_RMESG1] => P_VACCT_NO=46416006194403|P_EXP_DT=20250613
    [P_RMESG2] => 
    [P_NOTI] => 
    [P_AUTH_NO] => 
)

 Array
(
    [PageCall time] => 11:24:15
    [P_TID] => INIMX_VBNKCAEcatca0720250603111452315433
    [P_MID] => CAEcatca07
    [P_AUTH_DT] => 20250603112415
    [P_STATUS] => 02
    [P_TYPE] => VBANK
    [P_OID] => 250603-003
    [P_FN_CD1] => 23
    [P_FN_CD2] => 
    [P_FN_NM] => SC은행
    [P_AMT] => 3000
    [P_UNAME] => 노형도
    [P_RMESG1] => P_VACCT_NO=46416006194398|P_EXP_DT=20250613
    [P_RMESG2] => 
    [P_NOTI] => 
    [P_AUTH_NO] => 
)

 Array
(
    [PageCall time] => 12:34:30
    [P_TID] => INIMX_VBNKCAEcatca0720250603113943395065
    [P_MID] => CAEcatca07
    [P_AUTH_DT] => 20250603123430
    [P_STATUS] => 02
    [P_TYPE] => VBANK
    [P_OID] => 250603-010
    [P_FN_CD1] => 11
    [P_FN_CD2] => 
    [P_FN_NM] => NH농협은행
    [P_AMT] => 3000
    [P_UNAME] => 조경희
    [P_RMESG1] => P_VACCT_NO=79010581352481|P_EXP_DT=20250613
    [P_RMESG2] => 
    [P_NOTI] => 
    [P_AUTH_NO] => 
)

 Array
(
    [PageCall time] => 13:31:13
    [P_TID] => INIMX_VBNKCAEcatca0720250603132819595588
    [P_MID] => CAEcatca07
    [P_AUTH_DT] => 20250603133113
    [P_STATUS] => 02
    [P_TYPE] => VBANK
    [P_OID] => 250603-012
    [P_FN_CD1] => 89
    [P_FN_CD2] => 
    [P_FN_NM] => 케이뱅크
    [P_AMT] => 3000
    [P_UNAME] => 김안나
    [P_RMESG1] => P_VACCT_NO=70112003673799|P_EXP_DT=20250613
    [P_RMESG2] => 
    [P_NOTI] => 
    [P_AUTH_NO] => 
)

 Array
(
    [PageCall time] => 14:17:24
    [P_TID] => INIMX_VBNKCAEcatca0720250603141640765324
    [P_MID] => CAEcatca07
    [P_AUTH_DT] => 20250603141724
    [P_STATUS] => 02
    [P_TYPE] => VBANK
    [P_OID] => 250603-013
    [P_FN_CD1] => 04
    [P_FN_CD2] => 
    [P_FN_NM] => KB국민은행
    [P_AMT] => 3000
    [P_UNAME] => 최은경
    [P_RMESG1] => P_VACCT_NO=40849011225408|P_EXP_DT=20250613
    [P_RMESG2] => 
    [P_NOTI] => 
    [P_AUTH_NO] => 
)

 Array
(
    [PageCall time] => 16:54:54
    [P_TID] => INIMX_VBNKCAEcatca0720250603165219105328
    [P_MID] => CAEcatca07
    [P_AUTH_DT] => 20250603165454
    [P_STATUS] => 02
    [P_TYPE] => VBANK
    [P_OID] => 250603-014
    [P_FN_CD1] => 03
    [P_FN_CD2] => 
    [P_FN_NM] => 기업은행
    [P_AMT] => 3000
    [P_UNAME] => 이승준
    [P_RMESG1] => P_VACCT_NO=07503172697938|P_EXP_DT=20250613
    [P_RMESG2] => 
    [P_NOTI] => 
    [P_AUTH_NO] => 
)

 Array
(
    [PageCall time] => 17:04:37
    [P_TID] => INIMX_VBNKCAEcatca0720250603170156345148
    [P_MID] => CAEcatca07
    [P_AUTH_DT] => 20250603170437
    [P_STATUS] => 02
    [P_TYPE] => VBANK
    [P_OID] => 250603-015
    [P_FN_CD1] => 89
    [P_FN_CD2] => 
    [P_FN_NM] => 케이뱅크
    [P_AMT] => 3000
    [P_UNAME] => 이시현
    [P_RMESG1] => P_VACCT_NO=70112003675267|P_EXP_DT=20250613
    [P_RMESG2] => 
    [P_NOTI] => 
    [P_AUTH_NO] => 
)

 Array
(
    [PageCall time] => 17:57:52
    [P_TID] => INIMX_VBNKCAEcatca0720250603175719175795
    [P_MID] => CAEcatca07
    [P_AUTH_DT] => 20250603175752
    [P_STATUS] => 02
    [P_TYPE] => VBANK
    [P_OID] => 250603-011
    [P_FN_CD1] => 04
    [P_FN_CD2] => 
    [P_FN_NM] => KB국민은행
    [P_AMT] => 3000
    [P_UNAME] => 김현주
    [P_RMESG1] => P_VACCT_NO=42089011572630|P_EXP_DT=20250613
    [P_RMESG2] => 
    [P_NOTI] => 
    [P_AUTH_NO] => 
)

 Array
(
    [PageCall time] => 18:11:23
    [P_TID] => INIMX_VBNKCAEcatca0720250603180759365251
    [P_MID] => CAEcatca07
    [P_AUTH_DT] => 20250603181123
    [P_STATUS] => 02
    [P_TYPE] => VBANK
    [P_OID] => 250603-017
    [P_FN_CD1] => 03
    [P_FN_CD2] => 
    [P_FN_NM] => 기업은행
    [P_AMT] => 3000
    [P_UNAME] => 정국한
    [P_RMESG1] => P_VACCT_NO=07503172897942|P_EXP_DT=20250613
    [P_RMESG2] => 
    [P_NOTI] => 
    [P_AUTH_NO] => 
)

 Array
(
    [PageCall time] => 18:14:51
    [P_TID] => INIMX_VBNKCAEcatca0720250603181155915723
    [P_MID] => CAEcatca07
    [P_AUTH_DT] => 20250603181451
    [P_STATUS] => 02
    [P_TYPE] => VBANK
    [P_OID] => 250603-018
    [P_FN_CD1] => 88
    [P_FN_CD2] => 
    [P_FN_NM] => 신한은행
    [P_AMT] => 3000
    [P_UNAME] => 이현옥
    [P_RMESG1] => P_VACCT_NO=56211992927255|P_EXP_DT=20250613
    [P_RMESG2] => 
    [P_NOTI] => 
    [P_AUTH_NO] => 
)

 Array
(
    [PageCall time] => 19:06:15
    [P_TID] => INIMX_VBNKCAEcatca0720250603190324255379
    [P_MID] => CAEcatca07
    [P_AUTH_DT] => 20250603190615
    [P_STATUS] => 02
    [P_TYPE] => VBANK
    [P_OID] => 250603-020
    [P_FN_CD1] => 81
    [P_FN_CD2] => 
    [P_FN_NM] => 하나은행
    [P_AMT] => 3000
    [P_UNAME] => 김은정
    [P_RMESG1] => P_VACCT_NO=20894043167037|P_EXP_DT=20250613
    [P_RMESG2] => 
    [P_NOTI] => 
    [P_AUTH_NO] => 
)

 Array
(
    [PageCall time] => 20:31:11
    [P_TID] => INIMX_VBNKCAEcatca0720250603203033925643
    [P_MID] => CAEcatca07
    [P_AUTH_DT] => 20250603203111
    [P_STATUS] => 02
    [P_TYPE] => VBANK
    [P_OID] => 250603-021
    [P_FN_CD1] => 04
    [P_FN_CD2] => 
    [P_FN_NM] => KB국민은행
    [P_AMT] => 3000
    [P_UNAME] => 문동준
    [P_RMESG1] => P_VACCT_NO=42379011088767|P_EXP_DT=20250613
    [P_RMESG2] => 
    [P_NOTI] => 
    [P_AUTH_NO] => 
)

 Array
(
    [PageCall time] => 22:31:45
    [P_TID] => INIMX_VBNKCAEcatca0720250603223118135627
    [P_MID] => CAEcatca07
    [P_AUTH_DT] => 20250603223145
    [P_STATUS] => 02
    [P_TYPE] => VBANK
    [P_OID] => 250603-022
    [P_FN_CD1] => 11
    [P_FN_CD2] => 
    [P_FN_NM] => NH농협은행
    [P_AMT] => 3000
    [P_UNAME] => 임윤옥
    [P_RMESG1] => P_VACCT_NO=79010582033681|P_EXP_DT=20250613
    [P_RMESG2] => 
    [P_NOTI] => 
    [P_AUTH_NO] => 
)

 Array
(
    [PageCall time] => 23:25:39
    [P_TID] => INIMX_VBNKCAEcatca0720250603232451995602
    [P_MID] => CAEcatca07
    [P_AUTH_DT] => 20250603232539
    [P_STATUS] => 02
    [P_TYPE] => VBANK
    [P_OID] => 250602-022
    [P_FN_CD1] => 04
    [P_FN_CD2] => 
    [P_FN_NM] => KB국민은행
    [P_AMT] => 3000
    [P_UNAME] => 김창주
    [P_RMESG1] => P_VACCT_NO=51269079095812|P_EXP_DT=20250613
    [P_RMESG2] => 
    [P_NOTI] => 
    [P_AUTH_NO] => 
)

