 Array
(
    [PageCall time] => 06:43:24
    [P_TID] => INIMX_VBNKCAEcatca0720250921063952605008
    [P_MID] => CAEcatca07
    [P_AUTH_DT] => 20250921064323
    [P_STATUS] => 02
    [P_TYPE] => VBANK
    [P_OID] => 250921-001
    [P_FN_CD1] => 20
    [P_FN_CD2] => 
    [P_FN_NM] => 우리은행
    [P_AMT] => 3000
    [P_UNAME] => 조재훈
    [P_RMESG1] => P_VACCT_NO=27490119918136|P_EXP_DT=20251001
    [P_RMESG2] => 
    [P_NOTI] => 
    [P_AUTH_NO] => 
)

 Array
(
    [PageCall time] => 10:56:59
    [P_TID] => INIMX_VBNKCAEcatca0720250921105348875600
    [P_MID] => CAEcatca07
    [P_AUTH_DT] => 20250921105659
    [P_STATUS] => 02
    [P_TYPE] => VBANK
    [P_OID] => 250921-003
    [P_FN_CD1] => 88
    [P_FN_CD2] => 
    [P_FN_NM] => 신한은행
    [P_AMT] => 3000
    [P_UNAME] => 김선주
    [P_RMESG1] => P_VACCT_NO=56211104364985|P_EXP_DT=20251001
    [P_RMESG2] => 
    [P_NOTI] => 
    [P_AUTH_NO] => 
)

 Array
(
    [PageCall time] => 11:09:22
    [P_TID] => INIMX_VBNKCAEcatca0720250921110838515974
    [P_MID] => CAEcatca07
    [P_AUTH_DT] => 20250921110922
    [P_STATUS] => 02
    [P_TYPE] => VBANK
    [P_OID] => 250921-004
    [P_FN_CD1] => 11
    [P_FN_CD2] => 
    [P_FN_NM] => NH농협은행
    [P_AMT] => 3000
    [P_UNAME] => 박은주
    [P_RMESG1] => P_VACCT_NO=79014506515983|P_EXP_DT=20251001
    [P_RMESG2] => 
    [P_NOTI] => 
    [P_AUTH_NO] => 
)

 Array
(
    [PageCall time] => 11:28:42
    [P_TID] => INIMX_VBNKCAEcatca0720250921112556395794
    [P_MID] => CAEcatca07
    [P_AUTH_DT] => 20250921112842
    [P_STATUS] => 02
    [P_TYPE] => VBANK
    [P_OID] => 250921-006
    [P_FN_CD1] => 03
    [P_FN_CD2] => 
    [P_FN_NM] => 기업은행
    [P_AMT] => 3000
    [P_UNAME] => 유계향
    [P_RMESG1] => P_VACCT_NO=07502359797099|P_EXP_DT=20251001
    [P_RMESG2] => 
    [P_NOTI] => 
    [P_AUTH_NO] => 
)

 Array
(
    [PageCall time] => 13:02:04
    [P_TID] => INIMX_VBNKCAEcatca0720250921125935185623
    [P_MID] => CAEcatca07
    [P_AUTH_DT] => 20250921130204
    [P_STATUS] => 02
    [P_TYPE] => VBANK
    [P_OID] => 250921-008
    [P_FN_CD1] => 04
    [P_FN_CD2] => 
    [P_FN_NM] => KB국민은행
    [P_AMT] => 3000
    [P_UNAME] => 박석준
    [P_RMESG1] => P_VACCT_NO=26159078280027|P_EXP_DT=20251001
    [P_RMESG2] => 
    [P_NOTI] => 
    [P_AUTH_NO] => 
)

 Array
(
    [PageCall time] => 13:26:35
    [P_TID] => INIMX_VBNKCAEcatca0720250921132304105072
    [P_MID] => CAEcatca07
    [P_AUTH_DT] => 20250921132635
    [P_STATUS] => 02
    [P_TYPE] => VBANK
    [P_OID] => 250921-009
    [P_FN_CD1] => 04
    [P_FN_CD2] => 
    [P_FN_NM] => KB국민은행
    [P_AMT] => 3000
    [P_UNAME] => 박영진
    [P_RMESG1] => P_VACCT_NO=26159078284096|P_EXP_DT=20251001
    [P_RMESG2] => 
    [P_NOTI] => 
    [P_AUTH_NO] => 
)

 Array
(
    [PageCall time] => 14:05:01
    [P_TID] => INIMX_VBNKCAEcatca0720250921140422575687
    [P_MID] => CAEcatca07
    [P_AUTH_DT] => 20250921140501
    [P_STATUS] => 02
    [P_TYPE] => VBANK
    [P_OID] => 250921-010
    [P_FN_CD1] => 11
    [P_FN_CD2] => 
    [P_FN_NM] => NH농협은행
    [P_AMT] => 3000
    [P_UNAME] => 김영주
    [P_RMESG1] => P_VACCT_NO=79014506525629|P_EXP_DT=20251001
    [P_RMESG2] => 
    [P_NOTI] => 
    [P_AUTH_NO] => 
)

 Array
(
    [PageCall time] => 14:22:40
    [P_TID] => INIMX_VBNKCAEcatca0720250921141936865642
    [P_MID] => CAEcatca07
    [P_AUTH_DT] => 20250921142240
    [P_STATUS] => 02
    [P_TYPE] => VBANK
    [P_OID] => 250921-011
    [P_FN_CD1] => 32
    [P_FN_CD2] => 
    [P_FN_NM] => 부산은행
    [P_AMT] => 3000
    [P_UNAME] => 김지선
    [P_RMESG1] => P_VACCT_NO=109924033666|P_EXP_DT=20251001
    [P_RMESG2] => 
    [P_NOTI] => 
    [P_AUTH_NO] => 
)

 Array
(
    [PageCall time] => 15:50:44
    [P_TID] => INIMX_VBNKCAEcatca0720250921154810465044
    [P_MID] => CAEcatca07
    [P_AUTH_DT] => 20250921155044
    [P_STATUS] => 02
    [P_TYPE] => VBANK
    [P_OID] => 250921-012
    [P_FN_CD1] => 88
    [P_FN_CD2] => 
    [P_FN_NM] => 신한은행
    [P_AMT] => 3000
    [P_UNAME] => 정지윤
    [P_RMESG1] => P_VACCT_NO=56211102844994|P_EXP_DT=20251001
    [P_RMESG2] => 
    [P_NOTI] => 
    [P_AUTH_NO] => 
)

 Array
(
    [PageCall time] => 16:22:18
    [P_TID] => INIMX_VBNKCAEcatca0720250921162102745412
    [P_MID] => CAEcatca07
    [P_AUTH_DT] => 20250921162218
    [P_STATUS] => 02
    [P_TYPE] => VBANK
    [P_OID] => 250921-013
    [P_FN_CD1] => 11
    [P_FN_CD2] => 
    [P_FN_NM] => NH농협은행
    [P_AMT] => 3000
    [P_UNAME] => 탁영희
    [P_RMESG1] => P_VACCT_NO=79014506535131|P_EXP_DT=20251001
    [P_RMESG2] => 
    [P_NOTI] => 
    [P_AUTH_NO] => 
)

 Array
(
    [PageCall time] => 17:47:06
    [P_TID] => INIMX_VBNKCAEcatca0720250921174326285857
    [P_MID] => CAEcatca07
    [P_AUTH_DT] => 20250921174706
    [P_STATUS] => 02
    [P_TYPE] => VBANK
    [P_OID] => 250921-014
    [P_FN_CD1] => 04
    [P_FN_CD2] => 
    [P_FN_NM] => KB국민은행
    [P_AMT] => 3000
    [P_UNAME] => 김강식
    [P_RMESG1] => P_VACCT_NO=26159078338858|P_EXP_DT=20251001
    [P_RMESG2] => 
    [P_NOTI] => 
    [P_AUTH_NO] => 
)

 Array
(
    [PageCall time] => 19:29:34
    [P_TID] => INIMX_VBNKCAEcatca0720250921192753855943
    [P_MID] => CAEcatca07
    [P_AUTH_DT] => 20250921192934
    [P_STATUS] => 02
    [P_TYPE] => VBANK
    [P_OID] => 250921-016
    [P_FN_CD1] => 11
    [P_FN_CD2] => 
    [P_FN_NM] => NH농협은행
    [P_AMT] => 3000
    [P_UNAME] => 유현종
    [P_RMESG1] => P_VACCT_NO=79014506545185|P_EXP_DT=20251001
    [P_RMESG2] => 
    [P_NOTI] => 
    [P_AUTH_NO] => 
)

 Array
(
    [PageCall time] => 19:30:10
    [P_TID] => INIMX_VBNKCAEcatca0720250921192548775289
    [P_MID] => CAEcatca07
    [P_AUTH_DT] => 20250921193010
    [P_STATUS] => 02
    [P_TYPE] => VBANK
    [P_OID] => 250921-002
    [P_FN_CD1] => 04
    [P_FN_CD2] => 
    [P_FN_NM] => KB국민은행
    [P_AMT] => 3000
    [P_UNAME] => 장성은
    [P_RMESG1] => P_VACCT_NO=26159078360921|P_EXP_DT=20251001
    [P_RMESG2] => 
    [P_NOTI] => 
    [P_AUTH_NO] => 
)

 Array
(
    [PageCall time] => 20:09:41
    [P_TID] => INIMX_VBNKCAEcatca0720250921200651935127
    [P_MID] => CAEcatca07
    [P_AUTH_DT] => 20250921200941
    [P_STATUS] => 02
    [P_TYPE] => VBANK
    [P_OID] => 250921-017
    [P_FN_CD1] => 03
    [P_FN_CD2] => 
    [P_FN_NM] => 기업은행
    [P_AMT] => 3000
    [P_UNAME] => 한샛별
    [P_RMESG1] => P_VACCT_NO=07502360797982|P_EXP_DT=20251001
    [P_RMESG2] => 
    [P_NOTI] => 
    [P_AUTH_NO] => 
)

 Array
(
    [PageCall time] => 21:25:12
    [P_TID] => INIMX_VBNKCAEcatca0720250921212056305299
    [P_MID] => CAEcatca07
    [P_AUTH_DT] => 20250921212512
    [P_STATUS] => 02
    [P_TYPE] => VBANK
    [P_OID] => 250921-018
    [P_FN_CD1] => 88
    [P_FN_CD2] => 
    [P_FN_NM] => 신한은행
    [P_AMT] => 3000
    [P_UNAME] => 채임숙
    [P_RMESG1] => P_VACCT_NO=56211992453667|P_EXP_DT=20251001
    [P_RMESG2] => 
    [P_NOTI] => 
    [P_AUTH_NO] => 
)

