 Array
(
    [PageCall time] => 02:10:09
    [P_TID] => INIMX_VBNKCAEcatca0720250403020646735873
    [P_MID] => CAEcatca07
    [P_AUTH_DT] => 20250403021009
    [P_STATUS] => 02
    [P_TYPE] => VBANK
    [P_OID] => 250402-027
    [P_FN_CD1] => 89
    [P_FN_CD2] => 
    [P_FN_NM] => 케이뱅크
    [P_AMT] => 3000
    [P_UNAME] => 이재문
    [P_RMESG1] => P_VACCT_NO=70112003240834|P_EXP_DT=20250413
    [P_RMESG2] => 
    [P_NOTI] => 
    [P_AUTH_NO] => 
)

 Array
(
    [PageCall time] => 07:49:50
    [P_TID] => INIMX_VBNKCAEcatca0720250403074850475797
    [P_MID] => CAEcatca07
    [P_AUTH_DT] => 20250403074950
    [P_STATUS] => 02
    [P_TYPE] => VBANK
    [P_OID] => 250402-025
    [P_FN_CD1] => 04
    [P_FN_CD2] => 
    [P_FN_NM] => KB국민은행
    [P_AMT] => 3000
    [P_UNAME] => 김미혜
    [P_RMESG1] => P_VACCT_NO=26159078141078|P_EXP_DT=20250413
    [P_RMESG2] => 
    [P_NOTI] => 
    [P_AUTH_NO] => 
)

 Array
(
    [PageCall time] => 09:12:14
    [P_TID] => INIMX_VBNKCAEcatca0720250403091040645094
    [P_MID] => CAEcatca07
    [P_AUTH_DT] => 20250403091214
    [P_STATUS] => 02
    [P_TYPE] => VBANK
    [P_OID] => 250403-001
    [P_FN_CD1] => 11
    [P_FN_CD2] => 
    [P_FN_NM] => NH농협은행
    [P_AMT] => 3000
    [P_UNAME] => 조선희
    [P_RMESG1] => P_VACCT_NO=79014509448208|P_EXP_DT=20250413
    [P_RMESG2] => 
    [P_NOTI] => 
    [P_AUTH_NO] => 
)

 Array
(
    [PageCall time] => 09:45:04
    [P_TID] => INIMX_VBNKCAEcatca0720250403094153965894
    [P_MID] => CAEcatca07
    [P_AUTH_DT] => 20250403094504
    [P_STATUS] => 02
    [P_TYPE] => VBANK
    [P_OID] => 250403-002
    [P_FN_CD1] => 88
    [P_FN_CD2] => 
    [P_FN_NM] => 신한은행
    [P_AMT] => 3000
    [P_UNAME] => 김홍록
    [P_RMESG1] => P_VACCT_NO=56211992161644|P_EXP_DT=20250413
    [P_RMESG2] => 
    [P_NOTI] => 
    [P_AUTH_NO] => 
)

 Array
(
    [PageCall time] => 09:45:53
    [P_TID] => INIMX_VBNKCAEcatca0720250403094516705995
    [P_MID] => CAEcatca07
    [P_AUTH_DT] => 20250403094553
    [P_STATUS] => 02
    [P_TYPE] => VBANK
    [P_OID] => 250401-009
    [P_FN_CD1] => 04
    [P_FN_CD2] => 
    [P_FN_NM] => KB국민은행
    [P_AMT] => 3000
    [P_UNAME] => 김동국
    [P_RMESG1] => P_VACCT_NO=26159078640779|P_EXP_DT=20250413
    [P_RMESG2] => 
    [P_NOTI] => 
    [P_AUTH_NO] => 
)

 Array
(
    [PageCall time] => 09:56:11
    [P_TID] => INIMX_VBNKCAEcatca0720250403095327355309
    [P_MID] => CAEcatca07
    [P_AUTH_DT] => 20250403095611
    [P_STATUS] => 02
    [P_TYPE] => VBANK
    [P_OID] => 250403-005
    [P_FN_CD1] => 03
    [P_FN_CD2] => 
    [P_FN_NM] => 기업은행
    [P_AMT] => 3000
    [P_UNAME] => 이미영
    [P_RMESG1] => P_VACCT_NO=07503191397065|P_EXP_DT=20250413
    [P_RMESG2] => 
    [P_NOTI] => 
    [P_AUTH_NO] => 
)

 Array
(
    [PageCall time] => 10:03:49
    [P_TID] => INIMX_VBNKCAEcatca0720250403100306125551
    [P_MID] => CAEcatca07
    [P_AUTH_DT] => 20250403100349
    [P_STATUS] => 02
    [P_TYPE] => VBANK
    [P_OID] => 250403-006
    [P_FN_CD1] => 04
    [P_FN_CD2] => 
    [P_FN_NM] => KB국민은행
    [P_AMT] => 3000
    [P_UNAME] => 박영재
    [P_RMESG1] => P_VACCT_NO=26159078644847|P_EXP_DT=20250413
    [P_RMESG2] => 
    [P_NOTI] => 
    [P_AUTH_NO] => 
)

 Array
(
    [PageCall time] => 11:24:26
    [P_TID] => INIMX_VBNKCAEcatca0720250403112253685696
    [P_MID] => CAEcatca07
    [P_AUTH_DT] => 20250403112426
    [P_STATUS] => 02
    [P_TYPE] => VBANK
    [P_OID] => 250403-010
    [P_FN_CD1] => 11
    [P_FN_CD2] => 
    [P_FN_NM] => NH농협은행
    [P_AMT] => 3000
    [P_UNAME] => 한들문화센터
    [P_RMESG1] => P_VACCT_NO=79014509457763|P_EXP_DT=20250413
    [P_RMESG2] => 
    [P_NOTI] => 
    [P_AUTH_NO] => 
)

 Array
(
    [PageCall time] => 11:26:15
    [P_TID] => INIMX_VBNKCAEcatca0720250403112407725028
    [P_MID] => CAEcatca07
    [P_AUTH_DT] => 20250403112615
    [P_STATUS] => 02
    [P_TYPE] => VBANK
    [P_OID] => 250403-008
    [P_FN_CD1] => 11
    [P_FN_CD2] => 
    [P_FN_NM] => NH농협은행
    [P_AMT] => 3000
    [P_UNAME] => 이재연
    [P_RMESG1] => P_VACCT_NO=79014509457866|P_EXP_DT=20250413
    [P_RMESG2] => 
    [P_NOTI] => 
    [P_AUTH_NO] => 
)

 Array
(
    [PageCall time] => 11:32:57
    [P_TID] => INIMX_VBNKCAEcatca0720250403113149985543
    [P_MID] => CAEcatca07
    [P_AUTH_DT] => 20250403113257
    [P_STATUS] => 02
    [P_TYPE] => VBANK
    [P_OID] => 250403-011
    [P_FN_CD1] => 04
    [P_FN_CD2] => 
    [P_FN_NM] => KB국민은행
    [P_AMT] => 3000
    [P_UNAME] => 버니
    [P_RMESG1] => P_VACCT_NO=26159078672008|P_EXP_DT=20250413
    [P_RMESG2] => 
    [P_NOTI] => 
    [P_AUTH_NO] => 
)

 Array
(
    [PageCall time] => 11:51:59
    [P_TID] => INIMX_VBNKCAEcatca0720250403115022525995
    [P_MID] => CAEcatca07
    [P_AUTH_DT] => 20250403115159
    [P_STATUS] => 02
    [P_TYPE] => VBANK
    [P_OID] => 250403-013
    [P_FN_CD1] => 11
    [P_FN_CD2] => 
    [P_FN_NM] => NH농협은행
    [P_AMT] => 3000
    [P_UNAME] => 황순희
    [P_RMESG1] => P_VACCT_NO=79014509459929|P_EXP_DT=20250413
    [P_RMESG2] => 
    [P_NOTI] => 
    [P_AUTH_NO] => 
)

 Array
(
    [PageCall time] => 13:34:16
    [P_TID] => INIMX_VBNKCAEcatca0720250403095217305021
    [P_MID] => CAEcatca07
    [P_AUTH_DT] => 20250403133416
    [P_STATUS] => 02
    [P_TYPE] => VBANK
    [P_OID] => 250403-003
    [P_FN_CD1] => 88
    [P_FN_CD2] => 
    [P_FN_NM] => 신한은행
    [P_AMT] => 3000
    [P_UNAME] => 이미자
    [P_RMESG1] => P_VACCT_NO=56211992162031|P_EXP_DT=20250413
    [P_RMESG2] => 
    [P_NOTI] => 
    [P_AUTH_NO] => 
)

 Array
(
    [PageCall time] => 13:49:53
    [P_TID] => INIMX_VBNKCAEcatca0720250403134745225962
    [P_MID] => CAEcatca07
    [P_AUTH_DT] => 20250403134953
    [P_STATUS] => 02
    [P_TYPE] => VBANK
    [P_OID] => 250403-016
    [P_FN_CD1] => 04
    [P_FN_CD2] => 
    [P_FN_NM] => KB국민은행
    [P_AMT] => 3000
    [P_UNAME] => 이숙진
    [P_RMESG1] => P_VACCT_NO=26159078733172|P_EXP_DT=20250413
    [P_RMESG2] => 
    [P_NOTI] => 
    [P_AUTH_NO] => 
)

 Array
(
    [PageCall time] => 14:22:39
    [P_TID] => INIMX_VBNKCAEcatca0720250403141902755453
    [P_MID] => CAEcatca07
    [P_AUTH_DT] => 20250403142239
    [P_STATUS] => 02
    [P_TYPE] => VBANK
    [P_OID] => 250403-018
    [P_FN_CD1] => 03
    [P_FN_CD2] => 
    [P_FN_NM] => 기업은행
    [P_AMT] => 3000
    [P_UNAME] => 김규은
    [P_RMESG1] => P_VACCT_NO=07503192797639|P_EXP_DT=20250413
    [P_RMESG2] => 
    [P_NOTI] => 
    [P_AUTH_NO] => 
)

 Array
(
    [PageCall time] => 14:38:50
    [P_TID] => INIMX_VBNKCAEcatca0720250403143507335960
    [P_MID] => CAEcatca07
    [P_AUTH_DT] => 20250403143850
    [P_STATUS] => 02
    [P_TYPE] => VBANK
    [P_OID] => 250403-021
    [P_FN_CD1] => 07
    [P_FN_CD2] => 
    [P_FN_NM] => 수협은행
    [P_AMT] => 3000
    [P_UNAME] => 배은주
    [P_RMESG1] => P_VACCT_NO=06640082572641|P_EXP_DT=20250413
    [P_RMESG2] => 
    [P_NOTI] => 
    [P_AUTH_NO] => 
)

 Array
(
    [PageCall time] => 15:14:08
    [P_TID] => INIMX_VBNKCAEcatca0720250403151258375248
    [P_MID] => CAEcatca07
    [P_AUTH_DT] => 20250403151408
    [P_STATUS] => 02
    [P_TYPE] => VBANK
    [P_OID] => 250325-019
    [P_FN_CD1] => 04
    [P_FN_CD2] => 
    [P_FN_NM] => KB국민은행
    [P_AMT] => 3000
    [P_UNAME] => 허용운
    [P_RMESG1] => P_VACCT_NO=29419079376705|P_EXP_DT=20250413
    [P_RMESG2] => 
    [P_NOTI] => 
    [P_AUTH_NO] => 
)

 Array
(
    [PageCall time] => 15:31:25
    [P_TID] => INIMX_VBNKCAEcatca0720250403152824435356
    [P_MID] => CAEcatca07
    [P_AUTH_DT] => 20250403153125
    [P_STATUS] => 02
    [P_TYPE] => VBANK
    [P_OID] => 250403-024
    [P_FN_CD1] => 81
    [P_FN_CD2] => 
    [P_FN_NM] => 하나은행
    [P_AMT] => 3000
    [P_UNAME] => 김유정
    [P_RMESG1] => P_VACCT_NO=20894326023537|P_EXP_DT=20250413
    [P_RMESG2] => 
    [P_NOTI] => 
    [P_AUTH_NO] => 
)

 Array
(
    [PageCall time] => 15:35:11
    [P_TID] => INIMX_VBNKCAEcatca0720250403153208925096
    [P_MID] => CAEcatca07
    [P_AUTH_DT] => 20250403153511
    [P_STATUS] => 02
    [P_TYPE] => VBANK
    [P_OID] => 250403-025
    [P_FN_CD1] => 81
    [P_FN_CD2] => 
    [P_FN_NM] => 하나은행
    [P_AMT] => 3000
    [P_UNAME] => 이은미
    [P_RMESG1] => P_VACCT_NO=20894326044637|P_EXP_DT=20250413
    [P_RMESG2] => 
    [P_NOTI] => 
    [P_AUTH_NO] => 
)

 Array
(
    [PageCall time] => 16:18:54
    [P_TID] => INIMX_VBNKCAEcatca0720250403161159315694
    [P_MID] => CAEcatca07
    [P_AUTH_DT] => 20250403161854
    [P_STATUS] => 02
    [P_TYPE] => VBANK
    [P_OID] => 250328-007
    [P_FN_CD1] => 88
    [P_FN_CD2] => 
    [P_FN_NM] => 신한은행
    [P_AMT] => 3000
    [P_UNAME] => 평택시공동육아나눔터2호점
    [P_RMESG1] => P_VACCT_NO=56211992191480|P_EXP_DT=20250413
    [P_RMESG2] => 
    [P_NOTI] => 
    [P_AUTH_NO] => 
)

 Array
(
    [PageCall time] => 16:48:33
    [P_TID] => INIMX_VBNKCAEcatca0720250403164751575781
    [P_MID] => CAEcatca07
    [P_AUTH_DT] => 20250403164833
    [P_STATUS] => 02
    [P_TYPE] => VBANK
    [P_OID] => 250403-027
    [P_FN_CD1] => 04
    [P_FN_CD2] => 
    [P_FN_NM] => KB국민은행
    [P_AMT] => 3000
    [P_UNAME] => 김현지
    [P_RMESG1] => P_VACCT_NO=39919011893745|P_EXP_DT=20250413
    [P_RMESG2] => 
    [P_NOTI] => 
    [P_AUTH_NO] => 
)

 Array
(
    [PageCall time] => 17:30:58
    [P_TID] => INIMX_VBNKCAEcatca0720250403172908825257
    [P_MID] => CAEcatca07
    [P_AUTH_DT] => 20250403173057
    [P_STATUS] => 02
    [P_TYPE] => VBANK
    [P_OID] => 250403-030
    [P_FN_CD1] => 11
    [P_FN_CD2] => 
    [P_FN_NM] => NH농협은행
    [P_AMT] => 3000
    [P_UNAME] => 김학준
    [P_RMESG1] => P_VACCT_NO=79014509486661|P_EXP_DT=20250413
    [P_RMESG2] => 
    [P_NOTI] => 
    [P_AUTH_NO] => 
)

 Array
(
    [PageCall time] => 18:10:58
    [P_TID] => INIMX_VBNKCAEcatca0720250403173258325686
    [P_MID] => CAEcatca07
    [P_AUTH_DT] => 20250403181058
    [P_STATUS] => 02
    [P_TYPE] => VBANK
    [P_OID] => 250403-029
    [P_FN_CD1] => 04
    [P_FN_CD2] => 
    [P_FN_NM] => KB국민은행
    [P_AMT] => 3000
    [P_UNAME] => 유금만
    [P_RMESG1] => P_VACCT_NO=45419012619199|P_EXP_DT=20250413
    [P_RMESG2] => 
    [P_NOTI] => 
    [P_AUTH_NO] => 
)

 Array
(
    [PageCall time] => 18:12:31
    [P_TID] => INIMX_VBNKCAEcatca0720250403181145745805
    [P_MID] => CAEcatca07
    [P_AUTH_DT] => 20250403181231
    [P_STATUS] => 02
    [P_TYPE] => VBANK
    [P_OID] => 250403-031
    [P_FN_CD1] => 11
    [P_FN_CD2] => 
    [P_FN_NM] => NH농협은행
    [P_AMT] => 3000
    [P_UNAME] => 조윤주
    [P_RMESG1] => P_VACCT_NO=79014509490111|P_EXP_DT=20250413
    [P_RMESG2] => 
    [P_NOTI] => 
    [P_AUTH_NO] => 
)

 Array
(
    [PageCall time] => 19:56:41
    [P_TID] => INIMX_VBNKCAEcatca0720250403195551155176
    [P_MID] => CAEcatca07
    [P_AUTH_DT] => 20250403195641
    [P_STATUS] => 02
    [P_TYPE] => VBANK
    [P_OID] => 250403-032
    [P_FN_CD1] => 04
    [P_FN_CD2] => 
    [P_FN_NM] => KB국민은행
    [P_AMT] => 3000
    [P_UNAME] => 이환규
    [P_RMESG1] => P_VACCT_NO=45419012778649|P_EXP_DT=20250413
    [P_RMESG2] => 
    [P_NOTI] => 
    [P_AUTH_NO] => 
)

 Array
(
    [PageCall time] => 20:05:59
    [P_TID] => INIMX_VBNKCAEcatca0720250403200155295258
    [P_MID] => CAEcatca07
    [P_AUTH_DT] => 20250403200559
    [P_STATUS] => 02
    [P_TYPE] => VBANK
    [P_OID] => 250403-033
    [P_FN_CD1] => 81
    [P_FN_CD2] => 
    [P_FN_NM] => 하나은행
    [P_AMT] => 3000
    [P_UNAME] => 김주호
    [P_RMESG1] => P_VACCT_NO=20894327798937|P_EXP_DT=20250413
    [P_RMESG2] => 
    [P_NOTI] => 
    [P_AUTH_NO] => 
)

 Array
(
    [PageCall time] => 20:37:07
    [P_TID] => INIMX_VBNKCAEcatca0720250403203638625173
    [P_MID] => CAEcatca07
    [P_AUTH_DT] => 20250403203707
    [P_STATUS] => 02
    [P_TYPE] => VBANK
    [P_OID] => 250403-034
    [P_FN_CD1] => 11
    [P_FN_CD2] => 
    [P_FN_NM] => NH농협은행
    [P_AMT] => 3000
    [P_UNAME] => 이영란
    [P_RMESG1] => P_VACCT_NO=79014509501612|P_EXP_DT=20250413
    [P_RMESG2] => 
    [P_NOTI] => 
    [P_AUTH_NO] => 
)

 Array
(
    [PageCall time] => 22:04:04
    [P_TID] => INIMX_VBNKCAEcatca0720250403220120615133
    [P_MID] => CAEcatca07
    [P_AUTH_DT] => 20250403220404
    [P_STATUS] => 02
    [P_TYPE] => VBANK
    [P_OID] => 250403-035
    [P_FN_CD1] => 88
    [P_FN_CD2] => 
    [P_FN_NM] => 신한은행
    [P_AMT] => 3000
    [P_UNAME] => 박상언
    [P_RMESG1] => P_VACCT_NO=56211992212910|P_EXP_DT=20250413
    [P_RMESG2] => 
    [P_NOTI] => 
    [P_AUTH_NO] => 
)

 Array
(
    [PageCall time] => 22:12:16
    [P_TID] => INIMX_VBNKCAEcatca0720250403221025965232
    [P_MID] => CAEcatca07
    [P_AUTH_DT] => 20250403221216
    [P_STATUS] => 02
    [P_TYPE] => VBANK
    [P_OID] => 250402-003
    [P_FN_CD1] => 11
    [P_FN_CD2] => 
    [P_FN_NM] => NH농협은행
    [P_AMT] => 3000
    [P_UNAME] => 이유진
    [P_RMESG1] => P_VACCT_NO=79014509507304|P_EXP_DT=20250413
    [P_RMESG2] => 
    [P_NOTI] => 
    [P_AUTH_NO] => 
)

 Array
(
    [PageCall time] => 22:59:31
    [P_TID] => INIMX_VBNKCAEcatca0720250403225835815085
    [P_MID] => CAEcatca07
    [P_AUTH_DT] => 20250403225931
    [P_STATUS] => 02
    [P_TYPE] => VBANK
    [P_OID] => 250403-036
    [P_FN_CD1] => 11
    [P_FN_CD2] => 
    [P_FN_NM] => NH농협은행
    [P_AMT] => 3000
    [P_UNAME] => 신해정
    [P_RMESG1] => P_VACCT_NO=79014509509945|P_EXP_DT=20250413
    [P_RMESG2] => 
    [P_NOTI] => 
    [P_AUTH_NO] => 
)

