 Array
(
    [PageCall time] => 07:18:50
    [P_TID] => INIMX_VBNKCAEcatca0720251029071508785216
    [P_MID] => CAEcatca07
    [P_AUTH_DT] => 20251029071850
    [P_STATUS] => 02
    [P_TYPE] => VBANK
    [P_OID] => 251028-014
    [P_FN_CD1] => 20
    [P_FN_CD2] => 
    [P_FN_NM] => 우리은행
    [P_AMT] => 3000
    [P_UNAME] => 구진아
    [P_RMESG1] => P_VACCT_NO=27761486118410|P_EXP_DT=20251108
    [P_RMESG2] => 
    [P_NOTI] => 
    [P_AUTH_NO] => 
)

 Array
(
    [PageCall time] => 09:07:26
    [P_TID] => INIMX_VBNKCAEcatca0720251029090428154286
    [P_MID] => CAEcatca07
    [P_AUTH_DT] => 20251029090726
    [P_STATUS] => 02
    [P_TYPE] => VBANK
    [P_OID] => 251029-001
    [P_FN_CD1] => 89
    [P_FN_CD2] => 
    [P_FN_NM] => 케이뱅크
    [P_AMT] => 3000
    [P_UNAME] => 최윤희
    [P_RMESG1] => P_VACCT_NO=70112000024014|P_EXP_DT=20251108
    [P_RMESG2] => 
    [P_NOTI] => 
    [P_AUTH_NO] => 
)

 Array
(
    [PageCall time] => 10:43:26
    [P_TID] => INIMX_VBNKCAEcatca0720251029103955135822
    [P_MID] => CAEcatca07
    [P_AUTH_DT] => 20251029104326
    [P_STATUS] => 02
    [P_TYPE] => VBANK
    [P_OID] => 251029-005
    [P_FN_CD1] => 89
    [P_FN_CD2] => 
    [P_FN_NM] => 케이뱅크
    [P_AMT] => 3000
    [P_UNAME] => 김연희
    [P_RMESG1] => P_VACCT_NO=70112003712008|P_EXP_DT=20251108
    [P_RMESG2] => 
    [P_NOTI] => 
    [P_AUTH_NO] => 
)

 Array
(
    [PageCall time] => 11:07:28
    [P_TID] => INIMX_VBNKCAEcatca0720251029110252165221
    [P_MID] => CAEcatca07
    [P_AUTH_DT] => 20251029110728
    [P_STATUS] => 02
    [P_TYPE] => VBANK
    [P_OID] => 251029-007
    [P_FN_CD1] => 81
    [P_FN_CD2] => 
    [P_FN_NM] => 하나은행
    [P_AMT] => 3000
    [P_UNAME] => 박성민
    [P_RMESG1] => P_VACCT_NO=20893927455237|P_EXP_DT=20251108
    [P_RMESG2] => 
    [P_NOTI] => 
    [P_AUTH_NO] => 
)

 Array
(
    [PageCall time] => 12:05:42
    [P_TID] => INIMX_VBNKCAEcatca0720251029120240965579
    [P_MID] => CAEcatca07
    [P_AUTH_DT] => 20251029120542
    [P_STATUS] => 02
    [P_TYPE] => VBANK
    [P_OID] => 251029-011
    [P_FN_CD1] => 88
    [P_FN_CD2] => 
    [P_FN_NM] => 신한은행
    [P_AMT] => 3000
    [P_UNAME] => 강승미
    [P_RMESG1] => P_VACCT_NO=56211991944856|P_EXP_DT=20251108
    [P_RMESG2] => 
    [P_NOTI] => 
    [P_AUTH_NO] => 
)

 Array
(
    [PageCall time] => 12:18:16
    [P_TID] => INIMX_VBNKCAEcatca0720251029121533215206
    [P_MID] => CAEcatca07
    [P_AUTH_DT] => 20251029121816
    [P_STATUS] => 02
    [P_TYPE] => VBANK
    [P_OID] => 251029-013
    [P_FN_CD1] => 04
    [P_FN_CD2] => 
    [P_FN_NM] => KB국민은행
    [P_AMT] => 3000
    [P_UNAME] => 장윤혁
    [P_RMESG1] => P_VACCT_NO=26029078577494|P_EXP_DT=20251108
    [P_RMESG2] => 
    [P_NOTI] => 
    [P_AUTH_NO] => 
)

 Array
(
    [PageCall time] => 12:59:54
    [P_TID] => INIMX_VBNKCAEcatca0720251029125923765976
    [P_MID] => CAEcatca07
    [P_AUTH_DT] => 20251029125954
    [P_STATUS] => 02
    [P_TYPE] => VBANK
    [P_OID] => 251029-017
    [P_FN_CD1] => 11
    [P_FN_CD2] => 
    [P_FN_NM] => NH농협은행
    [P_AMT] => 3000
    [P_UNAME] => 김하나
    [P_RMESG1] => P_VACCT_NO=79015900018413|P_EXP_DT=20251108
    [P_RMESG2] => 
    [P_NOTI] => 
    [P_AUTH_NO] => 
)

 Array
(
    [PageCall time] => 13:09:15
    [P_TID] => INIMX_VBNKCAEcatca0720251029130551585853
    [P_MID] => CAEcatca07
    [P_AUTH_DT] => 20251029130915
    [P_STATUS] => 02
    [P_TYPE] => VBANK
    [P_OID] => 251029-016
    [P_FN_CD1] => 31
    [P_FN_CD2] => 
    [P_FN_NM] => 아이엠뱅크(대구은행)
    [P_AMT] => 3000
    [P_UNAME] => 여동숙
    [P_RMESG1] => P_VACCT_NO=9600362310594|P_EXP_DT=20251108
    [P_RMESG2] => 
    [P_NOTI] => 
    [P_AUTH_NO] => 
)

 Array
(
    [PageCall time] => 13:20:51
    [P_TID] => INIMX_VBNKCAEcatca0720251029131951855376
    [P_MID] => CAEcatca07
    [P_AUTH_DT] => 20251029132051
    [P_STATUS] => 02
    [P_TYPE] => VBANK
    [P_OID] => 251029-018
    [P_FN_CD1] => 11
    [P_FN_CD2] => 
    [P_FN_NM] => NH농협은행
    [P_AMT] => 3000
    [P_UNAME] => 장효진
    [P_RMESG1] => P_VACCT_NO=79015900021102|P_EXP_DT=20251108
    [P_RMESG2] => 
    [P_NOTI] => 
    [P_AUTH_NO] => 
)

 Array
(
    [PageCall time] => 13:22:14
    [P_TID] => INIMX_VBNKCAEcatca0720251029131934235256
    [P_MID] => CAEcatca07
    [P_AUTH_DT] => 20251029132214
    [P_STATUS] => 02
    [P_TYPE] => VBANK
    [P_OID] => 251029-015
    [P_FN_CD1] => 88
    [P_FN_CD2] => 
    [P_FN_NM] => 신한은행
    [P_AMT] => 3000
    [P_UNAME] => 김다빈
    [P_RMESG1] => P_VACCT_NO=56211992367989|P_EXP_DT=20251108
    [P_RMESG2] => 
    [P_NOTI] => 
    [P_AUTH_NO] => 
)

 Array
(
    [PageCall time] => 13:27:58
    [P_TID] => INIMX_VBNKCAEcatca0720251029132506485960
    [P_MID] => CAEcatca07
    [P_AUTH_DT] => 20251029132758
    [P_STATUS] => 02
    [P_TYPE] => VBANK
    [P_OID] => 251029-019
    [P_FN_CD1] => 04
    [P_FN_CD2] => 
    [P_FN_NM] => KB국민은행
    [P_AMT] => 3000
    [P_UNAME] => 안태열
    [P_RMESG1] => P_VACCT_NO=26029078758675|P_EXP_DT=20251108
    [P_RMESG2] => 
    [P_NOTI] => 
    [P_AUTH_NO] => 
)

 Array
(
    [PageCall time] => 13:50:05
    [P_TID] => INIMX_VBNKCAEcatca0720251029134637984032
    [P_MID] => CAEcatca07
    [P_AUTH_DT] => 20251029135005
    [P_STATUS] => 02
    [P_TYPE] => VBANK
    [P_OID] => 251029-020
    [P_FN_CD1] => 03
    [P_FN_CD2] => 
    [P_FN_NM] => 기업은행
    [P_AMT] => 3000
    [P_UNAME] => 임향란
    [P_RMESG1] => P_VACCT_NO=07500501197694|P_EXP_DT=20251108
    [P_RMESG2] => 
    [P_NOTI] => 
    [P_AUTH_NO] => 
)

 Array
(
    [PageCall time] => 14:12:38
    [P_TID] => INIMX_VBNKCAEcatca0720251029140901175182
    [P_MID] => CAEcatca07
    [P_AUTH_DT] => 20251029141238
    [P_STATUS] => 02
    [P_TYPE] => VBANK
    [P_OID] => 251029-022
    [P_FN_CD1] => 04
    [P_FN_CD2] => 
    [P_FN_NM] => KB국민은행
    [P_AMT] => 3000
    [P_UNAME] => 윤경주
    [P_RMESG1] => P_VACCT_NO=99289014039202|P_EXP_DT=20251108
    [P_RMESG2] => 
    [P_NOTI] => 
    [P_AUTH_NO] => 
)

 Array
(
    [PageCall time] => 14:27:06
    [P_TID] => INIMX_VBNKCAEcatca0720251029133749435883
    [P_MID] => CAEcatca07
    [P_AUTH_DT] => 20251029142706
    [P_STATUS] => 02
    [P_TYPE] => VBANK
    [P_OID] => 251029-012
    [P_FN_CD1] => 11
    [P_FN_CD2] => 
    [P_FN_NM] => NH농협은행
    [P_AMT] => 3000
    [P_UNAME] => 김현서
    [P_RMESG1] => P_VACCT_NO=79015900024462|P_EXP_DT=20251108
    [P_RMESG2] => 
    [P_NOTI] => 
    [P_AUTH_NO] => 
)

 Array
(
    [PageCall time] => 14:46:48
    [P_TID] => INIMX_VBNKCAEcatca0720251029144419774225
    [P_MID] => CAEcatca07
    [P_AUTH_DT] => 20251029144648
    [P_STATUS] => 02
    [P_TYPE] => VBANK
    [P_OID] => 251029-023
    [P_FN_CD1] => 89
    [P_FN_CD2] => 
    [P_FN_NM] => 케이뱅크
    [P_AMT] => 3000
    [P_UNAME] => 김병주
    [P_RMESG1] => P_VACCT_NO=70112000024592|P_EXP_DT=20251108
    [P_RMESG2] => 
    [P_NOTI] => 
    [P_AUTH_NO] => 
)

 Array
(
    [PageCall time] => 14:58:59
    [P_TID] => INIMX_VBNKCAEcatca0720251029145600794857
    [P_MID] => CAEcatca07
    [P_AUTH_DT] => 20251029145859
    [P_STATUS] => 02
    [P_TYPE] => VBANK
    [P_OID] => 251029-024
    [P_FN_CD1] => 03
    [P_FN_CD2] => 
    [P_FN_NM] => 기업은행
    [P_AMT] => 3000
    [P_UNAME] => 예은옥
    [P_RMESG1] => P_VACCT_NO=07500501297335|P_EXP_DT=20251108
    [P_RMESG2] => 
    [P_NOTI] => 
    [P_AUTH_NO] => 
)

 Array
(
    [PageCall time] => 15:18:12
    [P_TID] => INIMX_VBNKCAEcatca0720251029151506484556
    [P_MID] => CAEcatca07
    [P_AUTH_DT] => 20251029151812
    [P_STATUS] => 02
    [P_TYPE] => VBANK
    [P_OID] => 251029-026
    [P_FN_CD1] => 88
    [P_FN_CD2] => 
    [P_FN_NM] => 신한은행
    [P_AMT] => 3000
    [P_UNAME] => 노용석
    [P_RMESG1] => P_VACCT_NO=56211123071463|P_EXP_DT=20251108
    [P_RMESG2] => 
    [P_NOTI] => 
    [P_AUTH_NO] => 
)

 Array
(
    [PageCall time] => 16:17:33
    [P_TID] => INIMX_VBNKCAEcatca0720251029161533524926
    [P_MID] => CAEcatca07
    [P_AUTH_DT] => 20251029161733
    [P_STATUS] => 02
    [P_TYPE] => VBANK
    [P_OID] => 251029-029
    [P_FN_CD1] => 11
    [P_FN_CD2] => 
    [P_FN_NM] => NH농협은행
    [P_AMT] => 3000
    [P_UNAME] => 이상엽
    [P_RMESG1] => P_VACCT_NO=79005849047663|P_EXP_DT=20251108
    [P_RMESG2] => 
    [P_NOTI] => 
    [P_AUTH_NO] => 
)

 Array
(
    [PageCall time] => 16:35:04
    [P_TID] => INIMX_VBNKCAEcatca0720251029163157924805
    [P_MID] => CAEcatca07
    [P_AUTH_DT] => 20251029163504
    [P_STATUS] => 02
    [P_TYPE] => VBANK
    [P_OID] => 251029-034
    [P_FN_CD1] => 20
    [P_FN_CD2] => 
    [P_FN_NM] => 우리은행
    [P_AMT] => 3000
    [P_UNAME] => 윤명순
    [P_RMESG1] => P_VACCT_NO=26246927118011|P_EXP_DT=20251108
    [P_RMESG2] => 
    [P_NOTI] => 
    [P_AUTH_NO] => 
)

 Array
(
    [PageCall time] => 17:07:17
    [P_TID] => INIMX_VBNKCAEcatca0720251029170435784438
    [P_MID] => CAEcatca07
    [P_AUTH_DT] => 20251029170717
    [P_STATUS] => 02
    [P_TYPE] => VBANK
    [P_OID] => 251029-037
    [P_FN_CD1] => 03
    [P_FN_CD2] => 
    [P_FN_NM] => 기업은행
    [P_AMT] => 3000
    [P_UNAME] => 최혜주
    [P_RMESG1] => P_VACCT_NO=07500501697735|P_EXP_DT=20251108
    [P_RMESG2] => 
    [P_NOTI] => 
    [P_AUTH_NO] => 
)

 Array
(
    [PageCall time] => 17:31:43
    [P_TID] => INIMX_VBNKCAEcatca0720251029172854994473
    [P_MID] => CAEcatca07
    [P_AUTH_DT] => 20251029173143
    [P_STATUS] => 02
    [P_TYPE] => VBANK
    [P_OID] => 251029-039
    [P_FN_CD1] => 88
    [P_FN_CD2] => 
    [P_FN_NM] => 신한은행
    [P_AMT] => 3000
    [P_UNAME] => 이병주
    [P_RMESG1] => P_VACCT_NO=56211123076518|P_EXP_DT=20251108
    [P_RMESG2] => 
    [P_NOTI] => 
    [P_AUTH_NO] => 
)

 Array
(
    [PageCall time] => 17:47:49
    [P_TID] => INIMX_VBNKCAEcatca0720251029174312624828
    [P_MID] => CAEcatca07
    [P_AUTH_DT] => 20251029174749
    [P_STATUS] => 02
    [P_TYPE] => VBANK
    [P_OID] => 251029-041
    [P_FN_CD1] => 04
    [P_FN_CD2] => 
    [P_FN_NM] => KB국민은행
    [P_AMT] => 3000
    [P_UNAME] => 한영호
    [P_RMESG1] => P_VACCT_NO=97089078239017|P_EXP_DT=20251108
    [P_RMESG2] => 
    [P_NOTI] => 
    [P_AUTH_NO] => 
)

 Array
(
    [PageCall time] => 18:09:41
    [P_TID] => INIMX_VBNKCAEcatca0720251029180710105074
    [P_MID] => CAEcatca07
    [P_AUTH_DT] => 20251029180941
    [P_STATUS] => 02
    [P_TYPE] => VBANK
    [P_OID] => 251029-042
    [P_FN_CD1] => 88
    [P_FN_CD2] => 
    [P_FN_NM] => 신한은행
    [P_AMT] => 3000
    [P_UNAME] => 이미경
    [P_RMESG1] => P_VACCT_NO=56211104588774|P_EXP_DT=20251108
    [P_RMESG2] => 
    [P_NOTI] => 
    [P_AUTH_NO] => 
)

 Array
(
    [PageCall time] => 18:26:58
    [P_TID] => INIMX_VBNKCAEcatca0720251029182241725315
    [P_MID] => CAEcatca07
    [P_AUTH_DT] => 20251029182658
    [P_STATUS] => 02
    [P_TYPE] => VBANK
    [P_OID] => 251028-034
    [P_FN_CD1] => 20
    [P_FN_CD2] => 
    [P_FN_NM] => 우리은행
    [P_AMT] => 3000
    [P_UNAME] => 마이쌤
    [P_RMESG1] => P_VACCT_NO=27762882618898|P_EXP_DT=20251108
    [P_RMESG2] => 
    [P_NOTI] => 
    [P_AUTH_NO] => 
)

 Array
(
    [PageCall time] => 19:18:02
    [P_TID] => INIMX_VBNKCAEcatca0720251029191502415334
    [P_MID] => CAEcatca07
    [P_AUTH_DT] => 20251029191801
    [P_STATUS] => 02
    [P_TYPE] => VBANK
    [P_OID] => 251029-044
    [P_FN_CD1] => 81
    [P_FN_CD2] => 
    [P_FN_NM] => 하나은행
    [P_AMT] => 3000
    [P_UNAME] => 나승안
    [P_RMESG1] => P_VACCT_NO=20893930910137|P_EXP_DT=20251108
    [P_RMESG2] => 
    [P_NOTI] => 
    [P_AUTH_NO] => 
)

 Array
(
    [PageCall time] => 19:23:56
    [P_TID] => INIMX_VBNKCAEcatca0720251029192126275274
    [P_MID] => CAEcatca07
    [P_AUTH_DT] => 20251029192356
    [P_STATUS] => 02
    [P_TYPE] => VBANK
    [P_OID] => 251029-045
    [P_FN_CD1] => 89
    [P_FN_CD2] => 
    [P_FN_NM] => 케이뱅크
    [P_AMT] => 3000
    [P_UNAME] => 김효정
    [P_RMESG1] => P_VACCT_NO=70112003716622|P_EXP_DT=20251108
    [P_RMESG2] => 
    [P_NOTI] => 
    [P_AUTH_NO] => 
)

 Array
(
    [PageCall time] => 20:23:36
    [P_TID] => INIMX_VBNKCAEcatca0720251029202055885375
    [P_MID] => CAEcatca07
    [P_AUTH_DT] => 20251029202336
    [P_STATUS] => 02
    [P_TYPE] => VBANK
    [P_OID] => 251029-031
    [P_FN_CD1] => 89
    [P_FN_CD2] => 
    [P_FN_NM] => 케이뱅크
    [P_AMT] => 3000
    [P_UNAME] => 김주연
    [P_RMESG1] => P_VACCT_NO=70112003717055|P_EXP_DT=20251108
    [P_RMESG2] => 
    [P_NOTI] => 
    [P_AUTH_NO] => 
)

 Array
(
    [PageCall time] => 20:36:25
    [P_TID] => INIMX_VBNKCAEcatca0720251029203334945798
    [P_MID] => CAEcatca07
    [P_AUTH_DT] => 20251029203625
    [P_STATUS] => 02
    [P_TYPE] => VBANK
    [P_OID] => 251029-043
    [P_FN_CD1] => 04
    [P_FN_CD2] => 
    [P_FN_NM] => KB국민은행
    [P_AMT] => 3000
    [P_UNAME] => 정유진
    [P_RMESG1] => P_VACCT_NO=99289014124638|P_EXP_DT=20251108
    [P_RMESG2] => 
    [P_NOTI] => 
    [P_AUTH_NO] => 
)

 Array
(
    [PageCall time] => 20:58:16
    [P_TID] => INIMX_VBNKCAEcatca0720251029205551855020
    [P_MID] => CAEcatca07
    [P_AUTH_DT] => 20251029205816
    [P_STATUS] => 02
    [P_TYPE] => VBANK
    [P_OID] => 251029-047
    [P_FN_CD1] => 20
    [P_FN_CD2] => 
    [P_FN_NM] => 우리은행
    [P_AMT] => 3000
    [P_UNAME] => 서우영
    [P_RMESG1] => P_VACCT_NO=27762889118649|P_EXP_DT=20251108
    [P_RMESG2] => 
    [P_NOTI] => 
    [P_AUTH_NO] => 
)

 Array
(
    [PageCall time] => 21:04:20
    [P_TID] => INIMX_VBNKCAEcatca0720251029210054335731
    [P_MID] => CAEcatca07
    [P_AUTH_DT] => 20251029210420
    [P_STATUS] => 02
    [P_TYPE] => VBANK
    [P_OID] => 251029-048
    [P_FN_CD1] => 03
    [P_FN_CD2] => 
    [P_FN_NM] => 기업은행
    [P_AMT] => 3000
    [P_UNAME] => 임효나
    [P_RMESG1] => P_VACCT_NO=07503264897670|P_EXP_DT=20251108
    [P_RMESG2] => 
    [P_NOTI] => 
    [P_AUTH_NO] => 
)

 Array
(
    [PageCall time] => 21:30:18
    [P_TID] => INIMX_VBNKCAEcatca0720251029212730375385
    [P_MID] => CAEcatca07
    [P_AUTH_DT] => 20251029213018
    [P_STATUS] => 02
    [P_TYPE] => VBANK
    [P_OID] => 251029-050
    [P_FN_CD1] => 89
    [P_FN_CD2] => 
    [P_FN_NM] => 케이뱅크
    [P_AMT] => 3000
    [P_UNAME] => 김장열
    [P_RMESG1] => P_VACCT_NO=70112003717705|P_EXP_DT=20251108
    [P_RMESG2] => 
    [P_NOTI] => 
    [P_AUTH_NO] => 
)

 Array
(
    [PageCall time] => 22:19:21
    [P_TID] => INIMX_VBNKCAEcatca0720251029221631375317
    [P_MID] => CAEcatca07
    [P_AUTH_DT] => 20251029221921
    [P_STATUS] => 02
    [P_TYPE] => VBANK
    [P_OID] => 251029-051
    [P_FN_CD1] => 20
    [P_FN_CD2] => 
    [P_FN_NM] => 우리은행
    [P_AMT] => 3000
    [P_UNAME] => 사용경
    [P_RMESG1] => P_VACCT_NO=27762893118314|P_EXP_DT=20251108
    [P_RMESG2] => 
    [P_NOTI] => 
    [P_AUTH_NO] => 
)

