 Array
(
    [PageCall time] => 08:35:17
    [P_TID] => INIMX_VBNKCAEcatca0720250818083058395253
    [P_MID] => CAEcatca07
    [P_AUTH_DT] => 20250818083517
    [P_STATUS] => 02
    [P_TYPE] => VBANK
    [P_OID] => 250818-001
    [P_FN_CD1] => 89
    [P_FN_CD2] => 
    [P_FN_NM] => 케이뱅크
    [P_AMT] => 3000
    [P_UNAME] => 박상열
    [P_RMESG1] => P_VACCT_NO=70112004206846|P_EXP_DT=20250828
    [P_RMESG2] => 
    [P_NOTI] => 
    [P_AUTH_NO] => 
)

 Array
(
    [PageCall time] => 08:44:33
    [P_TID] => INIMX_VBNKCAEcatca0720250818084118905794
    [P_MID] => CAEcatca07
    [P_AUTH_DT] => 20250818084433
    [P_STATUS] => 02
    [P_TYPE] => VBANK
    [P_OID] => 250818-002
    [P_FN_CD1] => 81
    [P_FN_CD2] => 
    [P_FN_NM] => 하나은행
    [P_AMT] => 3000
    [P_UNAME] => 서성관
    [P_RMESG1] => P_VACCT_NO=20893993774237|P_EXP_DT=20250828
    [P_RMESG2] => 
    [P_NOTI] => 
    [P_AUTH_NO] => 
)

 Array
(
    [PageCall time] => 10:21:12
    [P_TID] => INIMX_VBNKCAEcatca0720250818101733535120
    [P_MID] => CAEcatca07
    [P_AUTH_DT] => 20250818102112
    [P_STATUS] => 02
    [P_TYPE] => VBANK
    [P_OID] => 250818-005
    [P_FN_CD1] => 20
    [P_FN_CD2] => 
    [P_FN_NM] => 우리은행
    [P_AMT] => 3000
    [P_UNAME] => 임길섭
    [P_RMESG1] => P_VACCT_NO=27389363218568|P_EXP_DT=20250828
    [P_RMESG2] => 
    [P_NOTI] => 
    [P_AUTH_NO] => 
)

 Array
(
    [PageCall time] => 10:26:38
    [P_TID] => INIMX_VBNKCAEcatca0720250818102449945489
    [P_MID] => CAEcatca07
    [P_AUTH_DT] => 20250818102638
    [P_STATUS] => 02
    [P_TYPE] => VBANK
    [P_OID] => 250818-007
    [P_FN_CD1] => 04
    [P_FN_CD2] => 
    [P_FN_NM] => KB국민은행
    [P_AMT] => 3000
    [P_UNAME] => 김해숙
    [P_RMESG1] => P_VACCT_NO=26159078203149|P_EXP_DT=20250828
    [P_RMESG2] => 
    [P_NOTI] => 
    [P_AUTH_NO] => 
)

 Array
(
    [PageCall time] => 11:12:01
    [P_TID] => INIMX_VBNKCAEcatca0720250818111039135936
    [P_MID] => CAEcatca07
    [P_AUTH_DT] => 20250818111201
    [P_STATUS] => 02
    [P_TYPE] => VBANK
    [P_OID] => 250818-010
    [P_FN_CD1] => 04
    [P_FN_CD2] => 
    [P_FN_NM] => KB국민은행
    [P_AMT] => 3000
    [P_UNAME] => 마동렬
    [P_RMESG1] => P_VACCT_NO=80009078281131|P_EXP_DT=20250828
    [P_RMESG2] => 
    [P_NOTI] => 
    [P_AUTH_NO] => 
)

 Array
(
    [PageCall time] => 11:12:09
    [P_TID] => INIMX_VBNKCAEcatca0720250812000541725193
    [P_MID] => CAEcatca07
    [P_AUTH_DT] => 20250818111209
    [P_STATUS] => 02
    [P_TYPE] => VBANK
    [P_OID] => 250810-007
    [P_FN_CD1] => 11
    [P_FN_CD2] => 
    [P_FN_NM] => NH농협은행
    [P_AMT] => 3000
    [P_UNAME] => 김종필
    [P_RMESG1] => P_VACCT_NO=79014290632894|P_EXP_DT=20250822
    [P_RMESG2] => 
    [P_NOTI] => 
    [P_AUTH_NO] => 
)

 Array
(
    [PageCall time] => 11:15:52
    [P_TID] => INIMX_VBNKCAEcatca0720250818111243175216
    [P_MID] => CAEcatca07
    [P_AUTH_DT] => 20250818111552
    [P_STATUS] => 02
    [P_TYPE] => VBANK
    [P_OID] => 250818-011
    [P_FN_CD1] => 20
    [P_FN_CD2] => 
    [P_FN_NM] => 우리은행
    [P_AMT] => 3000
    [P_UNAME] => 이정희
    [P_RMESG1] => P_VACCT_NO=27389373818237|P_EXP_DT=20250828
    [P_RMESG2] => 
    [P_NOTI] => 
    [P_AUTH_NO] => 
)

 Array
(
    [PageCall time] => 11:27:30
    [P_TID] => INIMX_VBNKCAEcatca0720250818112355635998
    [P_MID] => CAEcatca07
    [P_AUTH_DT] => 20250818112730
    [P_STATUS] => 02
    [P_TYPE] => VBANK
    [P_OID] => 250818-012
    [P_FN_CD1] => 88
    [P_FN_CD2] => 
    [P_FN_NM] => 신한은행
    [P_AMT] => 3000
    [P_UNAME] => 윤나라
    [P_RMESG1] => P_VACCT_NO=56211991690400|P_EXP_DT=20250828
    [P_RMESG2] => 
    [P_NOTI] => 
    [P_AUTH_NO] => 
)

 Array
(
    [PageCall time] => 11:46:10
    [P_TID] => INIMX_VBNKCAEcatca0720250818114445885843
    [P_MID] => CAEcatca07
    [P_AUTH_DT] => 20250818114610
    [P_STATUS] => 02
    [P_TYPE] => VBANK
    [P_OID] => 250818-015
    [P_FN_CD1] => 11
    [P_FN_CD2] => 
    [P_FN_NM] => NH농협은행
    [P_AMT] => 3000
    [P_UNAME] => 장효신
    [P_RMESG1] => P_VACCT_NO=79014291332274|P_EXP_DT=20250828
    [P_RMESG2] => 
    [P_NOTI] => 
    [P_AUTH_NO] => 
)

 Array
(
    [PageCall time] => 11:46:55
    [P_TID] => INIMX_VBNKCAEcatca0720250818114240735844
    [P_MID] => CAEcatca07
    [P_AUTH_DT] => 20250818114655
    [P_STATUS] => 02
    [P_TYPE] => VBANK
    [P_OID] => 250818-013
    [P_FN_CD1] => 39
    [P_FN_CD2] => 
    [P_FN_NM] => 경남은행
    [P_AMT] => 3000
    [P_UNAME] => 김은현
    [P_RMESG1] => P_VACCT_NO=573193511917|P_EXP_DT=20250828
    [P_RMESG2] => 
    [P_NOTI] => 
    [P_AUTH_NO] => 
)

 Array
(
    [PageCall time] => 12:02:15
    [P_TID] => INIMX_VBNKCAEcatca0720250818115810595756
    [P_MID] => CAEcatca07
    [P_AUTH_DT] => 20250818120215
    [P_STATUS] => 02
    [P_TYPE] => VBANK
    [P_OID] => 250818-017
    [P_FN_CD1] => 03
    [P_FN_CD2] => 
    [P_FN_NM] => 기업은행
    [P_AMT] => 3000
    [P_UNAME] => 김광임
    [P_RMESG1] => P_VACCT_NO=07503235697721|P_EXP_DT=20250828
    [P_RMESG2] => 
    [P_NOTI] => 
    [P_AUTH_NO] => 
)

 Array
(
    [PageCall time] => 12:06:00
    [P_TID] => INIMX_VBNKCAEcatca0720250818120534275683
    [P_MID] => CAEcatca07
    [P_AUTH_DT] => 20250818120600
    [P_STATUS] => 02
    [P_TYPE] => VBANK
    [P_OID] => 250818-019
    [P_FN_CD1] => 11
    [P_FN_CD2] => 
    [P_FN_NM] => NH농협은행
    [P_AMT] => 3000
    [P_UNAME] => 박성혜
    [P_RMESG1] => P_VACCT_NO=79014291335615|P_EXP_DT=20250828
    [P_RMESG2] => 
    [P_NOTI] => 
    [P_AUTH_NO] => 
)

 Array
(
    [PageCall time] => 12:08:41
    [P_TID] => INIMX_VBNKCAEcatca0720250818120755335383
    [P_MID] => CAEcatca07
    [P_AUTH_DT] => 20250818120841
    [P_STATUS] => 02
    [P_TYPE] => VBANK
    [P_OID] => 250818-018
    [P_FN_CD1] => 04
    [P_FN_CD2] => 
    [P_FN_NM] => KB국민은행
    [P_AMT] => 3000
    [P_UNAME] => 유미라
    [P_RMESG1] => P_VACCT_NO=80009078956297|P_EXP_DT=20250828
    [P_RMESG2] => 
    [P_NOTI] => 
    [P_AUTH_NO] => 
)

 Array
(
    [PageCall time] => 13:41:03
    [P_TID] => INIMX_VBNKCAEcatca0720250818134028285349
    [P_MID] => CAEcatca07
    [P_AUTH_DT] => 20250818134103
    [P_STATUS] => 02
    [P_TYPE] => VBANK
    [P_OID] => 250812-030
    [P_FN_CD1] => 11
    [P_FN_CD2] => 
    [P_FN_NM] => NH농협은행
    [P_AMT] => 3000
    [P_UNAME] => 이주형
    [P_RMESG1] => P_VACCT_NO=79014291352522|P_EXP_DT=20250828
    [P_RMESG2] => 
    [P_NOTI] => 
    [P_AUTH_NO] => 
)

 Array
(
    [PageCall time] => 14:06:34
    [P_TID] => INIMX_VBNKCAEcatca0720250818140241275595
    [P_MID] => CAEcatca07
    [P_AUTH_DT] => 20250818140634
    [P_STATUS] => 02
    [P_TYPE] => VBANK
    [P_OID] => 250818-025
    [P_FN_CD1] => 81
    [P_FN_CD2] => 
    [P_FN_NM] => 하나은행
    [P_AMT] => 3000
    [P_UNAME] => 박만인
    [P_RMESG1] => P_VACCT_NO=20893996469337|P_EXP_DT=20250828
    [P_RMESG2] => 
    [P_NOTI] => 
    [P_AUTH_NO] => 
)

 Array
(
    [PageCall time] => 14:17:21
    [P_TID] => INIMX_VBNKCAEcatca0720250818141410855104
    [P_MID] => CAEcatca07
    [P_AUTH_DT] => 20250818141721
    [P_STATUS] => 02
    [P_TYPE] => VBANK
    [P_OID] => 250818-027
    [P_FN_CD1] => 81
    [P_FN_CD2] => 
    [P_FN_NM] => 하나은행
    [P_AMT] => 3000
    [P_UNAME] => 김연욱
    [P_RMESG1] => P_VACCT_NO=20893996520537|P_EXP_DT=20250828
    [P_RMESG2] => 
    [P_NOTI] => 
    [P_AUTH_NO] => 
)

 Array
(
    [PageCall time] => 14:35:48
    [P_TID] => INIMX_VBNKCAEcatca0720250818142621165842
    [P_MID] => CAEcatca07
    [P_AUTH_DT] => 20250818143548
    [P_STATUS] => 02
    [P_TYPE] => VBANK
    [P_OID] => 250818-023
    [P_FN_CD1] => 88
    [P_FN_CD2] => 
    [P_FN_NM] => 신한은행
    [P_AMT] => 3000
    [P_UNAME] => 손민숙
    [P_RMESG1] => P_VACCT_NO=56211991709346|P_EXP_DT=20250828
    [P_RMESG2] => 
    [P_NOTI] => 
    [P_AUTH_NO] => 
)

 Array
(
    [PageCall time] => 14:47:50
    [P_TID] => INIMX_VBNKCAEcatca0720250818144505395437
    [P_MID] => CAEcatca07
    [P_AUTH_DT] => 20250818144750
    [P_STATUS] => 02
    [P_TYPE] => VBANK
    [P_OID] => 250818-028
    [P_FN_CD1] => 88
    [P_FN_CD2] => 
    [P_FN_NM] => 신한은행
    [P_AMT] => 3000
    [P_UNAME] => 이윤정
    [P_RMESG1] => P_VACCT_NO=56211991711547|P_EXP_DT=20250828
    [P_RMESG2] => 
    [P_NOTI] => 
    [P_AUTH_NO] => 
)

 Array
(
    [PageCall time] => 14:50:02
    [P_TID] => INIMX_VBNKCAEcatca0720250818144933985496
    [P_MID] => CAEcatca07
    [P_AUTH_DT] => 20250818145002
    [P_STATUS] => 02
    [P_TYPE] => VBANK
    [P_OID] => 250818-030
    [P_FN_CD1] => 11
    [P_FN_CD2] => 
    [P_FN_NM] => NH농협은행
    [P_AMT] => 3000
    [P_UNAME] => 박혜선
    [P_RMESG1] => P_VACCT_NO=79014291373732|P_EXP_DT=20250828
    [P_RMESG2] => 
    [P_NOTI] => 
    [P_AUTH_NO] => 
)

 Array
(
    [PageCall time] => 15:12:42
    [P_TID] => INIMX_VBNKCAEcatca0720250818150641805862
    [P_MID] => CAEcatca07
    [P_AUTH_DT] => 20250818151242
    [P_STATUS] => 02
    [P_TYPE] => VBANK
    [P_OID] => 250818-026
    [P_FN_CD1] => 20
    [P_FN_CD2] => 
    [P_FN_NM] => 우리은행
    [P_AMT] => 3000
    [P_UNAME] => 석경화
    [P_RMESG1] => P_VACCT_NO=27389392418541|P_EXP_DT=20250828
    [P_RMESG2] => 
    [P_NOTI] => 
    [P_AUTH_NO] => 
)

 Array
(
    [PageCall time] => 15:32:07
    [P_TID] => INIMX_VBNKCAEcatca0720250818153039415489
    [P_MID] => CAEcatca07
    [P_AUTH_DT] => 20250818153207
    [P_STATUS] => 02
    [P_TYPE] => VBANK
    [P_OID] => 250818-022
    [P_FN_CD1] => 04
    [P_FN_CD2] => 
    [P_FN_NM] => KB국민은행
    [P_AMT] => 3000
    [P_UNAME] => 허현순
    [P_RMESG1] => P_VACCT_NO=80339078980631|P_EXP_DT=20250828
    [P_RMESG2] => 
    [P_NOTI] => 
    [P_AUTH_NO] => 
)

 Array
(
    [PageCall time] => 15:35:24
    [P_TID] => INIMX_VBNKCAEcatca0720250818153302535959
    [P_MID] => CAEcatca07
    [P_AUTH_DT] => 20250818153524
    [P_STATUS] => 02
    [P_TYPE] => VBANK
    [P_OID] => 250818-031
    [P_FN_CD1] => 81
    [P_FN_CD2] => 
    [P_FN_NM] => 하나은행
    [P_AMT] => 3000
    [P_UNAME] => 송하경
    [P_RMESG1] => P_VACCT_NO=20893997543237|P_EXP_DT=20250828
    [P_RMESG2] => 
    [P_NOTI] => 
    [P_AUTH_NO] => 
)

 Array
(
    [PageCall time] => 16:00:43
    [P_TID] => INIMX_VBNKCAEcatca0720250818155541285911
    [P_MID] => CAEcatca07
    [P_AUTH_DT] => 20250818160043
    [P_STATUS] => 02
    [P_TYPE] => VBANK
    [P_OID] => 250818-033
    [P_FN_CD1] => 81
    [P_FN_CD2] => 
    [P_FN_NM] => 하나은행
    [P_AMT] => 3000
    [P_UNAME] => 정아름
    [P_RMESG1] => P_VACCT_NO=20893997641837|P_EXP_DT=20250828
    [P_RMESG2] => 
    [P_NOTI] => 
    [P_AUTH_NO] => 
)

 Array
(
    [PageCall time] => 16:13:22
    [P_TID] => INIMX_VBNKCAEcatca0720250818160942275369
    [P_MID] => CAEcatca07
    [P_AUTH_DT] => 20250818161321
    [P_STATUS] => 02
    [P_TYPE] => VBANK
    [P_OID] => 250818-034
    [P_FN_CD1] => 88
    [P_FN_CD2] => 
    [P_FN_NM] => 신한은행
    [P_AMT] => 3000
    [P_UNAME] => 안정순
    [P_RMESG1] => P_VACCT_NO=56211991725026|P_EXP_DT=20250828
    [P_RMESG2] => 
    [P_NOTI] => 
    [P_AUTH_NO] => 
)

 Array
(
    [PageCall time] => 16:36:16
    [P_TID] => INIMX_VBNKCAEcatca0720250818162722215904
    [P_MID] => CAEcatca07
    [P_AUTH_DT] => 20250818163616
    [P_STATUS] => 02
    [P_TYPE] => VBANK
    [P_OID] => 250818-036
    [P_FN_CD1] => 11
    [P_FN_CD2] => 
    [P_FN_NM] => NH농협은행
    [P_AMT] => 3000
    [P_UNAME] => 최영미
    [P_RMESG1] => P_VACCT_NO=79014291401211|P_EXP_DT=20250828
    [P_RMESG2] => 
    [P_NOTI] => 
    [P_AUTH_NO] => 
)

 Array
(
    [PageCall time] => 16:52:45
    [P_TID] => INIMX_VBNKCAEcatca0720250818164943385367
    [P_MID] => CAEcatca07
    [P_AUTH_DT] => 20250818165245
    [P_STATUS] => 02
    [P_TYPE] => VBANK
    [P_OID] => 250818-037
    [P_FN_CD1] => 03
    [P_FN_CD2] => 
    [P_FN_NM] => 기업은행
    [P_AMT] => 3000
    [P_UNAME] => 김세운
    [P_RMESG1] => P_VACCT_NO=07503239497304|P_EXP_DT=20250828
    [P_RMESG2] => 
    [P_NOTI] => 
    [P_AUTH_NO] => 
)

 Array
(
    [PageCall time] => 16:57:19
    [P_TID] => INIMX_VBNKCAEcatca0720250818165407555726
    [P_MID] => CAEcatca07
    [P_AUTH_DT] => 20250818165719
    [P_STATUS] => 02
    [P_TYPE] => VBANK
    [P_OID] => 250818-038
    [P_FN_CD1] => 03
    [P_FN_CD2] => 
    [P_FN_NM] => 기업은행
    [P_AMT] => 3000
    [P_UNAME] => 정영선
    [P_RMESG1] => P_VACCT_NO=07503239497966|P_EXP_DT=20250828
    [P_RMESG2] => 
    [P_NOTI] => 
    [P_AUTH_NO] => 
)

 Array
(
    [PageCall time] => 17:38:42
    [P_TID] => INIMX_VBNKCAEcatca0720250818173713485135
    [P_MID] => CAEcatca07
    [P_AUTH_DT] => 20250818173842
    [P_STATUS] => 02
    [P_TYPE] => VBANK
    [P_OID] => 250818-039
    [P_FN_CD1] => 04
    [P_FN_CD2] => 
    [P_FN_NM] => KB국민은행
    [P_AMT] => 3000
    [P_UNAME] => 김효영
    [P_RMESG1] => P_VACCT_NO=80399078013276|P_EXP_DT=20250828
    [P_RMESG2] => 
    [P_NOTI] => 
    [P_AUTH_NO] => 
)

 Array
(
    [PageCall time] => 19:10:17
    [P_TID] => INIMX_VBNKCAEcatca0720250818190740685910
    [P_MID] => CAEcatca07
    [P_AUTH_DT] => 20250818191017
    [P_STATUS] => 02
    [P_TYPE] => VBANK
    [P_OID] => 250818-041
    [P_FN_CD1] => 88
    [P_FN_CD2] => 
    [P_FN_NM] => 신한은행
    [P_AMT] => 3000
    [P_UNAME] => 이부희
    [P_RMESG1] => P_VACCT_NO=56211991740490|P_EXP_DT=20250828
    [P_RMESG2] => 
    [P_NOTI] => 
    [P_AUTH_NO] => 
)

 Array
(
    [PageCall time] => 19:32:10
    [P_TID] => INIMX_VBNKCAEcatca0720250818192913845446
    [P_MID] => CAEcatca07
    [P_AUTH_DT] => 20250818193210
    [P_STATUS] => 02
    [P_TYPE] => VBANK
    [P_OID] => 250818-042
    [P_FN_CD1] => 20
    [P_FN_CD2] => 
    [P_FN_NM] => 우리은행
    [P_AMT] => 3000
    [P_UNAME] => 방자영
    [P_RMESG1] => P_VACCT_NO=27389407818667|P_EXP_DT=20250828
    [P_RMESG2] => 
    [P_NOTI] => 
    [P_AUTH_NO] => 
)

