 Array
(
    [PageCall time] => 01:18:08
    [P_TID] => INIMX_VBNKCAEcatca0720260407011549255993
    [P_MID] => CAEcatca07
    [P_AUTH_DT] => 20260407011808
    [P_STATUS] => 02
    [P_TYPE] => VBANK
    [P_OID] => 260407-001
    [P_FN_CD1] => 04
    [P_FN_CD2] => 
    [P_FN_NM] => KB국민은행
    [P_AMT] => 3500
    [P_UNAME] => 송유진
    [P_RMESG1] => P_VACCT_NO=96439078587670|P_EXP_DT=20260417
    [P_RMESG2] => 
    [P_NOTI] => 
    [P_AUTH_NO] => 
)

 Array
(
    [PageCall time] => 03:55:36
    [P_TID] => INIMX_VBNKCAEcatca0720260407035507955666
    [P_MID] => CAEcatca07
    [P_AUTH_DT] => 20260407035536
    [P_STATUS] => 02
    [P_TYPE] => VBANK
    [P_OID] => 260407-002
    [P_FN_CD1] => 11
    [P_FN_CD2] => 
    [P_FN_NM] => NH농협은행
    [P_AMT] => 3500
    [P_UNAME] => 김이슬
    [P_RMESG1] => P_VACCT_NO=79014505725179|P_EXP_DT=20260417
    [P_RMESG2] => 
    [P_NOTI] => 
    [P_AUTH_NO] => 
)

 Array
(
    [PageCall time] => 10:12:27
    [P_TID] => INIMX_VBNKCAEcatca0720260407100851305210
    [P_MID] => CAEcatca07
    [P_AUTH_DT] => 20260407101227
    [P_STATUS] => 02
    [P_TYPE] => VBANK
    [P_OID] => 260407-003
    [P_FN_CD1] => 03
    [P_FN_CD2] => 
    [P_FN_NM] => 기업은행
    [P_AMT] => 3500
    [P_UNAME] => 장홍규
    [P_RMESG1] => P_VACCT_NO=07502375297107|P_EXP_DT=20260417
    [P_RMESG2] => 
    [P_NOTI] => 
    [P_AUTH_NO] => 
)

 Array
(
    [PageCall time] => 11:29:07
    [P_TID] => INIMX_VBNKCAEcatca0720260407112731385027
    [P_MID] => CAEcatca07
    [P_AUTH_DT] => 20260407112907
    [P_STATUS] => 02
    [P_TYPE] => VBANK
    [P_OID] => 260407-005
    [P_FN_CD1] => 11
    [P_FN_CD2] => 
    [P_FN_NM] => NH농협은행
    [P_AMT] => 3500
    [P_UNAME] => 경신고등학교(행정실)
    [P_RMESG1] => P_VACCT_NO=79014505769171|P_EXP_DT=20260417
    [P_RMESG2] => 
    [P_NOTI] => 
    [P_AUTH_NO] => 
)

 Array
(
    [PageCall time] => 11:42:19
    [P_TID] => INIMX_VBNKCAEcatca0720260407113901485502
    [P_MID] => CAEcatca07
    [P_AUTH_DT] => 20260407114219
    [P_STATUS] => 02
    [P_TYPE] => VBANK
    [P_OID] => 260406-039
    [P_FN_CD1] => 04
    [P_FN_CD2] => 
    [P_FN_NM] => KB국민은행
    [P_AMT] => 3500
    [P_UNAME] => 하혜정
    [P_RMESG1] => P_VACCT_NO=96439078623363|P_EXP_DT=20260417
    [P_RMESG2] => 
    [P_NOTI] => 
    [P_AUTH_NO] => 
)

 Array
(
    [PageCall time] => 11:50:08
    [P_TID] => INIMX_VBNKCAEcatca0720260407114733325865
    [P_MID] => CAEcatca07
    [P_AUTH_DT] => 20260407115008
    [P_STATUS] => 02
    [P_TYPE] => VBANK
    [P_OID] => 260407-007
    [P_FN_CD1] => 89
    [P_FN_CD2] => 
    [P_FN_NM] => 케이뱅크
    [P_AMT] => 3500
    [P_UNAME] => 함다희
    [P_RMESG1] => P_VACCT_NO=70112003945817|P_EXP_DT=20260417
    [P_RMESG2] => 
    [P_NOTI] => 
    [P_AUTH_NO] => 
)

 Array
(
    [PageCall time] => 12:01:53
    [P_TID] => INIMX_VBNKCAEcatca0720260407115829775211
    [P_MID] => CAEcatca07
    [P_AUTH_DT] => 20260407120152
    [P_STATUS] => 02
    [P_TYPE] => VBANK
    [P_OID] => 260407-010
    [P_FN_CD1] => 88
    [P_FN_CD2] => 
    [P_FN_NM] => 신한은행
    [P_AMT] => 3500
    [P_UNAME] => 이영희
    [P_RMESG1] => P_VACCT_NO=56211106752693|P_EXP_DT=20260417
    [P_RMESG2] => 
    [P_NOTI] => 
    [P_AUTH_NO] => 
)

 Array
(
    [PageCall time] => 12:22:53
    [P_TID] => INIMX_VBNKCAEcatca0720260407115926565081
    [P_MID] => CAEcatca07
    [P_AUTH_DT] => 20260407122253
    [P_STATUS] => 02
    [P_TYPE] => VBANK
    [P_OID] => 260407-009
    [P_FN_CD1] => 11
    [P_FN_CD2] => 
    [P_FN_NM] => NH농협은행
    [P_AMT] => 3500
    [P_UNAME] => 최민서
    [P_RMESG1] => P_VACCT_NO=79014505773538|P_EXP_DT=20260417
    [P_RMESG2] => 
    [P_NOTI] => 
    [P_AUTH_NO] => 
)

 Array
(
    [PageCall time] => 12:33:09
    [P_TID] => INIMX_VBNKCAEcatca0720260407123025405810
    [P_MID] => CAEcatca07
    [P_AUTH_DT] => 20260407123308
    [P_STATUS] => 02
    [P_TYPE] => VBANK
    [P_OID] => 260407-012
    [P_FN_CD1] => 81
    [P_FN_CD2] => 
    [P_FN_NM] => 하나은행
    [P_AMT] => 3500
    [P_UNAME] => 홍명진
    [P_RMESG1] => P_VACCT_NO=20893916915637|P_EXP_DT=20260417
    [P_RMESG2] => 
    [P_NOTI] => 
    [P_AUTH_NO] => 
)

 Array
(
    [PageCall time] => 12:35:49
    [P_TID] => INIMX_VBNKCAEcatca0720260407123245735270
    [P_MID] => CAEcatca07
    [P_AUTH_DT] => 20260407123549
    [P_STATUS] => 02
    [P_TYPE] => VBANK
    [P_OID] => 260407-013
    [P_FN_CD1] => 88
    [P_FN_CD2] => 
    [P_FN_NM] => 신한은행
    [P_AMT] => 3500
    [P_UNAME] => 구영서
    [P_RMESG1] => P_VACCT_NO=56211106755259|P_EXP_DT=20260417
    [P_RMESG2] => 
    [P_NOTI] => 
    [P_AUTH_NO] => 
)

 Array
(
    [PageCall time] => 13:13:13
    [P_TID] => INIMX_VBNKCAEcatca0720260407130958145806
    [P_MID] => CAEcatca07
    [P_AUTH_DT] => 20260407131313
    [P_STATUS] => 02
    [P_TYPE] => VBANK
    [P_OID] => 260407-014
    [P_FN_CD1] => 03
    [P_FN_CD2] => 
    [P_FN_NM] => 기업은행
    [P_AMT] => 3500
    [P_UNAME] => 이승현
    [P_RMESG1] => P_VACCT_NO=07502377397210|P_EXP_DT=20260417
    [P_RMESG2] => 
    [P_NOTI] => 
    [P_AUTH_NO] => 
)

 Array
(
    [PageCall time] => 13:22:00
    [P_TID] => INIMX_VBNKCAEcatca0720260407131927545681
    [P_MID] => CAEcatca07
    [P_AUTH_DT] => 20260407132200
    [P_STATUS] => 02
    [P_TYPE] => VBANK
    [P_OID] => 260407-016
    [P_FN_CD1] => 88
    [P_FN_CD2] => 
    [P_FN_NM] => 신한은행
    [P_AMT] => 3500
    [P_UNAME] => 권정민
    [P_RMESG1] => P_VACCT_NO=56211106758421|P_EXP_DT=20260417
    [P_RMESG2] => 
    [P_NOTI] => 
    [P_AUTH_NO] => 
)

 Array
(
    [PageCall time] => 13:24:33
    [P_TID] => INIMX_VBNKCAEcatca0720260407132120815182
    [P_MID] => CAEcatca07
    [P_AUTH_DT] => 20260407132433
    [P_STATUS] => 02
    [P_TYPE] => VBANK
    [P_OID] => 260401-015
    [P_FN_CD1] => 04
    [P_FN_CD2] => 
    [P_FN_NM] => KB국민은행
    [P_AMT] => 3500
    [P_UNAME] => 이정희
    [P_RMESG1] => P_VACCT_NO=96439078643231|P_EXP_DT=20260417
    [P_RMESG2] => 
    [P_NOTI] => 
    [P_AUTH_NO] => 
)

 Array
(
    [PageCall time] => 13:32:28
    [P_TID] => INIMX_VBNKCAEcatca0720260407132947385934
    [P_MID] => CAEcatca07
    [P_AUTH_DT] => 20260407133228
    [P_STATUS] => 02
    [P_TYPE] => VBANK
    [P_OID] => 260407-017
    [P_FN_CD1] => 04
    [P_FN_CD2] => 
    [P_FN_NM] => KB국민은행
    [P_AMT] => 3500
    [P_UNAME] => 김민규
    [P_RMESG1] => P_VACCT_NO=96439078644890|P_EXP_DT=20260417
    [P_RMESG2] => 
    [P_NOTI] => 
    [P_AUTH_NO] => 
)

 Array
(
    [PageCall time] => 14:04:03
    [P_TID] => INIMX_VBNKCAEcatca0720260407140040245543
    [P_MID] => CAEcatca07
    [P_AUTH_DT] => 20260407140403
    [P_STATUS] => 02
    [P_TYPE] => VBANK
    [P_OID] => 260407-019
    [P_FN_CD1] => 04
    [P_FN_CD2] => 
    [P_FN_NM] => KB국민은행
    [P_AMT] => 3500
    [P_UNAME] => 이미선
    [P_RMESG1] => P_VACCT_NO=96439078658903|P_EXP_DT=20260417
    [P_RMESG2] => 
    [P_NOTI] => 
    [P_AUTH_NO] => 
)

 Array
(
    [PageCall time] => 14:07:28
    [P_TID] => INIMX_VBNKCAEcatca0720260407140436995167
    [P_MID] => CAEcatca07
    [P_AUTH_DT] => 20260407140728
    [P_STATUS] => 02
    [P_TYPE] => VBANK
    [P_OID] => 260407-020
    [P_FN_CD1] => 04
    [P_FN_CD2] => 
    [P_FN_NM] => KB국민은행
    [P_AMT] => 3500
    [P_UNAME] => 박민규
    [P_RMESG1] => P_VACCT_NO=96439078664362|P_EXP_DT=20260417
    [P_RMESG2] => 
    [P_NOTI] => 
    [P_AUTH_NO] => 
)

 Array
(
    [PageCall time] => 14:24:27
    [P_TID] => INIMX_VBNKCAEcatca0720260407142204595016
    [P_MID] => CAEcatca07
    [P_AUTH_DT] => 20260407142427
    [P_STATUS] => 02
    [P_TYPE] => VBANK
    [P_OID] => 260407-021
    [P_FN_CD1] => 88
    [P_FN_CD2] => 
    [P_FN_NM] => 신한은행
    [P_AMT] => 3500
    [P_UNAME] => 박주연
    [P_RMESG1] => P_VACCT_NO=56211106765273|P_EXP_DT=20260417
    [P_RMESG2] => 
    [P_NOTI] => 
    [P_AUTH_NO] => 
)

 Array
(
    [PageCall time] => 14:43:50
    [P_TID] => INIMX_VBNKCAEcatca0720260407144014285783
    [P_MID] => CAEcatca07
    [P_AUTH_DT] => 20260407144350
    [P_STATUS] => 02
    [P_TYPE] => VBANK
    [P_OID] => 260407-023
    [P_FN_CD1] => 04
    [P_FN_CD2] => 
    [P_FN_NM] => KB국민은행
    [P_AMT] => 3500
    [P_UNAME] => 김수양
    [P_RMESG1] => P_VACCT_NO=96439078672121|P_EXP_DT=20260417
    [P_RMESG2] => 
    [P_NOTI] => 
    [P_AUTH_NO] => 
)

 Array
(
    [PageCall time] => 15:47:14
    [P_TID] => INIMX_VBNKCAEcatca0720260407154432655080
    [P_MID] => CAEcatca07
    [P_AUTH_DT] => 20260407154714
    [P_STATUS] => 02
    [P_TYPE] => VBANK
    [P_OID] => 260407-024
    [P_FN_CD1] => 88
    [P_FN_CD2] => 
    [P_FN_NM] => 신한은행
    [P_AMT] => 3500
    [P_UNAME] => 정유진
    [P_RMESG1] => P_VACCT_NO=56211106772783|P_EXP_DT=20260417
    [P_RMESG2] => 
    [P_NOTI] => 
    [P_AUTH_NO] => 
)

 Array
(
    [PageCall time] => 16:28:30
    [P_TID] => INIMX_VBNKCAEcatca0720260407162520515367
    [P_MID] => CAEcatca07
    [P_AUTH_DT] => 20260407162830
    [P_STATUS] => 02
    [P_TYPE] => VBANK
    [P_OID] => 260407-026
    [P_FN_CD1] => 88
    [P_FN_CD2] => 
    [P_FN_NM] => 신한은행
    [P_AMT] => 3500
    [P_UNAME] => 박미연
    [P_RMESG1] => P_VACCT_NO=56211106776534|P_EXP_DT=20260417
    [P_RMESG2] => 
    [P_NOTI] => 
    [P_AUTH_NO] => 
)

 Array
(
    [PageCall time] => 16:29:01
    [P_TID] => INIMX_VBNKCAEcatca0720260407162602685892
    [P_MID] => CAEcatca07
    [P_AUTH_DT] => 20260407162901
    [P_STATUS] => 02
    [P_TYPE] => VBANK
    [P_OID] => 260406-030
    [P_FN_CD1] => 03
    [P_FN_CD2] => 
    [P_FN_NM] => 기업은행
    [P_AMT] => 3500
    [P_UNAME] => 김명숙
    [P_RMESG1] => P_VACCT_NO=07502379597988|P_EXP_DT=20260417
    [P_RMESG2] => 
    [P_NOTI] => 
    [P_AUTH_NO] => 
)

 Array
(
    [PageCall time] => 16:48:43
    [P_TID] => INIMX_VBNKCAEcatca0720260407164508365649
    [P_MID] => CAEcatca07
    [P_AUTH_DT] => 20260407164843
    [P_STATUS] => 02
    [P_TYPE] => VBANK
    [P_OID] => 260407-028
    [P_FN_CD1] => 04
    [P_FN_CD2] => 
    [P_FN_NM] => KB국민은행
    [P_AMT] => 3500
    [P_UNAME] => 구지희
    [P_RMESG1] => P_VACCT_NO=96439078698046|P_EXP_DT=20260417
    [P_RMESG2] => 
    [P_NOTI] => 
    [P_AUTH_NO] => 
)

 Array
(
    [PageCall time] => 16:52:40
    [P_TID] => INIMX_VBNKCAEcatca0720260407164820975383
    [P_MID] => CAEcatca07
    [P_AUTH_DT] => 20260407165240
    [P_STATUS] => 02
    [P_TYPE] => VBANK
    [P_OID] => 260407-029
    [P_FN_CD1] => 23
    [P_FN_CD2] => 
    [P_FN_NM] => SC은행
    [P_AMT] => 3500
    [P_UNAME] => 김지영
    [P_RMESG1] => P_VACCT_NO=46416006181615|P_EXP_DT=20260417
    [P_RMESG2] => 
    [P_NOTI] => 
    [P_AUTH_NO] => 
)

 Array
(
    [PageCall time] => 16:53:22
    [P_TID] => INIMX_VBNKCAEcatca0720260407165036675017
    [P_MID] => CAEcatca07
    [P_AUTH_DT] => 20260407165322
    [P_STATUS] => 02
    [P_TYPE] => VBANK
    [P_OID] => 260407-030
    [P_FN_CD1] => 88
    [P_FN_CD2] => 
    [P_FN_NM] => 신한은행
    [P_AMT] => 3500
    [P_UNAME] => 김주환
    [P_RMESG1] => P_VACCT_NO=56211106778420|P_EXP_DT=20260417
    [P_RMESG2] => 
    [P_NOTI] => 
    [P_AUTH_NO] => 
)

 Array
(
    [PageCall time] => 16:59:17
    [P_TID] => INIMX_VBNKCAEcatca0720260407165614455831
    [P_MID] => CAEcatca07
    [P_AUTH_DT] => 20260407165917
    [P_STATUS] => 02
    [P_TYPE] => VBANK
    [P_OID] => 260407-031
    [P_FN_CD1] => 04
    [P_FN_CD2] => 
    [P_FN_NM] => KB국민은행
    [P_AMT] => 3500
    [P_UNAME] => 하도건
    [P_RMESG1] => P_VACCT_NO=96439078699928|P_EXP_DT=20260417
    [P_RMESG2] => 
    [P_NOTI] => 
    [P_AUTH_NO] => 
)

 Array
(
    [PageCall time] => 17:06:15
    [P_TID] => INIMX_VBNKCAEcatca0720260407170326685051
    [P_MID] => CAEcatca07
    [P_AUTH_DT] => 20260407170615
    [P_STATUS] => 02
    [P_TYPE] => VBANK
    [P_OID] => 260407-034
    [P_FN_CD1] => 81
    [P_FN_CD2] => 
    [P_FN_NM] => 하나은행
    [P_AMT] => 3500
    [P_UNAME] => 이서윤
    [P_RMESG1] => P_VACCT_NO=20893919022137|P_EXP_DT=20260417
    [P_RMESG2] => 
    [P_NOTI] => 
    [P_AUTH_NO] => 
)

 Array
(
    [PageCall time] => 17:06:49
    [P_TID] => INIMX_VBNKCAEcatca0720260407170328145605
    [P_MID] => CAEcatca07
    [P_AUTH_DT] => 20260407170648
    [P_STATUS] => 02
    [P_TYPE] => VBANK
    [P_OID] => 260407-033
    [P_FN_CD1] => 81
    [P_FN_CD2] => 
    [P_FN_NM] => 하나은행
    [P_AMT] => 3500
    [P_UNAME] => 오명희
    [P_RMESG1] => P_VACCT_NO=20893919026737|P_EXP_DT=20260417
    [P_RMESG2] => 
    [P_NOTI] => 
    [P_AUTH_NO] => 
)

 Array
(
    [PageCall time] => 17:16:44
    [P_TID] => INIMX_VBNKCAEcatca0720260407171259795205
    [P_MID] => CAEcatca07
    [P_AUTH_DT] => 20260407171644
    [P_STATUS] => 02
    [P_TYPE] => VBANK
    [P_OID] => 260407-035
    [P_FN_CD1] => 88
    [P_FN_CD2] => 
    [P_FN_NM] => 신한은행
    [P_AMT] => 3500
    [P_UNAME] => 변철희
    [P_RMESG1] => P_VACCT_NO=56211106780320|P_EXP_DT=20260417
    [P_RMESG2] => 
    [P_NOTI] => 
    [P_AUTH_NO] => 
)

 Array
(
    [PageCall time] => 20:47:58
    [P_TID] => INIMX_VBNKCAEcatca0720260407204722745306
    [P_MID] => CAEcatca07
    [P_AUTH_DT] => 20260407204758
    [P_STATUS] => 02
    [P_TYPE] => VBANK
    [P_OID] => 260407-038
    [P_FN_CD1] => 11
    [P_FN_CD2] => 
    [P_FN_NM] => NH농협은행
    [P_AMT] => 3500
    [P_UNAME] => 정연희
    [P_RMESG1] => P_VACCT_NO=79014505839604|P_EXP_DT=20260417
    [P_RMESG2] => 
    [P_NOTI] => 
    [P_AUTH_NO] => 
)

 Array
(
    [PageCall time] => 20:57:29
    [P_TID] => INIMX_VBNKCAEcatca0720260407205407875090
    [P_MID] => CAEcatca07
    [P_AUTH_DT] => 20260407205729
    [P_STATUS] => 02
    [P_TYPE] => VBANK
    [P_OID] => 260407-039
    [P_FN_CD1] => 04
    [P_FN_CD2] => 
    [P_FN_NM] => KB국민은행
    [P_AMT] => 3500
    [P_UNAME] => 김현진
    [P_RMESG1] => P_VACCT_NO=96439078732269|P_EXP_DT=20260417
    [P_RMESG2] => 
    [P_NOTI] => 
    [P_AUTH_NO] => 
)

 Array
(
    [PageCall time] => 21:27:00
    [P_TID] => INIMX_VBNKCAEcatca0720260407212408155585
    [P_MID] => CAEcatca07
    [P_AUTH_DT] => 20260407212659
    [P_STATUS] => 02
    [P_TYPE] => VBANK
    [P_OID] => 260407-042
    [P_FN_CD1] => 32
    [P_FN_CD2] => 
    [P_FN_NM] => 부산은행
    [P_AMT] => 3500
    [P_UNAME] => 정다은
    [P_RMESG1] => P_VACCT_NO=109924876639|P_EXP_DT=20260417
    [P_RMESG2] => 
    [P_NOTI] => 
    [P_AUTH_NO] => 
)

 Array
(
    [PageCall time] => 22:05:54
    [P_TID] => INIMX_VBNKCAEcatca0720260407220300335771
    [P_MID] => CAEcatca07
    [P_AUTH_DT] => 20260407220554
    [P_STATUS] => 02
    [P_TYPE] => VBANK
    [P_OID] => 260407-043
    [P_FN_CD1] => 04
    [P_FN_CD2] => 
    [P_FN_NM] => KB국민은행
    [P_AMT] => 3500
    [P_UNAME] => 주용규
    [P_RMESG1] => P_VACCT_NO=96439078739578|P_EXP_DT=20260417
    [P_RMESG2] => 
    [P_NOTI] => 
    [P_AUTH_NO] => 
)

 Array
(
    [PageCall time] => 22:25:51
    [P_TID] => INIMX_VBNKCAEcatca0720260407222259995339
    [P_MID] => CAEcatca07
    [P_AUTH_DT] => 20260407222551
    [P_STATUS] => 02
    [P_TYPE] => VBANK
    [P_OID] => 260407-044
    [P_FN_CD1] => 20
    [P_FN_CD2] => 
    [P_FN_NM] => 우리은행
    [P_AMT] => 3500
    [P_UNAME] => 김동섭
    [P_RMESG1] => P_VACCT_NO=27204450218606|P_EXP_DT=20260417
    [P_RMESG2] => 
    [P_NOTI] => 
    [P_AUTH_NO] => 
)

 Array
(
    [PageCall time] => 23:48:14
    [P_TID] => INIMX_VBNKCAEcatca0720260407234530265560
    [P_MID] => CAEcatca07
    [P_AUTH_DT] => 20260407234814
    [P_STATUS] => 02
    [P_TYPE] => VBANK
    [P_OID] => 260407-045
    [P_FN_CD1] => 20
    [P_FN_CD2] => 
    [P_FN_NM] => 우리은행
    [P_AMT] => 3500
    [P_UNAME] => 박수영
    [P_RMESG1] => P_VACCT_NO=27204463418791|P_EXP_DT=20260417
    [P_RMESG2] => 
    [P_NOTI] => 
    [P_AUTH_NO] => 
)

