 Array
(
    [PageCall time] => 08:31:38
    [P_TID] => INIMX_VBNKCAEcatca0720250622082911215166
    [P_MID] => CAEcatca07
    [P_AUTH_DT] => 20250622083138
    [P_STATUS] => 02
    [P_TYPE] => VBANK
    [P_OID] => 250622-001
    [P_FN_CD1] => 03
    [P_FN_CD2] => 
    [P_FN_NM] => 기업은행
    [P_AMT] => 3000
    [P_UNAME] => 박지우
    [P_RMESG1] => P_VACCT_NO=07500648397427|P_EXP_DT=20250702
    [P_RMESG2] => 
    [P_NOTI] => 
    [P_AUTH_NO] => 
)

 Array
(
    [PageCall time] => 15:20:32
    [P_TID] => INIMX_VBNKCAEcatca0720250622151952865010
    [P_MID] => CAEcatca07
    [P_AUTH_DT] => 20250622152032
    [P_STATUS] => 02
    [P_TYPE] => VBANK
    [P_OID] => 250622-002
    [P_FN_CD1] => 04
    [P_FN_CD2] => 
    [P_FN_NM] => KB국민은행
    [P_AMT] => 3000
    [P_UNAME] => 양지선
    [P_RMESG1] => P_VACCT_NO=39319011567976|P_EXP_DT=20250702
    [P_RMESG2] => 
    [P_NOTI] => 
    [P_AUTH_NO] => 
)

 Array
(
    [PageCall time] => 17:28:15
    [P_TID] => INIMX_VBNKCAEcatca0720250622172701385361
    [P_MID] => CAEcatca07
    [P_AUTH_DT] => 20250622172814
    [P_STATUS] => 02
    [P_TYPE] => VBANK
    [P_OID] => 250622-003
    [P_FN_CD1] => 04
    [P_FN_CD2] => 
    [P_FN_NM] => KB국민은행
    [P_AMT] => 3000
    [P_UNAME] => 한이현
    [P_RMESG1] => P_VACCT_NO=42089011845402|P_EXP_DT=20250702
    [P_RMESG2] => 
    [P_NOTI] => 
    [P_AUTH_NO] => 
)

 Array
(
    [PageCall time] => 18:19:54
    [P_TID] => INIMX_VBNKCAEcatca0720250622181656675828
    [P_MID] => CAEcatca07
    [P_AUTH_DT] => 20250622181954
    [P_STATUS] => 02
    [P_TYPE] => VBANK
    [P_OID] => 250622-004
    [P_FN_CD1] => 89
    [P_FN_CD2] => 
    [P_FN_NM] => 케이뱅크
    [P_AMT] => 3000
    [P_UNAME] => 정충남
    [P_RMESG1] => P_VACCT_NO=70112003815612|P_EXP_DT=20250702
    [P_RMESG2] => 
    [P_NOTI] => 
    [P_AUTH_NO] => 
)

 Array
(
    [PageCall time] => 19:17:38
    [P_TID] => INIMX_VBNKCAEcatca0720250622191638505863
    [P_MID] => CAEcatca07
    [P_AUTH_DT] => 20250622191738
    [P_STATUS] => 02
    [P_TYPE] => VBANK
    [P_OID] => 250622-005
    [P_FN_CD1] => 11
    [P_FN_CD2] => 
    [P_FN_NM] => NH농협은행
    [P_AMT] => 3000
    [P_UNAME] => 이상재
    [P_RMESG1] => P_VACCT_NO=79010590154543|P_EXP_DT=20250702
    [P_RMESG2] => 
    [P_NOTI] => 
    [P_AUTH_NO] => 
)

 Array
(
    [PageCall time] => 21:11:49
    [P_TID] => INIMX_VBNKCAEcatca0720250622210908805153
    [P_MID] => CAEcatca07
    [P_AUTH_DT] => 20250622211149
    [P_STATUS] => 02
    [P_TYPE] => VBANK
    [P_OID] => 250622-006
    [P_FN_CD1] => 88
    [P_FN_CD2] => 
    [P_FN_NM] => 신한은행
    [P_AMT] => 3000
    [P_UNAME] => 이성열
    [P_RMESG1] => P_VACCT_NO=56211105205150|P_EXP_DT=20250702
    [P_RMESG2] => 
    [P_NOTI] => 
    [P_AUTH_NO] => 
)

