 Array
(
    [PageCall time] => 09:12:32
    [P_TID] => INIMX_VBNKCAEcatca0720251220090841825065
    [P_MID] => CAEcatca07
    [P_AUTH_DT] => 20251220091232
    [P_STATUS] => 02
    [P_TYPE] => VBANK
    [P_OID] => 251220-001
    [P_FN_CD1] => 04
    [P_FN_CD2] => 
    [P_FN_NM] => KB국민은행
    [P_AMT] => 3000
    [P_UNAME] => 송수련
    [P_RMESG1] => P_VACCT_NO=26029078918965|P_EXP_DT=20251230
    [P_RMESG2] => 
    [P_NOTI] => 
    [P_AUTH_NO] => 
)

 Array
(
    [PageCall time] => 10:02:08
    [P_TID] => INIMX_VBNKCAEcatca0720251220095852375710
    [P_MID] => CAEcatca07
    [P_AUTH_DT] => 20251220100208
    [P_STATUS] => 02
    [P_TYPE] => VBANK
    [P_OID] => 251220-002
    [P_FN_CD1] => 04
    [P_FN_CD2] => 
    [P_FN_NM] => KB국민은행
    [P_AMT] => 3000
    [P_UNAME] => 김영미
    [P_RMESG1] => P_VACCT_NO=99449014545761|P_EXP_DT=20251230
    [P_RMESG2] => 
    [P_NOTI] => 
    [P_AUTH_NO] => 
)

 Array
(
    [PageCall time] => 10:11:24
    [P_TID] => INIMX_VBNKCAEcatca0720251220100832935731
    [P_MID] => CAEcatca07
    [P_AUTH_DT] => 20251220101124
    [P_STATUS] => 02
    [P_TYPE] => VBANK
    [P_OID] => 251220-003
    [P_FN_CD1] => 04
    [P_FN_CD2] => 
    [P_FN_NM] => KB국민은행
    [P_AMT] => 3000
    [P_UNAME] => 김민희
    [P_RMESG1] => P_VACCT_NO=99449014549066|P_EXP_DT=20251230
    [P_RMESG2] => 
    [P_NOTI] => 
    [P_AUTH_NO] => 
)

 Array
(
    [PageCall time] => 12:36:39
    [P_TID] => INIMX_VBNKCAEcatca0720251220123406505526
    [P_MID] => CAEcatca07
    [P_AUTH_DT] => 20251220123639
    [P_STATUS] => 02
    [P_TYPE] => VBANK
    [P_OID] => 251220-004
    [P_FN_CD1] => 04
    [P_FN_CD2] => 
    [P_FN_NM] => KB국민은행
    [P_AMT] => 3000
    [P_UNAME] => 김선화
    [P_RMESG1] => P_VACCT_NO=26119078372085|P_EXP_DT=20251230
    [P_RMESG2] => 
    [P_NOTI] => 
    [P_AUTH_NO] => 
)

 Array
(
    [PageCall time] => 13:13:43
    [P_TID] => INIMX_VBNKCAEcatca0720251220131059465180
    [P_MID] => CAEcatca07
    [P_AUTH_DT] => 20251220131343
    [P_STATUS] => 02
    [P_TYPE] => VBANK
    [P_OID] => 251215-031
    [P_FN_CD1] => 20
    [P_FN_CD2] => 
    [P_FN_NM] => 우리은행
    [P_AMT] => 3000
    [P_UNAME] => 심은희
    [P_RMESG1] => P_VACCT_NO=27389326818754|P_EXP_DT=20251230
    [P_RMESG2] => 
    [P_NOTI] => 
    [P_AUTH_NO] => 
)

 Array
(
    [PageCall time] => 13:44:12
    [P_TID] => INIMX_VBNKCAEcatca0720251220134108345989
    [P_MID] => CAEcatca07
    [P_AUTH_DT] => 20251220134412
    [P_STATUS] => 02
    [P_TYPE] => VBANK
    [P_OID] => 251220-006
    [P_FN_CD1] => 04
    [P_FN_CD2] => 
    [P_FN_NM] => KB국민은행
    [P_AMT] => 3000
    [P_UNAME] => 서미진
    [P_RMESG1] => P_VACCT_NO=40139011504881|P_EXP_DT=20251230
    [P_RMESG2] => 
    [P_NOTI] => 
    [P_AUTH_NO] => 
)

 Array
(
    [PageCall time] => 15:22:50
    [P_TID] => INIMX_VBNKCAEcatca0720251220152022405339
    [P_MID] => CAEcatca07
    [P_AUTH_DT] => 20251220152250
    [P_STATUS] => 02
    [P_TYPE] => VBANK
    [P_OID] => 251220-007
    [P_FN_CD1] => 04
    [P_FN_CD2] => 
    [P_FN_NM] => KB국민은행
    [P_AMT] => 3000
    [P_UNAME] => 김수연
    [P_RMESG1] => P_VACCT_NO=40849011142602|P_EXP_DT=20251230
    [P_RMESG2] => 
    [P_NOTI] => 
    [P_AUTH_NO] => 
)

 Array
(
    [PageCall time] => 15:56:32
    [P_TID] => INIMX_VBNKCAEcatca0720251220155351505256
    [P_MID] => CAEcatca07
    [P_AUTH_DT] => 20251220155632
    [P_STATUS] => 02
    [P_TYPE] => VBANK
    [P_OID] => 251220-008
    [P_FN_CD1] => 03
    [P_FN_CD2] => 
    [P_FN_NM] => 기업은행
    [P_AMT] => 3000
    [P_UNAME] => 이아론
    [P_RMESG1] => P_VACCT_NO=07503216897293|P_EXP_DT=20251230
    [P_RMESG2] => 
    [P_NOTI] => 
    [P_AUTH_NO] => 
)

 Array
(
    [PageCall time] => 20:05:47
    [P_TID] => INIMX_VBNKCAEcatca0720251220200255725779
    [P_MID] => CAEcatca07
    [P_AUTH_DT] => 20251220200547
    [P_STATUS] => 02
    [P_TYPE] => VBANK
    [P_OID] => 251220-011
    [P_FN_CD1] => 03
    [P_FN_CD2] => 
    [P_FN_NM] => 기업은행
    [P_AMT] => 3000
    [P_UNAME] => 김호준
    [P_RMESG1] => P_VACCT_NO=07503217497188|P_EXP_DT=20251230
    [P_RMESG2] => 
    [P_NOTI] => 
    [P_AUTH_NO] => 
)

 Array
(
    [PageCall time] => 22:06:37
    [P_TID] => INIMX_VBNKCAEcatca0720251220220344235143
    [P_MID] => CAEcatca07
    [P_AUTH_DT] => 20251220220637
    [P_STATUS] => 02
    [P_TYPE] => VBANK
    [P_OID] => 251220-013
    [P_FN_CD1] => 88
    [P_FN_CD2] => 
    [P_FN_NM] => 신한은행
    [P_AMT] => 3000
    [P_UNAME] => 윤재
    [P_RMESG1] => P_VACCT_NO=56211991266386|P_EXP_DT=20251230
    [P_RMESG2] => 
    [P_NOTI] => 
    [P_AUTH_NO] => 
)

