 Array
(
    [PageCall time] => 00:20:59
    [P_TID] => INIMX_VBNKCAEcatca0720251118000724955287
    [P_MID] => CAEcatca07
    [P_AUTH_DT] => 20251118002059
    [P_STATUS] => 02
    [P_TYPE] => VBANK
    [P_OID] => 251118-001
    [P_FN_CD1] => 03
    [P_FN_CD2] => 
    [P_FN_NM] => 기업은행
    [P_AMT] => 3000
    [P_UNAME] => 정정애
    [P_RMESG1] => P_VACCT_NO=07502298397841|P_EXP_DT=20251128
    [P_RMESG2] => 
    [P_NOTI] => 
    [P_AUTH_NO] => 
)

 Array
(
    [PageCall time] => 00:40:16
    [P_TID] => INIMX_VBNKCAEcatca0720251118003746695949
    [P_MID] => CAEcatca07
    [P_AUTH_DT] => 20251118004016
    [P_STATUS] => 02
    [P_TYPE] => VBANK
    [P_OID] => 251118-002
    [P_FN_CD1] => 88
    [P_FN_CD2] => 
    [P_FN_NM] => 신한은행
    [P_AMT] => 3000
    [P_UNAME] => 윤명환
    [P_RMESG1] => P_VACCT_NO=56211105904837|P_EXP_DT=20251128
    [P_RMESG2] => 
    [P_NOTI] => 
    [P_AUTH_NO] => 
)

 Array
(
    [PageCall time] => 08:54:16
    [P_TID] => INIMX_VBNKCAEcatca0720251118085046825803
    [P_MID] => CAEcatca07
    [P_AUTH_DT] => 20251118085416
    [P_STATUS] => 02
    [P_TYPE] => VBANK
    [P_OID] => 251118-005
    [P_FN_CD1] => 20
    [P_FN_CD2] => 
    [P_FN_NM] => 우리은행
    [P_AMT] => 3000
    [P_UNAME] => 장지애
    [P_RMESG1] => P_VACCT_NO=61848688418452|P_EXP_DT=20251128
    [P_RMESG2] => 
    [P_NOTI] => 
    [P_AUTH_NO] => 
)

 Array
(
    [PageCall time] => 09:55:06
    [P_TID] => INIMX_VBNKCAEcatca0720251118095200135077
    [P_MID] => CAEcatca07
    [P_AUTH_DT] => 20251118095506
    [P_STATUS] => 02
    [P_TYPE] => VBANK
    [P_OID] => 251118-006
    [P_FN_CD1] => 04
    [P_FN_CD2] => 
    [P_FN_NM] => KB국민은행
    [P_AMT] => 3000
    [P_UNAME] => 조택림
    [P_RMESG1] => P_VACCT_NO=88429011794942|P_EXP_DT=20251128
    [P_RMESG2] => 
    [P_NOTI] => 
    [P_AUTH_NO] => 
)

 Array
(
    [PageCall time] => 10:09:21
    [P_TID] => INIMX_VBNKCAEcatca0720251118100642955794
    [P_MID] => CAEcatca07
    [P_AUTH_DT] => 20251118100921
    [P_STATUS] => 02
    [P_TYPE] => VBANK
    [P_OID] => 251118-008
    [P_FN_CD1] => 39
    [P_FN_CD2] => 
    [P_FN_NM] => 경남은행
    [P_AMT] => 3000
    [P_UNAME] => 박현진
    [P_RMESG1] => P_VACCT_NO=573193321208|P_EXP_DT=20251128
    [P_RMESG2] => 
    [P_NOTI] => 
    [P_AUTH_NO] => 
)

 Array
(
    [PageCall time] => 10:33:47
    [P_TID] => INIMX_VBNKCAEcatca0720251118103100195397
    [P_MID] => CAEcatca07
    [P_AUTH_DT] => 20251118103347
    [P_STATUS] => 02
    [P_TYPE] => VBANK
    [P_OID] => 251118-009
    [P_FN_CD1] => 88
    [P_FN_CD2] => 
    [P_FN_NM] => 신한은행
    [P_AMT] => 3000
    [P_UNAME] => 황수연
    [P_RMESG1] => P_VACCT_NO=56211105919198|P_EXP_DT=20251128
    [P_RMESG2] => 
    [P_NOTI] => 
    [P_AUTH_NO] => 
)

 Array
(
    [PageCall time] => 10:47:26
    [P_TID] => INIMX_VBNKCAEcatca0720251118104451815201
    [P_MID] => CAEcatca07
    [P_AUTH_DT] => 20251118104726
    [P_STATUS] => 02
    [P_TYPE] => VBANK
    [P_OID] => 251118-010
    [P_FN_CD1] => 88
    [P_FN_CD2] => 
    [P_FN_NM] => 신한은행
    [P_AMT] => 3000
    [P_UNAME] => 채슬기
    [P_RMESG1] => P_VACCT_NO=56211105920221|P_EXP_DT=20251128
    [P_RMESG2] => 
    [P_NOTI] => 
    [P_AUTH_NO] => 
)

 Array
(
    [PageCall time] => 10:54:54
    [P_TID] => INIMX_VBNKCAEcatca0720251118105105205863
    [P_MID] => CAEcatca07
    [P_AUTH_DT] => 20251118105454
    [P_STATUS] => 02
    [P_TYPE] => VBANK
    [P_OID] => 251118-011
    [P_FN_CD1] => 88
    [P_FN_CD2] => 
    [P_FN_NM] => 신한은행
    [P_AMT] => 3000
    [P_UNAME] => 소은정
    [P_RMESG1] => P_VACCT_NO=56211105920485|P_EXP_DT=20251128
    [P_RMESG2] => 
    [P_NOTI] => 
    [P_AUTH_NO] => 
)

 Array
(
    [PageCall time] => 10:59:52
    [P_TID] => INIMX_VBNKCAEcatca0720251118105643265362
    [P_MID] => CAEcatca07
    [P_AUTH_DT] => 20251118105952
    [P_STATUS] => 02
    [P_TYPE] => VBANK
    [P_OID] => 251118-012
    [P_FN_CD1] => 04
    [P_FN_CD2] => 
    [P_FN_NM] => KB국민은행
    [P_AMT] => 3000
    [P_UNAME] => 이영란
    [P_RMESG1] => P_VACCT_NO=80399078922963|P_EXP_DT=20251128
    [P_RMESG2] => 
    [P_NOTI] => 
    [P_AUTH_NO] => 
)

 Array
(
    [PageCall time] => 11:08:00
    [P_TID] => INIMX_VBNKCAEcatca0720251118110441755052
    [P_MID] => CAEcatca07
    [P_AUTH_DT] => 20251118110800
    [P_STATUS] => 02
    [P_TYPE] => VBANK
    [P_OID] => 251118-013
    [P_FN_CD1] => 88
    [P_FN_CD2] => 
    [P_FN_NM] => 신한은행
    [P_AMT] => 3000
    [P_UNAME] => 김재봉
    [P_RMESG1] => P_VACCT_NO=56211105924150|P_EXP_DT=20251128
    [P_RMESG2] => 
    [P_NOTI] => 
    [P_AUTH_NO] => 
)

 Array
(
    [PageCall time] => 11:19:12
    [P_TID] => INIMX_VBNKCAEcatca0720251118111534335598
    [P_MID] => CAEcatca07
    [P_AUTH_DT] => 20251118111911
    [P_STATUS] => 02
    [P_TYPE] => VBANK
    [P_OID] => 251118-003
    [P_FN_CD1] => 03
    [P_FN_CD2] => 
    [P_FN_NM] => 기업은행
    [P_AMT] => 3000
    [P_UNAME] => 강성윤
    [P_RMESG1] => P_VACCT_NO=07502301797242|P_EXP_DT=20251128
    [P_RMESG2] => 
    [P_NOTI] => 
    [P_AUTH_NO] => 
)

 Array
(
    [PageCall time] => 11:57:55
    [P_TID] => INIMX_VBNKCAEcatca0720251118115532615476
    [P_MID] => CAEcatca07
    [P_AUTH_DT] => 20251118115755
    [P_STATUS] => 02
    [P_TYPE] => VBANK
    [P_OID] => 251116-006
    [P_FN_CD1] => 89
    [P_FN_CD2] => 
    [P_FN_NM] => 케이뱅크
    [P_AMT] => 3000
    [P_UNAME] => 박소연
    [P_RMESG1] => P_VACCT_NO=70112003878581|P_EXP_DT=20251128
    [P_RMESG2] => 
    [P_NOTI] => 
    [P_AUTH_NO] => 
)

 Array
(
    [PageCall time] => 12:08:12
    [P_TID] => INIMX_VBNKCAEcatca0720251118120521545463
    [P_MID] => CAEcatca07
    [P_AUTH_DT] => 20251118120811
    [P_STATUS] => 02
    [P_TYPE] => VBANK
    [P_OID] => 251118-017
    [P_FN_CD1] => 03
    [P_FN_CD2] => 
    [P_FN_NM] => 기업은행
    [P_AMT] => 3000
    [P_UNAME] => 이창호
    [P_RMESG1] => P_VACCT_NO=07502302497422|P_EXP_DT=20251128
    [P_RMESG2] => 
    [P_NOTI] => 
    [P_AUTH_NO] => 
)

 Array
(
    [PageCall time] => 12:11:42
    [P_TID] => INIMX_VBNKCAEcatca0720251118120428145320
    [P_MID] => CAEcatca07
    [P_AUTH_DT] => 20251118121142
    [P_STATUS] => 02
    [P_TYPE] => VBANK
    [P_OID] => 251118-016
    [P_FN_CD1] => 03
    [P_FN_CD2] => 
    [P_FN_NM] => 기업은행
    [P_AMT] => 3000
    [P_UNAME] => 강복순
    [P_RMESG1] => P_VACCT_NO=07502302497244|P_EXP_DT=20251128
    [P_RMESG2] => 
    [P_NOTI] => 
    [P_AUTH_NO] => 
)

 Array
(
    [PageCall time] => 12:44:29
    [P_TID] => INIMX_VBNKCAEcatca0720251118124139705670
    [P_MID] => CAEcatca07
    [P_AUTH_DT] => 20251118124429
    [P_STATUS] => 02
    [P_TYPE] => VBANK
    [P_OID] => 251118-019
    [P_FN_CD1] => 04
    [P_FN_CD2] => 
    [P_FN_NM] => KB국민은행
    [P_AMT] => 3000
    [P_UNAME] => 임은진
    [P_RMESG1] => P_VACCT_NO=26119078687655|P_EXP_DT=20251128
    [P_RMESG2] => 
    [P_NOTI] => 
    [P_AUTH_NO] => 
)

 Array
(
    [PageCall time] => 13:07:42
    [P_TID] => INIMX_VBNKCAEcatca0720251118130653605375
    [P_MID] => CAEcatca07
    [P_AUTH_DT] => 20251118130742
    [P_STATUS] => 02
    [P_TYPE] => VBANK
    [P_OID] => 251118-021
    [P_FN_CD1] => 11
    [P_FN_CD2] => 
    [P_FN_NM] => NH농협은행
    [P_AMT] => 3000
    [P_UNAME] => 채수영
    [P_RMESG1] => P_VACCT_NO=79015902764991|P_EXP_DT=20251128
    [P_RMESG2] => 
    [P_NOTI] => 
    [P_AUTH_NO] => 
)

 Array
(
    [PageCall time] => 13:25:21
    [P_TID] => INIMX_VBNKCAEcatca0720251118132218755244
    [P_MID] => CAEcatca07
    [P_AUTH_DT] => 20251118132521
    [P_STATUS] => 02
    [P_TYPE] => VBANK
    [P_OID] => 251118-022
    [P_FN_CD1] => 04
    [P_FN_CD2] => 
    [P_FN_NM] => KB국민은행
    [P_AMT] => 3000
    [P_UNAME] => 박연화
    [P_RMESG1] => P_VACCT_NO=26119078704774|P_EXP_DT=20251128
    [P_RMESG2] => 
    [P_NOTI] => 
    [P_AUTH_NO] => 
)

 Array
(
    [PageCall time] => 13:33:47
    [P_TID] => INIMX_VBNKCAEcatca0720251118133114465105
    [P_MID] => CAEcatca07
    [P_AUTH_DT] => 20251118133347
    [P_STATUS] => 02
    [P_TYPE] => VBANK
    [P_OID] => 251118-023
    [P_FN_CD1] => 81
    [P_FN_CD2] => 
    [P_FN_NM] => 하나은행
    [P_AMT] => 3000
    [P_UNAME] => 성민경
    [P_RMESG1] => P_VACCT_NO=20894030864237|P_EXP_DT=20251128
    [P_RMESG2] => 
    [P_NOTI] => 
    [P_AUTH_NO] => 
)

 Array
(
    [PageCall time] => 14:25:09
    [P_TID] => INIMX_VBNKCAEcatca0720251118142232415851
    [P_MID] => CAEcatca07
    [P_AUTH_DT] => 20251118142509
    [P_STATUS] => 02
    [P_TYPE] => VBANK
    [P_OID] => 251118-027
    [P_FN_CD1] => 04
    [P_FN_CD2] => 
    [P_FN_NM] => KB국민은행
    [P_AMT] => 3000
    [P_UNAME] => 채희경
    [P_RMESG1] => P_VACCT_NO=26119078832806|P_EXP_DT=20251128
    [P_RMESG2] => 
    [P_NOTI] => 
    [P_AUTH_NO] => 
)

 Array
(
    [PageCall time] => 14:56:07
    [P_TID] => INIMX_VBNKCAEcatca0720251118145325095486
    [P_MID] => CAEcatca07
    [P_AUTH_DT] => 20251118145607
    [P_STATUS] => 02
    [P_TYPE] => VBANK
    [P_OID] => 251112-030
    [P_FN_CD1] => 89
    [P_FN_CD2] => 
    [P_FN_NM] => 케이뱅크
    [P_AMT] => 3000
    [P_UNAME] => 서송이
    [P_RMESG1] => P_VACCT_NO=70112003880926|P_EXP_DT=20251128
    [P_RMESG2] => 
    [P_NOTI] => 
    [P_AUTH_NO] => 
)

 Array
(
    [PageCall time] => 15:10:31
    [P_TID] => INIMX_VBNKCAEcatca0720251118145704805522
    [P_MID] => CAEcatca07
    [P_AUTH_DT] => 20251118151031
    [P_STATUS] => 02
    [P_TYPE] => VBANK
    [P_OID] => 251118-030
    [P_FN_CD1] => 88
    [P_FN_CD2] => 
    [P_FN_NM] => 신한은행
    [P_AMT] => 3000
    [P_UNAME] => 선은경
    [P_RMESG1] => P_VACCT_NO=56211105954637|P_EXP_DT=20251128
    [P_RMESG2] => 
    [P_NOTI] => 
    [P_AUTH_NO] => 
)

 Array
(
    [PageCall time] => 15:44:11
    [P_TID] => INIMX_VBNKCAEcatca0720251118154125495900
    [P_MID] => CAEcatca07
    [P_AUTH_DT] => 20251118154411
    [P_STATUS] => 02
    [P_TYPE] => VBANK
    [P_OID] => 251118-034
    [P_FN_CD1] => 88
    [P_FN_CD2] => 
    [P_FN_NM] => 신한은행
    [P_AMT] => 3000
    [P_UNAME] => 황호원
    [P_RMESG1] => P_VACCT_NO=56211105962887|P_EXP_DT=20251128
    [P_RMESG2] => 
    [P_NOTI] => 
    [P_AUTH_NO] => 
)

 Array
(
    [PageCall time] => 15:56:14
    [P_TID] => INIMX_VBNKCAEcatca0720251118155529155300
    [P_MID] => CAEcatca07
    [P_AUTH_DT] => 20251118155614
    [P_STATUS] => 02
    [P_TYPE] => VBANK
    [P_OID] => 251118-036
    [P_FN_CD1] => 11
    [P_FN_CD2] => 
    [P_FN_NM] => NH농협은행
    [P_AMT] => 3000
    [P_UNAME] => 장혜리
    [P_RMESG1] => P_VACCT_NO=79015902826491|P_EXP_DT=20251128
    [P_RMESG2] => 
    [P_NOTI] => 
    [P_AUTH_NO] => 
)

 Array
(
    [PageCall time] => 15:57:29
    [P_TID] => INIMX_VBNKCAEcatca0720251118155401615397
    [P_MID] => CAEcatca07
    [P_AUTH_DT] => 20251118155729
    [P_STATUS] => 02
    [P_TYPE] => VBANK
    [P_OID] => 251118-029
    [P_FN_CD1] => 03
    [P_FN_CD2] => 
    [P_FN_NM] => 기업은행
    [P_AMT] => 3000
    [P_UNAME] => 김대훈
    [P_RMESG1] => P_VACCT_NO=07502305897329|P_EXP_DT=20251128
    [P_RMESG2] => 
    [P_NOTI] => 
    [P_AUTH_NO] => 
)

 Array
(
    [PageCall time] => 16:29:43
    [P_TID] => INIMX_VBNKCAEcatca0720251118141643495547
    [P_MID] => CAEcatca07
    [P_AUTH_DT] => 20251118162943
    [P_STATUS] => 02
    [P_TYPE] => VBANK
    [P_OID] => 251118-026
    [P_FN_CD1] => 89
    [P_FN_CD2] => 
    [P_FN_NM] => 케이뱅크
    [P_AMT] => 3000
    [P_UNAME] => 정재현
    [P_RMESG1] => P_VACCT_NO=70112003880525|P_EXP_DT=20251128
    [P_RMESG2] => 
    [P_NOTI] => 
    [P_AUTH_NO] => 
)

 Array
(
    [PageCall time] => 17:01:19
    [P_TID] => INIMX_VBNKCAEcatca0720251118165850805862
    [P_MID] => CAEcatca07
    [P_AUTH_DT] => 20251118170119
    [P_STATUS] => 02
    [P_TYPE] => VBANK
    [P_OID] => 251118-037
    [P_FN_CD1] => 88
    [P_FN_CD2] => 
    [P_FN_NM] => 신한은행
    [P_AMT] => 3000
    [P_UNAME] => 조혜경
    [P_RMESG1] => P_VACCT_NO=56211105970622|P_EXP_DT=20251128
    [P_RMESG2] => 
    [P_NOTI] => 
    [P_AUTH_NO] => 
)

 Array
(
    [PageCall time] => 17:04:13
    [P_TID] => INIMX_VBNKCAEcatca0720251118170139425409
    [P_MID] => CAEcatca07
    [P_AUTH_DT] => 20251118170413
    [P_STATUS] => 02
    [P_TYPE] => VBANK
    [P_OID] => 251118-038
    [P_FN_CD1] => 88
    [P_FN_CD2] => 
    [P_FN_NM] => 신한은행
    [P_AMT] => 3000
    [P_UNAME] => 이은경
    [P_RMESG1] => P_VACCT_NO=56211105970815|P_EXP_DT=20251128
    [P_RMESG2] => 
    [P_NOTI] => 
    [P_AUTH_NO] => 
)

 Array
(
    [PageCall time] => 17:34:29
    [P_TID] => INIMX_VBNKCAEcatca0720251118171655255429
    [P_MID] => CAEcatca07
    [P_AUTH_DT] => 20251118173429
    [P_STATUS] => 02
    [P_TYPE] => VBANK
    [P_OID] => 251118-035
    [P_FN_CD1] => 03
    [P_FN_CD2] => 
    [P_FN_NM] => 기업은행
    [P_AMT] => 3000
    [P_UNAME] => 김은자
    [P_RMESG1] => P_VACCT_NO=07502306797350|P_EXP_DT=20251128
    [P_RMESG2] => 
    [P_NOTI] => 
    [P_AUTH_NO] => 
)

 Array
(
    [PageCall time] => 17:43:34
    [P_TID] => INIMX_VBNKCAEcatca0720251118173652135823
    [P_MID] => CAEcatca07
    [P_AUTH_DT] => 20251118174334
    [P_STATUS] => 02
    [P_TYPE] => VBANK
    [P_OID] => 251118-039
    [P_FN_CD1] => 11
    [P_FN_CD2] => 
    [P_FN_NM] => NH농협은행
    [P_AMT] => 3000
    [P_UNAME] => 손유경
    [P_RMESG1] => P_VACCT_NO=79015902840221|P_EXP_DT=20251128
    [P_RMESG2] => 
    [P_NOTI] => 
    [P_AUTH_NO] => 
)

 Array
(
    [PageCall time] => 18:36:11
    [P_TID] => INIMX_VBNKCAEcatca0720251118183324845849
    [P_MID] => CAEcatca07
    [P_AUTH_DT] => 20251118183611
    [P_STATUS] => 02
    [P_TYPE] => VBANK
    [P_OID] => 251118-040
    [P_FN_CD1] => 04
    [P_FN_CD2] => 
    [P_FN_NM] => KB국민은행
    [P_AMT] => 3000
    [P_UNAME] => 김선화
    [P_RMESG1] => P_VACCT_NO=26159078031935|P_EXP_DT=20251128
    [P_RMESG2] => 
    [P_NOTI] => 
    [P_AUTH_NO] => 
)

 Array
(
    [PageCall time] => 23:02:07
    [P_TID] => INIMX_VBNKCAEcatca0720251118152245375993
    [P_MID] => CAEcatca07
    [P_AUTH_DT] => 20251118230207
    [P_STATUS] => 02
    [P_TYPE] => VBANK
    [P_OID] => 251118-032
    [P_FN_CD1] => 88
    [P_FN_CD2] => 
    [P_FN_NM] => 신한은행
    [P_AMT] => 3000
    [P_UNAME] => 박지은
    [P_RMESG1] => P_VACCT_NO=56211105960468|P_EXP_DT=20251128
    [P_RMESG2] => 
    [P_NOTI] => 
    [P_AUTH_NO] => 
)

 Array
(
    [PageCall time] => 23:14:25
    [P_TID] => INIMX_VBNKCAEcatca0720251118231119335763
    [P_MID] => CAEcatca07
    [P_AUTH_DT] => 20251118231425
    [P_STATUS] => 02
    [P_TYPE] => VBANK
    [P_OID] => 251118-044
    [P_FN_CD1] => 20
    [P_FN_CD2] => 
    [P_FN_NM] => 우리은행
    [P_AMT] => 3000
    [P_UNAME] => 김종영
    [P_RMESG1] => P_VACCT_NO=26246230418208|P_EXP_DT=20251128
    [P_RMESG2] => 
    [P_NOTI] => 
    [P_AUTH_NO] => 
)

