 Array
(
    [PageCall time] => 10:13:11
    [P_TID] => INIMX_VBNKCAEcatca0720250821101230354373
    [P_MID] => CAEcatca07
    [P_AUTH_DT] => 20250821101311
    [P_STATUS] => 02
    [P_TYPE] => VBANK
    [P_OID] => 250821-003
    [P_FN_CD1] => 04
    [P_FN_CD2] => 
    [P_FN_NM] => KB국민은행
    [P_AMT] => 3000
    [P_UNAME] => 오진영
    [P_RMESG1] => P_VACCT_NO=91779011068350|P_EXP_DT=20250831
    [P_RMESG2] => 
    [P_NOTI] => 
    [P_AUTH_NO] => 
)

 Array
(
    [PageCall time] => 10:26:11
    [P_TID] => INIMX_VBNKCAEcatca0720250821101857494376
    [P_MID] => CAEcatca07
    [P_AUTH_DT] => 20250821102611
    [P_STATUS] => 02
    [P_TYPE] => VBANK
    [P_OID] => 250821-004
    [P_FN_CD1] => 20
    [P_FN_CD2] => 
    [P_FN_NM] => 우리은행
    [P_AMT] => 3000
    [P_UNAME] => 정순남
    [P_RMESG1] => P_VACCT_NO=09104513418531|P_EXP_DT=20250831
    [P_RMESG2] => 
    [P_NOTI] => 
    [P_AUTH_NO] => 
)

 Array
(
    [PageCall time] => 11:16:20
    [P_TID] => INIMX_VBNKCAEcatca0720250821110920594373
    [P_MID] => CAEcatca07
    [P_AUTH_DT] => 20250821111619
    [P_STATUS] => 02
    [P_TYPE] => VBANK
    [P_OID] => 250821-007
    [P_FN_CD1] => 20
    [P_FN_CD2] => 
    [P_FN_NM] => 우리은행
    [P_AMT] => 3000
    [P_UNAME] => 윤법음
    [P_RMESG1] => P_VACCT_NO=09104545918163|P_EXP_DT=20250831
    [P_RMESG2] => 
    [P_NOTI] => 
    [P_AUTH_NO] => 
)

 Array
(
    [PageCall time] => 12:55:05
    [P_TID] => INIMX_VBNKCAEcatca0720250821125159924233
    [P_MID] => CAEcatca07
    [P_AUTH_DT] => 20250821125505
    [P_STATUS] => 02
    [P_TYPE] => VBANK
    [P_OID] => 250821-009
    [P_FN_CD1] => 88
    [P_FN_CD2] => 
    [P_FN_NM] => 신한은행
    [P_AMT] => 3000
    [P_UNAME] => 김미숙
    [P_RMESG1] => P_VACCT_NO=56211122384881|P_EXP_DT=20250831
    [P_RMESG2] => 
    [P_NOTI] => 
    [P_AUTH_NO] => 
)

 Array
(
    [PageCall time] => 13:04:28
    [P_TID] => INIMX_VBNKCAEcatca0720250821130344284875
    [P_MID] => CAEcatca07
    [P_AUTH_DT] => 20250821130428
    [P_STATUS] => 02
    [P_TYPE] => VBANK
    [P_OID] => 250821-010
    [P_FN_CD1] => 04
    [P_FN_CD2] => 
    [P_FN_NM] => KB국민은행
    [P_AMT] => 3000
    [P_UNAME] => 양승찬
    [P_RMESG1] => P_VACCT_NO=91779011148238|P_EXP_DT=20250831
    [P_RMESG2] => 
    [P_NOTI] => 
    [P_AUTH_NO] => 
)

 Array
(
    [PageCall time] => 13:43:57
    [P_TID] => INIMX_VBNKCAEcatca0720250821134121634477
    [P_MID] => CAEcatca07
    [P_AUTH_DT] => 20250821134356
    [P_STATUS] => 02
    [P_TYPE] => VBANK
    [P_OID] => 250821-012
    [P_FN_CD1] => 11
    [P_FN_CD2] => 
    [P_FN_NM] => NH농협은행
    [P_AMT] => 3000
    [P_UNAME] => 변재도
    [P_RMESG1] => P_VACCT_NO=79005475713846|P_EXP_DT=20250831
    [P_RMESG2] => 
    [P_NOTI] => 
    [P_AUTH_NO] => 
)

 Array
(
    [PageCall time] => 13:46:56
    [P_TID] => INIMX_VBNKCAEcatca0720250821134543974740
    [P_MID] => CAEcatca07
    [P_AUTH_DT] => 20250821134656
    [P_STATUS] => 02
    [P_TYPE] => VBANK
    [P_OID] => 250821-013
    [P_FN_CD1] => 04
    [P_FN_CD2] => 
    [P_FN_NM] => KB국민은행
    [P_AMT] => 3000
    [P_UNAME] => 이남례
    [P_RMESG1] => P_VACCT_NO=91779011160506|P_EXP_DT=20250831
    [P_RMESG2] => 
    [P_NOTI] => 
    [P_AUTH_NO] => 
)

 Array
(
    [PageCall time] => 13:50:53
    [P_TID] => INIMX_VBNKCAEcatca0720250821134819894500
    [P_MID] => CAEcatca07
    [P_AUTH_DT] => 20250821135052
    [P_STATUS] => 02
    [P_TYPE] => VBANK
    [P_OID] => 250821-014
    [P_FN_CD1] => 88
    [P_FN_CD2] => 
    [P_FN_NM] => 신한은행
    [P_AMT] => 3000
    [P_UNAME] => 남보라
    [P_RMESG1] => P_VACCT_NO=56211122388044|P_EXP_DT=20250831
    [P_RMESG2] => 
    [P_NOTI] => 
    [P_AUTH_NO] => 
)

 Array
(
    [PageCall time] => 14:41:25
    [P_TID] => INIMX_VBNKCAEcatca0720250821143832614728
    [P_MID] => CAEcatca07
    [P_AUTH_DT] => 20250821144125
    [P_STATUS] => 02
    [P_TYPE] => VBANK
    [P_OID] => 250821-022
    [P_FN_CD1] => 11
    [P_FN_CD2] => 
    [P_FN_NM] => NH농협은행
    [P_AMT] => 3000
    [P_UNAME] => 박월미
    [P_RMESG1] => P_VACCT_NO=79005475755701|P_EXP_DT=20250831
    [P_RMESG2] => 
    [P_NOTI] => 
    [P_AUTH_NO] => 
)

 Array
(
    [PageCall time] => 15:14:56
    [P_TID] => INIMX_VBNKCAEcatca0720250821151414484370
    [P_MID] => CAEcatca07
    [P_AUTH_DT] => 20250821151455
    [P_STATUS] => 02
    [P_TYPE] => VBANK
    [P_OID] => 250821-024
    [P_FN_CD1] => 04
    [P_FN_CD2] => 
    [P_FN_NM] => KB국민은행
    [P_AMT] => 3000
    [P_UNAME] => 최홍민
    [P_RMESG1] => P_VACCT_NO=91779011191784|P_EXP_DT=20250831
    [P_RMESG2] => 
    [P_NOTI] => 
    [P_AUTH_NO] => 
)

 Array
(
    [PageCall time] => 15:37:35
    [P_TID] => INIMX_VBNKCAEcatca0720250821153649884575
    [P_MID] => CAEcatca07
    [P_AUTH_DT] => 20250821153735
    [P_STATUS] => 02
    [P_TYPE] => VBANK
    [P_OID] => 250821-026
    [P_FN_CD1] => 04
    [P_FN_CD2] => 
    [P_FN_NM] => KB국민은행
    [P_AMT] => 3000
    [P_UNAME] => 윤태자
    [P_RMESG1] => P_VACCT_NO=91779011199173|P_EXP_DT=20250831
    [P_RMESG2] => 
    [P_NOTI] => 
    [P_AUTH_NO] => 
)

 Array
(
    [PageCall time] => 15:54:11
    [P_TID] => INIMX_VBNKCAEcatca0720250821155323454090
    [P_MID] => CAEcatca07
    [P_AUTH_DT] => 20250821155411
    [P_STATUS] => 02
    [P_TYPE] => VBANK
    [P_OID] => 250821-027
    [P_FN_CD1] => 04
    [P_FN_CD2] => 
    [P_FN_NM] => KB국민은행
    [P_AMT] => 3000
    [P_UNAME] => 서우영
    [P_RMESG1] => P_VACCT_NO=91779011205416|P_EXP_DT=20250831
    [P_RMESG2] => 
    [P_NOTI] => 
    [P_AUTH_NO] => 
)

 Array
(
    [PageCall time] => 16:24:46
    [P_TID] => INIMX_VBNKCAEcatca0720250821162326224117
    [P_MID] => CAEcatca07
    [P_AUTH_DT] => 20250821162446
    [P_STATUS] => 02
    [P_TYPE] => VBANK
    [P_OID] => 250821-028
    [P_FN_CD1] => 23
    [P_FN_CD2] => 
    [P_FN_NM] => SC은행
    [P_AMT] => 3000
    [P_UNAME] => 신진
    [P_RMESG1] => P_VACCT_NO=46416000602773|P_EXP_DT=20250831
    [P_RMESG2] => 
    [P_NOTI] => 
    [P_AUTH_NO] => 
)

 Array
(
    [PageCall time] => 16:36:53
    [P_TID] => INIMX_VBNKCAEcatca0720250821163326694870
    [P_MID] => CAEcatca07
    [P_AUTH_DT] => 20250821163653
    [P_STATUS] => 02
    [P_TYPE] => VBANK
    [P_OID] => 250821-001
    [P_FN_CD1] => 88
    [P_FN_CD2] => 
    [P_FN_NM] => 신한은행
    [P_AMT] => 3000
    [P_UNAME] => 이유정
    [P_RMESG1] => P_VACCT_NO=56211122400701|P_EXP_DT=20250831
    [P_RMESG2] => 
    [P_NOTI] => 
    [P_AUTH_NO] => 
)

 Array
(
    [PageCall time] => 17:12:52
    [P_TID] => INIMX_VBNKCAEcatca0720250821170950794466
    [P_MID] => CAEcatca07
    [P_AUTH_DT] => 20250821171252
    [P_STATUS] => 02
    [P_TYPE] => VBANK
    [P_OID] => 250821-017
    [P_FN_CD1] => 88
    [P_FN_CD2] => 
    [P_FN_NM] => 신한은행
    [P_AMT] => 3000
    [P_UNAME] => 최하은
    [P_RMESG1] => P_VACCT_NO=56211122402814|P_EXP_DT=20250831
    [P_RMESG2] => 
    [P_NOTI] => 
    [P_AUTH_NO] => 
)

 Array
(
    [PageCall time] => 18:59:39
    [P_TID] => INIMX_VBNKCAEcatca0720250821185837745340
    [P_MID] => CAEcatca07
    [P_AUTH_DT] => 20250821185939
    [P_STATUS] => 02
    [P_TYPE] => VBANK
    [P_OID] => 250821-016
    [P_FN_CD1] => 04
    [P_FN_CD2] => 
    [P_FN_NM] => KB국민은행
    [P_AMT] => 3000
    [P_UNAME] => 이현
    [P_RMESG1] => P_VACCT_NO=26029078364348|P_EXP_DT=20250831
    [P_RMESG2] => 
    [P_NOTI] => 
    [P_AUTH_NO] => 
)

 Array
(
    [PageCall time] => 19:43:45
    [P_TID] => INIMX_VBNKCAEcatca0720250821194057985570
    [P_MID] => CAEcatca07
    [P_AUTH_DT] => 20250821194345
    [P_STATUS] => 02
    [P_TYPE] => VBANK
    [P_OID] => 250821-030
    [P_FN_CD1] => 88
    [P_FN_CD2] => 
    [P_FN_NM] => 신한은행
    [P_AMT] => 3000
    [P_UNAME] => 이주일
    [P_RMESG1] => P_VACCT_NO=56211991944983|P_EXP_DT=20250831
    [P_RMESG2] => 
    [P_NOTI] => 
    [P_AUTH_NO] => 
)

 Array
(
    [PageCall time] => 19:51:08
    [P_TID] => INIMX_VBNKCAEcatca0720250821195007275354
    [P_MID] => CAEcatca07
    [P_AUTH_DT] => 20250821195107
    [P_STATUS] => 02
    [P_TYPE] => VBANK
    [P_OID] => 250821-031
    [P_FN_CD1] => 04
    [P_FN_CD2] => 
    [P_FN_NM] => KB국민은행
    [P_AMT] => 3000
    [P_UNAME] => 고지호
    [P_RMESG1] => P_VACCT_NO=26029078414003|P_EXP_DT=20250831
    [P_RMESG2] => 
    [P_NOTI] => 
    [P_AUTH_NO] => 
)

 Array
(
    [PageCall time] => 19:53:42
    [P_TID] => INIMX_VBNKCAEcatca0720250821195231985263
    [P_MID] => CAEcatca07
    [P_AUTH_DT] => 20250821195342
    [P_STATUS] => 02
    [P_TYPE] => VBANK
    [P_OID] => 250821-032
    [P_FN_CD1] => 04
    [P_FN_CD2] => 
    [P_FN_NM] => KB국민은행
    [P_AMT] => 3000
    [P_UNAME] => 이미경
    [P_RMESG1] => P_VACCT_NO=26029078415956|P_EXP_DT=20250831
    [P_RMESG2] => 
    [P_NOTI] => 
    [P_AUTH_NO] => 
)

 Array
(
    [PageCall time] => 21:06:05
    [P_TID] => INIMX_VBNKCAEcatca0720250821210346785729
    [P_MID] => CAEcatca07
    [P_AUTH_DT] => 20250821210605
    [P_STATUS] => 02
    [P_TYPE] => VBANK
    [P_OID] => 250821-033
    [P_FN_CD1] => 04
    [P_FN_CD2] => 
    [P_FN_NM] => KB국민은행
    [P_AMT] => 3000
    [P_UNAME] => 김성진
    [P_RMESG1] => P_VACCT_NO=26029078467687|P_EXP_DT=20250831
    [P_RMESG2] => 
    [P_NOTI] => 
    [P_AUTH_NO] => 
)

 Array
(
    [PageCall time] => 21:14:04
    [P_TID] => INIMX_VBNKCAEcatca0720250821211315285275
    [P_MID] => CAEcatca07
    [P_AUTH_DT] => 20250821211404
    [P_STATUS] => 02
    [P_TYPE] => VBANK
    [P_OID] => 250821-034
    [P_FN_CD1] => 04
    [P_FN_CD2] => 
    [P_FN_NM] => KB국민은행
    [P_AMT] => 3000
    [P_UNAME] => 김영미
    [P_RMESG1] => P_VACCT_NO=26029078473017|P_EXP_DT=20250831
    [P_RMESG2] => 
    [P_NOTI] => 
    [P_AUTH_NO] => 
)

