 Array
(
    [PageCall time] => 08:35:34
    [P_TID] => INIMX_VBNKCAEcatca0720250718083306195755
    [P_MID] => CAEcatca07
    [P_AUTH_DT] => 20250718083534
    [P_STATUS] => 02
    [P_TYPE] => VBANK
    [P_OID] => 250718-001
    [P_FN_CD1] => 88
    [P_FN_CD2] => 
    [P_FN_NM] => 신한은행
    [P_AMT] => 3000
    [P_UNAME] => 이혜린
    [P_RMESG1] => P_VACCT_NO=56211993155094|P_EXP_DT=20250728
    [P_RMESG2] => 
    [P_NOTI] => 
    [P_AUTH_NO] => 
)

 Array
(
    [PageCall time] => 10:23:49
    [P_TID] => INIMX_VBNKCAEcatca0720250718101439755574
    [P_MID] => CAEcatca07
    [P_AUTH_DT] => 20250718102349
    [P_STATUS] => 02
    [P_TYPE] => VBANK
    [P_OID] => 250718-006
    [P_FN_CD1] => 11
    [P_FN_CD2] => 
    [P_FN_NM] => NH농협은행
    [P_AMT] => 3000
    [P_UNAME] => 이해숙
    [P_RMESG1] => P_VACCT_NO=79013684798915|P_EXP_DT=20250728
    [P_RMESG2] => 
    [P_NOTI] => 
    [P_AUTH_NO] => 
)

 Array
(
    [PageCall time] => 10:27:58
    [P_TID] => INIMX_VBNKCAEcatca0720250718102605325708
    [P_MID] => CAEcatca07
    [P_AUTH_DT] => 20250718102758
    [P_STATUS] => 02
    [P_TYPE] => VBANK
    [P_OID] => 250718-007
    [P_FN_CD1] => 04
    [P_FN_CD2] => 
    [P_FN_NM] => KB국민은행
    [P_AMT] => 3000
    [P_UNAME] => 이재욱
    [P_RMESG1] => P_VACCT_NO=53049079036516|P_EXP_DT=20250728
    [P_RMESG2] => 
    [P_NOTI] => 
    [P_AUTH_NO] => 
)

 Array
(
    [PageCall time] => 10:53:00
    [P_TID] => INIMX_VBNKCAEcatca0720250718105025125728
    [P_MID] => CAEcatca07
    [P_AUTH_DT] => 20250718105300
    [P_STATUS] => 02
    [P_TYPE] => VBANK
    [P_OID] => 250718-009
    [P_FN_CD1] => 32
    [P_FN_CD2] => 
    [P_FN_NM] => 부산은행
    [P_AMT] => 3000
    [P_UNAME] => 조유정
    [P_RMESG1] => P_VACCT_NO=109924862122|P_EXP_DT=20250728
    [P_RMESG2] => 
    [P_NOTI] => 
    [P_AUTH_NO] => 
)

 Array
(
    [PageCall time] => 11:20:49
    [P_TID] => INIMX_VBNKCAEcatca0720250718111648535795
    [P_MID] => CAEcatca07
    [P_AUTH_DT] => 20250718112049
    [P_STATUS] => 02
    [P_TYPE] => VBANK
    [P_OID] => 250718-014
    [P_FN_CD1] => 89
    [P_FN_CD2] => 
    [P_FN_NM] => 케이뱅크
    [P_AMT] => 3000
    [P_UNAME] => 장영화
    [P_RMESG1] => P_VACCT_NO=70112003994051|P_EXP_DT=20250728
    [P_RMESG2] => 
    [P_NOTI] => 
    [P_AUTH_NO] => 
)

 Array
(
    [PageCall time] => 11:54:17
    [P_TID] => INIMX_VBNKCAEcatca0720250718115344415283
    [P_MID] => CAEcatca07
    [P_AUTH_DT] => 20250718115417
    [P_STATUS] => 02
    [P_TYPE] => VBANK
    [P_OID] => 250718-017
    [P_FN_CD1] => 11
    [P_FN_CD2] => 
    [P_FN_NM] => NH농협은행
    [P_AMT] => 3000
    [P_UNAME] => 유혜민
    [P_RMESG1] => P_VACCT_NO=79013684814799|P_EXP_DT=20250728
    [P_RMESG2] => 
    [P_NOTI] => 
    [P_AUTH_NO] => 
)

 Array
(
    [PageCall time] => 12:20:34
    [P_TID] => INIMX_VBNKCAEcatca0720250718121650165463
    [P_MID] => CAEcatca07
    [P_AUTH_DT] => 20250718122034
    [P_STATUS] => 02
    [P_TYPE] => VBANK
    [P_OID] => 250718-018
    [P_FN_CD1] => 81
    [P_FN_CD2] => 
    [P_FN_NM] => 하나은행
    [P_AMT] => 3000
    [P_UNAME] => 서재곤
    [P_RMESG1] => P_VACCT_NO=20893859049337|P_EXP_DT=20250728
    [P_RMESG2] => 
    [P_NOTI] => 
    [P_AUTH_NO] => 
)

 Array
(
    [PageCall time] => 13:18:21
    [P_TID] => INIMX_VBNKCAEcatca0720250718131653765620
    [P_MID] => CAEcatca07
    [P_AUTH_DT] => 20250718131821
    [P_STATUS] => 02
    [P_TYPE] => VBANK
    [P_OID] => 250718-020
    [P_FN_CD1] => 04
    [P_FN_CD2] => 
    [P_FN_NM] => KB국민은행
    [P_AMT] => 3000
    [P_UNAME] => 이민아
    [P_RMESG1] => P_VACCT_NO=53049079436864|P_EXP_DT=20250728
    [P_RMESG2] => 
    [P_NOTI] => 
    [P_AUTH_NO] => 
)

 Array
(
    [PageCall time] => 13:23:35
    [P_TID] => INIMX_VBNKCAEcatca0720250718132139345321
    [P_MID] => CAEcatca07
    [P_AUTH_DT] => 20250718132335
    [P_STATUS] => 02
    [P_TYPE] => VBANK
    [P_OID] => 250718-021
    [P_FN_CD1] => 11
    [P_FN_CD2] => 
    [P_FN_NM] => NH농협은행
    [P_AMT] => 3000
    [P_UNAME] => 박미경
    [P_RMESG1] => P_VACCT_NO=79013684823958|P_EXP_DT=20250728
    [P_RMESG2] => 
    [P_NOTI] => 
    [P_AUTH_NO] => 
)

 Array
(
    [PageCall time] => 13:53:31
    [P_TID] => INIMX_VBNKCAEcatca0720250718135248755624
    [P_MID] => CAEcatca07
    [P_AUTH_DT] => 20250718135331
    [P_STATUS] => 02
    [P_TYPE] => VBANK
    [P_OID] => 250715-009
    [P_FN_CD1] => 04
    [P_FN_CD2] => 
    [P_FN_NM] => KB국민은행
    [P_AMT] => 3000
    [P_UNAME] => 김판동
    [P_RMESG1] => P_VACCT_NO=53209079093999|P_EXP_DT=20250728
    [P_RMESG2] => 
    [P_NOTI] => 
    [P_AUTH_NO] => 
)

 Array
(
    [PageCall time] => 14:20:45
    [P_TID] => INIMX_VBNKCAEcatca0720250718141917155796
    [P_MID] => CAEcatca07
    [P_AUTH_DT] => 20250718142045
    [P_STATUS] => 02
    [P_TYPE] => VBANK
    [P_OID] => 250718-022
    [P_FN_CD1] => 11
    [P_FN_CD2] => 
    [P_FN_NM] => NH농협은행
    [P_AMT] => 3000
    [P_UNAME] => 송유찬
    [P_RMESG1] => P_VACCT_NO=79013684834180|P_EXP_DT=20250728
    [P_RMESG2] => 
    [P_NOTI] => 
    [P_AUTH_NO] => 
)

 Array
(
    [PageCall time] => 14:22:44
    [P_TID] => INIMX_VBNKCAEcatca0720250718142121555350
    [P_MID] => CAEcatca07
    [P_AUTH_DT] => 20250718142243
    [P_STATUS] => 02
    [P_TYPE] => VBANK
    [P_OID] => 250718-023
    [P_FN_CD1] => 04
    [P_FN_CD2] => 
    [P_FN_NM] => KB국민은행
    [P_AMT] => 3000
    [P_UNAME] => 정기원
    [P_RMESG1] => P_VACCT_NO=70219014313095|P_EXP_DT=20250728
    [P_RMESG2] => 
    [P_NOTI] => 
    [P_AUTH_NO] => 
)

 Array
(
    [PageCall time] => 14:27:22
    [P_TID] => INIMX_VBNKCAEcatca0720250718142625465659
    [P_MID] => CAEcatca07
    [P_AUTH_DT] => 20250718142722
    [P_STATUS] => 02
    [P_TYPE] => VBANK
    [P_OID] => 250718-024
    [P_FN_CD1] => 04
    [P_FN_CD2] => 
    [P_FN_NM] => KB국민은행
    [P_AMT] => 3000
    [P_UNAME] => 박현선
    [P_RMESG1] => P_VACCT_NO=70219014313727|P_EXP_DT=20250728
    [P_RMESG2] => 
    [P_NOTI] => 
    [P_AUTH_NO] => 
)

 Array
(
    [PageCall time] => 14:35:38
    [P_TID] => INIMX_VBNKCAEcatca0720250718143114165419
    [P_MID] => CAEcatca07
    [P_AUTH_DT] => 20250718143538
    [P_STATUS] => 02
    [P_TYPE] => VBANK
    [P_OID] => 250718-025
    [P_FN_CD1] => 31
    [P_FN_CD2] => 
    [P_FN_NM] => 아이엠뱅크(대구은행)
    [P_AMT] => 3000
    [P_UNAME] => 이은향
    [P_RMESG1] => P_VACCT_NO=9600363483998|P_EXP_DT=20250728
    [P_RMESG2] => 
    [P_NOTI] => 
    [P_AUTH_NO] => 
)

 Array
(
    [PageCall time] => 15:05:22
    [P_TID] => INIMX_VBNKCAEcatca0720250718150200565480
    [P_MID] => CAEcatca07
    [P_AUTH_DT] => 20250718150522
    [P_STATUS] => 02
    [P_TYPE] => VBANK
    [P_OID] => 250718-027
    [P_FN_CD1] => 20
    [P_FN_CD2] => 
    [P_FN_NM] => 우리은행
    [P_AMT] => 3000
    [P_UNAME] => 조성희
    [P_RMESG1] => P_VACCT_NO=27204189718214|P_EXP_DT=20250728
    [P_RMESG2] => 
    [P_NOTI] => 
    [P_AUTH_NO] => 
)

 Array
(
    [PageCall time] => 16:13:01
    [P_TID] => INIMX_VBNKCAEcatca0720250718161218885026
    [P_MID] => CAEcatca07
    [P_AUTH_DT] => 20250718161301
    [P_STATUS] => 02
    [P_TYPE] => VBANK
    [P_OID] => 250717-030
    [P_FN_CD1] => 11
    [P_FN_CD2] => 
    [P_FN_NM] => NH농협은행
    [P_AMT] => 3000
    [P_UNAME] => 추지혜
    [P_RMESG1] => P_VACCT_NO=79013684850688|P_EXP_DT=20250728
    [P_RMESG2] => 
    [P_NOTI] => 
    [P_AUTH_NO] => 
)

 Array
(
    [PageCall time] => 16:38:56
    [P_TID] => INIMX_VBNKCAEcatca0720250718163601855270
    [P_MID] => CAEcatca07
    [P_AUTH_DT] => 20250718163856
    [P_STATUS] => 02
    [P_TYPE] => VBANK
    [P_OID] => 250718-029
    [P_FN_CD1] => 81
    [P_FN_CD2] => 
    [P_FN_NM] => 하나은행
    [P_AMT] => 3000
    [P_UNAME] => 김재준
    [P_RMESG1] => P_VACCT_NO=20893860802737|P_EXP_DT=20250728
    [P_RMESG2] => 
    [P_NOTI] => 
    [P_AUTH_NO] => 
)

 Array
(
    [PageCall time] => 16:42:20
    [P_TID] => INIMX_VBNKCAEcatca0720250718163826045188
    [P_MID] => CAEcatca07
    [P_AUTH_DT] => 20250718164220
    [P_STATUS] => 02
    [P_TYPE] => VBANK
    [P_OID] => 250718-030
    [P_FN_CD1] => 88
    [P_FN_CD2] => 
    [P_FN_NM] => 신한은행
    [P_AMT] => 3000
    [P_UNAME] => 김영미
    [P_RMESG1] => P_VACCT_NO=56211104053931|P_EXP_DT=20250728
    [P_RMESG2] => 
    [P_NOTI] => 
    [P_AUTH_NO] => 
)

 Array
(
    [PageCall time] => 17:29:22
    [P_TID] => INIMX_VBNKCAEcatca0720250718172746185325
    [P_MID] => CAEcatca07
    [P_AUTH_DT] => 20250718172922
    [P_STATUS] => 02
    [P_TYPE] => VBANK
    [P_OID] => 250718-032
    [P_FN_CD1] => 11
    [P_FN_CD2] => 
    [P_FN_NM] => NH농협은행
    [P_AMT] => 3000
    [P_UNAME] => 권선자
    [P_RMESG1] => P_VACCT_NO=79013684858705|P_EXP_DT=20250728
    [P_RMESG2] => 
    [P_NOTI] => 
    [P_AUTH_NO] => 
)

 Array
(
    [PageCall time] => 18:09:19
    [P_TID] => INIMX_VBNKCAEcatca0720250718180650905574
    [P_MID] => CAEcatca07
    [P_AUTH_DT] => 20250718180919
    [P_STATUS] => 02
    [P_TYPE] => VBANK
    [P_OID] => 250718-034
    [P_FN_CD1] => 20
    [P_FN_CD2] => 
    [P_FN_NM] => 우리은행
    [P_AMT] => 3000
    [P_UNAME] => 권효정
    [P_RMESG1] => P_VACCT_NO=27204242118849|P_EXP_DT=20250728
    [P_RMESG2] => 
    [P_NOTI] => 
    [P_AUTH_NO] => 
)

 Array
(
    [PageCall time] => 18:17:54
    [P_TID] => INIMX_VBNKCAEcatca0720250718181702545645
    [P_MID] => CAEcatca07
    [P_AUTH_DT] => 20250718181754
    [P_STATUS] => 02
    [P_TYPE] => VBANK
    [P_OID] => 250718-035
    [P_FN_CD1] => 04
    [P_FN_CD2] => 
    [P_FN_NM] => KB국민은행
    [P_AMT] => 3000
    [P_UNAME] => 윤남식
    [P_RMESG1] => P_VACCT_NO=70219014347357|P_EXP_DT=20250728
    [P_RMESG2] => 
    [P_NOTI] => 
    [P_AUTH_NO] => 
)

 Array
(
    [PageCall time] => 19:28:36
    [P_TID] => INIMX_VBNKCAEcatca0720250718192809305281
    [P_MID] => CAEcatca07
    [P_AUTH_DT] => 20250718192836
    [P_STATUS] => 02
    [P_TYPE] => VBANK
    [P_OID] => 250717-017
    [P_FN_CD1] => 04
    [P_FN_CD2] => 
    [P_FN_NM] => KB국민은행
    [P_AMT] => 3000
    [P_UNAME] => 이관희
    [P_RMESG1] => P_VACCT_NO=70219014351501|P_EXP_DT=20250728
    [P_RMESG2] => 
    [P_NOTI] => 
    [P_AUTH_NO] => 
)

 Array
(
    [PageCall time] => 21:35:29
    [P_TID] => INIMX_VBNKCAEcatca0720250718213049235777
    [P_MID] => CAEcatca07
    [P_AUTH_DT] => 20250718213529
    [P_STATUS] => 02
    [P_TYPE] => VBANK
    [P_OID] => 250718-037
    [P_FN_CD1] => 11
    [P_FN_CD2] => 
    [P_FN_NM] => NH농협은행
    [P_AMT] => 3000
    [P_UNAME] => 김 연례
    [P_RMESG1] => P_VACCT_NO=79013684883074|P_EXP_DT=20250728
    [P_RMESG2] => 
    [P_NOTI] => 
    [P_AUTH_NO] => 
)

