 Array
(
    [PageCall time] => 01:38:50
    [P_TID] => INIMX_VBNKCAEcatca0720260208013536445607
    [P_MID] => CAEcatca07
    [P_AUTH_DT] => 20260208013850
    [P_STATUS] => 02
    [P_TYPE] => VBANK
    [P_OID] => 260208-001
    [P_FN_CD1] => 20
    [P_FN_CD2] => 
    [P_FN_NM] => 우리은행
    [P_AMT] => 3500
    [P_UNAME] => 정희원
    [P_RMESG1] => P_VACCT_NO=27490395118682|P_EXP_DT=20260218
    [P_RMESG2] => 
    [P_NOTI] => 
    [P_AUTH_NO] => 
)

 Array
(
    [PageCall time] => 06:11:41
    [P_TID] => INIMX_VBNKCAEcatca0720260208060913464694
    [P_MID] => CAEcatca07
    [P_AUTH_DT] => 20260208061141
    [P_STATUS] => 02
    [P_TYPE] => VBANK
    [P_OID] => 260208-002
    [P_FN_CD1] => 03
    [P_FN_CD2] => 
    [P_FN_NM] => 기업은행
    [P_AMT] => 3500
    [P_UNAME] => 장재완
    [P_RMESG1] => P_VACCT_NO=07500572697518|P_EXP_DT=20260218
    [P_RMESG2] => 
    [P_NOTI] => 
    [P_AUTH_NO] => 
)

 Array
(
    [PageCall time] => 10:47:24
    [P_TID] => INIMX_VBNKCAEcatca0720260208104205465183
    [P_MID] => CAEcatca07
    [P_AUTH_DT] => 20260208104723
    [P_STATUS] => 02
    [P_TYPE] => VBANK
    [P_OID] => 260206-024
    [P_FN_CD1] => 88
    [P_FN_CD2] => 
    [P_FN_NM] => 신한은행
    [P_AMT] => 3500
    [P_UNAME] => 권현숙
    [P_RMESG1] => P_VACCT_NO=56211103382277|P_EXP_DT=20260218
    [P_RMESG2] => 
    [P_NOTI] => 
    [P_AUTH_NO] => 
)

 Array
(
    [PageCall time] => 12:17:48
    [P_TID] => INIMX_VBNKCAEcatca0720260208121639675452
    [P_MID] => CAEcatca07
    [P_AUTH_DT] => 20260208121748
    [P_STATUS] => 02
    [P_TYPE] => VBANK
    [P_OID] => 260208-004
    [P_FN_CD1] => 11
    [P_FN_CD2] => 
    [P_FN_NM] => NH농협은행
    [P_AMT] => 3500
    [P_UNAME] => 남은선
    [P_RMESG1] => P_VACCT_NO=79013685037195|P_EXP_DT=20260218
    [P_RMESG2] => 
    [P_NOTI] => 
    [P_AUTH_NO] => 
)

 Array
(
    [PageCall time] => 15:28:22
    [P_TID] => INIMX_VBNKCAEcatca0720260208152555585966
    [P_MID] => CAEcatca07
    [P_AUTH_DT] => 20260208152822
    [P_STATUS] => 02
    [P_TYPE] => VBANK
    [P_OID] => 260208-007
    [P_FN_CD1] => 81
    [P_FN_CD2] => 
    [P_FN_NM] => 하나은행
    [P_AMT] => 3500
    [P_UNAME] => 심혜나
    [P_RMESG1] => P_VACCT_NO=20894029246037|P_EXP_DT=20260218
    [P_RMESG2] => 
    [P_NOTI] => 
    [P_AUTH_NO] => 
)

 Array
(
    [PageCall time] => 15:51:48
    [P_TID] => INIMX_VBNKCAEcatca0720260208154810735371
    [P_MID] => CAEcatca07
    [P_AUTH_DT] => 20260208155148
    [P_STATUS] => 02
    [P_TYPE] => VBANK
    [P_OID] => 260208-008
    [P_FN_CD1] => 88
    [P_FN_CD2] => 
    [P_FN_NM] => 신한은행
    [P_AMT] => 3500
    [P_UNAME] => 김의준
    [P_RMESG1] => P_VACCT_NO=56211103394672|P_EXP_DT=20260218
    [P_RMESG2] => 
    [P_NOTI] => 
    [P_AUTH_NO] => 
)

 Array
(
    [PageCall time] => 18:18:40
    [P_TID] => INIMX_VBNKCAEcatca0720260208181552955200
    [P_MID] => CAEcatca07
    [P_AUTH_DT] => 20260208181840
    [P_STATUS] => 02
    [P_TYPE] => VBANK
    [P_OID] => 260208-009
    [P_FN_CD1] => 04
    [P_FN_CD2] => 
    [P_FN_NM] => KB국민은행
    [P_AMT] => 3500
    [P_UNAME] => 이하은
    [P_RMESG1] => P_VACCT_NO=40849011901663|P_EXP_DT=20260218
    [P_RMESG2] => 
    [P_NOTI] => 
    [P_AUTH_NO] => 
)

 Array
(
    [PageCall time] => 18:49:38
    [P_TID] => INIMX_VBNKCAEcatca0720260208184559265047
    [P_MID] => CAEcatca07
    [P_AUTH_DT] => 20260208184938
    [P_STATUS] => 02
    [P_TYPE] => VBANK
    [P_OID] => 260208-010
    [P_FN_CD1] => 04
    [P_FN_CD2] => 
    [P_FN_NM] => KB국민은행
    [P_AMT] => 3500
    [P_UNAME] => 이미라
    [P_RMESG1] => P_VACCT_NO=41079011601249|P_EXP_DT=20260218
    [P_RMESG2] => 
    [P_NOTI] => 
    [P_AUTH_NO] => 
)

 Array
(
    [PageCall time] => 20:19:56
    [P_TID] => INIMX_VBNKCAEcatca0720260208193519465683
    [P_MID] => CAEcatca07
    [P_AUTH_DT] => 20260208201956
    [P_STATUS] => 02
    [P_TYPE] => VBANK
    [P_OID] => 260208-011
    [P_FN_CD1] => 20
    [P_FN_CD2] => 
    [P_FN_NM] => 우리은행
    [P_AMT] => 3500
    [P_UNAME] => 박경화
    [P_RMESG1] => P_VACCT_NO=27490410418358|P_EXP_DT=20260218
    [P_RMESG2] => 
    [P_NOTI] => 
    [P_AUTH_NO] => 
)

 Array
(
    [PageCall time] => 22:11:10
    [P_TID] => INIMX_VBNKCAEcatca0720260208220757985412
    [P_MID] => CAEcatca07
    [P_AUTH_DT] => 20260208221110
    [P_STATUS] => 02
    [P_TYPE] => VBANK
    [P_OID] => 260208-012
    [P_FN_CD1] => 04
    [P_FN_CD2] => 
    [P_FN_NM] => KB국민은행
    [P_AMT] => 3500
    [P_UNAME] => 김선영
    [P_RMESG1] => P_VACCT_NO=42119011998989|P_EXP_DT=20260218
    [P_RMESG2] => 
    [P_NOTI] => 
    [P_AUTH_NO] => 
)

