 Array
(
    [PageCall time] => 07:51:12
    [P_TID] => INIMX_VBNKCAEcatca0720250312074939265381
    [P_MID] => CAEcatca07
    [P_AUTH_DT] => 20250312075111
    [P_STATUS] => 02
    [P_TYPE] => VBANK
    [P_OID] => 250312-001
    [P_FN_CD1] => 04
    [P_FN_CD2] => 
    [P_FN_NM] => KB국민은행
    [P_AMT] => 3000
    [P_UNAME] => 정일홍
    [P_RMESG1] => P_VACCT_NO=42089011700125|P_EXP_DT=20250322
    [P_RMESG2] => 
    [P_NOTI] => 
    [P_AUTH_NO] => 
)

 Array
(
    [PageCall time] => 10:10:32
    [P_TID] => INIMX_VBNKCAEcatca0720250312100904545662
    [P_MID] => CAEcatca07
    [P_AUTH_DT] => 20250312101032
    [P_STATUS] => 02
    [P_TYPE] => VBANK
    [P_OID] => 250312-003
    [P_FN_CD1] => 11
    [P_FN_CD2] => 
    [P_FN_NM] => NH농협은행
    [P_AMT] => 3000
    [P_UNAME] => 임명진
    [P_RMESG1] => P_VACCT_NO=79014507503563|P_EXP_DT=20250322
    [P_RMESG2] => 
    [P_NOTI] => 
    [P_AUTH_NO] => 
)

 Array
(
    [PageCall time] => 10:47:54
    [P_TID] => INIMX_VBNKCAEcatca0720250312104425675856
    [P_MID] => CAEcatca07
    [P_AUTH_DT] => 20250312104754
    [P_STATUS] => 02
    [P_TYPE] => VBANK
    [P_OID] => 250312-005
    [P_FN_CD1] => 81
    [P_FN_CD2] => 
    [P_FN_NM] => 하나은행
    [P_AMT] => 3000
    [P_UNAME] => 고관식
    [P_RMESG1] => P_VACCT_NO=20894060903437|P_EXP_DT=20250322
    [P_RMESG2] => 
    [P_NOTI] => 
    [P_AUTH_NO] => 
)

 Array
(
    [PageCall time] => 10:50:10
    [P_TID] => INIMX_VBNKCAEcatca0720250312104125825199
    [P_MID] => CAEcatca07
    [P_AUTH_DT] => 20250312105010
    [P_STATUS] => 02
    [P_TYPE] => VBANK
    [P_OID] => 250312-004
    [P_FN_CD1] => 88
    [P_FN_CD2] => 
    [P_FN_NM] => 신한은행
    [P_AMT] => 3000
    [P_UNAME] => 조해경
    [P_RMESG1] => P_VACCT_NO=56211990790051|P_EXP_DT=20250322
    [P_RMESG2] => 
    [P_NOTI] => 
    [P_AUTH_NO] => 
)

 Array
(
    [PageCall time] => 11:10:57
    [P_TID] => INIMX_VBNKCAEcatca0720250312110819434305
    [P_MID] => CAEcatca07
    [P_AUTH_DT] => 20250312111057
    [P_STATUS] => 02
    [P_TYPE] => VBANK
    [P_OID] => 250312-008
    [P_FN_CD1] => 88
    [P_FN_CD2] => 
    [P_FN_NM] => 신한은행
    [P_AMT] => 3000
    [P_UNAME] => 고상규
    [P_RMESG1] => P_VACCT_NO=56211110914324|P_EXP_DT=20250322
    [P_RMESG2] => 
    [P_NOTI] => 
    [P_AUTH_NO] => 
)

 Array
(
    [PageCall time] => 11:42:14
    [P_TID] => INIMX_VBNKCAEcatca0720250312110537254016
    [P_MID] => CAEcatca07
    [P_AUTH_DT] => 20250312114214
    [P_STATUS] => 02
    [P_TYPE] => VBANK
    [P_OID] => 250312-007
    [P_FN_CD1] => 04
    [P_FN_CD2] => 
    [P_FN_NM] => KB국민은행
    [P_AMT] => 3000
    [P_UNAME] => 신승모
    [P_RMESG1] => P_VACCT_NO=80339078027590|P_EXP_DT=20250322
    [P_RMESG2] => 
    [P_NOTI] => 
    [P_AUTH_NO] => 
)

 Array
(
    [PageCall time] => 13:23:40
    [P_TID] => INIMX_VBNKCAEcatca0720250312125326274257
    [P_MID] => CAEcatca07
    [P_AUTH_DT] => 20250312132340
    [P_STATUS] => 02
    [P_TYPE] => VBANK
    [P_OID] => 250312-010
    [P_FN_CD1] => 88
    [P_FN_CD2] => 
    [P_FN_NM] => 신한은행
    [P_AMT] => 3000
    [P_UNAME] => 노만수
    [P_RMESG1] => P_VACCT_NO=56211110947259|P_EXP_DT=20250322
    [P_RMESG2] => 
    [P_NOTI] => 
    [P_AUTH_NO] => 
)

 Array
(
    [PageCall time] => 13:39:16
    [P_TID] => INIMX_VBNKCAEcatca0720250312133639854428
    [P_MID] => CAEcatca07
    [P_AUTH_DT] => 20250312133916
    [P_STATUS] => 02
    [P_TYPE] => VBANK
    [P_OID] => 250312-012
    [P_FN_CD1] => 20
    [P_FN_CD2] => 
    [P_FN_NM] => 우리은행
    [P_AMT] => 3000
    [P_UNAME] => 윤해원
    [P_RMESG1] => P_VACCT_NO=32828833418485|P_EXP_DT=20250322
    [P_RMESG2] => 
    [P_NOTI] => 
    [P_AUTH_NO] => 
)

 Array
(
    [PageCall time] => 13:40:15
    [P_TID] => INIMX_VBNKCAEcatca0720250312133753824747
    [P_MID] => CAEcatca07
    [P_AUTH_DT] => 20250312134015
    [P_STATUS] => 02
    [P_TYPE] => VBANK
    [P_OID] => 250312-013
    [P_FN_CD1] => 20
    [P_FN_CD2] => 
    [P_FN_NM] => 우리은행
    [P_AMT] => 3000
    [P_UNAME] => 이민우
    [P_RMESG1] => P_VACCT_NO=32828833418955|P_EXP_DT=20250322
    [P_RMESG2] => 
    [P_NOTI] => 
    [P_AUTH_NO] => 
)

 Array
(
    [PageCall time] => 14:24:19
    [P_TID] => INIMX_VBNKCAEcatca0720250312142240754746
    [P_MID] => CAEcatca07
    [P_AUTH_DT] => 20250312142419
    [P_STATUS] => 02
    [P_TYPE] => VBANK
    [P_OID] => 250312-017
    [P_FN_CD1] => 11
    [P_FN_CD2] => 
    [P_FN_NM] => NH농협은행
    [P_AMT] => 3000
    [P_UNAME] => 마명희
    [P_RMESG1] => P_VACCT_NO=01444364929879|P_EXP_DT=20250322
    [P_RMESG2] => 
    [P_NOTI] => 
    [P_AUTH_NO] => 
)

 Array
(
    [PageCall time] => 14:33:39
    [P_TID] => INIMX_VBNKCAEcatca0720250312143046554069
    [P_MID] => CAEcatca07
    [P_AUTH_DT] => 20250312143339
    [P_STATUS] => 02
    [P_TYPE] => VBANK
    [P_OID] => 250312-018
    [P_FN_CD1] => 89
    [P_FN_CD2] => 
    [P_FN_NM] => 케이뱅크
    [P_AMT] => 3000
    [P_UNAME] => 이지선
    [P_RMESG1] => P_VACCT_NO=70112000252711|P_EXP_DT=20250322
    [P_RMESG2] => 
    [P_NOTI] => 
    [P_AUTH_NO] => 
)

 Array
(
    [PageCall time] => 14:42:30
    [P_TID] => INIMX_VBNKCAEcatca0720250312143800254152
    [P_MID] => CAEcatca07
    [P_AUTH_DT] => 20250312144230
    [P_STATUS] => 02
    [P_TYPE] => VBANK
    [P_OID] => 250312-015
    [P_FN_CD1] => 04
    [P_FN_CD2] => 
    [P_FN_NM] => KB국민은행
    [P_AMT] => 3000
    [P_UNAME] => 정대근
    [P_RMESG1] => P_VACCT_NO=80339078321946|P_EXP_DT=20250322
    [P_RMESG2] => 
    [P_NOTI] => 
    [P_AUTH_NO] => 
)

 Array
(
    [PageCall time] => 15:36:33
    [P_TID] => INIMX_VBNKCAEcatca0720250312153339594979
    [P_MID] => CAEcatca07
    [P_AUTH_DT] => 20250312153633
    [P_STATUS] => 02
    [P_TYPE] => VBANK
    [P_OID] => 250312-020
    [P_FN_CD1] => 81
    [P_FN_CD2] => 
    [P_FN_NM] => 하나은행
    [P_AMT] => 3000
    [P_UNAME] => 송가현
    [P_RMESG1] => P_VACCT_NO=58390815754637|P_EXP_DT=20250322
    [P_RMESG2] => 
    [P_NOTI] => 
    [P_AUTH_NO] => 
)

 Array
(
    [PageCall time] => 16:10:11
    [P_TID] => INIMX_VBNKCAEcatca0720250312160845934042
    [P_MID] => CAEcatca07
    [P_AUTH_DT] => 20250312161011
    [P_STATUS] => 02
    [P_TYPE] => VBANK
    [P_OID] => 250312-022
    [P_FN_CD1] => 11
    [P_FN_CD2] => 
    [P_FN_NM] => NH농협은행
    [P_AMT] => 3000
    [P_UNAME] => 신선주
    [P_RMESG1] => P_VACCT_NO=01444464011354|P_EXP_DT=20250322
    [P_RMESG2] => 
    [P_NOTI] => 
    [P_AUTH_NO] => 
)

 Array
(
    [PageCall time] => 16:14:02
    [P_TID] => INIMX_VBNKCAEcatca0720250310220611215659
    [P_MID] => CAEcatca07
    [P_AUTH_DT] => 20250312161402
    [P_STATUS] => 02
    [P_TYPE] => VBANK
    [P_OID] => 250310-040
    [P_FN_CD1] => 03
    [P_FN_CD2] => 
    [P_FN_NM] => 기업은행
    [P_AMT] => 3000
    [P_UNAME] => 김미경
    [P_RMESG1] => P_VACCT_NO=07502364097422|P_EXP_DT=20250320
    [P_RMESG2] => 
    [P_NOTI] => 
    [P_AUTH_NO] => 
)

 Array
(
    [PageCall time] => 16:18:57
    [P_TID] => INIMX_VBNKCAEcatca0720250312161806674140
    [P_MID] => CAEcatca07
    [P_AUTH_DT] => 20250312161857
    [P_STATUS] => 02
    [P_TYPE] => VBANK
    [P_OID] => 250312-023
    [P_FN_CD1] => 11
    [P_FN_CD2] => 
    [P_FN_NM] => NH농협은행
    [P_AMT] => 3000
    [P_UNAME] => 김은성
    [P_RMESG1] => P_VACCT_NO=01444464018727|P_EXP_DT=20250322
    [P_RMESG2] => 
    [P_NOTI] => 
    [P_AUTH_NO] => 
)

 Array
(
    [PageCall time] => 17:32:05
    [P_TID] => INIMX_VBNKCAEcatca0720250312173032115815
    [P_MID] => CAEcatca07
    [P_AUTH_DT] => 20250312173205
    [P_STATUS] => 02
    [P_TYPE] => VBANK
    [P_OID] => 250312-025
    [P_FN_CD1] => 04
    [P_FN_CD2] => 
    [P_FN_NM] => KB국민은행
    [P_AMT] => 3000
    [P_UNAME] => 이성애
    [P_RMESG1] => P_VACCT_NO=26159078521979|P_EXP_DT=20250322
    [P_RMESG2] => 
    [P_NOTI] => 
    [P_AUTH_NO] => 
)

 Array
(
    [PageCall time] => 18:04:25
    [P_TID] => INIMX_VBNKCAEcatca0720250312180043775299
    [P_MID] => CAEcatca07
    [P_AUTH_DT] => 20250312180425
    [P_STATUS] => 02
    [P_TYPE] => VBANK
    [P_OID] => 250312-026
    [P_FN_CD1] => 34
    [P_FN_CD2] => 
    [P_FN_NM] => 광주은행
    [P_AMT] => 3000
    [P_UNAME] => 이은정
    [P_RMESG1] => P_VACCT_NO=810865176725|P_EXP_DT=20250322
    [P_RMESG2] => 
    [P_NOTI] => 
    [P_AUTH_NO] => 
)

