 Array
(
    [PageCall time] => 10:10:32
    [P_TID] => INIMX_VBNKCAEcatca0720260307100549305658
    [P_MID] => CAEcatca07
    [P_AUTH_DT] => 20260307101032
    [P_STATUS] => 02
    [P_TYPE] => VBANK
    [P_OID] => 260307-001
    [P_FN_CD1] => 89
    [P_FN_CD2] => 
    [P_FN_NM] => 케이뱅크
    [P_AMT] => 3500
    [P_UNAME] => 이진선
    [P_RMESG1] => P_VACCT_NO=70112003692708|P_EXP_DT=20260317
    [P_RMESG2] => 
    [P_NOTI] => 
    [P_AUTH_NO] => 
)

 Array
(
    [PageCall time] => 10:24:38
    [P_TID] => INIMX_VBNKCAEcatca0720260307102353195732
    [P_MID] => CAEcatca07
    [P_AUTH_DT] => 20260307102438
    [P_STATUS] => 02
    [P_TYPE] => VBANK
    [P_OID] => 260307-002
    [P_FN_CD1] => 11
    [P_FN_CD2] => 
    [P_FN_NM] => NH농협은행
    [P_AMT] => 3500
    [P_UNAME] => 장인호
    [P_RMESG1] => P_VACCT_NO=79014290957102|P_EXP_DT=20260317
    [P_RMESG2] => 
    [P_NOTI] => 
    [P_AUTH_NO] => 
)

 Array
(
    [PageCall time] => 10:50:16
    [P_TID] => INIMX_VBNKCAEcatca0720260307104725755289
    [P_MID] => CAEcatca07
    [P_AUTH_DT] => 20260307105016
    [P_STATUS] => 02
    [P_TYPE] => VBANK
    [P_OID] => 260307-003
    [P_FN_CD1] => 34
    [P_FN_CD2] => 
    [P_FN_NM] => 광주은행
    [P_AMT] => 3500
    [P_UNAME] => 선정인
    [P_RMESG1] => P_VACCT_NO=810865347081|P_EXP_DT=20260317
    [P_RMESG2] => 
    [P_NOTI] => 
    [P_AUTH_NO] => 
)

 Array
(
    [PageCall time] => 12:27:51
    [P_TID] => INIMX_VBNKCAEcatca0720260307122655725456
    [P_MID] => CAEcatca07
    [P_AUTH_DT] => 20260307122751
    [P_STATUS] => 02
    [P_TYPE] => VBANK
    [P_OID] => 260307-006
    [P_FN_CD1] => 11
    [P_FN_CD2] => 
    [P_FN_NM] => NH농협은행
    [P_AMT] => 3500
    [P_UNAME] => 이유진
    [P_RMESG1] => P_VACCT_NO=79014290967960|P_EXP_DT=20260317
    [P_RMESG2] => 
    [P_NOTI] => 
    [P_AUTH_NO] => 
)

 Array
(
    [PageCall time] => 16:39:48
    [P_TID] => INIMX_VBNKCAEcatca0720260307163658535617
    [P_MID] => CAEcatca07
    [P_AUTH_DT] => 20260307163947
    [P_STATUS] => 02
    [P_TYPE] => VBANK
    [P_OID] => 260307-008
    [P_FN_CD1] => 81
    [P_FN_CD2] => 
    [P_FN_NM] => 하나은행
    [P_AMT] => 3500
    [P_UNAME] => 지민구
    [P_RMESG1] => P_VACCT_NO=20894327915837|P_EXP_DT=20260317
    [P_RMESG2] => 
    [P_NOTI] => 
    [P_AUTH_NO] => 
)

 Array
(
    [PageCall time] => 18:00:49
    [P_TID] => INIMX_VBNKCAEcatca0720260307175738805043
    [P_MID] => CAEcatca07
    [P_AUTH_DT] => 20260307180049
    [P_STATUS] => 02
    [P_TYPE] => VBANK
    [P_OID] => 260307-011
    [P_FN_CD1] => 81
    [P_FN_CD2] => 
    [P_FN_NM] => 하나은행
    [P_AMT] => 3500
    [P_UNAME] => 차지예
    [P_RMESG1] => P_VACCT_NO=20894328069037|P_EXP_DT=20260317
    [P_RMESG2] => 
    [P_NOTI] => 
    [P_AUTH_NO] => 
)

 Array
(
    [PageCall time] => 18:18:36
    [P_TID] => INIMX_VBNKCAEcatca0720260307181606845169
    [P_MID] => CAEcatca07
    [P_AUTH_DT] => 20260307181836
    [P_STATUS] => 02
    [P_TYPE] => VBANK
    [P_OID] => 260307-009
    [P_FN_CD1] => 04
    [P_FN_CD2] => 
    [P_FN_NM] => KB국민은행
    [P_AMT] => 3500
    [P_UNAME] => 문미희
    [P_RMESG1] => P_VACCT_NO=80399078161078|P_EXP_DT=20260317
    [P_RMESG2] => 
    [P_NOTI] => 
    [P_AUTH_NO] => 
)

 Array
(
    [PageCall time] => 19:27:19
    [P_TID] => INIMX_VBNKCAEcatca0720260307192457925049
    [P_MID] => CAEcatca07
    [P_AUTH_DT] => 20260307192719
    [P_STATUS] => 02
    [P_TYPE] => VBANK
    [P_OID] => 260307-013
    [P_FN_CD1] => 11
    [P_FN_CD2] => 
    [P_FN_NM] => NH농협은행
    [P_AMT] => 3500
    [P_UNAME] => 이미정
    [P_RMESG1] => P_VACCT_NO=79014291005767|P_EXP_DT=20260317
    [P_RMESG2] => 
    [P_NOTI] => 
    [P_AUTH_NO] => 
)

