 Array
(
    [PageCall time] => 08:44:12
    [P_TID] => INIMX_VBNKCAEcatca0720250618084012705373
    [P_MID] => CAEcatca07
    [P_AUTH_DT] => 20250618084412
    [P_STATUS] => 02
    [P_TYPE] => VBANK
    [P_OID] => 250618-002
    [P_FN_CD1] => 81
    [P_FN_CD2] => 
    [P_FN_NM] => 하나은행
    [P_AMT] => 3000
    [P_UNAME] => 박민화
    [P_RMESG1] => P_VACCT_NO=20894115742137|P_EXP_DT=20250628
    [P_RMESG2] => 
    [P_NOTI] => 
    [P_AUTH_NO] => 
)

 Array
(
    [PageCall time] => 09:16:03
    [P_TID] => INIMX_VBNKCAEcatca0720250618091529255263
    [P_MID] => CAEcatca07
    [P_AUTH_DT] => 20250618091603
    [P_STATUS] => 02
    [P_TYPE] => VBANK
    [P_OID] => 250618-003
    [P_FN_CD1] => 04
    [P_FN_CD2] => 
    [P_FN_NM] => KB국민은행
    [P_AMT] => 3000
    [P_UNAME] => 박지연
    [P_RMESG1] => P_VACCT_NO=91229079153686|P_EXP_DT=20250628
    [P_RMESG2] => 
    [P_NOTI] => 
    [P_AUTH_NO] => 
)

 Array
(
    [PageCall time] => 09:53:07
    [P_TID] => INIMX_VBNKCAEcatca0720250618095017455508
    [P_MID] => CAEcatca07
    [P_AUTH_DT] => 20250618095307
    [P_STATUS] => 02
    [P_TYPE] => VBANK
    [P_OID] => 250618-008
    [P_FN_CD1] => 20
    [P_FN_CD2] => 
    [P_FN_NM] => 우리은행
    [P_AMT] => 3000
    [P_UNAME] => 김성호
    [P_RMESG1] => P_VACCT_NO=27760616018181|P_EXP_DT=20250628
    [P_RMESG2] => 
    [P_NOTI] => 
    [P_AUTH_NO] => 
)

 Array
(
    [PageCall time] => 10:36:23
    [P_TID] => INIMX_VBNKCAEcatca0720250618103323445660
    [P_MID] => CAEcatca07
    [P_AUTH_DT] => 20250618103623
    [P_STATUS] => 02
    [P_TYPE] => VBANK
    [P_OID] => 250618-015
    [P_FN_CD1] => 88
    [P_FN_CD2] => 
    [P_FN_NM] => 신한은행
    [P_AMT] => 3000
    [P_UNAME] => 성기수
    [P_RMESG1] => P_VACCT_NO=56211104966391|P_EXP_DT=20250628
    [P_RMESG2] => 
    [P_NOTI] => 
    [P_AUTH_NO] => 
)

 Array
(
    [PageCall time] => 11:03:01
    [P_TID] => INIMX_VBNKCAEcatca0720250618110228675102
    [P_MID] => CAEcatca07
    [P_AUTH_DT] => 20250618110301
    [P_STATUS] => 02
    [P_TYPE] => VBANK
    [P_OID] => 250618-020
    [P_FN_CD1] => 11
    [P_FN_CD2] => 
    [P_FN_NM] => NH농협은행
    [P_AMT] => 3000
    [P_UNAME] => 최민지
    [P_RMESG1] => P_VACCT_NO=79010588895731|P_EXP_DT=20250628
    [P_RMESG2] => 
    [P_NOTI] => 
    [P_AUTH_NO] => 
)

 Array
(
    [PageCall time] => 11:03:23
    [P_TID] => INIMX_VBNKCAEcatca0720250618110011475067
    [P_MID] => CAEcatca07
    [P_AUTH_DT] => 20250618110323
    [P_STATUS] => 02
    [P_TYPE] => VBANK
    [P_OID] => 250618-016
    [P_FN_CD1] => 03
    [P_FN_CD2] => 
    [P_FN_NM] => 기업은행
    [P_AMT] => 3000
    [P_UNAME] => 김재태
    [P_RMESG1] => P_VACCT_NO=07503258897918|P_EXP_DT=20250628
    [P_RMESG2] => 
    [P_NOTI] => 
    [P_AUTH_NO] => 
)

 Array
(
    [PageCall time] => 11:06:41
    [P_TID] => INIMX_VBNKCAEcatca0720250618110559305454
    [P_MID] => CAEcatca07
    [P_AUTH_DT] => 20250618110641
    [P_STATUS] => 02
    [P_TYPE] => VBANK
    [P_OID] => 250618-021
    [P_FN_CD1] => 04
    [P_FN_CD2] => 
    [P_FN_NM] => KB국민은행
    [P_AMT] => 3000
    [P_UNAME] => 송유정
    [P_RMESG1] => P_VACCT_NO=26159078108864|P_EXP_DT=20250628
    [P_RMESG2] => 
    [P_NOTI] => 
    [P_AUTH_NO] => 
)

 Array
(
    [PageCall time] => 11:40:31
    [P_TID] => INIMX_VBNKCAEcatca0720250618113313405601
    [P_MID] => CAEcatca07
    [P_AUTH_DT] => 20250618114031
    [P_STATUS] => 02
    [P_TYPE] => VBANK
    [P_OID] => 250618-023
    [P_FN_CD1] => 11
    [P_FN_CD2] => 
    [P_FN_NM] => NH농협은행
    [P_AMT] => 3000
    [P_UNAME] => 가온
    [P_RMESG1] => P_VACCT_NO=79010588903271|P_EXP_DT=20250628
    [P_RMESG2] => 
    [P_NOTI] => 
    [P_AUTH_NO] => 
)

 Array
(
    [PageCall time] => 11:56:37
    [P_TID] => INIMX_VBNKCAEcatca0720250618115111795650
    [P_MID] => CAEcatca07
    [P_AUTH_DT] => 20250618115637
    [P_STATUS] => 02
    [P_TYPE] => VBANK
    [P_OID] => 250618-025
    [P_FN_CD1] => 31
    [P_FN_CD2] => 
    [P_FN_NM] => 아이엠뱅크(대구은행)
    [P_AMT] => 3000
    [P_UNAME] => 윤인숙
    [P_RMESG1] => P_VACCT_NO=9600363059528|P_EXP_DT=20250628
    [P_RMESG2] => 
    [P_NOTI] => 
    [P_AUTH_NO] => 
)

 Array
(
    [PageCall time] => 12:10:42
    [P_TID] => INIMX_VBNKCAEcatca0720250618120730385900
    [P_MID] => CAEcatca07
    [P_AUTH_DT] => 20250618121042
    [P_STATUS] => 02
    [P_TYPE] => VBANK
    [P_OID] => 250618-026
    [P_FN_CD1] => 88
    [P_FN_CD2] => 
    [P_FN_NM] => 신한은행
    [P_AMT] => 3000
    [P_UNAME] => 박정임
    [P_RMESG1] => P_VACCT_NO=56211104975285|P_EXP_DT=20250628
    [P_RMESG2] => 
    [P_NOTI] => 
    [P_AUTH_NO] => 
)

 Array
(
    [PageCall time] => 13:38:24
    [P_TID] => INIMX_VBNKCAEcatca0720250617233917665204
    [P_MID] => CAEcatca07
    [P_AUTH_DT] => 20250618133824
    [P_STATUS] => 02
    [P_TYPE] => VBANK
    [P_OID] => 250617-039
    [P_FN_CD1] => 04
    [P_FN_CD2] => 
    [P_FN_NM] => KB국민은행
    [P_AMT] => 3000
    [P_UNAME] => 박상현
    [P_RMESG1] => P_VACCT_NO=70149014371757|P_EXP_DT=20250627
    [P_RMESG2] => 
    [P_NOTI] => 
    [P_AUTH_NO] => 
)

 Array
(
    [PageCall time] => 13:54:13
    [P_TID] => INIMX_VBNKCAEcatca0720250618135305935139
    [P_MID] => CAEcatca07
    [P_AUTH_DT] => 20250618135413
    [P_STATUS] => 02
    [P_TYPE] => VBANK
    [P_OID] => 250618-030
    [P_FN_CD1] => 11
    [P_FN_CD2] => 
    [P_FN_NM] => NH농협은행
    [P_AMT] => 3000
    [P_UNAME] => 김유진
    [P_RMESG1] => P_VACCT_NO=79010588925588|P_EXP_DT=20250628
    [P_RMESG2] => 
    [P_NOTI] => 
    [P_AUTH_NO] => 
)

 Array
(
    [PageCall time] => 14:27:38
    [P_TID] => INIMX_VBNKCAEcatca0720250618142447705297
    [P_MID] => CAEcatca07
    [P_AUTH_DT] => 20250618142738
    [P_STATUS] => 02
    [P_TYPE] => VBANK
    [P_OID] => 250618-031
    [P_FN_CD1] => 20
    [P_FN_CD2] => 
    [P_FN_NM] => 우리은행
    [P_AMT] => 3000
    [P_UNAME] => 정영옥
    [P_RMESG1] => P_VACCT_NO=27760650018431|P_EXP_DT=20250628
    [P_RMESG2] => 
    [P_NOTI] => 
    [P_AUTH_NO] => 
)

 Array
(
    [PageCall time] => 14:30:24
    [P_TID] => INIMX_VBNKCAEcatca0720250618142803685113
    [P_MID] => CAEcatca07
    [P_AUTH_DT] => 20250618143024
    [P_STATUS] => 02
    [P_TYPE] => VBANK
    [P_OID] => 250618-033
    [P_FN_CD1] => 11
    [P_FN_CD2] => 
    [P_FN_NM] => NH농협은행
    [P_AMT] => 3000
    [P_UNAME] => 김송자
    [P_RMESG1] => P_VACCT_NO=79010588931308|P_EXP_DT=20250628
    [P_RMESG2] => 
    [P_NOTI] => 
    [P_AUTH_NO] => 
)

 Array
(
    [PageCall time] => 15:20:53
    [P_TID] => INIMX_VBNKCAEcatca0720250618151708685210
    [P_MID] => CAEcatca07
    [P_AUTH_DT] => 20250618152053
    [P_STATUS] => 02
    [P_TYPE] => VBANK
    [P_OID] => 250618-036
    [P_FN_CD1] => 20
    [P_FN_CD2] => 
    [P_FN_NM] => 우리은행
    [P_AMT] => 3000
    [P_UNAME] => 박강수
    [P_RMESG1] => P_VACCT_NO=27760659118371|P_EXP_DT=20250628
    [P_RMESG2] => 
    [P_NOTI] => 
    [P_AUTH_NO] => 
)

 Array
(
    [PageCall time] => 15:58:14
    [P_TID] => INIMX_VBNKCAEcatca0720250618155700205883
    [P_MID] => CAEcatca07
    [P_AUTH_DT] => 20250618155813
    [P_STATUS] => 02
    [P_TYPE] => VBANK
    [P_OID] => 250618-039
    [P_FN_CD1] => 11
    [P_FN_CD2] => 
    [P_FN_NM] => NH농협은행
    [P_AMT] => 3000
    [P_UNAME] => 김예진
    [P_RMESG1] => P_VACCT_NO=79010588950637|P_EXP_DT=20250628
    [P_RMESG2] => 
    [P_NOTI] => 
    [P_AUTH_NO] => 
)

 Array
(
    [PageCall time] => 16:13:31
    [P_TID] => INIMX_VBNKCAEcatca0720250618161035255444
    [P_MID] => CAEcatca07
    [P_AUTH_DT] => 20250618161331
    [P_STATUS] => 02
    [P_TYPE] => VBANK
    [P_OID] => 250618-040
    [P_FN_CD1] => 20
    [P_FN_CD2] => 
    [P_FN_NM] => 우리은행
    [P_AMT] => 3000
    [P_UNAME] => 주근호
    [P_RMESG1] => P_VACCT_NO=27760666418525|P_EXP_DT=20250628
    [P_RMESG2] => 
    [P_NOTI] => 
    [P_AUTH_NO] => 
)

 Array
(
    [PageCall time] => 16:18:35
    [P_TID] => INIMX_VBNKCAEcatca0720250618161532185579
    [P_MID] => CAEcatca07
    [P_AUTH_DT] => 20250618161835
    [P_STATUS] => 02
    [P_TYPE] => VBANK
    [P_OID] => 250618-037
    [P_FN_CD1] => 20
    [P_FN_CD2] => 
    [P_FN_NM] => 우리은행
    [P_AMT] => 3000
    [P_UNAME] => 김명순
    [P_RMESG1] => P_VACCT_NO=27760668118485|P_EXP_DT=20250628
    [P_RMESG2] => 
    [P_NOTI] => 
    [P_AUTH_NO] => 
)

 Array
(
    [PageCall time] => 17:07:34
    [P_TID] => INIMX_VBNKCAEcatca0720250618170647505593
    [P_MID] => CAEcatca07
    [P_AUTH_DT] => 20250618170734
    [P_STATUS] => 02
    [P_TYPE] => VBANK
    [P_OID] => 250618-041
    [P_FN_CD1] => 04
    [P_FN_CD2] => 
    [P_FN_NM] => KB국민은행
    [P_AMT] => 3000
    [P_UNAME] => 최현미
    [P_RMESG1] => P_VACCT_NO=70149014424765|P_EXP_DT=20250628
    [P_RMESG2] => 
    [P_NOTI] => 
    [P_AUTH_NO] => 
)

 Array
(
    [PageCall time] => 18:18:13
    [P_TID] => INIMX_VBNKCAEcatca0720250618181527875704
    [P_MID] => CAEcatca07
    [P_AUTH_DT] => 20250618181813
    [P_STATUS] => 02
    [P_TYPE] => VBANK
    [P_OID] => 250618-043
    [P_FN_CD1] => 04
    [P_FN_CD2] => 
    [P_FN_NM] => KB국민은행
    [P_AMT] => 3000
    [P_UNAME] => 허윤범
    [P_RMESG1] => P_VACCT_NO=70149014475907|P_EXP_DT=20250628
    [P_RMESG2] => 
    [P_NOTI] => 
    [P_AUTH_NO] => 
)

 Array
(
    [PageCall time] => 18:41:33
    [P_TID] => INIMX_VBNKCAEcatca0720250618184037605969
    [P_MID] => CAEcatca07
    [P_AUTH_DT] => 20250618184133
    [P_STATUS] => 02
    [P_TYPE] => VBANK
    [P_OID] => 250618-045
    [P_FN_CD1] => 04
    [P_FN_CD2] => 
    [P_FN_NM] => KB국민은행
    [P_AMT] => 3000
    [P_UNAME] => 최예지
    [P_RMESG1] => P_VACCT_NO=70149014479905|P_EXP_DT=20250628
    [P_RMESG2] => 
    [P_NOTI] => 
    [P_AUTH_NO] => 
)

 Array
(
    [PageCall time] => 20:14:13
    [P_TID] => INIMX_VBNKCAEcatca0720250618201142215873
    [P_MID] => CAEcatca07
    [P_AUTH_DT] => 20250618201413
    [P_STATUS] => 02
    [P_TYPE] => VBANK
    [P_OID] => 250618-046
    [P_FN_CD1] => 89
    [P_FN_CD2] => 
    [P_FN_NM] => 케이뱅크
    [P_AMT] => 3000
    [P_UNAME] => 신승윤
    [P_RMESG1] => P_VACCT_NO=70112003791425|P_EXP_DT=20250628
    [P_RMESG2] => 
    [P_NOTI] => 
    [P_AUTH_NO] => 
)

 Array
(
    [PageCall time] => 20:34:04
    [P_TID] => INIMX_VBNKCAEcatca0720250618203316355217
    [P_MID] => CAEcatca07
    [P_AUTH_DT] => 20250618203404
    [P_STATUS] => 02
    [P_TYPE] => VBANK
    [P_OID] => 250618-047
    [P_FN_CD1] => 04
    [P_FN_CD2] => 
    [P_FN_NM] => KB국민은행
    [P_AMT] => 3000
    [P_UNAME] => 명지경
    [P_RMESG1] => P_VACCT_NO=70149014490036|P_EXP_DT=20250628
    [P_RMESG2] => 
    [P_NOTI] => 
    [P_AUTH_NO] => 
)

 Array
(
    [PageCall time] => 20:40:22
    [P_TID] => INIMX_VBNKCAEcatca0720250618203701655074
    [P_MID] => CAEcatca07
    [P_AUTH_DT] => 20250618204022
    [P_STATUS] => 02
    [P_TYPE] => VBANK
    [P_OID] => 250616-024
    [P_FN_CD1] => 88
    [P_FN_CD2] => 
    [P_FN_NM] => 신한은행
    [P_AMT] => 3000
    [P_UNAME] => QIUYAN
    [P_RMESG1] => P_VACCT_NO=56211105028274|P_EXP_DT=20250628
    [P_RMESG2] => 
    [P_NOTI] => 
    [P_AUTH_NO] => 
)

 Array
(
    [PageCall time] => 20:47:19
    [P_TID] => INIMX_VBNKCAEcatca0720250618204451565673
    [P_MID] => CAEcatca07
    [P_AUTH_DT] => 20250618204719
    [P_STATUS] => 02
    [P_TYPE] => VBANK
    [P_OID] => 250618-048
    [P_FN_CD1] => 88
    [P_FN_CD2] => 
    [P_FN_NM] => 신한은행
    [P_AMT] => 3000
    [P_UNAME] => 김원광
    [P_RMESG1] => P_VACCT_NO=56211105028540|P_EXP_DT=20250628
    [P_RMESG2] => 
    [P_NOTI] => 
    [P_AUTH_NO] => 
)

 Array
(
    [PageCall time] => 20:49:04
    [P_TID] => INIMX_VBNKCAEcatca0720250618204752735060
    [P_MID] => CAEcatca07
    [P_AUTH_DT] => 20250618204904
    [P_STATUS] => 02
    [P_TYPE] => VBANK
    [P_OID] => 250618-038
    [P_FN_CD1] => 04
    [P_FN_CD2] => 
    [P_FN_NM] => KB국민은행
    [P_AMT] => 3000
    [P_UNAME] => 김미선
    [P_RMESG1] => P_VACCT_NO=70149014491161|P_EXP_DT=20250628
    [P_RMESG2] => 
    [P_NOTI] => 
    [P_AUTH_NO] => 
)

 Array
(
    [PageCall time] => 20:53:38
    [P_TID] => INIMX_VBNKCAEcatca0720250611143617635497
    [P_MID] => CAEcatca07
    [P_AUTH_DT] => 20250618205338
    [P_STATUS] => 02
    [P_TYPE] => VBANK
    [P_OID] => 250611-021
    [P_FN_CD1] => 04
    [P_FN_CD2] => 
    [P_FN_NM] => KB국민은행
    [P_AMT] => 3000
    [P_UNAME] => 김윤경
    [P_RMESG1] => P_VACCT_NO=26119078982305|P_EXP_DT=20250621
    [P_RMESG2] => 
    [P_NOTI] => 
    [P_AUTH_NO] => 
)

 Array
(
    [PageCall time] => 21:14:43
    [P_TID] => INIMX_VBNKCAEcatca0720250618113908665425
    [P_MID] => CAEcatca07
    [P_AUTH_DT] => 20250618211443
    [P_STATUS] => 02
    [P_TYPE] => VBANK
    [P_OID] => 250617-032
    [P_FN_CD1] => 03
    [P_FN_CD2] => 
    [P_FN_NM] => 기업은행
    [P_AMT] => 3000
    [P_UNAME] => 김민지
    [P_RMESG1] => P_VACCT_NO=07503259597717|P_EXP_DT=20250628
    [P_RMESG2] => 
    [P_NOTI] => 
    [P_AUTH_NO] => 
)

 Array
(
    [PageCall time] => 21:46:02
    [P_TID] => INIMX_VBNKCAEcatca0720250618214426395510
    [P_MID] => CAEcatca07
    [P_AUTH_DT] => 20250618214602
    [P_STATUS] => 02
    [P_TYPE] => VBANK
    [P_OID] => 250618-049
    [P_FN_CD1] => 04
    [P_FN_CD2] => 
    [P_FN_NM] => KB국민은행
    [P_AMT] => 3000
    [P_UNAME] => 이재희
    [P_RMESG1] => P_VACCT_NO=70149014495482|P_EXP_DT=20250628
    [P_RMESG2] => 
    [P_NOTI] => 
    [P_AUTH_NO] => 
)

 Array
(
    [PageCall time] => 22:15:07
    [P_TID] => INIMX_VBNKCAEcatca0720250618221436995705
    [P_MID] => CAEcatca07
    [P_AUTH_DT] => 20250618221507
    [P_STATUS] => 02
    [P_TYPE] => VBANK
    [P_OID] => 250618-050
    [P_FN_CD1] => 04
    [P_FN_CD2] => 
    [P_FN_NM] => KB국민은행
    [P_AMT] => 3000
    [P_UNAME] => 오혜영
    [P_RMESG1] => P_VACCT_NO=70149014497923|P_EXP_DT=20250628
    [P_RMESG2] => 
    [P_NOTI] => 
    [P_AUTH_NO] => 
)

