 Array
(
    [PageCall time] => 17:34:35
    [P_TID] => INIMX_VBNKINIpayTest20250106173157275758
    [P_MID] => INIpayTest
    [P_AUTH_DT] => 20250106173435
    [P_STATUS] => 02
    [P_TYPE] => VBANK
    [P_OID] => 240930-333
    [P_FN_CD1] => 03
    [P_FN_CD2] => 
    [P_FN_NM] => 晦機擎ч
    [P_AMT] => 10
    [P_UNAME] => 盟衛遵遵
    [P_RMESG1] => P_VACCT_NO=07503134897386|P_EXP_DT=20250116
    [P_RMESG2] => 
    [P_NOTI] => 
    [P_AUTH_NO] => 
)

 Array
(
    [PageCall time] => 17:40:00
    [P_TID] => INIMX_VBNKINIpayTest20250106173157275758
    [P_MID] => INIpayTest
    [P_AUTH_DT] => 20250106173435
    [P_STATUS] => 02
    [P_TYPE] => VBANK
    [P_OID] => 240930-333
    [P_FN_CD1] => 03
    [P_FN_CD2] => 
    [P_FN_NM] => 晦機擎ч
    [P_AMT] => 10
    [P_UNAME] => 盟衛遵遵
    [P_RMESG1] => P_VACCT_NO=07503134897386|P_EXP_DT=20250116
    [P_RMESG2] => 
    [P_NOTI] => 
    [P_AUTH_NO] => 
)

 Array
(
    [PageCall time] => 17:40:00
    [P_TID] => INIMX_VBNKINIpayTest20250106172342785613
    [P_MID] => INIpayTest
    [P_AUTH_DT] => 20250106172649
    [P_STATUS] => 02
    [P_TYPE] => VBANK
    [P_OID] => 240930-120
    [P_FN_CD1] => 03
    [P_FN_CD2] => 
    [P_FN_NM] => 晦機擎ч
    [P_AMT] => 10
    [P_UNAME] => 曄だ
    [P_RMESG1] => P_VACCT_NO=07503134797578|P_EXP_DT=20250116
    [P_RMESG2] => 
    [P_NOTI] => 
    [P_AUTH_NO] => 
)

 Array
(
    [PageCall time] => 17:40:00
    [P_TID] => INIMX_VBNKINIpayTest20250106161211155491
    [P_MID] => INIpayTest
    [P_AUTH_DT] => 20250106161520
    [P_STATUS] => 02
    [P_TYPE] => VBANK
    [P_OID] => 240930-0134
    [P_FN_CD1] => 03
    [P_FN_CD2] => 
    [P_FN_NM] => 晦機擎ч
    [P_AMT] => 10
    [P_UNAME] => 盟衛遵纔蝶お
    [P_RMESG1] => P_VACCT_NO=07503133897141|P_EXP_DT=20250116
    [P_RMESG2] => 
    [P_NOTI] => 
    [P_AUTH_NO] => 
)

 Array
(
    [PageCall time] => 17:50:00
    [P_TID] => INIMX_VBNKINIpayTest20250106173157275758
    [P_MID] => INIpayTest
    [P_AUTH_DT] => 20250106173435
    [P_STATUS] => 02
    [P_TYPE] => VBANK
    [P_OID] => 240930-333
    [P_FN_CD1] => 03
    [P_FN_CD2] => 
    [P_FN_NM] => 晦機擎ч
    [P_AMT] => 10
    [P_UNAME] => 盟衛遵遵
    [P_RMESG1] => P_VACCT_NO=07503134897386|P_EXP_DT=20250116
    [P_RMESG2] => 
    [P_NOTI] => 
    [P_AUTH_NO] => 
)

 Array
(
    [PageCall time] => 17:50:00
    [P_TID] => INIMX_VBNKINIpayTest20250106172342785613
    [P_MID] => INIpayTest
    [P_AUTH_DT] => 20250106172649
    [P_STATUS] => 02
    [P_TYPE] => VBANK
    [P_OID] => 240930-120
    [P_FN_CD1] => 03
    [P_FN_CD2] => 
    [P_FN_NM] => 晦機擎ч
    [P_AMT] => 10
    [P_UNAME] => 曄だ
    [P_RMESG1] => P_VACCT_NO=07503134797578|P_EXP_DT=20250116
    [P_RMESG2] => 
    [P_NOTI] => 
    [P_AUTH_NO] => 
)

 Array
(
    [PageCall time] => 17:50:00
    [P_TID] => INIMX_VBNKINIpayTest20250106161211155491
    [P_MID] => INIpayTest
    [P_AUTH_DT] => 20250106161520
    [P_STATUS] => 02
    [P_TYPE] => VBANK
    [P_OID] => 240930-0134
    [P_FN_CD1] => 03
    [P_FN_CD2] => 
    [P_FN_NM] => 晦機擎ч
    [P_AMT] => 10
    [P_UNAME] => 盟衛遵纔蝶お
    [P_RMESG1] => P_VACCT_NO=07503133897141|P_EXP_DT=20250116
    [P_RMESG2] => 
    [P_NOTI] => 
    [P_AUTH_NO] => 
)

 Array
(
    [PageCall time] => 18:00:00
    [P_TID] => INIMX_VBNKINIpayTest20250106172342785613
    [P_MID] => INIpayTest
    [P_AUTH_DT] => 20250106172649
    [P_STATUS] => 02
    [P_TYPE] => VBANK
    [P_OID] => 240930-120
    [P_FN_CD1] => 03
    [P_FN_CD2] => 
    [P_FN_NM] => 晦機擎ч
    [P_AMT] => 10
    [P_UNAME] => 曄だ
    [P_RMESG1] => P_VACCT_NO=07503134797578|P_EXP_DT=20250116
    [P_RMESG2] => 
    [P_NOTI] => 
    [P_AUTH_NO] => 
)

 Array
(
    [PageCall time] => 18:00:00
    [P_TID] => INIMX_VBNKINIpayTest20250106173157275758
    [P_MID] => INIpayTest
    [P_AUTH_DT] => 20250106173435
    [P_STATUS] => 02
    [P_TYPE] => VBANK
    [P_OID] => 240930-333
    [P_FN_CD1] => 03
    [P_FN_CD2] => 
    [P_FN_NM] => 晦機擎ч
    [P_AMT] => 10
    [P_UNAME] => 盟衛遵遵
    [P_RMESG1] => P_VACCT_NO=07503134897386|P_EXP_DT=20250116
    [P_RMESG2] => 
    [P_NOTI] => 
    [P_AUTH_NO] => 
)

 Array
(
    [PageCall time] => 18:00:01
    [P_TID] => INIMX_VBNKINIpayTest20250106161211155491
    [P_MID] => INIpayTest
    [P_AUTH_DT] => 20250106161520
    [P_STATUS] => 02
    [P_TYPE] => VBANK
    [P_OID] => 240930-0134
    [P_FN_CD1] => 03
    [P_FN_CD2] => 
    [P_FN_NM] => 晦機擎ч
    [P_AMT] => 10
    [P_UNAME] => 盟衛遵纔蝶お
    [P_RMESG1] => P_VACCT_NO=07503133897141|P_EXP_DT=20250116
    [P_RMESG2] => 
    [P_NOTI] => 
    [P_AUTH_NO] => 
)

 Array
(
    [PageCall time] => 18:10:01
    [P_TID] => INIMX_VBNKINIpayTest20250106173157275758
    [P_MID] => INIpayTest
    [P_AUTH_DT] => 20250106173435
    [P_STATUS] => 02
    [P_TYPE] => VBANK
    [P_OID] => 240930-333
    [P_FN_CD1] => 03
    [P_FN_CD2] => 
    [P_FN_NM] => 晦機擎ч
    [P_AMT] => 10
    [P_UNAME] => 盟衛遵遵
    [P_RMESG1] => P_VACCT_NO=07503134897386|P_EXP_DT=20250116
    [P_RMESG2] => 
    [P_NOTI] => 
    [P_AUTH_NO] => 
)

 Array
(
    [PageCall time] => 18:10:01
    [P_TID] => INIMX_VBNKINIpayTest20250106172342785613
    [P_MID] => INIpayTest
    [P_AUTH_DT] => 20250106172649
    [P_STATUS] => 02
    [P_TYPE] => VBANK
    [P_OID] => 240930-120
    [P_FN_CD1] => 03
    [P_FN_CD2] => 
    [P_FN_NM] => 晦機擎ч
    [P_AMT] => 10
    [P_UNAME] => 曄だ
    [P_RMESG1] => P_VACCT_NO=07503134797578|P_EXP_DT=20250116
    [P_RMESG2] => 
    [P_NOTI] => 
    [P_AUTH_NO] => 
)

 Array
(
    [PageCall time] => 18:10:01
    [P_TID] => INIMX_VBNKINIpayTest20250106161211155491
    [P_MID] => INIpayTest
    [P_AUTH_DT] => 20250106161520
    [P_STATUS] => 02
    [P_TYPE] => VBANK
    [P_OID] => 240930-0134
    [P_FN_CD1] => 03
    [P_FN_CD2] => 
    [P_FN_NM] => 晦機擎ч
    [P_AMT] => 10
    [P_UNAME] => 盟衛遵纔蝶お
    [P_RMESG1] => P_VACCT_NO=07503133897141|P_EXP_DT=20250116
    [P_RMESG2] => 
    [P_NOTI] => 
    [P_AUTH_NO] => 
)

 Array
(
    [PageCall time] => 18:20:00
    [P_TID] => INIMX_VBNKINIpayTest20250106173157275758
    [P_MID] => INIpayTest
    [P_AUTH_DT] => 20250106173435
    [P_STATUS] => 02
    [P_TYPE] => VBANK
    [P_OID] => 240930-333
    [P_FN_CD1] => 03
    [P_FN_CD2] => 
    [P_FN_NM] => 晦機擎ч
    [P_AMT] => 10
    [P_UNAME] => 盟衛遵遵
    [P_RMESG1] => P_VACCT_NO=07503134897386|P_EXP_DT=20250116
    [P_RMESG2] => 
    [P_NOTI] => 
    [P_AUTH_NO] => 
)

 Array
(
    [PageCall time] => 18:20:00
    [P_TID] => INIMX_VBNKINIpayTest20250106172342785613
    [P_MID] => INIpayTest
    [P_AUTH_DT] => 20250106172649
    [P_STATUS] => 02
    [P_TYPE] => VBANK
    [P_OID] => 240930-120
    [P_FN_CD1] => 03
    [P_FN_CD2] => 
    [P_FN_NM] => 晦機擎ч
    [P_AMT] => 10
    [P_UNAME] => 曄だ
    [P_RMESG1] => P_VACCT_NO=07503134797578|P_EXP_DT=20250116
    [P_RMESG2] => 
    [P_NOTI] => 
    [P_AUTH_NO] => 
)

 Array
(
    [PageCall time] => 18:20:00
    [P_TID] => INIMX_VBNKINIpayTest20250106161211155491
    [P_MID] => INIpayTest
    [P_AUTH_DT] => 20250106161520
    [P_STATUS] => 02
    [P_TYPE] => VBANK
    [P_OID] => 240930-0134
    [P_FN_CD1] => 03
    [P_FN_CD2] => 
    [P_FN_NM] => 晦機擎ч
    [P_AMT] => 10
    [P_UNAME] => 盟衛遵纔蝶お
    [P_RMESG1] => P_VACCT_NO=07503133897141|P_EXP_DT=20250116
    [P_RMESG2] => 
    [P_NOTI] => 
    [P_AUTH_NO] => 
)

 Array
(
    [PageCall time] => 18:30:00
    [P_TID] => INIMX_VBNKINIpayTest20250106173157275758
    [P_MID] => INIpayTest
    [P_AUTH_DT] => 20250106173435
    [P_STATUS] => 02
    [P_TYPE] => VBANK
    [P_OID] => 240930-333
    [P_FN_CD1] => 03
    [P_FN_CD2] => 
    [P_FN_NM] => 晦機擎ч
    [P_AMT] => 10
    [P_UNAME] => 盟衛遵遵
    [P_RMESG1] => P_VACCT_NO=07503134897386|P_EXP_DT=20250116
    [P_RMESG2] => 
    [P_NOTI] => 
    [P_AUTH_NO] => 
)

 Array
(
    [PageCall time] => 18:30:00
    [P_TID] => INIMX_VBNKINIpayTest20250106172342785613
    [P_MID] => INIpayTest
    [P_AUTH_DT] => 20250106172649
    [P_STATUS] => 02
    [P_TYPE] => VBANK
    [P_OID] => 240930-120
    [P_FN_CD1] => 03
    [P_FN_CD2] => 
    [P_FN_NM] => 晦機擎ч
    [P_AMT] => 10
    [P_UNAME] => 曄だ
    [P_RMESG1] => P_VACCT_NO=07503134797578|P_EXP_DT=20250116
    [P_RMESG2] => 
    [P_NOTI] => 
    [P_AUTH_NO] => 
)

 Array
(
    [PageCall time] => 18:30:00
    [P_TID] => INIMX_VBNKINIpayTest20250106161211155491
    [P_MID] => INIpayTest
    [P_AUTH_DT] => 20250106161520
    [P_STATUS] => 02
    [P_TYPE] => VBANK
    [P_OID] => 240930-0134
    [P_FN_CD1] => 03
    [P_FN_CD2] => 
    [P_FN_NM] => 晦機擎ч
    [P_AMT] => 10
    [P_UNAME] => 盟衛遵纔蝶お
    [P_RMESG1] => P_VACCT_NO=07503133897141|P_EXP_DT=20250116
    [P_RMESG2] => 
    [P_NOTI] => 
    [P_AUTH_NO] => 
)

 Array
(
    [PageCall time] => 18:40:00
    [P_TID] => INIMX_VBNKINIpayTest20250106173157275758
    [P_MID] => INIpayTest
    [P_AUTH_DT] => 20250106173435
    [P_STATUS] => 02
    [P_TYPE] => VBANK
    [P_OID] => 240930-333
    [P_FN_CD1] => 03
    [P_FN_CD2] => 
    [P_FN_NM] => 晦機擎ч
    [P_AMT] => 10
    [P_UNAME] => 盟衛遵遵
    [P_RMESG1] => P_VACCT_NO=07503134897386|P_EXP_DT=20250116
    [P_RMESG2] => 
    [P_NOTI] => 
    [P_AUTH_NO] => 
)

 Array
(
    [PageCall time] => 18:40:00
    [P_TID] => INIMX_VBNKINIpayTest20250106172342785613
    [P_MID] => INIpayTest
    [P_AUTH_DT] => 20250106172649
    [P_STATUS] => 02
    [P_TYPE] => VBANK
    [P_OID] => 240930-120
    [P_FN_CD1] => 03
    [P_FN_CD2] => 
    [P_FN_NM] => 晦機擎ч
    [P_AMT] => 10
    [P_UNAME] => 曄だ
    [P_RMESG1] => P_VACCT_NO=07503134797578|P_EXP_DT=20250116
    [P_RMESG2] => 
    [P_NOTI] => 
    [P_AUTH_NO] => 
)

 Array
(
    [PageCall time] => 18:40:00
    [P_TID] => INIMX_VBNKINIpayTest20250106161211155491
    [P_MID] => INIpayTest
    [P_AUTH_DT] => 20250106161520
    [P_STATUS] => 02
    [P_TYPE] => VBANK
    [P_OID] => 240930-0134
    [P_FN_CD1] => 03
    [P_FN_CD2] => 
    [P_FN_NM] => 晦機擎ч
    [P_AMT] => 10
    [P_UNAME] => 盟衛遵纔蝶お
    [P_RMESG1] => P_VACCT_NO=07503133897141|P_EXP_DT=20250116
    [P_RMESG2] => 
    [P_NOTI] => 
    [P_AUTH_NO] => 
)

 Array
(
    [PageCall time] => 18:50:00
    [P_TID] => INIMX_VBNKINIpayTest20250106173157275758
    [P_MID] => INIpayTest
    [P_AUTH_DT] => 20250106173435
    [P_STATUS] => 02
    [P_TYPE] => VBANK
    [P_OID] => 240930-333
    [P_FN_CD1] => 03
    [P_FN_CD2] => 
    [P_FN_NM] => 晦機擎ч
    [P_AMT] => 10
    [P_UNAME] => 盟衛遵遵
    [P_RMESG1] => P_VACCT_NO=07503134897386|P_EXP_DT=20250116
    [P_RMESG2] => 
    [P_NOTI] => 
    [P_AUTH_NO] => 
)

 Array
(
    [PageCall time] => 18:50:00
    [P_TID] => INIMX_VBNKINIpayTest20250106172342785613
    [P_MID] => INIpayTest
    [P_AUTH_DT] => 20250106172649
    [P_STATUS] => 02
    [P_TYPE] => VBANK
    [P_OID] => 240930-120
    [P_FN_CD1] => 03
    [P_FN_CD2] => 
    [P_FN_NM] => 晦機擎ч
    [P_AMT] => 10
    [P_UNAME] => 曄だ
    [P_RMESG1] => P_VACCT_NO=07503134797578|P_EXP_DT=20250116
    [P_RMESG2] => 
    [P_NOTI] => 
    [P_AUTH_NO] => 
)

 Array
(
    [PageCall time] => 18:50:00
    [P_TID] => INIMX_VBNKINIpayTest20250106161211155491
    [P_MID] => INIpayTest
    [P_AUTH_DT] => 20250106161520
    [P_STATUS] => 02
    [P_TYPE] => VBANK
    [P_OID] => 240930-0134
    [P_FN_CD1] => 03
    [P_FN_CD2] => 
    [P_FN_NM] => 晦機擎ч
    [P_AMT] => 10
    [P_UNAME] => 盟衛遵纔蝶お
    [P_RMESG1] => P_VACCT_NO=07503133897141|P_EXP_DT=20250116
    [P_RMESG2] => 
    [P_NOTI] => 
    [P_AUTH_NO] => 
)

 Array
(
    [PageCall time] => 19:00:00
    [P_TID] => INIMX_VBNKINIpayTest20250106173157275758
    [P_MID] => INIpayTest
    [P_AUTH_DT] => 20250106173435
    [P_STATUS] => 02
    [P_TYPE] => VBANK
    [P_OID] => 240930-333
    [P_FN_CD1] => 03
    [P_FN_CD2] => 
    [P_FN_NM] => 晦機擎ч
    [P_AMT] => 10
    [P_UNAME] => 盟衛遵遵
    [P_RMESG1] => P_VACCT_NO=07503134897386|P_EXP_DT=20250116
    [P_RMESG2] => 
    [P_NOTI] => 
    [P_AUTH_NO] => 
)

 Array
(
    [PageCall time] => 19:00:00
    [P_TID] => INIMX_VBNKINIpayTest20250106172342785613
    [P_MID] => INIpayTest
    [P_AUTH_DT] => 20250106172649
    [P_STATUS] => 02
    [P_TYPE] => VBANK
    [P_OID] => 240930-120
    [P_FN_CD1] => 03
    [P_FN_CD2] => 
    [P_FN_NM] => 晦機擎ч
    [P_AMT] => 10
    [P_UNAME] => 曄だ
    [P_RMESG1] => P_VACCT_NO=07503134797578|P_EXP_DT=20250116
    [P_RMESG2] => 
    [P_NOTI] => 
    [P_AUTH_NO] => 
)

 Array
(
    [PageCall time] => 19:00:00
    [P_TID] => INIMX_VBNKINIpayTest20250106161211155491
    [P_MID] => INIpayTest
    [P_AUTH_DT] => 20250106161520
    [P_STATUS] => 02
    [P_TYPE] => VBANK
    [P_OID] => 240930-0134
    [P_FN_CD1] => 03
    [P_FN_CD2] => 
    [P_FN_NM] => 晦機擎ч
    [P_AMT] => 10
    [P_UNAME] => 盟衛遵纔蝶お
    [P_RMESG1] => P_VACCT_NO=07503133897141|P_EXP_DT=20250116
    [P_RMESG2] => 
    [P_NOTI] => 
    [P_AUTH_NO] => 
)

 Array
(
    [PageCall time] => 19:10:00
    [P_TID] => INIMX_VBNKINIpayTest20250106173157275758
    [P_MID] => INIpayTest
    [P_AUTH_DT] => 20250106173435
    [P_STATUS] => 02
    [P_TYPE] => VBANK
    [P_OID] => 240930-333
    [P_FN_CD1] => 03
    [P_FN_CD2] => 
    [P_FN_NM] => 晦機擎ч
    [P_AMT] => 10
    [P_UNAME] => 盟衛遵遵
    [P_RMESG1] => P_VACCT_NO=07503134897386|P_EXP_DT=20250116
    [P_RMESG2] => 
    [P_NOTI] => 
    [P_AUTH_NO] => 
)

 Array
(
    [PageCall time] => 19:10:00
    [P_TID] => INIMX_VBNKINIpayTest20250106172342785613
    [P_MID] => INIpayTest
    [P_AUTH_DT] => 20250106172649
    [P_STATUS] => 02
    [P_TYPE] => VBANK
    [P_OID] => 240930-120
    [P_FN_CD1] => 03
    [P_FN_CD2] => 
    [P_FN_NM] => 晦機擎ч
    [P_AMT] => 10
    [P_UNAME] => 曄だ
    [P_RMESG1] => P_VACCT_NO=07503134797578|P_EXP_DT=20250116
    [P_RMESG2] => 
    [P_NOTI] => 
    [P_AUTH_NO] => 
)

 Array
(
    [PageCall time] => 19:10:00
    [P_TID] => INIMX_VBNKINIpayTest20250106161211155491
    [P_MID] => INIpayTest
    [P_AUTH_DT] => 20250106161520
    [P_STATUS] => 02
    [P_TYPE] => VBANK
    [P_OID] => 240930-0134
    [P_FN_CD1] => 03
    [P_FN_CD2] => 
    [P_FN_NM] => 晦機擎ч
    [P_AMT] => 10
    [P_UNAME] => 盟衛遵纔蝶お
    [P_RMESG1] => P_VACCT_NO=07503133897141|P_EXP_DT=20250116
    [P_RMESG2] => 
    [P_NOTI] => 
    [P_AUTH_NO] => 
)

 Array
(
    [PageCall time] => 19:20:00
    [P_TID] => INIMX_VBNKINIpayTest20250106173157275758
    [P_MID] => INIpayTest
    [P_AUTH_DT] => 20250106173435
    [P_STATUS] => 02
    [P_TYPE] => VBANK
    [P_OID] => 240930-333
    [P_FN_CD1] => 03
    [P_FN_CD2] => 
    [P_FN_NM] => 晦機擎ч
    [P_AMT] => 10
    [P_UNAME] => 盟衛遵遵
    [P_RMESG1] => P_VACCT_NO=07503134897386|P_EXP_DT=20250116
    [P_RMESG2] => 
    [P_NOTI] => 
    [P_AUTH_NO] => 
)

 Array
(
    [PageCall time] => 19:20:00
    [P_TID] => INIMX_VBNKINIpayTest20250106172342785613
    [P_MID] => INIpayTest
    [P_AUTH_DT] => 20250106172649
    [P_STATUS] => 02
    [P_TYPE] => VBANK
    [P_OID] => 240930-120
    [P_FN_CD1] => 03
    [P_FN_CD2] => 
    [P_FN_NM] => 晦機擎ч
    [P_AMT] => 10
    [P_UNAME] => 曄だ
    [P_RMESG1] => P_VACCT_NO=07503134797578|P_EXP_DT=20250116
    [P_RMESG2] => 
    [P_NOTI] => 
    [P_AUTH_NO] => 
)

 Array
(
    [PageCall time] => 19:20:00
    [P_TID] => INIMX_VBNKINIpayTest20250106161211155491
    [P_MID] => INIpayTest
    [P_AUTH_DT] => 20250106161520
    [P_STATUS] => 02
    [P_TYPE] => VBANK
    [P_OID] => 240930-0134
    [P_FN_CD1] => 03
    [P_FN_CD2] => 
    [P_FN_NM] => 晦機擎ч
    [P_AMT] => 10
    [P_UNAME] => 盟衛遵纔蝶お
    [P_RMESG1] => P_VACCT_NO=07503133897141|P_EXP_DT=20250116
    [P_RMESG2] => 
    [P_NOTI] => 
    [P_AUTH_NO] => 
)

 Array
(
    [PageCall time] => 19:30:00
    [P_TID] => INIMX_VBNKINIpayTest20250106173157275758
    [P_MID] => INIpayTest
    [P_AUTH_DT] => 20250106173435
    [P_STATUS] => 02
    [P_TYPE] => VBANK
    [P_OID] => 240930-333
    [P_FN_CD1] => 03
    [P_FN_CD2] => 
    [P_FN_NM] => 晦機擎ч
    [P_AMT] => 10
    [P_UNAME] => 盟衛遵遵
    [P_RMESG1] => P_VACCT_NO=07503134897386|P_EXP_DT=20250116
    [P_RMESG2] => 
    [P_NOTI] => 
    [P_AUTH_NO] => 
)

 Array
(
    [PageCall time] => 19:30:00
    [P_TID] => INIMX_VBNKINIpayTest20250106172342785613
    [P_MID] => INIpayTest
    [P_AUTH_DT] => 20250106172649
    [P_STATUS] => 02
    [P_TYPE] => VBANK
    [P_OID] => 240930-120
    [P_FN_CD1] => 03
    [P_FN_CD2] => 
    [P_FN_NM] => 晦機擎ч
    [P_AMT] => 10
    [P_UNAME] => 曄だ
    [P_RMESG1] => P_VACCT_NO=07503134797578|P_EXP_DT=20250116
    [P_RMESG2] => 
    [P_NOTI] => 
    [P_AUTH_NO] => 
)

 Array
(
    [PageCall time] => 19:30:00
    [P_TID] => INIMX_VBNKINIpayTest20250106161211155491
    [P_MID] => INIpayTest
    [P_AUTH_DT] => 20250106161520
    [P_STATUS] => 02
    [P_TYPE] => VBANK
    [P_OID] => 240930-0134
    [P_FN_CD1] => 03
    [P_FN_CD2] => 
    [P_FN_NM] => 晦機擎ч
    [P_AMT] => 10
    [P_UNAME] => 盟衛遵纔蝶お
    [P_RMESG1] => P_VACCT_NO=07503133897141|P_EXP_DT=20250116
    [P_RMESG2] => 
    [P_NOTI] => 
    [P_AUTH_NO] => 
)

 Array
(
    [PageCall time] => 19:40:00
    [P_TID] => INIMX_VBNKINIpayTest20250106172342785613
    [P_MID] => INIpayTest
    [P_AUTH_DT] => 20250106172649
    [P_STATUS] => 02
    [P_TYPE] => VBANK
    [P_OID] => 240930-120
    [P_FN_CD1] => 03
    [P_FN_CD2] => 
    [P_FN_NM] => 晦機擎ч
    [P_AMT] => 10
    [P_UNAME] => 曄だ
    [P_RMESG1] => P_VACCT_NO=07503134797578|P_EXP_DT=20250116
    [P_RMESG2] => 
    [P_NOTI] => 
    [P_AUTH_NO] => 
)

 Array
(
    [PageCall time] => 19:40:00
    [P_TID] => INIMX_VBNKINIpayTest20250106173157275758
    [P_MID] => INIpayTest
    [P_AUTH_DT] => 20250106173435
    [P_STATUS] => 02
    [P_TYPE] => VBANK
    [P_OID] => 240930-333
    [P_FN_CD1] => 03
    [P_FN_CD2] => 
    [P_FN_NM] => 晦機擎ч
    [P_AMT] => 10
    [P_UNAME] => 盟衛遵遵
    [P_RMESG1] => P_VACCT_NO=07503134897386|P_EXP_DT=20250116
    [P_RMESG2] => 
    [P_NOTI] => 
    [P_AUTH_NO] => 
)

 Array
(
    [PageCall time] => 19:40:00
    [P_TID] => INIMX_VBNKINIpayTest20250106161211155491
    [P_MID] => INIpayTest
    [P_AUTH_DT] => 20250106161520
    [P_STATUS] => 02
    [P_TYPE] => VBANK
    [P_OID] => 240930-0134
    [P_FN_CD1] => 03
    [P_FN_CD2] => 
    [P_FN_NM] => 晦機擎ч
    [P_AMT] => 10
    [P_UNAME] => 盟衛遵纔蝶お
    [P_RMESG1] => P_VACCT_NO=07503133897141|P_EXP_DT=20250116
    [P_RMESG2] => 
    [P_NOTI] => 
    [P_AUTH_NO] => 
)

 Array
(
    [PageCall time] => 19:50:00
    [P_TID] => INIMX_VBNKINIpayTest20250106173157275758
    [P_MID] => INIpayTest
    [P_AUTH_DT] => 20250106173435
    [P_STATUS] => 02
    [P_TYPE] => VBANK
    [P_OID] => 240930-333
    [P_FN_CD1] => 03
    [P_FN_CD2] => 
    [P_FN_NM] => 晦機擎ч
    [P_AMT] => 10
    [P_UNAME] => 盟衛遵遵
    [P_RMESG1] => P_VACCT_NO=07503134897386|P_EXP_DT=20250116
    [P_RMESG2] => 
    [P_NOTI] => 
    [P_AUTH_NO] => 
)

 Array
(
    [PageCall time] => 19:50:00
    [P_TID] => INIMX_VBNKINIpayTest20250106172342785613
    [P_MID] => INIpayTest
    [P_AUTH_DT] => 20250106172649
    [P_STATUS] => 02
    [P_TYPE] => VBANK
    [P_OID] => 240930-120
    [P_FN_CD1] => 03
    [P_FN_CD2] => 
    [P_FN_NM] => 晦機擎ч
    [P_AMT] => 10
    [P_UNAME] => 曄だ
    [P_RMESG1] => P_VACCT_NO=07503134797578|P_EXP_DT=20250116
    [P_RMESG2] => 
    [P_NOTI] => 
    [P_AUTH_NO] => 
)

 Array
(
    [PageCall time] => 19:50:00
    [P_TID] => INIMX_VBNKINIpayTest20250106161211155491
    [P_MID] => INIpayTest
    [P_AUTH_DT] => 20250106161520
    [P_STATUS] => 02
    [P_TYPE] => VBANK
    [P_OID] => 240930-0134
    [P_FN_CD1] => 03
    [P_FN_CD2] => 
    [P_FN_NM] => 晦機擎ч
    [P_AMT] => 10
    [P_UNAME] => 盟衛遵纔蝶お
    [P_RMESG1] => P_VACCT_NO=07503133897141|P_EXP_DT=20250116
    [P_RMESG2] => 
    [P_NOTI] => 
    [P_AUTH_NO] => 
)

 Array
(
    [PageCall time] => 20:00:00
    [P_TID] => INIMX_VBNKINIpayTest20250106173157275758
    [P_MID] => INIpayTest
    [P_AUTH_DT] => 20250106173435
    [P_STATUS] => 02
    [P_TYPE] => VBANK
    [P_OID] => 240930-333
    [P_FN_CD1] => 03
    [P_FN_CD2] => 
    [P_FN_NM] => 晦機擎ч
    [P_AMT] => 10
    [P_UNAME] => 盟衛遵遵
    [P_RMESG1] => P_VACCT_NO=07503134897386|P_EXP_DT=20250116
    [P_RMESG2] => 
    [P_NOTI] => 
    [P_AUTH_NO] => 
)

 Array
(
    [PageCall time] => 20:00:00
    [P_TID] => INIMX_VBNKINIpayTest20250106172342785613
    [P_MID] => INIpayTest
    [P_AUTH_DT] => 20250106172649
    [P_STATUS] => 02
    [P_TYPE] => VBANK
    [P_OID] => 240930-120
    [P_FN_CD1] => 03
    [P_FN_CD2] => 
    [P_FN_NM] => 晦機擎ч
    [P_AMT] => 10
    [P_UNAME] => 曄だ
    [P_RMESG1] => P_VACCT_NO=07503134797578|P_EXP_DT=20250116
    [P_RMESG2] => 
    [P_NOTI] => 
    [P_AUTH_NO] => 
)

 Array
(
    [PageCall time] => 20:00:00
    [P_TID] => INIMX_VBNKINIpayTest20250106161211155491
    [P_MID] => INIpayTest
    [P_AUTH_DT] => 20250106161520
    [P_STATUS] => 02
    [P_TYPE] => VBANK
    [P_OID] => 240930-0134
    [P_FN_CD1] => 03
    [P_FN_CD2] => 
    [P_FN_NM] => 晦機擎ч
    [P_AMT] => 10
    [P_UNAME] => 盟衛遵纔蝶お
    [P_RMESG1] => P_VACCT_NO=07503133897141|P_EXP_DT=20250116
    [P_RMESG2] => 
    [P_NOTI] => 
    [P_AUTH_NO] => 
)

 Array
(
    [PageCall time] => 20:10:00
    [P_TID] => INIMX_VBNKINIpayTest20250106172342785613
    [P_MID] => INIpayTest
    [P_AUTH_DT] => 20250106172649
    [P_STATUS] => 02
    [P_TYPE] => VBANK
    [P_OID] => 240930-120
    [P_FN_CD1] => 03
    [P_FN_CD2] => 
    [P_FN_NM] => 晦機擎ч
    [P_AMT] => 10
    [P_UNAME] => 曄だ
    [P_RMESG1] => P_VACCT_NO=07503134797578|P_EXP_DT=20250116
    [P_RMESG2] => 
    [P_NOTI] => 
    [P_AUTH_NO] => 
)

 Array
(
    [PageCall time] => 20:10:00
    [P_TID] => INIMX_VBNKINIpayTest20250106173157275758
    [P_MID] => INIpayTest
    [P_AUTH_DT] => 20250106173435
    [P_STATUS] => 02
    [P_TYPE] => VBANK
    [P_OID] => 240930-333
    [P_FN_CD1] => 03
    [P_FN_CD2] => 
    [P_FN_NM] => 晦機擎ч
    [P_AMT] => 10
    [P_UNAME] => 盟衛遵遵
    [P_RMESG1] => P_VACCT_NO=07503134897386|P_EXP_DT=20250116
    [P_RMESG2] => 
    [P_NOTI] => 
    [P_AUTH_NO] => 
)

 Array
(
    [PageCall time] => 20:10:00
    [P_TID] => INIMX_VBNKINIpayTest20250106161211155491
    [P_MID] => INIpayTest
    [P_AUTH_DT] => 20250106161520
    [P_STATUS] => 02
    [P_TYPE] => VBANK
    [P_OID] => 240930-0134
    [P_FN_CD1] => 03
    [P_FN_CD2] => 
    [P_FN_NM] => 晦機擎ч
    [P_AMT] => 10
    [P_UNAME] => 盟衛遵纔蝶お
    [P_RMESG1] => P_VACCT_NO=07503133897141|P_EXP_DT=20250116
    [P_RMESG2] => 
    [P_NOTI] => 
    [P_AUTH_NO] => 
)

 Array
(
    [PageCall time] => 20:20:00
    [P_TID] => INIMX_VBNKINIpayTest20250106173157275758
    [P_MID] => INIpayTest
    [P_AUTH_DT] => 20250106173435
    [P_STATUS] => 02
    [P_TYPE] => VBANK
    [P_OID] => 240930-333
    [P_FN_CD1] => 03
    [P_FN_CD2] => 
    [P_FN_NM] => 晦機擎ч
    [P_AMT] => 10
    [P_UNAME] => 盟衛遵遵
    [P_RMESG1] => P_VACCT_NO=07503134897386|P_EXP_DT=20250116
    [P_RMESG2] => 
    [P_NOTI] => 
    [P_AUTH_NO] => 
)

 Array
(
    [PageCall time] => 20:20:00
    [P_TID] => INIMX_VBNKINIpayTest20250106172342785613
    [P_MID] => INIpayTest
    [P_AUTH_DT] => 20250106172649
    [P_STATUS] => 02
    [P_TYPE] => VBANK
    [P_OID] => 240930-120
    [P_FN_CD1] => 03
    [P_FN_CD2] => 
    [P_FN_NM] => 晦機擎ч
    [P_AMT] => 10
    [P_UNAME] => 曄だ
    [P_RMESG1] => P_VACCT_NO=07503134797578|P_EXP_DT=20250116
    [P_RMESG2] => 
    [P_NOTI] => 
    [P_AUTH_NO] => 
)

 Array
(
    [PageCall time] => 20:20:00
    [P_TID] => INIMX_VBNKINIpayTest20250106161211155491
    [P_MID] => INIpayTest
    [P_AUTH_DT] => 20250106161520
    [P_STATUS] => 02
    [P_TYPE] => VBANK
    [P_OID] => 240930-0134
    [P_FN_CD1] => 03
    [P_FN_CD2] => 
    [P_FN_NM] => 晦機擎ч
    [P_AMT] => 10
    [P_UNAME] => 盟衛遵纔蝶お
    [P_RMESG1] => P_VACCT_NO=07503133897141|P_EXP_DT=20250116
    [P_RMESG2] => 
    [P_NOTI] => 
    [P_AUTH_NO] => 
)

 Array
(
    [PageCall time] => 20:30:01
    [P_TID] => INIMX_VBNKINIpayTest20250106173157275758
    [P_MID] => INIpayTest
    [P_AUTH_DT] => 20250106173435
    [P_STATUS] => 02
    [P_TYPE] => VBANK
    [P_OID] => 240930-333
    [P_FN_CD1] => 03
    [P_FN_CD2] => 
    [P_FN_NM] => 晦機擎ч
    [P_AMT] => 10
    [P_UNAME] => 盟衛遵遵
    [P_RMESG1] => P_VACCT_NO=07503134897386|P_EXP_DT=20250116
    [P_RMESG2] => 
    [P_NOTI] => 
    [P_AUTH_NO] => 
)

 Array
(
    [PageCall time] => 20:30:01
    [P_TID] => INIMX_VBNKINIpayTest20250106161211155491
    [P_MID] => INIpayTest
    [P_AUTH_DT] => 20250106161520
    [P_STATUS] => 02
    [P_TYPE] => VBANK
    [P_OID] => 240930-0134
    [P_FN_CD1] => 03
    [P_FN_CD2] => 
    [P_FN_NM] => 晦機擎ч
    [P_AMT] => 10
    [P_UNAME] => 盟衛遵纔蝶お
    [P_RMESG1] => P_VACCT_NO=07503133897141|P_EXP_DT=20250116
    [P_RMESG2] => 
    [P_NOTI] => 
    [P_AUTH_NO] => 
)

 Array
(
    [PageCall time] => 20:30:01
    [P_TID] => INIMX_VBNKINIpayTest20250106172342785613
    [P_MID] => INIpayTest
    [P_AUTH_DT] => 20250106172649
    [P_STATUS] => 02
    [P_TYPE] => VBANK
    [P_OID] => 240930-120
    [P_FN_CD1] => 03
    [P_FN_CD2] => 
    [P_FN_NM] => 晦機擎ч
    [P_AMT] => 10
    [P_UNAME] => 曄だ
    [P_RMESG1] => P_VACCT_NO=07503134797578|P_EXP_DT=20250116
    [P_RMESG2] => 
    [P_NOTI] => 
    [P_AUTH_NO] => 
)

 Array
(
    [PageCall time] => 20:40:00
    [P_TID] => INIMX_VBNKINIpayTest20250106173157275758
    [P_MID] => INIpayTest
    [P_AUTH_DT] => 20250106173435
    [P_STATUS] => 02
    [P_TYPE] => VBANK
    [P_OID] => 240930-333
    [P_FN_CD1] => 03
    [P_FN_CD2] => 
    [P_FN_NM] => 晦機擎ч
    [P_AMT] => 10
    [P_UNAME] => 盟衛遵遵
    [P_RMESG1] => P_VACCT_NO=07503134897386|P_EXP_DT=20250116
    [P_RMESG2] => 
    [P_NOTI] => 
    [P_AUTH_NO] => 
)

 Array
(
    [PageCall time] => 20:40:00
    [P_TID] => INIMX_VBNKINIpayTest20250106161211155491
    [P_MID] => INIpayTest
    [P_AUTH_DT] => 20250106161520
    [P_STATUS] => 02
    [P_TYPE] => VBANK
    [P_OID] => 240930-0134
    [P_FN_CD1] => 03
    [P_FN_CD2] => 
    [P_FN_NM] => 晦機擎ч
    [P_AMT] => 10
    [P_UNAME] => 盟衛遵纔蝶お
    [P_RMESG1] => P_VACCT_NO=07503133897141|P_EXP_DT=20250116
    [P_RMESG2] => 
    [P_NOTI] => 
    [P_AUTH_NO] => 
)

 Array
(
    [PageCall time] => 20:40:01
    [P_TID] => INIMX_VBNKINIpayTest20250106172342785613
    [P_MID] => INIpayTest
    [P_AUTH_DT] => 20250106172649
    [P_STATUS] => 02
    [P_TYPE] => VBANK
    [P_OID] => 240930-120
    [P_FN_CD1] => 03
    [P_FN_CD2] => 
    [P_FN_NM] => 晦機擎ч
    [P_AMT] => 10
    [P_UNAME] => 曄だ
    [P_RMESG1] => P_VACCT_NO=07503134797578|P_EXP_DT=20250116
    [P_RMESG2] => 
    [P_NOTI] => 
    [P_AUTH_NO] => 
)

 Array
(
    [PageCall time] => 20:50:01
    [P_TID] => INIMX_VBNKINIpayTest20250106173157275758
    [P_MID] => INIpayTest
    [P_AUTH_DT] => 20250106173435
    [P_STATUS] => 02
    [P_TYPE] => VBANK
    [P_OID] => 240930-333
    [P_FN_CD1] => 03
    [P_FN_CD2] => 
    [P_FN_NM] => 晦機擎ч
    [P_AMT] => 10
    [P_UNAME] => 盟衛遵遵
    [P_RMESG1] => P_VACCT_NO=07503134897386|P_EXP_DT=20250116
    [P_RMESG2] => 
    [P_NOTI] => 
    [P_AUTH_NO] => 
)

 Array
(
    [PageCall time] => 20:50:01
    [P_TID] => INIMX_VBNKINIpayTest20250106161211155491
    [P_MID] => INIpayTest
    [P_AUTH_DT] => 20250106161520
    [P_STATUS] => 02
    [P_TYPE] => VBANK
    [P_OID] => 240930-0134
    [P_FN_CD1] => 03
    [P_FN_CD2] => 
    [P_FN_NM] => 晦機擎ч
    [P_AMT] => 10
    [P_UNAME] => 盟衛遵纔蝶お
    [P_RMESG1] => P_VACCT_NO=07503133897141|P_EXP_DT=20250116
    [P_RMESG2] => 
    [P_NOTI] => 
    [P_AUTH_NO] => 
)

 Array
(
    [PageCall time] => 20:50:01
    [P_TID] => INIMX_VBNKINIpayTest20250106172342785613
    [P_MID] => INIpayTest
    [P_AUTH_DT] => 20250106172649
    [P_STATUS] => 02
    [P_TYPE] => VBANK
    [P_OID] => 240930-120
    [P_FN_CD1] => 03
    [P_FN_CD2] => 
    [P_FN_NM] => 晦機擎ч
    [P_AMT] => 10
    [P_UNAME] => 曄だ
    [P_RMESG1] => P_VACCT_NO=07503134797578|P_EXP_DT=20250116
    [P_RMESG2] => 
    [P_NOTI] => 
    [P_AUTH_NO] => 
)

 Array
(
    [PageCall time] => 21:00:00
    [P_TID] => INIMX_VBNKINIpayTest20250106173157275758
    [P_MID] => INIpayTest
    [P_AUTH_DT] => 20250106173435
    [P_STATUS] => 02
    [P_TYPE] => VBANK
    [P_OID] => 240930-333
    [P_FN_CD1] => 03
    [P_FN_CD2] => 
    [P_FN_NM] => 晦機擎ч
    [P_AMT] => 10
    [P_UNAME] => 盟衛遵遵
    [P_RMESG1] => P_VACCT_NO=07503134897386|P_EXP_DT=20250116
    [P_RMESG2] => 
    [P_NOTI] => 
    [P_AUTH_NO] => 
)

 Array
(
    [PageCall time] => 21:00:01
    [P_TID] => INIMX_VBNKINIpayTest20250106161211155491
    [P_MID] => INIpayTest
    [P_AUTH_DT] => 20250106161520
    [P_STATUS] => 02
    [P_TYPE] => VBANK
    [P_OID] => 240930-0134
    [P_FN_CD1] => 03
    [P_FN_CD2] => 
    [P_FN_NM] => 晦機擎ч
    [P_AMT] => 10
    [P_UNAME] => 盟衛遵纔蝶お
    [P_RMESG1] => P_VACCT_NO=07503133897141|P_EXP_DT=20250116
    [P_RMESG2] => 
    [P_NOTI] => 
    [P_AUTH_NO] => 
)

 Array
(
    [PageCall time] => 21:00:01
    [P_TID] => INIMX_VBNKINIpayTest20250106172342785613
    [P_MID] => INIpayTest
    [P_AUTH_DT] => 20250106172649
    [P_STATUS] => 02
    [P_TYPE] => VBANK
    [P_OID] => 240930-120
    [P_FN_CD1] => 03
    [P_FN_CD2] => 
    [P_FN_NM] => 晦機擎ч
    [P_AMT] => 10
    [P_UNAME] => 曄だ
    [P_RMESG1] => P_VACCT_NO=07503134797578|P_EXP_DT=20250116
    [P_RMESG2] => 
    [P_NOTI] => 
    [P_AUTH_NO] => 
)

 Array
(
    [PageCall time] => 21:10:00
    [P_TID] => INIMX_VBNKINIpayTest20250106173157275758
    [P_MID] => INIpayTest
    [P_AUTH_DT] => 20250106173435
    [P_STATUS] => 02
    [P_TYPE] => VBANK
    [P_OID] => 240930-333
    [P_FN_CD1] => 03
    [P_FN_CD2] => 
    [P_FN_NM] => 晦機擎ч
    [P_AMT] => 10
    [P_UNAME] => 盟衛遵遵
    [P_RMESG1] => P_VACCT_NO=07503134897386|P_EXP_DT=20250116
    [P_RMESG2] => 
    [P_NOTI] => 
    [P_AUTH_NO] => 
)

 Array
(
    [PageCall time] => 21:10:01
    [P_TID] => INIMX_VBNKINIpayTest20250106161211155491
    [P_MID] => INIpayTest
    [P_AUTH_DT] => 20250106161520
    [P_STATUS] => 02
    [P_TYPE] => VBANK
    [P_OID] => 240930-0134
    [P_FN_CD1] => 03
    [P_FN_CD2] => 
    [P_FN_NM] => 晦機擎ч
    [P_AMT] => 10
    [P_UNAME] => 盟衛遵纔蝶お
    [P_RMESG1] => P_VACCT_NO=07503133897141|P_EXP_DT=20250116
    [P_RMESG2] => 
    [P_NOTI] => 
    [P_AUTH_NO] => 
)

 Array
(
    [PageCall time] => 21:10:01
    [P_TID] => INIMX_VBNKINIpayTest20250106172342785613
    [P_MID] => INIpayTest
    [P_AUTH_DT] => 20250106172649
    [P_STATUS] => 02
    [P_TYPE] => VBANK
    [P_OID] => 240930-120
    [P_FN_CD1] => 03
    [P_FN_CD2] => 
    [P_FN_NM] => 晦機擎ч
    [P_AMT] => 10
    [P_UNAME] => 曄だ
    [P_RMESG1] => P_VACCT_NO=07503134797578|P_EXP_DT=20250116
    [P_RMESG2] => 
    [P_NOTI] => 
    [P_AUTH_NO] => 
)

 Array
(
    [PageCall time] => 21:20:00
    [P_TID] => INIMX_VBNKINIpayTest20250106173157275758
    [P_MID] => INIpayTest
    [P_AUTH_DT] => 20250106173435
    [P_STATUS] => 02
    [P_TYPE] => VBANK
    [P_OID] => 240930-333
    [P_FN_CD1] => 03
    [P_FN_CD2] => 
    [P_FN_NM] => 晦機擎ч
    [P_AMT] => 10
    [P_UNAME] => 盟衛遵遵
    [P_RMESG1] => P_VACCT_NO=07503134897386|P_EXP_DT=20250116
    [P_RMESG2] => 
    [P_NOTI] => 
    [P_AUTH_NO] => 
)

 Array
(
    [PageCall time] => 21:20:00
    [P_TID] => INIMX_VBNKINIpayTest20250106161211155491
    [P_MID] => INIpayTest
    [P_AUTH_DT] => 20250106161520
    [P_STATUS] => 02
    [P_TYPE] => VBANK
    [P_OID] => 240930-0134
    [P_FN_CD1] => 03
    [P_FN_CD2] => 
    [P_FN_NM] => 晦機擎ч
    [P_AMT] => 10
    [P_UNAME] => 盟衛遵纔蝶お
    [P_RMESG1] => P_VACCT_NO=07503133897141|P_EXP_DT=20250116
    [P_RMESG2] => 
    [P_NOTI] => 
    [P_AUTH_NO] => 
)

 Array
(
    [PageCall time] => 21:20:01
    [P_TID] => INIMX_VBNKINIpayTest20250106172342785613
    [P_MID] => INIpayTest
    [P_AUTH_DT] => 20250106172649
    [P_STATUS] => 02
    [P_TYPE] => VBANK
    [P_OID] => 240930-120
    [P_FN_CD1] => 03
    [P_FN_CD2] => 
    [P_FN_NM] => 晦機擎ч
    [P_AMT] => 10
    [P_UNAME] => 曄だ
    [P_RMESG1] => P_VACCT_NO=07503134797578|P_EXP_DT=20250116
    [P_RMESG2] => 
    [P_NOTI] => 
    [P_AUTH_NO] => 
)

 Array
(
    [PageCall time] => 21:30:00
    [P_TID] => INIMX_VBNKINIpayTest20250106173157275758
    [P_MID] => INIpayTest
    [P_AUTH_DT] => 20250106173435
    [P_STATUS] => 02
    [P_TYPE] => VBANK
    [P_OID] => 240930-333
    [P_FN_CD1] => 03
    [P_FN_CD2] => 
    [P_FN_NM] => 晦機擎ч
    [P_AMT] => 10
    [P_UNAME] => 盟衛遵遵
    [P_RMESG1] => P_VACCT_NO=07503134897386|P_EXP_DT=20250116
    [P_RMESG2] => 
    [P_NOTI] => 
    [P_AUTH_NO] => 
)

 Array
(
    [PageCall time] => 21:30:00
    [P_TID] => INIMX_VBNKINIpayTest20250106161211155491
    [P_MID] => INIpayTest
    [P_AUTH_DT] => 20250106161520
    [P_STATUS] => 02
    [P_TYPE] => VBANK
    [P_OID] => 240930-0134
    [P_FN_CD1] => 03
    [P_FN_CD2] => 
    [P_FN_NM] => 晦機擎ч
    [P_AMT] => 10
    [P_UNAME] => 盟衛遵纔蝶お
    [P_RMESG1] => P_VACCT_NO=07503133897141|P_EXP_DT=20250116
    [P_RMESG2] => 
    [P_NOTI] => 
    [P_AUTH_NO] => 
)

 Array
(
    [PageCall time] => 21:30:00
    [P_TID] => INIMX_VBNKINIpayTest20250106172342785613
    [P_MID] => INIpayTest
    [P_AUTH_DT] => 20250106172649
    [P_STATUS] => 02
    [P_TYPE] => VBANK
    [P_OID] => 240930-120
    [P_FN_CD1] => 03
    [P_FN_CD2] => 
    [P_FN_NM] => 晦機擎ч
    [P_AMT] => 10
    [P_UNAME] => 曄だ
    [P_RMESG1] => P_VACCT_NO=07503134797578|P_EXP_DT=20250116
    [P_RMESG2] => 
    [P_NOTI] => 
    [P_AUTH_NO] => 
)

 Array
(
    [PageCall time] => 21:40:00
    [P_TID] => INIMX_VBNKINIpayTest20250106173157275758
    [P_MID] => INIpayTest
    [P_AUTH_DT] => 20250106173435
    [P_STATUS] => 02
    [P_TYPE] => VBANK
    [P_OID] => 240930-333
    [P_FN_CD1] => 03
    [P_FN_CD2] => 
    [P_FN_NM] => 晦機擎ч
    [P_AMT] => 10
    [P_UNAME] => 盟衛遵遵
    [P_RMESG1] => P_VACCT_NO=07503134897386|P_EXP_DT=20250116
    [P_RMESG2] => 
    [P_NOTI] => 
    [P_AUTH_NO] => 
)

 Array
(
    [PageCall time] => 21:40:00
    [P_TID] => INIMX_VBNKINIpayTest20250106172342785613
    [P_MID] => INIpayTest
    [P_AUTH_DT] => 20250106172649
    [P_STATUS] => 02
    [P_TYPE] => VBANK
    [P_OID] => 240930-120
    [P_FN_CD1] => 03
    [P_FN_CD2] => 
    [P_FN_NM] => 晦機擎ч
    [P_AMT] => 10
    [P_UNAME] => 曄だ
    [P_RMESG1] => P_VACCT_NO=07503134797578|P_EXP_DT=20250116
    [P_RMESG2] => 
    [P_NOTI] => 
    [P_AUTH_NO] => 
)

 Array
(
    [PageCall time] => 21:40:01
    [P_TID] => INIMX_VBNKINIpayTest20250106161211155491
    [P_MID] => INIpayTest
    [P_AUTH_DT] => 20250106161520
    [P_STATUS] => 02
    [P_TYPE] => VBANK
    [P_OID] => 240930-0134
    [P_FN_CD1] => 03
    [P_FN_CD2] => 
    [P_FN_NM] => 晦機擎ч
    [P_AMT] => 10
    [P_UNAME] => 盟衛遵纔蝶お
    [P_RMESG1] => P_VACCT_NO=07503133897141|P_EXP_DT=20250116
    [P_RMESG2] => 
    [P_NOTI] => 
    [P_AUTH_NO] => 
)

 Array
(
    [PageCall time] => 21:50:01
    [P_TID] => INIMX_VBNKINIpayTest20250106173157275758
    [P_MID] => INIpayTest
    [P_AUTH_DT] => 20250106173435
    [P_STATUS] => 02
    [P_TYPE] => VBANK
    [P_OID] => 240930-333
    [P_FN_CD1] => 03
    [P_FN_CD2] => 
    [P_FN_NM] => 晦機擎ч
    [P_AMT] => 10
    [P_UNAME] => 盟衛遵遵
    [P_RMESG1] => P_VACCT_NO=07503134897386|P_EXP_DT=20250116
    [P_RMESG2] => 
    [P_NOTI] => 
    [P_AUTH_NO] => 
)

 Array
(
    [PageCall time] => 21:50:01
    [P_TID] => INIMX_VBNKINIpayTest20250106172342785613
    [P_MID] => INIpayTest
    [P_AUTH_DT] => 20250106172649
    [P_STATUS] => 02
    [P_TYPE] => VBANK
    [P_OID] => 240930-120
    [P_FN_CD1] => 03
    [P_FN_CD2] => 
    [P_FN_NM] => 晦機擎ч
    [P_AMT] => 10
    [P_UNAME] => 曄だ
    [P_RMESG1] => P_VACCT_NO=07503134797578|P_EXP_DT=20250116
    [P_RMESG2] => 
    [P_NOTI] => 
    [P_AUTH_NO] => 
)

 Array
(
    [PageCall time] => 21:50:01
    [P_TID] => INIMX_VBNKINIpayTest20250106161211155491
    [P_MID] => INIpayTest
    [P_AUTH_DT] => 20250106161520
    [P_STATUS] => 02
    [P_TYPE] => VBANK
    [P_OID] => 240930-0134
    [P_FN_CD1] => 03
    [P_FN_CD2] => 
    [P_FN_NM] => 晦機擎ч
    [P_AMT] => 10
    [P_UNAME] => 盟衛遵纔蝶お
    [P_RMESG1] => P_VACCT_NO=07503133897141|P_EXP_DT=20250116
    [P_RMESG2] => 
    [P_NOTI] => 
    [P_AUTH_NO] => 
)

 Array
(
    [PageCall time] => 22:00:00
    [P_TID] => INIMX_VBNKINIpayTest20250106173157275758
    [P_MID] => INIpayTest
    [P_AUTH_DT] => 20250106173435
    [P_STATUS] => 02
    [P_TYPE] => VBANK
    [P_OID] => 240930-333
    [P_FN_CD1] => 03
    [P_FN_CD2] => 
    [P_FN_NM] => 晦機擎ч
    [P_AMT] => 10
    [P_UNAME] => 盟衛遵遵
    [P_RMESG1] => P_VACCT_NO=07503134897386|P_EXP_DT=20250116
    [P_RMESG2] => 
    [P_NOTI] => 
    [P_AUTH_NO] => 
)

 Array
(
    [PageCall time] => 22:00:01
    [P_TID] => INIMX_VBNKINIpayTest20250106161211155491
    [P_MID] => INIpayTest
    [P_AUTH_DT] => 20250106161520
    [P_STATUS] => 02
    [P_TYPE] => VBANK
    [P_OID] => 240930-0134
    [P_FN_CD1] => 03
    [P_FN_CD2] => 
    [P_FN_NM] => 晦機擎ч
    [P_AMT] => 10
    [P_UNAME] => 盟衛遵纔蝶お
    [P_RMESG1] => P_VACCT_NO=07503133897141|P_EXP_DT=20250116
    [P_RMESG2] => 
    [P_NOTI] => 
    [P_AUTH_NO] => 
)

 Array
(
    [PageCall time] => 22:00:01
    [P_TID] => INIMX_VBNKINIpayTest20250106172342785613
    [P_MID] => INIpayTest
    [P_AUTH_DT] => 20250106172649
    [P_STATUS] => 02
    [P_TYPE] => VBANK
    [P_OID] => 240930-120
    [P_FN_CD1] => 03
    [P_FN_CD2] => 
    [P_FN_NM] => 晦機擎ч
    [P_AMT] => 10
    [P_UNAME] => 曄だ
    [P_RMESG1] => P_VACCT_NO=07503134797578|P_EXP_DT=20250116
    [P_RMESG2] => 
    [P_NOTI] => 
    [P_AUTH_NO] => 
)

 Array
(
    [PageCall time] => 22:10:01
    [P_TID] => INIMX_VBNKINIpayTest20250106173157275758
    [P_MID] => INIpayTest
    [P_AUTH_DT] => 20250106173435
    [P_STATUS] => 02
    [P_TYPE] => VBANK
    [P_OID] => 240930-333
    [P_FN_CD1] => 03
    [P_FN_CD2] => 
    [P_FN_NM] => 晦機擎ч
    [P_AMT] => 10
    [P_UNAME] => 盟衛遵遵
    [P_RMESG1] => P_VACCT_NO=07503134897386|P_EXP_DT=20250116
    [P_RMESG2] => 
    [P_NOTI] => 
    [P_AUTH_NO] => 
)

 Array
(
    [PageCall time] => 22:10:01
    [P_TID] => INIMX_VBNKINIpayTest20250106172342785613
    [P_MID] => INIpayTest
    [P_AUTH_DT] => 20250106172649
    [P_STATUS] => 02
    [P_TYPE] => VBANK
    [P_OID] => 240930-120
    [P_FN_CD1] => 03
    [P_FN_CD2] => 
    [P_FN_NM] => 晦機擎ч
    [P_AMT] => 10
    [P_UNAME] => 曄だ
    [P_RMESG1] => P_VACCT_NO=07503134797578|P_EXP_DT=20250116
    [P_RMESG2] => 
    [P_NOTI] => 
    [P_AUTH_NO] => 
)

 Array
(
    [PageCall time] => 22:10:01
    [P_TID] => INIMX_VBNKINIpayTest20250106161211155491
    [P_MID] => INIpayTest
    [P_AUTH_DT] => 20250106161520
    [P_STATUS] => 02
    [P_TYPE] => VBANK
    [P_OID] => 240930-0134
    [P_FN_CD1] => 03
    [P_FN_CD2] => 
    [P_FN_NM] => 晦機擎ч
    [P_AMT] => 10
    [P_UNAME] => 盟衛遵纔蝶お
    [P_RMESG1] => P_VACCT_NO=07503133897141|P_EXP_DT=20250116
    [P_RMESG2] => 
    [P_NOTI] => 
    [P_AUTH_NO] => 
)

 Array
(
    [PageCall time] => 22:20:00
    [P_TID] => INIMX_VBNKINIpayTest20250106173157275758
    [P_MID] => INIpayTest
    [P_AUTH_DT] => 20250106173435
    [P_STATUS] => 02
    [P_TYPE] => VBANK
    [P_OID] => 240930-333
    [P_FN_CD1] => 03
    [P_FN_CD2] => 
    [P_FN_NM] => 晦機擎ч
    [P_AMT] => 10
    [P_UNAME] => 盟衛遵遵
    [P_RMESG1] => P_VACCT_NO=07503134897386|P_EXP_DT=20250116
    [P_RMESG2] => 
    [P_NOTI] => 
    [P_AUTH_NO] => 
)

 Array
(
    [PageCall time] => 22:20:01
    [P_TID] => INIMX_VBNKINIpayTest20250106172342785613
    [P_MID] => INIpayTest
    [P_AUTH_DT] => 20250106172649
    [P_STATUS] => 02
    [P_TYPE] => VBANK
    [P_OID] => 240930-120
    [P_FN_CD1] => 03
    [P_FN_CD2] => 
    [P_FN_NM] => 晦機擎ч
    [P_AMT] => 10
    [P_UNAME] => 曄だ
    [P_RMESG1] => P_VACCT_NO=07503134797578|P_EXP_DT=20250116
    [P_RMESG2] => 
    [P_NOTI] => 
    [P_AUTH_NO] => 
)

 Array
(
    [PageCall time] => 22:20:01
    [P_TID] => INIMX_VBNKINIpayTest20250106161211155491
    [P_MID] => INIpayTest
    [P_AUTH_DT] => 20250106161520
    [P_STATUS] => 02
    [P_TYPE] => VBANK
    [P_OID] => 240930-0134
    [P_FN_CD1] => 03
    [P_FN_CD2] => 
    [P_FN_NM] => 晦機擎ч
    [P_AMT] => 10
    [P_UNAME] => 盟衛遵纔蝶お
    [P_RMESG1] => P_VACCT_NO=07503133897141|P_EXP_DT=20250116
    [P_RMESG2] => 
    [P_NOTI] => 
    [P_AUTH_NO] => 
)

 Array
(
    [PageCall time] => 22:30:00
    [P_TID] => INIMX_VBNKINIpayTest20250106173157275758
    [P_MID] => INIpayTest
    [P_AUTH_DT] => 20250106173435
    [P_STATUS] => 02
    [P_TYPE] => VBANK
    [P_OID] => 240930-333
    [P_FN_CD1] => 03
    [P_FN_CD2] => 
    [P_FN_NM] => 晦機擎ч
    [P_AMT] => 10
    [P_UNAME] => 盟衛遵遵
    [P_RMESG1] => P_VACCT_NO=07503134897386|P_EXP_DT=20250116
    [P_RMESG2] => 
    [P_NOTI] => 
    [P_AUTH_NO] => 
)

 Array
(
    [PageCall time] => 22:30:01
    [P_TID] => INIMX_VBNKINIpayTest20250106161211155491
    [P_MID] => INIpayTest
    [P_AUTH_DT] => 20250106161520
    [P_STATUS] => 02
    [P_TYPE] => VBANK
    [P_OID] => 240930-0134
    [P_FN_CD1] => 03
    [P_FN_CD2] => 
    [P_FN_NM] => 晦機擎ч
    [P_AMT] => 10
    [P_UNAME] => 盟衛遵纔蝶お
    [P_RMESG1] => P_VACCT_NO=07503133897141|P_EXP_DT=20250116
    [P_RMESG2] => 
    [P_NOTI] => 
    [P_AUTH_NO] => 
)

 Array
(
    [PageCall time] => 22:30:01
    [P_TID] => INIMX_VBNKINIpayTest20250106172342785613
    [P_MID] => INIpayTest
    [P_AUTH_DT] => 20250106172649
    [P_STATUS] => 02
    [P_TYPE] => VBANK
    [P_OID] => 240930-120
    [P_FN_CD1] => 03
    [P_FN_CD2] => 
    [P_FN_NM] => 晦機擎ч
    [P_AMT] => 10
    [P_UNAME] => 曄だ
    [P_RMESG1] => P_VACCT_NO=07503134797578|P_EXP_DT=20250116
    [P_RMESG2] => 
    [P_NOTI] => 
    [P_AUTH_NO] => 
)

 Array
(
    [PageCall time] => 22:40:00
    [P_TID] => INIMX_VBNKINIpayTest20250106173157275758
    [P_MID] => INIpayTest
    [P_AUTH_DT] => 20250106173435
    [P_STATUS] => 02
    [P_TYPE] => VBANK
    [P_OID] => 240930-333
    [P_FN_CD1] => 03
    [P_FN_CD2] => 
    [P_FN_NM] => 晦機擎ч
    [P_AMT] => 10
    [P_UNAME] => 盟衛遵遵
    [P_RMESG1] => P_VACCT_NO=07503134897386|P_EXP_DT=20250116
    [P_RMESG2] => 
    [P_NOTI] => 
    [P_AUTH_NO] => 
)

 Array
(
    [PageCall time] => 22:40:01
    [P_TID] => INIMX_VBNKINIpayTest20250106172342785613
    [P_MID] => INIpayTest
    [P_AUTH_DT] => 20250106172649
    [P_STATUS] => 02
    [P_TYPE] => VBANK
    [P_OID] => 240930-120
    [P_FN_CD1] => 03
    [P_FN_CD2] => 
    [P_FN_NM] => 晦機擎ч
    [P_AMT] => 10
    [P_UNAME] => 曄だ
    [P_RMESG1] => P_VACCT_NO=07503134797578|P_EXP_DT=20250116
    [P_RMESG2] => 
    [P_NOTI] => 
    [P_AUTH_NO] => 
)

 Array
(
    [PageCall time] => 22:40:01
    [P_TID] => INIMX_VBNKINIpayTest20250106161211155491
    [P_MID] => INIpayTest
    [P_AUTH_DT] => 20250106161520
    [P_STATUS] => 02
    [P_TYPE] => VBANK
    [P_OID] => 240930-0134
    [P_FN_CD1] => 03
    [P_FN_CD2] => 
    [P_FN_NM] => 晦機擎ч
    [P_AMT] => 10
    [P_UNAME] => 盟衛遵纔蝶お
    [P_RMESG1] => P_VACCT_NO=07503133897141|P_EXP_DT=20250116
    [P_RMESG2] => 
    [P_NOTI] => 
    [P_AUTH_NO] => 
)

 Array
(
    [PageCall time] => 22:50:00
    [P_TID] => INIMX_VBNKINIpayTest20250106173157275758
    [P_MID] => INIpayTest
    [P_AUTH_DT] => 20250106173435
    [P_STATUS] => 02
    [P_TYPE] => VBANK
    [P_OID] => 240930-333
    [P_FN_CD1] => 03
    [P_FN_CD2] => 
    [P_FN_NM] => 晦機擎ч
    [P_AMT] => 10
    [P_UNAME] => 盟衛遵遵
    [P_RMESG1] => P_VACCT_NO=07503134897386|P_EXP_DT=20250116
    [P_RMESG2] => 
    [P_NOTI] => 
    [P_AUTH_NO] => 
)

 Array
(
    [PageCall time] => 22:50:01
    [P_TID] => INIMX_VBNKINIpayTest20250106161211155491
    [P_MID] => INIpayTest
    [P_AUTH_DT] => 20250106161520
    [P_STATUS] => 02
    [P_TYPE] => VBANK
    [P_OID] => 240930-0134
    [P_FN_CD1] => 03
    [P_FN_CD2] => 
    [P_FN_NM] => 晦機擎ч
    [P_AMT] => 10
    [P_UNAME] => 盟衛遵纔蝶お
    [P_RMESG1] => P_VACCT_NO=07503133897141|P_EXP_DT=20250116
    [P_RMESG2] => 
    [P_NOTI] => 
    [P_AUTH_NO] => 
)

 Array
(
    [PageCall time] => 22:50:01
    [P_TID] => INIMX_VBNKINIpayTest20250106172342785613
    [P_MID] => INIpayTest
    [P_AUTH_DT] => 20250106172649
    [P_STATUS] => 02
    [P_TYPE] => VBANK
    [P_OID] => 240930-120
    [P_FN_CD1] => 03
    [P_FN_CD2] => 
    [P_FN_NM] => 晦機擎ч
    [P_AMT] => 10
    [P_UNAME] => 曄だ
    [P_RMESG1] => P_VACCT_NO=07503134797578|P_EXP_DT=20250116
    [P_RMESG2] => 
    [P_NOTI] => 
    [P_AUTH_NO] => 
)

 Array
(
    [PageCall time] => 23:00:01
    [P_TID] => INIMX_VBNKINIpayTest20250106173157275758
    [P_MID] => INIpayTest
    [P_AUTH_DT] => 20250106173435
    [P_STATUS] => 02
    [P_TYPE] => VBANK
    [P_OID] => 240930-333
    [P_FN_CD1] => 03
    [P_FN_CD2] => 
    [P_FN_NM] => 晦機擎ч
    [P_AMT] => 10
    [P_UNAME] => 盟衛遵遵
    [P_RMESG1] => P_VACCT_NO=07503134897386|P_EXP_DT=20250116
    [P_RMESG2] => 
    [P_NOTI] => 
    [P_AUTH_NO] => 
)

 Array
(
    [PageCall time] => 23:00:01
    [P_TID] => INIMX_VBNKINIpayTest20250106172342785613
    [P_MID] => INIpayTest
    [P_AUTH_DT] => 20250106172649
    [P_STATUS] => 02
    [P_TYPE] => VBANK
    [P_OID] => 240930-120
    [P_FN_CD1] => 03
    [P_FN_CD2] => 
    [P_FN_NM] => 晦機擎ч
    [P_AMT] => 10
    [P_UNAME] => 曄だ
    [P_RMESG1] => P_VACCT_NO=07503134797578|P_EXP_DT=20250116
    [P_RMESG2] => 
    [P_NOTI] => 
    [P_AUTH_NO] => 
)

 Array
(
    [PageCall time] => 23:00:01
    [P_TID] => INIMX_VBNKINIpayTest20250106161211155491
    [P_MID] => INIpayTest
    [P_AUTH_DT] => 20250106161520
    [P_STATUS] => 02
    [P_TYPE] => VBANK
    [P_OID] => 240930-0134
    [P_FN_CD1] => 03
    [P_FN_CD2] => 
    [P_FN_NM] => 晦機擎ч
    [P_AMT] => 10
    [P_UNAME] => 盟衛遵纔蝶お
    [P_RMESG1] => P_VACCT_NO=07503133897141|P_EXP_DT=20250116
    [P_RMESG2] => 
    [P_NOTI] => 
    [P_AUTH_NO] => 
)

 Array
(
    [PageCall time] => 23:10:00
    [P_TID] => INIMX_VBNKINIpayTest20250106173157275758
    [P_MID] => INIpayTest
    [P_AUTH_DT] => 20250106173435
    [P_STATUS] => 02
    [P_TYPE] => VBANK
    [P_OID] => 240930-333
    [P_FN_CD1] => 03
    [P_FN_CD2] => 
    [P_FN_NM] => 晦機擎ч
    [P_AMT] => 10
    [P_UNAME] => 盟衛遵遵
    [P_RMESG1] => P_VACCT_NO=07503134897386|P_EXP_DT=20250116
    [P_RMESG2] => 
    [P_NOTI] => 
    [P_AUTH_NO] => 
)

 Array
(
    [PageCall time] => 23:10:01
    [P_TID] => INIMX_VBNKINIpayTest20250106172342785613
    [P_MID] => INIpayTest
    [P_AUTH_DT] => 20250106172649
    [P_STATUS] => 02
    [P_TYPE] => VBANK
    [P_OID] => 240930-120
    [P_FN_CD1] => 03
    [P_FN_CD2] => 
    [P_FN_NM] => 晦機擎ч
    [P_AMT] => 10
    [P_UNAME] => 曄だ
    [P_RMESG1] => P_VACCT_NO=07503134797578|P_EXP_DT=20250116
    [P_RMESG2] => 
    [P_NOTI] => 
    [P_AUTH_NO] => 
)

 Array
(
    [PageCall time] => 23:10:01
    [P_TID] => INIMX_VBNKINIpayTest20250106161211155491
    [P_MID] => INIpayTest
    [P_AUTH_DT] => 20250106161520
    [P_STATUS] => 02
    [P_TYPE] => VBANK
    [P_OID] => 240930-0134
    [P_FN_CD1] => 03
    [P_FN_CD2] => 
    [P_FN_NM] => 晦機擎ч
    [P_AMT] => 10
    [P_UNAME] => 盟衛遵纔蝶お
    [P_RMESG1] => P_VACCT_NO=07503133897141|P_EXP_DT=20250116
    [P_RMESG2] => 
    [P_NOTI] => 
    [P_AUTH_NO] => 
)

 Array
(
    [PageCall time] => 23:20:01
    [P_TID] => INIMX_VBNKINIpayTest20250106173157275758
    [P_MID] => INIpayTest
    [P_AUTH_DT] => 20250106173435
    [P_STATUS] => 02
    [P_TYPE] => VBANK
    [P_OID] => 240930-333
    [P_FN_CD1] => 03
    [P_FN_CD2] => 
    [P_FN_NM] => 晦機擎ч
    [P_AMT] => 10
    [P_UNAME] => 盟衛遵遵
    [P_RMESG1] => P_VACCT_NO=07503134897386|P_EXP_DT=20250116
    [P_RMESG2] => 
    [P_NOTI] => 
    [P_AUTH_NO] => 
)

 Array
(
    [PageCall time] => 23:20:01
    [P_TID] => INIMX_VBNKINIpayTest20250106172342785613
    [P_MID] => INIpayTest
    [P_AUTH_DT] => 20250106172649
    [P_STATUS] => 02
    [P_TYPE] => VBANK
    [P_OID] => 240930-120
    [P_FN_CD1] => 03
    [P_FN_CD2] => 
    [P_FN_NM] => 晦機擎ч
    [P_AMT] => 10
    [P_UNAME] => 曄だ
    [P_RMESG1] => P_VACCT_NO=07503134797578|P_EXP_DT=20250116
    [P_RMESG2] => 
    [P_NOTI] => 
    [P_AUTH_NO] => 
)

 Array
(
    [PageCall time] => 23:20:01
    [P_TID] => INIMX_VBNKINIpayTest20250106161211155491
    [P_MID] => INIpayTest
    [P_AUTH_DT] => 20250106161520
    [P_STATUS] => 02
    [P_TYPE] => VBANK
    [P_OID] => 240930-0134
    [P_FN_CD1] => 03
    [P_FN_CD2] => 
    [P_FN_NM] => 晦機擎ч
    [P_AMT] => 10
    [P_UNAME] => 盟衛遵纔蝶お
    [P_RMESG1] => P_VACCT_NO=07503133897141|P_EXP_DT=20250116
    [P_RMESG2] => 
    [P_NOTI] => 
    [P_AUTH_NO] => 
)

 Array
(
    [PageCall time] => 23:30:01
    [P_TID] => INIMX_VBNKINIpayTest20250106173157275758
    [P_MID] => INIpayTest
    [P_AUTH_DT] => 20250106173435
    [P_STATUS] => 02
    [P_TYPE] => VBANK
    [P_OID] => 240930-333
    [P_FN_CD1] => 03
    [P_FN_CD2] => 
    [P_FN_NM] => 晦機擎ч
    [P_AMT] => 10
    [P_UNAME] => 盟衛遵遵
    [P_RMESG1] => P_VACCT_NO=07503134897386|P_EXP_DT=20250116
    [P_RMESG2] => 
    [P_NOTI] => 
    [P_AUTH_NO] => 
)

 Array
(
    [PageCall time] => 23:30:01
    [P_TID] => INIMX_VBNKINIpayTest20250106172342785613
    [P_MID] => INIpayTest
    [P_AUTH_DT] => 20250106172649
    [P_STATUS] => 02
    [P_TYPE] => VBANK
    [P_OID] => 240930-120
    [P_FN_CD1] => 03
    [P_FN_CD2] => 
    [P_FN_NM] => 晦機擎ч
    [P_AMT] => 10
    [P_UNAME] => 曄だ
    [P_RMESG1] => P_VACCT_NO=07503134797578|P_EXP_DT=20250116
    [P_RMESG2] => 
    [P_NOTI] => 
    [P_AUTH_NO] => 
)

 Array
(
    [PageCall time] => 23:30:01
    [P_TID] => INIMX_VBNKINIpayTest20250106161211155491
    [P_MID] => INIpayTest
    [P_AUTH_DT] => 20250106161520
    [P_STATUS] => 02
    [P_TYPE] => VBANK
    [P_OID] => 240930-0134
    [P_FN_CD1] => 03
    [P_FN_CD2] => 
    [P_FN_NM] => 晦機擎ч
    [P_AMT] => 10
    [P_UNAME] => 盟衛遵纔蝶お
    [P_RMESG1] => P_VACCT_NO=07503133897141|P_EXP_DT=20250116
    [P_RMESG2] => 
    [P_NOTI] => 
    [P_AUTH_NO] => 
)

 Array
(
    [PageCall time] => 23:40:01
    [P_TID] => INIMX_VBNKINIpayTest20250106173157275758
    [P_MID] => INIpayTest
    [P_AUTH_DT] => 20250106173435
    [P_STATUS] => 02
    [P_TYPE] => VBANK
    [P_OID] => 240930-333
    [P_FN_CD1] => 03
    [P_FN_CD2] => 
    [P_FN_NM] => 晦機擎ч
    [P_AMT] => 10
    [P_UNAME] => 盟衛遵遵
    [P_RMESG1] => P_VACCT_NO=07503134897386|P_EXP_DT=20250116
    [P_RMESG2] => 
    [P_NOTI] => 
    [P_AUTH_NO] => 
)

 Array
(
    [PageCall time] => 23:40:01
    [P_TID] => INIMX_VBNKINIpayTest20250106172342785613
    [P_MID] => INIpayTest
    [P_AUTH_DT] => 20250106172649
    [P_STATUS] => 02
    [P_TYPE] => VBANK
    [P_OID] => 240930-120
    [P_FN_CD1] => 03
    [P_FN_CD2] => 
    [P_FN_NM] => 晦機擎ч
    [P_AMT] => 10
    [P_UNAME] => 曄だ
    [P_RMESG1] => P_VACCT_NO=07503134797578|P_EXP_DT=20250116
    [P_RMESG2] => 
    [P_NOTI] => 
    [P_AUTH_NO] => 
)

 Array
(
    [PageCall time] => 23:40:01
    [P_TID] => INIMX_VBNKINIpayTest20250106161211155491
    [P_MID] => INIpayTest
    [P_AUTH_DT] => 20250106161520
    [P_STATUS] => 02
    [P_TYPE] => VBANK
    [P_OID] => 240930-0134
    [P_FN_CD1] => 03
    [P_FN_CD2] => 
    [P_FN_NM] => 晦機擎ч
    [P_AMT] => 10
    [P_UNAME] => 盟衛遵纔蝶お
    [P_RMESG1] => P_VACCT_NO=07503133897141|P_EXP_DT=20250116
    [P_RMESG2] => 
    [P_NOTI] => 
    [P_AUTH_NO] => 
)

 Array
(
    [PageCall time] => 23:50:01
    [P_TID] => INIMX_VBNKINIpayTest20250106173157275758
    [P_MID] => INIpayTest
    [P_AUTH_DT] => 20250106173435
    [P_STATUS] => 02
    [P_TYPE] => VBANK
    [P_OID] => 240930-333
    [P_FN_CD1] => 03
    [P_FN_CD2] => 
    [P_FN_NM] => 晦機擎ч
    [P_AMT] => 10
    [P_UNAME] => 盟衛遵遵
    [P_RMESG1] => P_VACCT_NO=07503134897386|P_EXP_DT=20250116
    [P_RMESG2] => 
    [P_NOTI] => 
    [P_AUTH_NO] => 
)

 Array
(
    [PageCall time] => 23:50:01
    [P_TID] => INIMX_VBNKINIpayTest20250106172342785613
    [P_MID] => INIpayTest
    [P_AUTH_DT] => 20250106172649
    [P_STATUS] => 02
    [P_TYPE] => VBANK
    [P_OID] => 240930-120
    [P_FN_CD1] => 03
    [P_FN_CD2] => 
    [P_FN_NM] => 晦機擎ч
    [P_AMT] => 10
    [P_UNAME] => 曄だ
    [P_RMESG1] => P_VACCT_NO=07503134797578|P_EXP_DT=20250116
    [P_RMESG2] => 
    [P_NOTI] => 
    [P_AUTH_NO] => 
)

 Array
(
    [PageCall time] => 23:50:01
    [P_TID] => INIMX_VBNKINIpayTest20250106161211155491
    [P_MID] => INIpayTest
    [P_AUTH_DT] => 20250106161520
    [P_STATUS] => 02
    [P_TYPE] => VBANK
    [P_OID] => 240930-0134
    [P_FN_CD1] => 03
    [P_FN_CD2] => 
    [P_FN_NM] => 晦機擎ч
    [P_AMT] => 10
    [P_UNAME] => 盟衛遵纔蝶お
    [P_RMESG1] => P_VACCT_NO=07503133897141|P_EXP_DT=20250116
    [P_RMESG2] => 
    [P_NOTI] => 
    [P_AUTH_NO] => 
)

