 Array
(
    [PageCall time] => 00:26:48
    [P_TID] => INIMX_VBNKCAEcatca0720250310002310145287
    [P_MID] => CAEcatca07
    [P_AUTH_DT] => 20250310002648
    [P_STATUS] => 02
    [P_TYPE] => VBANK
    [P_OID] => 250310-001
    [P_FN_CD1] => 03
    [P_FN_CD2] => 
    [P_FN_NM] => 기업은행
    [P_AMT] => 3000
    [P_UNAME] => 김고은
    [P_RMESG1] => P_VACCT_NO=07502356397858|P_EXP_DT=20250320
    [P_RMESG2] => 
    [P_NOTI] => 
    [P_AUTH_NO] => 
)

 Array
(
    [PageCall time] => 09:03:09
    [P_TID] => INIMX_VBNKCAEcatca0720250310090108635660
    [P_MID] => CAEcatca07
    [P_AUTH_DT] => 20250310090309
    [P_STATUS] => 02
    [P_TYPE] => VBANK
    [P_OID] => 250310-002
    [P_FN_CD1] => 23
    [P_FN_CD2] => 
    [P_FN_NM] => SC은행
    [P_AMT] => 3000
    [P_UNAME] => 이지형
    [P_RMESG1] => P_VACCT_NO=46416006237550|P_EXP_DT=20250320
    [P_RMESG2] => 
    [P_NOTI] => 
    [P_AUTH_NO] => 
)

 Array
(
    [PageCall time] => 10:28:08
    [P_TID] => INIMX_VBNKCAEcatca0720250310102541345040
    [P_MID] => CAEcatca07
    [P_AUTH_DT] => 20250310102807
    [P_STATUS] => 02
    [P_TYPE] => VBANK
    [P_OID] => 250310-006
    [P_FN_CD1] => 11
    [P_FN_CD2] => 
    [P_FN_NM] => NH농협은행
    [P_AMT] => 3000
    [P_UNAME] => 류진경
    [P_RMESG1] => P_VACCT_NO=79014507200827|P_EXP_DT=20250320
    [P_RMESG2] => 
    [P_NOTI] => 
    [P_AUTH_NO] => 
)

 Array
(
    [PageCall time] => 10:38:59
    [P_TID] => INIMX_VBNKCAEcatca0720250310103612825328
    [P_MID] => CAEcatca07
    [P_AUTH_DT] => 20250310103859
    [P_STATUS] => 02
    [P_TYPE] => VBANK
    [P_OID] => 250310-008
    [P_FN_CD1] => 03
    [P_FN_CD2] => 
    [P_FN_NM] => 기업은행
    [P_AMT] => 3000
    [P_UNAME] => 조성현
    [P_RMESG1] => P_VACCT_NO=07502357597178|P_EXP_DT=20250320
    [P_RMESG2] => 
    [P_NOTI] => 
    [P_AUTH_NO] => 
)

 Array
(
    [PageCall time] => 11:05:43
    [P_TID] => INIMX_VBNKCAEcatca0720250310110241465961
    [P_MID] => CAEcatca07
    [P_AUTH_DT] => 20250310110543
    [P_STATUS] => 02
    [P_TYPE] => VBANK
    [P_OID] => 250310-011
    [P_FN_CD1] => 81
    [P_FN_CD2] => 
    [P_FN_NM] => 하나은행
    [P_AMT] => 3000
    [P_UNAME] => 박진현
    [P_RMESG1] => P_VACCT_NO=20894047892137|P_EXP_DT=20250320
    [P_RMESG2] => 
    [P_NOTI] => 
    [P_AUTH_NO] => 
)

 Array
(
    [PageCall time] => 11:16:21
    [P_TID] => INIMX_VBNKCAEcatca0720250310111552875424
    [P_MID] => CAEcatca07
    [P_AUTH_DT] => 20250310111621
    [P_STATUS] => 02
    [P_TYPE] => VBANK
    [P_OID] => 250310-010
    [P_FN_CD1] => 11
    [P_FN_CD2] => 
    [P_FN_NM] => NH농협은행
    [P_AMT] => 3000
    [P_UNAME] => 문숙영
    [P_RMESG1] => P_VACCT_NO=79014507211114|P_EXP_DT=20250320
    [P_RMESG2] => 
    [P_NOTI] => 
    [P_AUTH_NO] => 
)

 Array
(
    [PageCall time] => 11:19:39
    [P_TID] => INIMX_VBNKCAEcatca0720250310111857845516
    [P_MID] => CAEcatca07
    [P_AUTH_DT] => 20250310111939
    [P_STATUS] => 02
    [P_TYPE] => VBANK
    [P_OID] => 250310-007
    [P_FN_CD1] => 11
    [P_FN_CD2] => 
    [P_FN_NM] => NH농협은행
    [P_AMT] => 3000
    [P_UNAME] => 최성욱
    [P_RMESG1] => P_VACCT_NO=79014507211588|P_EXP_DT=20250320
    [P_RMESG2] => 
    [P_NOTI] => 
    [P_AUTH_NO] => 
)

 Array
(
    [PageCall time] => 11:47:50
    [P_TID] => INIMX_VBNKCAEcatca0720250310114342115526
    [P_MID] => CAEcatca07
    [P_AUTH_DT] => 20250310114750
    [P_STATUS] => 02
    [P_TYPE] => VBANK
    [P_OID] => 250310-014
    [P_FN_CD1] => 89
    [P_FN_CD2] => 
    [P_FN_NM] => 케이뱅크
    [P_AMT] => 3000
    [P_UNAME] => 육심천
    [P_RMESG1] => P_VACCT_NO=70112004109683|P_EXP_DT=20250320
    [P_RMESG2] => 
    [P_NOTI] => 
    [P_AUTH_NO] => 
)

 Array
(
    [PageCall time] => 11:53:40
    [P_TID] => INIMX_VBNKCAEcatca0720250310115058985600
    [P_MID] => CAEcatca07
    [P_AUTH_DT] => 20250310115340
    [P_STATUS] => 02
    [P_TYPE] => VBANK
    [P_OID] => 250310-012
    [P_FN_CD1] => 04
    [P_FN_CD2] => 
    [P_FN_NM] => KB국민은행
    [P_AMT] => 3000
    [P_UNAME] => 김재익
    [P_RMESG1] => P_VACCT_NO=26159078202423|P_EXP_DT=20250320
    [P_RMESG2] => 
    [P_NOTI] => 
    [P_AUTH_NO] => 
)

 Array
(
    [PageCall time] => 11:55:46
    [P_TID] => INIMX_VBNKCAEcatca0720250310115338215215
    [P_MID] => CAEcatca07
    [P_AUTH_DT] => 20250310115546
    [P_STATUS] => 02
    [P_TYPE] => VBANK
    [P_OID] => 250310-016
    [P_FN_CD1] => 11
    [P_FN_CD2] => 
    [P_FN_NM] => NH농협은행
    [P_AMT] => 3000
    [P_UNAME] => 이성보
    [P_RMESG1] => P_VACCT_NO=79014507218273|P_EXP_DT=20250320
    [P_RMESG2] => 
    [P_NOTI] => 
    [P_AUTH_NO] => 
)

 Array
(
    [PageCall time] => 12:09:33
    [P_TID] => INIMX_VBNKCAEcatca0720250310120620515871
    [P_MID] => CAEcatca07
    [P_AUTH_DT] => 20250310120933
    [P_STATUS] => 02
    [P_TYPE] => VBANK
    [P_OID] => 250310-017
    [P_FN_CD1] => 20
    [P_FN_CD2] => 
    [P_FN_NM] => 우리은행
    [P_AMT] => 3000
    [P_UNAME] => 전양신
    [P_RMESG1] => P_VACCT_NO=27203527918811|P_EXP_DT=20250320
    [P_RMESG2] => 
    [P_NOTI] => 
    [P_AUTH_NO] => 
)

 Array
(
    [PageCall time] => 12:15:15
    [P_TID] => INIMX_VBNKCAEcatca0720250310121236925870
    [P_MID] => CAEcatca07
    [P_AUTH_DT] => 20250310121515
    [P_STATUS] => 02
    [P_TYPE] => VBANK
    [P_OID] => 250310-018
    [P_FN_CD1] => 03
    [P_FN_CD2] => 
    [P_FN_NM] => 기업은행
    [P_AMT] => 3000
    [P_UNAME] => 최정원
    [P_RMESG1] => P_VACCT_NO=07502358597398|P_EXP_DT=20250320
    [P_RMESG2] => 
    [P_NOTI] => 
    [P_AUTH_NO] => 
)

 Array
(
    [PageCall time] => 13:03:45
    [P_TID] => INIMX_VBNKCAEcatca0720250310104101005869
    [P_MID] => CAEcatca07
    [P_AUTH_DT] => 20250310130345
    [P_STATUS] => 02
    [P_TYPE] => VBANK
    [P_OID] => 250310-009
    [P_FN_CD1] => 11
    [P_FN_CD2] => 
    [P_FN_NM] => NH농협은행
    [P_AMT] => 3000
    [P_UNAME] => 윤삼용
    [P_RMESG1] => P_VACCT_NO=79014507203579|P_EXP_DT=20250320
    [P_RMESG2] => 
    [P_NOTI] => 
    [P_AUTH_NO] => 
)

 Array
(
    [PageCall time] => 13:57:46
    [P_TID] => INIMX_VBNKCAEcatca0720250310135614665791
    [P_MID] => CAEcatca07
    [P_AUTH_DT] => 20250310135746
    [P_STATUS] => 02
    [P_TYPE] => VBANK
    [P_OID] => 250310-021
    [P_FN_CD1] => 11
    [P_FN_CD2] => 
    [P_FN_NM] => NH농협은행
    [P_AMT] => 3000
    [P_UNAME] => 김수철
    [P_RMESG1] => P_VACCT_NO=79014507238405|P_EXP_DT=20250320
    [P_RMESG2] => 
    [P_NOTI] => 
    [P_AUTH_NO] => 
)

 Array
(
    [PageCall time] => 14:07:56
    [P_TID] => INIMX_VBNKCAEcatca0720250310140445685312
    [P_MID] => CAEcatca07
    [P_AUTH_DT] => 20250310140756
    [P_STATUS] => 02
    [P_TYPE] => VBANK
    [P_OID] => 250310-023
    [P_FN_CD1] => 20
    [P_FN_CD2] => 
    [P_FN_NM] => 우리은행
    [P_AMT] => 3000
    [P_UNAME] => 이선정
    [P_RMESG1] => P_VACCT_NO=27203543118898|P_EXP_DT=20250320
    [P_RMESG2] => 
    [P_NOTI] => 
    [P_AUTH_NO] => 
)

 Array
(
    [PageCall time] => 14:12:10
    [P_TID] => INIMX_VBNKCAEcatca0720250310140737235523
    [P_MID] => CAEcatca07
    [P_AUTH_DT] => 20250310141210
    [P_STATUS] => 02
    [P_TYPE] => VBANK
    [P_OID] => 250310-022
    [P_FN_CD1] => 81
    [P_FN_CD2] => 
    [P_FN_NM] => 하나은행
    [P_AMT] => 3000
    [P_UNAME] => 최득수
    [P_RMESG1] => P_VACCT_NO=20894049058237|P_EXP_DT=20250320
    [P_RMESG2] => 
    [P_NOTI] => 
    [P_AUTH_NO] => 
)

 Array
(
    [PageCall time] => 14:14:32
    [P_TID] => INIMX_VBNKCAEcatca0720250310141122905828
    [P_MID] => CAEcatca07
    [P_AUTH_DT] => 20250310141432
    [P_STATUS] => 02
    [P_TYPE] => VBANK
    [P_OID] => 250310-024
    [P_FN_CD1] => 88
    [P_FN_CD2] => 
    [P_FN_NM] => 신한은행
    [P_AMT] => 3000
    [P_UNAME] => 송미애
    [P_RMESG1] => P_VACCT_NO=56211990629616|P_EXP_DT=20250320
    [P_RMESG2] => 
    [P_NOTI] => 
    [P_AUTH_NO] => 
)

 Array
(
    [PageCall time] => 14:23:45
    [P_TID] => INIMX_VBNKCAEcatca0720250310142040755080
    [P_MID] => CAEcatca07
    [P_AUTH_DT] => 20250310142345
    [P_STATUS] => 02
    [P_TYPE] => VBANK
    [P_OID] => 250305-036
    [P_FN_CD1] => 81
    [P_FN_CD2] => 
    [P_FN_NM] => 하나은행
    [P_AMT] => 3000
    [P_UNAME] => 임준혁
    [P_RMESG1] => P_VACCT_NO=20894049500637|P_EXP_DT=20250320
    [P_RMESG2] => 
    [P_NOTI] => 
    [P_AUTH_NO] => 
)

 Array
(
    [PageCall time] => 14:28:05
    [P_TID] => INIMX_VBNKCAEcatca0720250310142740855929
    [P_MID] => CAEcatca07
    [P_AUTH_DT] => 20250310142805
    [P_STATUS] => 02
    [P_TYPE] => VBANK
    [P_OID] => 250310-026
    [P_FN_CD1] => 04
    [P_FN_CD2] => 
    [P_FN_NM] => KB국민은행
    [P_AMT] => 3000
    [P_UNAME] => 이진성
    [P_RMESG1] => P_VACCT_NO=26029078345802|P_EXP_DT=20250320
    [P_RMESG2] => 
    [P_NOTI] => 
    [P_AUTH_NO] => 
)

 Array
(
    [PageCall time] => 15:03:10
    [P_TID] => INIMX_VBNKCAEcatca0720250310145953675634
    [P_MID] => CAEcatca07
    [P_AUTH_DT] => 20250310150310
    [P_STATUS] => 02
    [P_TYPE] => VBANK
    [P_OID] => 250310-027
    [P_FN_CD1] => 89
    [P_FN_CD2] => 
    [P_FN_NM] => 케이뱅크
    [P_AMT] => 3000
    [P_UNAME] => 송화준
    [P_RMESG1] => P_VACCT_NO=70112004111768|P_EXP_DT=20250320
    [P_RMESG2] => 
    [P_NOTI] => 
    [P_AUTH_NO] => 
)

 Array
(
    [PageCall time] => 15:04:44
    [P_TID] => INIMX_VBNKCAEcatca0720250310150016955385
    [P_MID] => CAEcatca07
    [P_AUTH_DT] => 20250310150444
    [P_STATUS] => 02
    [P_TYPE] => VBANK
    [P_OID] => 250310-028
    [P_FN_CD1] => 20
    [P_FN_CD2] => 
    [P_FN_NM] => 우리은행
    [P_AMT] => 3000
    [P_UNAME] => 홍애란
    [P_RMESG1] => P_VACCT_NO=27203564318968|P_EXP_DT=20250320
    [P_RMESG2] => 
    [P_NOTI] => 
    [P_AUTH_NO] => 
)

 Array
(
    [PageCall time] => 15:05:25
    [P_TID] => INIMX_VBNKCAEcatca0720250310150439555513
    [P_MID] => CAEcatca07
    [P_AUTH_DT] => 20250310150525
    [P_STATUS] => 02
    [P_TYPE] => VBANK
    [P_OID] => 250310-030
    [P_FN_CD1] => 04
    [P_FN_CD2] => 
    [P_FN_NM] => KB국민은행
    [P_AMT] => 3000
    [P_UNAME] => 김상희
    [P_RMESG1] => P_VACCT_NO=26029078403173|P_EXP_DT=20250320
    [P_RMESG2] => 
    [P_NOTI] => 
    [P_AUTH_NO] => 
)

 Array
(
    [PageCall time] => 15:09:31
    [P_TID] => INIMX_VBNKCAEcatca0720250310150753565989
    [P_MID] => CAEcatca07
    [P_AUTH_DT] => 20250310150931
    [P_STATUS] => 02
    [P_TYPE] => VBANK
    [P_OID] => 250310-029
    [P_FN_CD1] => 11
    [P_FN_CD2] => 
    [P_FN_NM] => NH농협은행
    [P_AMT] => 3000
    [P_UNAME] => 정기옥
    [P_RMESG1] => P_VACCT_NO=79014507255051|P_EXP_DT=20250320
    [P_RMESG2] => 
    [P_NOTI] => 
    [P_AUTH_NO] => 
)

 Array
(
    [PageCall time] => 15:22:09
    [P_TID] => INIMX_VBNKCAEcatca0720250310151908245112
    [P_MID] => CAEcatca07
    [P_AUTH_DT] => 20250310152209
    [P_STATUS] => 02
    [P_TYPE] => VBANK
    [P_OID] => 250310-032
    [P_FN_CD1] => 20
    [P_FN_CD2] => 
    [P_FN_NM] => 우리은행
    [P_AMT] => 3000
    [P_UNAME] => 류호석
    [P_RMESG1] => P_VACCT_NO=27203568418182|P_EXP_DT=20250320
    [P_RMESG2] => 
    [P_NOTI] => 
    [P_AUTH_NO] => 
)

 Array
(
    [PageCall time] => 15:47:57
    [P_TID] => INIMX_VBNKCAEcatca0720250310154541825661
    [P_MID] => CAEcatca07
    [P_AUTH_DT] => 20250310154757
    [P_STATUS] => 02
    [P_TYPE] => VBANK
    [P_OID] => 250310-033
    [P_FN_CD1] => 04
    [P_FN_CD2] => 
    [P_FN_NM] => KB국민은행
    [P_AMT] => 3000
    [P_UNAME] => 변복심
    [P_RMESG1] => P_VACCT_NO=26029078467236|P_EXP_DT=20250320
    [P_RMESG2] => 
    [P_NOTI] => 
    [P_AUTH_NO] => 
)

 Array
(
    [PageCall time] => 16:51:37
    [P_TID] => INIMX_VBNKCAEcatca0720250310165022685964
    [P_MID] => CAEcatca07
    [P_AUTH_DT] => 20250310165137
    [P_STATUS] => 02
    [P_TYPE] => VBANK
    [P_OID] => 250310-034
    [P_FN_CD1] => 04
    [P_FN_CD2] => 
    [P_FN_NM] => KB국민은행
    [P_AMT] => 3000
    [P_UNAME] => 공용
    [P_RMESG1] => P_VACCT_NO=26029078577311|P_EXP_DT=20250320
    [P_RMESG2] => 
    [P_NOTI] => 
    [P_AUTH_NO] => 
)

 Array
(
    [PageCall time] => 17:58:40
    [P_TID] => INIMX_VBNKCAEcatca0720250310175736265399
    [P_MID] => CAEcatca07
    [P_AUTH_DT] => 20250310175840
    [P_STATUS] => 02
    [P_TYPE] => VBANK
    [P_OID] => 250310-004
    [P_FN_CD1] => 04
    [P_FN_CD2] => 
    [P_FN_NM] => KB국민은행
    [P_AMT] => 3000
    [P_UNAME] => 김연옥
    [P_RMESG1] => P_VACCT_NO=26029078655534|P_EXP_DT=20250320
    [P_RMESG2] => 
    [P_NOTI] => 
    [P_AUTH_NO] => 
)

 Array
(
    [PageCall time] => 18:10:07
    [P_TID] => INIMX_VBNKCAEcatca0720250310180928435199
    [P_MID] => CAEcatca07
    [P_AUTH_DT] => 20250310181007
    [P_STATUS] => 02
    [P_TYPE] => VBANK
    [P_OID] => 250310-036
    [P_FN_CD1] => 04
    [P_FN_CD2] => 
    [P_FN_NM] => KB국민은행
    [P_AMT] => 3000
    [P_UNAME] => 박민경
    [P_RMESG1] => P_VACCT_NO=26029078670845|P_EXP_DT=20250320
    [P_RMESG2] => 
    [P_NOTI] => 
    [P_AUTH_NO] => 
)

 Array
(
    [PageCall time] => 18:13:05
    [P_TID] => INIMX_VBNKCAEcatca0720250310181013005082
    [P_MID] => CAEcatca07
    [P_AUTH_DT] => 20250310181305
    [P_STATUS] => 02
    [P_TYPE] => VBANK
    [P_OID] => 250308-001
    [P_FN_CD1] => 20
    [P_FN_CD2] => 
    [P_FN_NM] => 우리은행
    [P_AMT] => 3000
    [P_UNAME] => 이영조
    [P_RMESG1] => P_VACCT_NO=27204104318449|P_EXP_DT=20250320
    [P_RMESG2] => 
    [P_NOTI] => 
    [P_AUTH_NO] => 
)

 Array
(
    [PageCall time] => 18:29:32
    [P_TID] => INIMX_VBNKCAEcatca0720250310182851345085
    [P_MID] => CAEcatca07
    [P_AUTH_DT] => 20250310182931
    [P_STATUS] => 02
    [P_TYPE] => VBANK
    [P_OID] => 250310-037
    [P_FN_CD1] => 11
    [P_FN_CD2] => 
    [P_FN_NM] => NH농협은행
    [P_AMT] => 3000
    [P_UNAME] => 문채혁
    [P_RMESG1] => P_VACCT_NO=79014507291274|P_EXP_DT=20250320
    [P_RMESG2] => 
    [P_NOTI] => 
    [P_AUTH_NO] => 
)

 Array
(
    [PageCall time] => 19:12:07
    [P_TID] => INIMX_VBNKCAEcatca0720250310190654875407
    [P_MID] => CAEcatca07
    [P_AUTH_DT] => 20250310191207
    [P_STATUS] => 02
    [P_TYPE] => VBANK
    [P_OID] => 250310-031
    [P_FN_CD1] => 81
    [P_FN_CD2] => 
    [P_FN_NM] => 하나은행
    [P_AMT] => 3000
    [P_UNAME] => 이희준
    [P_RMESG1] => P_VACCT_NO=20894052097437|P_EXP_DT=20250320
    [P_RMESG2] => 
    [P_NOTI] => 
    [P_AUTH_NO] => 
)

 Array
(
    [PageCall time] => 20:00:45
    [P_TID] => INIMX_VBNKCAEcatca0720250310195750935685
    [P_MID] => CAEcatca07
    [P_AUTH_DT] => 20250310200044
    [P_STATUS] => 02
    [P_TYPE] => VBANK
    [P_OID] => 250310-039
    [P_FN_CD1] => 03
    [P_FN_CD2] => 
    [P_FN_NM] => 기업은행
    [P_AMT] => 3000
    [P_UNAME] => 박민식
    [P_RMESG1] => P_VACCT_NO=07502363497659|P_EXP_DT=20250320
    [P_RMESG2] => 
    [P_NOTI] => 
    [P_AUTH_NO] => 
)

 Array
(
    [PageCall time] => 21:25:40
    [P_TID] => INIMX_VBNKCAEcatca0720250310212251665425
    [P_MID] => CAEcatca07
    [P_AUTH_DT] => 20250310212540
    [P_STATUS] => 02
    [P_TYPE] => VBANK
    [P_OID] => 250309-008
    [P_FN_CD1] => 88
    [P_FN_CD2] => 
    [P_FN_NM] => 신한은행
    [P_AMT] => 3000
    [P_UNAME] => 유지성
    [P_RMESG1] => P_VACCT_NO=56211990671650|P_EXP_DT=20250320
    [P_RMESG2] => 
    [P_NOTI] => 
    [P_AUTH_NO] => 
)

 Array
(
    [PageCall time] => 23:13:02
    [P_TID] => INIMX_VBNKCAEcatca0720250310230954665973
    [P_MID] => CAEcatca07
    [P_AUTH_DT] => 20250310231302
    [P_STATUS] => 02
    [P_TYPE] => VBANK
    [P_OID] => 250310-042
    [P_FN_CD1] => 03
    [P_FN_CD2] => 
    [P_FN_NM] => 기업은행
    [P_AMT] => 3000
    [P_UNAME] => 김문성
    [P_RMESG1] => P_VACCT_NO=07502364297801|P_EXP_DT=20250320
    [P_RMESG2] => 
    [P_NOTI] => 
    [P_AUTH_NO] => 
)

