 Array
(
    [PageCall time] => 06:43:09
    [P_TID] => INIMX_VBNKCAEcatca0720251224151527415343
    [P_MID] => CAEcatca07
    [P_AUTH_DT] => 20251225064309
    [P_STATUS] => 02
    [P_TYPE] => VBANK
    [P_OID] => 251224-026
    [P_FN_CD1] => 11
    [P_FN_CD2] => 
    [P_FN_NM] => NH농협은행
    [P_AMT] => 3000
    [P_UNAME] => 박종의
    [P_RMESG1] => P_VACCT_NO=79010584581042|P_EXP_DT=20260103
    [P_RMESG2] => 
    [P_NOTI] => 
    [P_AUTH_NO] => 
)

 Array
(
    [PageCall time] => 09:53:14
    [P_TID] => INIMX_VBNKCAEcatca0720251225095016125524
    [P_MID] => CAEcatca07
    [P_AUTH_DT] => 20251225095314
    [P_STATUS] => 02
    [P_TYPE] => VBANK
    [P_OID] => 251225-002
    [P_FN_CD1] => 81
    [P_FN_CD2] => 
    [P_FN_NM] => 하나은행
    [P_AMT] => 3000
    [P_UNAME] => 나성윤
    [P_RMESG1] => P_VACCT_NO=20893809275337|P_EXP_DT=20260104
    [P_RMESG2] => 
    [P_NOTI] => 
    [P_AUTH_NO] => 
)

 Array
(
    [PageCall time] => 13:36:11
    [P_TID] => INIMX_VBNKCAEcatca0720251224101221845307
    [P_MID] => CAEcatca07
    [P_AUTH_DT] => 20251225133611
    [P_STATUS] => 02
    [P_TYPE] => VBANK
    [P_OID] => 251218-020
    [P_FN_CD1] => 88
    [P_FN_CD2] => 
    [P_FN_NM] => 신한은행
    [P_AMT] => 3000
    [P_UNAME] => 신지향
    [P_RMESG1] => P_VACCT_NO=56211991429240|P_EXP_DT=20260103
    [P_RMESG2] => 
    [P_NOTI] => 
    [P_AUTH_NO] => 
)

 Array
(
    [PageCall time] => 14:20:56
    [P_TID] => INIMX_VBNKCAEcatca0720251225141948905080
    [P_MID] => CAEcatca07
    [P_AUTH_DT] => 20251225142056
    [P_STATUS] => 02
    [P_TYPE] => VBANK
    [P_OID] => 251225-003
    [P_FN_CD1] => 11
    [P_FN_CD2] => 
    [P_FN_NM] => NH농협은행
    [P_AMT] => 3000
    [P_UNAME] => 조경란
    [P_RMESG1] => P_VACCT_NO=79010587412504|P_EXP_DT=20260104
    [P_RMESG2] => 
    [P_NOTI] => 
    [P_AUTH_NO] => 
)

 Array
(
    [PageCall time] => 16:37:37
    [P_TID] => INIMX_VBNKCAEcatca0720251225163458285662
    [P_MID] => CAEcatca07
    [P_AUTH_DT] => 20251225163737
    [P_STATUS] => 02
    [P_TYPE] => VBANK
    [P_OID] => 251225-005
    [P_FN_CD1] => 89
    [P_FN_CD2] => 
    [P_FN_NM] => 케이뱅크
    [P_AMT] => 3000
    [P_UNAME] => 이새롬
    [P_RMESG1] => P_VACCT_NO=70112004157781|P_EXP_DT=20260104
    [P_RMESG2] => 
    [P_NOTI] => 
    [P_AUTH_NO] => 
)

 Array
(
    [PageCall time] => 18:18:54
    [P_TID] => INIMX_VBNKCAEcatca0720251225181019335224
    [P_MID] => CAEcatca07
    [P_AUTH_DT] => 20251225181854
    [P_STATUS] => 02
    [P_TYPE] => VBANK
    [P_OID] => 251224-001
    [P_FN_CD1] => 04
    [P_FN_CD2] => 
    [P_FN_NM] => KB국민은행
    [P_AMT] => 3000
    [P_UNAME] => 구명림
    [P_RMESG1] => P_VACCT_NO=26119078050075|P_EXP_DT=20260104
    [P_RMESG2] => 
    [P_NOTI] => 
    [P_AUTH_NO] => 
)

 Array
(
    [PageCall time] => 18:21:40
    [P_TID] => INIMX_VBNKCAEcatca0720251225181641335338
    [P_MID] => CAEcatca07
    [P_AUTH_DT] => 20251225182140
    [P_STATUS] => 02
    [P_TYPE] => VBANK
    [P_OID] => 251225-007
    [P_FN_CD1] => 04
    [P_FN_CD2] => 
    [P_FN_NM] => KB국민은행
    [P_AMT] => 3000
    [P_UNAME] => 장현숫
    [P_RMESG1] => P_VACCT_NO=26119078051308|P_EXP_DT=20260104
    [P_RMESG2] => 
    [P_NOTI] => 
    [P_AUTH_NO] => 
)

 Array
(
    [PageCall time] => 18:49:51
    [P_TID] => INIMX_VBNKCAEcatca0720251225184654705715
    [P_MID] => CAEcatca07
    [P_AUTH_DT] => 20251225184951
    [P_STATUS] => 02
    [P_TYPE] => VBANK
    [P_OID] => 251225-009
    [P_FN_CD1] => 88
    [P_FN_CD2] => 
    [P_FN_NM] => 신한은행
    [P_AMT] => 3000
    [P_UNAME] => 조안나
    [P_RMESG1] => P_VACCT_NO=56211991535639|P_EXP_DT=20260104
    [P_RMESG2] => 
    [P_NOTI] => 
    [P_AUTH_NO] => 
)

 Array
(
    [PageCall time] => 20:17:00
    [P_TID] => INIMX_VBNKCAEcatca0720251225201005225398
    [P_MID] => CAEcatca07
    [P_AUTH_DT] => 20251225201700
    [P_STATUS] => 02
    [P_TYPE] => VBANK
    [P_OID] => 251225-010
    [P_FN_CD1] => 11
    [P_FN_CD2] => 
    [P_FN_NM] => NH농협은행
    [P_AMT] => 3000
    [P_UNAME] => 윤영희
    [P_RMESG1] => P_VACCT_NO=79010587471363|P_EXP_DT=20260104
    [P_RMESG2] => 
    [P_NOTI] => 
    [P_AUTH_NO] => 
)

 Array
(
    [PageCall time] => 21:22:36
    [P_TID] => INIMX_VBNKCAEcatca0720251225212138105264
    [P_MID] => CAEcatca07
    [P_AUTH_DT] => 20251225212236
    [P_STATUS] => 02
    [P_TYPE] => VBANK
    [P_OID] => 251219-020
    [P_FN_CD1] => 11
    [P_FN_CD2] => 
    [P_FN_NM] => NH농협은행
    [P_AMT] => 3000
    [P_UNAME] => 강지현
    [P_RMESG1] => P_VACCT_NO=79010587489379|P_EXP_DT=20260104
    [P_RMESG2] => 
    [P_NOTI] => 
    [P_AUTH_NO] => 
)

 Array
(
    [PageCall time] => 22:03:16
    [P_TID] => INIMX_VBNKCAEcatca0720251225220003845605
    [P_MID] => CAEcatca07
    [P_AUTH_DT] => 20251225220316
    [P_STATUS] => 02
    [P_TYPE] => VBANK
    [P_OID] => 251225-004
    [P_FN_CD1] => 03
    [P_FN_CD2] => 
    [P_FN_NM] => 기업은행
    [P_AMT] => 3000
    [P_UNAME] => 이광순
    [P_RMESG1] => P_VACCT_NO=07503245497828|P_EXP_DT=20260104
    [P_RMESG2] => 
    [P_NOTI] => 
    [P_AUTH_NO] => 
)

 Array
(
    [PageCall time] => 22:38:59
    [P_TID] => INIMX_VBNKCAEcatca0720251225223759825751
    [P_MID] => CAEcatca07
    [P_AUTH_DT] => 20251225223859
    [P_STATUS] => 02
    [P_TYPE] => VBANK
    [P_OID] => 251225-001
    [P_FN_CD1] => 11
    [P_FN_CD2] => 
    [P_FN_NM] => NH농협은행
    [P_AMT] => 3000
    [P_UNAME] => 임안나
    [P_RMESG1] => P_VACCT_NO=79010587503108|P_EXP_DT=20260104
    [P_RMESG2] => 
    [P_NOTI] => 
    [P_AUTH_NO] => 
)

