 Array
(
    [PageCall time] => 09:46:02
    [P_TID] => INIMX_VBNKCAEcatca0720250623094517975554
    [P_MID] => CAEcatca07
    [P_AUTH_DT] => 20250623094602
    [P_STATUS] => 02
    [P_TYPE] => VBANK
    [P_OID] => 250623-002
    [P_FN_CD1] => 11
    [P_FN_CD2] => 
    [P_FN_NM] => NH농협은행
    [P_AMT] => 3000
    [P_UNAME] => 한덕진
    [P_RMESG1] => P_VACCT_NO=79010590222524|P_EXP_DT=20250703
    [P_RMESG2] => 
    [P_NOTI] => 
    [P_AUTH_NO] => 
)

 Array
(
    [PageCall time] => 10:04:20
    [P_TID] => INIMX_VBNKCAEcatca0720250623100027245147
    [P_MID] => CAEcatca07
    [P_AUTH_DT] => 20250623100420
    [P_STATUS] => 02
    [P_TYPE] => VBANK
    [P_OID] => 250623-004
    [P_FN_CD1] => 81
    [P_FN_CD2] => 
    [P_FN_NM] => 하나은행
    [P_AMT] => 3000
    [P_UNAME] => 도선희
    [P_RMESG1] => P_VACCT_NO=20894261201937|P_EXP_DT=20250703
    [P_RMESG2] => 
    [P_NOTI] => 
    [P_AUTH_NO] => 
)

 Array
(
    [PageCall time] => 10:23:30
    [P_TID] => INIMX_VBNKCAEcatca0720250623102233575805
    [P_MID] => CAEcatca07
    [P_AUTH_DT] => 20250623102330
    [P_STATUS] => 02
    [P_TYPE] => VBANK
    [P_OID] => 250623-007
    [P_FN_CD1] => 11
    [P_FN_CD2] => 
    [P_FN_NM] => NH농협은행
    [P_AMT] => 3000
    [P_UNAME] => 이민선
    [P_RMESG1] => P_VACCT_NO=79010590231951|P_EXP_DT=20250703
    [P_RMESG2] => 
    [P_NOTI] => 
    [P_AUTH_NO] => 
)

 Array
(
    [PageCall time] => 10:36:07
    [P_TID] => INIMX_VBNKCAEcatca0720250623103253525002
    [P_MID] => CAEcatca07
    [P_AUTH_DT] => 20250623103607
    [P_STATUS] => 02
    [P_TYPE] => VBANK
    [P_OID] => 250623-005
    [P_FN_CD1] => 88
    [P_FN_CD2] => 
    [P_FN_NM] => 신한은행
    [P_AMT] => 3000
    [P_UNAME] => 정영희
    [P_RMESG1] => P_VACCT_NO=56211105241350|P_EXP_DT=20250703
    [P_RMESG2] => 
    [P_NOTI] => 
    [P_AUTH_NO] => 
)

 Array
(
    [PageCall time] => 10:41:03
    [P_TID] => INIMX_VBNKCAEcatca0720250623103734155547
    [P_MID] => CAEcatca07
    [P_AUTH_DT] => 20250623104103
    [P_STATUS] => 02
    [P_TYPE] => VBANK
    [P_OID] => 250623-010
    [P_FN_CD1] => 34
    [P_FN_CD2] => 
    [P_FN_NM] => 광주은행
    [P_AMT] => 3000
    [P_UNAME] => 이숙영
    [P_RMESG1] => P_VACCT_NO=810865350383|P_EXP_DT=20250703
    [P_RMESG2] => 
    [P_NOTI] => 
    [P_AUTH_NO] => 
)

 Array
(
    [PageCall time] => 10:43:13
    [P_TID] => INIMX_VBNKCAEcatca0720250623103851635937
    [P_MID] => CAEcatca07
    [P_AUTH_DT] => 20250623104313
    [P_STATUS] => 02
    [P_TYPE] => VBANK
    [P_OID] => 250623-011
    [P_FN_CD1] => 81
    [P_FN_CD2] => 
    [P_FN_NM] => 하나은행
    [P_AMT] => 3000
    [P_UNAME] => 황종수
    [P_RMESG1] => P_VACCT_NO=20894267086437|P_EXP_DT=20250703
    [P_RMESG2] => 
    [P_NOTI] => 
    [P_AUTH_NO] => 
)

 Array
(
    [PageCall time] => 10:53:27
    [P_TID] => INIMX_VBNKCAEcatca0720250623105150385921
    [P_MID] => CAEcatca07
    [P_AUTH_DT] => 20250623105327
    [P_STATUS] => 02
    [P_TYPE] => VBANK
    [P_OID] => 250623-014
    [P_FN_CD1] => 04
    [P_FN_CD2] => 
    [P_FN_NM] => KB국민은행
    [P_AMT] => 3000
    [P_UNAME] => 제현준
    [P_RMESG1] => P_VACCT_NO=00289071304633|P_EXP_DT=20250703
    [P_RMESG2] => 
    [P_NOTI] => 
    [P_AUTH_NO] => 
)

 Array
(
    [PageCall time] => 10:53:53
    [P_TID] => INIMX_VBNKCAEcatca0720250623105109245010
    [P_MID] => CAEcatca07
    [P_AUTH_DT] => 20250623105353
    [P_STATUS] => 02
    [P_TYPE] => VBANK
    [P_OID] => 250623-013
    [P_FN_CD1] => 04
    [P_FN_CD2] => 
    [P_FN_NM] => KB국민은행
    [P_AMT] => 3000
    [P_UNAME] => 최무근
    [P_RMESG1] => P_VACCT_NO=00289071289956|P_EXP_DT=20250703
    [P_RMESG2] => 
    [P_NOTI] => 
    [P_AUTH_NO] => 
)

 Array
(
    [PageCall time] => 10:57:15
    [P_TID] => INIMX_VBNKCAEcatca0720250623105612755541
    [P_MID] => CAEcatca07
    [P_AUTH_DT] => 20250623105715
    [P_STATUS] => 02
    [P_TYPE] => VBANK
    [P_OID] => 250623-017
    [P_FN_CD1] => 04
    [P_FN_CD2] => 
    [P_FN_NM] => KB국민은행
    [P_AMT] => 3000
    [P_UNAME] => 박영숙
    [P_RMESG1] => P_VACCT_NO=00289071322990|P_EXP_DT=20250703
    [P_RMESG2] => 
    [P_NOTI] => 
    [P_AUTH_NO] => 
)

 Array
(
    [PageCall time] => 11:04:56
    [P_TID] => INIMX_VBNKCAEcatca0720250623094907555582
    [P_MID] => CAEcatca07
    [P_AUTH_DT] => 20250623110456
    [P_STATUS] => 02
    [P_TYPE] => VBANK
    [P_OID] => 250623-001
    [P_FN_CD1] => 81
    [P_FN_CD2] => 
    [P_FN_NM] => 하나은행
    [P_AMT] => 3000
    [P_UNAME] => 이종성
    [P_RMESG1] => P_VACCT_NO=20894258736437|P_EXP_DT=20250703
    [P_RMESG2] => 
    [P_NOTI] => 
    [P_AUTH_NO] => 
)

 Array
(
    [PageCall time] => 11:05:00
    [P_TID] => INIMX_VBNKCAEcatca0720250623110237775720
    [P_MID] => CAEcatca07
    [P_AUTH_DT] => 20250623110500
    [P_STATUS] => 02
    [P_TYPE] => VBANK
    [P_OID] => 250623-012
    [P_FN_CD1] => 11
    [P_FN_CD2] => 
    [P_FN_NM] => NH농협은행
    [P_AMT] => 3000
    [P_UNAME] => 강재하
    [P_RMESG1] => P_VACCT_NO=79010590242274|P_EXP_DT=20250703
    [P_RMESG2] => 
    [P_NOTI] => 
    [P_AUTH_NO] => 
)

 Array
(
    [PageCall time] => 11:16:23
    [P_TID] => INIMX_VBNKCAEcatca0720250623111550625811
    [P_MID] => CAEcatca07
    [P_AUTH_DT] => 20250623111623
    [P_STATUS] => 02
    [P_TYPE] => VBANK
    [P_OID] => 250623-021
    [P_FN_CD1] => 04
    [P_FN_CD2] => 
    [P_FN_NM] => KB국민은행
    [P_AMT] => 3000
    [P_UNAME] => 박은지
    [P_RMESG1] => P_VACCT_NO=00289071428579|P_EXP_DT=20250703
    [P_RMESG2] => 
    [P_NOTI] => 
    [P_AUTH_NO] => 
)

 Array
(
    [PageCall time] => 11:24:30
    [P_TID] => INIMX_VBNKCAEcatca0720250623112335225585
    [P_MID] => CAEcatca07
    [P_AUTH_DT] => 20250623112430
    [P_STATUS] => 02
    [P_TYPE] => VBANK
    [P_OID] => 250623-022
    [P_FN_CD1] => 32
    [P_FN_CD2] => 
    [P_FN_NM] => 부산은행
    [P_AMT] => 3000
    [P_UNAME] => 김수희
    [P_RMESG1] => P_VACCT_NO=109924763790|P_EXP_DT=20250703
    [P_RMESG2] => 
    [P_NOTI] => 
    [P_AUTH_NO] => 
)

 Array
(
    [PageCall time] => 11:48:33
    [P_TID] => INIMX_VBNKCAEcatca0720250623114652255242
    [P_MID] => CAEcatca07
    [P_AUTH_DT] => 20250623114833
    [P_STATUS] => 02
    [P_TYPE] => VBANK
    [P_OID] => 250623-026
    [P_FN_CD1] => 04
    [P_FN_CD2] => 
    [P_FN_NM] => KB국민은행
    [P_AMT] => 3000
    [P_UNAME] => 홍선희
    [P_RMESG1] => P_VACCT_NO=26029078313375|P_EXP_DT=20250703
    [P_RMESG2] => 
    [P_NOTI] => 
    [P_AUTH_NO] => 
)

 Array
(
    [PageCall time] => 11:49:31
    [P_TID] => INIMX_VBNKCAEcatca0720250623114718715510
    [P_MID] => CAEcatca07
    [P_AUTH_DT] => 20250623114931
    [P_STATUS] => 02
    [P_TYPE] => VBANK
    [P_OID] => 250623-016
    [P_FN_CD1] => 04
    [P_FN_CD2] => 
    [P_FN_NM] => KB국민은행
    [P_AMT] => 3000
    [P_UNAME] => 이중우
    [P_RMESG1] => P_VACCT_NO=26029078321361|P_EXP_DT=20250703
    [P_RMESG2] => 
    [P_NOTI] => 
    [P_AUTH_NO] => 
)

 Array
(
    [PageCall time] => 12:23:35
    [P_TID] => INIMX_VBNKCAEcatca0720250623122246725324
    [P_MID] => CAEcatca07
    [P_AUTH_DT] => 20250623122335
    [P_STATUS] => 02
    [P_TYPE] => VBANK
    [P_OID] => 250623-027
    [P_FN_CD1] => 04
    [P_FN_CD2] => 
    [P_FN_NM] => KB국민은행
    [P_AMT] => 3000
    [P_UNAME] => 문범준
    [P_RMESG1] => P_VACCT_NO=26029078741318|P_EXP_DT=20250703
    [P_RMESG2] => 
    [P_NOTI] => 
    [P_AUTH_NO] => 
)

 Array
(
    [PageCall time] => 12:37:52
    [P_TID] => INIMX_VBNKCAEcatca0720250623123613265492
    [P_MID] => CAEcatca07
    [P_AUTH_DT] => 20250623123752
    [P_STATUS] => 02
    [P_TYPE] => VBANK
    [P_OID] => 250623-028
    [P_FN_CD1] => 11
    [P_FN_CD2] => 
    [P_FN_NM] => NH농협은행
    [P_AMT] => 3000
    [P_UNAME] => 한혜경
    [P_RMESG1] => P_VACCT_NO=79010590263885|P_EXP_DT=20250703
    [P_RMESG2] => 
    [P_NOTI] => 
    [P_AUTH_NO] => 
)

 Array
(
    [PageCall time] => 12:51:49
    [P_TID] => INIMX_VBNKCAEcatca0720250623124836145670
    [P_MID] => CAEcatca07
    [P_AUTH_DT] => 20250623125149
    [P_STATUS] => 02
    [P_TYPE] => VBANK
    [P_OID] => 250623-029
    [P_FN_CD1] => 03
    [P_FN_CD2] => 
    [P_FN_NM] => 기업은행
    [P_AMT] => 3000
    [P_UNAME] => 정수미
    [P_RMESG1] => P_VACCT_NO=07503311297199|P_EXP_DT=20250703
    [P_RMESG2] => 
    [P_NOTI] => 
    [P_AUTH_NO] => 
)

 Array
(
    [PageCall time] => 13:30:18
    [P_TID] => INIMX_VBNKCAEcatca0720250623132919875938
    [P_MID] => CAEcatca07
    [P_AUTH_DT] => 20250623133018
    [P_STATUS] => 02
    [P_TYPE] => VBANK
    [P_OID] => 250623-031
    [P_FN_CD1] => 11
    [P_FN_CD2] => 
    [P_FN_NM] => NH농협은행
    [P_AMT] => 3000
    [P_UNAME] => 정광
    [P_RMESG1] => P_VACCT_NO=79010590274913|P_EXP_DT=20250703
    [P_RMESG2] => 
    [P_NOTI] => 
    [P_AUTH_NO] => 
)

 Array
(
    [PageCall time] => 13:35:07
    [P_TID] => INIMX_VBNKCAEcatca0720250623133228895790
    [P_MID] => CAEcatca07
    [P_AUTH_DT] => 20250623133507
    [P_STATUS] => 02
    [P_TYPE] => VBANK
    [P_OID] => 250623-032
    [P_FN_CD1] => 89
    [P_FN_CD2] => 
    [P_FN_NM] => 케이뱅크
    [P_AMT] => 3000
    [P_UNAME] => 황선주
    [P_RMESG1] => P_VACCT_NO=70112003822241|P_EXP_DT=20250703
    [P_RMESG2] => 
    [P_NOTI] => 
    [P_AUTH_NO] => 
)

 Array
(
    [PageCall time] => 13:56:39
    [P_TID] => INIMX_VBNKCAEcatca0720250623135303425644
    [P_MID] => CAEcatca07
    [P_AUTH_DT] => 20250623135639
    [P_STATUS] => 02
    [P_TYPE] => VBANK
    [P_OID] => 250623-033
    [P_FN_CD1] => 20
    [P_FN_CD2] => 
    [P_FN_NM] => 우리은행
    [P_AMT] => 3000
    [P_UNAME] => 김선영
    [P_RMESG1] => P_VACCT_NO=27761356518761|P_EXP_DT=20250703
    [P_RMESG2] => 
    [P_NOTI] => 
    [P_AUTH_NO] => 
)

 Array
(
    [PageCall time] => 14:40:22
    [P_TID] => INIMX_VBNKCAEcatca0720250623143747275615
    [P_MID] => CAEcatca07
    [P_AUTH_DT] => 20250623144022
    [P_STATUS] => 02
    [P_TYPE] => VBANK
    [P_OID] => 250623-034
    [P_FN_CD1] => 20
    [P_FN_CD2] => 
    [P_FN_NM] => 우리은행
    [P_AMT] => 3000
    [P_UNAME] => 계은서
    [P_RMESG1] => P_VACCT_NO=27761364818927|P_EXP_DT=20250703
    [P_RMESG2] => 
    [P_NOTI] => 
    [P_AUTH_NO] => 
)

 Array
(
    [PageCall time] => 15:01:45
    [P_TID] => INIMX_VBNKCAEcatca0720250623145843795546
    [P_MID] => CAEcatca07
    [P_AUTH_DT] => 20250623150145
    [P_STATUS] => 02
    [P_TYPE] => VBANK
    [P_OID] => 250623-035
    [P_FN_CD1] => 20
    [P_FN_CD2] => 
    [P_FN_NM] => 우리은행
    [P_AMT] => 3000
    [P_UNAME] => 곽동화
    [P_RMESG1] => P_VACCT_NO=27761369718363|P_EXP_DT=20250703
    [P_RMESG2] => 
    [P_NOTI] => 
    [P_AUTH_NO] => 
)

 Array
(
    [PageCall time] => 15:49:40
    [P_TID] => INIMX_VBNKCAEcatca0720250623154500875476
    [P_MID] => CAEcatca07
    [P_AUTH_DT] => 20250623154940
    [P_STATUS] => 02
    [P_TYPE] => VBANK
    [P_OID] => 250623-039
    [P_FN_CD1] => 88
    [P_FN_CD2] => 
    [P_FN_NM] => 신한은행
    [P_AMT] => 3000
    [P_UNAME] => 김은숙
    [P_RMESG1] => P_VACCT_NO=56211105278514|P_EXP_DT=20250703
    [P_RMESG2] => 
    [P_NOTI] => 
    [P_AUTH_NO] => 
)

 Array
(
    [PageCall time] => 16:18:13
    [P_TID] => INIMX_VBNKCAEcatca0720250623161328155067
    [P_MID] => CAEcatca07
    [P_AUTH_DT] => 20250623161813
    [P_STATUS] => 02
    [P_TYPE] => VBANK
    [P_OID] => 250623-038
    [P_FN_CD1] => 88
    [P_FN_CD2] => 
    [P_FN_NM] => 신한은행
    [P_AMT] => 3000
    [P_UNAME] => 큰사랑어린이집
    [P_RMESG1] => P_VACCT_NO=56211105282782|P_EXP_DT=20250703
    [P_RMESG2] => 
    [P_NOTI] => 
    [P_AUTH_NO] => 
)

 Array
(
    [PageCall time] => 16:22:07
    [P_TID] => INIMX_VBNKCAEcatca0720250623162124905567
    [P_MID] => CAEcatca07
    [P_AUTH_DT] => 20250623162207
    [P_STATUS] => 02
    [P_TYPE] => VBANK
    [P_OID] => 250623-041
    [P_FN_CD1] => 04
    [P_FN_CD2] => 
    [P_FN_NM] => KB국민은행
    [P_AMT] => 3000
    [P_UNAME] => 공준석
    [P_RMESG1] => P_VACCT_NO=26119078419382|P_EXP_DT=20250703
    [P_RMESG2] => 
    [P_NOTI] => 
    [P_AUTH_NO] => 
)

 Array
(
    [PageCall time] => 16:39:25
    [P_TID] => INIMX_VBNKCAEcatca0720250623163636365640
    [P_MID] => CAEcatca07
    [P_AUTH_DT] => 20250623163925
    [P_STATUS] => 02
    [P_TYPE] => VBANK
    [P_OID] => 250623-042
    [P_FN_CD1] => 11
    [P_FN_CD2] => 
    [P_FN_NM] => NH농협은행
    [P_AMT] => 3000
    [P_UNAME] => 선수영
    [P_RMESG1] => P_VACCT_NO=79010590321721|P_EXP_DT=20250703
    [P_RMESG2] => 
    [P_NOTI] => 
    [P_AUTH_NO] => 
)

 Array
(
    [PageCall time] => 16:39:26
    [P_TID] => INIMX_VBNKCAEcatca0720250623161655275779
    [P_MID] => CAEcatca07
    [P_AUTH_DT] => 20250623163926
    [P_STATUS] => 02
    [P_TYPE] => VBANK
    [P_OID] => 250623-040
    [P_FN_CD1] => 11
    [P_FN_CD2] => 
    [P_FN_NM] => NH농협은행
    [P_AMT] => 3000
    [P_UNAME] => 류성민
    [P_RMESG1] => P_VACCT_NO=79010590316683|P_EXP_DT=20250703
    [P_RMESG2] => 
    [P_NOTI] => 
    [P_AUTH_NO] => 
)

 Array
(
    [PageCall time] => 16:56:12
    [P_TID] => INIMX_VBNKCAEcatca0720250623165522875086
    [P_MID] => CAEcatca07
    [P_AUTH_DT] => 20250623165612
    [P_STATUS] => 02
    [P_TYPE] => VBANK
    [P_OID] => 250623-043
    [P_FN_CD1] => 04
    [P_FN_CD2] => 
    [P_FN_NM] => KB국민은행
    [P_AMT] => 3000
    [P_UNAME] => 정재은
    [P_RMESG1] => P_VACCT_NO=26119078508279|P_EXP_DT=20250703
    [P_RMESG2] => 
    [P_NOTI] => 
    [P_AUTH_NO] => 
)

 Array
(
    [PageCall time] => 17:02:05
    [P_TID] => INIMX_VBNKCAEcatca0720250623165840995759
    [P_MID] => CAEcatca07
    [P_AUTH_DT] => 20250623170204
    [P_STATUS] => 02
    [P_TYPE] => VBANK
    [P_OID] => 250623-044
    [P_FN_CD1] => 81
    [P_FN_CD2] => 
    [P_FN_NM] => 하나은행
    [P_AMT] => 3000
    [P_UNAME] => 김일수
    [P_RMESG1] => P_VACCT_NO=20894300290237|P_EXP_DT=20250703
    [P_RMESG2] => 
    [P_NOTI] => 
    [P_AUTH_NO] => 
)

 Array
(
    [PageCall time] => 17:54:38
    [P_TID] => INIMX_VBNKCAEcatca0720250623175351385201
    [P_MID] => CAEcatca07
    [P_AUTH_DT] => 20250623175438
    [P_STATUS] => 02
    [P_TYPE] => VBANK
    [P_OID] => 250623-024
    [P_FN_CD1] => 04
    [P_FN_CD2] => 
    [P_FN_NM] => KB국민은행
    [P_AMT] => 3000
    [P_UNAME] => 임우재
    [P_RMESG1] => P_VACCT_NO=70149014601555|P_EXP_DT=20250703
    [P_RMESG2] => 
    [P_NOTI] => 
    [P_AUTH_NO] => 
)

 Array
(
    [PageCall time] => 17:56:24
    [P_TID] => INIMX_VBNKCAEcatca0720250623175528265462
    [P_MID] => CAEcatca07
    [P_AUTH_DT] => 20250623175624
    [P_STATUS] => 02
    [P_TYPE] => VBANK
    [P_OID] => 250623-045
    [P_FN_CD1] => 04
    [P_FN_CD2] => 
    [P_FN_NM] => KB국민은행
    [P_AMT] => 3000
    [P_UNAME] => 김유미
    [P_RMESG1] => P_VACCT_NO=70149014601753|P_EXP_DT=20250703
    [P_RMESG2] => 
    [P_NOTI] => 
    [P_AUTH_NO] => 
)

 Array
(
    [PageCall time] => 18:19:09
    [P_TID] => INIMX_VBNKCAEcatca0720250623181627155004
    [P_MID] => CAEcatca07
    [P_AUTH_DT] => 20250623181909
    [P_STATUS] => 02
    [P_TYPE] => VBANK
    [P_OID] => 250623-046
    [P_FN_CD1] => 34
    [P_FN_CD2] => 
    [P_FN_NM] => 광주은행
    [P_AMT] => 3000
    [P_UNAME] => 이예빈
    [P_RMESG1] => P_VACCT_NO=810865350976|P_EXP_DT=20250703
    [P_RMESG2] => 
    [P_NOTI] => 
    [P_AUTH_NO] => 
)

 Array
(
    [PageCall time] => 18:30:44
    [P_TID] => INIMX_VBNKCAEcatca0720250623182757675560
    [P_MID] => CAEcatca07
    [P_AUTH_DT] => 20250623183044
    [P_STATUS] => 02
    [P_TYPE] => VBANK
    [P_OID] => 250623-048
    [P_FN_CD1] => 88
    [P_FN_CD2] => 
    [P_FN_NM] => 신한은행
    [P_AMT] => 3000
    [P_UNAME] => 박영숙
    [P_RMESG1] => P_VACCT_NO=56211105295786|P_EXP_DT=20250703
    [P_RMESG2] => 
    [P_NOTI] => 
    [P_AUTH_NO] => 
)

 Array
(
    [PageCall time] => 19:39:44
    [P_TID] => INIMX_VBNKCAEcatca0720250623193253605563
    [P_MID] => CAEcatca07
    [P_AUTH_DT] => 20250623193944
    [P_STATUS] => 02
    [P_TYPE] => VBANK
    [P_OID] => 250623-049
    [P_FN_CD1] => 11
    [P_FN_CD2] => 
    [P_FN_NM] => NH농협은행
    [P_AMT] => 3000
    [P_UNAME] => 박희상
    [P_RMESG1] => P_VACCT_NO=79010590348568|P_EXP_DT=20250703
    [P_RMESG2] => 
    [P_NOTI] => 
    [P_AUTH_NO] => 
)

 Array
(
    [PageCall time] => 21:23:42
    [P_TID] => INIMX_VBNKCAEcatca0720250623212104535601
    [P_MID] => CAEcatca07
    [P_AUTH_DT] => 20250623212342
    [P_STATUS] => 02
    [P_TYPE] => VBANK
    [P_OID] => 250623-052
    [P_FN_CD1] => 88
    [P_FN_CD2] => 
    [P_FN_NM] => 신한은행
    [P_AMT] => 3000
    [P_UNAME] => 오혜원
    [P_RMESG1] => P_VACCT_NO=56211105305438|P_EXP_DT=20250703
    [P_RMESG2] => 
    [P_NOTI] => 
    [P_AUTH_NO] => 
)

 Array
(
    [PageCall time] => 21:24:36
    [P_TID] => INIMX_VBNKCAEcatca0720250623212144805990
    [P_MID] => CAEcatca07
    [P_AUTH_DT] => 20250623212436
    [P_STATUS] => 02
    [P_TYPE] => VBANK
    [P_OID] => 250623-053
    [P_FN_CD1] => 88
    [P_FN_CD2] => 
    [P_FN_NM] => 신한은행
    [P_AMT] => 3000
    [P_UNAME] => 강미애
    [P_RMESG1] => P_VACCT_NO=56211105305457|P_EXP_DT=20250703
    [P_RMESG2] => 
    [P_NOTI] => 
    [P_AUTH_NO] => 
)

 Array
(
    [PageCall time] => 21:38:40
    [P_TID] => INIMX_VBNKCAEcatca0720250623213303365890
    [P_MID] => CAEcatca07
    [P_AUTH_DT] => 20250623213840
    [P_STATUS] => 02
    [P_TYPE] => VBANK
    [P_OID] => 250623-054
    [P_FN_CD1] => 88
    [P_FN_CD2] => 
    [P_FN_NM] => 신한은행
    [P_AMT] => 3000
    [P_UNAME] => 윤세희
    [P_RMESG1] => P_VACCT_NO=56211105305828|P_EXP_DT=20250703
    [P_RMESG2] => 
    [P_NOTI] => 
    [P_AUTH_NO] => 
)

 Array
(
    [PageCall time] => 21:42:42
    [P_TID] => INIMX_VBNKCAEcatca0720250623214027155938
    [P_MID] => CAEcatca07
    [P_AUTH_DT] => 20250623214242
    [P_STATUS] => 02
    [P_TYPE] => VBANK
    [P_OID] => 250623-055
    [P_FN_CD1] => 04
    [P_FN_CD2] => 
    [P_FN_NM] => KB국민은행
    [P_AMT] => 3000
    [P_UNAME] => 나경주
    [P_RMESG1] => P_VACCT_NO=70149014620989|P_EXP_DT=20250703
    [P_RMESG2] => 
    [P_NOTI] => 
    [P_AUTH_NO] => 
)

 Array
(
    [PageCall time] => 21:59:20
    [P_TID] => INIMX_VBNKCAEcatca0720250623215845275106
    [P_MID] => CAEcatca07
    [P_AUTH_DT] => 20250623215920
    [P_STATUS] => 02
    [P_TYPE] => VBANK
    [P_OID] => 250623-056
    [P_FN_CD1] => 04
    [P_FN_CD2] => 
    [P_FN_NM] => KB국민은행
    [P_AMT] => 3000
    [P_UNAME] => 조한영
    [P_RMESG1] => P_VACCT_NO=70149014622321|P_EXP_DT=20250703
    [P_RMESG2] => 
    [P_NOTI] => 
    [P_AUTH_NO] => 
)

 Array
(
    [PageCall time] => 23:34:31
    [P_TID] => INIMX_VBNKCAEcatca0720250623233135545169
    [P_MID] => CAEcatca07
    [P_AUTH_DT] => 20250623233431
    [P_STATUS] => 02
    [P_TYPE] => VBANK
    [P_OID] => 250623-059
    [P_FN_CD1] => 81
    [P_FN_CD2] => 
    [P_FN_NM] => 하나은행
    [P_AMT] => 3000
    [P_UNAME] => 오윤경
    [P_RMESG1] => P_VACCT_NO=20894306762637|P_EXP_DT=20250703
    [P_RMESG2] => 
    [P_NOTI] => 
    [P_AUTH_NO] => 
)

 Array
(
    [PageCall time] => 23:36:57
    [P_TID] => INIMX_VBNKCAEcatca0720250623233452215228
    [P_MID] => CAEcatca07
    [P_AUTH_DT] => 20250623233657
    [P_STATUS] => 02
    [P_TYPE] => VBANK
    [P_OID] => 250623-050
    [P_FN_CD1] => 04
    [P_FN_CD2] => 
    [P_FN_NM] => KB국민은행
    [P_AMT] => 3000
    [P_UNAME] => 김경희
    [P_RMESG1] => P_VACCT_NO=70149014628592|P_EXP_DT=20250703
    [P_RMESG2] => 
    [P_NOTI] => 
    [P_AUTH_NO] => 
)

