 Array
(
    [PageCall time] => 09:21:31
    [P_TID] => INIMX_VBNKCAEcatca0720250327091711865105
    [P_MID] => CAEcatca07
    [P_AUTH_DT] => 20250327092131
    [P_STATUS] => 02
    [P_TYPE] => VBANK
    [P_OID] => 250327-004
    [P_FN_CD1] => 20
    [P_FN_CD2] => 
    [P_FN_NM] => 우리은행
    [P_AMT] => 3000
    [P_UNAME] => 최영옥
    [P_RMESG1] => P_VACCT_NO=27388323018852|P_EXP_DT=20250406
    [P_RMESG2] => 
    [P_NOTI] => 
    [P_AUTH_NO] => 
)

 Array
(
    [PageCall time] => 09:24:01
    [P_TID] => INIMX_VBNKCAEcatca0720250327092111695669
    [P_MID] => CAEcatca07
    [P_AUTH_DT] => 20250327092401
    [P_STATUS] => 02
    [P_TYPE] => VBANK
    [P_OID] => 250327-005
    [P_FN_CD1] => 89
    [P_FN_CD2] => 
    [P_FN_NM] => 케이뱅크
    [P_AMT] => 3000
    [P_UNAME] => 박병호
    [P_RMESG1] => P_VACCT_NO=70112004238938|P_EXP_DT=20250406
    [P_RMESG2] => 
    [P_NOTI] => 
    [P_AUTH_NO] => 
)

 Array
(
    [PageCall time] => 11:26:07
    [P_TID] => INIMX_VBNKCAEcatca0720250327112335605941
    [P_MID] => CAEcatca07
    [P_AUTH_DT] => 20250327112607
    [P_STATUS] => 02
    [P_TYPE] => VBANK
    [P_OID] => 250327-009
    [P_FN_CD1] => 88
    [P_FN_CD2] => 
    [P_FN_NM] => 신한은행
    [P_AMT] => 3000
    [P_UNAME] => 이종훈
    [P_RMESG1] => P_VACCT_NO=56211991682219|P_EXP_DT=20250406
    [P_RMESG2] => 
    [P_NOTI] => 
    [P_AUTH_NO] => 
)

 Array
(
    [PageCall time] => 13:16:31
    [P_TID] => INIMX_VBNKCAEcatca0720250327131402525767
    [P_MID] => CAEcatca07
    [P_AUTH_DT] => 20250327131631
    [P_STATUS] => 02
    [P_TYPE] => VBANK
    [P_OID] => 250327-012
    [P_FN_CD1] => 03
    [P_FN_CD2] => 
    [P_FN_NM] => 기업은행
    [P_AMT] => 3000
    [P_UNAME] => 박지홍
    [P_RMESG1] => P_VACCT_NO=07503162697616|P_EXP_DT=20250406
    [P_RMESG2] => 
    [P_NOTI] => 
    [P_AUTH_NO] => 
)

 Array
(
    [PageCall time] => 13:56:23
    [P_TID] => INIMX_VBNKCAEcatca0720250327135532495947
    [P_MID] => CAEcatca07
    [P_AUTH_DT] => 20250327135623
    [P_STATUS] => 02
    [P_TYPE] => VBANK
    [P_OID] => 250327-014
    [P_FN_CD1] => 04
    [P_FN_CD2] => 
    [P_FN_NM] => KB국민은행
    [P_AMT] => 3000
    [P_UNAME] => 정샛별
    [P_RMESG1] => P_VACCT_NO=26119078021958|P_EXP_DT=20250406
    [P_RMESG2] => 
    [P_NOTI] => 
    [P_AUTH_NO] => 
)

 Array
(
    [PageCall time] => 14:00:36
    [P_TID] => INIMX_VBNKCAEcatca0720250327135915795992
    [P_MID] => CAEcatca07
    [P_AUTH_DT] => 20250327140036
    [P_STATUS] => 02
    [P_TYPE] => VBANK
    [P_OID] => 250318-017
    [P_FN_CD1] => 04
    [P_FN_CD2] => 
    [P_FN_NM] => KB국민은행
    [P_AMT] => 3000
    [P_UNAME] => 양승렬
    [P_RMESG1] => P_VACCT_NO=26119078022926|P_EXP_DT=20250406
    [P_RMESG2] => 
    [P_NOTI] => 
    [P_AUTH_NO] => 
)

 Array
(
    [PageCall time] => 14:04:53
    [P_TID] => INIMX_VBNKCAEcatca0720250327140026625767
    [P_MID] => CAEcatca07
    [P_AUTH_DT] => 20250327140453
    [P_STATUS] => 02
    [P_TYPE] => VBANK
    [P_OID] => 250327-015
    [P_FN_CD1] => 03
    [P_FN_CD2] => 
    [P_FN_NM] => 기업은행
    [P_AMT] => 3000
    [P_UNAME] => 김현우
    [P_RMESG1] => P_VACCT_NO=07503162997275|P_EXP_DT=20250406
    [P_RMESG2] => 
    [P_NOTI] => 
    [P_AUTH_NO] => 
)

 Array
(
    [PageCall time] => 14:05:50
    [P_TID] => INIMX_VBNKCAEcatca0720250327140324434308
    [P_MID] => CAEcatca07
    [P_AUTH_DT] => 20250327140550
    [P_STATUS] => 02
    [P_TYPE] => VBANK
    [P_OID] => 250320-009
    [P_FN_CD1] => 88
    [P_FN_CD2] => 
    [P_FN_NM] => 신한은행
    [P_AMT] => 3000
    [P_UNAME] => 김대연
    [P_RMESG1] => P_VACCT_NO=56211111382658|P_EXP_DT=20250406
    [P_RMESG2] => 
    [P_NOTI] => 
    [P_AUTH_NO] => 
)

 Array
(
    [PageCall time] => 14:06:32
    [P_TID] => INIMX_VBNKCAEcatca0720250327113744785497
    [P_MID] => CAEcatca07
    [P_AUTH_DT] => 20250327140632
    [P_STATUS] => 02
    [P_TYPE] => VBANK
    [P_OID] => 250327-010
    [P_FN_CD1] => 88
    [P_FN_CD2] => 
    [P_FN_NM] => 신한은행
    [P_AMT] => 3000
    [P_UNAME] => 김선아
    [P_RMESG1] => P_VACCT_NO=56211991683103|P_EXP_DT=20250406
    [P_RMESG2] => 
    [P_NOTI] => 
    [P_AUTH_NO] => 
)

 Array
(
    [PageCall time] => 14:26:35
    [P_TID] => INIMX_VBNKCAEcatca0720250327142347245116
    [P_MID] => CAEcatca07
    [P_AUTH_DT] => 20250327142635
    [P_STATUS] => 02
    [P_TYPE] => VBANK
    [P_OID] => 250327-018
    [P_FN_CD1] => 03
    [P_FN_CD2] => 
    [P_FN_NM] => 기업은행
    [P_AMT] => 3000
    [P_UNAME] => 허춘화
    [P_RMESG1] => P_VACCT_NO=07503163097859|P_EXP_DT=20250406
    [P_RMESG2] => 
    [P_NOTI] => 
    [P_AUTH_NO] => 
)

 Array
(
    [PageCall time] => 14:39:12
    [P_TID] => INIMX_VBNKCAEcatca0720250327143636314090
    [P_MID] => CAEcatca07
    [P_AUTH_DT] => 20250327143912
    [P_STATUS] => 02
    [P_TYPE] => VBANK
    [P_OID] => 250327-001
    [P_FN_CD1] => 20
    [P_FN_CD2] => 
    [P_FN_NM] => 우리은행
    [P_AMT] => 3000
    [P_UNAME] => 김규연
    [P_RMESG1] => P_VACCT_NO=32830640218982|P_EXP_DT=20250406
    [P_RMESG2] => 
    [P_NOTI] => 
    [P_AUTH_NO] => 
)

 Array
(
    [PageCall time] => 14:41:29
    [P_TID] => INIMX_VBNKCAEcatca0720250327143801315134
    [P_MID] => CAEcatca07
    [P_AUTH_DT] => 20250327144129
    [P_STATUS] => 02
    [P_TYPE] => VBANK
    [P_OID] => 250327-016
    [P_FN_CD1] => 20
    [P_FN_CD2] => 
    [P_FN_NM] => 우리은행
    [P_AMT] => 3000
    [P_UNAME] => 설성욱
    [P_RMESG1] => P_VACCT_NO=27388344118841|P_EXP_DT=20250406
    [P_RMESG2] => 
    [P_NOTI] => 
    [P_AUTH_NO] => 
)

 Array
(
    [PageCall time] => 14:52:54
    [P_TID] => INIMX_VBNKCAEcatca0720250327145020104521
    [P_MID] => CAEcatca07
    [P_AUTH_DT] => 20250327145254
    [P_STATUS] => 02
    [P_TYPE] => VBANK
    [P_OID] => 250327-019
    [P_FN_CD1] => 88
    [P_FN_CD2] => 
    [P_FN_NM] => 신한은행
    [P_AMT] => 3000
    [P_UNAME] => 강선미
    [P_RMESG1] => P_VACCT_NO=56211111386288|P_EXP_DT=20250406
    [P_RMESG2] => 
    [P_NOTI] => 
    [P_AUTH_NO] => 
)

 Array
(
    [PageCall time] => 15:19:57
    [P_TID] => INIMX_VBNKCAEcatca0720250327151903404062
    [P_MID] => CAEcatca07
    [P_AUTH_DT] => 20250327151957
    [P_STATUS] => 02
    [P_TYPE] => VBANK
    [P_OID] => 250327-021
    [P_FN_CD1] => 11
    [P_FN_CD2] => 
    [P_FN_NM] => NH농협은행
    [P_AMT] => 3000
    [P_UNAME] => 김선규
    [P_RMESG1] => P_VACCT_NO=01444664218515|P_EXP_DT=20250406
    [P_RMESG2] => 
    [P_NOTI] => 
    [P_AUTH_NO] => 
)

 Array
(
    [PageCall time] => 15:44:27
    [P_TID] => INIMX_VBNKCAEcatca0720250327154146544804
    [P_MID] => CAEcatca07
    [P_AUTH_DT] => 20250327154427
    [P_STATUS] => 02
    [P_TYPE] => VBANK
    [P_OID] => 250327-011
    [P_FN_CD1] => 89
    [P_FN_CD2] => 
    [P_FN_NM] => 케이뱅크
    [P_AMT] => 3000
    [P_UNAME] => 박은하
    [P_RMESG1] => P_VACCT_NO=70112000012516|P_EXP_DT=20250406
    [P_RMESG2] => 
    [P_NOTI] => 
    [P_AUTH_NO] => 
)

 Array
(
    [PageCall time] => 15:51:56
    [P_TID] => INIMX_VBNKCAEcatca0720250327155033294247
    [P_MID] => CAEcatca07
    [P_AUTH_DT] => 20250327155156
    [P_STATUS] => 02
    [P_TYPE] => VBANK
    [P_OID] => 250327-022
    [P_FN_CD1] => 23
    [P_FN_CD2] => 
    [P_FN_NM] => SC은행
    [P_AMT] => 3000
    [P_UNAME] => 박찬국
    [P_RMESG1] => P_VACCT_NO=35016212283790|P_EXP_DT=20250406
    [P_RMESG2] => 
    [P_NOTI] => 
    [P_AUTH_NO] => 
)

 Array
(
    [PageCall time] => 16:31:07
    [P_TID] => INIMX_VBNKCAEcatca0720250327160818744669
    [P_MID] => CAEcatca07
    [P_AUTH_DT] => 20250327163107
    [P_STATUS] => 02
    [P_TYPE] => VBANK
    [P_OID] => 250327-003
    [P_FN_CD1] => 04
    [P_FN_CD2] => 
    [P_FN_NM] => KB국민은행
    [P_AMT] => 3000
    [P_UNAME] => 최채영
    [P_RMESG1] => P_VACCT_NO=87679011973986|P_EXP_DT=20250406
    [P_RMESG2] => 
    [P_NOTI] => 
    [P_AUTH_NO] => 
)

 Array
(
    [PageCall time] => 18:48:09
    [P_TID] => INIMX_VBNKCAEcatca0720250327184423865031
    [P_MID] => CAEcatca07
    [P_AUTH_DT] => 20250327184809
    [P_STATUS] => 02
    [P_TYPE] => VBANK
    [P_OID] => 250327-026
    [P_FN_CD1] => 11
    [P_FN_CD2] => 
    [P_FN_NM] => NH농협은행
    [P_AMT] => 3000
    [P_UNAME] => 김순희
    [P_RMESG1] => P_VACCT_NO=79014508881267|P_EXP_DT=20250406
    [P_RMESG2] => 
    [P_NOTI] => 
    [P_AUTH_NO] => 
)

 Array
(
    [PageCall time] => 19:51:24
    [P_TID] => INIMX_VBNKCAEcatca0720250327194835215241
    [P_MID] => CAEcatca07
    [P_AUTH_DT] => 20250327195124
    [P_STATUS] => 02
    [P_TYPE] => VBANK
    [P_OID] => 250327-027
    [P_FN_CD1] => 88
    [P_FN_CD2] => 
    [P_FN_NM] => 신한은행
    [P_AMT] => 3000
    [P_UNAME] => 박노준
    [P_RMESG1] => P_VACCT_NO=56211991709153|P_EXP_DT=20250406
    [P_RMESG2] => 
    [P_NOTI] => 
    [P_AUTH_NO] => 
)

 Array
(
    [PageCall time] => 20:43:02
    [P_TID] => INIMX_VBNKCAEcatca0720250327204007275632
    [P_MID] => CAEcatca07
    [P_AUTH_DT] => 20250327204302
    [P_STATUS] => 02
    [P_TYPE] => VBANK
    [P_OID] => 250327-028
    [P_FN_CD1] => 81
    [P_FN_CD2] => 
    [P_FN_NM] => 하나은행
    [P_AMT] => 3000
    [P_UNAME] => 전미령
    [P_RMESG1] => P_VACCT_NO=20894144530537|P_EXP_DT=20250406
    [P_RMESG2] => 
    [P_NOTI] => 
    [P_AUTH_NO] => 
)

 Array
(
    [PageCall time] => 21:20:02
    [P_TID] => INIMX_VBNKCAEcatca0720250327211702605955
    [P_MID] => CAEcatca07
    [P_AUTH_DT] => 20250327212002
    [P_STATUS] => 02
    [P_TYPE] => VBANK
    [P_OID] => 250327-029
    [P_FN_CD1] => 32
    [P_FN_CD2] => 
    [P_FN_NM] => 부산은행
    [P_AMT] => 3000
    [P_UNAME] => 윤영갑
    [P_RMESG1] => P_VACCT_NO=109924410741|P_EXP_DT=20250406
    [P_RMESG2] => 
    [P_NOTI] => 
    [P_AUTH_NO] => 
)

 Array
(
    [PageCall time] => 21:22:52
    [P_TID] => INIMX_VBNKCAEcatca0720250327212146405763
    [P_MID] => CAEcatca07
    [P_AUTH_DT] => 20250327212252
    [P_STATUS] => 02
    [P_TYPE] => VBANK
    [P_OID] => 250327-023
    [P_FN_CD1] => 11
    [P_FN_CD2] => 
    [P_FN_NM] => NH농협은행
    [P_AMT] => 3000
    [P_UNAME] => 김진수
    [P_RMESG1] => P_VACCT_NO=79014508890981|P_EXP_DT=20250406
    [P_RMESG2] => 
    [P_NOTI] => 
    [P_AUTH_NO] => 
)

