 Array
(
    [PageCall time] => 02:36:20
    [P_TID] => INIMX_VBNKCAEcatca0720250923023500225792
    [P_MID] => CAEcatca07
    [P_AUTH_DT] => 20250923023620
    [P_STATUS] => 02
    [P_TYPE] => VBANK
    [P_OID] => 250923-001
    [P_FN_CD1] => 11
    [P_FN_CD2] => 
    [P_FN_NM] => NH농협은행
    [P_AMT] => 3000
    [P_UNAME] => 최소민
    [P_RMESG1] => P_VACCT_NO=79014506653255|P_EXP_DT=20251003
    [P_RMESG2] => 
    [P_NOTI] => 
    [P_AUTH_NO] => 
)

 Array
(
    [PageCall time] => 10:24:00
    [P_TID] => INIMX_VBNKCAEcatca0720250923102332825289
    [P_MID] => CAEcatca07
    [P_AUTH_DT] => 20250923102400
    [P_STATUS] => 02
    [P_TYPE] => VBANK
    [P_OID] => 250923-004
    [P_FN_CD1] => 11
    [P_FN_CD2] => 
    [P_FN_NM] => NH농협은행
    [P_AMT] => 3000
    [P_UNAME] => 홍혜란
    [P_RMESG1] => P_VACCT_NO=79014506670941|P_EXP_DT=20251003
    [P_RMESG2] => 
    [P_NOTI] => 
    [P_AUTH_NO] => 
)

 Array
(
    [PageCall time] => 10:41:31
    [P_TID] => INIMX_VBNKCAEcatca0720250923103806175343
    [P_MID] => CAEcatca07
    [P_AUTH_DT] => 20250923104131
    [P_STATUS] => 02
    [P_TYPE] => VBANK
    [P_OID] => 250916-014
    [P_FN_CD1] => 20
    [P_FN_CD2] => 
    [P_FN_NM] => 우리은행
    [P_AMT] => 3000
    [P_UNAME] => 장광태
    [P_RMESG1] => P_VACCT_NO=27490199318444|P_EXP_DT=20251003
    [P_RMESG2] => 
    [P_NOTI] => 
    [P_AUTH_NO] => 
)

 Array
(
    [PageCall time] => 10:48:57
    [P_TID] => INIMX_VBNKCAEcatca0720250923104535825455
    [P_MID] => CAEcatca07
    [P_AUTH_DT] => 20250923104857
    [P_STATUS] => 02
    [P_TYPE] => VBANK
    [P_OID] => 250923-009
    [P_FN_CD1] => 81
    [P_FN_CD2] => 
    [P_FN_NM] => 하나은행
    [P_AMT] => 3000
    [P_UNAME] => 계명실
    [P_RMESG1] => P_VACCT_NO=20894343440137|P_EXP_DT=20251003
    [P_RMESG2] => 
    [P_NOTI] => 
    [P_AUTH_NO] => 
)

 Array
(
    [PageCall time] => 10:49:55
    [P_TID] => INIMX_VBNKCAEcatca0720250923104539995854
    [P_MID] => CAEcatca07
    [P_AUTH_DT] => 20250923104955
    [P_STATUS] => 02
    [P_TYPE] => VBANK
    [P_OID] => 250923-008
    [P_FN_CD1] => 04
    [P_FN_CD2] => 
    [P_FN_NM] => KB국민은행
    [P_AMT] => 3000
    [P_UNAME] => 이중우
    [P_RMESG1] => P_VACCT_NO=50169079008249|P_EXP_DT=20251003
    [P_RMESG2] => 
    [P_NOTI] => 
    [P_AUTH_NO] => 
)

 Array
(
    [PageCall time] => 10:53:25
    [P_TID] => INIMX_VBNKCAEcatca0720250923105043245348
    [P_MID] => CAEcatca07
    [P_AUTH_DT] => 20250923105325
    [P_STATUS] => 02
    [P_TYPE] => VBANK
    [P_OID] => 250923-010
    [P_FN_CD1] => 88
    [P_FN_CD2] => 
    [P_FN_NM] => 신한은행
    [P_AMT] => 3000
    [P_UNAME] => 송현숙
    [P_RMESG1] => P_VACCT_NO=56211102719183|P_EXP_DT=20251003
    [P_RMESG2] => 
    [P_NOTI] => 
    [P_AUTH_NO] => 
)

 Array
(
    [PageCall time] => 11:44:58
    [P_TID] => INIMX_VBNKCAEcatca0720250923114138835361
    [P_MID] => CAEcatca07
    [P_AUTH_DT] => 20250923114458
    [P_STATUS] => 02
    [P_TYPE] => VBANK
    [P_OID] => 250923-013
    [P_FN_CD1] => 31
    [P_FN_CD2] => 
    [P_FN_NM] => 아이엠뱅크(대구은행)
    [P_AMT] => 3000
    [P_UNAME] => 서동휘
    [P_RMESG1] => P_VACCT_NO=9600362185774|P_EXP_DT=20251003
    [P_RMESG2] => 
    [P_NOTI] => 
    [P_AUTH_NO] => 
)

 Array
(
    [PageCall time] => 13:42:24
    [P_TID] => INIMX_VBNKCAEcatca0720250923133845824883
    [P_MID] => CAEcatca07
    [P_AUTH_DT] => 20250923134224
    [P_STATUS] => 02
    [P_TYPE] => VBANK
    [P_OID] => 250922-034
    [P_FN_CD1] => 04
    [P_FN_CD2] => 
    [P_FN_NM] => KB국민은행
    [P_AMT] => 3000
    [P_UNAME] => 오영복
    [P_RMESG1] => P_VACCT_NO=96569078746502|P_EXP_DT=20251003
    [P_RMESG2] => 
    [P_NOTI] => 
    [P_AUTH_NO] => 
)

 Array
(
    [PageCall time] => 14:15:30
    [P_TID] => INIMX_VBNKCAEcatca0720250923141247104590
    [P_MID] => CAEcatca07
    [P_AUTH_DT] => 20250923141530
    [P_STATUS] => 02
    [P_TYPE] => VBANK
    [P_OID] => 250923-016
    [P_FN_CD1] => 81
    [P_FN_CD2] => 
    [P_FN_NM] => 하나은행
    [P_AMT] => 3000
    [P_UNAME] => 정휘옥
    [P_RMESG1] => P_VACCT_NO=20893912308437|P_EXP_DT=20251003
    [P_RMESG2] => 
    [P_NOTI] => 
    [P_AUTH_NO] => 
)

 Array
(
    [PageCall time] => 14:31:57
    [P_TID] => INIMX_VBNKCAEcatca0720250923143028464988
    [P_MID] => CAEcatca07
    [P_AUTH_DT] => 20250923143157
    [P_STATUS] => 02
    [P_TYPE] => VBANK
    [P_OID] => 250923-018
    [P_FN_CD1] => 71
    [P_FN_CD2] => 
    [P_FN_NM] => 우체국
    [P_AMT] => 3000
    [P_UNAME] => 박찬종
    [P_RMESG1] => P_VACCT_NO=01401981463005|P_EXP_DT=20251003
    [P_RMESG2] => 
    [P_NOTI] => 
    [P_AUTH_NO] => 
)

 Array
(
    [PageCall time] => 15:06:06
    [P_TID] => INIMX_VBNKCAEcatca0720250923150237595895
    [P_MID] => CAEcatca07
    [P_AUTH_DT] => 20250923150606
    [P_STATUS] => 02
    [P_TYPE] => VBANK
    [P_OID] => 250923-019
    [P_FN_CD1] => 03
    [P_FN_CD2] => 
    [P_FN_NM] => 기업은행
    [P_AMT] => 3000
    [P_UNAME] => 오정숙
    [P_RMESG1] => P_VACCT_NO=07502369297761|P_EXP_DT=20251003
    [P_RMESG2] => 
    [P_NOTI] => 
    [P_AUTH_NO] => 
)

 Array
(
    [PageCall time] => 15:07:28
    [P_TID] => INIMX_VBNKCAEcatca0720250923150611705571
    [P_MID] => CAEcatca07
    [P_AUTH_DT] => 20250923150728
    [P_STATUS] => 02
    [P_TYPE] => VBANK
    [P_OID] => 250923-020
    [P_FN_CD1] => 11
    [P_FN_CD2] => 
    [P_FN_NM] => NH농협은행
    [P_AMT] => 3000
    [P_UNAME] => 김동희
    [P_RMESG1] => P_VACCT_NO=79014506689584|P_EXP_DT=20251003
    [P_RMESG2] => 
    [P_NOTI] => 
    [P_AUTH_NO] => 
)

 Array
(
    [PageCall time] => 15:26:26
    [P_TID] => INIMX_VBNKCAEcatca0720250923152539145714
    [P_MID] => CAEcatca07
    [P_AUTH_DT] => 20250923152626
    [P_STATUS] => 02
    [P_TYPE] => VBANK
    [P_OID] => 250923-021
    [P_FN_CD1] => 11
    [P_FN_CD2] => 
    [P_FN_NM] => NH농협은행
    [P_AMT] => 3000
    [P_UNAME] => 조수현
    [P_RMESG1] => P_VACCT_NO=79014506689894|P_EXP_DT=20251003
    [P_RMESG2] => 
    [P_NOTI] => 
    [P_AUTH_NO] => 
)

 Array
(
    [PageCall time] => 15:37:28
    [P_TID] => INIMX_VBNKCAEcatca0720250923153350754627
    [P_MID] => CAEcatca07
    [P_AUTH_DT] => 20250923153727
    [P_STATUS] => 02
    [P_TYPE] => VBANK
    [P_OID] => 250914-002
    [P_FN_CD1] => 31
    [P_FN_CD2] => 
    [P_FN_NM] => 아이엠뱅크(대구은행)
    [P_AMT] => 3000
    [P_UNAME] => 이지원
    [P_RMESG1] => P_VACCT_NO=9600347848069|P_EXP_DT=20251003
    [P_RMESG2] => 
    [P_NOTI] => 
    [P_AUTH_NO] => 
)

 Array
(
    [PageCall time] => 16:08:56
    [P_TID] => INIMX_VBNKCAEcatca0720250923160537525041
    [P_MID] => CAEcatca07
    [P_AUTH_DT] => 20250923160855
    [P_STATUS] => 02
    [P_TYPE] => VBANK
    [P_OID] => 250923-022
    [P_FN_CD1] => 81
    [P_FN_CD2] => 
    [P_FN_NM] => 하나은행
    [P_AMT] => 3000
    [P_UNAME] => 김도현
    [P_RMESG1] => P_VACCT_NO=20894344508537|P_EXP_DT=20251003
    [P_RMESG2] => 
    [P_NOTI] => 
    [P_AUTH_NO] => 
)

 Array
(
    [PageCall time] => 16:17:40
    [P_TID] => INIMX_VBNKCAEcatca0720250923161310714656
    [P_MID] => CAEcatca07
    [P_AUTH_DT] => 20250923161740
    [P_STATUS] => 02
    [P_TYPE] => VBANK
    [P_OID] => 250923-025
    [P_FN_CD1] => 81
    [P_FN_CD2] => 
    [P_FN_NM] => 하나은행
    [P_AMT] => 3000
    [P_UNAME] => 이정임
    [P_RMESG1] => P_VACCT_NO=20893915141337|P_EXP_DT=20251003
    [P_RMESG2] => 
    [P_NOTI] => 
    [P_AUTH_NO] => 
)

 Array
(
    [PageCall time] => 16:28:32
    [P_TID] => INIMX_VBNKCAEcatca0720250923162720564553
    [P_MID] => CAEcatca07
    [P_AUTH_DT] => 20250923162832
    [P_STATUS] => 02
    [P_TYPE] => VBANK
    [P_OID] => 250923-026
    [P_FN_CD1] => 11
    [P_FN_CD2] => 
    [P_FN_NM] => NH농협은행
    [P_AMT] => 3000
    [P_UNAME] => 최영미
    [P_RMESG1] => P_VACCT_NO=79005845906082|P_EXP_DT=20251003
    [P_RMESG2] => 
    [P_NOTI] => 
    [P_AUTH_NO] => 
)

 Array
(
    [PageCall time] => 16:35:52
    [P_TID] => INIMX_VBNKCAEcatca0720250923163350935081
    [P_MID] => CAEcatca07
    [P_AUTH_DT] => 20250923163552
    [P_STATUS] => 02
    [P_TYPE] => VBANK
    [P_OID] => 250923-027
    [P_FN_CD1] => 11
    [P_FN_CD2] => 
    [P_FN_NM] => NH농협은행
    [P_AMT] => 3000
    [P_UNAME] => 이형석
    [P_RMESG1] => P_VACCT_NO=79014506696035|P_EXP_DT=20251003
    [P_RMESG2] => 
    [P_NOTI] => 
    [P_AUTH_NO] => 
)

 Array
(
    [PageCall time] => 17:30:05
    [P_TID] => INIMX_VBNKCAEcatca0720250923172625415954
    [P_MID] => CAEcatca07
    [P_AUTH_DT] => 20250923173005
    [P_STATUS] => 02
    [P_TYPE] => VBANK
    [P_OID] => 250923-029
    [P_FN_CD1] => 04
    [P_FN_CD2] => 
    [P_FN_NM] => KB국민은행
    [P_AMT] => 3000
    [P_UNAME] => 김병구
    [P_RMESG1] => P_VACCT_NO=39319011196141|P_EXP_DT=20251003
    [P_RMESG2] => 
    [P_NOTI] => 
    [P_AUTH_NO] => 
)

 Array
(
    [PageCall time] => 19:07:12
    [P_TID] => INIMX_VBNKCAEcatca0720250923190626675289
    [P_MID] => CAEcatca07
    [P_AUTH_DT] => 20250923190712
    [P_STATUS] => 02
    [P_TYPE] => VBANK
    [P_OID] => 250923-033
    [P_FN_CD1] => 11
    [P_FN_CD2] => 
    [P_FN_NM] => NH농협은행
    [P_AMT] => 3000
    [P_UNAME] => 이재춘
    [P_RMESG1] => P_VACCT_NO=79014506706156|P_EXP_DT=20251003
    [P_RMESG2] => 
    [P_NOTI] => 
    [P_AUTH_NO] => 
)

 Array
(
    [PageCall time] => 21:13:43
    [P_TID] => INIMX_VBNKCAEcatca0720250923211039385613
    [P_MID] => CAEcatca07
    [P_AUTH_DT] => 20250923211343
    [P_STATUS] => 02
    [P_TYPE] => VBANK
    [P_OID] => 250923-034
    [P_FN_CD1] => 81
    [P_FN_CD2] => 
    [P_FN_NM] => 하나은행
    [P_AMT] => 3000
    [P_UNAME] => 이연호
    [P_RMESG1] => P_VACCT_NO=20894345299637|P_EXP_DT=20251003
    [P_RMESG2] => 
    [P_NOTI] => 
    [P_AUTH_NO] => 
)

