 Array
(
    [PageCall time] => 07:22:42
    [P_TID] => INIMX_VBNKCAEcatca0720250311072103635912
    [P_MID] => CAEcatca07
    [P_AUTH_DT] => 20250311072242
    [P_STATUS] => 02
    [P_TYPE] => VBANK
    [P_OID] => 250311-002
    [P_FN_CD1] => 11
    [P_FN_CD2] => 
    [P_FN_NM] => NH농협은행
    [P_AMT] => 3000
    [P_UNAME] => 정은영
    [P_RMESG1] => P_VACCT_NO=79014507339234|P_EXP_DT=20250321
    [P_RMESG2] => 
    [P_NOTI] => 
    [P_AUTH_NO] => 
)

 Array
(
    [PageCall time] => 09:05:42
    [P_TID] => INIMX_VBNKCAEcatca0720250311090142765030
    [P_MID] => CAEcatca07
    [P_AUTH_DT] => 20250311090542
    [P_STATUS] => 02
    [P_TYPE] => VBANK
    [P_OID] => 250307-012
    [P_FN_CD1] => 88
    [P_FN_CD2] => 
    [P_FN_NM] => 신한은행
    [P_AMT] => 3000
    [P_UNAME] => 김수일
    [P_RMESG1] => P_VACCT_NO=56211990689394|P_EXP_DT=20250321
    [P_RMESG2] => 
    [P_NOTI] => 
    [P_AUTH_NO] => 
)

 Array
(
    [PageCall time] => 09:32:58
    [P_TID] => INIMX_VBNKCAEcatca0720250311093038315021
    [P_MID] => CAEcatca07
    [P_AUTH_DT] => 20250311093258
    [P_STATUS] => 02
    [P_TYPE] => VBANK
    [P_OID] => 250311-003
    [P_FN_CD1] => 20
    [P_FN_CD2] => 
    [P_FN_NM] => 우리은행
    [P_AMT] => 3000
    [P_UNAME] => 정회혁
    [P_RMESG1] => P_VACCT_NO=27204234118311|P_EXP_DT=20250321
    [P_RMESG2] => 
    [P_NOTI] => 
    [P_AUTH_NO] => 
)

 Array
(
    [PageCall time] => 10:03:36
    [P_TID] => INIMX_VBNKCAEcatca0720250311095811945079
    [P_MID] => CAEcatca07
    [P_AUTH_DT] => 20250311100336
    [P_STATUS] => 02
    [P_TYPE] => VBANK
    [P_OID] => 250311-004
    [P_FN_CD1] => 11
    [P_FN_CD2] => 
    [P_FN_NM] => NH농협은행
    [P_AMT] => 3000
    [P_UNAME] => 장만중
    [P_RMESG1] => P_VACCT_NO=79014507361239|P_EXP_DT=20250321
    [P_RMESG2] => 
    [P_NOTI] => 
    [P_AUTH_NO] => 
)

 Array
(
    [PageCall time] => 10:55:28
    [P_TID] => INIMX_VBNKCAEcatca0720250311104907815136
    [P_MID] => CAEcatca07
    [P_AUTH_DT] => 20250311105528
    [P_STATUS] => 02
    [P_TYPE] => VBANK
    [P_OID] => 250311-005
    [P_FN_CD1] => 11
    [P_FN_CD2] => 
    [P_FN_NM] => NH농협은행
    [P_AMT] => 3000
    [P_UNAME] => 김동일
    [P_RMESG1] => P_VACCT_NO=79014507373266|P_EXP_DT=20250321
    [P_RMESG2] => 
    [P_NOTI] => 
    [P_AUTH_NO] => 
)

 Array
(
    [PageCall time] => 11:03:24
    [P_TID] => INIMX_VBNKCAEcatca0720250311105804865228
    [P_MID] => CAEcatca07
    [P_AUTH_DT] => 20250311110324
    [P_STATUS] => 02
    [P_TYPE] => VBANK
    [P_OID] => 250307-020
    [P_FN_CD1] => 89
    [P_FN_CD2] => 
    [P_FN_NM] => 케이뱅크
    [P_AMT] => 3000
    [P_UNAME] => 이인영
    [P_RMESG1] => P_VACCT_NO=70112004120551|P_EXP_DT=20250321
    [P_RMESG2] => 
    [P_NOTI] => 
    [P_AUTH_NO] => 
)

 Array
(
    [PageCall time] => 11:28:45
    [P_TID] => INIMX_VBNKCAEcatca0720250311112532925250
    [P_MID] => CAEcatca07
    [P_AUTH_DT] => 20250311112845
    [P_STATUS] => 02
    [P_TYPE] => VBANK
    [P_OID] => 250311-006
    [P_FN_CD1] => 88
    [P_FN_CD2] => 
    [P_FN_NM] => 신한은행
    [P_AMT] => 3000
    [P_UNAME] => 윤선미
    [P_RMESG1] => P_VACCT_NO=56211990709290|P_EXP_DT=20250321
    [P_RMESG2] => 
    [P_NOTI] => 
    [P_AUTH_NO] => 
)

 Array
(
    [PageCall time] => 11:31:24
    [P_TID] => INIMX_VBNKCAEcatca0720250311112820785704
    [P_MID] => CAEcatca07
    [P_AUTH_DT] => 20250311113124
    [P_STATUS] => 02
    [P_TYPE] => VBANK
    [P_OID] => 250311-007
    [P_FN_CD1] => 88
    [P_FN_CD2] => 
    [P_FN_NM] => 신한은행
    [P_AMT] => 3000
    [P_UNAME] => 고자영
    [P_RMESG1] => P_VACCT_NO=56211990709588|P_EXP_DT=20250321
    [P_RMESG2] => 
    [P_NOTI] => 
    [P_AUTH_NO] => 
)

 Array
(
    [PageCall time] => 11:38:07
    [P_TID] => INIMX_VBNKCAEcatca0720250311113745845183
    [P_MID] => CAEcatca07
    [P_AUTH_DT] => 20250311113807
    [P_STATUS] => 02
    [P_TYPE] => VBANK
    [P_OID] => 250311-008
    [P_FN_CD1] => 04
    [P_FN_CD2] => 
    [P_FN_NM] => KB국민은행
    [P_AMT] => 3000
    [P_UNAME] => 이희호
    [P_RMESG1] => P_VACCT_NO=26159078382174|P_EXP_DT=20250321
    [P_RMESG2] => 
    [P_NOTI] => 
    [P_AUTH_NO] => 
)

 Array
(
    [PageCall time] => 11:47:08
    [P_TID] => INIMX_VBNKCAEcatca0720250311114345255720
    [P_MID] => CAEcatca07
    [P_AUTH_DT] => 20250311114708
    [P_STATUS] => 02
    [P_TYPE] => VBANK
    [P_OID] => 250311-009
    [P_FN_CD1] => 34
    [P_FN_CD2] => 
    [P_FN_NM] => 광주은행
    [P_AMT] => 3000
    [P_UNAME] => 서민성
    [P_RMESG1] => P_VACCT_NO=810865174495|P_EXP_DT=20250321
    [P_RMESG2] => 
    [P_NOTI] => 
    [P_AUTH_NO] => 
)

 Array
(
    [PageCall time] => 12:26:01
    [P_TID] => INIMX_VBNKCAEcatca0720250311122155145322
    [P_MID] => CAEcatca07
    [P_AUTH_DT] => 20250311122601
    [P_STATUS] => 02
    [P_TYPE] => VBANK
    [P_OID] => 250311-010
    [P_FN_CD1] => 07
    [P_FN_CD2] => 
    [P_FN_NM] => 수협은행
    [P_AMT] => 3000
    [P_UNAME] => 김정윤
    [P_RMESG1] => P_VACCT_NO=06640082557884|P_EXP_DT=20250321
    [P_RMESG2] => 
    [P_NOTI] => 
    [P_AUTH_NO] => 
)

 Array
(
    [PageCall time] => 12:58:34
    [P_TID] => INIMX_VBNKCAEcatca0720250311125754945983
    [P_MID] => CAEcatca07
    [P_AUTH_DT] => 20250311125834
    [P_STATUS] => 02
    [P_TYPE] => VBANK
    [P_OID] => 250311-011
    [P_FN_CD1] => 04
    [P_FN_CD2] => 
    [P_FN_NM] => KB국민은행
    [P_AMT] => 3000
    [P_UNAME] => 임튼주
    [P_RMESG1] => P_VACCT_NO=26119078105016|P_EXP_DT=20250321
    [P_RMESG2] => 
    [P_NOTI] => 
    [P_AUTH_NO] => 
)

 Array
(
    [PageCall time] => 13:34:42
    [P_TID] => INIMX_VBNKCAEcatca0720250311133148915799
    [P_MID] => CAEcatca07
    [P_AUTH_DT] => 20250311133442
    [P_STATUS] => 02
    [P_TYPE] => VBANK
    [P_OID] => 250311-012
    [P_FN_CD1] => 88
    [P_FN_CD2] => 
    [P_FN_NM] => 신한은행
    [P_AMT] => 3000
    [P_UNAME] => 변현복
    [P_RMESG1] => P_VACCT_NO=56211990722448|P_EXP_DT=20250321
    [P_RMESG2] => 
    [P_NOTI] => 
    [P_AUTH_NO] => 
)

 Array
(
    [PageCall time] => 13:36:19
    [P_TID] => INIMX_VBNKCAEcatca0720250311133549454190
    [P_MID] => CAEcatca07
    [P_AUTH_DT] => 20250311133619
    [P_STATUS] => 02
    [P_TYPE] => VBANK
    [P_OID] => 250311-013
    [P_FN_CD1] => 11
    [P_FN_CD2] => 
    [P_FN_NM] => NH농협은행
    [P_AMT] => 3000
    [P_UNAME] => 이지홍
    [P_RMESG1] => P_VACCT_NO=01444364628720|P_EXP_DT=20250321
    [P_RMESG2] => 
    [P_NOTI] => 
    [P_AUTH_NO] => 
)

 Array
(
    [PageCall time] => 13:59:22
    [P_TID] => INIMX_VBNKCAEcatca0720250311135632914139
    [P_MID] => CAEcatca07
    [P_AUTH_DT] => 20250311135922
    [P_STATUS] => 02
    [P_TYPE] => VBANK
    [P_OID] => 250311-015
    [P_FN_CD1] => 88
    [P_FN_CD2] => 
    [P_FN_NM] => 신한은행
    [P_AMT] => 3000
    [P_UNAME] => 김말숙
    [P_RMESG1] => P_VACCT_NO=56211110888297|P_EXP_DT=20250321
    [P_RMESG2] => 
    [P_NOTI] => 
    [P_AUTH_NO] => 
)

 Array
(
    [PageCall time] => 14:05:08
    [P_TID] => INIMX_VBNKCAEcatca0720250311140335365257
    [P_MID] => CAEcatca07
    [P_AUTH_DT] => 20250311140508
    [P_STATUS] => 02
    [P_TYPE] => VBANK
    [P_OID] => 250311-014
    [P_FN_CD1] => 32
    [P_FN_CD2] => 
    [P_FN_NM] => 부산은행
    [P_AMT] => 3000
    [P_UNAME] => 심윤희
    [P_RMESG1] => P_VACCT_NO=109924363497|P_EXP_DT=20250321
    [P_RMESG2] => 
    [P_NOTI] => 
    [P_AUTH_NO] => 
)

 Array
(
    [PageCall time] => 14:30:24
    [P_TID] => INIMX_VBNKCAEcatca0720250311142155114639
    [P_MID] => CAEcatca07
    [P_AUTH_DT] => 20250311143024
    [P_STATUS] => 02
    [P_TYPE] => VBANK
    [P_OID] => 250311-017
    [P_FN_CD1] => 11
    [P_FN_CD2] => 
    [P_FN_NM] => NH농협은행
    [P_AMT] => 3000
    [P_UNAME] => 류은수
    [P_RMESG1] => P_VACCT_NO=01444364642229|P_EXP_DT=20250321
    [P_RMESG2] => 
    [P_NOTI] => 
    [P_AUTH_NO] => 
)

 Array
(
    [PageCall time] => 14:42:47
    [P_TID] => INIMX_VBNKCAEcatca0720250311144157804836
    [P_MID] => CAEcatca07
    [P_AUTH_DT] => 20250311144247
    [P_STATUS] => 02
    [P_TYPE] => VBANK
    [P_OID] => 250311-019
    [P_FN_CD1] => 04
    [P_FN_CD2] => 
    [P_FN_NM] => KB국민은행
    [P_AMT] => 3000
    [P_UNAME] => 손은경
    [P_RMESG1] => P_VACCT_NO=80009078897664|P_EXP_DT=20250321
    [P_RMESG2] => 
    [P_NOTI] => 
    [P_AUTH_NO] => 
)

 Array
(
    [PageCall time] => 14:57:09
    [P_TID] => INIMX_VBNKCAEcatca0720250311145240414239
    [P_MID] => CAEcatca07
    [P_AUTH_DT] => 20250311145709
    [P_STATUS] => 02
    [P_TYPE] => VBANK
    [P_OID] => 250311-021
    [P_FN_CD1] => 81
    [P_FN_CD2] => 
    [P_FN_NM] => 하나은행
    [P_AMT] => 3000
    [P_UNAME] => 박에스더
    [P_RMESG1] => P_VACCT_NO=58390804107137|P_EXP_DT=20250321
    [P_RMESG2] => 
    [P_NOTI] => 
    [P_AUTH_NO] => 
)

 Array
(
    [PageCall time] => 15:07:40
    [P_TID] => INIMX_VBNKCAEcatca0720250311150312104312
    [P_MID] => CAEcatca07
    [P_AUTH_DT] => 20250311150740
    [P_STATUS] => 02
    [P_TYPE] => VBANK
    [P_OID] => 250311-022
    [P_FN_CD1] => 88
    [P_FN_CD2] => 
    [P_FN_NM] => 신한은행
    [P_AMT] => 3000
    [P_UNAME] => 허회경
    [P_RMESG1] => P_VACCT_NO=56211110892210|P_EXP_DT=20250321
    [P_RMESG2] => 
    [P_NOTI] => 
    [P_AUTH_NO] => 
)

 Array
(
    [PageCall time] => 15:11:29
    [P_TID] => INIMX_VBNKCAEcatca0720250311145504684155
    [P_MID] => CAEcatca07
    [P_AUTH_DT] => 20250311151129
    [P_STATUS] => 02
    [P_TYPE] => VBANK
    [P_OID] => 250311-023
    [P_FN_CD1] => 81
    [P_FN_CD2] => 
    [P_FN_NM] => 하나은행
    [P_AMT] => 3000
    [P_UNAME] => 11914
    [P_RMESG1] => P_VACCT_NO=58390804137337|P_EXP_DT=20250321
    [P_RMESG2] => 
    [P_NOTI] => 
    [P_AUTH_NO] => 
)

 Array
(
    [PageCall time] => 15:48:28
    [P_TID] => INIMX_VBNKCAEcatca0720250311154218295706
    [P_MID] => CAEcatca07
    [P_AUTH_DT] => 20250311154828
    [P_STATUS] => 02
    [P_TYPE] => VBANK
    [P_OID] => 250311-024
    [P_FN_CD1] => 11
    [P_FN_CD2] => 
    [P_FN_NM] => NH농협은행
    [P_AMT] => 3000
    [P_UNAME] => 옥은하
    [P_RMESG1] => P_VACCT_NO=79014507415947|P_EXP_DT=20250321
    [P_RMESG2] => 
    [P_NOTI] => 
    [P_AUTH_NO] => 
)

 Array
(
    [PageCall time] => 16:20:37
    [P_TID] => INIMX_VBNKCAEcatca0720250311161704294083
    [P_MID] => CAEcatca07
    [P_AUTH_DT] => 20250311162036
    [P_STATUS] => 02
    [P_TYPE] => VBANK
    [P_OID] => 250311-025
    [P_FN_CD1] => 88
    [P_FN_CD2] => 
    [P_FN_NM] => 신한은행
    [P_AMT] => 3000
    [P_UNAME] => 김광훈
    [P_RMESG1] => P_VACCT_NO=56211110899308|P_EXP_DT=20250321
    [P_RMESG2] => 
    [P_NOTI] => 
    [P_AUTH_NO] => 
)

 Array
(
    [PageCall time] => 16:40:15
    [P_TID] => INIMX_VBNKCAEcatca0720250311163902575788
    [P_MID] => CAEcatca07
    [P_AUTH_DT] => 20250311164015
    [P_STATUS] => 02
    [P_TYPE] => VBANK
    [P_OID] => 250311-026
    [P_FN_CD1] => 04
    [P_FN_CD2] => 
    [P_FN_NM] => KB국민은행
    [P_AMT] => 3000
    [P_UNAME] => 백운덕
    [P_RMESG1] => P_VACCT_NO=26119078371918|P_EXP_DT=20250321
    [P_RMESG2] => 
    [P_NOTI] => 
    [P_AUTH_NO] => 
)

 Array
(
    [PageCall time] => 18:03:14
    [P_TID] => INIMX_VBNKCAEcatca0720250311180240155695
    [P_MID] => CAEcatca07
    [P_AUTH_DT] => 20250311180314
    [P_STATUS] => 02
    [P_TYPE] => VBANK
    [P_OID] => 250311-029
    [P_FN_CD1] => 11
    [P_FN_CD2] => 
    [P_FN_NM] => NH농협은행
    [P_AMT] => 3000
    [P_UNAME] => 박기현
    [P_RMESG1] => P_VACCT_NO=79014507431588|P_EXP_DT=20250321
    [P_RMESG2] => 
    [P_NOTI] => 
    [P_AUTH_NO] => 
)

 Array
(
    [PageCall time] => 19:24:42
    [P_TID] => INIMX_VBNKCAEcatca0720250311192206665885
    [P_MID] => CAEcatca07
    [P_AUTH_DT] => 20250311192442
    [P_STATUS] => 02
    [P_TYPE] => VBANK
    [P_OID] => 250311-030
    [P_FN_CD1] => 03
    [P_FN_CD2] => 
    [P_FN_NM] => 기업은행
    [P_AMT] => 3000
    [P_UNAME] => 이연
    [P_RMESG1] => P_VACCT_NO=07502372297842|P_EXP_DT=20250321
    [P_RMESG2] => 
    [P_NOTI] => 
    [P_AUTH_NO] => 
)

 Array
(
    [PageCall time] => 21:42:11
    [P_TID] => INIMX_VBNKCAEcatca0720250311213520675280
    [P_MID] => CAEcatca07
    [P_AUTH_DT] => 20250311214211
    [P_STATUS] => 02
    [P_TYPE] => VBANK
    [P_OID] => 250310-015
    [P_FN_CD1] => 04
    [P_FN_CD2] => 
    [P_FN_NM] => KB국민은행
    [P_AMT] => 3000
    [P_UNAME] => 이영옥
    [P_RMESG1] => P_VACCT_NO=26119078755619|P_EXP_DT=20250321
    [P_RMESG2] => 
    [P_NOTI] => 
    [P_AUTH_NO] => 
)

 Array
(
    [PageCall time] => 21:42:46
    [P_TID] => INIMX_VBNKCAEcatca0720250311214005175519
    [P_MID] => CAEcatca07
    [P_AUTH_DT] => 20250311214246
    [P_STATUS] => 02
    [P_TYPE] => VBANK
    [P_OID] => 250311-035
    [P_FN_CD1] => 88
    [P_FN_CD2] => 
    [P_FN_NM] => 신한은행
    [P_AMT] => 3000
    [P_UNAME] => 서은아
    [P_RMESG1] => P_VACCT_NO=56211990762671|P_EXP_DT=20250321
    [P_RMESG2] => 
    [P_NOTI] => 
    [P_AUTH_NO] => 
)

 Array
(
    [PageCall time] => 21:58:34
    [P_TID] => INIMX_VBNKCAEcatca0720250311215255565243
    [P_MID] => CAEcatca07
    [P_AUTH_DT] => 20250311215834
    [P_STATUS] => 02
    [P_TYPE] => VBANK
    [P_OID] => 250311-036
    [P_FN_CD1] => 32
    [P_FN_CD2] => 
    [P_FN_NM] => 부산은행
    [P_AMT] => 3000
    [P_UNAME] => 조유정
    [P_RMESG1] => P_VACCT_NO=109924365370|P_EXP_DT=20250321
    [P_RMESG2] => 
    [P_NOTI] => 
    [P_AUTH_NO] => 
)

 Array
(
    [PageCall time] => 22:33:08
    [P_TID] => INIMX_VBNKCAEcatca0720250311222554225425
    [P_MID] => CAEcatca07
    [P_AUTH_DT] => 20250311223308
    [P_STATUS] => 02
    [P_TYPE] => VBANK
    [P_OID] => 250311-037
    [P_FN_CD1] => 11
    [P_FN_CD2] => 
    [P_FN_NM] => NH농협은행
    [P_AMT] => 3000
    [P_UNAME] => 성민정
    [P_RMESG1] => P_VACCT_NO=79014507464144|P_EXP_DT=20250321
    [P_RMESG2] => 
    [P_NOTI] => 
    [P_AUTH_NO] => 
)

 Array
(
    [PageCall time] => 22:49:03
    [P_TID] => INIMX_VBNKCAEcatca0720250311224726775037
    [P_MID] => CAEcatca07
    [P_AUTH_DT] => 20250311224903
    [P_STATUS] => 02
    [P_TYPE] => VBANK
    [P_OID] => 250311-038
    [P_FN_CD1] => 11
    [P_FN_CD2] => 
    [P_FN_NM] => NH농협은행
    [P_AMT] => 3000
    [P_UNAME] => 송주희
    [P_RMESG1] => P_VACCT_NO=79014507466232|P_EXP_DT=20250321
    [P_RMESG2] => 
    [P_NOTI] => 
    [P_AUTH_NO] => 
)

 Array
(
    [PageCall time] => 23:10:27
    [P_TID] => INIMX_VBNKCAEcatca0720250311230850515122
    [P_MID] => CAEcatca07
    [P_AUTH_DT] => 20250311231027
    [P_STATUS] => 02
    [P_TYPE] => VBANK
    [P_OID] => 250311-034
    [P_FN_CD1] => 04
    [P_FN_CD2] => 
    [P_FN_NM] => KB국민은행
    [P_AMT] => 3000
    [P_UNAME] => 변복싱
    [P_RMESG1] => P_VACCT_NO=26119078827882|P_EXP_DT=20250321
    [P_RMESG2] => 
    [P_NOTI] => 
    [P_AUTH_NO] => 
)

