 Array
(
    [PageCall time] => 14:43:05
    [P_TID] => INIMX_VBNKCAEcatca0720250621144215735056
    [P_MID] => CAEcatca07
    [P_AUTH_DT] => 20250621144305
    [P_STATUS] => 02
    [P_TYPE] => VBANK
    [P_OID] => 250621-004
    [P_FN_CD1] => 04
    [P_FN_CD2] => 
    [P_FN_NM] => KB국민은행
    [P_AMT] => 3000
    [P_UNAME] => 박종규
    [P_RMESG1] => P_VACCT_NO=26119078165056|P_EXP_DT=20250701
    [P_RMESG2] => 
    [P_NOTI] => 
    [P_AUTH_NO] => 
)

 Array
(
    [PageCall time] => 15:07:33
    [P_TID] => INIMX_VBNKCAEcatca0720250621150428145808
    [P_MID] => CAEcatca07
    [P_AUTH_DT] => 20250621150733
    [P_STATUS] => 02
    [P_TYPE] => VBANK
    [P_OID] => 250621-005
    [P_FN_CD1] => 81
    [P_FN_CD2] => 
    [P_FN_NM] => 하나은행
    [P_AMT] => 3000
    [P_UNAME] => 김지영
    [P_RMESG1] => P_VACCT_NO=20894170676037|P_EXP_DT=20250701
    [P_RMESG2] => 
    [P_NOTI] => 
    [P_AUTH_NO] => 
)

 Array
(
    [PageCall time] => 15:58:42
    [P_TID] => INIMX_VBNKCAEcatca0720250621155600325581
    [P_MID] => CAEcatca07
    [P_AUTH_DT] => 20250621155842
    [P_STATUS] => 02
    [P_TYPE] => VBANK
    [P_OID] => 250621-006
    [P_FN_CD1] => 88
    [P_FN_CD2] => 
    [P_FN_NM] => 신한은행
    [P_AMT] => 3000
    [P_UNAME] => 황아람
    [P_RMESG1] => P_VACCT_NO=56211105147883|P_EXP_DT=20250701
    [P_RMESG2] => 
    [P_NOTI] => 
    [P_AUTH_NO] => 
)

 Array
(
    [PageCall time] => 16:33:05
    [P_TID] => INIMX_VBNKCAEcatca0720250621163206335247
    [P_MID] => CAEcatca07
    [P_AUTH_DT] => 20250621163305
    [P_STATUS] => 02
    [P_TYPE] => VBANK
    [P_OID] => 250621-007
    [P_FN_CD1] => 04
    [P_FN_CD2] => 
    [P_FN_NM] => KB국민은행
    [P_AMT] => 3000
    [P_UNAME] => 윤인선
    [P_RMESG1] => P_VACCT_NO=39319011011268|P_EXP_DT=20250701
    [P_RMESG2] => 
    [P_NOTI] => 
    [P_AUTH_NO] => 
)

 Array
(
    [PageCall time] => 19:04:25
    [P_TID] => INIMX_VBNKCAEcatca0720250621190118625751
    [P_MID] => CAEcatca07
    [P_AUTH_DT] => 20250621190425
    [P_STATUS] => 02
    [P_TYPE] => VBANK
    [P_OID] => 250621-008
    [P_FN_CD1] => 88
    [P_FN_CD2] => 
    [P_FN_NM] => 신한은행
    [P_AMT] => 3000
    [P_UNAME] => 김정중
    [P_RMESG1] => P_VACCT_NO=56211105156660|P_EXP_DT=20250701
    [P_RMESG2] => 
    [P_NOTI] => 
    [P_AUTH_NO] => 
)

 Array
(
    [PageCall time] => 19:29:58
    [P_TID] => INIMX_VBNKCAEcatca0720250621192427655429
    [P_MID] => CAEcatca07
    [P_AUTH_DT] => 20250621192958
    [P_STATUS] => 02
    [P_TYPE] => VBANK
    [P_OID] => 250621-009
    [P_FN_CD1] => 89
    [P_FN_CD2] => 
    [P_FN_NM] => 케이뱅크
    [P_AMT] => 3000
    [P_UNAME] => 김영미
    [P_RMESG1] => P_VACCT_NO=70112003810912|P_EXP_DT=20250701
    [P_RMESG2] => 
    [P_NOTI] => 
    [P_AUTH_NO] => 
)

 Array
(
    [PageCall time] => 21:42:32
    [P_TID] => INIMX_VBNKCAEcatca0720250621213915795449
    [P_MID] => CAEcatca07
    [P_AUTH_DT] => 20250621214232
    [P_STATUS] => 02
    [P_TYPE] => VBANK
    [P_OID] => 250621-012
    [P_FN_CD1] => 20
    [P_FN_CD2] => 
    [P_FN_NM] => 우리은행
    [P_AMT] => 3000
    [P_UNAME] => 김연희
    [P_RMESG1] => P_VACCT_NO=27761190418061|P_EXP_DT=20250701
    [P_RMESG2] => 
    [P_NOTI] => 
    [P_AUTH_NO] => 
)

 Array
(
    [PageCall time] => 23:28:01
    [P_TID] => INIMX_VBNKCAEcatca0720250621232724615681
    [P_MID] => CAEcatca07
    [P_AUTH_DT] => 20250621232801
    [P_STATUS] => 02
    [P_TYPE] => VBANK
    [P_OID] => 250621-013
    [P_FN_CD1] => 11
    [P_FN_CD2] => 
    [P_FN_NM] => NH농협은행
    [P_AMT] => 3000
    [P_UNAME] => 김진태
    [P_RMESG1] => P_VACCT_NO=79010589862732|P_EXP_DT=20250701
    [P_RMESG2] => 
    [P_NOTI] => 
    [P_AUTH_NO] => 
)

