 Array
(
    [PageCall time] => 01:30:54
    [P_TID] => INIMX_VBNKCAEcatca0720250909144927855037
    [P_MID] => CAEcatca07
    [P_AUTH_DT] => 20250911013054
    [P_STATUS] => 02
    [P_TYPE] => VBANK
    [P_OID] => 250909-005
    [P_FN_CD1] => 88
    [P_FN_CD2] => 
    [P_FN_NM] => 신한은행
    [P_AMT] => 3000
    [P_UNAME] => 김해진
    [P_RMESG1] => P_VACCT_NO=56211992507030|P_EXP_DT=20250919
    [P_RMESG2] => 
    [P_NOTI] => 
    [P_AUTH_NO] => 
)

 Array
(
    [PageCall time] => 02:09:58
    [P_TID] => INIMX_VBNKCAEcatca0720250911020700705840
    [P_MID] => CAEcatca07
    [P_AUTH_DT] => 20250911020958
    [P_STATUS] => 02
    [P_TYPE] => VBANK
    [P_OID] => 250911-001
    [P_FN_CD1] => 04
    [P_FN_CD2] => 
    [P_FN_NM] => KB국민은행
    [P_AMT] => 3000
    [P_UNAME] => 김진순
    [P_RMESG1] => P_VACCT_NO=80429078873857|P_EXP_DT=20250921
    [P_RMESG2] => 
    [P_NOTI] => 
    [P_AUTH_NO] => 
)

 Array
(
    [PageCall time] => 10:01:32
    [P_TID] => INIMX_VBNKCAEcatca0720250911095834555038
    [P_MID] => CAEcatca07
    [P_AUTH_DT] => 20250911100132
    [P_STATUS] => 02
    [P_TYPE] => VBANK
    [P_OID] => 250911-004
    [P_FN_CD1] => 31
    [P_FN_CD2] => 
    [P_FN_NM] => 아이엠뱅크(대구은행)
    [P_AMT] => 3000
    [P_UNAME] => 최종욱
    [P_RMESG1] => P_VACCT_NO=9600362123615|P_EXP_DT=20250921
    [P_RMESG2] => 
    [P_NOTI] => 
    [P_AUTH_NO] => 
)

 Array
(
    [PageCall time] => 10:53:15
    [P_TID] => INIMX_VBNKCAEcatca0720250911105037425031
    [P_MID] => CAEcatca07
    [P_AUTH_DT] => 20250911105315
    [P_STATUS] => 02
    [P_TYPE] => VBANK
    [P_OID] => 250911-006
    [P_FN_CD1] => 88
    [P_FN_CD2] => 
    [P_FN_NM] => 신한은행
    [P_AMT] => 3000
    [P_UNAME] => 장종순
    [P_RMESG1] => P_VACCT_NO=56211106260121|P_EXP_DT=20250921
    [P_RMESG2] => 
    [P_NOTI] => 
    [P_AUTH_NO] => 
)

 Array
(
    [PageCall time] => 11:06:13
    [P_TID] => INIMX_VBNKCAEcatca0720250911110249855733
    [P_MID] => CAEcatca07
    [P_AUTH_DT] => 20250911110613
    [P_STATUS] => 02
    [P_TYPE] => VBANK
    [P_OID] => 250911-008
    [P_FN_CD1] => 03
    [P_FN_CD2] => 
    [P_FN_NM] => 기업은행
    [P_AMT] => 3000
    [P_UNAME] => 유민정
    [P_RMESG1] => P_VACCT_NO=07502299497392|P_EXP_DT=20250921
    [P_RMESG2] => 
    [P_NOTI] => 
    [P_AUTH_NO] => 
)

 Array
(
    [PageCall time] => 12:14:39
    [P_TID] => INIMX_VBNKCAEcatca0720250911121157675355
    [P_MID] => CAEcatca07
    [P_AUTH_DT] => 20250911121439
    [P_STATUS] => 02
    [P_TYPE] => VBANK
    [P_OID] => 250911-014
    [P_FN_CD1] => 04
    [P_FN_CD2] => 
    [P_FN_NM] => KB국민은행
    [P_AMT] => 3000
    [P_UNAME] => 김용흠
    [P_RMESG1] => P_VACCT_NO=41079011644127|P_EXP_DT=20250921
    [P_RMESG2] => 
    [P_NOTI] => 
    [P_AUTH_NO] => 
)

 Array
(
    [PageCall time] => 14:28:04
    [P_TID] => INIMX_VBNKCAEcatca0720250911142513825277
    [P_MID] => CAEcatca07
    [P_AUTH_DT] => 20250911142804
    [P_STATUS] => 02
    [P_TYPE] => VBANK
    [P_OID] => 250911-015
    [P_FN_CD1] => 81
    [P_FN_CD2] => 
    [P_FN_NM] => 하나은행
    [P_AMT] => 3000
    [P_UNAME] => 박나영
    [P_RMESG1] => P_VACCT_NO=20894124888837|P_EXP_DT=20250921
    [P_RMESG2] => 
    [P_NOTI] => 
    [P_AUTH_NO] => 
)

 Array
(
    [PageCall time] => 14:32:40
    [P_TID] => INIMX_VBNKCAEcatca0720250911142954495235
    [P_MID] => CAEcatca07
    [P_AUTH_DT] => 20250911143240
    [P_STATUS] => 02
    [P_TYPE] => VBANK
    [P_OID] => 250911-016
    [P_FN_CD1] => 04
    [P_FN_CD2] => 
    [P_FN_NM] => KB국민은행
    [P_AMT] => 3000
    [P_UNAME] => 조재환
    [P_RMESG1] => P_VACCT_NO=42379011294898|P_EXP_DT=20250921
    [P_RMESG2] => 
    [P_NOTI] => 
    [P_AUTH_NO] => 
)

 Array
(
    [PageCall time] => 16:23:33
    [P_TID] => INIMX_VBNKCAEcatca0720250911162030995317
    [P_MID] => CAEcatca07
    [P_AUTH_DT] => 20250911162333
    [P_STATUS] => 02
    [P_TYPE] => VBANK
    [P_OID] => 250911-018
    [P_FN_CD1] => 04
    [P_FN_CD2] => 
    [P_FN_NM] => KB국민은행
    [P_AMT] => 3000
    [P_UNAME] => 최순애
    [P_RMESG1] => P_VACCT_NO=80429078879903|P_EXP_DT=20250921
    [P_RMESG2] => 
    [P_NOTI] => 
    [P_AUTH_NO] => 
)

 Array
(
    [PageCall time] => 16:24:09
    [P_TID] => INIMX_VBNKCAEcatca0720250911161407125744
    [P_MID] => CAEcatca07
    [P_AUTH_DT] => 20250911162409
    [P_STATUS] => 02
    [P_TYPE] => VBANK
    [P_OID] => 250911-017
    [P_FN_CD1] => 88
    [P_FN_CD2] => 
    [P_FN_NM] => 신한은행
    [P_AMT] => 3000
    [P_UNAME] => 최경숙
    [P_RMESG1] => P_VACCT_NO=56211990612171|P_EXP_DT=20250921
    [P_RMESG2] => 
    [P_NOTI] => 
    [P_AUTH_NO] => 
)

 Array
(
    [PageCall time] => 18:22:37
    [P_TID] => INIMX_VBNKCAEcatca0720250911181927285364
    [P_MID] => CAEcatca07
    [P_AUTH_DT] => 20250911182237
    [P_STATUS] => 02
    [P_TYPE] => VBANK
    [P_OID] => 250911-025
    [P_FN_CD1] => 04
    [P_FN_CD2] => 
    [P_FN_NM] => KB국민은행
    [P_AMT] => 3000
    [P_UNAME] => 배경희
    [P_RMESG1] => P_VACCT_NO=80429078896502|P_EXP_DT=20250921
    [P_RMESG2] => 
    [P_NOTI] => 
    [P_AUTH_NO] => 
)

 Array
(
    [PageCall time] => 19:52:27
    [P_TID] => INIMX_VBNKCAEcatca0720250911195125135590
    [P_MID] => CAEcatca07
    [P_AUTH_DT] => 20250911195227
    [P_STATUS] => 02
    [P_TYPE] => VBANK
    [P_OID] => 250911-027
    [P_FN_CD1] => 11
    [P_FN_CD2] => 
    [P_FN_NM] => NH농협은행
    [P_AMT] => 3000
    [P_UNAME] => 서조무
    [P_RMESG1] => P_VACCT_NO=79014505550343|P_EXP_DT=20250921
    [P_RMESG2] => 
    [P_NOTI] => 
    [P_AUTH_NO] => 
)

 Array
(
    [PageCall time] => 21:52:56
    [P_TID] => INIMX_VBNKCAEcatca0720250911215000375974
    [P_MID] => CAEcatca07
    [P_AUTH_DT] => 20250911215256
    [P_STATUS] => 02
    [P_TYPE] => VBANK
    [P_OID] => 250911-028
    [P_FN_CD1] => 81
    [P_FN_CD2] => 
    [P_FN_NM] => 하나은행
    [P_AMT] => 3000
    [P_UNAME] => 박화순
    [P_RMESG1] => P_VACCT_NO=20894129305837|P_EXP_DT=20250921
    [P_RMESG2] => 
    [P_NOTI] => 
    [P_AUTH_NO] => 
)

