 Array
(
    [PageCall time] => 06:43:09
    [P_TID] => INIMX_VBNKCAEcatca0720251023064214845032
    [P_MID] => CAEcatca07
    [P_AUTH_DT] => 20251023064308
    [P_STATUS] => 02
    [P_TYPE] => VBANK
    [P_OID] => 251023-001
    [P_FN_CD1] => 11
    [P_FN_CD2] => 
    [P_FN_NM] => NH농협은행
    [P_AMT] => 3000
    [P_UNAME] => 이덕주
    [P_RMESG1] => P_VACCT_NO=79014509367581|P_EXP_DT=20251102
    [P_RMESG2] => 
    [P_NOTI] => 
    [P_AUTH_NO] => 
)

 Array
(
    [PageCall time] => 09:03:17
    [P_TID] => INIMX_VBNKCAEcatca0720251023090244455945
    [P_MID] => CAEcatca07
    [P_AUTH_DT] => 20251023090317
    [P_STATUS] => 02
    [P_TYPE] => VBANK
    [P_OID] => 251023-003
    [P_FN_CD1] => 11
    [P_FN_CD2] => 
    [P_FN_NM] => NH농협은행
    [P_AMT] => 3000
    [P_UNAME] => 박혜영
    [P_RMESG1] => P_VACCT_NO=79014509377822|P_EXP_DT=20251102
    [P_RMESG2] => 
    [P_NOTI] => 
    [P_AUTH_NO] => 
)

 Array
(
    [PageCall time] => 09:54:43
    [P_TID] => INIMX_VBNKCAEcatca0720251023095129335432
    [P_MID] => CAEcatca07
    [P_AUTH_DT] => 20251023095443
    [P_STATUS] => 02
    [P_TYPE] => VBANK
    [P_OID] => 251023-006
    [P_FN_CD1] => 04
    [P_FN_CD2] => 
    [P_FN_NM] => KB국민은행
    [P_AMT] => 3000
    [P_UNAME] => 장영우
    [P_RMESG1] => P_VACCT_NO=41989011654086|P_EXP_DT=20251102
    [P_RMESG2] => 
    [P_NOTI] => 
    [P_AUTH_NO] => 
)

 Array
(
    [PageCall time] => 10:03:49
    [P_TID] => INIMX_VBNKCAEcatca0720251023100237485501
    [P_MID] => CAEcatca07
    [P_AUTH_DT] => 20251023100349
    [P_STATUS] => 02
    [P_TYPE] => VBANK
    [P_OID] => 251023-004
    [P_FN_CD1] => 11
    [P_FN_CD2] => 
    [P_FN_NM] => NH농협은행
    [P_AMT] => 3000
    [P_UNAME] => 하성아
    [P_RMESG1] => P_VACCT_NO=79014509387529|P_EXP_DT=20251102
    [P_RMESG2] => 
    [P_NOTI] => 
    [P_AUTH_NO] => 
)

 Array
(
    [PageCall time] => 10:54:13
    [P_TID] => INIMX_VBNKCAEcatca0720251023105047445450
    [P_MID] => CAEcatca07
    [P_AUTH_DT] => 20251023105413
    [P_STATUS] => 02
    [P_TYPE] => VBANK
    [P_OID] => 251023-013
    [P_FN_CD1] => 11
    [P_FN_CD2] => 
    [P_FN_NM] => NH농협은행
    [P_AMT] => 3000
    [P_UNAME] => 신주리
    [P_RMESG1] => P_VACCT_NO=79014509396506|P_EXP_DT=20251102
    [P_RMESG2] => 
    [P_NOTI] => 
    [P_AUTH_NO] => 
)

 Array
(
    [PageCall time] => 11:00:20
    [P_TID] => INIMX_VBNKCAEcatca0720251023105933325334
    [P_MID] => CAEcatca07
    [P_AUTH_DT] => 20251023110020
    [P_STATUS] => 02
    [P_TYPE] => VBANK
    [P_OID] => 251023-016
    [P_FN_CD1] => 11
    [P_FN_CD2] => 
    [P_FN_NM] => NH농협은행
    [P_AMT] => 3000
    [P_UNAME] => 정명선
    [P_RMESG1] => P_VACCT_NO=79014509398187|P_EXP_DT=20251102
    [P_RMESG2] => 
    [P_NOTI] => 
    [P_AUTH_NO] => 
)

 Array
(
    [PageCall time] => 11:33:51
    [P_TID] => INIMX_VBNKCAEcatca0720251023113057785806
    [P_MID] => CAEcatca07
    [P_AUTH_DT] => 20251023113351
    [P_STATUS] => 02
    [P_TYPE] => VBANK
    [P_OID] => 251023-018
    [P_FN_CD1] => 81
    [P_FN_CD2] => 
    [P_FN_NM] => 하나은행
    [P_AMT] => 3000
    [P_UNAME] => 윤은선
    [P_RMESG1] => P_VACCT_NO=20893894399437|P_EXP_DT=20251102
    [P_RMESG2] => 
    [P_NOTI] => 
    [P_AUTH_NO] => 
)

 Array
(
    [PageCall time] => 11:59:44
    [P_TID] => INIMX_VBNKCAEcatca0720251023115646895026
    [P_MID] => CAEcatca07
    [P_AUTH_DT] => 20251023115944
    [P_STATUS] => 02
    [P_TYPE] => VBANK
    [P_OID] => 251023-020
    [P_FN_CD1] => 81
    [P_FN_CD2] => 
    [P_FN_NM] => 하나은행
    [P_AMT] => 3000
    [P_UNAME] => 김세인
    [P_RMESG1] => P_VACCT_NO=20893894529037|P_EXP_DT=20251102
    [P_RMESG2] => 
    [P_NOTI] => 
    [P_AUTH_NO] => 
)

 Array
(
    [PageCall time] => 12:48:15
    [P_TID] => INIMX_VBNKCAEcatca0720251023124541615767
    [P_MID] => CAEcatca07
    [P_AUTH_DT] => 20251023124815
    [P_STATUS] => 02
    [P_TYPE] => VBANK
    [P_OID] => 251023-021
    [P_FN_CD1] => 04
    [P_FN_CD2] => 
    [P_FN_NM] => KB국민은행
    [P_AMT] => 3000
    [P_UNAME] => 이정일
    [P_RMESG1] => P_VACCT_NO=96569078183781|P_EXP_DT=20251102
    [P_RMESG2] => 
    [P_NOTI] => 
    [P_AUTH_NO] => 
)

 Array
(
    [PageCall time] => 13:15:30
    [P_TID] => INIMX_VBNKCAEcatca0720251023131454475313
    [P_MID] => CAEcatca07
    [P_AUTH_DT] => 20251023131530
    [P_STATUS] => 02
    [P_TYPE] => VBANK
    [P_OID] => 251023-022
    [P_FN_CD1] => 11
    [P_FN_CD2] => 
    [P_FN_NM] => NH농협은행
    [P_AMT] => 3000
    [P_UNAME] => 정경호
    [P_RMESG1] => P_VACCT_NO=79014509416086|P_EXP_DT=20251102
    [P_RMESG2] => 
    [P_NOTI] => 
    [P_AUTH_NO] => 
)

 Array
(
    [PageCall time] => 13:18:54
    [P_TID] => INIMX_VBNKCAEcatca0720251023131815775107
    [P_MID] => CAEcatca07
    [P_AUTH_DT] => 20251023131854
    [P_STATUS] => 02
    [P_TYPE] => VBANK
    [P_OID] => 251023-023
    [P_FN_CD1] => 11
    [P_FN_CD2] => 
    [P_FN_NM] => NH농협은행
    [P_AMT] => 3000
    [P_UNAME] => 김희애
    [P_RMESG1] => P_VACCT_NO=79014509416750|P_EXP_DT=20251102
    [P_RMESG2] => 
    [P_NOTI] => 
    [P_AUTH_NO] => 
)

 Array
(
    [PageCall time] => 14:09:03
    [P_TID] => INIMX_VBNKCAEcatca0720251023140628885187
    [P_MID] => CAEcatca07
    [P_AUTH_DT] => 20251023140903
    [P_STATUS] => 02
    [P_TYPE] => VBANK
    [P_OID] => 251023-024
    [P_FN_CD1] => 89
    [P_FN_CD2] => 
    [P_FN_NM] => 케이뱅크
    [P_AMT] => 3000
    [P_UNAME] => 이한누리
    [P_RMESG1] => P_VACCT_NO=70112003662250|P_EXP_DT=20251102
    [P_RMESG2] => 
    [P_NOTI] => 
    [P_AUTH_NO] => 
)

 Array
(
    [PageCall time] => 14:18:18
    [P_TID] => INIMX_VBNKCAEcatca0720251023141545585085
    [P_MID] => CAEcatca07
    [P_AUTH_DT] => 20251023141818
    [P_STATUS] => 02
    [P_TYPE] => VBANK
    [P_OID] => 251023-025
    [P_FN_CD1] => 88
    [P_FN_CD2] => 
    [P_FN_NM] => 신한은행
    [P_AMT] => 3000
    [P_UNAME] => 한지훈
    [P_RMESG1] => P_VACCT_NO=56211104391095|P_EXP_DT=20251102
    [P_RMESG2] => 
    [P_NOTI] => 
    [P_AUTH_NO] => 
)

 Array
(
    [PageCall time] => 14:45:33
    [P_TID] => INIMX_VBNKCAEcatca0720251023144134605215
    [P_MID] => CAEcatca07
    [P_AUTH_DT] => 20251023144533
    [P_STATUS] => 02
    [P_TYPE] => VBANK
    [P_OID] => 251023-028
    [P_FN_CD1] => 88
    [P_FN_CD2] => 
    [P_FN_NM] => 신한은행
    [P_AMT] => 3000
    [P_UNAME] => 김경서
    [P_RMESG1] => P_VACCT_NO=56211104393640|P_EXP_DT=20251102
    [P_RMESG2] => 
    [P_NOTI] => 
    [P_AUTH_NO] => 
)

 Array
(
    [PageCall time] => 15:23:30
    [P_TID] => INIMX_VBNKCAEcatca0720251023152054475971
    [P_MID] => CAEcatca07
    [P_AUTH_DT] => 20251023152330
    [P_STATUS] => 02
    [P_TYPE] => VBANK
    [P_OID] => 251022-025
    [P_FN_CD1] => 04
    [P_FN_CD2] => 
    [P_FN_NM] => KB국민은행
    [P_AMT] => 3000
    [P_UNAME] => 문유순
    [P_RMESG1] => P_VACCT_NO=96569078208608|P_EXP_DT=20251102
    [P_RMESG2] => 
    [P_NOTI] => 
    [P_AUTH_NO] => 
)

 Array
(
    [PageCall time] => 16:26:31
    [P_TID] => INIMX_VBNKCAEcatca0720251023162540255597
    [P_MID] => CAEcatca07
    [P_AUTH_DT] => 20251023162631
    [P_STATUS] => 02
    [P_TYPE] => VBANK
    [P_OID] => 251023-031
    [P_FN_CD1] => 11
    [P_FN_CD2] => 
    [P_FN_NM] => NH농협은행
    [P_AMT] => 3000
    [P_UNAME] => 이소원
    [P_RMESG1] => P_VACCT_NO=79014509444604|P_EXP_DT=20251102
    [P_RMESG2] => 
    [P_NOTI] => 
    [P_AUTH_NO] => 
)

 Array
(
    [PageCall time] => 18:29:18
    [P_TID] => INIMX_VBNKCAEcatca0720251023182606645790
    [P_MID] => CAEcatca07
    [P_AUTH_DT] => 20251023182918
    [P_STATUS] => 02
    [P_TYPE] => VBANK
    [P_OID] => 251023-010
    [P_FN_CD1] => 03
    [P_FN_CD2] => 
    [P_FN_NM] => 기업은행
    [P_AMT] => 3000
    [P_UNAME] => 원오성
    [P_RMESG1] => P_VACCT_NO=07503224697897|P_EXP_DT=20251102
    [P_RMESG2] => 
    [P_NOTI] => 
    [P_AUTH_NO] => 
)

 Array
(
    [PageCall time] => 21:16:28
    [P_TID] => INIMX_VBNKCAEcatca0720251023211235755185
    [P_MID] => CAEcatca07
    [P_AUTH_DT] => 20251023211628
    [P_STATUS] => 02
    [P_TYPE] => VBANK
    [P_OID] => 251023-017
    [P_FN_CD1] => 04
    [P_FN_CD2] => 
    [P_FN_NM] => KB국민은행
    [P_AMT] => 3000
    [P_UNAME] => 이미숙
    [P_RMESG1] => P_VACCT_NO=96569078257453|P_EXP_DT=20251102
    [P_RMESG2] => 
    [P_NOTI] => 
    [P_AUTH_NO] => 
)

