 Array
(
    [PageCall time] => 00:38:13
    [P_TID] => INIMX_VBNKCAEcatca0720250903003456885270
    [P_MID] => CAEcatca07
    [P_AUTH_DT] => 20250903003813
    [P_STATUS] => 02
    [P_TYPE] => VBANK
    [P_OID] => 250903-001
    [P_FN_CD1] => 81
    [P_FN_CD2] => 
    [P_FN_NM] => 하나은행
    [P_AMT] => 3000
    [P_UNAME] => 황동하
    [P_RMESG1] => P_VACCT_NO=20894068531037|P_EXP_DT=20250913
    [P_RMESG2] => 
    [P_NOTI] => 
    [P_AUTH_NO] => 
)

 Array
(
    [PageCall time] => 01:08:38
    [P_TID] => INIMX_VBNKCAEcatca0720250903010618195801
    [P_MID] => CAEcatca07
    [P_AUTH_DT] => 20250903010838
    [P_STATUS] => 02
    [P_TYPE] => VBANK
    [P_OID] => 250903-002
    [P_FN_CD1] => 03
    [P_FN_CD2] => 
    [P_FN_NM] => 기업은행
    [P_AMT] => 3000
    [P_UNAME] => 김이솔
    [P_RMESG1] => P_VACCT_NO=07500610597766|P_EXP_DT=20250913
    [P_RMESG2] => 
    [P_NOTI] => 
    [P_AUTH_NO] => 
)

 Array
(
    [PageCall time] => 06:27:56
    [P_TID] => INIMX_VBNKCAEcatca0720250903062447345190
    [P_MID] => CAEcatca07
    [P_AUTH_DT] => 20250903062756
    [P_STATUS] => 02
    [P_TYPE] => VBANK
    [P_OID] => 250903-003
    [P_FN_CD1] => 04
    [P_FN_CD2] => 
    [P_FN_NM] => KB국민은행
    [P_AMT] => 3000
    [P_UNAME] => 장재용
    [P_RMESG1] => P_VACCT_NO=44289079409611|P_EXP_DT=20250913
    [P_RMESG2] => 
    [P_NOTI] => 
    [P_AUTH_NO] => 
)

 Array
(
    [PageCall time] => 08:45:16
    [P_TID] => INIMX_VBNKCAEcatca0720250903084230185099
    [P_MID] => CAEcatca07
    [P_AUTH_DT] => 20250903084515
    [P_STATUS] => 02
    [P_TYPE] => VBANK
    [P_OID] => 250901-013
    [P_FN_CD1] => 20
    [P_FN_CD2] => 
    [P_FN_NM] => 우리은행
    [P_AMT] => 3000
    [P_UNAME] => 주나래
    [P_RMESG1] => P_VACCT_NO=27489160118836|P_EXP_DT=20250913
    [P_RMESG2] => 
    [P_NOTI] => 
    [P_AUTH_NO] => 
)

 Array
(
    [PageCall time] => 09:02:56
    [P_TID] => INIMX_VBNKCAEcatca0720250903085944805952
    [P_MID] => CAEcatca07
    [P_AUTH_DT] => 20250903090256
    [P_STATUS] => 02
    [P_TYPE] => VBANK
    [P_OID] => 250903-004
    [P_FN_CD1] => 88
    [P_FN_CD2] => 
    [P_FN_NM] => 신한은행
    [P_AMT] => 3000
    [P_UNAME] => 유지순
    [P_RMESG1] => P_VACCT_NO=56211104107380|P_EXP_DT=20250913
    [P_RMESG2] => 
    [P_NOTI] => 
    [P_AUTH_NO] => 
)

 Array
(
    [PageCall time] => 09:14:07
    [P_TID] => INIMX_VBNKCAEcatca0720250903091047465788
    [P_MID] => CAEcatca07
    [P_AUTH_DT] => 20250903091407
    [P_STATUS] => 02
    [P_TYPE] => VBANK
    [P_OID] => 250903-005
    [P_FN_CD1] => 20
    [P_FN_CD2] => 
    [P_FN_NM] => 우리은행
    [P_AMT] => 3000
    [P_UNAME] => 정충일
    [P_RMESG1] => P_VACCT_NO=27489161918971|P_EXP_DT=20250913
    [P_RMESG2] => 
    [P_NOTI] => 
    [P_AUTH_NO] => 
)

 Array
(
    [PageCall time] => 10:18:53
    [P_TID] => INIMX_VBNKCAEcatca0720250903101542585963
    [P_MID] => CAEcatca07
    [P_AUTH_DT] => 20250903101853
    [P_STATUS] => 02
    [P_TYPE] => VBANK
    [P_OID] => 250902-037
    [P_FN_CD1] => 20
    [P_FN_CD2] => 
    [P_FN_NM] => 우리은행
    [P_AMT] => 3000
    [P_UNAME] => 조경현
    [P_RMESG1] => P_VACCT_NO=27489167618314|P_EXP_DT=20250913
    [P_RMESG2] => 
    [P_NOTI] => 
    [P_AUTH_NO] => 
)

 Array
(
    [PageCall time] => 10:19:20
    [P_TID] => INIMX_VBNKCAEcatca0720250903101316565415
    [P_MID] => CAEcatca07
    [P_AUTH_DT] => 20250903101920
    [P_STATUS] => 02
    [P_TYPE] => VBANK
    [P_OID] => 250903-006
    [P_FN_CD1] => 04
    [P_FN_CD2] => 
    [P_FN_NM] => KB국민은행
    [P_AMT] => 3000
    [P_UNAME] => 류기훈
    [P_RMESG1] => P_VACCT_NO=41989011774797|P_EXP_DT=20250913
    [P_RMESG2] => 
    [P_NOTI] => 
    [P_AUTH_NO] => 
)

 Array
(
    [PageCall time] => 10:22:26
    [P_TID] => INIMX_VBNKCAEcatca0720250903101855885843
    [P_MID] => CAEcatca07
    [P_AUTH_DT] => 20250903102226
    [P_STATUS] => 02
    [P_TYPE] => VBANK
    [P_OID] => 250903-007
    [P_FN_CD1] => 20
    [P_FN_CD2] => 
    [P_FN_NM] => 우리은행
    [P_AMT] => 3000
    [P_UNAME] => 김동선
    [P_RMESG1] => P_VACCT_NO=27489167618525|P_EXP_DT=20250913
    [P_RMESG2] => 
    [P_NOTI] => 
    [P_AUTH_NO] => 
)

 Array
(
    [PageCall time] => 10:25:33
    [P_TID] => INIMX_VBNKCAEcatca0720250903102246825230
    [P_MID] => CAEcatca07
    [P_AUTH_DT] => 20250903102533
    [P_STATUS] => 02
    [P_TYPE] => VBANK
    [P_OID] => 250903-008
    [P_FN_CD1] => 88
    [P_FN_CD2] => 
    [P_FN_NM] => 신한은행
    [P_AMT] => 3000
    [P_UNAME] => 이대연
    [P_RMESG1] => P_VACCT_NO=56211104674274|P_EXP_DT=20250913
    [P_RMESG2] => 
    [P_NOTI] => 
    [P_AUTH_NO] => 
)

 Array
(
    [PageCall time] => 10:48:47
    [P_TID] => INIMX_VBNKCAEcatca0720250903104517185171
    [P_MID] => CAEcatca07
    [P_AUTH_DT] => 20250903104847
    [P_STATUS] => 02
    [P_TYPE] => VBANK
    [P_OID] => 250903-011
    [P_FN_CD1] => 20
    [P_FN_CD2] => 
    [P_FN_NM] => 우리은행
    [P_AMT] => 3000
    [P_UNAME] => 엄서윤
    [P_RMESG1] => P_VACCT_NO=27489169218385|P_EXP_DT=20250913
    [P_RMESG2] => 
    [P_NOTI] => 
    [P_AUTH_NO] => 
)

 Array
(
    [PageCall time] => 11:05:12
    [P_TID] => INIMX_VBNKCAEcatca0720250903110113115286
    [P_MID] => CAEcatca07
    [P_AUTH_DT] => 20250903110511
    [P_STATUS] => 02
    [P_TYPE] => VBANK
    [P_OID] => 250903-012
    [P_FN_CD1] => 34
    [P_FN_CD2] => 
    [P_FN_NM] => 광주은행
    [P_AMT] => 3000
    [P_UNAME] => 이미화
    [P_RMESG1] => P_VACCT_NO=810865464416|P_EXP_DT=20250913
    [P_RMESG2] => 
    [P_NOTI] => 
    [P_AUTH_NO] => 
)

 Array
(
    [PageCall time] => 11:16:07
    [P_TID] => INIMX_VBNKCAEcatca0720250903111155275919
    [P_MID] => CAEcatca07
    [P_AUTH_DT] => 20250903111607
    [P_STATUS] => 02
    [P_TYPE] => VBANK
    [P_OID] => 250903-016
    [P_FN_CD1] => 04
    [P_FN_CD2] => 
    [P_FN_NM] => KB국민은행
    [P_AMT] => 3000
    [P_UNAME] => 이순남
    [P_RMESG1] => P_VACCT_NO=70149014299651|P_EXP_DT=20250913
    [P_RMESG2] => 
    [P_NOTI] => 
    [P_AUTH_NO] => 
)

 Array
(
    [PageCall time] => 11:53:13
    [P_TID] => INIMX_VBNKCAEcatca0720250903115238845856
    [P_MID] => CAEcatca07
    [P_AUTH_DT] => 20250903115313
    [P_STATUS] => 02
    [P_TYPE] => VBANK
    [P_OID] => 250903-019
    [P_FN_CD1] => 11
    [P_FN_CD2] => 
    [P_FN_NM] => NH농협은행
    [P_AMT] => 3000
    [P_UNAME] => 정정훈
    [P_RMESG1] => P_VACCT_NO=79014409325486|P_EXP_DT=20250913
    [P_RMESG2] => 
    [P_NOTI] => 
    [P_AUTH_NO] => 
)

 Array
(
    [PageCall time] => 11:53:17
    [P_TID] => INIMX_VBNKCAEcatca0720250903114834155914
    [P_MID] => CAEcatca07
    [P_AUTH_DT] => 20250903115317
    [P_STATUS] => 02
    [P_TYPE] => VBANK
    [P_OID] => 250903-018
    [P_FN_CD1] => 20
    [P_FN_CD2] => 
    [P_FN_NM] => 우리은행
    [P_AMT] => 3000
    [P_UNAME] => 정병기
    [P_RMESG1] => P_VACCT_NO=27489174918698|P_EXP_DT=20250913
    [P_RMESG2] => 
    [P_NOTI] => 
    [P_AUTH_NO] => 
)

 Array
(
    [PageCall time] => 11:54:14
    [P_TID] => INIMX_VBNKCAEcatca0720250903115125125442
    [P_MID] => CAEcatca07
    [P_AUTH_DT] => 20250903115414
    [P_STATUS] => 02
    [P_TYPE] => VBANK
    [P_OID] => 250903-014
    [P_FN_CD1] => 04
    [P_FN_CD2] => 
    [P_FN_NM] => KB국민은행
    [P_AMT] => 3000
    [P_UNAME] => 이설
    [P_RMESG1] => P_VACCT_NO=80429078135364|P_EXP_DT=20250913
    [P_RMESG2] => 
    [P_NOTI] => 
    [P_AUTH_NO] => 
)

 Array
(
    [PageCall time] => 11:58:06
    [P_TID] => INIMX_VBNKCAEcatca0720250903115516645621
    [P_MID] => CAEcatca07
    [P_AUTH_DT] => 20250903115806
    [P_STATUS] => 02
    [P_TYPE] => VBANK
    [P_OID] => 250903-020
    [P_FN_CD1] => 88
    [P_FN_CD2] => 
    [P_FN_NM] => 신한은행
    [P_AMT] => 3000
    [P_UNAME] => 정선이
    [P_RMESG1] => P_VACCT_NO=56211105423460|P_EXP_DT=20250913
    [P_RMESG2] => 
    [P_NOTI] => 
    [P_AUTH_NO] => 
)

 Array
(
    [PageCall time] => 12:09:05
    [P_TID] => INIMX_VBNKCAEcatca0720250903120557755569
    [P_MID] => CAEcatca07
    [P_AUTH_DT] => 20250903120905
    [P_STATUS] => 02
    [P_TYPE] => VBANK
    [P_OID] => 250903-021
    [P_FN_CD1] => 04
    [P_FN_CD2] => 
    [P_FN_NM] => KB국민은행
    [P_AMT] => 3000
    [P_UNAME] => 김종재
    [P_RMESG1] => P_VACCT_NO=80429078137818|P_EXP_DT=20250913
    [P_RMESG2] => 
    [P_NOTI] => 
    [P_AUTH_NO] => 
)

 Array
(
    [PageCall time] => 13:43:53
    [P_TID] => INIMX_VBNKCAEcatca0720250903134109145719
    [P_MID] => CAEcatca07
    [P_AUTH_DT] => 20250903134353
    [P_STATUS] => 02
    [P_TYPE] => VBANK
    [P_OID] => 250903-023
    [P_FN_CD1] => 04
    [P_FN_CD2] => 
    [P_FN_NM] => KB국민은행
    [P_AMT] => 3000
    [P_UNAME] => 권재희
    [P_RMESG1] => P_VACCT_NO=80429078152385|P_EXP_DT=20250913
    [P_RMESG2] => 
    [P_NOTI] => 
    [P_AUTH_NO] => 
)

 Array
(
    [PageCall time] => 15:10:50
    [P_TID] => INIMX_VBNKCAEcatca0720250903150827615921
    [P_MID] => CAEcatca07
    [P_AUTH_DT] => 20250903151050
    [P_STATUS] => 02
    [P_TYPE] => VBANK
    [P_OID] => 250903-025
    [P_FN_CD1] => 04
    [P_FN_CD2] => 
    [P_FN_NM] => KB국민은행
    [P_AMT] => 3000
    [P_UNAME] => 박환진
    [P_RMESG1] => P_VACCT_NO=80429078171397|P_EXP_DT=20250913
    [P_RMESG2] => 
    [P_NOTI] => 
    [P_AUTH_NO] => 
)

 Array
(
    [PageCall time] => 15:25:26
    [P_TID] => INIMX_VBNKCAEcatca0720250903152447985353
    [P_MID] => CAEcatca07
    [P_AUTH_DT] => 20250903152526
    [P_STATUS] => 02
    [P_TYPE] => VBANK
    [P_OID] => 250903-027
    [P_FN_CD1] => 11
    [P_FN_CD2] => 
    [P_FN_NM] => NH농협은행
    [P_AMT] => 3000
    [P_UNAME] => 김기원
    [P_RMESG1] => P_VACCT_NO=79014409356793|P_EXP_DT=20250913
    [P_RMESG2] => 
    [P_NOTI] => 
    [P_AUTH_NO] => 
)

 Array
(
    [PageCall time] => 16:04:34
    [P_TID] => INIMX_VBNKCAEcatca0720250903160326185376
    [P_MID] => CAEcatca07
    [P_AUTH_DT] => 20250903160434
    [P_STATUS] => 02
    [P_TYPE] => VBANK
    [P_OID] => 250902-044
    [P_FN_CD1] => 11
    [P_FN_CD2] => 
    [P_FN_NM] => NH농협은행
    [P_AMT] => 3000
    [P_UNAME] => 송은영
    [P_RMESG1] => P_VACCT_NO=79014409363244|P_EXP_DT=20250913
    [P_RMESG2] => 
    [P_NOTI] => 
    [P_AUTH_NO] => 
)

 Array
(
    [PageCall time] => 16:08:40
    [P_TID] => INIMX_VBNKCAEcatca0720250903160547155287
    [P_MID] => CAEcatca07
    [P_AUTH_DT] => 20250903160840
    [P_STATUS] => 02
    [P_TYPE] => VBANK
    [P_OID] => 250903-024
    [P_FN_CD1] => 81
    [P_FN_CD2] => 
    [P_FN_NM] => 하나은행
    [P_AMT] => 3000
    [P_UNAME] => 김경란
    [P_RMESG1] => P_VACCT_NO=20894070960337|P_EXP_DT=20250913
    [P_RMESG2] => 
    [P_NOTI] => 
    [P_AUTH_NO] => 
)

 Array
(
    [PageCall time] => 16:22:37
    [P_TID] => INIMX_VBNKCAEcatca0720250903162126105465
    [P_MID] => CAEcatca07
    [P_AUTH_DT] => 20250903162237
    [P_STATUS] => 02
    [P_TYPE] => VBANK
    [P_OID] => 250903-030
    [P_FN_CD1] => 11
    [P_FN_CD2] => 
    [P_FN_NM] => NH농협은행
    [P_AMT] => 3000
    [P_UNAME] => 강선녀
    [P_RMESG1] => P_VACCT_NO=79014409365617|P_EXP_DT=20250913
    [P_RMESG2] => 
    [P_NOTI] => 
    [P_AUTH_NO] => 
)

 Array
(
    [PageCall time] => 16:50:24
    [P_TID] => INIMX_VBNKCAEcatca0720250903164647375221
    [P_MID] => CAEcatca07
    [P_AUTH_DT] => 20250903165024
    [P_STATUS] => 02
    [P_TYPE] => VBANK
    [P_OID] => 250903-031
    [P_FN_CD1] => 11
    [P_FN_CD2] => 
    [P_FN_NM] => NH농협은행
    [P_AMT] => 3000
    [P_UNAME] => 김보라
    [P_RMESG1] => P_VACCT_NO=79014409368620|P_EXP_DT=20250913
    [P_RMESG2] => 
    [P_NOTI] => 
    [P_AUTH_NO] => 
)

 Array
(
    [PageCall time] => 17:03:40
    [P_TID] => INIMX_VBNKCAEcatca0720250903170006805868
    [P_MID] => CAEcatca07
    [P_AUTH_DT] => 20250903170340
    [P_STATUS] => 02
    [P_TYPE] => VBANK
    [P_OID] => 250903-033
    [P_FN_CD1] => 20
    [P_FN_CD2] => 
    [P_FN_NM] => 우리은행
    [P_AMT] => 3000
    [P_UNAME] => 문희정
    [P_RMESG1] => P_VACCT_NO=27489194318217|P_EXP_DT=20250913
    [P_RMESG2] => 
    [P_NOTI] => 
    [P_AUTH_NO] => 
)

 Array
(
    [PageCall time] => 17:41:44
    [P_TID] => INIMX_VBNKCAEcatca0720250903173829185270
    [P_MID] => CAEcatca07
    [P_AUTH_DT] => 20250903174144
    [P_STATUS] => 02
    [P_TYPE] => VBANK
    [P_OID] => 250826-017
    [P_FN_CD1] => 81
    [P_FN_CD2] => 
    [P_FN_NM] => 하나은행
    [P_AMT] => 3000
    [P_UNAME] => 정유정
    [P_RMESG1] => P_VACCT_NO=20894072060737|P_EXP_DT=20250913
    [P_RMESG2] => 
    [P_NOTI] => 
    [P_AUTH_NO] => 
)

 Array
(
    [PageCall time] => 21:13:50
    [P_TID] => INIMX_VBNKCAEcatca0720250903211107485395
    [P_MID] => CAEcatca07
    [P_AUTH_DT] => 20250903211350
    [P_STATUS] => 02
    [P_TYPE] => VBANK
    [P_OID] => 250903-015
    [P_FN_CD1] => 88
    [P_FN_CD2] => 
    [P_FN_NM] => 신한은행
    [P_AMT] => 3000
    [P_UNAME] => 김은영
    [P_RMESG1] => P_VACCT_NO=56213170672026|P_EXP_DT=20250913
    [P_RMESG2] => 
    [P_NOTI] => 
    [P_AUTH_NO] => 
)

 Array
(
    [PageCall time] => 22:19:02
    [P_TID] => INIMX_VBNKCAEcatca0720250903221608465607
    [P_MID] => CAEcatca07
    [P_AUTH_DT] => 20250903221902
    [P_STATUS] => 02
    [P_TYPE] => VBANK
    [P_OID] => 250903-037
    [P_FN_CD1] => 88
    [P_FN_CD2] => 
    [P_FN_NM] => 신한은행
    [P_AMT] => 3000
    [P_UNAME] => 이선정
    [P_RMESG1] => P_VACCT_NO=56213170675819|P_EXP_DT=20250913
    [P_RMESG2] => 
    [P_NOTI] => 
    [P_AUTH_NO] => 
)

 Array
(
    [PageCall time] => 23:21:14
    [P_TID] => INIMX_VBNKCAEcatca0720250903231756265854
    [P_MID] => CAEcatca07
    [P_AUTH_DT] => 20250903232114
    [P_STATUS] => 02
    [P_TYPE] => VBANK
    [P_OID] => 250903-038
    [P_FN_CD1] => 03
    [P_FN_CD2] => 
    [P_FN_NM] => 기업은행
    [P_AMT] => 3000
    [P_UNAME] => 이지영
    [P_RMESG1] => P_VACCT_NO=07500629697374|P_EXP_DT=20250913
    [P_RMESG2] => 
    [P_NOTI] => 
    [P_AUTH_NO] => 
)

