 Array
(
    [PageCall time] => 00:18:44
    [P_TID] => INIMX_VBNKCAEcatca0720260131001616505687
    [P_MID] => CAEcatca07
    [P_AUTH_DT] => 20260131001844
    [P_STATUS] => 02
    [P_TYPE] => VBANK
    [P_OID] => 260131-001
    [P_FN_CD1] => 88
    [P_FN_CD2] => 
    [P_FN_NM] => 신한은행
    [P_AMT] => 3500
    [P_UNAME] => 박여빈
    [P_RMESG1] => P_VACCT_NO=56211103002980|P_EXP_DT=20260210
    [P_RMESG2] => 
    [P_NOTI] => 
    [P_AUTH_NO] => 
)

 Array
(
    [PageCall time] => 07:47:14
    [P_TID] => INIMX_VBNKCAEcatca0720260131074433435809
    [P_MID] => CAEcatca07
    [P_AUTH_DT] => 20260131074714
    [P_STATUS] => 02
    [P_TYPE] => VBANK
    [P_OID] => 260131-002
    [P_FN_CD1] => 20
    [P_FN_CD2] => 
    [P_FN_NM] => 우리은행
    [P_AMT] => 3500
    [P_UNAME] => 임미남
    [P_RMESG1] => P_VACCT_NO=27490075018767|P_EXP_DT=20260210
    [P_RMESG2] => 
    [P_NOTI] => 
    [P_AUTH_NO] => 
)

 Array
(
    [PageCall time] => 08:59:54
    [P_TID] => INIMX_VBNKCAEcatca0720260131085705595718
    [P_MID] => CAEcatca07
    [P_AUTH_DT] => 20260131085953
    [P_STATUS] => 02
    [P_TYPE] => VBANK
    [P_OID] => 260131-003
    [P_FN_CD1] => 88
    [P_FN_CD2] => 
    [P_FN_NM] => 신한은행
    [P_AMT] => 3500
    [P_UNAME] => 김미숙
    [P_RMESG1] => P_VACCT_NO=56211104045502|P_EXP_DT=20260210
    [P_RMESG2] => 
    [P_NOTI] => 
    [P_AUTH_NO] => 
)

 Array
(
    [PageCall time] => 09:34:19
    [P_TID] => INIMX_VBNKCAEcatca0720260131093315355001
    [P_MID] => CAEcatca07
    [P_AUTH_DT] => 20260131093419
    [P_STATUS] => 02
    [P_TYPE] => VBANK
    [P_OID] => 260131-004
    [P_FN_CD1] => 11
    [P_FN_CD2] => 
    [P_FN_NM] => NH농협은행
    [P_AMT] => 3500
    [P_UNAME] => 인윤진
    [P_RMESG1] => P_VACCT_NO=79013684191190|P_EXP_DT=20260210
    [P_RMESG2] => 
    [P_NOTI] => 
    [P_AUTH_NO] => 
)

 Array
(
    [PageCall time] => 11:38:31
    [P_TID] => INIMX_VBNKCAEcatca0720260131113525925562
    [P_MID] => CAEcatca07
    [P_AUTH_DT] => 20260131113831
    [P_STATUS] => 02
    [P_TYPE] => VBANK
    [P_OID] => 260131-005
    [P_FN_CD1] => 03
    [P_FN_CD2] => 
    [P_FN_NM] => 기업은행
    [P_AMT] => 3500
    [P_UNAME] => 김성욱
    [P_RMESG1] => P_VACCT_NO=07502365197436|P_EXP_DT=20260210
    [P_RMESG2] => 
    [P_NOTI] => 
    [P_AUTH_NO] => 
)

 Array
(
    [PageCall time] => 12:57:10
    [P_TID] => INIMX_VBNKCAEcatca0720260131125235945709
    [P_MID] => CAEcatca07
    [P_AUTH_DT] => 20260131125710
    [P_STATUS] => 02
    [P_TYPE] => VBANK
    [P_OID] => 260129-017
    [P_FN_CD1] => 32
    [P_FN_CD2] => 
    [P_FN_NM] => 부산은행
    [P_AMT] => 3500
    [P_UNAME] => 박미영
    [P_RMESG1] => P_VACCT_NO=109924600907|P_EXP_DT=20260210
    [P_RMESG2] => 
    [P_NOTI] => 
    [P_AUTH_NO] => 
)

 Array
(
    [PageCall time] => 14:40:33
    [P_TID] => INIMX_VBNKCAEcatca0720260131143716625584
    [P_MID] => CAEcatca07
    [P_AUTH_DT] => 20260131144033
    [P_STATUS] => 02
    [P_TYPE] => VBANK
    [P_OID] => 260131-008
    [P_FN_CD1] => 31
    [P_FN_CD2] => 
    [P_FN_NM] => 아이엠뱅크(대구은행)
    [P_AMT] => 3500
    [P_UNAME] => 김정열
    [P_RMESG1] => P_VACCT_NO=9600362708506|P_EXP_DT=20260210
    [P_RMESG2] => 
    [P_NOTI] => 
    [P_AUTH_NO] => 
)

 Array
(
    [PageCall time] => 16:26:38
    [P_TID] => INIMX_VBNKCAEcatca0720260131162352945882
    [P_MID] => CAEcatca07
    [P_AUTH_DT] => 20260131162638
    [P_STATUS] => 02
    [P_TYPE] => VBANK
    [P_OID] => 260131-010
    [P_FN_CD1] => 04
    [P_FN_CD2] => 
    [P_FN_NM] => KB국민은행
    [P_AMT] => 3500
    [P_UNAME] => 이은희
    [P_RMESG1] => P_VACCT_NO=70149014677516|P_EXP_DT=20260210
    [P_RMESG2] => 
    [P_NOTI] => 
    [P_AUTH_NO] => 
)

 Array
(
    [PageCall time] => 17:16:56
    [P_TID] => INIMX_VBNKCAEcatca0720260131171550495635
    [P_MID] => CAEcatca07
    [P_AUTH_DT] => 20260131171656
    [P_STATUS] => 02
    [P_TYPE] => VBANK
    [P_OID] => 260131-012
    [P_FN_CD1] => 11
    [P_FN_CD2] => 
    [P_FN_NM] => NH농협은행
    [P_AMT] => 3500
    [P_UNAME] => 김희용
    [P_RMESG1] => P_VACCT_NO=79013684228023|P_EXP_DT=20260210
    [P_RMESG2] => 
    [P_NOTI] => 
    [P_AUTH_NO] => 
)

 Array
(
    [PageCall time] => 17:38:41
    [P_TID] => INIMX_VBNKCAEcatca0720260131173450435202
    [P_MID] => CAEcatca07
    [P_AUTH_DT] => 20260131173841
    [P_STATUS] => 02
    [P_TYPE] => VBANK
    [P_OID] => 260131-013
    [P_FN_CD1] => 20
    [P_FN_CD2] => 
    [P_FN_NM] => 우리은행
    [P_AMT] => 3500
    [P_UNAME] => 박남숙
    [P_RMESG1] => P_VACCT_NO=27490085718828|P_EXP_DT=20260210
    [P_RMESG2] => 
    [P_NOTI] => 
    [P_AUTH_NO] => 
)

 Array
(
    [PageCall time] => 19:19:51
    [P_TID] => INIMX_VBNKCAEcatca0720260131191617965157
    [P_MID] => CAEcatca07
    [P_AUTH_DT] => 20260131191951
    [P_STATUS] => 02
    [P_TYPE] => VBANK
    [P_OID] => 260131-006
    [P_FN_CD1] => 20
    [P_FN_CD2] => 
    [P_FN_NM] => 우리은행
    [P_AMT] => 3500
    [P_UNAME] => 주민숙
    [P_RMESG1] => P_VACCT_NO=27490087318322|P_EXP_DT=20260210
    [P_RMESG2] => 
    [P_NOTI] => 
    [P_AUTH_NO] => 
)

 Array
(
    [PageCall time] => 22:49:12
    [P_TID] => INIMX_VBNKCAEcatca0720260131224627165835
    [P_MID] => CAEcatca07
    [P_AUTH_DT] => 20260131224912
    [P_STATUS] => 02
    [P_TYPE] => VBANK
    [P_OID] => 260131-015
    [P_FN_CD1] => 88
    [P_FN_CD2] => 
    [P_FN_NM] => 신한은행
    [P_AMT] => 3500
    [P_UNAME] => 김형주
    [P_RMESG1] => P_VACCT_NO=56211103022750|P_EXP_DT=20260210
    [P_RMESG2] => 
    [P_NOTI] => 
    [P_AUTH_NO] => 
)

 Array
(
    [PageCall time] => 23:35:08
    [P_TID] => INIMX_VBNKCAEcatca0720260131233150445237
    [P_MID] => CAEcatca07
    [P_AUTH_DT] => 20260131233508
    [P_STATUS] => 02
    [P_TYPE] => VBANK
    [P_OID] => 260131-016
    [P_FN_CD1] => 03
    [P_FN_CD2] => 
    [P_FN_NM] => 기업은행
    [P_AMT] => 3500
    [P_UNAME] => 박성재
    [P_RMESG1] => P_VACCT_NO=07502366897295|P_EXP_DT=20260210
    [P_RMESG2] => 
    [P_NOTI] => 
    [P_AUTH_NO] => 
)

