 Array
(
    [PageCall time] => 00:55:54
    [P_TID] => INIMX_VBNKCAEcatca0720251228005253755947
    [P_MID] => CAEcatca07
    [P_AUTH_DT] => 20251228005554
    [P_STATUS] => 02
    [P_TYPE] => VBANK
    [P_OID] => 251227-011
    [P_FN_CD1] => 04
    [P_FN_CD2] => 
    [P_FN_NM] => KB국민은행
    [P_AMT] => 3000
    [P_UNAME] => 신유주
    [P_RMESG1] => P_VACCT_NO=26119078516265|P_EXP_DT=20260107
    [P_RMESG2] => 
    [P_NOTI] => 
    [P_AUTH_NO] => 
)

 Array
(
    [PageCall time] => 05:59:25
    [P_TID] => INIMX_VBNKCAEcatca0720251228053404285416
    [P_MID] => CAEcatca07
    [P_AUTH_DT] => 20251228055925
    [P_STATUS] => 02
    [P_TYPE] => VBANK
    [P_OID] => 251226-041
    [P_FN_CD1] => 20
    [P_FN_CD2] => 
    [P_FN_NM] => 우리은행
    [P_AMT] => 3000
    [P_UNAME] => 고우리
    [P_RMESG1] => P_VACCT_NO=27489914418933|P_EXP_DT=20260107
    [P_RMESG2] => 
    [P_NOTI] => 
    [P_AUTH_NO] => 
)

 Array
(
    [PageCall time] => 10:10:47
    [P_TID] => INIMX_VBNKCAEcatca0720251228100954615053
    [P_MID] => CAEcatca07
    [P_AUTH_DT] => 20251228101047
    [P_STATUS] => 02
    [P_TYPE] => VBANK
    [P_OID] => 251228-001
    [P_FN_CD1] => 11
    [P_FN_CD2] => 
    [P_FN_NM] => NH농협은행
    [P_AMT] => 3000
    [P_UNAME] => 임방연
    [P_RMESG1] => P_VACCT_NO=79010587925258|P_EXP_DT=20260107
    [P_RMESG2] => 
    [P_NOTI] => 
    [P_AUTH_NO] => 
)

 Array
(
    [PageCall time] => 12:21:08
    [P_TID] => INIMX_VBNKCAEcatca0720251228121805235211
    [P_MID] => CAEcatca07
    [P_AUTH_DT] => 20251228122108
    [P_STATUS] => 02
    [P_TYPE] => VBANK
    [P_OID] => 251228-002
    [P_FN_CD1] => 88
    [P_FN_CD2] => 
    [P_FN_NM] => 신한은행
    [P_AMT] => 3000
    [P_UNAME] => 이정현
    [P_RMESG1] => P_VACCT_NO=56211991692638|P_EXP_DT=20260107
    [P_RMESG2] => 
    [P_NOTI] => 
    [P_AUTH_NO] => 
)

 Array
(
    [PageCall time] => 15:00:20
    [P_TID] => INIMX_VBNKCAEcatca0720251228145751465894
    [P_MID] => CAEcatca07
    [P_AUTH_DT] => 20251228150020
    [P_STATUS] => 02
    [P_TYPE] => VBANK
    [P_OID] => 251228-005
    [P_FN_CD1] => 81
    [P_FN_CD2] => 
    [P_FN_NM] => 하나은행
    [P_AMT] => 3000
    [P_UNAME] => 강민주
    [P_RMESG1] => P_VACCT_NO=20893824983637|P_EXP_DT=20260107
    [P_RMESG2] => 
    [P_NOTI] => 
    [P_AUTH_NO] => 
)

 Array
(
    [PageCall time] => 15:31:38
    [P_TID] => INIMX_VBNKCAEcatca0720251228152838575230
    [P_MID] => CAEcatca07
    [P_AUTH_DT] => 20251228153138
    [P_STATUS] => 02
    [P_TYPE] => VBANK
    [P_OID] => 251228-007
    [P_FN_CD1] => 88
    [P_FN_CD2] => 
    [P_FN_NM] => 신한은행
    [P_AMT] => 3000
    [P_UNAME] => 전용범
    [P_RMESG1] => P_VACCT_NO=56211991702879|P_EXP_DT=20260107
    [P_RMESG2] => 
    [P_NOTI] => 
    [P_AUTH_NO] => 
)

 Array
(
    [PageCall time] => 15:36:11
    [P_TID] => INIMX_VBNKCAEcatca0720251228152948615766
    [P_MID] => CAEcatca07
    [P_AUTH_DT] => 20251228153611
    [P_STATUS] => 02
    [P_TYPE] => VBANK
    [P_OID] => 251228-004
    [P_FN_CD1] => 03
    [P_FN_CD2] => 
    [P_FN_NM] => 기업은행
    [P_AMT] => 3000
    [P_UNAME] => 이정호
    [P_RMESG1] => P_VACCT_NO=07503258597874|P_EXP_DT=20260107
    [P_RMESG2] => 
    [P_NOTI] => 
    [P_AUTH_NO] => 
)

 Array
(
    [PageCall time] => 17:15:52
    [P_TID] => INIMX_VBNKCAEcatca0720251228171224745768
    [P_MID] => CAEcatca07
    [P_AUTH_DT] => 20251228171552
    [P_STATUS] => 02
    [P_TYPE] => VBANK
    [P_OID] => 251228-003
    [P_FN_CD1] => 88
    [P_FN_CD2] => 
    [P_FN_NM] => 신한은행
    [P_AMT] => 3000
    [P_UNAME] => 김정아
    [P_RMESG1] => P_VACCT_NO=56211991708127|P_EXP_DT=20260107
    [P_RMESG2] => 
    [P_NOTI] => 
    [P_AUTH_NO] => 
)

 Array
(
    [PageCall time] => 17:52:29
    [P_TID] => INIMX_VBNKCAEcatca0720251228174904375313
    [P_MID] => CAEcatca07
    [P_AUTH_DT] => 20251228175229
    [P_STATUS] => 02
    [P_TYPE] => VBANK
    [P_OID] => 251228-008
    [P_FN_CD1] => 04
    [P_FN_CD2] => 
    [P_FN_NM] => KB국민은행
    [P_AMT] => 3000
    [P_UNAME] => 김순자
    [P_RMESG1] => P_VACCT_NO=26119078674859|P_EXP_DT=20260107
    [P_RMESG2] => 
    [P_NOTI] => 
    [P_AUTH_NO] => 
)

 Array
(
    [PageCall time] => 18:00:38
    [P_TID] => INIMX_VBNKCAEcatca0720251228175721705696
    [P_MID] => CAEcatca07
    [P_AUTH_DT] => 20251228180038
    [P_STATUS] => 02
    [P_TYPE] => VBANK
    [P_OID] => 251228-009
    [P_FN_CD1] => 88
    [P_FN_CD2] => 
    [P_FN_NM] => 신한은행
    [P_AMT] => 3000
    [P_UNAME] => 표형원
    [P_RMESG1] => P_VACCT_NO=56211991710582|P_EXP_DT=20260107
    [P_RMESG2] => 
    [P_NOTI] => 
    [P_AUTH_NO] => 
)

 Array
(
    [PageCall time] => 18:29:45
    [P_TID] => INIMX_VBNKCAEcatca0720251228182650185606
    [P_MID] => CAEcatca07
    [P_AUTH_DT] => 20251228182945
    [P_STATUS] => 02
    [P_TYPE] => VBANK
    [P_OID] => 251228-010
    [P_FN_CD1] => 04
    [P_FN_CD2] => 
    [P_FN_NM] => KB국민은행
    [P_AMT] => 3000
    [P_UNAME] => 한종보
    [P_RMESG1] => P_VACCT_NO=26119078695232|P_EXP_DT=20260107
    [P_RMESG2] => 
    [P_NOTI] => 
    [P_AUTH_NO] => 
)

 Array
(
    [PageCall time] => 19:15:04
    [P_TID] => INIMX_VBNKCAEcatca0720251228190957745491
    [P_MID] => CAEcatca07
    [P_AUTH_DT] => 20251228191504
    [P_STATUS] => 02
    [P_TYPE] => VBANK
    [P_OID] => 251228-011
    [P_FN_CD1] => 31
    [P_FN_CD2] => 
    [P_FN_NM] => 아이엠뱅크(대구은행)
    [P_AMT] => 3000
    [P_UNAME] => 신향진
    [P_RMESG1] => P_VACCT_NO=9600362564959|P_EXP_DT=20260107
    [P_RMESG2] => 
    [P_NOTI] => 
    [P_AUTH_NO] => 
)

 Array
(
    [PageCall time] => 21:25:26
    [P_TID] => INIMX_VBNKCAEcatca0720251228212252515078
    [P_MID] => CAEcatca07
    [P_AUTH_DT] => 20251228212526
    [P_STATUS] => 02
    [P_TYPE] => VBANK
    [P_OID] => 251228-012
    [P_FN_CD1] => 04
    [P_FN_CD2] => 
    [P_FN_NM] => KB국민은행
    [P_AMT] => 3000
    [P_UNAME] => 이광재
    [P_RMESG1] => P_VACCT_NO=26119078777383|P_EXP_DT=20260107
    [P_RMESG2] => 
    [P_NOTI] => 
    [P_AUTH_NO] => 
)

 Array
(
    [PageCall time] => 23:13:55
    [P_TID] => INIMX_VBNKCAEcatca0720251228231006385289
    [P_MID] => CAEcatca07
    [P_AUTH_DT] => 20251228231355
    [P_STATUS] => 02
    [P_TYPE] => VBANK
    [P_OID] => 251228-014
    [P_FN_CD1] => 11
    [P_FN_CD2] => 
    [P_FN_NM] => NH농협은행
    [P_AMT] => 3000
    [P_UNAME] => 조정주
    [P_RMESG1] => P_VACCT_NO=79010588016394|P_EXP_DT=20260107
    [P_RMESG2] => 
    [P_NOTI] => 
    [P_AUTH_NO] => 
)

