 Array
(
    [PageCall time] => 09:11:58
    [P_TID] => INIMX_VBNKCAEcatca0720250402091130754543
    [P_MID] => CAEcatca07
    [P_AUTH_DT] => 20250402091158
    [P_STATUS] => 02
    [P_TYPE] => VBANK
    [P_OID] => 250402-001
    [P_FN_CD1] => 04
    [P_FN_CD2] => 
    [P_FN_NM] => KB국민은행
    [P_AMT] => 3000
    [P_UNAME] => 조유경
    [P_RMESG1] => P_VACCT_NO=87709011610631|P_EXP_DT=20250412
    [P_RMESG2] => 
    [P_NOTI] => 
    [P_AUTH_NO] => 
)

 Array
(
    [PageCall time] => 09:55:39
    [P_TID] => INIMX_VBNKCAEcatca0720250402095452925058
    [P_MID] => CAEcatca07
    [P_AUTH_DT] => 20250402095539
    [P_STATUS] => 02
    [P_TYPE] => VBANK
    [P_OID] => 250402-002
    [P_FN_CD1] => 04
    [P_FN_CD2] => 
    [P_FN_NM] => KB국민은행
    [P_AMT] => 3000
    [P_UNAME] => 이정환
    [P_RMESG1] => P_VACCT_NO=26159078441017|P_EXP_DT=20250412
    [P_RMESG2] => 
    [P_NOTI] => 
    [P_AUTH_NO] => 
)

 Array
(
    [PageCall time] => 10:10:49
    [P_TID] => INIMX_VBNKCAEcatca0720250402100737715052
    [P_MID] => CAEcatca07
    [P_AUTH_DT] => 20250402101049
    [P_STATUS] => 02
    [P_TYPE] => VBANK
    [P_OID] => 250401-032
    [P_FN_CD1] => 03
    [P_FN_CD2] => 
    [P_FN_NM] => 기업은행
    [P_AMT] => 3000
    [P_UNAME] => 서인환
    [P_RMESG1] => P_VACCT_NO=07503186797738|P_EXP_DT=20250412
    [P_RMESG2] => 
    [P_NOTI] => 
    [P_AUTH_NO] => 
)

 Array
(
    [PageCall time] => 10:17:58
    [P_TID] => INIMX_VBNKCAEcatca0720250402101605785995
    [P_MID] => CAEcatca07
    [P_AUTH_DT] => 20250402101758
    [P_STATUS] => 02
    [P_TYPE] => VBANK
    [P_OID] => 250402-004
    [P_FN_CD1] => 04
    [P_FN_CD2] => 
    [P_FN_NM] => KB국민은행
    [P_AMT] => 3000
    [P_UNAME] => 엄진섭
    [P_RMESG1] => P_VACCT_NO=26159078453775|P_EXP_DT=20250412
    [P_RMESG2] => 
    [P_NOTI] => 
    [P_AUTH_NO] => 
)

 Array
(
    [PageCall time] => 10:47:41
    [P_TID] => INIMX_VBNKCAEcatca0720250402104448705835
    [P_MID] => CAEcatca07
    [P_AUTH_DT] => 20250402104741
    [P_STATUS] => 02
    [P_TYPE] => VBANK
    [P_OID] => 250402-008
    [P_FN_CD1] => 03
    [P_FN_CD2] => 
    [P_FN_NM] => 기업은행
    [P_AMT] => 3000
    [P_UNAME] => 연미정
    [P_RMESG1] => P_VACCT_NO=07503187197041|P_EXP_DT=20250412
    [P_RMESG2] => 
    [P_NOTI] => 
    [P_AUTH_NO] => 
)

 Array
(
    [PageCall time] => 11:32:52
    [P_TID] => INIMX_VBNKCAEcatca0720250402113159515467
    [P_MID] => CAEcatca07
    [P_AUTH_DT] => 20250402113252
    [P_STATUS] => 02
    [P_TYPE] => VBANK
    [P_OID] => 250402-010
    [P_FN_CD1] => 04
    [P_FN_CD2] => 
    [P_FN_NM] => KB국민은행
    [P_AMT] => 3000
    [P_UNAME] => 유정희
    [P_RMESG1] => P_VACCT_NO=26159078490549|P_EXP_DT=20250412
    [P_RMESG2] => 
    [P_NOTI] => 
    [P_AUTH_NO] => 
)

 Array
(
    [PageCall time] => 11:36:23
    [P_TID] => INIMX_VBNKCAEcatca0720250402113502565555
    [P_MID] => CAEcatca07
    [P_AUTH_DT] => 20250402113623
    [P_STATUS] => 02
    [P_TYPE] => VBANK
    [P_OID] => 250402-012
    [P_FN_CD1] => 32
    [P_FN_CD2] => 
    [P_FN_NM] => 부산은행
    [P_AMT] => 3000
    [P_UNAME] => 박민정
    [P_RMESG1] => P_VACCT_NO=109924425740|P_EXP_DT=20250412
    [P_RMESG2] => 
    [P_NOTI] => 
    [P_AUTH_NO] => 
)

 Array
(
    [PageCall time] => 12:58:43
    [P_TID] => INIMX_VBNKCAEcatca0720250402125749495926
    [P_MID] => CAEcatca07
    [P_AUTH_DT] => 20250402125843
    [P_STATUS] => 02
    [P_TYPE] => VBANK
    [P_OID] => 250402-013
    [P_FN_CD1] => 11
    [P_FN_CD2] => 
    [P_FN_NM] => NH농협은행
    [P_AMT] => 3000
    [P_UNAME] => 문희은
    [P_RMESG1] => P_VACCT_NO=79014509382003|P_EXP_DT=20250412
    [P_RMESG2] => 
    [P_NOTI] => 
    [P_AUTH_NO] => 
)

 Array
(
    [PageCall time] => 13:37:26
    [P_TID] => INIMX_VBNKCAEcatca0720250402133630615579
    [P_MID] => CAEcatca07
    [P_AUTH_DT] => 20250402133726
    [P_STATUS] => 02
    [P_TYPE] => VBANK
    [P_OID] => 250402-016
    [P_FN_CD1] => 04
    [P_FN_CD2] => 
    [P_FN_NM] => KB국민은행
    [P_AMT] => 3000
    [P_UNAME] => 박수민
    [P_RMESG1] => P_VACCT_NO=26159078515932|P_EXP_DT=20250412
    [P_RMESG2] => 
    [P_NOTI] => 
    [P_AUTH_NO] => 
)

 Array
(
    [PageCall time] => 13:38:29
    [P_TID] => INIMX_VBNKCAEcatca0720250402133315225930
    [P_MID] => CAEcatca07
    [P_AUTH_DT] => 20250402133829
    [P_STATUS] => 02
    [P_TYPE] => VBANK
    [P_OID] => 250402-007
    [P_FN_CD1] => 88
    [P_FN_CD2] => 
    [P_FN_NM] => 신한은행
    [P_AMT] => 3000
    [P_UNAME] => 김동식
    [P_RMESG1] => P_VACCT_NO=56211992085960|P_EXP_DT=20250412
    [P_RMESG2] => 
    [P_NOTI] => 
    [P_AUTH_NO] => 
)

 Array
(
    [PageCall time] => 14:16:15
    [P_TID] => INIMX_VBNKCAEcatca0720250402141520805612
    [P_MID] => CAEcatca07
    [P_AUTH_DT] => 20250402141615
    [P_STATUS] => 02
    [P_TYPE] => VBANK
    [P_OID] => 250402-019
    [P_FN_CD1] => 11
    [P_FN_CD2] => 
    [P_FN_NM] => NH농협은행
    [P_AMT] => 3000
    [P_UNAME] => 김승원
    [P_RMESG1] => P_VACCT_NO=79014509389149|P_EXP_DT=20250412
    [P_RMESG2] => 
    [P_NOTI] => 
    [P_AUTH_NO] => 
)

 Array
(
    [PageCall time] => 14:17:37
    [P_TID] => INIMX_VBNKCAEcatca0720250402141413495972
    [P_MID] => CAEcatca07
    [P_AUTH_DT] => 20250402141737
    [P_STATUS] => 02
    [P_TYPE] => VBANK
    [P_OID] => 250402-018
    [P_FN_CD1] => 31
    [P_FN_CD2] => 
    [P_FN_NM] => 아이엠뱅크(대구은행)
    [P_AMT] => 3000
    [P_UNAME] => 최은숙
    [P_RMESG1] => P_VACCT_NO=9600362753410|P_EXP_DT=20250412
    [P_RMESG2] => 
    [P_NOTI] => 
    [P_AUTH_NO] => 
)

 Array
(
    [PageCall time] => 14:22:55
    [P_TID] => INIMX_VBNKCAEcatca0720250402102643505153
    [P_MID] => CAEcatca07
    [P_AUTH_DT] => 20250402142255
    [P_STATUS] => 02
    [P_TYPE] => VBANK
    [P_OID] => 250402-006
    [P_FN_CD1] => 89
    [P_FN_CD2] => 
    [P_FN_NM] => 케이뱅크
    [P_AMT] => 3000
    [P_UNAME] => 김종덕
    [P_RMESG1] => P_VACCT_NO=70112003234161|P_EXP_DT=20250412
    [P_RMESG2] => 
    [P_NOTI] => 
    [P_AUTH_NO] => 
)

 Array
(
    [PageCall time] => 14:52:37
    [P_TID] => INIMX_VBNKCAEcatca0720250402144938755591
    [P_MID] => CAEcatca07
    [P_AUTH_DT] => 20250402145237
    [P_STATUS] => 02
    [P_TYPE] => VBANK
    [P_OID] => 250402-020
    [P_FN_CD1] => 88
    [P_FN_CD2] => 
    [P_FN_NM] => 신한은행
    [P_AMT] => 3000
    [P_UNAME] => 임정숙
    [P_RMESG1] => P_VACCT_NO=56211992090817|P_EXP_DT=20250412
    [P_RMESG2] => 
    [P_NOTI] => 
    [P_AUTH_NO] => 
)

 Array
(
    [PageCall time] => 14:58:46
    [P_TID] => INIMX_VBNKCAEcatca0720250402145741665268
    [P_MID] => CAEcatca07
    [P_AUTH_DT] => 20250402145846
    [P_STATUS] => 02
    [P_TYPE] => VBANK
    [P_OID] => 250402-021
    [P_FN_CD1] => 11
    [P_FN_CD2] => 
    [P_FN_NM] => NH농협은행
    [P_AMT] => 3000
    [P_UNAME] => 박영희
    [P_RMESG1] => P_VACCT_NO=79014509392768|P_EXP_DT=20250412
    [P_RMESG2] => 
    [P_NOTI] => 
    [P_AUTH_NO] => 
)

 Array
(
    [PageCall time] => 15:41:44
    [P_TID] => INIMX_VBNKCAEcatca0720250402154047535350
    [P_MID] => CAEcatca07
    [P_AUTH_DT] => 20250402154144
    [P_STATUS] => 02
    [P_TYPE] => VBANK
    [P_OID] => 250401-029
    [P_FN_CD1] => 11
    [P_FN_CD2] => 
    [P_FN_NM] => NH농협은행
    [P_AMT] => 3000
    [P_UNAME] => 박해경
    [P_RMESG1] => P_VACCT_NO=79014509399696|P_EXP_DT=20250412
    [P_RMESG2] => 
    [P_NOTI] => 
    [P_AUTH_NO] => 
)

 Array
(
    [PageCall time] => 15:57:43
    [P_TID] => INIMX_VBNKCAEcatca0720250402155655645106
    [P_MID] => CAEcatca07
    [P_AUTH_DT] => 20250402155743
    [P_STATUS] => 02
    [P_TYPE] => VBANK
    [P_OID] => 250402-024
    [P_FN_CD1] => 11
    [P_FN_CD2] => 
    [P_FN_NM] => NH농협은행
    [P_AMT] => 3000
    [P_UNAME] => 강민해
    [P_RMESG1] => P_VACCT_NO=79014509401101|P_EXP_DT=20250412
    [P_RMESG2] => 
    [P_NOTI] => 
    [P_AUTH_NO] => 
)

 Array
(
    [PageCall time] => 16:23:56
    [P_TID] => INIMX_VBNKCAEcatca0720250402162238355457
    [P_MID] => CAEcatca07
    [P_AUTH_DT] => 20250402162356
    [P_STATUS] => 02
    [P_TYPE] => VBANK
    [P_OID] => 250402-026
    [P_FN_CD1] => 04
    [P_FN_CD2] => 
    [P_FN_NM] => KB국민은행
    [P_AMT] => 3000
    [P_UNAME] => 정아영
    [P_RMESG1] => P_VACCT_NO=26159078593479|P_EXP_DT=20250412
    [P_RMESG2] => 
    [P_NOTI] => 
    [P_AUTH_NO] => 
)

 Array
(
    [PageCall time] => 16:34:04
    [P_TID] => INIMX_VBNKCAEcatca0720250402163249305210
    [P_MID] => CAEcatca07
    [P_AUTH_DT] => 20250402163404
    [P_STATUS] => 02
    [P_TYPE] => VBANK
    [P_OID] => 250402-023
    [P_FN_CD1] => 11
    [P_FN_CD2] => 
    [P_FN_NM] => NH농협은행
    [P_AMT] => 3000
    [P_UNAME] => 우희순
    [P_RMESG1] => P_VACCT_NO=79014509403894|P_EXP_DT=20250412
    [P_RMESG2] => 
    [P_NOTI] => 
    [P_AUTH_NO] => 
)

 Array
(
    [PageCall time] => 16:46:11
    [P_TID] => INIMX_VBNKCAEcatca0720250402164241335168
    [P_MID] => CAEcatca07
    [P_AUTH_DT] => 20250402164611
    [P_STATUS] => 02
    [P_TYPE] => VBANK
    [P_OID] => 250402-029
    [P_FN_CD1] => 03
    [P_FN_CD2] => 
    [P_FN_NM] => 기업은행
    [P_AMT] => 3000
    [P_UNAME] => 정지영
    [P_RMESG1] => P_VACCT_NO=07503189297364|P_EXP_DT=20250412
    [P_RMESG2] => 
    [P_NOTI] => 
    [P_AUTH_NO] => 
)

 Array
(
    [PageCall time] => 16:50:57
    [P_TID] => INIMX_VBNKCAEcatca0720250402164951125702
    [P_MID] => CAEcatca07
    [P_AUTH_DT] => 20250402165057
    [P_STATUS] => 02
    [P_TYPE] => VBANK
    [P_OID] => 250402-030
    [P_FN_CD1] => 23
    [P_FN_CD2] => 
    [P_FN_NM] => SC은행
    [P_AMT] => 3000
    [P_UNAME] => 권혁찬
    [P_RMESG1] => P_VACCT_NO=46416006156347|P_EXP_DT=20250412
    [P_RMESG2] => 
    [P_NOTI] => 
    [P_AUTH_NO] => 
)

 Array
(
    [PageCall time] => 17:24:42
    [P_TID] => INIMX_VBNKCAEcatca0720250402172152725476
    [P_MID] => CAEcatca07
    [P_AUTH_DT] => 20250402172442
    [P_STATUS] => 02
    [P_TYPE] => VBANK
    [P_OID] => 250402-028
    [P_FN_CD1] => 88
    [P_FN_CD2] => 
    [P_FN_NM] => 신한은행
    [P_AMT] => 3000
    [P_UNAME] => 최윤지
    [P_RMESG1] => P_VACCT_NO=56211992112902|P_EXP_DT=20250412
    [P_RMESG2] => 
    [P_NOTI] => 
    [P_AUTH_NO] => 
)

 Array
(
    [PageCall time] => 20:08:05
    [P_TID] => INIMX_VBNKCAEcatca0720250402200609995994
    [P_MID] => CAEcatca07
    [P_AUTH_DT] => 20250402200805
    [P_STATUS] => 02
    [P_TYPE] => VBANK
    [P_OID] => 250402-033
    [P_FN_CD1] => 11
    [P_FN_CD2] => 
    [P_FN_NM] => NH농협은행
    [P_AMT] => 3000
    [P_UNAME] => 김경자
    [P_RMESG1] => P_VACCT_NO=79014509421010|P_EXP_DT=20250412
    [P_RMESG2] => 
    [P_NOTI] => 
    [P_AUTH_NO] => 
)

 Array
(
    [PageCall time] => 22:02:41
    [P_TID] => INIMX_VBNKCAEcatca0720250402220153265772
    [P_MID] => CAEcatca07
    [P_AUTH_DT] => 20250402220241
    [P_STATUS] => 02
    [P_TYPE] => VBANK
    [P_OID] => 250402-034
    [P_FN_CD1] => 04
    [P_FN_CD2] => 
    [P_FN_NM] => KB국민은행
    [P_AMT] => 3000
    [P_UNAME] => 이정현
    [P_RMESG1] => P_VACCT_NO=39319011186081|P_EXP_DT=20250412
    [P_RMESG2] => 
    [P_NOTI] => 
    [P_AUTH_NO] => 
)

 Array
(
    [PageCall time] => 23:01:48
    [P_TID] => INIMX_VBNKCAEcatca0720250402230110515698
    [P_MID] => CAEcatca07
    [P_AUTH_DT] => 20250402230148
    [P_STATUS] => 02
    [P_TYPE] => VBANK
    [P_OID] => 250402-035
    [P_FN_CD1] => 11
    [P_FN_CD2] => 
    [P_FN_NM] => NH농협은행
    [P_AMT] => 3000
    [P_UNAME] => 전진호
    [P_RMESG1] => P_VACCT_NO=79014509430745|P_EXP_DT=20250412
    [P_RMESG2] => 
    [P_NOTI] => 
    [P_AUTH_NO] => 
)

