 Array
(
    [PageCall time] => 07:47:11
    [P_TID] => INIMX_VBNKCAEcatca0720250420074403905594
    [P_MID] => CAEcatca07
    [P_AUTH_DT] => 20250420074711
    [P_STATUS] => 02
    [P_TYPE] => VBANK
    [P_OID] => 250420-001
    [P_FN_CD1] => 03
    [P_FN_CD2] => 
    [P_FN_NM] => 기업은행
    [P_AMT] => 3000
    [P_UNAME] => 정숙경
    [P_RMESG1] => P_VACCT_NO=07502300397940|P_EXP_DT=20250430
    [P_RMESG2] => 
    [P_NOTI] => 
    [P_AUTH_NO] => 
)

 Array
(
    [PageCall time] => 09:35:42
    [P_TID] => INIMX_VBNKCAEcatca0720250420093306975444
    [P_MID] => CAEcatca07
    [P_AUTH_DT] => 20250420093542
    [P_STATUS] => 02
    [P_TYPE] => VBANK
    [P_OID] => 250420-003
    [P_FN_CD1] => 89
    [P_FN_CD2] => 
    [P_FN_NM] => 케이뱅크
    [P_AMT] => 3000
    [P_UNAME] => 이규창
    [P_RMESG1] => P_VACCT_NO=70112003339401|P_EXP_DT=20250430
    [P_RMESG2] => 
    [P_NOTI] => 
    [P_AUTH_NO] => 
)

 Array
(
    [PageCall time] => 13:43:01
    [P_TID] => INIMX_VBNKCAEcatca0720250420134021915587
    [P_MID] => CAEcatca07
    [P_AUTH_DT] => 20250420134301
    [P_STATUS] => 02
    [P_TYPE] => VBANK
    [P_OID] => 250420-005
    [P_FN_CD1] => 88
    [P_FN_CD2] => 
    [P_FN_NM] => 신한은행
    [P_AMT] => 3000
    [P_UNAME] => 김춘오
    [P_RMESG1] => P_VACCT_NO=56211992463592|P_EXP_DT=20250430
    [P_RMESG2] => 
    [P_NOTI] => 
    [P_AUTH_NO] => 
)

 Array
(
    [PageCall time] => 15:50:13
    [P_TID] => INIMX_VBNKCAEcatca0720250420154400625456
    [P_MID] => CAEcatca07
    [P_AUTH_DT] => 20250420155013
    [P_STATUS] => 02
    [P_TYPE] => VBANK
    [P_OID] => 250420-007
    [P_FN_CD1] => 04
    [P_FN_CD2] => 
    [P_FN_NM] => KB국민은행
    [P_AMT] => 3000
    [P_UNAME] => 김상훈
    [P_RMESG1] => P_VACCT_NO=26119078144884|P_EXP_DT=20250430
    [P_RMESG2] => 
    [P_NOTI] => 
    [P_AUTH_NO] => 
)

 Array
(
    [PageCall time] => 15:58:03
    [P_TID] => INIMX_VBNKCAEcatca0720250420155531135246
    [P_MID] => CAEcatca07
    [P_AUTH_DT] => 20250420155803
    [P_STATUS] => 02
    [P_TYPE] => VBANK
    [P_OID] => 250420-008
    [P_FN_CD1] => 88
    [P_FN_CD2] => 
    [P_FN_NM] => 신한은행
    [P_AMT] => 3000
    [P_UNAME] => 김세진
    [P_RMESG1] => P_VACCT_NO=56211992474834|P_EXP_DT=20250430
    [P_RMESG2] => 
    [P_NOTI] => 
    [P_AUTH_NO] => 
)

 Array
(
    [PageCall time] => 16:04:17
    [P_TID] => INIMX_VBNKCAEcatca0720250420160142165486
    [P_MID] => CAEcatca07
    [P_AUTH_DT] => 20250420160417
    [P_STATUS] => 02
    [P_TYPE] => VBANK
    [P_OID] => 250420-009
    [P_FN_CD1] => 88
    [P_FN_CD2] => 
    [P_FN_NM] => 신한은행
    [P_AMT] => 3000
    [P_UNAME] => 장은수
    [P_RMESG1] => P_VACCT_NO=56211992476172|P_EXP_DT=20250430
    [P_RMESG2] => 
    [P_NOTI] => 
    [P_AUTH_NO] => 
)

 Array
(
    [PageCall time] => 16:39:48
    [P_TID] => INIMX_VBNKCAEcatca0720250420163613275479
    [P_MID] => CAEcatca07
    [P_AUTH_DT] => 20250420163948
    [P_STATUS] => 02
    [P_TYPE] => VBANK
    [P_OID] => 250420-011
    [P_FN_CD1] => 03
    [P_FN_CD2] => 
    [P_FN_NM] => 기업은행
    [P_AMT] => 3000
    [P_UNAME] => 이상구
    [P_RMESG1] => P_VACCT_NO=07503299497140|P_EXP_DT=20250430
    [P_RMESG2] => 
    [P_NOTI] => 
    [P_AUTH_NO] => 
)

 Array
(
    [PageCall time] => 16:47:01
    [P_TID] => INIMX_VBNKCAEcatca0720250420164559885636
    [P_MID] => CAEcatca07
    [P_AUTH_DT] => 20250420164701
    [P_STATUS] => 02
    [P_TYPE] => VBANK
    [P_OID] => 250420-013
    [P_FN_CD1] => 39
    [P_FN_CD2] => 
    [P_FN_NM] => 경남은행
    [P_AMT] => 3000
    [P_UNAME] => 정은옥
    [P_RMESG1] => P_VACCT_NO=573193289917|P_EXP_DT=20250430
    [P_RMESG2] => 
    [P_NOTI] => 
    [P_AUTH_NO] => 
)

 Array
(
    [PageCall time] => 17:54:23
    [P_TID] => INIMX_VBNKCAEcatca0720250420175353155491
    [P_MID] => CAEcatca07
    [P_AUTH_DT] => 20250420175423
    [P_STATUS] => 02
    [P_TYPE] => VBANK
    [P_OID] => 250420-015
    [P_FN_CD1] => 11
    [P_FN_CD2] => 
    [P_FN_NM] => NH농협은행
    [P_AMT] => 3000
    [P_UNAME] => 김민혜
    [P_RMESG1] => P_VACCT_NO=79015901038020|P_EXP_DT=20250430
    [P_RMESG2] => 
    [P_NOTI] => 
    [P_AUTH_NO] => 
)

 Array
(
    [PageCall time] => 18:31:42
    [P_TID] => INIMX_VBNKCAEcatca0720250420183024575405
    [P_MID] => CAEcatca07
    [P_AUTH_DT] => 20250420183142
    [P_STATUS] => 02
    [P_TYPE] => VBANK
    [P_OID] => 250420-016
    [P_FN_CD1] => 11
    [P_FN_CD2] => 
    [P_FN_NM] => NH농협은행
    [P_AMT] => 3000
    [P_UNAME] => 문승경
    [P_RMESG1] => P_VACCT_NO=79015901040311|P_EXP_DT=20250430
    [P_RMESG2] => 
    [P_NOTI] => 
    [P_AUTH_NO] => 
)

 Array
(
    [PageCall time] => 19:23:55
    [P_TID] => INIMX_VBNKCAEcatca0720250420192106495026
    [P_MID] => CAEcatca07
    [P_AUTH_DT] => 20250420192355
    [P_STATUS] => 02
    [P_TYPE] => VBANK
    [P_OID] => 250420-017
    [P_FN_CD1] => 88
    [P_FN_CD2] => 
    [P_FN_NM] => 신한은행
    [P_AMT] => 3000
    [P_UNAME] => 황보명주
    [P_RMESG1] => P_VACCT_NO=56211992500260|P_EXP_DT=20250430
    [P_RMESG2] => 
    [P_NOTI] => 
    [P_AUTH_NO] => 
)

 Array
(
    [PageCall time] => 21:30:28
    [P_TID] => INIMX_VBNKCAEcatca0720250420212756295167
    [P_MID] => CAEcatca07
    [P_AUTH_DT] => 20250420213028
    [P_STATUS] => 02
    [P_TYPE] => VBANK
    [P_OID] => 250420-018
    [P_FN_CD1] => 03
    [P_FN_CD2] => 
    [P_FN_NM] => 기업은행
    [P_AMT] => 3000
    [P_UNAME] => 정신아
    [P_RMESG1] => P_VACCT_NO=07503301397582|P_EXP_DT=20250430
    [P_RMESG2] => 
    [P_NOTI] => 
    [P_AUTH_NO] => 
)

 Array
(
    [PageCall time] => 21:33:22
    [P_TID] => INIMX_VBNKCAEcatca0720250420213220235247
    [P_MID] => CAEcatca07
    [P_AUTH_DT] => 20250420213322
    [P_STATUS] => 02
    [P_TYPE] => VBANK
    [P_OID] => 250420-019
    [P_FN_CD1] => 04
    [P_FN_CD2] => 
    [P_FN_NM] => KB국민은행
    [P_AMT] => 3000
    [P_UNAME] => 임해만
    [P_RMESG1] => P_VACCT_NO=26119078204894|P_EXP_DT=20250430
    [P_RMESG2] => 
    [P_NOTI] => 
    [P_AUTH_NO] => 
)

