 Array
(
    [PageCall time] => 09:31:45
    [P_TID] => INIMX_VBNKCAEcatca0720250409092811155263
    [P_MID] => CAEcatca07
    [P_AUTH_DT] => 20250409093145
    [P_STATUS] => 02
    [P_TYPE] => VBANK
    [P_OID] => 250409-002
    [P_FN_CD1] => 11
    [P_FN_CD2] => 
    [P_FN_NM] => NH농협은행
    [P_AMT] => 3000
    [P_UNAME] => 신용주
    [P_RMESG1] => P_VACCT_NO=79015899695341|P_EXP_DT=20250419
    [P_RMESG2] => 
    [P_NOTI] => 
    [P_AUTH_NO] => 
)

 Array
(
    [PageCall time] => 09:36:01
    [P_TID] => INIMX_VBNKCAEcatca0720250409093201555301
    [P_MID] => CAEcatca07
    [P_AUTH_DT] => 20250409093601
    [P_STATUS] => 02
    [P_TYPE] => VBANK
    [P_OID] => 250409-003
    [P_FN_CD1] => 31
    [P_FN_CD2] => 
    [P_FN_NM] => 아이엠뱅크(대구은행)
    [P_AMT] => 3000
    [P_UNAME] => 본심한의원
    [P_RMESG1] => P_VACCT_NO=9600362768786|P_EXP_DT=20250419
    [P_RMESG2] => 
    [P_NOTI] => 
    [P_AUTH_NO] => 
)

 Array
(
    [PageCall time] => 10:15:52
    [P_TID] => INIMX_VBNKCAEcatca0720250409101258235083
    [P_MID] => CAEcatca07
    [P_AUTH_DT] => 20250409101552
    [P_STATUS] => 02
    [P_TYPE] => VBANK
    [P_OID] => 250409-004
    [P_FN_CD1] => 88
    [P_FN_CD2] => 
    [P_FN_NM] => 신한은행
    [P_AMT] => 3000
    [P_UNAME] => 최현진
    [P_RMESG1] => P_VACCT_NO=56213170964157|P_EXP_DT=20250419
    [P_RMESG2] => 
    [P_NOTI] => 
    [P_AUTH_NO] => 
)

 Array
(
    [PageCall time] => 10:47:14
    [P_TID] => INIMX_VBNKCAEcatca0720250409104402685125
    [P_MID] => CAEcatca07
    [P_AUTH_DT] => 20250409104714
    [P_STATUS] => 02
    [P_TYPE] => VBANK
    [P_OID] => 250409-005
    [P_FN_CD1] => 11
    [P_FN_CD2] => 
    [P_FN_NM] => NH농협은행
    [P_AMT] => 3000
    [P_UNAME] => 서윤옥
    [P_RMESG1] => P_VACCT_NO=79015899705722|P_EXP_DT=20250419
    [P_RMESG2] => 
    [P_NOTI] => 
    [P_AUTH_NO] => 
)

 Array
(
    [PageCall time] => 11:26:41
    [P_TID] => INIMX_VBNKCAEcatca0720250409112356795118
    [P_MID] => CAEcatca07
    [P_AUTH_DT] => 20250409112641
    [P_STATUS] => 02
    [P_TYPE] => VBANK
    [P_OID] => 250406-010
    [P_FN_CD1] => 89
    [P_FN_CD2] => 
    [P_FN_NM] => 케이뱅크
    [P_AMT] => 3000
    [P_UNAME] => 김호준
    [P_RMESG1] => P_VACCT_NO=70112003269253|P_EXP_DT=20250419
    [P_RMESG2] => 
    [P_NOTI] => 
    [P_AUTH_NO] => 
)

 Array
(
    [PageCall time] => 11:36:27
    [P_TID] => INIMX_VBNKCAEcatca0720250409113345555310
    [P_MID] => CAEcatca07
    [P_AUTH_DT] => 20250409113627
    [P_STATUS] => 02
    [P_TYPE] => VBANK
    [P_OID] => 250409-007
    [P_FN_CD1] => 89
    [P_FN_CD2] => 
    [P_FN_NM] => 케이뱅크
    [P_AMT] => 3000
    [P_UNAME] => 조관호
    [P_RMESG1] => P_VACCT_NO=70112003269291|P_EXP_DT=20250419
    [P_RMESG2] => 
    [P_NOTI] => 
    [P_AUTH_NO] => 
)

 Array
(
    [PageCall time] => 11:41:08
    [P_TID] => INIMX_VBNKCAEcatca0720250409113646405794
    [P_MID] => CAEcatca07
    [P_AUTH_DT] => 20250409114108
    [P_STATUS] => 02
    [P_TYPE] => VBANK
    [P_OID] => 250409-006
    [P_FN_CD1] => 03
    [P_FN_CD2] => 
    [P_FN_NM] => 기업은행
    [P_AMT] => 3000
    [P_UNAME] => 이정원
    [P_RMESG1] => P_VACCT_NO=07503215497991|P_EXP_DT=20250419
    [P_RMESG2] => 
    [P_NOTI] => 
    [P_AUTH_NO] => 
)

 Array
(
    [PageCall time] => 11:58:50
    [P_TID] => INIMX_VBNKCAEcatca0720250409115537875164
    [P_MID] => CAEcatca07
    [P_AUTH_DT] => 20250409115850
    [P_STATUS] => 02
    [P_TYPE] => VBANK
    [P_OID] => 250409-009
    [P_FN_CD1] => 20
    [P_FN_CD2] => 
    [P_FN_NM] => 우리은행
    [P_AMT] => 3000
    [P_UNAME] => 권민서
    [P_RMESG1] => P_VACCT_NO=27388918618548|P_EXP_DT=20250419
    [P_RMESG2] => 
    [P_NOTI] => 
    [P_AUTH_NO] => 
)

 Array
(
    [PageCall time] => 13:31:38
    [P_TID] => INIMX_VBNKCAEcatca0720250409132845785642
    [P_MID] => CAEcatca07
    [P_AUTH_DT] => 20250409133138
    [P_STATUS] => 02
    [P_TYPE] => VBANK
    [P_OID] => 250409-011
    [P_FN_CD1] => 11
    [P_FN_CD2] => 
    [P_FN_NM] => NH농협은행
    [P_AMT] => 3000
    [P_UNAME] => 엄상열
    [P_RMESG1] => P_VACCT_NO=79015899732257|P_EXP_DT=20250419
    [P_RMESG2] => 
    [P_NOTI] => 
    [P_AUTH_NO] => 
)

 Array
(
    [PageCall time] => 13:36:31
    [P_TID] => INIMX_VBNKCAEcatca0720250409133445195076
    [P_MID] => CAEcatca07
    [P_AUTH_DT] => 20250409133631
    [P_STATUS] => 02
    [P_TYPE] => VBANK
    [P_OID] => 250409-012
    [P_FN_CD1] => 04
    [P_FN_CD2] => 
    [P_FN_NM] => KB국민은행
    [P_AMT] => 3000
    [P_UNAME] => 안자영
    [P_RMESG1] => P_VACCT_NO=53209079214945|P_EXP_DT=20250419
    [P_RMESG2] => 
    [P_NOTI] => 
    [P_AUTH_NO] => 
)

 Array
(
    [PageCall time] => 13:46:50
    [P_TID] => INIMX_VBNKCAEcatca0720250409134611135014
    [P_MID] => CAEcatca07
    [P_AUTH_DT] => 20250409134650
    [P_STATUS] => 02
    [P_TYPE] => VBANK
    [P_OID] => 250409-008
    [P_FN_CD1] => 04
    [P_FN_CD2] => 
    [P_FN_NM] => KB국민은행
    [P_AMT] => 3000
    [P_UNAME] => 장혜정
    [P_RMESG1] => P_VACCT_NO=53209079225482|P_EXP_DT=20250419
    [P_RMESG2] => 
    [P_NOTI] => 
    [P_AUTH_NO] => 
)

 Array
(
    [PageCall time] => 14:27:16
    [P_TID] => INIMX_VBNKCAEcatca0720250409142444795494
    [P_MID] => CAEcatca07
    [P_AUTH_DT] => 20250409142716
    [P_STATUS] => 02
    [P_TYPE] => VBANK
    [P_OID] => 250409-014
    [P_FN_CD1] => 88
    [P_FN_CD2] => 
    [P_FN_NM] => 신한은행
    [P_AMT] => 3000
    [P_UNAME] => 이선호
    [P_RMESG1] => P_VACCT_NO=56211103700789|P_EXP_DT=20250419
    [P_RMESG2] => 
    [P_NOTI] => 
    [P_AUTH_NO] => 
)

 Array
(
    [PageCall time] => 14:37:57
    [P_TID] => INIMX_VBNKCAEcatca0720250409143630565169
    [P_MID] => CAEcatca07
    [P_AUTH_DT] => 20250409143757
    [P_STATUS] => 02
    [P_TYPE] => VBANK
    [P_OID] => 250409-016
    [P_FN_CD1] => 04
    [P_FN_CD2] => 
    [P_FN_NM] => KB국민은행
    [P_AMT] => 3000
    [P_UNAME] => 서미희
    [P_RMESG1] => P_VACCT_NO=45749014511522|P_EXP_DT=20250419
    [P_RMESG2] => 
    [P_NOTI] => 
    [P_AUTH_NO] => 
)

 Array
(
    [PageCall time] => 15:59:57
    [P_TID] => INIMX_VBNKCAEcatca0720250409155907514757
    [P_MID] => CAEcatca07
    [P_AUTH_DT] => 20250409155957
    [P_STATUS] => 02
    [P_TYPE] => VBANK
    [P_OID] => 250409-019
    [P_FN_CD1] => 04
    [P_FN_CD2] => 
    [P_FN_NM] => KB국민은행
    [P_AMT] => 3000
    [P_UNAME] => 황다경
    [P_RMESG1] => P_VACCT_NO=87839011488985|P_EXP_DT=20250419
    [P_RMESG2] => 
    [P_NOTI] => 
    [P_AUTH_NO] => 
)

 Array
(
    [PageCall time] => 18:59:30
    [P_TID] => INIMX_VBNKCAEcatca0720250409185543804477
    [P_MID] => CAEcatca07
    [P_AUTH_DT] => 20250409185930
    [P_STATUS] => 02
    [P_TYPE] => VBANK
    [P_OID] => 250409-020
    [P_FN_CD1] => 88
    [P_FN_CD2] => 
    [P_FN_NM] => 신한은행
    [P_AMT] => 3000
    [P_UNAME] => 김미숙
    [P_RMESG1] => P_VACCT_NO=56211111789265|P_EXP_DT=20250419
    [P_RMESG2] => 
    [P_NOTI] => 
    [P_AUTH_NO] => 
)

 Array
(
    [PageCall time] => 20:53:06
    [P_TID] => INIMX_VBNKCAEcatca0720250409205237284429
    [P_MID] => CAEcatca07
    [P_AUTH_DT] => 20250409205306
    [P_STATUS] => 02
    [P_TYPE] => VBANK
    [P_OID] => 250409-021
    [P_FN_CD1] => 11
    [P_FN_CD2] => 
    [P_FN_NM] => NH농협은행
    [P_AMT] => 3000
    [P_UNAME] => 신다슬
    [P_RMESG1] => P_VACCT_NO=01445064611870|P_EXP_DT=20250419
    [P_RMESG2] => 
    [P_NOTI] => 
    [P_AUTH_NO] => 
)

 Array
(
    [PageCall time] => 21:37:58
    [P_TID] => INIMX_VBNKCAEcatca0720250409213520894354
    [P_MID] => CAEcatca07
    [P_AUTH_DT] => 20250409213758
    [P_STATUS] => 02
    [P_TYPE] => VBANK
    [P_OID] => 250409-023
    [P_FN_CD1] => 88
    [P_FN_CD2] => 
    [P_FN_NM] => 신한은행
    [P_AMT] => 3000
    [P_UNAME] => 정희성
    [P_RMESG1] => P_VACCT_NO=56211111796460|P_EXP_DT=20250419
    [P_RMESG2] => 
    [P_NOTI] => 
    [P_AUTH_NO] => 
)

