 Array
(
    [PageCall time] => 02:01:17
    [P_TID] => INIMX_VBNKCAEcatca0720250424015937464682
    [P_MID] => CAEcatca07
    [P_AUTH_DT] => 20250424020117
    [P_STATUS] => 02
    [P_TYPE] => VBANK
    [P_OID] => 250424-001
    [P_FN_CD1] => 11
    [P_FN_CD2] => 
    [P_FN_NM] => NH농협은행
    [P_AMT] => 3000
    [P_UNAME] => 이철호
    [P_RMESG1] => P_VACCT_NO=01445264561861|P_EXP_DT=20250504
    [P_RMESG2] => 
    [P_NOTI] => 
    [P_AUTH_NO] => 
)

 Array
(
    [PageCall time] => 06:55:25
    [P_TID] => INIMX_VBNKCAEcatca0720250424065208104822
    [P_MID] => CAEcatca07
    [P_AUTH_DT] => 20250424065525
    [P_STATUS] => 02
    [P_TYPE] => VBANK
    [P_OID] => 250422-032
    [P_FN_CD1] => 11
    [P_FN_CD2] => 
    [P_FN_NM] => NH농협은행
    [P_AMT] => 3000
    [P_UNAME] => 성애경
    [P_RMESG1] => P_VACCT_NO=01445264579137|P_EXP_DT=20250504
    [P_RMESG2] => 
    [P_NOTI] => 
    [P_AUTH_NO] => 
)

 Array
(
    [PageCall time] => 10:28:11
    [P_TID] => INIMX_VBNKCAEcatca0720250424102734354926
    [P_MID] => CAEcatca07
    [P_AUTH_DT] => 20250424102811
    [P_STATUS] => 02
    [P_TYPE] => VBANK
    [P_OID] => 250424-004
    [P_FN_CD1] => 04
    [P_FN_CD2] => 
    [P_FN_NM] => KB국민은행
    [P_AMT] => 3000
    [P_UNAME] => 강찬숙
    [P_RMESG1] => P_VACCT_NO=87969011414679|P_EXP_DT=20250504
    [P_RMESG2] => 
    [P_NOTI] => 
    [P_AUTH_NO] => 
)

 Array
(
    [PageCall time] => 10:50:28
    [P_TID] => INIMX_VBNKCAEcatca0720250424104954595797
    [P_MID] => CAEcatca07
    [P_AUTH_DT] => 20250424105028
    [P_STATUS] => 02
    [P_TYPE] => VBANK
    [P_OID] => 250424-006
    [P_FN_CD1] => 04
    [P_FN_CD2] => 
    [P_FN_NM] => KB국민은행
    [P_AMT] => 3000
    [P_UNAME] => 박영재
    [P_RMESG1] => P_VACCT_NO=26159078987368|P_EXP_DT=20250504
    [P_RMESG2] => 
    [P_NOTI] => 
    [P_AUTH_NO] => 
)

 Array
(
    [PageCall time] => 11:07:03
    [P_TID] => INIMX_VBNKCAEcatca0720250424110403685072
    [P_MID] => CAEcatca07
    [P_AUTH_DT] => 20250424110703
    [P_STATUS] => 02
    [P_TYPE] => VBANK
    [P_OID] => 250424-007
    [P_FN_CD1] => 88
    [P_FN_CD2] => 
    [P_FN_NM] => 신한은행
    [P_AMT] => 3000
    [P_UNAME] => 황종현
    [P_RMESG1] => P_VACCT_NO=56211993193460|P_EXP_DT=20250504
    [P_RMESG2] => 
    [P_NOTI] => 
    [P_AUTH_NO] => 
)

 Array
(
    [PageCall time] => 11:26:16
    [P_TID] => INIMX_VBNKCAEcatca0720250424112544915124
    [P_MID] => CAEcatca07
    [P_AUTH_DT] => 20250424112616
    [P_STATUS] => 02
    [P_TYPE] => VBANK
    [P_OID] => 250424-008
    [P_FN_CD1] => 11
    [P_FN_CD2] => 
    [P_FN_NM] => NH농협은행
    [P_AMT] => 3000
    [P_UNAME] => 김연구
    [P_RMESG1] => P_VACCT_NO=79015901469194|P_EXP_DT=20250504
    [P_RMESG2] => 
    [P_NOTI] => 
    [P_AUTH_NO] => 
)

 Array
(
    [PageCall time] => 11:42:10
    [P_TID] => INIMX_VBNKCAEcatca0720250424113914155634
    [P_MID] => CAEcatca07
    [P_AUTH_DT] => 20250424114210
    [P_STATUS] => 02
    [P_TYPE] => VBANK
    [P_OID] => 250424-005
    [P_FN_CD1] => 20
    [P_FN_CD2] => 
    [P_FN_NM] => 우리은행
    [P_AMT] => 3000
    [P_UNAME] => 이미선
    [P_RMESG1] => P_VACCT_NO=27488653118139|P_EXP_DT=20250504
    [P_RMESG2] => 
    [P_NOTI] => 
    [P_AUTH_NO] => 
)

 Array
(
    [PageCall time] => 11:50:15
    [P_TID] => INIMX_VBNKCAEcatca0720250424114642804756
    [P_MID] => CAEcatca07
    [P_AUTH_DT] => 20250424115015
    [P_STATUS] => 02
    [P_TYPE] => VBANK
    [P_OID] => 250424-009
    [P_FN_CD1] => 20
    [P_FN_CD2] => 
    [P_FN_NM] => 우리은행
    [P_AMT] => 3000
    [P_UNAME] => 구본자
    [P_RMESG1] => P_VACCT_NO=61841760318101|P_EXP_DT=20250504
    [P_RMESG2] => 
    [P_NOTI] => 
    [P_AUTH_NO] => 
)

 Array
(
    [PageCall time] => 12:08:29
    [P_TID] => INIMX_VBNKCAEcatca0720250424120646615366
    [P_MID] => CAEcatca07
    [P_AUTH_DT] => 20250424120829
    [P_STATUS] => 02
    [P_TYPE] => VBANK
    [P_OID] => 250424-010
    [P_FN_CD1] => 04
    [P_FN_CD2] => 
    [P_FN_NM] => KB국민은행
    [P_AMT] => 3000
    [P_UNAME] => 김미선
    [P_RMESG1] => P_VACCT_NO=29419079473000|P_EXP_DT=20250504
    [P_RMESG2] => 
    [P_NOTI] => 
    [P_AUTH_NO] => 
)

 Array
(
    [PageCall time] => 13:14:02
    [P_TID] => INIMX_VBNKCAEcatca0720250424131342104337
    [P_MID] => CAEcatca07
    [P_AUTH_DT] => 20250424131402
    [P_STATUS] => 02
    [P_TYPE] => VBANK
    [P_OID] => 250424-011
    [P_FN_CD1] => 11
    [P_FN_CD2] => 
    [P_FN_NM] => NH농협은행
    [P_AMT] => 3000
    [P_UNAME] => 박정주
    [P_RMESG1] => P_VACCT_NO=01445264653769|P_EXP_DT=20250504
    [P_RMESG2] => 
    [P_NOTI] => 
    [P_AUTH_NO] => 
)

 Array
(
    [PageCall time] => 14:25:51
    [P_TID] => INIMX_VBNKCAEcatca0720250424142508755555
    [P_MID] => CAEcatca07
    [P_AUTH_DT] => 20250424142551
    [P_STATUS] => 02
    [P_TYPE] => VBANK
    [P_OID] => 250423-026
    [P_FN_CD1] => 04
    [P_FN_CD2] => 
    [P_FN_NM] => KB국민은행
    [P_AMT] => 3000
    [P_UNAME] => 박명환
    [P_RMESG1] => P_VACCT_NO=39319011365453|P_EXP_DT=20250504
    [P_RMESG2] => 
    [P_NOTI] => 
    [P_AUTH_NO] => 
)

 Array
(
    [PageCall time] => 14:51:14
    [P_TID] => INIMX_VBNKCAEcatca0720250424144500925170
    [P_MID] => CAEcatca07
    [P_AUTH_DT] => 20250424145114
    [P_STATUS] => 02
    [P_TYPE] => VBANK
    [P_OID] => 250424-021
    [P_FN_CD1] => 04
    [P_FN_CD2] => 
    [P_FN_NM] => KB국민은행
    [P_AMT] => 3000
    [P_UNAME] => 국방부청사어린이집
    [P_RMESG1] => P_VACCT_NO=39319011557267|P_EXP_DT=20250504
    [P_RMESG2] => 
    [P_NOTI] => 
    [P_AUTH_NO] => 
)

 Array
(
    [PageCall time] => 15:55:39
    [P_TID] => INIMX_VBNKCAEcatca0720250424155241855959
    [P_MID] => CAEcatca07
    [P_AUTH_DT] => 20250424155539
    [P_STATUS] => 02
    [P_TYPE] => VBANK
    [P_OID] => 250424-023
    [P_FN_CD1] => 04
    [P_FN_CD2] => 
    [P_FN_NM] => KB국민은행
    [P_AMT] => 3000
    [P_UNAME] => 박경숙
    [P_RMESG1] => P_VACCT_NO=39449011510326|P_EXP_DT=20250504
    [P_RMESG2] => 
    [P_NOTI] => 
    [P_AUTH_NO] => 
)

 Array
(
    [PageCall time] => 16:09:10
    [P_TID] => INIMX_VBNKCAEcatca0720250424160846125072
    [P_MID] => CAEcatca07
    [P_AUTH_DT] => 20250424160910
    [P_STATUS] => 02
    [P_TYPE] => VBANK
    [P_OID] => 250424-024
    [P_FN_CD1] => 04
    [P_FN_CD2] => 
    [P_FN_NM] => KB국민은행
    [P_AMT] => 3000
    [P_UNAME] => 정재원
    [P_RMESG1] => P_VACCT_NO=39449011593983|P_EXP_DT=20250504
    [P_RMESG2] => 
    [P_NOTI] => 
    [P_AUTH_NO] => 
)

 Array
(
    [PageCall time] => 17:10:14
    [P_TID] => INIMX_VBNKCAEcatca0720250424170736384488
    [P_MID] => CAEcatca07
    [P_AUTH_DT] => 20250424171014
    [P_STATUS] => 02
    [P_TYPE] => VBANK
    [P_OID] => 250424-029
    [P_FN_CD1] => 88
    [P_FN_CD2] => 
    [P_FN_NM] => 신한은행
    [P_AMT] => 3000
    [P_UNAME] => 최진미
    [P_RMESG1] => P_VACCT_NO=56211112349950|P_EXP_DT=20250504
    [P_RMESG2] => 
    [P_NOTI] => 
    [P_AUTH_NO] => 
)

 Array
(
    [PageCall time] => 18:31:54
    [P_TID] => INIMX_VBNKCAEcatca0720250424183118294239
    [P_MID] => CAEcatca07
    [P_AUTH_DT] => 20250424183154
    [P_STATUS] => 02
    [P_TYPE] => VBANK
    [P_OID] => 250424-030
    [P_FN_CD1] => 04
    [P_FN_CD2] => 
    [P_FN_NM] => KB국민은행
    [P_AMT] => 3000
    [P_UNAME] => 하지수
    [P_RMESG1] => P_VACCT_NO=87969011444441|P_EXP_DT=20250504
    [P_RMESG2] => 
    [P_NOTI] => 
    [P_AUTH_NO] => 
)

 Array
(
    [PageCall time] => 18:32:07
    [P_TID] => INIMX_VBNKCAEcatca0720250424150643465775
    [P_MID] => CAEcatca07
    [P_AUTH_DT] => 20250424183207
    [P_STATUS] => 02
    [P_TYPE] => VBANK
    [P_OID] => 250424-022
    [P_FN_CD1] => 04
    [P_FN_CD2] => 
    [P_FN_NM] => KB국민은행
    [P_AMT] => 3000
    [P_UNAME] => 이주성
    [P_RMESG1] => P_VACCT_NO=39319011722076|P_EXP_DT=20250504
    [P_RMESG2] => 
    [P_NOTI] => 
    [P_AUTH_NO] => 
)

 Array
(
    [PageCall time] => 19:04:31
    [P_TID] => INIMX_VBNKCAEcatca0720250424162331935265
    [P_MID] => CAEcatca07
    [P_AUTH_DT] => 20250424190431
    [P_STATUS] => 02
    [P_TYPE] => VBANK
    [P_OID] => 250423-017
    [P_FN_CD1] => 04
    [P_FN_CD2] => 
    [P_FN_NM] => KB국민은행
    [P_AMT] => 3000
    [P_UNAME] => 허석호 골프아카데미 서초본점
    [P_RMESG1] => P_VACCT_NO=39449011665101|P_EXP_DT=20250504
    [P_RMESG2] => 
    [P_NOTI] => 
    [P_AUTH_NO] => 
)

 Array
(
    [PageCall time] => 20:14:18
    [P_TID] => INIMX_VBNKCAEcatca0720250424201058304823
    [P_MID] => CAEcatca07
    [P_AUTH_DT] => 20250424201418
    [P_STATUS] => 02
    [P_TYPE] => VBANK
    [P_OID] => 250424-026
    [P_FN_CD1] => 88
    [P_FN_CD2] => 
    [P_FN_NM] => 신한은행
    [P_AMT] => 3000
    [P_UNAME] => 이복희
    [P_RMESG1] => P_VACCT_NO=56211112354792|P_EXP_DT=20250504
    [P_RMESG2] => 
    [P_NOTI] => 
    [P_AUTH_NO] => 
)

 Array
(
    [PageCall time] => 22:06:16
    [P_TID] => INIMX_VBNKCAEcatca0720250424220310705216
    [P_MID] => CAEcatca07
    [P_AUTH_DT] => 20250424220616
    [P_STATUS] => 02
    [P_TYPE] => VBANK
    [P_OID] => 250424-031
    [P_FN_CD1] => 88
    [P_FN_CD2] => 
    [P_FN_NM] => 신한은행
    [P_AMT] => 3000
    [P_UNAME] => 전천택
    [P_RMESG1] => P_VACCT_NO=56213170580784|P_EXP_DT=20250504
    [P_RMESG2] => 
    [P_NOTI] => 
    [P_AUTH_NO] => 
)

