 Array
(
    [PageCall time] => 07:09:51
    [P_TID] => INIMX_VBNKCAEcatca0720250324070856675783
    [P_MID] => CAEcatca07
    [P_AUTH_DT] => 20250324070951
    [P_STATUS] => 02
    [P_TYPE] => VBANK
    [P_OID] => 250323-008
    [P_FN_CD1] => 11
    [P_FN_CD2] => 
    [P_FN_NM] => NH농협은행
    [P_AMT] => 3000
    [P_UNAME] => 류지선
    [P_RMESG1] => P_VACCT_NO=79014508546091|P_EXP_DT=20250403
    [P_RMESG2] => 
    [P_NOTI] => 
    [P_AUTH_NO] => 
)

 Array
(
    [PageCall time] => 10:41:55
    [P_TID] => INIMX_VBNKCAEcatca0720250324103824925819
    [P_MID] => CAEcatca07
    [P_AUTH_DT] => 20250324104155
    [P_STATUS] => 02
    [P_TYPE] => VBANK
    [P_OID] => 250324-005
    [P_FN_CD1] => 31
    [P_FN_CD2] => 
    [P_FN_NM] => 아이엠뱅크(대구은행)
    [P_AMT] => 3000
    [P_UNAME] => 김건
    [P_RMESG1] => P_VACCT_NO=9600362727253|P_EXP_DT=20250403
    [P_RMESG2] => 
    [P_NOTI] => 
    [P_AUTH_NO] => 
)

 Array
(
    [PageCall time] => 10:43:02
    [P_TID] => INIMX_VBNKCAEcatca0720250324104219645753
    [P_MID] => CAEcatca07
    [P_AUTH_DT] => 20250324104302
    [P_STATUS] => 02
    [P_TYPE] => VBANK
    [P_OID] => 250324-006
    [P_FN_CD1] => 04
    [P_FN_CD2] => 
    [P_FN_NM] => KB국민은행
    [P_AMT] => 3000
    [P_UNAME] => 범유진
    [P_RMESG1] => P_VACCT_NO=26029078417736|P_EXP_DT=20250403
    [P_RMESG2] => 
    [P_NOTI] => 
    [P_AUTH_NO] => 
)

 Array
(
    [PageCall time] => 11:17:13
    [P_TID] => INIMX_VBNKCAEcatca0720250324111251435305
    [P_MID] => CAEcatca07
    [P_AUTH_DT] => 20250324111713
    [P_STATUS] => 02
    [P_TYPE] => VBANK
    [P_OID] => 250324-008
    [P_FN_CD1] => 81
    [P_FN_CD2] => 
    [P_FN_NM] => 하나은행
    [P_AMT] => 3000
    [P_UNAME] => 장방영
    [P_RMESG1] => P_VACCT_NO=20894109877337|P_EXP_DT=20250403
    [P_RMESG2] => 
    [P_NOTI] => 
    [P_AUTH_NO] => 
)

 Array
(
    [PageCall time] => 11:21:10
    [P_TID] => INIMX_VBNKCAEcatca0720250324111852145866
    [P_MID] => CAEcatca07
    [P_AUTH_DT] => 20250324112110
    [P_STATUS] => 02
    [P_TYPE] => VBANK
    [P_OID] => 250324-010
    [P_FN_CD1] => 04
    [P_FN_CD2] => 
    [P_FN_NM] => KB국민은행
    [P_AMT] => 3000
    [P_UNAME] => 윤연중
    [P_RMESG1] => P_VACCT_NO=26029078503929|P_EXP_DT=20250403
    [P_RMESG2] => 
    [P_NOTI] => 
    [P_AUTH_NO] => 
)

 Array
(
    [PageCall time] => 11:41:50
    [P_TID] => INIMX_VBNKCAEcatca0720250324114101425029
    [P_MID] => CAEcatca07
    [P_AUTH_DT] => 20250324114150
    [P_STATUS] => 02
    [P_TYPE] => VBANK
    [P_OID] => 250324-011
    [P_FN_CD1] => 04
    [P_FN_CD2] => 
    [P_FN_NM] => KB국민은행
    [P_AMT] => 3000
    [P_UNAME] => 최진화
    [P_RMESG1] => P_VACCT_NO=79889078357748|P_EXP_DT=20250403
    [P_RMESG2] => 
    [P_NOTI] => 
    [P_AUTH_NO] => 
)

 Array
(
    [PageCall time] => 11:59:37
    [P_TID] => INIMX_VBNKCAEcatca0720250324115839975116
    [P_MID] => CAEcatca07
    [P_AUTH_DT] => 20250324115937
    [P_STATUS] => 02
    [P_TYPE] => VBANK
    [P_OID] => 250324-013
    [P_FN_CD1] => 04
    [P_FN_CD2] => 
    [P_FN_NM] => KB국민은행
    [P_AMT] => 3000
    [P_UNAME] => 임미선
    [P_RMESG1] => P_VACCT_NO=80339078211915|P_EXP_DT=20250403
    [P_RMESG2] => 
    [P_NOTI] => 
    [P_AUTH_NO] => 
)

 Array
(
    [PageCall time] => 12:29:32
    [P_TID] => INIMX_VBNKCAEcatca0720250324122455105900
    [P_MID] => CAEcatca07
    [P_AUTH_DT] => 20250324122931
    [P_STATUS] => 02
    [P_TYPE] => VBANK
    [P_OID] => 250324-014
    [P_FN_CD1] => 03
    [P_FN_CD2] => 
    [P_FN_NM] => 기업은행
    [P_AMT] => 3000
    [P_UNAME] => 황희만
    [P_RMESG1] => P_VACCT_NO=07503145797764|P_EXP_DT=20250403
    [P_RMESG2] => 
    [P_NOTI] => 
    [P_AUTH_NO] => 
)

 Array
(
    [PageCall time] => 12:38:11
    [P_TID] => INIMX_VBNKCAEcatca0720250324123629365047
    [P_MID] => CAEcatca07
    [P_AUTH_DT] => 20250324123811
    [P_STATUS] => 02
    [P_TYPE] => VBANK
    [P_OID] => 250324-015
    [P_FN_CD1] => 04
    [P_FN_CD2] => 
    [P_FN_NM] => KB국민은행
    [P_AMT] => 3000
    [P_UNAME] => 신희정
    [P_RMESG1] => P_VACCT_NO=87969011304383|P_EXP_DT=20250403
    [P_RMESG2] => 
    [P_NOTI] => 
    [P_AUTH_NO] => 
)

 Array
(
    [PageCall time] => 12:52:01
    [P_TID] => INIMX_VBNKCAEcatca0720250324125038925249
    [P_MID] => CAEcatca07
    [P_AUTH_DT] => 20250324125201
    [P_STATUS] => 02
    [P_TYPE] => VBANK
    [P_OID] => 250324-012
    [P_FN_CD1] => 32
    [P_FN_CD2] => 
    [P_FN_NM] => 부산은행
    [P_AMT] => 3000
    [P_UNAME] => 이정훈
    [P_RMESG1] => P_VACCT_NO=109924401027|P_EXP_DT=20250403
    [P_RMESG2] => 
    [P_NOTI] => 
    [P_AUTH_NO] => 
)

 Array
(
    [PageCall time] => 13:10:38
    [P_TID] => INIMX_VBNKCAEcatca0720250324130756295737
    [P_MID] => CAEcatca07
    [P_AUTH_DT] => 20250324131038
    [P_STATUS] => 02
    [P_TYPE] => VBANK
    [P_OID] => 250324-017
    [P_FN_CD1] => 03
    [P_FN_CD2] => 
    [P_FN_NM] => 기업은행
    [P_AMT] => 3000
    [P_UNAME] => 김혜리
    [P_RMESG1] => P_VACCT_NO=07503146197377|P_EXP_DT=20250403
    [P_RMESG2] => 
    [P_NOTI] => 
    [P_AUTH_NO] => 
)

 Array
(
    [PageCall time] => 13:23:49
    [P_TID] => INIMX_VBNKCAEcatca0720250324132054405680
    [P_MID] => CAEcatca07
    [P_AUTH_DT] => 20250324132349
    [P_STATUS] => 02
    [P_TYPE] => VBANK
    [P_OID] => 250324-018
    [P_FN_CD1] => 03
    [P_FN_CD2] => 
    [P_FN_NM] => 기업은행
    [P_AMT] => 3000
    [P_UNAME] => 김지현
    [P_RMESG1] => P_VACCT_NO=07503146297491|P_EXP_DT=20250403
    [P_RMESG2] => 
    [P_NOTI] => 
    [P_AUTH_NO] => 
)

 Array
(
    [PageCall time] => 14:25:12
    [P_TID] => INIMX_VBNKCAEcatca0720250324142124915746
    [P_MID] => CAEcatca07
    [P_AUTH_DT] => 20250324142512
    [P_STATUS] => 02
    [P_TYPE] => VBANK
    [P_OID] => 250324-020
    [P_FN_CD1] => 88
    [P_FN_CD2] => 
    [P_FN_NM] => 신한은행
    [P_AMT] => 3000
    [P_UNAME] => 추정 엽
    [P_RMESG1] => P_VACCT_NO=56211991494141|P_EXP_DT=20250403
    [P_RMESG2] => 
    [P_NOTI] => 
    [P_AUTH_NO] => 
)

 Array
(
    [PageCall time] => 14:39:35
    [P_TID] => INIMX_VBNKCAEcatca0720250324143707345637
    [P_MID] => CAEcatca07
    [P_AUTH_DT] => 20250324143935
    [P_STATUS] => 02
    [P_TYPE] => VBANK
    [P_OID] => 250324-022
    [P_FN_CD1] => 03
    [P_FN_CD2] => 
    [P_FN_NM] => 기업은행
    [P_AMT] => 3000
    [P_UNAME] => 이지현
    [P_RMESG1] => P_VACCT_NO=07503147197572|P_EXP_DT=20250403
    [P_RMESG2] => 
    [P_NOTI] => 
    [P_AUTH_NO] => 
)

 Array
(
    [PageCall time] => 15:07:08
    [P_TID] => INIMX_VBNKCAEcatca0720250324150212615165
    [P_MID] => CAEcatca07
    [P_AUTH_DT] => 20250324150708
    [P_STATUS] => 02
    [P_TYPE] => VBANK
    [P_OID] => 250324-023
    [P_FN_CD1] => 04
    [P_FN_CD2] => 
    [P_FN_NM] => KB국민은행
    [P_AMT] => 3000
    [P_UNAME] => 정구성
    [P_RMESG1] => P_VACCT_NO=26029078787619|P_EXP_DT=20250403
    [P_RMESG2] => 
    [P_NOTI] => 
    [P_AUTH_NO] => 
)

 Array
(
    [PageCall time] => 15:15:45
    [P_TID] => INIMX_VBNKCAEcatca0720250324151312135850
    [P_MID] => CAEcatca07
    [P_AUTH_DT] => 20250324151545
    [P_STATUS] => 02
    [P_TYPE] => VBANK
    [P_OID] => 250324-026
    [P_FN_CD1] => 11
    [P_FN_CD2] => 
    [P_FN_NM] => NH농협은행
    [P_AMT] => 3000
    [P_UNAME] => 김은정
    [P_RMESG1] => P_VACCT_NO=79014508612761|P_EXP_DT=20250403
    [P_RMESG2] => 
    [P_NOTI] => 
    [P_AUTH_NO] => 
)

 Array
(
    [PageCall time] => 15:24:53
    [P_TID] => INIMX_VBNKCAEcatca0720250324152138955480
    [P_MID] => CAEcatca07
    [P_AUTH_DT] => 20250324152453
    [P_STATUS] => 02
    [P_TYPE] => VBANK
    [P_OID] => 250324-027
    [P_FN_CD1] => 31
    [P_FN_CD2] => 
    [P_FN_NM] => 아이엠뱅크(대구은행)
    [P_AMT] => 3000
    [P_UNAME] => 김묘정
    [P_RMESG1] => P_VACCT_NO=9600362729442|P_EXP_DT=20250403
    [P_RMESG2] => 
    [P_NOTI] => 
    [P_AUTH_NO] => 
)

 Array
(
    [PageCall time] => 15:50:53
    [P_TID] => INIMX_VBNKCAEcatca0720250324154958205235
    [P_MID] => CAEcatca07
    [P_AUTH_DT] => 20250324155053
    [P_STATUS] => 02
    [P_TYPE] => VBANK
    [P_OID] => 250324-029
    [P_FN_CD1] => 04
    [P_FN_CD2] => 
    [P_FN_NM] => KB국민은행
    [P_AMT] => 3000
    [P_UNAME] => 박석근
    [P_RMESG1] => P_VACCT_NO=26119078205916|P_EXP_DT=20250403
    [P_RMESG2] => 
    [P_NOTI] => 
    [P_AUTH_NO] => 
)

 Array
(
    [PageCall time] => 15:52:49
    [P_TID] => INIMX_VBNKCAEcatca0720250324154218225734
    [P_MID] => CAEcatca07
    [P_AUTH_DT] => 20250324155249
    [P_STATUS] => 02
    [P_TYPE] => VBANK
    [P_OID] => 250324-024
    [P_FN_CD1] => 20
    [P_FN_CD2] => 
    [P_FN_NM] => 우리은행
    [P_AMT] => 3000
    [P_UNAME] => 최성순
    [P_RMESG1] => P_VACCT_NO=27388162818041|P_EXP_DT=20250403
    [P_RMESG2] => 
    [P_NOTI] => 
    [P_AUTH_NO] => 
)

 Array
(
    [PageCall time] => 16:33:49
    [P_TID] => INIMX_VBNKCAEcatca0720250324163021755655
    [P_MID] => CAEcatca07
    [P_AUTH_DT] => 20250324163349
    [P_STATUS] => 02
    [P_TYPE] => VBANK
    [P_OID] => 250324-031
    [P_FN_CD1] => 11
    [P_FN_CD2] => 
    [P_FN_NM] => NH농협은행
    [P_AMT] => 3000
    [P_UNAME] => 서지우
    [P_RMESG1] => P_VACCT_NO=79014508624453|P_EXP_DT=20250403
    [P_RMESG2] => 
    [P_NOTI] => 
    [P_AUTH_NO] => 
)

 Array
(
    [PageCall time] => 16:43:42
    [P_TID] => INIMX_VBNKCAEcatca0720250324164225265438
    [P_MID] => CAEcatca07
    [P_AUTH_DT] => 20250324164342
    [P_STATUS] => 02
    [P_TYPE] => VBANK
    [P_OID] => 250324-032
    [P_FN_CD1] => 32
    [P_FN_CD2] => 
    [P_FN_NM] => 부산은행
    [P_AMT] => 3000
    [P_UNAME] => 이인숙
    [P_RMESG1] => P_VACCT_NO=109924403170|P_EXP_DT=20250403
    [P_RMESG2] => 
    [P_NOTI] => 
    [P_AUTH_NO] => 
)

 Array
(
    [PageCall time] => 17:01:29
    [P_TID] => INIMX_VBNKCAEcatca0720250324165456715551
    [P_MID] => CAEcatca07
    [P_AUTH_DT] => 20250324170129
    [P_STATUS] => 02
    [P_TYPE] => VBANK
    [P_OID] => 250324-033
    [P_FN_CD1] => 04
    [P_FN_CD2] => 
    [P_FN_NM] => KB국민은행
    [P_AMT] => 3000
    [P_UNAME] => 김석조
    [P_RMESG1] => P_VACCT_NO=26119078448917|P_EXP_DT=20250403
    [P_RMESG2] => 
    [P_NOTI] => 
    [P_AUTH_NO] => 
)

 Array
(
    [PageCall time] => 17:07:16
    [P_TID] => INIMX_VBNKCAEcatca0720250324170503925515
    [P_MID] => CAEcatca07
    [P_AUTH_DT] => 20250324170716
    [P_STATUS] => 02
    [P_TYPE] => VBANK
    [P_OID] => 250324-034
    [P_FN_CD1] => 04
    [P_FN_CD2] => 
    [P_FN_NM] => KB국민은행
    [P_AMT] => 3000
    [P_UNAME] => 안경자
    [P_RMESG1] => P_VACCT_NO=26119078470530|P_EXP_DT=20250403
    [P_RMESG2] => 
    [P_NOTI] => 
    [P_AUTH_NO] => 
)

 Array
(
    [PageCall time] => 17:16:36
    [P_TID] => INIMX_VBNKCAEcatca0720250324171549645763
    [P_MID] => CAEcatca07
    [P_AUTH_DT] => 20250324171636
    [P_STATUS] => 02
    [P_TYPE] => VBANK
    [P_OID] => 250324-035
    [P_FN_CD1] => 11
    [P_FN_CD2] => 
    [P_FN_NM] => NH농협은행
    [P_AMT] => 3000
    [P_UNAME] => 김인화
    [P_RMESG1] => P_VACCT_NO=79014508627855|P_EXP_DT=20250403
    [P_RMESG2] => 
    [P_NOTI] => 
    [P_AUTH_NO] => 
)

 Array
(
    [PageCall time] => 17:50:51
    [P_TID] => INIMX_VBNKCAEcatca0720250324175003495009
    [P_MID] => CAEcatca07
    [P_AUTH_DT] => 20250324175051
    [P_STATUS] => 02
    [P_TYPE] => VBANK
    [P_OID] => 250324-016
    [P_FN_CD1] => 04
    [P_FN_CD2] => 
    [P_FN_NM] => KB국민은행
    [P_AMT] => 3000
    [P_UNAME] => 오하나
    [P_RMESG1] => P_VACCT_NO=26119078821736|P_EXP_DT=20250403
    [P_RMESG2] => 
    [P_NOTI] => 
    [P_AUTH_NO] => 
)

 Array
(
    [PageCall time] => 18:41:33
    [P_TID] => INIMX_VBNKCAEcatca0720250324183852535560
    [P_MID] => CAEcatca07
    [P_AUTH_DT] => 20250324184133
    [P_STATUS] => 02
    [P_TYPE] => VBANK
    [P_OID] => 250324-036
    [P_FN_CD1] => 88
    [P_FN_CD2] => 
    [P_FN_NM] => 신한은행
    [P_AMT] => 3000
    [P_UNAME] => 조재성
    [P_RMESG1] => P_VACCT_NO=56211991519963|P_EXP_DT=20250403
    [P_RMESG2] => 
    [P_NOTI] => 
    [P_AUTH_NO] => 
)

 Array
(
    [PageCall time] => 18:59:04
    [P_TID] => INIMX_VBNKCAEcatca0720250324185727215520
    [P_MID] => CAEcatca07
    [P_AUTH_DT] => 20250324185904
    [P_STATUS] => 02
    [P_TYPE] => VBANK
    [P_OID] => 250324-037
    [P_FN_CD1] => 11
    [P_FN_CD2] => 
    [P_FN_NM] => NH농협은행
    [P_AMT] => 3000
    [P_UNAME] => 이선화
    [P_RMESG1] => P_VACCT_NO=79014508633144|P_EXP_DT=20250403
    [P_RMESG2] => 
    [P_NOTI] => 
    [P_AUTH_NO] => 
)

 Array
(
    [PageCall time] => 23:18:09
    [P_TID] => INIMX_VBNKCAEcatca0720250324231540855661
    [P_MID] => CAEcatca07
    [P_AUTH_DT] => 20250324231809
    [P_STATUS] => 02
    [P_TYPE] => VBANK
    [P_OID] => 250324-038
    [P_FN_CD1] => 89
    [P_FN_CD2] => 
    [P_FN_NM] => 케이뱅크
    [P_AMT] => 3000
    [P_UNAME] => 강민희
    [P_RMESG1] => P_VACCT_NO=70112004203961|P_EXP_DT=20250403
    [P_RMESG2] => 
    [P_NOTI] => 
    [P_AUTH_NO] => 
)

