 Array
(
    [PageCall time] => 00:44:57
    [P_TID] => INIMX_VBNKCAEcatca0720250824004210585832
    [P_MID] => CAEcatca07
    [P_AUTH_DT] => 20250824004457
    [P_STATUS] => 02
    [P_TYPE] => VBANK
    [P_OID] => 250823-017
    [P_FN_CD1] => 03
    [P_FN_CD2] => 
    [P_FN_NM] => 기업은행
    [P_AMT] => 3000
    [P_UNAME] => 김규빈
    [P_RMESG1] => P_VACCT_NO=07503274697738|P_EXP_DT=20250903
    [P_RMESG2] => 
    [P_NOTI] => 
    [P_AUTH_NO] => 
)

 Array
(
    [PageCall time] => 02:43:49
    [P_TID] => INIMX_VBNKCAEcatca0720250824024002765092
    [P_MID] => CAEcatca07
    [P_AUTH_DT] => 20250824024349
    [P_STATUS] => 02
    [P_TYPE] => VBANK
    [P_OID] => 250824-001
    [P_FN_CD1] => 39
    [P_FN_CD2] => 
    [P_FN_NM] => 경남은행
    [P_AMT] => 3000
    [P_UNAME] => 김선주
    [P_RMESG1] => P_VACCT_NO=573193524050|P_EXP_DT=20250903
    [P_RMESG2] => 
    [P_NOTI] => 
    [P_AUTH_NO] => 
)

 Array
(
    [PageCall time] => 09:33:58
    [P_TID] => INIMX_VBNKCAEcatca0720250824093059685072
    [P_MID] => CAEcatca07
    [P_AUTH_DT] => 20250824093358
    [P_STATUS] => 02
    [P_TYPE] => VBANK
    [P_OID] => 250824-002
    [P_FN_CD1] => 89
    [P_FN_CD2] => 
    [P_FN_NM] => 케이뱅크
    [P_AMT] => 3000
    [P_UNAME] => 박창수
    [P_RMESG1] => P_VACCT_NO=70112003268297|P_EXP_DT=20250903
    [P_RMESG2] => 
    [P_NOTI] => 
    [P_AUTH_NO] => 
)

 Array
(
    [PageCall time] => 09:34:31
    [P_TID] => INIMX_VBNKCAEcatca0720250824093332715194
    [P_MID] => CAEcatca07
    [P_AUTH_DT] => 20250824093431
    [P_STATUS] => 02
    [P_TYPE] => VBANK
    [P_OID] => 250824-003
    [P_FN_CD1] => 04
    [P_FN_CD2] => 
    [P_FN_NM] => KB국민은행
    [P_AMT] => 3000
    [P_UNAME] => 조재영
    [P_RMESG1] => P_VACCT_NO=26119078105438|P_EXP_DT=20250903
    [P_RMESG2] => 
    [P_NOTI] => 
    [P_AUTH_NO] => 
)

 Array
(
    [PageCall time] => 11:31:00
    [P_TID] => INIMX_VBNKCAEcatca0720250824112802395706
    [P_MID] => CAEcatca07
    [P_AUTH_DT] => 20250824113100
    [P_STATUS] => 02
    [P_TYPE] => VBANK
    [P_OID] => 250824-004
    [P_FN_CD1] => 20
    [P_FN_CD2] => 
    [P_FN_NM] => 우리은행
    [P_AMT] => 3000
    [P_UNAME] => 이미선
    [P_RMESG1] => P_VACCT_NO=27389691318141|P_EXP_DT=20250903
    [P_RMESG2] => 
    [P_NOTI] => 
    [P_AUTH_NO] => 
)

 Array
(
    [PageCall time] => 11:48:25
    [P_TID] => INIMX_VBNKCAEcatca0720250824114521675308
    [P_MID] => CAEcatca07
    [P_AUTH_DT] => 20250824114825
    [P_STATUS] => 02
    [P_TYPE] => VBANK
    [P_OID] => 250824-005
    [P_FN_CD1] => 81
    [P_FN_CD2] => 
    [P_FN_NM] => 하나은행
    [P_AMT] => 3000
    [P_UNAME] => 김도연
    [P_RMESG1] => P_VACCT_NO=20894021140437|P_EXP_DT=20250903
    [P_RMESG2] => 
    [P_NOTI] => 
    [P_AUTH_NO] => 
)

 Array
(
    [PageCall time] => 16:27:08
    [P_TID] => INIMX_VBNKCAEcatca0720250824162438445958
    [P_MID] => CAEcatca07
    [P_AUTH_DT] => 20250824162708
    [P_STATUS] => 02
    [P_TYPE] => VBANK
    [P_OID] => 250824-007
    [P_FN_CD1] => 88
    [P_FN_CD2] => 
    [P_FN_NM] => 신한은행
    [P_AMT] => 3000
    [P_UNAME] => 노민지
    [P_RMESG1] => P_VACCT_NO=56211992107633|P_EXP_DT=20250903
    [P_RMESG2] => 
    [P_NOTI] => 
    [P_AUTH_NO] => 
)

 Array
(
    [PageCall time] => 16:35:38
    [P_TID] => INIMX_VBNKCAEcatca0720250824163256645554
    [P_MID] => CAEcatca07
    [P_AUTH_DT] => 20250824163538
    [P_STATUS] => 02
    [P_TYPE] => VBANK
    [P_OID] => 250824-008
    [P_FN_CD1] => 31
    [P_FN_CD2] => 
    [P_FN_NM] => 아이엠뱅크(대구은행)
    [P_AMT] => 3000
    [P_UNAME] => 황미란
    [P_RMESG1] => P_VACCT_NO=9600366859237|P_EXP_DT=20250903
    [P_RMESG2] => 
    [P_NOTI] => 
    [P_AUTH_NO] => 
)

 Array
(
    [PageCall time] => 17:33:10
    [P_TID] => INIMX_VBNKCAEcatca0720250824173026905615
    [P_MID] => CAEcatca07
    [P_AUTH_DT] => 20250824173309
    [P_STATUS] => 02
    [P_TYPE] => VBANK
    [P_OID] => 250824-006
    [P_FN_CD1] => 88
    [P_FN_CD2] => 
    [P_FN_NM] => 신한은행
    [P_AMT] => 3000
    [P_UNAME] => 손영민
    [P_RMESG1] => P_VACCT_NO=56211992112955|P_EXP_DT=20250903
    [P_RMESG2] => 
    [P_NOTI] => 
    [P_AUTH_NO] => 
)

 Array
(
    [PageCall time] => 17:41:58
    [P_TID] => INIMX_VBNKCAEcatca0720250824173909535015
    [P_MID] => CAEcatca07
    [P_AUTH_DT] => 20250824174158
    [P_STATUS] => 02
    [P_TYPE] => VBANK
    [P_OID] => 250824-009
    [P_FN_CD1] => 81
    [P_FN_CD2] => 
    [P_FN_NM] => 하나은행
    [P_AMT] => 3000
    [P_UNAME] => 김민정
    [P_RMESG1] => P_VACCT_NO=20894021710137|P_EXP_DT=20250903
    [P_RMESG2] => 
    [P_NOTI] => 
    [P_AUTH_NO] => 
)

 Array
(
    [PageCall time] => 19:07:43
    [P_TID] => INIMX_VBNKCAEcatca0720250824190647165423
    [P_MID] => CAEcatca07
    [P_AUTH_DT] => 20250824190743
    [P_STATUS] => 02
    [P_TYPE] => VBANK
    [P_OID] => 250823-019
    [P_FN_CD1] => 04
    [P_FN_CD2] => 
    [P_FN_NM] => KB국민은행
    [P_AMT] => 3000
    [P_UNAME] => 이동희
    [P_RMESG1] => P_VACCT_NO=99449014581509|P_EXP_DT=20250903
    [P_RMESG2] => 
    [P_NOTI] => 
    [P_AUTH_NO] => 
)

 Array
(
    [PageCall time] => 19:15:09
    [P_TID] => INIMX_VBNKCAEcatca0720250824191143335404
    [P_MID] => CAEcatca07
    [P_AUTH_DT] => 20250824191509
    [P_STATUS] => 02
    [P_TYPE] => VBANK
    [P_OID] => 250824-011
    [P_FN_CD1] => 20
    [P_FN_CD2] => 
    [P_FN_NM] => 우리은행
    [P_AMT] => 3000
    [P_UNAME] => 홍재용
    [P_RMESG1] => P_VACCT_NO=27389700018301|P_EXP_DT=20250903
    [P_RMESG2] => 
    [P_NOTI] => 
    [P_AUTH_NO] => 
)

 Array
(
    [PageCall time] => 19:25:04
    [P_TID] => INIMX_VBNKCAEcatca0720250824192156685066
    [P_MID] => CAEcatca07
    [P_AUTH_DT] => 20250824192504
    [P_STATUS] => 02
    [P_TYPE] => VBANK
    [P_OID] => 250824-014
    [P_FN_CD1] => 81
    [P_FN_CD2] => 
    [P_FN_NM] => 하나은행
    [P_AMT] => 3000
    [P_UNAME] => 권소현
    [P_RMESG1] => P_VACCT_NO=20894021862937|P_EXP_DT=20250903
    [P_RMESG2] => 
    [P_NOTI] => 
    [P_AUTH_NO] => 
)

