 Array
(
    [PageCall time] => 06:10:02
    [P_TID] => INIMX_VBNKCAEcatca0720260203060732794945
    [P_MID] => CAEcatca07
    [P_AUTH_DT] => 20260203061002
    [P_STATUS] => 02
    [P_TYPE] => VBANK
    [P_OID] => 260203-001
    [P_FN_CD1] => 04
    [P_FN_CD2] => 
    [P_FN_NM] => KB국민은행
    [P_AMT] => 3500
    [P_UNAME] => 노여경
    [P_RMESG1] => P_VACCT_NO=00159071077466|P_EXP_DT=20260213
    [P_RMESG2] => 
    [P_NOTI] => 
    [P_AUTH_NO] => 
)

 Array
(
    [PageCall time] => 10:02:17
    [P_TID] => INIMX_VBNKCAEcatca0720260203095951614381
    [P_MID] => CAEcatca07
    [P_AUTH_DT] => 20260203100216
    [P_STATUS] => 02
    [P_TYPE] => VBANK
    [P_OID] => 260203-004
    [P_FN_CD1] => 20
    [P_FN_CD2] => 
    [P_FN_NM] => 우리은행
    [P_AMT] => 3500
    [P_UNAME] => 김창수
    [P_RMESG1] => P_VACCT_NO=27204925018341|P_EXP_DT=20260213
    [P_RMESG2] => 
    [P_NOTI] => 
    [P_AUTH_NO] => 
)

 Array
(
    [PageCall time] => 10:25:54
    [P_TID] => INIMX_VBNKCAEcatca0720260202205531944112
    [P_MID] => CAEcatca07
    [P_AUTH_DT] => 20260203102554
    [P_STATUS] => 02
    [P_TYPE] => VBANK
    [P_OID] => 260202-057
    [P_FN_CD1] => 11
    [P_FN_CD2] => 
    [P_FN_NM] => NH농협은행
    [P_AMT] => 3500
    [P_UNAME] => 김종만
    [P_RMESG1] => P_VACCT_NO=79006425220798|P_EXP_DT=20260212
    [P_RMESG2] => 
    [P_NOTI] => 
    [P_AUTH_NO] => 
)

 Array
(
    [PageCall time] => 10:27:53
    [P_TID] => INIMX_VBNKCAEcatca0720260203102503364810
    [P_MID] => CAEcatca07
    [P_AUTH_DT] => 20260203102753
    [P_STATUS] => 02
    [P_TYPE] => VBANK
    [P_OID] => 260203-009
    [P_FN_CD1] => 88
    [P_FN_CD2] => 
    [P_FN_NM] => 신한은행
    [P_AMT] => 3500
    [P_UNAME] => 황태영
    [P_RMESG1] => P_VACCT_NO=56211123703867|P_EXP_DT=20260213
    [P_RMESG2] => 
    [P_NOTI] => 
    [P_AUTH_NO] => 
)

 Array
(
    [PageCall time] => 10:38:30
    [P_TID] => INIMX_VBNKCAEcatca0720260203103603384770
    [P_MID] => CAEcatca07
    [P_AUTH_DT] => 20260203103830
    [P_STATUS] => 02
    [P_TYPE] => VBANK
    [P_OID] => 260203-011
    [P_FN_CD1] => 03
    [P_FN_CD2] => 
    [P_FN_NM] => 기업은행
    [P_AMT] => 3500
    [P_UNAME] => 정정아
    [P_RMESG1] => P_VACCT_NO=07500568097891|P_EXP_DT=20260213
    [P_RMESG2] => 
    [P_NOTI] => 
    [P_AUTH_NO] => 
)

 Array
(
    [PageCall time] => 11:13:12
    [P_TID] => INIMX_VBNKCAEcatca0720260203111010284978
    [P_MID] => CAEcatca07
    [P_AUTH_DT] => 20260203111312
    [P_STATUS] => 02
    [P_TYPE] => VBANK
    [P_OID] => 260203-015
    [P_FN_CD1] => 04
    [P_FN_CD2] => 
    [P_FN_NM] => KB국민은행
    [P_AMT] => 3500
    [P_UNAME] => 송혜종
    [P_RMESG1] => P_VACCT_NO=00159071092029|P_EXP_DT=20260213
    [P_RMESG2] => 
    [P_NOTI] => 
    [P_AUTH_NO] => 
)

 Array
(
    [PageCall time] => 11:29:52
    [P_TID] => INIMX_VBNKCAEcatca0720260203110250744380
    [P_MID] => CAEcatca07
    [P_AUTH_DT] => 20260203112952
    [P_STATUS] => 02
    [P_TYPE] => VBANK
    [P_OID] => 260203-013
    [P_FN_CD1] => 31
    [P_FN_CD2] => 
    [P_FN_NM] => 아이엠뱅크(대구은행)
    [P_AMT] => 3500
    [P_UNAME] => 김도은
    [P_RMESG1] => P_VACCT_NO=9600348042781|P_EXP_DT=20260213
    [P_RMESG2] => 
    [P_NOTI] => 
    [P_AUTH_NO] => 
)

 Array
(
    [PageCall time] => 11:37:49
    [P_TID] => INIMX_VBNKCAEcatca0720260203113718794861
    [P_MID] => CAEcatca07
    [P_AUTH_DT] => 20260203113749
    [P_STATUS] => 02
    [P_TYPE] => VBANK
    [P_OID] => 260203-014
    [P_FN_CD1] => 11
    [P_FN_CD2] => 
    [P_FN_NM] => NH농협은행
    [P_AMT] => 3500
    [P_UNAME] => 지자연
    [P_RMESG1] => P_VACCT_NO=79006425268643|P_EXP_DT=20260213
    [P_RMESG2] => 
    [P_NOTI] => 
    [P_AUTH_NO] => 
)

 Array
(
    [PageCall time] => 11:55:47
    [P_TID] => INIMX_VBNKCAEcatca0720260203115221334381
    [P_MID] => CAEcatca07
    [P_AUTH_DT] => 20260203115547
    [P_STATUS] => 02
    [P_TYPE] => VBANK
    [P_OID] => 260203-018
    [P_FN_CD1] => 89
    [P_FN_CD2] => 
    [P_FN_NM] => 케이뱅크
    [P_AMT] => 3500
    [P_UNAME] => 박상구
    [P_RMESG1] => P_VACCT_NO=70112000118136|P_EXP_DT=20260213
    [P_RMESG2] => 
    [P_NOTI] => 
    [P_AUTH_NO] => 
)

 Array
(
    [PageCall time] => 12:00:47
    [P_TID] => INIMX_VBNKCAEcatca0720260203115828984394
    [P_MID] => CAEcatca07
    [P_AUTH_DT] => 20260203120047
    [P_STATUS] => 02
    [P_TYPE] => VBANK
    [P_OID] => 260203-019
    [P_FN_CD1] => 11
    [P_FN_CD2] => 
    [P_FN_NM] => NH농협은행
    [P_AMT] => 3500
    [P_UNAME] => 남이우
    [P_RMESG1] => P_VACCT_NO=79006425272166|P_EXP_DT=20260213
    [P_RMESG2] => 
    [P_NOTI] => 
    [P_AUTH_NO] => 
)

 Array
(
    [PageCall time] => 13:37:18
    [P_TID] => INIMX_VBNKCAEcatca0720260203133448104237
    [P_MID] => CAEcatca07
    [P_AUTH_DT] => 20260203133718
    [P_STATUS] => 02
    [P_TYPE] => VBANK
    [P_OID] => 260203-021
    [P_FN_CD1] => 88
    [P_FN_CD2] => 
    [P_FN_NM] => 신한은행
    [P_AMT] => 3500
    [P_UNAME] => 오경민
    [P_RMESG1] => P_VACCT_NO=56211123708803|P_EXP_DT=20260213
    [P_RMESG2] => 
    [P_NOTI] => 
    [P_AUTH_NO] => 
)

 Array
(
    [PageCall time] => 14:18:21
    [P_TID] => INIMX_VBNKCAEcatca0720260203141456144370
    [P_MID] => CAEcatca07
    [P_AUTH_DT] => 20260203141821
    [P_STATUS] => 02
    [P_TYPE] => VBANK
    [P_OID] => 260203-023
    [P_FN_CD1] => 23
    [P_FN_CD2] => 
    [P_FN_NM] => SC은행
    [P_AMT] => 3500
    [P_UNAME] => 이상미
    [P_RMESG1] => P_VACCT_NO=46416000762592|P_EXP_DT=20260213
    [P_RMESG2] => 
    [P_NOTI] => 
    [P_AUTH_NO] => 
)

 Array
(
    [PageCall time] => 14:30:43
    [P_TID] => INIMX_VBNKCAEcatca0720260203142734254775
    [P_MID] => CAEcatca07
    [P_AUTH_DT] => 20260203143043
    [P_STATUS] => 02
    [P_TYPE] => VBANK
    [P_OID] => 260203-024
    [P_FN_CD1] => 20
    [P_FN_CD2] => 
    [P_FN_NM] => 우리은행
    [P_AMT] => 3500
    [P_UNAME] => 김예진
    [P_RMESG1] => P_VACCT_NO=27204935718298|P_EXP_DT=20260213
    [P_RMESG2] => 
    [P_NOTI] => 
    [P_AUTH_NO] => 
)

 Array
(
    [PageCall time] => 14:36:33
    [P_TID] => INIMX_VBNKCAEcatca0720260203143355894009
    [P_MID] => CAEcatca07
    [P_AUTH_DT] => 20260203143633
    [P_STATUS] => 02
    [P_TYPE] => VBANK
    [P_OID] => 260203-025
    [P_FN_CD1] => 88
    [P_FN_CD2] => 
    [P_FN_NM] => 신한은행
    [P_AMT] => 3500
    [P_UNAME] => 김정주
    [P_RMESG1] => P_VACCT_NO=56211123710987|P_EXP_DT=20260213
    [P_RMESG2] => 
    [P_NOTI] => 
    [P_AUTH_NO] => 
)

 Array
(
    [PageCall time] => 14:49:38
    [P_TID] => INIMX_VBNKCAEcatca0720260203144649934817
    [P_MID] => CAEcatca07
    [P_AUTH_DT] => 20260203144938
    [P_STATUS] => 02
    [P_TYPE] => VBANK
    [P_OID] => 260203-026
    [P_FN_CD1] => 88
    [P_FN_CD2] => 
    [P_FN_NM] => 신한은행
    [P_AMT] => 3500
    [P_UNAME] => 박정선
    [P_RMESG1] => P_VACCT_NO=56211123711424|P_EXP_DT=20260213
    [P_RMESG2] => 
    [P_NOTI] => 
    [P_AUTH_NO] => 
)

 Array
(
    [PageCall time] => 14:59:08
    [P_TID] => INIMX_VBNKCAEcatca0720260203145817514158
    [P_MID] => CAEcatca07
    [P_AUTH_DT] => 20260203145908
    [P_STATUS] => 02
    [P_TYPE] => VBANK
    [P_OID] => 260203-028
    [P_FN_CD1] => 11
    [P_FN_CD2] => 
    [P_FN_NM] => NH농협은행
    [P_AMT] => 3500
    [P_UNAME] => 이선화
    [P_RMESG1] => P_VACCT_NO=79006425312723|P_EXP_DT=20260213
    [P_RMESG2] => 
    [P_NOTI] => 
    [P_AUTH_NO] => 
)

 Array
(
    [PageCall time] => 15:07:09
    [P_TID] => INIMX_VBNKCAEcatca0720260203150630714010
    [P_MID] => CAEcatca07
    [P_AUTH_DT] => 20260203150709
    [P_STATUS] => 02
    [P_TYPE] => VBANK
    [P_OID] => 260203-029
    [P_FN_CD1] => 11
    [P_FN_CD2] => 
    [P_FN_NM] => NH농협은행
    [P_AMT] => 3500
    [P_UNAME] => 김소연
    [P_RMESG1] => P_VACCT_NO=79006425314150|P_EXP_DT=20260213
    [P_RMESG2] => 
    [P_NOTI] => 
    [P_AUTH_NO] => 
)

 Array
(
    [PageCall time] => 15:24:44
    [P_TID] => INIMX_VBNKCAEcatca0720260203152208694078
    [P_MID] => CAEcatca07
    [P_AUTH_DT] => 20260203152444
    [P_STATUS] => 02
    [P_TYPE] => VBANK
    [P_OID] => 260203-031
    [P_FN_CD1] => 81
    [P_FN_CD2] => 
    [P_FN_NM] => 하나은행
    [P_AMT] => 3500
    [P_UNAME] => 유슬빈
    [P_RMESG1] => P_VACCT_NO=20894223924937|P_EXP_DT=20260213
    [P_RMESG2] => 
    [P_NOTI] => 
    [P_AUTH_NO] => 
)

 Array
(
    [PageCall time] => 16:09:20
    [P_TID] => INIMX_VBNKCAEcatca0720260203160638794866
    [P_MID] => CAEcatca07
    [P_AUTH_DT] => 20260203160920
    [P_STATUS] => 02
    [P_TYPE] => VBANK
    [P_OID] => 260203-032
    [P_FN_CD1] => 81
    [P_FN_CD2] => 
    [P_FN_NM] => 하나은행
    [P_AMT] => 3500
    [P_UNAME] => 김영준
    [P_RMESG1] => P_VACCT_NO=20894223951137|P_EXP_DT=20260213
    [P_RMESG2] => 
    [P_NOTI] => 
    [P_AUTH_NO] => 
)

 Array
(
    [PageCall time] => 16:15:19
    [P_TID] => INIMX_VBNKCAEcatca0720260203160538744120
    [P_MID] => CAEcatca07
    [P_AUTH_DT] => 20260203161519
    [P_STATUS] => 02
    [P_TYPE] => VBANK
    [P_OID] => 260203-007
    [P_FN_CD1] => 88
    [P_FN_CD2] => 
    [P_FN_NM] => 신한은행
    [P_AMT] => 3500
    [P_UNAME] => 송민경
    [P_RMESG1] => P_VACCT_NO=56211123713097|P_EXP_DT=20260213
    [P_RMESG2] => 
    [P_NOTI] => 
    [P_AUTH_NO] => 
)

 Array
(
    [PageCall time] => 16:45:02
    [P_TID] => INIMX_VBNKCAEcatca0720260203164223855397
    [P_MID] => CAEcatca07
    [P_AUTH_DT] => 20260203164502
    [P_STATUS] => 02
    [P_TYPE] => VBANK
    [P_OID] => 260203-035
    [P_FN_CD1] => 11
    [P_FN_CD2] => 
    [P_FN_NM] => NH농협은행
    [P_AMT] => 3500
    [P_UNAME] => 차미영
    [P_RMESG1] => P_VACCT_NO=79013684522533|P_EXP_DT=20260213
    [P_RMESG2] => 
    [P_NOTI] => 
    [P_AUTH_NO] => 
)

 Array
(
    [PageCall time] => 16:45:05
    [P_TID] => INIMX_VBNKCAEcatca0720260203164219655671
    [P_MID] => CAEcatca07
    [P_AUTH_DT] => 20260203164505
    [P_STATUS] => 02
    [P_TYPE] => VBANK
    [P_OID] => 260203-033
    [P_FN_CD1] => 88
    [P_FN_CD2] => 
    [P_FN_NM] => 신한은행
    [P_AMT] => 3500
    [P_UNAME] => 이진영
    [P_RMESG1] => P_VACCT_NO=56211103106928|P_EXP_DT=20260213
    [P_RMESG2] => 
    [P_NOTI] => 
    [P_AUTH_NO] => 
)

 Array
(
    [PageCall time] => 16:57:23
    [P_TID] => INIMX_VBNKCAEcatca0720260203165523135587
    [P_MID] => CAEcatca07
    [P_AUTH_DT] => 20260203165723
    [P_STATUS] => 02
    [P_TYPE] => VBANK
    [P_OID] => 260203-036
    [P_FN_CD1] => 11
    [P_FN_CD2] => 
    [P_FN_NM] => NH농협은행
    [P_AMT] => 3500
    [P_UNAME] => 신유자
    [P_RMESG1] => P_VACCT_NO=79013684524281|P_EXP_DT=20260213
    [P_RMESG2] => 
    [P_NOTI] => 
    [P_AUTH_NO] => 
)

 Array
(
    [PageCall time] => 17:15:13
    [P_TID] => INIMX_VBNKCAEcatca0720260203171244815558
    [P_MID] => CAEcatca07
    [P_AUTH_DT] => 20260203171513
    [P_STATUS] => 02
    [P_TYPE] => VBANK
    [P_OID] => 260203-037
    [P_FN_CD1] => 88
    [P_FN_CD2] => 
    [P_FN_NM] => 신한은행
    [P_AMT] => 3500
    [P_UNAME] => 신인선
    [P_RMESG1] => P_VACCT_NO=56211103110503|P_EXP_DT=20260213
    [P_RMESG2] => 
    [P_NOTI] => 
    [P_AUTH_NO] => 
)

 Array
(
    [PageCall time] => 19:17:05
    [P_TID] => INIMX_VBNKCAEcatca0720260203191430805166
    [P_MID] => CAEcatca07
    [P_AUTH_DT] => 20260203191704
    [P_STATUS] => 02
    [P_TYPE] => VBANK
    [P_OID] => 260203-044
    [P_FN_CD1] => 03
    [P_FN_CD2] => 
    [P_FN_NM] => 기업은행
    [P_AMT] => 3500
    [P_UNAME] => 최주영
    [P_RMESG1] => P_VACCT_NO=07502384097540|P_EXP_DT=20260213
    [P_RMESG2] => 
    [P_NOTI] => 
    [P_AUTH_NO] => 
)

 Array
(
    [PageCall time] => 19:55:22
    [P_TID] => INIMX_VBNKCAEcatca0720260203195226605917
    [P_MID] => CAEcatca07
    [P_AUTH_DT] => 20260203195522
    [P_STATUS] => 02
    [P_TYPE] => VBANK
    [P_OID] => 260203-045
    [P_FN_CD1] => 04
    [P_FN_CD2] => 
    [P_FN_NM] => KB국민은행
    [P_AMT] => 3500
    [P_UNAME] => 황정남
    [P_RMESG1] => P_VACCT_NO=70149014933401|P_EXP_DT=20260213
    [P_RMESG2] => 
    [P_NOTI] => 
    [P_AUTH_NO] => 
)

 Array
(
    [PageCall time] => 20:09:08
    [P_TID] => INIMX_VBNKCAEcatca0720260203200625535922
    [P_MID] => CAEcatca07
    [P_AUTH_DT] => 20260203200908
    [P_STATUS] => 02
    [P_TYPE] => VBANK
    [P_OID] => 260203-043
    [P_FN_CD1] => 89
    [P_FN_CD2] => 
    [P_FN_NM] => 케이뱅크
    [P_AMT] => 3500
    [P_UNAME] => 신우식
    [P_RMESG1] => P_VACCT_NO=70112003453465|P_EXP_DT=20260213
    [P_RMESG2] => 
    [P_NOTI] => 
    [P_AUTH_NO] => 
)

 Array
(
    [PageCall time] => 20:29:59
    [P_TID] => INIMX_VBNKCAEcatca0720260203202729225595
    [P_MID] => CAEcatca07
    [P_AUTH_DT] => 20260203202959
    [P_STATUS] => 02
    [P_TYPE] => VBANK
    [P_OID] => 260203-047
    [P_FN_CD1] => 03
    [P_FN_CD2] => 
    [P_FN_NM] => 기업은행
    [P_AMT] => 3500
    [P_UNAME] => 유선영
    [P_RMESG1] => P_VACCT_NO=07502384397095|P_EXP_DT=20260213
    [P_RMESG2] => 
    [P_NOTI] => 
    [P_AUTH_NO] => 
)

 Array
(
    [PageCall time] => 20:31:31
    [P_TID] => INIMX_VBNKCAEcatca0720260203202216315513
    [P_MID] => CAEcatca07
    [P_AUTH_DT] => 20260203203131
    [P_STATUS] => 02
    [P_TYPE] => VBANK
    [P_OID] => 260203-046
    [P_FN_CD1] => 11
    [P_FN_CD2] => 
    [P_FN_NM] => NH농협은행
    [P_AMT] => 3500
    [P_UNAME] => 이경숙
    [P_RMESG1] => P_VACCT_NO=79013684547359|P_EXP_DT=20260213
    [P_RMESG2] => 
    [P_NOTI] => 
    [P_AUTH_NO] => 
)

 Array
(
    [PageCall time] => 20:38:18
    [P_TID] => INIMX_VBNKCAEcatca0720260203203548645357
    [P_MID] => CAEcatca07
    [P_AUTH_DT] => 20260203203818
    [P_STATUS] => 02
    [P_TYPE] => VBANK
    [P_OID] => 260203-048
    [P_FN_CD1] => 03
    [P_FN_CD2] => 
    [P_FN_NM] => 기업은행
    [P_AMT] => 3500
    [P_UNAME] => 이나래
    [P_RMESG1] => P_VACCT_NO=07502384397451|P_EXP_DT=20260213
    [P_RMESG2] => 
    [P_NOTI] => 
    [P_AUTH_NO] => 
)

