 Array
(
    [PageCall time] => 10:13:51
    [P_TID] => INIMX_VBNKCAEcatca0720250812101303505815
    [P_MID] => CAEcatca07
    [P_AUTH_DT] => 20250812101351
    [P_STATUS] => 02
    [P_TYPE] => VBANK
    [P_OID] => 250812-005
    [P_FN_CD1] => 04
    [P_FN_CD2] => 
    [P_FN_NM] => KB국민은행
    [P_AMT] => 3000
    [P_UNAME] => 임석영
    [P_RMESG1] => P_VACCT_NO=91229079370494|P_EXP_DT=20250822
    [P_RMESG2] => 
    [P_NOTI] => 
    [P_AUTH_NO] => 
)

 Array
(
    [PageCall time] => 10:36:07
    [P_TID] => INIMX_VBNKCAEcatca0720250812103351485399
    [P_MID] => CAEcatca07
    [P_AUTH_DT] => 20250812103607
    [P_STATUS] => 02
    [P_TYPE] => VBANK
    [P_OID] => 250812-007
    [P_FN_CD1] => 04
    [P_FN_CD2] => 
    [P_FN_NM] => KB국민은행
    [P_AMT] => 3000
    [P_UNAME] => 박현미
    [P_RMESG1] => P_VACCT_NO=26159078742503|P_EXP_DT=20250822
    [P_RMESG2] => 
    [P_NOTI] => 
    [P_AUTH_NO] => 
)

 Array
(
    [PageCall time] => 11:06:40
    [P_TID] => INIMX_VBNKCAEcatca0720250812110528935333
    [P_MID] => CAEcatca07
    [P_AUTH_DT] => 20250812110640
    [P_STATUS] => 02
    [P_TYPE] => VBANK
    [P_OID] => 250812-002
    [P_FN_CD1] => 04
    [P_FN_CD2] => 
    [P_FN_NM] => KB국민은행
    [P_AMT] => 3000
    [P_UNAME] => 신현지
    [P_RMESG1] => P_VACCT_NO=87969011774702|P_EXP_DT=20250822
    [P_RMESG2] => 
    [P_NOTI] => 
    [P_AUTH_NO] => 
)

 Array
(
    [PageCall time] => 11:22:19
    [P_TID] => INIMX_VBNKCAEcatca0720250812112048985924
    [P_MID] => CAEcatca07
    [P_AUTH_DT] => 20250812112219
    [P_STATUS] => 02
    [P_TYPE] => VBANK
    [P_OID] => 250812-010
    [P_FN_CD1] => 04
    [P_FN_CD2] => 
    [P_FN_NM] => KB국민은행
    [P_AMT] => 3000
    [P_UNAME] => 송재경
    [P_RMESG1] => P_VACCT_NO=88429011462773|P_EXP_DT=20250822
    [P_RMESG2] => 
    [P_NOTI] => 
    [P_AUTH_NO] => 
)

 Array
(
    [PageCall time] => 11:23:17
    [P_TID] => INIMX_VBNKCAEcatca0720250812112201205391
    [P_MID] => CAEcatca07
    [P_AUTH_DT] => 20250812112317
    [P_STATUS] => 02
    [P_TYPE] => VBANK
    [P_OID] => 250811-055
    [P_FN_CD1] => 11
    [P_FN_CD2] => 
    [P_FN_NM] => NH농협은행
    [P_AMT] => 3000
    [P_UNAME] => 유치성
    [P_RMESG1] => P_VACCT_NO=79014290672510|P_EXP_DT=20250822
    [P_RMESG2] => 
    [P_NOTI] => 
    [P_AUTH_NO] => 
)

 Array
(
    [PageCall time] => 11:54:26
    [P_TID] => INIMX_VBNKCAEcatca0720250812114453455576
    [P_MID] => CAEcatca07
    [P_AUTH_DT] => 20250812115426
    [P_STATUS] => 02
    [P_TYPE] => VBANK
    [P_OID] => 250812-009
    [P_FN_CD1] => 04
    [P_FN_CD2] => 
    [P_FN_NM] => KB국민은행
    [P_AMT] => 3000
    [P_UNAME] => 김병찬
    [P_RMESG1] => P_VACCT_NO=96439078336399|P_EXP_DT=20250822
    [P_RMESG2] => 
    [P_NOTI] => 
    [P_AUTH_NO] => 
)

 Array
(
    [PageCall time] => 11:58:33
    [P_TID] => INIMX_VBNKCAEcatca0720250812112603625831
    [P_MID] => CAEcatca07
    [P_AUTH_DT] => 20250812115833
    [P_STATUS] => 02
    [P_TYPE] => VBANK
    [P_OID] => 250812-011
    [P_FN_CD1] => 88
    [P_FN_CD2] => 
    [P_FN_NM] => 신한은행
    [P_AMT] => 3000
    [P_UNAME] => 노영미
    [P_RMESG1] => P_VACCT_NO=56211991316401|P_EXP_DT=20250822
    [P_RMESG2] => 
    [P_NOTI] => 
    [P_AUTH_NO] => 
)

 Array
(
    [PageCall time] => 12:00:19
    [P_TID] => INIMX_VBNKCAEcatca0720250812115632705352
    [P_MID] => CAEcatca07
    [P_AUTH_DT] => 20250812120019
    [P_STATUS] => 02
    [P_TYPE] => VBANK
    [P_OID] => 250812-013
    [P_FN_CD1] => 32
    [P_FN_CD2] => 
    [P_FN_NM] => 부산은행
    [P_AMT] => 3000
    [P_UNAME] => 이미자
    [P_RMESG1] => P_VACCT_NO=109925087654|P_EXP_DT=20250822
    [P_RMESG2] => 
    [P_NOTI] => 
    [P_AUTH_NO] => 
)

 Array
(
    [PageCall time] => 12:00:28
    [P_TID] => INIMX_VBNKCAEcatca0720250812115638595979
    [P_MID] => CAEcatca07
    [P_AUTH_DT] => 20250812120028
    [P_STATUS] => 02
    [P_TYPE] => VBANK
    [P_OID] => 250812-014
    [P_FN_CD1] => 88
    [P_FN_CD2] => 
    [P_FN_NM] => 신한은행
    [P_AMT] => 3000
    [P_UNAME] => 함나리
    [P_RMESG1] => P_VACCT_NO=56211991319517|P_EXP_DT=20250822
    [P_RMESG2] => 
    [P_NOTI] => 
    [P_AUTH_NO] => 
)

 Array
(
    [PageCall time] => 12:01:46
    [P_TID] => INIMX_VBNKCAEcatca0720250812115433685663
    [P_MID] => CAEcatca07
    [P_AUTH_DT] => 20250812120146
    [P_STATUS] => 02
    [P_TYPE] => VBANK
    [P_OID] => 250812-012
    [P_FN_CD1] => 20
    [P_FN_CD2] => 
    [P_FN_NM] => 우리은행
    [P_AMT] => 3000
    [P_UNAME] => 손민정
    [P_RMESG1] => P_VACCT_NO=27389075518835|P_EXP_DT=20250822
    [P_RMESG2] => 
    [P_NOTI] => 
    [P_AUTH_NO] => 
)

 Array
(
    [PageCall time] => 12:06:08
    [P_TID] => INIMX_VBNKCAEcatca0720250812120517165291
    [P_MID] => CAEcatca07
    [P_AUTH_DT] => 20250812120608
    [P_STATUS] => 02
    [P_TYPE] => VBANK
    [P_OID] => 250812-015
    [P_FN_CD1] => 11
    [P_FN_CD2] => 
    [P_FN_NM] => NH농협은행
    [P_AMT] => 3000
    [P_UNAME] => 이종민
    [P_RMESG1] => P_VACCT_NO=79014290679231|P_EXP_DT=20250822
    [P_RMESG2] => 
    [P_NOTI] => 
    [P_AUTH_NO] => 
)

 Array
(
    [PageCall time] => 12:42:43
    [P_TID] => INIMX_VBNKCAEcatca0720250812124135795156
    [P_MID] => CAEcatca07
    [P_AUTH_DT] => 20250812124243
    [P_STATUS] => 02
    [P_TYPE] => VBANK
    [P_OID] => 250812-016
    [P_FN_CD1] => 11
    [P_FN_CD2] => 
    [P_FN_NM] => NH농협은행
    [P_AMT] => 3000
    [P_UNAME] => 이두원
    [P_RMESG1] => P_VACCT_NO=79014290683622|P_EXP_DT=20250822
    [P_RMESG2] => 
    [P_NOTI] => 
    [P_AUTH_NO] => 
)

 Array
(
    [PageCall time] => 13:48:57
    [P_TID] => INIMX_VBNKCAEcatca0720250812134747325555
    [P_MID] => CAEcatca07
    [P_AUTH_DT] => 20250812134857
    [P_STATUS] => 02
    [P_TYPE] => VBANK
    [P_OID] => 250812-018
    [P_FN_CD1] => 11
    [P_FN_CD2] => 
    [P_FN_NM] => NH농협은행
    [P_AMT] => 3000
    [P_UNAME] => 차순철
    [P_RMESG1] => P_VACCT_NO=79014290692600|P_EXP_DT=20250822
    [P_RMESG2] => 
    [P_NOTI] => 
    [P_AUTH_NO] => 
)

 Array
(
    [PageCall time] => 14:42:33
    [P_TID] => INIMX_VBNKCAEcatca0720250812144100415712
    [P_MID] => CAEcatca07
    [P_AUTH_DT] => 20250812144233
    [P_STATUS] => 02
    [P_TYPE] => VBANK
    [P_OID] => 250812-019
    [P_FN_CD1] => 11
    [P_FN_CD2] => 
    [P_FN_NM] => NH농협은행
    [P_AMT] => 3000
    [P_UNAME] => 이정철
    [P_RMESG1] => P_VACCT_NO=79014290701820|P_EXP_DT=20250822
    [P_RMESG2] => 
    [P_NOTI] => 
    [P_AUTH_NO] => 
)

 Array
(
    [PageCall time] => 15:18:10
    [P_TID] => INIMX_VBNKCAEcatca0720250812151516695324
    [P_MID] => CAEcatca07
    [P_AUTH_DT] => 20250812151810
    [P_STATUS] => 02
    [P_TYPE] => VBANK
    [P_OID] => 250812-022
    [P_FN_CD1] => 88
    [P_FN_CD2] => 
    [P_FN_NM] => 신한은행
    [P_AMT] => 3000
    [P_UNAME] => 이세경
    [P_RMESG1] => P_VACCT_NO=56211991345207|P_EXP_DT=20250822
    [P_RMESG2] => 
    [P_NOTI] => 
    [P_AUTH_NO] => 
)

 Array
(
    [PageCall time] => 16:27:08
    [P_TID] => INIMX_VBNKCAEcatca0720250812162602825413
    [P_MID] => CAEcatca07
    [P_AUTH_DT] => 20250812162708
    [P_STATUS] => 02
    [P_TYPE] => VBANK
    [P_OID] => 250812-026
    [P_FN_CD1] => 71
    [P_FN_CD2] => 
    [P_FN_NM] => 우체국
    [P_AMT] => 3000
    [P_UNAME] => 전미현
    [P_RMESG1] => P_VACCT_NO=01397981405102|P_EXP_DT=20250822
    [P_RMESG2] => 
    [P_NOTI] => 
    [P_AUTH_NO] => 
)

 Array
(
    [PageCall time] => 17:09:01
    [P_TID] => INIMX_VBNKCAEcatca0720250812155735835051
    [P_MID] => CAEcatca07
    [P_AUTH_DT] => 20250812170901
    [P_STATUS] => 02
    [P_TYPE] => VBANK
    [P_OID] => 250812-024
    [P_FN_CD1] => 04
    [P_FN_CD2] => 
    [P_FN_NM] => KB국민은행
    [P_AMT] => 3000
    [P_UNAME] => 최미화
    [P_RMESG1] => P_VACCT_NO=26119078171105|P_EXP_DT=20250822
    [P_RMESG2] => 
    [P_NOTI] => 
    [P_AUTH_NO] => 
)

 Array
(
    [PageCall time] => 19:48:58
    [P_TID] => INIMX_VBNKCAEcatca0720250812144512295865
    [P_MID] => CAEcatca07
    [P_AUTH_DT] => 20250812194858
    [P_STATUS] => 02
    [P_TYPE] => VBANK
    [P_OID] => 250812-020
    [P_FN_CD1] => 20
    [P_FN_CD2] => 
    [P_FN_NM] => 우리은행
    [P_AMT] => 3000
    [P_UNAME] => 화이트짐영천점
    [P_RMESG1] => P_VACCT_NO=27389090118630|P_EXP_DT=20250822
    [P_RMESG2] => 
    [P_NOTI] => 
    [P_AUTH_NO] => 
)

 Array
(
    [PageCall time] => 21:01:19
    [P_TID] => INIMX_VBNKCAEcatca0720250812205850905002
    [P_MID] => CAEcatca07
    [P_AUTH_DT] => 20250812210119
    [P_STATUS] => 02
    [P_TYPE] => VBANK
    [P_OID] => 250812-033
    [P_FN_CD1] => 11
    [P_FN_CD2] => 
    [P_FN_NM] => NH농협은행
    [P_AMT] => 3000
    [P_UNAME] => 김훈
    [P_RMESG1] => P_VACCT_NO=79014290746931|P_EXP_DT=20250822
    [P_RMESG2] => 
    [P_NOTI] => 
    [P_AUTH_NO] => 
)

