 Array
(
    [PageCall time] => 08:09:22
    [P_TID] => INIMX_VBNKCAEcatca0720250307080708395738
    [P_MID] => CAEcatca07
    [P_AUTH_DT] => 20250307080922
    [P_STATUS] => 02
    [P_TYPE] => VBANK
    [P_OID] => 250307-001
    [P_FN_CD1] => 11
    [P_FN_CD2] => 
    [P_FN_NM] => NH농협은행
    [P_AMT] => 3000
    [P_UNAME] => 안정애
    [P_RMESG1] => P_VACCT_NO=79014506914075|P_EXP_DT=20250317
    [P_RMESG2] => 
    [P_NOTI] => 
    [P_AUTH_NO] => 
)

 Array
(
    [PageCall time] => 08:20:00
    [P_TID] => INIMX_VBNKCAEcatca0720250307080708395738
    [P_MID] => CAEcatca07
    [P_AUTH_DT] => 20250307080922
    [P_STATUS] => 02
    [P_TYPE] => VBANK
    [P_OID] => 250307-001
    [P_FN_CD1] => 11
    [P_FN_CD2] => 
    [P_FN_NM] => NH농협은행
    [P_AMT] => 3000
    [P_UNAME] => 안정애
    [P_RMESG1] => P_VACCT_NO=79014506914075|P_EXP_DT=20250317
    [P_RMESG2] => 
    [P_NOTI] => 
    [P_AUTH_NO] => 
)

 Array
(
    [PageCall time] => 10:10:12
    [P_TID] => INIMX_VBNKCAEcatca0720250307100818895448
    [P_MID] => CAEcatca07
    [P_AUTH_DT] => 20250307101012
    [P_STATUS] => 02
    [P_TYPE] => VBANK
    [P_OID] => 250307-003
    [P_FN_CD1] => 04
    [P_FN_CD2] => 
    [P_FN_NM] => KB국민은행
    [P_AMT] => 3000
    [P_UNAME] => 민주연
    [P_RMESG1] => P_VACCT_NO=51139079425319|P_EXP_DT=20250317
    [P_RMESG2] => 
    [P_NOTI] => 
    [P_AUTH_NO] => 
)

 Array
(
    [PageCall time] => 10:13:15
    [P_TID] => INIMX_VBNKCAEcatca0720250307101236815373
    [P_MID] => CAEcatca07
    [P_AUTH_DT] => 20250307101315
    [P_STATUS] => 02
    [P_TYPE] => VBANK
    [P_OID] => 250307-004
    [P_FN_CD1] => 11
    [P_FN_CD2] => 
    [P_FN_NM] => NH농협은행
    [P_AMT] => 3000
    [P_UNAME] => 조안나
    [P_RMESG1] => P_VACCT_NO=79014506922655|P_EXP_DT=20250317
    [P_RMESG2] => 
    [P_NOTI] => 
    [P_AUTH_NO] => 
)

 Array
(
    [PageCall time] => 10:29:57
    [P_TID] => INIMX_VBNKCAEcatca0720250307102627235188
    [P_MID] => CAEcatca07
    [P_AUTH_DT] => 20250307102957
    [P_STATUS] => 02
    [P_TYPE] => VBANK
    [P_OID] => 250307-006
    [P_FN_CD1] => 03
    [P_FN_CD2] => 
    [P_FN_NM] => 기업은행
    [P_AMT] => 3000
    [P_UNAME] => 강에리나
    [P_RMESG1] => P_VACCT_NO=07502346597790|P_EXP_DT=20250317
    [P_RMESG2] => 
    [P_NOTI] => 
    [P_AUTH_NO] => 
)

 Array
(
    [PageCall time] => 10:35:30
    [P_TID] => INIMX_VBNKCAEcatca0720250307103303265693
    [P_MID] => CAEcatca07
    [P_AUTH_DT] => 20250307103530
    [P_STATUS] => 02
    [P_TYPE] => VBANK
    [P_OID] => 250307-007
    [P_FN_CD1] => 89
    [P_FN_CD2] => 
    [P_FN_NM] => 케이뱅크
    [P_AMT] => 3000
    [P_UNAME] => 최윤희
    [P_RMESG1] => P_VACCT_NO=70112004089192|P_EXP_DT=20250317
    [P_RMESG2] => 
    [P_NOTI] => 
    [P_AUTH_NO] => 
)

 Array
(
    [PageCall time] => 10:54:22
    [P_TID] => INIMX_VBNKCAEcatca0720250307104925585875
    [P_MID] => CAEcatca07
    [P_AUTH_DT] => 20250307105422
    [P_STATUS] => 02
    [P_TYPE] => VBANK
    [P_OID] => 250307-008
    [P_FN_CD1] => 88
    [P_FN_CD2] => 
    [P_FN_NM] => 신한은행
    [P_AMT] => 3000
    [P_UNAME] => 이윤희
    [P_RMESG1] => P_VACCT_NO=56211106928438|P_EXP_DT=20250317
    [P_RMESG2] => 
    [P_NOTI] => 
    [P_AUTH_NO] => 
)

 Array
(
    [PageCall time] => 11:01:21
    [P_TID] => INIMX_VBNKCAEcatca0720250307105825125100
    [P_MID] => CAEcatca07
    [P_AUTH_DT] => 20250307110121
    [P_STATUS] => 02
    [P_TYPE] => VBANK
    [P_OID] => 250307-009
    [P_FN_CD1] => 11
    [P_FN_CD2] => 
    [P_FN_NM] => NH농협은행
    [P_AMT] => 3000
    [P_UNAME] => 손명심
    [P_RMESG1] => P_VACCT_NO=79014506927604|P_EXP_DT=20250317
    [P_RMESG2] => 
    [P_NOTI] => 
    [P_AUTH_NO] => 
)

 Array
(
    [PageCall time] => 12:35:09
    [P_TID] => INIMX_VBNKCAEcatca0720250307122507845730
    [P_MID] => CAEcatca07
    [P_AUTH_DT] => 20250307123509
    [P_STATUS] => 02
    [P_TYPE] => VBANK
    [P_OID] => 250307-010
    [P_FN_CD1] => 32
    [P_FN_CD2] => 
    [P_FN_NM] => 부산은행
    [P_AMT] => 3000
    [P_UNAME] => 황국자
    [P_RMESG1] => P_VACCT_NO=109924346267|P_EXP_DT=20250317
    [P_RMESG2] => 
    [P_NOTI] => 
    [P_AUTH_NO] => 
)

 Array
(
    [PageCall time] => 12:37:21
    [P_TID] => INIMX_VBNKCAEcatca0720250307123455095846
    [P_MID] => CAEcatca07
    [P_AUTH_DT] => 20250307123721
    [P_STATUS] => 02
    [P_TYPE] => VBANK
    [P_OID] => 250307-011
    [P_FN_CD1] => 03
    [P_FN_CD2] => 
    [P_FN_NM] => 기업은행
    [P_AMT] => 3000
    [P_UNAME] => 오채림
    [P_RMESG1] => P_VACCT_NO=07502347697701|P_EXP_DT=20250317
    [P_RMESG2] => 
    [P_NOTI] => 
    [P_AUTH_NO] => 
)

 Array
(
    [PageCall time] => 14:59:00
    [P_TID] => INIMX_VBNKCAEcatca0720250307145554535533
    [P_MID] => CAEcatca07
    [P_AUTH_DT] => 20250307145900
    [P_STATUS] => 02
    [P_TYPE] => VBANK
    [P_OID] => 250307-014
    [P_FN_CD1] => 88
    [P_FN_CD2] => 
    [P_FN_NM] => 신한은행
    [P_AMT] => 3000
    [P_UNAME] => 임동혁
    [P_RMESG1] => P_VACCT_NO=56211106955597|P_EXP_DT=20250317
    [P_RMESG2] => 
    [P_NOTI] => 
    [P_AUTH_NO] => 
)

 Array
(
    [PageCall time] => 15:14:40
    [P_TID] => INIMX_VBNKCAEcatca0720250307150920755770
    [P_MID] => CAEcatca07
    [P_AUTH_DT] => 20250307151440
    [P_STATUS] => 02
    [P_TYPE] => VBANK
    [P_OID] => 250306-023
    [P_FN_CD1] => 11
    [P_FN_CD2] => 
    [P_FN_NM] => NH농협은행
    [P_AMT] => 3000
    [P_UNAME] => 심갑택
    [P_RMESG1] => P_VACCT_NO=79014506960486|P_EXP_DT=20250317
    [P_RMESG2] => 
    [P_NOTI] => 
    [P_AUTH_NO] => 
)

 Array
(
    [PageCall time] => 15:16:01
    [P_TID] => INIMX_VBNKCAEcatca0720250307151321695667
    [P_MID] => CAEcatca07
    [P_AUTH_DT] => 20250307151601
    [P_STATUS] => 02
    [P_TYPE] => VBANK
    [P_OID] => 250307-013
    [P_FN_CD1] => 04
    [P_FN_CD2] => 
    [P_FN_NM] => KB국민은행
    [P_AMT] => 3000
    [P_UNAME] => 장정화
    [P_RMESG1] => P_VACCT_NO=26119078223161|P_EXP_DT=20250317
    [P_RMESG2] => 
    [P_NOTI] => 
    [P_AUTH_NO] => 
)

 Array
(
    [PageCall time] => 15:55:12
    [P_TID] => INIMX_VBNKCAEcatca0720250307155336205857
    [P_MID] => CAEcatca07
    [P_AUTH_DT] => 20250307155512
    [P_STATUS] => 02
    [P_TYPE] => VBANK
    [P_OID] => 250307-017
    [P_FN_CD1] => 04
    [P_FN_CD2] => 
    [P_FN_NM] => KB국민은행
    [P_AMT] => 3000
    [P_UNAME] => 유진환
    [P_RMESG1] => P_VACCT_NO=02799071672937|P_EXP_DT=20250317
    [P_RMESG2] => 
    [P_NOTI] => 
    [P_AUTH_NO] => 
)

 Array
(
    [PageCall time] => 15:59:00
    [P_TID] => INIMX_VBNKCAEcatca0720250307155600645907
    [P_MID] => CAEcatca07
    [P_AUTH_DT] => 20250307155900
    [P_STATUS] => 02
    [P_TYPE] => VBANK
    [P_OID] => 250307-016
    [P_FN_CD1] => 89
    [P_FN_CD2] => 
    [P_FN_NM] => 케이뱅크
    [P_AMT] => 3000
    [P_UNAME] => 유성무
    [P_RMESG1] => P_VACCT_NO=70112004091095|P_EXP_DT=20250317
    [P_RMESG2] => 
    [P_NOTI] => 
    [P_AUTH_NO] => 
)

 Array
(
    [PageCall time] => 16:13:29
    [P_TID] => INIMX_VBNKCAEcatca0720250307161022545796
    [P_MID] => CAEcatca07
    [P_AUTH_DT] => 20250307161329
    [P_STATUS] => 02
    [P_TYPE] => VBANK
    [P_OID] => 250307-018
    [P_FN_CD1] => 88
    [P_FN_CD2] => 
    [P_FN_NM] => 신한은행
    [P_AMT] => 3000
    [P_UNAME] => 송혜령
    [P_RMESG1] => P_VACCT_NO=56211106961619|P_EXP_DT=20250317
    [P_RMESG2] => 
    [P_NOTI] => 
    [P_AUTH_NO] => 
)

 Array
(
    [PageCall time] => 17:15:34
    [P_TID] => INIMX_VBNKCAEcatca0720250307171417214262
    [P_MID] => CAEcatca07
    [P_AUTH_DT] => 20250307171534
    [P_STATUS] => 02
    [P_TYPE] => VBANK
    [P_OID] => 250307-015
    [P_FN_CD1] => 04
    [P_FN_CD2] => 
    [P_FN_NM] => KB국민은행
    [P_AMT] => 3000
    [P_UNAME] => 배곤희
    [P_RMESG1] => P_VACCT_NO=80009078794693|P_EXP_DT=20250317
    [P_RMESG2] => 
    [P_NOTI] => 
    [P_AUTH_NO] => 
)

 Array
(
    [PageCall time] => 17:42:30
    [P_TID] => INIMX_VBNKCAEcatca0720250307174200374054
    [P_MID] => CAEcatca07
    [P_AUTH_DT] => 20250307174230
    [P_STATUS] => 02
    [P_TYPE] => VBANK
    [P_OID] => 250307-022
    [P_FN_CD1] => 04
    [P_FN_CD2] => 
    [P_FN_NM] => KB국민은행
    [P_AMT] => 3000
    [P_UNAME] => 김은경
    [P_RMESG1] => P_VACCT_NO=80009078798505|P_EXP_DT=20250317
    [P_RMESG2] => 
    [P_NOTI] => 
    [P_AUTH_NO] => 
)

 Array
(
    [PageCall time] => 18:29:26
    [P_TID] => INIMX_VBNKCAEcatca0720250307182859205471
    [P_MID] => CAEcatca07
    [P_AUTH_DT] => 20250307182926
    [P_STATUS] => 02
    [P_TYPE] => VBANK
    [P_OID] => 250307-023
    [P_FN_CD1] => 04
    [P_FN_CD2] => 
    [P_FN_NM] => KB국민은행
    [P_AMT] => 3000
    [P_UNAME] => 백희경
    [P_RMESG1] => P_VACCT_NO=02799071702667|P_EXP_DT=20250317
    [P_RMESG2] => 
    [P_NOTI] => 
    [P_AUTH_NO] => 
)

