 Array
(
    [PageCall time] => 02:04:31
    [P_TID] => INIMX_VBNKCAEcatca0720251204015213915722
    [P_MID] => CAEcatca07
    [P_AUTH_DT] => 20251204020431
    [P_STATUS] => 02
    [P_TYPE] => VBANK
    [P_OID] => 251204-002
    [P_FN_CD1] => 04
    [P_FN_CD2] => 
    [P_FN_NM] => KB국민은행
    [P_AMT] => 3000
    [P_UNAME] => 조윤희
    [P_RMESG1] => P_VACCT_NO=45419012823169|P_EXP_DT=20251214
    [P_RMESG2] => 
    [P_NOTI] => 
    [P_AUTH_NO] => 
)

 Array
(
    [PageCall time] => 08:31:13
    [P_TID] => INIMX_VBNKCAEcatca0720251204082130575703
    [P_MID] => CAEcatca07
    [P_AUTH_DT] => 20251204083113
    [P_STATUS] => 02
    [P_TYPE] => VBANK
    [P_OID] => 251204-003
    [P_FN_CD1] => 04
    [P_FN_CD2] => 
    [P_FN_NM] => KB국민은행
    [P_AMT] => 3000
    [P_UNAME] => 박혜영
    [P_RMESG1] => P_VACCT_NO=26119078895665|P_EXP_DT=20251214
    [P_RMESG2] => 
    [P_NOTI] => 
    [P_AUTH_NO] => 
)

 Array
(
    [PageCall time] => 09:19:04
    [P_TID] => INIMX_VBNKCAEcatca0720251204091502445680
    [P_MID] => CAEcatca07
    [P_AUTH_DT] => 20251204091904
    [P_STATUS] => 02
    [P_TYPE] => VBANK
    [P_OID] => 251204-004
    [P_FN_CD1] => 88
    [P_FN_CD2] => 
    [P_FN_NM] => 신한은행
    [P_AMT] => 3000
    [P_UNAME] => 서정연
    [P_RMESG1] => P_VACCT_NO=56211106867983|P_EXP_DT=20251214
    [P_RMESG2] => 
    [P_NOTI] => 
    [P_AUTH_NO] => 
)

 Array
(
    [PageCall time] => 09:31:27
    [P_TID] => INIMX_VBNKCAEcatca0720251204092814535429
    [P_MID] => CAEcatca07
    [P_AUTH_DT] => 20251204093127
    [P_STATUS] => 02
    [P_TYPE] => VBANK
    [P_OID] => 251124-032
    [P_FN_CD1] => 11
    [P_FN_CD2] => 
    [P_FN_NM] => NH농협은행
    [P_AMT] => 3000
    [P_UNAME] => 안재은
    [P_RMESG1] => P_VACCT_NO=79015904918201|P_EXP_DT=20251214
    [P_RMESG2] => 
    [P_NOTI] => 
    [P_AUTH_NO] => 
)

 Array
(
    [PageCall time] => 10:24:20
    [P_TID] => INIMX_VBNKCAEcatca0720251204102123145350
    [P_MID] => CAEcatca07
    [P_AUTH_DT] => 20251204102420
    [P_STATUS] => 02
    [P_TYPE] => VBANK
    [P_OID] => 251204-009
    [P_FN_CD1] => 88
    [P_FN_CD2] => 
    [P_FN_NM] => 신한은행
    [P_AMT] => 3000
    [P_UNAME] => 김연희
    [P_RMESG1] => P_VACCT_NO=56211106875305|P_EXP_DT=20251214
    [P_RMESG2] => 
    [P_NOTI] => 
    [P_AUTH_NO] => 
)

 Array
(
    [PageCall time] => 10:40:56
    [P_TID] => INIMX_VBNKCAEcatca0720251204103803375664
    [P_MID] => CAEcatca07
    [P_AUTH_DT] => 20251204104056
    [P_STATUS] => 02
    [P_TYPE] => VBANK
    [P_OID] => 251204-011
    [P_FN_CD1] => 04
    [P_FN_CD2] => 
    [P_FN_NM] => KB국민은행
    [P_AMT] => 3000
    [P_UNAME] => 정아란
    [P_RMESG1] => P_VACCT_NO=26159078407244|P_EXP_DT=20251214
    [P_RMESG2] => 
    [P_NOTI] => 
    [P_AUTH_NO] => 
)

 Array
(
    [PageCall time] => 11:13:45
    [P_TID] => INIMX_VBNKCAEcatca0720251204111105525529
    [P_MID] => CAEcatca07
    [P_AUTH_DT] => 20251204111345
    [P_STATUS] => 02
    [P_TYPE] => VBANK
    [P_OID] => 251204-013
    [P_FN_CD1] => 88
    [P_FN_CD2] => 
    [P_FN_NM] => 신한은행
    [P_AMT] => 3000
    [P_UNAME] => 석종덕
    [P_RMESG1] => P_VACCT_NO=56211106880420|P_EXP_DT=20251214
    [P_RMESG2] => 
    [P_NOTI] => 
    [P_AUTH_NO] => 
)

 Array
(
    [PageCall time] => 11:55:49
    [P_TID] => INIMX_VBNKCAEcatca0720251204115459335423
    [P_MID] => CAEcatca07
    [P_AUTH_DT] => 20251204115549
    [P_STATUS] => 02
    [P_TYPE] => VBANK
    [P_OID] => 251204-015
    [P_FN_CD1] => 11
    [P_FN_CD2] => 
    [P_FN_NM] => NH농협은행
    [P_AMT] => 3000
    [P_UNAME] => 박경년
    [P_RMESG1] => P_VACCT_NO=79015904955301|P_EXP_DT=20251214
    [P_RMESG2] => 
    [P_NOTI] => 
    [P_AUTH_NO] => 
)

 Array
(
    [PageCall time] => 12:00:17
    [P_TID] => INIMX_VBNKCAEcatca0720251204115716195940
    [P_MID] => CAEcatca07
    [P_AUTH_DT] => 20251204120017
    [P_STATUS] => 02
    [P_TYPE] => VBANK
    [P_OID] => 251204-016
    [P_FN_CD1] => 04
    [P_FN_CD2] => 
    [P_FN_NM] => KB국민은행
    [P_AMT] => 3000
    [P_UNAME] => 이미성
    [P_RMESG1] => P_VACCT_NO=26119078255966|P_EXP_DT=20251214
    [P_RMESG2] => 
    [P_NOTI] => 
    [P_AUTH_NO] => 
)

 Array
(
    [PageCall time] => 12:19:34
    [P_TID] => INIMX_VBNKCAEcatca0720251204121626685238
    [P_MID] => CAEcatca07
    [P_AUTH_DT] => 20251204121934
    [P_STATUS] => 02
    [P_TYPE] => VBANK
    [P_OID] => 251204-017
    [P_FN_CD1] => 88
    [P_FN_CD2] => 
    [P_FN_NM] => 신한은행
    [P_AMT] => 3000
    [P_UNAME] => 조재희
    [P_RMESG1] => P_VACCT_NO=56211106886751|P_EXP_DT=20251214
    [P_RMESG2] => 
    [P_NOTI] => 
    [P_AUTH_NO] => 
)

 Array
(
    [PageCall time] => 13:20:24
    [P_TID] => INIMX_VBNKCAEcatca0720251204131741435128
    [P_MID] => CAEcatca07
    [P_AUTH_DT] => 20251204132024
    [P_STATUS] => 02
    [P_TYPE] => VBANK
    [P_OID] => 251204-019
    [P_FN_CD1] => 04
    [P_FN_CD2] => 
    [P_FN_NM] => KB국민은행
    [P_AMT] => 3000
    [P_UNAME] => 문혜영
    [P_RMESG1] => P_VACCT_NO=26119078328699|P_EXP_DT=20251214
    [P_RMESG2] => 
    [P_NOTI] => 
    [P_AUTH_NO] => 
)

 Array
(
    [PageCall time] => 13:24:55
    [P_TID] => INIMX_VBNKCAEcatca0720251204132203265285
    [P_MID] => CAEcatca07
    [P_AUTH_DT] => 20251204132455
    [P_STATUS] => 02
    [P_TYPE] => VBANK
    [P_OID] => 251204-020
    [P_FN_CD1] => 20
    [P_FN_CD2] => 
    [P_FN_NM] => 우리은행
    [P_AMT] => 3000
    [P_UNAME] => 김성희
    [P_RMESG1] => P_VACCT_NO=27388297318116|P_EXP_DT=20251214
    [P_RMESG2] => 
    [P_NOTI] => 
    [P_AUTH_NO] => 
)

 Array
(
    [PageCall time] => 13:48:31
    [P_TID] => INIMX_VBNKCAEcatca0720251204134523145040
    [P_MID] => CAEcatca07
    [P_AUTH_DT] => 20251204134831
    [P_STATUS] => 02
    [P_TYPE] => VBANK
    [P_OID] => 251202-007
    [P_FN_CD1] => 88
    [P_FN_CD2] => 
    [P_FN_NM] => 신한은행
    [P_AMT] => 3000
    [P_UNAME] => 이지혜
    [P_RMESG1] => P_VACCT_NO=56211106894318|P_EXP_DT=20251214
    [P_RMESG2] => 
    [P_NOTI] => 
    [P_AUTH_NO] => 
)

 Array
(
    [PageCall time] => 14:00:41
    [P_TID] => INIMX_VBNKCAEcatca0720251204140015855153
    [P_MID] => CAEcatca07
    [P_AUTH_DT] => 20251204140041
    [P_STATUS] => 02
    [P_TYPE] => VBANK
    [P_OID] => 251204-024
    [P_FN_CD1] => 11
    [P_FN_CD2] => 
    [P_FN_NM] => NH농협은행
    [P_AMT] => 3000
    [P_UNAME] => 박준우
    [P_RMESG1] => P_VACCT_NO=79015904981554|P_EXP_DT=20251214
    [P_RMESG2] => 
    [P_NOTI] => 
    [P_AUTH_NO] => 
)

 Array
(
    [PageCall time] => 14:04:35
    [P_TID] => INIMX_VBNKCAEcatca0720251204135319825633
    [P_MID] => CAEcatca07
    [P_AUTH_DT] => 20251204140435
    [P_STATUS] => 02
    [P_TYPE] => VBANK
    [P_OID] => 251204-022
    [P_FN_CD1] => 88
    [P_FN_CD2] => 
    [P_FN_NM] => 신한은행
    [P_AMT] => 3000
    [P_UNAME] => 김지연
    [P_RMESG1] => P_VACCT_NO=56211106895077|P_EXP_DT=20251214
    [P_RMESG2] => 
    [P_NOTI] => 
    [P_AUTH_NO] => 
)

 Array
(
    [PageCall time] => 15:35:30
    [P_TID] => INIMX_VBNKCAEcatca0720251204153250555719
    [P_MID] => CAEcatca07
    [P_AUTH_DT] => 20251204153530
    [P_STATUS] => 02
    [P_TYPE] => VBANK
    [P_OID] => 251204-026
    [P_FN_CD1] => 04
    [P_FN_CD2] => 
    [P_FN_NM] => KB국민은행
    [P_AMT] => 3000
    [P_UNAME] => 이한나
    [P_RMESG1] => P_VACCT_NO=45459012080263|P_EXP_DT=20251214
    [P_RMESG2] => 
    [P_NOTI] => 
    [P_AUTH_NO] => 
)

 Array
(
    [PageCall time] => 15:40:34
    [P_TID] => INIMX_VBNKCAEcatca0720251204153950195959
    [P_MID] => CAEcatca07
    [P_AUTH_DT] => 20251204154034
    [P_STATUS] => 02
    [P_TYPE] => VBANK
    [P_OID] => 251204-027
    [P_FN_CD1] => 11
    [P_FN_CD2] => 
    [P_FN_NM] => NH농협은행
    [P_AMT] => 3000
    [P_UNAME] => 임희진
    [P_RMESG1] => P_VACCT_NO=79015905003783|P_EXP_DT=20251214
    [P_RMESG2] => 
    [P_NOTI] => 
    [P_AUTH_NO] => 
)

 Array
(
    [PageCall time] => 16:03:06
    [P_TID] => INIMX_VBNKCAEcatca0720251204153840395900
    [P_MID] => CAEcatca07
    [P_AUTH_DT] => 20251204160306
    [P_STATUS] => 02
    [P_TYPE] => VBANK
    [P_OID] => 251203-019
    [P_FN_CD1] => 04
    [P_FN_CD2] => 
    [P_FN_NM] => KB국민은행
    [P_AMT] => 3000
    [P_UNAME] => 김영란
    [P_RMESG1] => P_VACCT_NO=45459012089857|P_EXP_DT=20251214
    [P_RMESG2] => 
    [P_NOTI] => 
    [P_AUTH_NO] => 
)

 Array
(
    [PageCall time] => 16:32:07
    [P_TID] => INIMX_VBNKCAEcatca0720251204162859425347
    [P_MID] => CAEcatca07
    [P_AUTH_DT] => 20251204163207
    [P_STATUS] => 02
    [P_TYPE] => VBANK
    [P_OID] => 251204-028
    [P_FN_CD1] => 04
    [P_FN_CD2] => 
    [P_FN_NM] => KB국민은행
    [P_AMT] => 3000
    [P_UNAME] => 최규호
    [P_RMESG1] => P_VACCT_NO=45749014009827|P_EXP_DT=20251214
    [P_RMESG2] => 
    [P_NOTI] => 
    [P_AUTH_NO] => 
)

 Array
(
    [PageCall time] => 16:42:11
    [P_TID] => INIMX_VBNKCAEcatca0720251204163915755222
    [P_MID] => CAEcatca07
    [P_AUTH_DT] => 20251204164211
    [P_STATUS] => 02
    [P_TYPE] => VBANK
    [P_OID] => 251204-029
    [P_FN_CD1] => 88
    [P_FN_CD2] => 
    [P_FN_NM] => 신한은행
    [P_AMT] => 3000
    [P_UNAME] => 김준범
    [P_RMESG1] => P_VACCT_NO=56211106914451|P_EXP_DT=20251214
    [P_RMESG2] => 
    [P_NOTI] => 
    [P_AUTH_NO] => 
)

 Array
(
    [PageCall time] => 17:09:46
    [P_TID] => INIMX_VBNKCAEcatca0720251204170659215753
    [P_MID] => CAEcatca07
    [P_AUTH_DT] => 20251204170946
    [P_STATUS] => 02
    [P_TYPE] => VBANK
    [P_OID] => 251204-030
    [P_FN_CD1] => 04
    [P_FN_CD2] => 
    [P_FN_NM] => KB국민은행
    [P_AMT] => 3000
    [P_UNAME] => 노하진
    [P_RMESG1] => P_VACCT_NO=45749014019060|P_EXP_DT=20251214
    [P_RMESG2] => 
    [P_NOTI] => 
    [P_AUTH_NO] => 
)

 Array
(
    [PageCall time] => 17:28:23
    [P_TID] => INIMX_VBNKCAEcatca0720251204172650935252
    [P_MID] => CAEcatca07
    [P_AUTH_DT] => 20251204172823
    [P_STATUS] => 02
    [P_TYPE] => VBANK
    [P_OID] => 251201-020
    [P_FN_CD1] => 11
    [P_FN_CD2] => 
    [P_FN_NM] => NH농협은행
    [P_AMT] => 3000
    [P_UNAME] => 임영애
    [P_RMESG1] => P_VACCT_NO=79015905032140|P_EXP_DT=20251214
    [P_RMESG2] => 
    [P_NOTI] => 
    [P_AUTH_NO] => 
)

 Array
(
    [PageCall time] => 18:33:47
    [P_TID] => INIMX_VBNKCAEcatca0720251204183050695697
    [P_MID] => CAEcatca07
    [P_AUTH_DT] => 20251204183347
    [P_STATUS] => 02
    [P_TYPE] => VBANK
    [P_OID] => 251204-034
    [P_FN_CD1] => 04
    [P_FN_CD2] => 
    [P_FN_NM] => KB국민은행
    [P_AMT] => 3000
    [P_UNAME] => 윤남식
    [P_RMESG1] => P_VACCT_NO=45749014047784|P_EXP_DT=20251214
    [P_RMESG2] => 
    [P_NOTI] => 
    [P_AUTH_NO] => 
)

 Array
(
    [PageCall time] => 20:09:38
    [P_TID] => INIMX_VBNKCAEcatca0720251204200623415220
    [P_MID] => CAEcatca07
    [P_AUTH_DT] => 20251204200938
    [P_STATUS] => 02
    [P_TYPE] => VBANK
    [P_OID] => 251204-037
    [P_FN_CD1] => 88
    [P_FN_CD2] => 
    [P_FN_NM] => 신한은행
    [P_AMT] => 3000
    [P_UNAME] => 김대훈
    [P_RMESG1] => P_VACCT_NO=56211106929604|P_EXP_DT=20251214
    [P_RMESG2] => 
    [P_NOTI] => 
    [P_AUTH_NO] => 
)

 Array
(
    [PageCall time] => 23:16:12
    [P_TID] => INIMX_VBNKCAEcatca0720251204231240295677
    [P_MID] => CAEcatca07
    [P_AUTH_DT] => 20251204231612
    [P_STATUS] => 02
    [P_TYPE] => VBANK
    [P_OID] => 251204-039
    [P_FN_CD1] => 07
    [P_FN_CD2] => 
    [P_FN_NM] => 수협은행
    [P_AMT] => 3000
    [P_UNAME] => 김태은
    [P_RMESG1] => P_VACCT_NO=06640082611549|P_EXP_DT=20251214
    [P_RMESG2] => 
    [P_NOTI] => 
    [P_AUTH_NO] => 
)

 Array
(
    [PageCall time] => 23:38:04
    [P_TID] => INIMX_VBNKCAEcatca0720251204233448405525
    [P_MID] => CAEcatca07
    [P_AUTH_DT] => 20251204233804
    [P_STATUS] => 02
    [P_TYPE] => VBANK
    [P_OID] => 251204-040
    [P_FN_CD1] => 81
    [P_FN_CD2] => 
    [P_FN_NM] => 하나은행
    [P_AMT] => 3000
    [P_UNAME] => 최현기
    [P_RMESG1] => P_VACCT_NO=20894112709637|P_EXP_DT=20251214
    [P_RMESG2] => 
    [P_NOTI] => 
    [P_AUTH_NO] => 
)

