 Array
(
    [PageCall time] => 00:56:31
    [P_TID] => INIMX_VBNKCAEcatca0720250708005306625163
    [P_MID] => CAEcatca07
    [P_AUTH_DT] => 20250708005631
    [P_STATUS] => 02
    [P_TYPE] => VBANK
    [P_OID] => 250708-001
    [P_FN_CD1] => 81
    [P_FN_CD2] => 
    [P_FN_NM] => 하나은행
    [P_AMT] => 3000
    [P_UNAME] => 이주혜
    [P_RMESG1] => P_VACCT_NO=20893797392537|P_EXP_DT=20250718
    [P_RMESG2] => 
    [P_NOTI] => 
    [P_AUTH_NO] => 
)

 Array
(
    [PageCall time] => 05:20:23
    [P_TID] => INIMX_VBNKCAEcatca0720250707201834335714
    [P_MID] => CAEcatca07
    [P_AUTH_DT] => 20250708052023
    [P_STATUS] => 02
    [P_TYPE] => VBANK
    [P_OID] => 250707-065
    [P_FN_CD1] => 04
    [P_FN_CD2] => 
    [P_FN_NM] => KB국민은행
    [P_AMT] => 3000
    [P_UNAME] => 황영신
    [P_RMESG1] => P_VACCT_NO=70189014655136|P_EXP_DT=20250717
    [P_RMESG2] => 
    [P_NOTI] => 
    [P_AUTH_NO] => 
)

 Array
(
    [PageCall time] => 09:42:47
    [P_TID] => INIMX_VBNKCAEcatca0720250708093928355827
    [P_MID] => CAEcatca07
    [P_AUTH_DT] => 20250708094247
    [P_STATUS] => 02
    [P_TYPE] => VBANK
    [P_OID] => 250708-003
    [P_FN_CD1] => 88
    [P_FN_CD2] => 
    [P_FN_NM] => 신한은행
    [P_AMT] => 3000
    [P_UNAME] => 송용호
    [P_RMESG1] => P_VACCT_NO=56211106276070|P_EXP_DT=20250718
    [P_RMESG2] => 
    [P_NOTI] => 
    [P_AUTH_NO] => 
)

 Array
(
    [PageCall time] => 10:17:52
    [P_TID] => INIMX_VBNKCAEcatca0720250708101714654825
    [P_MID] => CAEcatca07
    [P_AUTH_DT] => 20250708101752
    [P_STATUS] => 02
    [P_TYPE] => VBANK
    [P_OID] => 250708-005
    [P_FN_CD1] => 04
    [P_FN_CD2] => 
    [P_FN_NM] => KB국민은행
    [P_AMT] => 3000
    [P_UNAME] => 이희섭
    [P_RMESG1] => P_VACCT_NO=88429011126008|P_EXP_DT=20250718
    [P_RMESG2] => 
    [P_NOTI] => 
    [P_AUTH_NO] => 
)

 Array
(
    [PageCall time] => 10:18:52
    [P_TID] => INIMX_VBNKCAEcatca0720250708101535694106
    [P_MID] => CAEcatca07
    [P_AUTH_DT] => 20250708101852
    [P_STATUS] => 02
    [P_TYPE] => VBANK
    [P_OID] => 250708-004
    [P_FN_CD1] => 88
    [P_FN_CD2] => 
    [P_FN_NM] => 신한은행
    [P_AMT] => 3000
    [P_UNAME] => 기삼도
    [P_RMESG1] => P_VACCT_NO=56211121885806|P_EXP_DT=20250718
    [P_RMESG2] => 
    [P_NOTI] => 
    [P_AUTH_NO] => 
)

 Array
(
    [PageCall time] => 10:38:28
    [P_TID] => INIMX_VBNKCAEcatca0720250708103801454121
    [P_MID] => CAEcatca07
    [P_AUTH_DT] => 20250708103828
    [P_STATUS] => 02
    [P_TYPE] => VBANK
    [P_OID] => 250708-006
    [P_FN_CD1] => 04
    [P_FN_CD2] => 
    [P_FN_NM] => KB국민은행
    [P_AMT] => 3000
    [P_UNAME] => 김혜진
    [P_RMESG1] => P_VACCT_NO=88429011131022|P_EXP_DT=20250718
    [P_RMESG2] => 
    [P_NOTI] => 
    [P_AUTH_NO] => 
)

 Array
(
    [PageCall time] => 11:13:55
    [P_TID] => INIMX_VBNKCAEcatca0720250708111312154573
    [P_MID] => CAEcatca07
    [P_AUTH_DT] => 20250708111355
    [P_STATUS] => 02
    [P_TYPE] => VBANK
    [P_OID] => 250708-008
    [P_FN_CD1] => 11
    [P_FN_CD2] => 
    [P_FN_NM] => NH농협은행
    [P_AMT] => 3000
    [P_UNAME] => 김성주
    [P_RMESG1] => P_VACCT_NO=79003194640683|P_EXP_DT=20250718
    [P_RMESG2] => 
    [P_NOTI] => 
    [P_AUTH_NO] => 
)

 Array
(
    [PageCall time] => 11:53:48
    [P_TID] => INIMX_VBNKCAEcatca0720250708114946564791
    [P_MID] => CAEcatca07
    [P_AUTH_DT] => 20250708115348
    [P_STATUS] => 02
    [P_TYPE] => VBANK
    [P_OID] => 250708-011
    [P_FN_CD1] => 03
    [P_FN_CD2] => 
    [P_FN_NM] => 기업은행
    [P_AMT] => 3000
    [P_UNAME] => 김문경
    [P_RMESG1] => P_VACCT_NO=07500106797111|P_EXP_DT=20250718
    [P_RMESG2] => 
    [P_NOTI] => 
    [P_AUTH_NO] => 
)

 Array
(
    [PageCall time] => 12:18:30
    [P_TID] => INIMX_VBNKCAEcatca0720250708121535464555
    [P_MID] => CAEcatca07
    [P_AUTH_DT] => 20250708121830
    [P_STATUS] => 02
    [P_TYPE] => VBANK
    [P_OID] => 250707-040
    [P_FN_CD1] => 81
    [P_FN_CD2] => 
    [P_FN_NM] => 하나은행
    [P_AMT] => 3000
    [P_UNAME] => 한지수
    [P_RMESG1] => P_VACCT_NO=20893756905637|P_EXP_DT=20250718
    [P_RMESG2] => 
    [P_NOTI] => 
    [P_AUTH_NO] => 
)

 Array
(
    [PageCall time] => 12:33:13
    [P_TID] => INIMX_VBNKCAEcatca0720250708123047544519
    [P_MID] => CAEcatca07
    [P_AUTH_DT] => 20250708123313
    [P_STATUS] => 02
    [P_TYPE] => VBANK
    [P_OID] => 250708-012
    [P_FN_CD1] => 89
    [P_FN_CD2] => 
    [P_FN_NM] => 케이뱅크
    [P_AMT] => 3000
    [P_UNAME] => 김성은
    [P_RMESG1] => P_VACCT_NO=70112000189544|P_EXP_DT=20250718
    [P_RMESG2] => 
    [P_NOTI] => 
    [P_AUTH_NO] => 
)

 Array
(
    [PageCall time] => 12:43:41
    [P_TID] => INIMX_VBNKCAEcatca0720250708123954704166
    [P_MID] => CAEcatca07
    [P_AUTH_DT] => 20250708124341
    [P_STATUS] => 02
    [P_TYPE] => VBANK
    [P_OID] => 250708-013
    [P_FN_CD1] => 31
    [P_FN_CD2] => 
    [P_FN_NM] => 아이엠뱅크(대구은행)
    [P_AMT] => 3000
    [P_UNAME] => 김화영
    [P_RMESG1] => P_VACCT_NO=9600347773709|P_EXP_DT=20250718
    [P_RMESG2] => 
    [P_NOTI] => 
    [P_AUTH_NO] => 
)

 Array
(
    [PageCall time] => 12:47:09
    [P_TID] => INIMX_VBNKCAEcatca0720250708124416124436
    [P_MID] => CAEcatca07
    [P_AUTH_DT] => 20250708124709
    [P_STATUS] => 02
    [P_TYPE] => VBANK
    [P_OID] => 250708-014
    [P_FN_CD1] => 88
    [P_FN_CD2] => 
    [P_FN_NM] => 신한은행
    [P_AMT] => 3000
    [P_UNAME] => 이단비
    [P_RMESG1] => P_VACCT_NO=56211121894546|P_EXP_DT=20250718
    [P_RMESG2] => 
    [P_NOTI] => 
    [P_AUTH_NO] => 
)

 Array
(
    [PageCall time] => 13:00:07
    [P_TID] => INIMX_VBNKCAEcatca0720250708125710834851
    [P_MID] => CAEcatca07
    [P_AUTH_DT] => 20250708130007
    [P_STATUS] => 02
    [P_TYPE] => VBANK
    [P_OID] => 250708-015
    [P_FN_CD1] => 81
    [P_FN_CD2] => 
    [P_FN_NM] => 하나은행
    [P_AMT] => 3000
    [P_UNAME] => 어윤종
    [P_RMESG1] => P_VACCT_NO=20893757348937|P_EXP_DT=20250718
    [P_RMESG2] => 
    [P_NOTI] => 
    [P_AUTH_NO] => 
)

 Array
(
    [PageCall time] => 13:23:18
    [P_TID] => INIMX_VBNKCAEcatca0720250708131843514892
    [P_MID] => CAEcatca07
    [P_AUTH_DT] => 20250708132318
    [P_STATUS] => 02
    [P_TYPE] => VBANK
    [P_OID] => 250708-018
    [P_FN_CD1] => 04
    [P_FN_CD2] => 
    [P_FN_NM] => KB국민은행
    [P_AMT] => 3000
    [P_UNAME] => 이상섭
    [P_RMESG1] => P_VACCT_NO=88429011180059|P_EXP_DT=20250718
    [P_RMESG2] => 
    [P_NOTI] => 
    [P_AUTH_NO] => 
)

 Array
(
    [PageCall time] => 13:31:46
    [P_TID] => INIMX_VBNKCAEcatca0720250708105042104819
    [P_MID] => CAEcatca07
    [P_AUTH_DT] => 20250708133146
    [P_STATUS] => 02
    [P_TYPE] => VBANK
    [P_OID] => 250708-007
    [P_FN_CD1] => 11
    [P_FN_CD2] => 
    [P_FN_NM] => NH농협은행
    [P_AMT] => 3000
    [P_UNAME] => 최명석
    [P_RMESG1] => P_VACCT_NO=79003194632698|P_EXP_DT=20250718
    [P_RMESG2] => 
    [P_NOTI] => 
    [P_AUTH_NO] => 
)

 Array
(
    [PageCall time] => 13:56:55
    [P_TID] => INIMX_VBNKCAEcatca0720250708135605395844
    [P_MID] => CAEcatca07
    [P_AUTH_DT] => 20250708135655
    [P_STATUS] => 02
    [P_TYPE] => VBANK
    [P_OID] => 250708-023
    [P_FN_CD1] => 11
    [P_FN_CD2] => 
    [P_FN_NM] => NH농협은행
    [P_AMT] => 3000
    [P_UNAME] => 배영화
    [P_RMESG1] => P_VACCT_NO=79013683632940|P_EXP_DT=20250718
    [P_RMESG2] => 
    [P_NOTI] => 
    [P_AUTH_NO] => 
)

 Array
(
    [PageCall time] => 14:14:52
    [P_TID] => INIMX_VBNKCAEcatca0720250708141159304008
    [P_MID] => CAEcatca07
    [P_AUTH_DT] => 20250708141452
    [P_STATUS] => 02
    [P_TYPE] => VBANK
    [P_OID] => 250708-024
    [P_FN_CD1] => 20
    [P_FN_CD2] => 
    [P_FN_NM] => 우리은행
    [P_AMT] => 3000
    [P_UNAME] => 공다빈
    [P_RMESG1] => P_VACCT_NO=09102933318106|P_EXP_DT=20250718
    [P_RMESG2] => 
    [P_NOTI] => 
    [P_AUTH_NO] => 
)

 Array
(
    [PageCall time] => 15:38:34
    [P_TID] => INIMX_VBNKCAEcatca0720250708153527205098
    [P_MID] => CAEcatca07
    [P_AUTH_DT] => 20250708153834
    [P_STATUS] => 02
    [P_TYPE] => VBANK
    [P_OID] => 250708-026
    [P_FN_CD1] => 20
    [P_FN_CD2] => 
    [P_FN_NM] => 우리은행
    [P_AMT] => 3000
    [P_UNAME] => 박은전
    [P_RMESG1] => P_VACCT_NO=61841841118341|P_EXP_DT=20250718
    [P_RMESG2] => 
    [P_NOTI] => 
    [P_AUTH_NO] => 
)

 Array
(
    [PageCall time] => 15:55:02
    [P_TID] => INIMX_VBNKCAEcatca0720250708132627934764
    [P_MID] => CAEcatca07
    [P_AUTH_DT] => 20250708155502
    [P_STATUS] => 02
    [P_TYPE] => VBANK
    [P_OID] => 250708-020
    [P_FN_CD1] => 04
    [P_FN_CD2] => 
    [P_FN_NM] => KB국민은행
    [P_AMT] => 3000
    [P_UNAME] => 이기성
    [P_RMESG1] => P_VACCT_NO=88429011181168|P_EXP_DT=20250718
    [P_RMESG2] => 
    [P_NOTI] => 
    [P_AUTH_NO] => 
)

 Array
(
    [PageCall time] => 16:23:31
    [P_TID] => INIMX_VBNKCAEcatca0720250708162242865843
    [P_MID] => CAEcatca07
    [P_AUTH_DT] => 20250708162331
    [P_STATUS] => 02
    [P_TYPE] => VBANK
    [P_OID] => 250708-029
    [P_FN_CD1] => 04
    [P_FN_CD2] => 
    [P_FN_NM] => KB국민은행
    [P_AMT] => 3000
    [P_UNAME] => 안대건
    [P_RMESG1] => P_VACCT_NO=70189014700966|P_EXP_DT=20250718
    [P_RMESG2] => 
    [P_NOTI] => 
    [P_AUTH_NO] => 
)

 Array
(
    [PageCall time] => 16:37:27
    [P_TID] => INIMX_VBNKCAEcatca0720250708163500135730
    [P_MID] => CAEcatca07
    [P_AUTH_DT] => 20250708163727
    [P_STATUS] => 02
    [P_TYPE] => VBANK
    [P_OID] => 250708-032
    [P_FN_CD1] => 03
    [P_FN_CD2] => 
    [P_FN_NM] => 기업은행
    [P_AMT] => 3000
    [P_UNAME] => 김정아
    [P_RMESG1] => P_VACCT_NO=07502284297639|P_EXP_DT=20250718
    [P_RMESG2] => 
    [P_NOTI] => 
    [P_AUTH_NO] => 
)

 Array
(
    [PageCall time] => 17:15:20
    [P_TID] => INIMX_VBNKCAEcatca0720250708171435485333
    [P_MID] => CAEcatca07
    [P_AUTH_DT] => 20250708171520
    [P_STATUS] => 02
    [P_TYPE] => VBANK
    [P_OID] => 250708-028
    [P_FN_CD1] => 11
    [P_FN_CD2] => 
    [P_FN_NM] => NH농협은행
    [P_AMT] => 3000
    [P_UNAME] => 박준호
    [P_RMESG1] => P_VACCT_NO=79013683664771|P_EXP_DT=20250718
    [P_RMESG2] => 
    [P_NOTI] => 
    [P_AUTH_NO] => 
)

 Array
(
    [PageCall time] => 17:39:55
    [P_TID] => INIMX_VBNKCAEcatca0720250708173608915127
    [P_MID] => CAEcatca07
    [P_AUTH_DT] => 20250708173955
    [P_STATUS] => 02
    [P_TYPE] => VBANK
    [P_OID] => 250708-034
    [P_FN_CD1] => 11
    [P_FN_CD2] => 
    [P_FN_NM] => NH농협은행
    [P_AMT] => 3000
    [P_UNAME] => 김 기호
    [P_RMESG1] => P_VACCT_NO=79013683668211|P_EXP_DT=20250718
    [P_RMESG2] => 
    [P_NOTI] => 
    [P_AUTH_NO] => 
)

 Array
(
    [PageCall time] => 18:05:52
    [P_TID] => INIMX_VBNKCAEcatca0720250708165017485045
    [P_MID] => CAEcatca07
    [P_AUTH_DT] => 20250708180552
    [P_STATUS] => 02
    [P_TYPE] => VBANK
    [P_OID] => 250708-019
    [P_FN_CD1] => 81
    [P_FN_CD2] => 
    [P_FN_NM] => 하나은행
    [P_AMT] => 3000
    [P_UNAME] => 임영민
    [P_RMESG1] => P_VACCT_NO=20893800890237|P_EXP_DT=20250718
    [P_RMESG2] => 
    [P_NOTI] => 
    [P_AUTH_NO] => 
)

 Array
(
    [PageCall time] => 19:02:01
    [P_TID] => INIMX_VBNKCAEcatca0720250708184551585367
    [P_MID] => CAEcatca07
    [P_AUTH_DT] => 20250708190201
    [P_STATUS] => 02
    [P_TYPE] => VBANK
    [P_OID] => 250708-036
    [P_FN_CD1] => 88
    [P_FN_CD2] => 
    [P_FN_NM] => 신한은행
    [P_AMT] => 3000
    [P_UNAME] => 문태식
    [P_RMESG1] => P_VACCT_NO=56211106311737|P_EXP_DT=20250718
    [P_RMESG2] => 
    [P_NOTI] => 
    [P_AUTH_NO] => 
)

 Array
(
    [PageCall time] => 19:09:19
    [P_TID] => INIMX_VBNKCAEcatca0720250708190527215421
    [P_MID] => CAEcatca07
    [P_AUTH_DT] => 20250708190919
    [P_STATUS] => 02
    [P_TYPE] => VBANK
    [P_OID] => 250708-038
    [P_FN_CD1] => 81
    [P_FN_CD2] => 
    [P_FN_NM] => 하나은행
    [P_AMT] => 3000
    [P_UNAME] => 이덕순
    [P_RMESG1] => P_VACCT_NO=20893801616037|P_EXP_DT=20250718
    [P_RMESG2] => 
    [P_NOTI] => 
    [P_AUTH_NO] => 
)

 Array
(
    [PageCall time] => 19:57:15
    [P_TID] => INIMX_VBNKCAEcatca0720250708195529405050
    [P_MID] => CAEcatca07
    [P_AUTH_DT] => 20250708195714
    [P_STATUS] => 02
    [P_TYPE] => VBANK
    [P_OID] => 250708-039
    [P_FN_CD1] => 11
    [P_FN_CD2] => 
    [P_FN_NM] => NH농협은행
    [P_AMT] => 3000
    [P_UNAME] => 조경점
    [P_RMESG1] => P_VACCT_NO=79013683681597|P_EXP_DT=20250718
    [P_RMESG2] => 
    [P_NOTI] => 
    [P_AUTH_NO] => 
)

 Array
(
    [PageCall time] => 22:22:58
    [P_TID] => INIMX_VBNKCAEcatca0720250708222011505592
    [P_MID] => CAEcatca07
    [P_AUTH_DT] => 20250708222258
    [P_STATUS] => 02
    [P_TYPE] => VBANK
    [P_OID] => 250708-042
    [P_FN_CD1] => 89
    [P_FN_CD2] => 
    [P_FN_NM] => 케이뱅크
    [P_AMT] => 3000
    [P_UNAME] => 권은희
    [P_RMESG1] => P_VACCT_NO=70112003923664|P_EXP_DT=20250718
    [P_RMESG2] => 
    [P_NOTI] => 
    [P_AUTH_NO] => 
)

 Array
(
    [PageCall time] => 22:30:26
    [P_TID] => INIMX_VBNKCAEcatca0720250708222711515076
    [P_MID] => CAEcatca07
    [P_AUTH_DT] => 20250708223025
    [P_STATUS] => 02
    [P_TYPE] => VBANK
    [P_OID] => 250708-041
    [P_FN_CD1] => 20
    [P_FN_CD2] => 
    [P_FN_NM] => 우리은행
    [P_AMT] => 3000
    [P_UNAME] => 김보경
    [P_RMESG1] => P_VACCT_NO=61848253318743|P_EXP_DT=20250718
    [P_RMESG2] => 
    [P_NOTI] => 
    [P_AUTH_NO] => 
)

