 Array
(
    [PageCall time] => 07:17:33
    [P_TID] => INIMX_VBNKCAEcatca0720260108071429465938
    [P_MID] => CAEcatca07
    [P_AUTH_DT] => 20260108071733
    [P_STATUS] => 02
    [P_TYPE] => VBANK
    [P_OID] => 260108-001
    [P_FN_CD1] => 20
    [P_FN_CD2] => 
    [P_FN_NM] => 우리은행
    [P_AMT] => 3500
    [P_UNAME] => 김건희
    [P_RMESG1] => P_VACCT_NO=27389307118257|P_EXP_DT=20260118
    [P_RMESG2] => 
    [P_NOTI] => 
    [P_AUTH_NO] => 
)

 Array
(
    [PageCall time] => 09:43:39
    [P_TID] => INIMX_VBNKCAEcatca0720260108094059535159
    [P_MID] => CAEcatca07
    [P_AUTH_DT] => 20260108094339
    [P_STATUS] => 02
    [P_TYPE] => VBANK
    [P_OID] => 260108-003
    [P_FN_CD1] => 04
    [P_FN_CD2] => 
    [P_FN_NM] => KB국민은행
    [P_AMT] => 3500
    [P_UNAME] => 김태영
    [P_RMESG1] => P_VACCT_NO=40849011844670|P_EXP_DT=20260118
    [P_RMESG2] => 
    [P_NOTI] => 
    [P_AUTH_NO] => 
)

 Array
(
    [PageCall time] => 10:55:12
    [P_TID] => INIMX_VBNKCAEcatca0720260108000334455172
    [P_MID] => CAEcatca07
    [P_AUTH_DT] => 20260108105512
    [P_STATUS] => 02
    [P_TYPE] => VBANK
    [P_OID] => 260107-024
    [P_FN_CD1] => 88
    [P_FN_CD2] => 
    [P_FN_NM] => 신한은행
    [P_AMT] => 3500
    [P_UNAME] => 정혜정
    [P_RMESG1] => P_VACCT_NO=56211992862028|P_EXP_DT=20260118
    [P_RMESG2] => 
    [P_NOTI] => 
    [P_AUTH_NO] => 
)

 Array
(
    [PageCall time] => 11:34:22
    [P_TID] => INIMX_VBNKCAEcatca0720260108113015365044
    [P_MID] => CAEcatca07
    [P_AUTH_DT] => 20260108113422
    [P_STATUS] => 02
    [P_TYPE] => VBANK
    [P_OID] => 260108-007
    [P_FN_CD1] => 04
    [P_FN_CD2] => 
    [P_FN_NM] => KB국민은행
    [P_AMT] => 3500
    [P_UNAME] => 강정악
    [P_RMESG1] => P_VACCT_NO=42379011517904|P_EXP_DT=20260118
    [P_RMESG2] => 
    [P_NOTI] => 
    [P_AUTH_NO] => 
)

 Array
(
    [PageCall time] => 13:05:33
    [P_TID] => INIMX_VBNKCAEcatca0720260108130307655991
    [P_MID] => CAEcatca07
    [P_AUTH_DT] => 20260108130533
    [P_STATUS] => 02
    [P_TYPE] => VBANK
    [P_OID] => 260108-008
    [P_FN_CD1] => 04
    [P_FN_CD2] => 
    [P_FN_NM] => KB국민은행
    [P_AMT] => 3500
    [P_UNAME] => 심수빈
    [P_RMESG1] => P_VACCT_NO=60539014013777|P_EXP_DT=20260118
    [P_RMESG2] => 
    [P_NOTI] => 
    [P_AUTH_NO] => 
)

 Array
(
    [PageCall time] => 13:09:34
    [P_TID] => INIMX_VBNKCAEcatca0720260108130641645228
    [P_MID] => CAEcatca07
    [P_AUTH_DT] => 20260108130934
    [P_STATUS] => 02
    [P_TYPE] => VBANK
    [P_OID] => 260108-009
    [P_FN_CD1] => 88
    [P_FN_CD2] => 
    [P_FN_NM] => 신한은행
    [P_AMT] => 3500
    [P_UNAME] => 오정은
    [P_RMESG1] => P_VACCT_NO=56211992931907|P_EXP_DT=20260118
    [P_RMESG2] => 
    [P_NOTI] => 
    [P_AUTH_NO] => 
)

 Array
(
    [PageCall time] => 13:09:35
    [P_TID] => INIMX_VBNKCAEcatca0720260108130822415014
    [P_MID] => CAEcatca07
    [P_AUTH_DT] => 20260108130935
    [P_STATUS] => 02
    [P_TYPE] => VBANK
    [P_OID] => 260108-010
    [P_FN_CD1] => 11
    [P_FN_CD2] => 
    [P_FN_NM] => NH농협은행
    [P_AMT] => 3500
    [P_UNAME] => 권태기
    [P_RMESG1] => P_VACCT_NO=79010590148051|P_EXP_DT=20260118
    [P_RMESG2] => 
    [P_NOTI] => 
    [P_AUTH_NO] => 
)

 Array
(
    [PageCall time] => 13:21:28
    [P_TID] => INIMX_VBNKCAEcatca0720260108131908625240
    [P_MID] => CAEcatca07
    [P_AUTH_DT] => 20260108132128
    [P_STATUS] => 02
    [P_TYPE] => VBANK
    [P_OID] => 260108-012
    [P_FN_CD1] => 11
    [P_FN_CD2] => 
    [P_FN_NM] => NH농협은행
    [P_AMT] => 3500
    [P_UNAME] => 정정훈
    [P_RMESG1] => P_VACCT_NO=79010590149500|P_EXP_DT=20260118
    [P_RMESG2] => 
    [P_NOTI] => 
    [P_AUTH_NO] => 
)

 Array
(
    [PageCall time] => 13:43:19
    [P_TID] => INIMX_VBNKCAEcatca0720260108133253445960
    [P_MID] => CAEcatca07
    [P_AUTH_DT] => 20260108134319
    [P_STATUS] => 02
    [P_TYPE] => VBANK
    [P_OID] => 260108-017
    [P_FN_CD1] => 81
    [P_FN_CD2] => 
    [P_FN_NM] => 하나은행
    [P_AMT] => 3500
    [P_UNAME] => 박재희
    [P_RMESG1] => P_VACCT_NO=20893890514637|P_EXP_DT=20260118
    [P_RMESG2] => 
    [P_NOTI] => 
    [P_AUTH_NO] => 
)

 Array
(
    [PageCall time] => 13:49:28
    [P_TID] => INIMX_VBNKCAEcatca0720260108134819605363
    [P_MID] => CAEcatca07
    [P_AUTH_DT] => 20260108134928
    [P_STATUS] => 02
    [P_TYPE] => VBANK
    [P_OID] => 260108-021
    [P_FN_CD1] => 11
    [P_FN_CD2] => 
    [P_FN_NM] => NH농협은행
    [P_AMT] => 3500
    [P_UNAME] => 설려나
    [P_RMESG1] => P_VACCT_NO=79010590154099|P_EXP_DT=20260118
    [P_RMESG2] => 
    [P_NOTI] => 
    [P_AUTH_NO] => 
)

 Array
(
    [PageCall time] => 14:13:00
    [P_TID] => INIMX_VBNKCAEcatca0720260108141018235838
    [P_MID] => CAEcatca07
    [P_AUTH_DT] => 20260108141300
    [P_STATUS] => 02
    [P_TYPE] => VBANK
    [P_OID] => 260108-025
    [P_FN_CD1] => 04
    [P_FN_CD2] => 
    [P_FN_NM] => KB국민은행
    [P_AMT] => 3500
    [P_UNAME] => 성민상
    [P_RMESG1] => P_VACCT_NO=60539014023387|P_EXP_DT=20260118
    [P_RMESG2] => 
    [P_NOTI] => 
    [P_AUTH_NO] => 
)

 Array
(
    [PageCall time] => 14:23:28
    [P_TID] => INIMX_VBNKCAEcatca0720260108141947945646
    [P_MID] => CAEcatca07
    [P_AUTH_DT] => 20260108142328
    [P_STATUS] => 02
    [P_TYPE] => VBANK
    [P_OID] => 260108-027
    [P_FN_CD1] => 04
    [P_FN_CD2] => 
    [P_FN_NM] => KB국민은행
    [P_AMT] => 3500
    [P_UNAME] => 김선미
    [P_RMESG1] => P_VACCT_NO=60539014025365|P_EXP_DT=20260118
    [P_RMESG2] => 
    [P_NOTI] => 
    [P_AUTH_NO] => 
)

 Array
(
    [PageCall time] => 14:32:49
    [P_TID] => INIMX_VBNKCAEcatca0720260108142914205879
    [P_MID] => CAEcatca07
    [P_AUTH_DT] => 20260108143249
    [P_STATUS] => 02
    [P_TYPE] => VBANK
    [P_OID] => 260108-023
    [P_FN_CD1] => 81
    [P_FN_CD2] => 
    [P_FN_NM] => 하나은행
    [P_AMT] => 3500
    [P_UNAME] => 박혜숙
    [P_RMESG1] => P_VACCT_NO=20893890916137|P_EXP_DT=20260118
    [P_RMESG2] => 
    [P_NOTI] => 
    [P_AUTH_NO] => 
)

 Array
(
    [PageCall time] => 14:43:09
    [P_TID] => INIMX_VBNKCAEcatca0720260108144202995554
    [P_MID] => CAEcatca07
    [P_AUTH_DT] => 20260108144309
    [P_STATUS] => 02
    [P_TYPE] => VBANK
    [P_OID] => 260108-028
    [P_FN_CD1] => 11
    [P_FN_CD2] => 
    [P_FN_NM] => NH농협은행
    [P_AMT] => 3500
    [P_UNAME] => 황희종
    [P_RMESG1] => P_VACCT_NO=79010590163726|P_EXP_DT=20260118
    [P_RMESG2] => 
    [P_NOTI] => 
    [P_AUTH_NO] => 
)

 Array
(
    [PageCall time] => 14:49:50
    [P_TID] => INIMX_VBNKCAEcatca0720260108144745155303
    [P_MID] => CAEcatca07
    [P_AUTH_DT] => 20260108144950
    [P_STATUS] => 02
    [P_TYPE] => VBANK
    [P_OID] => 260108-029
    [P_FN_CD1] => 11
    [P_FN_CD2] => 
    [P_FN_NM] => NH농협은행
    [P_AMT] => 3500
    [P_UNAME] => 문병석
    [P_RMESG1] => P_VACCT_NO=79010590164641|P_EXP_DT=20260118
    [P_RMESG2] => 
    [P_NOTI] => 
    [P_AUTH_NO] => 
)

 Array
(
    [PageCall time] => 14:50:55
    [P_TID] => INIMX_VBNKCAEcatca0720260108144758125659
    [P_MID] => CAEcatca07
    [P_AUTH_DT] => 20260108145055
    [P_STATUS] => 02
    [P_TYPE] => VBANK
    [P_OID] => 260108-030
    [P_FN_CD1] => 04
    [P_FN_CD2] => 
    [P_FN_NM] => KB국민은행
    [P_AMT] => 3500
    [P_UNAME] => 장문애
    [P_RMESG1] => P_VACCT_NO=60539014030053|P_EXP_DT=20260118
    [P_RMESG2] => 
    [P_NOTI] => 
    [P_AUTH_NO] => 
)

 Array
(
    [PageCall time] => 15:06:22
    [P_TID] => INIMX_VBNKCAEcatca0720260108150353965174
    [P_MID] => CAEcatca07
    [P_AUTH_DT] => 20260108150622
    [P_STATUS] => 02
    [P_TYPE] => VBANK
    [P_OID] => 260108-032
    [P_FN_CD1] => 04
    [P_FN_CD2] => 
    [P_FN_NM] => KB국민은행
    [P_AMT] => 3500
    [P_UNAME] => 이영선
    [P_RMESG1] => P_VACCT_NO=60539014032677|P_EXP_DT=20260118
    [P_RMESG2] => 
    [P_NOTI] => 
    [P_AUTH_NO] => 
)

 Array
(
    [PageCall time] => 15:19:00
    [P_TID] => INIMX_VBNKCAEcatca0720260108151435155901
    [P_MID] => CAEcatca07
    [P_AUTH_DT] => 20260108151900
    [P_STATUS] => 02
    [P_TYPE] => VBANK
    [P_OID] => 260108-033
    [P_FN_CD1] => 88
    [P_FN_CD2] => 
    [P_FN_NM] => 신한은행
    [P_AMT] => 3500
    [P_UNAME] => 최영옥
    [P_RMESG1] => P_VACCT_NO=56211992956865|P_EXP_DT=20260118
    [P_RMESG2] => 
    [P_NOTI] => 
    [P_AUTH_NO] => 
)

 Array
(
    [PageCall time] => 15:21:23
    [P_TID] => INIMX_VBNKCAEcatca0720260108151841405209
    [P_MID] => CAEcatca07
    [P_AUTH_DT] => 20260108152123
    [P_STATUS] => 02
    [P_TYPE] => VBANK
    [P_OID] => 260108-034
    [P_FN_CD1] => 04
    [P_FN_CD2] => 
    [P_FN_NM] => KB국민은행
    [P_AMT] => 3500
    [P_UNAME] => 박호선
    [P_RMESG1] => P_VACCT_NO=60539014034840|P_EXP_DT=20260118
    [P_RMESG2] => 
    [P_NOTI] => 
    [P_AUTH_NO] => 
)

 Array
(
    [PageCall time] => 15:48:19
    [P_TID] => INIMX_VBNKCAEcatca0720260108154531625144
    [P_MID] => CAEcatca07
    [P_AUTH_DT] => 20260108154819
    [P_STATUS] => 02
    [P_TYPE] => VBANK
    [P_OID] => 260108-036
    [P_FN_CD1] => 04
    [P_FN_CD2] => 
    [P_FN_NM] => KB국민은행
    [P_AMT] => 3500
    [P_UNAME] => 오택승
    [P_RMESG1] => P_VACCT_NO=60539014039069|P_EXP_DT=20260118
    [P_RMESG2] => 
    [P_NOTI] => 
    [P_AUTH_NO] => 
)

 Array
(
    [PageCall time] => 16:10:25
    [P_TID] => INIMX_VBNKCAEcatca0720260108160536115583
    [P_MID] => CAEcatca07
    [P_AUTH_DT] => 20260108161025
    [P_STATUS] => 02
    [P_TYPE] => VBANK
    [P_OID] => 260108-020
    [P_FN_CD1] => 88
    [P_FN_CD2] => 
    [P_FN_NM] => 신한은행
    [P_AMT] => 3500
    [P_UNAME] => 박진향
    [P_RMESG1] => P_VACCT_NO=56211992967859|P_EXP_DT=20260118
    [P_RMESG2] => 
    [P_NOTI] => 
    [P_AUTH_NO] => 
)

 Array
(
    [PageCall time] => 16:18:54
    [P_TID] => INIMX_VBNKCAEcatca0720260108161548105827
    [P_MID] => CAEcatca07
    [P_AUTH_DT] => 20260108161854
    [P_STATUS] => 02
    [P_TYPE] => VBANK
    [P_OID] => 260108-013
    [P_FN_CD1] => 04
    [P_FN_CD2] => 
    [P_FN_NM] => KB국민은행
    [P_AMT] => 3500
    [P_UNAME] => 홍수경
    [P_RMESG1] => P_VACCT_NO=60539014047802|P_EXP_DT=20260118
    [P_RMESG2] => 
    [P_NOTI] => 
    [P_AUTH_NO] => 
)

 Array
(
    [PageCall time] => 17:18:46
    [P_TID] => INIMX_VBNKCAEcatca0720260108171554345401
    [P_MID] => CAEcatca07
    [P_AUTH_DT] => 20260108171846
    [P_STATUS] => 02
    [P_TYPE] => VBANK
    [P_OID] => 260108-041
    [P_FN_CD1] => 88
    [P_FN_CD2] => 
    [P_FN_NM] => 신한은행
    [P_AMT] => 3500
    [P_UNAME] => 이상희
    [P_RMESG1] => P_VACCT_NO=56211992978311|P_EXP_DT=20260118
    [P_RMESG2] => 
    [P_NOTI] => 
    [P_AUTH_NO] => 
)

 Array
(
    [PageCall time] => 18:09:24
    [P_TID] => INIMX_VBNKCAEcatca0720260108180758755602
    [P_MID] => CAEcatca07
    [P_AUTH_DT] => 20260108180924
    [P_STATUS] => 02
    [P_TYPE] => VBANK
    [P_OID] => 260108-043
    [P_FN_CD1] => 11
    [P_FN_CD2] => 
    [P_FN_NM] => NH농협은행
    [P_AMT] => 3500
    [P_UNAME] => 김미혜
    [P_RMESG1] => P_VACCT_NO=79010590200346|P_EXP_DT=20260118
    [P_RMESG2] => 
    [P_NOTI] => 
    [P_AUTH_NO] => 
)

 Array
(
    [PageCall time] => 18:48:42
    [P_TID] => INIMX_VBNKCAEcatca0720260108184457275185
    [P_MID] => CAEcatca07
    [P_AUTH_DT] => 20260108184842
    [P_STATUS] => 02
    [P_TYPE] => VBANK
    [P_OID] => 260108-044
    [P_FN_CD1] => 39
    [P_FN_CD2] => 
    [P_FN_NM] => 경남은행
    [P_AMT] => 3500
    [P_UNAME] => 김문희
    [P_RMESG1] => P_VACCT_NO=573193425737|P_EXP_DT=20260118
    [P_RMESG2] => 
    [P_NOTI] => 
    [P_AUTH_NO] => 
)

 Array
(
    [PageCall time] => 19:56:35
    [P_TID] => INIMX_VBNKCAEcatca0720260108195332875759
    [P_MID] => CAEcatca07
    [P_AUTH_DT] => 20260108195635
    [P_STATUS] => 02
    [P_TYPE] => VBANK
    [P_OID] => 260108-045
    [P_FN_CD1] => 81
    [P_FN_CD2] => 
    [P_FN_NM] => 하나은행
    [P_AMT] => 3500
    [P_UNAME] => 김옥수
    [P_RMESG1] => P_VACCT_NO=20893893382937|P_EXP_DT=20260118
    [P_RMESG2] => 
    [P_NOTI] => 
    [P_AUTH_NO] => 
)

 Array
(
    [PageCall time] => 23:02:39
    [P_TID] => INIMX_VBNKCAEcatca0720260107233822855800
    [P_MID] => CAEcatca07
    [P_AUTH_DT] => 20260108230239
    [P_STATUS] => 02
    [P_TYPE] => VBANK
    [P_OID] => 260107-046
    [P_FN_CD1] => 11
    [P_FN_CD2] => 
    [P_FN_NM] => NH농협은행
    [P_AMT] => 3500
    [P_UNAME] => 이창희
    [P_RMESG1] => P_VACCT_NO=79010589931901|P_EXP_DT=20260117
    [P_RMESG2] => 
    [P_NOTI] => 
    [P_AUTH_NO] => 
)

