 Array
(
    [PageCall time] => 09:38:51
    [P_TID] => INIMX_VBNKCAEcatca0720251206093609755768
    [P_MID] => CAEcatca07
    [P_AUTH_DT] => 20251206093851
    [P_STATUS] => 02
    [P_TYPE] => VBANK
    [P_OID] => 251206-001
    [P_FN_CD1] => 81
    [P_FN_CD2] => 
    [P_FN_NM] => 하나은행
    [P_AMT] => 3000
    [P_UNAME] => 김현중
    [P_RMESG1] => P_VACCT_NO=20894128798137|P_EXP_DT=20251216
    [P_RMESG2] => 
    [P_NOTI] => 
    [P_AUTH_NO] => 
)

 Array
(
    [PageCall time] => 10:42:48
    [P_TID] => INIMX_VBNKCAEcatca0720251206104147615925
    [P_MID] => CAEcatca07
    [P_AUTH_DT] => 20251206104247
    [P_STATUS] => 02
    [P_TYPE] => VBANK
    [P_OID] => 251206-002
    [P_FN_CD1] => 11
    [P_FN_CD2] => 
    [P_FN_NM] => NH농협은행
    [P_AMT] => 3000
    [P_UNAME] => 유수정
    [P_RMESG1] => P_VACCT_NO=79016261218555|P_EXP_DT=20251216
    [P_RMESG2] => 
    [P_NOTI] => 
    [P_AUTH_NO] => 
)

 Array
(
    [PageCall time] => 12:57:03
    [P_TID] => INIMX_VBNKCAEcatca0720251206125359315668
    [P_MID] => CAEcatca07
    [P_AUTH_DT] => 20251206125703
    [P_STATUS] => 02
    [P_TYPE] => VBANK
    [P_OID] => 251206-006
    [P_FN_CD1] => 32
    [P_FN_CD2] => 
    [P_FN_NM] => 부산은행
    [P_AMT] => 3000
    [P_UNAME] => 이여울
    [P_RMESG1] => P_VACCT_NO=109924370013|P_EXP_DT=20251216
    [P_RMESG2] => 
    [P_NOTI] => 
    [P_AUTH_NO] => 
)

 Array
(
    [PageCall time] => 13:09:54
    [P_TID] => INIMX_VBNKCAEcatca0720251206130853255466
    [P_MID] => CAEcatca07
    [P_AUTH_DT] => 20251206130954
    [P_STATUS] => 02
    [P_TYPE] => VBANK
    [P_OID] => 251206-007
    [P_FN_CD1] => 11
    [P_FN_CD2] => 
    [P_FN_NM] => NH농협은행
    [P_AMT] => 3000
    [P_UNAME] => 김추자
    [P_RMESG1] => P_VACCT_NO=79016261253798|P_EXP_DT=20251216
    [P_RMESG2] => 
    [P_NOTI] => 
    [P_AUTH_NO] => 
)

 Array
(
    [PageCall time] => 13:34:00
    [P_TID] => INIMX_VBNKCAEcatca0720251206133036205300
    [P_MID] => CAEcatca07
    [P_AUTH_DT] => 20251206133400
    [P_STATUS] => 02
    [P_TYPE] => VBANK
    [P_OID] => 251206-008
    [P_FN_CD1] => 04
    [P_FN_CD2] => 
    [P_FN_NM] => KB국민은행
    [P_AMT] => 3000
    [P_UNAME] => 하영한
    [P_RMESG1] => P_VACCT_NO=26119078899915|P_EXP_DT=20251216
    [P_RMESG2] => 
    [P_NOTI] => 
    [P_AUTH_NO] => 
)

 Array
(
    [PageCall time] => 16:19:59
    [P_TID] => INIMX_VBNKCAEcatca0720251206161703675260
    [P_MID] => CAEcatca07
    [P_AUTH_DT] => 20251206161959
    [P_STATUS] => 02
    [P_TYPE] => VBANK
    [P_OID] => 251206-010
    [P_FN_CD1] => 88
    [P_FN_CD2] => 
    [P_FN_NM] => 신한은행
    [P_AMT] => 3000
    [P_UNAME] => 석서영
    [P_RMESG1] => P_VACCT_NO=56211990541894|P_EXP_DT=20251216
    [P_RMESG2] => 
    [P_NOTI] => 
    [P_AUTH_NO] => 
)

 Array
(
    [PageCall time] => 17:50:03
    [P_TID] => INIMX_VBNKCAEcatca0720251206173118285889
    [P_MID] => CAEcatca07
    [P_AUTH_DT] => 20251206175003
    [P_STATUS] => 02
    [P_TYPE] => VBANK
    [P_OID] => 251206-011
    [P_FN_CD1] => 11
    [P_FN_CD2] => 
    [P_FN_NM] => NH농협은행
    [P_AMT] => 3000
    [P_UNAME] => 심원보
    [P_RMESG1] => P_VACCT_NO=79016261306201|P_EXP_DT=20251216
    [P_RMESG2] => 
    [P_NOTI] => 
    [P_AUTH_NO] => 
)

 Array
(
    [PageCall time] => 18:25:38
    [P_TID] => INIMX_VBNKCAEcatca0720251206182315215276
    [P_MID] => CAEcatca07
    [P_AUTH_DT] => 20251206182538
    [P_STATUS] => 02
    [P_TYPE] => VBANK
    [P_OID] => 251206-013
    [P_FN_CD1] => 04
    [P_FN_CD2] => 
    [P_FN_NM] => KB국민은행
    [P_AMT] => 3000
    [P_UNAME] => 이강의
    [P_RMESG1] => P_VACCT_NO=26159078030251|P_EXP_DT=20251216
    [P_RMESG2] => 
    [P_NOTI] => 
    [P_AUTH_NO] => 
)

 Array
(
    [PageCall time] => 19:05:30
    [P_TID] => INIMX_VBNKCAEcatca0720251206190056485296
    [P_MID] => CAEcatca07
    [P_AUTH_DT] => 20251206190530
    [P_STATUS] => 02
    [P_TYPE] => VBANK
    [P_OID] => 251206-014
    [P_FN_CD1] => 04
    [P_FN_CD2] => 
    [P_FN_NM] => KB국민은행
    [P_AMT] => 3000
    [P_UNAME] => 황은정
    [P_RMESG1] => P_VACCT_NO=26159078034668|P_EXP_DT=20251216
    [P_RMESG2] => 
    [P_NOTI] => 
    [P_AUTH_NO] => 
)

