 Array
(
    [PageCall time] => 09:05:14
    [P_TID] => INIMX_VBNKCAEcatca0720250817090413445515
    [P_MID] => CAEcatca07
    [P_AUTH_DT] => 20250817090514
    [P_STATUS] => 02
    [P_TYPE] => VBANK
    [P_OID] => 250817-001
    [P_FN_CD1] => 11
    [P_FN_CD2] => 
    [P_FN_NM] => NH농협은행
    [P_AMT] => 3000
    [P_UNAME] => 김혜정
    [P_RMESG1] => P_VACCT_NO=79014291205628|P_EXP_DT=20250827
    [P_RMESG2] => 
    [P_NOTI] => 
    [P_AUTH_NO] => 
)

 Array
(
    [PageCall time] => 10:57:33
    [P_TID] => INIMX_VBNKCAEcatca0720250817105453345116
    [P_MID] => CAEcatca07
    [P_AUTH_DT] => 20250817105733
    [P_STATUS] => 02
    [P_TYPE] => VBANK
    [P_OID] => 250817-004
    [P_FN_CD1] => 88
    [P_FN_CD2] => 
    [P_FN_NM] => 신한은행
    [P_AMT] => 3000
    [P_UNAME] => 이화현
    [P_RMESG1] => P_VACCT_NO=56211991627046|P_EXP_DT=20250827
    [P_RMESG2] => 
    [P_NOTI] => 
    [P_AUTH_NO] => 
)

 Array
(
    [PageCall time] => 10:58:21
    [P_TID] => INIMX_VBNKCAEcatca0720250817105500635579
    [P_MID] => CAEcatca07
    [P_AUTH_DT] => 20250817105821
    [P_STATUS] => 02
    [P_TYPE] => VBANK
    [P_OID] => 250817-002
    [P_FN_CD1] => 03
    [P_FN_CD2] => 
    [P_FN_NM] => 기업은행
    [P_AMT] => 3000
    [P_UNAME] => 구학서
    [P_RMESG1] => P_VACCT_NO=07503230497153|P_EXP_DT=20250827
    [P_RMESG2] => 
    [P_NOTI] => 
    [P_AUTH_NO] => 
)

 Array
(
    [PageCall time] => 12:20:57
    [P_TID] => INIMX_VBNKCAEcatca0720250817121928945454
    [P_MID] => CAEcatca07
    [P_AUTH_DT] => 20250817122057
    [P_STATUS] => 02
    [P_TYPE] => VBANK
    [P_OID] => 250816-009
    [P_FN_CD1] => 71
    [P_FN_CD2] => 
    [P_FN_NM] => 우체국
    [P_AMT] => 3000
    [P_UNAME] => 김향란
    [P_RMESG1] => P_VACCT_NO=01397981509314|P_EXP_DT=20250827
    [P_RMESG2] => 
    [P_NOTI] => 
    [P_AUTH_NO] => 
)

 Array
(
    [PageCall time] => 13:04:23
    [P_TID] => INIMX_VBNKCAEcatca0720250817125943845657
    [P_MID] => CAEcatca07
    [P_AUTH_DT] => 20250817130423
    [P_STATUS] => 02
    [P_TYPE] => VBANK
    [P_OID] => 250817-005
    [P_FN_CD1] => 81
    [P_FN_CD2] => 
    [P_FN_NM] => 하나은행
    [P_AMT] => 3000
    [P_UNAME] => 신윤기
    [P_RMESG1] => P_VACCT_NO=20893990801037|P_EXP_DT=20250827
    [P_RMESG2] => 
    [P_NOTI] => 
    [P_AUTH_NO] => 
)

 Array
(
    [PageCall time] => 15:57:34
    [P_TID] => INIMX_VBNKCAEcatca0720250817155644315503
    [P_MID] => CAEcatca07
    [P_AUTH_DT] => 20250817155734
    [P_STATUS] => 02
    [P_TYPE] => VBANK
    [P_OID] => 250817-006
    [P_FN_CD1] => 04
    [P_FN_CD2] => 
    [P_FN_NM] => KB국민은행
    [P_AMT] => 3000
    [P_UNAME] => 신석언
    [P_RMESG1] => P_VACCT_NO=87679011290115|P_EXP_DT=20250827
    [P_RMESG2] => 
    [P_NOTI] => 
    [P_AUTH_NO] => 
)

 Array
(
    [PageCall time] => 16:07:00
    [P_TID] => INIMX_VBNKCAEcatca0720250817160417345208
    [P_MID] => CAEcatca07
    [P_AUTH_DT] => 20250817160700
    [P_STATUS] => 02
    [P_TYPE] => VBANK
    [P_OID] => 250817-007
    [P_FN_CD1] => 81
    [P_FN_CD2] => 
    [P_FN_NM] => 하나은행
    [P_AMT] => 3000
    [P_UNAME] => 노영목
    [P_RMESG1] => P_VACCT_NO=20893991155837|P_EXP_DT=20250827
    [P_RMESG2] => 
    [P_NOTI] => 
    [P_AUTH_NO] => 
)

 Array
(
    [PageCall time] => 16:18:37
    [P_TID] => INIMX_VBNKCAEcatca0720250817161447545518
    [P_MID] => CAEcatca07
    [P_AUTH_DT] => 20250817161837
    [P_STATUS] => 02
    [P_TYPE] => VBANK
    [P_OID] => 250817-008
    [P_FN_CD1] => 81
    [P_FN_CD2] => 
    [P_FN_NM] => 하나은행
    [P_AMT] => 3000
    [P_UNAME] => 고덕
    [P_RMESG1] => P_VACCT_NO=20893991177537|P_EXP_DT=20250827
    [P_RMESG2] => 
    [P_NOTI] => 
    [P_AUTH_NO] => 
)

 Array
(
    [PageCall time] => 22:27:05
    [P_TID] => INIMX_VBNKCAEcatca0720250817222622345835
    [P_MID] => CAEcatca07
    [P_AUTH_DT] => 20250817222705
    [P_STATUS] => 02
    [P_TYPE] => VBANK
    [P_OID] => 250817-009
    [P_FN_CD1] => 04
    [P_FN_CD2] => 
    [P_FN_NM] => KB국민은행
    [P_AMT] => 3000
    [P_UNAME] => 남민우
    [P_RMESG1] => P_VACCT_NO=70239014994988|P_EXP_DT=20250827
    [P_RMESG2] => 
    [P_NOTI] => 
    [P_AUTH_NO] => 
)

