 Array
(
    [PageCall time] => 09:02:38
    [P_TID] => INIMX_VBNKCAEcatca0720260403090202835604
    [P_MID] => CAEcatca07
    [P_AUTH_DT] => 20260403090238
    [P_STATUS] => 02
    [P_TYPE] => VBANK
    [P_OID] => 260322-011
    [P_FN_CD1] => 11
    [P_FN_CD2] => 
    [P_FN_NM] => NH농협은행
    [P_AMT] => 3500
    [P_UNAME] => 백정임
    [P_RMESG1] => P_VACCT_NO=79014505318999|P_EXP_DT=20260413
    [P_RMESG2] => 
    [P_NOTI] => 
    [P_AUTH_NO] => 
)

 Array
(
    [PageCall time] => 09:43:03
    [P_TID] => INIMX_VBNKCAEcatca0720260403093929775502
    [P_MID] => CAEcatca07
    [P_AUTH_DT] => 20260403094303
    [P_STATUS] => 02
    [P_TYPE] => VBANK
    [P_OID] => 260403-003
    [P_FN_CD1] => 81
    [P_FN_CD2] => 
    [P_FN_NM] => 하나은행
    [P_AMT] => 3500
    [P_UNAME] => 강경창
    [P_RMESG1] => P_VACCT_NO=20893892764637|P_EXP_DT=20260413
    [P_RMESG2] => 
    [P_NOTI] => 
    [P_AUTH_NO] => 
)

 Array
(
    [PageCall time] => 09:48:29
    [P_TID] => INIMX_VBNKCAEcatca0720260403094528655981
    [P_MID] => CAEcatca07
    [P_AUTH_DT] => 20260403094828
    [P_STATUS] => 02
    [P_TYPE] => VBANK
    [P_OID] => 260403-004
    [P_FN_CD1] => 89
    [P_FN_CD2] => 
    [P_FN_NM] => 케이뱅크
    [P_AMT] => 3500
    [P_UNAME] => 소영
    [P_RMESG1] => P_VACCT_NO=70112003908391|P_EXP_DT=20260413
    [P_RMESG2] => 
    [P_NOTI] => 
    [P_AUTH_NO] => 
)

 Array
(
    [PageCall time] => 10:16:07
    [P_TID] => INIMX_VBNKCAEcatca0720260403101317645898
    [P_MID] => CAEcatca07
    [P_AUTH_DT] => 20260403101607
    [P_STATUS] => 02
    [P_TYPE] => VBANK
    [P_OID] => 260403-005
    [P_FN_CD1] => 81
    [P_FN_CD2] => 
    [P_FN_NM] => 하나은행
    [P_AMT] => 3500
    [P_UNAME] => 목동서울치과의원
    [P_RMESG1] => P_VACCT_NO=20893893435037|P_EXP_DT=20260413
    [P_RMESG2] => 
    [P_NOTI] => 
    [P_AUTH_NO] => 
)

 Array
(
    [PageCall time] => 11:22:38
    [P_TID] => INIMX_VBNKCAEcatca0720260403111957715871
    [P_MID] => CAEcatca07
    [P_AUTH_DT] => 20260403112238
    [P_STATUS] => 02
    [P_TYPE] => VBANK
    [P_OID] => 260403-006
    [P_FN_CD1] => 20
    [P_FN_CD2] => 
    [P_FN_NM] => 우리은행
    [P_AMT] => 3500
    [P_UNAME] => 임길섭
    [P_RMESG1] => P_VACCT_NO=61848569318516|P_EXP_DT=20260413
    [P_RMESG2] => 
    [P_NOTI] => 
    [P_AUTH_NO] => 
)

 Array
(
    [PageCall time] => 11:29:48
    [P_TID] => INIMX_VBNKCAEcatca0720260403112910215407
    [P_MID] => CAEcatca07
    [P_AUTH_DT] => 20260403112948
    [P_STATUS] => 02
    [P_TYPE] => VBANK
    [P_OID] => 260403-007
    [P_FN_CD1] => 11
    [P_FN_CD2] => 
    [P_FN_NM] => NH농협은행
    [P_AMT] => 3500
    [P_UNAME] => 이지훈
    [P_RMESG1] => P_VACCT_NO=79014505340877|P_EXP_DT=20260413
    [P_RMESG2] => 
    [P_NOTI] => 
    [P_AUTH_NO] => 
)

 Array
(
    [PageCall time] => 11:54:19
    [P_TID] => INIMX_VBNKCAEcatca0720260403115132925303
    [P_MID] => CAEcatca07
    [P_AUTH_DT] => 20260403115419
    [P_STATUS] => 02
    [P_TYPE] => VBANK
    [P_OID] => 260403-008
    [P_FN_CD1] => 88
    [P_FN_CD2] => 
    [P_FN_NM] => 신한은행
    [P_AMT] => 3500
    [P_UNAME] => 곽나희
    [P_RMESG1] => P_VACCT_NO=56211106506010|P_EXP_DT=20260413
    [P_RMESG2] => 
    [P_NOTI] => 
    [P_AUTH_NO] => 
)

 Array
(
    [PageCall time] => 13:25:30
    [P_TID] => INIMX_VBNKCAEcatca0720260403132123625576
    [P_MID] => CAEcatca07
    [P_AUTH_DT] => 20260403132530
    [P_STATUS] => 02
    [P_TYPE] => VBANK
    [P_OID] => 260403-009
    [P_FN_CD1] => 20
    [P_FN_CD2] => 
    [P_FN_NM] => 우리은행
    [P_AMT] => 3500
    [P_UNAME] => 최정윤
    [P_RMESG1] => P_VACCT_NO=61848575618443|P_EXP_DT=20260413
    [P_RMESG2] => 
    [P_NOTI] => 
    [P_AUTH_NO] => 
)

 Array
(
    [PageCall time] => 13:37:26
    [P_TID] => INIMX_VBNKCAEcatca0720260403133456455548
    [P_MID] => CAEcatca07
    [P_AUTH_DT] => 20260403133726
    [P_STATUS] => 02
    [P_TYPE] => VBANK
    [P_OID] => 260403-002
    [P_FN_CD1] => 20
    [P_FN_CD2] => 
    [P_FN_NM] => 우리은행
    [P_AMT] => 3500
    [P_UNAME] => 손현옥
    [P_RMESG1] => P_VACCT_NO=61848576418487|P_EXP_DT=20260413
    [P_RMESG2] => 
    [P_NOTI] => 
    [P_AUTH_NO] => 
)

 Array
(
    [PageCall time] => 14:33:01
    [P_TID] => INIMX_VBNKCAEcatca0720260403142945515907
    [P_MID] => CAEcatca07
    [P_AUTH_DT] => 20260403143301
    [P_STATUS] => 02
    [P_TYPE] => VBANK
    [P_OID] => 260403-010
    [P_FN_CD1] => 88
    [P_FN_CD2] => 
    [P_FN_NM] => 신한은행
    [P_AMT] => 3500
    [P_UNAME] => 정진선
    [P_RMESG1] => P_VACCT_NO=56211106518490|P_EXP_DT=20260413
    [P_RMESG2] => 
    [P_NOTI] => 
    [P_AUTH_NO] => 
)

 Array
(
    [PageCall time] => 14:55:50
    [P_TID] => INIMX_VBNKCAEcatca0720260403145254565323
    [P_MID] => CAEcatca07
    [P_AUTH_DT] => 20260403145550
    [P_STATUS] => 02
    [P_TYPE] => VBANK
    [P_OID] => 260403-011
    [P_FN_CD1] => 34
    [P_FN_CD2] => 
    [P_FN_NM] => 광주은행
    [P_AMT] => 3500
    [P_UNAME] => 우정미
    [P_RMESG1] => P_VACCT_NO=810865394495|P_EXP_DT=20260413
    [P_RMESG2] => 
    [P_NOTI] => 
    [P_AUTH_NO] => 
)

 Array
(
    [PageCall time] => 15:07:43
    [P_TID] => INIMX_VBNKCAEcatca0720260403150340725994
    [P_MID] => CAEcatca07
    [P_AUTH_DT] => 20260403150743
    [P_STATUS] => 02
    [P_TYPE] => VBANK
    [P_OID] => 260403-013
    [P_FN_CD1] => 88
    [P_FN_CD2] => 
    [P_FN_NM] => 신한은행
    [P_AMT] => 3500
    [P_UNAME] => 김회복
    [P_RMESG1] => P_VACCT_NO=56211106520902|P_EXP_DT=20260413
    [P_RMESG2] => 
    [P_NOTI] => 
    [P_AUTH_NO] => 
)

 Array
(
    [PageCall time] => 16:35:29
    [P_TID] => INIMX_VBNKCAEcatca0720260403163222565884
    [P_MID] => CAEcatca07
    [P_AUTH_DT] => 20260403163529
    [P_STATUS] => 02
    [P_TYPE] => VBANK
    [P_OID] => 260403-015
    [P_FN_CD1] => 81
    [P_FN_CD2] => 
    [P_FN_NM] => 하나은행
    [P_AMT] => 3500
    [P_UNAME] => 최상현
    [P_RMESG1] => P_VACCT_NO=20893895656437|P_EXP_DT=20260413
    [P_RMESG2] => 
    [P_NOTI] => 
    [P_AUTH_NO] => 
)

 Array
(
    [PageCall time] => 17:05:33
    [P_TID] => INIMX_VBNKCAEcatca0720260403170440475139
    [P_MID] => CAEcatca07
    [P_AUTH_DT] => 20260403170533
    [P_STATUS] => 02
    [P_TYPE] => VBANK
    [P_OID] => 260403-017
    [P_FN_CD1] => 11
    [P_FN_CD2] => 
    [P_FN_NM] => NH농협은행
    [P_AMT] => 3500
    [P_UNAME] => 전수진
    [P_RMESG1] => P_VACCT_NO=79014505382290|P_EXP_DT=20260413
    [P_RMESG2] => 
    [P_NOTI] => 
    [P_AUTH_NO] => 
)

 Array
(
    [PageCall time] => 17:39:26
    [P_TID] => INIMX_VBNKCAEcatca0720260403173652915723
    [P_MID] => CAEcatca07
    [P_AUTH_DT] => 20260403173926
    [P_STATUS] => 02
    [P_TYPE] => VBANK
    [P_OID] => 260403-019
    [P_FN_CD1] => 20
    [P_FN_CD2] => 
    [P_FN_NM] => 우리은행
    [P_AMT] => 3500
    [P_UNAME] => 박진아
    [P_RMESG1] => P_VACCT_NO=61848590118519|P_EXP_DT=20260413
    [P_RMESG2] => 
    [P_NOTI] => 
    [P_AUTH_NO] => 
)

