 Array
(
    [PageCall time] => 07:52:29
    [P_TID] => INIMX_VBNKCAEcatca0720251110074929855805
    [P_MID] => CAEcatca07
    [P_AUTH_DT] => 20251110075229
    [P_STATUS] => 02
    [P_TYPE] => VBANK
    [P_OID] => 251110-002
    [P_FN_CD1] => 04
    [P_FN_CD2] => 
    [P_FN_NM] => KB국민은행
    [P_AMT] => 3000
    [P_UNAME] => 이기형
    [P_RMESG1] => P_VACCT_NO=39319011797126|P_EXP_DT=20251120
    [P_RMESG2] => 
    [P_NOTI] => 
    [P_AUTH_NO] => 
)

 Array
(
    [PageCall time] => 10:13:34
    [P_TID] => INIMX_VBNKCAEcatca0720251110101000885664
    [P_MID] => CAEcatca07
    [P_AUTH_DT] => 20251110101334
    [P_STATUS] => 02
    [P_TYPE] => VBANK
    [P_OID] => 251110-001
    [P_FN_CD1] => 88
    [P_FN_CD2] => 
    [P_FN_NM] => 신한은행
    [P_AMT] => 3000
    [P_UNAME] => 함지희
    [P_RMESG1] => P_VACCT_NO=56211103410742|P_EXP_DT=20251120
    [P_RMESG2] => 
    [P_NOTI] => 
    [P_AUTH_NO] => 
)

 Array
(
    [PageCall time] => 11:01:57
    [P_TID] => INIMX_VBNKCAEcatca0720251110105930985353
    [P_MID] => CAEcatca07
    [P_AUTH_DT] => 20251110110157
    [P_STATUS] => 02
    [P_TYPE] => VBANK
    [P_OID] => 251110-003
    [P_FN_CD1] => 88
    [P_FN_CD2] => 
    [P_FN_NM] => 신한은행
    [P_AMT] => 3000
    [P_UNAME] => 이슬기
    [P_RMESG1] => P_VACCT_NO=56211106028526|P_EXP_DT=20251120
    [P_RMESG2] => 
    [P_NOTI] => 
    [P_AUTH_NO] => 
)

 Array
(
    [PageCall time] => 11:14:33
    [P_TID] => INIMX_VBNKCAEcatca0720251110111128195747
    [P_MID] => CAEcatca07
    [P_AUTH_DT] => 20251110111433
    [P_STATUS] => 02
    [P_TYPE] => VBANK
    [P_OID] => 251110-006
    [P_FN_CD1] => 88
    [P_FN_CD2] => 
    [P_FN_NM] => 신한은행
    [P_AMT] => 3000
    [P_UNAME] => 김보미
    [P_RMESG1] => P_VACCT_NO=56211991150200|P_EXP_DT=20251120
    [P_RMESG2] => 
    [P_NOTI] => 
    [P_AUTH_NO] => 
)

 Array
(
    [PageCall time] => 11:30:00
    [P_TID] => INIMX_VBNKCAEcatca0720251110112645795151
    [P_MID] => CAEcatca07
    [P_AUTH_DT] => 20251110113000
    [P_STATUS] => 02
    [P_TYPE] => VBANK
    [P_OID] => 251110-009
    [P_FN_CD1] => 20
    [P_FN_CD2] => 
    [P_FN_NM] => 우리은행
    [P_AMT] => 3000
    [P_UNAME] => 허연주
    [P_RMESG1] => P_VACCT_NO=32823675118777|P_EXP_DT=20251120
    [P_RMESG2] => 
    [P_NOTI] => 
    [P_AUTH_NO] => 
)

 Array
(
    [PageCall time] => 11:59:48
    [P_TID] => INIMX_VBNKCAEcatca0720251110115651235551
    [P_MID] => CAEcatca07
    [P_AUTH_DT] => 20251110115947
    [P_STATUS] => 02
    [P_TYPE] => VBANK
    [P_OID] => 251110-015
    [P_FN_CD1] => 20
    [P_FN_CD2] => 
    [P_FN_NM] => 우리은행
    [P_AMT] => 3000
    [P_UNAME] => 이명희
    [P_RMESG1] => P_VACCT_NO=32823679418314|P_EXP_DT=20251120
    [P_RMESG2] => 
    [P_NOTI] => 
    [P_AUTH_NO] => 
)

 Array
(
    [PageCall time] => 12:41:45
    [P_TID] => INIMX_VBNKCAEcatca0720251110123833775977
    [P_MID] => CAEcatca07
    [P_AUTH_DT] => 20251110124145
    [P_STATUS] => 02
    [P_TYPE] => VBANK
    [P_OID] => 251110-016
    [P_FN_CD1] => 39
    [P_FN_CD2] => 
    [P_FN_NM] => 경남은행
    [P_AMT] => 3000
    [P_UNAME] => 문지현
    [P_RMESG1] => P_VACCT_NO=573193301705|P_EXP_DT=20251120
    [P_RMESG2] => 
    [P_NOTI] => 
    [P_AUTH_NO] => 
)

 Array
(
    [PageCall time] => 12:53:44
    [P_TID] => INIMX_VBNKCAEcatca0720251110125005755313
    [P_MID] => CAEcatca07
    [P_AUTH_DT] => 20251110125343
    [P_STATUS] => 02
    [P_TYPE] => VBANK
    [P_OID] => 251110-017
    [P_FN_CD1] => 32
    [P_FN_CD2] => 
    [P_FN_NM] => 부산은행
    [P_AMT] => 3000
    [P_UNAME] => 조연우
    [P_RMESG1] => P_VACCT_NO=109924242396|P_EXP_DT=20251120
    [P_RMESG2] => 
    [P_NOTI] => 
    [P_AUTH_NO] => 
)

 Array
(
    [PageCall time] => 13:21:48
    [P_TID] => INIMX_VBNKCAEcatca0720251110132115425312
    [P_MID] => CAEcatca07
    [P_AUTH_DT] => 20251110132148
    [P_STATUS] => 02
    [P_TYPE] => VBANK
    [P_OID] => 251110-018
    [P_FN_CD1] => 11
    [P_FN_CD2] => 
    [P_FN_NM] => NH농협은행
    [P_AMT] => 3000
    [P_UNAME] => 김남명
    [P_RMESG1] => P_VACCT_NO=79015901542638|P_EXP_DT=20251120
    [P_RMESG2] => 
    [P_NOTI] => 
    [P_AUTH_NO] => 
)

 Array
(
    [PageCall time] => 13:51:53
    [P_TID] => INIMX_VBNKCAEcatca0720251110134836665516
    [P_MID] => CAEcatca07
    [P_AUTH_DT] => 20251110135153
    [P_STATUS] => 02
    [P_TYPE] => VBANK
    [P_OID] => 251110-023
    [P_FN_CD1] => 88
    [P_FN_CD2] => 
    [P_FN_NM] => 신한은행
    [P_AMT] => 3000
    [P_UNAME] => 고운율
    [P_RMESG1] => P_VACCT_NO=56211105323433|P_EXP_DT=20251120
    [P_RMESG2] => 
    [P_NOTI] => 
    [P_AUTH_NO] => 
)

 Array
(
    [PageCall time] => 14:05:13
    [P_TID] => INIMX_VBNKCAEcatca0720251110140209245016
    [P_MID] => CAEcatca07
    [P_AUTH_DT] => 20251110140513
    [P_STATUS] => 02
    [P_TYPE] => VBANK
    [P_OID] => 251110-025
    [P_FN_CD1] => 81
    [P_FN_CD2] => 
    [P_FN_NM] => 하나은행
    [P_AMT] => 3000
    [P_UNAME] => 김유나
    [P_RMESG1] => P_VACCT_NO=20893987161737|P_EXP_DT=20251120
    [P_RMESG2] => 
    [P_NOTI] => 
    [P_AUTH_NO] => 
)

 Array
(
    [PageCall time] => 14:21:28
    [P_TID] => INIMX_VBNKCAEcatca0720251110141852425362
    [P_MID] => CAEcatca07
    [P_AUTH_DT] => 20251110142128
    [P_STATUS] => 02
    [P_TYPE] => VBANK
    [P_OID] => 251110-027
    [P_FN_CD1] => 04
    [P_FN_CD2] => 
    [P_FN_NM] => KB국민은행
    [P_AMT] => 3000
    [P_UNAME] => 김한솔
    [P_RMESG1] => P_VACCT_NO=26159078402182|P_EXP_DT=20251120
    [P_RMESG2] => 
    [P_NOTI] => 
    [P_AUTH_NO] => 
)

 Array
(
    [PageCall time] => 14:41:28
    [P_TID] => INIMX_VBNKCAEcatca0720251110143840415310
    [P_MID] => CAEcatca07
    [P_AUTH_DT] => 20251110144128
    [P_STATUS] => 02
    [P_TYPE] => VBANK
    [P_OID] => 251110-022
    [P_FN_CD1] => 88
    [P_FN_CD2] => 
    [P_FN_NM] => 신한은행
    [P_AMT] => 3000
    [P_UNAME] => 이윤규
    [P_RMESG1] => P_VACCT_NO=56211105329710|P_EXP_DT=20251120
    [P_RMESG2] => 
    [P_NOTI] => 
    [P_AUTH_NO] => 
)

 Array
(
    [PageCall time] => 14:54:37
    [P_TID] => INIMX_VBNKCAEcatca0720251110145200625475
    [P_MID] => CAEcatca07
    [P_AUTH_DT] => 20251110145437
    [P_STATUS] => 02
    [P_TYPE] => VBANK
    [P_OID] => 251110-029
    [P_FN_CD1] => 03
    [P_FN_CD2] => 
    [P_FN_NM] => 기업은행
    [P_AMT] => 3000
    [P_UNAME] => 윤수정
    [P_RMESG1] => P_VACCT_NO=07500616797115|P_EXP_DT=20251120
    [P_RMESG2] => 
    [P_NOTI] => 
    [P_AUTH_NO] => 
)

 Array
(
    [PageCall time] => 14:56:37
    [P_TID] => INIMX_VBNKCAEcatca0720251110145219145466
    [P_MID] => CAEcatca07
    [P_AUTH_DT] => 20251110145637
    [P_STATUS] => 02
    [P_TYPE] => VBANK
    [P_OID] => 251110-007
    [P_FN_CD1] => 81
    [P_FN_CD2] => 
    [P_FN_NM] => 하나은행
    [P_AMT] => 3000
    [P_UNAME] => 고연엽
    [P_RMESG1] => P_VACCT_NO=20893987492037|P_EXP_DT=20251120
    [P_RMESG2] => 
    [P_NOTI] => 
    [P_AUTH_NO] => 
)

 Array
(
    [PageCall time] => 15:56:39
    [P_TID] => INIMX_VBNKCAEcatca0720251110155210765728
    [P_MID] => CAEcatca07
    [P_AUTH_DT] => 20251110155639
    [P_STATUS] => 02
    [P_TYPE] => VBANK
    [P_OID] => 251110-030
    [P_FN_CD1] => 04
    [P_FN_CD2] => 
    [P_FN_NM] => KB국민은행
    [P_AMT] => 3000
    [P_UNAME] => 임동우
    [P_RMESG1] => P_VACCT_NO=02539071535197|P_EXP_DT=20251120
    [P_RMESG2] => 
    [P_NOTI] => 
    [P_AUTH_NO] => 
)

 Array
(
    [PageCall time] => 16:57:28
    [P_TID] => INIMX_VBNKCAEcatca0720251110165447345888
    [P_MID] => CAEcatca07
    [P_AUTH_DT] => 20251110165728
    [P_STATUS] => 02
    [P_TYPE] => VBANK
    [P_OID] => 251110-031
    [P_FN_CD1] => 89
    [P_FN_CD2] => 
    [P_FN_NM] => 케이뱅크
    [P_AMT] => 3000
    [P_UNAME] => 김영훈
    [P_RMESG1] => P_VACCT_NO=70112003809764|P_EXP_DT=20251120
    [P_RMESG2] => 
    [P_NOTI] => 
    [P_AUTH_NO] => 
)

 Array
(
    [PageCall time] => 18:02:13
    [P_TID] => INIMX_VBNKCAEcatca0720251110115443825732
    [P_MID] => CAEcatca07
    [P_AUTH_DT] => 20251110180213
    [P_STATUS] => 02
    [P_TYPE] => VBANK
    [P_OID] => 251110-012
    [P_FN_CD1] => 88
    [P_FN_CD2] => 
    [P_FN_NM] => 신한은행
    [P_AMT] => 3000
    [P_UNAME] => 송기원
    [P_RMESG1] => P_VACCT_NO=56211103716278|P_EXP_DT=20251120
    [P_RMESG2] => 
    [P_NOTI] => 
    [P_AUTH_NO] => 
)

 Array
(
    [PageCall time] => 19:13:34
    [P_TID] => INIMX_VBNKCAEcatca0720251110134716195236
    [P_MID] => CAEcatca07
    [P_AUTH_DT] => 20251110191334
    [P_STATUS] => 02
    [P_TYPE] => VBANK
    [P_OID] => 251110-021
    [P_FN_CD1] => 88
    [P_FN_CD2] => 
    [P_FN_NM] => 신한은행
    [P_AMT] => 3000
    [P_UNAME] => 부산 그라체호텔
    [P_RMESG1] => P_VACCT_NO=56211105323062|P_EXP_DT=20251120
    [P_RMESG2] => 
    [P_NOTI] => 
    [P_AUTH_NO] => 
)

 Array
(
    [PageCall time] => 20:39:18
    [P_TID] => INIMX_VBNKCAEcatca0720251110203639215867
    [P_MID] => CAEcatca07
    [P_AUTH_DT] => 20251110203918
    [P_STATUS] => 02
    [P_TYPE] => VBANK
    [P_OID] => 251110-035
    [P_FN_CD1] => 81
    [P_FN_CD2] => 
    [P_FN_NM] => 하나은행
    [P_AMT] => 3000
    [P_UNAME] => 안주애
    [P_RMESG1] => P_VACCT_NO=20893990255237|P_EXP_DT=20251120
    [P_RMESG2] => 
    [P_NOTI] => 
    [P_AUTH_NO] => 
)

 Array
(
    [PageCall time] => 20:43:50
    [P_TID] => INIMX_VBNKCAEcatca0720251110204024205493
    [P_MID] => CAEcatca07
    [P_AUTH_DT] => 20251110204350
    [P_STATUS] => 02
    [P_TYPE] => VBANK
    [P_OID] => 251110-036
    [P_FN_CD1] => 34
    [P_FN_CD2] => 
    [P_FN_NM] => 광주은행
    [P_AMT] => 3000
    [P_UNAME] => 조원철
    [P_RMESG1] => P_VACCT_NO=810865106566|P_EXP_DT=20251120
    [P_RMESG2] => 
    [P_NOTI] => 
    [P_AUTH_NO] => 
)

 Array
(
    [PageCall time] => 20:48:24
    [P_TID] => INIMX_VBNKCAEcatca0720251110192451855035
    [P_MID] => CAEcatca07
    [P_AUTH_DT] => 20251110204824
    [P_STATUS] => 02
    [P_TYPE] => VBANK
    [P_OID] => 251110-034
    [P_FN_CD1] => 04
    [P_FN_CD2] => 
    [P_FN_NM] => KB국민은행
    [P_AMT] => 3000
    [P_UNAME] => 정보채
    [P_RMESG1] => P_VACCT_NO=02799071646697|P_EXP_DT=20251120
    [P_RMESG2] => 
    [P_NOTI] => 
    [P_AUTH_NO] => 
)

 Array
(
    [PageCall time] => 23:15:32
    [P_TID] => INIMX_VBNKCAEcatca0720251110231242715644
    [P_MID] => CAEcatca07
    [P_AUTH_DT] => 20251110231532
    [P_STATUS] => 02
    [P_TYPE] => VBANK
    [P_OID] => 251110-037
    [P_FN_CD1] => 88
    [P_FN_CD2] => 
    [P_FN_NM] => 신한은행
    [P_AMT] => 3000
    [P_UNAME] => 박을용
    [P_RMESG1] => P_VACCT_NO=56211105375703|P_EXP_DT=20251120
    [P_RMESG2] => 
    [P_NOTI] => 
    [P_AUTH_NO] => 
)

