 Array
(
    [PageCall time] => 15:41:07
    [P_TID] => INIMX_VBNKCAEcatca0720250329153804695801
    [P_MID] => CAEcatca07
    [P_AUTH_DT] => 20250329154107
    [P_STATUS] => 02
    [P_TYPE] => VBANK
    [P_OID] => 250329-002
    [P_FN_CD1] => 03
    [P_FN_CD2] => 
    [P_FN_NM] => 기업은행
    [P_AMT] => 3000
    [P_UNAME] => 장지환
    [P_RMESG1] => P_VACCT_NO=07503169297180|P_EXP_DT=20250408
    [P_RMESG2] => 
    [P_NOTI] => 
    [P_AUTH_NO] => 
)

 Array
(
    [PageCall time] => 15:43:46
    [P_TID] => INIMX_VBNKCAEcatca0720250329154102445747
    [P_MID] => CAEcatca07
    [P_AUTH_DT] => 20250329154346
    [P_STATUS] => 02
    [P_TYPE] => VBANK
    [P_OID] => 250329-003
    [P_FN_CD1] => 20
    [P_FN_CD2] => 
    [P_FN_NM] => 우리은행
    [P_AMT] => 3000
    [P_UNAME] => 정주연
    [P_RMESG1] => P_VACCT_NO=27388434118476|P_EXP_DT=20250408
    [P_RMESG2] => 
    [P_NOTI] => 
    [P_AUTH_NO] => 
)

 Array
(
    [PageCall time] => 18:22:08
    [P_TID] => INIMX_VBNKCAEcatca0720250329182128205509
    [P_MID] => CAEcatca07
    [P_AUTH_DT] => 20250329182208
    [P_STATUS] => 02
    [P_TYPE] => VBANK
    [P_OID] => 250329-004
    [P_FN_CD1] => 04
    [P_FN_CD2] => 
    [P_FN_NM] => KB국민은행
    [P_AMT] => 3000
    [P_UNAME] => 박선영
    [P_RMESG1] => P_VACCT_NO=26119078336010|P_EXP_DT=20250408
    [P_RMESG2] => 
    [P_NOTI] => 
    [P_AUTH_NO] => 
)

