 Array
(
    [PageCall time] => 10:07:48
    [P_TID] => INIMX_VBNKCAEcatca0720250429100508385054
    [P_MID] => CAEcatca07
    [P_AUTH_DT] => 20250429100748
    [P_STATUS] => 02
    [P_TYPE] => VBANK
    [P_OID] => 250429-001
    [P_FN_CD1] => 89
    [P_FN_CD2] => 
    [P_FN_NM] => 케이뱅크
    [P_AMT] => 3000
    [P_UNAME] => 한현진
    [P_RMESG1] => P_VACCT_NO=70112003406621|P_EXP_DT=20250509
    [P_RMESG2] => 
    [P_NOTI] => 
    [P_AUTH_NO] => 
)

 Array
(
    [PageCall time] => 10:13:16
    [P_TID] => INIMX_VBNKCAEcatca0720250429101240485943
    [P_MID] => CAEcatca07
    [P_AUTH_DT] => 20250429101316
    [P_STATUS] => 02
    [P_TYPE] => VBANK
    [P_OID] => 250429-003
    [P_FN_CD1] => 11
    [P_FN_CD2] => 
    [P_FN_NM] => NH농협은행
    [P_AMT] => 3000
    [P_UNAME] => 이웅배
    [P_RMESG1] => P_VACCT_NO=79015901988150|P_EXP_DT=20250509
    [P_RMESG2] => 
    [P_NOTI] => 
    [P_AUTH_NO] => 
)

 Array
(
    [PageCall time] => 10:21:15
    [P_TID] => INIMX_VBNKCAEcatca0720250429101337585242
    [P_MID] => CAEcatca07
    [P_AUTH_DT] => 20250429102115
    [P_STATUS] => 02
    [P_TYPE] => VBANK
    [P_OID] => 250429-002
    [P_FN_CD1] => 03
    [P_FN_CD2] => 
    [P_FN_NM] => 기업은행
    [P_AMT] => 3000
    [P_UNAME] => 김재석
    [P_RMESG1] => P_VACCT_NO=07500605197678|P_EXP_DT=20250509
    [P_RMESG2] => 
    [P_NOTI] => 
    [P_AUTH_NO] => 
)

 Array
(
    [PageCall time] => 10:32:50
    [P_TID] => INIMX_VBNKCAEcatca0720250429103105985060
    [P_MID] => CAEcatca07
    [P_AUTH_DT] => 20250429103250
    [P_STATUS] => 02
    [P_TYPE] => VBANK
    [P_OID] => 250429-004
    [P_FN_CD1] => 11
    [P_FN_CD2] => 
    [P_FN_NM] => NH농협은행
    [P_AMT] => 3000
    [P_UNAME] => 김승주
    [P_RMESG1] => P_VACCT_NO=79015901991664|P_EXP_DT=20250509
    [P_RMESG2] => 
    [P_NOTI] => 
    [P_AUTH_NO] => 
)

 Array
(
    [PageCall time] => 10:50:18
    [P_TID] => INIMX_VBNKCAEcatca0720250429104737295487
    [P_MID] => CAEcatca07
    [P_AUTH_DT] => 20250429105018
    [P_STATUS] => 02
    [P_TYPE] => VBANK
    [P_OID] => 250429-006
    [P_FN_CD1] => 03
    [P_FN_CD2] => 
    [P_FN_NM] => 기업은행
    [P_AMT] => 3000
    [P_UNAME] => 유문학
    [P_RMESG1] => P_VACCT_NO=07500606797804|P_EXP_DT=20250509
    [P_RMESG2] => 
    [P_NOTI] => 
    [P_AUTH_NO] => 
)

 Array
(
    [PageCall time] => 12:38:43
    [P_TID] => INIMX_VBNKCAEcatca0720250429123558225080
    [P_MID] => CAEcatca07
    [P_AUTH_DT] => 20250429123843
    [P_STATUS] => 02
    [P_TYPE] => VBANK
    [P_OID] => 250429-010
    [P_FN_CD1] => 88
    [P_FN_CD2] => 
    [P_FN_NM] => 신한은행
    [P_AMT] => 3000
    [P_UNAME] => 권오성
    [P_RMESG1] => P_VACCT_NO=56213170898959|P_EXP_DT=20250509
    [P_RMESG2] => 
    [P_NOTI] => 
    [P_AUTH_NO] => 
)

 Array
(
    [PageCall time] => 13:14:00
    [P_TID] => INIMX_VBNKCAEcatca0720250429131320975963
    [P_MID] => CAEcatca07
    [P_AUTH_DT] => 20250429131400
    [P_STATUS] => 02
    [P_TYPE] => VBANK
    [P_OID] => 250429-011
    [P_FN_CD1] => 04
    [P_FN_CD2] => 
    [P_FN_NM] => KB국민은행
    [P_AMT] => 3000
    [P_UNAME] => 서미미
    [P_RMESG1] => P_VACCT_NO=60489014641939|P_EXP_DT=20250509
    [P_RMESG2] => 
    [P_NOTI] => 
    [P_AUTH_NO] => 
)

 Array
(
    [PageCall time] => 13:15:52
    [P_TID] => INIMX_VBNKCAEcatca0720250429131321135481
    [P_MID] => CAEcatca07
    [P_AUTH_DT] => 20250429131552
    [P_STATUS] => 02
    [P_TYPE] => VBANK
    [P_OID] => 250429-012
    [P_FN_CD1] => 88
    [P_FN_CD2] => 
    [P_FN_NM] => 신한은행
    [P_AMT] => 3000
    [P_UNAME] => 심은서
    [P_RMESG1] => P_VACCT_NO=56213170903400|P_EXP_DT=20250509
    [P_RMESG2] => 
    [P_NOTI] => 
    [P_AUTH_NO] => 
)

 Array
(
    [PageCall time] => 13:25:45
    [P_TID] => INIMX_VBNKCAEcatca0720250429132243305795
    [P_MID] => CAEcatca07
    [P_AUTH_DT] => 20250429132545
    [P_STATUS] => 02
    [P_TYPE] => VBANK
    [P_OID] => 250429-014
    [P_FN_CD1] => 88
    [P_FN_CD2] => 
    [P_FN_NM] => 신한은행
    [P_AMT] => 3000
    [P_UNAME] => 임수원
    [P_RMESG1] => P_VACCT_NO=56213170904629|P_EXP_DT=20250509
    [P_RMESG2] => 
    [P_NOTI] => 
    [P_AUTH_NO] => 
)

 Array
(
    [PageCall time] => 13:46:46
    [P_TID] => INIMX_VBNKCAEcatca0720250429134256825575
    [P_MID] => CAEcatca07
    [P_AUTH_DT] => 20250429134646
    [P_STATUS] => 02
    [P_TYPE] => VBANK
    [P_OID] => 250429-015
    [P_FN_CD1] => 20
    [P_FN_CD2] => 
    [P_FN_NM] => 우리은행
    [P_AMT] => 3000
    [P_UNAME] => 정흥철
    [P_RMESG1] => P_VACCT_NO=27488882318349|P_EXP_DT=20250509
    [P_RMESG2] => 
    [P_NOTI] => 
    [P_AUTH_NO] => 
)

 Array
(
    [PageCall time] => 14:38:42
    [P_TID] => INIMX_VBNKCAEcatca0720250429143712505382
    [P_MID] => CAEcatca07
    [P_AUTH_DT] => 20250429143842
    [P_STATUS] => 02
    [P_TYPE] => VBANK
    [P_OID] => 250427-002
    [P_FN_CD1] => 04
    [P_FN_CD2] => 
    [P_FN_NM] => KB국민은행
    [P_AMT] => 3000
    [P_UNAME] => 조재영
    [P_RMESG1] => P_VACCT_NO=60489014661500|P_EXP_DT=20250509
    [P_RMESG2] => 
    [P_NOTI] => 
    [P_AUTH_NO] => 
)

 Array
(
    [PageCall time] => 15:07:04
    [P_TID] => INIMX_VBNKCAEcatca0720250429150323365614
    [P_MID] => CAEcatca07
    [P_AUTH_DT] => 20250429150704
    [P_STATUS] => 02
    [P_TYPE] => VBANK
    [P_OID] => 250429-017
    [P_FN_CD1] => 34
    [P_FN_CD2] => 
    [P_FN_NM] => 광주은행
    [P_AMT] => 3000
    [P_UNAME] => 정현지
    [P_RMESG1] => P_VACCT_NO=810865261593|P_EXP_DT=20250509
    [P_RMESG2] => 
    [P_NOTI] => 
    [P_AUTH_NO] => 
)

 Array
(
    [PageCall time] => 16:35:44
    [P_TID] => INIMX_VBNKCAEcatca0720250429163503235362
    [P_MID] => CAEcatca07
    [P_AUTH_DT] => 20250429163544
    [P_STATUS] => 02
    [P_TYPE] => VBANK
    [P_OID] => 250429-019
    [P_FN_CD1] => 04
    [P_FN_CD2] => 
    [P_FN_NM] => KB국민은행
    [P_AMT] => 3000
    [P_UNAME] => 서준호
    [P_RMESG1] => P_VACCT_NO=60489014697118|P_EXP_DT=20250509
    [P_RMESG2] => 
    [P_NOTI] => 
    [P_AUTH_NO] => 
)

 Array
(
    [PageCall time] => 16:43:29
    [P_TID] => INIMX_VBNKCAEcatca0720250429164040705990
    [P_MID] => CAEcatca07
    [P_AUTH_DT] => 20250429164329
    [P_STATUS] => 02
    [P_TYPE] => VBANK
    [P_OID] => 250429-021
    [P_FN_CD1] => 81
    [P_FN_CD2] => 
    [P_FN_NM] => 하나은행
    [P_AMT] => 3000
    [P_UNAME] => 김민경
    [P_RMESG1] => P_VACCT_NO=20893875926837|P_EXP_DT=20250509
    [P_RMESG2] => 
    [P_NOTI] => 
    [P_AUTH_NO] => 
)

 Array
(
    [PageCall time] => 17:23:01
    [P_TID] => INIMX_VBNKCAEcatca0720250429172207835860
    [P_MID] => CAEcatca07
    [P_AUTH_DT] => 20250429172301
    [P_STATUS] => 02
    [P_TYPE] => VBANK
    [P_OID] => 250429-023
    [P_FN_CD1] => 04
    [P_FN_CD2] => 
    [P_FN_NM] => KB국민은행
    [P_AMT] => 3000
    [P_UNAME] => 김동하
    [P_RMESG1] => P_VACCT_NO=60489014711434|P_EXP_DT=20250509
    [P_RMESG2] => 
    [P_NOTI] => 
    [P_AUTH_NO] => 
)

 Array
(
    [PageCall time] => 19:30:54
    [P_TID] => INIMX_VBNKCAEcatca0720250429192835815881
    [P_MID] => CAEcatca07
    [P_AUTH_DT] => 20250429193054
    [P_STATUS] => 02
    [P_TYPE] => VBANK
    [P_OID] => 250429-024
    [P_FN_CD1] => 04
    [P_FN_CD2] => 
    [P_FN_NM] => KB국민은행
    [P_AMT] => 3000
    [P_UNAME] => 김종화
    [P_RMESG1] => P_VACCT_NO=60489014730800|P_EXP_DT=20250509
    [P_RMESG2] => 
    [P_NOTI] => 
    [P_AUTH_NO] => 
)

 Array
(
    [PageCall time] => 19:45:50
    [P_TID] => INIMX_VBNKCAEcatca0720250429194518205205
    [P_MID] => CAEcatca07
    [P_AUTH_DT] => 20250429194550
    [P_STATUS] => 02
    [P_TYPE] => VBANK
    [P_OID] => 250429-025
    [P_FN_CD1] => 11
    [P_FN_CD2] => 
    [P_FN_NM] => NH농협은행
    [P_AMT] => 3000
    [P_UNAME] => 이지현
    [P_RMESG1] => P_VACCT_NO=79015902073518|P_EXP_DT=20250509
    [P_RMESG2] => 
    [P_NOTI] => 
    [P_AUTH_NO] => 
)

