 Array
(
    [PageCall time] => 09:22:14
    [P_TID] => INIMX_VBNKCAEcatca0720250814092121335334
    [P_MID] => CAEcatca07
    [P_AUTH_DT] => 20250814092214
    [P_STATUS] => 02
    [P_TYPE] => VBANK
    [P_OID] => 250814-002
    [P_FN_CD1] => 04
    [P_FN_CD2] => 
    [P_FN_NM] => KB국민은행
    [P_AMT] => 3000
    [P_UNAME] => 이호상
    [P_RMESG1] => P_VACCT_NO=26119078867446|P_EXP_DT=20250824
    [P_RMESG2] => 
    [P_NOTI] => 
    [P_AUTH_NO] => 
)

 Array
(
    [PageCall time] => 10:35:55
    [P_TID] => INIMX_VBNKCAEcatca0720250814103525205204
    [P_MID] => CAEcatca07
    [P_AUTH_DT] => 20250814103555
    [P_STATUS] => 02
    [P_TYPE] => VBANK
    [P_OID] => 250814-003
    [P_FN_CD1] => 04
    [P_FN_CD2] => 
    [P_FN_NM] => KB국민은행
    [P_AMT] => 3000
    [P_UNAME] => 윤인화
    [P_RMESG1] => P_VACCT_NO=26159078399709|P_EXP_DT=20250824
    [P_RMESG2] => 
    [P_NOTI] => 
    [P_AUTH_NO] => 
)

 Array
(
    [PageCall time] => 10:45:32
    [P_TID] => INIMX_VBNKCAEcatca0720250814104354735481
    [P_MID] => CAEcatca07
    [P_AUTH_DT] => 20250814104531
    [P_STATUS] => 02
    [P_TYPE] => VBANK
    [P_OID] => 250814-004
    [P_FN_CD1] => 11
    [P_FN_CD2] => 
    [P_FN_NM] => NH농협은행
    [P_AMT] => 3000
    [P_UNAME] => 김하석
    [P_RMESG1] => P_VACCT_NO=79014290918406|P_EXP_DT=20250824
    [P_RMESG2] => 
    [P_NOTI] => 
    [P_AUTH_NO] => 
)

 Array
(
    [PageCall time] => 11:03:04
    [P_TID] => INIMX_VBNKCAEcatca0720250814110229595544
    [P_MID] => CAEcatca07
    [P_AUTH_DT] => 20250814110304
    [P_STATUS] => 02
    [P_TYPE] => VBANK
    [P_OID] => 250814-005
    [P_FN_CD1] => 11
    [P_FN_CD2] => 
    [P_FN_NM] => NH농협은행
    [P_AMT] => 3000
    [P_UNAME] => 정지민
    [P_RMESG1] => P_VACCT_NO=79014290922290|P_EXP_DT=20250824
    [P_RMESG2] => 
    [P_NOTI] => 
    [P_AUTH_NO] => 
)

 Array
(
    [PageCall time] => 11:07:01
    [P_TID] => INIMX_VBNKCAEcatca0720250814110558855244
    [P_MID] => CAEcatca07
    [P_AUTH_DT] => 20250814110701
    [P_STATUS] => 02
    [P_TYPE] => VBANK
    [P_OID] => 250814-007
    [P_FN_CD1] => 11
    [P_FN_CD2] => 
    [P_FN_NM] => NH농협은행
    [P_AMT] => 3000
    [P_UNAME] => 최민혁
    [P_RMESG1] => P_VACCT_NO=79014290922800|P_EXP_DT=20250824
    [P_RMESG2] => 
    [P_NOTI] => 
    [P_AUTH_NO] => 
)

 Array
(
    [PageCall time] => 11:35:04
    [P_TID] => INIMX_VBNKCAEcatca0720250814113206205187
    [P_MID] => CAEcatca07
    [P_AUTH_DT] => 20250814113504
    [P_STATUS] => 02
    [P_TYPE] => VBANK
    [P_OID] => 250814-008
    [P_FN_CD1] => 11
    [P_FN_CD2] => 
    [P_FN_NM] => NH농협은행
    [P_AMT] => 3000
    [P_UNAME] => 홍만석
    [P_RMESG1] => P_VACCT_NO=79014290926713|P_EXP_DT=20250824
    [P_RMESG2] => 
    [P_NOTI] => 
    [P_AUTH_NO] => 
)

 Array
(
    [PageCall time] => 11:38:29
    [P_TID] => INIMX_VBNKCAEcatca0720250814113512875646
    [P_MID] => CAEcatca07
    [P_AUTH_DT] => 20250814113829
    [P_STATUS] => 02
    [P_TYPE] => VBANK
    [P_OID] => 250814-009
    [P_FN_CD1] => 88
    [P_FN_CD2] => 
    [P_FN_NM] => 신한은행
    [P_AMT] => 3000
    [P_UNAME] => 성유경
    [P_RMESG1] => P_VACCT_NO=56211991485326|P_EXP_DT=20250824
    [P_RMESG2] => 
    [P_NOTI] => 
    [P_AUTH_NO] => 
)

 Array
(
    [PageCall time] => 13:23:17
    [P_TID] => INIMX_VBNKCAEcatca0720250814131946985960
    [P_MID] => CAEcatca07
    [P_AUTH_DT] => 20250814132317
    [P_STATUS] => 02
    [P_TYPE] => VBANK
    [P_OID] => 250814-011
    [P_FN_CD1] => 88
    [P_FN_CD2] => 
    [P_FN_NM] => 신한은행
    [P_AMT] => 3000
    [P_UNAME] => 이명순
    [P_RMESG1] => P_VACCT_NO=56211991492860|P_EXP_DT=20250824
    [P_RMESG2] => 
    [P_NOTI] => 
    [P_AUTH_NO] => 
)

 Array
(
    [PageCall time] => 13:37:51
    [P_TID] => INIMX_VBNKCAEcatca0720250814133718665264
    [P_MID] => CAEcatca07
    [P_AUTH_DT] => 20250814133751
    [P_STATUS] => 02
    [P_TYPE] => VBANK
    [P_OID] => 250814-012
    [P_FN_CD1] => 11
    [P_FN_CD2] => 
    [P_FN_NM] => NH농협은행
    [P_AMT] => 3000
    [P_UNAME] => 채효윤
    [P_RMESG1] => P_VACCT_NO=79014290941120|P_EXP_DT=20250824
    [P_RMESG2] => 
    [P_NOTI] => 
    [P_AUTH_NO] => 
)

 Array
(
    [PageCall time] => 13:41:59
    [P_TID] => INIMX_VBNKCAEcatca0720250814133921935696
    [P_MID] => CAEcatca07
    [P_AUTH_DT] => 20250814134159
    [P_STATUS] => 02
    [P_TYPE] => VBANK
    [P_OID] => 250814-013
    [P_FN_CD1] => 20
    [P_FN_CD2] => 
    [P_FN_NM] => 우리은행
    [P_AMT] => 3000
    [P_UNAME] => 김다정
    [P_RMESG1] => P_VACCT_NO=27389201018755|P_EXP_DT=20250824
    [P_RMESG2] => 
    [P_NOTI] => 
    [P_AUTH_NO] => 
)

 Array
(
    [PageCall time] => 13:58:09
    [P_TID] => INIMX_VBNKCAEcatca0720250814135517635019
    [P_MID] => CAEcatca07
    [P_AUTH_DT] => 20250814135809
    [P_STATUS] => 02
    [P_TYPE] => VBANK
    [P_OID] => 250814-015
    [P_FN_CD1] => 03
    [P_FN_CD2] => 
    [P_FN_NM] => 기업은행
    [P_AMT] => 3000
    [P_UNAME] => 오명훈
    [P_RMESG1] => P_VACCT_NO=07503221497012|P_EXP_DT=20250824
    [P_RMESG2] => 
    [P_NOTI] => 
    [P_AUTH_NO] => 
)

 Array
(
    [PageCall time] => 14:40:13
    [P_TID] => INIMX_VBNKCAEcatca0720250814143336565864
    [P_MID] => CAEcatca07
    [P_AUTH_DT] => 20250814144013
    [P_STATUS] => 02
    [P_TYPE] => VBANK
    [P_OID] => 250814-016
    [P_FN_CD1] => 88
    [P_FN_CD2] => 
    [P_FN_NM] => 신한은행
    [P_AMT] => 3000
    [P_UNAME] => 고충현
    [P_RMESG1] => P_VACCT_NO=56211991500408|P_EXP_DT=20250824
    [P_RMESG2] => 
    [P_NOTI] => 
    [P_AUTH_NO] => 
)

 Array
(
    [PageCall time] => 15:46:15
    [P_TID] => INIMX_VBNKCAEcatca0720250814154348805801
    [P_MID] => CAEcatca07
    [P_AUTH_DT] => 20250814154615
    [P_STATUS] => 02
    [P_TYPE] => VBANK
    [P_OID] => 250814-019
    [P_FN_CD1] => 88
    [P_FN_CD2] => 
    [P_FN_NM] => 신한은행
    [P_AMT] => 3000
    [P_UNAME] => 홍율아
    [P_RMESG1] => P_VACCT_NO=56211991508518|P_EXP_DT=20250824
    [P_RMESG2] => 
    [P_NOTI] => 
    [P_AUTH_NO] => 
)

 Array
(
    [PageCall time] => 15:51:14
    [P_TID] => INIMX_VBNKCAEcatca0720250814155029655557
    [P_MID] => CAEcatca07
    [P_AUTH_DT] => 20250814155114
    [P_STATUS] => 02
    [P_TYPE] => VBANK
    [P_OID] => 250814-020
    [P_FN_CD1] => 04
    [P_FN_CD2] => 
    [P_FN_NM] => KB국민은행
    [P_AMT] => 3000
    [P_UNAME] => 김건우
    [P_RMESG1] => P_VACCT_NO=40139011059620|P_EXP_DT=20250824
    [P_RMESG2] => 
    [P_NOTI] => 
    [P_AUTH_NO] => 
)

 Array
(
    [PageCall time] => 16:13:50
    [P_TID] => INIMX_VBNKCAEcatca0720250814161140435257
    [P_MID] => CAEcatca07
    [P_AUTH_DT] => 20250814161350
    [P_STATUS] => 02
    [P_TYPE] => VBANK
    [P_OID] => 250813-036
    [P_FN_CD1] => 11
    [P_FN_CD2] => 
    [P_FN_NM] => NH농협은행
    [P_AMT] => 3000
    [P_UNAME] => 김영희
    [P_RMESG1] => P_VACCT_NO=79014290962973|P_EXP_DT=20250824
    [P_RMESG2] => 
    [P_NOTI] => 
    [P_AUTH_NO] => 
)

 Array
(
    [PageCall time] => 19:00:25
    [P_TID] => INIMX_VBNKCAEcatca0720250814185816145873
    [P_MID] => CAEcatca07
    [P_AUTH_DT] => 20250814190025
    [P_STATUS] => 02
    [P_TYPE] => VBANK
    [P_OID] => 250814-025
    [P_FN_CD1] => 11
    [P_FN_CD2] => 
    [P_FN_NM] => NH농협은행
    [P_AMT] => 3000
    [P_UNAME] => 서미숙
    [P_RMESG1] => P_VACCT_NO=79014290979871|P_EXP_DT=20250824
    [P_RMESG2] => 
    [P_NOTI] => 
    [P_AUTH_NO] => 
)

 Array
(
    [PageCall time] => 19:32:24
    [P_TID] => INIMX_VBNKCAEcatca0720250814192941005222
    [P_MID] => CAEcatca07
    [P_AUTH_DT] => 20250814193224
    [P_STATUS] => 02
    [P_TYPE] => VBANK
    [P_OID] => 250814-027
    [P_FN_CD1] => 88
    [P_FN_CD2] => 
    [P_FN_NM] => 신한은행
    [P_AMT] => 3000
    [P_UNAME] => 우지연
    [P_RMESG1] => P_VACCT_NO=56211991524970|P_EXP_DT=20250824
    [P_RMESG2] => 
    [P_NOTI] => 
    [P_AUTH_NO] => 
)

 Array
(
    [PageCall time] => 22:55:00
    [P_TID] => INIMX_VBNKCAEcatca0720250814225215185346
    [P_MID] => CAEcatca07
    [P_AUTH_DT] => 20250814225500
    [P_STATUS] => 02
    [P_TYPE] => VBANK
    [P_OID] => 250814-029
    [P_FN_CD1] => 20
    [P_FN_CD2] => 
    [P_FN_NM] => 우리은행
    [P_AMT] => 3000
    [P_UNAME] => 이지안
    [P_RMESG1] => P_VACCT_NO=27389224918678|P_EXP_DT=20250824
    [P_RMESG2] => 
    [P_NOTI] => 
    [P_AUTH_NO] => 
)

