 Array
(
    [PageCall time] => 05:51:18
    [P_TID] => INIMX_VBNKCAEcatca0720260405054820395836
    [P_MID] => CAEcatca07
    [P_AUTH_DT] => 20260405055118
    [P_STATUS] => 02
    [P_TYPE] => VBANK
    [P_OID] => 260405-001
    [P_FN_CD1] => 20
    [P_FN_CD2] => 
    [P_FN_NM] => 우리은행
    [P_AMT] => 3500
    [P_UNAME] => 손선희
    [P_RMESG1] => P_VACCT_NO=27388502818626|P_EXP_DT=20260415
    [P_RMESG2] => 
    [P_NOTI] => 
    [P_AUTH_NO] => 
)

 Array
(
    [PageCall time] => 08:29:16
    [P_TID] => INIMX_VBNKCAEcatca0720260405082641705710
    [P_MID] => CAEcatca07
    [P_AUTH_DT] => 20260405082916
    [P_STATUS] => 02
    [P_TYPE] => VBANK
    [P_OID] => 260405-003
    [P_FN_CD1] => 88
    [P_FN_CD2] => 
    [P_FN_NM] => 신한은행
    [P_AMT] => 3500
    [P_UNAME] => 최인경
    [P_RMESG1] => P_VACCT_NO=56211106608753|P_EXP_DT=20260415
    [P_RMESG2] => 
    [P_NOTI] => 
    [P_AUTH_NO] => 
)

 Array
(
    [PageCall time] => 10:15:45
    [P_TID] => INIMX_VBNKCAEcatca0720260405101255265142
    [P_MID] => CAEcatca07
    [P_AUTH_DT] => 20260405101545
    [P_STATUS] => 02
    [P_TYPE] => VBANK
    [P_OID] => 260405-004
    [P_FN_CD1] => 34
    [P_FN_CD2] => 
    [P_FN_NM] => 광주은행
    [P_AMT] => 3500
    [P_UNAME] => 박지민
    [P_RMESG1] => P_VACCT_NO=810865398338|P_EXP_DT=20260415
    [P_RMESG2] => 
    [P_NOTI] => 
    [P_AUTH_NO] => 
)

 Array
(
    [PageCall time] => 10:57:35
    [P_TID] => INIMX_VBNKCAEcatca0720260405105501895485
    [P_MID] => CAEcatca07
    [P_AUTH_DT] => 20260405105735
    [P_STATUS] => 02
    [P_TYPE] => VBANK
    [P_OID] => 260402-025
    [P_FN_CD1] => 88
    [P_FN_CD2] => 
    [P_FN_NM] => 신한은행
    [P_AMT] => 3500
    [P_UNAME] => 오창준
    [P_RMESG1] => P_VACCT_NO=56211106613223|P_EXP_DT=20260415
    [P_RMESG2] => 
    [P_NOTI] => 
    [P_AUTH_NO] => 
)

 Array
(
    [PageCall time] => 13:21:53
    [P_TID] => INIMX_VBNKCAEcatca0720260405131831915864
    [P_MID] => CAEcatca07
    [P_AUTH_DT] => 20260405132153
    [P_STATUS] => 02
    [P_TYPE] => VBANK
    [P_OID] => 260405-008
    [P_FN_CD1] => 11
    [P_FN_CD2] => 
    [P_FN_NM] => NH농협은행
    [P_AMT] => 3500
    [P_UNAME] => 박진희
    [P_RMESG1] => P_VACCT_NO=79014505545888|P_EXP_DT=20260415
    [P_RMESG2] => 
    [P_NOTI] => 
    [P_AUTH_NO] => 
)

 Array
(
    [PageCall time] => 15:44:31
    [P_TID] => INIMX_VBNKCAEcatca0720260405154103925969
    [P_MID] => CAEcatca07
    [P_AUTH_DT] => 20260405154431
    [P_STATUS] => 02
    [P_TYPE] => VBANK
    [P_OID] => 260405-009
    [P_FN_CD1] => 04
    [P_FN_CD2] => 
    [P_FN_NM] => KB국민은행
    [P_AMT] => 3500
    [P_UNAME] => 고건웅
    [P_RMESG1] => P_VACCT_NO=96439078194791|P_EXP_DT=20260415
    [P_RMESG2] => 
    [P_NOTI] => 
    [P_AUTH_NO] => 
)

 Array
(
    [PageCall time] => 17:55:35
    [P_TID] => INIMX_VBNKCAEcatca0720260405175208895907
    [P_MID] => CAEcatca07
    [P_AUTH_DT] => 20260405175535
    [P_STATUS] => 02
    [P_TYPE] => VBANK
    [P_OID] => 260405-010
    [P_FN_CD1] => 04
    [P_FN_CD2] => 
    [P_FN_NM] => KB국민은행
    [P_AMT] => 3500
    [P_UNAME] => 김민정
    [P_RMESG1] => P_VACCT_NO=96439078260566|P_EXP_DT=20260415
    [P_RMESG2] => 
    [P_NOTI] => 
    [P_AUTH_NO] => 
)

 Array
(
    [PageCall time] => 20:03:23
    [P_TID] => INIMX_VBNKCAEcatca0720260405200019135697
    [P_MID] => CAEcatca07
    [P_AUTH_DT] => 20260405200323
    [P_STATUS] => 02
    [P_TYPE] => VBANK
    [P_OID] => 260405-011
    [P_FN_CD1] => 20
    [P_FN_CD2] => 
    [P_FN_NM] => 우리은행
    [P_AMT] => 3500
    [P_UNAME] => 정경숙
    [P_RMESG1] => P_VACCT_NO=61848644618841|P_EXP_DT=20260415
    [P_RMESG2] => 
    [P_NOTI] => 
    [P_AUTH_NO] => 
)

 Array
(
    [PageCall time] => 20:12:52
    [P_TID] => INIMX_VBNKCAEcatca0720260405200932875998
    [P_MID] => CAEcatca07
    [P_AUTH_DT] => 20260405201252
    [P_STATUS] => 02
    [P_TYPE] => VBANK
    [P_OID] => 260405-012
    [P_FN_CD1] => 04
    [P_FN_CD2] => 
    [P_FN_NM] => KB국민은행
    [P_AMT] => 3500
    [P_UNAME] => 하예지
    [P_RMESG1] => P_VACCT_NO=96439078291616|P_EXP_DT=20260415
    [P_RMESG2] => 
    [P_NOTI] => 
    [P_AUTH_NO] => 
)

 Array
(
    [PageCall time] => 20:28:47
    [P_TID] => INIMX_VBNKCAEcatca0720260405202542415896
    [P_MID] => CAEcatca07
    [P_AUTH_DT] => 20260405202847
    [P_STATUS] => 02
    [P_TYPE] => VBANK
    [P_OID] => 260405-013
    [P_FN_CD1] => 88
    [P_FN_CD2] => 
    [P_FN_NM] => 신한은행
    [P_AMT] => 3500
    [P_UNAME] => 이형신
    [P_RMESG1] => P_VACCT_NO=56211106634848|P_EXP_DT=20260415
    [P_RMESG2] => 
    [P_NOTI] => 
    [P_AUTH_NO] => 
)

 Array
(
    [PageCall time] => 20:43:00
    [P_TID] => INIMX_VBNKCAEcatca0720260405204030725295
    [P_MID] => CAEcatca07
    [P_AUTH_DT] => 20260405204300
    [P_STATUS] => 02
    [P_TYPE] => VBANK
    [P_OID] => 260405-014
    [P_FN_CD1] => 03
    [P_FN_CD2] => 
    [P_FN_NM] => 기업은행
    [P_AMT] => 3500
    [P_UNAME] => 박재민
    [P_RMESG1] => P_VACCT_NO=07502363397153|P_EXP_DT=20260415
    [P_RMESG2] => 
    [P_NOTI] => 
    [P_AUTH_NO] => 
)

 Array
(
    [PageCall time] => 22:36:15
    [P_TID] => INIMX_VBNKCAEcatca0720260405223251435597
    [P_MID] => CAEcatca07
    [P_AUTH_DT] => 20260405223615
    [P_STATUS] => 02
    [P_TYPE] => VBANK
    [P_OID] => 260405-016
    [P_FN_CD1] => 20
    [P_FN_CD2] => 
    [P_FN_NM] => 우리은행
    [P_AMT] => 3500
    [P_UNAME] => 김미현
    [P_RMESG1] => P_VACCT_NO=61848649518091|P_EXP_DT=20260415
    [P_RMESG2] => 
    [P_NOTI] => 
    [P_AUTH_NO] => 
)

 Array
(
    [PageCall time] => 23:04:38
    [P_TID] => INIMX_VBNKCAEcatca0720260405230126505647
    [P_MID] => CAEcatca07
    [P_AUTH_DT] => 20260405230438
    [P_STATUS] => 02
    [P_TYPE] => VBANK
    [P_OID] => 260405-017
    [P_FN_CD1] => 04
    [P_FN_CD2] => 
    [P_FN_NM] => KB국민은행
    [P_AMT] => 3500
    [P_UNAME] => 김민수
    [P_RMESG1] => P_VACCT_NO=96439078338520|P_EXP_DT=20260415
    [P_RMESG2] => 
    [P_NOTI] => 
    [P_AUTH_NO] => 
)

