 Array
(
    [PageCall time] => 00:44:50
    [P_TID] => INIMX_VBNKCAEcatca0720251018235122325704
    [P_MID] => CAEcatca07
    [P_AUTH_DT] => 20251019004450
    [P_STATUS] => 02
    [P_TYPE] => VBANK
    [P_OID] => 251018-013
    [P_FN_CD1] => 04
    [P_FN_CD2] => 
    [P_FN_NM] => KB국민은행
    [P_AMT] => 3000
    [P_UNAME] => 양한올
    [P_RMESG1] => P_VACCT_NO=26159078213845|P_EXP_DT=20251028
    [P_RMESG2] => 
    [P_NOTI] => 
    [P_AUTH_NO] => 
)

 Array
(
    [PageCall time] => 08:31:47
    [P_TID] => INIMX_VBNKCAEcatca0720251019082640185067
    [P_MID] => CAEcatca07
    [P_AUTH_DT] => 20251019083147
    [P_STATUS] => 02
    [P_TYPE] => VBANK
    [P_OID] => 251018-003
    [P_FN_CD1] => 88
    [P_FN_CD2] => 
    [P_FN_NM] => 신한은행
    [P_AMT] => 3000
    [P_UNAME] => 박미진
    [P_RMESG1] => P_VACCT_NO=56211992440697|P_EXP_DT=20251029
    [P_RMESG2] => 
    [P_NOTI] => 
    [P_AUTH_NO] => 
)

 Array
(
    [PageCall time] => 11:05:59
    [P_TID] => INIMX_VBNKCAEcatca0720251019110326595009
    [P_MID] => CAEcatca07
    [P_AUTH_DT] => 20251019110559
    [P_STATUS] => 02
    [P_TYPE] => VBANK
    [P_OID] => 251019-002
    [P_FN_CD1] => 89
    [P_FN_CD2] => 
    [P_FN_NM] => 케이뱅크
    [P_AMT] => 3000
    [P_UNAME] => 신권삼
    [P_RMESG1] => P_VACCT_NO=70112003624004|P_EXP_DT=20251029
    [P_RMESG2] => 
    [P_NOTI] => 
    [P_AUTH_NO] => 
)

 Array
(
    [PageCall time] => 14:06:45
    [P_TID] => INIMX_VBNKCAEcatca0720251019140122145525
    [P_MID] => CAEcatca07
    [P_AUTH_DT] => 20251019140645
    [P_STATUS] => 02
    [P_TYPE] => VBANK
    [P_OID] => 251019-004
    [P_FN_CD1] => 20
    [P_FN_CD2] => 
    [P_FN_NM] => 우리은행
    [P_AMT] => 3000
    [P_UNAME] => 조명희
    [P_RMESG1] => P_VACCT_NO=27491285518018|P_EXP_DT=20251029
    [P_RMESG2] => 
    [P_NOTI] => 
    [P_AUTH_NO] => 
)

 Array
(
    [PageCall time] => 14:43:17
    [P_TID] => INIMX_VBNKCAEcatca0720251019144024935695
    [P_MID] => CAEcatca07
    [P_AUTH_DT] => 20251019144317
    [P_STATUS] => 02
    [P_TYPE] => VBANK
    [P_OID] => 251019-005
    [P_FN_CD1] => 88
    [P_FN_CD2] => 
    [P_FN_NM] => 신한은행
    [P_AMT] => 3000
    [P_UNAME] => 이주은
    [P_RMESG1] => P_VACCT_NO=56211104079726|P_EXP_DT=20251029
    [P_RMESG2] => 
    [P_NOTI] => 
    [P_AUTH_NO] => 
)

 Array
(
    [PageCall time] => 14:47:47
    [P_TID] => INIMX_VBNKCAEcatca0720251019144454605511
    [P_MID] => CAEcatca07
    [P_AUTH_DT] => 20251019144747
    [P_STATUS] => 02
    [P_TYPE] => VBANK
    [P_OID] => 251019-003
    [P_FN_CD1] => 04
    [P_FN_CD2] => 
    [P_FN_NM] => KB국민은행
    [P_AMT] => 3000
    [P_UNAME] => 장정옥
    [P_RMESG1] => P_VACCT_NO=26159078249693|P_EXP_DT=20251029
    [P_RMESG2] => 
    [P_NOTI] => 
    [P_AUTH_NO] => 
)

 Array
(
    [PageCall time] => 17:09:08
    [P_TID] => INIMX_VBNKCAEcatca0720251019170534735357
    [P_MID] => CAEcatca07
    [P_AUTH_DT] => 20251019170908
    [P_STATUS] => 02
    [P_TYPE] => VBANK
    [P_OID] => 251019-006
    [P_FN_CD1] => 20
    [P_FN_CD2] => 
    [P_FN_NM] => 우리은행
    [P_AMT] => 3000
    [P_UNAME] => 김형식
    [P_RMESG1] => P_VACCT_NO=27491291118844|P_EXP_DT=20251029
    [P_RMESG2] => 
    [P_NOTI] => 
    [P_AUTH_NO] => 
)

 Array
(
    [PageCall time] => 17:14:19
    [P_TID] => INIMX_VBNKCAEcatca0720251019171111525188
    [P_MID] => CAEcatca07
    [P_AUTH_DT] => 20251019171419
    [P_STATUS] => 02
    [P_TYPE] => VBANK
    [P_OID] => 251019-007
    [P_FN_CD1] => 88
    [P_FN_CD2] => 
    [P_FN_NM] => 신한은행
    [P_AMT] => 3000
    [P_UNAME] => 유성민
    [P_RMESG1] => P_VACCT_NO=56211104086738|P_EXP_DT=20251029
    [P_RMESG2] => 
    [P_NOTI] => 
    [P_AUTH_NO] => 
)

 Array
(
    [PageCall time] => 19:38:56
    [P_TID] => INIMX_VBNKCAEcatca0720251019193248945717
    [P_MID] => CAEcatca07
    [P_AUTH_DT] => 20251019193856
    [P_STATUS] => 02
    [P_TYPE] => VBANK
    [P_OID] => 251019-010
    [P_FN_CD1] => 88
    [P_FN_CD2] => 
    [P_FN_NM] => 신한은행
    [P_AMT] => 3000
    [P_UNAME] => 김현성
    [P_RMESG1] => P_VACCT_NO=56211104093294|P_EXP_DT=20251029
    [P_RMESG2] => 
    [P_NOTI] => 
    [P_AUTH_NO] => 
)

 Array
(
    [PageCall time] => 23:26:28
    [P_TID] => INIMX_VBNKCAEcatca0720251019232333125930
    [P_MID] => CAEcatca07
    [P_AUTH_DT] => 20251019232628
    [P_STATUS] => 02
    [P_TYPE] => VBANK
    [P_OID] => 251019-013
    [P_FN_CD1] => 04
    [P_FN_CD2] => 
    [P_FN_NM] => KB국민은행
    [P_AMT] => 3000
    [P_UNAME] => 박아랑
    [P_RMESG1] => P_VACCT_NO=26159078363683|P_EXP_DT=20251029
    [P_RMESG2] => 
    [P_NOTI] => 
    [P_AUTH_NO] => 
)

