 Array
(
    [PageCall time] => 07:19:23
    [P_TID] => INIMX_VBNKCAEcatca0720250325071624465456
    [P_MID] => CAEcatca07
    [P_AUTH_DT] => 20250325071923
    [P_STATUS] => 02
    [P_TYPE] => VBANK
    [P_OID] => 250325-001
    [P_FN_CD1] => 81
    [P_FN_CD2] => 
    [P_FN_NM] => 하나은행
    [P_AMT] => 3000
    [P_UNAME] => 최은희
    [P_RMESG1] => P_VACCT_NO=20893968369937|P_EXP_DT=20250404
    [P_RMESG2] => 
    [P_NOTI] => 
    [P_AUTH_NO] => 
)

 Array
(
    [PageCall time] => 07:56:21
    [P_TID] => INIMX_VBNKCAEcatca0720250325075238865118
    [P_MID] => CAEcatca07
    [P_AUTH_DT] => 20250325075621
    [P_STATUS] => 02
    [P_TYPE] => VBANK
    [P_OID] => 250325-002
    [P_FN_CD1] => 88
    [P_FN_CD2] => 
    [P_FN_NM] => 신한은행
    [P_AMT] => 3000
    [P_UNAME] => 김진이
    [P_RMESG1] => P_VACCT_NO=56211105752435|P_EXP_DT=20250404
    [P_RMESG2] => 
    [P_NOTI] => 
    [P_AUTH_NO] => 
)

 Array
(
    [PageCall time] => 08:53:36
    [P_TID] => INIMX_VBNKCAEcatca0720250325085040715171
    [P_MID] => CAEcatca07
    [P_AUTH_DT] => 20250325085336
    [P_STATUS] => 02
    [P_TYPE] => VBANK
    [P_OID] => 250325-003
    [P_FN_CD1] => 03
    [P_FN_CD2] => 
    [P_FN_NM] => 기업은행
    [P_AMT] => 3000
    [P_UNAME] => 김연자
    [P_RMESG1] => P_VACCT_NO=07503150097368|P_EXP_DT=20250404
    [P_RMESG2] => 
    [P_NOTI] => 
    [P_AUTH_NO] => 
)

 Array
(
    [PageCall time] => 09:32:17
    [P_TID] => INIMX_VBNKCAEcatca0720250325093056585371
    [P_MID] => CAEcatca07
    [P_AUTH_DT] => 20250325093217
    [P_STATUS] => 02
    [P_TYPE] => VBANK
    [P_OID] => 250325-006
    [P_FN_CD1] => 11
    [P_FN_CD2] => 
    [P_FN_NM] => NH농협은행
    [P_AMT] => 3000
    [P_UNAME] => 김도연
    [P_RMESG1] => P_VACCT_NO=79014508666915|P_EXP_DT=20250404
    [P_RMESG2] => 
    [P_NOTI] => 
    [P_AUTH_NO] => 
)

 Array
(
    [PageCall time] => 09:36:32
    [P_TID] => INIMX_VBNKCAEcatca0720250325093237995258
    [P_MID] => CAEcatca07
    [P_AUTH_DT] => 20250325093632
    [P_STATUS] => 02
    [P_TYPE] => VBANK
    [P_OID] => 250325-004
    [P_FN_CD1] => 89
    [P_FN_CD2] => 
    [P_FN_NM] => 케이뱅크
    [P_AMT] => 3000
    [P_UNAME] => 김효남
    [P_RMESG1] => P_VACCT_NO=70112004205179|P_EXP_DT=20250404
    [P_RMESG2] => 
    [P_NOTI] => 
    [P_AUTH_NO] => 
)

 Array
(
    [PageCall time] => 10:45:51
    [P_TID] => INIMX_VBNKCAEcatca0720250325100552935549
    [P_MID] => CAEcatca07
    [P_AUTH_DT] => 20250325104551
    [P_STATUS] => 02
    [P_TYPE] => VBANK
    [P_OID] => 250325-007
    [P_FN_CD1] => 11
    [P_FN_CD2] => 
    [P_FN_NM] => NH농협은행
    [P_AMT] => 3000
    [P_UNAME] => 전혜진
    [P_RMESG1] => P_VACCT_NO=79014508670104|P_EXP_DT=20250404
    [P_RMESG2] => 
    [P_NOTI] => 
    [P_AUTH_NO] => 
)

 Array
(
    [PageCall time] => 11:35:53
    [P_TID] => INIMX_VBNKCAEcatca0720250325113044355835
    [P_MID] => CAEcatca07
    [P_AUTH_DT] => 20250325113553
    [P_STATUS] => 02
    [P_TYPE] => VBANK
    [P_OID] => 250325-008
    [P_FN_CD1] => 81
    [P_FN_CD2] => 
    [P_FN_NM] => 하나은행
    [P_AMT] => 3000
    [P_UNAME] => 김은주
    [P_RMESG1] => P_VACCT_NO=20894122706137|P_EXP_DT=20250404
    [P_RMESG2] => 
    [P_NOTI] => 
    [P_AUTH_NO] => 
)

 Array
(
    [PageCall time] => 11:45:02
    [P_TID] => INIMX_VBNKCAEcatca0720250325114201375732
    [P_MID] => CAEcatca07
    [P_AUTH_DT] => 20250325114502
    [P_STATUS] => 02
    [P_TYPE] => VBANK
    [P_OID] => 250325-010
    [P_FN_CD1] => 03
    [P_FN_CD2] => 
    [P_FN_NM] => 기업은행
    [P_AMT] => 3000
    [P_UNAME] => 유현용
    [P_RMESG1] => P_VACCT_NO=07503151297998|P_EXP_DT=20250404
    [P_RMESG2] => 
    [P_NOTI] => 
    [P_AUTH_NO] => 
)

 Array
(
    [PageCall time] => 13:44:42
    [P_TID] => INIMX_VBNKCAEcatca0720250325134213665507
    [P_MID] => CAEcatca07
    [P_AUTH_DT] => 20250325134442
    [P_STATUS] => 02
    [P_TYPE] => VBANK
    [P_OID] => 250325-012
    [P_FN_CD1] => 81
    [P_FN_CD2] => 
    [P_FN_NM] => 하나은행
    [P_AMT] => 3000
    [P_UNAME] => 김혁태
    [P_RMESG1] => P_VACCT_NO=20894123587337|P_EXP_DT=20250404
    [P_RMESG2] => 
    [P_NOTI] => 
    [P_AUTH_NO] => 
)

 Array
(
    [PageCall time] => 14:18:11
    [P_TID] => INIMX_VBNKCAEcatca0720250325141714545161
    [P_MID] => CAEcatca07
    [P_AUTH_DT] => 20250325141811
    [P_STATUS] => 02
    [P_TYPE] => VBANK
    [P_OID] => 250325-014
    [P_FN_CD1] => 04
    [P_FN_CD2] => 
    [P_FN_NM] => KB국민은행
    [P_AMT] => 3000
    [P_UNAME] => 신유수
    [P_RMESG1] => P_VACCT_NO=26029078755450|P_EXP_DT=20250404
    [P_RMESG2] => 
    [P_NOTI] => 
    [P_AUTH_NO] => 
)

 Array
(
    [PageCall time] => 16:18:16
    [P_TID] => INIMX_VBNKCAEcatca0720250325161718285853
    [P_MID] => CAEcatca07
    [P_AUTH_DT] => 20250325161816
    [P_STATUS] => 02
    [P_TYPE] => VBANK
    [P_OID] => 250325-018
    [P_FN_CD1] => 11
    [P_FN_CD2] => 
    [P_FN_NM] => NH농협은행
    [P_AMT] => 3000
    [P_UNAME] => 임현정
    [P_RMESG1] => P_VACCT_NO=79014508706366|P_EXP_DT=20250404
    [P_RMESG2] => 
    [P_NOTI] => 
    [P_AUTH_NO] => 
)

 Array
(
    [PageCall time] => 17:49:39
    [P_TID] => INIMX_VBNKCAEcatca0720250325174554265121
    [P_MID] => CAEcatca07
    [P_AUTH_DT] => 20250325174939
    [P_STATUS] => 02
    [P_TYPE] => VBANK
    [P_OID] => 250325-016
    [P_FN_CD1] => 03
    [P_FN_CD2] => 
    [P_FN_NM] => 기업은행
    [P_AMT] => 3000
    [P_UNAME] => 정희석
    [P_RMESG1] => P_VACCT_NO=07503154197049|P_EXP_DT=20250404
    [P_RMESG2] => 
    [P_NOTI] => 
    [P_AUTH_NO] => 
)

 Array
(
    [PageCall time] => 18:06:01
    [P_TID] => INIMX_VBNKCAEcatca0720250325180137615347
    [P_MID] => CAEcatca07
    [P_AUTH_DT] => 20250325180601
    [P_STATUS] => 02
    [P_TYPE] => VBANK
    [P_OID] => 250325-020
    [P_FN_CD1] => 11
    [P_FN_CD2] => 
    [P_FN_NM] => NH농협은행
    [P_AMT] => 3000
    [P_UNAME] => 이상희
    [P_RMESG1] => P_VACCT_NO=79014508714636|P_EXP_DT=20250404
    [P_RMESG2] => 
    [P_NOTI] => 
    [P_AUTH_NO] => 
)

 Array
(
    [PageCall time] => 18:14:30
    [P_TID] => INIMX_VBNKCAEcatca0720250325181324275679
    [P_MID] => CAEcatca07
    [P_AUTH_DT] => 20250325181430
    [P_STATUS] => 02
    [P_TYPE] => VBANK
    [P_OID] => 250325-021
    [P_FN_CD1] => 11
    [P_FN_CD2] => 
    [P_FN_NM] => NH농협은행
    [P_AMT] => 3000
    [P_UNAME] => 김은경
    [P_RMESG1] => P_VACCT_NO=79014508715381|P_EXP_DT=20250404
    [P_RMESG2] => 
    [P_NOTI] => 
    [P_AUTH_NO] => 
)

 Array
(
    [PageCall time] => 18:43:08
    [P_TID] => INIMX_VBNKCAEcatca0720250325183436525828
    [P_MID] => CAEcatca07
    [P_AUTH_DT] => 20250325184308
    [P_STATUS] => 02
    [P_TYPE] => VBANK
    [P_OID] => 250325-011
    [P_FN_CD1] => 88
    [P_FN_CD2] => 
    [P_FN_NM] => 신한은행
    [P_AMT] => 3000
    [P_UNAME] => 김미향
    [P_RMESG1] => P_VACCT_NO=56211991586766|P_EXP_DT=20250404
    [P_RMESG2] => 
    [P_NOTI] => 
    [P_AUTH_NO] => 
)

 Array
(
    [PageCall time] => 19:11:48
    [P_TID] => INIMX_VBNKCAEcatca0720250325190955105897
    [P_MID] => CAEcatca07
    [P_AUTH_DT] => 20250325191148
    [P_STATUS] => 02
    [P_TYPE] => VBANK
    [P_OID] => 250325-024
    [P_FN_CD1] => 04
    [P_FN_CD2] => 
    [P_FN_NM] => KB국민은행
    [P_AMT] => 3000
    [P_UNAME] => 이선경
    [P_RMESG1] => P_VACCT_NO=42089011524444|P_EXP_DT=20250404
    [P_RMESG2] => 
    [P_NOTI] => 
    [P_AUTH_NO] => 
)

 Array
(
    [PageCall time] => 19:39:00
    [P_TID] => INIMX_VBNKCAEcatca0720250325193613955545
    [P_MID] => CAEcatca07
    [P_AUTH_DT] => 20250325193900
    [P_STATUS] => 02
    [P_TYPE] => VBANK
    [P_OID] => 250325-022
    [P_FN_CD1] => 88
    [P_FN_CD2] => 
    [P_FN_NM] => 신한은행
    [P_AMT] => 3000
    [P_UNAME] => 김윤선
    [P_RMESG1] => P_VACCT_NO=56211991589110|P_EXP_DT=20250404
    [P_RMESG2] => 
    [P_NOTI] => 
    [P_AUTH_NO] => 
)

 Array
(
    [PageCall time] => 19:51:34
    [P_TID] => INIMX_VBNKCAEcatca0720250325194847475771
    [P_MID] => CAEcatca07
    [P_AUTH_DT] => 20250325195134
    [P_STATUS] => 02
    [P_TYPE] => VBANK
    [P_OID] => 250325-025
    [P_FN_CD1] => 03
    [P_FN_CD2] => 
    [P_FN_NM] => 기업은행
    [P_AMT] => 3000
    [P_UNAME] => 김한희
    [P_RMESG1] => P_VACCT_NO=07503154497452|P_EXP_DT=20250404
    [P_RMESG2] => 
    [P_NOTI] => 
    [P_AUTH_NO] => 
)

 Array
(
    [PageCall time] => 20:42:11
    [P_TID] => INIMX_VBNKCAEcatca0720250325204135355060
    [P_MID] => CAEcatca07
    [P_AUTH_DT] => 20250325204211
    [P_STATUS] => 02
    [P_TYPE] => VBANK
    [P_OID] => 250325-027
    [P_FN_CD1] => 11
    [P_FN_CD2] => 
    [P_FN_NM] => NH농협은행
    [P_AMT] => 3000
    [P_UNAME] => 이지영
    [P_RMESG1] => P_VACCT_NO=79014508723698|P_EXP_DT=20250404
    [P_RMESG2] => 
    [P_NOTI] => 
    [P_AUTH_NO] => 
)

 Array
(
    [PageCall time] => 21:21:12
    [P_TID] => INIMX_VBNKCAEcatca0720250325211822205294
    [P_MID] => CAEcatca07
    [P_AUTH_DT] => 20250325212112
    [P_STATUS] => 02
    [P_TYPE] => VBANK
    [P_OID] => 250325-028
    [P_FN_CD1] => 89
    [P_FN_CD2] => 
    [P_FN_NM] => 케이뱅크
    [P_AMT] => 3000
    [P_UNAME] => 진현민
    [P_RMESG1] => P_VACCT_NO=70112004208752|P_EXP_DT=20250404
    [P_RMESG2] => 
    [P_NOTI] => 
    [P_AUTH_NO] => 
)

 Array
(
    [PageCall time] => 22:47:36
    [P_TID] => INIMX_VBNKCAEcatca0720250325224533635454
    [P_MID] => CAEcatca07
    [P_AUTH_DT] => 20250325224736
    [P_STATUS] => 02
    [P_TYPE] => VBANK
    [P_OID] => 250325-026
    [P_FN_CD1] => 11
    [P_FN_CD2] => 
    [P_FN_NM] => NH농협은행
    [P_AMT] => 3000
    [P_UNAME] => 윤명숙
    [P_RMESG1] => P_VACCT_NO=79014508731737|P_EXP_DT=20250404
    [P_RMESG2] => 
    [P_NOTI] => 
    [P_AUTH_NO] => 
)

