 Array
(
    [PageCall time] => 08:32:44
    [P_TID] => INIMX_VBNKCAEcatca0720250707083142045866
    [P_MID] => CAEcatca07
    [P_AUTH_DT] => 20250707083244
    [P_STATUS] => 02
    [P_TYPE] => VBANK
    [P_OID] => 250706-013
    [P_FN_CD1] => 11
    [P_FN_CD2] => 
    [P_FN_NM] => NH농협은행
    [P_AMT] => 3000
    [P_UNAME] => 남온유
    [P_RMESG1] => P_VACCT_NO=79010595472828|P_EXP_DT=20250717
    [P_RMESG2] => 
    [P_NOTI] => 
    [P_AUTH_NO] => 
)

 Array
(
    [PageCall time] => 08:44:34
    [P_TID] => INIMX_VBNKCAEcatca0720250707084123505268
    [P_MID] => CAEcatca07
    [P_AUTH_DT] => 20250707084434
    [P_STATUS] => 02
    [P_TYPE] => VBANK
    [P_OID] => 250707-001
    [P_FN_CD1] => 88
    [P_FN_CD2] => 
    [P_FN_NM] => 신한은행
    [P_AMT] => 3000
    [P_UNAME] => 이은경
    [P_RMESG1] => P_VACCT_NO=56211106179342|P_EXP_DT=20250717
    [P_RMESG2] => 
    [P_NOTI] => 
    [P_AUTH_NO] => 
)

 Array
(
    [PageCall time] => 09:25:56
    [P_TID] => INIMX_VBNKCAEcatca0720250707092316585071
    [P_MID] => CAEcatca07
    [P_AUTH_DT] => 20250707092556
    [P_STATUS] => 02
    [P_TYPE] => VBANK
    [P_OID] => 250707-004
    [P_FN_CD1] => 03
    [P_FN_CD2] => 
    [P_FN_NM] => 기업은행
    [P_AMT] => 3000
    [P_UNAME] => 전용훈
    [P_RMESG1] => P_VACCT_NO=07504390797634|P_EXP_DT=20250717
    [P_RMESG2] => 
    [P_NOTI] => 
    [P_AUTH_NO] => 
)

 Array
(
    [PageCall time] => 09:38:39
    [P_TID] => INIMX_VBNKCAEcatca0720250707093553575221
    [P_MID] => CAEcatca07
    [P_AUTH_DT] => 20250707093839
    [P_STATUS] => 02
    [P_TYPE] => VBANK
    [P_OID] => 250707-005
    [P_FN_CD1] => 03
    [P_FN_CD2] => 
    [P_FN_NM] => 기업은행
    [P_AMT] => 3000
    [P_UNAME] => 최정은
    [P_RMESG1] => P_VACCT_NO=07504390897442|P_EXP_DT=20250717
    [P_RMESG2] => 
    [P_NOTI] => 
    [P_AUTH_NO] => 
)

 Array
(
    [PageCall time] => 09:44:21
    [P_TID] => INIMX_VBNKCAEcatca0720250707094131565060
    [P_MID] => CAEcatca07
    [P_AUTH_DT] => 20250707094421
    [P_STATUS] => 02
    [P_TYPE] => VBANK
    [P_OID] => 250707-006
    [P_FN_CD1] => 20
    [P_FN_CD2] => 
    [P_FN_NM] => 우리은행
    [P_AMT] => 3000
    [P_UNAME] => 양하나
    [P_RMESG1] => P_VACCT_NO=32831797418874|P_EXP_DT=20250717
    [P_RMESG2] => 
    [P_NOTI] => 
    [P_AUTH_NO] => 
)

 Array
(
    [PageCall time] => 09:57:19
    [P_TID] => INIMX_VBNKCAEcatca0720250707095409315205
    [P_MID] => CAEcatca07
    [P_AUTH_DT] => 20250707095719
    [P_STATUS] => 02
    [P_TYPE] => VBANK
    [P_OID] => 250707-009
    [P_FN_CD1] => 89
    [P_FN_CD2] => 
    [P_FN_NM] => 케이뱅크
    [P_AMT] => 3000
    [P_UNAME] => 이민석
    [P_RMESG1] => P_VACCT_NO=70112003908821|P_EXP_DT=20250717
    [P_RMESG2] => 
    [P_NOTI] => 
    [P_AUTH_NO] => 
)

 Array
(
    [PageCall time] => 10:05:26
    [P_TID] => INIMX_VBNKCAEcatca0720250707084420605395
    [P_MID] => CAEcatca07
    [P_AUTH_DT] => 20250707100526
    [P_STATUS] => 02
    [P_TYPE] => VBANK
    [P_OID] => 250707-002
    [P_FN_CD1] => 88
    [P_FN_CD2] => 
    [P_FN_NM] => 신한은행
    [P_AMT] => 3000
    [P_UNAME] => 김기환
    [P_RMESG1] => P_VACCT_NO=56211106179360|P_EXP_DT=20250717
    [P_RMESG2] => 
    [P_NOTI] => 
    [P_AUTH_NO] => 
)

 Array
(
    [PageCall time] => 10:16:28
    [P_TID] => INIMX_VBNKCAEcatca0720250707094254515582
    [P_MID] => CAEcatca07
    [P_AUTH_DT] => 20250707101628
    [P_STATUS] => 02
    [P_TYPE] => VBANK
    [P_OID] => 250707-007
    [P_FN_CD1] => 88
    [P_FN_CD2] => 
    [P_FN_NM] => 신한은행
    [P_AMT] => 3000
    [P_UNAME] => 장정미
    [P_RMESG1] => P_VACCT_NO=56211106183996|P_EXP_DT=20250717
    [P_RMESG2] => 
    [P_NOTI] => 
    [P_AUTH_NO] => 
)

 Array
(
    [PageCall time] => 10:19:59
    [P_TID] => INIMX_VBNKCAEcatca0720250707101430795354
    [P_MID] => CAEcatca07
    [P_AUTH_DT] => 20250707101959
    [P_STATUS] => 02
    [P_TYPE] => VBANK
    [P_OID] => 250707-010
    [P_FN_CD1] => 20
    [P_FN_CD2] => 
    [P_FN_NM] => 우리은행
    [P_AMT] => 3000
    [P_UNAME] => 정해링
    [P_RMESG1] => P_VACCT_NO=32831820618491|P_EXP_DT=20250717
    [P_RMESG2] => 
    [P_NOTI] => 
    [P_AUTH_NO] => 
)

 Array
(
    [PageCall time] => 10:37:19
    [P_TID] => INIMX_VBNKCAEcatca0720250707103442215387
    [P_MID] => CAEcatca07
    [P_AUTH_DT] => 20250707103719
    [P_STATUS] => 02
    [P_TYPE] => VBANK
    [P_OID] => 250707-013
    [P_FN_CD1] => 88
    [P_FN_CD2] => 
    [P_FN_NM] => 신한은행
    [P_AMT] => 3000
    [P_UNAME] => 김상희
    [P_RMESG1] => P_VACCT_NO=56211106190029|P_EXP_DT=20250717
    [P_RMESG2] => 
    [P_NOTI] => 
    [P_AUTH_NO] => 
)

 Array
(
    [PageCall time] => 10:40:25
    [P_TID] => INIMX_VBNKCAEcatca0720250707103829145397
    [P_MID] => CAEcatca07
    [P_AUTH_DT] => 20250707104024
    [P_STATUS] => 02
    [P_TYPE] => VBANK
    [P_OID] => 250707-012
    [P_FN_CD1] => 11
    [P_FN_CD2] => 
    [P_FN_NM] => NH농협은행
    [P_AMT] => 3000
    [P_UNAME] => 신기동
    [P_RMESG1] => P_VACCT_NO=79013683465531|P_EXP_DT=20250717
    [P_RMESG2] => 
    [P_NOTI] => 
    [P_AUTH_NO] => 
)

 Array
(
    [PageCall time] => 10:45:56
    [P_TID] => INIMX_VBNKCAEcatca0720250707104514915414
    [P_MID] => CAEcatca07
    [P_AUTH_DT] => 20250707104556
    [P_STATUS] => 02
    [P_TYPE] => VBANK
    [P_OID] => 250707-014
    [P_FN_CD1] => 71
    [P_FN_CD2] => 
    [P_FN_NM] => 우체국
    [P_AMT] => 3000
    [P_UNAME] => 이희주
    [P_RMESG1] => P_VACCT_NO=01397981149164|P_EXP_DT=20250717
    [P_RMESG2] => 
    [P_NOTI] => 
    [P_AUTH_NO] => 
)

 Array
(
    [PageCall time] => 11:00:03
    [P_TID] => INIMX_VBNKCAEcatca0720250707105941185586
    [P_MID] => CAEcatca07
    [P_AUTH_DT] => 20250707110003
    [P_STATUS] => 02
    [P_TYPE] => VBANK
    [P_OID] => 250707-018
    [P_FN_CD1] => 04
    [P_FN_CD2] => 
    [P_FN_NM] => KB국민은행
    [P_AMT] => 3000
    [P_UNAME] => 김주연
    [P_RMESG1] => P_VACCT_NO=26119078248696|P_EXP_DT=20250717
    [P_RMESG2] => 
    [P_NOTI] => 
    [P_AUTH_NO] => 
)

 Array
(
    [PageCall time] => 11:07:45
    [P_TID] => INIMX_VBNKCAEcatca0720250707110631965833
    [P_MID] => CAEcatca07
    [P_AUTH_DT] => 20250707110745
    [P_STATUS] => 02
    [P_TYPE] => VBANK
    [P_OID] => 250707-019
    [P_FN_CD1] => 04
    [P_FN_CD2] => 
    [P_FN_NM] => KB국민은행
    [P_AMT] => 3000
    [P_UNAME] => 이헌숙
    [P_RMESG1] => P_VACCT_NO=26119078253946|P_EXP_DT=20250717
    [P_RMESG2] => 
    [P_NOTI] => 
    [P_AUTH_NO] => 
)

 Array
(
    [PageCall time] => 11:09:56
    [P_TID] => INIMX_VBNKCAEcatca0720250707110850625197
    [P_MID] => CAEcatca07
    [P_AUTH_DT] => 20250707110956
    [P_STATUS] => 02
    [P_TYPE] => VBANK
    [P_OID] => 250707-021
    [P_FN_CD1] => 04
    [P_FN_CD2] => 
    [P_FN_NM] => KB국민은행
    [P_AMT] => 3000
    [P_UNAME] => 오경란
    [P_RMESG1] => P_VACCT_NO=26119078256231|P_EXP_DT=20250717
    [P_RMESG2] => 
    [P_NOTI] => 
    [P_AUTH_NO] => 
)

 Array
(
    [PageCall time] => 11:22:12
    [P_TID] => INIMX_VBNKCAEcatca0720250707110933265802
    [P_MID] => CAEcatca07
    [P_AUTH_DT] => 20250707112212
    [P_STATUS] => 02
    [P_TYPE] => VBANK
    [P_OID] => 250707-020
    [P_FN_CD1] => 89
    [P_FN_CD2] => 
    [P_FN_NM] => 케이뱅크
    [P_AMT] => 3000
    [P_UNAME] => 김영희
    [P_RMESG1] => P_VACCT_NO=70112003909590|P_EXP_DT=20250717
    [P_RMESG2] => 
    [P_NOTI] => 
    [P_AUTH_NO] => 
)

 Array
(
    [PageCall time] => 11:29:41
    [P_TID] => INIMX_VBNKCAEcatca0720250707112654685432
    [P_MID] => CAEcatca07
    [P_AUTH_DT] => 20250707112941
    [P_STATUS] => 02
    [P_TYPE] => VBANK
    [P_OID] => 250707-024
    [P_FN_CD1] => 88
    [P_FN_CD2] => 
    [P_FN_NM] => 신한은행
    [P_AMT] => 3000
    [P_UNAME] => 김하윤
    [P_RMESG1] => P_VACCT_NO=56211106197155|P_EXP_DT=20250717
    [P_RMESG2] => 
    [P_NOTI] => 
    [P_AUTH_NO] => 
)

 Array
(
    [PageCall time] => 11:33:42
    [P_TID] => INIMX_VBNKCAEcatca0720250707113024365838
    [P_MID] => CAEcatca07
    [P_AUTH_DT] => 20250707113342
    [P_STATUS] => 02
    [P_TYPE] => VBANK
    [P_OID] => 250707-026
    [P_FN_CD1] => 32
    [P_FN_CD2] => 
    [P_FN_NM] => 부산은행
    [P_AMT] => 3000
    [P_UNAME] => 허춘석
    [P_RMESG1] => P_VACCT_NO=109924817444|P_EXP_DT=20250717
    [P_RMESG2] => 
    [P_NOTI] => 
    [P_AUTH_NO] => 
)

 Array
(
    [PageCall time] => 11:41:41
    [P_TID] => INIMX_VBNKCAEcatca0720250707114106525101
    [P_MID] => CAEcatca07
    [P_AUTH_DT] => 20250707114141
    [P_STATUS] => 02
    [P_TYPE] => VBANK
    [P_OID] => 250707-023
    [P_FN_CD1] => 04
    [P_FN_CD2] => 
    [P_FN_NM] => KB국민은행
    [P_AMT] => 3000
    [P_UNAME] => 송다란
    [P_RMESG1] => P_VACCT_NO=26119078277825|P_EXP_DT=20250717
    [P_RMESG2] => 
    [P_NOTI] => 
    [P_AUTH_NO] => 
)

 Array
(
    [PageCall time] => 11:48:25
    [P_TID] => INIMX_VBNKCAEcatca0720250707114430955627
    [P_MID] => CAEcatca07
    [P_AUTH_DT] => 20250707114825
    [P_STATUS] => 02
    [P_TYPE] => VBANK
    [P_OID] => 250707-027
    [P_FN_CD1] => 03
    [P_FN_CD2] => 
    [P_FN_NM] => 기업은행
    [P_AMT] => 3000
    [P_UNAME] => 홍명자
    [P_RMESG1] => P_VACCT_NO=07502270897873|P_EXP_DT=20250717
    [P_RMESG2] => 
    [P_NOTI] => 
    [P_AUTH_NO] => 
)

 Array
(
    [PageCall time] => 12:09:19
    [P_TID] => INIMX_VBNKCAEcatca0720250707120623505035
    [P_MID] => CAEcatca07
    [P_AUTH_DT] => 20250707120919
    [P_STATUS] => 02
    [P_TYPE] => VBANK
    [P_OID] => 250707-029
    [P_FN_CD1] => 89
    [P_FN_CD2] => 
    [P_FN_NM] => 케이뱅크
    [P_AMT] => 3000
    [P_UNAME] => 김우석
    [P_RMESG1] => P_VACCT_NO=70112003910191|P_EXP_DT=20250717
    [P_RMESG2] => 
    [P_NOTI] => 
    [P_AUTH_NO] => 
)

 Array
(
    [PageCall time] => 12:18:01
    [P_TID] => INIMX_VBNKCAEcatca0720250707121410645535
    [P_MID] => CAEcatca07
    [P_AUTH_DT] => 20250707121801
    [P_STATUS] => 02
    [P_TYPE] => VBANK
    [P_OID] => 250707-031
    [P_FN_CD1] => 03
    [P_FN_CD2] => 
    [P_FN_NM] => 기업은행
    [P_AMT] => 3000
    [P_UNAME] => 박상근
    [P_RMESG1] => P_VACCT_NO=07502271197571|P_EXP_DT=20250717
    [P_RMESG2] => 
    [P_NOTI] => 
    [P_AUTH_NO] => 
)

 Array
(
    [PageCall time] => 12:26:54
    [P_TID] => INIMX_VBNKCAEcatca0720250707122349775611
    [P_MID] => CAEcatca07
    [P_AUTH_DT] => 20250707122654
    [P_STATUS] => 02
    [P_TYPE] => VBANK
    [P_OID] => 250707-030
    [P_FN_CD1] => 32
    [P_FN_CD2] => 
    [P_FN_NM] => 부산은행
    [P_AMT] => 3000
    [P_UNAME] => 박연경
    [P_RMESG1] => P_VACCT_NO=109924817840|P_EXP_DT=20250717
    [P_RMESG2] => 
    [P_NOTI] => 
    [P_AUTH_NO] => 
)

 Array
(
    [PageCall time] => 12:28:02
    [P_TID] => INIMX_VBNKCAEcatca0720250707122358805598
    [P_MID] => CAEcatca07
    [P_AUTH_DT] => 20250707122802
    [P_STATUS] => 02
    [P_TYPE] => VBANK
    [P_OID] => 250707-022
    [P_FN_CD1] => 88
    [P_FN_CD2] => 
    [P_FN_NM] => 신한은행
    [P_AMT] => 3000
    [P_UNAME] => 양추자
    [P_RMESG1] => P_VACCT_NO=56211106203465|P_EXP_DT=20250717
    [P_RMESG2] => 
    [P_NOTI] => 
    [P_AUTH_NO] => 
)

 Array
(
    [PageCall time] => 12:46:57
    [P_TID] => INIMX_VBNKCAEcatca0720250707124457485636
    [P_MID] => CAEcatca07
    [P_AUTH_DT] => 20250707124657
    [P_STATUS] => 02
    [P_TYPE] => VBANK
    [P_OID] => 250707-032
    [P_FN_CD1] => 04
    [P_FN_CD2] => 
    [P_FN_NM] => KB국민은행
    [P_AMT] => 3000
    [P_UNAME] => 김선미
    [P_RMESG1] => P_VACCT_NO=26159078997671|P_EXP_DT=20250717
    [P_RMESG2] => 
    [P_NOTI] => 
    [P_AUTH_NO] => 
)

 Array
(
    [PageCall time] => 12:54:11
    [P_TID] => INIMX_VBNKCAEcatca0720250707125326715434
    [P_MID] => CAEcatca07
    [P_AUTH_DT] => 20250707125411
    [P_STATUS] => 02
    [P_TYPE] => VBANK
    [P_OID] => 250707-025
    [P_FN_CD1] => 04
    [P_FN_CD2] => 
    [P_FN_NM] => KB국민은행
    [P_AMT] => 3000
    [P_UNAME] => 김화정
    [P_RMESG1] => P_VACCT_NO=88429011494440|P_EXP_DT=20250717
    [P_RMESG2] => 
    [P_NOTI] => 
    [P_AUTH_NO] => 
)

 Array
(
    [PageCall time] => 13:07:37
    [P_TID] => INIMX_VBNKCAEcatca0720250707130440795401
    [P_MID] => CAEcatca07
    [P_AUTH_DT] => 20250707130737
    [P_STATUS] => 02
    [P_TYPE] => VBANK
    [P_OID] => 250707-033
    [P_FN_CD1] => 88
    [P_FN_CD2] => 
    [P_FN_NM] => 신한은행
    [P_AMT] => 3000
    [P_UNAME] => 정송기
    [P_RMESG1] => P_VACCT_NO=56211106207659|P_EXP_DT=20250717
    [P_RMESG2] => 
    [P_NOTI] => 
    [P_AUTH_NO] => 
)

 Array
(
    [PageCall time] => 13:18:05
    [P_TID] => INIMX_VBNKCAEcatca0720250707131728985875
    [P_MID] => CAEcatca07
    [P_AUTH_DT] => 20250707131805
    [P_STATUS] => 02
    [P_TYPE] => VBANK
    [P_OID] => 250707-034
    [P_FN_CD1] => 04
    [P_FN_CD2] => 
    [P_FN_NM] => KB국민은행
    [P_AMT] => 3000
    [P_UNAME] => 이경은
    [P_RMESG1] => P_VACCT_NO=87679011526085|P_EXP_DT=20250717
    [P_RMESG2] => 
    [P_NOTI] => 
    [P_AUTH_NO] => 
)

 Array
(
    [PageCall time] => 13:29:21
    [P_TID] => INIMX_VBNKCAEcatca0720250707132534515267
    [P_MID] => CAEcatca07
    [P_AUTH_DT] => 20250707132921
    [P_STATUS] => 02
    [P_TYPE] => VBANK
    [P_OID] => 250707-035
    [P_FN_CD1] => 03
    [P_FN_CD2] => 
    [P_FN_NM] => 기업은행
    [P_AMT] => 3000
    [P_UNAME] => 노수갑
    [P_RMESG1] => P_VACCT_NO=07502272097257|P_EXP_DT=20250717
    [P_RMESG2] => 
    [P_NOTI] => 
    [P_AUTH_NO] => 
)

 Array
(
    [PageCall time] => 13:35:47
    [P_TID] => INIMX_VBNKCAEcatca0720250707133303815278
    [P_MID] => CAEcatca07
    [P_AUTH_DT] => 20250707133547
    [P_STATUS] => 02
    [P_TYPE] => VBANK
    [P_OID] => 250707-038
    [P_FN_CD1] => 20
    [P_FN_CD2] => 
    [P_FN_NM] => 우리은행
    [P_AMT] => 3000
    [P_UNAME] => 박제아
    [P_RMESG1] => P_VACCT_NO=32831934218828|P_EXP_DT=20250717
    [P_RMESG2] => 
    [P_NOTI] => 
    [P_AUTH_NO] => 
)

 Array
(
    [PageCall time] => 14:14:28
    [P_TID] => INIMX_VBNKCAEcatca0720250707141110955536
    [P_MID] => CAEcatca07
    [P_AUTH_DT] => 20250707141428
    [P_STATUS] => 02
    [P_TYPE] => VBANK
    [P_OID] => 250707-039
    [P_FN_CD1] => 20
    [P_FN_CD2] => 
    [P_FN_NM] => 우리은행
    [P_AMT] => 3000
    [P_UNAME] => 이수정
    [P_RMESG1] => P_VACCT_NO=32833208118566|P_EXP_DT=20250717
    [P_RMESG2] => 
    [P_NOTI] => 
    [P_AUTH_NO] => 
)

 Array
(
    [PageCall time] => 14:26:58
    [P_TID] => INIMX_VBNKCAEcatca0720250707142600575040
    [P_MID] => CAEcatca07
    [P_AUTH_DT] => 20250707142658
    [P_STATUS] => 02
    [P_TYPE] => VBANK
    [P_OID] => 250707-041
    [P_FN_CD1] => 04
    [P_FN_CD2] => 
    [P_FN_NM] => KB국민은행
    [P_AMT] => 3000
    [P_UNAME] => 이서희
    [P_RMESG1] => P_VACCT_NO=70189014599843|P_EXP_DT=20250717
    [P_RMESG2] => 
    [P_NOTI] => 
    [P_AUTH_NO] => 
)

 Array
(
    [PageCall time] => 14:32:12
    [P_TID] => INIMX_VBNKCAEcatca0720250707142913785922
    [P_MID] => CAEcatca07
    [P_AUTH_DT] => 20250707143212
    [P_STATUS] => 02
    [P_TYPE] => VBANK
    [P_OID] => 250707-042
    [P_FN_CD1] => 88
    [P_FN_CD2] => 
    [P_FN_NM] => 신한은행
    [P_AMT] => 3000
    [P_UNAME] => 박정연
    [P_RMESG1] => P_VACCT_NO=56211106218996|P_EXP_DT=20250717
    [P_RMESG2] => 
    [P_NOTI] => 
    [P_AUTH_NO] => 
)

 Array
(
    [PageCall time] => 14:37:19
    [P_TID] => INIMX_VBNKCAEcatca0720250707143426665725
    [P_MID] => CAEcatca07
    [P_AUTH_DT] => 20250707143718
    [P_STATUS] => 02
    [P_TYPE] => VBANK
    [P_OID] => 250707-043
    [P_FN_CD1] => 89
    [P_FN_CD2] => 
    [P_FN_NM] => 케이뱅크
    [P_AMT] => 3000
    [P_UNAME] => 이현미
    [P_RMESG1] => P_VACCT_NO=70112003911819|P_EXP_DT=20250717
    [P_RMESG2] => 
    [P_NOTI] => 
    [P_AUTH_NO] => 
)

 Array
(
    [PageCall time] => 14:44:25
    [P_TID] => INIMX_VBNKCAEcatca0720250707144130745507
    [P_MID] => CAEcatca07
    [P_AUTH_DT] => 20250707144425
    [P_STATUS] => 02
    [P_TYPE] => VBANK
    [P_OID] => 250707-044
    [P_FN_CD1] => 89
    [P_FN_CD2] => 
    [P_FN_NM] => 케이뱅크
    [P_AMT] => 3000
    [P_UNAME] => 황나영
    [P_RMESG1] => P_VACCT_NO=70112003911935|P_EXP_DT=20250717
    [P_RMESG2] => 
    [P_NOTI] => 
    [P_AUTH_NO] => 
)

 Array
(
    [PageCall time] => 14:52:11
    [P_TID] => INIMX_VBNKCAEcatca0720250707144914545326
    [P_MID] => CAEcatca07
    [P_AUTH_DT] => 20250707145211
    [P_STATUS] => 02
    [P_TYPE] => VBANK
    [P_OID] => 250707-045
    [P_FN_CD1] => 88
    [P_FN_CD2] => 
    [P_FN_NM] => 신한은행
    [P_AMT] => 3000
    [P_UNAME] => 박성혜
    [P_RMESG1] => P_VACCT_NO=56211106222533|P_EXP_DT=20250717
    [P_RMESG2] => 
    [P_NOTI] => 
    [P_AUTH_NO] => 
)

 Array
(
    [PageCall time] => 15:09:50
    [P_TID] => INIMX_VBNKCAEcatca0720250707150844975904
    [P_MID] => CAEcatca07
    [P_AUTH_DT] => 20250707150950
    [P_STATUS] => 02
    [P_TYPE] => VBANK
    [P_OID] => 250707-016
    [P_FN_CD1] => 11
    [P_FN_CD2] => 
    [P_FN_NM] => NH농협은행
    [P_AMT] => 3000
    [P_UNAME] => 임인희
    [P_RMESG1] => P_VACCT_NO=79013683512581|P_EXP_DT=20250717
    [P_RMESG2] => 
    [P_NOTI] => 
    [P_AUTH_NO] => 
)

 Array
(
    [PageCall time] => 15:10:05
    [P_TID] => INIMX_VBNKCAEcatca0720250707150725995220
    [P_MID] => CAEcatca07
    [P_AUTH_DT] => 20250707151005
    [P_STATUS] => 02
    [P_TYPE] => VBANK
    [P_OID] => 250707-046
    [P_FN_CD1] => 88
    [P_FN_CD2] => 
    [P_FN_NM] => 신한은행
    [P_AMT] => 3000
    [P_UNAME] => 박노준
    [P_RMESG1] => P_VACCT_NO=56211106224647|P_EXP_DT=20250717
    [P_RMESG2] => 
    [P_NOTI] => 
    [P_AUTH_NO] => 
)

 Array
(
    [PageCall time] => 15:48:33
    [P_TID] => INIMX_VBNKCAEcatca0720250707154546925740
    [P_MID] => CAEcatca07
    [P_AUTH_DT] => 20250707154833
    [P_STATUS] => 02
    [P_TYPE] => VBANK
    [P_OID] => 250707-050
    [P_FN_CD1] => 89
    [P_FN_CD2] => 
    [P_FN_NM] => 케이뱅크
    [P_AMT] => 3000
    [P_UNAME] => 최선윤
    [P_RMESG1] => P_VACCT_NO=70112003913002|P_EXP_DT=20250717
    [P_RMESG2] => 
    [P_NOTI] => 
    [P_AUTH_NO] => 
)

 Array
(
    [PageCall time] => 15:52:44
    [P_TID] => INIMX_VBNKCAEcatca0720250707154919725260
    [P_MID] => CAEcatca07
    [P_AUTH_DT] => 20250707155243
    [P_STATUS] => 02
    [P_TYPE] => VBANK
    [P_OID] => 250707-049
    [P_FN_CD1] => 20
    [P_FN_CD2] => 
    [P_FN_NM] => 우리은행
    [P_AMT] => 3000
    [P_UNAME] => 석경화
    [P_RMESG1] => P_VACCT_NO=32833216218933|P_EXP_DT=20250717
    [P_RMESG2] => 
    [P_NOTI] => 
    [P_AUTH_NO] => 
)

 Array
(
    [PageCall time] => 16:19:34
    [P_TID] => INIMX_VBNKCAEcatca0720250707153837745506
    [P_MID] => CAEcatca07
    [P_AUTH_DT] => 20250707161934
    [P_STATUS] => 02
    [P_TYPE] => VBANK
    [P_OID] => 250707-047
    [P_FN_CD1] => 04
    [P_FN_CD2] => 
    [P_FN_NM] => KB국민은행
    [P_AMT] => 3000
    [P_UNAME] => 강화 실버빌 요양원
    [P_RMESG1] => P_VACCT_NO=70189014616269|P_EXP_DT=20250717
    [P_RMESG2] => 
    [P_NOTI] => 
    [P_AUTH_NO] => 
)

 Array
(
    [PageCall time] => 16:31:04
    [P_TID] => INIMX_VBNKCAEcatca0720250707162858525979
    [P_MID] => CAEcatca07
    [P_AUTH_DT] => 20250707163104
    [P_STATUS] => 02
    [P_TYPE] => VBANK
    [P_OID] => 250707-052
    [P_FN_CD1] => 11
    [P_FN_CD2] => 
    [P_FN_NM] => NH농협은행
    [P_AMT] => 3000
    [P_UNAME] => 강은영
    [P_RMESG1] => P_VACCT_NO=79013683527377|P_EXP_DT=20250717
    [P_RMESG2] => 
    [P_NOTI] => 
    [P_AUTH_NO] => 
)

 Array
(
    [PageCall time] => 16:50:32
    [P_TID] => INIMX_VBNKCAEcatca0720250707164738705094
    [P_MID] => CAEcatca07
    [P_AUTH_DT] => 20250707165032
    [P_STATUS] => 02
    [P_TYPE] => VBANK
    [P_OID] => 250707-055
    [P_FN_CD1] => 03
    [P_FN_CD2] => 
    [P_FN_NM] => 기업은행
    [P_AMT] => 3000
    [P_UNAME] => 이택일
    [P_RMESG1] => P_VACCT_NO=07502276297045|P_EXP_DT=20250717
    [P_RMESG2] => 
    [P_NOTI] => 
    [P_AUTH_NO] => 
)

 Array
(
    [PageCall time] => 16:50:57
    [P_TID] => INIMX_VBNKCAEcatca0720250707165005405776
    [P_MID] => CAEcatca07
    [P_AUTH_DT] => 20250707165057
    [P_STATUS] => 02
    [P_TYPE] => VBANK
    [P_OID] => 250707-054
    [P_FN_CD1] => 11
    [P_FN_CD2] => 
    [P_FN_NM] => NH농협은행
    [P_AMT] => 3000
    [P_UNAME] => 이미영
    [P_RMESG1] => P_VACCT_NO=79013683530651|P_EXP_DT=20250717
    [P_RMESG2] => 
    [P_NOTI] => 
    [P_AUTH_NO] => 
)

 Array
(
    [PageCall time] => 17:06:40
    [P_TID] => INIMX_VBNKCAEcatca0720250707170337435476
    [P_MID] => CAEcatca07
    [P_AUTH_DT] => 20250707170640
    [P_STATUS] => 02
    [P_TYPE] => VBANK
    [P_OID] => 250707-056
    [P_FN_CD1] => 81
    [P_FN_CD2] => 
    [P_FN_NM] => 하나은행
    [P_AMT] => 3000
    [P_UNAME] => 김경란
    [P_RMESG1] => P_VACCT_NO=20893794789437|P_EXP_DT=20250717
    [P_RMESG2] => 
    [P_NOTI] => 
    [P_AUTH_NO] => 
)

 Array
(
    [PageCall time] => 17:13:06
    [P_TID] => INIMX_VBNKCAEcatca0720250707171229985206
    [P_MID] => CAEcatca07
    [P_AUTH_DT] => 20250707171306
    [P_STATUS] => 02
    [P_TYPE] => VBANK
    [P_OID] => 250707-057
    [P_FN_CD1] => 11
    [P_FN_CD2] => 
    [P_FN_NM] => NH농협은행
    [P_AMT] => 3000
    [P_UNAME] => 이수연
    [P_RMESG1] => P_VACCT_NO=79013683533882|P_EXP_DT=20250717
    [P_RMESG2] => 
    [P_NOTI] => 
    [P_AUTH_NO] => 
)

 Array
(
    [PageCall time] => 17:24:07
    [P_TID] => INIMX_VBNKCAEcatca0720250707172119675639
    [P_MID] => CAEcatca07
    [P_AUTH_DT] => 20250707172406
    [P_STATUS] => 02
    [P_TYPE] => VBANK
    [P_OID] => 250707-058
    [P_FN_CD1] => 88
    [P_FN_CD2] => 
    [P_FN_NM] => 신한은행
    [P_AMT] => 3000
    [P_UNAME] => 곽윤정
    [P_RMESG1] => P_VACCT_NO=56211106240400|P_EXP_DT=20250717
    [P_RMESG2] => 
    [P_NOTI] => 
    [P_AUTH_NO] => 
)

 Array
(
    [PageCall time] => 17:40:17
    [P_TID] => INIMX_VBNKCAEcatca0720250707173352195228
    [P_MID] => CAEcatca07
    [P_AUTH_DT] => 20250707174017
    [P_STATUS] => 02
    [P_TYPE] => VBANK
    [P_OID] => 250707-059
    [P_FN_CD1] => 81
    [P_FN_CD2] => 
    [P_FN_NM] => 하나은행
    [P_AMT] => 3000
    [P_UNAME] => 정미정
    [P_RMESG1] => P_VACCT_NO=20893795303937|P_EXP_DT=20250717
    [P_RMESG2] => 
    [P_NOTI] => 
    [P_AUTH_NO] => 
)

 Array
(
    [PageCall time] => 19:55:41
    [P_TID] => INIMX_VBNKCAEcatca0720250707194822605217
    [P_MID] => CAEcatca07
    [P_AUTH_DT] => 20250707195541
    [P_STATUS] => 02
    [P_TYPE] => VBANK
    [P_OID] => 250707-063
    [P_FN_CD1] => 11
    [P_FN_CD2] => 
    [P_FN_NM] => NH농협은행
    [P_AMT] => 3000
    [P_UNAME] => 임미숙
    [P_RMESG1] => P_VACCT_NO=79013683553327|P_EXP_DT=20250717
    [P_RMESG2] => 
    [P_NOTI] => 
    [P_AUTH_NO] => 
)

 Array
(
    [PageCall time] => 20:01:18
    [P_TID] => INIMX_VBNKCAEcatca0720250707195657785766
    [P_MID] => CAEcatca07
    [P_AUTH_DT] => 20250707200118
    [P_STATUS] => 02
    [P_TYPE] => VBANK
    [P_OID] => 250707-064
    [P_FN_CD1] => 20
    [P_FN_CD2] => 
    [P_FN_NM] => 우리은행
    [P_AMT] => 3000
    [P_UNAME] => 장유진
    [P_RMESG1] => P_VACCT_NO=61841278418703|P_EXP_DT=20250717
    [P_RMESG2] => 
    [P_NOTI] => 
    [P_AUTH_NO] => 
)

 Array
(
    [PageCall time] => 21:14:57
    [P_TID] => INIMX_VBNKCAEcatca0720250707211159675972
    [P_MID] => CAEcatca07
    [P_AUTH_DT] => 20250707211457
    [P_STATUS] => 02
    [P_TYPE] => VBANK
    [P_OID] => 250707-066
    [P_FN_CD1] => 20
    [P_FN_CD2] => 
    [P_FN_NM] => 우리은행
    [P_AMT] => 3000
    [P_UNAME] => 김리현
    [P_RMESG1] => P_VACCT_NO=61841432218480|P_EXP_DT=20250717
    [P_RMESG2] => 
    [P_NOTI] => 
    [P_AUTH_NO] => 
)

 Array
(
    [PageCall time] => 21:16:16
    [P_TID] => INIMX_VBNKCAEcatca0720250707211549135179
    [P_MID] => CAEcatca07
    [P_AUTH_DT] => 20250707211616
    [P_STATUS] => 02
    [P_TYPE] => VBANK
    [P_OID] => 250707-067
    [P_FN_CD1] => 11
    [P_FN_CD2] => 
    [P_FN_NM] => NH농협은행
    [P_AMT] => 3000
    [P_UNAME] => 이유림
    [P_RMESG1] => P_VACCT_NO=79013683563679|P_EXP_DT=20250717
    [P_RMESG2] => 
    [P_NOTI] => 
    [P_AUTH_NO] => 
)

 Array
(
    [PageCall time] => 21:45:44
    [P_TID] => INIMX_VBNKCAEcatca0720250707214303785371
    [P_MID] => CAEcatca07
    [P_AUTH_DT] => 20250707214544
    [P_STATUS] => 02
    [P_TYPE] => VBANK
    [P_OID] => 250707-068
    [P_FN_CD1] => 88
    [P_FN_CD2] => 
    [P_FN_NM] => 신한은행
    [P_AMT] => 3000
    [P_UNAME] => 석지혜
    [P_RMESG1] => P_VACCT_NO=56211106257603|P_EXP_DT=20250717
    [P_RMESG2] => 
    [P_NOTI] => 
    [P_AUTH_NO] => 
)

 Array
(
    [PageCall time] => 22:58:38
    [P_TID] => INIMX_VBNKCAEcatca0720250707225704115594
    [P_MID] => CAEcatca07
    [P_AUTH_DT] => 20250707225838
    [P_STATUS] => 02
    [P_TYPE] => VBANK
    [P_OID] => 250707-070
    [P_FN_CD1] => 11
    [P_FN_CD2] => 
    [P_FN_NM] => NH농협은행
    [P_AMT] => 3000
    [P_UNAME] => 류채린
    [P_RMESG1] => P_VACCT_NO=79013683575104|P_EXP_DT=20250717
    [P_RMESG2] => 
    [P_NOTI] => 
    [P_AUTH_NO] => 
)

