 Array
(
    [PageCall time] => 00:41:11
    [P_TID] => INIMX_VBNKCAEcatca0720260312003729625724
    [P_MID] => CAEcatca07
    [P_AUTH_DT] => 20260312004111
    [P_STATUS] => 02
    [P_TYPE] => VBANK
    [P_OID] => 260312-001
    [P_FN_CD1] => 32
    [P_FN_CD2] => 
    [P_FN_NM] => 부산은행
    [P_AMT] => 3500
    [P_UNAME] => 이정무
    [P_RMESG1] => P_VACCT_NO=109924757277|P_EXP_DT=20260322
    [P_RMESG2] => 
    [P_NOTI] => 
    [P_AUTH_NO] => 
)

 Array
(
    [PageCall time] => 07:07:16
    [P_TID] => INIMX_VBNKCAEcatca0720260312070622105695
    [P_MID] => CAEcatca07
    [P_AUTH_DT] => 20260312070716
    [P_STATUS] => 02
    [P_TYPE] => VBANK
    [P_OID] => 260312-003
    [P_FN_CD1] => 11
    [P_FN_CD2] => 
    [P_FN_NM] => NH농협은행
    [P_AMT] => 3500
    [P_UNAME] => 이현수
    [P_RMESG1] => P_VACCT_NO=79014291554570|P_EXP_DT=20260322
    [P_RMESG2] => 
    [P_NOTI] => 
    [P_AUTH_NO] => 
)

 Array
(
    [PageCall time] => 07:08:04
    [P_TID] => INIMX_VBNKCAEcatca0720260312070428775401
    [P_MID] => CAEcatca07
    [P_AUTH_DT] => 20260312070804
    [P_STATUS] => 02
    [P_TYPE] => VBANK
    [P_OID] => 260312-002
    [P_FN_CD1] => 89
    [P_FN_CD2] => 
    [P_FN_NM] => 케이뱅크
    [P_AMT] => 3500
    [P_UNAME] => 강종훈
    [P_RMESG1] => P_VACCT_NO=70112003730035|P_EXP_DT=20260322
    [P_RMESG2] => 
    [P_NOTI] => 
    [P_AUTH_NO] => 
)

 Array
(
    [PageCall time] => 08:24:36
    [P_TID] => INIMX_VBNKCAEcatca0720260312082348435525
    [P_MID] => CAEcatca07
    [P_AUTH_DT] => 20260312082436
    [P_STATUS] => 02
    [P_TYPE] => VBANK
    [P_OID] => 260311-040
    [P_FN_CD1] => 11
    [P_FN_CD2] => 
    [P_FN_NM] => NH농협은행
    [P_AMT] => 3500
    [P_UNAME] => 박경리
    [P_RMESG1] => P_VACCT_NO=79014407586746|P_EXP_DT=20260322
    [P_RMESG2] => 
    [P_NOTI] => 
    [P_AUTH_NO] => 
)

 Array
(
    [PageCall time] => 08:34:16
    [P_TID] => INIMX_VBNKCAEcatca0720260312083332555489
    [P_MID] => CAEcatca07
    [P_AUTH_DT] => 20260312083416
    [P_STATUS] => 02
    [P_TYPE] => VBANK
    [P_OID] => 260312-004
    [P_FN_CD1] => 11
    [P_FN_CD2] => 
    [P_FN_NM] => NH농협은행
    [P_AMT] => 3500
    [P_UNAME] => 최정인
    [P_RMESG1] => P_VACCT_NO=79014407587234|P_EXP_DT=20260322
    [P_RMESG2] => 
    [P_NOTI] => 
    [P_AUTH_NO] => 
)

 Array
(
    [PageCall time] => 09:15:42
    [P_TID] => INIMX_VBNKCAEcatca0720260312091311115504
    [P_MID] => CAEcatca07
    [P_AUTH_DT] => 20260312091542
    [P_STATUS] => 02
    [P_TYPE] => VBANK
    [P_OID] => 260312-006
    [P_FN_CD1] => 88
    [P_FN_CD2] => 
    [P_FN_NM] => 신한은행
    [P_AMT] => 3500
    [P_UNAME] => 나지영
    [P_RMESG1] => P_VACCT_NO=56211990799977|P_EXP_DT=20260322
    [P_RMESG2] => 
    [P_NOTI] => 
    [P_AUTH_NO] => 
)

 Array
(
    [PageCall time] => 09:44:58
    [P_TID] => INIMX_VBNKCAEcatca0720260312094129275172
    [P_MID] => CAEcatca07
    [P_AUTH_DT] => 20260312094458
    [P_STATUS] => 02
    [P_TYPE] => VBANK
    [P_OID] => 260312-008
    [P_FN_CD1] => 04
    [P_FN_CD2] => 
    [P_FN_NM] => KB국민은행
    [P_AMT] => 3500
    [P_UNAME] => 유지희
    [P_RMESG1] => P_VACCT_NO=26159078358320|P_EXP_DT=20260322
    [P_RMESG2] => 
    [P_NOTI] => 
    [P_AUTH_NO] => 
)

 Array
(
    [PageCall time] => 10:04:22
    [P_TID] => INIMX_VBNKCAEcatca0720260312100129975291
    [P_MID] => CAEcatca07
    [P_AUTH_DT] => 20260312100422
    [P_STATUS] => 02
    [P_TYPE] => VBANK
    [P_OID] => 260312-009
    [P_FN_CD1] => 04
    [P_FN_CD2] => 
    [P_FN_NM] => KB국민은행
    [P_AMT] => 3500
    [P_UNAME] => 황보은지
    [P_RMESG1] => P_VACCT_NO=26119078190034|P_EXP_DT=20260322
    [P_RMESG2] => 
    [P_NOTI] => 
    [P_AUTH_NO] => 
)

 Array
(
    [PageCall time] => 10:40:34
    [P_TID] => INIMX_VBNKCAEcatca0720260306141519905192
    [P_MID] => CAEcatca07
    [P_AUTH_DT] => 20260312104034
    [P_STATUS] => 02
    [P_TYPE] => VBANK
    [P_OID] => 260306-024
    [P_FN_CD1] => 04
    [P_FN_CD2] => 
    [P_FN_NM] => KB국민은행
    [P_AMT] => 3500
    [P_UNAME] => 이혜영
    [P_RMESG1] => P_VACCT_NO=80399078038066|P_EXP_DT=20260316
    [P_RMESG2] => 
    [P_NOTI] => 
    [P_AUTH_NO] => 
)

 Array
(
    [PageCall time] => 11:50:27
    [P_TID] => INIMX_VBNKCAEcatca0720260312114735645163
    [P_MID] => CAEcatca07
    [P_AUTH_DT] => 20260312115026
    [P_STATUS] => 02
    [P_TYPE] => VBANK
    [P_OID] => 260312-013
    [P_FN_CD1] => 20
    [P_FN_CD2] => 
    [P_FN_NM] => 우리은행
    [P_AMT] => 3500
    [P_UNAME] => 조영미
    [P_RMESG1] => P_VACCT_NO=27761466918695|P_EXP_DT=20260322
    [P_RMESG2] => 
    [P_NOTI] => 
    [P_AUTH_NO] => 
)

 Array
(
    [PageCall time] => 12:57:19
    [P_TID] => INIMX_VBNKCAEcatca0720260312125440365521
    [P_MID] => CAEcatca07
    [P_AUTH_DT] => 20260312125719
    [P_STATUS] => 02
    [P_TYPE] => VBANK
    [P_OID] => 260312-015
    [P_FN_CD1] => 03
    [P_FN_CD2] => 
    [P_FN_NM] => 기업은행
    [P_AMT] => 3500
    [P_UNAME] => 김윤정
    [P_RMESG1] => P_VACCT_NO=07503418797881|P_EXP_DT=20260322
    [P_RMESG2] => 
    [P_NOTI] => 
    [P_AUTH_NO] => 
)

 Array
(
    [PageCall time] => 13:23:21
    [P_TID] => INIMX_VBNKCAEcatca0720260312132045615443
    [P_MID] => CAEcatca07
    [P_AUTH_DT] => 20260312132321
    [P_STATUS] => 02
    [P_TYPE] => VBANK
    [P_OID] => 260312-014
    [P_FN_CD1] => 11
    [P_FN_CD2] => 
    [P_FN_NM] => NH농협은행
    [P_AMT] => 3500
    [P_UNAME] => 최정숙
    [P_RMESG1] => P_VACCT_NO=79014407632252|P_EXP_DT=20260322
    [P_RMESG2] => 
    [P_NOTI] => 
    [P_AUTH_NO] => 
)

 Array
(
    [PageCall time] => 13:31:12
    [P_TID] => INIMX_VBNKCAEcatca0720260312132832665636
    [P_MID] => CAEcatca07
    [P_AUTH_DT] => 20260312133112
    [P_STATUS] => 02
    [P_TYPE] => VBANK
    [P_OID] => 260312-017
    [P_FN_CD1] => 03
    [P_FN_CD2] => 
    [P_FN_NM] => 기업은행
    [P_AMT] => 3500
    [P_UNAME] => 차도희
    [P_RMESG1] => P_VACCT_NO=07503419197590|P_EXP_DT=20260322
    [P_RMESG2] => 
    [P_NOTI] => 
    [P_AUTH_NO] => 
)

 Array
(
    [PageCall time] => 13:49:03
    [P_TID] => INIMX_VBNKCAEcatca0720260312134627735302
    [P_MID] => CAEcatca07
    [P_AUTH_DT] => 20260312134903
    [P_STATUS] => 02
    [P_TYPE] => VBANK
    [P_OID] => 260312-019
    [P_FN_CD1] => 88
    [P_FN_CD2] => 
    [P_FN_NM] => 신한은행
    [P_AMT] => 3500
    [P_UNAME] => 이승주
    [P_RMESG1] => P_VACCT_NO=56211105166449|P_EXP_DT=20260322
    [P_RMESG2] => 
    [P_NOTI] => 
    [P_AUTH_NO] => 
)

 Array
(
    [PageCall time] => 14:12:59
    [P_TID] => INIMX_VBNKCAEcatca0720260312141015515554
    [P_MID] => CAEcatca07
    [P_AUTH_DT] => 20260312141259
    [P_STATUS] => 02
    [P_TYPE] => VBANK
    [P_OID] => 260312-020
    [P_FN_CD1] => 20
    [P_FN_CD2] => 
    [P_FN_NM] => 우리은행
    [P_AMT] => 3500
    [P_UNAME] => 김현일
    [P_RMESG1] => P_VACCT_NO=27761483918379|P_EXP_DT=20260322
    [P_RMESG2] => 
    [P_NOTI] => 
    [P_AUTH_NO] => 
)

 Array
(
    [PageCall time] => 14:37:21
    [P_TID] => INIMX_VBNKCAEcatca0720260312143400385076
    [P_MID] => CAEcatca07
    [P_AUTH_DT] => 20260312143721
    [P_STATUS] => 02
    [P_TYPE] => VBANK
    [P_OID] => 260312-023
    [P_FN_CD1] => 04
    [P_FN_CD2] => 
    [P_FN_NM] => KB국민은행
    [P_AMT] => 3500
    [P_UNAME] => 유익선
    [P_RMESG1] => P_VACCT_NO=80399078570111|P_EXP_DT=20260322
    [P_RMESG2] => 
    [P_NOTI] => 
    [P_AUTH_NO] => 
)

 Array
(
    [PageCall time] => 14:45:16
    [P_TID] => INIMX_VBNKCAEcatca0720260312144236475606
    [P_MID] => CAEcatca07
    [P_AUTH_DT] => 20260312144516
    [P_STATUS] => 02
    [P_TYPE] => VBANK
    [P_OID] => 260312-025
    [P_FN_CD1] => 88
    [P_FN_CD2] => 
    [P_FN_NM] => 신한은행
    [P_AMT] => 3500
    [P_UNAME] => 국미경
    [P_RMESG1] => P_VACCT_NO=56211105171934|P_EXP_DT=20260322
    [P_RMESG2] => 
    [P_NOTI] => 
    [P_AUTH_NO] => 
)

 Array
(
    [PageCall time] => 15:36:00
    [P_TID] => INIMX_VBNKCAEcatca0720260312153308685716
    [P_MID] => CAEcatca07
    [P_AUTH_DT] => 20260312153600
    [P_STATUS] => 02
    [P_TYPE] => VBANK
    [P_OID] => 260312-026
    [P_FN_CD1] => 04
    [P_FN_CD2] => 
    [P_FN_NM] => KB국민은행
    [P_AMT] => 3500
    [P_UNAME] => 유희나
    [P_RMESG1] => P_VACCT_NO=80399078582064|P_EXP_DT=20260322
    [P_RMESG2] => 
    [P_NOTI] => 
    [P_AUTH_NO] => 
)

 Array
(
    [PageCall time] => 15:36:43
    [P_TID] => INIMX_VBNKCAEcatca0720260312153419825184
    [P_MID] => CAEcatca07
    [P_AUTH_DT] => 20260312153642
    [P_STATUS] => 02
    [P_TYPE] => VBANK
    [P_OID] => 260312-027
    [P_FN_CD1] => 89
    [P_FN_CD2] => 
    [P_FN_NM] => 케이뱅크
    [P_AMT] => 3500
    [P_UNAME] => 안용재
    [P_RMESG1] => P_VACCT_NO=70112003734053|P_EXP_DT=20260322
    [P_RMESG2] => 
    [P_NOTI] => 
    [P_AUTH_NO] => 
)

 Array
(
    [PageCall time] => 15:38:13
    [P_TID] => INIMX_VBNKCAEcatca0720260312153528315212
    [P_MID] => CAEcatca07
    [P_AUTH_DT] => 20260312153813
    [P_STATUS] => 02
    [P_TYPE] => VBANK
    [P_OID] => 260312-028
    [P_FN_CD1] => 04
    [P_FN_CD2] => 
    [P_FN_NM] => KB국민은행
    [P_AMT] => 3500
    [P_UNAME] => 김승우
    [P_RMESG1] => P_VACCT_NO=80399078582514|P_EXP_DT=20260322
    [P_RMESG2] => 
    [P_NOTI] => 
    [P_AUTH_NO] => 
)

 Array
(
    [PageCall time] => 15:59:05
    [P_TID] => INIMX_VBNKCAEcatca0720260312155436515959
    [P_MID] => CAEcatca07
    [P_AUTH_DT] => 20260312155905
    [P_STATUS] => 02
    [P_TYPE] => VBANK
    [P_OID] => 260312-029
    [P_FN_CD1] => 32
    [P_FN_CD2] => 
    [P_FN_NM] => 부산은행
    [P_AMT] => 3500
    [P_UNAME] => 박성진
    [P_RMESG1] => P_VACCT_NO=109924759803|P_EXP_DT=20260322
    [P_RMESG2] => 
    [P_NOTI] => 
    [P_AUTH_NO] => 
)

 Array
(
    [PageCall time] => 16:41:00
    [P_TID] => INIMX_VBNKCAEcatca0720260312163829285256
    [P_MID] => CAEcatca07
    [P_AUTH_DT] => 20260312164100
    [P_STATUS] => 02
    [P_TYPE] => VBANK
    [P_OID] => 260312-022
    [P_FN_CD1] => 03
    [P_FN_CD2] => 
    [P_FN_NM] => 기업은행
    [P_AMT] => 3500
    [P_UNAME] => 최정희
    [P_RMESG1] => P_VACCT_NO=07503420997845|P_EXP_DT=20260322
    [P_RMESG2] => 
    [P_NOTI] => 
    [P_AUTH_NO] => 
)

 Array
(
    [PageCall time] => 16:43:45
    [P_TID] => INIMX_VBNKCAEcatca0720260312164049345121
    [P_MID] => CAEcatca07
    [P_AUTH_DT] => 20260312164345
    [P_STATUS] => 02
    [P_TYPE] => VBANK
    [P_OID] => 260312-031
    [P_FN_CD1] => 04
    [P_FN_CD2] => 
    [P_FN_NM] => KB국민은행
    [P_AMT] => 3500
    [P_UNAME] => 임복희
    [P_RMESG1] => P_VACCT_NO=80399078593048|P_EXP_DT=20260322
    [P_RMESG2] => 
    [P_NOTI] => 
    [P_AUTH_NO] => 
)

 Array
(
    [PageCall time] => 17:53:21
    [P_TID] => INIMX_VBNKCAEcatca0720260312175012605003
    [P_MID] => CAEcatca07
    [P_AUTH_DT] => 20260312175321
    [P_STATUS] => 02
    [P_TYPE] => VBANK
    [P_OID] => 260312-030
    [P_FN_CD1] => 23
    [P_FN_CD2] => 
    [P_FN_NM] => SC은행
    [P_AMT] => 3500
    [P_UNAME] => 심은정
    [P_RMESG1] => P_VACCT_NO=46416006145000|P_EXP_DT=20260322
    [P_RMESG2] => 
    [P_NOTI] => 
    [P_AUTH_NO] => 
)

 Array
(
    [PageCall time] => 19:28:29
    [P_TID] => INIMX_VBNKCAEcatca0720260312192540605859
    [P_MID] => CAEcatca07
    [P_AUTH_DT] => 20260312192829
    [P_STATUS] => 02
    [P_TYPE] => VBANK
    [P_OID] => 260312-033
    [P_FN_CD1] => 32
    [P_FN_CD2] => 
    [P_FN_NM] => 부산은행
    [P_AMT] => 3500
    [P_UNAME] => 박석환
    [P_RMESG1] => P_VACCT_NO=109924760652|P_EXP_DT=20260322
    [P_RMESG2] => 
    [P_NOTI] => 
    [P_AUTH_NO] => 
)

 Array
(
    [PageCall time] => 19:53:15
    [P_TID] => INIMX_VBNKCAEcatca0720260312195027455215
    [P_MID] => CAEcatca07
    [P_AUTH_DT] => 20260312195315
    [P_STATUS] => 02
    [P_TYPE] => VBANK
    [P_OID] => 260312-034
    [P_FN_CD1] => 04
    [P_FN_CD2] => 
    [P_FN_NM] => KB국민은행
    [P_AMT] => 3500
    [P_UNAME] => 한서윤
    [P_RMESG1] => P_VACCT_NO=80399078618712|P_EXP_DT=20260322
    [P_RMESG2] => 
    [P_NOTI] => 
    [P_AUTH_NO] => 
)

 Array
(
    [PageCall time] => 19:58:08
    [P_TID] => INIMX_VBNKCAEcatca0720260312195349025254
    [P_MID] => CAEcatca07
    [P_AUTH_DT] => 20260312195808
    [P_STATUS] => 02
    [P_TYPE] => VBANK
    [P_OID] => 260312-035
    [P_FN_CD1] => 88
    [P_FN_CD2] => 
    [P_FN_NM] => 신한은행
    [P_AMT] => 3500
    [P_UNAME] => 김혜영
    [P_RMESG1] => P_VACCT_NO=56211105195902|P_EXP_DT=20260322
    [P_RMESG2] => 
    [P_NOTI] => 
    [P_AUTH_NO] => 
)

 Array
(
    [PageCall time] => 21:01:28
    [P_TID] => INIMX_VBNKCAEcatca0720260312205753715929
    [P_MID] => CAEcatca07
    [P_AUTH_DT] => 20260312210128
    [P_STATUS] => 02
    [P_TYPE] => VBANK
    [P_OID] => 260312-021
    [P_FN_CD1] => 03
    [P_FN_CD2] => 
    [P_FN_NM] => 기업은행
    [P_AMT] => 3500
    [P_UNAME] => 이경아
    [P_RMESG1] => P_VACCT_NO=07503422497098|P_EXP_DT=20260322
    [P_RMESG2] => 
    [P_NOTI] => 
    [P_AUTH_NO] => 
)

 Array
(
    [PageCall time] => 21:04:16
    [P_TID] => INIMX_VBNKCAEcatca0720260312210101805137
    [P_MID] => CAEcatca07
    [P_AUTH_DT] => 20260312210416
    [P_STATUS] => 02
    [P_TYPE] => VBANK
    [P_OID] => 260312-036
    [P_FN_CD1] => 20
    [P_FN_CD2] => 
    [P_FN_NM] => 우리은행
    [P_AMT] => 3500
    [P_UNAME] => 황요원
    [P_RMESG1] => P_VACCT_NO=27761522518333|P_EXP_DT=20260322
    [P_RMESG2] => 
    [P_NOTI] => 
    [P_AUTH_NO] => 
)

