 Array
(
    [PageCall time] => 09:38:14
    [P_TID] => INIMX_VBNKCAEcatca0720250422093528765269
    [P_MID] => CAEcatca07
    [P_AUTH_DT] => 20250422093814
    [P_STATUS] => 02
    [P_TYPE] => VBANK
    [P_OID] => 250421-033
    [P_FN_CD1] => 81
    [P_FN_CD2] => 
    [P_FN_NM] => 하나은행
    [P_AMT] => 3000
    [P_UNAME] => 김주리
    [P_RMESG1] => P_VACCT_NO=20893832140037|P_EXP_DT=20250502
    [P_RMESG2] => 
    [P_NOTI] => 
    [P_AUTH_NO] => 
)

 Array
(
    [PageCall time] => 09:41:38
    [P_TID] => INIMX_VBNKCAEcatca0720250422093737665797
    [P_MID] => CAEcatca07
    [P_AUTH_DT] => 20250422094138
    [P_STATUS] => 02
    [P_TYPE] => VBANK
    [P_OID] => 250422-002
    [P_FN_CD1] => 88
    [P_FN_CD2] => 
    [P_FN_NM] => 신한은행
    [P_AMT] => 3000
    [P_UNAME] => 김동조
    [P_RMESG1] => P_VACCT_NO=56211992811776|P_EXP_DT=20250502
    [P_RMESG2] => 
    [P_NOTI] => 
    [P_AUTH_NO] => 
)

 Array
(
    [PageCall time] => 09:49:00
    [P_TID] => INIMX_VBNKCAEcatca0720250422094437365064
    [P_MID] => CAEcatca07
    [P_AUTH_DT] => 20250422094900
    [P_STATUS] => 02
    [P_TYPE] => VBANK
    [P_OID] => 250422-003
    [P_FN_CD1] => 88
    [P_FN_CD2] => 
    [P_FN_NM] => 신한은행
    [P_AMT] => 3000
    [P_UNAME] => 최숙환
    [P_RMESG1] => P_VACCT_NO=56211992812680|P_EXP_DT=20250502
    [P_RMESG2] => 
    [P_NOTI] => 
    [P_AUTH_NO] => 
)

 Array
(
    [PageCall time] => 10:23:36
    [P_TID] => INIMX_VBNKCAEcatca0720250422102219935132
    [P_MID] => CAEcatca07
    [P_AUTH_DT] => 20250422102336
    [P_STATUS] => 02
    [P_TYPE] => VBANK
    [P_OID] => 250422-005
    [P_FN_CD1] => 04
    [P_FN_CD2] => 
    [P_FN_NM] => KB국민은행
    [P_AMT] => 3000
    [P_UNAME] => 박미숙
    [P_RMESG1] => P_VACCT_NO=26119078982305|P_EXP_DT=20250502
    [P_RMESG2] => 
    [P_NOTI] => 
    [P_AUTH_NO] => 
)

 Array
(
    [PageCall time] => 10:43:56
    [P_TID] => INIMX_VBNKCAEcatca0720250422104131285621
    [P_MID] => CAEcatca07
    [P_AUTH_DT] => 20250422104356
    [P_STATUS] => 02
    [P_TYPE] => VBANK
    [P_OID] => 250422-006
    [P_FN_CD1] => 81
    [P_FN_CD2] => 
    [P_FN_NM] => 하나은행
    [P_AMT] => 3000
    [P_UNAME] => 장승훈
    [P_RMESG1] => P_VACCT_NO=20893832793437|P_EXP_DT=20250502
    [P_RMESG2] => 
    [P_NOTI] => 
    [P_AUTH_NO] => 
)

 Array
(
    [PageCall time] => 10:57:34
    [P_TID] => INIMX_VBNKCAEcatca0720250422105419775427
    [P_MID] => CAEcatca07
    [P_AUTH_DT] => 20250422105734
    [P_STATUS] => 02
    [P_TYPE] => VBANK
    [P_OID] => 250422-007
    [P_FN_CD1] => 88
    [P_FN_CD2] => 
    [P_FN_NM] => 신한은행
    [P_AMT] => 3000
    [P_UNAME] => 박현옥
    [P_RMESG1] => P_VACCT_NO=56211992830986|P_EXP_DT=20250502
    [P_RMESG2] => 
    [P_NOTI] => 
    [P_AUTH_NO] => 
)

 Array
(
    [PageCall time] => 11:47:50
    [P_TID] => INIMX_VBNKCAEcatca0720250422114710125347
    [P_MID] => CAEcatca07
    [P_AUTH_DT] => 20250422114750
    [P_STATUS] => 02
    [P_TYPE] => VBANK
    [P_OID] => 250422-009
    [P_FN_CD1] => 11
    [P_FN_CD2] => 
    [P_FN_NM] => NH농협은행
    [P_AMT] => 3000
    [P_UNAME] => 이영숙
    [P_RMESG1] => P_VACCT_NO=79015901235511|P_EXP_DT=20250502
    [P_RMESG2] => 
    [P_NOTI] => 
    [P_AUTH_NO] => 
)

 Array
(
    [PageCall time] => 11:53:38
    [P_TID] => INIMX_VBNKCAEcatca0720250422115018505735
    [P_MID] => CAEcatca07
    [P_AUTH_DT] => 20250422115338
    [P_STATUS] => 02
    [P_TYPE] => VBANK
    [P_OID] => 250422-004
    [P_FN_CD1] => 88
    [P_FN_CD2] => 
    [P_FN_NM] => 신한은행
    [P_AMT] => 3000
    [P_UNAME] => 정영미
    [P_RMESG1] => P_VACCT_NO=56211992841594|P_EXP_DT=20250502
    [P_RMESG2] => 
    [P_NOTI] => 
    [P_AUTH_NO] => 
)

 Array
(
    [PageCall time] => 12:08:37
    [P_TID] => INIMX_VBNKCAEcatca0720250422120543135945
    [P_MID] => CAEcatca07
    [P_AUTH_DT] => 20250422120837
    [P_STATUS] => 02
    [P_TYPE] => VBANK
    [P_OID] => 250422-010
    [P_FN_CD1] => 20
    [P_FN_CD2] => 
    [P_FN_NM] => 우리은행
    [P_AMT] => 3000
    [P_UNAME] => 김도형
    [P_RMESG1] => P_VACCT_NO=27389682418697|P_EXP_DT=20250502
    [P_RMESG2] => 
    [P_NOTI] => 
    [P_AUTH_NO] => 
)

 Array
(
    [PageCall time] => 12:27:20
    [P_TID] => INIMX_VBNKCAEcatca0720250422122151185585
    [P_MID] => CAEcatca07
    [P_AUTH_DT] => 20250422122720
    [P_STATUS] => 02
    [P_TYPE] => VBANK
    [P_OID] => 250422-008
    [P_FN_CD1] => 07
    [P_FN_CD2] => 
    [P_FN_NM] => 수협은행
    [P_AMT] => 3000
    [P_UNAME] => 최영희
    [P_RMESG1] => P_VACCT_NO=06640082585897|P_EXP_DT=20250502
    [P_RMESG2] => 
    [P_NOTI] => 
    [P_AUTH_NO] => 
)

 Array
(
    [PageCall time] => 12:39:13
    [P_TID] => INIMX_VBNKCAEcatca0720250422123847465149
    [P_MID] => CAEcatca07
    [P_AUTH_DT] => 20250422123913
    [P_STATUS] => 02
    [P_TYPE] => VBANK
    [P_OID] => 250422-011
    [P_FN_CD1] => 04
    [P_FN_CD2] => 
    [P_FN_NM] => KB국민은행
    [P_AMT] => 3000
    [P_UNAME] => 김수연
    [P_RMESG1] => P_VACCT_NO=26159078084139|P_EXP_DT=20250502
    [P_RMESG2] => 
    [P_NOTI] => 
    [P_AUTH_NO] => 
)

 Array
(
    [PageCall time] => 13:56:02
    [P_TID] => INIMX_VBNKCAEcatca0720250422135535595107
    [P_MID] => CAEcatca07
    [P_AUTH_DT] => 20250422135602
    [P_STATUS] => 02
    [P_TYPE] => VBANK
    [P_OID] => 250422-013
    [P_FN_CD1] => 04
    [P_FN_CD2] => 
    [P_FN_NM] => KB국민은행
    [P_AMT] => 3000
    [P_UNAME] => 송성근
    [P_RMESG1] => P_VACCT_NO=26159078138425|P_EXP_DT=20250502
    [P_RMESG2] => 
    [P_NOTI] => 
    [P_AUTH_NO] => 
)

 Array
(
    [PageCall time] => 14:27:30
    [P_TID] => INIMX_VBNKCAEcatca0720250422142653185050
    [P_MID] => CAEcatca07
    [P_AUTH_DT] => 20250422142730
    [P_STATUS] => 02
    [P_TYPE] => VBANK
    [P_OID] => 250422-014
    [P_FN_CD1] => 04
    [P_FN_CD2] => 
    [P_FN_NM] => KB국민은행
    [P_AMT] => 3000
    [P_UNAME] => 최유경
    [P_RMESG1] => P_VACCT_NO=26159078271021|P_EXP_DT=20250502
    [P_RMESG2] => 
    [P_NOTI] => 
    [P_AUTH_NO] => 
)

 Array
(
    [PageCall time] => 14:32:18
    [P_TID] => INIMX_VBNKCAEcatca0720250422143113985542
    [P_MID] => CAEcatca07
    [P_AUTH_DT] => 20250422143218
    [P_STATUS] => 02
    [P_TYPE] => VBANK
    [P_OID] => 250422-015
    [P_FN_CD1] => 11
    [P_FN_CD2] => 
    [P_FN_NM] => NH농협은행
    [P_AMT] => 3000
    [P_UNAME] => 고경영
    [P_RMESG1] => P_VACCT_NO=79015901265205|P_EXP_DT=20250502
    [P_RMESG2] => 
    [P_NOTI] => 
    [P_AUTH_NO] => 
)

 Array
(
    [PageCall time] => 14:49:41
    [P_TID] => INIMX_VBNKCAEcatca0720250422144839825388
    [P_MID] => CAEcatca07
    [P_AUTH_DT] => 20250422144941
    [P_STATUS] => 02
    [P_TYPE] => VBANK
    [P_OID] => 250422-016
    [P_FN_CD1] => 11
    [P_FN_CD2] => 
    [P_FN_NM] => NH농협은행
    [P_AMT] => 3000
    [P_UNAME] => 신수호
    [P_RMESG1] => P_VACCT_NO=79015901268681|P_EXP_DT=20250502
    [P_RMESG2] => 
    [P_NOTI] => 
    [P_AUTH_NO] => 
)

 Array
(
    [PageCall time] => 14:51:29
    [P_TID] => INIMX_VBNKCAEcatca0720250422144846625965
    [P_MID] => CAEcatca07
    [P_AUTH_DT] => 20250422145129
    [P_STATUS] => 02
    [P_TYPE] => VBANK
    [P_OID] => 250421-006
    [P_FN_CD1] => 88
    [P_FN_CD2] => 
    [P_FN_NM] => 신한은행
    [P_AMT] => 3000
    [P_UNAME] => 박지영
    [P_RMESG1] => P_VACCT_NO=56211992890710|P_EXP_DT=20250502
    [P_RMESG2] => 
    [P_NOTI] => 
    [P_AUTH_NO] => 
)

 Array
(
    [PageCall time] => 15:21:39
    [P_TID] => INIMX_VBNKCAEcatca0720250422152111215485
    [P_MID] => CAEcatca07
    [P_AUTH_DT] => 20250422152139
    [P_STATUS] => 02
    [P_TYPE] => VBANK
    [P_OID] => 250422-017
    [P_FN_CD1] => 11
    [P_FN_CD2] => 
    [P_FN_NM] => NH농협은행
    [P_AMT] => 3000
    [P_UNAME] => 김관우
    [P_RMESG1] => P_VACCT_NO=79015901274255|P_EXP_DT=20250502
    [P_RMESG2] => 
    [P_NOTI] => 
    [P_AUTH_NO] => 
)

 Array
(
    [PageCall time] => 15:33:03
    [P_TID] => INIMX_VBNKCAEcatca0720250422152700805860
    [P_MID] => CAEcatca07
    [P_AUTH_DT] => 20250422153303
    [P_STATUS] => 02
    [P_TYPE] => VBANK
    [P_OID] => 250422-018
    [P_FN_CD1] => 11
    [P_FN_CD2] => 
    [P_FN_NM] => NH농협은행
    [P_AMT] => 3000
    [P_UNAME] => 정덕자
    [P_RMESG1] => P_VACCT_NO=79015901275028|P_EXP_DT=20250502
    [P_RMESG2] => 
    [P_NOTI] => 
    [P_AUTH_NO] => 
)

 Array
(
    [PageCall time] => 16:04:43
    [P_TID] => INIMX_VBNKCAEcatca0720250415150248935134
    [P_MID] => CAEcatca07
    [P_AUTH_DT] => 20250422160443
    [P_STATUS] => 02
    [P_TYPE] => VBANK
    [P_OID] => 250415-027
    [P_FN_CD1] => 03
    [P_FN_CD2] => 
    [P_FN_NM] => 기업은행
    [P_AMT] => 3000
    [P_UNAME] => 이유정
    [P_RMESG1] => P_VACCT_NO=07503254097462|P_EXP_DT=20250425
    [P_RMESG2] => 
    [P_NOTI] => 
    [P_AUTH_NO] => 
)

 Array
(
    [PageCall time] => 16:25:46
    [P_TID] => INIMX_VBNKCAEcatca0720250422162221395154
    [P_MID] => CAEcatca07
    [P_AUTH_DT] => 20250422162546
    [P_STATUS] => 02
    [P_TYPE] => VBANK
    [P_OID] => 250422-020
    [P_FN_CD1] => 04
    [P_FN_CD2] => 
    [P_FN_NM] => KB국민은행
    [P_AMT] => 3000
    [P_UNAME] => 홍미선
    [P_RMESG1] => P_VACCT_NO=52499014975059|P_EXP_DT=20250502
    [P_RMESG2] => 
    [P_NOTI] => 
    [P_AUTH_NO] => 
)

 Array
(
    [PageCall time] => 16:55:34
    [P_TID] => INIMX_VBNKCAEcatca0720250422165430985547
    [P_MID] => CAEcatca07
    [P_AUTH_DT] => 20250422165534
    [P_STATUS] => 02
    [P_TYPE] => VBANK
    [P_OID] => 250422-023
    [P_FN_CD1] => 04
    [P_FN_CD2] => 
    [P_FN_NM] => KB국민은행
    [P_AMT] => 3000
    [P_UNAME] => 박희재
    [P_RMESG1] => P_VACCT_NO=52499014982275|P_EXP_DT=20250502
    [P_RMESG2] => 
    [P_NOTI] => 
    [P_AUTH_NO] => 
)

 Array
(
    [PageCall time] => 17:31:30
    [P_TID] => INIMX_VBNKCAEcatca0720250422172753725131
    [P_MID] => CAEcatca07
    [P_AUTH_DT] => 20250422173130
    [P_STATUS] => 02
    [P_TYPE] => VBANK
    [P_OID] => 250422-025
    [P_FN_CD1] => 88
    [P_FN_CD2] => 
    [P_FN_NM] => 신한은행
    [P_AMT] => 3000
    [P_UNAME] => 배홍록
    [P_RMESG1] => P_VACCT_NO=56211992941245|P_EXP_DT=20250502
    [P_RMESG2] => 
    [P_NOTI] => 
    [P_AUTH_NO] => 
)

 Array
(
    [PageCall time] => 18:15:41
    [P_TID] => INIMX_VBNKCAEcatca0720250422181251295426
    [P_MID] => CAEcatca07
    [P_AUTH_DT] => 20250422181541
    [P_STATUS] => 02
    [P_TYPE] => VBANK
    [P_OID] => 250422-027
    [P_FN_CD1] => 31
    [P_FN_CD2] => 
    [P_FN_NM] => 아이엠뱅크(대구은행)
    [P_AMT] => 3000
    [P_UNAME] => 박한옥
    [P_RMESG1] => P_VACCT_NO=9600362819505|P_EXP_DT=20250502
    [P_RMESG2] => 
    [P_NOTI] => 
    [P_AUTH_NO] => 
)

 Array
(
    [PageCall time] => 18:30:21
    [P_TID] => INIMX_VBNKCAEcatca0720250422182642545285
    [P_MID] => CAEcatca07
    [P_AUTH_DT] => 20250422183021
    [P_STATUS] => 02
    [P_TYPE] => VBANK
    [P_OID] => 250422-028
    [P_FN_CD1] => 88
    [P_FN_CD2] => 
    [P_FN_NM] => 신한은행
    [P_AMT] => 3000
    [P_UNAME] => 최금옥
    [P_RMESG1] => P_VACCT_NO=56211992947401|P_EXP_DT=20250502
    [P_RMESG2] => 
    [P_NOTI] => 
    [P_AUTH_NO] => 
)

 Array
(
    [PageCall time] => 19:05:20
    [P_TID] => INIMX_VBNKCAEcatca0720250422190155695604
    [P_MID] => CAEcatca07
    [P_AUTH_DT] => 20250422190520
    [P_STATUS] => 02
    [P_TYPE] => VBANK
    [P_OID] => 250422-029
    [P_FN_CD1] => 88
    [P_FN_CD2] => 
    [P_FN_NM] => 신한은행
    [P_AMT] => 3000
    [P_UNAME] => 강미선
    [P_RMESG1] => P_VACCT_NO=56211992950291|P_EXP_DT=20250502
    [P_RMESG2] => 
    [P_NOTI] => 
    [P_AUTH_NO] => 
)

