 Array
(
    [PageCall time] => 11:14:57
    [P_TID] => INIMX_VBNKCAEcatca0720250831111204175225
    [P_MID] => CAEcatca07
    [P_AUTH_DT] => 20250831111457
    [P_STATUS] => 02
    [P_TYPE] => VBANK
    [P_OID] => 250831-002
    [P_FN_CD1] => 03
    [P_FN_CD2] => 
    [P_FN_NM] => 기업은행
    [P_AMT] => 3000
    [P_UNAME] => 이규복
    [P_RMESG1] => P_VACCT_NO=07503434597907|P_EXP_DT=20250910
    [P_RMESG2] => 
    [P_NOTI] => 
    [P_AUTH_NO] => 
)

 Array
(
    [PageCall time] => 12:04:57
    [P_TID] => INIMX_VBNKCAEcatca0720250831120417395250
    [P_MID] => CAEcatca07
    [P_AUTH_DT] => 20250831120457
    [P_STATUS] => 02
    [P_TYPE] => VBANK
    [P_OID] => 250831-004
    [P_FN_CD1] => 11
    [P_FN_CD2] => 
    [P_FN_NM] => NH농협은행
    [P_AMT] => 3000
    [P_UNAME] => 이정연
    [P_RMESG1] => P_VACCT_NO=79014408896615|P_EXP_DT=20250910
    [P_RMESG2] => 
    [P_NOTI] => 
    [P_AUTH_NO] => 
)

 Array
(
    [PageCall time] => 13:11:39
    [P_TID] => INIMX_VBNKCAEcatca0720250831130829985227
    [P_MID] => CAEcatca07
    [P_AUTH_DT] => 20250831131139
    [P_STATUS] => 02
    [P_TYPE] => VBANK
    [P_OID] => 250831-005
    [P_FN_CD1] => 88
    [P_FN_CD2] => 
    [P_FN_NM] => 신한은행
    [P_AMT] => 3000
    [P_UNAME] => 서지훈
    [P_RMESG1] => P_VACCT_NO=56211992979794|P_EXP_DT=20250910
    [P_RMESG2] => 
    [P_NOTI] => 
    [P_AUTH_NO] => 
)

 Array
(
    [PageCall time] => 14:42:51
    [P_TID] => INIMX_VBNKCAEcatca0720250831143913165612
    [P_MID] => CAEcatca07
    [P_AUTH_DT] => 20250831144251
    [P_STATUS] => 02
    [P_TYPE] => VBANK
    [P_OID] => 250831-006
    [P_FN_CD1] => 20
    [P_FN_CD2] => 
    [P_FN_NM] => 우리은행
    [P_AMT] => 3000
    [P_UNAME] => 서예찬
    [P_RMESG1] => P_VACCT_NO=27488985218951|P_EXP_DT=20250910
    [P_RMESG2] => 
    [P_NOTI] => 
    [P_AUTH_NO] => 
)

 Array
(
    [PageCall time] => 14:46:08
    [P_TID] => INIMX_VBNKCAEcatca0720250831144331585642
    [P_MID] => CAEcatca07
    [P_AUTH_DT] => 20250831144608
    [P_STATUS] => 02
    [P_TYPE] => VBANK
    [P_OID] => 250831-007
    [P_FN_CD1] => 03
    [P_FN_CD2] => 
    [P_FN_NM] => 기업은행
    [P_AMT] => 3000
    [P_UNAME] => 윤지환
    [P_RMESG1] => P_VACCT_NO=07503435197621|P_EXP_DT=20250910
    [P_RMESG2] => 
    [P_NOTI] => 
    [P_AUTH_NO] => 
)

 Array
(
    [PageCall time] => 18:36:34
    [P_TID] => INIMX_VBNKCAEcatca0720250831183250785738
    [P_MID] => CAEcatca07
    [P_AUTH_DT] => 20250831183633
    [P_STATUS] => 02
    [P_TYPE] => VBANK
    [P_OID] => 250831-003
    [P_FN_CD1] => 39
    [P_FN_CD2] => 
    [P_FN_NM] => 경남은행
    [P_AMT] => 3000
    [P_UNAME] => 서종원
    [P_RMESG1] => P_VACCT_NO=573193546122|P_EXP_DT=20250910
    [P_RMESG2] => 
    [P_NOTI] => 
    [P_AUTH_NO] => 
)

