 Array
(
    [PageCall time] => 00:16:31
    [P_TID] => INIMX_VBNKCAEcatca0720260124001357485728
    [P_MID] => CAEcatca07
    [P_AUTH_DT] => 20260124001631
    [P_STATUS] => 02
    [P_TYPE] => VBANK
    [P_OID] => 260123-011
    [P_FN_CD1] => 03
    [P_FN_CD2] => 
    [P_FN_NM] => 기업은행
    [P_AMT] => 3500
    [P_UNAME] => 김정희
    [P_RMESG1] => P_VACCT_NO=07502328997779|P_EXP_DT=20260203
    [P_RMESG2] => 
    [P_NOTI] => 
    [P_AUTH_NO] => 
)

 Array
(
    [PageCall time] => 13:04:22
    [P_TID] => INIMX_VBNKCAEcatca0720260124130110375869
    [P_MID] => CAEcatca07
    [P_AUTH_DT] => 20260124130421
    [P_STATUS] => 02
    [P_TYPE] => VBANK
    [P_OID] => 260124-001
    [P_FN_CD1] => 31
    [P_FN_CD2] => 
    [P_FN_NM] => 아이엠뱅크(대구은행)
    [P_AMT] => 3500
    [P_UNAME] => 김세현
    [P_RMESG1] => P_VACCT_NO=9600362680828|P_EXP_DT=20260203
    [P_RMESG2] => 
    [P_NOTI] => 
    [P_AUTH_NO] => 
)

 Array
(
    [PageCall time] => 15:01:20
    [P_TID] => INIMX_VBNKCAEcatca0720260124145843675743
    [P_MID] => CAEcatca07
    [P_AUTH_DT] => 20260124150120
    [P_STATUS] => 02
    [P_TYPE] => VBANK
    [P_OID] => 260124-002
    [P_FN_CD1] => 88
    [P_FN_CD2] => 
    [P_FN_NM] => 신한은행
    [P_AMT] => 3500
    [P_UNAME] => 이요한
    [P_RMESG1] => P_VACCT_NO=56211102541102|P_EXP_DT=20260203
    [P_RMESG2] => 
    [P_NOTI] => 
    [P_AUTH_NO] => 
)

 Array
(
    [PageCall time] => 16:19:33
    [P_TID] => INIMX_VBNKCAEcatca0720260124161655215628
    [P_MID] => CAEcatca07
    [P_AUTH_DT] => 20260124161933
    [P_STATUS] => 02
    [P_TYPE] => VBANK
    [P_OID] => 260124-003
    [P_FN_CD1] => 03
    [P_FN_CD2] => 
    [P_FN_NM] => 기업은행
    [P_AMT] => 3500
    [P_UNAME] => 한주석
    [P_RMESG1] => P_VACCT_NO=07502330197363|P_EXP_DT=20260203
    [P_RMESG2] => 
    [P_NOTI] => 
    [P_AUTH_NO] => 
)

 Array
(
    [PageCall time] => 16:57:08
    [P_TID] => INIMX_VBNKCAEcatca0720260124165313275163
    [P_MID] => CAEcatca07
    [P_AUTH_DT] => 20260124165708
    [P_STATUS] => 02
    [P_TYPE] => VBANK
    [P_OID] => 260124-004
    [P_FN_CD1] => 04
    [P_FN_CD2] => 
    [P_FN_NM] => KB국민은행
    [P_AMT] => 3500
    [P_UNAME] => 문인경
    [P_RMESG1] => P_VACCT_NO=26119078446504|P_EXP_DT=20260203
    [P_RMESG2] => 
    [P_NOTI] => 
    [P_AUTH_NO] => 
)

 Array
(
    [PageCall time] => 18:58:43
    [P_TID] => INIMX_VBNKCAEcatca0720260124185545945476
    [P_MID] => CAEcatca07
    [P_AUTH_DT] => 20260124185842
    [P_STATUS] => 02
    [P_TYPE] => VBANK
    [P_OID] => 260124-005
    [P_FN_CD1] => 88
    [P_FN_CD2] => 
    [P_FN_NM] => 신한은행
    [P_AMT] => 3500
    [P_UNAME] => 박순자
    [P_RMESG1] => P_VACCT_NO=56211102553600|P_EXP_DT=20260203
    [P_RMESG2] => 
    [P_NOTI] => 
    [P_AUTH_NO] => 
)

 Array
(
    [PageCall time] => 19:52:58
    [P_TID] => INIMX_VBNKCAEcatca0720260124194920265319
    [P_MID] => CAEcatca07
    [P_AUTH_DT] => 20260124195258
    [P_STATUS] => 02
    [P_TYPE] => VBANK
    [P_OID] => 260124-006
    [P_FN_CD1] => 04
    [P_FN_CD2] => 
    [P_FN_NM] => KB국민은행
    [P_AMT] => 3500
    [P_UNAME] => 김동식
    [P_RMESG1] => P_VACCT_NO=26119078556960|P_EXP_DT=20260203
    [P_RMESG2] => 
    [P_NOTI] => 
    [P_AUTH_NO] => 
)

 Array
(
    [PageCall time] => 20:24:15
    [P_TID] => INIMX_VBNKCAEcatca0720260124202153145411
    [P_MID] => CAEcatca07
    [P_AUTH_DT] => 20260124202415
    [P_STATUS] => 02
    [P_TYPE] => VBANK
    [P_OID] => 260124-008
    [P_FN_CD1] => 89
    [P_FN_CD2] => 
    [P_FN_NM] => 케이뱅크
    [P_AMT] => 3500
    [P_UNAME] => 이서윤
    [P_RMESG1] => P_VACCT_NO=70112003385502|P_EXP_DT=20260203
    [P_RMESG2] => 
    [P_NOTI] => 
    [P_AUTH_NO] => 
)

 Array
(
    [PageCall time] => 20:28:33
    [P_TID] => INIMX_VBNKCAEcatca0720260124202540185363
    [P_MID] => CAEcatca07
    [P_AUTH_DT] => 20260124202833
    [P_STATUS] => 02
    [P_TYPE] => VBANK
    [P_OID] => 260124-007
    [P_FN_CD1] => 04
    [P_FN_CD2] => 
    [P_FN_NM] => KB국민은행
    [P_AMT] => 3500
    [P_UNAME] => 성민석
    [P_RMESG1] => P_VACCT_NO=26119078610783|P_EXP_DT=20260203
    [P_RMESG2] => 
    [P_NOTI] => 
    [P_AUTH_NO] => 
)

 Array
(
    [PageCall time] => 22:11:11
    [P_TID] => INIMX_VBNKCAEcatca0720260124220720345565
    [P_MID] => CAEcatca07
    [P_AUTH_DT] => 20260124221111
    [P_STATUS] => 02
    [P_TYPE] => VBANK
    [P_OID] => 260124-009
    [P_FN_CD1] => 88
    [P_FN_CD2] => 
    [P_FN_NM] => 신한은행
    [P_AMT] => 3500
    [P_UNAME] => 이대영
    [P_RMESG1] => P_VACCT_NO=56211102565020|P_EXP_DT=20260203
    [P_RMESG2] => 
    [P_NOTI] => 
    [P_AUTH_NO] => 
)

