 Array
(
    [PageCall time] => 10:08:56
    [P_TID] => INIMX_VBNKCAEcatca0720251026100630835594
    [P_MID] => CAEcatca07
    [P_AUTH_DT] => 20251026100856
    [P_STATUS] => 02
    [P_TYPE] => VBANK
    [P_OID] => 251026-001
    [P_FN_CD1] => 81
    [P_FN_CD2] => 
    [P_FN_NM] => 하나은행
    [P_AMT] => 3000
    [P_UNAME] => 송하경
    [P_RMESG1] => P_VACCT_NO=20893907689737|P_EXP_DT=20251105
    [P_RMESG2] => 
    [P_NOTI] => 
    [P_AUTH_NO] => 
)

 Array
(
    [PageCall time] => 12:47:27
    [P_TID] => INIMX_VBNKCAEcatca0720251026124335375657
    [P_MID] => CAEcatca07
    [P_AUTH_DT] => 20251026124727
    [P_STATUS] => 02
    [P_TYPE] => VBANK
    [P_OID] => 251026-003
    [P_FN_CD1] => 20
    [P_FN_CD2] => 
    [P_FN_NM] => 우리은행
    [P_AMT] => 3000
    [P_UNAME] => 박경영
    [P_RMESG1] => P_VACCT_NO=27761059218228|P_EXP_DT=20251105
    [P_RMESG2] => 
    [P_NOTI] => 
    [P_AUTH_NO] => 
)

 Array
(
    [PageCall time] => 13:06:23
    [P_TID] => INIMX_VBNKCAEcatca0720251026115710055141
    [P_MID] => CAEcatca07
    [P_AUTH_DT] => 20251026130623
    [P_STATUS] => 02
    [P_TYPE] => VBANK
    [P_OID] => 251026-002
    [P_FN_CD1] => 03
    [P_FN_CD2] => 
    [P_FN_NM] => 기업은행
    [P_AMT] => 3000
    [P_UNAME] => 임동환
    [P_RMESG1] => P_VACCT_NO=07503236097753|P_EXP_DT=20251105
    [P_RMESG2] => 
    [P_NOTI] => 
    [P_AUTH_NO] => 
)

 Array
(
    [PageCall time] => 15:24:25
    [P_TID] => INIMX_VBNKCAEcatca0720251026152141475101
    [P_MID] => CAEcatca07
    [P_AUTH_DT] => 20251026152425
    [P_STATUS] => 02
    [P_TYPE] => VBANK
    [P_OID] => 251026-004
    [P_FN_CD1] => 04
    [P_FN_CD2] => 
    [P_FN_NM] => KB국민은행
    [P_AMT] => 3000
    [P_UNAME] => 홍미자
    [P_RMESG1] => P_VACCT_NO=51269079213911|P_EXP_DT=20251105
    [P_RMESG2] => 
    [P_NOTI] => 
    [P_AUTH_NO] => 
)

 Array
(
    [PageCall time] => 16:37:09
    [P_TID] => INIMX_VBNKCAEcatca0720251026163417315332
    [P_MID] => CAEcatca07
    [P_AUTH_DT] => 20251026163709
    [P_STATUS] => 02
    [P_TYPE] => VBANK
    [P_OID] => 251026-005
    [P_FN_CD1] => 20
    [P_FN_CD2] => 
    [P_FN_NM] => 우리은행
    [P_AMT] => 3000
    [P_UNAME] => 김송겸
    [P_RMESG1] => P_VACCT_NO=27761080118622|P_EXP_DT=20251105
    [P_RMESG2] => 
    [P_NOTI] => 
    [P_AUTH_NO] => 
)

 Array
(
    [PageCall time] => 18:01:40
    [P_TID] => INIMX_VBNKCAEcatca0720251026175534185051
    [P_MID] => CAEcatca07
    [P_AUTH_DT] => 20251026180140
    [P_STATUS] => 02
    [P_TYPE] => VBANK
    [P_OID] => 251026-006
    [P_FN_CD1] => 04
    [P_FN_CD2] => 
    [P_FN_NM] => KB국민은행
    [P_AMT] => 3000
    [P_UNAME] => 백운숙
    [P_RMESG1] => P_VACCT_NO=53049079073351|P_EXP_DT=20251105
    [P_RMESG2] => 
    [P_NOTI] => 
    [P_AUTH_NO] => 
)

 Array
(
    [PageCall time] => 18:03:52
    [P_TID] => INIMX_VBNKCAEcatca0720251026175912975061
    [P_MID] => CAEcatca07
    [P_AUTH_DT] => 20251026180352
    [P_STATUS] => 02
    [P_TYPE] => VBANK
    [P_OID] => 251026-009
    [P_FN_CD1] => 04
    [P_FN_CD2] => 
    [P_FN_NM] => KB국민은행
    [P_AMT] => 3000
    [P_UNAME] => 엄연수
    [P_RMESG1] => P_VACCT_NO=53049079074402|P_EXP_DT=20251105
    [P_RMESG2] => 
    [P_NOTI] => 
    [P_AUTH_NO] => 
)

 Array
(
    [PageCall time] => 20:58:11
    [P_TID] => INIMX_VBNKCAEcatca0720251026205547315637
    [P_MID] => CAEcatca07
    [P_AUTH_DT] => 20251026205811
    [P_STATUS] => 02
    [P_TYPE] => VBANK
    [P_OID] => 251026-011
    [P_FN_CD1] => 88
    [P_FN_CD2] => 
    [P_FN_NM] => 신한은행
    [P_AMT] => 3000
    [P_UNAME] => 조재형
    [P_RMESG1] => P_VACCT_NO=56211102190650|P_EXP_DT=20251105
    [P_RMESG2] => 
    [P_NOTI] => 
    [P_AUTH_NO] => 
)

 Array
(
    [PageCall time] => 21:33:13
    [P_TID] => INIMX_VBNKCAEcatca0720251026213045655195
    [P_MID] => CAEcatca07
    [P_AUTH_DT] => 20251026213313
    [P_STATUS] => 02
    [P_TYPE] => VBANK
    [P_OID] => 251026-013
    [P_FN_CD1] => 89
    [P_FN_CD2] => 
    [P_FN_NM] => 케이뱅크
    [P_AMT] => 3000
    [P_UNAME] => 서원종
    [P_RMESG1] => P_VACCT_NO=70112003685753|P_EXP_DT=20251105
    [P_RMESG2] => 
    [P_NOTI] => 
    [P_AUTH_NO] => 
)

 Array
(
    [PageCall time] => 22:18:08
    [P_TID] => INIMX_VBNKCAEcatca0720251026221429845962
    [P_MID] => CAEcatca07
    [P_AUTH_DT] => 20251026221808
    [P_STATUS] => 02
    [P_TYPE] => VBANK
    [P_OID] => 251026-014
    [P_FN_CD1] => 39
    [P_FN_CD2] => 
    [P_FN_NM] => 경남은행
    [P_AMT] => 3000
    [P_UNAME] => 박성준
    [P_RMESG1] => P_VACCT_NO=573193260157|P_EXP_DT=20251105
    [P_RMESG2] => 
    [P_NOTI] => 
    [P_AUTH_NO] => 
)

 Array
(
    [PageCall time] => 22:34:01
    [P_TID] => INIMX_VBNKCAEcatca0720251026223121175203
    [P_MID] => CAEcatca07
    [P_AUTH_DT] => 20251026223401
    [P_STATUS] => 02
    [P_TYPE] => VBANK
    [P_OID] => 251026-015
    [P_FN_CD1] => 88
    [P_FN_CD2] => 
    [P_FN_NM] => 신한은행
    [P_AMT] => 3000
    [P_UNAME] => 이수진
    [P_RMESG1] => P_VACCT_NO=56211102456003|P_EXP_DT=20251105
    [P_RMESG2] => 
    [P_NOTI] => 
    [P_AUTH_NO] => 
)

 Array
(
    [PageCall time] => 22:37:43
    [P_TID] => INIMX_VBNKCAEcatca0720251022141336705957
    [P_MID] => CAEcatca07
    [P_AUTH_DT] => 20251026223743
    [P_STATUS] => 02
    [P_TYPE] => VBANK
    [P_OID] => 251021-047
    [P_FN_CD1] => 04
    [P_FN_CD2] => 
    [P_FN_NM] => KB국민은행
    [P_AMT] => 3000
    [P_UNAME] => 강소영
    [P_RMESG1] => P_VACCT_NO=96569078033253|P_EXP_DT=20251101
    [P_RMESG2] => 
    [P_NOTI] => 
    [P_AUTH_NO] => 
)

