 Array
(
    [PageCall time] => 08:29:34
    [P_TID] => INIMX_VBNKCAEcatca0720251224082854485912
    [P_MID] => CAEcatca07
    [P_AUTH_DT] => 20251224082934
    [P_STATUS] => 02
    [P_TYPE] => VBANK
    [P_OID] => 251224-003
    [P_FN_CD1] => 11
    [P_FN_CD2] => 
    [P_FN_NM] => NH농협은행
    [P_AMT] => 3000
    [P_UNAME] => 주설아
    [P_RMESG1] => P_VACCT_NO=79010583778115|P_EXP_DT=20260103
    [P_RMESG2] => 
    [P_NOTI] => 
    [P_AUTH_NO] => 
)

 Array
(
    [PageCall time] => 08:52:16
    [P_TID] => INIMX_VBNKCAEcatca0720251224085124765314
    [P_MID] => CAEcatca07
    [P_AUTH_DT] => 20251224085216
    [P_STATUS] => 02
    [P_TYPE] => VBANK
    [P_OID] => 251224-004
    [P_FN_CD1] => 11
    [P_FN_CD2] => 
    [P_FN_NM] => NH농협은행
    [P_AMT] => 3000
    [P_UNAME] => 이지은
    [P_RMESG1] => P_VACCT_NO=79010583794728|P_EXP_DT=20260103
    [P_RMESG2] => 
    [P_NOTI] => 
    [P_AUTH_NO] => 
)

 Array
(
    [PageCall time] => 09:53:53
    [P_TID] => INIMX_VBNKCAEcatca0720251224095024165886
    [P_MID] => CAEcatca07
    [P_AUTH_DT] => 20251224095353
    [P_STATUS] => 02
    [P_TYPE] => VBANK
    [P_OID] => 251223-001
    [P_FN_CD1] => 04
    [P_FN_CD2] => 
    [P_FN_NM] => KB국민은행
    [P_AMT] => 3000
    [P_UNAME] => 정규만
    [P_RMESG1] => P_VACCT_NO=26159078054101|P_EXP_DT=20260103
    [P_RMESG2] => 
    [P_NOTI] => 
    [P_AUTH_NO] => 
)

 Array
(
    [PageCall time] => 10:22:32
    [P_TID] => INIMX_VBNKCAEcatca0720251224102134545357
    [P_MID] => CAEcatca07
    [P_AUTH_DT] => 20251224102232
    [P_STATUS] => 02
    [P_TYPE] => VBANK
    [P_OID] => 251223-026
    [P_FN_CD1] => 11
    [P_FN_CD2] => 
    [P_FN_NM] => NH농협은행
    [P_AMT] => 3000
    [P_UNAME] => 전희경
    [P_RMESG1] => P_VACCT_NO=79010583938933|P_EXP_DT=20260103
    [P_RMESG2] => 
    [P_NOTI] => 
    [P_AUTH_NO] => 
)

 Array
(
    [PageCall time] => 10:36:10
    [P_TID] => INIMX_VBNKCAEcatca0720251224103342385736
    [P_MID] => CAEcatca07
    [P_AUTH_DT] => 20251224103610
    [P_STATUS] => 02
    [P_TYPE] => VBANK
    [P_OID] => 251224-006
    [P_FN_CD1] => 81
    [P_FN_CD2] => 
    [P_FN_NM] => 하나은행
    [P_AMT] => 3000
    [P_UNAME] => 이만기
    [P_RMESG1] => P_VACCT_NO=20893801669537|P_EXP_DT=20260103
    [P_RMESG2] => 
    [P_NOTI] => 
    [P_AUTH_NO] => 
)

 Array
(
    [PageCall time] => 11:14:10
    [P_TID] => INIMX_VBNKCAEcatca0720251224111133555934
    [P_MID] => CAEcatca07
    [P_AUTH_DT] => 20251224111410
    [P_STATUS] => 02
    [P_TYPE] => VBANK
    [P_OID] => 251223-032
    [P_FN_CD1] => 04
    [P_FN_CD2] => 
    [P_FN_NM] => KB국민은행
    [P_AMT] => 3000
    [P_UNAME] => 이상준
    [P_RMESG1] => P_VACCT_NO=00289071420812|P_EXP_DT=20260103
    [P_RMESG2] => 
    [P_NOTI] => 
    [P_AUTH_NO] => 
)

 Array
(
    [PageCall time] => 11:25:55
    [P_TID] => INIMX_VBNKCAEcatca0720251224112312555171
    [P_MID] => CAEcatca07
    [P_AUTH_DT] => 20251224112555
    [P_STATUS] => 02
    [P_TYPE] => VBANK
    [P_OID] => 251224-009
    [P_FN_CD1] => 04
    [P_FN_CD2] => 
    [P_FN_NM] => KB국민은행
    [P_AMT] => 3000
    [P_UNAME] => 안준서
    [P_RMESG1] => P_VACCT_NO=91649011668559|P_EXP_DT=20260103
    [P_RMESG2] => 
    [P_NOTI] => 
    [P_AUTH_NO] => 
)

 Array
(
    [PageCall time] => 11:30:08
    [P_TID] => INIMX_VBNKCAEcatca0720251224112638455100
    [P_MID] => CAEcatca07
    [P_AUTH_DT] => 20251224113008
    [P_STATUS] => 02
    [P_TYPE] => VBANK
    [P_OID] => 251224-007
    [P_FN_CD1] => 04
    [P_FN_CD2] => 
    [P_FN_NM] => KB국민은행
    [P_AMT] => 3000
    [P_UNAME] => 전찬남
    [P_RMESG1] => P_VACCT_NO=91649011688344|P_EXP_DT=20260103
    [P_RMESG2] => 
    [P_NOTI] => 
    [P_AUTH_NO] => 
)

 Array
(
    [PageCall time] => 11:50:13
    [P_TID] => INIMX_VBNKCAEcatca0720251224114918705800
    [P_MID] => CAEcatca07
    [P_AUTH_DT] => 20251224115013
    [P_STATUS] => 02
    [P_TYPE] => VBANK
    [P_OID] => 251224-011
    [P_FN_CD1] => 11
    [P_FN_CD2] => 
    [P_FN_NM] => NH농협은행
    [P_AMT] => 3000
    [P_UNAME] => 오지틴
    [P_RMESG1] => P_VACCT_NO=79010584122576|P_EXP_DT=20260103
    [P_RMESG2] => 
    [P_NOTI] => 
    [P_AUTH_NO] => 
)

 Array
(
    [PageCall time] => 11:57:02
    [P_TID] => INIMX_VBNKCAEcatca0720251224115548965903
    [P_MID] => CAEcatca07
    [P_AUTH_DT] => 20251224115702
    [P_STATUS] => 02
    [P_TYPE] => VBANK
    [P_OID] => 251224-012
    [P_FN_CD1] => 11
    [P_FN_CD2] => 
    [P_FN_NM] => NH농협은행
    [P_AMT] => 3000
    [P_UNAME] => 최재헌
    [P_RMESG1] => P_VACCT_NO=79010584133811|P_EXP_DT=20260103
    [P_RMESG2] => 
    [P_NOTI] => 
    [P_AUTH_NO] => 
)

 Array
(
    [PageCall time] => 11:59:33
    [P_TID] => INIMX_VBNKCAEcatca0720251224115619915335
    [P_MID] => CAEcatca07
    [P_AUTH_DT] => 20251224115933
    [P_STATUS] => 02
    [P_TYPE] => VBANK
    [P_OID] => 251224-013
    [P_FN_CD1] => 89
    [P_FN_CD2] => 
    [P_FN_NM] => 케이뱅크
    [P_AMT] => 3000
    [P_UNAME] => 국상윤
    [P_RMESG1] => P_VACCT_NO=70112004148706|P_EXP_DT=20260103
    [P_RMESG2] => 
    [P_NOTI] => 
    [P_AUTH_NO] => 
)

 Array
(
    [PageCall time] => 12:36:09
    [P_TID] => INIMX_VBNKCAEcatca0720251224123302345546
    [P_MID] => CAEcatca07
    [P_AUTH_DT] => 20251224123609
    [P_STATUS] => 02
    [P_TYPE] => VBANK
    [P_OID] => 251224-014
    [P_FN_CD1] => 20
    [P_FN_CD2] => 
    [P_FN_NM] => 우리은행
    [P_AMT] => 3000
    [P_UNAME] => 신동인
    [P_RMESG1] => P_VACCT_NO=27389525118750|P_EXP_DT=20260103
    [P_RMESG2] => 
    [P_NOTI] => 
    [P_AUTH_NO] => 
)

 Array
(
    [PageCall time] => 12:37:55
    [P_TID] => INIMX_VBNKCAEcatca0720251224123435315757
    [P_MID] => CAEcatca07
    [P_AUTH_DT] => 20251224123755
    [P_STATUS] => 02
    [P_TYPE] => VBANK
    [P_OID] => 251224-015
    [P_FN_CD1] => 03
    [P_FN_CD2] => 
    [P_FN_NM] => 기업은행
    [P_AMT] => 3000
    [P_UNAME] => 박근황
    [P_RMESG1] => P_VACCT_NO=07503238897683|P_EXP_DT=20260103
    [P_RMESG2] => 
    [P_NOTI] => 
    [P_AUTH_NO] => 
)

 Array
(
    [PageCall time] => 12:51:23
    [P_TID] => INIMX_VBNKCAEcatca0720251224124840605181
    [P_MID] => CAEcatca07
    [P_AUTH_DT] => 20251224125123
    [P_STATUS] => 02
    [P_TYPE] => VBANK
    [P_OID] => 251223-035
    [P_FN_CD1] => 88
    [P_FN_CD2] => 
    [P_FN_NM] => 신한은행
    [P_AMT] => 3000
    [P_UNAME] => 김대웅
    [P_RMESG1] => P_VACCT_NO=56211991443160|P_EXP_DT=20260103
    [P_RMESG2] => 
    [P_NOTI] => 
    [P_AUTH_NO] => 
)

 Array
(
    [PageCall time] => 13:08:22
    [P_TID] => INIMX_VBNKCAEcatca0720251224130607775018
    [P_MID] => CAEcatca07
    [P_AUTH_DT] => 20251224130822
    [P_STATUS] => 02
    [P_TYPE] => VBANK
    [P_OID] => 251224-010
    [P_FN_CD1] => 11
    [P_FN_CD2] => 
    [P_FN_NM] => NH농협은행
    [P_AMT] => 3000
    [P_UNAME] => 이다한
    [P_RMESG1] => P_VACCT_NO=79010584224786|P_EXP_DT=20260103
    [P_RMESG2] => 
    [P_NOTI] => 
    [P_AUTH_NO] => 
)

 Array
(
    [PageCall time] => 14:44:10
    [P_TID] => INIMX_VBNKCAEcatca0720251224144306925968
    [P_MID] => CAEcatca07
    [P_AUTH_DT] => 20251224144410
    [P_STATUS] => 02
    [P_TYPE] => VBANK
    [P_OID] => 251224-018
    [P_FN_CD1] => 11
    [P_FN_CD2] => 
    [P_FN_NM] => NH농협은행
    [P_AMT] => 3000
    [P_UNAME] => 외도행복치과
    [P_RMESG1] => P_VACCT_NO=79010584511507|P_EXP_DT=20260103
    [P_RMESG2] => 
    [P_NOTI] => 
    [P_AUTH_NO] => 
)

 Array
(
    [PageCall time] => 14:48:40
    [P_TID] => INIMX_VBNKCAEcatca0720251224144801815645
    [P_MID] => CAEcatca07
    [P_AUTH_DT] => 20251224144840
    [P_STATUS] => 02
    [P_TYPE] => VBANK
    [P_OID] => 251224-021
    [P_FN_CD1] => 11
    [P_FN_CD2] => 
    [P_FN_NM] => NH농협은행
    [P_AMT] => 3000
    [P_UNAME] => 최경주
    [P_RMESG1] => P_VACCT_NO=79010584525622|P_EXP_DT=20260103
    [P_RMESG2] => 
    [P_NOTI] => 
    [P_AUTH_NO] => 
)

 Array
(
    [PageCall time] => 15:09:39
    [P_TID] => INIMX_VBNKCAEcatca0720251224150706125050
    [P_MID] => CAEcatca07
    [P_AUTH_DT] => 20251224150939
    [P_STATUS] => 02
    [P_TYPE] => VBANK
    [P_OID] => 251224-025
    [P_FN_CD1] => 20
    [P_FN_CD2] => 
    [P_FN_NM] => 우리은행
    [P_AMT] => 3000
    [P_UNAME] => 이서우
    [P_RMESG1] => P_VACCT_NO=27389539118095|P_EXP_DT=20260103
    [P_RMESG2] => 
    [P_NOTI] => 
    [P_AUTH_NO] => 
)

 Array
(
    [PageCall time] => 19:05:26
    [P_TID] => INIMX_VBNKCAEcatca0720251224190208475931
    [P_MID] => CAEcatca07
    [P_AUTH_DT] => 20251224190526
    [P_STATUS] => 02
    [P_TYPE] => VBANK
    [P_OID] => 251224-030
    [P_FN_CD1] => 04
    [P_FN_CD2] => 
    [P_FN_NM] => KB국민은행
    [P_AMT] => 3000
    [P_UNAME] => 허미영
    [P_RMESG1] => P_VACCT_NO=60489014713694|P_EXP_DT=20260103
    [P_RMESG2] => 
    [P_NOTI] => 
    [P_AUTH_NO] => 
)

 Array
(
    [PageCall time] => 19:11:22
    [P_TID] => INIMX_VBNKCAEcatca0720251224190801785514
    [P_MID] => CAEcatca07
    [P_AUTH_DT] => 20251224191122
    [P_STATUS] => 02
    [P_TYPE] => VBANK
    [P_OID] => 251224-027
    [P_FN_CD1] => 81
    [P_FN_CD2] => 
    [P_FN_NM] => 하나은행
    [P_AMT] => 3000
    [P_UNAME] => 정현석/김경성
    [P_RMESG1] => P_VACCT_NO=20893806328337|P_EXP_DT=20260103
    [P_RMESG2] => 
    [P_NOTI] => 
    [P_AUTH_NO] => 
)

 Array
(
    [PageCall time] => 19:14:34
    [P_TID] => INIMX_VBNKCAEcatca0720251224190916445919
    [P_MID] => CAEcatca07
    [P_AUTH_DT] => 20251224191434
    [P_STATUS] => 02
    [P_TYPE] => VBANK
    [P_OID] => 251224-031
    [P_FN_CD1] => 03
    [P_FN_CD2] => 
    [P_FN_NM] => 기업은행
    [P_AMT] => 3000
    [P_UNAME] => 이종숭
    [P_RMESG1] => P_VACCT_NO=07503241797835|P_EXP_DT=20260103
    [P_RMESG2] => 
    [P_NOTI] => 
    [P_AUTH_NO] => 
)

