 Array
(
    [PageCall time] => 09:04:56
    [P_TID] => INIMX_VBNKCAEcatca0720251230133354265887
    [P_MID] => CAEcatca07
    [P_AUTH_DT] => 20251231090456
    [P_STATUS] => 02
    [P_TYPE] => VBANK
    [P_OID] => 251223-016
    [P_FN_CD1] => 03
    [P_FN_CD2] => 
    [P_FN_NM] => 기업은행
    [P_AMT] => 3000
    [P_UNAME] => 송파항외과
    [P_RMESG1] => P_VACCT_NO=07503283997232|P_EXP_DT=20260109
    [P_RMESG2] => 
    [P_NOTI] => 
    [P_AUTH_NO] => 
)

 Array
(
    [PageCall time] => 10:06:10
    [P_TID] => INIMX_VBNKCAEcatca0720251231100415615746
    [P_MID] => CAEcatca07
    [P_AUTH_DT] => 20251231100610
    [P_STATUS] => 02
    [P_TYPE] => VBANK
    [P_OID] => 251231-008
    [P_FN_CD1] => 11
    [P_FN_CD2] => 
    [P_FN_NM] => NH농협은행
    [P_AMT] => 3000
    [P_UNAME] => 박정임
    [P_RMESG1] => P_VACCT_NO=79010588367944|P_EXP_DT=20260110
    [P_RMESG2] => 
    [P_NOTI] => 
    [P_AUTH_NO] => 
)

 Array
(
    [PageCall time] => 10:22:46
    [P_TID] => INIMX_VBNKCAEcatca0720251231101926435742
    [P_MID] => CAEcatca07
    [P_AUTH_DT] => 20251231102246
    [P_STATUS] => 02
    [P_TYPE] => VBANK
    [P_OID] => 251231-010
    [P_FN_CD1] => 89
    [P_FN_CD2] => 
    [P_FN_NM] => 케이뱅크
    [P_AMT] => 3000
    [P_UNAME] => 남명자
    [P_RMESG1] => P_VACCT_NO=70112004203535|P_EXP_DT=20260110
    [P_RMESG2] => 
    [P_NOTI] => 
    [P_AUTH_NO] => 
)

 Array
(
    [PageCall time] => 10:37:11
    [P_TID] => INIMX_VBNKCAEcatca0720251231103323325140
    [P_MID] => CAEcatca07
    [P_AUTH_DT] => 20251231103711
    [P_STATUS] => 02
    [P_TYPE] => VBANK
    [P_OID] => 251231-011
    [P_FN_CD1] => 04
    [P_FN_CD2] => 
    [P_FN_NM] => KB국민은행
    [P_AMT] => 3000
    [P_UNAME] => 이윤희
    [P_RMESG1] => P_VACCT_NO=26159078447246|P_EXP_DT=20260110
    [P_RMESG2] => 
    [P_NOTI] => 
    [P_AUTH_NO] => 
)

 Array
(
    [PageCall time] => 11:01:35
    [P_TID] => INIMX_VBNKCAEcatca0720251231105813845528
    [P_MID] => CAEcatca07
    [P_AUTH_DT] => 20251231110135
    [P_STATUS] => 02
    [P_TYPE] => VBANK
    [P_OID] => 251231-013
    [P_FN_CD1] => 03
    [P_FN_CD2] => 
    [P_FN_NM] => 기업은행
    [P_AMT] => 3000
    [P_UNAME] => 양경봉
    [P_RMESG1] => P_VACCT_NO=07503303197146|P_EXP_DT=20260110
    [P_RMESG2] => 
    [P_NOTI] => 
    [P_AUTH_NO] => 
)

 Array
(
    [PageCall time] => 11:13:54
    [P_TID] => INIMX_VBNKCAEcatca0720251231041025405636
    [P_MID] => CAEcatca07
    [P_AUTH_DT] => 20251231111354
    [P_STATUS] => 02
    [P_TYPE] => VBANK
    [P_OID] => 251231-002
    [P_FN_CD1] => 88
    [P_FN_CD2] => 
    [P_FN_NM] => 신한은행
    [P_AMT] => 3000
    [P_UNAME] => 배영숙
    [P_RMESG1] => P_VACCT_NO=56211991897344|P_EXP_DT=20260110
    [P_RMESG2] => 
    [P_NOTI] => 
    [P_AUTH_NO] => 
)

 Array
(
    [PageCall time] => 11:31:44
    [P_TID] => INIMX_VBNKCAEcatca0720251231112818355726
    [P_MID] => CAEcatca07
    [P_AUTH_DT] => 20251231113143
    [P_STATUS] => 02
    [P_TYPE] => VBANK
    [P_OID] => 251231-018
    [P_FN_CD1] => 81
    [P_FN_CD2] => 
    [P_FN_NM] => 하나은행
    [P_AMT] => 3000
    [P_UNAME] => 주연희
    [P_RMESG1] => P_VACCT_NO=20893845929337|P_EXP_DT=20260110
    [P_RMESG2] => 
    [P_NOTI] => 
    [P_AUTH_NO] => 
)

 Array
(
    [PageCall time] => 11:55:33
    [P_TID] => INIMX_VBNKCAEcatca0720251231115241245989
    [P_MID] => CAEcatca07
    [P_AUTH_DT] => 20251231115532
    [P_STATUS] => 02
    [P_TYPE] => VBANK
    [P_OID] => 251231-019
    [P_FN_CD1] => 20
    [P_FN_CD2] => 
    [P_FN_NM] => 우리은행
    [P_AMT] => 3000
    [P_UNAME] => 편승렬
    [P_RMESG1] => P_VACCT_NO=27488749718658|P_EXP_DT=20260110
    [P_RMESG2] => 
    [P_NOTI] => 
    [P_AUTH_NO] => 
)

 Array
(
    [PageCall time] => 12:47:57
    [P_TID] => INIMX_VBNKCAEcatca0720251231124444375931
    [P_MID] => CAEcatca07
    [P_AUTH_DT] => 20251231124757
    [P_STATUS] => 02
    [P_TYPE] => VBANK
    [P_OID] => 251231-020
    [P_FN_CD1] => 03
    [P_FN_CD2] => 
    [P_FN_NM] => 기업은행
    [P_AMT] => 3000
    [P_UNAME] => 허윤정
    [P_RMESG1] => P_VACCT_NO=07503304997590|P_EXP_DT=20260110
    [P_RMESG2] => 
    [P_NOTI] => 
    [P_AUTH_NO] => 
)

 Array
(
    [PageCall time] => 13:03:14
    [P_TID] => INIMX_VBNKCAEcatca0720251231130027395063
    [P_MID] => CAEcatca07
    [P_AUTH_DT] => 20251231130314
    [P_STATUS] => 02
    [P_TYPE] => VBANK
    [P_OID] => 251231-021
    [P_FN_CD1] => 04
    [P_FN_CD2] => 
    [P_FN_NM] => KB국민은행
    [P_AMT] => 3000
    [P_UNAME] => 조정애
    [P_RMESG1] => P_VACCT_NO=26159078553141|P_EXP_DT=20260110
    [P_RMESG2] => 
    [P_NOTI] => 
    [P_AUTH_NO] => 
)

 Array
(
    [PageCall time] => 13:14:53
    [P_TID] => INIMX_VBNKCAEcatca0720251231130931485851
    [P_MID] => CAEcatca07
    [P_AUTH_DT] => 20251231131453
    [P_STATUS] => 02
    [P_TYPE] => VBANK
    [P_OID] => 251128-013
    [P_FN_CD1] => 04
    [P_FN_CD2] => 
    [P_FN_NM] => KB국민은행
    [P_AMT] => 3000
    [P_UNAME] => 김지원
    [P_RMESG1] => P_VACCT_NO=26159078559200|P_EXP_DT=20260110
    [P_RMESG2] => 
    [P_NOTI] => 
    [P_AUTH_NO] => 
)

 Array
(
    [PageCall time] => 13:28:26
    [P_TID] => INIMX_VBNKCAEcatca0720251231132547695169
    [P_MID] => CAEcatca07
    [P_AUTH_DT] => 20251231132826
    [P_STATUS] => 02
    [P_TYPE] => VBANK
    [P_OID] => 251231-023
    [P_FN_CD1] => 89
    [P_FN_CD2] => 
    [P_FN_NM] => 케이뱅크
    [P_AMT] => 3000
    [P_UNAME] => 황채윤
    [P_RMESG1] => P_VACCT_NO=70112004205775|P_EXP_DT=20260110
    [P_RMESG2] => 
    [P_NOTI] => 
    [P_AUTH_NO] => 
)

 Array
(
    [PageCall time] => 13:42:13
    [P_TID] => INIMX_VBNKCAEcatca0720251231134108575019
    [P_MID] => CAEcatca07
    [P_AUTH_DT] => 20251231134213
    [P_STATUS] => 02
    [P_TYPE] => VBANK
    [P_OID] => 251231-024
    [P_FN_CD1] => 11
    [P_FN_CD2] => 
    [P_FN_NM] => NH농협은행
    [P_AMT] => 3000
    [P_UNAME] => 김윤자
    [P_RMESG1] => P_VACCT_NO=79010588400984|P_EXP_DT=20260110
    [P_RMESG2] => 
    [P_NOTI] => 
    [P_AUTH_NO] => 
)

 Array
(
    [PageCall time] => 14:16:19
    [P_TID] => INIMX_VBNKCAEcatca0720251231141258345290
    [P_MID] => CAEcatca07
    [P_AUTH_DT] => 20251231141619
    [P_STATUS] => 02
    [P_TYPE] => VBANK
    [P_OID] => 251231-027
    [P_FN_CD1] => 88
    [P_FN_CD2] => 
    [P_FN_NM] => 신한은행
    [P_AMT] => 3000
    [P_UNAME] => 올림픽기념국민생활관
    [P_RMESG1] => P_VACCT_NO=56211991940215|P_EXP_DT=20260110
    [P_RMESG2] => 
    [P_NOTI] => 
    [P_AUTH_NO] => 
)

 Array
(
    [PageCall time] => 14:55:56
    [P_TID] => INIMX_VBNKCAEcatca0720251231145249475146
    [P_MID] => CAEcatca07
    [P_AUTH_DT] => 20251231145556
    [P_STATUS] => 02
    [P_TYPE] => VBANK
    [P_OID] => 251231-032
    [P_FN_CD1] => 03
    [P_FN_CD2] => 
    [P_FN_NM] => 기업은행
    [P_AMT] => 3000
    [P_UNAME] => 김용은
    [P_RMESG1] => P_VACCT_NO=07503308497934|P_EXP_DT=20260110
    [P_RMESG2] => 
    [P_NOTI] => 
    [P_AUTH_NO] => 
)

 Array
(
    [PageCall time] => 14:56:35
    [P_TID] => INIMX_VBNKCAEcatca0720251231145244355371
    [P_MID] => CAEcatca07
    [P_AUTH_DT] => 20251231145635
    [P_STATUS] => 02
    [P_TYPE] => VBANK
    [P_OID] => 251231-033
    [P_FN_CD1] => 04
    [P_FN_CD2] => 
    [P_FN_NM] => KB국민은행
    [P_AMT] => 3000
    [P_UNAME] => 한화순
    [P_RMESG1] => P_VACCT_NO=60519014212921|P_EXP_DT=20260110
    [P_RMESG2] => 
    [P_NOTI] => 
    [P_AUTH_NO] => 
)

 Array
(
    [PageCall time] => 15:00:33
    [P_TID] => INIMX_VBNKCAEcatca0720251231145950725287
    [P_MID] => CAEcatca07
    [P_AUTH_DT] => 20251231150033
    [P_STATUS] => 02
    [P_TYPE] => VBANK
    [P_OID] => 251231-034
    [P_FN_CD1] => 11
    [P_FN_CD2] => 
    [P_FN_NM] => NH농협은행
    [P_AMT] => 3000
    [P_UNAME] => 정하늘
    [P_RMESG1] => P_VACCT_NO=79010588421112|P_EXP_DT=20260110
    [P_RMESG2] => 
    [P_NOTI] => 
    [P_AUTH_NO] => 
)

 Array
(
    [PageCall time] => 15:26:14
    [P_TID] => INIMX_VBNKCAEcatca0720251231152314825966
    [P_MID] => CAEcatca07
    [P_AUTH_DT] => 20251231152614
    [P_STATUS] => 02
    [P_TYPE] => VBANK
    [P_OID] => 251231-035
    [P_FN_CD1] => 03
    [P_FN_CD2] => 
    [P_FN_NM] => 기업은행
    [P_AMT] => 3000
    [P_UNAME] => 한미선
    [P_RMESG1] => P_VACCT_NO=07503309597695|P_EXP_DT=20260110
    [P_RMESG2] => 
    [P_NOTI] => 
    [P_AUTH_NO] => 
)

 Array
(
    [PageCall time] => 16:37:39
    [P_TID] => INIMX_VBNKCAEcatca0720251231163649565532
    [P_MID] => CAEcatca07
    [P_AUTH_DT] => 20251231163739
    [P_STATUS] => 02
    [P_TYPE] => VBANK
    [P_OID] => 251231-036
    [P_FN_CD1] => 11
    [P_FN_CD2] => 
    [P_FN_NM] => NH농협은행
    [P_AMT] => 3000
    [P_UNAME] => 김하영
    [P_RMESG1] => P_VACCT_NO=79010588433795|P_EXP_DT=20260110
    [P_RMESG2] => 
    [P_NOTI] => 
    [P_AUTH_NO] => 
)

 Array
(
    [PageCall time] => 18:41:37
    [P_TID] => INIMX_VBNKCAEcatca0720251231183819475076
    [P_MID] => CAEcatca07
    [P_AUTH_DT] => 20251231184137
    [P_STATUS] => 02
    [P_TYPE] => VBANK
    [P_OID] => 251231-037
    [P_FN_CD1] => 88
    [P_FN_CD2] => 
    [P_FN_NM] => 신한은행
    [P_AMT] => 3000
    [P_UNAME] => 정호선
    [P_RMESG1] => P_VACCT_NO=56211991966800|P_EXP_DT=20260110
    [P_RMESG2] => 
    [P_NOTI] => 
    [P_AUTH_NO] => 
)

 Array
(
    [PageCall time] => 19:50:48
    [P_TID] => INIMX_VBNKCAEcatca0720251231194737955162
    [P_MID] => CAEcatca07
    [P_AUTH_DT] => 20251231195048
    [P_STATUS] => 02
    [P_TYPE] => VBANK
    [P_OID] => 251231-038
    [P_FN_CD1] => 88
    [P_FN_CD2] => 
    [P_FN_NM] => 신한은행
    [P_AMT] => 3000
    [P_UNAME] => 박이안
    [P_RMESG1] => P_VACCT_NO=56211991970974|P_EXP_DT=20260110
    [P_RMESG2] => 
    [P_NOTI] => 
    [P_AUTH_NO] => 
)

 Array
(
    [PageCall time] => 22:20:38
    [P_TID] => INIMX_VBNKCAEcatca0720251231221737855771
    [P_MID] => CAEcatca07
    [P_AUTH_DT] => 20251231222037
    [P_STATUS] => 02
    [P_TYPE] => VBANK
    [P_OID] => 251231-039
    [P_FN_CD1] => 20
    [P_FN_CD2] => 
    [P_FN_NM] => 우리은행
    [P_AMT] => 3000
    [P_UNAME] => 박세환
    [P_RMESG1] => P_VACCT_NO=27488787818638|P_EXP_DT=20260110
    [P_RMESG2] => 
    [P_NOTI] => 
    [P_AUTH_NO] => 
)

 Array
(
    [PageCall time] => 22:52:53
    [P_TID] => INIMX_VBNKCAEcatca0720251231224940815753
    [P_MID] => CAEcatca07
    [P_AUTH_DT] => 20251231225253
    [P_STATUS] => 02
    [P_TYPE] => VBANK
    [P_OID] => 251231-040
    [P_FN_CD1] => 03
    [P_FN_CD2] => 
    [P_FN_NM] => 기업은행
    [P_AMT] => 3000
    [P_UNAME] => 진우자
    [P_RMESG1] => P_VACCT_NO=07503316097462|P_EXP_DT=20260110
    [P_RMESG2] => 
    [P_NOTI] => 
    [P_AUTH_NO] => 
)

 Array
(
    [PageCall time] => 23:03:15
    [P_TID] => INIMX_VBNKCAEcatca0720251231230041235901
    [P_MID] => CAEcatca07
    [P_AUTH_DT] => 20251231230315
    [P_STATUS] => 02
    [P_TYPE] => VBANK
    [P_OID] => 251231-041
    [P_FN_CD1] => 81
    [P_FN_CD2] => 
    [P_FN_NM] => 하나은행
    [P_AMT] => 3000
    [P_UNAME] => 문진솔
    [P_RMESG1] => P_VACCT_NO=20893851257537|P_EXP_DT=20260110
    [P_RMESG2] => 
    [P_NOTI] => 
    [P_AUTH_NO] => 
)

