 Array
(
    [PageCall time] => 00:31:39
    [P_TID] => INIMX_VBNKCAEcatca0720251122002842535814
    [P_MID] => CAEcatca07
    [P_AUTH_DT] => 20251122003139
    [P_STATUS] => 02
    [P_TYPE] => VBANK
    [P_OID] => 251122-001
    [P_FN_CD1] => 03
    [P_FN_CD2] => 
    [P_FN_NM] => 기업은행
    [P_AMT] => 3000
    [P_UNAME] => 노경화
    [P_RMESG1] => P_VACCT_NO=07502333597327|P_EXP_DT=20251202
    [P_RMESG2] => 
    [P_NOTI] => 
    [P_AUTH_NO] => 
)

 Array
(
    [PageCall time] => 07:54:35
    [P_TID] => INIMX_VBNKCAEcatca0720251122075138905781
    [P_MID] => CAEcatca07
    [P_AUTH_DT] => 20251122075435
    [P_STATUS] => 02
    [P_TYPE] => VBANK
    [P_OID] => 251122-002
    [P_FN_CD1] => 04
    [P_FN_CD2] => 
    [P_FN_NM] => KB국민은행
    [P_AMT] => 3000
    [P_UNAME] => 이경수
    [P_RMESG1] => P_VACCT_NO=26119078547034|P_EXP_DT=20251202
    [P_RMESG2] => 
    [P_NOTI] => 
    [P_AUTH_NO] => 
)

 Array
(
    [PageCall time] => 09:46:50
    [P_TID] => INIMX_VBNKCAEcatca0720251122094602425797
    [P_MID] => CAEcatca07
    [P_AUTH_DT] => 20251122094650
    [P_STATUS] => 02
    [P_TYPE] => VBANK
    [P_OID] => 251122-003
    [P_FN_CD1] => 11
    [P_FN_CD2] => 
    [P_FN_NM] => NH농협은행
    [P_AMT] => 3000
    [P_UNAME] => 백정은
    [P_RMESG1] => P_VACCT_NO=79015903334401|P_EXP_DT=20251202
    [P_RMESG2] => 
    [P_NOTI] => 
    [P_AUTH_NO] => 
)

 Array
(
    [PageCall time] => 11:21:08
    [P_TID] => INIMX_VBNKCAEcatca0720251122111708385042
    [P_MID] => CAEcatca07
    [P_AUTH_DT] => 20251122112108
    [P_STATUS] => 02
    [P_TYPE] => VBANK
    [P_OID] => 251122-007
    [P_FN_CD1] => 81
    [P_FN_CD2] => 
    [P_FN_NM] => 하나은행
    [P_AMT] => 3000
    [P_UNAME] => 이은영
    [P_RMESG1] => P_VACCT_NO=20894052568037|P_EXP_DT=20251202
    [P_RMESG2] => 
    [P_NOTI] => 
    [P_AUTH_NO] => 
)

 Array
(
    [PageCall time] => 12:41:46
    [P_TID] => INIMX_VBNKCAEcatca0720251122124013345034
    [P_MID] => CAEcatca07
    [P_AUTH_DT] => 20251122124146
    [P_STATUS] => 02
    [P_TYPE] => VBANK
    [P_OID] => 251122-008
    [P_FN_CD1] => 11
    [P_FN_CD2] => 
    [P_FN_NM] => NH농협은행
    [P_AMT] => 3000
    [P_UNAME] => 이혜경
    [P_RMESG1] => P_VACCT_NO=79015903347304|P_EXP_DT=20251202
    [P_RMESG2] => 
    [P_NOTI] => 
    [P_AUTH_NO] => 
)

 Array
(
    [PageCall time] => 14:03:19
    [P_TID] => INIMX_VBNKCAEcatca0720251122140016115739
    [P_MID] => CAEcatca07
    [P_AUTH_DT] => 20251122140319
    [P_STATUS] => 02
    [P_TYPE] => VBANK
    [P_OID] => 251122-009
    [P_FN_CD1] => 89
    [P_FN_CD2] => 
    [P_FN_NM] => 케이뱅크
    [P_AMT] => 3000
    [P_UNAME] => 이호진
    [P_RMESG1] => P_VACCT_NO=70112003910931|P_EXP_DT=20251202
    [P_RMESG2] => 
    [P_NOTI] => 
    [P_AUTH_NO] => 
)

 Array
(
    [PageCall time] => 19:22:52
    [P_TID] => INIMX_VBNKCAEcatca0720251122192222444172
    [P_MID] => CAEcatca07
    [P_AUTH_DT] => 20251122192252
    [P_STATUS] => 02
    [P_TYPE] => VBANK
    [P_OID] => 251122-010
    [P_FN_CD1] => 11
    [P_FN_CD2] => 
    [P_FN_NM] => NH농협은행
    [P_AMT] => 3000
    [P_UNAME] => 박태현
    [P_RMESG1] => P_VACCT_NO=79006420599992|P_EXP_DT=20251202
    [P_RMESG2] => 
    [P_NOTI] => 
    [P_AUTH_NO] => 
)

 Array
(
    [PageCall time] => 21:28:23
    [P_TID] => INIMX_VBNKCAEcatca0720251122212537914402
    [P_MID] => CAEcatca07
    [P_AUTH_DT] => 20251122212823
    [P_STATUS] => 02
    [P_TYPE] => VBANK
    [P_OID] => 251122-011
    [P_FN_CD1] => 04
    [P_FN_CD2] => 
    [P_FN_NM] => KB국민은행
    [P_AMT] => 3000
    [P_UNAME] => 양은경
    [P_RMESG1] => P_VACCT_NO=97089078671275|P_EXP_DT=20251202
    [P_RMESG2] => 
    [P_NOTI] => 
    [P_AUTH_NO] => 
)

