 Array
(
    [PageCall time] => 10:02:01
    [P_TID] => INIMX_VBNKCAEcatca0720250501100040175531
    [P_MID] => CAEcatca07
    [P_AUTH_DT] => 20250501100201
    [P_STATUS] => 02
    [P_TYPE] => VBANK
    [P_OID] => 250430-014
    [P_FN_CD1] => 11
    [P_FN_CD2] => 
    [P_FN_NM] => NH농협은행
    [P_AMT] => 3000
    [P_UNAME] => 김유진
    [P_RMESG1] => P_VACCT_NO=79015902282892|P_EXP_DT=20250511
    [P_RMESG2] => 
    [P_NOTI] => 
    [P_AUTH_NO] => 
)

 Array
(
    [PageCall time] => 10:15:48
    [P_TID] => INIMX_VBNKCAEcatca0720250501101514615986
    [P_MID] => CAEcatca07
    [P_AUTH_DT] => 20250501101548
    [P_STATUS] => 02
    [P_TYPE] => VBANK
    [P_OID] => 250501-001
    [P_FN_CD1] => 04
    [P_FN_CD2] => 
    [P_FN_NM] => KB국민은행
    [P_AMT] => 3000
    [P_UNAME] => 박서영
    [P_RMESG1] => P_VACCT_NO=79889078124456|P_EXP_DT=20250511
    [P_RMESG2] => 
    [P_NOTI] => 
    [P_AUTH_NO] => 
)

 Array
(
    [PageCall time] => 12:05:43
    [P_TID] => INIMX_VBNKCAEcatca0720250501120455395567
    [P_MID] => CAEcatca07
    [P_AUTH_DT] => 20250501120543
    [P_STATUS] => 02
    [P_TYPE] => VBANK
    [P_OID] => 250501-002
    [P_FN_CD1] => 11
    [P_FN_CD2] => 
    [P_FN_NM] => NH농협은행
    [P_AMT] => 3000
    [P_UNAME] => 유영준
    [P_RMESG1] => P_VACCT_NO=79015902299302|P_EXP_DT=20250511
    [P_RMESG2] => 
    [P_NOTI] => 
    [P_AUTH_NO] => 
)

 Array
(
    [PageCall time] => 12:30:49
    [P_TID] => INIMX_VBNKCAEcatca0720250428224102365103
    [P_MID] => CAEcatca07
    [P_AUTH_DT] => 20250501123048
    [P_STATUS] => 02
    [P_TYPE] => VBANK
    [P_OID] => 250428-050
    [P_FN_CD1] => 81
    [P_FN_CD2] => 
    [P_FN_NM] => 하나은행
    [P_AMT] => 3000
    [P_UNAME] => 전유진
    [P_RMESG1] => P_VACCT_NO=20893870262637|P_EXP_DT=20250508
    [P_RMESG2] => 
    [P_NOTI] => 
    [P_AUTH_NO] => 
)

 Array
(
    [PageCall time] => 13:36:20
    [P_TID] => INIMX_VBNKCAEcatca0720250501132955585648
    [P_MID] => CAEcatca07
    [P_AUTH_DT] => 20250501133620
    [P_STATUS] => 02
    [P_TYPE] => VBANK
    [P_OID] => 250501-003
    [P_FN_CD1] => 89
    [P_FN_CD2] => 
    [P_FN_NM] => 케이뱅크
    [P_AMT] => 3000
    [P_UNAME] => 이은영
    [P_RMESG1] => P_VACCT_NO=70112003429876|P_EXP_DT=20250511
    [P_RMESG2] => 
    [P_NOTI] => 
    [P_AUTH_NO] => 
)

 Array
(
    [PageCall time] => 14:47:05
    [P_TID] => INIMX_VBNKCAEcatca0720250501144632355254
    [P_MID] => CAEcatca07
    [P_AUTH_DT] => 20250501144705
    [P_STATUS] => 02
    [P_TYPE] => VBANK
    [P_OID] => 250501-004
    [P_FN_CD1] => 04
    [P_FN_CD2] => 
    [P_FN_NM] => KB국민은행
    [P_AMT] => 3000
    [P_UNAME] => 원종훈
    [P_RMESG1] => P_VACCT_NO=26159078550009|P_EXP_DT=20250511
    [P_RMESG2] => 
    [P_NOTI] => 
    [P_AUTH_NO] => 
)

 Array
(
    [PageCall time] => 15:02:26
    [P_TID] => INIMX_VBNKCAEcatca0720250501150133805438
    [P_MID] => CAEcatca07
    [P_AUTH_DT] => 20250501150226
    [P_STATUS] => 02
    [P_TYPE] => VBANK
    [P_OID] => 250501-005
    [P_FN_CD1] => 04
    [P_FN_CD2] => 
    [P_FN_NM] => KB국민은행
    [P_AMT] => 3000
    [P_UNAME] => 김경민
    [P_RMESG1] => P_VACCT_NO=26159078558258|P_EXP_DT=20250511
    [P_RMESG2] => 
    [P_NOTI] => 
    [P_AUTH_NO] => 
)

 Array
(
    [PageCall time] => 17:42:37
    [P_TID] => INIMX_VBNKCAEcatca0720250426190053395764
    [P_MID] => CAEcatca07
    [P_AUTH_DT] => 20250501174237
    [P_STATUS] => 02
    [P_TYPE] => VBANK
    [P_OID] => 250426-004
    [P_FN_CD1] => 03
    [P_FN_CD2] => 
    [P_FN_NM] => 기업은행
    [P_AMT] => 3000
    [P_UNAME] => 김태환
    [P_RMESG1] => P_VACCT_NO=07500345797301|P_EXP_DT=20250506
    [P_RMESG2] => 
    [P_NOTI] => 
    [P_AUTH_NO] => 
)

 Array
(
    [PageCall time] => 21:22:23
    [P_TID] => INIMX_VBNKCAEcatca0720250501212053395097
    [P_MID] => CAEcatca07
    [P_AUTH_DT] => 20250501212223
    [P_STATUS] => 02
    [P_TYPE] => VBANK
    [P_OID] => 250501-007
    [P_FN_CD1] => 11
    [P_FN_CD2] => 
    [P_FN_NM] => NH농협은행
    [P_AMT] => 3000
    [P_UNAME] => 김민옥
    [P_RMESG1] => P_VACCT_NO=79015902368221|P_EXP_DT=20250511
    [P_RMESG2] => 
    [P_NOTI] => 
    [P_AUTH_NO] => 
)

 Array
(
    [PageCall time] => 21:27:18
    [P_TID] => INIMX_VBNKCAEcatca0720250501212609735917
    [P_MID] => CAEcatca07
    [P_AUTH_DT] => 20250501212718
    [P_STATUS] => 02
    [P_TYPE] => VBANK
    [P_OID] => 250501-008
    [P_FN_CD1] => 11
    [P_FN_CD2] => 
    [P_FN_NM] => NH농협은행
    [P_AMT] => 3000
    [P_UNAME] => 이효원
    [P_RMESG1] => P_VACCT_NO=79015902368981|P_EXP_DT=20250511
    [P_RMESG2] => 
    [P_NOTI] => 
    [P_AUTH_NO] => 
)

 Array
(
    [PageCall time] => 21:43:42
    [P_TID] => INIMX_VBNKCAEcatca0720250501213343615850
    [P_MID] => CAEcatca07
    [P_AUTH_DT] => 20250501214342
    [P_STATUS] => 02
    [P_TYPE] => VBANK
    [P_OID] => 250501-006
    [P_FN_CD1] => 88
    [P_FN_CD2] => 
    [P_FN_NM] => 신한은행
    [P_AMT] => 3000
    [P_UNAME] => 신미혜
    [P_RMESG1] => P_VACCT_NO=56211102245345|P_EXP_DT=20250511
    [P_RMESG2] => 
    [P_NOTI] => 
    [P_AUTH_NO] => 
)

 Array
(
    [PageCall time] => 23:22:39
    [P_TID] => INIMX_VBNKCAEcatca0720250501231952745708
    [P_MID] => CAEcatca07
    [P_AUTH_DT] => 20250501232239
    [P_STATUS] => 02
    [P_TYPE] => VBANK
    [P_OID] => 250501-009
    [P_FN_CD1] => 88
    [P_FN_CD2] => 
    [P_FN_NM] => 신한은행
    [P_AMT] => 3000
    [P_UNAME] => 장현남
    [P_RMESG1] => P_VACCT_NO=56211102252658|P_EXP_DT=20250511
    [P_RMESG2] => 
    [P_NOTI] => 
    [P_AUTH_NO] => 
)

