 Array
(
    [PageCall time] => 01:20:02
    [P_TID] => INIMX_VBNKCAEcatca0720251015011708514859
    [P_MID] => CAEcatca07
    [P_AUTH_DT] => 20251015012002
    [P_STATUS] => 02
    [P_TYPE] => VBANK
    [P_OID] => 251014-002
    [P_FN_CD1] => 04
    [P_FN_CD2] => 
    [P_FN_NM] => KB국민은행
    [P_AMT] => 3000
    [P_UNAME] => 서정희
    [P_RMESG1] => P_VACCT_NO=97089078043911|P_EXP_DT=20251025
    [P_RMESG2] => 
    [P_NOTI] => 
    [P_AUTH_NO] => 
)

 Array
(
    [PageCall time] => 08:06:09
    [P_TID] => INIMX_VBNKCAEcatca0720251015080336594962
    [P_MID] => CAEcatca07
    [P_AUTH_DT] => 20251015080609
    [P_STATUS] => 02
    [P_TYPE] => VBANK
    [P_OID] => 251015-001
    [P_FN_CD1] => 34
    [P_FN_CD2] => 
    [P_FN_NM] => 광주은행
    [P_AMT] => 3000
    [P_UNAME] => 김지연
    [P_RMESG1] => P_VACCT_NO=810865556745|P_EXP_DT=20251025
    [P_RMESG2] => 
    [P_NOTI] => 
    [P_AUTH_NO] => 
)

 Array
(
    [PageCall time] => 09:02:39
    [P_TID] => INIMX_VBNKCAEcatca0720251015085905434424
    [P_MID] => CAEcatca07
    [P_AUTH_DT] => 20251015090239
    [P_STATUS] => 02
    [P_TYPE] => VBANK
    [P_OID] => 251015-002
    [P_FN_CD1] => 04
    [P_FN_CD2] => 
    [P_FN_NM] => KB국민은행
    [P_AMT] => 3000
    [P_UNAME] => 조인광
    [P_RMESG1] => P_VACCT_NO=97089078050434|P_EXP_DT=20251025
    [P_RMESG2] => 
    [P_NOTI] => 
    [P_AUTH_NO] => 
)

 Array
(
    [PageCall time] => 09:37:13
    [P_TID] => INIMX_VBNKCAEcatca0720251015093438274320
    [P_MID] => CAEcatca07
    [P_AUTH_DT] => 20251015093713
    [P_STATUS] => 02
    [P_TYPE] => VBANK
    [P_OID] => 251015-003
    [P_FN_CD1] => 04
    [P_FN_CD2] => 
    [P_FN_NM] => KB국민은행
    [P_AMT] => 3000
    [P_UNAME] => 김지원
    [P_RMESG1] => P_VACCT_NO=97089078054672|P_EXP_DT=20251025
    [P_RMESG2] => 
    [P_NOTI] => 
    [P_AUTH_NO] => 
)

 Array
(
    [PageCall time] => 10:05:07
    [P_TID] => INIMX_VBNKCAEcatca0720251015100156524773
    [P_MID] => CAEcatca07
    [P_AUTH_DT] => 20251015100507
    [P_STATUS] => 02
    [P_TYPE] => VBANK
    [P_OID] => 251015-004
    [P_FN_CD1] => 89
    [P_FN_CD2] => 
    [P_FN_NM] => 케이뱅크
    [P_AMT] => 3000
    [P_UNAME] => 백라효
    [P_RMESG1] => P_VACCT_NO=70112000011664|P_EXP_DT=20251025
    [P_RMESG2] => 
    [P_NOTI] => 
    [P_AUTH_NO] => 
)

 Array
(
    [PageCall time] => 10:20:12
    [P_TID] => INIMX_VBNKCAEcatca0720251015101828674305
    [P_MID] => CAEcatca07
    [P_AUTH_DT] => 20251015102012
    [P_STATUS] => 02
    [P_TYPE] => VBANK
    [P_OID] => 251015-005
    [P_FN_CD1] => 11
    [P_FN_CD2] => 
    [P_FN_NM] => NH농협은행
    [P_AMT] => 3000
    [P_UNAME] => 박선호
    [P_RMESG1] => P_VACCT_NO=79005848358697|P_EXP_DT=20251025
    [P_RMESG2] => 
    [P_NOTI] => 
    [P_AUTH_NO] => 
)

 Array
(
    [PageCall time] => 10:58:16
    [P_TID] => INIMX_VBNKCAEcatca0720251015105534254567
    [P_MID] => CAEcatca07
    [P_AUTH_DT] => 20251015105816
    [P_STATUS] => 02
    [P_TYPE] => VBANK
    [P_OID] => 251015-007
    [P_FN_CD1] => 04
    [P_FN_CD2] => 
    [P_FN_NM] => KB국민은행
    [P_AMT] => 3000
    [P_UNAME] => 박정민
    [P_RMESG1] => P_VACCT_NO=97089078066129|P_EXP_DT=20251025
    [P_RMESG2] => 
    [P_NOTI] => 
    [P_AUTH_NO] => 
)

 Array
(
    [PageCall time] => 11:08:56
    [P_TID] => INIMX_VBNKCAEcatca0720251015110343284892
    [P_MID] => CAEcatca07
    [P_AUTH_DT] => 20251015110856
    [P_STATUS] => 02
    [P_TYPE] => VBANK
    [P_OID] => 251015-008
    [P_FN_CD1] => 31
    [P_FN_CD2] => 
    [P_FN_NM] => 아이엠뱅크(대구은행)
    [P_AMT] => 3000
    [P_UNAME] => 김영아
    [P_RMESG1] => P_VACCT_NO=9600347907874|P_EXP_DT=20251025
    [P_RMESG2] => 
    [P_NOTI] => 
    [P_AUTH_NO] => 
)

 Array
(
    [PageCall time] => 11:43:47
    [P_TID] => INIMX_VBNKCAEcatca0720251015114056224171
    [P_MID] => CAEcatca07
    [P_AUTH_DT] => 20251015114347
    [P_STATUS] => 02
    [P_TYPE] => VBANK
    [P_OID] => 251015-011
    [P_FN_CD1] => 04
    [P_FN_CD2] => 
    [P_FN_NM] => KB국민은행
    [P_AMT] => 3000
    [P_UNAME] => 김은경
    [P_RMESG1] => P_VACCT_NO=97089078073486|P_EXP_DT=20251025
    [P_RMESG2] => 
    [P_NOTI] => 
    [P_AUTH_NO] => 
)

 Array
(
    [PageCall time] => 11:45:21
    [P_TID] => INIMX_VBNKCAEcatca0720251015114343524441
    [P_MID] => CAEcatca07
    [P_AUTH_DT] => 20251015114521
    [P_STATUS] => 02
    [P_TYPE] => VBANK
    [P_OID] => 251015-013
    [P_FN_CD1] => 11
    [P_FN_CD2] => 
    [P_FN_NM] => NH농협은행
    [P_AMT] => 3000
    [P_UNAME] => 장금희
    [P_RMESG1] => P_VACCT_NO=79005848401098|P_EXP_DT=20251025
    [P_RMESG2] => 
    [P_NOTI] => 
    [P_AUTH_NO] => 
)

 Array
(
    [PageCall time] => 11:58:27
    [P_TID] => INIMX_VBNKCAEcatca0720251015115711664366
    [P_MID] => CAEcatca07
    [P_AUTH_DT] => 20251015115827
    [P_STATUS] => 02
    [P_TYPE] => VBANK
    [P_OID] => 251013-053
    [P_FN_CD1] => 11
    [P_FN_CD2] => 
    [P_FN_NM] => NH농협은행
    [P_AMT] => 3000
    [P_UNAME] => 김태원
    [P_RMESG1] => P_VACCT_NO=79005848408378|P_EXP_DT=20251025
    [P_RMESG2] => 
    [P_NOTI] => 
    [P_AUTH_NO] => 
)

 Array
(
    [PageCall time] => 12:09:26
    [P_TID] => INIMX_VBNKCAEcatca0720251015115449934570
    [P_MID] => CAEcatca07
    [P_AUTH_DT] => 20251015120926
    [P_STATUS] => 02
    [P_TYPE] => VBANK
    [P_OID] => 251015-014
    [P_FN_CD1] => 04
    [P_FN_CD2] => 
    [P_FN_NM] => KB국민은행
    [P_AMT] => 3000
    [P_UNAME] => 양삼모
    [P_RMESG1] => P_VACCT_NO=97089078074988|P_EXP_DT=20251025
    [P_RMESG2] => 
    [P_NOTI] => 
    [P_AUTH_NO] => 
)

 Array
(
    [PageCall time] => 12:14:16
    [P_TID] => INIMX_VBNKCAEcatca0720251015121319634586
    [P_MID] => CAEcatca07
    [P_AUTH_DT] => 20251015121416
    [P_STATUS] => 02
    [P_TYPE] => VBANK
    [P_OID] => 251015-012
    [P_FN_CD1] => 11
    [P_FN_CD2] => 
    [P_FN_NM] => NH농협은행
    [P_AMT] => 3000
    [P_UNAME] => 장호철
    [P_RMESG1] => P_VACCT_NO=79005848414639|P_EXP_DT=20251025
    [P_RMESG2] => 
    [P_NOTI] => 
    [P_AUTH_NO] => 
)

 Array
(
    [PageCall time] => 12:22:57
    [P_TID] => INIMX_VBNKCAEcatca0720251015122020384997
    [P_MID] => CAEcatca07
    [P_AUTH_DT] => 20251015122257
    [P_STATUS] => 02
    [P_TYPE] => VBANK
    [P_OID] => 251015-018
    [P_FN_CD1] => 04
    [P_FN_CD2] => 
    [P_FN_NM] => KB국민은행
    [P_AMT] => 3000
    [P_UNAME] => 임은철
    [P_RMESG1] => P_VACCT_NO=97089078077835|P_EXP_DT=20251025
    [P_RMESG2] => 
    [P_NOTI] => 
    [P_AUTH_NO] => 
)

 Array
(
    [PageCall time] => 12:38:05
    [P_TID] => INIMX_VBNKCAEcatca0720251015123522494800
    [P_MID] => CAEcatca07
    [P_AUTH_DT] => 20251015123805
    [P_STATUS] => 02
    [P_TYPE] => VBANK
    [P_OID] => 251015-015
    [P_FN_CD1] => 88
    [P_FN_CD2] => 
    [P_FN_NM] => 신한은행
    [P_AMT] => 3000
    [P_UNAME] => 송혜경
    [P_RMESG1] => P_VACCT_NO=56211122927953|P_EXP_DT=20251025
    [P_RMESG2] => 
    [P_NOTI] => 
    [P_AUTH_NO] => 
)

 Array
(
    [PageCall time] => 13:00:48
    [P_TID] => INIMX_VBNKCAEcatca0720251015125753604471
    [P_MID] => CAEcatca07
    [P_AUTH_DT] => 20251015130048
    [P_STATUS] => 02
    [P_TYPE] => VBANK
    [P_OID] => 251015-020
    [P_FN_CD1] => 04
    [P_FN_CD2] => 
    [P_FN_NM] => KB국민은행
    [P_AMT] => 3000
    [P_UNAME] => 한한기
    [P_RMESG1] => P_VACCT_NO=97089078081188|P_EXP_DT=20251025
    [P_RMESG2] => 
    [P_NOTI] => 
    [P_AUTH_NO] => 
)

 Array
(
    [PageCall time] => 13:29:43
    [P_TID] => INIMX_VBNKCAEcatca0720251015110732874982
    [P_MID] => CAEcatca07
    [P_AUTH_DT] => 20251015132943
    [P_STATUS] => 02
    [P_TYPE] => VBANK
    [P_OID] => 251014-040
    [P_FN_CD1] => 20
    [P_FN_CD2] => 
    [P_FN_NM] => 우리은행
    [P_AMT] => 3000
    [P_UNAME] => 정대근
    [P_RMESG1] => P_VACCT_NO=26246727118997|P_EXP_DT=20251025
    [P_RMESG2] => 
    [P_NOTI] => 
    [P_AUTH_NO] => 
)

 Array
(
    [PageCall time] => 13:59:33
    [P_TID] => INIMX_VBNKCAEcatca0720251015135624874698
    [P_MID] => CAEcatca07
    [P_AUTH_DT] => 20251015135933
    [P_STATUS] => 02
    [P_TYPE] => VBANK
    [P_OID] => 251014-039
    [P_FN_CD1] => 03
    [P_FN_CD2] => 
    [P_FN_NM] => 기업은행
    [P_AMT] => 3000
    [P_UNAME] => 강효묵
    [P_RMESG1] => P_VACCT_NO=07500498197102|P_EXP_DT=20251025
    [P_RMESG2] => 
    [P_NOTI] => 
    [P_AUTH_NO] => 
)

 Array
(
    [PageCall time] => 14:08:13
    [P_TID] => INIMX_VBNKCAEcatca0720251015140508634396
    [P_MID] => CAEcatca07
    [P_AUTH_DT] => 20251015140813
    [P_STATUS] => 02
    [P_TYPE] => VBANK
    [P_OID] => 251015-024
    [P_FN_CD1] => 81
    [P_FN_CD2] => 
    [P_FN_NM] => 하나은행
    [P_AMT] => 3000
    [P_UNAME] => 이선애
    [P_RMESG1] => P_VACCT_NO=20894094295337|P_EXP_DT=20251025
    [P_RMESG2] => 
    [P_NOTI] => 
    [P_AUTH_NO] => 
)

 Array
(
    [PageCall time] => 14:16:45
    [P_TID] => INIMX_VBNKCAEcatca0720251015141509804105
    [P_MID] => CAEcatca07
    [P_AUTH_DT] => 20251015141645
    [P_STATUS] => 02
    [P_TYPE] => VBANK
    [P_OID] => 251015-019
    [P_FN_CD1] => 11
    [P_FN_CD2] => 
    [P_FN_NM] => NH농협은행
    [P_AMT] => 3000
    [P_UNAME] => 전태옥
    [P_RMESG1] => P_VACCT_NO=79005848465441|P_EXP_DT=20251025
    [P_RMESG2] => 
    [P_NOTI] => 
    [P_AUTH_NO] => 
)

 Array
(
    [PageCall time] => 14:21:57
    [P_TID] => INIMX_VBNKCAEcatca0720251015141606944464
    [P_MID] => CAEcatca07
    [P_AUTH_DT] => 20251015142157
    [P_STATUS] => 02
    [P_TYPE] => VBANK
    [P_OID] => 251015-025
    [P_FN_CD1] => 20
    [P_FN_CD2] => 
    [P_FN_NM] => 우리은행
    [P_AMT] => 3000
    [P_UNAME] => 김윤경
    [P_RMESG1] => P_VACCT_NO=26246750518584|P_EXP_DT=20251025
    [P_RMESG2] => 
    [P_NOTI] => 
    [P_AUTH_NO] => 
)

 Array
(
    [PageCall time] => 14:47:26
    [P_TID] => INIMX_VBNKCAEcatca0720251015144627484216
    [P_MID] => CAEcatca07
    [P_AUTH_DT] => 20251015144726
    [P_STATUS] => 02
    [P_TYPE] => VBANK
    [P_OID] => 251015-030
    [P_FN_CD1] => 11
    [P_FN_CD2] => 
    [P_FN_NM] => NH농협은행
    [P_AMT] => 3000
    [P_UNAME] => 신가현
    [P_RMESG1] => P_VACCT_NO=79005848482920|P_EXP_DT=20251025
    [P_RMESG2] => 
    [P_NOTI] => 
    [P_AUTH_NO] => 
)

 Array
(
    [PageCall time] => 14:53:50
    [P_TID] => INIMX_VBNKCAEcatca0720251015145307664860
    [P_MID] => CAEcatca07
    [P_AUTH_DT] => 20251015145350
    [P_STATUS] => 02
    [P_TYPE] => VBANK
    [P_OID] => 251015-032
    [P_FN_CD1] => 11
    [P_FN_CD2] => 
    [P_FN_NM] => NH농협은행
    [P_AMT] => 3000
    [P_UNAME] => 강미정
    [P_RMESG1] => P_VACCT_NO=79005848486754|P_EXP_DT=20251025
    [P_RMESG2] => 
    [P_NOTI] => 
    [P_AUTH_NO] => 
)

 Array
(
    [PageCall time] => 15:04:27
    [P_TID] => INIMX_VBNKCAEcatca0720251015150123214300
    [P_MID] => CAEcatca07
    [P_AUTH_DT] => 20251015150427
    [P_STATUS] => 02
    [P_TYPE] => VBANK
    [P_OID] => 251015-034
    [P_FN_CD1] => 04
    [P_FN_CD2] => 
    [P_FN_NM] => KB국민은행
    [P_AMT] => 3000
    [P_UNAME] => 황선숙
    [P_RMESG1] => P_VACCT_NO=97089078098263|P_EXP_DT=20251025
    [P_RMESG2] => 
    [P_NOTI] => 
    [P_AUTH_NO] => 
)

 Array
(
    [PageCall time] => 15:07:13
    [P_TID] => INIMX_VBNKCAEcatca0720251015150325014305
    [P_MID] => CAEcatca07
    [P_AUTH_DT] => 20251015150713
    [P_STATUS] => 02
    [P_TYPE] => VBANK
    [P_OID] => 251015-035
    [P_FN_CD1] => 20
    [P_FN_CD2] => 
    [P_FN_NM] => 우리은행
    [P_AMT] => 3000
    [P_UNAME] => 김혜정
    [P_RMESG1] => P_VACCT_NO=26246764518527|P_EXP_DT=20251025
    [P_RMESG2] => 
    [P_NOTI] => 
    [P_AUTH_NO] => 
)

 Array
(
    [PageCall time] => 15:30:23
    [P_TID] => INIMX_VBNKCAEcatca0720251015152929485620
    [P_MID] => CAEcatca07
    [P_AUTH_DT] => 20251015153023
    [P_STATUS] => 02
    [P_TYPE] => VBANK
    [P_OID] => 251015-038
    [P_FN_CD1] => 11
    [P_FN_CD2] => 
    [P_FN_NM] => NH농협은행
    [P_AMT] => 3000
    [P_UNAME] => 전미란
    [P_RMESG1] => P_VACCT_NO=79014508401660|P_EXP_DT=20251025
    [P_RMESG2] => 
    [P_NOTI] => 
    [P_AUTH_NO] => 
)

 Array
(
    [PageCall time] => 15:44:19
    [P_TID] => INIMX_VBNKCAEcatca0720251015154032304988
    [P_MID] => CAEcatca07
    [P_AUTH_DT] => 20251015154419
    [P_STATUS] => 02
    [P_TYPE] => VBANK
    [P_OID] => 251015-039
    [P_FN_CD1] => 11
    [P_FN_CD2] => 
    [P_FN_NM] => NH농협은행
    [P_AMT] => 3000
    [P_UNAME] => 김은경
    [P_RMESG1] => P_VACCT_NO=79005848502383|P_EXP_DT=20251025
    [P_RMESG2] => 
    [P_NOTI] => 
    [P_AUTH_NO] => 
)

 Array
(
    [PageCall time] => 16:02:17
    [P_TID] => INIMX_VBNKCAEcatca0720251015155759375011
    [P_MID] => CAEcatca07
    [P_AUTH_DT] => 20251015160217
    [P_STATUS] => 02
    [P_TYPE] => VBANK
    [P_OID] => 251015-040
    [P_FN_CD1] => 07
    [P_FN_CD2] => 
    [P_FN_NM] => 수협은행
    [P_AMT] => 3000
    [P_UNAME] => 윤연선
    [P_RMESG1] => P_VACCT_NO=06640082562394|P_EXP_DT=20251025
    [P_RMESG2] => 
    [P_NOTI] => 
    [P_AUTH_NO] => 
)

 Array
(
    [PageCall time] => 16:12:16
    [P_TID] => INIMX_VBNKCAEcatca0720251015160848145844
    [P_MID] => CAEcatca07
    [P_AUTH_DT] => 20251015161216
    [P_STATUS] => 02
    [P_TYPE] => VBANK
    [P_OID] => 251015-017
    [P_FN_CD1] => 11
    [P_FN_CD2] => 
    [P_FN_NM] => NH농협은행
    [P_AMT] => 3000
    [P_UNAME] => 유선희
    [P_RMESG1] => P_VACCT_NO=79014508406917|P_EXP_DT=20251025
    [P_RMESG2] => 
    [P_NOTI] => 
    [P_AUTH_NO] => 
)

 Array
(
    [PageCall time] => 16:54:44
    [P_TID] => INIMX_VBNKCAEcatca0720251015165355995681
    [P_MID] => CAEcatca07
    [P_AUTH_DT] => 20251015165444
    [P_STATUS] => 02
    [P_TYPE] => VBANK
    [P_OID] => 251015-041
    [P_FN_CD1] => 11
    [P_FN_CD2] => 
    [P_FN_NM] => NH농협은행
    [P_AMT] => 3000
    [P_UNAME] => 황인혁
    [P_RMESG1] => P_VACCT_NO=79014508413741|P_EXP_DT=20251025
    [P_RMESG2] => 
    [P_NOTI] => 
    [P_AUTH_NO] => 
)

 Array
(
    [PageCall time] => 17:08:05
    [P_TID] => INIMX_VBNKCAEcatca0720251015170434975197
    [P_MID] => CAEcatca07
    [P_AUTH_DT] => 20251015170805
    [P_STATUS] => 02
    [P_TYPE] => VBANK
    [P_OID] => 251015-045
    [P_FN_CD1] => 03
    [P_FN_CD2] => 
    [P_FN_NM] => 기업은행
    [P_AMT] => 3000
    [P_UNAME] => 변용덕
    [P_RMESG1] => P_VACCT_NO=07503167897721|P_EXP_DT=20251025
    [P_RMESG2] => 
    [P_NOTI] => 
    [P_AUTH_NO] => 
)

 Array
(
    [PageCall time] => 17:11:40
    [P_TID] => INIMX_VBNKCAEcatca0720251015170816435053
    [P_MID] => CAEcatca07
    [P_AUTH_DT] => 20251015171140
    [P_STATUS] => 02
    [P_TYPE] => VBANK
    [P_OID] => 251015-046
    [P_FN_CD1] => 88
    [P_FN_CD2] => 
    [P_FN_NM] => 신한은행
    [P_AMT] => 3000
    [P_UNAME] => 구은숙
    [P_RMESG1] => P_VACCT_NO=56211103834598|P_EXP_DT=20251025
    [P_RMESG2] => 
    [P_NOTI] => 
    [P_AUTH_NO] => 
)

 Array
(
    [PageCall time] => 17:11:59
    [P_TID] => INIMX_VBNKCAEcatca0720251015170926895942
    [P_MID] => CAEcatca07
    [P_AUTH_DT] => 20251015171159
    [P_STATUS] => 02
    [P_TYPE] => VBANK
    [P_OID] => 251015-047
    [P_FN_CD1] => 20
    [P_FN_CD2] => 
    [P_FN_NM] => 우리은행
    [P_AMT] => 3000
    [P_UNAME] => 한인석
    [P_RMESG1] => P_VACCT_NO=27491079818409|P_EXP_DT=20251025
    [P_RMESG2] => 
    [P_NOTI] => 
    [P_AUTH_NO] => 
)

 Array
(
    [PageCall time] => 17:39:24
    [P_TID] => INIMX_VBNKCAEcatca0720251015164451745058
    [P_MID] => CAEcatca07
    [P_AUTH_DT] => 20251015173923
    [P_STATUS] => 02
    [P_TYPE] => VBANK
    [P_OID] => 251015-043
    [P_FN_CD1] => 20
    [P_FN_CD2] => 
    [P_FN_NM] => 우리은행
    [P_AMT] => 3000
    [P_UNAME] => 양종문
    [P_RMESG1] => P_VACCT_NO=27491077118501|P_EXP_DT=20251025
    [P_RMESG2] => 
    [P_NOTI] => 
    [P_AUTH_NO] => 
)

 Array
(
    [PageCall time] => 18:08:25
    [P_TID] => INIMX_VBNKCAEcatca0720251015180727585519
    [P_MID] => CAEcatca07
    [P_AUTH_DT] => 20251015180825
    [P_STATUS] => 02
    [P_TYPE] => VBANK
    [P_OID] => 251015-048
    [P_FN_CD1] => 11
    [P_FN_CD2] => 
    [P_FN_NM] => NH농협은행
    [P_AMT] => 3000
    [P_UNAME] => 하용선
    [P_RMESG1] => P_VACCT_NO=79014508424166|P_EXP_DT=20251025
    [P_RMESG2] => 
    [P_NOTI] => 
    [P_AUTH_NO] => 
)

 Array
(
    [PageCall time] => 18:59:13
    [P_TID] => INIMX_VBNKCAEcatca0720251015185633575933
    [P_MID] => CAEcatca07
    [P_AUTH_DT] => 20251015185913
    [P_STATUS] => 02
    [P_TYPE] => VBANK
    [P_OID] => 251015-049
    [P_FN_CD1] => 03
    [P_FN_CD2] => 
    [P_FN_NM] => 기업은행
    [P_AMT] => 3000
    [P_UNAME] => 강혜영
    [P_RMESG1] => P_VACCT_NO=07503168897342|P_EXP_DT=20251025
    [P_RMESG2] => 
    [P_NOTI] => 
    [P_AUTH_NO] => 
)

 Array
(
    [PageCall time] => 20:50:35
    [P_TID] => INIMX_VBNKCAEcatca0720251012113720805732
    [P_MID] => CAEcatca07
    [P_AUTH_DT] => 20251015205035
    [P_STATUS] => 02
    [P_TYPE] => VBANK
    [P_OID] => 251012-002
    [P_FN_CD1] => 88
    [P_FN_CD2] => 
    [P_FN_NM] => 신한은행
    [P_AMT] => 3000
    [P_UNAME] => 최주영
    [P_RMESG1] => P_VACCT_NO=56211103651892|P_EXP_DT=20251022
    [P_RMESG2] => 
    [P_NOTI] => 
    [P_AUTH_NO] => 
)

 Array
(
    [PageCall time] => 20:55:56
    [P_TID] => INIMX_VBNKCAEcatca0720251015205501755853
    [P_MID] => CAEcatca07
    [P_AUTH_DT] => 20251015205556
    [P_STATUS] => 02
    [P_TYPE] => VBANK
    [P_OID] => 251015-050
    [P_FN_CD1] => 11
    [P_FN_CD2] => 
    [P_FN_NM] => NH농협은행
    [P_AMT] => 3000
    [P_UNAME] => 남정아
    [P_RMESG1] => P_VACCT_NO=79014508438463|P_EXP_DT=20251025
    [P_RMESG2] => 
    [P_NOTI] => 
    [P_AUTH_NO] => 
)

