 Array
(
    [PageCall time] => 02:08:13
    [P_TID] => INIMX_VBNKCAEcatca0720250322020329745875
    [P_MID] => CAEcatca07
    [P_AUTH_DT] => 20250322020813
    [P_STATUS] => 02
    [P_TYPE] => VBANK
    [P_OID] => 250322-001
    [P_FN_CD1] => 04
    [P_FN_CD2] => 
    [P_FN_NM] => KB국민은행
    [P_AMT] => 3000
    [P_UNAME] => 김재근
    [P_RMESG1] => P_VACCT_NO=44319079431406|P_EXP_DT=20250401
    [P_RMESG2] => 
    [P_NOTI] => 
    [P_AUTH_NO] => 
)

 Array
(
    [PageCall time] => 09:18:28
    [P_TID] => INIMX_VBNKCAEcatca0720250322091340475145
    [P_MID] => CAEcatca07
    [P_AUTH_DT] => 20250322091828
    [P_STATUS] => 02
    [P_TYPE] => VBANK
    [P_OID] => 250322-002
    [P_FN_CD1] => 31
    [P_FN_CD2] => 
    [P_FN_NM] => 아이엠뱅크(대구은행)
    [P_AMT] => 3000
    [P_UNAME] => 정은호
    [P_RMESG1] => P_VACCT_NO=9600362722216|P_EXP_DT=20250401
    [P_RMESG2] => 
    [P_NOTI] => 
    [P_AUTH_NO] => 
)

 Array
(
    [PageCall time] => 10:17:29
    [P_TID] => INIMX_VBNKCAEcatca0720250322101145375929
    [P_MID] => CAEcatca07
    [P_AUTH_DT] => 20250322101729
    [P_STATUS] => 02
    [P_TYPE] => VBANK
    [P_OID] => 250322-003
    [P_FN_CD1] => 11
    [P_FN_CD2] => 
    [P_FN_NM] => NH농협은행
    [P_AMT] => 3000
    [P_UNAME] => 최종구
    [P_RMESG1] => P_VACCT_NO=79014508418944|P_EXP_DT=20250401
    [P_RMESG2] => 
    [P_NOTI] => 
    [P_AUTH_NO] => 
)

 Array
(
    [PageCall time] => 12:03:14
    [P_TID] => INIMX_VBNKCAEcatca0720250322120005535158
    [P_MID] => CAEcatca07
    [P_AUTH_DT] => 20250322120314
    [P_STATUS] => 02
    [P_TYPE] => VBANK
    [P_OID] => 250322-005
    [P_FN_CD1] => 20
    [P_FN_CD2] => 
    [P_FN_NM] => 우리은행
    [P_AMT] => 3000
    [P_UNAME] => 김병환
    [P_RMESG1] => P_VACCT_NO=27388061318116|P_EXP_DT=20250401
    [P_RMESG2] => 
    [P_NOTI] => 
    [P_AUTH_NO] => 
)

 Array
(
    [PageCall time] => 12:41:21
    [P_TID] => INIMX_VBNKCAEcatca0720250322123901365531
    [P_MID] => CAEcatca07
    [P_AUTH_DT] => 20250322124121
    [P_STATUS] => 02
    [P_TYPE] => VBANK
    [P_OID] => 250322-007
    [P_FN_CD1] => 88
    [P_FN_CD2] => 
    [P_FN_NM] => 신한은행
    [P_AMT] => 3000
    [P_UNAME] => 권우진
    [P_RMESG1] => P_VACCT_NO=56211991376865|P_EXP_DT=20250401
    [P_RMESG2] => 
    [P_NOTI] => 
    [P_AUTH_NO] => 
)

 Array
(
    [PageCall time] => 12:54:50
    [P_TID] => INIMX_VBNKCAEcatca0720250322125353195449
    [P_MID] => CAEcatca07
    [P_AUTH_DT] => 20250322125450
    [P_STATUS] => 02
    [P_TYPE] => VBANK
    [P_OID] => 250322-008
    [P_FN_CD1] => 71
    [P_FN_CD2] => 
    [P_FN_NM] => 우체국
    [P_AMT] => 3000
    [P_UNAME] => 임정현
    [P_RMESG1] => P_VACCT_NO=01397981744623|P_EXP_DT=20250401
    [P_RMESG2] => 
    [P_NOTI] => 
    [P_AUTH_NO] => 
)

 Array
(
    [PageCall time] => 17:21:06
    [P_TID] => INIMX_VBNKCAEcatca0720250322171818385274
    [P_MID] => CAEcatca07
    [P_AUTH_DT] => 20250322172106
    [P_STATUS] => 02
    [P_TYPE] => VBANK
    [P_OID] => 250322-011
    [P_FN_CD1] => 81
    [P_FN_CD2] => 
    [P_FN_NM] => 하나은행
    [P_AMT] => 3000
    [P_UNAME] => 이윤재
    [P_RMESG1] => P_VACCT_NO=20894098712137|P_EXP_DT=20250401
    [P_RMESG2] => 
    [P_NOTI] => 
    [P_AUTH_NO] => 
)

