 Array
(
    [PageCall time] => 05:00:20
    [P_TID] => INIMX_VBNKCAEcatca0720260219045212995490
    [P_MID] => CAEcatca07
    [P_AUTH_DT] => 20260219050020
    [P_STATUS] => 02
    [P_TYPE] => VBANK
    [P_OID] => 260219-001
    [P_FN_CD1] => 88
    [P_FN_CD2] => 
    [P_FN_NM] => 신한은행
    [P_AMT] => 3500
    [P_UNAME] => 강동희
    [P_RMESG1] => P_VACCT_NO=56211103930200|P_EXP_DT=20260301
    [P_RMESG2] => 
    [P_NOTI] => 
    [P_AUTH_NO] => 
)

 Array
(
    [PageCall time] => 05:37:01
    [P_TID] => INIMX_VBNKCAEcatca0720260219053629015104
    [P_MID] => CAEcatca07
    [P_AUTH_DT] => 20260219053701
    [P_STATUS] => 02
    [P_TYPE] => VBANK
    [P_OID] => 260218-012
    [P_FN_CD1] => 11
    [P_FN_CD2] => 
    [P_FN_NM] => NH농협은행
    [P_AMT] => 3500
    [P_UNAME] => 유희정
    [P_RMESG1] => P_VACCT_NO=79014409385691|P_EXP_DT=20260301
    [P_RMESG2] => 
    [P_NOTI] => 
    [P_AUTH_NO] => 
)

 Array
(
    [PageCall time] => 07:17:49
    [P_TID] => INIMX_VBNKCAEcatca0720260219071511555916
    [P_MID] => CAEcatca07
    [P_AUTH_DT] => 20260219071749
    [P_STATUS] => 02
    [P_TYPE] => VBANK
    [P_OID] => 260219-002
    [P_FN_CD1] => 04
    [P_FN_CD2] => 
    [P_FN_NM] => KB국민은행
    [P_AMT] => 3500
    [P_UNAME] => 김미정
    [P_RMESG1] => P_VACCT_NO=41079011670214|P_EXP_DT=20260301
    [P_RMESG2] => 
    [P_NOTI] => 
    [P_AUTH_NO] => 
)

 Array
(
    [PageCall time] => 08:43:05
    [P_TID] => INIMX_VBNKCAEcatca0720260219084026465871
    [P_MID] => CAEcatca07
    [P_AUTH_DT] => 20260219084305
    [P_STATUS] => 02
    [P_TYPE] => VBANK
    [P_OID] => 260219-003
    [P_FN_CD1] => 81
    [P_FN_CD2] => 
    [P_FN_NM] => 하나은행
    [P_AMT] => 3500
    [P_UNAME] => 이효주
    [P_RMESG1] => P_VACCT_NO=20894071016537|P_EXP_DT=20260301
    [P_RMESG2] => 
    [P_NOTI] => 
    [P_AUTH_NO] => 
)

 Array
(
    [PageCall time] => 08:49:56
    [P_TID] => INIMX_VBNKCAEcatca0720260219084620945922
    [P_MID] => CAEcatca07
    [P_AUTH_DT] => 20260219084956
    [P_STATUS] => 02
    [P_TYPE] => VBANK
    [P_OID] => 260218-018
    [P_FN_CD1] => 04
    [P_FN_CD2] => 
    [P_FN_NM] => KB국민은행
    [P_AMT] => 3500
    [P_UNAME] => 김미나
    [P_RMESG1] => P_VACCT_NO=44289079113392|P_EXP_DT=20260301
    [P_RMESG2] => 
    [P_NOTI] => 
    [P_AUTH_NO] => 
)

 Array
(
    [PageCall time] => 10:11:40
    [P_TID] => INIMX_VBNKCAEcatca0720260219100839275075
    [P_MID] => CAEcatca07
    [P_AUTH_DT] => 20260219101140
    [P_STATUS] => 02
    [P_TYPE] => VBANK
    [P_OID] => 260219-006
    [P_FN_CD1] => 04
    [P_FN_CD2] => 
    [P_FN_NM] => KB국민은행
    [P_AMT] => 3500
    [P_UNAME] => 김의석
    [P_RMESG1] => P_VACCT_NO=70219014304635|P_EXP_DT=20260301
    [P_RMESG2] => 
    [P_NOTI] => 
    [P_AUTH_NO] => 
)

 Array
(
    [PageCall time] => 10:21:41
    [P_TID] => INIMX_VBNKCAEcatca0720260219101915925860
    [P_MID] => CAEcatca07
    [P_AUTH_DT] => 20260219102141
    [P_STATUS] => 02
    [P_TYPE] => VBANK
    [P_OID] => 260219-008
    [P_FN_CD1] => 04
    [P_FN_CD2] => 
    [P_FN_NM] => KB국민은행
    [P_AMT] => 3500
    [P_UNAME] => 백민영
    [P_RMESG1] => P_VACCT_NO=70219014306981|P_EXP_DT=20260301
    [P_RMESG2] => 
    [P_NOTI] => 
    [P_AUTH_NO] => 
)

 Array
(
    [PageCall time] => 10:28:49
    [P_TID] => INIMX_VBNKCAEcatca0720260219102458535757
    [P_MID] => CAEcatca07
    [P_AUTH_DT] => 20260219102849
    [P_STATUS] => 02
    [P_TYPE] => VBANK
    [P_OID] => 260219-009
    [P_FN_CD1] => 20
    [P_FN_CD2] => 
    [P_FN_NM] => 우리은행
    [P_AMT] => 3500
    [P_UNAME] => 김태영
    [P_RMESG1] => P_VACCT_NO=27490775118244|P_EXP_DT=20260301
    [P_RMESG2] => 
    [P_NOTI] => 
    [P_AUTH_NO] => 
)

 Array
(
    [PageCall time] => 10:31:00
    [P_TID] => INIMX_VBNKCAEcatca0720260219102939925601
    [P_MID] => CAEcatca07
    [P_AUTH_DT] => 20260219103100
    [P_STATUS] => 02
    [P_TYPE] => VBANK
    [P_OID] => 260219-010
    [P_FN_CD1] => 11
    [P_FN_CD2] => 
    [P_FN_NM] => NH농협은행
    [P_AMT] => 3500
    [P_UNAME] => 한국외식업중앙회 충남도지회
    [P_RMESG1] => P_VACCT_NO=79014289187527|P_EXP_DT=20260301
    [P_RMESG2] => 
    [P_NOTI] => 
    [P_AUTH_NO] => 
)

 Array
(
    [PageCall time] => 10:37:32
    [P_TID] => INIMX_VBNKCAEcatca0720260219103453065644
    [P_MID] => CAEcatca07
    [P_AUTH_DT] => 20260219103732
    [P_STATUS] => 02
    [P_TYPE] => VBANK
    [P_OID] => 260219-007
    [P_FN_CD1] => 88
    [P_FN_CD2] => 
    [P_FN_NM] => 신한은행
    [P_AMT] => 3500
    [P_UNAME] => 박희선
    [P_RMESG1] => P_VACCT_NO=56211103941227|P_EXP_DT=20260301
    [P_RMESG2] => 
    [P_NOTI] => 
    [P_AUTH_NO] => 
)

 Array
(
    [PageCall time] => 10:49:10
    [P_TID] => INIMX_VBNKCAEcatca0720260219104625145556
    [P_MID] => CAEcatca07
    [P_AUTH_DT] => 20260219104910
    [P_STATUS] => 02
    [P_TYPE] => VBANK
    [P_OID] => 260219-013
    [P_FN_CD1] => 04
    [P_FN_CD2] => 
    [P_FN_NM] => KB국민은행
    [P_AMT] => 3500
    [P_UNAME] => 강윤기
    [P_RMESG1] => P_VACCT_NO=70219014312494|P_EXP_DT=20260301
    [P_RMESG2] => 
    [P_NOTI] => 
    [P_AUTH_NO] => 
)

 Array
(
    [PageCall time] => 10:52:13
    [P_TID] => INIMX_VBNKCAEcatca0720260219104521285685
    [P_MID] => CAEcatca07
    [P_AUTH_DT] => 20260219105213
    [P_STATUS] => 02
    [P_TYPE] => VBANK
    [P_OID] => 260219-012
    [P_FN_CD1] => 11
    [P_FN_CD2] => 
    [P_FN_NM] => NH농협은행
    [P_AMT] => 3500
    [P_UNAME] => 이미경
    [P_RMESG1] => P_VACCT_NO=79014289190060|P_EXP_DT=20260301
    [P_RMESG2] => 
    [P_NOTI] => 
    [P_AUTH_NO] => 
)

 Array
(
    [PageCall time] => 10:56:08
    [P_TID] => INIMX_VBNKCAEcatca0720260219105330415307
    [P_MID] => CAEcatca07
    [P_AUTH_DT] => 20260219105608
    [P_STATUS] => 02
    [P_TYPE] => VBANK
    [P_OID] => 260219-011
    [P_FN_CD1] => 32
    [P_FN_CD2] => 
    [P_FN_NM] => 부산은행
    [P_AMT] => 3500
    [P_UNAME] => 정혜윤
    [P_RMESG1] => P_VACCT_NO=109924669234|P_EXP_DT=20260301
    [P_RMESG2] => 
    [P_NOTI] => 
    [P_AUTH_NO] => 
)

 Array
(
    [PageCall time] => 11:01:58
    [P_TID] => INIMX_VBNKCAEcatca0720260219105844445168
    [P_MID] => CAEcatca07
    [P_AUTH_DT] => 20260219110158
    [P_STATUS] => 02
    [P_TYPE] => VBANK
    [P_OID] => 260219-015
    [P_FN_CD1] => 04
    [P_FN_CD2] => 
    [P_FN_NM] => KB국민은행
    [P_AMT] => 3500
    [P_UNAME] => 주진홍
    [P_RMESG1] => P_VACCT_NO=70219014315776|P_EXP_DT=20260301
    [P_RMESG2] => 
    [P_NOTI] => 
    [P_AUTH_NO] => 
)

 Array
(
    [PageCall time] => 11:06:02
    [P_TID] => INIMX_VBNKCAEcatca0720260219110000495496
    [P_MID] => CAEcatca07
    [P_AUTH_DT] => 20260219110602
    [P_STATUS] => 02
    [P_TYPE] => VBANK
    [P_OID] => 260219-016
    [P_FN_CD1] => 03
    [P_FN_CD2] => 
    [P_FN_NM] => 기업은행
    [P_AMT] => 3500
    [P_UNAME] => 이유원
    [P_RMESG1] => P_VACCT_NO=07503176897644|P_EXP_DT=20260301
    [P_RMESG2] => 
    [P_NOTI] => 
    [P_AUTH_NO] => 
)

 Array
(
    [PageCall time] => 11:10:40
    [P_TID] => INIMX_VBNKCAEcatca0720260219110648565139
    [P_MID] => CAEcatca07
    [P_AUTH_DT] => 20260219111040
    [P_STATUS] => 02
    [P_TYPE] => VBANK
    [P_OID] => 260219-018
    [P_FN_CD1] => 04
    [P_FN_CD2] => 
    [P_FN_NM] => KB국민은행
    [P_AMT] => 3500
    [P_UNAME] => 윤성숙
    [P_RMESG1] => P_VACCT_NO=70219014317460|P_EXP_DT=20260301
    [P_RMESG2] => 
    [P_NOTI] => 
    [P_AUTH_NO] => 
)

 Array
(
    [PageCall time] => 11:11:04
    [P_TID] => INIMX_VBNKCAEcatca0720260219110826175235
    [P_MID] => CAEcatca07
    [P_AUTH_DT] => 20260219111104
    [P_STATUS] => 02
    [P_TYPE] => VBANK
    [P_OID] => 260219-014
    [P_FN_CD1] => 88
    [P_FN_CD2] => 
    [P_FN_NM] => 신한은행
    [P_AMT] => 3500
    [P_UNAME] => 김서이
    [P_RMESG1] => P_VACCT_NO=56211103945232|P_EXP_DT=20260301
    [P_RMESG2] => 
    [P_NOTI] => 
    [P_AUTH_NO] => 
)

 Array
(
    [PageCall time] => 12:11:34
    [P_TID] => INIMX_VBNKCAEcatca0720260219120744535160
    [P_MID] => CAEcatca07
    [P_AUTH_DT] => 20260219121134
    [P_STATUS] => 02
    [P_TYPE] => VBANK
    [P_OID] => 260217-002
    [P_FN_CD1] => 04
    [P_FN_CD2] => 
    [P_FN_NM] => KB국민은행
    [P_AMT] => 3500
    [P_UNAME] => 공숙희
    [P_RMESG1] => P_VACCT_NO=70219014329748|P_EXP_DT=20260301
    [P_RMESG2] => 
    [P_NOTI] => 
    [P_AUTH_NO] => 
)

 Array
(
    [PageCall time] => 12:21:06
    [P_TID] => INIMX_VBNKCAEcatca0720260219121814875978
    [P_MID] => CAEcatca07
    [P_AUTH_DT] => 20260219122106
    [P_STATUS] => 02
    [P_TYPE] => VBANK
    [P_OID] => 260219-020
    [P_FN_CD1] => 04
    [P_FN_CD2] => 
    [P_FN_NM] => KB국민은행
    [P_AMT] => 3500
    [P_UNAME] => 서영주
    [P_RMESG1] => P_VACCT_NO=70219014331378|P_EXP_DT=20260301
    [P_RMESG2] => 
    [P_NOTI] => 
    [P_AUTH_NO] => 
)

 Array
(
    [PageCall time] => 12:39:53
    [P_TID] => INIMX_VBNKCAEcatca0720260219123551835165
    [P_MID] => CAEcatca07
    [P_AUTH_DT] => 20260219123952
    [P_STATUS] => 02
    [P_TYPE] => VBANK
    [P_OID] => 260219-021
    [P_FN_CD1] => 88
    [P_FN_CD2] => 
    [P_FN_NM] => 신한은행
    [P_AMT] => 3500
    [P_UNAME] => 김민애
    [P_RMESG1] => P_VACCT_NO=56211103954748|P_EXP_DT=20260301
    [P_RMESG2] => 
    [P_NOTI] => 
    [P_AUTH_NO] => 
)

 Array
(
    [PageCall time] => 12:39:59
    [P_TID] => INIMX_VBNKCAEcatca0720260219123725705175
    [P_MID] => CAEcatca07
    [P_AUTH_DT] => 20260219123959
    [P_STATUS] => 02
    [P_TYPE] => VBANK
    [P_OID] => 260219-022
    [P_FN_CD1] => 04
    [P_FN_CD2] => 
    [P_FN_NM] => KB국민은행
    [P_AMT] => 3500
    [P_UNAME] => 배해숙
    [P_RMESG1] => P_VACCT_NO=70219014334618|P_EXP_DT=20260301
    [P_RMESG2] => 
    [P_NOTI] => 
    [P_AUTH_NO] => 
)

 Array
(
    [PageCall time] => 13:00:51
    [P_TID] => INIMX_VBNKCAEcatca0720260219125354335023
    [P_MID] => CAEcatca07
    [P_AUTH_DT] => 20260219130051
    [P_STATUS] => 02
    [P_TYPE] => VBANK
    [P_OID] => 260219-024
    [P_FN_CD1] => 04
    [P_FN_CD2] => 
    [P_FN_NM] => KB국민은행
    [P_AMT] => 3500
    [P_UNAME] => 성심어린이집
    [P_RMESG1] => P_VACCT_NO=70219014337099|P_EXP_DT=20260301
    [P_RMESG2] => 
    [P_NOTI] => 
    [P_AUTH_NO] => 
)

 Array
(
    [PageCall time] => 13:16:40
    [P_TID] => INIMX_VBNKCAEcatca0720260219131401325033
    [P_MID] => CAEcatca07
    [P_AUTH_DT] => 20260219131639
    [P_STATUS] => 02
    [P_TYPE] => VBANK
    [P_OID] => 260219-025
    [P_FN_CD1] => 04
    [P_FN_CD2] => 
    [P_FN_NM] => KB국민은행
    [P_AMT] => 3500
    [P_UNAME] => 신경봉
    [P_RMESG1] => P_VACCT_NO=70219014352524|P_EXP_DT=20260301
    [P_RMESG2] => 
    [P_NOTI] => 
    [P_AUTH_NO] => 
)

 Array
(
    [PageCall time] => 13:35:17
    [P_TID] => INIMX_VBNKCAEcatca0720260219133232775676
    [P_MID] => CAEcatca07
    [P_AUTH_DT] => 20260219133517
    [P_STATUS] => 02
    [P_TYPE] => VBANK
    [P_OID] => 260219-026
    [P_FN_CD1] => 89
    [P_FN_CD2] => 
    [P_FN_NM] => 케이뱅크
    [P_AMT] => 3500
    [P_UNAME] => 이수재
    [P_RMESG1] => P_VACCT_NO=70112003559115|P_EXP_DT=20260301
    [P_RMESG2] => 
    [P_NOTI] => 
    [P_AUTH_NO] => 
)

 Array
(
    [PageCall time] => 13:48:33
    [P_TID] => INIMX_VBNKCAEcatca0720260219134731665711
    [P_MID] => CAEcatca07
    [P_AUTH_DT] => 20260219134833
    [P_STATUS] => 02
    [P_TYPE] => VBANK
    [P_OID] => 260219-031
    [P_FN_CD1] => 11
    [P_FN_CD2] => 
    [P_FN_NM] => NH농협은행
    [P_AMT] => 3500
    [P_UNAME] => 송효숙
    [P_RMESG1] => P_VACCT_NO=79014289221547|P_EXP_DT=20260301
    [P_RMESG2] => 
    [P_NOTI] => 
    [P_AUTH_NO] => 
)

 Array
(
    [PageCall time] => 13:52:09
    [P_TID] => INIMX_VBNKCAEcatca0720260219134837765451
    [P_MID] => CAEcatca07
    [P_AUTH_DT] => 20260219135209
    [P_STATUS] => 02
    [P_TYPE] => VBANK
    [P_OID] => 260219-032
    [P_FN_CD1] => 04
    [P_FN_CD2] => 
    [P_FN_NM] => KB국민은행
    [P_AMT] => 3500
    [P_UNAME] => 이영훈
    [P_RMESG1] => P_VACCT_NO=70219014361025|P_EXP_DT=20260301
    [P_RMESG2] => 
    [P_NOTI] => 
    [P_AUTH_NO] => 
)

 Array
(
    [PageCall time] => 14:04:42
    [P_TID] => INIMX_VBNKCAEcatca0720260219140055715662
    [P_MID] => CAEcatca07
    [P_AUTH_DT] => 20260219140442
    [P_STATUS] => 02
    [P_TYPE] => VBANK
    [P_OID] => 260217-001
    [P_FN_CD1] => 04
    [P_FN_CD2] => 
    [P_FN_NM] => KB국민은행
    [P_AMT] => 3500
    [P_UNAME] => 노혜빈
    [P_RMESG1] => P_VACCT_NO=70219014363777|P_EXP_DT=20260301
    [P_RMESG2] => 
    [P_NOTI] => 
    [P_AUTH_NO] => 
)

 Array
(
    [PageCall time] => 14:05:12
    [P_TID] => INIMX_VBNKCAEcatca0720260219140132195204
    [P_MID] => CAEcatca07
    [P_AUTH_DT] => 20260219140512
    [P_STATUS] => 02
    [P_TYPE] => VBANK
    [P_OID] => 260219-034
    [P_FN_CD1] => 88
    [P_FN_CD2] => 
    [P_FN_NM] => 신한은행
    [P_AMT] => 3500
    [P_UNAME] => 김은한
    [P_RMESG1] => P_VACCT_NO=56211103967597|P_EXP_DT=20260301
    [P_RMESG2] => 
    [P_NOTI] => 
    [P_AUTH_NO] => 
)

 Array
(
    [PageCall time] => 14:16:36
    [P_TID] => INIMX_VBNKCAEcatca0720260219141415935788
    [P_MID] => CAEcatca07
    [P_AUTH_DT] => 20260219141636
    [P_STATUS] => 02
    [P_TYPE] => VBANK
    [P_OID] => 260219-036
    [P_FN_CD1] => 81
    [P_FN_CD2] => 
    [P_FN_NM] => 하나은행
    [P_AMT] => 3500
    [P_UNAME] => 유슬빈
    [P_RMESG1] => P_VACCT_NO=20894074467137|P_EXP_DT=20260301
    [P_RMESG2] => 
    [P_NOTI] => 
    [P_AUTH_NO] => 
)

 Array
(
    [PageCall time] => 14:19:28
    [P_TID] => INIMX_VBNKCAEcatca0720260219141708505088
    [P_MID] => CAEcatca07
    [P_AUTH_DT] => 20260219141928
    [P_STATUS] => 02
    [P_TYPE] => VBANK
    [P_OID] => 260219-037
    [P_FN_CD1] => 04
    [P_FN_CD2] => 
    [P_FN_NM] => KB국민은행
    [P_AMT] => 3500
    [P_UNAME] => 박정우
    [P_RMESG1] => P_VACCT_NO=70219014367618|P_EXP_DT=20260301
    [P_RMESG2] => 
    [P_NOTI] => 
    [P_AUTH_NO] => 
)

 Array
(
    [PageCall time] => 14:23:10
    [P_TID] => INIMX_VBNKCAEcatca0720260219142040195548
    [P_MID] => CAEcatca07
    [P_AUTH_DT] => 20260219142310
    [P_STATUS] => 02
    [P_TYPE] => VBANK
    [P_OID] => 260219-039
    [P_FN_CD1] => 04
    [P_FN_CD2] => 
    [P_FN_NM] => KB국민은행
    [P_AMT] => 3500
    [P_UNAME] => 최선영
    [P_RMESG1] => P_VACCT_NO=70219014368686|P_EXP_DT=20260301
    [P_RMESG2] => 
    [P_NOTI] => 
    [P_AUTH_NO] => 
)

 Array
(
    [PageCall time] => 14:30:18
    [P_TID] => INIMX_VBNKCAEcatca0720260219142736255343
    [P_MID] => CAEcatca07
    [P_AUTH_DT] => 20260219143017
    [P_STATUS] => 02
    [P_TYPE] => VBANK
    [P_OID] => 260219-040
    [P_FN_CD1] => 88
    [P_FN_CD2] => 
    [P_FN_NM] => 신한은행
    [P_AMT] => 3500
    [P_UNAME] => 박재준
    [P_RMESG1] => P_VACCT_NO=56211103970593|P_EXP_DT=20260301
    [P_RMESG2] => 
    [P_NOTI] => 
    [P_AUTH_NO] => 
)

 Array
(
    [PageCall time] => 14:50:20
    [P_TID] => INIMX_VBNKCAEcatca0720260219144714815155
    [P_MID] => CAEcatca07
    [P_AUTH_DT] => 20260219145020
    [P_STATUS] => 02
    [P_TYPE] => VBANK
    [P_OID] => 260219-041
    [P_FN_CD1] => 88
    [P_FN_CD2] => 
    [P_FN_NM] => 신한은행
    [P_AMT] => 3500
    [P_UNAME] => 김혜빈
    [P_RMESG1] => P_VACCT_NO=56211103973182|P_EXP_DT=20260301
    [P_RMESG2] => 
    [P_NOTI] => 
    [P_AUTH_NO] => 
)

 Array
(
    [PageCall time] => 14:57:25
    [P_TID] => INIMX_VBNKCAEcatca0720260219145440885958
    [P_MID] => CAEcatca07
    [P_AUTH_DT] => 20260219145725
    [P_STATUS] => 02
    [P_TYPE] => VBANK
    [P_OID] => 260219-042
    [P_FN_CD1] => 88
    [P_FN_CD2] => 
    [P_FN_NM] => 신한은행
    [P_AMT] => 3500
    [P_UNAME] => 이효진
    [P_RMESG1] => P_VACCT_NO=56211103973958|P_EXP_DT=20260301
    [P_RMESG2] => 
    [P_NOTI] => 
    [P_AUTH_NO] => 
)

 Array
(
    [PageCall time] => 14:58:09
    [P_TID] => INIMX_VBNKCAEcatca0720260219145747265244
    [P_MID] => CAEcatca07
    [P_AUTH_DT] => 20260219145809
    [P_STATUS] => 02
    [P_TYPE] => VBANK
    [P_OID] => 260219-043
    [P_FN_CD1] => 11
    [P_FN_CD2] => 
    [P_FN_NM] => NH농협은행
    [P_AMT] => 3500
    [P_UNAME] => 김지안
    [P_RMESG1] => P_VACCT_NO=79014289235807|P_EXP_DT=20260301
    [P_RMESG2] => 
    [P_NOTI] => 
    [P_AUTH_NO] => 
)

 Array
(
    [PageCall time] => 14:58:31
    [P_TID] => INIMX_VBNKCAEcatca0720260219145543235797
    [P_MID] => CAEcatca07
    [P_AUTH_DT] => 20260219145831
    [P_STATUS] => 02
    [P_TYPE] => VBANK
    [P_OID] => 260219-029
    [P_FN_CD1] => 04
    [P_FN_CD2] => 
    [P_FN_NM] => KB국민은행
    [P_AMT] => 3500
    [P_UNAME] => 모규만
    [P_RMESG1] => P_VACCT_NO=70219014376838|P_EXP_DT=20260301
    [P_RMESG2] => 
    [P_NOTI] => 
    [P_AUTH_NO] => 
)

 Array
(
    [PageCall time] => 15:16:51
    [P_TID] => INIMX_VBNKCAEcatca0720260219151414935243
    [P_MID] => CAEcatca07
    [P_AUTH_DT] => 20260219151651
    [P_STATUS] => 02
    [P_TYPE] => VBANK
    [P_OID] => 260219-044
    [P_FN_CD1] => 88
    [P_FN_CD2] => 
    [P_FN_NM] => 신한은행
    [P_AMT] => 3500
    [P_UNAME] => 황선경
    [P_RMESG1] => P_VACCT_NO=56211103976829|P_EXP_DT=20260301
    [P_RMESG2] => 
    [P_NOTI] => 
    [P_AUTH_NO] => 
)

 Array
(
    [PageCall time] => 15:22:28
    [P_TID] => INIMX_VBNKCAEcatca0720260219151940575323
    [P_MID] => CAEcatca07
    [P_AUTH_DT] => 20260219152228
    [P_STATUS] => 02
    [P_TYPE] => VBANK
    [P_OID] => 260219-045
    [P_FN_CD1] => 03
    [P_FN_CD2] => 
    [P_FN_NM] => 기업은행
    [P_AMT] => 3500
    [P_UNAME] => 고미정
    [P_RMESG1] => P_VACCT_NO=07503180197680|P_EXP_DT=20260301
    [P_RMESG2] => 
    [P_NOTI] => 
    [P_AUTH_NO] => 
)

 Array
(
    [PageCall time] => 15:28:16
    [P_TID] => INIMX_VBNKCAEcatca0720260219152528295757
    [P_MID] => CAEcatca07
    [P_AUTH_DT] => 20260219152816
    [P_STATUS] => 02
    [P_TYPE] => VBANK
    [P_OID] => 260219-046
    [P_FN_CD1] => 04
    [P_FN_CD2] => 
    [P_FN_NM] => KB국민은행
    [P_AMT] => 3500
    [P_UNAME] => 송지영
    [P_RMESG1] => P_VACCT_NO=70219014383715|P_EXP_DT=20260301
    [P_RMESG2] => 
    [P_NOTI] => 
    [P_AUTH_NO] => 
)

 Array
(
    [PageCall time] => 16:24:26
    [P_TID] => INIMX_VBNKCAEcatca0720260219162323215227
    [P_MID] => CAEcatca07
    [P_AUTH_DT] => 20260219162426
    [P_STATUS] => 02
    [P_TYPE] => VBANK
    [P_OID] => 260219-005
    [P_FN_CD1] => 11
    [P_FN_CD2] => 
    [P_FN_NM] => NH농협은행
    [P_AMT] => 3500
    [P_UNAME] => 진혜영
    [P_RMESG1] => P_VACCT_NO=79014289250341|P_EXP_DT=20260301
    [P_RMESG2] => 
    [P_NOTI] => 
    [P_AUTH_NO] => 
)

 Array
(
    [PageCall time] => 16:29:41
    [P_TID] => INIMX_VBNKCAEcatca0720260219162658835948
    [P_MID] => CAEcatca07
    [P_AUTH_DT] => 20260219162941
    [P_STATUS] => 02
    [P_TYPE] => VBANK
    [P_OID] => 260219-050
    [P_FN_CD1] => 04
    [P_FN_CD2] => 
    [P_FN_NM] => KB국민은행
    [P_AMT] => 3500
    [P_UNAME] => 이종원
    [P_RMESG1] => P_VACCT_NO=70219014396160|P_EXP_DT=20260301
    [P_RMESG2] => 
    [P_NOTI] => 
    [P_AUTH_NO] => 
)

 Array
(
    [PageCall time] => 16:56:32
    [P_TID] => INIMX_VBNKCAEcatca0720260219165251805693
    [P_MID] => CAEcatca07
    [P_AUTH_DT] => 20260219165632
    [P_STATUS] => 02
    [P_TYPE] => VBANK
    [P_OID] => 260219-052
    [P_FN_CD1] => 20
    [P_FN_CD2] => 
    [P_FN_NM] => 우리은행
    [P_AMT] => 3500
    [P_UNAME] => 김수정
    [P_RMESG1] => P_VACCT_NO=27490811418617|P_EXP_DT=20260301
    [P_RMESG2] => 
    [P_NOTI] => 
    [P_AUTH_NO] => 
)

 Array
(
    [PageCall time] => 17:18:46
    [P_TID] => INIMX_VBNKCAEcatca0720260219171550145319
    [P_MID] => CAEcatca07
    [P_AUTH_DT] => 20260219171846
    [P_STATUS] => 02
    [P_TYPE] => VBANK
    [P_OID] => 260219-053
    [P_FN_CD1] => 20
    [P_FN_CD2] => 
    [P_FN_NM] => 우리은행
    [P_AMT] => 3500
    [P_UNAME] => 정윤아
    [P_RMESG1] => P_VACCT_NO=27490812218936|P_EXP_DT=20260301
    [P_RMESG2] => 
    [P_NOTI] => 
    [P_AUTH_NO] => 
)

 Array
(
    [PageCall time] => 17:42:57
    [P_TID] => INIMX_VBNKCAEcatca0720260219174012845605
    [P_MID] => CAEcatca07
    [P_AUTH_DT] => 20260219174257
    [P_STATUS] => 02
    [P_TYPE] => VBANK
    [P_OID] => 260219-054
    [P_FN_CD1] => 88
    [P_FN_CD2] => 
    [P_FN_NM] => 신한은행
    [P_AMT] => 3500
    [P_UNAME] => 이창승
    [P_RMESG1] => P_VACCT_NO=56211103993272|P_EXP_DT=20260301
    [P_RMESG2] => 
    [P_NOTI] => 
    [P_AUTH_NO] => 
)

 Array
(
    [PageCall time] => 19:19:09
    [P_TID] => INIMX_VBNKCAEcatca0720260219191634335530
    [P_MID] => CAEcatca07
    [P_AUTH_DT] => 20260219191909
    [P_STATUS] => 02
    [P_TYPE] => VBANK
    [P_OID] => 260219-055
    [P_FN_CD1] => 88
    [P_FN_CD2] => 
    [P_FN_NM] => 신한은행
    [P_AMT] => 3500
    [P_UNAME] => 김소연
    [P_RMESG1] => P_VACCT_NO=56211103999885|P_EXP_DT=20260301
    [P_RMESG2] => 
    [P_NOTI] => 
    [P_AUTH_NO] => 
)

 Array
(
    [PageCall time] => 20:11:44
    [P_TID] => INIMX_VBNKCAEcatca0720260219200731805582
    [P_MID] => CAEcatca07
    [P_AUTH_DT] => 20260219201144
    [P_STATUS] => 02
    [P_TYPE] => VBANK
    [P_OID] => 260219-056
    [P_FN_CD1] => 04
    [P_FN_CD2] => 
    [P_FN_NM] => KB국민은행
    [P_AMT] => 3500
    [P_UNAME] => 신원영
    [P_RMESG1] => P_VACCT_NO=70219014426340|P_EXP_DT=20260301
    [P_RMESG2] => 
    [P_NOTI] => 
    [P_AUTH_NO] => 
)

 Array
(
    [PageCall time] => 21:09:32
    [P_TID] => INIMX_VBNKCAEcatca0720260219210523985010
    [P_MID] => CAEcatca07
    [P_AUTH_DT] => 20260219210932
    [P_STATUS] => 02
    [P_TYPE] => VBANK
    [P_OID] => 260219-057
    [P_FN_CD1] => 04
    [P_FN_CD2] => 
    [P_FN_NM] => KB국민은행
    [P_AMT] => 3500
    [P_UNAME] => 안승범
    [P_RMESG1] => P_VACCT_NO=70219014432105|P_EXP_DT=20260301
    [P_RMESG2] => 
    [P_NOTI] => 
    [P_AUTH_NO] => 
)

 Array
(
    [PageCall time] => 21:09:34
    [P_TID] => INIMX_VBNKCAEcatca0720260219210628155453
    [P_MID] => CAEcatca07
    [P_AUTH_DT] => 20260219210934
    [P_STATUS] => 02
    [P_TYPE] => VBANK
    [P_OID] => 260219-033
    [P_FN_CD1] => 89
    [P_FN_CD2] => 
    [P_FN_NM] => 케이뱅크
    [P_AMT] => 3500
    [P_UNAME] => 이호진
    [P_RMESG1] => P_VACCT_NO=70112003565796|P_EXP_DT=20260301
    [P_RMESG2] => 
    [P_NOTI] => 
    [P_AUTH_NO] => 
)

 Array
(
    [PageCall time] => 21:23:26
    [P_TID] => INIMX_VBNKCAEcatca0720260219212014745531
    [P_MID] => CAEcatca07
    [P_AUTH_DT] => 20260219212326
    [P_STATUS] => 02
    [P_TYPE] => VBANK
    [P_OID] => 260219-058
    [P_FN_CD1] => 04
    [P_FN_CD2] => 
    [P_FN_NM] => KB국민은행
    [P_AMT] => 3500
    [P_UNAME] => 박형규
    [P_RMESG1] => P_VACCT_NO=70219014433665|P_EXP_DT=20260301
    [P_RMESG2] => 
    [P_NOTI] => 
    [P_AUTH_NO] => 
)

 Array
(
    [PageCall time] => 21:43:31
    [P_TID] => INIMX_VBNKCAEcatca0720260219214120225271
    [P_MID] => CAEcatca07
    [P_AUTH_DT] => 20260219214331
    [P_STATUS] => 02
    [P_TYPE] => VBANK
    [P_OID] => 260219-059
    [P_FN_CD1] => 11
    [P_FN_CD2] => 
    [P_FN_NM] => NH농협은행
    [P_AMT] => 3500
    [P_UNAME] => 서희원
    [P_RMESG1] => P_VACCT_NO=79014289287479|P_EXP_DT=20260301
    [P_RMESG2] => 
    [P_NOTI] => 
    [P_AUTH_NO] => 
)

 Array
(
    [PageCall time] => 21:57:43
    [P_TID] => INIMX_VBNKCAEcatca0720260219215434245238
    [P_MID] => CAEcatca07
    [P_AUTH_DT] => 20260219215743
    [P_STATUS] => 02
    [P_TYPE] => VBANK
    [P_OID] => 260219-060
    [P_FN_CD1] => 81
    [P_FN_CD2] => 
    [P_FN_NM] => 하나은행
    [P_AMT] => 3500
    [P_UNAME] => 이범주
    [P_RMESG1] => P_VACCT_NO=20894076719037|P_EXP_DT=20260301
    [P_RMESG2] => 
    [P_NOTI] => 
    [P_AUTH_NO] => 
)

 Array
(
    [PageCall time] => 22:36:21
    [P_TID] => INIMX_VBNKCAEcatca0720260219223204205986
    [P_MID] => CAEcatca07
    [P_AUTH_DT] => 20260219223621
    [P_STATUS] => 02
    [P_TYPE] => VBANK
    [P_OID] => 260219-061
    [P_FN_CD1] => 03
    [P_FN_CD2] => 
    [P_FN_NM] => 기업은행
    [P_AMT] => 3500
    [P_UNAME] => 구영희
    [P_RMESG1] => P_VACCT_NO=07503183497155|P_EXP_DT=20260301
    [P_RMESG2] => 
    [P_NOTI] => 
    [P_AUTH_NO] => 
)

 Array
(
    [PageCall time] => 22:52:14
    [P_TID] => INIMX_VBNKCAEcatca0720260219224902495662
    [P_MID] => CAEcatca07
    [P_AUTH_DT] => 20260219225214
    [P_STATUS] => 02
    [P_TYPE] => VBANK
    [P_OID] => 260219-062
    [P_FN_CD1] => 31
    [P_FN_CD2] => 
    [P_FN_NM] => 아이엠뱅크(대구은행)
    [P_AMT] => 3500
    [P_UNAME] => 이상효
    [P_RMESG1] => P_VACCT_NO=9600362776574|P_EXP_DT=20260301
    [P_RMESG2] => 
    [P_NOTI] => 
    [P_AUTH_NO] => 
)

