 Array
(
    [PageCall time] => 01:51:10
    [P_TID] => INIMX_VBNKCAEcatca0720250819014945995367
    [P_MID] => CAEcatca07
    [P_AUTH_DT] => 20250819015110
    [P_STATUS] => 02
    [P_TYPE] => VBANK
    [P_OID] => 250819-001
    [P_FN_CD1] => 04
    [P_FN_CD2] => 
    [P_FN_NM] => KB국민은행
    [P_AMT] => 3000
    [P_UNAME] => 김승권
    [P_RMESG1] => P_VACCT_NO=80399078070145|P_EXP_DT=20250829
    [P_RMESG2] => 
    [P_NOTI] => 
    [P_AUTH_NO] => 
)

 Array
(
    [PageCall time] => 06:26:10
    [P_TID] => INIMX_VBNKCAEcatca0720250819062435685391
    [P_MID] => CAEcatca07
    [P_AUTH_DT] => 20250819062610
    [P_STATUS] => 02
    [P_TYPE] => VBANK
    [P_OID] => 250819-002
    [P_FN_CD1] => 04
    [P_FN_CD2] => 
    [P_FN_NM] => KB국민은행
    [P_AMT] => 3000
    [P_UNAME] => 원상연
    [P_RMESG1] => P_VACCT_NO=26119078639357|P_EXP_DT=20250829
    [P_RMESG2] => 
    [P_NOTI] => 
    [P_AUTH_NO] => 
)

 Array
(
    [PageCall time] => 07:07:28
    [P_TID] => INIMX_VBNKCAEcatca0720250819070454815533
    [P_MID] => CAEcatca07
    [P_AUTH_DT] => 20250819070728
    [P_STATUS] => 02
    [P_TYPE] => VBANK
    [P_OID] => 250818-046
    [P_FN_CD1] => 31
    [P_FN_CD2] => 
    [P_FN_NM] => 아이엠뱅크(대구은행)
    [P_AMT] => 3000
    [P_UNAME] => 김광식
    [P_RMESG1] => P_VACCT_NO=9600363446799|P_EXP_DT=20250829
    [P_RMESG2] => 
    [P_NOTI] => 
    [P_AUTH_NO] => 
)

 Array
(
    [PageCall time] => 09:08:01
    [P_TID] => INIMX_VBNKCAEcatca0720250819090630575898
    [P_MID] => CAEcatca07
    [P_AUTH_DT] => 20250819090801
    [P_STATUS] => 02
    [P_TYPE] => VBANK
    [P_OID] => 250819-003
    [P_FN_CD1] => 04
    [P_FN_CD2] => 
    [P_FN_NM] => KB국민은행
    [P_AMT] => 3000
    [P_UNAME] => 황병윤
    [P_RMESG1] => P_VACCT_NO=26159078196755|P_EXP_DT=20250829
    [P_RMESG2] => 
    [P_NOTI] => 
    [P_AUTH_NO] => 
)

 Array
(
    [PageCall time] => 09:27:30
    [P_TID] => INIMX_VBNKCAEcatca0720250819092433875650
    [P_MID] => CAEcatca07
    [P_AUTH_DT] => 20250819092730
    [P_STATUS] => 02
    [P_TYPE] => VBANK
    [P_OID] => 250814-028
    [P_FN_CD1] => 81
    [P_FN_CD2] => 
    [P_FN_NM] => 하나은행
    [P_AMT] => 3000
    [P_UNAME] => 한해림
    [P_RMESG1] => P_VACCT_NO=20894001531737|P_EXP_DT=20250829
    [P_RMESG2] => 
    [P_NOTI] => 
    [P_AUTH_NO] => 
)

 Array
(
    [PageCall time] => 09:35:47
    [P_TID] => INIMX_VBNKCAEcatca0720250819093509615300
    [P_MID] => CAEcatca07
    [P_AUTH_DT] => 20250819093547
    [P_STATUS] => 02
    [P_TYPE] => VBANK
    [P_OID] => 250819-004
    [P_FN_CD1] => 04
    [P_FN_CD2] => 
    [P_FN_NM] => KB국민은행
    [P_AMT] => 3000
    [P_UNAME] => 김세희
    [P_RMESG1] => P_VACCT_NO=42089011555284|P_EXP_DT=20250829
    [P_RMESG2] => 
    [P_NOTI] => 
    [P_AUTH_NO] => 
)

 Array
(
    [PageCall time] => 09:41:52
    [P_TID] => INIMX_VBNKCAEcatca0720250819094110505601
    [P_MID] => CAEcatca07
    [P_AUTH_DT] => 20250819094152
    [P_STATUS] => 02
    [P_TYPE] => VBANK
    [P_OID] => 250819-005
    [P_FN_CD1] => 04
    [P_FN_CD2] => 
    [P_FN_NM] => KB국민은행
    [P_AMT] => 3000
    [P_UNAME] => 이현백
    [P_RMESG1] => P_VACCT_NO=87839011656836|P_EXP_DT=20250829
    [P_RMESG2] => 
    [P_NOTI] => 
    [P_AUTH_NO] => 
)

 Array
(
    [PageCall time] => 10:22:29
    [P_TID] => INIMX_VBNKCAEcatca0720250819101924855531
    [P_MID] => CAEcatca07
    [P_AUTH_DT] => 20250819102229
    [P_STATUS] => 02
    [P_TYPE] => VBANK
    [P_OID] => 250816-011
    [P_FN_CD1] => 88
    [P_FN_CD2] => 
    [P_FN_NM] => 신한은행
    [P_AMT] => 3000
    [P_UNAME] => 진훈미
    [P_RMESG1] => P_VACCT_NO=56211991774820|P_EXP_DT=20250829
    [P_RMESG2] => 
    [P_NOTI] => 
    [P_AUTH_NO] => 
)

 Array
(
    [PageCall time] => 10:53:05
    [P_TID] => INIMX_VBNKCAEcatca0720250819104936265900
    [P_MID] => CAEcatca07
    [P_AUTH_DT] => 20250819105305
    [P_STATUS] => 02
    [P_TYPE] => VBANK
    [P_OID] => 250819-008
    [P_FN_CD1] => 04
    [P_FN_CD2] => 
    [P_FN_NM] => KB국민은행
    [P_AMT] => 3000
    [P_UNAME] => 신성근
    [P_RMESG1] => P_VACCT_NO=80399078081934|P_EXP_DT=20250829
    [P_RMESG2] => 
    [P_NOTI] => 
    [P_AUTH_NO] => 
)

 Array
(
    [PageCall time] => 11:19:27
    [P_TID] => INIMX_VBNKCAEcatca0720250819111701965738
    [P_MID] => CAEcatca07
    [P_AUTH_DT] => 20250819111927
    [P_STATUS] => 02
    [P_TYPE] => VBANK
    [P_OID] => 250819-009
    [P_FN_CD1] => 88
    [P_FN_CD2] => 
    [P_FN_NM] => 신한은행
    [P_AMT] => 3000
    [P_UNAME] => 김예주
    [P_RMESG1] => P_VACCT_NO=56211991780468|P_EXP_DT=20250829
    [P_RMESG2] => 
    [P_NOTI] => 
    [P_AUTH_NO] => 
)

 Array
(
    [PageCall time] => 11:19:54
    [P_TID] => INIMX_VBNKCAEcatca0720250819111900555612
    [P_MID] => CAEcatca07
    [P_AUTH_DT] => 20250819111954
    [P_STATUS] => 02
    [P_TYPE] => VBANK
    [P_OID] => 250819-010
    [P_FN_CD1] => 04
    [P_FN_CD2] => 
    [P_FN_NM] => KB국민은행
    [P_AMT] => 3000
    [P_UNAME] => 최은희
    [P_RMESG1] => P_VACCT_NO=80399078088173|P_EXP_DT=20250829
    [P_RMESG2] => 
    [P_NOTI] => 
    [P_AUTH_NO] => 
)

 Array
(
    [PageCall time] => 12:34:19
    [P_TID] => INIMX_VBNKCAEcatca0720250819123217745172
    [P_MID] => CAEcatca07
    [P_AUTH_DT] => 20250819123419
    [P_STATUS] => 02
    [P_TYPE] => VBANK
    [P_OID] => 250816-005
    [P_FN_CD1] => 04
    [P_FN_CD2] => 
    [P_FN_NM] => KB국민은행
    [P_AMT] => 3000
    [P_UNAME] => 이논부
    [P_RMESG1] => P_VACCT_NO=80399078100833|P_EXP_DT=20250829
    [P_RMESG2] => 
    [P_NOTI] => 
    [P_AUTH_NO] => 
)

 Array
(
    [PageCall time] => 12:45:54
    [P_TID] => INIMX_VBNKCAEcatca0720250819124125755913
    [P_MID] => CAEcatca07
    [P_AUTH_DT] => 20250819124554
    [P_STATUS] => 02
    [P_TYPE] => VBANK
    [P_OID] => 250816-010
    [P_FN_CD1] => 89
    [P_FN_CD2] => 
    [P_FN_NM] => 케이뱅크
    [P_AMT] => 3000
    [P_UNAME] => 이혜경
    [P_RMESG1] => P_VACCT_NO=70112004251979|P_EXP_DT=20250829
    [P_RMESG2] => 
    [P_NOTI] => 
    [P_AUTH_NO] => 
)

 Array
(
    [PageCall time] => 13:00:17
    [P_TID] => INIMX_VBNKCAEcatca0720250819125633135036
    [P_MID] => CAEcatca07
    [P_AUTH_DT] => 20250819130017
    [P_STATUS] => 02
    [P_TYPE] => VBANK
    [P_OID] => 250819-011
    [P_FN_CD1] => 32
    [P_FN_CD2] => 
    [P_FN_NM] => 부산은행
    [P_AMT] => 3000
    [P_UNAME] => 설미선
    [P_RMESG1] => P_VACCT_NO=109925257490|P_EXP_DT=20250829
    [P_RMESG2] => 
    [P_NOTI] => 
    [P_AUTH_NO] => 
)

 Array
(
    [PageCall time] => 13:28:48
    [P_TID] => INIMX_VBNKCAEcatca0720250819132615345379
    [P_MID] => CAEcatca07
    [P_AUTH_DT] => 20250819132848
    [P_STATUS] => 02
    [P_TYPE] => VBANK
    [P_OID] => 250819-015
    [P_FN_CD1] => 03
    [P_FN_CD2] => 
    [P_FN_NM] => 기업은행
    [P_AMT] => 3000
    [P_UNAME] => 김소희
    [P_RMESG1] => P_VACCT_NO=07503243597841|P_EXP_DT=20250829
    [P_RMESG2] => 
    [P_NOTI] => 
    [P_AUTH_NO] => 
)

 Array
(
    [PageCall time] => 13:33:55
    [P_TID] => INIMX_VBNKCAEcatca0720250819133127565698
    [P_MID] => CAEcatca07
    [P_AUTH_DT] => 20250819133355
    [P_STATUS] => 02
    [P_TYPE] => VBANK
    [P_OID] => 250819-017
    [P_FN_CD1] => 88
    [P_FN_CD2] => 
    [P_FN_NM] => 신한은행
    [P_AMT] => 3000
    [P_UNAME] => 김명진
    [P_RMESG1] => P_VACCT_NO=56211991790640|P_EXP_DT=20250829
    [P_RMESG2] => 
    [P_NOTI] => 
    [P_AUTH_NO] => 
)

 Array
(
    [PageCall time] => 13:34:29
    [P_TID] => INIMX_VBNKCAEcatca0720250819133125665979
    [P_MID] => CAEcatca07
    [P_AUTH_DT] => 20250819133428
    [P_STATUS] => 02
    [P_TYPE] => VBANK
    [P_OID] => 250819-016
    [P_FN_CD1] => 81
    [P_FN_CD2] => 
    [P_FN_NM] => 하나은행
    [P_AMT] => 3000
    [P_UNAME] => 황성주
    [P_RMESG1] => P_VACCT_NO=20894003478037|P_EXP_DT=20250829
    [P_RMESG2] => 
    [P_NOTI] => 
    [P_AUTH_NO] => 
)

 Array
(
    [PageCall time] => 14:00:26
    [P_TID] => INIMX_VBNKCAEcatca0720250819135621915129
    [P_MID] => CAEcatca07
    [P_AUTH_DT] => 20250819140026
    [P_STATUS] => 02
    [P_TYPE] => VBANK
    [P_OID] => 250819-019
    [P_FN_CD1] => 20
    [P_FN_CD2] => 
    [P_FN_NM] => 우리은행
    [P_AMT] => 3000
    [P_UNAME] => 김체영
    [P_RMESG1] => P_VACCT_NO=27389456418930|P_EXP_DT=20250829
    [P_RMESG2] => 
    [P_NOTI] => 
    [P_AUTH_NO] => 
)

 Array
(
    [PageCall time] => 14:42:14
    [P_TID] => INIMX_VBNKCAEcatca0720250819143922315151
    [P_MID] => CAEcatca07
    [P_AUTH_DT] => 20250819144213
    [P_STATUS] => 02
    [P_TYPE] => VBANK
    [P_OID] => 250819-020
    [P_FN_CD1] => 03
    [P_FN_CD2] => 
    [P_FN_NM] => 기업은행
    [P_AMT] => 3000
    [P_UNAME] => 최홍섭
    [P_RMESG1] => P_VACCT_NO=07503244397928|P_EXP_DT=20250829
    [P_RMESG2] => 
    [P_NOTI] => 
    [P_AUTH_NO] => 
)

 Array
(
    [PageCall time] => 14:45:24
    [P_TID] => INIMX_VBNKCAEcatca0720250819144239635303
    [P_MID] => CAEcatca07
    [P_AUTH_DT] => 20250819144524
    [P_STATUS] => 02
    [P_TYPE] => VBANK
    [P_OID] => 250819-013
    [P_FN_CD1] => 20
    [P_FN_CD2] => 
    [P_FN_NM] => 우리은행
    [P_AMT] => 3000
    [P_UNAME] => 최용환
    [P_RMESG1] => P_VACCT_NO=27389459918805|P_EXP_DT=20250829
    [P_RMESG2] => 
    [P_NOTI] => 
    [P_AUTH_NO] => 
)

 Array
(
    [PageCall time] => 14:49:02
    [P_TID] => INIMX_VBNKCAEcatca0720250819144824615240
    [P_MID] => CAEcatca07
    [P_AUTH_DT] => 20250819144902
    [P_STATUS] => 02
    [P_TYPE] => VBANK
    [P_OID] => 250819-021
    [P_FN_CD1] => 04
    [P_FN_CD2] => 
    [P_FN_NM] => KB국민은행
    [P_AMT] => 3000
    [P_UNAME] => 이용찬
    [P_RMESG1] => P_VACCT_NO=80399078128497|P_EXP_DT=20250829
    [P_RMESG2] => 
    [P_NOTI] => 
    [P_AUTH_NO] => 
)

 Array
(
    [PageCall time] => 14:50:00
    [P_TID] => INIMX_VBNKCAEcatca0720250819143922315151
    [P_MID] => CAEcatca07
    [P_AUTH_DT] => 20250819144213
    [P_STATUS] => 02
    [P_TYPE] => VBANK
    [P_OID] => 250819-020
    [P_FN_CD1] => 03
    [P_FN_CD2] => 
    [P_FN_NM] => 기업은행
    [P_AMT] => 3000
    [P_UNAME] => 최홍섭
    [P_RMESG1] => P_VACCT_NO=07503244397928|P_EXP_DT=20250829
    [P_RMESG2] => 
    [P_NOTI] => 
    [P_AUTH_NO] => 
)

 Array
(
    [PageCall time] => 14:58:02
    [P_TID] => INIMX_VBNKCAEcatca0720250819145454385853
    [P_MID] => CAEcatca07
    [P_AUTH_DT] => 20250819145802
    [P_STATUS] => 02
    [P_TYPE] => VBANK
    [P_OID] => 250819-022
    [P_FN_CD1] => 88
    [P_FN_CD2] => 
    [P_FN_NM] => 신한은행
    [P_AMT] => 3000
    [P_UNAME] => 김영호
    [P_RMESG1] => P_VACCT_NO=56211991798785|P_EXP_DT=20250829
    [P_RMESG2] => 
    [P_NOTI] => 
    [P_AUTH_NO] => 
)

 Array
(
    [PageCall time] => 15:48:56
    [P_TID] => INIMX_VBNKCAEcatca0720250819154619795152
    [P_MID] => CAEcatca07
    [P_AUTH_DT] => 20250819154856
    [P_STATUS] => 02
    [P_TYPE] => VBANK
    [P_OID] => 250819-023
    [P_FN_CD1] => 03
    [P_FN_CD2] => 
    [P_FN_NM] => 기업은행
    [P_AMT] => 3000
    [P_UNAME] => 맹주환
    [P_RMESG1] => P_VACCT_NO=07503245197550|P_EXP_DT=20250829
    [P_RMESG2] => 
    [P_NOTI] => 
    [P_AUTH_NO] => 
)

 Array
(
    [PageCall time] => 15:54:37
    [P_TID] => INIMX_VBNKCAEcatca0720250819155201655886
    [P_MID] => CAEcatca07
    [P_AUTH_DT] => 20250819155437
    [P_STATUS] => 02
    [P_TYPE] => VBANK
    [P_OID] => 250819-024
    [P_FN_CD1] => 31
    [P_FN_CD2] => 
    [P_FN_NM] => 아이엠뱅크(대구은행)
    [P_AMT] => 3000
    [P_UNAME] => 이재홍
    [P_RMESG1] => P_VACCT_NO=9600366510996|P_EXP_DT=20250829
    [P_RMESG2] => 
    [P_NOTI] => 
    [P_AUTH_NO] => 
)

 Array
(
    [PageCall time] => 16:29:33
    [P_TID] => INIMX_VBNKCAEcatca0720250819162603145837
    [P_MID] => CAEcatca07
    [P_AUTH_DT] => 20250819162933
    [P_STATUS] => 02
    [P_TYPE] => VBANK
    [P_OID] => 250819-027
    [P_FN_CD1] => 89
    [P_FN_CD2] => 
    [P_FN_NM] => 케이뱅크
    [P_AMT] => 3000
    [P_UNAME] => 박진희
    [P_RMESG1] => P_VACCT_NO=70112003202249|P_EXP_DT=20250829
    [P_RMESG2] => 
    [P_NOTI] => 
    [P_AUTH_NO] => 
)

 Array
(
    [PageCall time] => 16:36:28
    [P_TID] => INIMX_VBNKCAEcatca0720250819163347605762
    [P_MID] => CAEcatca07
    [P_AUTH_DT] => 20250819163628
    [P_STATUS] => 02
    [P_TYPE] => VBANK
    [P_OID] => 250819-030
    [P_FN_CD1] => 88
    [P_FN_CD2] => 
    [P_FN_NM] => 신한은행
    [P_AMT] => 3000
    [P_UNAME] => 천호영
    [P_RMESG1] => P_VACCT_NO=56211991809514|P_EXP_DT=20250829
    [P_RMESG2] => 
    [P_NOTI] => 
    [P_AUTH_NO] => 
)

 Array
(
    [PageCall time] => 16:48:40
    [P_TID] => INIMX_VBNKCAEcatca0720250819164810605064
    [P_MID] => CAEcatca07
    [P_AUTH_DT] => 20250819164840
    [P_STATUS] => 02
    [P_TYPE] => VBANK
    [P_OID] => 250819-031
    [P_FN_CD1] => 11
    [P_FN_CD2] => 
    [P_FN_NM] => NH농협은행
    [P_AMT] => 3000
    [P_UNAME] => 박민정
    [P_RMESG1] => P_VACCT_NO=79014407621047|P_EXP_DT=20250829
    [P_RMESG2] => 
    [P_NOTI] => 
    [P_AUTH_NO] => 
)

 Array
(
    [PageCall time] => 17:23:58
    [P_TID] => INIMX_VBNKCAEcatca0720250819172014145193
    [P_MID] => CAEcatca07
    [P_AUTH_DT] => 20250819172358
    [P_STATUS] => 02
    [P_TYPE] => VBANK
    [P_OID] => 250819-032
    [P_FN_CD1] => 88
    [P_FN_CD2] => 
    [P_FN_NM] => 신한은행
    [P_AMT] => 3000
    [P_UNAME] => 조은선
    [P_RMESG1] => P_VACCT_NO=56211991814037|P_EXP_DT=20250829
    [P_RMESG2] => 
    [P_NOTI] => 
    [P_AUTH_NO] => 
)

 Array
(
    [PageCall time] => 18:20:42
    [P_TID] => INIMX_VBNKCAEcatca0720250819181402115927
    [P_MID] => CAEcatca07
    [P_AUTH_DT] => 20250819182042
    [P_STATUS] => 02
    [P_TYPE] => VBANK
    [P_OID] => 250819-033
    [P_FN_CD1] => 32
    [P_FN_CD2] => 
    [P_FN_NM] => 부산은행
    [P_AMT] => 3000
    [P_UNAME] => 이단심
    [P_RMESG1] => P_VACCT_NO=109925260605|P_EXP_DT=20250829
    [P_RMESG2] => 
    [P_NOTI] => 
    [P_AUTH_NO] => 
)

 Array
(
    [PageCall time] => 19:17:34
    [P_TID] => INIMX_VBNKCAEcatca0720250819191711155608
    [P_MID] => CAEcatca07
    [P_AUTH_DT] => 20250819191734
    [P_STATUS] => 02
    [P_TYPE] => VBANK
    [P_OID] => 250819-035
    [P_FN_CD1] => 04
    [P_FN_CD2] => 
    [P_FN_NM] => KB국민은행
    [P_AMT] => 3000
    [P_UNAME] => 이재성
    [P_RMESG1] => P_VACCT_NO=80399078169272|P_EXP_DT=20250829
    [P_RMESG2] => 
    [P_NOTI] => 
    [P_AUTH_NO] => 
)

 Array
(
    [PageCall time] => 19:36:17
    [P_TID] => INIMX_VBNKCAEcatca0720250819193329465275
    [P_MID] => CAEcatca07
    [P_AUTH_DT] => 20250819193617
    [P_STATUS] => 02
    [P_TYPE] => VBANK
    [P_OID] => 250819-037
    [P_FN_CD1] => 11
    [P_FN_CD2] => 
    [P_FN_NM] => NH농협은행
    [P_AMT] => 3000
    [P_UNAME] => 나민수
    [P_RMESG1] => P_VACCT_NO=79014407638527|P_EXP_DT=20250829
    [P_RMESG2] => 
    [P_NOTI] => 
    [P_AUTH_NO] => 
)

 Array
(
    [PageCall time] => 20:56:07
    [P_TID] => INIMX_VBNKCAEcatca0720250819205519585309
    [P_MID] => CAEcatca07
    [P_AUTH_DT] => 20250819205607
    [P_STATUS] => 02
    [P_TYPE] => VBANK
    [P_OID] => 250819-038
    [P_FN_CD1] => 11
    [P_FN_CD2] => 
    [P_FN_NM] => NH농협은행
    [P_AMT] => 3000
    [P_UNAME] => 정정훈
    [P_RMESG1] => P_VACCT_NO=79014407646123|P_EXP_DT=20250829
    [P_RMESG2] => 
    [P_NOTI] => 
    [P_AUTH_NO] => 
)

 Array
(
    [PageCall time] => 21:10:31
    [P_TID] => INIMX_VBNKCAEcatca0720250819210917965572
    [P_MID] => CAEcatca07
    [P_AUTH_DT] => 20250819211031
    [P_STATUS] => 02
    [P_TYPE] => VBANK
    [P_OID] => 250819-039
    [P_FN_CD1] => 23
    [P_FN_CD2] => 
    [P_FN_NM] => SC은행
    [P_AMT] => 3000
    [P_UNAME] => 박현미
    [P_RMESG1] => P_VACCT_NO=46416006135964|P_EXP_DT=20250829
    [P_RMESG2] => 
    [P_NOTI] => 
    [P_AUTH_NO] => 
)

 Array
(
    [PageCall time] => 21:14:13
    [P_TID] => INIMX_VBNKCAEcatca0720250819211159985203
    [P_MID] => CAEcatca07
    [P_AUTH_DT] => 20250819211413
    [P_STATUS] => 02
    [P_TYPE] => VBANK
    [P_OID] => 250814-001
    [P_FN_CD1] => 04
    [P_FN_CD2] => 
    [P_FN_NM] => KB국민은행
    [P_AMT] => 3000
    [P_UNAME] => 김옥자
    [P_RMESG1] => P_VACCT_NO=80399078180402|P_EXP_DT=20250829
    [P_RMESG2] => 
    [P_NOTI] => 
    [P_AUTH_NO] => 
)

 Array
(
    [PageCall time] => 22:22:47
    [P_TID] => INIMX_VBNKCAEcatca0720250819222010145133
    [P_MID] => CAEcatca07
    [P_AUTH_DT] => 20250819222247
    [P_STATUS] => 02
    [P_TYPE] => VBANK
    [P_OID] => 250819-040
    [P_FN_CD1] => 03
    [P_FN_CD2] => 
    [P_FN_NM] => 기업은행
    [P_AMT] => 3000
    [P_UNAME] => 김민관
    [P_RMESG1] => P_VACCT_NO=07503247797895|P_EXP_DT=20250829
    [P_RMESG2] => 
    [P_NOTI] => 
    [P_AUTH_NO] => 
)

