 Array
(
    [PageCall time] => 10:08:56
    [P_TID] => INIMX_VBNKCAEcatca0720260322100735735493
    [P_MID] => CAEcatca07
    [P_AUTH_DT] => 20260322100856
    [P_STATUS] => 02
    [P_TYPE] => VBANK
    [P_OID] => 260322-003
    [P_FN_CD1] => 11
    [P_FN_CD2] => 
    [P_FN_NM] => NH농협은행
    [P_AMT] => 3500
    [P_UNAME] => 안소연
    [P_RMESG1] => P_VACCT_NO=79014408693821|P_EXP_DT=20260401
    [P_RMESG2] => 
    [P_NOTI] => 
    [P_AUTH_NO] => 
)

 Array
(
    [PageCall time] => 10:45:21
    [P_TID] => INIMX_VBNKCAEcatca0720260322104130895579
    [P_MID] => CAEcatca07
    [P_AUTH_DT] => 20260322104521
    [P_STATUS] => 02
    [P_TYPE] => VBANK
    [P_OID] => 260317-001
    [P_FN_CD1] => 81
    [P_FN_CD2] => 
    [P_FN_NM] => 하나은행
    [P_AMT] => 3500
    [P_UNAME] => 김춘영
    [P_RMESG1] => P_VACCT_NO=20893820617137|P_EXP_DT=20260401
    [P_RMESG2] => 
    [P_NOTI] => 
    [P_AUTH_NO] => 
)

 Array
(
    [PageCall time] => 11:14:11
    [P_TID] => INIMX_VBNKCAEcatca0720260322111117345777
    [P_MID] => CAEcatca07
    [P_AUTH_DT] => 20260322111411
    [P_STATUS] => 02
    [P_TYPE] => VBANK
    [P_OID] => 260322-004
    [P_FN_CD1] => 03
    [P_FN_CD2] => 
    [P_FN_NM] => 기업은행
    [P_AMT] => 3500
    [P_UNAME] => 박근완
    [P_RMESG1] => P_VACCT_NO=07500652997609|P_EXP_DT=20260401
    [P_RMESG2] => 
    [P_NOTI] => 
    [P_AUTH_NO] => 
)

 Array
(
    [PageCall time] => 12:09:17
    [P_TID] => INIMX_VBNKCAEcatca0720260322120642905523
    [P_MID] => CAEcatca07
    [P_AUTH_DT] => 20260322120916
    [P_STATUS] => 02
    [P_TYPE] => VBANK
    [P_OID] => 260322-005
    [P_FN_CD1] => 89
    [P_FN_CD2] => 
    [P_FN_NM] => 케이뱅크
    [P_AMT] => 3500
    [P_UNAME] => 유은영
    [P_RMESG1] => P_VACCT_NO=70112003812568|P_EXP_DT=20260401
    [P_RMESG2] => 
    [P_NOTI] => 
    [P_AUTH_NO] => 
)

 Array
(
    [PageCall time] => 13:20:41
    [P_TID] => INIMX_VBNKCAEcatca0720260322131723965219
    [P_MID] => CAEcatca07
    [P_AUTH_DT] => 20260322132041
    [P_STATUS] => 02
    [P_TYPE] => VBANK
    [P_OID] => 260322-006
    [P_FN_CD1] => 03
    [P_FN_CD2] => 
    [P_FN_NM] => 기업은행
    [P_AMT] => 3500
    [P_UNAME] => 전성?c
    [P_RMESG1] => P_VACCT_NO=07500653497432|P_EXP_DT=20260401
    [P_RMESG2] => 
    [P_NOTI] => 
    [P_AUTH_NO] => 
)

 Array
(
    [PageCall time] => 13:52:07
    [P_TID] => INIMX_VBNKCAEcatca0720260322134857535980
    [P_MID] => CAEcatca07
    [P_AUTH_DT] => 20260322135207
    [P_STATUS] => 02
    [P_TYPE] => VBANK
    [P_OID] => 260322-007
    [P_FN_CD1] => 81
    [P_FN_CD2] => 
    [P_FN_NM] => 하나은행
    [P_AMT] => 3500
    [P_UNAME] => 윤미화
    [P_RMESG1] => P_VACCT_NO=20893821020937|P_EXP_DT=20260401
    [P_RMESG2] => 
    [P_NOTI] => 
    [P_AUTH_NO] => 
)

 Array
(
    [PageCall time] => 19:19:56
    [P_TID] => INIMX_VBNKCAEcatca0720260322191614675732
    [P_MID] => CAEcatca07
    [P_AUTH_DT] => 20260322191956
    [P_STATUS] => 02
    [P_TYPE] => VBANK
    [P_OID] => 260322-008
    [P_FN_CD1] => 20
    [P_FN_CD2] => 
    [P_FN_NM] => 우리은행
    [P_AMT] => 3500
    [P_UNAME] => 최광명
    [P_RMESG1] => P_VACCT_NO=32823400418193|P_EXP_DT=20260401
    [P_RMESG2] => 
    [P_NOTI] => 
    [P_AUTH_NO] => 
)

 Array
(
    [PageCall time] => 20:27:25
    [P_TID] => INIMX_VBNKCAEcatca0720260322202445185382
    [P_MID] => CAEcatca07
    [P_AUTH_DT] => 20260322202725
    [P_STATUS] => 02
    [P_TYPE] => VBANK
    [P_OID] => 260322-010
    [P_FN_CD1] => 88
    [P_FN_CD2] => 
    [P_FN_NM] => 신한은행
    [P_AMT] => 3500
    [P_UNAME] => 이병란
    [P_RMESG1] => P_VACCT_NO=56211105745161|P_EXP_DT=20260401
    [P_RMESG2] => 
    [P_NOTI] => 
    [P_AUTH_NO] => 
)

 Array
(
    [PageCall time] => 23:05:49
    [P_TID] => INIMX_VBNKCAEcatca0720260322230314105168
    [P_MID] => CAEcatca07
    [P_AUTH_DT] => 20260322230549
    [P_STATUS] => 02
    [P_TYPE] => VBANK
    [P_OID] => 260322-012
    [P_FN_CD1] => 20
    [P_FN_CD2] => 
    [P_FN_NM] => 우리은행
    [P_AMT] => 3500
    [P_UNAME] => 진설희
    [P_RMESG1] => P_VACCT_NO=32823405318474|P_EXP_DT=20260401
    [P_RMESG2] => 
    [P_NOTI] => 
    [P_AUTH_NO] => 
)

