 Array
(
    [PageCall time] => 01:33:29
    [P_TID] => INIMX_VBNKCAEcatca0720250826013051874626
    [P_MID] => CAEcatca07
    [P_AUTH_DT] => 20250826013329
    [P_STATUS] => 02
    [P_TYPE] => VBANK
    [P_OID] => 250826-001
    [P_FN_CD1] => 03
    [P_FN_CD2] => 
    [P_FN_NM] => 기업은행
    [P_AMT] => 3000
    [P_UNAME] => 이선아
    [P_RMESG1] => P_VACCT_NO=07500442697181|P_EXP_DT=20250905
    [P_RMESG2] => 
    [P_NOTI] => 
    [P_AUTH_NO] => 
)

 Array
(
    [PageCall time] => 08:45:25
    [P_TID] => INIMX_VBNKCAEcatca0720250826084447264507
    [P_MID] => CAEcatca07
    [P_AUTH_DT] => 20250826084525
    [P_STATUS] => 02
    [P_TYPE] => VBANK
    [P_OID] => 250826-003
    [P_FN_CD1] => 11
    [P_FN_CD2] => 
    [P_FN_NM] => NH농협은행
    [P_AMT] => 3000
    [P_UNAME] => 김여울
    [P_RMESG1] => P_VACCT_NO=79005476102531|P_EXP_DT=20250905
    [P_RMESG2] => 
    [P_NOTI] => 
    [P_AUTH_NO] => 
)

 Array
(
    [PageCall time] => 09:12:23
    [P_TID] => INIMX_VBNKCAEcatca0720250826091134415189
    [P_MID] => CAEcatca07
    [P_AUTH_DT] => 20250826091223
    [P_STATUS] => 02
    [P_TYPE] => VBANK
    [P_OID] => 250823-007
    [P_FN_CD1] => 11
    [P_FN_CD2] => 
    [P_FN_NM] => NH농협은행
    [P_AMT] => 3000
    [P_UNAME] => 김성수
    [P_RMESG1] => P_VACCT_NO=79014408309953|P_EXP_DT=20250905
    [P_RMESG2] => 
    [P_NOTI] => 
    [P_AUTH_NO] => 
)

 Array
(
    [PageCall time] => 10:11:23
    [P_TID] => INIMX_VBNKCAEcatca0720250826100607135262
    [P_MID] => CAEcatca07
    [P_AUTH_DT] => 20250826101123
    [P_STATUS] => 02
    [P_TYPE] => VBANK
    [P_OID] => 250826-007
    [P_FN_CD1] => 20
    [P_FN_CD2] => 
    [P_FN_NM] => 우리은행
    [P_AMT] => 3000
    [P_UNAME] => 현영미
    [P_RMESG1] => P_VACCT_NO=27488624918096|P_EXP_DT=20250905
    [P_RMESG2] => 
    [P_NOTI] => 
    [P_AUTH_NO] => 
)

 Array
(
    [PageCall time] => 10:22:21
    [P_TID] => INIMX_VBNKCAEcatca0720250826102108175211
    [P_MID] => CAEcatca07
    [P_AUTH_DT] => 20250826102221
    [P_STATUS] => 02
    [P_TYPE] => VBANK
    [P_OID] => 250826-008
    [P_FN_CD1] => 04
    [P_FN_CD2] => 
    [P_FN_NM] => KB국민은행
    [P_AMT] => 3000
    [P_UNAME] => 유경진
    [P_RMESG1] => P_VACCT_NO=26159078358445|P_EXP_DT=20250905
    [P_RMESG2] => 
    [P_NOTI] => 
    [P_AUTH_NO] => 
)

 Array
(
    [PageCall time] => 10:41:45
    [P_TID] => INIMX_VBNKCAEcatca0720250826104041815841
    [P_MID] => CAEcatca07
    [P_AUTH_DT] => 20250826104145
    [P_STATUS] => 02
    [P_TYPE] => VBANK
    [P_OID] => 250826-009
    [P_FN_CD1] => 04
    [P_FN_CD2] => 
    [P_FN_NM] => KB국민은행
    [P_AMT] => 3000
    [P_UNAME] => 김인숙
    [P_RMESG1] => P_VACCT_NO=26029078795139|P_EXP_DT=20250905
    [P_RMESG2] => 
    [P_NOTI] => 
    [P_AUTH_NO] => 
)

 Array
(
    [PageCall time] => 10:54:33
    [P_TID] => INIMX_VBNKCAEcatca0720250826105141345092
    [P_MID] => CAEcatca07
    [P_AUTH_DT] => 20250826105433
    [P_STATUS] => 02
    [P_TYPE] => VBANK
    [P_OID] => 250826-012
    [P_FN_CD1] => 32
    [P_FN_CD2] => 
    [P_FN_NM] => 부산은행
    [P_AMT] => 3000
    [P_UNAME] => 남유리
    [P_RMESG1] => P_VACCT_NO=109925335769|P_EXP_DT=20250905
    [P_RMESG2] => 
    [P_NOTI] => 
    [P_AUTH_NO] => 
)

 Array
(
    [PageCall time] => 11:00:26
    [P_TID] => INIMX_VBNKCAEcatca0720250826105438555830
    [P_MID] => CAEcatca07
    [P_AUTH_DT] => 20250826110026
    [P_STATUS] => 02
    [P_TYPE] => VBANK
    [P_OID] => 250826-011
    [P_FN_CD1] => 11
    [P_FN_CD2] => 
    [P_FN_NM] => NH농협은행
    [P_AMT] => 3000
    [P_UNAME] => 최강수
    [P_RMESG1] => P_VACCT_NO=79014408327372|P_EXP_DT=20250905
    [P_RMESG2] => 
    [P_NOTI] => 
    [P_AUTH_NO] => 
)

 Array
(
    [PageCall time] => 12:33:28
    [P_TID] => INIMX_VBNKCAEcatca0720250826123052155527
    [P_MID] => CAEcatca07
    [P_AUTH_DT] => 20250826123328
    [P_STATUS] => 02
    [P_TYPE] => VBANK
    [P_OID] => 250826-016
    [P_FN_CD1] => 03
    [P_FN_CD2] => 
    [P_FN_NM] => 기업은행
    [P_AMT] => 3000
    [P_UNAME] => 조민재
    [P_RMESG1] => P_VACCT_NO=07503304097331|P_EXP_DT=20250905
    [P_RMESG2] => 
    [P_NOTI] => 
    [P_AUTH_NO] => 
)

 Array
(
    [PageCall time] => 13:36:59
    [P_TID] => INIMX_VBNKCAEcatca0720250826133616135950
    [P_MID] => CAEcatca07
    [P_AUTH_DT] => 20250826133659
    [P_STATUS] => 02
    [P_TYPE] => VBANK
    [P_OID] => 250826-019
    [P_FN_CD1] => 04
    [P_FN_CD2] => 
    [P_FN_NM] => KB국민은행
    [P_AMT] => 3000
    [P_UNAME] => 김성희
    [P_RMESG1] => P_VACCT_NO=26119078284476|P_EXP_DT=20250905
    [P_RMESG2] => 
    [P_NOTI] => 
    [P_AUTH_NO] => 
)

 Array
(
    [PageCall time] => 13:42:20
    [P_TID] => INIMX_VBNKCAEcatca0720250826133829155525
    [P_MID] => CAEcatca07
    [P_AUTH_DT] => 20250826134220
    [P_STATUS] => 02
    [P_TYPE] => VBANK
    [P_OID] => 250826-002
    [P_FN_CD1] => 81
    [P_FN_CD2] => 
    [P_FN_NM] => 하나은행
    [P_AMT] => 3000
    [P_UNAME] => 주정현
    [P_RMESG1] => P_VACCT_NO=20894030245537|P_EXP_DT=20250905
    [P_RMESG2] => 
    [P_NOTI] => 
    [P_AUTH_NO] => 
)

 Array
(
    [PageCall time] => 13:50:00
    [P_TID] => INIMX_VBNKCAEcatca0720250826133829155525
    [P_MID] => CAEcatca07
    [P_AUTH_DT] => 20250826134220
    [P_STATUS] => 02
    [P_TYPE] => VBANK
    [P_OID] => 250826-002
    [P_FN_CD1] => 81
    [P_FN_CD2] => 
    [P_FN_NM] => 하나은행
    [P_AMT] => 3000
    [P_UNAME] => 주정현
    [P_RMESG1] => P_VACCT_NO=20894030245537|P_EXP_DT=20250905
    [P_RMESG2] => 
    [P_NOTI] => 
    [P_AUTH_NO] => 
)

 Array
(
    [PageCall time] => 14:18:21
    [P_TID] => INIMX_VBNKCAEcatca0720250826141749715494
    [P_MID] => CAEcatca07
    [P_AUTH_DT] => 20250826141821
    [P_STATUS] => 02
    [P_TYPE] => VBANK
    [P_OID] => 250826-021
    [P_FN_CD1] => 04
    [P_FN_CD2] => 
    [P_FN_NM] => KB국민은행
    [P_AMT] => 3000
    [P_UNAME] => 이송희
    [P_RMESG1] => P_VACCT_NO=26119078319932|P_EXP_DT=20250905
    [P_RMESG2] => 
    [P_NOTI] => 
    [P_AUTH_NO] => 
)

 Array
(
    [PageCall time] => 14:19:38
    [P_TID] => INIMX_VBNKCAEcatca0720250826141707235602
    [P_MID] => CAEcatca07
    [P_AUTH_DT] => 20250826141938
    [P_STATUS] => 02
    [P_TYPE] => VBANK
    [P_OID] => 250826-020
    [P_FN_CD1] => 03
    [P_FN_CD2] => 
    [P_FN_NM] => 기업은행
    [P_AMT] => 3000
    [P_UNAME] => 백희재
    [P_RMESG1] => P_VACCT_NO=07503304897799|P_EXP_DT=20250905
    [P_RMESG2] => 
    [P_NOTI] => 
    [P_AUTH_NO] => 
)

 Array
(
    [PageCall time] => 14:29:08
    [P_TID] => INIMX_VBNKCAEcatca0720250826142413315312
    [P_MID] => CAEcatca07
    [P_AUTH_DT] => 20250826142908
    [P_STATUS] => 02
    [P_TYPE] => VBANK
    [P_OID] => 250826-023
    [P_FN_CD1] => 88
    [P_FN_CD2] => 
    [P_FN_NM] => 신한은행
    [P_AMT] => 3000
    [P_UNAME] => 최경헌
    [P_RMESG1] => P_VACCT_NO=56211992270139|P_EXP_DT=20250905
    [P_RMESG2] => 
    [P_NOTI] => 
    [P_AUTH_NO] => 
)

 Array
(
    [PageCall time] => 14:29:15
    [P_TID] => INIMX_VBNKCAEcatca0720250826142835875678
    [P_MID] => CAEcatca07
    [P_AUTH_DT] => 20250826142915
    [P_STATUS] => 02
    [P_TYPE] => VBANK
    [P_OID] => 250826-022
    [P_FN_CD1] => 11
    [P_FN_CD2] => 
    [P_FN_NM] => NH농협은행
    [P_AMT] => 3000
    [P_UNAME] => 편희진
    [P_RMESG1] => P_VACCT_NO=79014408345349|P_EXP_DT=20250905
    [P_RMESG2] => 
    [P_NOTI] => 
    [P_AUTH_NO] => 
)

 Array
(
    [PageCall time] => 14:38:05
    [P_TID] => INIMX_VBNKCAEcatca0720250826143119915789
    [P_MID] => CAEcatca07
    [P_AUTH_DT] => 20250826143805
    [P_STATUS] => 02
    [P_TYPE] => VBANK
    [P_OID] => 250826-013
    [P_FN_CD1] => 20
    [P_FN_CD2] => 
    [P_FN_NM] => 우리은행
    [P_AMT] => 3000
    [P_UNAME] => 손성은
    [P_RMESG1] => P_VACCT_NO=27488634618891|P_EXP_DT=20250905
    [P_RMESG2] => 
    [P_NOTI] => 
    [P_AUTH_NO] => 
)

 Array
(
    [PageCall time] => 15:04:48
    [P_TID] => INIMX_VBNKCAEcatca0720250826150322745058
    [P_MID] => CAEcatca07
    [P_AUTH_DT] => 20250826150448
    [P_STATUS] => 02
    [P_TYPE] => VBANK
    [P_OID] => 250826-026
    [P_FN_CD1] => 11
    [P_FN_CD2] => 
    [P_FN_NM] => NH농협은행
    [P_AMT] => 3000
    [P_UNAME] => 최승호
    [P_RMESG1] => P_VACCT_NO=79014408347115|P_EXP_DT=20250905
    [P_RMESG2] => 
    [P_NOTI] => 
    [P_AUTH_NO] => 
)

 Array
(
    [PageCall time] => 15:38:45
    [P_TID] => INIMX_VBNKCAEcatca0720250826153710145683
    [P_MID] => CAEcatca07
    [P_AUTH_DT] => 20250826153845
    [P_STATUS] => 02
    [P_TYPE] => VBANK
    [P_OID] => 250825-051
    [P_FN_CD1] => 04
    [P_FN_CD2] => 
    [P_FN_NM] => KB국민은행
    [P_AMT] => 3000
    [P_UNAME] => 이정화
    [P_RMESG1] => P_VACCT_NO=26119078338308|P_EXP_DT=20250905
    [P_RMESG2] => 
    [P_NOTI] => 
    [P_AUTH_NO] => 
)

 Array
(
    [PageCall time] => 16:07:14
    [P_TID] => INIMX_VBNKCAEcatca0720250826160417505347
    [P_MID] => CAEcatca07
    [P_AUTH_DT] => 20250826160714
    [P_STATUS] => 02
    [P_TYPE] => VBANK
    [P_OID] => 250826-028
    [P_FN_CD1] => 20
    [P_FN_CD2] => 
    [P_FN_NM] => 우리은행
    [P_AMT] => 3000
    [P_UNAME] => 남영신
    [P_RMESG1] => P_VACCT_NO=27488637918209|P_EXP_DT=20250905
    [P_RMESG2] => 
    [P_NOTI] => 
    [P_AUTH_NO] => 
)

 Array
(
    [PageCall time] => 16:28:20
    [P_TID] => INIMX_VBNKCAEcatca0720250826162721345295
    [P_MID] => CAEcatca07
    [P_AUTH_DT] => 20250826162820
    [P_STATUS] => 02
    [P_TYPE] => VBANK
    [P_OID] => 250826-024
    [P_FN_CD1] => 11
    [P_FN_CD2] => 
    [P_FN_NM] => NH농협은행
    [P_AMT] => 3000
    [P_UNAME] => 정종원
    [P_RMESG1] => P_VACCT_NO=79014408355835|P_EXP_DT=20250905
    [P_RMESG2] => 
    [P_NOTI] => 
    [P_AUTH_NO] => 
)

 Array
(
    [PageCall time] => 16:36:51
    [P_TID] => INIMX_VBNKCAEcatca0720250826163338945037
    [P_MID] => CAEcatca07
    [P_AUTH_DT] => 20250826163651
    [P_STATUS] => 02
    [P_TYPE] => VBANK
    [P_OID] => 250826-030
    [P_FN_CD1] => 32
    [P_FN_CD2] => 
    [P_FN_NM] => 부산은행
    [P_AMT] => 3000
    [P_UNAME] => 표혜영
    [P_RMESG1] => P_VACCT_NO=109925398663|P_EXP_DT=20250905
    [P_RMESG2] => 
    [P_NOTI] => 
    [P_AUTH_NO] => 
)

 Array
(
    [PageCall time] => 16:45:17
    [P_TID] => INIMX_VBNKCAEcatca0720250826164443855434
    [P_MID] => CAEcatca07
    [P_AUTH_DT] => 20250826164517
    [P_STATUS] => 02
    [P_TYPE] => VBANK
    [P_OID] => 250825-039
    [P_FN_CD1] => 04
    [P_FN_CD2] => 
    [P_FN_NM] => KB국민은행
    [P_AMT] => 3000
    [P_UNAME] => 홍희은
    [P_RMESG1] => P_VACCT_NO=80399078537655|P_EXP_DT=20250905
    [P_RMESG2] => 
    [P_NOTI] => 
    [P_AUTH_NO] => 
)

 Array
(
    [PageCall time] => 17:39:15
    [P_TID] => INIMX_VBNKCAEcatca0720250826173132315105
    [P_MID] => CAEcatca07
    [P_AUTH_DT] => 20250826173915
    [P_STATUS] => 02
    [P_TYPE] => VBANK
    [P_OID] => 250826-015
    [P_FN_CD1] => 04
    [P_FN_CD2] => 
    [P_FN_NM] => KB국민은행
    [P_AMT] => 3000
    [P_UNAME] => 김명숙
    [P_RMESG1] => P_VACCT_NO=80399078546268|P_EXP_DT=20250905
    [P_RMESG2] => 
    [P_NOTI] => 
    [P_AUTH_NO] => 
)

 Array
(
    [PageCall time] => 18:47:12
    [P_TID] => INIMX_VBNKCAEcatca0720250826184633285272
    [P_MID] => CAEcatca07
    [P_AUTH_DT] => 20250826184712
    [P_STATUS] => 02
    [P_TYPE] => VBANK
    [P_OID] => 250826-036
    [P_FN_CD1] => 04
    [P_FN_CD2] => 
    [P_FN_NM] => KB국민은행
    [P_AMT] => 3000
    [P_UNAME] => 황혜원
    [P_RMESG1] => P_VACCT_NO=80399078556823|P_EXP_DT=20250905
    [P_RMESG2] => 
    [P_NOTI] => 
    [P_AUTH_NO] => 
)

 Array
(
    [PageCall time] => 20:19:34
    [P_TID] => INIMX_VBNKCAEcatca0720250826201515235869
    [P_MID] => CAEcatca07
    [P_AUTH_DT] => 20250826201934
    [P_STATUS] => 02
    [P_TYPE] => VBANK
    [P_OID] => 250826-037
    [P_FN_CD1] => 88
    [P_FN_CD2] => 
    [P_FN_NM] => 신한은행
    [P_AMT] => 3000
    [P_UNAME] => 박정미
    [P_RMESG1] => P_VACCT_NO=56211992300652|P_EXP_DT=20250905
    [P_RMESG2] => 
    [P_NOTI] => 
    [P_AUTH_NO] => 
)

 Array
(
    [PageCall time] => 20:48:21
    [P_TID] => INIMX_VBNKCAEcatca0720250826204745335091
    [P_MID] => CAEcatca07
    [P_AUTH_DT] => 20250826204821
    [P_STATUS] => 02
    [P_TYPE] => VBANK
    [P_OID] => 250826-039
    [P_FN_CD1] => 04
    [P_FN_CD2] => 
    [P_FN_NM] => KB국민은행
    [P_AMT] => 3000
    [P_UNAME] => 배영화
    [P_RMESG1] => P_VACCT_NO=80399078576337|P_EXP_DT=20250905
    [P_RMESG2] => 
    [P_NOTI] => 
    [P_AUTH_NO] => 
)

