 Array
(
    [PageCall time] => 10:48:04
    [P_TID] => INIMX_VBNKCAEcatca0720251102104426755553
    [P_MID] => CAEcatca07
    [P_AUTH_DT] => 20251102104804
    [P_STATUS] => 02
    [P_TYPE] => VBANK
    [P_OID] => 251102-002
    [P_FN_CD1] => 03
    [P_FN_CD2] => 
    [P_FN_NM] => 기업은행
    [P_AMT] => 3000
    [P_UNAME] => 정성희
    [P_RMESG1] => P_VACCT_NO=07503301297589|P_EXP_DT=20251112
    [P_RMESG2] => 
    [P_NOTI] => 
    [P_AUTH_NO] => 
)

 Array
(
    [PageCall time] => 14:14:40
    [P_TID] => INIMX_VBNKCAEcatca0720251102141159705717
    [P_MID] => CAEcatca07
    [P_AUTH_DT] => 20251102141440
    [P_STATUS] => 02
    [P_TYPE] => VBANK
    [P_OID] => 251102-005
    [P_FN_CD1] => 81
    [P_FN_CD2] => 
    [P_FN_NM] => 하나은행
    [P_AMT] => 3000
    [P_UNAME] => 윤지선
    [P_RMESG1] => P_VACCT_NO=20893945745137|P_EXP_DT=20251112
    [P_RMESG2] => 
    [P_NOTI] => 
    [P_AUTH_NO] => 
)

 Array
(
    [PageCall time] => 14:18:16
    [P_TID] => INIMX_VBNKCAEcatca0720251102141733505459
    [P_MID] => CAEcatca07
    [P_AUTH_DT] => 20251102141816
    [P_STATUS] => 02
    [P_TYPE] => VBANK
    [P_OID] => 251102-006
    [P_FN_CD1] => 11
    [P_FN_CD2] => 
    [P_FN_NM] => NH농협은행
    [P_AMT] => 3000
    [P_UNAME] => 정명선
    [P_RMESG1] => P_VACCT_NO=79015900479260|P_EXP_DT=20251112
    [P_RMESG2] => 
    [P_NOTI] => 
    [P_AUTH_NO] => 
)

 Array
(
    [PageCall time] => 14:30:19
    [P_TID] => INIMX_VBNKCAEcatca0720251102142657545663
    [P_MID] => CAEcatca07
    [P_AUTH_DT] => 20251102143019
    [P_STATUS] => 02
    [P_TYPE] => VBANK
    [P_OID] => 251102-007
    [P_FN_CD1] => 88
    [P_FN_CD2] => 
    [P_FN_NM] => 신한은행
    [P_AMT] => 3000
    [P_UNAME] => 배연자
    [P_RMESG1] => P_VACCT_NO=56211104782457|P_EXP_DT=20251112
    [P_RMESG2] => 
    [P_NOTI] => 
    [P_AUTH_NO] => 
)

 Array
(
    [PageCall time] => 14:42:47
    [P_TID] => INIMX_VBNKCAEcatca0720251102144014925914
    [P_MID] => CAEcatca07
    [P_AUTH_DT] => 20251102144247
    [P_STATUS] => 02
    [P_TYPE] => VBANK
    [P_OID] => 251102-008
    [P_FN_CD1] => 04
    [P_FN_CD2] => 
    [P_FN_NM] => KB국민은행
    [P_AMT] => 3000
    [P_UNAME] => 김문용
    [P_RMESG1] => P_VACCT_NO=87679011324702|P_EXP_DT=20251112
    [P_RMESG2] => 
    [P_NOTI] => 
    [P_AUTH_NO] => 
)

 Array
(
    [PageCall time] => 14:46:51
    [P_TID] => INIMX_VBNKCAEcatca0720251102144323845182
    [P_MID] => CAEcatca07
    [P_AUTH_DT] => 20251102144651
    [P_STATUS] => 02
    [P_TYPE] => VBANK
    [P_OID] => 251102-004
    [P_FN_CD1] => 88
    [P_FN_CD2] => 
    [P_FN_NM] => 신한은행
    [P_AMT] => 3000
    [P_UNAME] => 김병준
    [P_RMESG1] => P_VACCT_NO=56211104783036|P_EXP_DT=20251112
    [P_RMESG2] => 
    [P_NOTI] => 
    [P_AUTH_NO] => 
)

 Array
(
    [PageCall time] => 14:58:10
    [P_TID] => INIMX_VBNKCAEcatca0720251102145509715078
    [P_MID] => CAEcatca07
    [P_AUTH_DT] => 20251102145810
    [P_STATUS] => 02
    [P_TYPE] => VBANK
    [P_OID] => 251101-009
    [P_FN_CD1] => 88
    [P_FN_CD2] => 
    [P_FN_NM] => 신한은행
    [P_AMT] => 3000
    [P_UNAME] => 박희승
    [P_RMESG1] => P_VACCT_NO=56211104783572|P_EXP_DT=20251112
    [P_RMESG2] => 
    [P_NOTI] => 
    [P_AUTH_NO] => 
)

 Array
(
    [PageCall time] => 16:18:58
    [P_TID] => INIMX_VBNKCAEcatca0720251102161620985029
    [P_MID] => CAEcatca07
    [P_AUTH_DT] => 20251102161858
    [P_STATUS] => 02
    [P_TYPE] => VBANK
    [P_OID] => 251102-009
    [P_FN_CD1] => 04
    [P_FN_CD2] => 
    [P_FN_NM] => KB국민은행
    [P_AMT] => 3000
    [P_UNAME] => 이도원
    [P_RMESG1] => P_VACCT_NO=87679011421841|P_EXP_DT=20251112
    [P_RMESG2] => 
    [P_NOTI] => 
    [P_AUTH_NO] => 
)

 Array
(
    [PageCall time] => 17:27:15
    [P_TID] => INIMX_VBNKCAEcatca0720251102172414555846
    [P_MID] => CAEcatca07
    [P_AUTH_DT] => 20251102172715
    [P_STATUS] => 02
    [P_TYPE] => VBANK
    [P_OID] => 251102-011
    [P_FN_CD1] => 89
    [P_FN_CD2] => 
    [P_FN_NM] => 케이뱅크
    [P_AMT] => 3000
    [P_UNAME] => 유병욱
    [P_RMESG1] => P_VACCT_NO=70112003744186|P_EXP_DT=20251112
    [P_RMESG2] => 
    [P_NOTI] => 
    [P_AUTH_NO] => 
)

 Array
(
    [PageCall time] => 18:09:04
    [P_TID] => INIMX_VBNKCAEcatca0720251102180617885912
    [P_MID] => CAEcatca07
    [P_AUTH_DT] => 20251102180904
    [P_STATUS] => 02
    [P_TYPE] => VBANK
    [P_OID] => 251102-013
    [P_FN_CD1] => 04
    [P_FN_CD2] => 
    [P_FN_NM] => KB국민은행
    [P_AMT] => 3000
    [P_UNAME] => 조옥화
    [P_RMESG1] => P_VACCT_NO=87679011895495|P_EXP_DT=20251112
    [P_RMESG2] => 
    [P_NOTI] => 
    [P_AUTH_NO] => 
)

 Array
(
    [PageCall time] => 18:17:47
    [P_TID] => INIMX_VBNKCAEcatca0720251102181456415379
    [P_MID] => CAEcatca07
    [P_AUTH_DT] => 20251102181747
    [P_STATUS] => 02
    [P_TYPE] => VBANK
    [P_OID] => 251102-014
    [P_FN_CD1] => 04
    [P_FN_CD2] => 
    [P_FN_NM] => KB국민은행
    [P_AMT] => 3000
    [P_UNAME] => 유한조
    [P_RMESG1] => P_VACCT_NO=87679011896447|P_EXP_DT=20251112
    [P_RMESG2] => 
    [P_NOTI] => 
    [P_AUTH_NO] => 
)

 Array
(
    [PageCall time] => 18:31:21
    [P_TID] => INIMX_VBNKCAEcatca0720251102182632795334
    [P_MID] => CAEcatca07
    [P_AUTH_DT] => 20251102183121
    [P_STATUS] => 02
    [P_TYPE] => VBANK
    [P_OID] => 251102-015
    [P_FN_CD1] => 03
    [P_FN_CD2] => 
    [P_FN_NM] => 기업은행
    [P_AMT] => 3000
    [P_UNAME] => 이병하
    [P_RMESG1] => P_VACCT_NO=07503303497791|P_EXP_DT=20251112
    [P_RMESG2] => 
    [P_NOTI] => 
    [P_AUTH_NO] => 
)

 Array
(
    [PageCall time] => 18:57:11
    [P_TID] => INIMX_VBNKCAEcatca0720251102185409355890
    [P_MID] => CAEcatca07
    [P_AUTH_DT] => 20251102185711
    [P_STATUS] => 02
    [P_TYPE] => VBANK
    [P_OID] => 251102-016
    [P_FN_CD1] => 88
    [P_FN_CD2] => 
    [P_FN_NM] => 신한은행
    [P_AMT] => 3000
    [P_UNAME] => 박을용
    [P_RMESG1] => P_VACCT_NO=56211104794585|P_EXP_DT=20251112
    [P_RMESG2] => 
    [P_NOTI] => 
    [P_AUTH_NO] => 
)

 Array
(
    [PageCall time] => 19:12:01
    [P_TID] => INIMX_VBNKCAEcatca0720251102190855875945
    [P_MID] => CAEcatca07
    [P_AUTH_DT] => 20251102191201
    [P_STATUS] => 02
    [P_TYPE] => VBANK
    [P_OID] => 251031-030
    [P_FN_CD1] => 81
    [P_FN_CD2] => 
    [P_FN_NM] => 하나은행
    [P_AMT] => 3000
    [P_UNAME] => 정하은
    [P_RMESG1] => P_VACCT_NO=20893946509537|P_EXP_DT=20251112
    [P_RMESG2] => 
    [P_NOTI] => 
    [P_AUTH_NO] => 
)

 Array
(
    [PageCall time] => 19:34:08
    [P_TID] => INIMX_VBNKCAEcatca0720251102193134985627
    [P_MID] => CAEcatca07
    [P_AUTH_DT] => 20251102193408
    [P_STATUS] => 02
    [P_TYPE] => VBANK
    [P_OID] => 251102-017
    [P_FN_CD1] => 04
    [P_FN_CD2] => 
    [P_FN_NM] => KB국민은행
    [P_AMT] => 3000
    [P_UNAME] => 김연희
    [P_RMESG1] => P_VACCT_NO=87839011678667|P_EXP_DT=20251112
    [P_RMESG2] => 
    [P_NOTI] => 
    [P_AUTH_NO] => 
)

 Array
(
    [PageCall time] => 19:51:34
    [P_TID] => INIMX_VBNKCAEcatca0720251102194908335873
    [P_MID] => CAEcatca07
    [P_AUTH_DT] => 20251102195134
    [P_STATUS] => 02
    [P_TYPE] => VBANK
    [P_OID] => 251102-019
    [P_FN_CD1] => 88
    [P_FN_CD2] => 
    [P_FN_NM] => 신한은행
    [P_AMT] => 3000
    [P_UNAME] => 이혜리
    [P_RMESG1] => P_VACCT_NO=56211104797032|P_EXP_DT=20251112
    [P_RMESG2] => 
    [P_NOTI] => 
    [P_AUTH_NO] => 
)

 Array
(
    [PageCall time] => 19:58:23
    [P_TID] => INIMX_VBNKCAEcatca0720251102195520815698
    [P_MID] => CAEcatca07
    [P_AUTH_DT] => 20251102195823
    [P_STATUS] => 02
    [P_TYPE] => VBANK
    [P_OID] => 251102-018
    [P_FN_CD1] => 39
    [P_FN_CD2] => 
    [P_FN_NM] => 경남은행
    [P_AMT] => 3000
    [P_UNAME] => 박은경
    [P_RMESG1] => P_VACCT_NO=573193281854|P_EXP_DT=20251112
    [P_RMESG2] => 
    [P_NOTI] => 
    [P_AUTH_NO] => 
)

 Array
(
    [PageCall time] => 21:16:03
    [P_TID] => INIMX_VBNKCAEcatca0720251102211325805628
    [P_MID] => CAEcatca07
    [P_AUTH_DT] => 20251102211603
    [P_STATUS] => 02
    [P_TYPE] => VBANK
    [P_OID] => 251102-021
    [P_FN_CD1] => 88
    [P_FN_CD2] => 
    [P_FN_NM] => 신한은행
    [P_AMT] => 3000
    [P_UNAME] => 박선화
    [P_RMESG1] => P_VACCT_NO=56211104801224|P_EXP_DT=20251112
    [P_RMESG2] => 
    [P_NOTI] => 
    [P_AUTH_NO] => 
)

 Array
(
    [PageCall time] => 21:22:43
    [P_TID] => INIMX_VBNKCAEcatca0720251102211955335777
    [P_MID] => CAEcatca07
    [P_AUTH_DT] => 20251102212243
    [P_STATUS] => 02
    [P_TYPE] => VBANK
    [P_OID] => 251102-022
    [P_FN_CD1] => 04
    [P_FN_CD2] => 
    [P_FN_NM] => KB국민은행
    [P_AMT] => 3000
    [P_UNAME] => 김영미
    [P_RMESG1] => P_VACCT_NO=88069011892437|P_EXP_DT=20251112
    [P_RMESG2] => 
    [P_NOTI] => 
    [P_AUTH_NO] => 
)

 Array
(
    [PageCall time] => 21:41:59
    [P_TID] => INIMX_VBNKCAEcatca0720251102213907175224
    [P_MID] => CAEcatca07
    [P_AUTH_DT] => 20251102214159
    [P_STATUS] => 02
    [P_TYPE] => VBANK
    [P_OID] => 251102-023
    [P_FN_CD1] => 20
    [P_FN_CD2] => 
    [P_FN_NM] => 우리은행
    [P_AMT] => 3000
    [P_UNAME] => 김민정
    [P_RMESG1] => P_VACCT_NO=27763094018239|P_EXP_DT=20251112
    [P_RMESG2] => 
    [P_NOTI] => 
    [P_AUTH_NO] => 
)

 Array
(
    [PageCall time] => 22:36:11
    [P_TID] => INIMX_VBNKCAEcatca0720251102223507505187
    [P_MID] => CAEcatca07
    [P_AUTH_DT] => 20251102223611
    [P_STATUS] => 02
    [P_TYPE] => VBANK
    [P_OID] => 251102-024
    [P_FN_CD1] => 11
    [P_FN_CD2] => 
    [P_FN_NM] => NH농협은행
    [P_AMT] => 3000
    [P_UNAME] => 김선화
    [P_RMESG1] => P_VACCT_NO=79015900524987|P_EXP_DT=20251112
    [P_RMESG2] => 
    [P_NOTI] => 
    [P_AUTH_NO] => 
)

