 Array
(
    [PageCall time] => 10:20:49
    [P_TID] => INIMX_VBNKCAEcatca0720250629101747595233
    [P_MID] => CAEcatca07
    [P_AUTH_DT] => 20250629102049
    [P_STATUS] => 02
    [P_TYPE] => VBANK
    [P_OID] => 250629-002
    [P_FN_CD1] => 88
    [P_FN_CD2] => 
    [P_FN_NM] => 신한은행
    [P_AMT] => 3000
    [P_UNAME] => 손민식
    [P_RMESG1] => P_VACCT_NO=56211105657670|P_EXP_DT=20250709
    [P_RMESG2] => 
    [P_NOTI] => 
    [P_AUTH_NO] => 
)

 Array
(
    [PageCall time] => 10:26:11
    [P_TID] => INIMX_VBNKCAEcatca0720250629102536845654
    [P_MID] => CAEcatca07
    [P_AUTH_DT] => 20250629102611
    [P_STATUS] => 02
    [P_TYPE] => VBANK
    [P_OID] => 250629-003
    [P_FN_CD1] => 04
    [P_FN_CD2] => 
    [P_FN_NM] => KB국민은행
    [P_AMT] => 3000
    [P_UNAME] => 서정우
    [P_RMESG1] => P_VACCT_NO=88069011460777|P_EXP_DT=20250709
    [P_RMESG2] => 
    [P_NOTI] => 
    [P_AUTH_NO] => 
)

 Array
(
    [PageCall time] => 12:03:43
    [P_TID] => INIMX_VBNKCAEcatca0720250628200510375614
    [P_MID] => CAEcatca07
    [P_AUTH_DT] => 20250629120343
    [P_STATUS] => 02
    [P_TYPE] => VBANK
    [P_OID] => 250627-016
    [P_FN_CD1] => 04
    [P_FN_CD2] => 
    [P_FN_NM] => KB국민은행
    [P_AMT] => 3000
    [P_UNAME] => 최경호
    [P_RMESG1] => P_VACCT_NO=26119078897094|P_EXP_DT=20250708
    [P_RMESG2] => 
    [P_NOTI] => 
    [P_AUTH_NO] => 
)

 Array
(
    [PageCall time] => 14:48:22
    [P_TID] => INIMX_VBNKCAEcatca0720250629144505905804
    [P_MID] => CAEcatca07
    [P_AUTH_DT] => 20250629144822
    [P_STATUS] => 02
    [P_TYPE] => VBANK
    [P_OID] => 250629-007
    [P_FN_CD1] => 20
    [P_FN_CD2] => 
    [P_FN_NM] => 우리은행
    [P_AMT] => 3000
    [P_UNAME] => 조윤미
    [P_RMESG1] => P_VACCT_NO=27763134618117|P_EXP_DT=20250709
    [P_RMESG2] => 
    [P_NOTI] => 
    [P_AUTH_NO] => 
)

 Array
(
    [PageCall time] => 15:15:28
    [P_TID] => INIMX_VBNKCAEcatca0720250629151441455163
    [P_MID] => CAEcatca07
    [P_AUTH_DT] => 20250629151528
    [P_STATUS] => 02
    [P_TYPE] => VBANK
    [P_OID] => 250629-008
    [P_FN_CD1] => 04
    [P_FN_CD2] => 
    [P_FN_NM] => KB국민은행
    [P_AMT] => 3000
    [P_UNAME] => 이혜영
    [P_RMESG1] => P_VACCT_NO=26159078071700|P_EXP_DT=20250709
    [P_RMESG2] => 
    [P_NOTI] => 
    [P_AUTH_NO] => 
)

 Array
(
    [PageCall time] => 15:44:54
    [P_TID] => INIMX_VBNKCAEcatca0720250629154115165250
    [P_MID] => CAEcatca07
    [P_AUTH_DT] => 20250629154454
    [P_STATUS] => 02
    [P_TYPE] => VBANK
    [P_OID] => 250629-009
    [P_FN_CD1] => 88
    [P_FN_CD2] => 
    [P_FN_NM] => 신한은행
    [P_AMT] => 3000
    [P_UNAME] => 이형분
    [P_RMESG1] => P_VACCT_NO=56211105672470|P_EXP_DT=20250709
    [P_RMESG2] => 
    [P_NOTI] => 
    [P_AUTH_NO] => 
)

 Array
(
    [PageCall time] => 15:49:07
    [P_TID] => INIMX_VBNKCAEcatca0720250629154801235693
    [P_MID] => CAEcatca07
    [P_AUTH_DT] => 20250629154907
    [P_STATUS] => 02
    [P_TYPE] => VBANK
    [P_OID] => 250625-029
    [P_FN_CD1] => 04
    [P_FN_CD2] => 
    [P_FN_NM] => KB국민은행
    [P_AMT] => 3000
    [P_UNAME] => 인서현
    [P_RMESG1] => P_VACCT_NO=26159078165890|P_EXP_DT=20250709
    [P_RMESG2] => 
    [P_NOTI] => 
    [P_AUTH_NO] => 
)

 Array
(
    [PageCall time] => 17:18:12
    [P_TID] => INIMX_VBNKCAEcatca0720250629171619735801
    [P_MID] => CAEcatca07
    [P_AUTH_DT] => 20250629171812
    [P_STATUS] => 02
    [P_TYPE] => VBANK
    [P_OID] => 250629-010
    [P_FN_CD1] => 11
    [P_FN_CD2] => 
    [P_FN_NM] => NH농협은행
    [P_AMT] => 3000
    [P_UNAME] => 서종원
    [P_RMESG1] => P_VACCT_NO=79010591316939|P_EXP_DT=20250709
    [P_RMESG2] => 
    [P_NOTI] => 
    [P_AUTH_NO] => 
)

 Array
(
    [PageCall time] => 17:34:18
    [P_TID] => INIMX_VBNKCAEcatca0720250629173349125079
    [P_MID] => CAEcatca07
    [P_AUTH_DT] => 20250629173418
    [P_STATUS] => 02
    [P_TYPE] => VBANK
    [P_OID] => 250629-011
    [P_FN_CD1] => 11
    [P_FN_CD2] => 
    [P_FN_NM] => NH농협은행
    [P_AMT] => 3000
    [P_UNAME] => 홍수정
    [P_RMESG1] => P_VACCT_NO=79010591319278|P_EXP_DT=20250709
    [P_RMESG2] => 
    [P_NOTI] => 
    [P_AUTH_NO] => 
)

 Array
(
    [PageCall time] => 18:38:54
    [P_TID] => INIMX_VBNKCAEcatca0720250629183621495784
    [P_MID] => CAEcatca07
    [P_AUTH_DT] => 20250629183854
    [P_STATUS] => 02
    [P_TYPE] => VBANK
    [P_OID] => 250629-013
    [P_FN_CD1] => 03
    [P_FN_CD2] => 
    [P_FN_NM] => 기업은행
    [P_AMT] => 3000
    [P_UNAME] => 김지우
    [P_RMESG1] => P_VACCT_NO=07500530497591|P_EXP_DT=20250709
    [P_RMESG2] => 
    [P_NOTI] => 
    [P_AUTH_NO] => 
)

 Array
(
    [PageCall time] => 18:53:52
    [P_TID] => INIMX_VBNKCAEcatca0720250629185318985741
    [P_MID] => CAEcatca07
    [P_AUTH_DT] => 20250629185352
    [P_STATUS] => 02
    [P_TYPE] => VBANK
    [P_OID] => 250629-012
    [P_FN_CD1] => 04
    [P_FN_CD2] => 
    [P_FN_NM] => KB국민은행
    [P_AMT] => 3000
    [P_UNAME] => 오혜진
    [P_RMESG1] => P_VACCT_NO=26159078415537|P_EXP_DT=20250709
    [P_RMESG2] => 
    [P_NOTI] => 
    [P_AUTH_NO] => 
)

 Array
(
    [PageCall time] => 18:58:56
    [P_TID] => INIMX_VBNKCAEcatca0720250629185601235149
    [P_MID] => CAEcatca07
    [P_AUTH_DT] => 20250629185856
    [P_STATUS] => 02
    [P_TYPE] => VBANK
    [P_OID] => 250629-014
    [P_FN_CD1] => 88
    [P_FN_CD2] => 
    [P_FN_NM] => 신한은행
    [P_AMT] => 3000
    [P_UNAME] => 구자선
    [P_RMESG1] => P_VACCT_NO=56211105680592|P_EXP_DT=20250709
    [P_RMESG2] => 
    [P_NOTI] => 
    [P_AUTH_NO] => 
)

 Array
(
    [PageCall time] => 19:54:46
    [P_TID] => INIMX_VBNKCAEcatca0720250629195328165107
    [P_MID] => CAEcatca07
    [P_AUTH_DT] => 20250629195446
    [P_STATUS] => 02
    [P_TYPE] => VBANK
    [P_OID] => 250624-029
    [P_FN_CD1] => 04
    [P_FN_CD2] => 
    [P_FN_NM] => KB국민은행
    [P_AMT] => 3000
    [P_UNAME] => 이윤미
    [P_RMESG1] => P_VACCT_NO=26159078483477|P_EXP_DT=20250709
    [P_RMESG2] => 
    [P_NOTI] => 
    [P_AUTH_NO] => 
)

 Array
(
    [PageCall time] => 20:32:02
    [P_TID] => INIMX_VBNKCAEcatca0720250629202908915739
    [P_MID] => CAEcatca07
    [P_AUTH_DT] => 20250629203202
    [P_STATUS] => 02
    [P_TYPE] => VBANK
    [P_OID] => 250629-015
    [P_FN_CD1] => 81
    [P_FN_CD2] => 
    [P_FN_NM] => 하나은행
    [P_AMT] => 3000
    [P_UNAME] => 최준혁
    [P_RMESG1] => P_VACCT_NO=20894342161437|P_EXP_DT=20250709
    [P_RMESG2] => 
    [P_NOTI] => 
    [P_AUTH_NO] => 
)

