 Array
(
    [PageCall time] => 08:57:20
    [P_TID] => INIMX_VBNKCAEcatca0720250401085310935820
    [P_MID] => CAEcatca07
    [P_AUTH_DT] => 20250401085720
    [P_STATUS] => 02
    [P_TYPE] => VBANK
    [P_OID] => 250401-002
    [P_FN_CD1] => 32
    [P_FN_CD2] => 
    [P_FN_NM] => 부산은행
    [P_AMT] => 3000
    [P_UNAME] => 이기섭
    [P_RMESG1] => P_VACCT_NO=109924422995|P_EXP_DT=20250411
    [P_RMESG2] => 
    [P_NOTI] => 
    [P_AUTH_NO] => 
)

 Array
(
    [PageCall time] => 09:23:19
    [P_TID] => INIMX_VBNKCAEcatca0720250401092020995316
    [P_MID] => CAEcatca07
    [P_AUTH_DT] => 20250401092319
    [P_STATUS] => 02
    [P_TYPE] => VBANK
    [P_OID] => 250401-003
    [P_FN_CD1] => 81
    [P_FN_CD2] => 
    [P_FN_NM] => 하나은행
    [P_AMT] => 3000
    [P_UNAME] => 김보라
    [P_RMESG1] => P_VACCT_NO=20894307929137|P_EXP_DT=20250411
    [P_RMESG2] => 
    [P_NOTI] => 
    [P_AUTH_NO] => 
)

 Array
(
    [PageCall time] => 10:07:38
    [P_TID] => INIMX_VBNKCAEcatca0720250401100658405487
    [P_MID] => CAEcatca07
    [P_AUTH_DT] => 20250401100738
    [P_STATUS] => 02
    [P_TYPE] => VBANK
    [P_OID] => 250401-006
    [P_FN_CD1] => 32
    [P_FN_CD2] => 
    [P_FN_NM] => 부산은행
    [P_AMT] => 3000
    [P_UNAME] => 이가영
    [P_RMESG1] => P_VACCT_NO=109924423138|P_EXP_DT=20250411
    [P_RMESG2] => 
    [P_NOTI] => 
    [P_AUTH_NO] => 
)

 Array
(
    [PageCall time] => 10:15:05
    [P_TID] => INIMX_VBNKCAEcatca0720250401101408575620
    [P_MID] => CAEcatca07
    [P_AUTH_DT] => 20250401101505
    [P_STATUS] => 02
    [P_TYPE] => VBANK
    [P_OID] => 250401-007
    [P_FN_CD1] => 11
    [P_FN_CD2] => 
    [P_FN_NM] => NH농협은행
    [P_AMT] => 3000
    [P_UNAME] => 김경숙
    [P_RMESG1] => P_VACCT_NO=79014509266623|P_EXP_DT=20250411
    [P_RMESG2] => 
    [P_NOTI] => 
    [P_AUTH_NO] => 
)

 Array
(
    [PageCall time] => 10:43:02
    [P_TID] => INIMX_VBNKCAEcatca0720250401104042405857
    [P_MID] => CAEcatca07
    [P_AUTH_DT] => 20250401104302
    [P_STATUS] => 02
    [P_TYPE] => VBANK
    [P_OID] => 250401-008
    [P_FN_CD1] => 11
    [P_FN_CD2] => 
    [P_FN_NM] => NH농협은행
    [P_AMT] => 3000
    [P_UNAME] => 육근현
    [P_RMESG1] => P_VACCT_NO=79014509269121|P_EXP_DT=20250411
    [P_RMESG2] => 
    [P_NOTI] => 
    [P_AUTH_NO] => 
)

 Array
(
    [PageCall time] => 11:16:40
    [P_TID] => INIMX_VBNKCAEcatca0720250401111340645452
    [P_MID] => CAEcatca07
    [P_AUTH_DT] => 20250401111640
    [P_STATUS] => 02
    [P_TYPE] => VBANK
    [P_OID] => 250401-010
    [P_FN_CD1] => 81
    [P_FN_CD2] => 
    [P_FN_NM] => 하나은행
    [P_AMT] => 3000
    [P_UNAME] => 이지훈
    [P_RMESG1] => P_VACCT_NO=20894309623637|P_EXP_DT=20250411
    [P_RMESG2] => 
    [P_NOTI] => 
    [P_AUTH_NO] => 
)

 Array
(
    [PageCall time] => 12:50:13
    [P_TID] => INIMX_VBNKCAEcatca0720250401124600825194
    [P_MID] => CAEcatca07
    [P_AUTH_DT] => 20250401125013
    [P_STATUS] => 02
    [P_TYPE] => VBANK
    [P_OID] => 250401-011
    [P_FN_CD1] => 89
    [P_FN_CD2] => 
    [P_FN_NM] => 케이뱅크
    [P_AMT] => 3000
    [P_UNAME] => 명지원
    [P_RMESG1] => P_VACCT_NO=70112003228718|P_EXP_DT=20250411
    [P_RMESG2] => 
    [P_NOTI] => 
    [P_AUTH_NO] => 
)

 Array
(
    [PageCall time] => 12:53:55
    [P_TID] => INIMX_VBNKCAEcatca0720250401125054575582
    [P_MID] => CAEcatca07
    [P_AUTH_DT] => 20250401125355
    [P_STATUS] => 02
    [P_TYPE] => VBANK
    [P_OID] => 250401-012
    [P_FN_CD1] => 88
    [P_FN_CD2] => 
    [P_FN_NM] => 신한은행
    [P_AMT] => 3000
    [P_UNAME] => 황은철
    [P_RMESG1] => P_VACCT_NO=56211992011182|P_EXP_DT=20250411
    [P_RMESG2] => 
    [P_NOTI] => 
    [P_AUTH_NO] => 
)

 Array
(
    [PageCall time] => 13:14:12
    [P_TID] => INIMX_VBNKCAEcatca0720250401131250925436
    [P_MID] => CAEcatca07
    [P_AUTH_DT] => 20250401131412
    [P_STATUS] => 02
    [P_TYPE] => VBANK
    [P_OID] => 250401-013
    [P_FN_CD1] => 11
    [P_FN_CD2] => 
    [P_FN_NM] => NH농협은행
    [P_AMT] => 3000
    [P_UNAME] => 김민호
    [P_RMESG1] => P_VACCT_NO=79014509287328|P_EXP_DT=20250411
    [P_RMESG2] => 
    [P_NOTI] => 
    [P_AUTH_NO] => 
)

 Array
(
    [PageCall time] => 14:36:59
    [P_TID] => INIMX_VBNKCAEcatca0720250401143338145532
    [P_MID] => CAEcatca07
    [P_AUTH_DT] => 20250401143659
    [P_STATUS] => 02
    [P_TYPE] => VBANK
    [P_OID] => 250401-016
    [P_FN_CD1] => 81
    [P_FN_CD2] => 
    [P_FN_NM] => 하나은행
    [P_AMT] => 3000
    [P_UNAME] => 유범수
    [P_RMESG1] => P_VACCT_NO=20894310412837|P_EXP_DT=20250411
    [P_RMESG2] => 
    [P_NOTI] => 
    [P_AUTH_NO] => 
)

 Array
(
    [PageCall time] => 15:11:25
    [P_TID] => INIMX_VBNKCAEcatca0720250401151033515261
    [P_MID] => CAEcatca07
    [P_AUTH_DT] => 20250401151125
    [P_STATUS] => 02
    [P_TYPE] => VBANK
    [P_OID] => 250401-017
    [P_FN_CD1] => 04
    [P_FN_CD2] => 
    [P_FN_NM] => KB국민은행
    [P_AMT] => 3000
    [P_UNAME] => 김덕수
    [P_RMESG1] => P_VACCT_NO=26159078264706|P_EXP_DT=20250411
    [P_RMESG2] => 
    [P_NOTI] => 
    [P_AUTH_NO] => 
)

 Array
(
    [PageCall time] => 15:28:57
    [P_TID] => INIMX_VBNKCAEcatca0720250401152715645444
    [P_MID] => CAEcatca07
    [P_AUTH_DT] => 20250401152857
    [P_STATUS] => 02
    [P_TYPE] => VBANK
    [P_OID] => 250401-018
    [P_FN_CD1] => 04
    [P_FN_CD2] => 
    [P_FN_NM] => KB국민은행
    [P_AMT] => 3000
    [P_UNAME] => 이원정
    [P_RMESG1] => P_VACCT_NO=26159078271258|P_EXP_DT=20250411
    [P_RMESG2] => 
    [P_NOTI] => 
    [P_AUTH_NO] => 
)

 Array
(
    [PageCall time] => 15:48:55
    [P_TID] => INIMX_VBNKCAEcatca0720250401154811625986
    [P_MID] => CAEcatca07
    [P_AUTH_DT] => 20250401154855
    [P_STATUS] => 02
    [P_TYPE] => VBANK
    [P_OID] => 250401-019
    [P_FN_CD1] => 11
    [P_FN_CD2] => 
    [P_FN_NM] => NH농협은행
    [P_AMT] => 3000
    [P_UNAME] => 백수빈
    [P_RMESG1] => P_VACCT_NO=79014509301672|P_EXP_DT=20250411
    [P_RMESG2] => 
    [P_NOTI] => 
    [P_AUTH_NO] => 
)

 Array
(
    [PageCall time] => 16:16:35
    [P_TID] => INIMX_VBNKCAEcatca0720250401161552325308
    [P_MID] => CAEcatca07
    [P_AUTH_DT] => 20250401161635
    [P_STATUS] => 02
    [P_TYPE] => VBANK
    [P_OID] => 250401-020
    [P_FN_CD1] => 04
    [P_FN_CD2] => 
    [P_FN_NM] => KB국민은행
    [P_AMT] => 3000
    [P_UNAME] => 김성순
    [P_RMESG1] => P_VACCT_NO=26159078288461|P_EXP_DT=20250411
    [P_RMESG2] => 
    [P_NOTI] => 
    [P_AUTH_NO] => 
)

 Array
(
    [PageCall time] => 16:36:15
    [P_TID] => INIMX_VBNKCAEcatca0720250401163143815868
    [P_MID] => CAEcatca07
    [P_AUTH_DT] => 20250401163615
    [P_STATUS] => 02
    [P_TYPE] => VBANK
    [P_OID] => 250401-022
    [P_FN_CD1] => 88
    [P_FN_CD2] => 
    [P_FN_NM] => 신한은행
    [P_AMT] => 3000
    [P_UNAME] => 이혜림
    [P_RMESG1] => P_VACCT_NO=56211992027432|P_EXP_DT=20250411
    [P_RMESG2] => 
    [P_NOTI] => 
    [P_AUTH_NO] => 
)

 Array
(
    [PageCall time] => 16:41:56
    [P_TID] => INIMX_VBNKCAEcatca0720250401164107445649
    [P_MID] => CAEcatca07
    [P_AUTH_DT] => 20250401164156
    [P_STATUS] => 02
    [P_TYPE] => VBANK
    [P_OID] => 250401-023
    [P_FN_CD1] => 11
    [P_FN_CD2] => 
    [P_FN_NM] => NH농협은행
    [P_AMT] => 3000
    [P_UNAME] => 백재진
    [P_RMESG1] => P_VACCT_NO=79014509307042|P_EXP_DT=20250411
    [P_RMESG2] => 
    [P_NOTI] => 
    [P_AUTH_NO] => 
)

 Array
(
    [PageCall time] => 16:52:45
    [P_TID] => INIMX_VBNKCAEcatca0720250401164550885263
    [P_MID] => CAEcatca07
    [P_AUTH_DT] => 20250401165245
    [P_STATUS] => 02
    [P_TYPE] => VBANK
    [P_OID] => 250401-005
    [P_FN_CD1] => 04
    [P_FN_CD2] => 
    [P_FN_NM] => KB국민은행
    [P_AMT] => 3000
    [P_UNAME] => 이동섭
    [P_RMESG1] => P_VACCT_NO=26159078297438|P_EXP_DT=20250411
    [P_RMESG2] => 
    [P_NOTI] => 
    [P_AUTH_NO] => 
)

 Array
(
    [PageCall time] => 17:01:59
    [P_TID] => INIMX_VBNKCAEcatca0720250401165913605255
    [P_MID] => CAEcatca07
    [P_AUTH_DT] => 20250401170159
    [P_STATUS] => 02
    [P_TYPE] => VBANK
    [P_OID] => 250319-029
    [P_FN_CD1] => 03
    [P_FN_CD2] => 
    [P_FN_NM] => 기업은행
    [P_AMT] => 3000
    [P_UNAME] => 이태연
    [P_RMESG1] => P_VACCT_NO=07503184697835|P_EXP_DT=20250411
    [P_RMESG2] => 
    [P_NOTI] => 
    [P_AUTH_NO] => 
)

 Array
(
    [PageCall time] => 17:19:53
    [P_TID] => INIMX_VBNKCAEcatca0720250401171911295993
    [P_MID] => CAEcatca07
    [P_AUTH_DT] => 20250401171953
    [P_STATUS] => 02
    [P_TYPE] => VBANK
    [P_OID] => 250401-025
    [P_FN_CD1] => 11
    [P_FN_CD2] => 
    [P_FN_NM] => NH농협은행
    [P_AMT] => 3000
    [P_UNAME] => 김형우
    [P_RMESG1] => P_VACCT_NO=79014509311914|P_EXP_DT=20250411
    [P_RMESG2] => 
    [P_NOTI] => 
    [P_AUTH_NO] => 
)

 Array
(
    [PageCall time] => 18:02:39
    [P_TID] => INIMX_VBNKCAEcatca0720250401175512705683
    [P_MID] => CAEcatca07
    [P_AUTH_DT] => 20250401180239
    [P_STATUS] => 02
    [P_TYPE] => VBANK
    [P_OID] => 250401-026
    [P_FN_CD1] => 20
    [P_FN_CD2] => 
    [P_FN_NM] => 우리은행
    [P_AMT] => 3000
    [P_UNAME] => 김채순
    [P_RMESG1] => P_VACCT_NO=27388616218420|P_EXP_DT=20250411
    [P_RMESG2] => 
    [P_NOTI] => 
    [P_AUTH_NO] => 
)

 Array
(
    [PageCall time] => 18:24:55
    [P_TID] => INIMX_VBNKCAEcatca0720250401182414535725
    [P_MID] => CAEcatca07
    [P_AUTH_DT] => 20250401182455
    [P_STATUS] => 02
    [P_TYPE] => VBANK
    [P_OID] => 250331-038
    [P_FN_CD1] => 04
    [P_FN_CD2] => 
    [P_FN_NM] => KB국민은행
    [P_AMT] => 3000
    [P_UNAME] => 김혜진
    [P_RMESG1] => P_VACCT_NO=26159078324662|P_EXP_DT=20250411
    [P_RMESG2] => 
    [P_NOTI] => 
    [P_AUTH_NO] => 
)

 Array
(
    [PageCall time] => 19:30:10
    [P_TID] => INIMX_VBNKCAEcatca0720250401192729925280
    [P_MID] => CAEcatca07
    [P_AUTH_DT] => 20250401193010
    [P_STATUS] => 02
    [P_TYPE] => VBANK
    [P_OID] => 250401-027
    [P_FN_CD1] => 20
    [P_FN_CD2] => 
    [P_FN_NM] => 우리은행
    [P_AMT] => 3000
    [P_UNAME] => 이요
    [P_RMESG1] => P_VACCT_NO=27388620218479|P_EXP_DT=20250411
    [P_RMESG2] => 
    [P_NOTI] => 
    [P_AUTH_NO] => 
)

 Array
(
    [PageCall time] => 20:04:00
    [P_TID] => INIMX_VBNKCAEcatca0720250401200248545956
    [P_MID] => CAEcatca07
    [P_AUTH_DT] => 20250401200400
    [P_STATUS] => 02
    [P_TYPE] => VBANK
    [P_OID] => 250401-028
    [P_FN_CD1] => 71
    [P_FN_CD2] => 
    [P_FN_NM] => 우체국
    [P_AMT] => 3000
    [P_UNAME] => 성동환
    [P_RMESG1] => P_VACCT_NO=01397981943047|P_EXP_DT=20250411
    [P_RMESG2] => 
    [P_NOTI] => 
    [P_AUTH_NO] => 
)

 Array
(
    [PageCall time] => 22:02:32
    [P_TID] => INIMX_VBNKCAEcatca0720250401215956515678
    [P_MID] => CAEcatca07
    [P_AUTH_DT] => 20250401220232
    [P_STATUS] => 02
    [P_TYPE] => VBANK
    [P_OID] => 250401-030
    [P_FN_CD1] => 04
    [P_FN_CD2] => 
    [P_FN_NM] => KB국민은행
    [P_AMT] => 3000
    [P_UNAME] => 김서영
    [P_RMESG1] => P_VACCT_NO=26159078370052|P_EXP_DT=20250411
    [P_RMESG2] => 
    [P_NOTI] => 
    [P_AUTH_NO] => 
)

 Array
(
    [PageCall time] => 22:03:53
    [P_TID] => INIMX_VBNKCAEcatca0720250401220015845806
    [P_MID] => CAEcatca07
    [P_AUTH_DT] => 20250401220353
    [P_STATUS] => 02
    [P_TYPE] => VBANK
    [P_OID] => 250401-031
    [P_FN_CD1] => 88
    [P_FN_CD2] => 
    [P_FN_NM] => 신한은행
    [P_AMT] => 3000
    [P_UNAME] => 김미용
    [P_RMESG1] => P_VACCT_NO=56211992045029|P_EXP_DT=20250411
    [P_RMESG2] => 
    [P_NOTI] => 
    [P_AUTH_NO] => 
)

