 Array
(
    [PageCall time] => 08:01:16
    [P_TID] => INIMX_VBNKCAEcatca0720251124075847714894
    [P_MID] => CAEcatca07
    [P_AUTH_DT] => 20251124080116
    [P_STATUS] => 02
    [P_TYPE] => VBANK
    [P_OID] => 251123-006
    [P_FN_CD1] => 04
    [P_FN_CD2] => 
    [P_FN_NM] => KB국민은행
    [P_AMT] => 3000
    [P_UNAME] => 성민석
    [P_RMESG1] => P_VACCT_NO=99289014005995|P_EXP_DT=20251204
    [P_RMESG2] => 
    [P_NOTI] => 
    [P_AUTH_NO] => 
)

 Array
(
    [PageCall time] => 08:39:58
    [P_TID] => INIMX_VBNKCAEcatca0720251124083706284781
    [P_MID] => CAEcatca07
    [P_AUTH_DT] => 20251124083958
    [P_STATUS] => 02
    [P_TYPE] => VBANK
    [P_OID] => 251121-025
    [P_FN_CD1] => 04
    [P_FN_CD2] => 
    [P_FN_NM] => KB국민은행
    [P_AMT] => 3000
    [P_UNAME] => 박난령
    [P_RMESG1] => P_VACCT_NO=99289014012038|P_EXP_DT=20251204
    [P_RMESG2] => 
    [P_NOTI] => 
    [P_AUTH_NO] => 
)

 Array
(
    [PageCall time] => 09:36:15
    [P_TID] => INIMX_VBNKCAEcatca0720251124092716764698
    [P_MID] => CAEcatca07
    [P_AUTH_DT] => 20251124093615
    [P_STATUS] => 02
    [P_TYPE] => VBANK
    [P_OID] => 251124-002
    [P_FN_CD1] => 32
    [P_FN_CD2] => 
    [P_FN_NM] => 부산은행
    [P_AMT] => 3000
    [P_UNAME] => 김수언
    [P_RMESG1] => P_VACCT_NO=109921023885|P_EXP_DT=20251204
    [P_RMESG2] => 
    [P_NOTI] => 
    [P_AUTH_NO] => 
)

 Array
(
    [PageCall time] => 10:03:40
    [P_TID] => INIMX_VBNKCAEcatca0720251124095815784353
    [P_MID] => CAEcatca07
    [P_AUTH_DT] => 20251124100340
    [P_STATUS] => 02
    [P_TYPE] => VBANK
    [P_OID] => 251124-003
    [P_FN_CD1] => 89
    [P_FN_CD2] => 
    [P_FN_NM] => 케이뱅크
    [P_AMT] => 3000
    [P_UNAME] => 김석원
    [P_RMESG1] => P_VACCT_NO=70112000046230|P_EXP_DT=20251204
    [P_RMESG2] => 
    [P_NOTI] => 
    [P_AUTH_NO] => 
)

 Array
(
    [PageCall time] => 10:09:50
    [P_TID] => INIMX_VBNKCAEcatca0720251124100450974295
    [P_MID] => CAEcatca07
    [P_AUTH_DT] => 20251124100950
    [P_STATUS] => 02
    [P_TYPE] => VBANK
    [P_OID] => 251124-004
    [P_FN_CD1] => 03
    [P_FN_CD2] => 
    [P_FN_NM] => 기업은행
    [P_AMT] => 3000
    [P_UNAME] => 박현희
    [P_RMESG1] => P_VACCT_NO=07500517697626|P_EXP_DT=20251204
    [P_RMESG2] => 
    [P_NOTI] => 
    [P_AUTH_NO] => 
)

 Array
(
    [PageCall time] => 10:15:03
    [P_TID] => INIMX_VBNKCAEcatca0720251124101159884342
    [P_MID] => CAEcatca07
    [P_AUTH_DT] => 20251124101503
    [P_STATUS] => 02
    [P_TYPE] => VBANK
    [P_OID] => 251124-005
    [P_FN_CD1] => 04
    [P_FN_CD2] => 
    [P_FN_NM] => KB국민은행
    [P_AMT] => 3000
    [P_UNAME] => 윤찬우
    [P_RMESG1] => P_VACCT_NO=99289014062666|P_EXP_DT=20251204
    [P_RMESG2] => 
    [P_NOTI] => 
    [P_AUTH_NO] => 
)

 Array
(
    [PageCall time] => 10:22:23
    [P_TID] => INIMX_VBNKCAEcatca0720251124101905684707
    [P_MID] => CAEcatca07
    [P_AUTH_DT] => 20251124102223
    [P_STATUS] => 02
    [P_TYPE] => VBANK
    [P_OID] => 251121-028
    [P_FN_CD1] => 04
    [P_FN_CD2] => 
    [P_FN_NM] => KB국민은행
    [P_AMT] => 3000
    [P_UNAME] => 최병현
    [P_RMESG1] => P_VACCT_NO=99289014063902|P_EXP_DT=20251204
    [P_RMESG2] => 
    [P_NOTI] => 
    [P_AUTH_NO] => 
)

 Array
(
    [PageCall time] => 10:39:28
    [P_TID] => INIMX_VBNKCAEcatca0720251124103634275541
    [P_MID] => CAEcatca07
    [P_AUTH_DT] => 20251124103928
    [P_STATUS] => 02
    [P_TYPE] => VBANK
    [P_OID] => 251124-007
    [P_FN_CD1] => 03
    [P_FN_CD2] => 
    [P_FN_NM] => 기업은행
    [P_AMT] => 3000
    [P_UNAME] => 김소현
    [P_RMESG1] => P_VACCT_NO=07503252397144|P_EXP_DT=20251204
    [P_RMESG2] => 
    [P_NOTI] => 
    [P_AUTH_NO] => 
)

 Array
(
    [PageCall time] => 11:40:19
    [P_TID] => INIMX_VBNKCAEcatca0720251124113752214323
    [P_MID] => CAEcatca07
    [P_AUTH_DT] => 20251124114019
    [P_STATUS] => 02
    [P_TYPE] => VBANK
    [P_OID] => 251124-015
    [P_FN_CD1] => 04
    [P_FN_CD2] => 
    [P_FN_NM] => KB국민은행
    [P_AMT] => 3000
    [P_UNAME] => 유나희
    [P_RMESG1] => P_VACCT_NO=99289014088789|P_EXP_DT=20251204
    [P_RMESG2] => 
    [P_NOTI] => 
    [P_AUTH_NO] => 
)

 Array
(
    [PageCall time] => 11:48:27
    [P_TID] => INIMX_VBNKCAEcatca0720251124114706534321
    [P_MID] => CAEcatca07
    [P_AUTH_DT] => 20251124114827
    [P_STATUS] => 02
    [P_TYPE] => VBANK
    [P_OID] => 251124-010
    [P_FN_CD1] => 11
    [P_FN_CD2] => 
    [P_FN_NM] => NH농협은행
    [P_AMT] => 3000
    [P_UNAME] => 고영주
    [P_RMESG1] => P_VACCT_NO=79006421071751|P_EXP_DT=20251204
    [P_RMESG2] => 
    [P_NOTI] => 
    [P_AUTH_NO] => 
)

 Array
(
    [PageCall time] => 11:51:11
    [P_TID] => INIMX_VBNKCAEcatca0720251124114647765143
    [P_MID] => CAEcatca07
    [P_AUTH_DT] => 20251124115111
    [P_STATUS] => 02
    [P_TYPE] => VBANK
    [P_OID] => 251124-016
    [P_FN_CD1] => 88
    [P_FN_CD2] => 
    [P_FN_NM] => 신한은행
    [P_AMT] => 3000
    [P_UNAME] => 유도현
    [P_RMESG1] => P_VACCT_NO=56211106251965|P_EXP_DT=20251204
    [P_RMESG2] => 
    [P_NOTI] => 
    [P_AUTH_NO] => 
)

 Array
(
    [PageCall time] => 12:30:00
    [P_TID] => INIMX_VBNKCAEcatca0720251124122519745636
    [P_MID] => CAEcatca07
    [P_AUTH_DT] => 20251124122959
    [P_STATUS] => 02
    [P_TYPE] => VBANK
    [P_OID] => 251124-017
    [P_FN_CD1] => 04
    [P_FN_CD2] => 
    [P_FN_NM] => KB국민은행
    [P_AMT] => 3000
    [P_UNAME] => 김영석
    [P_RMESG1] => P_VACCT_NO=26119078161454|P_EXP_DT=20251204
    [P_RMESG2] => 
    [P_NOTI] => 
    [P_AUTH_NO] => 
)

 Array
(
    [PageCall time] => 13:07:00
    [P_TID] => INIMX_VBNKCAEcatca0720251124130424895420
    [P_MID] => CAEcatca07
    [P_AUTH_DT] => 20251124130700
    [P_STATUS] => 02
    [P_TYPE] => VBANK
    [P_OID] => 251121-026
    [P_FN_CD1] => 04
    [P_FN_CD2] => 
    [P_FN_NM] => KB국민은행
    [P_AMT] => 3000
    [P_UNAME] => 유다슬
    [P_RMESG1] => P_VACCT_NO=26159078067390|P_EXP_DT=20251204
    [P_RMESG2] => 
    [P_NOTI] => 
    [P_AUTH_NO] => 
)

 Array
(
    [PageCall time] => 13:18:11
    [P_TID] => INIMX_VBNKCAEcatca0720251124131434395119
    [P_MID] => CAEcatca07
    [P_AUTH_DT] => 20251124131811
    [P_STATUS] => 02
    [P_TYPE] => VBANK
    [P_OID] => 251124-018
    [P_FN_CD1] => 88
    [P_FN_CD2] => 
    [P_FN_NM] => 신한은행
    [P_AMT] => 3000
    [P_UNAME] => 김태연
    [P_RMESG1] => P_VACCT_NO=56211106258170|P_EXP_DT=20251204
    [P_RMESG2] => 
    [P_NOTI] => 
    [P_AUTH_NO] => 
)

 Array
(
    [PageCall time] => 13:30:19
    [P_TID] => INIMX_VBNKCAEcatca0720251124132635845226
    [P_MID] => CAEcatca07
    [P_AUTH_DT] => 20251124133019
    [P_STATUS] => 02
    [P_TYPE] => VBANK
    [P_OID] => 251124-019
    [P_FN_CD1] => 23
    [P_FN_CD2] => 
    [P_FN_NM] => SC은행
    [P_AMT] => 3000
    [P_UNAME] => 김지현
    [P_RMESG1] => P_VACCT_NO=46416006117106|P_EXP_DT=20251204
    [P_RMESG2] => 
    [P_NOTI] => 
    [P_AUTH_NO] => 
)

 Array
(
    [PageCall time] => 13:43:54
    [P_TID] => INIMX_VBNKCAEcatca0720251124134158985008
    [P_MID] => CAEcatca07
    [P_AUTH_DT] => 20251124134354
    [P_STATUS] => 02
    [P_TYPE] => VBANK
    [P_OID] => 251124-021
    [P_FN_CD1] => 11
    [P_FN_CD2] => 
    [P_FN_NM] => NH농협은행
    [P_AMT] => 3000
    [P_UNAME] => 노정연
    [P_RMESG1] => P_VACCT_NO=79015903407430|P_EXP_DT=20251204
    [P_RMESG2] => 
    [P_NOTI] => 
    [P_AUTH_NO] => 
)

 Array
(
    [PageCall time] => 14:10:12
    [P_TID] => INIMX_VBNKCAEcatca0720251124140718135644
    [P_MID] => CAEcatca07
    [P_AUTH_DT] => 20251124141012
    [P_STATUS] => 02
    [P_TYPE] => VBANK
    [P_OID] => 251124-023
    [P_FN_CD1] => 04
    [P_FN_CD2] => 
    [P_FN_NM] => KB국민은행
    [P_AMT] => 3000
    [P_UNAME] => 황주영
    [P_RMESG1] => P_VACCT_NO=26159078298956|P_EXP_DT=20251204
    [P_RMESG2] => 
    [P_NOTI] => 
    [P_AUTH_NO] => 
)

 Array
(
    [PageCall time] => 14:23:44
    [P_TID] => INIMX_VBNKCAEcatca0720251124141916505878
    [P_MID] => CAEcatca07
    [P_AUTH_DT] => 20251124142344
    [P_STATUS] => 02
    [P_TYPE] => VBANK
    [P_OID] => 251124-020
    [P_FN_CD1] => 03
    [P_FN_CD2] => 
    [P_FN_NM] => 기업은행
    [P_AMT] => 3000
    [P_UNAME] => 고민영
    [P_RMESG1] => P_VACCT_NO=07502336997021|P_EXP_DT=20251204
    [P_RMESG2] => 
    [P_NOTI] => 
    [P_AUTH_NO] => 
)

 Array
(
    [PageCall time] => 14:24:44
    [P_TID] => INIMX_VBNKCAEcatca0720251124142158985677
    [P_MID] => CAEcatca07
    [P_AUTH_DT] => 20251124142444
    [P_STATUS] => 02
    [P_TYPE] => VBANK
    [P_OID] => 251124-025
    [P_FN_CD1] => 81
    [P_FN_CD2] => 
    [P_FN_NM] => 하나은행
    [P_AMT] => 3000
    [P_UNAME] => 홍명진
    [P_RMESG1] => P_VACCT_NO=20894054635437|P_EXP_DT=20251204
    [P_RMESG2] => 
    [P_NOTI] => 
    [P_AUTH_NO] => 
)

 Array
(
    [PageCall time] => 14:51:53
    [P_TID] => INIMX_VBNKCAEcatca0720251124145016125966
    [P_MID] => CAEcatca07
    [P_AUTH_DT] => 20251124145153
    [P_STATUS] => 02
    [P_TYPE] => VBANK
    [P_OID] => 251124-027
    [P_FN_CD1] => 71
    [P_FN_CD2] => 
    [P_FN_NM] => 우체국
    [P_AMT] => 3000
    [P_UNAME] => 김정란
    [P_RMESG1] => P_VACCT_NO=01397981039092|P_EXP_DT=20251204
    [P_RMESG2] => 
    [P_NOTI] => 
    [P_AUTH_NO] => 
)

 Array
(
    [PageCall time] => 14:59:28
    [P_TID] => INIMX_VBNKCAEcatca0720251124145657615666
    [P_MID] => CAEcatca07
    [P_AUTH_DT] => 20251124145928
    [P_STATUS] => 02
    [P_TYPE] => VBANK
    [P_OID] => 251124-026
    [P_FN_CD1] => 04
    [P_FN_CD2] => 
    [P_FN_NM] => KB국민은행
    [P_AMT] => 3000
    [P_UNAME] => 유미
    [P_RMESG1] => P_VACCT_NO=26159078529157|P_EXP_DT=20251204
    [P_RMESG2] => 
    [P_NOTI] => 
    [P_AUTH_NO] => 
)

 Array
(
    [PageCall time] => 15:12:46
    [P_TID] => INIMX_VBNKCAEcatca0720251124151208995977
    [P_MID] => CAEcatca07
    [P_AUTH_DT] => 20251124151246
    [P_STATUS] => 02
    [P_TYPE] => VBANK
    [P_OID] => 251124-028
    [P_FN_CD1] => 11
    [P_FN_CD2] => 
    [P_FN_NM] => NH농협은행
    [P_AMT] => 3000
    [P_UNAME] => 이보연
    [P_RMESG1] => P_VACCT_NO=79015903425315|P_EXP_DT=20251204
    [P_RMESG2] => 
    [P_NOTI] => 
    [P_AUTH_NO] => 
)

 Array
(
    [PageCall time] => 16:08:36
    [P_TID] => INIMX_VBNKCAEcatca0720251124160535535797
    [P_MID] => CAEcatca07
    [P_AUTH_DT] => 20251124160836
    [P_STATUS] => 02
    [P_TYPE] => VBANK
    [P_OID] => 251124-031
    [P_FN_CD1] => 04
    [P_FN_CD2] => 
    [P_FN_NM] => KB국민은행
    [P_AMT] => 3000
    [P_UNAME] => 박혜정
    [P_RMESG1] => P_VACCT_NO=39319011774835|P_EXP_DT=20251204
    [P_RMESG2] => 
    [P_NOTI] => 
    [P_AUTH_NO] => 
)

 Array
(
    [PageCall time] => 17:05:46
    [P_TID] => INIMX_VBNKCAEcatca0720251124170456185433
    [P_MID] => CAEcatca07
    [P_AUTH_DT] => 20251124170546
    [P_STATUS] => 02
    [P_TYPE] => VBANK
    [P_OID] => 251124-013
    [P_FN_CD1] => 11
    [P_FN_CD2] => 
    [P_FN_NM] => NH농협은행
    [P_AMT] => 3000
    [P_UNAME] => 이상협
    [P_RMESG1] => P_VACCT_NO=79015903443743|P_EXP_DT=20251204
    [P_RMESG2] => 
    [P_NOTI] => 
    [P_AUTH_NO] => 
)

 Array
(
    [PageCall time] => 17:13:48
    [P_TID] => INIMX_VBNKCAEcatca0720251124170945365175
    [P_MID] => CAEcatca07
    [P_AUTH_DT] => 20251124171348
    [P_STATUS] => 02
    [P_TYPE] => VBANK
    [P_OID] => 251124-034
    [P_FN_CD1] => 03
    [P_FN_CD2] => 
    [P_FN_NM] => 기업은행
    [P_AMT] => 3000
    [P_UNAME] => 박대준
    [P_RMESG1] => P_VACCT_NO=07502338797239|P_EXP_DT=20251204
    [P_RMESG2] => 
    [P_NOTI] => 
    [P_AUTH_NO] => 
)

 Array
(
    [PageCall time] => 17:19:22
    [P_TID] => INIMX_VBNKCAEcatca0720251124171602315196
    [P_MID] => CAEcatca07
    [P_AUTH_DT] => 20251124171919
    [P_STATUS] => 02
    [P_TYPE] => VBANK
    [P_OID] => 251124-033
    [P_FN_CD1] => 20
    [P_FN_CD2] => 
    [P_FN_NM] => 우리은행
    [P_AMT] => 3000
    [P_UNAME] => 윤형식
    [P_RMESG1] => P_VACCT_NO=27204743718611|P_EXP_DT=20251204
    [P_RMESG2] => 
    [P_NOTI] => 
    [P_AUTH_NO] => 
)

 Array
(
    [PageCall time] => 17:43:19
    [P_TID] => INIMX_VBNKCAEcatca0720251124174033815369
    [P_MID] => CAEcatca07
    [P_AUTH_DT] => 20251124174319
    [P_STATUS] => 02
    [P_TYPE] => VBANK
    [P_OID] => 251124-037
    [P_FN_CD1] => 81
    [P_FN_CD2] => 
    [P_FN_NM] => 하나은행
    [P_AMT] => 3000
    [P_UNAME] => 윤은선
    [P_RMESG1] => P_VACCT_NO=20894055772637|P_EXP_DT=20251204
    [P_RMESG2] => 
    [P_NOTI] => 
    [P_AUTH_NO] => 
)

 Array
(
    [PageCall time] => 17:48:38
    [P_TID] => INIMX_VBNKCAEcatca0720251124174554545322
    [P_MID] => CAEcatca07
    [P_AUTH_DT] => 20251124174838
    [P_STATUS] => 02
    [P_TYPE] => VBANK
    [P_OID] => 251124-038
    [P_FN_CD1] => 32
    [P_FN_CD2] => 
    [P_FN_NM] => 부산은행
    [P_AMT] => 3000
    [P_UNAME] => 손세엽
    [P_RMESG1] => P_VACCT_NO=109924315735|P_EXP_DT=20251204
    [P_RMESG2] => 
    [P_NOTI] => 
    [P_AUTH_NO] => 
)

 Array
(
    [PageCall time] => 21:17:22
    [P_TID] => INIMX_VBNKCAEcatca0720251124211423145681
    [P_MID] => CAEcatca07
    [P_AUTH_DT] => 20251124211722
    [P_STATUS] => 02
    [P_TYPE] => VBANK
    [P_OID] => 251124-040
    [P_FN_CD1] => 89
    [P_FN_CD2] => 
    [P_FN_NM] => 케이뱅크
    [P_AMT] => 3000
    [P_UNAME] => 이은실
    [P_RMESG1] => P_VACCT_NO=70112003918311|P_EXP_DT=20251204
    [P_RMESG2] => 
    [P_NOTI] => 
    [P_AUTH_NO] => 
)

 Array
(
    [PageCall time] => 21:41:12
    [P_TID] => INIMX_VBNKCAEcatca0720251124213835195305
    [P_MID] => CAEcatca07
    [P_AUTH_DT] => 20251124214110
    [P_STATUS] => 02
    [P_TYPE] => VBANK
    [P_OID] => 251124-041
    [P_FN_CD1] => 04
    [P_FN_CD2] => 
    [P_FN_NM] => KB국민은행
    [P_AMT] => 3000
    [P_UNAME] => 윤성현
    [P_RMESG1] => P_VACCT_NO=40269011269174|P_EXP_DT=20251204
    [P_RMESG2] => 
    [P_NOTI] => 
    [P_AUTH_NO] => 
)

 Array
(
    [PageCall time] => 22:45:52
    [P_TID] => INIMX_VBNKCAEcatca0720251124224228535405
    [P_MID] => CAEcatca07
    [P_AUTH_DT] => 20251124224552
    [P_STATUS] => 02
    [P_TYPE] => VBANK
    [P_OID] => 251124-042
    [P_FN_CD1] => 81
    [P_FN_CD2] => 
    [P_FN_NM] => 하나은행
    [P_AMT] => 3000
    [P_UNAME] => 박정연
    [P_RMESG1] => P_VACCT_NO=20894056649437|P_EXP_DT=20251204
    [P_RMESG2] => 
    [P_NOTI] => 
    [P_AUTH_NO] => 
)

 Array
(
    [PageCall time] => 23:18:18
    [P_TID] => INIMX_VBNKCAEcatca0720251124231747895905
    [P_MID] => CAEcatca07
    [P_AUTH_DT] => 20251124231818
    [P_STATUS] => 02
    [P_TYPE] => VBANK
    [P_OID] => 251124-044
    [P_FN_CD1] => 11
    [P_FN_CD2] => 
    [P_FN_NM] => NH농협은행
    [P_AMT] => 3000
    [P_UNAME] => 박다빈
    [P_RMESG1] => P_VACCT_NO=79015903481574|P_EXP_DT=20251204
    [P_RMESG2] => 
    [P_NOTI] => 
    [P_AUTH_NO] => 
)

 Array
(
    [PageCall time] => 23:20:22
    [P_TID] => INIMX_VBNKCAEcatca0720251124231705185252
    [P_MID] => CAEcatca07
    [P_AUTH_DT] => 20251124232022
    [P_STATUS] => 02
    [P_TYPE] => VBANK
    [P_OID] => 251124-043
    [P_FN_CD1] => 89
    [P_FN_CD2] => 
    [P_FN_NM] => 케이뱅크
    [P_AMT] => 3000
    [P_UNAME] => 전병주
    [P_RMESG1] => P_VACCT_NO=70112003919016|P_EXP_DT=20251204
    [P_RMESG2] => 
    [P_NOTI] => 
    [P_AUTH_NO] => 
)

