 Array
(
    [PageCall time] => 00:21:32
    [P_TID] => INIMX_VBNKCAEcatca0720251014001749345962
    [P_MID] => CAEcatca07
    [P_AUTH_DT] => 20251014002132
    [P_STATUS] => 02
    [P_TYPE] => VBANK
    [P_OID] => 251014-001
    [P_FN_CD1] => 04
    [P_FN_CD2] => 
    [P_FN_NM] => KB국민은행
    [P_AMT] => 3000
    [P_UNAME] => 황보정
    [P_RMESG1] => P_VACCT_NO=96439078272480|P_EXP_DT=20251024
    [P_RMESG2] => 
    [P_NOTI] => 
    [P_AUTH_NO] => 
)

 Array
(
    [PageCall time] => 10:39:17
    [P_TID] => INIMX_VBNKCAEcatca0720251014103619975485
    [P_MID] => CAEcatca07
    [P_AUTH_DT] => 20251014103917
    [P_STATUS] => 02
    [P_TYPE] => VBANK
    [P_OID] => 251014-006
    [P_FN_CD1] => 04
    [P_FN_CD2] => 
    [P_FN_NM] => KB국민은행
    [P_AMT] => 3000
    [P_UNAME] => 최지웅
    [P_RMESG1] => P_VACCT_NO=26029078114556|P_EXP_DT=20251024
    [P_RMESG2] => 
    [P_NOTI] => 
    [P_AUTH_NO] => 
)

 Array
(
    [PageCall time] => 10:45:56
    [P_TID] => INIMX_VBNKCAEcatca0720251014104327235390
    [P_MID] => CAEcatca07
    [P_AUTH_DT] => 20251014104556
    [P_STATUS] => 02
    [P_TYPE] => VBANK
    [P_OID] => 251014-007
    [P_FN_CD1] => 04
    [P_FN_CD2] => 
    [P_FN_NM] => KB국민은행
    [P_AMT] => 3000
    [P_UNAME] => 김민선
    [P_RMESG1] => P_VACCT_NO=26029078180278|P_EXP_DT=20251024
    [P_RMESG2] => 
    [P_NOTI] => 
    [P_AUTH_NO] => 
)

 Array
(
    [PageCall time] => 10:46:05
    [P_TID] => INIMX_VBNKCAEcatca0720251014104449895952
    [P_MID] => CAEcatca07
    [P_AUTH_DT] => 20251014104605
    [P_STATUS] => 02
    [P_TYPE] => VBANK
    [P_OID] => 251014-008
    [P_FN_CD1] => 71
    [P_FN_CD2] => 
    [P_FN_NM] => 우체국
    [P_AMT] => 3000
    [P_UNAME] => 명영옥
    [P_RMESG1] => P_VACCT_NO=01398781285217|P_EXP_DT=20251024
    [P_RMESG2] => 
    [P_NOTI] => 
    [P_AUTH_NO] => 
)

 Array
(
    [PageCall time] => 11:17:42
    [P_TID] => INIMX_VBNKCAEcatca0720251014111453395800
    [P_MID] => CAEcatca07
    [P_AUTH_DT] => 20251014111742
    [P_STATUS] => 02
    [P_TYPE] => VBANK
    [P_OID] => 251014-009
    [P_FN_CD1] => 04
    [P_FN_CD2] => 
    [P_FN_NM] => KB국민은행
    [P_AMT] => 3000
    [P_UNAME] => 봉지민
    [P_RMESG1] => P_VACCT_NO=26029078456830|P_EXP_DT=20251024
    [P_RMESG2] => 
    [P_NOTI] => 
    [P_AUTH_NO] => 
)

 Array
(
    [PageCall time] => 11:58:27
    [P_TID] => INIMX_VBNKCAEcatca0720251014115433355487
    [P_MID] => CAEcatca07
    [P_AUTH_DT] => 20251014115826
    [P_STATUS] => 02
    [P_TYPE] => VBANK
    [P_OID] => 251014-014
    [P_FN_CD1] => 04
    [P_FN_CD2] => 
    [P_FN_NM] => KB국민은행
    [P_AMT] => 3000
    [P_UNAME] => 김미자
    [P_RMESG1] => P_VACCT_NO=26029078848936|P_EXP_DT=20251024
    [P_RMESG2] => 
    [P_NOTI] => 
    [P_AUTH_NO] => 
)

 Array
(
    [PageCall time] => 11:58:27
    [P_TID] => INIMX_VBNKCAEcatca0720251014115534325290
    [P_MID] => CAEcatca07
    [P_AUTH_DT] => 20251014115826
    [P_STATUS] => 02
    [P_TYPE] => VBANK
    [P_OID] => 251014-015
    [P_FN_CD1] => 04
    [P_FN_CD2] => 
    [P_FN_NM] => KB국민은행
    [P_AMT] => 3000
    [P_UNAME] => 김민혜
    [P_RMESG1] => P_VACCT_NO=26029078856216|P_EXP_DT=20251024
    [P_RMESG2] => 
    [P_NOTI] => 
    [P_AUTH_NO] => 
)

 Array
(
    [PageCall time] => 12:24:01
    [P_TID] => INIMX_VBNKCAEcatca0720251014121929845615
    [P_MID] => CAEcatca07
    [P_AUTH_DT] => 20251014122401
    [P_STATUS] => 02
    [P_TYPE] => VBANK
    [P_OID] => 251014-012
    [P_FN_CD1] => 89
    [P_FN_CD2] => 
    [P_FN_NM] => 케이뱅크
    [P_AMT] => 3000
    [P_UNAME] => 김영순
    [P_RMESG1] => P_VACCT_NO=70112003594141|P_EXP_DT=20251024
    [P_RMESG2] => 
    [P_NOTI] => 
    [P_AUTH_NO] => 
)

 Array
(
    [PageCall time] => 12:43:58
    [P_TID] => INIMX_VBNKCAEcatca0720251014123751775783
    [P_MID] => CAEcatca07
    [P_AUTH_DT] => 20251014124358
    [P_STATUS] => 02
    [P_TYPE] => VBANK
    [P_OID] => 251014-016
    [P_FN_CD1] => 89
    [P_FN_CD2] => 
    [P_FN_NM] => 케이뱅크
    [P_AMT] => 3000
    [P_UNAME] => 정연
    [P_RMESG1] => P_VACCT_NO=70112003594334|P_EXP_DT=20251024
    [P_RMESG2] => 
    [P_NOTI] => 
    [P_AUTH_NO] => 
)

 Array
(
    [PageCall time] => 13:50:00
    [P_TID] => INIMX_VBNKCAEcatca0720251014134619265639
    [P_MID] => CAEcatca07
    [P_AUTH_DT] => 20251014135000
    [P_STATUS] => 02
    [P_TYPE] => VBANK
    [P_OID] => 251014-019
    [P_FN_CD1] => 04
    [P_FN_CD2] => 
    [P_FN_NM] => KB국민은행
    [P_AMT] => 3000
    [P_UNAME] => 이지홍
    [P_RMESG1] => P_VACCT_NO=26119078079058|P_EXP_DT=20251024
    [P_RMESG2] => 
    [P_NOTI] => 
    [P_AUTH_NO] => 
)

 Array
(
    [PageCall time] => 14:16:42
    [P_TID] => INIMX_VBNKCAEcatca0720251014141348364418
    [P_MID] => CAEcatca07
    [P_AUTH_DT] => 20251014141642
    [P_STATUS] => 02
    [P_TYPE] => VBANK
    [P_OID] => 251014-021
    [P_FN_CD1] => 04
    [P_FN_CD2] => 
    [P_FN_NM] => KB국민은행
    [P_AMT] => 3000
    [P_UNAME] => 강우철
    [P_RMESG1] => P_VACCT_NO=96989078981707|P_EXP_DT=20251024
    [P_RMESG2] => 
    [P_NOTI] => 
    [P_AUTH_NO] => 
)

 Array
(
    [PageCall time] => 14:36:35
    [P_TID] => INIMX_VBNKCAEcatca0720251014143324845298
    [P_MID] => CAEcatca07
    [P_AUTH_DT] => 20251014143635
    [P_STATUS] => 02
    [P_TYPE] => VBANK
    [P_OID] => 251014-022
    [P_FN_CD1] => 81
    [P_FN_CD2] => 
    [P_FN_NM] => 하나은행
    [P_AMT] => 3000
    [P_UNAME] => 손슬기
    [P_RMESG1] => P_VACCT_NO=20893842102837|P_EXP_DT=20251024
    [P_RMESG2] => 
    [P_NOTI] => 
    [P_AUTH_NO] => 
)

 Array
(
    [PageCall time] => 15:03:24
    [P_TID] => INIMX_VBNKCAEcatca0720251014150148194737
    [P_MID] => CAEcatca07
    [P_AUTH_DT] => 20251014150324
    [P_STATUS] => 02
    [P_TYPE] => VBANK
    [P_OID] => 251014-025
    [P_FN_CD1] => 11
    [P_FN_CD2] => 
    [P_FN_NM] => NH농협은행
    [P_AMT] => 3000
    [P_UNAME] => 이은주
    [P_RMESG1] => P_VACCT_NO=79005848174306|P_EXP_DT=20251024
    [P_RMESG2] => 
    [P_NOTI] => 
    [P_AUTH_NO] => 
)

 Array
(
    [PageCall time] => 15:13:07
    [P_TID] => INIMX_VBNKCAEcatca0720251014151226684671
    [P_MID] => CAEcatca07
    [P_AUTH_DT] => 20251014151307
    [P_STATUS] => 02
    [P_TYPE] => VBANK
    [P_OID] => 251014-024
    [P_FN_CD1] => 11
    [P_FN_CD2] => 
    [P_FN_NM] => NH농협은행
    [P_AMT] => 3000
    [P_UNAME] => 신경주
    [P_RMESG1] => P_VACCT_NO=79005848177678|P_EXP_DT=20251024
    [P_RMESG2] => 
    [P_NOTI] => 
    [P_AUTH_NO] => 
)

 Array
(
    [PageCall time] => 15:44:36
    [P_TID] => INIMX_VBNKCAEcatca0720251014154111074377
    [P_MID] => CAEcatca07
    [P_AUTH_DT] => 20251014154436
    [P_STATUS] => 02
    [P_TYPE] => VBANK
    [P_OID] => 251014-026
    [P_FN_CD1] => 88
    [P_FN_CD2] => 
    [P_FN_NM] => 신한은행
    [P_AMT] => 3000
    [P_UNAME] => 안성주
    [P_RMESG1] => P_VACCT_NO=56211122900901|P_EXP_DT=20251024
    [P_RMESG2] => 
    [P_NOTI] => 
    [P_AUTH_NO] => 
)

 Array
(
    [PageCall time] => 15:52:46
    [P_TID] => INIMX_VBNKCAEcatca0720251014154939154665
    [P_MID] => CAEcatca07
    [P_AUTH_DT] => 20251014155246
    [P_STATUS] => 02
    [P_TYPE] => VBANK
    [P_OID] => 251014-027
    [P_FN_CD1] => 03
    [P_FN_CD2] => 
    [P_FN_NM] => 기업은행
    [P_AMT] => 3000
    [P_UNAME] => 박성호
    [P_RMESG1] => P_VACCT_NO=07500494997051|P_EXP_DT=20251024
    [P_RMESG2] => 
    [P_NOTI] => 
    [P_AUTH_NO] => 
)

 Array
(
    [PageCall time] => 16:30:40
    [P_TID] => INIMX_VBNKCAEcatca0720251014162736384790
    [P_MID] => CAEcatca07
    [P_AUTH_DT] => 20251014163040
    [P_STATUS] => 02
    [P_TYPE] => VBANK
    [P_OID] => 251014-030
    [P_FN_CD1] => 04
    [P_FN_CD2] => 
    [P_FN_NM] => KB국민은행
    [P_AMT] => 3000
    [P_UNAME] => 장시원
    [P_RMESG1] => P_VACCT_NO=97089078002631|P_EXP_DT=20251024
    [P_RMESG2] => 
    [P_NOTI] => 
    [P_AUTH_NO] => 
)

 Array
(
    [PageCall time] => 16:54:22
    [P_TID] => INIMX_VBNKCAEcatca0720251014165131274577
    [P_MID] => CAEcatca07
    [P_AUTH_DT] => 20251014165422
    [P_STATUS] => 02
    [P_TYPE] => VBANK
    [P_OID] => 251014-031
    [P_FN_CD1] => 32
    [P_FN_CD2] => 
    [P_FN_NM] => 부산은행
    [P_AMT] => 3000
    [P_UNAME] => 김태연
    [P_RMESG1] => P_VACCT_NO=103939916935|P_EXP_DT=20251024
    [P_RMESG2] => 
    [P_NOTI] => 
    [P_AUTH_NO] => 
)

 Array
(
    [PageCall time] => 17:13:57
    [P_TID] => INIMX_VBNKCAEcatca0720251014171044654092
    [P_MID] => CAEcatca07
    [P_AUTH_DT] => 20251014171357
    [P_STATUS] => 02
    [P_TYPE] => VBANK
    [P_OID] => 251014-032
    [P_FN_CD1] => 04
    [P_FN_CD2] => 
    [P_FN_NM] => KB국민은행
    [P_AMT] => 3000
    [P_UNAME] => 김동호
    [P_RMESG1] => P_VACCT_NO=97089078009234|P_EXP_DT=20251024
    [P_RMESG2] => 
    [P_NOTI] => 
    [P_AUTH_NO] => 
)

 Array
(
    [PageCall time] => 18:25:23
    [P_TID] => INIMX_VBNKCAEcatca0720251014182240964307
    [P_MID] => CAEcatca07
    [P_AUTH_DT] => 20251014182523
    [P_STATUS] => 02
    [P_TYPE] => VBANK
    [P_OID] => 251014-038
    [P_FN_CD1] => 04
    [P_FN_CD2] => 
    [P_FN_NM] => KB국민은행
    [P_AMT] => 3000
    [P_UNAME] => 배은경
    [P_RMESG1] => P_VACCT_NO=97089078018988|P_EXP_DT=20251024
    [P_RMESG2] => 
    [P_NOTI] => 
    [P_AUTH_NO] => 
)

 Array
(
    [PageCall time] => 20:24:06
    [P_TID] => INIMX_VBNKCAEcatca0720251014202337624425
    [P_MID] => CAEcatca07
    [P_AUTH_DT] => 20251014202406
    [P_STATUS] => 02
    [P_TYPE] => VBANK
    [P_OID] => 251014-041
    [P_FN_CD1] => 11
    [P_FN_CD2] => 
    [P_FN_NM] => NH농협은행
    [P_AMT] => 3000
    [P_UNAME] => 김태희
    [P_RMESG1] => P_VACCT_NO=79005848268234|P_EXP_DT=20251024
    [P_RMESG2] => 
    [P_NOTI] => 
    [P_AUTH_NO] => 
)

 Array
(
    [PageCall time] => 20:27:34
    [P_TID] => INIMX_VBNKCAEcatca0720251014202444374069
    [P_MID] => CAEcatca07
    [P_AUTH_DT] => 20251014202734
    [P_STATUS] => 02
    [P_TYPE] => VBANK
    [P_OID] => 251014-011
    [P_FN_CD1] => 04
    [P_FN_CD2] => 
    [P_FN_NM] => KB국민은행
    [P_AMT] => 3000
    [P_UNAME] => 김소현
    [P_RMESG1] => P_VACCT_NO=97089078028035|P_EXP_DT=20251024
    [P_RMESG2] => 
    [P_NOTI] => 
    [P_AUTH_NO] => 
)

 Array
(
    [PageCall time] => 20:28:28
    [P_TID] => INIMX_VBNKCAEcatca0720251014202540694728
    [P_MID] => CAEcatca07
    [P_AUTH_DT] => 20251014202828
    [P_STATUS] => 02
    [P_TYPE] => VBANK
    [P_OID] => 251014-042
    [P_FN_CD1] => 88
    [P_FN_CD2] => 
    [P_FN_NM] => 신한은행
    [P_AMT] => 3000
    [P_UNAME] => 박진영
    [P_RMESG1] => P_VACCT_NO=56211122909910|P_EXP_DT=20251024
    [P_RMESG2] => 
    [P_NOTI] => 
    [P_AUTH_NO] => 
)

