 Array
(
    [PageCall time] => 08:40:42
    [P_TID] => INIMX_VBNKCAEcatca0720260309084010535449
    [P_MID] => CAEcatca07
    [P_AUTH_DT] => 20260309084042
    [P_STATUS] => 02
    [P_TYPE] => VBANK
    [P_OID] => 260309-002
    [P_FN_CD1] => 11
    [P_FN_CD2] => 
    [P_FN_NM] => NH농협은행
    [P_AMT] => 3500
    [P_UNAME] => 정지이
    [P_RMESG1] => P_VACCT_NO=79014291145966|P_EXP_DT=20260319
    [P_RMESG2] => 
    [P_NOTI] => 
    [P_AUTH_NO] => 
)

 Array
(
    [PageCall time] => 09:13:25
    [P_TID] => INIMX_VBNKCAEcatca0720260309090924375924
    [P_MID] => CAEcatca07
    [P_AUTH_DT] => 20260309091325
    [P_STATUS] => 02
    [P_TYPE] => VBANK
    [P_OID] => 260308-009
    [P_FN_CD1] => 03
    [P_FN_CD2] => 
    [P_FN_NM] => 기업은행
    [P_AMT] => 3500
    [P_UNAME] => 김형진
    [P_RMESG1] => P_VACCT_NO=07503276197151|P_EXP_DT=20260319
    [P_RMESG2] => 
    [P_NOTI] => 
    [P_AUTH_NO] => 
)

 Array
(
    [PageCall time] => 09:19:52
    [P_TID] => INIMX_VBNKCAEcatca0720260309091630265609
    [P_MID] => CAEcatca07
    [P_AUTH_DT] => 20260309091952
    [P_STATUS] => 02
    [P_TYPE] => VBANK
    [P_OID] => 260309-003
    [P_FN_CD1] => 03
    [P_FN_CD2] => 
    [P_FN_NM] => 기업은행
    [P_AMT] => 3500
    [P_UNAME] => 정병호
    [P_RMESG1] => P_VACCT_NO=07503276297479|P_EXP_DT=20260319
    [P_RMESG2] => 
    [P_NOTI] => 
    [P_AUTH_NO] => 
)

 Array
(
    [PageCall time] => 09:26:34
    [P_TID] => INIMX_VBNKCAEcatca0720260309092403175667
    [P_MID] => CAEcatca07
    [P_AUTH_DT] => 20260309092634
    [P_STATUS] => 02
    [P_TYPE] => VBANK
    [P_OID] => 260309-004
    [P_FN_CD1] => 11
    [P_FN_CD2] => 
    [P_FN_NM] => NH농협은행
    [P_AMT] => 3500
    [P_UNAME] => 류지선
    [P_RMESG1] => P_VACCT_NO=79014291154426|P_EXP_DT=20260319
    [P_RMESG2] => 
    [P_NOTI] => 
    [P_AUTH_NO] => 
)

 Array
(
    [PageCall time] => 09:41:47
    [P_TID] => INIMX_VBNKCAEcatca0720260309093901735916
    [P_MID] => CAEcatca07
    [P_AUTH_DT] => 20260309094147
    [P_STATUS] => 02
    [P_TYPE] => VBANK
    [P_OID] => 260306-009
    [P_FN_CD1] => 88
    [P_FN_CD2] => 
    [P_FN_NM] => 신한은행
    [P_AMT] => 3500
    [P_UNAME] => 김지형
    [P_RMESG1] => P_VACCT_NO=56211105001220|P_EXP_DT=20260319
    [P_RMESG2] => 
    [P_NOTI] => 
    [P_AUTH_NO] => 
)

 Array
(
    [PageCall time] => 10:07:08
    [P_TID] => INIMX_VBNKCAEcatca0720260309100500405289
    [P_MID] => CAEcatca07
    [P_AUTH_DT] => 20260309100708
    [P_STATUS] => 02
    [P_TYPE] => VBANK
    [P_OID] => 260309-006
    [P_FN_CD1] => 11
    [P_FN_CD2] => 
    [P_FN_NM] => NH농협은행
    [P_AMT] => 3500
    [P_UNAME] => 박미향
    [P_RMESG1] => P_VACCT_NO=79014291161881|P_EXP_DT=20260319
    [P_RMESG2] => 
    [P_NOTI] => 
    [P_AUTH_NO] => 
)

 Array
(
    [PageCall time] => 10:14:54
    [P_TID] => INIMX_VBNKCAEcatca0720260309101151825255
    [P_MID] => CAEcatca07
    [P_AUTH_DT] => 20260309101454
    [P_STATUS] => 02
    [P_TYPE] => VBANK
    [P_OID] => 260309-005
    [P_FN_CD1] => 04
    [P_FN_CD2] => 
    [P_FN_NM] => KB국민은행
    [P_AMT] => 3500
    [P_UNAME] => 차정철
    [P_RMESG1] => P_VACCT_NO=26119078553477|P_EXP_DT=20260319
    [P_RMESG2] => 
    [P_NOTI] => 
    [P_AUTH_NO] => 
)

 Array
(
    [PageCall time] => 10:19:57
    [P_TID] => INIMX_VBNKCAEcatca0720260309101712895874
    [P_MID] => CAEcatca07
    [P_AUTH_DT] => 20260309101957
    [P_STATUS] => 02
    [P_TYPE] => VBANK
    [P_OID] => 260309-007
    [P_FN_CD1] => 04
    [P_FN_CD2] => 
    [P_FN_NM] => KB국민은행
    [P_AMT] => 3500
    [P_UNAME] => 조윤경
    [P_RMESG1] => P_VACCT_NO=26119078856983|P_EXP_DT=20260319
    [P_RMESG2] => 
    [P_NOTI] => 
    [P_AUTH_NO] => 
)

 Array
(
    [PageCall time] => 10:30:08
    [P_TID] => INIMX_VBNKCAEcatca0720260309102710395939
    [P_MID] => CAEcatca07
    [P_AUTH_DT] => 20260309103008
    [P_STATUS] => 02
    [P_TYPE] => VBANK
    [P_OID] => 260309-010
    [P_FN_CD1] => 34
    [P_FN_CD2] => 
    [P_FN_NM] => 광주은행
    [P_AMT] => 3500
    [P_UNAME] => 국현정
    [P_RMESG1] => P_VACCT_NO=810865349171|P_EXP_DT=20260319
    [P_RMESG2] => 
    [P_NOTI] => 
    [P_AUTH_NO] => 
)

 Array
(
    [PageCall time] => 10:30:24
    [P_TID] => INIMX_VBNKCAEcatca0720260309102644235489
    [P_MID] => CAEcatca07
    [P_AUTH_DT] => 20260309103024
    [P_STATUS] => 02
    [P_TYPE] => VBANK
    [P_OID] => 260309-008
    [P_FN_CD1] => 04
    [P_FN_CD2] => 
    [P_FN_NM] => KB국민은행
    [P_AMT] => 3500
    [P_UNAME] => 유동원
    [P_RMESG1] => P_VACCT_NO=26159078160741|P_EXP_DT=20260319
    [P_RMESG2] => 
    [P_NOTI] => 
    [P_AUTH_NO] => 
)

 Array
(
    [PageCall time] => 11:06:05
    [P_TID] => INIMX_VBNKCAEcatca0720260309110318835984
    [P_MID] => CAEcatca07
    [P_AUTH_DT] => 20260309110605
    [P_STATUS] => 02
    [P_TYPE] => VBANK
    [P_OID] => 260309-013
    [P_FN_CD1] => 11
    [P_FN_CD2] => 
    [P_FN_NM] => NH농협은행
    [P_AMT] => 3500
    [P_UNAME] => 김설아
    [P_RMESG1] => P_VACCT_NO=79014291173238|P_EXP_DT=20260319
    [P_RMESG2] => 
    [P_NOTI] => 
    [P_AUTH_NO] => 
)

 Array
(
    [PageCall time] => 11:15:07
    [P_TID] => INIMX_VBNKCAEcatca0720260309111151515073
    [P_MID] => CAEcatca07
    [P_AUTH_DT] => 20260309111507
    [P_STATUS] => 02
    [P_TYPE] => VBANK
    [P_OID] => 260309-015
    [P_FN_CD1] => 03
    [P_FN_CD2] => 
    [P_FN_NM] => 기업은행
    [P_AMT] => 3500
    [P_UNAME] => 문종필
    [P_RMESG1] => P_VACCT_NO=07503279797169|P_EXP_DT=20260319
    [P_RMESG2] => 
    [P_NOTI] => 
    [P_AUTH_NO] => 
)

 Array
(
    [PageCall time] => 11:23:38
    [P_TID] => INIMX_VBNKCAEcatca0720260309111952405142
    [P_MID] => CAEcatca07
    [P_AUTH_DT] => 20260309112338
    [P_STATUS] => 02
    [P_TYPE] => VBANK
    [P_OID] => 260309-018
    [P_FN_CD1] => 04
    [P_FN_CD2] => 
    [P_FN_NM] => KB국민은행
    [P_AMT] => 3500
    [P_UNAME] => 이상준
    [P_RMESG1] => P_VACCT_NO=26029078311719|P_EXP_DT=20260319
    [P_RMESG2] => 
    [P_NOTI] => 
    [P_AUTH_NO] => 
)

 Array
(
    [PageCall time] => 11:55:47
    [P_TID] => INIMX_VBNKCAEcatca0720260309115251895466
    [P_MID] => CAEcatca07
    [P_AUTH_DT] => 20260309115547
    [P_STATUS] => 02
    [P_TYPE] => VBANK
    [P_OID] => 260309-021
    [P_FN_CD1] => 88
    [P_FN_CD2] => 
    [P_FN_NM] => 신한은행
    [P_AMT] => 3500
    [P_UNAME] => 김유진
    [P_RMESG1] => P_VACCT_NO=56211105017685|P_EXP_DT=20260319
    [P_RMESG2] => 
    [P_NOTI] => 
    [P_AUTH_NO] => 
)

 Array
(
    [PageCall time] => 12:02:27
    [P_TID] => INIMX_VBNKCAEcatca0720260309115936215592
    [P_MID] => CAEcatca07
    [P_AUTH_DT] => 20260309120227
    [P_STATUS] => 02
    [P_TYPE] => VBANK
    [P_OID] => 260309-022
    [P_FN_CD1] => 03
    [P_FN_CD2] => 
    [P_FN_NM] => 기업은행
    [P_AMT] => 3500
    [P_UNAME] => 석봉기
    [P_RMESG1] => P_VACCT_NO=07503281497698|P_EXP_DT=20260319
    [P_RMESG2] => 
    [P_NOTI] => 
    [P_AUTH_NO] => 
)

 Array
(
    [PageCall time] => 12:39:54
    [P_TID] => INIMX_VBNKCAEcatca0720260309123713475695
    [P_MID] => CAEcatca07
    [P_AUTH_DT] => 20260309123954
    [P_STATUS] => 02
    [P_TYPE] => VBANK
    [P_OID] => 260309-025
    [P_FN_CD1] => 89
    [P_FN_CD2] => 
    [P_FN_NM] => 케이뱅크
    [P_AMT] => 3500
    [P_UNAME] => 최효주
    [P_RMESG1] => P_VACCT_NO=70112003706101|P_EXP_DT=20260319
    [P_RMESG2] => 
    [P_NOTI] => 
    [P_AUTH_NO] => 
)

 Array
(
    [PageCall time] => 13:11:05
    [P_TID] => INIMX_VBNKCAEcatca0720260309130815675818
    [P_MID] => CAEcatca07
    [P_AUTH_DT] => 20260309131104
    [P_STATUS] => 02
    [P_TYPE] => VBANK
    [P_OID] => 260309-026
    [P_FN_CD1] => 88
    [P_FN_CD2] => 
    [P_FN_NM] => 신한은행
    [P_AMT] => 3500
    [P_UNAME] => 신현숙
    [P_RMESG1] => P_VACCT_NO=56211105022992|P_EXP_DT=20260319
    [P_RMESG2] => 
    [P_NOTI] => 
    [P_AUTH_NO] => 
)

 Array
(
    [PageCall time] => 13:45:32
    [P_TID] => INIMX_VBNKCAEcatca0720260309134310825497
    [P_MID] => CAEcatca07
    [P_AUTH_DT] => 20260309134532
    [P_STATUS] => 02
    [P_TYPE] => VBANK
    [P_OID] => 260309-029
    [P_FN_CD1] => 04
    [P_FN_CD2] => 
    [P_FN_NM] => KB국민은행
    [P_AMT] => 3500
    [P_UNAME] => 주나연
    [P_RMESG1] => P_VACCT_NO=80399078257766|P_EXP_DT=20260319
    [P_RMESG2] => 
    [P_NOTI] => 
    [P_AUTH_NO] => 
)

 Array
(
    [PageCall time] => 13:51:59
    [P_TID] => INIMX_VBNKCAEcatca0720260309131032805361
    [P_MID] => CAEcatca07
    [P_AUTH_DT] => 20260309135159
    [P_STATUS] => 02
    [P_TYPE] => VBANK
    [P_OID] => 260307-004
    [P_FN_CD1] => 32
    [P_FN_CD2] => 
    [P_FN_NM] => 부산은행
    [P_AMT] => 3500
    [P_UNAME] => 김두원
    [P_RMESG1] => P_VACCT_NO=109924745882|P_EXP_DT=20260319
    [P_RMESG2] => 
    [P_NOTI] => 
    [P_AUTH_NO] => 
)

 Array
(
    [PageCall time] => 14:03:35
    [P_TID] => INIMX_VBNKCAEcatca0720260309140011735620
    [P_MID] => CAEcatca07
    [P_AUTH_DT] => 20260309140335
    [P_STATUS] => 02
    [P_TYPE] => VBANK
    [P_OID] => 260309-023
    [P_FN_CD1] => 04
    [P_FN_CD2] => 
    [P_FN_NM] => KB국민은행
    [P_AMT] => 3500
    [P_UNAME] => 박경섭
    [P_RMESG1] => P_VACCT_NO=80399078262764|P_EXP_DT=20260319
    [P_RMESG2] => 
    [P_NOTI] => 
    [P_AUTH_NO] => 
)

 Array
(
    [PageCall time] => 14:06:27
    [P_TID] => INIMX_VBNKCAEcatca0720260309140337275760
    [P_MID] => CAEcatca07
    [P_AUTH_DT] => 20260309140627
    [P_STATUS] => 02
    [P_TYPE] => VBANK
    [P_OID] => 260309-030
    [P_FN_CD1] => 88
    [P_FN_CD2] => 
    [P_FN_NM] => 신한은행
    [P_AMT] => 3500
    [P_UNAME] => 김정현
    [P_RMESG1] => P_VACCT_NO=56211105029826|P_EXP_DT=20260319
    [P_RMESG2] => 
    [P_NOTI] => 
    [P_AUTH_NO] => 
)

 Array
(
    [PageCall time] => 14:36:17
    [P_TID] => INIMX_VBNKCAEcatca0720260309143304635921
    [P_MID] => CAEcatca07
    [P_AUTH_DT] => 20260309143617
    [P_STATUS] => 02
    [P_TYPE] => VBANK
    [P_OID] => 260309-031
    [P_FN_CD1] => 89
    [P_FN_CD2] => 
    [P_FN_NM] => 케이뱅크
    [P_AMT] => 3500
    [P_UNAME] => 이용훈
    [P_RMESG1] => P_VACCT_NO=70112003707736|P_EXP_DT=20260319
    [P_RMESG2] => 
    [P_NOTI] => 
    [P_AUTH_NO] => 
)

 Array
(
    [PageCall time] => 14:49:59
    [P_TID] => INIMX_VBNKCAEcatca0720260309144628375518
    [P_MID] => CAEcatca07
    [P_AUTH_DT] => 20260309144958
    [P_STATUS] => 02
    [P_TYPE] => VBANK
    [P_OID] => 260309-033
    [P_FN_CD1] => 88
    [P_FN_CD2] => 
    [P_FN_NM] => 신한은행
    [P_AMT] => 3500
    [P_UNAME] => 박성제
    [P_RMESG1] => P_VACCT_NO=56211105035623|P_EXP_DT=20260319
    [P_RMESG2] => 
    [P_NOTI] => 
    [P_AUTH_NO] => 
)

 Array
(
    [PageCall time] => 14:55:37
    [P_TID] => INIMX_VBNKCAEcatca0720260309145300925694
    [P_MID] => CAEcatca07
    [P_AUTH_DT] => 20260309145537
    [P_STATUS] => 02
    [P_TYPE] => VBANK
    [P_OID] => 260309-034
    [P_FN_CD1] => 04
    [P_FN_CD2] => 
    [P_FN_NM] => KB국민은행
    [P_AMT] => 3500
    [P_UNAME] => 이성관
    [P_RMESG1] => P_VACCT_NO=80399078277056|P_EXP_DT=20260319
    [P_RMESG2] => 
    [P_NOTI] => 
    [P_AUTH_NO] => 
)

 Array
(
    [PageCall time] => 14:59:15
    [P_TID] => INIMX_VBNKCAEcatca0720260309145626915212
    [P_MID] => CAEcatca07
    [P_AUTH_DT] => 20260309145915
    [P_STATUS] => 02
    [P_TYPE] => VBANK
    [P_OID] => 260309-032
    [P_FN_CD1] => 88
    [P_FN_CD2] => 
    [P_FN_NM] => 신한은행
    [P_AMT] => 3500
    [P_UNAME] => 유명희
    [P_RMESG1] => P_VACCT_NO=56211105036927|P_EXP_DT=20260319
    [P_RMESG2] => 
    [P_NOTI] => 
    [P_AUTH_NO] => 
)

 Array
(
    [PageCall time] => 15:38:17
    [P_TID] => INIMX_VBNKCAEcatca0720260309153539895602
    [P_MID] => CAEcatca07
    [P_AUTH_DT] => 20260309153817
    [P_STATUS] => 02
    [P_TYPE] => VBANK
    [P_OID] => 260309-036
    [P_FN_CD1] => 88
    [P_FN_CD2] => 
    [P_FN_NM] => 신한은행
    [P_AMT] => 3500
    [P_UNAME] => 나성민
    [P_RMESG1] => P_VACCT_NO=56211105041967|P_EXP_DT=20260319
    [P_RMESG2] => 
    [P_NOTI] => 
    [P_AUTH_NO] => 
)

 Array
(
    [PageCall time] => 15:48:10
    [P_TID] => INIMX_VBNKCAEcatca0720260309130931805575
    [P_MID] => CAEcatca07
    [P_AUTH_DT] => 20260309154810
    [P_STATUS] => 02
    [P_TYPE] => VBANK
    [P_OID] => 260309-001
    [P_FN_CD1] => 04
    [P_FN_CD2] => 
    [P_FN_NM] => KB국민은행
    [P_AMT] => 3500
    [P_UNAME] => 조선행
    [P_RMESG1] => P_VACCT_NO=80399078248067|P_EXP_DT=20260319
    [P_RMESG2] => 
    [P_NOTI] => 
    [P_AUTH_NO] => 
)

 Array
(
    [PageCall time] => 16:09:05
    [P_TID] => INIMX_VBNKCAEcatca0720260309160536675986
    [P_MID] => CAEcatca07
    [P_AUTH_DT] => 20260309160905
    [P_STATUS] => 02
    [P_TYPE] => VBANK
    [P_OID] => 260309-039
    [P_FN_CD1] => 03
    [P_FN_CD2] => 
    [P_FN_NM] => 기업은행
    [P_AMT] => 3500
    [P_UNAME] => 최지안
    [P_RMESG1] => P_VACCT_NO=07503289597751|P_EXP_DT=20260319
    [P_RMESG2] => 
    [P_NOTI] => 
    [P_AUTH_NO] => 
)

 Array
(
    [PageCall time] => 16:22:12
    [P_TID] => INIMX_VBNKCAEcatca0720260309162125925074
    [P_MID] => CAEcatca07
    [P_AUTH_DT] => 20260309162212
    [P_STATUS] => 02
    [P_TYPE] => VBANK
    [P_OID] => 260309-038
    [P_FN_CD1] => 11
    [P_FN_CD2] => 
    [P_FN_NM] => NH농협은행
    [P_AMT] => 3500
    [P_UNAME] => 박미영
    [P_RMESG1] => P_VACCT_NO=79014291231214|P_EXP_DT=20260319
    [P_RMESG2] => 
    [P_NOTI] => 
    [P_AUTH_NO] => 
)

 Array
(
    [PageCall time] => 16:29:39
    [P_TID] => INIMX_VBNKCAEcatca0720260309162650125987
    [P_MID] => CAEcatca07
    [P_AUTH_DT] => 20260309162939
    [P_STATUS] => 02
    [P_TYPE] => VBANK
    [P_OID] => 260309-041
    [P_FN_CD1] => 89
    [P_FN_CD2] => 
    [P_FN_NM] => 케이뱅크
    [P_AMT] => 3500
    [P_UNAME] => 이선아
    [P_RMESG1] => P_VACCT_NO=70112003710176|P_EXP_DT=20260319
    [P_RMESG2] => 
    [P_NOTI] => 
    [P_AUTH_NO] => 
)

 Array
(
    [PageCall time] => 16:59:46
    [P_TID] => INIMX_VBNKCAEcatca0720260309165702735884
    [P_MID] => CAEcatca07
    [P_AUTH_DT] => 20260309165946
    [P_STATUS] => 02
    [P_TYPE] => VBANK
    [P_OID] => 260309-043
    [P_FN_CD1] => 04
    [P_FN_CD2] => 
    [P_FN_NM] => KB국민은행
    [P_AMT] => 3500
    [P_UNAME] => 곽성도
    [P_RMESG1] => P_VACCT_NO=80399078308499|P_EXP_DT=20260319
    [P_RMESG2] => 
    [P_NOTI] => 
    [P_AUTH_NO] => 
)

 Array
(
    [PageCall time] => 17:00:02
    [P_TID] => INIMX_VBNKCAEcatca0720260309165725125360
    [P_MID] => CAEcatca07
    [P_AUTH_DT] => 20260309170002
    [P_STATUS] => 02
    [P_TYPE] => VBANK
    [P_OID] => 260309-042
    [P_FN_CD1] => 88
    [P_FN_CD2] => 
    [P_FN_NM] => 신한은행
    [P_AMT] => 3500
    [P_UNAME] => 문지원
    [P_RMESG1] => P_VACCT_NO=56211105052077|P_EXP_DT=20260319
    [P_RMESG2] => 
    [P_NOTI] => 
    [P_AUTH_NO] => 
)

 Array
(
    [PageCall time] => 17:19:46
    [P_TID] => INIMX_VBNKCAEcatca0720260309171512815361
    [P_MID] => CAEcatca07
    [P_AUTH_DT] => 20260309171946
    [P_STATUS] => 02
    [P_TYPE] => VBANK
    [P_OID] => 260309-035
    [P_FN_CD1] => 03
    [P_FN_CD2] => 
    [P_FN_NM] => 기업은행
    [P_AMT] => 3500
    [P_UNAME] => 한경오
    [P_RMESG1] => P_VACCT_NO=07503293597243|P_EXP_DT=20260319
    [P_RMESG2] => 
    [P_NOTI] => 
    [P_AUTH_NO] => 
)

 Array
(
    [PageCall time] => 17:38:15
    [P_TID] => INIMX_VBNKCAEcatca0720260309173543615247
    [P_MID] => CAEcatca07
    [P_AUTH_DT] => 20260309173815
    [P_STATUS] => 02
    [P_TYPE] => VBANK
    [P_OID] => 260309-044
    [P_FN_CD1] => 88
    [P_FN_CD2] => 
    [P_FN_NM] => 신한은행
    [P_AMT] => 3500
    [P_UNAME] => 홍유진
    [P_RMESG1] => P_VACCT_NO=56211105055360|P_EXP_DT=20260319
    [P_RMESG2] => 
    [P_NOTI] => 
    [P_AUTH_NO] => 
)

 Array
(
    [PageCall time] => 18:15:57
    [P_TID] => INIMX_VBNKCAEcatca0720260309181253785477
    [P_MID] => CAEcatca07
    [P_AUTH_DT] => 20260309181557
    [P_STATUS] => 02
    [P_TYPE] => VBANK
    [P_OID] => 260309-046
    [P_FN_CD1] => 88
    [P_FN_CD2] => 
    [P_FN_NM] => 신한은행
    [P_AMT] => 3500
    [P_UNAME] => 김영실
    [P_RMESG1] => P_VACCT_NO=56211105058923|P_EXP_DT=20260319
    [P_RMESG2] => 
    [P_NOTI] => 
    [P_AUTH_NO] => 
)

 Array
(
    [PageCall time] => 18:22:25
    [P_TID] => INIMX_VBNKCAEcatca0720260309181854855045
    [P_MID] => CAEcatca07
    [P_AUTH_DT] => 20260309182224
    [P_STATUS] => 02
    [P_TYPE] => VBANK
    [P_OID] => 260309-047
    [P_FN_CD1] => 20
    [P_FN_CD2] => 
    [P_FN_NM] => 우리은행
    [P_AMT] => 3500
    [P_UNAME] => 이미정
    [P_RMESG1] => P_VACCT_NO=27760909418047|P_EXP_DT=20260319
    [P_RMESG2] => 
    [P_NOTI] => 
    [P_AUTH_NO] => 
)

 Array
(
    [PageCall time] => 19:04:17
    [P_TID] => INIMX_VBNKCAEcatca0720260309190313675231
    [P_MID] => CAEcatca07
    [P_AUTH_DT] => 20260309190417
    [P_STATUS] => 02
    [P_TYPE] => VBANK
    [P_OID] => 260309-048
    [P_FN_CD1] => 11
    [P_FN_CD2] => 
    [P_FN_NM] => NH농협은행
    [P_AMT] => 3500
    [P_UNAME] => 이성희
    [P_RMESG1] => P_VACCT_NO=79014291253179|P_EXP_DT=20260319
    [P_RMESG2] => 
    [P_NOTI] => 
    [P_AUTH_NO] => 
)

 Array
(
    [PageCall time] => 19:45:11
    [P_TID] => INIMX_VBNKCAEcatca0720260309194108855156
    [P_MID] => CAEcatca07
    [P_AUTH_DT] => 20260309194511
    [P_STATUS] => 02
    [P_TYPE] => VBANK
    [P_OID] => 260309-049
    [P_FN_CD1] => 03
    [P_FN_CD2] => 
    [P_FN_NM] => 기업은행
    [P_AMT] => 3500
    [P_UNAME] => LI KAIYAN
    [P_RMESG1] => P_VACCT_NO=07503296497935|P_EXP_DT=20260319
    [P_RMESG2] => 
    [P_NOTI] => 
    [P_AUTH_NO] => 
)

 Array
(
    [PageCall time] => 19:56:27
    [P_TID] => INIMX_VBNKCAEcatca0720260309195554785073
    [P_MID] => CAEcatca07
    [P_AUTH_DT] => 20260309195627
    [P_STATUS] => 02
    [P_TYPE] => VBANK
    [P_OID] => 260309-050
    [P_FN_CD1] => 11
    [P_FN_CD2] => 
    [P_FN_NM] => NH농협은행
    [P_AMT] => 3500
    [P_UNAME] => 구은숙
    [P_RMESG1] => P_VACCT_NO=79014291257940|P_EXP_DT=20260319
    [P_RMESG2] => 
    [P_NOTI] => 
    [P_AUTH_NO] => 
)

 Array
(
    [PageCall time] => 19:59:09
    [P_TID] => INIMX_VBNKCAEcatca0720260309195626315247
    [P_MID] => CAEcatca07
    [P_AUTH_DT] => 20260309195909
    [P_STATUS] => 02
    [P_TYPE] => VBANK
    [P_OID] => 260309-051
    [P_FN_CD1] => 88
    [P_FN_CD2] => 
    [P_FN_NM] => 신한은행
    [P_AMT] => 3500
    [P_UNAME] => 심미정
    [P_RMESG1] => P_VACCT_NO=56211105064148|P_EXP_DT=20260319
    [P_RMESG2] => 
    [P_NOTI] => 
    [P_AUTH_NO] => 
)

 Array
(
    [PageCall time] => 20:28:01
    [P_TID] => INIMX_VBNKCAEcatca0720260309202444685317
    [P_MID] => CAEcatca07
    [P_AUTH_DT] => 20260309202801
    [P_STATUS] => 02
    [P_TYPE] => VBANK
    [P_OID] => 260309-052
    [P_FN_CD1] => 88
    [P_FN_CD2] => 
    [P_FN_NM] => 신한은행
    [P_AMT] => 3500
    [P_UNAME] => 김재홍
    [P_RMESG1] => P_VACCT_NO=56211105066976|P_EXP_DT=20260319
    [P_RMESG2] => 
    [P_NOTI] => 
    [P_AUTH_NO] => 
)

 Array
(
    [PageCall time] => 21:39:40
    [P_TID] => INIMX_VBNKCAEcatca0720260309213710395129
    [P_MID] => CAEcatca07
    [P_AUTH_DT] => 20260309213940
    [P_STATUS] => 02
    [P_TYPE] => VBANK
    [P_OID] => 260309-053
    [P_FN_CD1] => 04
    [P_FN_CD2] => 
    [P_FN_NM] => KB국민은행
    [P_AMT] => 3500
    [P_UNAME] => 차진호
    [P_RMESG1] => P_VACCT_NO=80399078351734|P_EXP_DT=20260319
    [P_RMESG2] => 
    [P_NOTI] => 
    [P_AUTH_NO] => 
)

 Array
(
    [PageCall time] => 23:22:51
    [P_TID] => INIMX_VBNKCAEcatca0720260309232017645465
    [P_MID] => CAEcatca07
    [P_AUTH_DT] => 20260309232251
    [P_STATUS] => 02
    [P_TYPE] => VBANK
    [P_OID] => 260309-054
    [P_FN_CD1] => 03
    [P_FN_CD2] => 
    [P_FN_NM] => 기업은행
    [P_AMT] => 3500
    [P_UNAME] => 이경선
    [P_RMESG1] => P_VACCT_NO=07503298697233|P_EXP_DT=20260319
    [P_RMESG2] => 
    [P_NOTI] => 
    [P_AUTH_NO] => 
)

