 Array
(
    [PageCall time] => 06:27:33
    [P_TID] => INIMX_VBNKCAEcatca0720250723062512145413
    [P_MID] => CAEcatca07
    [P_AUTH_DT] => 20250723062733
    [P_STATUS] => 02
    [P_TYPE] => VBANK
    [P_OID] => 250723-002
    [P_FN_CD1] => 04
    [P_FN_CD2] => 
    [P_FN_NM] => KB국민은행
    [P_AMT] => 3000
    [P_UNAME] => 정점례
    [P_RMESG1] => P_VACCT_NO=26029078843621|P_EXP_DT=20250802
    [P_RMESG2] => 
    [P_NOTI] => 
    [P_AUTH_NO] => 
)

 Array
(
    [PageCall time] => 08:10:45
    [P_TID] => INIMX_VBNKCAEcatca0720250723080935545680
    [P_MID] => CAEcatca07
    [P_AUTH_DT] => 20250723081045
    [P_STATUS] => 02
    [P_TYPE] => VBANK
    [P_OID] => 250717-004
    [P_FN_CD1] => 11
    [P_FN_CD2] => 
    [P_FN_NM] => NH농협은행
    [P_AMT] => 3000
    [P_UNAME] => 안부종
    [P_RMESG1] => P_VACCT_NO=79013685340232|P_EXP_DT=20250802
    [P_RMESG2] => 
    [P_NOTI] => 
    [P_AUTH_NO] => 
)

 Array
(
    [PageCall time] => 08:34:38
    [P_TID] => INIMX_VBNKCAEcatca0720250723083256575338
    [P_MID] => CAEcatca07
    [P_AUTH_DT] => 20250723083438
    [P_STATUS] => 02
    [P_TYPE] => VBANK
    [P_OID] => 250723-005
    [P_FN_CD1] => 04
    [P_FN_CD2] => 
    [P_FN_NM] => KB국민은행
    [P_AMT] => 3000
    [P_UNAME] => 김창주
    [P_RMESG1] => P_VACCT_NO=26029078954336|P_EXP_DT=20250802
    [P_RMESG2] => 
    [P_NOTI] => 
    [P_AUTH_NO] => 
)

 Array
(
    [PageCall time] => 09:24:28
    [P_TID] => INIMX_VBNKCAEcatca0720250723092324865804
    [P_MID] => CAEcatca07
    [P_AUTH_DT] => 20250723092428
    [P_STATUS] => 02
    [P_TYPE] => VBANK
    [P_OID] => 250723-007
    [P_FN_CD1] => 04
    [P_FN_CD2] => 
    [P_FN_NM] => KB국민은행
    [P_AMT] => 3000
    [P_UNAME] => 이윤경
    [P_RMESG1] => P_VACCT_NO=99449014565613|P_EXP_DT=20250802
    [P_RMESG2] => 
    [P_NOTI] => 
    [P_AUTH_NO] => 
)

 Array
(
    [PageCall time] => 09:27:11
    [P_TID] => INIMX_VBNKCAEcatca0720250723092441545722
    [P_MID] => CAEcatca07
    [P_AUTH_DT] => 20250723092711
    [P_STATUS] => 02
    [P_TYPE] => VBANK
    [P_OID] => 250723-008
    [P_FN_CD1] => 04
    [P_FN_CD2] => 
    [P_FN_NM] => KB국민은행
    [P_AMT] => 3000
    [P_UNAME] => 석경화
    [P_RMESG1] => P_VACCT_NO=99449014567055|P_EXP_DT=20250802
    [P_RMESG2] => 
    [P_NOTI] => 
    [P_AUTH_NO] => 
)

 Array
(
    [PageCall time] => 10:06:53
    [P_TID] => INIMX_VBNKCAEcatca0720250721161409274506
    [P_MID] => CAEcatca07
    [P_AUTH_DT] => 20250723100653
    [P_STATUS] => 02
    [P_TYPE] => VBANK
    [P_OID] => 250721-037
    [P_FN_CD1] => 39
    [P_FN_CD2] => 
    [P_FN_NM] => 경남은행
    [P_AMT] => 3000
    [P_UNAME] => 울산혁신도시 복합혁신센터
    [P_RMESG1] => P_VACCT_NO=573190141886|P_EXP_DT=20250731
    [P_RMESG2] => 
    [P_NOTI] => 
    [P_AUTH_NO] => 
)

 Array
(
    [PageCall time] => 10:14:16
    [P_TID] => INIMX_VBNKCAEcatca0720250723101253535455
    [P_MID] => CAEcatca07
    [P_AUTH_DT] => 20250723101416
    [P_STATUS] => 02
    [P_TYPE] => VBANK
    [P_OID] => 250723-013
    [P_FN_CD1] => 11
    [P_FN_CD2] => 
    [P_FN_NM] => NH농협은행
    [P_AMT] => 3000
    [P_UNAME] => 최영민
    [P_RMESG1] => P_VACCT_NO=79013685352192|P_EXP_DT=20250802
    [P_RMESG2] => 
    [P_NOTI] => 
    [P_AUTH_NO] => 
)

 Array
(
    [PageCall time] => 10:15:47
    [P_TID] => INIMX_VBNKCAEcatca0720250723101243305576
    [P_MID] => CAEcatca07
    [P_AUTH_DT] => 20250723101547
    [P_STATUS] => 02
    [P_TYPE] => VBANK
    [P_OID] => 250723-012
    [P_FN_CD1] => 20
    [P_FN_CD2] => 
    [P_FN_NM] => 우리은행
    [P_AMT] => 3000
    [P_UNAME] => 김현모
    [P_RMESG1] => P_VACCT_NO=27204890118555|P_EXP_DT=20250802
    [P_RMESG2] => 
    [P_NOTI] => 
    [P_AUTH_NO] => 
)

 Array
(
    [PageCall time] => 10:38:19
    [P_TID] => INIMX_VBNKCAEcatca0720250723103521125717
    [P_MID] => CAEcatca07
    [P_AUTH_DT] => 20250723103818
    [P_STATUS] => 02
    [P_TYPE] => VBANK
    [P_OID] => 250723-016
    [P_FN_CD1] => 03
    [P_FN_CD2] => 
    [P_FN_NM] => 기업은행
    [P_AMT] => 3000
    [P_UNAME] => 박민성
    [P_RMESG1] => P_VACCT_NO=07502378497586|P_EXP_DT=20250802
    [P_RMESG2] => 
    [P_NOTI] => 
    [P_AUTH_NO] => 
)

 Array
(
    [PageCall time] => 10:45:26
    [P_TID] => INIMX_VBNKCAEcatca0720250723103855385717
    [P_MID] => CAEcatca07
    [P_AUTH_DT] => 20250723104526
    [P_STATUS] => 02
    [P_TYPE] => VBANK
    [P_OID] => 250723-017
    [P_FN_CD1] => 88
    [P_FN_CD2] => 
    [P_FN_NM] => 신한은행
    [P_AMT] => 3000
    [P_UNAME] => 김종관
    [P_RMESG1] => P_VACCT_NO=56211106488122|P_EXP_DT=20250802
    [P_RMESG2] => 
    [P_NOTI] => 
    [P_AUTH_NO] => 
)

 Array
(
    [PageCall time] => 11:00:07
    [P_TID] => INIMX_VBNKCAEcatca0720250723105936825278
    [P_MID] => CAEcatca07
    [P_AUTH_DT] => 20250723110007
    [P_STATUS] => 02
    [P_TYPE] => VBANK
    [P_OID] => 250723-020
    [P_FN_CD1] => 04
    [P_FN_CD2] => 
    [P_FN_NM] => KB국민은행
    [P_AMT] => 3000
    [P_UNAME] => 김우연
    [P_RMESG1] => P_VACCT_NO=40139011650704|P_EXP_DT=20250802
    [P_RMESG2] => 
    [P_NOTI] => 
    [P_AUTH_NO] => 
)

 Array
(
    [PageCall time] => 11:13:20
    [P_TID] => INIMX_VBNKCAEcatca0720250723110702185835
    [P_MID] => CAEcatca07
    [P_AUTH_DT] => 20250723111320
    [P_STATUS] => 02
    [P_TYPE] => VBANK
    [P_OID] => 250723-021
    [P_FN_CD1] => 03
    [P_FN_CD2] => 
    [P_FN_NM] => 기업은행
    [P_AMT] => 3000
    [P_UNAME] => 유영자
    [P_RMESG1] => P_VACCT_NO=07502378897300|P_EXP_DT=20250802
    [P_RMESG2] => 
    [P_NOTI] => 
    [P_AUTH_NO] => 
)

 Array
(
    [PageCall time] => 11:17:55
    [P_TID] => INIMX_VBNKCAEcatca0720250723111640495674
    [P_MID] => CAEcatca07
    [P_AUTH_DT] => 20250723111755
    [P_STATUS] => 02
    [P_TYPE] => VBANK
    [P_OID] => 250723-009
    [P_FN_CD1] => 04
    [P_FN_CD2] => 
    [P_FN_NM] => KB국민은행
    [P_AMT] => 3000
    [P_UNAME] => 신주이
    [P_RMESG1] => P_VACCT_NO=40269011017784|P_EXP_DT=20250802
    [P_RMESG2] => 
    [P_NOTI] => 
    [P_AUTH_NO] => 
)

 Array
(
    [PageCall time] => 12:01:36
    [P_TID] => INIMX_VBNKCAEcatca0720250723115727265481
    [P_MID] => CAEcatca07
    [P_AUTH_DT] => 20250723120136
    [P_STATUS] => 02
    [P_TYPE] => VBANK
    [P_OID] => 250721-042
    [P_FN_CD1] => 89
    [P_FN_CD2] => 
    [P_FN_NM] => 케이뱅크
    [P_AMT] => 3000
    [P_UNAME] => 신현주
    [P_RMESG1] => P_VACCT_NO=70112004027356|P_EXP_DT=20250802
    [P_RMESG2] => 
    [P_NOTI] => 
    [P_AUTH_NO] => 
)

 Array
(
    [PageCall time] => 12:53:11
    [P_TID] => INIMX_VBNKCAEcatca0720250723125244225261
    [P_MID] => CAEcatca07
    [P_AUTH_DT] => 20250723125311
    [P_STATUS] => 02
    [P_TYPE] => VBANK
    [P_OID] => 250723-022
    [P_FN_CD1] => 11
    [P_FN_CD2] => 
    [P_FN_NM] => NH농협은행
    [P_AMT] => 3000
    [P_UNAME] => 전하진
    [P_RMESG1] => P_VACCT_NO=79013685377619|P_EXP_DT=20250802
    [P_RMESG2] => 
    [P_NOTI] => 
    [P_AUTH_NO] => 
)

 Array
(
    [PageCall time] => 12:56:42
    [P_TID] => INIMX_VBNKCAEcatca0720250723125546995021
    [P_MID] => CAEcatca07
    [P_AUTH_DT] => 20250723125642
    [P_STATUS] => 02
    [P_TYPE] => VBANK
    [P_OID] => 250723-018
    [P_FN_CD1] => 04
    [P_FN_CD2] => 
    [P_FN_NM] => KB국민은행
    [P_AMT] => 3000
    [P_UNAME] => 윤지영
    [P_RMESG1] => P_VACCT_NO=41079011842709|P_EXP_DT=20250802
    [P_RMESG2] => 
    [P_NOTI] => 
    [P_AUTH_NO] => 
)

 Array
(
    [PageCall time] => 13:29:23
    [P_TID] => INIMX_VBNKCAEcatca0720250723132835105388
    [P_MID] => CAEcatca07
    [P_AUTH_DT] => 20250723132923
    [P_STATUS] => 02
    [P_TYPE] => VBANK
    [P_OID] => 250723-025
    [P_FN_CD1] => 04
    [P_FN_CD2] => 
    [P_FN_NM] => KB국민은행
    [P_AMT] => 3000
    [P_UNAME] => 김하진
    [P_RMESG1] => P_VACCT_NO=42089011534661|P_EXP_DT=20250802
    [P_RMESG2] => 
    [P_NOTI] => 
    [P_AUTH_NO] => 
)

 Array
(
    [PageCall time] => 13:41:12
    [P_TID] => INIMX_VBNKCAEcatca0720250723133811735413
    [P_MID] => CAEcatca07
    [P_AUTH_DT] => 20250723134112
    [P_STATUS] => 02
    [P_TYPE] => VBANK
    [P_OID] => 250723-026
    [P_FN_CD1] => 20
    [P_FN_CD2] => 
    [P_FN_NM] => 우리은행
    [P_AMT] => 3000
    [P_UNAME] => 조영웅
    [P_RMESG1] => P_VACCT_NO=27204921918546|P_EXP_DT=20250802
    [P_RMESG2] => 
    [P_NOTI] => 
    [P_AUTH_NO] => 
)

 Array
(
    [PageCall time] => 13:57:24
    [P_TID] => INIMX_VBNKCAEcatca0720250723135638125631
    [P_MID] => CAEcatca07
    [P_AUTH_DT] => 20250723135724
    [P_STATUS] => 02
    [P_TYPE] => VBANK
    [P_OID] => 250723-027
    [P_FN_CD1] => 04
    [P_FN_CD2] => 
    [P_FN_NM] => KB국민은행
    [P_AMT] => 3000
    [P_UNAME] => 손혁준
    [P_RMESG1] => P_VACCT_NO=42089011781197|P_EXP_DT=20250802
    [P_RMESG2] => 
    [P_NOTI] => 
    [P_AUTH_NO] => 
)

 Array
(
    [PageCall time] => 14:58:38
    [P_TID] => INIMX_VBNKCAEcatca0720250723145558835388
    [P_MID] => CAEcatca07
    [P_AUTH_DT] => 20250723145838
    [P_STATUS] => 02
    [P_TYPE] => VBANK
    [P_OID] => 250723-028
    [P_FN_CD1] => 88
    [P_FN_CD2] => 
    [P_FN_NM] => 신한은행
    [P_AMT] => 3000
    [P_UNAME] => 박윤아
    [P_RMESG1] => P_VACCT_NO=56211991178429|P_EXP_DT=20250802
    [P_RMESG2] => 
    [P_NOTI] => 
    [P_AUTH_NO] => 
)

 Array
(
    [PageCall time] => 15:02:43
    [P_TID] => INIMX_VBNKCAEcatca0720250723150059175580
    [P_MID] => CAEcatca07
    [P_AUTH_DT] => 20250723150243
    [P_STATUS] => 02
    [P_TYPE] => VBANK
    [P_OID] => 250723-029
    [P_FN_CD1] => 04
    [P_FN_CD2] => 
    [P_FN_NM] => KB국민은행
    [P_AMT] => 3000
    [P_UNAME] => 송명숙
    [P_RMESG1] => P_VACCT_NO=70219014583669|P_EXP_DT=20250802
    [P_RMESG2] => 
    [P_NOTI] => 
    [P_AUTH_NO] => 
)

 Array
(
    [PageCall time] => 15:51:53
    [P_TID] => INIMX_VBNKCAEcatca0720250723155034775537
    [P_MID] => CAEcatca07
    [P_AUTH_DT] => 20250723155152
    [P_STATUS] => 02
    [P_TYPE] => VBANK
    [P_OID] => 250723-030
    [P_FN_CD1] => 04
    [P_FN_CD2] => 
    [P_FN_NM] => KB국민은행
    [P_AMT] => 3000
    [P_UNAME] => 정윤경
    [P_RMESG1] => P_VACCT_NO=70219014593394|P_EXP_DT=20250802
    [P_RMESG2] => 
    [P_NOTI] => 
    [P_AUTH_NO] => 
)

 Array
(
    [PageCall time] => 16:35:28
    [P_TID] => INIMX_VBNKCAEcatca0720250723163433475533
    [P_MID] => CAEcatca07
    [P_AUTH_DT] => 20250723163528
    [P_STATUS] => 02
    [P_TYPE] => VBANK
    [P_OID] => 250723-033
    [P_FN_CD1] => 04
    [P_FN_CD2] => 
    [P_FN_NM] => KB국민은행
    [P_AMT] => 3000
    [P_UNAME] => 김지연
    [P_RMESG1] => P_VACCT_NO=70219014601545|P_EXP_DT=20250802
    [P_RMESG2] => 
    [P_NOTI] => 
    [P_AUTH_NO] => 
)

 Array
(
    [PageCall time] => 16:39:54
    [P_TID] => INIMX_VBNKCAEcatca0720250723163854635510
    [P_MID] => CAEcatca07
    [P_AUTH_DT] => 20250723163954
    [P_STATUS] => 02
    [P_TYPE] => VBANK
    [P_OID] => 250723-034
    [P_FN_CD1] => 04
    [P_FN_CD2] => 
    [P_FN_NM] => KB국민은행
    [P_AMT] => 3000
    [P_UNAME] => 박옥주
    [P_RMESG1] => P_VACCT_NO=70219014602443|P_EXP_DT=20250802
    [P_RMESG2] => 
    [P_NOTI] => 
    [P_AUTH_NO] => 
)

 Array
(
    [PageCall time] => 16:48:08
    [P_TID] => INIMX_VBNKCAEcatca0720250723164358175760
    [P_MID] => CAEcatca07
    [P_AUTH_DT] => 20250723164808
    [P_STATUS] => 02
    [P_TYPE] => VBANK
    [P_OID] => 250722-003
    [P_FN_CD1] => 03
    [P_FN_CD2] => 
    [P_FN_NM] => 기업은행
    [P_AMT] => 3000
    [P_UNAME] => 노양구
    [P_RMESG1] => P_VACCT_NO=07502382897059|P_EXP_DT=20250802
    [P_RMESG2] => 
    [P_NOTI] => 
    [P_AUTH_NO] => 
)

 Array
(
    [PageCall time] => 17:27:26
    [P_TID] => INIMX_VBNKCAEcatca0720250723172444755833
    [P_MID] => CAEcatca07
    [P_AUTH_DT] => 20250723172726
    [P_STATUS] => 02
    [P_TYPE] => VBANK
    [P_OID] => 250723-037
    [P_FN_CD1] => 20
    [P_FN_CD2] => 
    [P_FN_NM] => 우리은행
    [P_AMT] => 3000
    [P_UNAME] => 강주연
    [P_RMESG1] => P_VACCT_NO=27204966518451|P_EXP_DT=20250802
    [P_RMESG2] => 
    [P_NOTI] => 
    [P_AUTH_NO] => 
)

 Array
(
    [PageCall time] => 17:29:58
    [P_TID] => INIMX_VBNKCAEcatca0720250723172914785894
    [P_MID] => CAEcatca07
    [P_AUTH_DT] => 20250723172958
    [P_STATUS] => 02
    [P_TYPE] => VBANK
    [P_OID] => 250723-038
    [P_FN_CD1] => 04
    [P_FN_CD2] => 
    [P_FN_NM] => KB국민은행
    [P_AMT] => 3000
    [P_UNAME] => 김영주
    [P_RMESG1] => P_VACCT_NO=70219014610343|P_EXP_DT=20250802
    [P_RMESG2] => 
    [P_NOTI] => 
    [P_AUTH_NO] => 
)

 Array
(
    [PageCall time] => 18:39:50
    [P_TID] => INIMX_VBNKCAEcatca0720250723183834625477
    [P_MID] => CAEcatca07
    [P_AUTH_DT] => 20250723183950
    [P_STATUS] => 02
    [P_TYPE] => VBANK
    [P_OID] => 250723-040
    [P_FN_CD1] => 11
    [P_FN_CD2] => 
    [P_FN_NM] => NH농협은행
    [P_AMT] => 3000
    [P_UNAME] => 박은희
    [P_RMESG1] => P_VACCT_NO=79013685437010|P_EXP_DT=20250802
    [P_RMESG2] => 
    [P_NOTI] => 
    [P_AUTH_NO] => 
)

 Array
(
    [PageCall time] => 18:46:43
    [P_TID] => INIMX_VBNKCAEcatca0720250723184411305433
    [P_MID] => CAEcatca07
    [P_AUTH_DT] => 20250723184643
    [P_STATUS] => 02
    [P_TYPE] => VBANK
    [P_OID] => 250723-041
    [P_FN_CD1] => 89
    [P_FN_CD2] => 
    [P_FN_NM] => 케이뱅크
    [P_AMT] => 3000
    [P_UNAME] => 김진희
    [P_RMESG1] => P_VACCT_NO=70112004031918|P_EXP_DT=20250802
    [P_RMESG2] => 
    [P_NOTI] => 
    [P_AUTH_NO] => 
)

 Array
(
    [PageCall time] => 19:19:56
    [P_TID] => INIMX_VBNKCAEcatca0720250723191916785655
    [P_MID] => CAEcatca07
    [P_AUTH_DT] => 20250723191956
    [P_STATUS] => 02
    [P_TYPE] => VBANK
    [P_OID] => 250723-019
    [P_FN_CD1] => 11
    [P_FN_CD2] => 
    [P_FN_NM] => NH농협은행
    [P_AMT] => 3000
    [P_UNAME] => 김은영
    [P_RMESG1] => P_VACCT_NO=79013685442028|P_EXP_DT=20250802
    [P_RMESG2] => 
    [P_NOTI] => 
    [P_AUTH_NO] => 
)

 Array
(
    [PageCall time] => 20:59:38
    [P_TID] => INIMX_VBNKCAEcatca0720250723205646275708
    [P_MID] => CAEcatca07
    [P_AUTH_DT] => 20250723205938
    [P_STATUS] => 02
    [P_TYPE] => VBANK
    [P_OID] => 250723-042
    [P_FN_CD1] => 20
    [P_FN_CD2] => 
    [P_FN_NM] => 우리은행
    [P_AMT] => 3000
    [P_UNAME] => 김민채
    [P_RMESG1] => P_VACCT_NO=27387773218357|P_EXP_DT=20250802
    [P_RMESG2] => 
    [P_NOTI] => 
    [P_AUTH_NO] => 
)

