 Array
(
    [PageCall time] => 00:21:33
    [P_TID] => INIMX_VBNKCAEcatca0720250728000120845116
    [P_MID] => CAEcatca07
    [P_AUTH_DT] => 20250728002133
    [P_STATUS] => 02
    [P_TYPE] => VBANK
    [P_OID] => 250728-001
    [P_FN_CD1] => 88
    [P_FN_CD2] => 
    [P_FN_NM] => 신한은행
    [P_AMT] => 3000
    [P_UNAME] => 이종찬
    [P_RMESG1] => P_VACCT_NO=56211106865117|P_EXP_DT=20250807
    [P_RMESG2] => 
    [P_NOTI] => 
    [P_AUTH_NO] => 
)

 Array
(
    [PageCall time] => 07:46:40
    [P_TID] => INIMX_VBNKCAEcatca0720250728074406275837
    [P_MID] => CAEcatca07
    [P_AUTH_DT] => 20250728074640
    [P_STATUS] => 02
    [P_TYPE] => VBANK
    [P_OID] => 250728-002
    [P_FN_CD1] => 88
    [P_FN_CD2] => 
    [P_FN_NM] => 신한은행
    [P_AMT] => 3000
    [P_UNAME] => 이현주
    [P_RMESG1] => P_VACCT_NO=56211990609579|P_EXP_DT=20250807
    [P_RMESG2] => 
    [P_NOTI] => 
    [P_AUTH_NO] => 
)

 Array
(
    [PageCall time] => 10:36:58
    [P_TID] => INIMX_VBNKCAEcatca0720250728103624495074
    [P_MID] => CAEcatca07
    [P_AUTH_DT] => 20250728103658
    [P_STATUS] => 02
    [P_TYPE] => VBANK
    [P_OID] => 250728-005
    [P_FN_CD1] => 11
    [P_FN_CD2] => 
    [P_FN_NM] => NH농협은행
    [P_AMT] => 3000
    [P_UNAME] => 이현규
    [P_RMESG1] => P_VACCT_NO=79014288977634|P_EXP_DT=20250807
    [P_RMESG2] => 
    [P_NOTI] => 
    [P_AUTH_NO] => 
)

 Array
(
    [PageCall time] => 11:01:50
    [P_TID] => INIMX_VBNKCAEcatca0720250728105837875145
    [P_MID] => CAEcatca07
    [P_AUTH_DT] => 20250728110150
    [P_STATUS] => 02
    [P_TYPE] => VBANK
    [P_OID] => 250728-007
    [P_FN_CD1] => 89
    [P_FN_CD2] => 
    [P_FN_NM] => 케이뱅크
    [P_AMT] => 3000
    [P_UNAME] => 최재방
    [P_RMESG1] => P_VACCT_NO=70112004058365|P_EXP_DT=20250807
    [P_RMESG2] => 
    [P_NOTI] => 
    [P_AUTH_NO] => 
)

 Array
(
    [PageCall time] => 11:05:54
    [P_TID] => INIMX_VBNKCAEcatca0720250728110140205202
    [P_MID] => CAEcatca07
    [P_AUTH_DT] => 20250728110554
    [P_STATUS] => 02
    [P_TYPE] => VBANK
    [P_OID] => 250728-008
    [P_FN_CD1] => 81
    [P_FN_CD2] => 
    [P_FN_NM] => 하나은행
    [P_AMT] => 3000
    [P_UNAME] => 김
    [P_RMESG1] => P_VACCT_NO=20893899559037|P_EXP_DT=20250807
    [P_RMESG2] => 
    [P_NOTI] => 
    [P_AUTH_NO] => 
)

 Array
(
    [PageCall time] => 11:27:55
    [P_TID] => INIMX_VBNKCAEcatca0720250728112511355089
    [P_MID] => CAEcatca07
    [P_AUTH_DT] => 20250728112755
    [P_STATUS] => 02
    [P_TYPE] => VBANK
    [P_OID] => 250728-012
    [P_FN_CD1] => 11
    [P_FN_CD2] => 
    [P_FN_NM] => NH농협은행
    [P_AMT] => 3000
    [P_UNAME] => 신영혜
    [P_RMESG1] => P_VACCT_NO=79014288986696|P_EXP_DT=20250807
    [P_RMESG2] => 
    [P_NOTI] => 
    [P_AUTH_NO] => 
)

 Array
(
    [PageCall time] => 11:44:14
    [P_TID] => INIMX_VBNKCAEcatca0720250728113724365376
    [P_MID] => CAEcatca07
    [P_AUTH_DT] => 20250728114414
    [P_STATUS] => 02
    [P_TYPE] => VBANK
    [P_OID] => 250728-013
    [P_FN_CD1] => 88
    [P_FN_CD2] => 
    [P_FN_NM] => 신한은행
    [P_AMT] => 3000
    [P_UNAME] => 김호재
    [P_RMESG1] => P_VACCT_NO=56211106887594|P_EXP_DT=20250807
    [P_RMESG2] => 
    [P_NOTI] => 
    [P_AUTH_NO] => 
)

 Array
(
    [PageCall time] => 11:48:02
    [P_TID] => INIMX_VBNKCAEcatca0720250728114718635522
    [P_MID] => CAEcatca07
    [P_AUTH_DT] => 20250728114802
    [P_STATUS] => 02
    [P_TYPE] => VBANK
    [P_OID] => 250728-015
    [P_FN_CD1] => 04
    [P_FN_CD2] => 
    [P_FN_NM] => KB국민은행
    [P_AMT] => 3000
    [P_UNAME] => 최가연
    [P_RMESG1] => P_VACCT_NO=26119078045048|P_EXP_DT=20250807
    [P_RMESG2] => 
    [P_NOTI] => 
    [P_AUTH_NO] => 
)

 Array
(
    [PageCall time] => 12:33:47
    [P_TID] => INIMX_VBNKCAEcatca0720250728123317635960
    [P_MID] => CAEcatca07
    [P_AUTH_DT] => 20250728123347
    [P_STATUS] => 02
    [P_TYPE] => VBANK
    [P_OID] => 250728-017
    [P_FN_CD1] => 04
    [P_FN_CD2] => 
    [P_FN_NM] => KB국민은행
    [P_AMT] => 3000
    [P_UNAME] => 박현지
    [P_RMESG1] => P_VACCT_NO=26119078062890|P_EXP_DT=20250807
    [P_RMESG2] => 
    [P_NOTI] => 
    [P_AUTH_NO] => 
)

 Array
(
    [PageCall time] => 12:51:52
    [P_TID] => INIMX_VBNKCAEcatca0720250728124908575705
    [P_MID] => CAEcatca07
    [P_AUTH_DT] => 20250728125152
    [P_STATUS] => 02
    [P_TYPE] => VBANK
    [P_OID] => 250722-020
    [P_FN_CD1] => 03
    [P_FN_CD2] => 
    [P_FN_NM] => 기업은행
    [P_AMT] => 3000
    [P_UNAME] => 김윤하
    [P_RMESG1] => P_VACCT_NO=07502402497121|P_EXP_DT=20250807
    [P_RMESG2] => 
    [P_NOTI] => 
    [P_AUTH_NO] => 
)

 Array
(
    [PageCall time] => 13:18:05
    [P_TID] => INIMX_VBNKCAEcatca0720250728131424215970
    [P_MID] => CAEcatca07
    [P_AUTH_DT] => 20250728131805
    [P_STATUS] => 02
    [P_TYPE] => VBANK
    [P_OID] => 250728-019
    [P_FN_CD1] => 04
    [P_FN_CD2] => 
    [P_FN_NM] => KB국민은행
    [P_AMT] => 3000
    [P_UNAME] => 황승백
    [P_RMESG1] => P_VACCT_NO=26119078081576|P_EXP_DT=20250807
    [P_RMESG2] => 
    [P_NOTI] => 
    [P_AUTH_NO] => 
)

 Array
(
    [PageCall time] => 13:22:52
    [P_TID] => INIMX_VBNKCAEcatca0720250728132140925098
    [P_MID] => CAEcatca07
    [P_AUTH_DT] => 20250728132252
    [P_STATUS] => 02
    [P_TYPE] => VBANK
    [P_OID] => 250728-021
    [P_FN_CD1] => 04
    [P_FN_CD2] => 
    [P_FN_NM] => KB국민은행
    [P_AMT] => 3000
    [P_UNAME] => 이희옥
    [P_RMESG1] => P_VACCT_NO=26119078087383|P_EXP_DT=20250807
    [P_RMESG2] => 
    [P_NOTI] => 
    [P_AUTH_NO] => 
)

 Array
(
    [PageCall time] => 13:28:12
    [P_TID] => INIMX_VBNKCAEcatca0720250728132636795011
    [P_MID] => CAEcatca07
    [P_AUTH_DT] => 20250728132812
    [P_STATUS] => 02
    [P_TYPE] => VBANK
    [P_OID] => 250728-020
    [P_FN_CD1] => 11
    [P_FN_CD2] => 
    [P_FN_NM] => NH농협은행
    [P_AMT] => 3000
    [P_UNAME] => 김홍문
    [P_RMESG1] => P_VACCT_NO=79014289003041|P_EXP_DT=20250807
    [P_RMESG2] => 
    [P_NOTI] => 
    [P_AUTH_NO] => 
)

 Array
(
    [PageCall time] => 13:54:07
    [P_TID] => INIMX_VBNKCAEcatca0720250728135128575271
    [P_MID] => CAEcatca07
    [P_AUTH_DT] => 20250728135407
    [P_STATUS] => 02
    [P_TYPE] => VBANK
    [P_OID] => 250726-001
    [P_FN_CD1] => 88
    [P_FN_CD2] => 
    [P_FN_NM] => 신한은행
    [P_AMT] => 3000
    [P_UNAME] => 신혜경
    [P_RMESG1] => P_VACCT_NO=56211106897689|P_EXP_DT=20250807
    [P_RMESG2] => 
    [P_NOTI] => 
    [P_AUTH_NO] => 
)

 Array
(
    [PageCall time] => 13:57:04
    [P_TID] => INIMX_VBNKCAEcatca0720250728135156515630
    [P_MID] => CAEcatca07
    [P_AUTH_DT] => 20250728135704
    [P_STATUS] => 02
    [P_TYPE] => VBANK
    [P_OID] => 250728-018
    [P_FN_CD1] => 20
    [P_FN_CD2] => 
    [P_FN_NM] => 우리은행
    [P_AMT] => 3000
    [P_UNAME] => 최종순
    [P_RMESG1] => P_VACCT_NO=27388058118808|P_EXP_DT=20250807
    [P_RMESG2] => 
    [P_NOTI] => 
    [P_AUTH_NO] => 
)

 Array
(
    [PageCall time] => 14:17:21
    [P_TID] => INIMX_VBNKCAEcatca0720250728141552305813
    [P_MID] => CAEcatca07
    [P_AUTH_DT] => 20250728141721
    [P_STATUS] => 02
    [P_TYPE] => VBANK
    [P_OID] => 250728-024
    [P_FN_CD1] => 71
    [P_FN_CD2] => 
    [P_FN_NM] => 우체국
    [P_AMT] => 3000
    [P_UNAME] => 김선기
    [P_RMESG1] => P_VACCT_NO=01397981266855|P_EXP_DT=20250807
    [P_RMESG2] => 
    [P_NOTI] => 
    [P_AUTH_NO] => 
)

 Array
(
    [PageCall time] => 14:24:33
    [P_TID] => INIMX_VBNKCAEcatca0720250728142037315969
    [P_MID] => CAEcatca07
    [P_AUTH_DT] => 20250728142433
    [P_STATUS] => 02
    [P_TYPE] => VBANK
    [P_OID] => 250728-026
    [P_FN_CD1] => 71
    [P_FN_CD2] => 
    [P_FN_NM] => 우체국
    [P_AMT] => 3000
    [P_UNAME] => 박용권
    [P_RMESG1] => P_VACCT_NO=01397981266918|P_EXP_DT=20250807
    [P_RMESG2] => 
    [P_NOTI] => 
    [P_AUTH_NO] => 
)

 Array
(
    [PageCall time] => 14:47:47
    [P_TID] => INIMX_VBNKCAEcatca0720250728144517485840
    [P_MID] => CAEcatca07
    [P_AUTH_DT] => 20250728144747
    [P_STATUS] => 02
    [P_TYPE] => VBANK
    [P_OID] => 250728-029
    [P_FN_CD1] => 11
    [P_FN_CD2] => 
    [P_FN_NM] => NH농협은행
    [P_AMT] => 3000
    [P_UNAME] => 임정원 (하남시다함께돌봄센터(
    [P_RMESG1] => P_VACCT_NO=79014289015856|P_EXP_DT=20250807
    [P_RMESG2] => 
    [P_NOTI] => 
    [P_AUTH_NO] => 
)

 Array
(
    [PageCall time] => 14:51:59
    [P_TID] => INIMX_VBNKCAEcatca0720250728144903295456
    [P_MID] => CAEcatca07
    [P_AUTH_DT] => 20250728145159
    [P_STATUS] => 02
    [P_TYPE] => VBANK
    [P_OID] => 250728-028
    [P_FN_CD1] => 04
    [P_FN_CD2] => 
    [P_FN_NM] => KB국민은행
    [P_AMT] => 3000
    [P_UNAME] => 박옥순
    [P_RMESG1] => P_VACCT_NO=70219014787850|P_EXP_DT=20250807
    [P_RMESG2] => 
    [P_NOTI] => 
    [P_AUTH_NO] => 
)

 Array
(
    [PageCall time] => 15:21:42
    [P_TID] => INIMX_VBNKCAEcatca0720250728152051315452
    [P_MID] => CAEcatca07
    [P_AUTH_DT] => 20250728152141
    [P_STATUS] => 02
    [P_TYPE] => VBANK
    [P_OID] => 250728-030
    [P_FN_CD1] => 04
    [P_FN_CD2] => 
    [P_FN_NM] => KB국민은행
    [P_AMT] => 3000
    [P_UNAME] => 최부영
    [P_RMESG1] => P_VACCT_NO=70219014794696|P_EXP_DT=20250807
    [P_RMESG2] => 
    [P_NOTI] => 
    [P_AUTH_NO] => 
)

 Array
(
    [PageCall time] => 15:48:12
    [P_TID] => INIMX_VBNKCAEcatca0720250728154530775253
    [P_MID] => CAEcatca07
    [P_AUTH_DT] => 20250728154811
    [P_STATUS] => 02
    [P_TYPE] => VBANK
    [P_OID] => 250728-033
    [P_FN_CD1] => 88
    [P_FN_CD2] => 
    [P_FN_NM] => 신한은행
    [P_AMT] => 3000
    [P_UNAME] => 이진우
    [P_RMESG1] => P_VACCT_NO=56211106910549|P_EXP_DT=20250807
    [P_RMESG2] => 
    [P_NOTI] => 
    [P_AUTH_NO] => 
)

 Array
(
    [PageCall time] => 16:02:54
    [P_TID] => INIMX_VBNKCAEcatca0720250728155933625007
    [P_MID] => CAEcatca07
    [P_AUTH_DT] => 20250728160254
    [P_STATUS] => 02
    [P_TYPE] => VBANK
    [P_OID] => 250728-035
    [P_FN_CD1] => 88
    [P_FN_CD2] => 
    [P_FN_NM] => 신한은행
    [P_AMT] => 3000
    [P_UNAME] => 유민환
    [P_RMESG1] => P_VACCT_NO=56211106912332|P_EXP_DT=20250807
    [P_RMESG2] => 
    [P_NOTI] => 
    [P_AUTH_NO] => 
)

 Array
(
    [PageCall time] => 16:18:44
    [P_TID] => INIMX_VBNKCAEcatca0720250728161556464335
    [P_MID] => CAEcatca07
    [P_AUTH_DT] => 20250728161844
    [P_STATUS] => 02
    [P_TYPE] => VBANK
    [P_OID] => 250728-036
    [P_FN_CD1] => 03
    [P_FN_CD2] => 
    [P_FN_NM] => 기업은행
    [P_AMT] => 3000
    [P_UNAME] => 이 선아
    [P_RMESG1] => P_VACCT_NO=07500412597750|P_EXP_DT=20250807
    [P_RMESG2] => 
    [P_NOTI] => 
    [P_AUTH_NO] => 
)

 Array
(
    [PageCall time] => 16:30:50
    [P_TID] => INIMX_VBNKCAEcatca0720250728162744514662
    [P_MID] => CAEcatca07
    [P_AUTH_DT] => 20250728163050
    [P_STATUS] => 02
    [P_TYPE] => VBANK
    [P_OID] => 250728-032
    [P_FN_CD1] => 88
    [P_FN_CD2] => 
    [P_FN_NM] => 신한은행
    [P_AMT] => 3000
    [P_UNAME] => 신경희
    [P_RMESG1] => P_VACCT_NO=56211122179630|P_EXP_DT=20250807
    [P_RMESG2] => 
    [P_NOTI] => 
    [P_AUTH_NO] => 
)

 Array
(
    [PageCall time] => 16:36:41
    [P_TID] => INIMX_VBNKCAEcatca0720250728163437314228
    [P_MID] => CAEcatca07
    [P_AUTH_DT] => 20250728163641
    [P_STATUS] => 02
    [P_TYPE] => VBANK
    [P_OID] => 250728-037
    [P_FN_CD1] => 04
    [P_FN_CD2] => 
    [P_FN_NM] => KB국민은행
    [P_AMT] => 3000
    [P_UNAME] => 임장순
    [P_RMESG1] => P_VACCT_NO=88429011787391|P_EXP_DT=20250807
    [P_RMESG2] => 
    [P_NOTI] => 
    [P_AUTH_NO] => 
)

 Array
(
    [PageCall time] => 16:37:31
    [P_TID] => INIMX_VBNKCAEcatca0720250728163656334384
    [P_MID] => CAEcatca07
    [P_AUTH_DT] => 20250728163731
    [P_STATUS] => 02
    [P_TYPE] => VBANK
    [P_OID] => 250728-009
    [P_FN_CD1] => 04
    [P_FN_CD2] => 
    [P_FN_NM] => KB국민은행
    [P_AMT] => 3000
    [P_UNAME] => 김상현
    [P_RMESG1] => P_VACCT_NO=88429011787502|P_EXP_DT=20250807
    [P_RMESG2] => 
    [P_NOTI] => 
    [P_AUTH_NO] => 
)

 Array
(
    [PageCall time] => 17:03:51
    [P_TID] => INIMX_VBNKCAEcatca0720250728165947344033
    [P_MID] => CAEcatca07
    [P_AUTH_DT] => 20250728170351
    [P_STATUS] => 02
    [P_TYPE] => VBANK
    [P_OID] => 250728-040
    [P_FN_CD1] => 34
    [P_FN_CD2] => 
    [P_FN_NM] => 광주은행
    [P_AMT] => 3000
    [P_UNAME] => 이성찬
    [P_RMESG1] => P_VACCT_NO=810865528997|P_EXP_DT=20250807
    [P_RMESG2] => 
    [P_NOTI] => 
    [P_AUTH_NO] => 
)

 Array
(
    [PageCall time] => 17:21:18
    [P_TID] => INIMX_VBNKCAEcatca0720250728172041504548
    [P_MID] => CAEcatca07
    [P_AUTH_DT] => 20250728172118
    [P_STATUS] => 02
    [P_TYPE] => VBANK
    [P_OID] => 250728-042
    [P_FN_CD1] => 04
    [P_FN_CD2] => 
    [P_FN_NM] => KB국민은행
    [P_AMT] => 3000
    [P_UNAME] => 조혜령
    [P_RMESG1] => P_VACCT_NO=88429011790069|P_EXP_DT=20250807
    [P_RMESG2] => 
    [P_NOTI] => 
    [P_AUTH_NO] => 
)

 Array
(
    [PageCall time] => 17:52:19
    [P_TID] => INIMX_VBNKCAEcatca0720250728175106634589
    [P_MID] => CAEcatca07
    [P_AUTH_DT] => 20250728175219
    [P_STATUS] => 02
    [P_TYPE] => VBANK
    [P_OID] => 250728-043
    [P_FN_CD1] => 04
    [P_FN_CD2] => 
    [P_FN_NM] => KB국민은행
    [P_AMT] => 3000
    [P_UNAME] => 김반석
    [P_RMESG1] => P_VACCT_NO=88429011793057|P_EXP_DT=20250807
    [P_RMESG2] => 
    [P_NOTI] => 
    [P_AUTH_NO] => 
)

 Array
(
    [PageCall time] => 18:15:48
    [P_TID] => INIMX_VBNKCAEcatca0720250728181240565669
    [P_MID] => CAEcatca07
    [P_AUTH_DT] => 20250728181548
    [P_STATUS] => 02
    [P_TYPE] => VBANK
    [P_OID] => 250728-044
    [P_FN_CD1] => 20
    [P_FN_CD2] => 
    [P_FN_NM] => 우리은행
    [P_AMT] => 3000
    [P_UNAME] => 이정원
    [P_RMESG1] => P_VACCT_NO=27388080818551|P_EXP_DT=20250807
    [P_RMESG2] => 
    [P_NOTI] => 
    [P_AUTH_NO] => 
)

 Array
(
    [PageCall time] => 18:41:59
    [P_TID] => INIMX_VBNKCAEcatca0720250728183933535936
    [P_MID] => CAEcatca07
    [P_AUTH_DT] => 20250728184159
    [P_STATUS] => 02
    [P_TYPE] => VBANK
    [P_OID] => 250728-045
    [P_FN_CD1] => 03
    [P_FN_CD2] => 
    [P_FN_NM] => 기업은행
    [P_AMT] => 3000
    [P_UNAME] => 최한비
    [P_RMESG1] => P_VACCT_NO=07502406497769|P_EXP_DT=20250807
    [P_RMESG2] => 
    [P_NOTI] => 
    [P_AUTH_NO] => 
)

 Array
(
    [PageCall time] => 19:58:38
    [P_TID] => INIMX_VBNKCAEcatca0720250728195603145856
    [P_MID] => CAEcatca07
    [P_AUTH_DT] => 20250728195838
    [P_STATUS] => 02
    [P_TYPE] => VBANK
    [P_OID] => 250727-016
    [P_FN_CD1] => 88
    [P_FN_CD2] => 
    [P_FN_NM] => 신한은행
    [P_AMT] => 3000
    [P_UNAME] => 김일선
    [P_RMESG1] => P_VACCT_NO=56211106925680|P_EXP_DT=20250807
    [P_RMESG2] => 
    [P_NOTI] => 
    [P_AUTH_NO] => 
)

 Array
(
    [PageCall time] => 19:59:06
    [P_TID] => INIMX_VBNKCAEcatca0720250728195526855825
    [P_MID] => CAEcatca07
    [P_AUTH_DT] => 20250728195906
    [P_STATUS] => 02
    [P_TYPE] => VBANK
    [P_OID] => 250728-031
    [P_FN_CD1] => 11
    [P_FN_CD2] => 
    [P_FN_NM] => NH농협은행
    [P_AMT] => 3000
    [P_UNAME] => 이돈광
    [P_RMESG1] => P_VACCT_NO=79014289050900|P_EXP_DT=20250807
    [P_RMESG2] => 
    [P_NOTI] => 
    [P_AUTH_NO] => 
)

 Array
(
    [PageCall time] => 20:14:25
    [P_TID] => INIMX_VBNKCAEcatca0720250728201042545892
    [P_MID] => CAEcatca07
    [P_AUTH_DT] => 20250728201425
    [P_STATUS] => 02
    [P_TYPE] => VBANK
    [P_OID] => 250728-046
    [P_FN_CD1] => 32
    [P_FN_CD2] => 
    [P_FN_NM] => 부산은행
    [P_AMT] => 3000
    [P_UNAME] => 김정분
    [P_RMESG1] => P_VACCT_NO=109924904230|P_EXP_DT=20250807
    [P_RMESG2] => 
    [P_NOTI] => 
    [P_AUTH_NO] => 
)

 Array
(
    [PageCall time] => 20:20:49
    [P_TID] => INIMX_VBNKCAEcatca0720250728201957295513
    [P_MID] => CAEcatca07
    [P_AUTH_DT] => 20250728202049
    [P_STATUS] => 02
    [P_TYPE] => VBANK
    [P_OID] => 250713-007
    [P_FN_CD1] => 04
    [P_FN_CD2] => 
    [P_FN_NM] => KB국민은행
    [P_AMT] => 3000
    [P_UNAME] => 이성기
    [P_RMESG1] => P_VACCT_NO=70219014841855|P_EXP_DT=20250807
    [P_RMESG2] => 
    [P_NOTI] => 
    [P_AUTH_NO] => 
)

 Array
(
    [PageCall time] => 21:22:23
    [P_TID] => INIMX_VBNKCAEcatca0720250728212010775336
    [P_MID] => CAEcatca07
    [P_AUTH_DT] => 20250728212223
    [P_STATUS] => 02
    [P_TYPE] => VBANK
    [P_OID] => 250728-050
    [P_FN_CD1] => 04
    [P_FN_CD2] => 
    [P_FN_NM] => KB국민은행
    [P_AMT] => 3000
    [P_UNAME] => 오민혁
    [P_RMESG1] => P_VACCT_NO=70219014846681|P_EXP_DT=20250807
    [P_RMESG2] => 
    [P_NOTI] => 
    [P_AUTH_NO] => 
)

 Array
(
    [PageCall time] => 21:32:47
    [P_TID] => INIMX_VBNKCAEcatca0720250728213010235275
    [P_MID] => CAEcatca07
    [P_AUTH_DT] => 20250728213247
    [P_STATUS] => 02
    [P_TYPE] => VBANK
    [P_OID] => 250728-051
    [P_FN_CD1] => 20
    [P_FN_CD2] => 
    [P_FN_NM] => 우리은행
    [P_AMT] => 3000
    [P_UNAME] => 이현철
    [P_RMESG1] => P_VACCT_NO=27388090518071|P_EXP_DT=20250807
    [P_RMESG2] => 
    [P_NOTI] => 
    [P_AUTH_NO] => 
)

 Array
(
    [PageCall time] => 22:10:31
    [P_TID] => INIMX_VBNKCAEcatca0720250728220851785433
    [P_MID] => CAEcatca07
    [P_AUTH_DT] => 20250728221031
    [P_STATUS] => 02
    [P_TYPE] => VBANK
    [P_OID] => 250728-053
    [P_FN_CD1] => 04
    [P_FN_CD2] => 
    [P_FN_NM] => KB국민은행
    [P_AMT] => 3000
    [P_UNAME] => 조성민
    [P_RMESG1] => P_VACCT_NO=70219014850695|P_EXP_DT=20250807
    [P_RMESG2] => 
    [P_NOTI] => 
    [P_AUTH_NO] => 
)

 Array
(
    [PageCall time] => 23:19:40
    [P_TID] => INIMX_VBNKCAEcatca0720250728231548815409
    [P_MID] => CAEcatca07
    [P_AUTH_DT] => 20250728231940
    [P_STATUS] => 02
    [P_TYPE] => VBANK
    [P_OID] => 250728-052
    [P_FN_CD1] => 88
    [P_FN_CD2] => 
    [P_FN_NM] => 신한은행
    [P_AMT] => 3000
    [P_UNAME] => 강근영
    [P_RMESG1] => P_VACCT_NO=56211106935400|P_EXP_DT=20250807
    [P_RMESG2] => 
    [P_NOTI] => 
    [P_AUTH_NO] => 
)

 Array
(
    [PageCall time] => 23:37:29
    [P_TID] => INIMX_VBNKCAEcatca0720250728233327855979
    [P_MID] => CAEcatca07
    [P_AUTH_DT] => 20250728233729
    [P_STATUS] => 02
    [P_TYPE] => VBANK
    [P_OID] => 250728-054
    [P_FN_CD1] => 20
    [P_FN_CD2] => 
    [P_FN_NM] => 우리은행
    [P_AMT] => 3000
    [P_UNAME] => 이혜지
    [P_RMESG1] => P_VACCT_NO=27388095418873|P_EXP_DT=20250807
    [P_RMESG2] => 
    [P_NOTI] => 
    [P_AUTH_NO] => 
)

