 Array
(
    [PageCall time] => 07:03:03
    [P_TID] => INIMX_VBNKCAEcatca0720251012070000345230
    [P_MID] => CAEcatca07
    [P_AUTH_DT] => 20251012070303
    [P_STATUS] => 02
    [P_TYPE] => VBANK
    [P_OID] => 251010-009
    [P_FN_CD1] => 88
    [P_FN_CD2] => 
    [P_FN_NM] => 신한은행
    [P_AMT] => 3000
    [P_UNAME] => 이재택
    [P_RMESG1] => P_VACCT_NO=56211105117529|P_EXP_DT=20251022
    [P_RMESG2] => 
    [P_NOTI] => 
    [P_AUTH_NO] => 
)

 Array
(
    [PageCall time] => 14:58:09
    [P_TID] => INIMX_VBNKCAEcatca0720251012145508695309
    [P_MID] => CAEcatca07
    [P_AUTH_DT] => 20251012145809
    [P_STATUS] => 02
    [P_TYPE] => VBANK
    [P_OID] => 251012-003
    [P_FN_CD1] => 23
    [P_FN_CD2] => 
    [P_FN_NM] => SC은행
    [P_AMT] => 3000
    [P_UNAME] => 염남준
    [P_RMESG1] => P_VACCT_NO=46416006149695|P_EXP_DT=20251022
    [P_RMESG2] => 
    [P_NOTI] => 
    [P_AUTH_NO] => 
)

 Array
(
    [PageCall time] => 15:29:10
    [P_TID] => INIMX_VBNKCAEcatca0720251012152554905684
    [P_MID] => CAEcatca07
    [P_AUTH_DT] => 20251012152910
    [P_STATUS] => 02
    [P_TYPE] => VBANK
    [P_OID] => 251012-004
    [P_FN_CD1] => 88
    [P_FN_CD2] => 
    [P_FN_NM] => 신한은행
    [P_AMT] => 3000
    [P_UNAME] => 최영희
    [P_RMESG1] => P_VACCT_NO=56211103660166|P_EXP_DT=20251022
    [P_RMESG2] => 
    [P_NOTI] => 
    [P_AUTH_NO] => 
)

 Array
(
    [PageCall time] => 18:45:21
    [P_TID] => INIMX_VBNKCAEcatca0720251012184153345050
    [P_MID] => CAEcatca07
    [P_AUTH_DT] => 20251012184521
    [P_STATUS] => 02
    [P_TYPE] => VBANK
    [P_OID] => 251010-047
    [P_FN_CD1] => 04
    [P_FN_CD2] => 
    [P_FN_NM] => KB국민은행
    [P_AMT] => 3000
    [P_UNAME] => 최인희
    [P_RMESG1] => P_VACCT_NO=26029078865858|P_EXP_DT=20251022
    [P_RMESG2] => 
    [P_NOTI] => 
    [P_AUTH_NO] => 
)

 Array
(
    [PageCall time] => 23:34:59
    [P_TID] => INIMX_VBNKCAEcatca0720251012232832875239
    [P_MID] => CAEcatca07
    [P_AUTH_DT] => 20251012233459
    [P_STATUS] => 02
    [P_TYPE] => VBANK
    [P_OID] => 251012-007
    [P_FN_CD1] => 81
    [P_FN_CD2] => 
    [P_FN_NM] => 하나은행
    [P_AMT] => 3000
    [P_UNAME] => 정겨운
    [P_RMESG1] => P_VACCT_NO=20893831555837|P_EXP_DT=20251022
    [P_RMESG2] => 
    [P_NOTI] => 
    [P_AUTH_NO] => 
)

