 Array
(
    [PageCall time] => 10:38:28
    [P_TID] => INIMX_VBNKCAEcatca0720250521103514105679
    [P_MID] => CAEcatca07
    [P_AUTH_DT] => 20250521103828
    [P_STATUS] => 02
    [P_TYPE] => VBANK
    [P_OID] => 250521-004
    [P_FN_CD1] => 20
    [P_FN_CD2] => 
    [P_FN_NM] => 우리은행
    [P_AMT] => 3000
    [P_UNAME] => 박성곤
    [P_RMESG1] => P_VACCT_NO=27490035418712|P_EXP_DT=20250531
    [P_RMESG2] => 
    [P_NOTI] => 
    [P_AUTH_NO] => 
)

 Array
(
    [PageCall time] => 10:49:12
    [P_TID] => INIMX_VBNKCAEcatca0720250521104545335368
    [P_MID] => CAEcatca07
    [P_AUTH_DT] => 20250521104912
    [P_STATUS] => 02
    [P_TYPE] => VBANK
    [P_OID] => 250520-006
    [P_FN_CD1] => 88
    [P_FN_CD2] => 
    [P_FN_NM] => 신한은행
    [P_AMT] => 3000
    [P_UNAME] => 서울엔지니어링
    [P_RMESG1] => P_VACCT_NO=56211104762884|P_EXP_DT=20250531
    [P_RMESG2] => 
    [P_NOTI] => 
    [P_AUTH_NO] => 
)

 Array
(
    [PageCall time] => 11:42:04
    [P_TID] => INIMX_VBNKCAEcatca0720250521113825355402
    [P_MID] => CAEcatca07
    [P_AUTH_DT] => 20250521114204
    [P_STATUS] => 02
    [P_TYPE] => VBANK
    [P_OID] => 250521-006
    [P_FN_CD1] => 20
    [P_FN_CD2] => 
    [P_FN_NM] => 우리은행
    [P_AMT] => 3000
    [P_UNAME] => 정보라
    [P_RMESG1] => P_VACCT_NO=27490041918177|P_EXP_DT=20250531
    [P_RMESG2] => 
    [P_NOTI] => 
    [P_AUTH_NO] => 
)

 Array
(
    [PageCall time] => 12:20:21
    [P_TID] => INIMX_VBNKCAEcatca0720250516103618534560
    [P_MID] => CAEcatca07
    [P_AUTH_DT] => 20250521122021
    [P_STATUS] => 02
    [P_TYPE] => VBANK
    [P_OID] => 250516-005
    [P_FN_CD1] => 04
    [P_FN_CD2] => 
    [P_FN_NM] => KB국민은행
    [P_AMT] => 3000
    [P_UNAME] => 정승용
    [P_RMESG1] => P_VACCT_NO=88009011984354|P_EXP_DT=20250526
    [P_RMESG2] => 
    [P_NOTI] => 
    [P_AUTH_NO] => 
)

 Array
(
    [PageCall time] => 13:30:26
    [P_TID] => INIMX_VBNKCAEcatca0720250521132943715054
    [P_MID] => CAEcatca07
    [P_AUTH_DT] => 20250521133026
    [P_STATUS] => 02
    [P_TYPE] => VBANK
    [P_OID] => 250521-009
    [P_FN_CD1] => 32
    [P_FN_CD2] => 
    [P_FN_NM] => 부산은행
    [P_AMT] => 3000
    [P_UNAME] => 이진민
    [P_RMESG1] => P_VACCT_NO=109924625936|P_EXP_DT=20250531
    [P_RMESG2] => 
    [P_NOTI] => 
    [P_AUTH_NO] => 
)

 Array
(
    [PageCall time] => 13:42:58
    [P_TID] => INIMX_VBNKCAEcatca0720250521134200775966
    [P_MID] => CAEcatca07
    [P_AUTH_DT] => 20250521134258
    [P_STATUS] => 02
    [P_TYPE] => VBANK
    [P_OID] => 250521-010
    [P_FN_CD1] => 04
    [P_FN_CD2] => 
    [P_FN_NM] => KB국민은행
    [P_AMT] => 3000
    [P_UNAME] => 이성근
    [P_RMESG1] => P_VACCT_NO=26159078202324|P_EXP_DT=20250531
    [P_RMESG2] => 
    [P_NOTI] => 
    [P_AUTH_NO] => 
)

 Array
(
    [PageCall time] => 14:15:48
    [P_TID] => INIMX_VBNKCAEcatca0720250521141521925198
    [P_MID] => CAEcatca07
    [P_AUTH_DT] => 20250521141548
    [P_STATUS] => 02
    [P_TYPE] => VBANK
    [P_OID] => 250520-036
    [P_FN_CD1] => 04
    [P_FN_CD2] => 
    [P_FN_NM] => KB국민은행
    [P_AMT] => 3000
    [P_UNAME] => 하지수
    [P_RMESG1] => P_VACCT_NO=26159078232141|P_EXP_DT=20250531
    [P_RMESG2] => 
    [P_NOTI] => 
    [P_AUTH_NO] => 
)

 Array
(
    [PageCall time] => 14:33:34
    [P_TID] => INIMX_VBNKCAEcatca0720250521142852525390
    [P_MID] => CAEcatca07
    [P_AUTH_DT] => 20250521143334
    [P_STATUS] => 02
    [P_TYPE] => VBANK
    [P_OID] => 250521-012
    [P_FN_CD1] => 88
    [P_FN_CD2] => 
    [P_FN_NM] => 신한은행
    [P_AMT] => 3000
    [P_UNAME] => 김인수
    [P_RMESG1] => P_VACCT_NO=56211102359045|P_EXP_DT=20250531
    [P_RMESG2] => 
    [P_NOTI] => 
    [P_AUTH_NO] => 
)

 Array
(
    [PageCall time] => 14:49:24
    [P_TID] => INIMX_VBNKCAEcatca0720250521144730865933
    [P_MID] => CAEcatca07
    [P_AUTH_DT] => 20250521144924
    [P_STATUS] => 02
    [P_TYPE] => VBANK
    [P_OID] => 250521-013
    [P_FN_CD1] => 32
    [P_FN_CD2] => 
    [P_FN_NM] => 부산은행
    [P_AMT] => 3000
    [P_UNAME] => 박찬
    [P_RMESG1] => P_VACCT_NO=109924626592|P_EXP_DT=20250531
    [P_RMESG2] => 
    [P_NOTI] => 
    [P_AUTH_NO] => 
)

 Array
(
    [PageCall time] => 15:01:43
    [P_TID] => INIMX_VBNKCAEcatca0720250521150103215994
    [P_MID] => CAEcatca07
    [P_AUTH_DT] => 20250521150143
    [P_STATUS] => 02
    [P_TYPE] => VBANK
    [P_OID] => 250521-015
    [P_FN_CD1] => 04
    [P_FN_CD2] => 
    [P_FN_NM] => KB국민은행
    [P_AMT] => 3000
    [P_UNAME] => 박아영
    [P_RMESG1] => P_VACCT_NO=26159078259120|P_EXP_DT=20250531
    [P_RMESG2] => 
    [P_NOTI] => 
    [P_AUTH_NO] => 
)

 Array
(
    [PageCall time] => 15:54:05
    [P_TID] => INIMX_VBNKCAEcatca0720250521155109705334
    [P_MID] => CAEcatca07
    [P_AUTH_DT] => 20250521155405
    [P_STATUS] => 02
    [P_TYPE] => VBANK
    [P_OID] => 250521-017
    [P_FN_CD1] => 20
    [P_FN_CD2] => 
    [P_FN_NM] => 우리은행
    [P_AMT] => 3000
    [P_UNAME] => 김승일
    [P_RMESG1] => P_VACCT_NO=27490061318306|P_EXP_DT=20250531
    [P_RMESG2] => 
    [P_NOTI] => 
    [P_AUTH_NO] => 
)

 Array
(
    [PageCall time] => 16:17:19
    [P_TID] => INIMX_VBNKCAEcatca0720250521161442865581
    [P_MID] => CAEcatca07
    [P_AUTH_DT] => 20250521161719
    [P_STATUS] => 02
    [P_TYPE] => VBANK
    [P_OID] => 250521-014
    [P_FN_CD1] => 03
    [P_FN_CD2] => 
    [P_FN_NM] => 기업은행
    [P_AMT] => 3000
    [P_UNAME] => 김근희
    [P_RMESG1] => P_VACCT_NO=07502379897730|P_EXP_DT=20250531
    [P_RMESG2] => 
    [P_NOTI] => 
    [P_AUTH_NO] => 
)

 Array
(
    [PageCall time] => 17:40:20
    [P_TID] => INIMX_VBNKCAEcatca0720250521173611365607
    [P_MID] => CAEcatca07
    [P_AUTH_DT] => 20250521174020
    [P_STATUS] => 02
    [P_TYPE] => VBANK
    [P_OID] => 250521-020
    [P_FN_CD1] => 88
    [P_FN_CD2] => 
    [P_FN_NM] => 신한은행
    [P_AMT] => 3000
    [P_UNAME] => 권예서
    [P_RMESG1] => P_VACCT_NO=56211103820770|P_EXP_DT=20250531
    [P_RMESG2] => 
    [P_NOTI] => 
    [P_AUTH_NO] => 
)

 Array
(
    [PageCall time] => 17:41:11
    [P_TID] => INIMX_VBNKCAEcatca0720250521173813135845
    [P_MID] => CAEcatca07
    [P_AUTH_DT] => 20250521174111
    [P_STATUS] => 02
    [P_TYPE] => VBANK
    [P_OID] => 250519-009
    [P_FN_CD1] => 81
    [P_FN_CD2] => 
    [P_FN_NM] => 하나은행
    [P_AMT] => 3000
    [P_UNAME] => 김성곤
    [P_RMESG1] => P_VACCT_NO=20893984428637|P_EXP_DT=20250531
    [P_RMESG2] => 
    [P_NOTI] => 
    [P_AUTH_NO] => 
)

 Array
(
    [PageCall time] => 17:44:04
    [P_TID] => INIMX_VBNKCAEcatca0720250521174312965578
    [P_MID] => CAEcatca07
    [P_AUTH_DT] => 20250521174404
    [P_STATUS] => 02
    [P_TYPE] => VBANK
    [P_OID] => 250521-003
    [P_FN_CD1] => 11
    [P_FN_CD2] => 
    [P_FN_NM] => NH농협은행
    [P_AMT] => 3000
    [P_UNAME] => 권오익
    [P_RMESG1] => P_VACCT_NO=79016262337667|P_EXP_DT=20250531
    [P_RMESG2] => 
    [P_NOTI] => 
    [P_AUTH_NO] => 
)

 Array
(
    [PageCall time] => 17:45:53
    [P_TID] => INIMX_VBNKCAEcatca0720250521174530645974
    [P_MID] => CAEcatca07
    [P_AUTH_DT] => 20250521174553
    [P_STATUS] => 02
    [P_TYPE] => VBANK
    [P_OID] => 250521-021
    [P_FN_CD1] => 11
    [P_FN_CD2] => 
    [P_FN_NM] => NH농협은행
    [P_AMT] => 3000
    [P_UNAME] => 강정민
    [P_RMESG1] => P_VACCT_NO=79016262337977|P_EXP_DT=20250531
    [P_RMESG2] => 
    [P_NOTI] => 
    [P_AUTH_NO] => 
)

 Array
(
    [PageCall time] => 20:13:19
    [P_TID] => INIMX_VBNKCAEcatca0720250521200758385369
    [P_MID] => CAEcatca07
    [P_AUTH_DT] => 20250521201319
    [P_STATUS] => 02
    [P_TYPE] => VBANK
    [P_OID] => 250521-022
    [P_FN_CD1] => 88
    [P_FN_CD2] => 
    [P_FN_NM] => 신한은행
    [P_AMT] => 3000
    [P_UNAME] => 서지원
    [P_RMESG1] => P_VACCT_NO=56211103832220|P_EXP_DT=20250531
    [P_RMESG2] => 
    [P_NOTI] => 
    [P_AUTH_NO] => 
)

 Array
(
    [PageCall time] => 21:00:36
    [P_TID] => INIMX_VBNKCAEcatca0720250521205706435519
    [P_MID] => CAEcatca07
    [P_AUTH_DT] => 20250521210036
    [P_STATUS] => 02
    [P_TYPE] => VBANK
    [P_OID] => 250520-025
    [P_FN_CD1] => 20
    [P_FN_CD2] => 
    [P_FN_NM] => 우리은행
    [P_AMT] => 3000
    [P_UNAME] => 김진희
    [P_RMESG1] => P_VACCT_NO=27490081618128|P_EXP_DT=20250531
    [P_RMESG2] => 
    [P_NOTI] => 
    [P_AUTH_NO] => 
)

 Array
(
    [PageCall time] => 21:54:28
    [P_TID] => INIMX_VBNKCAEcatca0720250521215151505952
    [P_MID] => CAEcatca07
    [P_AUTH_DT] => 20250521215428
    [P_STATUS] => 02
    [P_TYPE] => VBANK
    [P_OID] => 250521-024
    [P_FN_CD1] => 88
    [P_FN_CD2] => 
    [P_FN_NM] => 신한은행
    [P_AMT] => 3000
    [P_UNAME] => 박다연
    [P_RMESG1] => P_VACCT_NO=56211103839619|P_EXP_DT=20250531
    [P_RMESG2] => 
    [P_NOTI] => 
    [P_AUTH_NO] => 
)

 Array
(
    [PageCall time] => 22:04:31
    [P_TID] => INIMX_VBNKCAEcatca0720250521220332555262
    [P_MID] => CAEcatca07
    [P_AUTH_DT] => 20250521220431
    [P_STATUS] => 02
    [P_TYPE] => VBANK
    [P_OID] => 250521-025
    [P_FN_CD1] => 11
    [P_FN_CD2] => 
    [P_FN_NM] => NH농협은행
    [P_AMT] => 3000
    [P_UNAME] => 이재우
    [P_RMESG1] => P_VACCT_NO=79016262381931|P_EXP_DT=20250531
    [P_RMESG2] => 
    [P_NOTI] => 
    [P_AUTH_NO] => 
)

