 Array
(
    [PageCall time] => 10:37:19
    [P_TID] => INIMX_VBNKCAEcatca0720251003103447145074
    [P_MID] => CAEcatca07
    [P_AUTH_DT] => 20251003103719
    [P_STATUS] => 02
    [P_TYPE] => VBANK
    [P_OID] => 251003-001
    [P_FN_CD1] => 20
    [P_FN_CD2] => 
    [P_FN_NM] => 우리은행
    [P_AMT] => 3000
    [P_UNAME] => 박세진
    [P_RMESG1] => P_VACCT_NO=27490658618061|P_EXP_DT=20251013
    [P_RMESG2] => 
    [P_NOTI] => 
    [P_AUTH_NO] => 
)

 Array
(
    [PageCall time] => 11:23:04
    [P_TID] => INIMX_VBNKCAEcatca0720251003112004585642
    [P_MID] => CAEcatca07
    [P_AUTH_DT] => 20251003112304
    [P_STATUS] => 02
    [P_TYPE] => VBANK
    [P_OID] => 251003-002
    [P_FN_CD1] => 04
    [P_FN_CD2] => 
    [P_FN_NM] => KB국민은행
    [P_AMT] => 3000
    [P_UNAME] => 이경숙
    [P_RMESG1] => P_VACCT_NO=26159078262757|P_EXP_DT=20251013
    [P_RMESG2] => 
    [P_NOTI] => 
    [P_AUTH_NO] => 
)

 Array
(
    [PageCall time] => 16:21:48
    [P_TID] => INIMX_VBNKCAEcatca0720251003161548995060
    [P_MID] => CAEcatca07
    [P_AUTH_DT] => 20251003162148
    [P_STATUS] => 02
    [P_TYPE] => VBANK
    [P_OID] => 251003-004
    [P_FN_CD1] => 20
    [P_FN_CD2] => 
    [P_FN_NM] => 우리은행
    [P_AMT] => 3000
    [P_UNAME] => 한경윤
    [P_RMESG1] => P_VACCT_NO=27490666718691|P_EXP_DT=20251013
    [P_RMESG2] => 
    [P_NOTI] => 
    [P_AUTH_NO] => 
)

 Array
(
    [PageCall time] => 19:55:08
    [P_TID] => INIMX_VBNKCAEcatca0720251003195235585312
    [P_MID] => CAEcatca07
    [P_AUTH_DT] => 20251003195508
    [P_STATUS] => 02
    [P_TYPE] => VBANK
    [P_OID] => 251003-006
    [P_FN_CD1] => 81
    [P_FN_CD2] => 
    [P_FN_NM] => 하나은행
    [P_AMT] => 3000
    [P_UNAME] => 나종민
    [P_RMESG1] => P_VACCT_NO=20893802887737|P_EXP_DT=20251013
    [P_RMESG2] => 
    [P_NOTI] => 
    [P_AUTH_NO] => 
)

 Array
(
    [PageCall time] => 20:21:20
    [P_TID] => INIMX_VBNKCAEcatca0720251003195554175821
    [P_MID] => CAEcatca07
    [P_AUTH_DT] => 20251003202120
    [P_STATUS] => 02
    [P_TYPE] => VBANK
    [P_OID] => 251003-007
    [P_FN_CD1] => 81
    [P_FN_CD2] => 
    [P_FN_NM] => 하나은행
    [P_AMT] => 3000
    [P_UNAME] => 유하은
    [P_RMESG1] => P_VACCT_NO=20893802892237|P_EXP_DT=20251013
    [P_RMESG2] => 
    [P_NOTI] => 
    [P_AUTH_NO] => 
)

 Array
(
    [PageCall time] => 21:05:16
    [P_TID] => INIMX_VBNKCAEcatca0720251003210157685974
    [P_MID] => CAEcatca07
    [P_AUTH_DT] => 20251003210516
    [P_STATUS] => 02
    [P_TYPE] => VBANK
    [P_OID] => 251003-008
    [P_FN_CD1] => 23
    [P_FN_CD2] => 
    [P_FN_NM] => SC은행
    [P_AMT] => 3000
    [P_UNAME] => 유종현
    [P_RMESG1] => P_VACCT_NO=46416006116763|P_EXP_DT=20251013
    [P_RMESG2] => 
    [P_NOTI] => 
    [P_AUTH_NO] => 
)

