 Array
(
    [PageCall time] => 00:40:28
    [P_TID] => INIMX_VBNKCAEcatca0720251008003920165979
    [P_MID] => CAEcatca07
    [P_AUTH_DT] => 20251008004028
    [P_STATUS] => 02
    [P_TYPE] => VBANK
    [P_OID] => 251008-001
    [P_FN_CD1] => 11
    [P_FN_CD2] => 
    [P_FN_NM] => NH농협은행
    [P_AMT] => 3000
    [P_UNAME] => 박검서
    [P_RMESG1] => P_VACCT_NO=79014507804060|P_EXP_DT=20251018
    [P_RMESG2] => 
    [P_NOTI] => 
    [P_AUTH_NO] => 
)

 Array
(
    [PageCall time] => 04:04:33
    [P_TID] => INIMX_VBNKCAEcatca0720251008040143365598
    [P_MID] => CAEcatca07
    [P_AUTH_DT] => 20251008040433
    [P_STATUS] => 02
    [P_TYPE] => VBANK
    [P_OID] => 251008-002
    [P_FN_CD1] => 89
    [P_FN_CD2] => 
    [P_FN_NM] => 케이뱅크
    [P_AMT] => 3000
    [P_UNAME] => 백주영
    [P_RMESG1] => P_VACCT_NO=70112003562862|P_EXP_DT=20251018
    [P_RMESG2] => 
    [P_NOTI] => 
    [P_AUTH_NO] => 
)

 Array
(
    [PageCall time] => 08:24:33
    [P_TID] => INIMX_VBNKCAEcatca0720251008082135445123
    [P_MID] => CAEcatca07
    [P_AUTH_DT] => 20251008082433
    [P_STATUS] => 02
    [P_TYPE] => VBANK
    [P_OID] => 251008-003
    [P_FN_CD1] => 20
    [P_FN_CD2] => 
    [P_FN_NM] => 우리은행
    [P_AMT] => 3000
    [P_UNAME] => 이종학
    [P_RMESG1] => P_VACCT_NO=27490786618874|P_EXP_DT=20251018
    [P_RMESG2] => 
    [P_NOTI] => 
    [P_AUTH_NO] => 
)

 Array
(
    [PageCall time] => 13:41:24
    [P_TID] => INIMX_VBNKCAEcatca0720251008133801935069
    [P_MID] => CAEcatca07
    [P_AUTH_DT] => 20251008134124
    [P_STATUS] => 02
    [P_TYPE] => VBANK
    [P_OID] => 251008-006
    [P_FN_CD1] => 89
    [P_FN_CD2] => 
    [P_FN_NM] => 케이뱅크
    [P_AMT] => 3000
    [P_UNAME] => 정운숙
    [P_RMESG1] => P_VACCT_NO=70112003563880|P_EXP_DT=20251018
    [P_RMESG2] => 
    [P_NOTI] => 
    [P_AUTH_NO] => 
)

 Array
(
    [PageCall time] => 16:13:22
    [P_TID] => INIMX_VBNKCAEcatca0720251008160927705985
    [P_MID] => CAEcatca07
    [P_AUTH_DT] => 20251008161322
    [P_STATUS] => 02
    [P_TYPE] => VBANK
    [P_OID] => 251008-008
    [P_FN_CD1] => 89
    [P_FN_CD2] => 
    [P_FN_NM] => 케이뱅크
    [P_AMT] => 3000
    [P_UNAME] => 허지은
    [P_RMESG1] => P_VACCT_NO=70112003564305|P_EXP_DT=20251018
    [P_RMESG2] => 
    [P_NOTI] => 
    [P_AUTH_NO] => 
)

 Array
(
    [PageCall time] => 18:59:54
    [P_TID] => INIMX_VBNKCAEcatca0720251008185719955260
    [P_MID] => CAEcatca07
    [P_AUTH_DT] => 20251008185953
    [P_STATUS] => 02
    [P_TYPE] => VBANK
    [P_OID] => 251008-004
    [P_FN_CD1] => 04
    [P_FN_CD2] => 
    [P_FN_NM] => KB국민은행
    [P_AMT] => 3000
    [P_UNAME] => 정수진
    [P_RMESG1] => P_VACCT_NO=96309078941356|P_EXP_DT=20251018
    [P_RMESG2] => 
    [P_NOTI] => 
    [P_AUTH_NO] => 
)

 Array
(
    [PageCall time] => 19:51:26
    [P_TID] => INIMX_VBNKCAEcatca0720251008194748825048
    [P_MID] => CAEcatca07
    [P_AUTH_DT] => 20251008195126
    [P_STATUS] => 02
    [P_TYPE] => VBANK
    [P_OID] => 251008-010
    [P_FN_CD1] => 04
    [P_FN_CD2] => 
    [P_FN_NM] => KB국민은행
    [P_AMT] => 3000
    [P_UNAME] => 박일석
    [P_RMESG1] => P_VACCT_NO=96309078948805|P_EXP_DT=20251018
    [P_RMESG2] => 
    [P_NOTI] => 
    [P_AUTH_NO] => 
)

