 Array
(
    [PageCall time] => 09:04:31
    [P_TID] => INIMX_VBNKCAEcatca0720251004090138815063
    [P_MID] => CAEcatca07
    [P_AUTH_DT] => 20251004090431
    [P_STATUS] => 02
    [P_TYPE] => VBANK
    [P_OID] => 251004-001
    [P_FN_CD1] => 88
    [P_FN_CD2] => 
    [P_FN_NM] => 신한은행
    [P_AMT] => 3000
    [P_UNAME] => 장설화
    [P_RMESG1] => P_VACCT_NO=56211103377006|P_EXP_DT=20251014
    [P_RMESG2] => 
    [P_NOTI] => 
    [P_AUTH_NO] => 
)

 Array
(
    [PageCall time] => 12:15:41
    [P_TID] => INIMX_VBNKCAEcatca0720251004121134725956
    [P_MID] => CAEcatca07
    [P_AUTH_DT] => 20251004121541
    [P_STATUS] => 02
    [P_TYPE] => VBANK
    [P_OID] => 251004-002
    [P_FN_CD1] => 04
    [P_FN_CD2] => 
    [P_FN_NM] => KB국민은행
    [P_AMT] => 3000
    [P_UNAME] => 이종호
    [P_RMESG1] => P_VACCT_NO=26159078255841|P_EXP_DT=20251014
    [P_RMESG2] => 
    [P_NOTI] => 
    [P_AUTH_NO] => 
)

 Array
(
    [PageCall time] => 12:24:36
    [P_TID] => INIMX_VBNKCAEcatca0720251004122059145846
    [P_MID] => CAEcatca07
    [P_AUTH_DT] => 20251004122436
    [P_STATUS] => 02
    [P_TYPE] => VBANK
    [P_OID] => 251004-003
    [P_FN_CD1] => 89
    [P_FN_CD2] => 
    [P_FN_NM] => 케이뱅크
    [P_AMT] => 3000
    [P_UNAME] => 하근용
    [P_RMESG1] => P_VACCT_NO=70112003550549|P_EXP_DT=20251014
    [P_RMESG2] => 
    [P_NOTI] => 
    [P_AUTH_NO] => 
)

 Array
(
    [PageCall time] => 12:40:35
    [P_TID] => INIMX_VBNKCAEcatca0720251004123757665880
    [P_MID] => CAEcatca07
    [P_AUTH_DT] => 20251004124035
    [P_STATUS] => 02
    [P_TYPE] => VBANK
    [P_OID] => 250929-027
    [P_FN_CD1] => 04
    [P_FN_CD2] => 
    [P_FN_NM] => KB국민은행
    [P_AMT] => 3000
    [P_UNAME] => 윤정민
    [P_RMESG1] => P_VACCT_NO=26159078270053|P_EXP_DT=20251014
    [P_RMESG2] => 
    [P_NOTI] => 
    [P_AUTH_NO] => 
)

 Array
(
    [PageCall time] => 13:51:12
    [P_TID] => INIMX_VBNKCAEcatca0720251004134841175690
    [P_MID] => CAEcatca07
    [P_AUTH_DT] => 20251004135112
    [P_STATUS] => 02
    [P_TYPE] => VBANK
    [P_OID] => 251004-004
    [P_FN_CD1] => 88
    [P_FN_CD2] => 
    [P_FN_NM] => 신한은행
    [P_AMT] => 3000
    [P_UNAME] => 김미선
    [P_RMESG1] => P_VACCT_NO=56211103384094|P_EXP_DT=20251014
    [P_RMESG2] => 
    [P_NOTI] => 
    [P_AUTH_NO] => 
)

 Array
(
    [PageCall time] => 17:09:49
    [P_TID] => INIMX_VBNKCAEcatca0720251004170702445737
    [P_MID] => CAEcatca07
    [P_AUTH_DT] => 20251004170949
    [P_STATUS] => 02
    [P_TYPE] => VBANK
    [P_OID] => 251004-005
    [P_FN_CD1] => 81
    [P_FN_CD2] => 
    [P_FN_NM] => 하나은행
    [P_AMT] => 3000
    [P_UNAME] => 남주영
    [P_RMESG1] => P_VACCT_NO=20893805284037|P_EXP_DT=20251014
    [P_RMESG2] => 
    [P_NOTI] => 
    [P_AUTH_NO] => 
)

