 Array
(
    [PageCall time] => 11:31:20
    [P_TID] => INIMX_VBNKCAEcatca0720250713112842805968
    [P_MID] => CAEcatca07
    [P_AUTH_DT] => 20250713113120
    [P_STATUS] => 02
    [P_TYPE] => VBANK
    [P_OID] => 250713-001
    [P_FN_CD1] => 89
    [P_FN_CD2] => 
    [P_FN_NM] => 케이뱅크
    [P_AMT] => 3000
    [P_UNAME] => 정고은
    [P_RMESG1] => P_VACCT_NO=70112003952226|P_EXP_DT=20250723
    [P_RMESG2] => 
    [P_NOTI] => 
    [P_AUTH_NO] => 
)

 Array
(
    [PageCall time] => 14:23:05
    [P_TID] => INIMX_VBNKCAEcatca0720250713141921115305
    [P_MID] => CAEcatca07
    [P_AUTH_DT] => 20250713142305
    [P_STATUS] => 02
    [P_TYPE] => VBANK
    [P_OID] => 250713-003
    [P_FN_CD1] => 31
    [P_FN_CD2] => 
    [P_FN_NM] => 아이엠뱅크(대구은행)
    [P_AMT] => 3000
    [P_UNAME] => 이기일
    [P_RMESG1] => P_VACCT_NO=9600363454165|P_EXP_DT=20250723
    [P_RMESG2] => 
    [P_NOTI] => 
    [P_AUTH_NO] => 
)

 Array
(
    [PageCall time] => 15:28:38
    [P_TID] => INIMX_VBNKCAEcatca0720250713152413575746
    [P_MID] => CAEcatca07
    [P_AUTH_DT] => 20250713152838
    [P_STATUS] => 02
    [P_TYPE] => VBANK
    [P_OID] => 250713-004
    [P_FN_CD1] => 89
    [P_FN_CD2] => 
    [P_FN_NM] => 케이뱅크
    [P_AMT] => 3000
    [P_UNAME] => 성보경
    [P_RMESG1] => P_VACCT_NO=70112003953220|P_EXP_DT=20250723
    [P_RMESG2] => 
    [P_NOTI] => 
    [P_AUTH_NO] => 
)

 Array
(
    [PageCall time] => 17:32:42
    [P_TID] => INIMX_VBNKCAEcatca0720250713172022565152
    [P_MID] => CAEcatca07
    [P_AUTH_DT] => 20250713173242
    [P_STATUS] => 02
    [P_TYPE] => VBANK
    [P_OID] => 250713-005
    [P_FN_CD1] => 20
    [P_FN_CD2] => 
    [P_FN_NM] => 우리은행
    [P_AMT] => 3000
    [P_UNAME] => 조진영
    [P_RMESG1] => P_VACCT_NO=61848535118292|P_EXP_DT=20250723
    [P_RMESG2] => 
    [P_NOTI] => 
    [P_AUTH_NO] => 
)

 Array
(
    [PageCall time] => 18:22:52
    [P_TID] => INIMX_VBNKCAEcatca0720250713181955615736
    [P_MID] => CAEcatca07
    [P_AUTH_DT] => 20250713182252
    [P_STATUS] => 02
    [P_TYPE] => VBANK
    [P_OID] => 250713-006
    [P_FN_CD1] => 88
    [P_FN_CD2] => 
    [P_FN_NM] => 신한은행
    [P_AMT] => 3000
    [P_UNAME] => 이정은
    [P_RMESG1] => P_VACCT_NO=56211106557467|P_EXP_DT=20250723
    [P_RMESG2] => 
    [P_NOTI] => 
    [P_AUTH_NO] => 
)

 Array
(
    [PageCall time] => 20:41:53
    [P_TID] => INIMX_VBNKCAEcatca0720250713203909555453
    [P_MID] => CAEcatca07
    [P_AUTH_DT] => 20250713204153
    [P_STATUS] => 02
    [P_TYPE] => VBANK
    [P_OID] => 250713-009
    [P_FN_CD1] => 20
    [P_FN_CD2] => 
    [P_FN_NM] => 우리은행
    [P_AMT] => 3000
    [P_UNAME] => 강현모
    [P_RMESG1] => P_VACCT_NO=61848542318020|P_EXP_DT=20250723
    [P_RMESG2] => 
    [P_NOTI] => 
    [P_AUTH_NO] => 
)

 Array
(
    [PageCall time] => 20:45:49
    [P_TID] => INIMX_VBNKCAEcatca0720250710193714955609
    [P_MID] => CAEcatca07
    [P_AUTH_DT] => 20250713204549
    [P_STATUS] => 02
    [P_TYPE] => VBANK
    [P_OID] => 250710-043
    [P_FN_CD1] => 04
    [P_FN_CD2] => 
    [P_FN_NM] => KB국민은행
    [P_AMT] => 3000
    [P_UNAME] => 안병일
    [P_RMESG1] => P_VACCT_NO=26159078150160|P_EXP_DT=20250720
    [P_RMESG2] => 
    [P_NOTI] => 
    [P_AUTH_NO] => 
)

 Array
(
    [PageCall time] => 22:25:56
    [P_TID] => INIMX_VBNKCAEcatca0720250713222511985232
    [P_MID] => CAEcatca07
    [P_AUTH_DT] => 20250713222556
    [P_STATUS] => 02
    [P_TYPE] => VBANK
    [P_OID] => 250713-010
    [P_FN_CD1] => 04
    [P_FN_CD2] => 
    [P_FN_NM] => KB국민은행
    [P_AMT] => 3000
    [P_UNAME] => 이혜영
    [P_RMESG1] => P_VACCT_NO=87679011015035|P_EXP_DT=20250723
    [P_RMESG2] => 
    [P_NOTI] => 
    [P_AUTH_NO] => 
)

