 Array
(
    [PageCall time] => 00:09:31
    [P_TID] => INIMX_VBNKCAEcatca0720260323000530705133
    [P_MID] => CAEcatca07
    [P_AUTH_DT] => 20260323000931
    [P_STATUS] => 02
    [P_TYPE] => VBANK
    [P_OID] => 260320-015
    [P_FN_CD1] => 20
    [P_FN_CD2] => 
    [P_FN_NM] => 우리은행
    [P_AMT] => 3500
    [P_UNAME] => 최병현
    [P_RMESG1] => P_VACCT_NO=32823407018853|P_EXP_DT=20260402
    [P_RMESG2] => 
    [P_NOTI] => 
    [P_AUTH_NO] => 
)

 Array
(
    [PageCall time] => 07:35:25
    [P_TID] => INIMX_VBNKCAEcatca0720260323073159825328
    [P_MID] => CAEcatca07
    [P_AUTH_DT] => 20260323073525
    [P_STATUS] => 02
    [P_TYPE] => VBANK
    [P_OID] => 260323-001
    [P_FN_CD1] => 04
    [P_FN_CD2] => 
    [P_FN_NM] => KB국민은행
    [P_AMT] => 3500
    [P_UNAME] => 안진복
    [P_RMESG1] => P_VACCT_NO=41989011503986|P_EXP_DT=20260402
    [P_RMESG2] => 
    [P_NOTI] => 
    [P_AUTH_NO] => 
)

 Array
(
    [PageCall time] => 10:17:05
    [P_TID] => INIMX_VBNKCAEcatca0720260323101319865817
    [P_MID] => CAEcatca07
    [P_AUTH_DT] => 20260323101705
    [P_STATUS] => 02
    [P_TYPE] => VBANK
    [P_OID] => 260323-003
    [P_FN_CD1] => 04
    [P_FN_CD2] => 
    [P_FN_NM] => KB국민은행
    [P_AMT] => 3500
    [P_UNAME] => 권성률
    [P_RMESG1] => P_VACCT_NO=44289079254853|P_EXP_DT=20260402
    [P_RMESG2] => 
    [P_NOTI] => 
    [P_AUTH_NO] => 
)

 Array
(
    [PageCall time] => 10:22:18
    [P_TID] => INIMX_VBNKCAEcatca0720260322200351735339
    [P_MID] => CAEcatca07
    [P_AUTH_DT] => 20260323102218
    [P_STATUS] => 02
    [P_TYPE] => VBANK
    [P_OID] => 260322-009
    [P_FN_CD1] => 88
    [P_FN_CD2] => 
    [P_FN_NM] => 신한은행
    [P_AMT] => 3500
    [P_UNAME] => 장종혁
    [P_RMESG1] => P_VACCT_NO=56211105744327|P_EXP_DT=20260401
    [P_RMESG2] => 
    [P_NOTI] => 
    [P_AUTH_NO] => 
)

 Array
(
    [PageCall time] => 10:33:46
    [P_TID] => INIMX_VBNKCAEcatca0720260323103029615353
    [P_MID] => CAEcatca07
    [P_AUTH_DT] => 20260323103346
    [P_STATUS] => 02
    [P_TYPE] => VBANK
    [P_OID] => 260323-005
    [P_FN_CD1] => 04
    [P_FN_CD2] => 
    [P_FN_NM] => KB국민은행
    [P_AMT] => 3500
    [P_UNAME] => 김재화
    [P_RMESG1] => P_VACCT_NO=44289079362880|P_EXP_DT=20260402
    [P_RMESG2] => 
    [P_NOTI] => 
    [P_AUTH_NO] => 
)

 Array
(
    [PageCall time] => 10:38:29
    [P_TID] => INIMX_VBNKCAEcatca0720260323103735865795
    [P_MID] => CAEcatca07
    [P_AUTH_DT] => 20260323103829
    [P_STATUS] => 02
    [P_TYPE] => VBANK
    [P_OID] => 260323-006
    [P_FN_CD1] => 11
    [P_FN_CD2] => 
    [P_FN_NM] => NH농협은행
    [P_AMT] => 3500
    [P_UNAME] => 박동화
    [P_RMESG1] => P_VACCT_NO=79014408772653|P_EXP_DT=20260402
    [P_RMESG2] => 
    [P_NOTI] => 
    [P_AUTH_NO] => 
)

 Array
(
    [PageCall time] => 10:54:25
    [P_TID] => INIMX_VBNKCAEcatca0720260323105152835302
    [P_MID] => CAEcatca07
    [P_AUTH_DT] => 20260323105425
    [P_STATUS] => 02
    [P_TYPE] => VBANK
    [P_OID] => 260323-009
    [P_FN_CD1] => 88
    [P_FN_CD2] => 
    [P_FN_NM] => 신한은행
    [P_AMT] => 3500
    [P_UNAME] => 김세화
    [P_RMESG1] => P_VACCT_NO=56211104252550|P_EXP_DT=20260402
    [P_RMESG2] => 
    [P_NOTI] => 
    [P_AUTH_NO] => 
)

 Array
(
    [PageCall time] => 10:56:22
    [P_TID] => INIMX_VBNKCAEcatca0720260323105339585040
    [P_MID] => CAEcatca07
    [P_AUTH_DT] => 20260323105622
    [P_STATUS] => 02
    [P_TYPE] => VBANK
    [P_OID] => 260323-010
    [P_FN_CD1] => 88
    [P_FN_CD2] => 
    [P_FN_NM] => 신한은행
    [P_AMT] => 3500
    [P_UNAME] => 김영중
    [P_RMESG1] => P_VACCT_NO=56211104284587|P_EXP_DT=20260402
    [P_RMESG2] => 
    [P_NOTI] => 
    [P_AUTH_NO] => 
)

 Array
(
    [PageCall time] => 10:59:34
    [P_TID] => INIMX_VBNKCAEcatca0720260323105741935995
    [P_MID] => CAEcatca07
    [P_AUTH_DT] => 20260323105934
    [P_STATUS] => 02
    [P_TYPE] => VBANK
    [P_OID] => 260323-011
    [P_FN_CD1] => 11
    [P_FN_CD2] => 
    [P_FN_NM] => NH농협은행
    [P_AMT] => 3500
    [P_UNAME] => 이성보
    [P_RMESG1] => P_VACCT_NO=79014408776970|P_EXP_DT=20260402
    [P_RMESG2] => 
    [P_NOTI] => 
    [P_AUTH_NO] => 
)

 Array
(
    [PageCall time] => 11:47:43
    [P_TID] => INIMX_VBNKCAEcatca0720260323114518895571
    [P_MID] => CAEcatca07
    [P_AUTH_DT] => 20260323114743
    [P_STATUS] => 02
    [P_TYPE] => VBANK
    [P_OID] => 260323-014
    [P_FN_CD1] => 04
    [P_FN_CD2] => 
    [P_FN_NM] => KB국민은행
    [P_AMT] => 3500
    [P_UNAME] => 전정민
    [P_RMESG1] => P_VACCT_NO=80429078547312|P_EXP_DT=20260402
    [P_RMESG2] => 
    [P_NOTI] => 
    [P_AUTH_NO] => 
)

 Array
(
    [PageCall time] => 11:51:58
    [P_TID] => INIMX_VBNKCAEcatca0720260323114830745323
    [P_MID] => CAEcatca07
    [P_AUTH_DT] => 20260323115158
    [P_STATUS] => 02
    [P_TYPE] => VBANK
    [P_OID] => 260323-015
    [P_FN_CD1] => 03
    [P_FN_CD2] => 
    [P_FN_NM] => 기업은행
    [P_AMT] => 3500
    [P_UNAME] => 정연숙
    [P_RMESG1] => P_VACCT_NO=07502260497849|P_EXP_DT=20260402
    [P_RMESG2] => 
    [P_NOTI] => 
    [P_AUTH_NO] => 
)

 Array
(
    [PageCall time] => 12:39:13
    [P_TID] => INIMX_VBNKCAEcatca0720260323123603405791
    [P_MID] => CAEcatca07
    [P_AUTH_DT] => 20260323123913
    [P_STATUS] => 02
    [P_TYPE] => VBANK
    [P_OID] => 260323-017
    [P_FN_CD1] => 88
    [P_FN_CD2] => 
    [P_FN_NM] => 신한은행
    [P_AMT] => 3500
    [P_UNAME] => 김의식
    [P_RMESG1] => P_VACCT_NO=56211105615352|P_EXP_DT=20260402
    [P_RMESG2] => 
    [P_NOTI] => 
    [P_AUTH_NO] => 
)

 Array
(
    [PageCall time] => 12:56:30
    [P_TID] => INIMX_VBNKCAEcatca0720260323125557505594
    [P_MID] => CAEcatca07
    [P_AUTH_DT] => 20260323125630
    [P_STATUS] => 02
    [P_TYPE] => VBANK
    [P_OID] => 260323-018
    [P_FN_CD1] => 11
    [P_FN_CD2] => 
    [P_FN_NM] => NH농협은행
    [P_AMT] => 3500
    [P_UNAME] => 차미경
    [P_RMESG1] => P_VACCT_NO=79014408795185|P_EXP_DT=20260402
    [P_RMESG2] => 
    [P_NOTI] => 
    [P_AUTH_NO] => 
)

 Array
(
    [PageCall time] => 13:23:02
    [P_TID] => INIMX_VBNKCAEcatca0720260323132149325341
    [P_MID] => CAEcatca07
    [P_AUTH_DT] => 20260323132302
    [P_STATUS] => 02
    [P_TYPE] => VBANK
    [P_OID] => 260323-022
    [P_FN_CD1] => 11
    [P_FN_CD2] => 
    [P_FN_NM] => NH농협은행
    [P_AMT] => 3500
    [P_UNAME] => 고기윤
    [P_RMESG1] => P_VACCT_NO=79014408798861|P_EXP_DT=20260402
    [P_RMESG2] => 
    [P_NOTI] => 
    [P_AUTH_NO] => 
)

 Array
(
    [PageCall time] => 13:23:12
    [P_TID] => INIMX_VBNKCAEcatca0720260323132010325872
    [P_MID] => CAEcatca07
    [P_AUTH_DT] => 20260323132312
    [P_STATUS] => 02
    [P_TYPE] => VBANK
    [P_OID] => 260323-021
    [P_FN_CD1] => 04
    [P_FN_CD2] => 
    [P_FN_NM] => KB국민은행
    [P_AMT] => 3500
    [P_UNAME] => 최희정
    [P_RMESG1] => P_VACCT_NO=80429078564094|P_EXP_DT=20260402
    [P_RMESG2] => 
    [P_NOTI] => 
    [P_AUTH_NO] => 
)

 Array
(
    [PageCall time] => 13:27:55
    [P_TID] => INIMX_VBNKCAEcatca0720260323132433575286
    [P_MID] => CAEcatca07
    [P_AUTH_DT] => 20260323132755
    [P_STATUS] => 02
    [P_TYPE] => VBANK
    [P_OID] => 260323-024
    [P_FN_CD1] => 89
    [P_FN_CD2] => 
    [P_FN_NM] => 케이뱅크
    [P_AMT] => 3500
    [P_UNAME] => 김태진
    [P_RMESG1] => P_VACCT_NO=70112003820311|P_EXP_DT=20260402
    [P_RMESG2] => 
    [P_NOTI] => 
    [P_AUTH_NO] => 
)

 Array
(
    [PageCall time] => 13:53:16
    [P_TID] => INIMX_VBNKCAEcatca0720260323134915565008
    [P_MID] => CAEcatca07
    [P_AUTH_DT] => 20260323135316
    [P_STATUS] => 02
    [P_TYPE] => VBANK
    [P_OID] => 260323-026
    [P_FN_CD1] => 20
    [P_FN_CD2] => 
    [P_FN_NM] => 우리은행
    [P_AMT] => 3500
    [P_UNAME] => 정영자
    [P_RMESG1] => P_VACCT_NO=32823434918010|P_EXP_DT=20260402
    [P_RMESG2] => 
    [P_NOTI] => 
    [P_AUTH_NO] => 
)

 Array
(
    [PageCall time] => 14:01:11
    [P_TID] => INIMX_VBNKCAEcatca0720260323135821625411
    [P_MID] => CAEcatca07
    [P_AUTH_DT] => 20260323140111
    [P_STATUS] => 02
    [P_TYPE] => VBANK
    [P_OID] => 260323-029
    [P_FN_CD1] => 81
    [P_FN_CD2] => 
    [P_FN_NM] => 하나은행
    [P_AMT] => 3500
    [P_UNAME] => 남경민
    [P_RMESG1] => P_VACCT_NO=20893826736037|P_EXP_DT=20260402
    [P_RMESG2] => 
    [P_NOTI] => 
    [P_AUTH_NO] => 
)

 Array
(
    [PageCall time] => 14:40:26
    [P_TID] => INIMX_VBNKCAEcatca0720260323143641875926
    [P_MID] => CAEcatca07
    [P_AUTH_DT] => 20260323144026
    [P_STATUS] => 02
    [P_TYPE] => VBANK
    [P_OID] => 260323-032
    [P_FN_CD1] => 20
    [P_FN_CD2] => 
    [P_FN_NM] => 우리은행
    [P_AMT] => 3500
    [P_UNAME] => 공영옥
    [P_RMESG1] => P_VACCT_NO=32823437118566|P_EXP_DT=20260402
    [P_RMESG2] => 
    [P_NOTI] => 
    [P_AUTH_NO] => 
)

 Array
(
    [PageCall time] => 16:05:11
    [P_TID] => INIMX_VBNKCAEcatca0720260323155942265269
    [P_MID] => CAEcatca07
    [P_AUTH_DT] => 20260323160511
    [P_STATUS] => 02
    [P_TYPE] => VBANK
    [P_OID] => 260323-033
    [P_FN_CD1] => 81
    [P_FN_CD2] => 
    [P_FN_NM] => 하나은행
    [P_AMT] => 3500
    [P_UNAME] => 이내리
    [P_RMESG1] => P_VACCT_NO=20893828109537|P_EXP_DT=20260402
    [P_RMESG2] => 
    [P_NOTI] => 
    [P_AUTH_NO] => 
)

 Array
(
    [PageCall time] => 16:24:30
    [P_TID] => INIMX_VBNKCAEcatca0720260323162158325569
    [P_MID] => CAEcatca07
    [P_AUTH_DT] => 20260323162430
    [P_STATUS] => 02
    [P_TYPE] => VBANK
    [P_OID] => 260323-034
    [P_FN_CD1] => 04
    [P_FN_CD2] => 
    [P_FN_NM] => KB국민은행
    [P_AMT] => 3500
    [P_UNAME] => 이유림
    [P_RMESG1] => P_VACCT_NO=80429078608655|P_EXP_DT=20260402
    [P_RMESG2] => 
    [P_NOTI] => 
    [P_AUTH_NO] => 
)

 Array
(
    [PageCall time] => 16:26:48
    [P_TID] => INIMX_VBNKCAEcatca0720260323162356175353
    [P_MID] => CAEcatca07
    [P_AUTH_DT] => 20260323162648
    [P_STATUS] => 02
    [P_TYPE] => VBANK
    [P_OID] => 260323-035
    [P_FN_CD1] => 88
    [P_FN_CD2] => 
    [P_FN_NM] => 신한은행
    [P_AMT] => 3500
    [P_UNAME] => 김현
    [P_RMESG1] => P_VACCT_NO=56211105778964|P_EXP_DT=20260402
    [P_RMESG2] => 
    [P_NOTI] => 
    [P_AUTH_NO] => 
)

 Array
(
    [PageCall time] => 17:10:58
    [P_TID] => INIMX_VBNKCAEcatca0720260323170812265923
    [P_MID] => CAEcatca07
    [P_AUTH_DT] => 20260323171058
    [P_STATUS] => 02
    [P_TYPE] => VBANK
    [P_OID] => 260323-036
    [P_FN_CD1] => 81
    [P_FN_CD2] => 
    [P_FN_NM] => 하나은행
    [P_AMT] => 3500
    [P_UNAME] => 김천성
    [P_RMESG1] => P_VACCT_NO=20893828650537|P_EXP_DT=20260402
    [P_RMESG2] => 
    [P_NOTI] => 
    [P_AUTH_NO] => 
)

 Array
(
    [PageCall time] => 17:58:50
    [P_TID] => INIMX_VBNKCAEcatca0720260323175502915077
    [P_MID] => CAEcatca07
    [P_AUTH_DT] => 20260323175850
    [P_STATUS] => 02
    [P_TYPE] => VBANK
    [P_OID] => 260323-038
    [P_FN_CD1] => 81
    [P_FN_CD2] => 
    [P_FN_NM] => 하나은행
    [P_AMT] => 3500
    [P_UNAME] => 정소현
    [P_RMESG1] => P_VACCT_NO=20893828998037|P_EXP_DT=20260402
    [P_RMESG2] => 
    [P_NOTI] => 
    [P_AUTH_NO] => 
)

 Array
(
    [PageCall time] => 18:16:15
    [P_TID] => INIMX_VBNKCAEcatca0720260323181011255905
    [P_MID] => CAEcatca07
    [P_AUTH_DT] => 20260323181615
    [P_STATUS] => 02
    [P_TYPE] => VBANK
    [P_OID] => 260319-018
    [P_FN_CD1] => 71
    [P_FN_CD2] => 
    [P_FN_NM] => 우체국
    [P_AMT] => 3500
    [P_UNAME] => 김수영
    [P_RMESG1] => P_VACCT_NO=01398781522843|P_EXP_DT=20260402
    [P_RMESG2] => 
    [P_NOTI] => 
    [P_AUTH_NO] => 
)

 Array
(
    [PageCall time] => 18:16:51
    [P_TID] => INIMX_VBNKCAEcatca0720260323181609265665
    [P_MID] => CAEcatca07
    [P_AUTH_DT] => 20260323181651
    [P_STATUS] => 02
    [P_TYPE] => VBANK
    [P_OID] => 260319-030
    [P_FN_CD1] => 11
    [P_FN_CD2] => 
    [P_FN_NM] => NH농협은행
    [P_AMT] => 3500
    [P_UNAME] => 이진
    [P_RMESG1] => P_VACCT_NO=79014408846156|P_EXP_DT=20260402
    [P_RMESG2] => 
    [P_NOTI] => 
    [P_AUTH_NO] => 
)

 Array
(
    [PageCall time] => 19:24:13
    [P_TID] => INIMX_VBNKCAEcatca0720260323192113345628
    [P_MID] => CAEcatca07
    [P_AUTH_DT] => 20260323192413
    [P_STATUS] => 02
    [P_TYPE] => VBANK
    [P_OID] => 260323-040
    [P_FN_CD1] => 03
    [P_FN_CD2] => 
    [P_FN_NM] => 기업은행
    [P_AMT] => 3500
    [P_UNAME] => 김장미
    [P_RMESG1] => P_VACCT_NO=07502266997431|P_EXP_DT=20260402
    [P_RMESG2] => 
    [P_NOTI] => 
    [P_AUTH_NO] => 
)

 Array
(
    [PageCall time] => 19:51:09
    [P_TID] => INIMX_VBNKCAEcatca0720260323194842435309
    [P_MID] => CAEcatca07
    [P_AUTH_DT] => 20260323195109
    [P_STATUS] => 02
    [P_TYPE] => VBANK
    [P_OID] => 260323-041
    [P_FN_CD1] => 03
    [P_FN_CD2] => 
    [P_FN_NM] => 기업은행
    [P_AMT] => 3500
    [P_UNAME] => 정윤환
    [P_RMESG1] => P_VACCT_NO=07502267097793|P_EXP_DT=20260402
    [P_RMESG2] => 
    [P_NOTI] => 
    [P_AUTH_NO] => 
)

 Array
(
    [PageCall time] => 20:23:24
    [P_TID] => INIMX_VBNKCAEcatca0720260323201542945025
    [P_MID] => CAEcatca07
    [P_AUTH_DT] => 20260323202324
    [P_STATUS] => 02
    [P_TYPE] => VBANK
    [P_OID] => 260323-042
    [P_FN_CD1] => 04
    [P_FN_CD2] => 
    [P_FN_NM] => KB국민은행
    [P_AMT] => 3500
    [P_UNAME] => 양희락
    [P_RMESG1] => P_VACCT_NO=80429078685492|P_EXP_DT=20260402
    [P_RMESG2] => 
    [P_NOTI] => 
    [P_AUTH_NO] => 
)

 Array
(
    [PageCall time] => 20:29:44
    [P_TID] => INIMX_VBNKCAEcatca0720260323202704175268
    [P_MID] => CAEcatca07
    [P_AUTH_DT] => 20260323202944
    [P_STATUS] => 02
    [P_TYPE] => VBANK
    [P_OID] => 260323-025
    [P_FN_CD1] => 89
    [P_FN_CD2] => 
    [P_FN_NM] => 케이뱅크
    [P_AMT] => 3500
    [P_UNAME] => 전찬욱
    [P_RMESG1] => P_VACCT_NO=70112003825368|P_EXP_DT=20260402
    [P_RMESG2] => 
    [P_NOTI] => 
    [P_AUTH_NO] => 
)

 Array
(
    [PageCall time] => 22:12:11
    [P_TID] => INIMX_VBNKCAEcatca0720260323220837745196
    [P_MID] => CAEcatca07
    [P_AUTH_DT] => 20260323221211
    [P_STATUS] => 02
    [P_TYPE] => VBANK
    [P_OID] => 260323-045
    [P_FN_CD1] => 32
    [P_FN_CD2] => 
    [P_FN_NM] => 부산은행
    [P_AMT] => 3500
    [P_UNAME] => 조동선
    [P_RMESG1] => P_VACCT_NO=109924805419|P_EXP_DT=20260402
    [P_RMESG2] => 
    [P_NOTI] => 
    [P_AUTH_NO] => 
)

 Array
(
    [PageCall time] => 23:30:02
    [P_TID] => INIMX_VBNKCAEcatca0720260323232710495899
    [P_MID] => CAEcatca07
    [P_AUTH_DT] => 20260323233002
    [P_STATUS] => 02
    [P_TYPE] => VBANK
    [P_OID] => 260322-002
    [P_FN_CD1] => 03
    [P_FN_CD2] => 
    [P_FN_NM] => 기업은행
    [P_AMT] => 3500
    [P_UNAME] => 안성주
    [P_RMESG1] => P_VACCT_NO=07502268397741|P_EXP_DT=20260402
    [P_RMESG2] => 
    [P_NOTI] => 
    [P_AUTH_NO] => 
)

