 Array
(
    [PageCall time] => 08:21:59
    [P_TID] => INIMX_VBNKCAEcatca0720250823081924885713
    [P_MID] => CAEcatca07
    [P_AUTH_DT] => 20250823082159
    [P_STATUS] => 02
    [P_TYPE] => VBANK
    [P_OID] => 250823-002
    [P_FN_CD1] => 03
    [P_FN_CD2] => 
    [P_FN_NM] => 기업은행
    [P_AMT] => 3000
    [P_UNAME] => 김다온
    [P_RMESG1] => P_VACCT_NO=07503249897467|P_EXP_DT=20250902
    [P_RMESG2] => 
    [P_NOTI] => 
    [P_AUTH_NO] => 
)

 Array
(
    [PageCall time] => 12:21:03
    [P_TID] => INIMX_VBNKCAEcatca0720250823122018325292
    [P_MID] => CAEcatca07
    [P_AUTH_DT] => 20250823122103
    [P_STATUS] => 02
    [P_TYPE] => VBANK
    [P_OID] => 250823-005
    [P_FN_CD1] => 11
    [P_FN_CD2] => 
    [P_FN_NM] => NH농협은행
    [P_AMT] => 3000
    [P_UNAME] => 김주연
    [P_RMESG1] => P_VACCT_NO=79014408034952|P_EXP_DT=20250902
    [P_RMESG2] => 
    [P_NOTI] => 
    [P_AUTH_NO] => 
)

 Array
(
    [PageCall time] => 14:40:26
    [P_TID] => INIMX_VBNKCAEcatca0720250823143759265927
    [P_MID] => CAEcatca07
    [P_AUTH_DT] => 20250823144026
    [P_STATUS] => 02
    [P_TYPE] => VBANK
    [P_OID] => 250823-009
    [P_FN_CD1] => 88
    [P_FN_CD2] => 
    [P_FN_NM] => 신한은행
    [P_AMT] => 3000
    [P_UNAME] => 성수진
    [P_RMESG1] => P_VACCT_NO=56211992063823|P_EXP_DT=20250902
    [P_RMESG2] => 
    [P_NOTI] => 
    [P_AUTH_NO] => 
)

 Array
(
    [PageCall time] => 18:23:04
    [P_TID] => INIMX_VBNKCAEcatca0720250823182011935334
    [P_MID] => CAEcatca07
    [P_AUTH_DT] => 20250823182304
    [P_STATUS] => 02
    [P_TYPE] => VBANK
    [P_OID] => 250823-010
    [P_FN_CD1] => 20
    [P_FN_CD2] => 
    [P_FN_NM] => 우리은행
    [P_AMT] => 3000
    [P_UNAME] => 임은애
    [P_RMESG1] => P_VACCT_NO=27389674318165|P_EXP_DT=20250902
    [P_RMESG2] => 
    [P_NOTI] => 
    [P_AUTH_NO] => 
)

 Array
(
    [PageCall time] => 18:25:09
    [P_TID] => INIMX_VBNKCAEcatca0720250823182349525842
    [P_MID] => CAEcatca07
    [P_AUTH_DT] => 20250823182509
    [P_STATUS] => 02
    [P_TYPE] => VBANK
    [P_OID] => 250823-011
    [P_FN_CD1] => 11
    [P_FN_CD2] => 
    [P_FN_NM] => NH농협은행
    [P_AMT] => 3000
    [P_UNAME] => 박은경
    [P_RMESG1] => P_VACCT_NO=79014408063113|P_EXP_DT=20250902
    [P_RMESG2] => 
    [P_NOTI] => 
    [P_AUTH_NO] => 
)

 Array
(
    [PageCall time] => 19:53:19
    [P_TID] => INIMX_VBNKCAEcatca0720250823194855715755
    [P_MID] => CAEcatca07
    [P_AUTH_DT] => 20250823195319
    [P_STATUS] => 02
    [P_TYPE] => VBANK
    [P_OID] => 250823-014
    [P_FN_CD1] => 81
    [P_FN_CD2] => 
    [P_FN_NM] => 하나은행
    [P_AMT] => 3000
    [P_UNAME] => 지명자
    [P_RMESG1] => P_VACCT_NO=20894019971237|P_EXP_DT=20250902
    [P_RMESG2] => 
    [P_NOTI] => 
    [P_AUTH_NO] => 
)

 Array
(
    [PageCall time] => 20:15:29
    [P_TID] => INIMX_VBNKCAEcatca0720250823201248465284
    [P_MID] => CAEcatca07
    [P_AUTH_DT] => 20250823201529
    [P_STATUS] => 02
    [P_TYPE] => VBANK
    [P_OID] => 250823-015
    [P_FN_CD1] => 31
    [P_FN_CD2] => 
    [P_FN_NM] => 아이엠뱅크(대구은행)
    [P_AMT] => 3000
    [P_UNAME] => 류희숙
    [P_RMESG1] => P_VACCT_NO=9600366851752|P_EXP_DT=20250902
    [P_RMESG2] => 
    [P_NOTI] => 
    [P_AUTH_NO] => 
)

 Array
(
    [PageCall time] => 20:47:17
    [P_TID] => INIMX_VBNKCAEcatca0720250823204430815253
    [P_MID] => CAEcatca07
    [P_AUTH_DT] => 20250823204717
    [P_STATUS] => 02
    [P_TYPE] => VBANK
    [P_OID] => 250823-016
    [P_FN_CD1] => 88
    [P_FN_CD2] => 
    [P_FN_NM] => 신한은행
    [P_AMT] => 3000
    [P_UNAME] => 임승주
    [P_RMESG1] => P_VACCT_NO=56211992076899|P_EXP_DT=20250902
    [P_RMESG2] => 
    [P_NOTI] => 
    [P_AUTH_NO] => 
)

 Array
(
    [PageCall time] => 21:58:47
    [P_TID] => INIMX_VBNKCAEcatca0720250823215759445897
    [P_MID] => CAEcatca07
    [P_AUTH_DT] => 20250823215847
    [P_STATUS] => 02
    [P_TYPE] => VBANK
    [P_OID] => 250823-018
    [P_FN_CD1] => 04
    [P_FN_CD2] => 
    [P_FN_NM] => KB국민은행
    [P_AMT] => 3000
    [P_UNAME] => 이원준
    [P_RMESG1] => P_VACCT_NO=99449014555128|P_EXP_DT=20250902
    [P_RMESG2] => 
    [P_NOTI] => 
    [P_AUTH_NO] => 
)

