 Array
(
    [PageCall time] => 02:45:57
    [P_TID] => INIMX_VBNKCAEcatca0720250803024506485762
    [P_MID] => CAEcatca07
    [P_AUTH_DT] => 20250803024557
    [P_STATUS] => 02
    [P_TYPE] => VBANK
    [P_OID] => 250803-001
    [P_FN_CD1] => 04
    [P_FN_CD2] => 
    [P_FN_NM] => KB국민은행
    [P_AMT] => 3000
    [P_UNAME] => 이윤
    [P_RMESG1] => P_VACCT_NO=26159078472828|P_EXP_DT=20250813
    [P_RMESG2] => 
    [P_NOTI] => 
    [P_AUTH_NO] => 
)

 Array
(
    [PageCall time] => 12:29:21
    [P_TID] => INIMX_VBNKCAEcatca0720250803122841905007
    [P_MID] => CAEcatca07
    [P_AUTH_DT] => 20250803122921
    [P_STATUS] => 02
    [P_TYPE] => VBANK
    [P_OID] => 250803-004
    [P_FN_CD1] => 04
    [P_FN_CD2] => 
    [P_FN_NM] => KB국민은행
    [P_AMT] => 3000
    [P_UNAME] => 오미자
    [P_RMESG1] => P_VACCT_NO=26159078488568|P_EXP_DT=20250813
    [P_RMESG2] => 
    [P_NOTI] => 
    [P_AUTH_NO] => 
)

 Array
(
    [PageCall time] => 13:12:53
    [P_TID] => INIMX_VBNKCAEcatca0720250803130943495097
    [P_MID] => CAEcatca07
    [P_AUTH_DT] => 20250803131253
    [P_STATUS] => 02
    [P_TYPE] => VBANK
    [P_OID] => 250803-003
    [P_FN_CD1] => 88
    [P_FN_CD2] => 
    [P_FN_NM] => 신한은행
    [P_AMT] => 3000
    [P_UNAME] => 박진선
    [P_RMESG1] => P_VACCT_NO=56211990734909|P_EXP_DT=20250813
    [P_RMESG2] => 
    [P_NOTI] => 
    [P_AUTH_NO] => 
)

 Array
(
    [PageCall time] => 15:02:20
    [P_TID] => INIMX_VBNKCAEcatca0720250803150145905211
    [P_MID] => CAEcatca07
    [P_AUTH_DT] => 20250803150220
    [P_STATUS] => 02
    [P_TYPE] => VBANK
    [P_OID] => 250803-005
    [P_FN_CD1] => 04
    [P_FN_CD2] => 
    [P_FN_NM] => KB국민은행
    [P_AMT] => 3000
    [P_UNAME] => 우기범
    [P_RMESG1] => P_VACCT_NO=26159078524839|P_EXP_DT=20250813
    [P_RMESG2] => 
    [P_NOTI] => 
    [P_AUTH_NO] => 
)

 Array
(
    [PageCall time] => 15:41:23
    [P_TID] => INIMX_VBNKCAEcatca0720250803153948975272
    [P_MID] => CAEcatca07
    [P_AUTH_DT] => 20250803154123
    [P_STATUS] => 02
    [P_TYPE] => VBANK
    [P_OID] => 250803-006
    [P_FN_CD1] => 11
    [P_FN_CD2] => 
    [P_FN_NM] => NH농협은행
    [P_AMT] => 3000
    [P_UNAME] => 박은경
    [P_RMESG1] => P_VACCT_NO=79014289663167|P_EXP_DT=20250813
    [P_RMESG2] => 
    [P_NOTI] => 
    [P_AUTH_NO] => 
)

 Array
(
    [PageCall time] => 15:46:31
    [P_TID] => INIMX_VBNKCAEcatca0720250803154514775302
    [P_MID] => CAEcatca07
    [P_AUTH_DT] => 20250803154631
    [P_STATUS] => 02
    [P_TYPE] => VBANK
    [P_OID] => 250803-007
    [P_FN_CD1] => 11
    [P_FN_CD2] => 
    [P_FN_NM] => NH농협은행
    [P_AMT] => 3000
    [P_UNAME] => 정영서
    [P_RMESG1] => P_VACCT_NO=79014289663374|P_EXP_DT=20250813
    [P_RMESG2] => 
    [P_NOTI] => 
    [P_AUTH_NO] => 
)

 Array
(
    [PageCall time] => 20:26:35
    [P_TID] => INIMX_VBNKCAEcatca0720250803202216625609
    [P_MID] => CAEcatca07
    [P_AUTH_DT] => 20250803202634
    [P_STATUS] => 02
    [P_TYPE] => VBANK
    [P_OID] => 250803-009
    [P_FN_CD1] => 20
    [P_FN_CD2] => 
    [P_FN_NM] => 우리은행
    [P_AMT] => 3000
    [P_UNAME] => 이재순
    [P_RMESG1] => P_VACCT_NO=27388475318937|P_EXP_DT=20250813
    [P_RMESG2] => 
    [P_NOTI] => 
    [P_AUTH_NO] => 
)

