 Array
(
    [PageCall time] => 04:25:06
    [P_TID] => INIMX_VBNKCAEcatca0720251230042200785366
    [P_MID] => CAEcatca07
    [P_AUTH_DT] => 20251230042506
    [P_STATUS] => 02
    [P_TYPE] => VBANK
    [P_OID] => 251229-009
    [P_FN_CD1] => 89
    [P_FN_CD2] => 
    [P_FN_NM] => 케이뱅크
    [P_AMT] => 3000
    [P_UNAME] => 김민경
    [P_RMESG1] => P_VACCT_NO=70112004192021|P_EXP_DT=20260109
    [P_RMESG2] => 
    [P_NOTI] => 
    [P_AUTH_NO] => 
)

 Array
(
    [PageCall time] => 06:59:21
    [P_TID] => INIMX_VBNKCAEcatca0720251230065441945383
    [P_MID] => CAEcatca07
    [P_AUTH_DT] => 20251230065921
    [P_STATUS] => 02
    [P_TYPE] => VBANK
    [P_OID] => 251230-001
    [P_FN_CD1] => 20
    [P_FN_CD2] => 
    [P_FN_NM] => 우리은행
    [P_AMT] => 3000
    [P_UNAME] => 이은경
    [P_RMESG1] => P_VACCT_NO=27488667918931|P_EXP_DT=20260109
    [P_RMESG2] => 
    [P_NOTI] => 
    [P_AUTH_NO] => 
)

 Array
(
    [PageCall time] => 09:55:53
    [P_TID] => INIMX_VBNKCAEcatca0720251230095307585061
    [P_MID] => CAEcatca07
    [P_AUTH_DT] => 20251230095553
    [P_STATUS] => 02
    [P_TYPE] => VBANK
    [P_OID] => 251230-003
    [P_FN_CD1] => 04
    [P_FN_CD2] => 
    [P_FN_NM] => KB국민은행
    [P_AMT] => 3000
    [P_UNAME] => 김기범
    [P_RMESG1] => P_VACCT_NO=88269011839968|P_EXP_DT=20260109
    [P_RMESG2] => 
    [P_NOTI] => 
    [P_AUTH_NO] => 
)

 Array
(
    [PageCall time] => 10:19:41
    [P_TID] => INIMX_VBNKCAEcatca0720251230101703685365
    [P_MID] => CAEcatca07
    [P_AUTH_DT] => 20251230101941
    [P_STATUS] => 02
    [P_TYPE] => VBANK
    [P_OID] => 251230-005
    [P_FN_CD1] => 04
    [P_FN_CD2] => 
    [P_FN_NM] => KB국민은행
    [P_AMT] => 3000
    [P_UNAME] => 김선화
    [P_RMESG1] => P_VACCT_NO=26159078228629|P_EXP_DT=20260109
    [P_RMESG2] => 
    [P_NOTI] => 
    [P_AUTH_NO] => 
)

 Array
(
    [PageCall time] => 11:33:09
    [P_TID] => INIMX_VBNKCAEcatca0720251230113025455717
    [P_MID] => CAEcatca07
    [P_AUTH_DT] => 20251230113309
    [P_STATUS] => 02
    [P_TYPE] => VBANK
    [P_OID] => 251230-007
    [P_FN_CD1] => 89
    [P_FN_CD2] => 
    [P_FN_NM] => 케이뱅크
    [P_AMT] => 3000
    [P_UNAME] => 김혜원
    [P_RMESG1] => P_VACCT_NO=70112004194005|P_EXP_DT=20260109
    [P_RMESG2] => 
    [P_NOTI] => 
    [P_AUTH_NO] => 
)

 Array
(
    [PageCall time] => 12:12:50
    [P_TID] => INIMX_VBNKCAEcatca0720251230121017405734
    [P_MID] => CAEcatca07
    [P_AUTH_DT] => 20251230121250
    [P_STATUS] => 02
    [P_TYPE] => VBANK
    [P_OID] => 251230-009
    [P_FN_CD1] => 03
    [P_FN_CD2] => 
    [P_FN_NM] => 기업은행
    [P_AMT] => 3000
    [P_UNAME] => 양상단
    [P_RMESG1] => P_VACCT_NO=07503281797860|P_EXP_DT=20260109
    [P_RMESG2] => 
    [P_NOTI] => 
    [P_AUTH_NO] => 
)

 Array
(
    [PageCall time] => 13:21:36
    [P_TID] => INIMX_VBNKCAEcatca0720251230131842955098
    [P_MID] => CAEcatca07
    [P_AUTH_DT] => 20251230132135
    [P_STATUS] => 02
    [P_TYPE] => VBANK
    [P_OID] => 251230-011
    [P_FN_CD1] => 20
    [P_FN_CD2] => 
    [P_FN_NM] => 우리은행
    [P_AMT] => 3000
    [P_UNAME] => 공도형
    [P_RMESG1] => P_VACCT_NO=27488684918971|P_EXP_DT=20260109
    [P_RMESG2] => 
    [P_NOTI] => 
    [P_AUTH_NO] => 
)

 Array
(
    [PageCall time] => 13:30:12
    [P_TID] => INIMX_VBNKCAEcatca0720251230132819395958
    [P_MID] => CAEcatca07
    [P_AUTH_DT] => 20251230133011
    [P_STATUS] => 02
    [P_TYPE] => VBANK
    [P_OID] => 251230-012
    [P_FN_CD1] => 11
    [P_FN_CD2] => 
    [P_FN_NM] => NH농협은행
    [P_AMT] => 3000
    [P_UNAME] => 박우정
    [P_RMESG1] => P_VACCT_NO=79010588256617|P_EXP_DT=20260109
    [P_RMESG2] => 
    [P_NOTI] => 
    [P_AUTH_NO] => 
)

 Array
(
    [PageCall time] => 13:49:37
    [P_TID] => INIMX_VBNKCAEcatca0720251230134647345629
    [P_MID] => CAEcatca07
    [P_AUTH_DT] => 20251230134937
    [P_STATUS] => 02
    [P_TYPE] => VBANK
    [P_OID] => 251230-013
    [P_FN_CD1] => 81
    [P_FN_CD2] => 
    [P_FN_NM] => 하나은행
    [P_AMT] => 3000
    [P_UNAME] => 최호성
    [P_RMESG1] => P_VACCT_NO=20893839968637|P_EXP_DT=20260109
    [P_RMESG2] => 
    [P_NOTI] => 
    [P_AUTH_NO] => 
)

 Array
(
    [PageCall time] => 13:56:03
    [P_TID] => INIMX_VBNKCAEcatca0720251230135526135839
    [P_MID] => CAEcatca07
    [P_AUTH_DT] => 20251230135603
    [P_STATUS] => 02
    [P_TYPE] => VBANK
    [P_OID] => 251230-015
    [P_FN_CD1] => 11
    [P_FN_CD2] => 
    [P_FN_NM] => NH농협은행
    [P_AMT] => 3000
    [P_UNAME] => 김선하
    [P_RMESG1] => P_VACCT_NO=79010588261821|P_EXP_DT=20260109
    [P_RMESG2] => 
    [P_NOTI] => 
    [P_AUTH_NO] => 
)

 Array
(
    [PageCall time] => 14:01:22
    [P_TID] => INIMX_VBNKCAEcatca0720251230135836505442
    [P_MID] => CAEcatca07
    [P_AUTH_DT] => 20251230140122
    [P_STATUS] => 02
    [P_TYPE] => VBANK
    [P_OID] => 251230-016
    [P_FN_CD1] => 81
    [P_FN_CD2] => 
    [P_FN_NM] => 하나은행
    [P_AMT] => 3000
    [P_UNAME] => 이윤진
    [P_RMESG1] => P_VACCT_NO=20893840041537|P_EXP_DT=20260109
    [P_RMESG2] => 
    [P_NOTI] => 
    [P_AUTH_NO] => 
)

 Array
(
    [PageCall time] => 14:05:55
    [P_TID] => INIMX_VBNKCAEcatca0720251230140526695733
    [P_MID] => CAEcatca07
    [P_AUTH_DT] => 20251230140555
    [P_STATUS] => 02
    [P_TYPE] => VBANK
    [P_OID] => 251230-017
    [P_FN_CD1] => 11
    [P_FN_CD2] => 
    [P_FN_NM] => NH농협은행
    [P_AMT] => 3000
    [P_UNAME] => 진상구
    [P_RMESG1] => P_VACCT_NO=79010588263543|P_EXP_DT=20260109
    [P_RMESG2] => 
    [P_NOTI] => 
    [P_AUTH_NO] => 
)

 Array
(
    [PageCall time] => 14:46:32
    [P_TID] => INIMX_VBNKCAEcatca0720251230144403195676
    [P_MID] => CAEcatca07
    [P_AUTH_DT] => 20251230144632
    [P_STATUS] => 02
    [P_TYPE] => VBANK
    [P_OID] => 251230-020
    [P_FN_CD1] => 03
    [P_FN_CD2] => 
    [P_FN_NM] => 기업은행
    [P_AMT] => 3000
    [P_UNAME] => 이은주
    [P_RMESG1] => P_VACCT_NO=07503286197612|P_EXP_DT=20260109
    [P_RMESG2] => 
    [P_NOTI] => 
    [P_AUTH_NO] => 
)

 Array
(
    [PageCall time] => 15:10:45
    [P_TID] => INIMX_VBNKCAEcatca0720251230145551885700
    [P_MID] => CAEcatca07
    [P_AUTH_DT] => 20251230151045
    [P_STATUS] => 02
    [P_TYPE] => VBANK
    [P_OID] => 251230-022
    [P_FN_CD1] => 04
    [P_FN_CD2] => 
    [P_FN_NM] => KB국민은행
    [P_AMT] => 3000
    [P_UNAME] => 김성구
    [P_RMESG1] => P_VACCT_NO=60519014095618|P_EXP_DT=20260109
    [P_RMESG2] => 
    [P_NOTI] => 
    [P_AUTH_NO] => 
)

 Array
(
    [PageCall time] => 15:18:36
    [P_TID] => INIMX_VBNKCAEcatca0720251230151545685419
    [P_MID] => CAEcatca07
    [P_AUTH_DT] => 20251230151836
    [P_STATUS] => 02
    [P_TYPE] => VBANK
    [P_OID] => 251230-024
    [P_FN_CD1] => 20
    [P_FN_CD2] => 
    [P_FN_NM] => 우리은행
    [P_AMT] => 3000
    [P_UNAME] => 유다예
    [P_RMESG1] => P_VACCT_NO=27488695218288|P_EXP_DT=20260109
    [P_RMESG2] => 
    [P_NOTI] => 
    [P_AUTH_NO] => 
)

 Array
(
    [PageCall time] => 15:28:38
    [P_TID] => INIMX_VBNKCAEcatca0720251230145447525466
    [P_MID] => CAEcatca07
    [P_AUTH_DT] => 20251230152838
    [P_STATUS] => 02
    [P_TYPE] => VBANK
    [P_OID] => 251230-023
    [P_FN_CD1] => 11
    [P_FN_CD2] => 
    [P_FN_NM] => NH농협은행
    [P_AMT] => 3000
    [P_UNAME] => 김지희
    [P_RMESG1] => P_VACCT_NO=79010588272428|P_EXP_DT=20260109
    [P_RMESG2] => 
    [P_NOTI] => 
    [P_AUTH_NO] => 
)

 Array
(
    [PageCall time] => 15:50:24
    [P_TID] => INIMX_VBNKCAEcatca0720251230154742795311
    [P_MID] => CAEcatca07
    [P_AUTH_DT] => 20251230155024
    [P_STATUS] => 02
    [P_TYPE] => VBANK
    [P_OID] => 251230-025
    [P_FN_CD1] => 32
    [P_FN_CD2] => 
    [P_FN_NM] => 부산은행
    [P_AMT] => 3000
    [P_UNAME] => 노은영
    [P_RMESG1] => P_VACCT_NO=109924469582|P_EXP_DT=20260109
    [P_RMESG2] => 
    [P_NOTI] => 
    [P_AUTH_NO] => 
)

 Array
(
    [PageCall time] => 16:04:02
    [P_TID] => INIMX_VBNKCAEcatca0720251230160118245456
    [P_MID] => CAEcatca07
    [P_AUTH_DT] => 20251230160402
    [P_STATUS] => 02
    [P_TYPE] => VBANK
    [P_OID] => 251230-026
    [P_FN_CD1] => 03
    [P_FN_CD2] => 
    [P_FN_NM] => 기업은행
    [P_AMT] => 3000
    [P_UNAME] => 손상익
    [P_RMESG1] => P_VACCT_NO=07503289097752|P_EXP_DT=20260109
    [P_RMESG2] => 
    [P_NOTI] => 
    [P_AUTH_NO] => 
)

 Array
(
    [PageCall time] => 16:13:36
    [P_TID] => INIMX_VBNKCAEcatca0720251230161048955597
    [P_MID] => CAEcatca07
    [P_AUTH_DT] => 20251230161336
    [P_STATUS] => 02
    [P_TYPE] => VBANK
    [P_OID] => 251230-027
    [P_FN_CD1] => 88
    [P_FN_CD2] => 
    [P_FN_NM] => 신한은행
    [P_AMT] => 3000
    [P_UNAME] => 최현순
    [P_RMESG1] => P_VACCT_NO=56211991855417|P_EXP_DT=20260109
    [P_RMESG2] => 
    [P_NOTI] => 
    [P_AUTH_NO] => 
)

 Array
(
    [PageCall time] => 16:26:23
    [P_TID] => INIMX_VBNKCAEcatca0720251230162300945553
    [P_MID] => CAEcatca07
    [P_AUTH_DT] => 20251230162623
    [P_STATUS] => 02
    [P_TYPE] => VBANK
    [P_OID] => 251230-028
    [P_FN_CD1] => 89
    [P_FN_CD2] => 
    [P_FN_NM] => 케이뱅크
    [P_AMT] => 3000
    [P_UNAME] => 윤성대
    [P_RMESG1] => P_VACCT_NO=70112004197572|P_EXP_DT=20260109
    [P_RMESG2] => 
    [P_NOTI] => 
    [P_AUTH_NO] => 
)

 Array
(
    [PageCall time] => 16:52:49
    [P_TID] => INIMX_VBNKCAEcatca0720251230165008695756
    [P_MID] => CAEcatca07
    [P_AUTH_DT] => 20251230165249
    [P_STATUS] => 02
    [P_TYPE] => VBANK
    [P_OID] => 251230-029
    [P_FN_CD1] => 04
    [P_FN_CD2] => 
    [P_FN_NM] => KB국민은행
    [P_AMT] => 3000
    [P_UNAME] => 한안오
    [P_RMESG1] => P_VACCT_NO=60519014127678|P_EXP_DT=20260109
    [P_RMESG2] => 
    [P_NOTI] => 
    [P_AUTH_NO] => 
)

 Array
(
    [PageCall time] => 17:00:26
    [P_TID] => INIMX_VBNKCAEcatca0720251230165738785857
    [P_MID] => CAEcatca07
    [P_AUTH_DT] => 20251230170026
    [P_STATUS] => 02
    [P_TYPE] => VBANK
    [P_OID] => 251230-030
    [P_FN_CD1] => 04
    [P_FN_CD2] => 
    [P_FN_NM] => KB국민은행
    [P_AMT] => 3000
    [P_UNAME] => 황정민
    [P_RMESG1] => P_VACCT_NO=60519014128956|P_EXP_DT=20260109
    [P_RMESG2] => 
    [P_NOTI] => 
    [P_AUTH_NO] => 
)

 Array
(
    [PageCall time] => 17:11:31
    [P_TID] => INIMX_VBNKCAEcatca0720251230170846225005
    [P_MID] => CAEcatca07
    [P_AUTH_DT] => 20251230171131
    [P_STATUS] => 02
    [P_TYPE] => VBANK
    [P_OID] => 251230-032
    [P_FN_CD1] => 89
    [P_FN_CD2] => 
    [P_FN_NM] => 케이뱅크
    [P_AMT] => 3000
    [P_UNAME] => 윤혜인
    [P_RMESG1] => P_VACCT_NO=70112004198072|P_EXP_DT=20260109
    [P_RMESG2] => 
    [P_NOTI] => 
    [P_AUTH_NO] => 
)

 Array
(
    [PageCall time] => 20:56:21
    [P_TID] => INIMX_VBNKCAEcatca0720251230205351745054
    [P_MID] => CAEcatca07
    [P_AUTH_DT] => 20251230205621
    [P_STATUS] => 02
    [P_TYPE] => VBANK
    [P_OID] => 251230-035
    [P_FN_CD1] => 81
    [P_FN_CD2] => 
    [P_FN_NM] => 하나은행
    [P_AMT] => 3000
    [P_UNAME] => 김혜준
    [P_RMESG1] => P_VACCT_NO=20893842513437|P_EXP_DT=20260109
    [P_RMESG2] => 
    [P_NOTI] => 
    [P_AUTH_NO] => 
)

 Array
(
    [PageCall time] => 21:54:41
    [P_TID] => INIMX_VBNKCAEcatca0720251230215158735157
    [P_MID] => CAEcatca07
    [P_AUTH_DT] => 20251230215441
    [P_STATUS] => 02
    [P_TYPE] => VBANK
    [P_OID] => 251230-036
    [P_FN_CD1] => 04
    [P_FN_CD2] => 
    [P_FN_NM] => KB국민은행
    [P_AMT] => 3000
    [P_UNAME] => 박해경
    [P_RMESG1] => P_VACCT_NO=60519014163979|P_EXP_DT=20260109
    [P_RMESG2] => 
    [P_NOTI] => 
    [P_AUTH_NO] => 
)

 Array
(
    [PageCall time] => 22:26:47
    [P_TID] => INIMX_VBNKCAEcatca0720251230222415975067
    [P_MID] => CAEcatca07
    [P_AUTH_DT] => 20251230222647
    [P_STATUS] => 02
    [P_TYPE] => VBANK
    [P_OID] => 251230-038
    [P_FN_CD1] => 89
    [P_FN_CD2] => 
    [P_FN_NM] => 케이뱅크
    [P_AMT] => 3000
    [P_UNAME] => 이호용
    [P_RMESG1] => P_VACCT_NO=70112004200923|P_EXP_DT=20260109
    [P_RMESG2] => 
    [P_NOTI] => 
    [P_AUTH_NO] => 
)

 Array
(
    [PageCall time] => 23:11:16
    [P_TID] => INIMX_VBNKCAEcatca0720251230230841305417
    [P_MID] => CAEcatca07
    [P_AUTH_DT] => 20251230231116
    [P_STATUS] => 02
    [P_TYPE] => VBANK
    [P_OID] => 251230-039
    [P_FN_CD1] => 88
    [P_FN_CD2] => 
    [P_FN_NM] => 신한은행
    [P_AMT] => 3000
    [P_UNAME] => 강현주
    [P_RMESG1] => P_VACCT_NO=56211991886079|P_EXP_DT=20260109
    [P_RMESG2] => 
    [P_NOTI] => 
    [P_AUTH_NO] => 
)

