 Array
(
    [PageCall time] => 07:18:25
    [P_TID] => INIMX_VBNKCAEcatca0720260122071555215080
    [P_MID] => CAEcatca07
    [P_AUTH_DT] => 20260122071825
    [P_STATUS] => 02
    [P_TYPE] => VBANK
    [P_OID] => 260118-012
    [P_FN_CD1] => 04
    [P_FN_CD2] => 
    [P_FN_NM] => KB국민은행
    [P_AMT] => 3500
    [P_UNAME] => 이지은
    [P_RMESG1] => P_VACCT_NO=40139011984092|P_EXP_DT=20260201
    [P_RMESG2] => 
    [P_NOTI] => 
    [P_AUTH_NO] => 
)

 Array
(
    [PageCall time] => 10:00:06
    [P_TID] => INIMX_VBNKCAEcatca0720260122095547645254
    [P_MID] => CAEcatca07
    [P_AUTH_DT] => 20260122100006
    [P_STATUS] => 02
    [P_TYPE] => VBANK
    [P_OID] => 260122-001
    [P_FN_CD1] => 04
    [P_FN_CD2] => 
    [P_FN_NM] => KB국민은행
    [P_AMT] => 3500
    [P_UNAME] => 백승규
    [P_RMESG1] => P_VACCT_NO=42379011091039|P_EXP_DT=20260201
    [P_RMESG2] => 
    [P_NOTI] => 
    [P_AUTH_NO] => 
)

 Array
(
    [PageCall time] => 10:02:31
    [P_TID] => INIMX_VBNKCAEcatca0720260122095823915241
    [P_MID] => CAEcatca07
    [P_AUTH_DT] => 20260122100231
    [P_STATUS] => 02
    [P_TYPE] => VBANK
    [P_OID] => 260119-041
    [P_FN_CD1] => 04
    [P_FN_CD2] => 
    [P_FN_NM] => KB국민은행
    [P_AMT] => 3500
    [P_UNAME] => 김청운
    [P_RMESG1] => P_VACCT_NO=26119078507988|P_EXP_DT=20260201
    [P_RMESG2] => 
    [P_NOTI] => 
    [P_AUTH_NO] => 
)

 Array
(
    [PageCall time] => 10:13:04
    [P_TID] => INIMX_VBNKCAEcatca0720260122100906705841
    [P_MID] => CAEcatca07
    [P_AUTH_DT] => 20260122101304
    [P_STATUS] => 02
    [P_TYPE] => VBANK
    [P_OID] => 260122-002
    [P_FN_CD1] => 04
    [P_FN_CD2] => 
    [P_FN_NM] => KB국민은행
    [P_AMT] => 3500
    [P_UNAME] => 최수정
    [P_RMESG1] => P_VACCT_NO=26159078539811|P_EXP_DT=20260201
    [P_RMESG2] => 
    [P_NOTI] => 
    [P_AUTH_NO] => 
)

 Array
(
    [PageCall time] => 10:56:32
    [P_TID] => INIMX_VBNKCAEcatca0720260122105317475672
    [P_MID] => CAEcatca07
    [P_AUTH_DT] => 20260122105632
    [P_STATUS] => 02
    [P_TYPE] => VBANK
    [P_OID] => 260122-004
    [P_FN_CD1] => 89
    [P_FN_CD2] => 
    [P_FN_NM] => 케이뱅크
    [P_AMT] => 3500
    [P_UNAME] => 홍초롱
    [P_RMESG1] => P_VACCT_NO=70112003364432|P_EXP_DT=20260201
    [P_RMESG2] => 
    [P_NOTI] => 
    [P_AUTH_NO] => 
)

 Array
(
    [PageCall time] => 11:25:21
    [P_TID] => INIMX_VBNKCAEcatca0720260122112239335617
    [P_MID] => CAEcatca07
    [P_AUTH_DT] => 20260122112521
    [P_STATUS] => 02
    [P_TYPE] => VBANK
    [P_OID] => 260122-005
    [P_FN_CD1] => 20
    [P_FN_CD2] => 
    [P_FN_NM] => 우리은행
    [P_AMT] => 3500
    [P_UNAME] => 김미정
    [P_RMESG1] => P_VACCT_NO=27489747618101|P_EXP_DT=20260201
    [P_RMESG2] => 
    [P_NOTI] => 
    [P_AUTH_NO] => 
)

 Array
(
    [PageCall time] => 11:26:38
    [P_TID] => INIMX_VBNKCAEcatca0720260122112403705403
    [P_MID] => CAEcatca07
    [P_AUTH_DT] => 20260122112638
    [P_STATUS] => 02
    [P_TYPE] => VBANK
    [P_OID] => 260120-034
    [P_FN_CD1] => 11
    [P_FN_CD2] => 
    [P_FN_NM] => NH농협은행
    [P_AMT] => 3500
    [P_UNAME] => 배영미
    [P_RMESG1] => P_VACCT_NO=79010594439635|P_EXP_DT=20260201
    [P_RMESG2] => 
    [P_NOTI] => 
    [P_AUTH_NO] => 
)

 Array
(
    [PageCall time] => 12:11:58
    [P_TID] => INIMX_VBNKCAEcatca0720260122120919345058
    [P_MID] => CAEcatca07
    [P_AUTH_DT] => 20260122121158
    [P_STATUS] => 02
    [P_TYPE] => VBANK
    [P_OID] => 260122-006
    [P_FN_CD1] => 03
    [P_FN_CD2] => 
    [P_FN_NM] => 기업은행
    [P_AMT] => 3500
    [P_UNAME] => 김상제
    [P_RMESG1] => P_VACCT_NO=07502320397088|P_EXP_DT=20260201
    [P_RMESG2] => 
    [P_NOTI] => 
    [P_AUTH_NO] => 
)

 Array
(
    [PageCall time] => 13:06:45
    [P_TID] => INIMX_VBNKCAEcatca0720260122130333355951
    [P_MID] => CAEcatca07
    [P_AUTH_DT] => 20260122130645
    [P_STATUS] => 02
    [P_TYPE] => VBANK
    [P_OID] => 260120-023
    [P_FN_CD1] => 04
    [P_FN_CD2] => 
    [P_FN_NM] => KB국민은행
    [P_AMT] => 3500
    [P_UNAME] => 전제우
    [P_RMESG1] => P_VACCT_NO=26029078362539|P_EXP_DT=20260201
    [P_RMESG2] => 
    [P_NOTI] => 
    [P_AUTH_NO] => 
)

 Array
(
    [PageCall time] => 14:35:46
    [P_TID] => INIMX_VBNKCAEcatca0720260122143207985393
    [P_MID] => CAEcatca07
    [P_AUTH_DT] => 20260122143546
    [P_STATUS] => 02
    [P_TYPE] => VBANK
    [P_OID] => 260122-011
    [P_FN_CD1] => 04
    [P_FN_CD2] => 
    [P_FN_NM] => KB국민은행
    [P_AMT] => 3500
    [P_UNAME] => 이웅철
    [P_RMESG1] => P_VACCT_NO=26119078011223|P_EXP_DT=20260201
    [P_RMESG2] => 
    [P_NOTI] => 
    [P_AUTH_NO] => 
)

 Array
(
    [PageCall time] => 15:54:39
    [P_TID] => INIMX_VBNKCAEcatca0720260122155138165985
    [P_MID] => CAEcatca07
    [P_AUTH_DT] => 20260122155439
    [P_STATUS] => 02
    [P_TYPE] => VBANK
    [P_OID] => 260122-015
    [P_FN_CD1] => 88
    [P_FN_CD2] => 
    [P_FN_NM] => 신한은행
    [P_AMT] => 3500
    [P_UNAME] => 함송영
    [P_RMESG1] => P_VACCT_NO=56211102374926|P_EXP_DT=20260201
    [P_RMESG2] => 
    [P_NOTI] => 
    [P_AUTH_NO] => 
)

 Array
(
    [PageCall time] => 16:10:47
    [P_TID] => INIMX_VBNKCAEcatca0720260122160719545728
    [P_MID] => CAEcatca07
    [P_AUTH_DT] => 20260122161047
    [P_STATUS] => 02
    [P_TYPE] => VBANK
    [P_OID] => 260122-017
    [P_FN_CD1] => 04
    [P_FN_CD2] => 
    [P_FN_NM] => KB국민은행
    [P_AMT] => 3500
    [P_UNAME] => 박지숙
    [P_RMESG1] => P_VACCT_NO=26119078069323|P_EXP_DT=20260201
    [P_RMESG2] => 
    [P_NOTI] => 
    [P_AUTH_NO] => 
)

 Array
(
    [PageCall time] => 17:00:07
    [P_TID] => INIMX_VBNKCAEcatca0720260122165932245589
    [P_MID] => CAEcatca07
    [P_AUTH_DT] => 20260122170007
    [P_STATUS] => 02
    [P_TYPE] => VBANK
    [P_OID] => 260122-020
    [P_FN_CD1] => 11
    [P_FN_CD2] => 
    [P_FN_NM] => NH농협은행
    [P_AMT] => 3500
    [P_UNAME] => 류지훈
    [P_RMESG1] => P_VACCT_NO=79010594620652|P_EXP_DT=20260201
    [P_RMESG2] => 
    [P_NOTI] => 
    [P_AUTH_NO] => 
)

 Array
(
    [PageCall time] => 17:11:29
    [P_TID] => INIMX_VBNKCAEcatca0720260122170950935694
    [P_MID] => CAEcatca07
    [P_AUTH_DT] => 20260122171129
    [P_STATUS] => 02
    [P_TYPE] => VBANK
    [P_OID] => 260122-022
    [P_FN_CD1] => 11
    [P_FN_CD2] => 
    [P_FN_NM] => NH농협은행
    [P_AMT] => 3500
    [P_UNAME] => 박세임
    [P_RMESG1] => P_VACCT_NO=79010594622582|P_EXP_DT=20260201
    [P_RMESG2] => 
    [P_NOTI] => 
    [P_AUTH_NO] => 
)

 Array
(
    [PageCall time] => 17:57:15
    [P_TID] => INIMX_VBNKCAEcatca0720260122175429625828
    [P_MID] => CAEcatca07
    [P_AUTH_DT] => 20260122175715
    [P_STATUS] => 02
    [P_TYPE] => VBANK
    [P_OID] => 260122-023
    [P_FN_CD1] => 03
    [P_FN_CD2] => 
    [P_FN_NM] => 기업은행
    [P_AMT] => 3500
    [P_UNAME] => 김미현
    [P_RMESG1] => P_VACCT_NO=07502322297161|P_EXP_DT=20260201
    [P_RMESG2] => 
    [P_NOTI] => 
    [P_AUTH_NO] => 
)

 Array
(
    [PageCall time] => 18:02:32
    [P_TID] => INIMX_VBNKCAEcatca0720260122180112295595
    [P_MID] => CAEcatca07
    [P_AUTH_DT] => 20260122180231
    [P_STATUS] => 02
    [P_TYPE] => VBANK
    [P_OID] => 260122-024
    [P_FN_CD1] => 11
    [P_FN_CD2] => 
    [P_FN_NM] => NH농협은행
    [P_AMT] => 3500
    [P_UNAME] => 윤지은
    [P_RMESG1] => P_VACCT_NO=79010594649988|P_EXP_DT=20260201
    [P_RMESG2] => 
    [P_NOTI] => 
    [P_AUTH_NO] => 
)

 Array
(
    [PageCall time] => 18:34:10
    [P_TID] => INIMX_VBNKCAEcatca0720260122183105115979
    [P_MID] => CAEcatca07
    [P_AUTH_DT] => 20260122183410
    [P_STATUS] => 02
    [P_TYPE] => VBANK
    [P_OID] => 260122-025
    [P_FN_CD1] => 04
    [P_FN_CD2] => 
    [P_FN_NM] => KB국민은행
    [P_AMT] => 3500
    [P_UNAME] => 문재순
    [P_RMESG1] => P_VACCT_NO=26119078138074|P_EXP_DT=20260201
    [P_RMESG2] => 
    [P_NOTI] => 
    [P_AUTH_NO] => 
)

 Array
(
    [PageCall time] => 18:48:37
    [P_TID] => INIMX_VBNKCAEcatca0720260122184439785724
    [P_MID] => CAEcatca07
    [P_AUTH_DT] => 20260122184837
    [P_STATUS] => 02
    [P_TYPE] => VBANK
    [P_OID] => 260122-027
    [P_FN_CD1] => 81
    [P_FN_CD2] => 
    [P_FN_NM] => 하나은행
    [P_AMT] => 3500
    [P_UNAME] => 정 연중
    [P_RMESG1] => P_VACCT_NO=20893960326137|P_EXP_DT=20260201
    [P_RMESG2] => 
    [P_NOTI] => 
    [P_AUTH_NO] => 
)

 Array
(
    [PageCall time] => 20:25:36
    [P_TID] => INIMX_VBNKCAEcatca0720260122202305335324
    [P_MID] => CAEcatca07
    [P_AUTH_DT] => 20260122202536
    [P_STATUS] => 02
    [P_TYPE] => VBANK
    [P_OID] => 260122-028
    [P_FN_CD1] => 89
    [P_FN_CD2] => 
    [P_FN_NM] => 케이뱅크
    [P_AMT] => 3500
    [P_UNAME] => 박철원
    [P_RMESG1] => P_VACCT_NO=70112003369788|P_EXP_DT=20260201
    [P_RMESG2] => 
    [P_NOTI] => 
    [P_AUTH_NO] => 
)

 Array
(
    [PageCall time] => 22:47:51
    [P_TID] => INIMX_VBNKCAEcatca0720260122224452585791
    [P_MID] => CAEcatca07
    [P_AUTH_DT] => 20260122224751
    [P_STATUS] => 02
    [P_TYPE] => VBANK
    [P_OID] => 260122-029
    [P_FN_CD1] => 89
    [P_FN_CD2] => 
    [P_FN_NM] => 케이뱅크
    [P_AMT] => 3500
    [P_UNAME] => 김하신
    [P_RMESG1] => P_VACCT_NO=70112003370857|P_EXP_DT=20260201
    [P_RMESG2] => 
    [P_NOTI] => 
    [P_AUTH_NO] => 
)

