 Array
(
    [PageCall time] => 04:16:41
    [P_TID] => INIMX_VBNKCAEcatca0720260325041354855812
    [P_MID] => CAEcatca07
    [P_AUTH_DT] => 20260325041641
    [P_STATUS] => 02
    [P_TYPE] => VBANK
    [P_OID] => 260324-001
    [P_FN_CD1] => 89
    [P_FN_CD2] => 
    [P_FN_NM] => 케이뱅크
    [P_AMT] => 3500
    [P_UNAME] => 이지영
    [P_RMESG1] => P_VACCT_NO=70112003838065|P_EXP_DT=20260404
    [P_RMESG2] => 
    [P_NOTI] => 
    [P_AUTH_NO] => 
)

 Array
(
    [PageCall time] => 08:25:26
    [P_TID] => INIMX_VBNKCAEcatca0720260325082248665788
    [P_MID] => CAEcatca07
    [P_AUTH_DT] => 20260325082526
    [P_STATUS] => 02
    [P_TYPE] => VBANK
    [P_OID] => 260325-002
    [P_FN_CD1] => 04
    [P_FN_CD2] => 
    [P_FN_NM] => KB국민은행
    [P_AMT] => 3500
    [P_UNAME] => 조가현
    [P_RMESG1] => P_VACCT_NO=26029078580401|P_EXP_DT=20260404
    [P_RMESG2] => 
    [P_NOTI] => 
    [P_AUTH_NO] => 
)

 Array
(
    [PageCall time] => 09:19:04
    [P_TID] => INIMX_VBNKCAEcatca0720260325091801135247
    [P_MID] => CAEcatca07
    [P_AUTH_DT] => 20260325091904
    [P_STATUS] => 02
    [P_TYPE] => VBANK
    [P_OID] => 260325-005
    [P_FN_CD1] => 11
    [P_FN_CD2] => 
    [P_FN_NM] => NH농협은행
    [P_AMT] => 3500
    [P_UNAME] => 고기윤
    [P_RMESG1] => P_VACCT_NO=79014409039052|P_EXP_DT=20260404
    [P_RMESG2] => 
    [P_NOTI] => 
    [P_AUTH_NO] => 
)

 Array
(
    [PageCall time] => 10:35:36
    [P_TID] => INIMX_VBNKCAEcatca0720260325103155525727
    [P_MID] => CAEcatca07
    [P_AUTH_DT] => 20260325103536
    [P_STATUS] => 02
    [P_TYPE] => VBANK
    [P_OID] => 260325-008
    [P_FN_CD1] => 03
    [P_FN_CD2] => 
    [P_FN_NM] => 기업은행
    [P_AMT] => 3500
    [P_UNAME] => 이수영
    [P_RMESG1] => P_VACCT_NO=07502282297074|P_EXP_DT=20260404
    [P_RMESG2] => 
    [P_NOTI] => 
    [P_AUTH_NO] => 
)

 Array
(
    [PageCall time] => 10:46:53
    [P_TID] => INIMX_VBNKCAEcatca0720260325104425955643
    [P_MID] => CAEcatca07
    [P_AUTH_DT] => 20260325104653
    [P_STATUS] => 02
    [P_TYPE] => VBANK
    [P_OID] => 260325-013
    [P_FN_CD1] => 20
    [P_FN_CD2] => 
    [P_FN_NM] => 우리은행
    [P_AMT] => 3500
    [P_UNAME] => 양윤화
    [P_RMESG1] => P_VACCT_NO=32823600518761|P_EXP_DT=20260404
    [P_RMESG2] => 
    [P_NOTI] => 
    [P_AUTH_NO] => 
)

 Array
(
    [PageCall time] => 10:50:59
    [P_TID] => INIMX_VBNKCAEcatca0720260325104819265951
    [P_MID] => CAEcatca07
    [P_AUTH_DT] => 20260325105059
    [P_STATUS] => 02
    [P_TYPE] => VBANK
    [P_OID] => 260325-014
    [P_FN_CD1] => 11
    [P_FN_CD2] => 
    [P_FN_NM] => NH농협은행
    [P_AMT] => 3500
    [P_UNAME] => 김종현
    [P_RMESG1] => P_VACCT_NO=79014409052706|P_EXP_DT=20260404
    [P_RMESG2] => 
    [P_NOTI] => 
    [P_AUTH_NO] => 
)

 Array
(
    [PageCall time] => 11:03:15
    [P_TID] => INIMX_VBNKCAEcatca0720260325110024925470
    [P_MID] => CAEcatca07
    [P_AUTH_DT] => 20260325110315
    [P_STATUS] => 02
    [P_TYPE] => VBANK
    [P_OID] => 260325-009
    [P_FN_CD1] => 03
    [P_FN_CD2] => 
    [P_FN_NM] => 기업은행
    [P_AMT] => 3500
    [P_UNAME] => 김지용
    [P_RMESG1] => P_VACCT_NO=07502282597488|P_EXP_DT=20260404
    [P_RMESG2] => 
    [P_NOTI] => 
    [P_AUTH_NO] => 
)

 Array
(
    [PageCall time] => 11:28:17
    [P_TID] => INIMX_VBNKCAEcatca0720260325112457465834
    [P_MID] => CAEcatca07
    [P_AUTH_DT] => 20260325112817
    [P_STATUS] => 02
    [P_TYPE] => VBANK
    [P_OID] => 260325-015
    [P_FN_CD1] => 04
    [P_FN_CD2] => 
    [P_FN_NM] => KB국민은행
    [P_AMT] => 3500
    [P_UNAME] => 강소연
    [P_RMESG1] => P_VACCT_NO=51269079215142|P_EXP_DT=20260404
    [P_RMESG2] => 
    [P_NOTI] => 
    [P_AUTH_NO] => 
)

 Array
(
    [PageCall time] => 13:04:54
    [P_TID] => INIMX_VBNKCAEcatca0720260325130200885395
    [P_MID] => CAEcatca07
    [P_AUTH_DT] => 20260325130454
    [P_STATUS] => 02
    [P_TYPE] => VBANK
    [P_OID] => 260325-016
    [P_FN_CD1] => 04
    [P_FN_CD2] => 
    [P_FN_NM] => KB국민은행
    [P_AMT] => 3500
    [P_UNAME] => 김선경
    [P_RMESG1] => P_VACCT_NO=53049079192263|P_EXP_DT=20260404
    [P_RMESG2] => 
    [P_NOTI] => 
    [P_AUTH_NO] => 
)

 Array
(
    [PageCall time] => 13:13:02
    [P_TID] => INIMX_VBNKCAEcatca0720260325131028895961
    [P_MID] => CAEcatca07
    [P_AUTH_DT] => 20260325131302
    [P_STATUS] => 02
    [P_TYPE] => VBANK
    [P_OID] => 260324-017
    [P_FN_CD1] => 89
    [P_FN_CD2] => 
    [P_FN_NM] => 케이뱅크
    [P_AMT] => 3500
    [P_UNAME] => 우기정
    [P_RMESG1] => P_VACCT_NO=70112003840801|P_EXP_DT=20260404
    [P_RMESG2] => 
    [P_NOTI] => 
    [P_AUTH_NO] => 
)

 Array
(
    [PageCall time] => 13:44:22
    [P_TID] => INIMX_VBNKCAEcatca0720260325134115775756
    [P_MID] => CAEcatca07
    [P_AUTH_DT] => 20260325134421
    [P_STATUS] => 02
    [P_TYPE] => VBANK
    [P_OID] => 260325-011
    [P_FN_CD1] => 03
    [P_FN_CD2] => 
    [P_FN_NM] => 기업은행
    [P_AMT] => 3500
    [P_UNAME] => 김호금
    [P_RMESG1] => P_VACCT_NO=07502283897353|P_EXP_DT=20260404
    [P_RMESG2] => 
    [P_NOTI] => 
    [P_AUTH_NO] => 
)

 Array
(
    [PageCall time] => 14:46:52
    [P_TID] => INIMX_VBNKCAEcatca0720260325144347875088
    [P_MID] => CAEcatca07
    [P_AUTH_DT] => 20260325144652
    [P_STATUS] => 02
    [P_TYPE] => VBANK
    [P_OID] => 260325-021
    [P_FN_CD1] => 31
    [P_FN_CD2] => 
    [P_FN_NM] => 아이엠뱅크(대구은행)
    [P_AMT] => 3500
    [P_UNAME] => 이정순
    [P_RMESG1] => P_VACCT_NO=9600362909556|P_EXP_DT=20260404
    [P_RMESG2] => 
    [P_NOTI] => 
    [P_AUTH_NO] => 
)

 Array
(
    [PageCall time] => 14:49:37
    [P_TID] => INIMX_VBNKCAEcatca0720260325144627275012
    [P_MID] => CAEcatca07
    [P_AUTH_DT] => 20260325144937
    [P_STATUS] => 02
    [P_TYPE] => VBANK
    [P_OID] => 260325-024
    [P_FN_CD1] => 04
    [P_FN_CD2] => 
    [P_FN_NM] => KB국민은행
    [P_AMT] => 3500
    [P_UNAME] => 송성식
    [P_RMESG1] => P_VACCT_NO=53049079488946|P_EXP_DT=20260404
    [P_RMESG2] => 
    [P_NOTI] => 
    [P_AUTH_NO] => 
)

 Array
(
    [PageCall time] => 15:36:32
    [P_TID] => INIMX_VBNKCAEcatca0720260325152537994057
    [P_MID] => CAEcatca07
    [P_AUTH_DT] => 20260325153632
    [P_STATUS] => 02
    [P_TYPE] => VBANK
    [P_OID] => 260325-026
    [P_FN_CD1] => 20
    [P_FN_CD2] => 
    [P_FN_NM] => 우리은행
    [P_AMT] => 3500
    [P_UNAME] => 김미경
    [P_RMESG1] => P_VACCT_NO=27385362618602|P_EXP_DT=20260404
    [P_RMESG2] => 
    [P_NOTI] => 
    [P_AUTH_NO] => 
)

 Array
(
    [PageCall time] => 16:24:23
    [P_TID] => INIMX_VBNKCAEcatca0720260325161959794655
    [P_MID] => CAEcatca07
    [P_AUTH_DT] => 20260325162423
    [P_STATUS] => 02
    [P_TYPE] => VBANK
    [P_OID] => 260325-035
    [P_FN_CD1] => 04
    [P_FN_CD2] => 
    [P_FN_NM] => KB국민은행
    [P_AMT] => 3500
    [P_UNAME] => 임정희
    [P_RMESG1] => P_VACCT_NO=02539071536491|P_EXP_DT=20260404
    [P_RMESG2] => 
    [P_NOTI] => 
    [P_AUTH_NO] => 
)

 Array
(
    [PageCall time] => 16:43:30
    [P_TID] => INIMX_VBNKCAEcatca0720260325163956624676
    [P_MID] => CAEcatca07
    [P_AUTH_DT] => 20260325164330
    [P_STATUS] => 02
    [P_TYPE] => VBANK
    [P_OID] => 260325-036
    [P_FN_CD1] => 03
    [P_FN_CD2] => 
    [P_FN_NM] => 기업은행
    [P_AMT] => 3500
    [P_UNAME] => 오지희
    [P_RMESG1] => P_VACCT_NO=07500607697237|P_EXP_DT=20260404
    [P_RMESG2] => 
    [P_NOTI] => 
    [P_AUTH_NO] => 
)

 Array
(
    [PageCall time] => 16:47:28
    [P_TID] => INIMX_VBNKCAEcatca0720260325164434534044
    [P_MID] => CAEcatca07
    [P_AUTH_DT] => 20260325164728
    [P_STATUS] => 02
    [P_TYPE] => VBANK
    [P_OID] => 260325-038
    [P_FN_CD1] => 03
    [P_FN_CD2] => 
    [P_FN_NM] => 기업은행
    [P_AMT] => 3500
    [P_UNAME] => 전진호
    [P_RMESG1] => P_VACCT_NO=07500607697461|P_EXP_DT=20260404
    [P_RMESG2] => 
    [P_NOTI] => 
    [P_AUTH_NO] => 
)

 Array
(
    [PageCall time] => 16:53:57
    [P_TID] => INIMX_VBNKCAEcatca0720260325164939114800
    [P_MID] => CAEcatca07
    [P_AUTH_DT] => 20260325165357
    [P_STATUS] => 02
    [P_TYPE] => VBANK
    [P_OID] => 260325-039
    [P_FN_CD1] => 11
    [P_FN_CD2] => 
    [P_FN_NM] => NH농협은행
    [P_AMT] => 3500
    [P_UNAME] => 강아란
    [P_RMESG1] => P_VACCT_NO=79010580990683|P_EXP_DT=20260404
    [P_RMESG2] => 
    [P_NOTI] => 
    [P_AUTH_NO] => 
)

 Array
(
    [PageCall time] => 16:59:30
    [P_TID] => INIMX_VBNKCAEcatca0720260325165622994713
    [P_MID] => CAEcatca07
    [P_AUTH_DT] => 20260325165930
    [P_STATUS] => 02
    [P_TYPE] => VBANK
    [P_OID] => 260325-040
    [P_FN_CD1] => 81
    [P_FN_CD2] => 
    [P_FN_NM] => 하나은행
    [P_AMT] => 3500
    [P_UNAME] => 황혜민
    [P_RMESG1] => P_VACCT_NO=20894260723337|P_EXP_DT=20260404
    [P_RMESG2] => 
    [P_NOTI] => 
    [P_AUTH_NO] => 
)

 Array
(
    [PageCall time] => 17:14:55
    [P_TID] => INIMX_VBNKCAEcatca0720260325171212424656
    [P_MID] => CAEcatca07
    [P_AUTH_DT] => 20260325171455
    [P_STATUS] => 02
    [P_TYPE] => VBANK
    [P_OID] => 260325-041
    [P_FN_CD1] => 20
    [P_FN_CD2] => 
    [P_FN_NM] => 우리은행
    [P_AMT] => 3500
    [P_UNAME] => 윤도영
    [P_RMESG1] => P_VACCT_NO=27385370518932|P_EXP_DT=20260404
    [P_RMESG2] => 
    [P_NOTI] => 
    [P_AUTH_NO] => 
)

 Array
(
    [PageCall time] => 19:21:31
    [P_TID] => INIMX_VBNKCAEcatca0720260325191734864784
    [P_MID] => CAEcatca07
    [P_AUTH_DT] => 20260325192131
    [P_STATUS] => 02
    [P_TYPE] => VBANK
    [P_OID] => 260325-044
    [P_FN_CD1] => 11
    [P_FN_CD2] => 
    [P_FN_NM] => NH농협은행
    [P_AMT] => 3500
    [P_UNAME] => 류윤형
    [P_RMESG1] => P_VACCT_NO=79010581004428|P_EXP_DT=20260404
    [P_RMESG2] => 
    [P_NOTI] => 
    [P_AUTH_NO] => 
)

 Array
(
    [PageCall time] => 20:09:33
    [P_TID] => INIMX_VBNKCAEcatca0720260325200713564565
    [P_MID] => CAEcatca07
    [P_AUTH_DT] => 20260325200933
    [P_STATUS] => 02
    [P_TYPE] => VBANK
    [P_OID] => 260325-045
    [P_FN_CD1] => 11
    [P_FN_CD2] => 
    [P_FN_NM] => NH농협은행
    [P_AMT] => 3500
    [P_UNAME] => 안혜진
    [P_RMESG1] => P_VACCT_NO=79010581006917|P_EXP_DT=20260404
    [P_RMESG2] => 
    [P_NOTI] => 
    [P_AUTH_NO] => 
)

 Array
(
    [PageCall time] => 22:45:51
    [P_TID] => INIMX_VBNKCAEcatca0720260325224507414758
    [P_MID] => CAEcatca07
    [P_AUTH_DT] => 20260325224551
    [P_STATUS] => 02
    [P_TYPE] => VBANK
    [P_OID] => 260325-046
    [P_FN_CD1] => 11
    [P_FN_CD2] => 
    [P_FN_NM] => NH농협은행
    [P_AMT] => 3500
    [P_UNAME] => 오진성
    [P_RMESG1] => P_VACCT_NO=79010581015591|P_EXP_DT=20260404
    [P_RMESG2] => 
    [P_NOTI] => 
    [P_AUTH_NO] => 
)

 Array
(
    [PageCall time] => 22:51:53
    [P_TID] => INIMX_VBNKCAEcatca0720260325224902744003
    [P_MID] => CAEcatca07
    [P_AUTH_DT] => 20260325225153
    [P_STATUS] => 02
    [P_TYPE] => VBANK
    [P_OID] => 260325-047
    [P_FN_CD1] => 03
    [P_FN_CD2] => 
    [P_FN_NM] => 기업은행
    [P_AMT] => 3500
    [P_UNAME] => 최상현
    [P_RMESG1] => P_VACCT_NO=07500608697514|P_EXP_DT=20260404
    [P_RMESG2] => 
    [P_NOTI] => 
    [P_AUTH_NO] => 
)

