 Array
(
    [PageCall time] => 02:11:33
    [P_TID] => INIMX_VBNKCAEcatca0720260109020848535271
    [P_MID] => CAEcatca07
    [P_AUTH_DT] => 20260109021133
    [P_STATUS] => 02
    [P_TYPE] => VBANK
    [P_OID] => 260109-001
    [P_FN_CD1] => 88
    [P_FN_CD2] => 
    [P_FN_NM] => 신한은행
    [P_AMT] => 3500
    [P_UNAME] => 김나무
    [P_RMESG1] => P_VACCT_NO=56211993063047|P_EXP_DT=20260119
    [P_RMESG2] => 
    [P_NOTI] => 
    [P_AUTH_NO] => 
)

 Array
(
    [PageCall time] => 08:53:05
    [P_TID] => INIMX_VBNKCAEcatca0720260109085030645061
    [P_MID] => CAEcatca07
    [P_AUTH_DT] => 20260109085305
    [P_STATUS] => 02
    [P_TYPE] => VBANK
    [P_OID] => 260108-046
    [P_FN_CD1] => 81
    [P_FN_CD2] => 
    [P_FN_NM] => 하나은행
    [P_AMT] => 3500
    [P_UNAME] => 천영재
    [P_RMESG1] => P_VACCT_NO=20893894873237|P_EXP_DT=20260119
    [P_RMESG2] => 
    [P_NOTI] => 
    [P_AUTH_NO] => 
)

 Array
(
    [PageCall time] => 09:14:12
    [P_TID] => INIMX_VBNKCAEcatca0720260109091149045226
    [P_MID] => CAEcatca07
    [P_AUTH_DT] => 20260109091412
    [P_STATUS] => 02
    [P_TYPE] => VBANK
    [P_OID] => 260108-047
    [P_FN_CD1] => 04
    [P_FN_CD2] => 
    [P_FN_NM] => KB국민은행
    [P_AMT] => 3500
    [P_UNAME] => 김치성
    [P_RMESG1] => P_VACCT_NO=87709011829156|P_EXP_DT=20260119
    [P_RMESG2] => 
    [P_NOTI] => 
    [P_AUTH_NO] => 
)

 Array
(
    [PageCall time] => 10:10:22
    [P_TID] => INIMX_VBNKCAEcatca0720260109100754295121
    [P_MID] => CAEcatca07
    [P_AUTH_DT] => 20260109101022
    [P_STATUS] => 02
    [P_TYPE] => VBANK
    [P_OID] => 260109-002
    [P_FN_CD1] => 04
    [P_FN_CD2] => 
    [P_FN_NM] => KB국민은행
    [P_AMT] => 3500
    [P_UNAME] => 정환희
    [P_RMESG1] => P_VACCT_NO=26119078161061|P_EXP_DT=20260119
    [P_RMESG2] => 
    [P_NOTI] => 
    [P_AUTH_NO] => 
)

 Array
(
    [PageCall time] => 10:51:59
    [P_TID] => INIMX_VBNKCAEcatca0720260109104831375993
    [P_MID] => CAEcatca07
    [P_AUTH_DT] => 20260109105159
    [P_STATUS] => 02
    [P_TYPE] => VBANK
    [P_OID] => 260109-004
    [P_FN_CD1] => 04
    [P_FN_CD2] => 
    [P_FN_NM] => KB국민은행
    [P_AMT] => 3500
    [P_UNAME] => 이재영
    [P_RMESG1] => P_VACCT_NO=26029078410807|P_EXP_DT=20260119
    [P_RMESG2] => 
    [P_NOTI] => 
    [P_AUTH_NO] => 
)

 Array
(
    [PageCall time] => 11:11:41
    [P_TID] => INIMX_VBNKCAEcatca0720260109110753375768
    [P_MID] => CAEcatca07
    [P_AUTH_DT] => 20260109111141
    [P_STATUS] => 02
    [P_TYPE] => VBANK
    [P_OID] => 260109-005
    [P_FN_CD1] => 04
    [P_FN_CD2] => 
    [P_FN_NM] => KB국민은행
    [P_AMT] => 3500
    [P_UNAME] => 홍정숙
    [P_RMESG1] => P_VACCT_NO=60539014145810|P_EXP_DT=20260119
    [P_RMESG2] => 
    [P_NOTI] => 
    [P_AUTH_NO] => 
)

 Array
(
    [PageCall time] => 11:12:23
    [P_TID] => INIMX_VBNKCAEcatca0720260109111000385671
    [P_MID] => CAEcatca07
    [P_AUTH_DT] => 20260109111223
    [P_STATUS] => 02
    [P_TYPE] => VBANK
    [P_OID] => 260109-006
    [P_FN_CD1] => 88
    [P_FN_CD2] => 
    [P_FN_NM] => 신한은행
    [P_AMT] => 3500
    [P_UNAME] => 오지원
    [P_RMESG1] => P_VACCT_NO=56211993073305|P_EXP_DT=20260119
    [P_RMESG2] => 
    [P_NOTI] => 
    [P_AUTH_NO] => 
)

 Array
(
    [PageCall time] => 12:02:46
    [P_TID] => INIMX_VBNKCAEcatca0720260109115959575080
    [P_MID] => CAEcatca07
    [P_AUTH_DT] => 20260109120246
    [P_STATUS] => 02
    [P_TYPE] => VBANK
    [P_OID] => 260109-007
    [P_FN_CD1] => 11
    [P_FN_CD2] => 
    [P_FN_NM] => NH농협은행
    [P_AMT] => 3500
    [P_UNAME] => 오인호
    [P_RMESG1] => P_VACCT_NO=79010590313207|P_EXP_DT=20260119
    [P_RMESG2] => 
    [P_NOTI] => 
    [P_AUTH_NO] => 
)

 Array
(
    [PageCall time] => 13:23:58
    [P_TID] => INIMX_VBNKCAEcatca0720260109132054695019
    [P_MID] => CAEcatca07
    [P_AUTH_DT] => 20260109132358
    [P_STATUS] => 02
    [P_TYPE] => VBANK
    [P_OID] => 260109-010
    [P_FN_CD1] => 04
    [P_FN_CD2] => 
    [P_FN_NM] => KB국민은행
    [P_AMT] => 3500
    [P_UNAME] => 박근수
    [P_RMESG1] => P_VACCT_NO=60539014163180|P_EXP_DT=20260119
    [P_RMESG2] => 
    [P_NOTI] => 
    [P_AUTH_NO] => 
)

 Array
(
    [PageCall time] => 13:50:34
    [P_TID] => INIMX_VBNKCAEcatca0720260109134758215339
    [P_MID] => CAEcatca07
    [P_AUTH_DT] => 20260109135034
    [P_STATUS] => 02
    [P_TYPE] => VBANK
    [P_OID] => 260109-012
    [P_FN_CD1] => 04
    [P_FN_CD2] => 
    [P_FN_NM] => KB국민은행
    [P_AMT] => 3500
    [P_UNAME] => 이인숙
    [P_RMESG1] => P_VACCT_NO=60539014167018|P_EXP_DT=20260119
    [P_RMESG2] => 
    [P_NOTI] => 
    [P_AUTH_NO] => 
)

 Array
(
    [PageCall time] => 14:34:08
    [P_TID] => INIMX_VBNKCAEcatca0720260109143318415492
    [P_MID] => CAEcatca07
    [P_AUTH_DT] => 20260109143408
    [P_STATUS] => 02
    [P_TYPE] => VBANK
    [P_OID] => 260109-014
    [P_FN_CD1] => 11
    [P_FN_CD2] => 
    [P_FN_NM] => NH농협은행
    [P_AMT] => 3500
    [P_UNAME] => 김주영
    [P_RMESG1] => P_VACCT_NO=79010590338174|P_EXP_DT=20260119
    [P_RMESG2] => 
    [P_NOTI] => 
    [P_AUTH_NO] => 
)

 Array
(
    [PageCall time] => 14:56:55
    [P_TID] => INIMX_VBNKCAEcatca0720260109145345555504
    [P_MID] => CAEcatca07
    [P_AUTH_DT] => 20260109145655
    [P_STATUS] => 02
    [P_TYPE] => VBANK
    [P_OID] => 260109-015
    [P_FN_CD1] => 03
    [P_FN_CD2] => 
    [P_FN_NM] => 기업은행
    [P_AMT] => 3500
    [P_UNAME] => 이성일
    [P_RMESG1] => P_VACCT_NO=07500624097112|P_EXP_DT=20260119
    [P_RMESG2] => 
    [P_NOTI] => 
    [P_AUTH_NO] => 
)

 Array
(
    [PageCall time] => 15:57:36
    [P_TID] => INIMX_VBNKCAEcatca0720260109155620425452
    [P_MID] => CAEcatca07
    [P_AUTH_DT] => 20260109155736
    [P_STATUS] => 02
    [P_TYPE] => VBANK
    [P_OID] => 260109-016
    [P_FN_CD1] => 11
    [P_FN_CD2] => 
    [P_FN_NM] => NH농협은행
    [P_AMT] => 3500
    [P_UNAME] => 최미화
    [P_RMESG1] => P_VACCT_NO=79010590350435|P_EXP_DT=20260119
    [P_RMESG2] => 
    [P_NOTI] => 
    [P_AUTH_NO] => 
)

 Array
(
    [PageCall time] => 16:48:11
    [P_TID] => INIMX_VBNKCAEcatca0720260109164519065089
    [P_MID] => CAEcatca07
    [P_AUTH_DT] => 20260109164811
    [P_STATUS] => 02
    [P_TYPE] => VBANK
    [P_OID] => 260109-018
    [P_FN_CD1] => 03
    [P_FN_CD2] => 
    [P_FN_NM] => 기업은행
    [P_AMT] => 3500
    [P_UNAME] => 정경민
    [P_RMESG1] => P_VACCT_NO=07500626497322|P_EXP_DT=20260119
    [P_RMESG2] => 
    [P_NOTI] => 
    [P_AUTH_NO] => 
)

 Array
(
    [PageCall time] => 17:02:43
    [P_TID] => INIMX_VBNKCAEcatca0720260109165942665979
    [P_MID] => CAEcatca07
    [P_AUTH_DT] => 20260109170243
    [P_STATUS] => 02
    [P_TYPE] => VBANK
    [P_OID] => 260109-017
    [P_FN_CD1] => 23
    [P_FN_CD2] => 
    [P_FN_NM] => SC은행
    [P_AMT] => 3500
    [P_UNAME] => 이미선
    [P_RMESG1] => P_VACCT_NO=46416006109868|P_EXP_DT=20260119
    [P_RMESG2] => 
    [P_NOTI] => 
    [P_AUTH_NO] => 
)

 Array
(
    [PageCall time] => 18:28:51
    [P_TID] => INIMX_VBNKCAEcatca0720260109165308945018
    [P_MID] => CAEcatca07
    [P_AUTH_DT] => 20260109182851
    [P_STATUS] => 02
    [P_TYPE] => VBANK
    [P_OID] => 260109-019
    [P_FN_CD1] => 88
    [P_FN_CD2] => 
    [P_FN_NM] => 신한은행
    [P_AMT] => 3500
    [P_UNAME] => 이수정
    [P_RMESG1] => P_VACCT_NO=56211993128397|P_EXP_DT=20260119
    [P_RMESG2] => 
    [P_NOTI] => 
    [P_AUTH_NO] => 
)

 Array
(
    [PageCall time] => 20:42:20
    [P_TID] => INIMX_VBNKCAEcatca0720260109204103195617
    [P_MID] => CAEcatca07
    [P_AUTH_DT] => 20260109204220
    [P_STATUS] => 02
    [P_TYPE] => VBANK
    [P_OID] => 260109-025
    [P_FN_CD1] => 11
    [P_FN_CD2] => 
    [P_FN_NM] => NH농협은행
    [P_AMT] => 3500
    [P_UNAME] => 김은희
    [P_RMESG1] => P_VACCT_NO=79010590408589|P_EXP_DT=20260119
    [P_RMESG2] => 
    [P_NOTI] => 
    [P_AUTH_NO] => 
)

 Array
(
    [PageCall time] => 21:31:32
    [P_TID] => INIMX_VBNKCAEcatca0720260109212855275286
    [P_MID] => CAEcatca07
    [P_AUTH_DT] => 20260109213132
    [P_STATUS] => 02
    [P_TYPE] => VBANK
    [P_OID] => 260109-026
    [P_FN_CD1] => 31
    [P_FN_CD2] => 
    [P_FN_NM] => 아이엠뱅크(대구은행)
    [P_AMT] => 3500
    [P_UNAME] => 이미영
    [P_RMESG1] => P_VACCT_NO=9600362623962|P_EXP_DT=20260119
    [P_RMESG2] => 
    [P_NOTI] => 
    [P_AUTH_NO] => 
)

