 Array
(
    [PageCall time] => 08:59:39
    [P_TID] => INIMX_VBNKCAEcatca0720250705085855465599
    [P_MID] => CAEcatca07
    [P_AUTH_DT] => 20250705085939
    [P_STATUS] => 02
    [P_TYPE] => VBANK
    [P_OID] => 250705-001
    [P_FN_CD1] => 04
    [P_FN_CD2] => 
    [P_FN_NM] => KB국민은행
    [P_AMT] => 3000
    [P_UNAME] => 최선아
    [P_RMESG1] => P_VACCT_NO=26119078483237|P_EXP_DT=20250715
    [P_RMESG2] => 
    [P_NOTI] => 
    [P_AUTH_NO] => 
)

 Array
(
    [PageCall time] => 13:08:35
    [P_TID] => INIMX_VBNKCAEcatca0720250705130603545683
    [P_MID] => CAEcatca07
    [P_AUTH_DT] => 20250705130835
    [P_STATUS] => 02
    [P_TYPE] => VBANK
    [P_OID] => 250705-002
    [P_FN_CD1] => 89
    [P_FN_CD2] => 
    [P_FN_NM] => 케이뱅크
    [P_AMT] => 3000
    [P_UNAME] => 이희정
    [P_RMESG1] => P_VACCT_NO=70112003899042|P_EXP_DT=20250715
    [P_RMESG2] => 
    [P_NOTI] => 
    [P_AUTH_NO] => 
)

 Array
(
    [PageCall time] => 13:18:45
    [P_TID] => INIMX_VBNKCAEcatca0720250705131752455640
    [P_MID] => CAEcatca07
    [P_AUTH_DT] => 20250705131845
    [P_STATUS] => 02
    [P_TYPE] => VBANK
    [P_OID] => 250705-003
    [P_FN_CD1] => 11
    [P_FN_CD2] => 
    [P_FN_NM] => NH농협은행
    [P_AMT] => 3000
    [P_UNAME] => 안인준
    [P_RMESG1] => P_VACCT_NO=79010594510263|P_EXP_DT=20250715
    [P_RMESG2] => 
    [P_NOTI] => 
    [P_AUTH_NO] => 
)

 Array
(
    [PageCall time] => 14:16:14
    [P_TID] => INIMX_VBNKCAEcatca0720250705141314265960
    [P_MID] => CAEcatca07
    [P_AUTH_DT] => 20250705141614
    [P_STATUS] => 02
    [P_TYPE] => VBANK
    [P_OID] => 250705-005
    [P_FN_CD1] => 88
    [P_FN_CD2] => 
    [P_FN_NM] => 신한은행
    [P_AMT] => 3000
    [P_UNAME] => 황신애
    [P_RMESG1] => P_VACCT_NO=56211106095278|P_EXP_DT=20250715
    [P_RMESG2] => 
    [P_NOTI] => 
    [P_AUTH_NO] => 
)

 Array
(
    [PageCall time] => 16:38:37
    [P_TID] => INIMX_VBNKCAEcatca0720250705134551875057
    [P_MID] => CAEcatca07
    [P_AUTH_DT] => 20250705163837
    [P_STATUS] => 02
    [P_TYPE] => VBANK
    [P_OID] => 250705-004
    [P_FN_CD1] => 89
    [P_FN_CD2] => 
    [P_FN_NM] => 케이뱅크
    [P_AMT] => 3000
    [P_UNAME] => 박초롱
    [P_RMESG1] => P_VACCT_NO=70112003899273|P_EXP_DT=20250715
    [P_RMESG2] => 
    [P_NOTI] => 
    [P_AUTH_NO] => 
)

 Array
(
    [PageCall time] => 17:15:32
    [P_TID] => INIMX_VBNKCAEcatca0720250705171245335330
    [P_MID] => CAEcatca07
    [P_AUTH_DT] => 20250705171532
    [P_STATUS] => 02
    [P_TYPE] => VBANK
    [P_OID] => 250705-009
    [P_FN_CD1] => 88
    [P_FN_CD2] => 
    [P_FN_NM] => 신한은행
    [P_AMT] => 3000
    [P_UNAME] => 박태형
    [P_RMESG1] => P_VACCT_NO=56211106104139|P_EXP_DT=20250715
    [P_RMESG2] => 
    [P_NOTI] => 
    [P_AUTH_NO] => 
)

 Array
(
    [PageCall time] => 17:45:25
    [P_TID] => INIMX_VBNKCAEcatca0720250705174414585305
    [P_MID] => CAEcatca07
    [P_AUTH_DT] => 20250705174525
    [P_STATUS] => 02
    [P_TYPE] => VBANK
    [P_OID] => 250705-010
    [P_FN_CD1] => 04
    [P_FN_CD2] => 
    [P_FN_NM] => KB국민은행
    [P_AMT] => 3000
    [P_UNAME] => 황순상
    [P_RMESG1] => P_VACCT_NO=26029078524357|P_EXP_DT=20250715
    [P_RMESG2] => 
    [P_NOTI] => 
    [P_AUTH_NO] => 
)

 Array
(
    [PageCall time] => 18:49:13
    [P_TID] => INIMX_VBNKCAEcatca0720250705184759455429
    [P_MID] => CAEcatca07
    [P_AUTH_DT] => 20250705184913
    [P_STATUS] => 02
    [P_TYPE] => VBANK
    [P_OID] => 250705-011
    [P_FN_CD1] => 11
    [P_FN_CD2] => 
    [P_FN_NM] => NH농협은행
    [P_AMT] => 3000
    [P_UNAME] => 김학수
    [P_RMESG1] => P_VACCT_NO=79010594690046|P_EXP_DT=20250715
    [P_RMESG2] => 
    [P_NOTI] => 
    [P_AUTH_NO] => 
)

 Array
(
    [PageCall time] => 19:52:23
    [P_TID] => INIMX_VBNKCAEcatca0720250705195103965162
    [P_MID] => CAEcatca07
    [P_AUTH_DT] => 20250705195223
    [P_STATUS] => 02
    [P_TYPE] => VBANK
    [P_OID] => 250705-012
    [P_FN_CD1] => 11
    [P_FN_CD2] => 
    [P_FN_NM] => NH농협은행
    [P_AMT] => 3000
    [P_UNAME] => 오혜연
    [P_RMESG1] => P_VACCT_NO=79010594719668|P_EXP_DT=20250715
    [P_RMESG2] => 
    [P_NOTI] => 
    [P_AUTH_NO] => 
)

 Array
(
    [PageCall time] => 21:32:20
    [P_TID] => INIMX_VBNKCAEcatca0720250705213128295544
    [P_MID] => CAEcatca07
    [P_AUTH_DT] => 20250705213220
    [P_STATUS] => 02
    [P_TYPE] => VBANK
    [P_OID] => 250705-013
    [P_FN_CD1] => 04
    [P_FN_CD2] => 
    [P_FN_NM] => KB국민은행
    [P_AMT] => 3000
    [P_UNAME] => 최윤희
    [P_RMESG1] => P_VACCT_NO=26119078027749|P_EXP_DT=20250715
    [P_RMESG2] => 
    [P_NOTI] => 
    [P_AUTH_NO] => 
)

