 Array
(
    [PageCall time] => 00:22:46
    [P_TID] => INIMX_VBNKCAEcatca0720250419001941985241
    [P_MID] => CAEcatca07
    [P_AUTH_DT] => 20250419002246
    [P_STATUS] => 02
    [P_TYPE] => VBANK
    [P_OID] => 250418-020
    [P_FN_CD1] => 03
    [P_FN_CD2] => 
    [P_FN_NM] => 기업은행
    [P_AMT] => 3000
    [P_UNAME] => 김막선
    [P_RMESG1] => P_VACCT_NO=07503293297064|P_EXP_DT=20250429
    [P_RMESG2] => 
    [P_NOTI] => 
    [P_AUTH_NO] => 
)

 Array
(
    [PageCall time] => 08:35:30
    [P_TID] => INIMX_VBNKCAEcatca0720250419083217525662
    [P_MID] => CAEcatca07
    [P_AUTH_DT] => 20250419083530
    [P_STATUS] => 02
    [P_TYPE] => VBANK
    [P_OID] => 250419-001
    [P_FN_CD1] => 89
    [P_FN_CD2] => 
    [P_FN_NM] => 케이뱅크
    [P_AMT] => 3000
    [P_UNAME] => 정동효
    [P_RMESG1] => P_VACCT_NO=70112003337489|P_EXP_DT=20250429
    [P_RMESG2] => 
    [P_NOTI] => 
    [P_AUTH_NO] => 
)

 Array
(
    [PageCall time] => 19:06:24
    [P_TID] => INIMX_VBNKCAEcatca0720250419190338654990
    [P_MID] => CAEcatca07
    [P_AUTH_DT] => 20250419190624
    [P_STATUS] => 02
    [P_TYPE] => VBANK
    [P_OID] => 250419-004
    [P_FN_CD1] => 88
    [P_FN_CD2] => 
    [P_FN_NM] => 신한은행
    [P_AMT] => 3000
    [P_UNAME] => 김지성
    [P_RMESG1] => P_VACCT_NO=56211112034745|P_EXP_DT=20250429
    [P_RMESG2] => 
    [P_NOTI] => 
    [P_AUTH_NO] => 
)

 Array
(
    [PageCall time] => 20:29:27
    [P_TID] => INIMX_VBNKCAEcatca0720250419202541324454
    [P_MID] => CAEcatca07
    [P_AUTH_DT] => 20250419202927
    [P_STATUS] => 02
    [P_TYPE] => VBANK
    [P_OID] => 250419-005
    [P_FN_CD1] => 89
    [P_FN_CD2] => 
    [P_FN_NM] => 케이뱅크
    [P_AMT] => 3000
    [P_UNAME] => 김정민
    [P_RMESG1] => P_VACCT_NO=70112000086548|P_EXP_DT=20250429
    [P_RMESG2] => 
    [P_NOTI] => 
    [P_AUTH_NO] => 
)

 Array
(
    [PageCall time] => 21:01:04
    [P_TID] => INIMX_VBNKCAEcatca0720250419210028634212
    [P_MID] => CAEcatca07
    [P_AUTH_DT] => 20250419210104
    [P_STATUS] => 02
    [P_TYPE] => VBANK
    [P_OID] => 250419-006
    [P_FN_CD1] => 11
    [P_FN_CD2] => 
    [P_FN_NM] => NH농협은행
    [P_AMT] => 3000
    [P_UNAME] => 김수영
    [P_RMESG1] => P_VACCT_NO=01445164768413|P_EXP_DT=20250429
    [P_RMESG2] => 
    [P_NOTI] => 
    [P_AUTH_NO] => 
)

 Array
(
    [PageCall time] => 21:05:13
    [P_TID] => INIMX_VBNKCAEcatca0720250419210242534395
    [P_MID] => CAEcatca07
    [P_AUTH_DT] => 20250419210513
    [P_STATUS] => 02
    [P_TYPE] => VBANK
    [P_OID] => 250419-007
    [P_FN_CD1] => 88
    [P_FN_CD2] => 
    [P_FN_NM] => 신한은행
    [P_AMT] => 3000
    [P_UNAME] => 이기백
    [P_RMESG1] => P_VACCT_NO=56211112037974|P_EXP_DT=20250429
    [P_RMESG2] => 
    [P_NOTI] => 
    [P_AUTH_NO] => 
)

 Array
(
    [PageCall time] => 22:59:23
    [P_TID] => INIMX_VBNKCAEcatca0720250419225826784141
    [P_MID] => CAEcatca07
    [P_AUTH_DT] => 20250419225923
    [P_STATUS] => 02
    [P_TYPE] => VBANK
    [P_OID] => 250419-009
    [P_FN_CD1] => 11
    [P_FN_CD2] => 
    [P_FN_NM] => NH농협은행
    [P_AMT] => 3000
    [P_UNAME] => 김현호
    [P_RMESG1] => P_VACCT_NO=01445164792163|P_EXP_DT=20250429
    [P_RMESG2] => 
    [P_NOTI] => 
    [P_AUTH_NO] => 
)

