 Array
(
    [PageCall time] => 10:08:11
    [P_TID] => INIMX_VBNKCAEcatca0720260217100507185362
    [P_MID] => CAEcatca07
    [P_AUTH_DT] => 20260217100811
    [P_STATUS] => 02
    [P_TYPE] => VBANK
    [P_OID] => 260217-003
    [P_FN_CD1] => 20
    [P_FN_CD2] => 
    [P_FN_NM] => 우리은행
    [P_AMT] => 3500
    [P_UNAME] => 박강수
    [P_RMESG1] => P_VACCT_NO=27490730618363|P_EXP_DT=20260227
    [P_RMESG2] => 
    [P_NOTI] => 
    [P_AUTH_NO] => 
)

 Array
(
    [PageCall time] => 10:59:11
    [P_TID] => INIMX_VBNKCAEcatca0720260217105641375125
    [P_MID] => CAEcatca07
    [P_AUTH_DT] => 20260217105911
    [P_STATUS] => 02
    [P_TYPE] => VBANK
    [P_OID] => 260217-004
    [P_FN_CD1] => 20
    [P_FN_CD2] => 
    [P_FN_NM] => 우리은행
    [P_AMT] => 3500
    [P_UNAME] => 유한영
    [P_RMESG1] => P_VACCT_NO=27490730618891|P_EXP_DT=20260227
    [P_RMESG2] => 
    [P_NOTI] => 
    [P_AUTH_NO] => 
)

 Array
(
    [PageCall time] => 11:55:00
    [P_TID] => INIMX_VBNKCAEcatca0720260217115124275800
    [P_MID] => CAEcatca07
    [P_AUTH_DT] => 20260217115500
    [P_STATUS] => 02
    [P_TYPE] => VBANK
    [P_OID] => 260217-006
    [P_FN_CD1] => 04
    [P_FN_CD2] => 
    [P_FN_NM] => KB국민은행
    [P_AMT] => 3500
    [P_UNAME] => 김현숙
    [P_RMESG1] => P_VACCT_NO=26159078879683|P_EXP_DT=20260227
    [P_RMESG2] => 
    [P_NOTI] => 
    [P_AUTH_NO] => 
)

 Array
(
    [PageCall time] => 12:53:41
    [P_TID] => INIMX_VBNKCAEcatca0720260217125048695643
    [P_MID] => CAEcatca07
    [P_AUTH_DT] => 20260217125341
    [P_STATUS] => 02
    [P_TYPE] => VBANK
    [P_OID] => 260217-005
    [P_FN_CD1] => 04
    [P_FN_CD2] => 
    [P_FN_NM] => KB국민은행
    [P_AMT] => 3500
    [P_UNAME] => 정용재
    [P_RMESG1] => P_VACCT_NO=29419079192169|P_EXP_DT=20260227
    [P_RMESG2] => 
    [P_NOTI] => 
    [P_AUTH_NO] => 
)

 Array
(
    [PageCall time] => 13:43:12
    [P_TID] => INIMX_VBNKCAEcatca0720260217134200295239
    [P_MID] => CAEcatca07
    [P_AUTH_DT] => 20260217134312
    [P_STATUS] => 02
    [P_TYPE] => VBANK
    [P_OID] => 260217-007
    [P_FN_CD1] => 71
    [P_FN_CD2] => 
    [P_FN_NM] => 우체국
    [P_AMT] => 3500
    [P_UNAME] => 정지수
    [P_RMESG1] => P_VACCT_NO=01398781096946|P_EXP_DT=20260227
    [P_RMESG2] => 
    [P_NOTI] => 
    [P_AUTH_NO] => 
)

 Array
(
    [PageCall time] => 15:10:44
    [P_TID] => INIMX_VBNKCAEcatca0720260217150722895194
    [P_MID] => CAEcatca07
    [P_AUTH_DT] => 20260217151044
    [P_STATUS] => 02
    [P_TYPE] => VBANK
    [P_OID] => 260217-008
    [P_FN_CD1] => 20
    [P_FN_CD2] => 
    [P_FN_NM] => 우리은행
    [P_AMT] => 3500
    [P_UNAME] => 방흥식
    [P_RMESG1] => P_VACCT_NO=27490733118510|P_EXP_DT=20260227
    [P_RMESG2] => 
    [P_NOTI] => 
    [P_AUTH_NO] => 
)

 Array
(
    [PageCall time] => 15:14:36
    [P_TID] => INIMX_VBNKCAEcatca0720260217151153525684
    [P_MID] => CAEcatca07
    [P_AUTH_DT] => 20260217151435
    [P_STATUS] => 02
    [P_TYPE] => VBANK
    [P_OID] => 260217-009
    [P_FN_CD1] => 04
    [P_FN_CD2] => 
    [P_FN_NM] => KB국민은행
    [P_AMT] => 3500
    [P_UNAME] => 박예림
    [P_RMESG1] => P_VACCT_NO=26119078715000|P_EXP_DT=20260227
    [P_RMESG2] => 
    [P_NOTI] => 
    [P_AUTH_NO] => 
)

 Array
(
    [PageCall time] => 16:14:18
    [P_TID] => INIMX_VBNKCAEcatca0720260217161057165957
    [P_MID] => CAEcatca07
    [P_AUTH_DT] => 20260217161418
    [P_STATUS] => 02
    [P_TYPE] => VBANK
    [P_OID] => 260217-010
    [P_FN_CD1] => 20
    [P_FN_CD2] => 
    [P_FN_NM] => 우리은행
    [P_AMT] => 3500
    [P_UNAME] => 허승복
    [P_RMESG1] => P_VACCT_NO=27490734918655|P_EXP_DT=20260227
    [P_RMESG2] => 
    [P_NOTI] => 
    [P_AUTH_NO] => 
)

 Array
(
    [PageCall time] => 19:20:38
    [P_TID] => INIMX_VBNKCAEcatca0720260217191742575698
    [P_MID] => CAEcatca07
    [P_AUTH_DT] => 20260217192038
    [P_STATUS] => 02
    [P_TYPE] => VBANK
    [P_OID] => 260217-011
    [P_FN_CD1] => 31
    [P_FN_CD2] => 
    [P_FN_NM] => 아이엠뱅크(대구은행)
    [P_AMT] => 3500
    [P_UNAME] => 김한식
    [P_RMESG1] => P_VACCT_NO=9600362767367|P_EXP_DT=20260227
    [P_RMESG2] => 
    [P_NOTI] => 
    [P_AUTH_NO] => 
)

 Array
(
    [PageCall time] => 21:33:58
    [P_TID] => INIMX_VBNKCAEcatca0720260217213109865731
    [P_MID] => CAEcatca07
    [P_AUTH_DT] => 20260217213358
    [P_STATUS] => 02
    [P_TYPE] => VBANK
    [P_OID] => 260217-012
    [P_FN_CD1] => 04
    [P_FN_CD2] => 
    [P_FN_NM] => KB국민은행
    [P_AMT] => 3500
    [P_UNAME] => 김민혜
    [P_RMESG1] => P_VACCT_NO=70219014193244|P_EXP_DT=20260227
    [P_RMESG2] => 
    [P_NOTI] => 
    [P_AUTH_NO] => 
)

 Array
(
    [PageCall time] => 22:07:39
    [P_TID] => INIMX_VBNKCAEcatca0720260217220702985878
    [P_MID] => CAEcatca07
    [P_AUTH_DT] => 20260217220739
    [P_STATUS] => 02
    [P_TYPE] => VBANK
    [P_OID] => 260214-001
    [P_FN_CD1] => 11
    [P_FN_CD2] => 
    [P_FN_NM] => NH농협은행
    [P_AMT] => 3500
    [P_UNAME] => 신재림
    [P_RMESG1] => P_VACCT_NO=79014289063796|P_EXP_DT=20260227
    [P_RMESG2] => 
    [P_NOTI] => 
    [P_AUTH_NO] => 
)

