 Array
(
    [PageCall time] => 09:37:19
    [P_TID] => INIMX_VBNKCAEcatca0720250520093501315339
    [P_MID] => CAEcatca07
    [P_AUTH_DT] => 20250520093719
    [P_STATUS] => 02
    [P_TYPE] => VBANK
    [P_OID] => 250520-007
    [P_FN_CD1] => 04
    [P_FN_CD2] => 
    [P_FN_NM] => KB국민은행
    [P_AMT] => 3000
    [P_UNAME] => 이병진
    [P_RMESG1] => P_VACCT_NO=53049079169841|P_EXP_DT=20250530
    [P_RMESG2] => 
    [P_NOTI] => 
    [P_AUTH_NO] => 
)

 Array
(
    [PageCall time] => 09:52:32
    [P_TID] => INIMX_VBNKCAEcatca0720250520094820615934
    [P_MID] => CAEcatca07
    [P_AUTH_DT] => 20250520095232
    [P_STATUS] => 02
    [P_TYPE] => VBANK
    [P_OID] => 250520-009
    [P_FN_CD1] => 04
    [P_FN_CD2] => 
    [P_FN_NM] => KB국민은행
    [P_AMT] => 3000
    [P_UNAME] => 조향숙
    [P_RMESG1] => P_VACCT_NO=26119078888324|P_EXP_DT=20250530
    [P_RMESG2] => 
    [P_NOTI] => 
    [P_AUTH_NO] => 
)

 Array
(
    [PageCall time] => 10:33:14
    [P_TID] => INIMX_VBNKCAEcatca0720250520102928125451
    [P_MID] => CAEcatca07
    [P_AUTH_DT] => 20250520103314
    [P_STATUS] => 02
    [P_TYPE] => VBANK
    [P_OID] => 250520-013
    [P_FN_CD1] => 03
    [P_FN_CD2] => 
    [P_FN_NM] => 기업은행
    [P_AMT] => 3000
    [P_UNAME] => 김수미
    [P_RMESG1] => P_VACCT_NO=07502366597950|P_EXP_DT=20250530
    [P_RMESG2] => 
    [P_NOTI] => 
    [P_AUTH_NO] => 
)

 Array
(
    [PageCall time] => 10:38:48
    [P_TID] => INIMX_VBNKCAEcatca0720250520103537545826
    [P_MID] => CAEcatca07
    [P_AUTH_DT] => 20250520103848
    [P_STATUS] => 02
    [P_TYPE] => VBANK
    [P_OID] => 250520-014
    [P_FN_CD1] => 03
    [P_FN_CD2] => 
    [P_FN_NM] => 기업은행
    [P_AMT] => 3000
    [P_UNAME] => 정지영
    [P_RMESG1] => P_VACCT_NO=07502366697501|P_EXP_DT=20250530
    [P_RMESG2] => 
    [P_NOTI] => 
    [P_AUTH_NO] => 
)

 Array
(
    [PageCall time] => 11:09:44
    [P_TID] => INIMX_VBNKCAEcatca0720250520110907785663
    [P_MID] => CAEcatca07
    [P_AUTH_DT] => 20250520110944
    [P_STATUS] => 02
    [P_TYPE] => VBANK
    [P_OID] => 250520-016
    [P_FN_CD1] => 04
    [P_FN_CD2] => 
    [P_FN_NM] => KB국민은행
    [P_AMT] => 3000
    [P_UNAME] => 박민영
    [P_RMESG1] => P_VACCT_NO=26119078975949|P_EXP_DT=20250530
    [P_RMESG2] => 
    [P_NOTI] => 
    [P_AUTH_NO] => 
)

 Array
(
    [PageCall time] => 12:03:54
    [P_TID] => INIMX_VBNKCAEcatca0720250520120259515713
    [P_MID] => CAEcatca07
    [P_AUTH_DT] => 20250520120354
    [P_STATUS] => 02
    [P_TYPE] => VBANK
    [P_OID] => 250520-017
    [P_FN_CD1] => 11
    [P_FN_CD2] => 
    [P_FN_NM] => NH농협은행
    [P_AMT] => 3000
    [P_UNAME] => 김현화
    [P_RMESG1] => P_VACCT_NO=79015905312214|P_EXP_DT=20250530
    [P_RMESG2] => 
    [P_NOTI] => 
    [P_AUTH_NO] => 
)

 Array
(
    [PageCall time] => 13:12:34
    [P_TID] => INIMX_VBNKCAEcatca0720250520104733654121
    [P_MID] => CAEcatca07
    [P_AUTH_DT] => 20250520131234
    [P_STATUS] => 02
    [P_TYPE] => VBANK
    [P_OID] => 250520-015
    [P_FN_CD1] => 88
    [P_FN_CD2] => 
    [P_FN_NM] => 신한은행
    [P_AMT] => 3000
    [P_UNAME] => 경기지역아동센터
    [P_RMESG1] => P_VACCT_NO=56211121119100|P_EXP_DT=20250530
    [P_RMESG2] => 
    [P_NOTI] => 
    [P_AUTH_NO] => 
)

 Array
(
    [PageCall time] => 14:02:14
    [P_TID] => INIMX_VBNKCAEcatca0720250520140150735869
    [P_MID] => CAEcatca07
    [P_AUTH_DT] => 20250520140214
    [P_STATUS] => 02
    [P_TYPE] => VBANK
    [P_OID] => 250520-019
    [P_FN_CD1] => 04
    [P_FN_CD2] => 
    [P_FN_NM] => KB국민은행
    [P_AMT] => 3000
    [P_UNAME] => 윤정규
    [P_RMESG1] => P_VACCT_NO=26159078060289|P_EXP_DT=20250530
    [P_RMESG2] => 
    [P_NOTI] => 
    [P_AUTH_NO] => 
)

 Array
(
    [PageCall time] => 14:19:31
    [P_TID] => INIMX_VBNKCAEcatca0720250520141843675498
    [P_MID] => CAEcatca07
    [P_AUTH_DT] => 20250520141931
    [P_STATUS] => 02
    [P_TYPE] => VBANK
    [P_OID] => 250520-022
    [P_FN_CD1] => 04
    [P_FN_CD2] => 
    [P_FN_NM] => KB국민은행
    [P_AMT] => 3000
    [P_UNAME] => 최진혁
    [P_RMESG1] => P_VACCT_NO=26159078068946|P_EXP_DT=20250530
    [P_RMESG2] => 
    [P_NOTI] => 
    [P_AUTH_NO] => 
)

 Array
(
    [PageCall time] => 14:26:02
    [P_TID] => INIMX_VBNKCAEcatca0720250520113401545497
    [P_MID] => CAEcatca07
    [P_AUTH_DT] => 20250520142602
    [P_STATUS] => 02
    [P_TYPE] => VBANK
    [P_OID] => 250519-028
    [P_FN_CD1] => 04
    [P_FN_CD2] => 
    [P_FN_NM] => KB국민은행
    [P_AMT] => 3000
    [P_UNAME] => 이지원
    [P_RMESG1] => P_VACCT_NO=26159078003477|P_EXP_DT=20250530
    [P_RMESG2] => 
    [P_NOTI] => 
    [P_AUTH_NO] => 
)

 Array
(
    [PageCall time] => 14:43:03
    [P_TID] => INIMX_VBNKCAEcatca0720250520144001505976
    [P_MID] => CAEcatca07
    [P_AUTH_DT] => 20250520144303
    [P_STATUS] => 02
    [P_TYPE] => VBANK
    [P_OID] => 250520-027
    [P_FN_CD1] => 20
    [P_FN_CD2] => 
    [P_FN_NM] => 우리은행
    [P_AMT] => 3000
    [P_UNAME] => 유은아
    [P_RMESG1] => P_VACCT_NO=27489993118236|P_EXP_DT=20250530
    [P_RMESG2] => 
    [P_NOTI] => 
    [P_AUTH_NO] => 
)

 Array
(
    [PageCall time] => 15:10:00
    [P_TID] => INIMX_VBNKCAEcatca0720250520150714125726
    [P_MID] => CAEcatca07
    [P_AUTH_DT] => 20250520151000
    [P_STATUS] => 02
    [P_TYPE] => VBANK
    [P_OID] => 250520-028
    [P_FN_CD1] => 20
    [P_FN_CD2] => 
    [P_FN_NM] => 우리은행
    [P_AMT] => 3000
    [P_UNAME] => 백지영
    [P_RMESG1] => P_VACCT_NO=27489995518018|P_EXP_DT=20250530
    [P_RMESG2] => 
    [P_NOTI] => 
    [P_AUTH_NO] => 
)

 Array
(
    [PageCall time] => 16:06:15
    [P_TID] => INIMX_VBNKCAEcatca0720250520160526985629
    [P_MID] => CAEcatca07
    [P_AUTH_DT] => 20250520160615
    [P_STATUS] => 02
    [P_TYPE] => VBANK
    [P_OID] => 250520-029
    [P_FN_CD1] => 11
    [P_FN_CD2] => 
    [P_FN_NM] => NH농협은행
    [P_AMT] => 3000
    [P_UNAME] => 홍수빈
    [P_RMESG1] => P_VACCT_NO=79016261204106|P_EXP_DT=20250530
    [P_RMESG2] => 
    [P_NOTI] => 
    [P_AUTH_NO] => 
)

 Array
(
    [PageCall time] => 17:00:52
    [P_TID] => INIMX_VBNKCAEcatca0720250520170015775050
    [P_MID] => CAEcatca07
    [P_AUTH_DT] => 20250520170052
    [P_STATUS] => 02
    [P_TYPE] => VBANK
    [P_OID] => 250515-015
    [P_FN_CD1] => 11
    [P_FN_CD2] => 
    [P_FN_NM] => NH농협은행
    [P_AMT] => 3000
    [P_UNAME] => 김대진
    [P_RMESG1] => P_VACCT_NO=79016261230774|P_EXP_DT=20250530
    [P_RMESG2] => 
    [P_NOTI] => 
    [P_AUTH_NO] => 
)

 Array
(
    [PageCall time] => 18:00:56
    [P_TID] => INIMX_VBNKCAEcatca0720250520175717345116
    [P_MID] => CAEcatca07
    [P_AUTH_DT] => 20250520180056
    [P_STATUS] => 02
    [P_TYPE] => VBANK
    [P_OID] => 250520-033
    [P_FN_CD1] => 03
    [P_FN_CD2] => 
    [P_FN_NM] => 기업은행
    [P_AMT] => 3000
    [P_UNAME] => 박지영
    [P_RMESG1] => P_VACCT_NO=07502371697584|P_EXP_DT=20250530
    [P_RMESG2] => 
    [P_NOTI] => 
    [P_AUTH_NO] => 
)

 Array
(
    [PageCall time] => 19:40:16
    [P_TID] => INIMX_VBNKCAEcatca0720250520185412645495
    [P_MID] => CAEcatca07
    [P_AUTH_DT] => 20250520194016
    [P_STATUS] => 02
    [P_TYPE] => VBANK
    [P_OID] => 250520-032
    [P_FN_CD1] => 88
    [P_FN_CD2] => 
    [P_FN_NM] => 신한은행
    [P_AMT] => 3000
    [P_UNAME] => 박상희
    [P_RMESG1] => P_VACCT_NO=56211103786970|P_EXP_DT=20250530
    [P_RMESG2] => 
    [P_NOTI] => 
    [P_AUTH_NO] => 
)

 Array
(
    [PageCall time] => 20:40:15
    [P_TID] => INIMX_VBNKCAEcatca0720250520203716785956
    [P_MID] => CAEcatca07
    [P_AUTH_DT] => 20250520204015
    [P_STATUS] => 02
    [P_TYPE] => VBANK
    [P_OID] => 250520-035
    [P_FN_CD1] => 88
    [P_FN_CD2] => 
    [P_FN_NM] => 신한은행
    [P_AMT] => 3000
    [P_UNAME] => 이태경
    [P_RMESG1] => P_VACCT_NO=56211103793589|P_EXP_DT=20250530
    [P_RMESG2] => 
    [P_NOTI] => 
    [P_AUTH_NO] => 
)

 Array
(
    [PageCall time] => 21:21:15
    [P_TID] => INIMX_VBNKCAEcatca0720250520212039615687
    [P_MID] => CAEcatca07
    [P_AUTH_DT] => 20250520212115
    [P_STATUS] => 02
    [P_TYPE] => VBANK
    [P_OID] => 250520-037
    [P_FN_CD1] => 04
    [P_FN_CD2] => 
    [P_FN_NM] => KB국민은행
    [P_AMT] => 3000
    [P_UNAME] => 박미리
    [P_RMESG1] => P_VACCT_NO=60519014950584|P_EXP_DT=20250530
    [P_RMESG2] => 
    [P_NOTI] => 
    [P_AUTH_NO] => 
)

 Array
(
    [PageCall time] => 21:45:38
    [P_TID] => INIMX_VBNKCAEcatca0720250520214225595400
    [P_MID] => CAEcatca07
    [P_AUTH_DT] => 20250520214538
    [P_STATUS] => 02
    [P_TYPE] => VBANK
    [P_OID] => 250520-038
    [P_FN_CD1] => 88
    [P_FN_CD2] => 
    [P_FN_NM] => 신한은행
    [P_AMT] => 3000
    [P_UNAME] => 이솔
    [P_RMESG1] => P_VACCT_NO=56211103797720|P_EXP_DT=20250530
    [P_RMESG2] => 
    [P_NOTI] => 
    [P_AUTH_NO] => 
)

 Array
(
    [PageCall time] => 22:37:51
    [P_TID] => INIMX_VBNKCAEcatca0720250520223326215421
    [P_MID] => CAEcatca07
    [P_AUTH_DT] => 20250520223750
    [P_STATUS] => 02
    [P_TYPE] => VBANK
    [P_OID] => 250520-039
    [P_FN_CD1] => 88
    [P_FN_CD2] => 
    [P_FN_NM] => 신한은행
    [P_AMT] => 3000
    [P_UNAME] => 김영미
    [P_RMESG1] => P_VACCT_NO=56211103800374|P_EXP_DT=20250530
    [P_RMESG2] => 
    [P_NOTI] => 
    [P_AUTH_NO] => 
)

