 Array
(
    [PageCall time] => 01:45:01
    [P_TID] => INIMX_VBNKCAEcatca0720250704014151445560
    [P_MID] => CAEcatca07
    [P_AUTH_DT] => 20250704014500
    [P_STATUS] => 02
    [P_TYPE] => VBANK
    [P_OID] => 250630-049
    [P_FN_CD1] => 31
    [P_FN_CD2] => 
    [P_FN_NM] => 아이엠뱅크(대구은행)
    [P_AMT] => 3000
    [P_UNAME] => 권혜진
    [P_RMESG1] => P_VACCT_NO=9600363138045|P_EXP_DT=20250714
    [P_RMESG2] => 
    [P_NOTI] => 
    [P_AUTH_NO] => 
)

 Array
(
    [PageCall time] => 06:32:48
    [P_TID] => INIMX_VBNKCAEcatca0720250704062920615652
    [P_MID] => CAEcatca07
    [P_AUTH_DT] => 20250704063248
    [P_STATUS] => 02
    [P_TYPE] => VBANK
    [P_OID] => 250704-001
    [P_FN_CD1] => 89
    [P_FN_CD2] => 
    [P_FN_NM] => 케이뱅크
    [P_AMT] => 3000
    [P_UNAME] => 천영재
    [P_RMESG1] => P_VACCT_NO=70112003890180|P_EXP_DT=20250714
    [P_RMESG2] => 
    [P_NOTI] => 
    [P_AUTH_NO] => 
)

 Array
(
    [PageCall time] => 07:37:20
    [P_TID] => INIMX_VBNKCAEcatca0720250704073431235754
    [P_MID] => CAEcatca07
    [P_AUTH_DT] => 20250704073720
    [P_STATUS] => 02
    [P_TYPE] => VBANK
    [P_OID] => 250704-002
    [P_FN_CD1] => 20
    [P_FN_CD2] => 
    [P_FN_NM] => 우리은행
    [P_AMT] => 3000
    [P_UNAME] => 김현진
    [P_RMESG1] => P_VACCT_NO=32823550318425|P_EXP_DT=20250714
    [P_RMESG2] => 
    [P_NOTI] => 
    [P_AUTH_NO] => 
)

 Array
(
    [PageCall time] => 08:49:58
    [P_TID] => INIMX_VBNKCAEcatca0720250704084920315441
    [P_MID] => CAEcatca07
    [P_AUTH_DT] => 20250704084957
    [P_STATUS] => 02
    [P_TYPE] => VBANK
    [P_OID] => 250704-003
    [P_FN_CD1] => 04
    [P_FN_CD2] => 
    [P_FN_NM] => KB국민은행
    [P_AMT] => 3000
    [P_UNAME] => 권유진
    [P_RMESG1] => P_VACCT_NO=42119011893448|P_EXP_DT=20250714
    [P_RMESG2] => 
    [P_NOTI] => 
    [P_AUTH_NO] => 
)

 Array
(
    [PageCall time] => 09:23:46
    [P_TID] => INIMX_VBNKCAEcatca0720250704092242555937
    [P_MID] => CAEcatca07
    [P_AUTH_DT] => 20250704092346
    [P_STATUS] => 02
    [P_TYPE] => VBANK
    [P_OID] => 250702-028
    [P_FN_CD1] => 11
    [P_FN_CD2] => 
    [P_FN_NM] => NH농협은행
    [P_AMT] => 3000
    [P_UNAME] => 조남수
    [P_RMESG1] => P_VACCT_NO=79010593548076|P_EXP_DT=20250714
    [P_RMESG2] => 
    [P_NOTI] => 
    [P_AUTH_NO] => 
)

 Array
(
    [PageCall time] => 09:47:14
    [P_TID] => INIMX_VBNKCAEcatca0720250704094437305702
    [P_MID] => CAEcatca07
    [P_AUTH_DT] => 20250704094714
    [P_STATUS] => 02
    [P_TYPE] => VBANK
    [P_OID] => 250704-004
    [P_FN_CD1] => 89
    [P_FN_CD2] => 
    [P_FN_NM] => 케이뱅크
    [P_AMT] => 3000
    [P_UNAME] => 이소민
    [P_RMESG1] => P_VACCT_NO=70112003891018|P_EXP_DT=20250714
    [P_RMESG2] => 
    [P_NOTI] => 
    [P_AUTH_NO] => 
)

 Array
(
    [PageCall time] => 10:02:01
    [P_TID] => INIMX_VBNKCAEcatca0720250704095930625904
    [P_MID] => CAEcatca07
    [P_AUTH_DT] => 20250704100201
    [P_STATUS] => 02
    [P_TYPE] => VBANK
    [P_OID] => 250704-005
    [P_FN_CD1] => 88
    [P_FN_CD2] => 
    [P_FN_NM] => 신한은행
    [P_AMT] => 3000
    [P_UNAME] => 박고은
    [P_RMESG1] => P_VACCT_NO=56211106004312|P_EXP_DT=20250714
    [P_RMESG2] => 
    [P_NOTI] => 
    [P_AUTH_NO] => 
)

 Array
(
    [PageCall time] => 10:06:59
    [P_TID] => INIMX_VBNKCAEcatca0720250704100319305727
    [P_MID] => CAEcatca07
    [P_AUTH_DT] => 20250704100659
    [P_STATUS] => 02
    [P_TYPE] => VBANK
    [P_OID] => 250703-026
    [P_FN_CD1] => 89
    [P_FN_CD2] => 
    [P_FN_NM] => 케이뱅크
    [P_AMT] => 3000
    [P_UNAME] => 김수진(은행종합사회복지관)
    [P_RMESG1] => P_VACCT_NO=70112003891298|P_EXP_DT=20250714
    [P_RMESG2] => 
    [P_NOTI] => 
    [P_AUTH_NO] => 
)

 Array
(
    [PageCall time] => 10:31:38
    [P_TID] => INIMX_VBNKCAEcatca0720250704102848305825
    [P_MID] => CAEcatca07
    [P_AUTH_DT] => 20250704103137
    [P_STATUS] => 02
    [P_TYPE] => VBANK
    [P_OID] => 250704-007
    [P_FN_CD1] => 20
    [P_FN_CD2] => 
    [P_FN_NM] => 우리은행
    [P_AMT] => 3000
    [P_UNAME] => 김남희
    [P_RMESG1] => P_VACCT_NO=32823561918214|P_EXP_DT=20250714
    [P_RMESG2] => 
    [P_NOTI] => 
    [P_AUTH_NO] => 
)

 Array
(
    [PageCall time] => 10:48:07
    [P_TID] => INIMX_VBNKCAEcatca0720250704104538345475
    [P_MID] => CAEcatca07
    [P_AUTH_DT] => 20250704104807
    [P_STATUS] => 02
    [P_TYPE] => VBANK
    [P_OID] => 250704-009
    [P_FN_CD1] => 88
    [P_FN_CD2] => 
    [P_FN_NM] => 신한은행
    [P_AMT] => 3000
    [P_UNAME] => 장예솔
    [P_RMESG1] => P_VACCT_NO=56211106008280|P_EXP_DT=20250714
    [P_RMESG2] => 
    [P_NOTI] => 
    [P_AUTH_NO] => 
)

 Array
(
    [PageCall time] => 10:52:13
    [P_TID] => INIMX_VBNKCAEcatca0720250704105145925052
    [P_MID] => CAEcatca07
    [P_AUTH_DT] => 20250704105213
    [P_STATUS] => 02
    [P_TYPE] => VBANK
    [P_OID] => 250704-011
    [P_FN_CD1] => 11
    [P_FN_CD2] => 
    [P_FN_NM] => NH농협은행
    [P_AMT] => 3000
    [P_UNAME] => 한도공
    [P_RMESG1] => P_VACCT_NO=79010593637772|P_EXP_DT=20250714
    [P_RMESG2] => 
    [P_NOTI] => 
    [P_AUTH_NO] => 
)

 Array
(
    [PageCall time] => 10:58:38
    [P_TID] => INIMX_VBNKCAEcatca0720250704105447365306
    [P_MID] => CAEcatca07
    [P_AUTH_DT] => 20250704105838
    [P_STATUS] => 02
    [P_TYPE] => VBANK
    [P_OID] => 250704-010
    [P_FN_CD1] => 32
    [P_FN_CD2] => 
    [P_FN_NM] => 부산은행
    [P_AMT] => 3000
    [P_UNAME] => 채홍점
    [P_RMESG1] => P_VACCT_NO=109924808169|P_EXP_DT=20250714
    [P_RMESG2] => 
    [P_NOTI] => 
    [P_AUTH_NO] => 
)

 Array
(
    [PageCall time] => 11:40:07
    [P_TID] => INIMX_VBNKCAEcatca0720250704113726255772
    [P_MID] => CAEcatca07
    [P_AUTH_DT] => 20250704114007
    [P_STATUS] => 02
    [P_TYPE] => VBANK
    [P_OID] => 250704-014
    [P_FN_CD1] => 20
    [P_FN_CD2] => 
    [P_FN_NM] => 우리은행
    [P_AMT] => 3000
    [P_UNAME] => 이재희
    [P_RMESG1] => P_VACCT_NO=32823567618109|P_EXP_DT=20250714
    [P_RMESG2] => 
    [P_NOTI] => 
    [P_AUTH_NO] => 
)

 Array
(
    [PageCall time] => 11:53:05
    [P_TID] => INIMX_VBNKCAEcatca0720250704115046595511
    [P_MID] => CAEcatca07
    [P_AUTH_DT] => 20250704115305
    [P_STATUS] => 02
    [P_TYPE] => VBANK
    [P_OID] => 250704-015
    [P_FN_CD1] => 11
    [P_FN_CD2] => 
    [P_FN_NM] => NH농협은행
    [P_AMT] => 3000
    [P_UNAME] => 서민아
    [P_RMESG1] => P_VACCT_NO=79010593684324|P_EXP_DT=20250714
    [P_RMESG2] => 
    [P_NOTI] => 
    [P_AUTH_NO] => 
)

 Array
(
    [PageCall time] => 12:02:22
    [P_TID] => INIMX_VBNKCAEcatca0720250704115904515402
    [P_MID] => CAEcatca07
    [P_AUTH_DT] => 20250704120222
    [P_STATUS] => 02
    [P_TYPE] => VBANK
    [P_OID] => 250704-016
    [P_FN_CD1] => 88
    [P_FN_CD2] => 
    [P_FN_NM] => 신한은행
    [P_AMT] => 3000
    [P_UNAME] => 제미숙
    [P_RMESG1] => P_VACCT_NO=56211106012830|P_EXP_DT=20250714
    [P_RMESG2] => 
    [P_NOTI] => 
    [P_AUTH_NO] => 
)

 Array
(
    [PageCall time] => 12:22:48
    [P_TID] => INIMX_VBNKCAEcatca0720250704121946285836
    [P_MID] => CAEcatca07
    [P_AUTH_DT] => 20250704122248
    [P_STATUS] => 02
    [P_TYPE] => VBANK
    [P_OID] => 250704-018
    [P_FN_CD1] => 20
    [P_FN_CD2] => 
    [P_FN_NM] => 우리은행
    [P_AMT] => 3000
    [P_UNAME] => 김재형
    [P_RMESG1] => P_VACCT_NO=32823568418485|P_EXP_DT=20250714
    [P_RMESG2] => 
    [P_NOTI] => 
    [P_AUTH_NO] => 
)

 Array
(
    [PageCall time] => 13:15:00
    [P_TID] => INIMX_VBNKCAEcatca0720250704131350465991
    [P_MID] => CAEcatca07
    [P_AUTH_DT] => 20250704131500
    [P_STATUS] => 02
    [P_TYPE] => VBANK
    [P_OID] => 250704-019
    [P_FN_CD1] => 11
    [P_FN_CD2] => 
    [P_FN_NM] => NH농협은행
    [P_AMT] => 3000
    [P_UNAME] => 신현우
    [P_RMESG1] => P_VACCT_NO=79010593707269|P_EXP_DT=20250714
    [P_RMESG2] => 
    [P_NOTI] => 
    [P_AUTH_NO] => 
)

 Array
(
    [PageCall time] => 14:00:19
    [P_TID] => INIMX_VBNKCAEcatca0720250704135917575929
    [P_MID] => CAEcatca07
    [P_AUTH_DT] => 20250704140019
    [P_STATUS] => 02
    [P_TYPE] => VBANK
    [P_OID] => 250704-020
    [P_FN_CD1] => 04
    [P_FN_CD2] => 
    [P_FN_NM] => KB국민은행
    [P_AMT] => 3000
    [P_UNAME] => 박경영
    [P_RMESG1] => P_VACCT_NO=99449014549363|P_EXP_DT=20250714
    [P_RMESG2] => 
    [P_NOTI] => 
    [P_AUTH_NO] => 
)

 Array
(
    [PageCall time] => 14:17:52
    [P_TID] => INIMX_VBNKCAEcatca0720250704141149335344
    [P_MID] => CAEcatca07
    [P_AUTH_DT] => 20250704141752
    [P_STATUS] => 02
    [P_TYPE] => VBANK
    [P_OID] => 250704-021
    [P_FN_CD1] => 31
    [P_FN_CD2] => 
    [P_FN_NM] => 아이엠뱅크(대구은행)
    [P_AMT] => 3000
    [P_UNAME] => 김승희
    [P_RMESG1] => P_VACCT_NO=9600363140563|P_EXP_DT=20250714
    [P_RMESG2] => 
    [P_NOTI] => 
    [P_AUTH_NO] => 
)

 Array
(
    [PageCall time] => 15:23:06
    [P_TID] => INIMX_VBNKCAEcatca0720250704151948365364
    [P_MID] => CAEcatca07
    [P_AUTH_DT] => 20250704152306
    [P_STATUS] => 02
    [P_TYPE] => VBANK
    [P_OID] => 250704-023
    [P_FN_CD1] => 03
    [P_FN_CD2] => 
    [P_FN_NM] => 기업은행
    [P_AMT] => 3000
    [P_UNAME] => 박은진
    [P_RMESG1] => P_VACCT_NO=07500681597912|P_EXP_DT=20250714
    [P_RMESG2] => 
    [P_NOTI] => 
    [P_AUTH_NO] => 
)

 Array
(
    [PageCall time] => 15:25:34
    [P_TID] => INIMX_VBNKCAEcatca0720250704152255235148
    [P_MID] => CAEcatca07
    [P_AUTH_DT] => 20250704152534
    [P_STATUS] => 02
    [P_TYPE] => VBANK
    [P_OID] => 250704-024
    [P_FN_CD1] => 03
    [P_FN_CD2] => 
    [P_FN_NM] => 기업은행
    [P_AMT] => 3000
    [P_UNAME] => 김정은
    [P_RMESG1] => P_VACCT_NO=07500681697414|P_EXP_DT=20250714
    [P_RMESG2] => 
    [P_NOTI] => 
    [P_AUTH_NO] => 
)

 Array
(
    [PageCall time] => 15:57:19
    [P_TID] => INIMX_VBNKCAEcatca0720250704155434455800
    [P_MID] => CAEcatca07
    [P_AUTH_DT] => 20250704155719
    [P_STATUS] => 02
    [P_TYPE] => VBANK
    [P_OID] => 250704-025
    [P_FN_CD1] => 88
    [P_FN_CD2] => 
    [P_FN_NM] => 신한은행
    [P_AMT] => 3000
    [P_UNAME] => 신희원
    [P_RMESG1] => P_VACCT_NO=56211106031486|P_EXP_DT=20250714
    [P_RMESG2] => 
    [P_NOTI] => 
    [P_AUTH_NO] => 
)

 Array
(
    [PageCall time] => 16:58:47
    [P_TID] => INIMX_VBNKCAEcatca0720250704165453645241
    [P_MID] => CAEcatca07
    [P_AUTH_DT] => 20250704165847
    [P_STATUS] => 02
    [P_TYPE] => VBANK
    [P_OID] => 250704-028
    [P_FN_CD1] => 88
    [P_FN_CD2] => 
    [P_FN_NM] => 신한은행
    [P_AMT] => 3000
    [P_UNAME] => 김정애
    [P_RMESG1] => P_VACCT_NO=56211106037355|P_EXP_DT=20250714
    [P_RMESG2] => 
    [P_NOTI] => 
    [P_AUTH_NO] => 
)

 Array
(
    [PageCall time] => 17:30:18
    [P_TID] => INIMX_VBNKCAEcatca0720250704172419875147
    [P_MID] => CAEcatca07
    [P_AUTH_DT] => 20250704173018
    [P_STATUS] => 02
    [P_TYPE] => VBANK
    [P_OID] => 250704-030
    [P_FN_CD1] => 88
    [P_FN_CD2] => 
    [P_FN_NM] => 신한은행
    [P_AMT] => 3000
    [P_UNAME] => 서인철
    [P_RMESG1] => P_VACCT_NO=56211106039811|P_EXP_DT=20250714
    [P_RMESG2] => 
    [P_NOTI] => 
    [P_AUTH_NO] => 
)

 Array
(
    [PageCall time] => 17:53:05
    [P_TID] => INIMX_VBNKCAEcatca0720250704175020765174
    [P_MID] => CAEcatca07
    [P_AUTH_DT] => 20250704175305
    [P_STATUS] => 02
    [P_TYPE] => VBANK
    [P_OID] => 250704-026
    [P_FN_CD1] => 88
    [P_FN_CD2] => 
    [P_FN_NM] => 신한은행
    [P_AMT] => 3000
    [P_UNAME] => 민현매
    [P_RMESG1] => P_VACCT_NO=56211106041299|P_EXP_DT=20250714
    [P_RMESG2] => 
    [P_NOTI] => 
    [P_AUTH_NO] => 
)

 Array
(
    [PageCall time] => 18:45:20
    [P_TID] => INIMX_VBNKCAEcatca0720250703232920375812
    [P_MID] => CAEcatca07
    [P_AUTH_DT] => 20250704184520
    [P_STATUS] => 02
    [P_TYPE] => VBANK
    [P_OID] => 250703-042
    [P_FN_CD1] => 20
    [P_FN_CD2] => 
    [P_FN_NM] => 우리은행
    [P_AMT] => 3000
    [P_UNAME] => 이정순
    [P_RMESG1] => P_VACCT_NO=32823540618271|P_EXP_DT=20250713
    [P_RMESG2] => 
    [P_NOTI] => 
    [P_AUTH_NO] => 
)

 Array
(
    [PageCall time] => 21:02:53
    [P_TID] => INIMX_VBNKCAEcatca0720250704210127775711
    [P_MID] => CAEcatca07
    [P_AUTH_DT] => 20250704210253
    [P_STATUS] => 02
    [P_TYPE] => VBANK
    [P_OID] => 250704-032
    [P_FN_CD1] => 04
    [P_FN_CD2] => 
    [P_FN_NM] => KB국민은행
    [P_AMT] => 3000
    [P_UNAME] => 이수정
    [P_RMESG1] => P_VACCT_NO=70189014490656|P_EXP_DT=20250714
    [P_RMESG2] => 
    [P_NOTI] => 
    [P_AUTH_NO] => 
)

