 Array
(
    [PageCall time] => 09:50:51
    [P_TID] => INIMX_VBNKCAEcatca0720250305094641305918
    [P_MID] => CAEcatca07
    [P_AUTH_DT] => 20250305095051
    [P_STATUS] => 02
    [P_TYPE] => VBANK
    [P_OID] => 250305-005
    [P_FN_CD1] => 88
    [P_FN_CD2] => 
    [P_FN_NM] => 신한은행
    [P_AMT] => 3000
    [P_UNAME] => 하준섭
    [P_RMESG1] => P_VACCT_NO=56211106786084|P_EXP_DT=20250315
    [P_RMESG2] => 
    [P_NOTI] => 
    [P_AUTH_NO] => 
)

 Array
(
    [PageCall time] => 10:05:56
    [P_TID] => INIMX_VBNKCAEcatca0720250305100253415872
    [P_MID] => CAEcatca07
    [P_AUTH_DT] => 20250305100556
    [P_STATUS] => 02
    [P_TYPE] => VBANK
    [P_OID] => 250305-006
    [P_FN_CD1] => 81
    [P_FN_CD2] => 
    [P_FN_NM] => 하나은행
    [P_AMT] => 3000
    [P_UNAME] => 최나영
    [P_RMESG1] => P_VACCT_NO=20894025633137|P_EXP_DT=20250315
    [P_RMESG2] => 
    [P_NOTI] => 
    [P_AUTH_NO] => 
)

 Array
(
    [PageCall time] => 10:14:20
    [P_TID] => INIMX_VBNKCAEcatca0720250305101114815299
    [P_MID] => CAEcatca07
    [P_AUTH_DT] => 20250305101420
    [P_STATUS] => 02
    [P_TYPE] => VBANK
    [P_OID] => 250305-007
    [P_FN_CD1] => 88
    [P_FN_CD2] => 
    [P_FN_NM] => 신한은행
    [P_AMT] => 3000
    [P_UNAME] => 박창순
    [P_RMESG1] => P_VACCT_NO=56211106788554|P_EXP_DT=20250315
    [P_RMESG2] => 
    [P_NOTI] => 
    [P_AUTH_NO] => 
)

 Array
(
    [PageCall time] => 10:53:08
    [P_TID] => INIMX_VBNKCAEcatca0720250305105221105819
    [P_MID] => CAEcatca07
    [P_AUTH_DT] => 20250305105308
    [P_STATUS] => 02
    [P_TYPE] => VBANK
    [P_OID] => 250305-008
    [P_FN_CD1] => 04
    [P_FN_CD2] => 
    [P_FN_NM] => KB국민은행
    [P_AMT] => 3000
    [P_UNAME] => 권윤희
    [P_RMESG1] => P_VACCT_NO=40849011430066|P_EXP_DT=20250315
    [P_RMESG2] => 
    [P_NOTI] => 
    [P_AUTH_NO] => 
)

 Array
(
    [PageCall time] => 11:11:16
    [P_TID] => INIMX_VBNKCAEcatca0720250305111030515480
    [P_MID] => CAEcatca07
    [P_AUTH_DT] => 20250305111116
    [P_STATUS] => 02
    [P_TYPE] => VBANK
    [P_OID] => 250305-010
    [P_FN_CD1] => 04
    [P_FN_CD2] => 
    [P_FN_NM] => KB국민은행
    [P_AMT] => 3000
    [P_UNAME] => 김지운
    [P_RMESG1] => P_VACCT_NO=42089011302251|P_EXP_DT=20250315
    [P_RMESG2] => 
    [P_NOTI] => 
    [P_AUTH_NO] => 
)

 Array
(
    [PageCall time] => 11:40:03
    [P_TID] => INIMX_VBNKCAEcatca0720250305113906574208
    [P_MID] => CAEcatca07
    [P_AUTH_DT] => 20250305114003
    [P_STATUS] => 02
    [P_TYPE] => VBANK
    [P_OID] => 250305-013
    [P_FN_CD1] => 11
    [P_FN_CD2] => 
    [P_FN_NM] => NH농협은행
    [P_AMT] => 3000
    [P_UNAME] => 최명화
    [P_RMESG1] => P_VACCT_NO=01444264682918|P_EXP_DT=20250315
    [P_RMESG2] => 
    [P_NOTI] => 
    [P_AUTH_NO] => 
)

 Array
(
    [PageCall time] => 11:50:58
    [P_TID] => INIMX_VBNKCAEcatca0720250305114815424673
    [P_MID] => CAEcatca07
    [P_AUTH_DT] => 20250305115057
    [P_STATUS] => 02
    [P_TYPE] => VBANK
    [P_OID] => 250305-011
    [P_FN_CD1] => 11
    [P_FN_CD2] => 
    [P_FN_NM] => NH농협은행
    [P_AMT] => 3000
    [P_UNAME] => 김여정
    [P_RMESG1] => P_VACCT_NO=01444264686139|P_EXP_DT=20250315
    [P_RMESG2] => 
    [P_NOTI] => 
    [P_AUTH_NO] => 
)

 Array
(
    [PageCall time] => 11:57:43
    [P_TID] => INIMX_VBNKCAEcatca0720250305115657334440
    [P_MID] => CAEcatca07
    [P_AUTH_DT] => 20250305115743
    [P_STATUS] => 02
    [P_TYPE] => VBANK
    [P_OID] => 250305-015
    [P_FN_CD1] => 11
    [P_FN_CD2] => 
    [P_FN_NM] => NH농협은행
    [P_AMT] => 3000
    [P_UNAME] => 박정선
    [P_RMESG1] => P_VACCT_NO=01444264688643|P_EXP_DT=20250315
    [P_RMESG2] => 
    [P_NOTI] => 
    [P_AUTH_NO] => 
)

 Array
(
    [PageCall time] => 12:10:11
    [P_TID] => INIMX_VBNKCAEcatca0720250305120935984984
    [P_MID] => CAEcatca07
    [P_AUTH_DT] => 20250305121011
    [P_STATUS] => 02
    [P_TYPE] => VBANK
    [P_OID] => 250305-016
    [P_FN_CD1] => 04
    [P_FN_CD2] => 
    [P_FN_NM] => KB국민은행
    [P_AMT] => 3000
    [P_UNAME] => 남보라
    [P_RMESG1] => P_VACCT_NO=80009078556895|P_EXP_DT=20250315
    [P_RMESG2] => 
    [P_NOTI] => 
    [P_AUTH_NO] => 
)

 Array
(
    [PageCall time] => 13:19:32
    [P_TID] => INIMX_VBNKCAEcatca0720250305131848774411
    [P_MID] => CAEcatca07
    [P_AUTH_DT] => 20250305131932
    [P_STATUS] => 02
    [P_TYPE] => VBANK
    [P_OID] => 250305-018
    [P_FN_CD1] => 04
    [P_FN_CD2] => 
    [P_FN_NM] => KB국민은행
    [P_AMT] => 3000
    [P_UNAME] => 이지연
    [P_RMESG1] => P_VACCT_NO=80009078570790|P_EXP_DT=20250315
    [P_RMESG2] => 
    [P_NOTI] => 
    [P_AUTH_NO] => 
)

 Array
(
    [PageCall time] => 13:58:37
    [P_TID] => INIMX_VBNKCAEcatca0720250305135758214808
    [P_MID] => CAEcatca07
    [P_AUTH_DT] => 20250305135837
    [P_STATUS] => 02
    [P_TYPE] => VBANK
    [P_OID] => 250305-020
    [P_FN_CD1] => 04
    [P_FN_CD2] => 
    [P_FN_NM] => KB국민은행
    [P_AMT] => 3000
    [P_UNAME] => 이동규
    [P_RMESG1] => P_VACCT_NO=80009078582362|P_EXP_DT=20250315
    [P_RMESG2] => 
    [P_NOTI] => 
    [P_AUTH_NO] => 
)

 Array
(
    [PageCall time] => 14:03:46
    [P_TID] => INIMX_VBNKCAEcatca0720250305140302214363
    [P_MID] => CAEcatca07
    [P_AUTH_DT] => 20250305140346
    [P_STATUS] => 02
    [P_TYPE] => VBANK
    [P_OID] => 250305-021
    [P_FN_CD1] => 04
    [P_FN_CD2] => 
    [P_FN_NM] => KB국민은행
    [P_AMT] => 3000
    [P_UNAME] => 김상민
    [P_RMESG1] => P_VACCT_NO=80009078583679|P_EXP_DT=20250315
    [P_RMESG2] => 
    [P_NOTI] => 
    [P_AUTH_NO] => 
)

 Array
(
    [PageCall time] => 15:08:51
    [P_TID] => INIMX_VBNKCAEcatca0720250305150546285258
    [P_MID] => CAEcatca07
    [P_AUTH_DT] => 20250305150851
    [P_STATUS] => 02
    [P_TYPE] => VBANK
    [P_OID] => 250305-025
    [P_FN_CD1] => 88
    [P_FN_CD2] => 
    [P_FN_NM] => 신한은행
    [P_AMT] => 3000
    [P_UNAME] => 김정애
    [P_RMESG1] => P_VACCT_NO=56211106808682|P_EXP_DT=20250315
    [P_RMESG2] => 
    [P_NOTI] => 
    [P_AUTH_NO] => 
)

 Array
(
    [PageCall time] => 15:27:17
    [P_TID] => INIMX_VBNKCAEcatca0720250305152420515304
    [P_MID] => CAEcatca07
    [P_AUTH_DT] => 20250305152717
    [P_STATUS] => 02
    [P_TYPE] => VBANK
    [P_OID] => 250305-026
    [P_FN_CD1] => 88
    [P_FN_CD2] => 
    [P_FN_NM] => 신한은행
    [P_AMT] => 3000
    [P_UNAME] => 손순남
    [P_RMESG1] => P_VACCT_NO=56211106811513|P_EXP_DT=20250315
    [P_RMESG2] => 
    [P_NOTI] => 
    [P_AUTH_NO] => 
)

 Array
(
    [PageCall time] => 15:32:11
    [P_TID] => INIMX_VBNKCAEcatca0720250305152934205317
    [P_MID] => CAEcatca07
    [P_AUTH_DT] => 20250305153211
    [P_STATUS] => 02
    [P_TYPE] => VBANK
    [P_OID] => 250305-028
    [P_FN_CD1] => 11
    [P_FN_CD2] => 
    [P_FN_NM] => NH농협은행
    [P_AMT] => 3000
    [P_UNAME] => 박윤구
    [P_RMESG1] => P_VACCT_NO=79014506737736|P_EXP_DT=20250315
    [P_RMESG2] => 
    [P_NOTI] => 
    [P_AUTH_NO] => 
)

 Array
(
    [PageCall time] => 15:56:01
    [P_TID] => INIMX_VBNKCAEcatca0720250305155500645677
    [P_MID] => CAEcatca07
    [P_AUTH_DT] => 20250305155601
    [P_STATUS] => 02
    [P_TYPE] => VBANK
    [P_OID] => 250305-031
    [P_FN_CD1] => 11
    [P_FN_CD2] => 
    [P_FN_NM] => NH농협은행
    [P_AMT] => 3000
    [P_UNAME] => 황순애
    [P_RMESG1] => P_VACCT_NO=79014506742940|P_EXP_DT=20250315
    [P_RMESG2] => 
    [P_NOTI] => 
    [P_AUTH_NO] => 
)

 Array
(
    [PageCall time] => 16:42:53
    [P_TID] => INIMX_VBNKCAEcatca0720250305164222495936
    [P_MID] => CAEcatca07
    [P_AUTH_DT] => 20250305164253
    [P_STATUS] => 02
    [P_TYPE] => VBANK
    [P_OID] => 250305-034
    [P_FN_CD1] => 11
    [P_FN_CD2] => 
    [P_FN_NM] => NH농협은행
    [P_AMT] => 3000
    [P_UNAME] => 김아름
    [P_RMESG1] => P_VACCT_NO=79014506753936|P_EXP_DT=20250315
    [P_RMESG2] => 
    [P_NOTI] => 
    [P_AUTH_NO] => 
)

 Array
(
    [PageCall time] => 17:13:50
    [P_TID] => INIMX_VBNKCAEcatca0720250305171005975549
    [P_MID] => CAEcatca07
    [P_AUTH_DT] => 20250305171350
    [P_STATUS] => 02
    [P_TYPE] => VBANK
    [P_OID] => 250305-035
    [P_FN_CD1] => 03
    [P_FN_CD2] => 
    [P_FN_NM] => 기업은행
    [P_AMT] => 3000
    [P_UNAME] => 이상안
    [P_RMESG1] => P_VACCT_NO=07502337297310|P_EXP_DT=20250315
    [P_RMESG2] => 
    [P_NOTI] => 
    [P_AUTH_NO] => 
)

 Array
(
    [PageCall time] => 18:16:51
    [P_TID] => INIMX_VBNKCAEcatca0720250305181559765197
    [P_MID] => CAEcatca07
    [P_AUTH_DT] => 20250305181651
    [P_STATUS] => 02
    [P_TYPE] => VBANK
    [P_OID] => 250305-039
    [P_FN_CD1] => 11
    [P_FN_CD2] => 
    [P_FN_NM] => NH농협은행
    [P_AMT] => 3000
    [P_UNAME] => 조하나
    [P_RMESG1] => P_VACCT_NO=79014506770545|P_EXP_DT=20250315
    [P_RMESG2] => 
    [P_NOTI] => 
    [P_AUTH_NO] => 
)

 Array
(
    [PageCall time] => 18:19:56
    [P_TID] => INIMX_VBNKCAEcatca0720250305181524965072
    [P_MID] => CAEcatca07
    [P_AUTH_DT] => 20250305181956
    [P_STATUS] => 02
    [P_TYPE] => VBANK
    [P_OID] => 250305-038
    [P_FN_CD1] => 20
    [P_FN_CD2] => 
    [P_FN_NM] => 우리은행
    [P_AMT] => 3000
    [P_UNAME] => 임성열
    [P_RMESG1] => P_VACCT_NO=61848584718195|P_EXP_DT=20250315
    [P_RMESG2] => 
    [P_NOTI] => 
    [P_AUTH_NO] => 
)

 Array
(
    [PageCall time] => 19:41:48
    [P_TID] => INIMX_VBNKCAEcatca0720250305194002735752
    [P_MID] => CAEcatca07
    [P_AUTH_DT] => 20250305194148
    [P_STATUS] => 02
    [P_TYPE] => VBANK
    [P_OID] => 250305-041
    [P_FN_CD1] => 04
    [P_FN_CD2] => 
    [P_FN_NM] => KB국민은행
    [P_AMT] => 3000
    [P_UNAME] => 강순자
    [P_RMESG1] => P_VACCT_NO=02649071258567|P_EXP_DT=20250315
    [P_RMESG2] => 
    [P_NOTI] => 
    [P_AUTH_NO] => 
)

 Array
(
    [PageCall time] => 20:12:52
    [P_TID] => INIMX_VBNKCAEcatca0720250305201002455244
    [P_MID] => CAEcatca07
    [P_AUTH_DT] => 20250305201252
    [P_STATUS] => 02
    [P_TYPE] => VBANK
    [P_OID] => 250305-043
    [P_FN_CD1] => 88
    [P_FN_CD2] => 
    [P_FN_NM] => 신한은행
    [P_AMT] => 3000
    [P_UNAME] => 양승진
    [P_RMESG1] => P_VACCT_NO=56211106842809|P_EXP_DT=20250315
    [P_RMESG2] => 
    [P_NOTI] => 
    [P_AUTH_NO] => 
)

 Array
(
    [PageCall time] => 20:29:10
    [P_TID] => INIMX_VBNKCAEcatca0720250305202636675691
    [P_MID] => CAEcatca07
    [P_AUTH_DT] => 20250305202910
    [P_STATUS] => 02
    [P_TYPE] => VBANK
    [P_OID] => 250305-044
    [P_FN_CD1] => 11
    [P_FN_CD2] => 
    [P_FN_NM] => NH농협은행
    [P_AMT] => 3000
    [P_UNAME] => 이건원
    [P_RMESG1] => P_VACCT_NO=79014506787375|P_EXP_DT=20250315
    [P_RMESG2] => 
    [P_NOTI] => 
    [P_AUTH_NO] => 
)

 Array
(
    [PageCall time] => 20:44:23
    [P_TID] => INIMX_VBNKCAEcatca0720250305204152165472
    [P_MID] => CAEcatca07
    [P_AUTH_DT] => 20250305204423
    [P_STATUS] => 02
    [P_TYPE] => VBANK
    [P_OID] => 250305-045
    [P_FN_CD1] => 81
    [P_FN_CD2] => 
    [P_FN_NM] => 하나은행
    [P_AMT] => 3000
    [P_UNAME] => 김연지
    [P_RMESG1] => P_VACCT_NO=20894029498537|P_EXP_DT=20250315
    [P_RMESG2] => 
    [P_NOTI] => 
    [P_AUTH_NO] => 
)

