 Array
(
    [PageCall time] => 00:44:12
    [P_TID] => INIMX_VBNKCAEcatca0720251217004046225366
    [P_MID] => CAEcatca07
    [P_AUTH_DT] => 20251217004412
    [P_STATUS] => 02
    [P_TYPE] => VBANK
    [P_OID] => 251217-001
    [P_FN_CD1] => 04
    [P_FN_CD2] => 
    [P_FN_NM] => KB국민은행
    [P_AMT] => 3000
    [P_UNAME] => 편은하
    [P_RMESG1] => P_VACCT_NO=52499014852165|P_EXP_DT=20251227
    [P_RMESG2] => 
    [P_NOTI] => 
    [P_AUTH_NO] => 
)

 Array
(
    [PageCall time] => 08:53:24
    [P_TID] => INIMX_VBNKCAEcatca0720251217084910385555
    [P_MID] => CAEcatca07
    [P_AUTH_DT] => 20251217085324
    [P_STATUS] => 02
    [P_TYPE] => VBANK
    [P_OID] => 251217-003
    [P_FN_CD1] => 04
    [P_FN_CD2] => 
    [P_FN_NM] => KB국민은행
    [P_AMT] => 3000
    [P_UNAME] => 김윤수
    [P_RMESG1] => P_VACCT_NO=53049079034992|P_EXP_DT=20251227
    [P_RMESG2] => 
    [P_NOTI] => 
    [P_AUTH_NO] => 
)

 Array
(
    [PageCall time] => 09:20:52
    [P_TID] => INIMX_VBNKCAEcatca0720251217091722855257
    [P_MID] => CAEcatca07
    [P_AUTH_DT] => 20251217092052
    [P_STATUS] => 02
    [P_TYPE] => VBANK
    [P_OID] => 251216-031
    [P_FN_CD1] => 03
    [P_FN_CD2] => 
    [P_FN_NM] => 기업은행
    [P_AMT] => 3000
    [P_UNAME] => 최기환
    [P_RMESG1] => P_VACCT_NO=07503197197242|P_EXP_DT=20251227
    [P_RMESG2] => 
    [P_NOTI] => 
    [P_AUTH_NO] => 
)

 Array
(
    [PageCall time] => 09:52:28
    [P_TID] => INIMX_VBNKCAEcatca0720251217095135435943
    [P_MID] => CAEcatca07
    [P_AUTH_DT] => 20251217095228
    [P_STATUS] => 02
    [P_TYPE] => VBANK
    [P_OID] => 251202-041
    [P_FN_CD1] => 11
    [P_FN_CD2] => 
    [P_FN_NM] => NH농협은행
    [P_AMT] => 3000
    [P_UNAME] => 김성수
    [P_RMESG1] => P_VACCT_NO=79003186308520|P_EXP_DT=20251227
    [P_RMESG2] => 
    [P_NOTI] => 
    [P_AUTH_NO] => 
)

 Array
(
    [PageCall time] => 10:21:34
    [P_TID] => INIMX_VBNKCAEcatca0720251217101838895322
    [P_MID] => CAEcatca07
    [P_AUTH_DT] => 20251217102134
    [P_STATUS] => 02
    [P_TYPE] => VBANK
    [P_OID] => 251217-007
    [P_FN_CD1] => 88
    [P_FN_CD2] => 
    [P_FN_NM] => 신한은행
    [P_AMT] => 3000
    [P_UNAME] => 박영자
    [P_RMESG1] => P_VACCT_NO=56211106054950|P_EXP_DT=20251227
    [P_RMESG2] => 
    [P_NOTI] => 
    [P_AUTH_NO] => 
)

 Array
(
    [PageCall time] => 12:09:30
    [P_TID] => INIMX_VBNKCAEcatca0720251217120638365988
    [P_MID] => CAEcatca07
    [P_AUTH_DT] => 20251217120930
    [P_STATUS] => 02
    [P_TYPE] => VBANK
    [P_OID] => 251217-002
    [P_FN_CD1] => 88
    [P_FN_CD2] => 
    [P_FN_NM] => 신한은행
    [P_AMT] => 3000
    [P_UNAME] => 주해선
    [P_RMESG1] => P_VACCT_NO=56211106367887|P_EXP_DT=20251227
    [P_RMESG2] => 
    [P_NOTI] => 
    [P_AUTH_NO] => 
)

 Array
(
    [PageCall time] => 12:20:46
    [P_TID] => INIMX_VBNKCAEcatca0720251217121846095816
    [P_MID] => CAEcatca07
    [P_AUTH_DT] => 20251217122046
    [P_STATUS] => 02
    [P_TYPE] => VBANK
    [P_OID] => 251210-009
    [P_FN_CD1] => 11
    [P_FN_CD2] => 
    [P_FN_NM] => NH농협은행
    [P_AMT] => 3000
    [P_UNAME] => 박흥석
    [P_RMESG1] => P_VACCT_NO=79003186464966|P_EXP_DT=20251227
    [P_RMESG2] => 
    [P_NOTI] => 
    [P_AUTH_NO] => 
)

 Array
(
    [PageCall time] => 12:25:12
    [P_TID] => INIMX_VBNKCAEcatca0720251217122343435806
    [P_MID] => CAEcatca07
    [P_AUTH_DT] => 20251217122512
    [P_STATUS] => 02
    [P_TYPE] => VBANK
    [P_OID] => 251217-018
    [P_FN_CD1] => 11
    [P_FN_CD2] => 
    [P_FN_NM] => NH농협은행
    [P_AMT] => 3000
    [P_UNAME] => 강홍란
    [P_RMESG1] => P_VACCT_NO=79003186471272|P_EXP_DT=20251227
    [P_RMESG2] => 
    [P_NOTI] => 
    [P_AUTH_NO] => 
)

 Array
(
    [PageCall time] => 12:26:28
    [P_TID] => INIMX_VBNKCAEcatca0720251217122325345711
    [P_MID] => CAEcatca07
    [P_AUTH_DT] => 20251217122628
    [P_STATUS] => 02
    [P_TYPE] => VBANK
    [P_OID] => 251217-019
    [P_FN_CD1] => 88
    [P_FN_CD2] => 
    [P_FN_NM] => 신한은행
    [P_AMT] => 3000
    [P_UNAME] => 유재빈
    [P_RMESG1] => P_VACCT_NO=56211106397135|P_EXP_DT=20251227
    [P_RMESG2] => 
    [P_NOTI] => 
    [P_AUTH_NO] => 
)

 Array
(
    [PageCall time] => 12:37:15
    [P_TID] => INIMX_VBNKCAEcatca0720251217123431375252
    [P_MID] => CAEcatca07
    [P_AUTH_DT] => 20251217123715
    [P_STATUS] => 02
    [P_TYPE] => VBANK
    [P_OID] => 251216-011
    [P_FN_CD1] => 04
    [P_FN_CD2] => 
    [P_FN_NM] => KB국민은행
    [P_AMT] => 3000
    [P_UNAME] => 전영주
    [P_RMESG1] => P_VACCT_NO=26029078027209|P_EXP_DT=20251227
    [P_RMESG2] => 
    [P_NOTI] => 
    [P_AUTH_NO] => 
)

 Array
(
    [PageCall time] => 12:46:07
    [P_TID] => INIMX_VBNKCAEcatca0720251217124320465978
    [P_MID] => CAEcatca07
    [P_AUTH_DT] => 20251217124607
    [P_STATUS] => 02
    [P_TYPE] => VBANK
    [P_OID] => 251217-016
    [P_FN_CD1] => 31
    [P_FN_CD2] => 
    [P_FN_NM] => 아이엠뱅크(대구은행)
    [P_AMT] => 3000
    [P_UNAME] => 박기현
    [P_RMESG1] => P_VACCT_NO=9600362529783|P_EXP_DT=20251227
    [P_RMESG2] => 
    [P_NOTI] => 
    [P_AUTH_NO] => 
)

 Array
(
    [PageCall time] => 12:53:26
    [P_TID] => INIMX_VBNKCAEcatca0720251217125100935383
    [P_MID] => CAEcatca07
    [P_AUTH_DT] => 20251217125326
    [P_STATUS] => 02
    [P_TYPE] => VBANK
    [P_OID] => 251217-020
    [P_FN_CD1] => 04
    [P_FN_CD2] => 
    [P_FN_NM] => KB국민은행
    [P_AMT] => 3000
    [P_UNAME] => 양지은
    [P_RMESG1] => P_VACCT_NO=26029078047289|P_EXP_DT=20251227
    [P_RMESG2] => 
    [P_NOTI] => 
    [P_AUTH_NO] => 
)

 Array
(
    [PageCall time] => 13:29:33
    [P_TID] => INIMX_VBNKCAEcatca0720251217132843365535
    [P_MID] => CAEcatca07
    [P_AUTH_DT] => 20251217132933
    [P_STATUS] => 02
    [P_TYPE] => VBANK
    [P_OID] => 251217-022
    [P_FN_CD1] => 11
    [P_FN_CD2] => 
    [P_FN_NM] => NH농협은행
    [P_AMT] => 3000
    [P_UNAME] => 정정희
    [P_RMESG1] => P_VACCT_NO=79003186516772|P_EXP_DT=20251227
    [P_RMESG2] => 
    [P_NOTI] => 
    [P_AUTH_NO] => 
)

 Array
(
    [PageCall time] => 13:45:51
    [P_TID] => INIMX_VBNKCAEcatca0720251217134319465349
    [P_MID] => CAEcatca07
    [P_AUTH_DT] => 20251217134551
    [P_STATUS] => 02
    [P_TYPE] => VBANK
    [P_OID] => 251217-026
    [P_FN_CD1] => 88
    [P_FN_CD2] => 
    [P_FN_NM] => 신한은행
    [P_AMT] => 3000
    [P_UNAME] => 한희준
    [P_RMESG1] => P_VACCT_NO=56211106688900|P_EXP_DT=20251227
    [P_RMESG2] => 
    [P_NOTI] => 
    [P_AUTH_NO] => 
)

 Array
(
    [PageCall time] => 14:14:05
    [P_TID] => INIMX_VBNKCAEcatca0720251217141246375853
    [P_MID] => CAEcatca07
    [P_AUTH_DT] => 20251217141405
    [P_STATUS] => 02
    [P_TYPE] => VBANK
    [P_OID] => 251217-004
    [P_FN_CD1] => 11
    [P_FN_CD2] => 
    [P_FN_NM] => NH농협은행
    [P_AMT] => 3000
    [P_UNAME] => 백재옥
    [P_RMESG1] => P_VACCT_NO=79003186564912|P_EXP_DT=20251227
    [P_RMESG2] => 
    [P_NOTI] => 
    [P_AUTH_NO] => 
)

 Array
(
    [PageCall time] => 14:38:27
    [P_TID] => INIMX_VBNKCAEcatca0720251217143502475454
    [P_MID] => CAEcatca07
    [P_AUTH_DT] => 20251217143827
    [P_STATUS] => 02
    [P_TYPE] => VBANK
    [P_OID] => 251217-030
    [P_FN_CD1] => 20
    [P_FN_CD2] => 
    [P_FN_NM] => 우리은행
    [P_AMT] => 3000
    [P_UNAME] => 이동진
    [P_RMESG1] => P_VACCT_NO=27389175118427|P_EXP_DT=20251227
    [P_RMESG2] => 
    [P_NOTI] => 
    [P_AUTH_NO] => 
)

 Array
(
    [PageCall time] => 15:51:24
    [P_TID] => INIMX_VBNKCAEcatca0720251217155043635961
    [P_MID] => CAEcatca07
    [P_AUTH_DT] => 20251217155124
    [P_STATUS] => 02
    [P_TYPE] => VBANK
    [P_OID] => 251217-032
    [P_FN_CD1] => 11
    [P_FN_CD2] => 
    [P_FN_NM] => NH농협은행
    [P_AMT] => 3000
    [P_UNAME] => 박경년
    [P_RMESG1] => P_VACCT_NO=79003186653570|P_EXP_DT=20251227
    [P_RMESG2] => 
    [P_NOTI] => 
    [P_AUTH_NO] => 
)

 Array
(
    [PageCall time] => 16:03:45
    [P_TID] => INIMX_VBNKCAEcatca0720251217160042955051
    [P_MID] => CAEcatca07
    [P_AUTH_DT] => 20251217160345
    [P_STATUS] => 02
    [P_TYPE] => VBANK
    [P_OID] => 251216-020
    [P_FN_CD1] => 04
    [P_FN_CD2] => 
    [P_FN_NM] => KB국민은행
    [P_AMT] => 3000
    [P_UNAME] => 이우정
    [P_RMESG1] => P_VACCT_NO=52499014890387|P_EXP_DT=20251227
    [P_RMESG2] => 
    [P_NOTI] => 
    [P_AUTH_NO] => 
)

 Array
(
    [PageCall time] => 16:10:40
    [P_TID] => INIMX_VBNKCAEcatca0720251217160718875979
    [P_MID] => CAEcatca07
    [P_AUTH_DT] => 20251217161040
    [P_STATUS] => 02
    [P_TYPE] => VBANK
    [P_OID] => 251217-023
    [P_FN_CD1] => 04
    [P_FN_CD2] => 
    [P_FN_NM] => KB국민은행
    [P_AMT] => 3000
    [P_UNAME] => 임연아
    [P_RMESG1] => P_VACCT_NO=52499014891904|P_EXP_DT=20251227
    [P_RMESG2] => 
    [P_NOTI] => 
    [P_AUTH_NO] => 
)

 Array
(
    [PageCall time] => 16:28:54
    [P_TID] => INIMX_VBNKCAEcatca0720251217162558305257
    [P_MID] => CAEcatca07
    [P_AUTH_DT] => 20251217162854
    [P_STATUS] => 02
    [P_TYPE] => VBANK
    [P_OID] => 251217-033
    [P_FN_CD1] => 20
    [P_FN_CD2] => 
    [P_FN_NM] => 우리은행
    [P_AMT] => 3000
    [P_UNAME] => 홍신애
    [P_RMESG1] => P_VACCT_NO=27389185918311|P_EXP_DT=20251227
    [P_RMESG2] => 
    [P_NOTI] => 
    [P_AUTH_NO] => 
)

 Array
(
    [PageCall time] => 16:48:28
    [P_TID] => INIMX_VBNKCAEcatca0720251217164549935100
    [P_MID] => CAEcatca07
    [P_AUTH_DT] => 20251217164828
    [P_STATUS] => 02
    [P_TYPE] => VBANK
    [P_OID] => 251217-034
    [P_FN_CD1] => 88
    [P_FN_CD2] => 
    [P_FN_NM] => 신한은행
    [P_AMT] => 3000
    [P_UNAME] => 이명자
    [P_RMESG1] => P_VACCT_NO=56211991093332|P_EXP_DT=20251227
    [P_RMESG2] => 
    [P_NOTI] => 
    [P_AUTH_NO] => 
)

 Array
(
    [PageCall time] => 17:33:00
    [P_TID] => INIMX_VBNKCAEcatca0720251217173006704565
    [P_MID] => CAEcatca07
    [P_AUTH_DT] => 20251217173300
    [P_STATUS] => 02
    [P_TYPE] => VBANK
    [P_OID] => 251217-037
    [P_FN_CD1] => 89
    [P_FN_CD2] => 
    [P_FN_NM] => 케이뱅크
    [P_AMT] => 3000
    [P_UNAME] => 오유경
    [P_RMESG1] => P_VACCT_NO=70112000072914|P_EXP_DT=20251227
    [P_RMESG2] => 
    [P_NOTI] => 
    [P_AUTH_NO] => 
)

 Array
(
    [PageCall time] => 18:36:38
    [P_TID] => INIMX_VBNKCAEcatca0720251217183538384912
    [P_MID] => CAEcatca07
    [P_AUTH_DT] => 20251217183637
    [P_STATUS] => 02
    [P_TYPE] => VBANK
    [P_OID] => 251217-039
    [P_FN_CD1] => 11
    [P_FN_CD2] => 
    [P_FN_NM] => NH농협은행
    [P_AMT] => 3000
    [P_UNAME] => 곽미경
    [P_RMESG1] => P_VACCT_NO=79006422358191|P_EXP_DT=20251227
    [P_RMESG2] => 
    [P_NOTI] => 
    [P_AUTH_NO] => 
)

 Array
(
    [PageCall time] => 20:49:46
    [P_TID] => INIMX_VBNKCAEcatca0720251217204644694973
    [P_MID] => CAEcatca07
    [P_AUTH_DT] => 20251217204946
    [P_STATUS] => 02
    [P_TYPE] => VBANK
    [P_OID] => 251217-014
    [P_FN_CD1] => 07
    [P_FN_CD2] => 
    [P_FN_NM] => 수협은행
    [P_AMT] => 3000
    [P_UNAME] => 송유민
    [P_RMESG1] => P_VACCT_NO=06640083419174|P_EXP_DT=20251227
    [P_RMESG2] => 
    [P_NOTI] => 
    [P_AUTH_NO] => 
)

 Array
(
    [PageCall time] => 21:53:01
    [P_TID] => INIMX_VBNKCAEcatca0720251217215009654262
    [P_MID] => CAEcatca07
    [P_AUTH_DT] => 20251217215301
    [P_STATUS] => 02
    [P_TYPE] => VBANK
    [P_OID] => 251217-041
    [P_FN_CD1] => 04
    [P_FN_CD2] => 
    [P_FN_NM] => KB국민은행
    [P_AMT] => 3000
    [P_UNAME] => 공희주
    [P_RMESG1] => P_VACCT_NO=99289014617123|P_EXP_DT=20251227
    [P_RMESG2] => 
    [P_NOTI] => 
    [P_AUTH_NO] => 
)

 Array
(
    [PageCall time] => 21:56:57
    [P_TID] => INIMX_VBNKCAEcatca0720251217215532294624
    [P_MID] => CAEcatca07
    [P_AUTH_DT] => 20251217215657
    [P_STATUS] => 02
    [P_TYPE] => VBANK
    [P_OID] => 251217-042
    [P_FN_CD1] => 11
    [P_FN_CD2] => 
    [P_FN_NM] => NH농협은행
    [P_AMT] => 3000
    [P_UNAME] => 구경란
    [P_RMESG1] => P_VACCT_NO=79006422377834|P_EXP_DT=20251227
    [P_RMESG2] => 
    [P_NOTI] => 
    [P_AUTH_NO] => 
)

