 Array
(
    [PageCall time] => 00:17:50
    [P_TID] => INIMX_VBNKCAEcatca0720250429235228345010
    [P_MID] => CAEcatca07
    [P_AUTH_DT] => 20250430001750
    [P_STATUS] => 02
    [P_TYPE] => VBANK
    [P_OID] => 250429-028
    [P_FN_CD1] => 88
    [P_FN_CD2] => 
    [P_FN_NM] => 신한은행
    [P_AMT] => 3000
    [P_UNAME] => 임방글
    [P_RMESG1] => P_VACCT_NO=56213170971008|P_EXP_DT=20250509
    [P_RMESG2] => 
    [P_NOTI] => 
    [P_AUTH_NO] => 
)

 Array
(
    [PageCall time] => 08:13:25
    [P_TID] => INIMX_VBNKCAEcatca0720250430081043885131
    [P_MID] => CAEcatca07
    [P_AUTH_DT] => 20250430081325
    [P_STATUS] => 02
    [P_TYPE] => VBANK
    [P_OID] => 250429-027
    [P_FN_CD1] => 03
    [P_FN_CD2] => 
    [P_FN_NM] => 기업은행
    [P_AMT] => 3000
    [P_UNAME] => 홍혜주
    [P_RMESG1] => P_VACCT_NO=07500623797898|P_EXP_DT=20250510
    [P_RMESG2] => 
    [P_NOTI] => 
    [P_AUTH_NO] => 
)

 Array
(
    [PageCall time] => 09:04:15
    [P_TID] => INIMX_VBNKCAEcatca0720250430090054355413
    [P_MID] => CAEcatca07
    [P_AUTH_DT] => 20250430090415
    [P_STATUS] => 02
    [P_TYPE] => VBANK
    [P_OID] => 250430-003
    [P_FN_CD1] => 81
    [P_FN_CD2] => 
    [P_FN_NM] => 하나은행
    [P_AMT] => 3000
    [P_UNAME] => 김향진
    [P_RMESG1] => P_VACCT_NO=20893878602437|P_EXP_DT=20250510
    [P_RMESG2] => 
    [P_NOTI] => 
    [P_AUTH_NO] => 
)

 Array
(
    [PageCall time] => 10:33:07
    [P_TID] => INIMX_VBNKCAEcatca0720250430102940915833
    [P_MID] => CAEcatca07
    [P_AUTH_DT] => 20250430103307
    [P_STATUS] => 02
    [P_TYPE] => VBANK
    [P_OID] => 250430-007
    [P_FN_CD1] => 88
    [P_FN_CD2] => 
    [P_FN_NM] => 신한은행
    [P_AMT] => 3000
    [P_UNAME] => 장문선
    [P_RMESG1] => P_VACCT_NO=56211102022065|P_EXP_DT=20250510
    [P_RMESG2] => 
    [P_NOTI] => 
    [P_AUTH_NO] => 
)

 Array
(
    [PageCall time] => 10:55:22
    [P_TID] => INIMX_VBNKCAEcatca0720250430105226965647
    [P_MID] => CAEcatca07
    [P_AUTH_DT] => 20250430105522
    [P_STATUS] => 02
    [P_TYPE] => VBANK
    [P_OID] => 250430-004
    [P_FN_CD1] => 03
    [P_FN_CD2] => 
    [P_FN_NM] => 기업은행
    [P_AMT] => 3000
    [P_UNAME] => 정동호
    [P_RMESG1] => P_VACCT_NO=07500626597707|P_EXP_DT=20250510
    [P_RMESG2] => 
    [P_NOTI] => 
    [P_AUTH_NO] => 
)

 Array
(
    [PageCall time] => 11:53:52
    [P_TID] => INIMX_VBNKCAEcatca0720250430114614415258
    [P_MID] => CAEcatca07
    [P_AUTH_DT] => 20250430115352
    [P_STATUS] => 02
    [P_TYPE] => VBANK
    [P_OID] => 250430-006
    [P_FN_CD1] => 11
    [P_FN_CD2] => 
    [P_FN_NM] => NH농협은행
    [P_AMT] => 3000
    [P_UNAME] => 박영란
    [P_RMESG1] => P_VACCT_NO=79015902146121|P_EXP_DT=20250510
    [P_RMESG2] => 
    [P_NOTI] => 
    [P_AUTH_NO] => 
)

 Array
(
    [PageCall time] => 12:42:00
    [P_TID] => INIMX_VBNKCAEcatca0720250430123633735184
    [P_MID] => CAEcatca07
    [P_AUTH_DT] => 20250430124200
    [P_STATUS] => 02
    [P_TYPE] => VBANK
    [P_OID] => 250430-001
    [P_FN_CD1] => 07
    [P_FN_CD2] => 
    [P_FN_NM] => 수협은행
    [P_AMT] => 3000
    [P_UNAME] => 유후남
    [P_RMESG1] => P_VACCT_NO=06640082593611|P_EXP_DT=20250510
    [P_RMESG2] => 
    [P_NOTI] => 
    [P_AUTH_NO] => 
)

 Array
(
    [PageCall time] => 14:30:38
    [P_TID] => INIMX_VBNKCAEcatca0720250430142915185172
    [P_MID] => CAEcatca07
    [P_AUTH_DT] => 20250430143038
    [P_STATUS] => 02
    [P_TYPE] => VBANK
    [P_OID] => 250430-019
    [P_FN_CD1] => 11
    [P_FN_CD2] => 
    [P_FN_NM] => NH농협은행
    [P_AMT] => 3000
    [P_UNAME] => 서정희
    [P_RMESG1] => P_VACCT_NO=79015902177830|P_EXP_DT=20250510
    [P_RMESG2] => 
    [P_NOTI] => 
    [P_AUTH_NO] => 
)

 Array
(
    [PageCall time] => 14:33:19
    [P_TID] => INIMX_VBNKCAEcatca0720250430142903455831
    [P_MID] => CAEcatca07
    [P_AUTH_DT] => 20250430143319
    [P_STATUS] => 02
    [P_TYPE] => VBANK
    [P_OID] => 250430-016
    [P_FN_CD1] => 88
    [P_FN_CD2] => 
    [P_FN_NM] => 신한은행
    [P_AMT] => 3000
    [P_UNAME] => 윤다현
    [P_RMESG1] => P_VACCT_NO=56211102086548|P_EXP_DT=20250510
    [P_RMESG2] => 
    [P_NOTI] => 
    [P_AUTH_NO] => 
)

 Array
(
    [PageCall time] => 14:55:20
    [P_TID] => INIMX_VBNKCAEcatca0720250430145101545025
    [P_MID] => CAEcatca07
    [P_AUTH_DT] => 20250430145520
    [P_STATUS] => 02
    [P_TYPE] => VBANK
    [P_OID] => 250430-022
    [P_FN_CD1] => 11
    [P_FN_CD2] => 
    [P_FN_NM] => NH농협은행
    [P_AMT] => 3000
    [P_UNAME] => 이예서
    [P_RMESG1] => P_VACCT_NO=79015902181511|P_EXP_DT=20250510
    [P_RMESG2] => 
    [P_NOTI] => 
    [P_AUTH_NO] => 
)

 Array
(
    [PageCall time] => 17:00:30
    [P_TID] => INIMX_VBNKCAEcatca0720250430165745915006
    [P_MID] => CAEcatca07
    [P_AUTH_DT] => 20250430170030
    [P_STATUS] => 02
    [P_TYPE] => VBANK
    [P_OID] => 250430-023
    [P_FN_CD1] => 89
    [P_FN_CD2] => 
    [P_FN_NM] => 케이뱅크
    [P_AMT] => 3000
    [P_UNAME] => 이길호
    [P_RMESG1] => P_VACCT_NO=70112003422468|P_EXP_DT=20250510
    [P_RMESG2] => 
    [P_NOTI] => 
    [P_AUTH_NO] => 
)

 Array
(
    [PageCall time] => 17:38:27
    [P_TID] => INIMX_VBNKCAEcatca0720250430154644645991
    [P_MID] => CAEcatca07
    [P_AUTH_DT] => 20250430173827
    [P_STATUS] => 02
    [P_TYPE] => VBANK
    [P_OID] => 250420-020
    [P_FN_CD1] => 04
    [P_FN_CD2] => 
    [P_FN_NM] => KB국민은행
    [P_AMT] => 3000
    [P_UNAME] => 최수경
    [P_RMESG1] => P_VACCT_NO=60489014836421|P_EXP_DT=20250510
    [P_RMESG2] => 
    [P_NOTI] => 
    [P_AUTH_NO] => 
)

 Array
(
    [PageCall time] => 20:25:14
    [P_TID] => INIMX_VBNKCAEcatca0720250430202150135685
    [P_MID] => CAEcatca07
    [P_AUTH_DT] => 20250430202514
    [P_STATUS] => 02
    [P_TYPE] => VBANK
    [P_OID] => 250430-025
    [P_FN_CD1] => 89
    [P_FN_CD2] => 
    [P_FN_NM] => 케이뱅크
    [P_AMT] => 3000
    [P_UNAME] => 유연순
    [P_RMESG1] => P_VACCT_NO=70112003424994|P_EXP_DT=20250510
    [P_RMESG2] => 
    [P_NOTI] => 
    [P_AUTH_NO] => 
)

 Array
(
    [PageCall time] => 23:03:08
    [P_TID] => INIMX_VBNKCAEcatca0720250430230027735823
    [P_MID] => CAEcatca07
    [P_AUTH_DT] => 20250430230308
    [P_STATUS] => 02
    [P_TYPE] => VBANK
    [P_OID] => 250430-026
    [P_FN_CD1] => 88
    [P_FN_CD2] => 
    [P_FN_NM] => 신한은행
    [P_AMT] => 3000
    [P_UNAME] => 이선희
    [P_RMESG1] => P_VACCT_NO=56211102160760|P_EXP_DT=20250510
    [P_RMESG2] => 
    [P_NOTI] => 
    [P_AUTH_NO] => 
)

