 Array
(
    [PageCall time] => 10:18:37
    [P_TID] => INIMX_VBNKCAEcatca0720260313101541455367
    [P_MID] => CAEcatca07
    [P_AUTH_DT] => 20260313101836
    [P_STATUS] => 02
    [P_TYPE] => VBANK
    [P_OID] => 260313-004
    [P_FN_CD1] => 03
    [P_FN_CD2] => 
    [P_FN_NM] => 기업은행
    [P_AMT] => 3500
    [P_UNAME] => 김성실
    [P_RMESG1] => P_VACCT_NO=07503424397075|P_EXP_DT=20260323
    [P_RMESG2] => 
    [P_NOTI] => 
    [P_AUTH_NO] => 
)

 Array
(
    [PageCall time] => 11:18:38
    [P_TID] => INIMX_VBNKCAEcatca0720260313111653195282
    [P_MID] => CAEcatca07
    [P_AUTH_DT] => 20260313111838
    [P_STATUS] => 02
    [P_TYPE] => VBANK
    [P_OID] => 260313-007
    [P_FN_CD1] => 11
    [P_FN_CD2] => 
    [P_FN_NM] => NH농협은행
    [P_AMT] => 3500
    [P_UNAME] => 백대현
    [P_RMESG1] => P_VACCT_NO=79014407752581|P_EXP_DT=20260323
    [P_RMESG2] => 
    [P_NOTI] => 
    [P_AUTH_NO] => 
)

 Array
(
    [PageCall time] => 11:38:24
    [P_TID] => INIMX_VBNKCAEcatca0720260313113313315651
    [P_MID] => CAEcatca07
    [P_AUTH_DT] => 20260313113824
    [P_STATUS] => 02
    [P_TYPE] => VBANK
    [P_OID] => 260313-011
    [P_FN_CD1] => 88
    [P_FN_CD2] => 
    [P_FN_NM] => 신한은행
    [P_AMT] => 3500
    [P_UNAME] => 박정규
    [P_RMESG1] => P_VACCT_NO=56211105236081|P_EXP_DT=20260323
    [P_RMESG2] => 
    [P_NOTI] => 
    [P_AUTH_NO] => 
)

 Array
(
    [PageCall time] => 12:20:41
    [P_TID] => INIMX_VBNKCAEcatca0720260313121531665127
    [P_MID] => CAEcatca07
    [P_AUTH_DT] => 20260313122041
    [P_STATUS] => 02
    [P_TYPE] => VBANK
    [P_OID] => 260313-012
    [P_FN_CD1] => 20
    [P_FN_CD2] => 
    [P_FN_NM] => 우리은행
    [P_AMT] => 3500
    [P_UNAME] => 김채순
    [P_RMESG1] => P_VACCT_NO=27762880018310|P_EXP_DT=20260323
    [P_RMESG2] => 
    [P_NOTI] => 
    [P_AUTH_NO] => 
)

 Array
(
    [PageCall time] => 13:04:55
    [P_TID] => INIMX_VBNKCAEcatca0720260313130210505960
    [P_MID] => CAEcatca07
    [P_AUTH_DT] => 20260313130455
    [P_STATUS] => 02
    [P_TYPE] => VBANK
    [P_OID] => 260313-013
    [P_FN_CD1] => 88
    [P_FN_CD2] => 
    [P_FN_NM] => 신한은행
    [P_AMT] => 3500
    [P_UNAME] => 김미리
    [P_RMESG1] => P_VACCT_NO=56211105243374|P_EXP_DT=20260323
    [P_RMESG2] => 
    [P_NOTI] => 
    [P_AUTH_NO] => 
)

 Array
(
    [PageCall time] => 13:10:17
    [P_TID] => INIMX_VBNKCAEcatca0720260313130742325005
    [P_MID] => CAEcatca07
    [P_AUTH_DT] => 20260313131017
    [P_STATUS] => 02
    [P_TYPE] => VBANK
    [P_OID] => 260313-014
    [P_FN_CD1] => 03
    [P_FN_CD2] => 
    [P_FN_NM] => 기업은행
    [P_AMT] => 3500
    [P_UNAME] => 최문호
    [P_RMESG1] => P_VACCT_NO=07503426497989|P_EXP_DT=20260323
    [P_RMESG2] => 
    [P_NOTI] => 
    [P_AUTH_NO] => 
)

 Array
(
    [PageCall time] => 13:29:44
    [P_TID] => INIMX_VBNKCAEcatca0720260313132653555065
    [P_MID] => CAEcatca07
    [P_AUTH_DT] => 20260313132944
    [P_STATUS] => 02
    [P_TYPE] => VBANK
    [P_OID] => 260313-015
    [P_FN_CD1] => 88
    [P_FN_CD2] => 
    [P_FN_NM] => 신한은행
    [P_AMT] => 3500
    [P_UNAME] => 김정진
    [P_RMESG1] => P_VACCT_NO=56211105245172|P_EXP_DT=20260323
    [P_RMESG2] => 
    [P_NOTI] => 
    [P_AUTH_NO] => 
)

 Array
(
    [PageCall time] => 13:31:55
    [P_TID] => INIMX_VBNKCAEcatca0720260313132855025512
    [P_MID] => CAEcatca07
    [P_AUTH_DT] => 20260313133155
    [P_STATUS] => 02
    [P_TYPE] => VBANK
    [P_OID] => 260313-017
    [P_FN_CD1] => 04
    [P_FN_CD2] => 
    [P_FN_NM] => KB국민은행
    [P_AMT] => 3500
    [P_UNAME] => 김지운
    [P_RMESG1] => P_VACCT_NO=26119078108062|P_EXP_DT=20260323
    [P_RMESG2] => 
    [P_NOTI] => 
    [P_AUTH_NO] => 
)

 Array
(
    [PageCall time] => 13:42:09
    [P_TID] => INIMX_VBNKCAEcatca0720260313133856405843
    [P_MID] => CAEcatca07
    [P_AUTH_DT] => 20260313134209
    [P_STATUS] => 02
    [P_TYPE] => VBANK
    [P_OID] => 260313-018
    [P_FN_CD1] => 04
    [P_FN_CD2] => 
    [P_FN_NM] => KB국민은행
    [P_AMT] => 3500
    [P_UNAME] => 오경란
    [P_RMESG1] => P_VACCT_NO=26119078117352|P_EXP_DT=20260323
    [P_RMESG2] => 
    [P_NOTI] => 
    [P_AUTH_NO] => 
)

 Array
(
    [PageCall time] => 14:15:52
    [P_TID] => INIMX_VBNKCAEcatca0720260313141315395462
    [P_MID] => CAEcatca07
    [P_AUTH_DT] => 20260313141552
    [P_STATUS] => 02
    [P_TYPE] => VBANK
    [P_OID] => 260313-021
    [P_FN_CD1] => 20
    [P_FN_CD2] => 
    [P_FN_NM] => 우리은행
    [P_AMT] => 3500
    [P_UNAME] => 원선미
    [P_RMESG1] => P_VACCT_NO=27762887518196|P_EXP_DT=20260323
    [P_RMESG2] => 
    [P_NOTI] => 
    [P_AUTH_NO] => 
)

 Array
(
    [PageCall time] => 14:16:14
    [P_TID] => INIMX_VBNKCAEcatca0720260313141340395819
    [P_MID] => CAEcatca07
    [P_AUTH_DT] => 20260313141614
    [P_STATUS] => 02
    [P_TYPE] => VBANK
    [P_OID] => 260313-022
    [P_FN_CD1] => 89
    [P_FN_CD2] => 
    [P_FN_NM] => 케이뱅크
    [P_AMT] => 3500
    [P_UNAME] => 조신미
    [P_RMESG1] => P_VACCT_NO=70112003744538|P_EXP_DT=20260323
    [P_RMESG2] => 
    [P_NOTI] => 
    [P_AUTH_NO] => 
)

 Array
(
    [PageCall time] => 14:25:07
    [P_TID] => INIMX_VBNKCAEcatca0720260313142415215252
    [P_MID] => CAEcatca07
    [P_AUTH_DT] => 20260313142507
    [P_STATUS] => 02
    [P_TYPE] => VBANK
    [P_OID] => 260313-023
    [P_FN_CD1] => 11
    [P_FN_CD2] => 
    [P_FN_NM] => NH농협은행
    [P_AMT] => 3500
    [P_UNAME] => 김미숙
    [P_RMESG1] => P_VACCT_NO=79014407774988|P_EXP_DT=20260323
    [P_RMESG2] => 
    [P_NOTI] => 
    [P_AUTH_NO] => 
)

 Array
(
    [PageCall time] => 14:39:47
    [P_TID] => INIMX_VBNKCAEcatca0720260313143622265587
    [P_MID] => CAEcatca07
    [P_AUTH_DT] => 20260313143947
    [P_STATUS] => 02
    [P_TYPE] => VBANK
    [P_OID] => 260313-024
    [P_FN_CD1] => 20
    [P_FN_CD2] => 
    [P_FN_NM] => 우리은행
    [P_AMT] => 3500
    [P_UNAME] => 곽재영
    [P_RMESG1] => P_VACCT_NO=27762888318603|P_EXP_DT=20260323
    [P_RMESG2] => 
    [P_NOTI] => 
    [P_AUTH_NO] => 
)

 Array
(
    [PageCall time] => 15:54:04
    [P_TID] => INIMX_VBNKCAEcatca0720260313155117775716
    [P_MID] => CAEcatca07
    [P_AUTH_DT] => 20260313155404
    [P_STATUS] => 02
    [P_TYPE] => VBANK
    [P_OID] => 260313-026
    [P_FN_CD1] => 20
    [P_FN_CD2] => 
    [P_FN_NM] => 우리은행
    [P_AMT] => 3500
    [P_UNAME] => 한선경
    [P_RMESG1] => P_VACCT_NO=27762892318563|P_EXP_DT=20260323
    [P_RMESG2] => 
    [P_NOTI] => 
    [P_AUTH_NO] => 
)

 Array
(
    [PageCall time] => 16:51:36
    [P_TID] => INIMX_VBNKCAEcatca0720260313164803635017
    [P_MID] => CAEcatca07
    [P_AUTH_DT] => 20260313165136
    [P_STATUS] => 02
    [P_TYPE] => VBANK
    [P_OID] => 260313-025
    [P_FN_CD1] => 81
    [P_FN_CD2] => 
    [P_FN_NM] => 하나은행
    [P_AMT] => 3500
    [P_UNAME] => 이재옥
    [P_RMESG1] => P_VACCT_NO=20894801330837|P_EXP_DT=20260323
    [P_RMESG2] => 
    [P_NOTI] => 
    [P_AUTH_NO] => 
)

 Array
(
    [PageCall time] => 17:50:22
    [P_TID] => INIMX_VBNKCAEcatca0720260313174754365707
    [P_MID] => CAEcatca07
    [P_AUTH_DT] => 20260313175022
    [P_STATUS] => 02
    [P_TYPE] => VBANK
    [P_OID] => 260313-031
    [P_FN_CD1] => 04
    [P_FN_CD2] => 
    [P_FN_NM] => KB국민은행
    [P_AMT] => 3500
    [P_UNAME] => 김준영
    [P_RMESG1] => P_VACCT_NO=80399078735039|P_EXP_DT=20260323
    [P_RMESG2] => 
    [P_NOTI] => 
    [P_AUTH_NO] => 
)

 Array
(
    [PageCall time] => 17:50:29
    [P_TID] => INIMX_VBNKCAEcatca0720260313174743805517
    [P_MID] => CAEcatca07
    [P_AUTH_DT] => 20260313175029
    [P_STATUS] => 02
    [P_TYPE] => VBANK
    [P_OID] => 260313-030
    [P_FN_CD1] => 04
    [P_FN_CD2] => 
    [P_FN_NM] => KB국민은행
    [P_AMT] => 3500
    [P_UNAME] => 임재훈
    [P_RMESG1] => P_VACCT_NO=80399078734933|P_EXP_DT=20260323
    [P_RMESG2] => 
    [P_NOTI] => 
    [P_AUTH_NO] => 
)

 Array
(
    [PageCall time] => 17:51:22
    [P_TID] => INIMX_VBNKCAEcatca0720260313174352785797
    [P_MID] => CAEcatca07
    [P_AUTH_DT] => 20260313175122
    [P_STATUS] => 02
    [P_TYPE] => VBANK
    [P_OID] => 260313-029
    [P_FN_CD1] => 81
    [P_FN_CD2] => 
    [P_FN_NM] => 하나은행
    [P_AMT] => 3500
    [P_UNAME] => 구세경
    [P_RMESG1] => P_VACCT_NO=20894803405337|P_EXP_DT=20260323
    [P_RMESG2] => 
    [P_NOTI] => 
    [P_AUTH_NO] => 
)

 Array
(
    [PageCall time] => 17:58:42
    [P_TID] => INIMX_VBNKCAEcatca0720260313175615225206
    [P_MID] => CAEcatca07
    [P_AUTH_DT] => 20260313175842
    [P_STATUS] => 02
    [P_TYPE] => VBANK
    [P_OID] => 260313-032
    [P_FN_CD1] => 20
    [P_FN_CD2] => 
    [P_FN_NM] => 우리은행
    [P_AMT] => 3500
    [P_UNAME] => 이송현
    [P_RMESG1] => P_VACCT_NO=27762898118485|P_EXP_DT=20260323
    [P_RMESG2] => 
    [P_NOTI] => 
    [P_AUTH_NO] => 
)

 Array
(
    [PageCall time] => 18:38:05
    [P_TID] => INIMX_VBNKCAEcatca0720260313183521345231
    [P_MID] => CAEcatca07
    [P_AUTH_DT] => 20260313183805
    [P_STATUS] => 02
    [P_TYPE] => VBANK
    [P_OID] => 260313-027
    [P_FN_CD1] => 89
    [P_FN_CD2] => 
    [P_FN_NM] => 케이뱅크
    [P_AMT] => 3500
    [P_UNAME] => 진상식
    [P_RMESG1] => P_VACCT_NO=70112003749196|P_EXP_DT=20260323
    [P_RMESG2] => 
    [P_NOTI] => 
    [P_AUTH_NO] => 
)

 Array
(
    [PageCall time] => 22:45:02
    [P_TID] => INIMX_VBNKCAEcatca0720260313224353415826
    [P_MID] => CAEcatca07
    [P_AUTH_DT] => 20260313224502
    [P_STATUS] => 02
    [P_TYPE] => VBANK
    [P_OID] => 260313-033
    [P_FN_CD1] => 11
    [P_FN_CD2] => 
    [P_FN_NM] => NH농협은행
    [P_AMT] => 3500
    [P_UNAME] => 이성결
    [P_RMESG1] => P_VACCT_NO=79014407837883|P_EXP_DT=20260323
    [P_RMESG2] => 
    [P_NOTI] => 
    [P_AUTH_NO] => 
)

