 Array
(
    [PageCall time] => 01:17:09
    [P_TID] => INIMX_VBNKCAEcatca0720260320011443765387
    [P_MID] => CAEcatca07
    [P_AUTH_DT] => 20260320011709
    [P_STATUS] => 02
    [P_TYPE] => VBANK
    [P_OID] => 260320-001
    [P_FN_CD1] => 04
    [P_FN_CD2] => 
    [P_FN_NM] => KB국민은행
    [P_AMT] => 3500
    [P_UNAME] => 전재익
    [P_RMESG1] => P_VACCT_NO=26159078564480|P_EXP_DT=20260330
    [P_RMESG2] => 
    [P_NOTI] => 
    [P_AUTH_NO] => 
)

 Array
(
    [PageCall time] => 09:54:14
    [P_TID] => INIMX_VBNKCAEcatca0720260320095117845716
    [P_MID] => CAEcatca07
    [P_AUTH_DT] => 20260320095414
    [P_STATUS] => 02
    [P_TYPE] => VBANK
    [P_OID] => 260320-003
    [P_FN_CD1] => 04
    [P_FN_CD2] => 
    [P_FN_NM] => KB국민은행
    [P_AMT] => 3500
    [P_UNAME] => 진수경
    [P_RMESG1] => P_VACCT_NO=42089011255737|P_EXP_DT=20260330
    [P_RMESG2] => 
    [P_NOTI] => 
    [P_AUTH_NO] => 
)

 Array
(
    [PageCall time] => 10:12:20
    [P_TID] => INIMX_VBNKCAEcatca0720260320100915935450
    [P_MID] => CAEcatca07
    [P_AUTH_DT] => 20260320101220
    [P_STATUS] => 02
    [P_TYPE] => VBANK
    [P_OID] => 260320-004
    [P_FN_CD1] => 89
    [P_FN_CD2] => 
    [P_FN_NM] => 케이뱅크
    [P_AMT] => 3500
    [P_UNAME] => 정은숙
    [P_RMESG1] => P_VACCT_NO=70112003800207|P_EXP_DT=20260330
    [P_RMESG2] => 
    [P_NOTI] => 
    [P_AUTH_NO] => 
)

 Array
(
    [PageCall time] => 10:38:07
    [P_TID] => INIMX_VBNKCAEcatca0720260320103534995103
    [P_MID] => CAEcatca07
    [P_AUTH_DT] => 20260320103807
    [P_STATUS] => 02
    [P_TYPE] => VBANK
    [P_OID] => 260320-006
    [P_FN_CD1] => 88
    [P_FN_CD2] => 
    [P_FN_NM] => 신한은행
    [P_AMT] => 3500
    [P_UNAME] => 김명희
    [P_RMESG1] => P_VACCT_NO=56211105642281|P_EXP_DT=20260330
    [P_RMESG2] => 
    [P_NOTI] => 
    [P_AUTH_NO] => 
)

 Array
(
    [PageCall time] => 10:41:44
    [P_TID] => INIMX_VBNKCAEcatca0720260320103853925285
    [P_MID] => CAEcatca07
    [P_AUTH_DT] => 20260320104144
    [P_STATUS] => 02
    [P_TYPE] => VBANK
    [P_OID] => 260320-007
    [P_FN_CD1] => 88
    [P_FN_CD2] => 
    [P_FN_NM] => 신한은행
    [P_AMT] => 3500
    [P_UNAME] => 양혜직
    [P_RMESG1] => P_VACCT_NO=56211105642811|P_EXP_DT=20260330
    [P_RMESG2] => 
    [P_NOTI] => 
    [P_AUTH_NO] => 
)

 Array
(
    [PageCall time] => 10:45:11
    [P_TID] => INIMX_VBNKCAEcatca0720260320104233895893
    [P_MID] => CAEcatca07
    [P_AUTH_DT] => 20260320104511
    [P_STATUS] => 02
    [P_TYPE] => VBANK
    [P_OID] => 260320-008
    [P_FN_CD1] => 03
    [P_FN_CD2] => 
    [P_FN_NM] => 기업은행
    [P_AMT] => 3500
    [P_UNAME] => 우석민
    [P_RMESG1] => P_VACCT_NO=07500630797282|P_EXP_DT=20260330
    [P_RMESG2] => 
    [P_NOTI] => 
    [P_AUTH_NO] => 
)

 Array
(
    [PageCall time] => 11:39:49
    [P_TID] => INIMX_VBNKCAEcatca0720260320113703515121
    [P_MID] => CAEcatca07
    [P_AUTH_DT] => 20260320113949
    [P_STATUS] => 02
    [P_TYPE] => VBANK
    [P_OID] => 260320-010
    [P_FN_CD1] => 20
    [P_FN_CD2] => 
    [P_FN_NM] => 우리은행
    [P_AMT] => 3500
    [P_UNAME] => 김진한
    [P_RMESG1] => P_VACCT_NO=32823275018415|P_EXP_DT=20260330
    [P_RMESG2] => 
    [P_NOTI] => 
    [P_AUTH_NO] => 
)

 Array
(
    [PageCall time] => 12:04:47
    [P_TID] => INIMX_VBNKCAEcatca0720260320120215815778
    [P_MID] => CAEcatca07
    [P_AUTH_DT] => 20260320120447
    [P_STATUS] => 02
    [P_TYPE] => VBANK
    [P_OID] => 260320-011
    [P_FN_CD1] => 04
    [P_FN_CD2] => 
    [P_FN_NM] => KB국민은행
    [P_AMT] => 3500
    [P_UNAME] => 임소아
    [P_RMESG1] => P_VACCT_NO=26159078654642|P_EXP_DT=20260330
    [P_RMESG2] => 
    [P_NOTI] => 
    [P_AUTH_NO] => 
)

 Array
(
    [PageCall time] => 12:32:12
    [P_TID] => INIMX_VBNKCAEcatca0720260320123131395494
    [P_MID] => CAEcatca07
    [P_AUTH_DT] => 20260320123212
    [P_STATUS] => 02
    [P_TYPE] => VBANK
    [P_OID] => 260320-013
    [P_FN_CD1] => 71
    [P_FN_CD2] => 
    [P_FN_NM] => 우체국
    [P_AMT] => 3500
    [P_UNAME] => 김성욱
    [P_RMESG1] => P_VACCT_NO=01398781411074|P_EXP_DT=20260330
    [P_RMESG2] => 
    [P_NOTI] => 
    [P_AUTH_NO] => 
)

 Array
(
    [PageCall time] => 12:43:31
    [P_TID] => INIMX_VBNKCAEcatca0720260320124020885657
    [P_MID] => CAEcatca07
    [P_AUTH_DT] => 20260320124331
    [P_STATUS] => 02
    [P_TYPE] => VBANK
    [P_OID] => 260320-009
    [P_FN_CD1] => 20
    [P_FN_CD2] => 
    [P_FN_NM] => 우리은행
    [P_AMT] => 3500
    [P_UNAME] => 이은경
    [P_RMESG1] => P_VACCT_NO=32823281618125|P_EXP_DT=20260330
    [P_RMESG2] => 
    [P_NOTI] => 
    [P_AUTH_NO] => 
)

 Array
(
    [PageCall time] => 13:19:25
    [P_TID] => INIMX_VBNKCAEcatca0720260320101517215621
    [P_MID] => CAEcatca07
    [P_AUTH_DT] => 20260320131925
    [P_STATUS] => 02
    [P_TYPE] => VBANK
    [P_OID] => 260320-005
    [P_FN_CD1] => 11
    [P_FN_CD2] => 
    [P_FN_NM] => NH농협은행
    [P_AMT] => 3500
    [P_UNAME] => 여수신월초등학교 행정실 최창호
    [P_RMESG1] => P_VACCT_NO=79014408492929|P_EXP_DT=20260330
    [P_RMESG2] => 
    [P_NOTI] => 
    [P_AUTH_NO] => 
)

 Array
(
    [PageCall time] => 13:22:23
    [P_TID] => INIMX_VBNKCAEcatca0720260320124852485759
    [P_MID] => CAEcatca07
    [P_AUTH_DT] => 20260320132223
    [P_STATUS] => 02
    [P_TYPE] => VBANK
    [P_OID] => 260320-014
    [P_FN_CD1] => 11
    [P_FN_CD2] => 
    [P_FN_NM] => NH농협은행
    [P_AMT] => 3500
    [P_UNAME] => 박중환
    [P_RMESG1] => P_VACCT_NO=79014408514299|P_EXP_DT=20260330
    [P_RMESG2] => 
    [P_NOTI] => 
    [P_AUTH_NO] => 
)

 Array
(
    [PageCall time] => 13:54:46
    [P_TID] => INIMX_VBNKCAEcatca0720260320135157855616
    [P_MID] => CAEcatca07
    [P_AUTH_DT] => 20260320135446
    [P_STATUS] => 02
    [P_TYPE] => VBANK
    [P_OID] => 260320-019
    [P_FN_CD1] => 31
    [P_FN_CD2] => 
    [P_FN_NM] => 아이엠뱅크(대구은행)
    [P_AMT] => 3500
    [P_UNAME] => 서은희
    [P_RMESG1] => P_VACCT_NO=9600362889337|P_EXP_DT=20260330
    [P_RMESG2] => 
    [P_NOTI] => 
    [P_AUTH_NO] => 
)

 Array
(
    [PageCall time] => 14:00:16
    [P_TID] => INIMX_VBNKCAEcatca0720260320135602985698
    [P_MID] => CAEcatca07
    [P_AUTH_DT] => 20260320140016
    [P_STATUS] => 02
    [P_TYPE] => VBANK
    [P_OID] => 260320-020
    [P_FN_CD1] => 20
    [P_FN_CD2] => 
    [P_FN_NM] => 우리은행
    [P_AMT] => 3500
    [P_UNAME] => 나봉의
    [P_RMESG1] => P_VACCT_NO=32823289018781|P_EXP_DT=20260330
    [P_RMESG2] => 
    [P_NOTI] => 
    [P_AUTH_NO] => 
)

 Array
(
    [PageCall time] => 14:33:05
    [P_TID] => INIMX_VBNKCAEcatca0720260319202443405258
    [P_MID] => CAEcatca07
    [P_AUTH_DT] => 20260320143305
    [P_STATUS] => 02
    [P_TYPE] => VBANK
    [P_OID] => 260319-033
    [P_FN_CD1] => 04
    [P_FN_CD2] => 
    [P_FN_NM] => KB국민은행
    [P_AMT] => 3500
    [P_UNAME] => 김성진
    [P_RMESG1] => P_VACCT_NO=26159078470358|P_EXP_DT=20260329
    [P_RMESG2] => 
    [P_NOTI] => 
    [P_AUTH_NO] => 
)

 Array
(
    [PageCall time] => 14:35:55
    [P_TID] => INIMX_VBNKCAEcatca0720260320143320755249
    [P_MID] => CAEcatca07
    [P_AUTH_DT] => 20260320143555
    [P_STATUS] => 02
    [P_TYPE] => VBANK
    [P_OID] => 260320-023
    [P_FN_CD1] => 20
    [P_FN_CD2] => 
    [P_FN_NM] => 우리은행
    [P_AMT] => 3500
    [P_UNAME] => 권광재
    [P_RMESG1] => P_VACCT_NO=32823295418088|P_EXP_DT=20260330
    [P_RMESG2] => 
    [P_NOTI] => 
    [P_AUTH_NO] => 
)

 Array
(
    [PageCall time] => 15:05:48
    [P_TID] => INIMX_VBNKCAEcatca0720260320150316535838
    [P_MID] => CAEcatca07
    [P_AUTH_DT] => 20260320150548
    [P_STATUS] => 02
    [P_TYPE] => VBANK
    [P_OID] => 260320-026
    [P_FN_CD1] => 04
    [P_FN_CD2] => 
    [P_FN_NM] => KB국민은행
    [P_AMT] => 3500
    [P_UNAME] => 조유선
    [P_RMESG1] => P_VACCT_NO=29419079381732|P_EXP_DT=20260330
    [P_RMESG2] => 
    [P_NOTI] => 
    [P_AUTH_NO] => 
)

 Array
(
    [PageCall time] => 15:35:12
    [P_TID] => INIMX_VBNKCAEcatca0720260320153246425567
    [P_MID] => CAEcatca07
    [P_AUTH_DT] => 20260320153512
    [P_STATUS] => 02
    [P_TYPE] => VBANK
    [P_OID] => 260320-028
    [P_FN_CD1] => 04
    [P_FN_CD2] => 
    [P_FN_NM] => KB국민은행
    [P_AMT] => 3500
    [P_UNAME] => 이소은
    [P_RMESG1] => P_VACCT_NO=39319011052692|P_EXP_DT=20260330
    [P_RMESG2] => 
    [P_NOTI] => 
    [P_AUTH_NO] => 
)

 Array
(
    [PageCall time] => 16:00:35
    [P_TID] => INIMX_VBNKCAEcatca0720260319142308174500
    [P_MID] => CAEcatca07
    [P_AUTH_DT] => 20260320160035
    [P_STATUS] => 02
    [P_TYPE] => VBANK
    [P_OID] => 260319-011
    [P_FN_CD1] => 11
    [P_FN_CD2] => 
    [P_FN_NM] => NH농협은행
    [P_AMT] => 3500
    [P_UNAME] => 고준혁
    [P_RMESG1] => P_VACCT_NO=79010580787403|P_EXP_DT=20260329
    [P_RMESG2] => 
    [P_NOTI] => 
    [P_AUTH_NO] => 
)

 Array
(
    [PageCall time] => 16:23:22
    [P_TID] => INIMX_VBNKCAEcatca0720260320162032185025
    [P_MID] => CAEcatca07
    [P_AUTH_DT] => 20260320162322
    [P_STATUS] => 02
    [P_TYPE] => VBANK
    [P_OID] => 260320-031
    [P_FN_CD1] => 89
    [P_FN_CD2] => 
    [P_FN_NM] => 케이뱅크
    [P_AMT] => 3500
    [P_UNAME] => 홍지원
    [P_RMESG1] => P_VACCT_NO=70112003804079|P_EXP_DT=20260330
    [P_RMESG2] => 
    [P_NOTI] => 
    [P_AUTH_NO] => 
)

 Array
(
    [PageCall time] => 16:40:09
    [P_TID] => INIMX_VBNKCAEcatca0720260320163726825147
    [P_MID] => CAEcatca07
    [P_AUTH_DT] => 20260320164009
    [P_STATUS] => 02
    [P_TYPE] => VBANK
    [P_OID] => 260320-033
    [P_FN_CD1] => 04
    [P_FN_CD2] => 
    [P_FN_NM] => KB국민은행
    [P_AMT] => 3500
    [P_UNAME] => 김진섭
    [P_RMESG1] => P_VACCT_NO=39889011558199|P_EXP_DT=20260330
    [P_RMESG2] => 
    [P_NOTI] => 
    [P_AUTH_NO] => 
)

 Array
(
    [PageCall time] => 17:13:17
    [P_TID] => INIMX_VBNKCAEcatca0720260320171042815878
    [P_MID] => CAEcatca07
    [P_AUTH_DT] => 20260320171317
    [P_STATUS] => 02
    [P_TYPE] => VBANK
    [P_OID] => 260320-035
    [P_FN_CD1] => 88
    [P_FN_CD2] => 
    [P_FN_NM] => 신한은행
    [P_AMT] => 3500
    [P_UNAME] => 육경화
    [P_RMESG1] => P_VACCT_NO=56211105677948|P_EXP_DT=20260330
    [P_RMESG2] => 
    [P_NOTI] => 
    [P_AUTH_NO] => 
)

 Array
(
    [PageCall time] => 17:25:44
    [P_TID] => INIMX_VBNKCAEcatca0720260320171107555019
    [P_MID] => CAEcatca07
    [P_AUTH_DT] => 20260320172544
    [P_STATUS] => 02
    [P_TYPE] => VBANK
    [P_OID] => 260320-034
    [P_FN_CD1] => 20
    [P_FN_CD2] => 
    [P_FN_NM] => 우리은행
    [P_AMT] => 3500
    [P_UNAME] => 이창환
    [P_RMESG1] => P_VACCT_NO=32823317118322|P_EXP_DT=20260330
    [P_RMESG2] => 
    [P_NOTI] => 
    [P_AUTH_NO] => 
)

 Array
(
    [PageCall time] => 18:44:35
    [P_TID] => INIMX_VBNKCAEcatca0720260320184242565686
    [P_MID] => CAEcatca07
    [P_AUTH_DT] => 20260320184435
    [P_STATUS] => 02
    [P_TYPE] => VBANK
    [P_OID] => 260320-037
    [P_FN_CD1] => 11
    [P_FN_CD2] => 
    [P_FN_NM] => NH농협은행
    [P_AMT] => 3500
    [P_UNAME] => 장영민
    [P_RMESG1] => P_VACCT_NO=79014408562634|P_EXP_DT=20260330
    [P_RMESG2] => 
    [P_NOTI] => 
    [P_AUTH_NO] => 
)

 Array
(
    [PageCall time] => 22:58:49
    [P_TID] => INIMX_VBNKCAEcatca0720260320225513345481
    [P_MID] => CAEcatca07
    [P_AUTH_DT] => 20260320225849
    [P_STATUS] => 02
    [P_TYPE] => VBANK
    [P_OID] => 260320-039
    [P_FN_CD1] => 04
    [P_FN_CD2] => 
    [P_FN_NM] => KB국민은행
    [P_AMT] => 3500
    [P_UNAME] => 정일현
    [P_RMESG1] => P_VACCT_NO=80429078443964|P_EXP_DT=20260330
    [P_RMESG2] => 
    [P_NOTI] => 
    [P_AUTH_NO] => 
)

