 Array
(
    [PageCall time] => 00:19:45
    [P_TID] => INIMX_VBNKCAEcatca0720251024000101125494
    [P_MID] => CAEcatca07
    [P_AUTH_DT] => 20251024001945
    [P_STATUS] => 02
    [P_TYPE] => VBANK
    [P_OID] => 251024-001
    [P_FN_CD1] => 89
    [P_FN_CD2] => 
    [P_FN_NM] => 케이뱅크
    [P_AMT] => 3000
    [P_UNAME] => 조덕원
    [P_RMESG1] => P_VACCT_NO=70112003667441|P_EXP_DT=20251103
    [P_RMESG2] => 
    [P_NOTI] => 
    [P_AUTH_NO] => 
)

 Array
(
    [PageCall time] => 06:46:08
    [P_TID] => INIMX_VBNKCAEcatca0720251024064248935369
    [P_MID] => CAEcatca07
    [P_AUTH_DT] => 20251024064608
    [P_STATUS] => 02
    [P_TYPE] => VBANK
    [P_OID] => 251023-036
    [P_FN_CD1] => 04
    [P_FN_CD2] => 
    [P_FN_NM] => KB국민은행
    [P_AMT] => 3000
    [P_UNAME] => 김순녀
    [P_RMESG1] => P_VACCT_NO=26029078070656|P_EXP_DT=20251103
    [P_RMESG2] => 
    [P_NOTI] => 
    [P_AUTH_NO] => 
)

 Array
(
    [PageCall time] => 07:43:43
    [P_TID] => INIMX_VBNKCAEcatca0720251024074025875730
    [P_MID] => CAEcatca07
    [P_AUTH_DT] => 20251024074343
    [P_STATUS] => 02
    [P_TYPE] => VBANK
    [P_OID] => 251023-035
    [P_FN_CD1] => 88
    [P_FN_CD2] => 
    [P_FN_NM] => 신한은행
    [P_AMT] => 3000
    [P_UNAME] => 이경화
    [P_RMESG1] => P_VACCT_NO=56211105477775|P_EXP_DT=20251103
    [P_RMESG2] => 
    [P_NOTI] => 
    [P_AUTH_NO] => 
)

 Array
(
    [PageCall time] => 09:39:50
    [P_TID] => INIMX_VBNKCAEcatca0720251024093636785675
    [P_MID] => CAEcatca07
    [P_AUTH_DT] => 20251024093950
    [P_STATUS] => 02
    [P_TYPE] => VBANK
    [P_OID] => 251024-003
    [P_FN_CD1] => 04
    [P_FN_CD2] => 
    [P_FN_NM] => KB국민은행
    [P_AMT] => 3000
    [P_UNAME] => 이현숙
    [P_RMESG1] => P_VACCT_NO=44289079135516|P_EXP_DT=20251103
    [P_RMESG2] => 
    [P_NOTI] => 
    [P_AUTH_NO] => 
)

 Array
(
    [PageCall time] => 09:40:19
    [P_TID] => INIMX_VBNKCAEcatca0720251024093719285157
    [P_MID] => CAEcatca07
    [P_AUTH_DT] => 20251024094018
    [P_STATUS] => 02
    [P_TYPE] => VBANK
    [P_OID] => 251022-008
    [P_FN_CD1] => 31
    [P_FN_CD2] => 
    [P_FN_NM] => 아이엠뱅크(대구은행)
    [P_AMT] => 3000
    [P_UNAME] => 최현주
    [P_RMESG1] => P_VACCT_NO=9600362287681|P_EXP_DT=20251103
    [P_RMESG2] => 
    [P_NOTI] => 
    [P_AUTH_NO] => 
)

 Array
(
    [PageCall time] => 10:18:05
    [P_TID] => INIMX_VBNKCAEcatca0720251024101455355465
    [P_MID] => CAEcatca07
    [P_AUTH_DT] => 20251024101805
    [P_STATUS] => 02
    [P_TYPE] => VBANK
    [P_OID] => 251024-005
    [P_FN_CD1] => 20
    [P_FN_CD2] => 
    [P_FN_NM] => 우리은행
    [P_AMT] => 3000
    [P_UNAME] => 박경숙
    [P_RMESG1] => P_VACCT_NO=27760723118980|P_EXP_DT=20251103
    [P_RMESG2] => 
    [P_NOTI] => 
    [P_AUTH_NO] => 
)

 Array
(
    [PageCall time] => 11:26:28
    [P_TID] => INIMX_VBNKCAEcatca0720251024112532605576
    [P_MID] => CAEcatca07
    [P_AUTH_DT] => 20251024112628
    [P_STATUS] => 02
    [P_TYPE] => VBANK
    [P_OID] => 251024-002
    [P_FN_CD1] => 11
    [P_FN_CD2] => 
    [P_FN_NM] => NH농협은행
    [P_AMT] => 3000
    [P_UNAME] => 강다겸
    [P_RMESG1] => P_VACCT_NO=79014509535646|P_EXP_DT=20251103
    [P_RMESG2] => 
    [P_NOTI] => 
    [P_AUTH_NO] => 
)

 Array
(
    [PageCall time] => 11:56:06
    [P_TID] => INIMX_VBNKCAEcatca0720251024115258795761
    [P_MID] => CAEcatca07
    [P_AUTH_DT] => 20251024115606
    [P_STATUS] => 02
    [P_TYPE] => VBANK
    [P_OID] => 251024-008
    [P_FN_CD1] => 88
    [P_FN_CD2] => 
    [P_FN_NM] => 신한은행
    [P_AMT] => 3000
    [P_UNAME] => 김형준
    [P_RMESG1] => P_VACCT_NO=56211106174368|P_EXP_DT=20251103
    [P_RMESG2] => 
    [P_NOTI] => 
    [P_AUTH_NO] => 
)

 Array
(
    [PageCall time] => 11:58:31
    [P_TID] => INIMX_VBNKCAEcatca0720251024115557775799
    [P_MID] => CAEcatca07
    [P_AUTH_DT] => 20251024115831
    [P_STATUS] => 02
    [P_TYPE] => VBANK
    [P_OID] => 251024-006
    [P_FN_CD1] => 04
    [P_FN_CD2] => 
    [P_FN_NM] => KB국민은행
    [P_AMT] => 3000
    [P_UNAME] => 강성렬
    [P_RMESG1] => P_VACCT_NO=44289079418844|P_EXP_DT=20251103
    [P_RMESG2] => 
    [P_NOTI] => 
    [P_AUTH_NO] => 
)

 Array
(
    [PageCall time] => 12:03:46
    [P_TID] => INIMX_VBNKCAEcatca0720251024120037905414
    [P_MID] => CAEcatca07
    [P_AUTH_DT] => 20251024120346
    [P_STATUS] => 02
    [P_TYPE] => VBANK
    [P_OID] => 251024-007
    [P_FN_CD1] => 20
    [P_FN_CD2] => 
    [P_FN_NM] => 우리은행
    [P_AMT] => 3000
    [P_UNAME] => 소현주
    [P_RMESG1] => P_VACCT_NO=27760736118793|P_EXP_DT=20251103
    [P_RMESG2] => 
    [P_NOTI] => 
    [P_AUTH_NO] => 
)

 Array
(
    [PageCall time] => 12:12:17
    [P_TID] => INIMX_VBNKCAEcatca0720251024120951395792
    [P_MID] => CAEcatca07
    [P_AUTH_DT] => 20251024121217
    [P_STATUS] => 02
    [P_TYPE] => VBANK
    [P_OID] => 251022-038
    [P_FN_CD1] => 04
    [P_FN_CD2] => 
    [P_FN_NM] => KB국민은행
    [P_AMT] => 3000
    [P_UNAME] => 오승준
    [P_RMESG1] => P_VACCT_NO=44289079470271|P_EXP_DT=20251103
    [P_RMESG2] => 
    [P_NOTI] => 
    [P_AUTH_NO] => 
)

 Array
(
    [PageCall time] => 12:32:57
    [P_TID] => INIMX_VBNKCAEcatca0720251024122951325113
    [P_MID] => CAEcatca07
    [P_AUTH_DT] => 20251024123257
    [P_STATUS] => 02
    [P_TYPE] => VBANK
    [P_OID] => 251024-011
    [P_FN_CD1] => 04
    [P_FN_CD2] => 
    [P_FN_NM] => KB국민은행
    [P_AMT] => 3000
    [P_UNAME] => 김영애
    [P_RMESG1] => P_VACCT_NO=45299012075272|P_EXP_DT=20251103
    [P_RMESG2] => 
    [P_NOTI] => 
    [P_AUTH_NO] => 
)

 Array
(
    [PageCall time] => 13:03:34
    [P_TID] => INIMX_VBNKCAEcatca0720251024125817305718
    [P_MID] => CAEcatca07
    [P_AUTH_DT] => 20251024130334
    [P_STATUS] => 02
    [P_TYPE] => VBANK
    [P_OID] => 251024-013
    [P_FN_CD1] => 20
    [P_FN_CD2] => 
    [P_FN_NM] => 우리은행
    [P_AMT] => 3000
    [P_UNAME] => 김병수
    [P_RMESG1] => P_VACCT_NO=27760741718622|P_EXP_DT=20251103
    [P_RMESG2] => 
    [P_NOTI] => 
    [P_AUTH_NO] => 
)

 Array
(
    [PageCall time] => 13:15:09
    [P_TID] => INIMX_VBNKCAEcatca0720251024131022175545
    [P_MID] => CAEcatca07
    [P_AUTH_DT] => 20251024131509
    [P_STATUS] => 02
    [P_TYPE] => VBANK
    [P_OID] => 251023-033
    [P_FN_CD1] => 04
    [P_FN_CD2] => 
    [P_FN_NM] => KB국민은행
    [P_AMT] => 3000
    [P_UNAME] => 이승철
    [P_RMESG1] => P_VACCT_NO=96569078290922|P_EXP_DT=20251103
    [P_RMESG2] => 
    [P_NOTI] => 
    [P_AUTH_NO] => 
)

 Array
(
    [PageCall time] => 15:41:49
    [P_TID] => INIMX_VBNKCAEcatca0720251024153908865738
    [P_MID] => CAEcatca07
    [P_AUTH_DT] => 20251024154149
    [P_STATUS] => 02
    [P_TYPE] => VBANK
    [P_OID] => 251024-019
    [P_FN_CD1] => 88
    [P_FN_CD2] => 
    [P_FN_NM] => 신한은행
    [P_AMT] => 3000
    [P_UNAME] => 조유정
    [P_RMESG1] => P_VACCT_NO=56211104452600|P_EXP_DT=20251103
    [P_RMESG2] => 
    [P_NOTI] => 
    [P_AUTH_NO] => 
)

 Array
(
    [PageCall time] => 16:46:35
    [P_TID] => INIMX_VBNKCAEcatca0720251024164346805309
    [P_MID] => CAEcatca07
    [P_AUTH_DT] => 20251024164635
    [P_STATUS] => 02
    [P_TYPE] => VBANK
    [P_OID] => 251024-012
    [P_FN_CD1] => 04
    [P_FN_CD2] => 
    [P_FN_NM] => KB국민은행
    [P_AMT] => 3000
    [P_UNAME] => 박윤서
    [P_RMESG1] => P_VACCT_NO=96569078384447|P_EXP_DT=20251103
    [P_RMESG2] => 
    [P_NOTI] => 
    [P_AUTH_NO] => 
)

 Array
(
    [PageCall time] => 17:16:22
    [P_TID] => INIMX_VBNKCAEcatca0720251024171331735641
    [P_MID] => CAEcatca07
    [P_AUTH_DT] => 20251024171622
    [P_STATUS] => 02
    [P_TYPE] => VBANK
    [P_OID] => 251024-016
    [P_FN_CD1] => 88
    [P_FN_CD2] => 
    [P_FN_NM] => 신한은행
    [P_AMT] => 3000
    [P_UNAME] => 올림픽기념국민생활관
    [P_RMESG1] => P_VACCT_NO=56211104460091|P_EXP_DT=20251103
    [P_RMESG2] => 
    [P_NOTI] => 
    [P_AUTH_NO] => 
)

