 Array
(
    [PageCall time] => 07:09:41
    [P_TID] => INIMX_VBNKCAEcatca0720260106070710775270
    [P_MID] => CAEcatca07
    [P_AUTH_DT] => 20260106070941
    [P_STATUS] => 02
    [P_TYPE] => VBANK
    [P_OID] => 260106-002
    [P_FN_CD1] => 88
    [P_FN_CD2] => 
    [P_FN_NM] => 신한은행
    [P_AMT] => 3000
    [P_UNAME] => 이미경
    [P_RMESG1] => P_VACCT_NO=56211106467684|P_EXP_DT=20260116
    [P_RMESG2] => 
    [P_NOTI] => 
    [P_AUTH_NO] => 
)

 Array
(
    [PageCall time] => 09:35:45
    [P_TID] => INIMX_VBNKCAEcatca0720260106093258495630
    [P_MID] => CAEcatca07
    [P_AUTH_DT] => 20260106093545
    [P_STATUS] => 02
    [P_TYPE] => VBANK
    [P_OID] => 260106-004
    [P_FN_CD1] => 88
    [P_FN_CD2] => 
    [P_FN_NM] => 신한은행
    [P_AMT] => 3000
    [P_UNAME] => 이상혁
    [P_RMESG1] => P_VACCT_NO=56211104373827|P_EXP_DT=20260116
    [P_RMESG2] => 
    [P_NOTI] => 
    [P_AUTH_NO] => 
)

 Array
(
    [PageCall time] => 09:44:07
    [P_TID] => INIMX_VBNKCAEcatca0720260106094058545404
    [P_MID] => CAEcatca07
    [P_AUTH_DT] => 20260106094407
    [P_STATUS] => 02
    [P_TYPE] => VBANK
    [P_OID] => 260106-005
    [P_FN_CD1] => 31
    [P_FN_CD2] => 
    [P_FN_NM] => 아이엠뱅크(대구은행)
    [P_AMT] => 3000
    [P_UNAME] => 윤성식
    [P_RMESG1] => P_VACCT_NO=9600362602985|P_EXP_DT=20260116
    [P_RMESG2] => 
    [P_NOTI] => 
    [P_AUTH_NO] => 
)

 Array
(
    [PageCall time] => 09:59:03
    [P_TID] => INIMX_VBNKCAEcatca0720260106095551675924
    [P_MID] => CAEcatca07
    [P_AUTH_DT] => 20260106095903
    [P_STATUS] => 02
    [P_TYPE] => VBANK
    [P_OID] => 260106-006
    [P_FN_CD1] => 81
    [P_FN_CD2] => 
    [P_FN_NM] => 하나은행
    [P_AMT] => 3000
    [P_UNAME] => 김현성
    [P_RMESG1] => P_VACCT_NO=20893876026837|P_EXP_DT=20260116
    [P_RMESG2] => 
    [P_NOTI] => 
    [P_AUTH_NO] => 
)

 Array
(
    [PageCall time] => 10:53:45
    [P_TID] => INIMX_VBNKCAEcatca0720260106105101345441
    [P_MID] => CAEcatca07
    [P_AUTH_DT] => 20260106105345
    [P_STATUS] => 02
    [P_TYPE] => VBANK
    [P_OID] => 260106-009
    [P_FN_CD1] => 89
    [P_FN_CD2] => 
    [P_FN_NM] => 케이뱅크
    [P_AMT] => 3000
    [P_UNAME] => 윤선영
    [P_RMESG1] => P_VACCT_NO=70112003236089|P_EXP_DT=20260116
    [P_RMESG2] => 
    [P_NOTI] => 
    [P_AUTH_NO] => 
)

 Array
(
    [PageCall time] => 10:55:27
    [P_TID] => INIMX_VBNKCAEcatca0720260106105148685223
    [P_MID] => CAEcatca07
    [P_AUTH_DT] => 20260106105527
    [P_STATUS] => 02
    [P_TYPE] => VBANK
    [P_OID] => 260106-010
    [P_FN_CD1] => 32
    [P_FN_CD2] => 
    [P_FN_NM] => 부산은행
    [P_AMT] => 3000
    [P_UNAME] => 김희관
    [P_RMESG1] => P_VACCT_NO=109924499790|P_EXP_DT=20260116
    [P_RMESG2] => 
    [P_NOTI] => 
    [P_AUTH_NO] => 
)

 Array
(
    [PageCall time] => 11:08:12
    [P_TID] => INIMX_VBNKCAEcatca0720260106110520925067
    [P_MID] => CAEcatca07
    [P_AUTH_DT] => 20260106110812
    [P_STATUS] => 02
    [P_TYPE] => VBANK
    [P_OID] => 260106-011
    [P_FN_CD1] => 88
    [P_FN_CD2] => 
    [P_FN_NM] => 신한은행
    [P_AMT] => 3000
    [P_UNAME] => 김진황
    [P_RMESG1] => P_VACCT_NO=56211992461210|P_EXP_DT=20260116
    [P_RMESG2] => 
    [P_NOTI] => 
    [P_AUTH_NO] => 
)

 Array
(
    [PageCall time] => 11:42:45
    [P_TID] => INIMX_VBNKCAEcatca0720260106114001405961
    [P_MID] => CAEcatca07
    [P_AUTH_DT] => 20260106114245
    [P_STATUS] => 02
    [P_TYPE] => VBANK
    [P_OID] => 260106-013
    [P_FN_CD1] => 04
    [P_FN_CD2] => 
    [P_FN_NM] => KB국민은행
    [P_AMT] => 3000
    [P_UNAME] => 서희원
    [P_RMESG1] => P_VACCT_NO=60519014692570|P_EXP_DT=20260116
    [P_RMESG2] => 
    [P_NOTI] => 
    [P_AUTH_NO] => 
)

 Array
(
    [PageCall time] => 11:57:16
    [P_TID] => INIMX_VBNKCAEcatca0720260106115430635740
    [P_MID] => CAEcatca07
    [P_AUTH_DT] => 20260106115716
    [P_STATUS] => 02
    [P_TYPE] => VBANK
    [P_OID] => 260106-015
    [P_FN_CD1] => 20
    [P_FN_CD2] => 
    [P_FN_NM] => 우리은행
    [P_AMT] => 3000
    [P_UNAME] => 양성윤
    [P_RMESG1] => P_VACCT_NO=27489029918217|P_EXP_DT=20260116
    [P_RMESG2] => 
    [P_NOTI] => 
    [P_AUTH_NO] => 
)

 Array
(
    [PageCall time] => 12:09:28
    [P_TID] => INIMX_VBNKCAEcatca0720260106120644625427
    [P_MID] => CAEcatca07
    [P_AUTH_DT] => 20260106120928
    [P_STATUS] => 02
    [P_TYPE] => VBANK
    [P_OID] => 260106-016
    [P_FN_CD1] => 04
    [P_FN_CD2] => 
    [P_FN_NM] => KB국민은행
    [P_AMT] => 3000
    [P_UNAME] => 변민지
    [P_RMESG1] => P_VACCT_NO=60519014698150|P_EXP_DT=20260116
    [P_RMESG2] => 
    [P_NOTI] => 
    [P_AUTH_NO] => 
)

 Array
(
    [PageCall time] => 12:45:14
    [P_TID] => INIMX_VBNKCAEcatca0720260106124216985464
    [P_MID] => CAEcatca07
    [P_AUTH_DT] => 20260106124514
    [P_STATUS] => 02
    [P_TYPE] => VBANK
    [P_OID] => 260106-017
    [P_FN_CD1] => 04
    [P_FN_CD2] => 
    [P_FN_NM] => KB국민은행
    [P_AMT] => 3000
    [P_UNAME] => 한승재
    [P_RMESG1] => P_VACCT_NO=60519014705838|P_EXP_DT=20260116
    [P_RMESG2] => 
    [P_NOTI] => 
    [P_AUTH_NO] => 
)

 Array
(
    [PageCall time] => 13:32:33
    [P_TID] => INIMX_VBNKCAEcatca0720260106132906155306
    [P_MID] => CAEcatca07
    [P_AUTH_DT] => 20260106133232
    [P_STATUS] => 02
    [P_TYPE] => VBANK
    [P_OID] => 260106-018
    [P_FN_CD1] => 20
    [P_FN_CD2] => 
    [P_FN_NM] => 우리은행
    [P_AMT] => 3000
    [P_UNAME] => 백연주
    [P_RMESG1] => P_VACCT_NO=27489034718836|P_EXP_DT=20260116
    [P_RMESG2] => 
    [P_NOTI] => 
    [P_AUTH_NO] => 
)

 Array
(
    [PageCall time] => 13:36:09
    [P_TID] => INIMX_VBNKCAEcatca0720260106133338275715
    [P_MID] => CAEcatca07
    [P_AUTH_DT] => 20260106133609
    [P_STATUS] => 02
    [P_TYPE] => VBANK
    [P_OID] => 260106-019
    [P_FN_CD1] => 88
    [P_FN_CD2] => 
    [P_FN_NM] => 신한은행
    [P_AMT] => 3000
    [P_UNAME] => 최광호
    [P_RMESG1] => P_VACCT_NO=56211992500806|P_EXP_DT=20260116
    [P_RMESG2] => 
    [P_NOTI] => 
    [P_AUTH_NO] => 
)

 Array
(
    [PageCall time] => 14:02:11
    [P_TID] => INIMX_VBNKCAEcatca0720260106135834575838
    [P_MID] => CAEcatca07
    [P_AUTH_DT] => 20260106140210
    [P_STATUS] => 02
    [P_TYPE] => VBANK
    [P_OID] => 260106-021
    [P_FN_CD1] => 88
    [P_FN_CD2] => 
    [P_FN_NM] => 신한은행
    [P_AMT] => 3000
    [P_UNAME] => 오지숙
    [P_RMESG1] => P_VACCT_NO=56211992506427|P_EXP_DT=20260116
    [P_RMESG2] => 
    [P_NOTI] => 
    [P_AUTH_NO] => 
)

 Array
(
    [PageCall time] => 14:22:01
    [P_TID] => INIMX_VBNKCAEcatca0720260106141840445914
    [P_MID] => CAEcatca07
    [P_AUTH_DT] => 20260106142201
    [P_STATUS] => 02
    [P_TYPE] => VBANK
    [P_OID] => 260106-023
    [P_FN_CD1] => 81
    [P_FN_CD2] => 
    [P_FN_NM] => 하나은행
    [P_AMT] => 3000
    [P_UNAME] => 추주화
    [P_RMESG1] => P_VACCT_NO=20893878816337|P_EXP_DT=20260116
    [P_RMESG2] => 
    [P_NOTI] => 
    [P_AUTH_NO] => 
)

 Array
(
    [PageCall time] => 14:22:22
    [P_TID] => INIMX_VBNKCAEcatca0720260106141909785903
    [P_MID] => CAEcatca07
    [P_AUTH_DT] => 20260106142222
    [P_STATUS] => 02
    [P_TYPE] => VBANK
    [P_OID] => 260106-022
    [P_FN_CD1] => 03
    [P_FN_CD2] => 
    [P_FN_NM] => 기업은행
    [P_AMT] => 3000
    [P_UNAME] => 김재현
    [P_RMESG1] => P_VACCT_NO=07500342097613|P_EXP_DT=20260116
    [P_RMESG2] => 
    [P_NOTI] => 
    [P_AUTH_NO] => 
)

 Array
(
    [PageCall time] => 15:07:25
    [P_TID] => INIMX_VBNKCAEcatca0720260106150417545524
    [P_MID] => CAEcatca07
    [P_AUTH_DT] => 20260106150725
    [P_STATUS] => 02
    [P_TYPE] => VBANK
    [P_OID] => 260106-025
    [P_FN_CD1] => 04
    [P_FN_CD2] => 
    [P_FN_NM] => KB국민은행
    [P_AMT] => 3000
    [P_UNAME] => 조동일
    [P_RMESG1] => P_VACCT_NO=60519014753855|P_EXP_DT=20260116
    [P_RMESG2] => 
    [P_NOTI] => 
    [P_AUTH_NO] => 
)

 Array
(
    [PageCall time] => 15:23:20
    [P_TID] => INIMX_VBNKCAEcatca0720260106151734585777
    [P_MID] => CAEcatca07
    [P_AUTH_DT] => 20260106152320
    [P_STATUS] => 02
    [P_TYPE] => VBANK
    [P_OID] => 260106-026
    [P_FN_CD1] => 31
    [P_FN_CD2] => 
    [P_FN_NM] => 아이엠뱅크(대구은행)
    [P_AMT] => 3000
    [P_UNAME] => 박현숙
    [P_RMESG1] => P_VACCT_NO=9600362605085|P_EXP_DT=20260116
    [P_RMESG2] => 
    [P_NOTI] => 
    [P_AUTH_NO] => 
)

 Array
(
    [PageCall time] => 16:05:49
    [P_TID] => INIMX_VBNKCAEcatca0720260106160306575799
    [P_MID] => CAEcatca07
    [P_AUTH_DT] => 20260106160549
    [P_STATUS] => 02
    [P_TYPE] => VBANK
    [P_OID] => 260106-029
    [P_FN_CD1] => 31
    [P_FN_CD2] => 
    [P_FN_NM] => 아이엠뱅크(대구은행)
    [P_AMT] => 3000
    [P_UNAME] => 송예슬
    [P_RMESG1] => P_VACCT_NO=9600362605647|P_EXP_DT=20260116
    [P_RMESG2] => 
    [P_NOTI] => 
    [P_AUTH_NO] => 
)

 Array
(
    [PageCall time] => 16:14:20
    [P_TID] => INIMX_VBNKCAEcatca0720260106161147295160
    [P_MID] => CAEcatca07
    [P_AUTH_DT] => 20260106161419
    [P_STATUS] => 02
    [P_TYPE] => VBANK
    [P_OID] => 260106-030
    [P_FN_CD1] => 88
    [P_FN_CD2] => 
    [P_FN_NM] => 신한은행
    [P_AMT] => 3000
    [P_UNAME] => 김려원
    [P_RMESG1] => P_VACCT_NO=56211992537286|P_EXP_DT=20260116
    [P_RMESG2] => 
    [P_NOTI] => 
    [P_AUTH_NO] => 
)

 Array
(
    [PageCall time] => 16:41:49
    [P_TID] => INIMX_VBNKCAEcatca0720260106162407715560
    [P_MID] => CAEcatca07
    [P_AUTH_DT] => 20260106164149
    [P_STATUS] => 02
    [P_TYPE] => VBANK
    [P_OID] => 260105-024
    [P_FN_CD1] => 03
    [P_FN_CD2] => 
    [P_FN_NM] => 기업은행
    [P_AMT] => 3000
    [P_UNAME] => 우호정
    [P_RMESG1] => P_VACCT_NO=07500344297694|P_EXP_DT=20260116
    [P_RMESG2] => 
    [P_NOTI] => 
    [P_AUTH_NO] => 
)

 Array
(
    [PageCall time] => 16:49:07
    [P_TID] => INIMX_VBNKCAEcatca0720260106164849475459
    [P_MID] => CAEcatca07
    [P_AUTH_DT] => 20260106164907
    [P_STATUS] => 02
    [P_TYPE] => VBANK
    [P_OID] => 260106-033
    [P_FN_CD1] => 11
    [P_FN_CD2] => 
    [P_FN_NM] => NH농협은행
    [P_AMT] => 3000
    [P_UNAME] => 안서경
    [P_RMESG1] => P_VACCT_NO=79010589155901|P_EXP_DT=20260116
    [P_RMESG2] => 
    [P_NOTI] => 
    [P_AUTH_NO] => 
)

 Array
(
    [PageCall time] => 17:06:32
    [P_TID] => INIMX_VBNKCAEcatca0720260106170437955461
    [P_MID] => CAEcatca07
    [P_AUTH_DT] => 20260106170632
    [P_STATUS] => 02
    [P_TYPE] => VBANK
    [P_OID] => 260106-035
    [P_FN_CD1] => 11
    [P_FN_CD2] => 
    [P_FN_NM] => NH농협은행
    [P_AMT] => 3000
    [P_UNAME] => 윤형구
    [P_RMESG1] => P_VACCT_NO=79010589158603|P_EXP_DT=20260116
    [P_RMESG2] => 
    [P_NOTI] => 
    [P_AUTH_NO] => 
)

 Array
(
    [PageCall time] => 17:30:33
    [P_TID] => INIMX_VBNKCAEcatca0720260106172748455370
    [P_MID] => CAEcatca07
    [P_AUTH_DT] => 20260106173033
    [P_STATUS] => 02
    [P_TYPE] => VBANK
    [P_OID] => 260106-037
    [P_FN_CD1] => 88
    [P_FN_CD2] => 
    [P_FN_NM] => 신한은행
    [P_AMT] => 3000
    [P_UNAME] => 류동철
    [P_RMESG1] => P_VACCT_NO=56211992579118|P_EXP_DT=20260116
    [P_RMESG2] => 
    [P_NOTI] => 
    [P_AUTH_NO] => 
)

 Array
(
    [PageCall time] => 17:31:18
    [P_TID] => INIMX_VBNKCAEcatca0720260106172812225747
    [P_MID] => CAEcatca07
    [P_AUTH_DT] => 20260106173118
    [P_STATUS] => 02
    [P_TYPE] => VBANK
    [P_OID] => 260106-038
    [P_FN_CD1] => 20
    [P_FN_CD2] => 
    [P_FN_NM] => 우리은행
    [P_AMT] => 3000
    [P_UNAME] => 박선정
    [P_RMESG1] => P_VACCT_NO=27489054018734|P_EXP_DT=20260116
    [P_RMESG2] => 
    [P_NOTI] => 
    [P_AUTH_NO] => 
)

 Array
(
    [PageCall time] => 17:59:02
    [P_TID] => INIMX_VBNKCAEcatca0720260106175637675653
    [P_MID] => CAEcatca07
    [P_AUTH_DT] => 20260106175902
    [P_STATUS] => 02
    [P_TYPE] => VBANK
    [P_OID] => 260106-027
    [P_FN_CD1] => 04
    [P_FN_CD2] => 
    [P_FN_NM] => KB국민은행
    [P_AMT] => 3000
    [P_UNAME] => 김수아
    [P_RMESG1] => P_VACCT_NO=60519014790140|P_EXP_DT=20260116
    [P_RMESG2] => 
    [P_NOTI] => 
    [P_AUTH_NO] => 
)

 Array
(
    [PageCall time] => 23:28:26
    [P_TID] => INIMX_VBNKCAEcatca0720260106232422995154
    [P_MID] => CAEcatca07
    [P_AUTH_DT] => 20260106232826
    [P_STATUS] => 02
    [P_TYPE] => VBANK
    [P_OID] => 260106-040
    [P_FN_CD1] => 88
    [P_FN_CD2] => 
    [P_FN_NM] => 신한은행
    [P_AMT] => 3000
    [P_UNAME] => 박우종
    [P_RMESG1] => P_VACCT_NO=56211992647322|P_EXP_DT=20260116
    [P_RMESG2] => 
    [P_NOTI] => 
    [P_AUTH_NO] => 
)

