 Array
(
    [PageCall time] => 10:22:04
    [P_TID] => INIMX_VBNKCAEcatca0720260303101914805575
    [P_MID] => CAEcatca07
    [P_AUTH_DT] => 20260303102204
    [P_STATUS] => 02
    [P_TYPE] => VBANK
    [P_OID] => 260303-001
    [P_FN_CD1] => 88
    [P_FN_CD2] => 
    [P_FN_NM] => 신한은행
    [P_AMT] => 3500
    [P_UNAME] => 박상훈
    [P_RMESG1] => P_VACCT_NO=56211104602675|P_EXP_DT=20260313
    [P_RMESG2] => 
    [P_NOTI] => 
    [P_AUTH_NO] => 
)

 Array
(
    [PageCall time] => 10:23:13
    [P_TID] => INIMX_VBNKCAEcatca0720260303102030965463
    [P_MID] => CAEcatca07
    [P_AUTH_DT] => 20260303102313
    [P_STATUS] => 02
    [P_TYPE] => VBANK
    [P_OID] => 260303-002
    [P_FN_CD1] => 03
    [P_FN_CD2] => 
    [P_FN_NM] => 기업은행
    [P_AMT] => 3500
    [P_UNAME] => 강은경
    [P_RMESG1] => P_VACCT_NO=07503238297020|P_EXP_DT=20260313
    [P_RMESG2] => 
    [P_NOTI] => 
    [P_AUTH_NO] => 
)

 Array
(
    [PageCall time] => 10:24:55
    [P_TID] => INIMX_VBNKCAEcatca0720260303102209415313
    [P_MID] => CAEcatca07
    [P_AUTH_DT] => 20260303102455
    [P_STATUS] => 02
    [P_TYPE] => VBANK
    [P_OID] => 260303-003
    [P_FN_CD1] => 88
    [P_FN_CD2] => 
    [P_FN_NM] => 신한은행
    [P_AMT] => 3500
    [P_UNAME] => 이지승
    [P_RMESG1] => P_VACCT_NO=56211104602834|P_EXP_DT=20260313
    [P_RMESG2] => 
    [P_NOTI] => 
    [P_AUTH_NO] => 
)

 Array
(
    [PageCall time] => 11:06:50
    [P_TID] => INIMX_VBNKCAEcatca0720260303110518725657
    [P_MID] => CAEcatca07
    [P_AUTH_DT] => 20260303110650
    [P_STATUS] => 02
    [P_TYPE] => VBANK
    [P_OID] => 260303-005
    [P_FN_CD1] => 11
    [P_FN_CD2] => 
    [P_FN_NM] => NH농협은행
    [P_AMT] => 3500
    [P_UNAME] => 신우섭
    [P_RMESG1] => P_VACCT_NO=79014290419116|P_EXP_DT=20260313
    [P_RMESG2] => 
    [P_NOTI] => 
    [P_AUTH_NO] => 
)

 Array
(
    [PageCall time] => 11:46:27
    [P_TID] => INIMX_VBNKCAEcatca0720260303114338245196
    [P_MID] => CAEcatca07
    [P_AUTH_DT] => 20260303114627
    [P_STATUS] => 02
    [P_TYPE] => VBANK
    [P_OID] => 260303-008
    [P_FN_CD1] => 11
    [P_FN_CD2] => 
    [P_FN_NM] => NH농협은행
    [P_AMT] => 3500
    [P_UNAME] => 황윤주
    [P_RMESG1] => P_VACCT_NO=79014290425785|P_EXP_DT=20260313
    [P_RMESG2] => 
    [P_NOTI] => 
    [P_AUTH_NO] => 
)

 Array
(
    [PageCall time] => 11:47:19
    [P_TID] => INIMX_VBNKCAEcatca0720260303114442665744
    [P_MID] => CAEcatca07
    [P_AUTH_DT] => 20260303114719
    [P_STATUS] => 02
    [P_TYPE] => VBANK
    [P_OID] => 260303-009
    [P_FN_CD1] => 88
    [P_FN_CD2] => 
    [P_FN_NM] => 신한은행
    [P_AMT] => 3500
    [P_UNAME] => 오창준
    [P_RMESG1] => P_VACCT_NO=56211104613194|P_EXP_DT=20260313
    [P_RMESG2] => 
    [P_NOTI] => 
    [P_AUTH_NO] => 
)

 Array
(
    [PageCall time] => 12:02:57
    [P_TID] => INIMX_VBNKCAEcatca0720260303120009405022
    [P_MID] => CAEcatca07
    [P_AUTH_DT] => 20260303120257
    [P_STATUS] => 02
    [P_TYPE] => VBANK
    [P_OID] => 260303-010
    [P_FN_CD1] => 88
    [P_FN_CD2] => 
    [P_FN_NM] => 신한은행
    [P_AMT] => 3500
    [P_UNAME] => 신동현
    [P_RMESG1] => P_VACCT_NO=56211104614619|P_EXP_DT=20260313
    [P_RMESG2] => 
    [P_NOTI] => 
    [P_AUTH_NO] => 
)

 Array
(
    [PageCall time] => 12:31:10
    [P_TID] => INIMX_VBNKCAEcatca0720260303122839855193
    [P_MID] => CAEcatca07
    [P_AUTH_DT] => 20260303123110
    [P_STATUS] => 02
    [P_TYPE] => VBANK
    [P_OID] => 260303-011
    [P_FN_CD1] => 89
    [P_FN_CD2] => 
    [P_FN_NM] => 케이뱅크
    [P_AMT] => 3500
    [P_UNAME] => 이해연
    [P_RMESG1] => P_VACCT_NO=70112003653272|P_EXP_DT=20260313
    [P_RMESG2] => 
    [P_NOTI] => 
    [P_AUTH_NO] => 
)

 Array
(
    [PageCall time] => 12:38:20
    [P_TID] => INIMX_VBNKCAEcatca0720260303123511945001
    [P_MID] => CAEcatca07
    [P_AUTH_DT] => 20260303123820
    [P_STATUS] => 02
    [P_TYPE] => VBANK
    [P_OID] => 260303-012
    [P_FN_CD1] => 04
    [P_FN_CD2] => 
    [P_FN_NM] => KB국민은행
    [P_AMT] => 3500
    [P_UNAME] => 장민기
    [P_RMESG1] => P_VACCT_NO=70239014597251|P_EXP_DT=20260313
    [P_RMESG2] => 
    [P_NOTI] => 
    [P_AUTH_NO] => 
)

 Array
(
    [PageCall time] => 12:52:19
    [P_TID] => INIMX_VBNKCAEcatca0720260303124606625893
    [P_MID] => CAEcatca07
    [P_AUTH_DT] => 20260303125219
    [P_STATUS] => 02
    [P_TYPE] => VBANK
    [P_OID] => 260303-013
    [P_FN_CD1] => 31
    [P_FN_CD2] => 
    [P_FN_NM] => 아이엠뱅크(대구은행)
    [P_AMT] => 3500
    [P_UNAME] => 정해교
    [P_RMESG1] => P_VACCT_NO=9600362817303|P_EXP_DT=20260313
    [P_RMESG2] => 
    [P_NOTI] => 
    [P_AUTH_NO] => 
)

 Array
(
    [PageCall time] => 13:57:24
    [P_TID] => INIMX_VBNKCAEcatca0720260303135635565332
    [P_MID] => CAEcatca07
    [P_AUTH_DT] => 20260303135724
    [P_STATUS] => 02
    [P_TYPE] => VBANK
    [P_OID] => 260303-020
    [P_FN_CD1] => 11
    [P_FN_CD2] => 
    [P_FN_NM] => NH농협은행
    [P_AMT] => 3500
    [P_UNAME] => 정지복
    [P_RMESG1] => P_VACCT_NO=79014290445103|P_EXP_DT=20260313
    [P_RMESG2] => 
    [P_NOTI] => 
    [P_AUTH_NO] => 
)

 Array
(
    [PageCall time] => 14:04:19
    [P_TID] => INIMX_VBNKCAEcatca0720260303140047345214
    [P_MID] => CAEcatca07
    [P_AUTH_DT] => 20260303140418
    [P_STATUS] => 02
    [P_TYPE] => VBANK
    [P_OID] => 260303-021
    [P_FN_CD1] => 88
    [P_FN_CD2] => 
    [P_FN_NM] => 신한은행
    [P_AMT] => 3500
    [P_UNAME] => 김남희
    [P_RMESG1] => P_VACCT_NO=56211104625388|P_EXP_DT=20260313
    [P_RMESG2] => 
    [P_NOTI] => 
    [P_AUTH_NO] => 
)

 Array
(
    [PageCall time] => 14:22:29
    [P_TID] => INIMX_VBNKCAEcatca0720260303141422715048
    [P_MID] => CAEcatca07
    [P_AUTH_DT] => 20260303142229
    [P_STATUS] => 02
    [P_TYPE] => VBANK
    [P_OID] => 260303-018
    [P_FN_CD1] => 04
    [P_FN_CD2] => 
    [P_FN_NM] => KB국민은행
    [P_AMT] => 3500
    [P_UNAME] => 최서윤
    [P_RMESG1] => P_VACCT_NO=70239014623532|P_EXP_DT=20260313
    [P_RMESG2] => 
    [P_NOTI] => 
    [P_AUTH_NO] => 
)

 Array
(
    [PageCall time] => 14:36:36
    [P_TID] => INIMX_VBNKCAEcatca0720260303143355405895
    [P_MID] => CAEcatca07
    [P_AUTH_DT] => 20260303143636
    [P_STATUS] => 02
    [P_TYPE] => VBANK
    [P_OID] => 260303-023
    [P_FN_CD1] => 04
    [P_FN_CD2] => 
    [P_FN_NM] => KB국민은행
    [P_AMT] => 3500
    [P_UNAME] => 이재학
    [P_RMESG1] => P_VACCT_NO=70239014631713|P_EXP_DT=20260313
    [P_RMESG2] => 
    [P_NOTI] => 
    [P_AUTH_NO] => 
)

 Array
(
    [PageCall time] => 14:39:49
    [P_TID] => INIMX_VBNKCAEcatca0720260303143649275732
    [P_MID] => CAEcatca07
    [P_AUTH_DT] => 20260303143949
    [P_STATUS] => 02
    [P_TYPE] => VBANK
    [P_OID] => 260303-024
    [P_FN_CD1] => 03
    [P_FN_CD2] => 
    [P_FN_NM] => 기업은행
    [P_AMT] => 3500
    [P_UNAME] => 이인환
    [P_RMESG1] => P_VACCT_NO=07503240797241|P_EXP_DT=20260313
    [P_RMESG2] => 
    [P_NOTI] => 
    [P_AUTH_NO] => 
)

 Array
(
    [PageCall time] => 15:16:51
    [P_TID] => INIMX_VBNKCAEcatca0720260303151339185912
    [P_MID] => CAEcatca07
    [P_AUTH_DT] => 20260303151651
    [P_STATUS] => 02
    [P_TYPE] => VBANK
    [P_OID] => 260303-025
    [P_FN_CD1] => 04
    [P_FN_CD2] => 
    [P_FN_NM] => KB국민은행
    [P_AMT] => 3500
    [P_UNAME] => 남궁예찬
    [P_RMESG1] => P_VACCT_NO=70239014641125|P_EXP_DT=20260313
    [P_RMESG2] => 
    [P_NOTI] => 
    [P_AUTH_NO] => 
)

 Array
(
    [PageCall time] => 15:32:29
    [P_TID] => INIMX_VBNKCAEcatca0720260303153002105722
    [P_MID] => CAEcatca07
    [P_AUTH_DT] => 20260303153229
    [P_STATUS] => 02
    [P_TYPE] => VBANK
    [P_OID] => 260303-026
    [P_FN_CD1] => 81
    [P_FN_CD2] => 
    [P_FN_NM] => 하나은행
    [P_AMT] => 3500
    [P_UNAME] => 이시현
    [P_RMESG1] => P_VACCT_NO=20894234919137|P_EXP_DT=20260313
    [P_RMESG2] => 
    [P_NOTI] => 
    [P_AUTH_NO] => 
)

 Array
(
    [PageCall time] => 15:40:23
    [P_TID] => INIMX_VBNKCAEcatca0720260303153655785471
    [P_MID] => CAEcatca07
    [P_AUTH_DT] => 20260303154023
    [P_STATUS] => 02
    [P_TYPE] => VBANK
    [P_OID] => 260303-028
    [P_FN_CD1] => 89
    [P_FN_CD2] => 
    [P_FN_NM] => 케이뱅크
    [P_AMT] => 3500
    [P_UNAME] => 김현래
    [P_RMESG1] => P_VACCT_NO=70112003655890|P_EXP_DT=20260313
    [P_RMESG2] => 
    [P_NOTI] => 
    [P_AUTH_NO] => 
)

 Array
(
    [PageCall time] => 16:28:51
    [P_TID] => INIMX_VBNKCAEcatca0720260303162608615723
    [P_MID] => CAEcatca07
    [P_AUTH_DT] => 20260303162851
    [P_STATUS] => 02
    [P_TYPE] => VBANK
    [P_OID] => 260303-030
    [P_FN_CD1] => 81
    [P_FN_CD2] => 
    [P_FN_NM] => 하나은행
    [P_AMT] => 3500
    [P_UNAME] => 이정훈
    [P_RMESG1] => P_VACCT_NO=20894238645837|P_EXP_DT=20260313
    [P_RMESG2] => 
    [P_NOTI] => 
    [P_AUTH_NO] => 
)

 Array
(
    [PageCall time] => 16:38:33
    [P_TID] => INIMX_VBNKCAEcatca0720260303163703745634
    [P_MID] => CAEcatca07
    [P_AUTH_DT] => 20260303163833
    [P_STATUS] => 02
    [P_TYPE] => VBANK
    [P_OID] => 260303-032
    [P_FN_CD1] => 11
    [P_FN_CD2] => 
    [P_FN_NM] => NH농협은행
    [P_AMT] => 3500
    [P_UNAME] => 김광정
    [P_RMESG1] => P_VACCT_NO=79014290475508|P_EXP_DT=20260313
    [P_RMESG2] => 
    [P_NOTI] => 
    [P_AUTH_NO] => 
)

 Array
(
    [PageCall time] => 16:44:47
    [P_TID] => INIMX_VBNKCAEcatca0720260303164126575872
    [P_MID] => CAEcatca07
    [P_AUTH_DT] => 20260303164447
    [P_STATUS] => 02
    [P_TYPE] => VBANK
    [P_OID] => 260303-033
    [P_FN_CD1] => 20
    [P_FN_CD2] => 
    [P_FN_NM] => 우리은행
    [P_AMT] => 3500
    [P_UNAME] => 김지수
    [P_RMESG1] => P_VACCT_NO=27491452318291|P_EXP_DT=20260313
    [P_RMESG2] => 
    [P_NOTI] => 
    [P_AUTH_NO] => 
)

 Array
(
    [PageCall time] => 16:51:16
    [P_TID] => INIMX_VBNKCAEcatca0720260303164805425647
    [P_MID] => CAEcatca07
    [P_AUTH_DT] => 20260303165116
    [P_STATUS] => 02
    [P_TYPE] => VBANK
    [P_OID] => 260303-031
    [P_FN_CD1] => 03
    [P_FN_CD2] => 
    [P_FN_NM] => 기업은행
    [P_AMT] => 3500
    [P_UNAME] => 조상근
    [P_RMESG1] => P_VACCT_NO=07503242197131|P_EXP_DT=20260313
    [P_RMESG2] => 
    [P_NOTI] => 
    [P_AUTH_NO] => 
)

 Array
(
    [PageCall time] => 17:45:32
    [P_TID] => INIMX_VBNKCAEcatca0720260303174242505858
    [P_MID] => CAEcatca07
    [P_AUTH_DT] => 20260303174532
    [P_STATUS] => 02
    [P_TYPE] => VBANK
    [P_OID] => 260303-037
    [P_FN_CD1] => 04
    [P_FN_CD2] => 
    [P_FN_NM] => KB국민은행
    [P_AMT] => 3500
    [P_UNAME] => 송소연
    [P_RMESG1] => P_VACCT_NO=70239014685406|P_EXP_DT=20260313
    [P_RMESG2] => 
    [P_NOTI] => 
    [P_AUTH_NO] => 
)

 Array
(
    [PageCall time] => 18:01:33
    [P_TID] => INIMX_VBNKCAEcatca0720260303180001205262
    [P_MID] => CAEcatca07
    [P_AUTH_DT] => 20260303180133
    [P_STATUS] => 02
    [P_TYPE] => VBANK
    [P_OID] => 260303-038
    [P_FN_CD1] => 11
    [P_FN_CD2] => 
    [P_FN_NM] => NH농협은행
    [P_AMT] => 3500
    [P_UNAME] => 유재봉
    [P_RMESG1] => P_VACCT_NO=79014290487500|P_EXP_DT=20260313
    [P_RMESG2] => 
    [P_NOTI] => 
    [P_AUTH_NO] => 
)

 Array
(
    [PageCall time] => 18:17:37
    [P_TID] => INIMX_VBNKCAEcatca0720260303181508445438
    [P_MID] => CAEcatca07
    [P_AUTH_DT] => 20260303181737
    [P_STATUS] => 02
    [P_TYPE] => VBANK
    [P_OID] => 260303-039
    [P_FN_CD1] => 89
    [P_FN_CD2] => 
    [P_FN_NM] => 케이뱅크
    [P_AMT] => 3500
    [P_UNAME] => 박근옥
    [P_RMESG1] => P_VACCT_NO=70112003658245|P_EXP_DT=20260313
    [P_RMESG2] => 
    [P_NOTI] => 
    [P_AUTH_NO] => 
)

 Array
(
    [PageCall time] => 19:31:39
    [P_TID] => INIMX_VBNKCAEcatca0720260303192856195019
    [P_MID] => CAEcatca07
    [P_AUTH_DT] => 20260303193139
    [P_STATUS] => 02
    [P_TYPE] => VBANK
    [P_OID] => 260303-041
    [P_FN_CD1] => 04
    [P_FN_CD2] => 
    [P_FN_NM] => KB국민은행
    [P_AMT] => 3500
    [P_UNAME] => 이은숙
    [P_RMESG1] => P_VACCT_NO=70239014702707|P_EXP_DT=20260313
    [P_RMESG2] => 
    [P_NOTI] => 
    [P_AUTH_NO] => 
)

 Array
(
    [PageCall time] => 21:17:00
    [P_TID] => INIMX_VBNKCAEcatca0720260303211407255018
    [P_MID] => CAEcatca07
    [P_AUTH_DT] => 20260303211700
    [P_STATUS] => 02
    [P_TYPE] => VBANK
    [P_OID] => 260303-042
    [P_FN_CD1] => 88
    [P_FN_CD2] => 
    [P_FN_NM] => 신한은행
    [P_AMT] => 3500
    [P_UNAME] => 김인자
    [P_RMESG1] => P_VACCT_NO=56211104661868|P_EXP_DT=20260313
    [P_RMESG2] => 
    [P_NOTI] => 
    [P_AUTH_NO] => 
)

 Array
(
    [PageCall time] => 23:31:19
    [P_TID] => INIMX_VBNKCAEcatca0720260303232840245005
    [P_MID] => CAEcatca07
    [P_AUTH_DT] => 20260303233119
    [P_STATUS] => 02
    [P_TYPE] => VBANK
    [P_OID] => 260303-044
    [P_FN_CD1] => 32
    [P_FN_CD2] => 
    [P_FN_NM] => 부산은행
    [P_AMT] => 3500
    [P_UNAME] => 박지민
    [P_RMESG1] => P_VACCT_NO=109924720669|P_EXP_DT=20260313
    [P_RMESG2] => 
    [P_NOTI] => 
    [P_AUTH_NO] => 
)

