 Array
(
    [PageCall time] => 08:47:39
    [P_TID] => INIMX_VBNKCAEcatca0720251212084432905743
    [P_MID] => CAEcatca07
    [P_AUTH_DT] => 20251212084739
    [P_STATUS] => 02
    [P_TYPE] => VBANK
    [P_OID] => 251212-003
    [P_FN_CD1] => 03
    [P_FN_CD2] => 
    [P_FN_NM] => 기업은행
    [P_AMT] => 3000
    [P_UNAME] => 이종원
    [P_RMESG1] => P_VACCT_NO=07503164497945|P_EXP_DT=20251222
    [P_RMESG2] => 
    [P_NOTI] => 
    [P_AUTH_NO] => 
)

 Array
(
    [PageCall time] => 09:19:39
    [P_TID] => INIMX_VBNKCAEcatca0720251212091736455410
    [P_MID] => CAEcatca07
    [P_AUTH_DT] => 20251212091939
    [P_STATUS] => 02
    [P_TYPE] => VBANK
    [P_OID] => 251211-007
    [P_FN_CD1] => 11
    [P_FN_CD2] => 
    [P_FN_NM] => NH농협은행
    [P_AMT] => 3000
    [P_UNAME] => 김선연
    [P_RMESG1] => P_VACCT_NO=01444564163006|P_EXP_DT=20251222
    [P_RMESG2] => 
    [P_NOTI] => 
    [P_AUTH_NO] => 
)

 Array
(
    [PageCall time] => 09:26:38
    [P_TID] => INIMX_VBNKCAEcatca0720251212092259725814
    [P_MID] => CAEcatca07
    [P_AUTH_DT] => 20251212092638
    [P_STATUS] => 02
    [P_TYPE] => VBANK
    [P_OID] => 251212-004
    [P_FN_CD1] => 04
    [P_FN_CD2] => 
    [P_FN_NM] => KB국민은행
    [P_AMT] => 3000
    [P_UNAME] => 김주희
    [P_RMESG1] => P_VACCT_NO=41079011757203|P_EXP_DT=20251222
    [P_RMESG2] => 
    [P_NOTI] => 
    [P_AUTH_NO] => 
)

 Array
(
    [PageCall time] => 11:05:55
    [P_TID] => INIMX_VBNKCAEcatca0720251212110319645988
    [P_MID] => CAEcatca07
    [P_AUTH_DT] => 20251212110555
    [P_STATUS] => 02
    [P_TYPE] => VBANK
    [P_OID] => 251212-005
    [P_FN_CD1] => 88
    [P_FN_CD2] => 
    [P_FN_NM] => 신한은행
    [P_AMT] => 3000
    [P_UNAME] => 이경선
    [P_RMESG1] => P_VACCT_NO=56211105119400|P_EXP_DT=20251222
    [P_RMESG2] => 
    [P_NOTI] => 
    [P_AUTH_NO] => 
)

 Array
(
    [PageCall time] => 13:40:07
    [P_TID] => INIMX_VBNKCAEcatca0720251211162023385516
    [P_MID] => CAEcatca07
    [P_AUTH_DT] => 20251212134007
    [P_STATUS] => 02
    [P_TYPE] => VBANK
    [P_OID] => 251211-023
    [P_FN_CD1] => 81
    [P_FN_CD2] => 
    [P_FN_NM] => 하나은행
    [P_AMT] => 3000
    [P_UNAME] => 김규리
    [P_RMESG1] => P_VACCT_NO=20894315986337|P_EXP_DT=20251221
    [P_RMESG2] => 
    [P_NOTI] => 
    [P_AUTH_NO] => 
)

 Array
(
    [PageCall time] => 13:40:38
    [P_TID] => INIMX_VBNKCAEcatca0720251212133701525853
    [P_MID] => CAEcatca07
    [P_AUTH_DT] => 20251212134038
    [P_STATUS] => 02
    [P_TYPE] => VBANK
    [P_OID] => 251212-001
    [P_FN_CD1] => 20
    [P_FN_CD2] => 
    [P_FN_NM] => 우리은행
    [P_AMT] => 3000
    [P_UNAME] => 신동하
    [P_RMESG1] => P_VACCT_NO=27388878018220|P_EXP_DT=20251222
    [P_RMESG2] => 
    [P_NOTI] => 
    [P_AUTH_NO] => 
)

 Array
(
    [PageCall time] => 14:49:49
    [P_TID] => INIMX_VBNKCAEcatca0720251212144429974095
    [P_MID] => CAEcatca07
    [P_AUTH_DT] => 20251212144948
    [P_STATUS] => 02
    [P_TYPE] => VBANK
    [P_OID] => 251212-009
    [P_FN_CD1] => 81
    [P_FN_CD2] => 
    [P_FN_NM] => 하나은행
    [P_AMT] => 3000
    [P_UNAME] => 남신애
    [P_RMESG1] => P_VACCT_NO=20894193038437|P_EXP_DT=20251222
    [P_RMESG2] => 
    [P_NOTI] => 
    [P_AUTH_NO] => 
)

 Array
(
    [PageCall time] => 14:55:29
    [P_TID] => INIMX_VBNKCAEcatca0720251212145205754795
    [P_MID] => CAEcatca07
    [P_AUTH_DT] => 20251212145529
    [P_STATUS] => 02
    [P_TYPE] => VBANK
    [P_OID] => 251212-011
    [P_FN_CD1] => 34
    [P_FN_CD2] => 
    [P_FN_NM] => 광주은행
    [P_AMT] => 3000
    [P_UNAME] => 곽병화
    [P_RMESG1] => P_VACCT_NO=810865572817|P_EXP_DT=20251222
    [P_RMESG2] => 
    [P_NOTI] => 
    [P_AUTH_NO] => 
)

 Array
(
    [PageCall time] => 15:32:04
    [P_TID] => INIMX_VBNKCAEcatca0720251212152900164468
    [P_MID] => CAEcatca07
    [P_AUTH_DT] => 20251212153204
    [P_STATUS] => 02
    [P_TYPE] => VBANK
    [P_OID] => 251212-012
    [P_FN_CD1] => 31
    [P_FN_CD2] => 
    [P_FN_NM] => 아이엠뱅크(대구은행)
    [P_AMT] => 3000
    [P_UNAME] => 김채경
    [P_RMESG1] => P_VACCT_NO=9600347957767|P_EXP_DT=20251222
    [P_RMESG2] => 
    [P_NOTI] => 
    [P_AUTH_NO] => 
)

 Array
(
    [PageCall time] => 15:49:56
    [P_TID] => INIMX_VBNKCAEcatca0720251212154718185307
    [P_MID] => CAEcatca07
    [P_AUTH_DT] => 20251212154956
    [P_STATUS] => 02
    [P_TYPE] => VBANK
    [P_OID] => 251212-013
    [P_FN_CD1] => 89
    [P_FN_CD2] => 
    [P_FN_NM] => 케이뱅크
    [P_AMT] => 3000
    [P_UNAME] => 이인영
    [P_RMESG1] => P_VACCT_NO=70112004059991|P_EXP_DT=20251222
    [P_RMESG2] => 
    [P_NOTI] => 
    [P_AUTH_NO] => 
)

 Array
(
    [PageCall time] => 17:35:49
    [P_TID] => INIMX_VBNKCAEcatca0720251212173234745035
    [P_MID] => CAEcatca07
    [P_AUTH_DT] => 20251212173548
    [P_STATUS] => 02
    [P_TYPE] => VBANK
    [P_OID] => 251212-016
    [P_FN_CD1] => 20
    [P_FN_CD2] => 
    [P_FN_NM] => 우리은행
    [P_AMT] => 3000
    [P_UNAME] => 양창호
    [P_RMESG1] => P_VACCT_NO=27388892718662|P_EXP_DT=20251222
    [P_RMESG2] => 
    [P_NOTI] => 
    [P_AUTH_NO] => 
)

 Array
(
    [PageCall time] => 18:54:19
    [P_TID] => INIMX_VBNKCAEcatca0720251212185152245329
    [P_MID] => CAEcatca07
    [P_AUTH_DT] => 20251212185419
    [P_STATUS] => 02
    [P_TYPE] => VBANK
    [P_OID] => 251212-018
    [P_FN_CD1] => 88
    [P_FN_CD2] => 
    [P_FN_NM] => 신한은행
    [P_AMT] => 3000
    [P_UNAME] => 송상은
    [P_RMESG1] => P_VACCT_NO=56211990901335|P_EXP_DT=20251222
    [P_RMESG2] => 
    [P_NOTI] => 
    [P_AUTH_NO] => 
)

 Array
(
    [PageCall time] => 20:49:41
    [P_TID] => INIMX_VBNKCAEcatca0720251212204508255402
    [P_MID] => CAEcatca07
    [P_AUTH_DT] => 20251212204941
    [P_STATUS] => 02
    [P_TYPE] => VBANK
    [P_OID] => 251212-019
    [P_FN_CD1] => 04
    [P_FN_CD2] => 
    [P_FN_NM] => KB국민은행
    [P_AMT] => 3000
    [P_UNAME] => 방필혁
    [P_RMESG1] => P_VACCT_NO=52499014373783|P_EXP_DT=20251222
    [P_RMESG2] => 
    [P_NOTI] => 
    [P_AUTH_NO] => 
)

 Array
(
    [PageCall time] => 21:06:54
    [P_TID] => INIMX_VBNKCAEcatca0720251212210418405949
    [P_MID] => CAEcatca07
    [P_AUTH_DT] => 20251212210654
    [P_STATUS] => 02
    [P_TYPE] => VBANK
    [P_OID] => 251212-020
    [P_FN_CD1] => 89
    [P_FN_CD2] => 
    [P_FN_NM] => 케이뱅크
    [P_AMT] => 3000
    [P_UNAME] => 허현자
    [P_RMESG1] => P_VACCT_NO=70112004063178|P_EXP_DT=20251222
    [P_RMESG2] => 
    [P_NOTI] => 
    [P_AUTH_NO] => 
)

 Array
(
    [PageCall time] => 22:12:26
    [P_TID] => INIMX_VBNKCAEcatca0720251212220919855459
    [P_MID] => CAEcatca07
    [P_AUTH_DT] => 20251212221226
    [P_STATUS] => 02
    [P_TYPE] => VBANK
    [P_OID] => 251212-022
    [P_FN_CD1] => 88
    [P_FN_CD2] => 
    [P_FN_NM] => 신한은행
    [P_AMT] => 3000
    [P_UNAME] => 황인석
    [P_RMESG1] => P_VACCT_NO=56211990912830|P_EXP_DT=20251222
    [P_RMESG2] => 
    [P_NOTI] => 
    [P_AUTH_NO] => 
)

 Array
(
    [PageCall time] => 22:42:29
    [P_TID] => INIMX_VBNKCAEcatca0720251212223950835752
    [P_MID] => CAEcatca07
    [P_AUTH_DT] => 20251212224229
    [P_STATUS] => 02
    [P_TYPE] => VBANK
    [P_OID] => 251212-023
    [P_FN_CD1] => 04
    [P_FN_CD2] => 
    [P_FN_NM] => KB국민은행
    [P_AMT] => 3000
    [P_UNAME] => 장동건
    [P_RMESG1] => P_VACCT_NO=52499014384783|P_EXP_DT=20251222
    [P_RMESG2] => 
    [P_NOTI] => 
    [P_AUTH_NO] => 
)

