 Array
(
    [PageCall time] => 00:02:36
    [P_TID] => INIMX_VBNKCAEcatca0720260227235804145652
    [P_MID] => CAEcatca07
    [P_AUTH_DT] => 20260228000236
    [P_STATUS] => 02
    [P_TYPE] => VBANK
    [P_OID] => 260227-036
    [P_FN_CD1] => 04
    [P_FN_CD2] => 
    [P_FN_NM] => KB국민은행
    [P_AMT] => 3500
    [P_UNAME] => 윤소영
    [P_RMESG1] => P_VACCT_NO=70239014272349|P_EXP_DT=20260309
    [P_RMESG2] => 
    [P_NOTI] => 
    [P_AUTH_NO] => 
)

 Array
(
    [PageCall time] => 09:31:56
    [P_TID] => INIMX_VBNKCAEcatca0720260228090515205783
    [P_MID] => CAEcatca07
    [P_AUTH_DT] => 20260228093156
    [P_STATUS] => 02
    [P_TYPE] => VBANK
    [P_OID] => 260228-001
    [P_FN_CD1] => 11
    [P_FN_CD2] => 
    [P_FN_NM] => NH농협은행
    [P_AMT] => 3500
    [P_UNAME] => 안재관
    [P_RMESG1] => P_VACCT_NO=79014290135515|P_EXP_DT=20260310
    [P_RMESG2] => 
    [P_NOTI] => 
    [P_AUTH_NO] => 
)

 Array
(
    [PageCall time] => 10:08:10
    [P_TID] => INIMX_VBNKCAEcatca0720260228100710395503
    [P_MID] => CAEcatca07
    [P_AUTH_DT] => 20260228100810
    [P_STATUS] => 02
    [P_TYPE] => VBANK
    [P_OID] => 260228-003
    [P_FN_CD1] => 11
    [P_FN_CD2] => 
    [P_FN_NM] => NH농협은행
    [P_AMT] => 3500
    [P_UNAME] => 김부림
    [P_RMESG1] => P_VACCT_NO=79014290139934|P_EXP_DT=20260310
    [P_RMESG2] => 
    [P_NOTI] => 
    [P_AUTH_NO] => 
)

 Array
(
    [PageCall time] => 10:09:06
    [P_TID] => INIMX_VBNKCAEcatca0720260228100422175657
    [P_MID] => CAEcatca07
    [P_AUTH_DT] => 20260228100906
    [P_STATUS] => 02
    [P_TYPE] => VBANK
    [P_OID] => 260228-002
    [P_FN_CD1] => 11
    [P_FN_CD2] => 
    [P_FN_NM] => NH농협은행
    [P_AMT] => 3500
    [P_UNAME] => 박근주
    [P_RMESG1] => P_VACCT_NO=79014290139661|P_EXP_DT=20260310
    [P_RMESG2] => 
    [P_NOTI] => 
    [P_AUTH_NO] => 
)

 Array
(
    [PageCall time] => 10:36:00
    [P_TID] => INIMX_VBNKCAEcatca0720260228102229235922
    [P_MID] => CAEcatca07
    [P_AUTH_DT] => 20260228103559
    [P_STATUS] => 02
    [P_TYPE] => VBANK
    [P_OID] => 260228-004
    [P_FN_CD1] => 20
    [P_FN_CD2] => 
    [P_FN_NM] => 우리은행
    [P_AMT] => 3500
    [P_UNAME] => 조성현
    [P_RMESG1] => P_VACCT_NO=27491324318401|P_EXP_DT=20260310
    [P_RMESG2] => 
    [P_NOTI] => 
    [P_AUTH_NO] => 
)

 Array
(
    [PageCall time] => 10:40:00
    [P_TID] => INIMX_VBNKCAEcatca0720260228102229235922
    [P_MID] => CAEcatca07
    [P_AUTH_DT] => 20260228103559
    [P_STATUS] => 02
    [P_TYPE] => VBANK
    [P_OID] => 260228-004
    [P_FN_CD1] => 20
    [P_FN_CD2] => 
    [P_FN_NM] => 우리은행
    [P_AMT] => 3500
    [P_UNAME] => 조성현
    [P_RMESG1] => P_VACCT_NO=27491324318401|P_EXP_DT=20260310
    [P_RMESG2] => 
    [P_NOTI] => 
    [P_AUTH_NO] => 
)

 Array
(
    [PageCall time] => 12:35:31
    [P_TID] => INIMX_VBNKCAEcatca0720260228123226975221
    [P_MID] => CAEcatca07
    [P_AUTH_DT] => 20260228123531
    [P_STATUS] => 02
    [P_TYPE] => VBANK
    [P_OID] => 260226-001
    [P_FN_CD1] => 04
    [P_FN_CD2] => 
    [P_FN_NM] => KB국민은행
    [P_AMT] => 3500
    [P_UNAME] => 김지영
    [P_RMESG1] => P_VACCT_NO=91229079206058|P_EXP_DT=20260310
    [P_RMESG2] => 
    [P_NOTI] => 
    [P_AUTH_NO] => 
)

 Array
(
    [PageCall time] => 18:48:59
    [P_TID] => INIMX_VBNKCAEcatca0720260228184623495280
    [P_MID] => CAEcatca07
    [P_AUTH_DT] => 20260228184859
    [P_STATUS] => 02
    [P_TYPE] => VBANK
    [P_OID] => 260228-006
    [P_FN_CD1] => 81
    [P_FN_CD2] => 
    [P_FN_NM] => 하나은행
    [P_AMT] => 3500
    [P_UNAME] => 김민정
    [P_RMESG1] => P_VACCT_NO=20894135627037|P_EXP_DT=20260310
    [P_RMESG2] => 
    [P_NOTI] => 
    [P_AUTH_NO] => 
)

 Array
(
    [PageCall time] => 21:28:49
    [P_TID] => INIMX_VBNKCAEcatca0720260228212546465893
    [P_MID] => CAEcatca07
    [P_AUTH_DT] => 20260228212849
    [P_STATUS] => 02
    [P_TYPE] => VBANK
    [P_OID] => 260228-007
    [P_FN_CD1] => 03
    [P_FN_CD2] => 
    [P_FN_NM] => 기업은행
    [P_AMT] => 3500
    [P_UNAME] => 김원림
    [P_RMESG1] => P_VACCT_NO=07503230297505|P_EXP_DT=20260310
    [P_RMESG2] => 
    [P_NOTI] => 
    [P_AUTH_NO] => 
)

 Array
(
    [PageCall time] => 21:33:16
    [P_TID] => INIMX_VBNKCAEcatca0720260228213010525157
    [P_MID] => CAEcatca07
    [P_AUTH_DT] => 20260228213316
    [P_STATUS] => 02
    [P_TYPE] => VBANK
    [P_OID] => 260228-008
    [P_FN_CD1] => 04
    [P_FN_CD2] => 
    [P_FN_NM] => KB국민은행
    [P_AMT] => 3500
    [P_UNAME] => 김종호
    [P_RMESG1] => P_VACCT_NO=70239014327351|P_EXP_DT=20260310
    [P_RMESG2] => 
    [P_NOTI] => 
    [P_AUTH_NO] => 
)

 Array
(
    [PageCall time] => 21:47:24
    [P_TID] => INIMX_VBNKCAEcatca0720260228214443115260
    [P_MID] => CAEcatca07
    [P_AUTH_DT] => 20260228214724
    [P_STATUS] => 02
    [P_TYPE] => VBANK
    [P_OID] => 260228-010
    [P_FN_CD1] => 04
    [P_FN_CD2] => 
    [P_FN_NM] => KB국민은행
    [P_AMT] => 3500
    [P_UNAME] => 김창렴
    [P_RMESG1] => P_VACCT_NO=70239014329029|P_EXP_DT=20260310
    [P_RMESG2] => 
    [P_NOTI] => 
    [P_AUTH_NO] => 
)

 Array
(
    [PageCall time] => 22:19:19
    [P_TID] => INIMX_VBNKCAEcatca0720260228221434105197
    [P_MID] => CAEcatca07
    [P_AUTH_DT] => 20260228221919
    [P_STATUS] => 02
    [P_TYPE] => VBANK
    [P_OID] => 260228-009
    [P_FN_CD1] => 20
    [P_FN_CD2] => 
    [P_FN_NM] => 우리은행
    [P_AMT] => 3500
    [P_UNAME] => 장영순
    [P_RMESG1] => P_VACCT_NO=27491340318858|P_EXP_DT=20260310
    [P_RMESG2] => 
    [P_NOTI] => 
    [P_AUTH_NO] => 
)

