 Array
(
    [PageCall time] => 07:44:34
    [P_TID] => INIMX_VBNKCAEcatca0720250928074205995698
    [P_MID] => CAEcatca07
    [P_AUTH_DT] => 20250928074434
    [P_STATUS] => 02
    [P_TYPE] => VBANK
    [P_OID] => 250928-001
    [P_FN_CD1] => 34
    [P_FN_CD2] => 
    [P_FN_NM] => 광주은행
    [P_AMT] => 3000
    [P_UNAME] => 김유경
    [P_RMESG1] => P_VACCT_NO=810865607933|P_EXP_DT=20251008
    [P_RMESG2] => 
    [P_NOTI] => 
    [P_AUTH_NO] => 
)

 Array
(
    [PageCall time] => 10:57:36
    [P_TID] => INIMX_VBNKCAEcatca0720250928105451175233
    [P_MID] => CAEcatca07
    [P_AUTH_DT] => 20250928105736
    [P_STATUS] => 02
    [P_TYPE] => VBANK
    [P_OID] => 250928-003
    [P_FN_CD1] => 88
    [P_FN_CD2] => 
    [P_FN_NM] => 신한은행
    [P_AMT] => 3000
    [P_UNAME] => 최희윤
    [P_RMESG1] => P_VACCT_NO=56211991709435|P_EXP_DT=20251008
    [P_RMESG2] => 
    [P_NOTI] => 
    [P_AUTH_NO] => 
)

 Array
(
    [PageCall time] => 15:25:02
    [P_TID] => INIMX_VBNKCAEcatca0720250928152139465685
    [P_MID] => CAEcatca07
    [P_AUTH_DT] => 20250928152502
    [P_STATUS] => 02
    [P_TYPE] => VBANK
    [P_OID] => 250928-005
    [P_FN_CD1] => 88
    [P_FN_CD2] => 
    [P_FN_NM] => 신한은행
    [P_AMT] => 3000
    [P_UNAME] => 김해영
    [P_RMESG1] => P_VACCT_NO=56211103041640|P_EXP_DT=20251008
    [P_RMESG2] => 
    [P_NOTI] => 
    [P_AUTH_NO] => 
)

 Array
(
    [PageCall time] => 18:09:30
    [P_TID] => INIMX_VBNKCAEcatca0720250928180856575813
    [P_MID] => CAEcatca07
    [P_AUTH_DT] => 20250928180930
    [P_STATUS] => 02
    [P_TYPE] => VBANK
    [P_OID] => 250928-007
    [P_FN_CD1] => 11
    [P_FN_CD2] => 
    [P_FN_NM] => NH농협은행
    [P_AMT] => 3000
    [P_UNAME] => 임지후
    [P_RMESG1] => P_VACCT_NO=79014507099855|P_EXP_DT=20251008
    [P_RMESG2] => 
    [P_NOTI] => 
    [P_AUTH_NO] => 
)

 Array
(
    [PageCall time] => 18:28:44
    [P_TID] => INIMX_VBNKCAEcatca0720250928182610895736
    [P_MID] => CAEcatca07
    [P_AUTH_DT] => 20250928182844
    [P_STATUS] => 02
    [P_TYPE] => VBANK
    [P_OID] => 250928-008
    [P_FN_CD1] => 04
    [P_FN_CD2] => 
    [P_FN_NM] => KB국민은행
    [P_AMT] => 3000
    [P_UNAME] => 최호승
    [P_RMESG1] => P_VACCT_NO=26159078524037|P_EXP_DT=20251008
    [P_RMESG2] => 
    [P_NOTI] => 
    [P_AUTH_NO] => 
)

 Array
(
    [PageCall time] => 19:40:41
    [P_TID] => INIMX_VBNKCAEcatca0720250928193620315497
    [P_MID] => CAEcatca07
    [P_AUTH_DT] => 20250928194041
    [P_STATUS] => 02
    [P_TYPE] => VBANK
    [P_OID] => 250928-009
    [P_FN_CD1] => 88
    [P_FN_CD2] => 
    [P_FN_NM] => 신한은행
    [P_AMT] => 3000
    [P_UNAME] => 서정식
    [P_RMESG1] => P_VACCT_NO=56211103048579|P_EXP_DT=20251008
    [P_RMESG2] => 
    [P_NOTI] => 
    [P_AUTH_NO] => 
)

 Array
(
    [PageCall time] => 20:36:21
    [P_TID] => INIMX_VBNKCAEcatca0720250928203346625472
    [P_MID] => CAEcatca07
    [P_AUTH_DT] => 20250928203621
    [P_STATUS] => 02
    [P_TYPE] => VBANK
    [P_OID] => 250928-010
    [P_FN_CD1] => 04
    [P_FN_CD2] => 
    [P_FN_NM] => KB국민은행
    [P_AMT] => 3000
    [P_UNAME] => 조민경
    [P_RMESG1] => P_VACCT_NO=26159078565221|P_EXP_DT=20251008
    [P_RMESG2] => 
    [P_NOTI] => 
    [P_AUTH_NO] => 
)

 Array
(
    [PageCall time] => 20:37:00
    [P_TID] => INIMX_VBNKCAEcatca0720250928203426805544
    [P_MID] => CAEcatca07
    [P_AUTH_DT] => 20250928203700
    [P_STATUS] => 02
    [P_TYPE] => VBANK
    [P_OID] => 250928-011
    [P_FN_CD1] => 04
    [P_FN_CD2] => 
    [P_FN_NM] => KB국민은행
    [P_AMT] => 3000
    [P_UNAME] => 도현승
    [P_RMESG1] => P_VACCT_NO=26159078565304|P_EXP_DT=20251008
    [P_RMESG2] => 
    [P_NOTI] => 
    [P_AUTH_NO] => 
)

