 Array
(
    [PageCall time] => 09:31:43
    [P_TID] => INIMX_VBNKCAEcatca0720250405093053475673
    [P_MID] => CAEcatca07
    [P_AUTH_DT] => 20250405093143
    [P_STATUS] => 02
    [P_TYPE] => VBANK
    [P_OID] => 250405-002
    [P_FN_CD1] => 11
    [P_FN_CD2] => 
    [P_FN_NM] => NH농협은행
    [P_AMT] => 3000
    [P_UNAME] => 김가영
    [P_RMESG1] => P_VACCT_NO=79014509597032|P_EXP_DT=20250415
    [P_RMESG2] => 
    [P_NOTI] => 
    [P_AUTH_NO] => 
)

 Array
(
    [PageCall time] => 11:49:08
    [P_TID] => INIMX_VBNKCAEcatca0720250405114511565919
    [P_MID] => CAEcatca07
    [P_AUTH_DT] => 20250405114908
    [P_STATUS] => 02
    [P_TYPE] => VBANK
    [P_OID] => 250405-003
    [P_FN_CD1] => 03
    [P_FN_CD2] => 
    [P_FN_NM] => 기업은행
    [P_AMT] => 3000
    [P_UNAME] => 양보경
    [P_RMESG1] => P_VACCT_NO=07503200397828|P_EXP_DT=20250415
    [P_RMESG2] => 
    [P_NOTI] => 
    [P_AUTH_NO] => 
)

 Array
(
    [PageCall time] => 13:43:14
    [P_TID] => INIMX_VBNKCAEcatca0720250405134207725512
    [P_MID] => CAEcatca07
    [P_AUTH_DT] => 20250405134314
    [P_STATUS] => 02
    [P_TYPE] => VBANK
    [P_OID] => 250405-005
    [P_FN_CD1] => 04
    [P_FN_CD2] => 
    [P_FN_NM] => KB국민은행
    [P_AMT] => 3000
    [P_UNAME] => 김진영
    [P_RMESG1] => P_VACCT_NO=41079011668501|P_EXP_DT=20250415
    [P_RMESG2] => 
    [P_NOTI] => 
    [P_AUTH_NO] => 
)

 Array
(
    [PageCall time] => 21:10:34
    [P_TID] => INIMX_VBNKCAEcatca0720250405210814645468
    [P_MID] => CAEcatca07
    [P_AUTH_DT] => 20250405211034
    [P_STATUS] => 02
    [P_TYPE] => VBANK
    [P_OID] => 250405-009
    [P_FN_CD1] => 20
    [P_FN_CD2] => 
    [P_FN_NM] => 우리은행
    [P_AMT] => 3000
    [P_UNAME] => 김동영
    [P_RMESG1] => P_VACCT_NO=27388813118265|P_EXP_DT=20250415
    [P_RMESG2] => 
    [P_NOTI] => 
    [P_AUTH_NO] => 
)

 Array
(
    [PageCall time] => 21:37:46
    [P_TID] => INIMX_VBNKCAEcatca0720250405213426745562
    [P_MID] => CAEcatca07
    [P_AUTH_DT] => 20250405213746
    [P_STATUS] => 02
    [P_TYPE] => VBANK
    [P_OID] => 250405-010
    [P_FN_CD1] => 89
    [P_FN_CD2] => 
    [P_FN_NM] => 케이뱅크
    [P_AMT] => 3000
    [P_UNAME] => 윤만진
    [P_RMESG1] => P_VACCT_NO=70112003252964|P_EXP_DT=20250415
    [P_RMESG2] => 
    [P_NOTI] => 
    [P_AUTH_NO] => 
)

