 Array
(
    [PageCall time] => 00:26:21
    [P_TID] => INIMX_VBNKCAEcatca0720251011002337915382
    [P_MID] => CAEcatca07
    [P_AUTH_DT] => 20251011002621
    [P_STATUS] => 02
    [P_TYPE] => VBANK
    [P_OID] => 251011-002
    [P_FN_CD1] => 88
    [P_FN_CD2] => 
    [P_FN_NM] => 신한은행
    [P_AMT] => 3000
    [P_UNAME] => 한효순
    [P_RMESG1] => P_VACCT_NO=56211103611424|P_EXP_DT=20251021
    [P_RMESG2] => 
    [P_NOTI] => 
    [P_AUTH_NO] => 
)

 Array
(
    [PageCall time] => 03:06:18
    [P_TID] => INIMX_VBNKCAEcatca0720251011030332895159
    [P_MID] => CAEcatca07
    [P_AUTH_DT] => 20251011030618
    [P_STATUS] => 02
    [P_TYPE] => VBANK
    [P_OID] => 251011-003
    [P_FN_CD1] => 20
    [P_FN_CD2] => 
    [P_FN_NM] => 우리은행
    [P_AMT] => 3000
    [P_UNAME] => 정주연
    [P_RMESG1] => P_VACCT_NO=27490886118210|P_EXP_DT=20251021
    [P_RMESG2] => 
    [P_NOTI] => 
    [P_AUTH_NO] => 
)

 Array
(
    [PageCall time] => 07:59:05
    [P_TID] => INIMX_VBNKCAEcatca0720251011075545555320
    [P_MID] => CAEcatca07
    [P_AUTH_DT] => 20251011075905
    [P_STATUS] => 02
    [P_TYPE] => VBANK
    [P_OID] => 251011-006
    [P_FN_CD1] => 88
    [P_FN_CD2] => 
    [P_FN_NM] => 신한은행
    [P_AMT] => 3000
    [P_UNAME] => 김성희
    [P_RMESG1] => P_VACCT_NO=56211102058176|P_EXP_DT=20251021
    [P_RMESG2] => 
    [P_NOTI] => 
    [P_AUTH_NO] => 
)

 Array
(
    [PageCall time] => 10:04:39
    [P_TID] => INIMX_VBNKCAEcatca0720251011100134225450
    [P_MID] => CAEcatca07
    [P_AUTH_DT] => 20251011100439
    [P_STATUS] => 02
    [P_TYPE] => VBANK
    [P_OID] => 251011-007
    [P_FN_CD1] => 81
    [P_FN_CD2] => 
    [P_FN_NM] => 하나은행
    [P_AMT] => 3000
    [P_UNAME] => 김승관
    [P_RMESG1] => P_VACCT_NO=20893826262537|P_EXP_DT=20251021
    [P_RMESG2] => 
    [P_NOTI] => 
    [P_AUTH_NO] => 
)

 Array
(
    [PageCall time] => 11:38:27
    [P_TID] => INIMX_VBNKCAEcatca0720251011113728265457
    [P_MID] => CAEcatca07
    [P_AUTH_DT] => 20251011113827
    [P_STATUS] => 02
    [P_TYPE] => VBANK
    [P_OID] => 251011-009
    [P_FN_CD1] => 11
    [P_FN_CD2] => 
    [P_FN_NM] => NH농협은행
    [P_AMT] => 3000
    [P_UNAME] => 박은진
    [P_RMESG1] => P_VACCT_NO=79014508063080|P_EXP_DT=20251021
    [P_RMESG2] => 
    [P_NOTI] => 
    [P_AUTH_NO] => 
)

 Array
(
    [PageCall time] => 12:43:21
    [P_TID] => INIMX_VBNKCAEcatca0720251011123800265238
    [P_MID] => CAEcatca07
    [P_AUTH_DT] => 20251011124321
    [P_STATUS] => 02
    [P_TYPE] => VBANK
    [P_OID] => 251011-011
    [P_FN_CD1] => 23
    [P_FN_CD2] => 
    [P_FN_NM] => SC은행
    [P_AMT] => 3000
    [P_UNAME] => 조연희
    [P_RMESG1] => P_VACCT_NO=46416006144414|P_EXP_DT=20251021
    [P_RMESG2] => 
    [P_NOTI] => 
    [P_AUTH_NO] => 
)

 Array
(
    [PageCall time] => 13:08:55
    [P_TID] => INIMX_VBNKCAEcatca0720251011130617745092
    [P_MID] => CAEcatca07
    [P_AUTH_DT] => 20251011130855
    [P_STATUS] => 02
    [P_TYPE] => VBANK
    [P_OID] => 251011-008
    [P_FN_CD1] => 81
    [P_FN_CD2] => 
    [P_FN_NM] => 하나은행
    [P_AMT] => 3000
    [P_UNAME] => 김재명
    [P_RMESG1] => P_VACCT_NO=20893826658937|P_EXP_DT=20251021
    [P_RMESG2] => 
    [P_NOTI] => 
    [P_AUTH_NO] => 
)

 Array
(
    [PageCall time] => 13:37:20
    [P_TID] => INIMX_VBNKCAEcatca0720251011133434945801
    [P_MID] => CAEcatca07
    [P_AUTH_DT] => 20251011133720
    [P_STATUS] => 02
    [P_TYPE] => VBANK
    [P_OID] => 251010-033
    [P_FN_CD1] => 04
    [P_FN_CD2] => 
    [P_FN_NM] => KB국민은행
    [P_AMT] => 3000
    [P_UNAME] => 반승현
    [P_RMESG1] => P_VACCT_NO=26159078720123|P_EXP_DT=20251021
    [P_RMESG2] => 
    [P_NOTI] => 
    [P_AUTH_NO] => 
)

 Array
(
    [PageCall time] => 14:13:01
    [P_TID] => INIMX_VBNKCAEcatca0720251011140903275346
    [P_MID] => CAEcatca07
    [P_AUTH_DT] => 20251011141300
    [P_STATUS] => 02
    [P_TYPE] => VBANK
    [P_OID] => 251011-012
    [P_FN_CD1] => 20
    [P_FN_CD2] => 
    [P_FN_NM] => 우리은행
    [P_AMT] => 3000
    [P_UNAME] => 폴리안
    [P_RMESG1] => P_VACCT_NO=27490897618493|P_EXP_DT=20251021
    [P_RMESG2] => 
    [P_NOTI] => 
    [P_AUTH_NO] => 
)

 Array
(
    [PageCall time] => 14:27:29
    [P_TID] => INIMX_VBNKCAEcatca0720251011142430965257
    [P_MID] => CAEcatca07
    [P_AUTH_DT] => 20251011142729
    [P_STATUS] => 02
    [P_TYPE] => VBANK
    [P_OID] => 251011-013
    [P_FN_CD1] => 03
    [P_FN_CD2] => 
    [P_FN_NM] => 기업은행
    [P_AMT] => 3000
    [P_UNAME] => 김선정
    [P_RMESG1] => P_VACCT_NO=07503149997342|P_EXP_DT=20251021
    [P_RMESG2] => 
    [P_NOTI] => 
    [P_AUTH_NO] => 
)

 Array
(
    [PageCall time] => 14:35:57
    [P_TID] => INIMX_VBNKCAEcatca0720251011143332285438
    [P_MID] => CAEcatca07
    [P_AUTH_DT] => 20251011143557
    [P_STATUS] => 02
    [P_TYPE] => VBANK
    [P_OID] => 251011-014
    [P_FN_CD1] => 88
    [P_FN_CD2] => 
    [P_FN_NM] => 신한은행
    [P_AMT] => 3000
    [P_UNAME] => 전현희
    [P_RMESG1] => P_VACCT_NO=56211103627020|P_EXP_DT=20251021
    [P_RMESG2] => 
    [P_NOTI] => 
    [P_AUTH_NO] => 
)

 Array
(
    [PageCall time] => 15:07:05
    [P_TID] => INIMX_VBNKCAEcatca0720251011150645115970
    [P_MID] => CAEcatca07
    [P_AUTH_DT] => 20251011150705
    [P_STATUS] => 02
    [P_TYPE] => VBANK
    [P_OID] => 251011-015
    [P_FN_CD1] => 11
    [P_FN_CD2] => 
    [P_FN_NM] => NH농협은행
    [P_AMT] => 3000
    [P_UNAME] => 서영신
    [P_RMESG1] => P_VACCT_NO=79014508076243|P_EXP_DT=20251021
    [P_RMESG2] => 
    [P_NOTI] => 
    [P_AUTH_NO] => 
)

 Array
(
    [PageCall time] => 19:15:14
    [P_TID] => INIMX_VBNKCAEcatca0720251011191218035173
    [P_MID] => CAEcatca07
    [P_AUTH_DT] => 20251011191514
    [P_STATUS] => 02
    [P_TYPE] => VBANK
    [P_OID] => 251011-017
    [P_FN_CD1] => 04
    [P_FN_CD2] => 
    [P_FN_NM] => KB국민은행
    [P_AMT] => 3000
    [P_UNAME] => 정지연
    [P_RMESG1] => P_VACCT_NO=26029078615178|P_EXP_DT=20251021
    [P_RMESG2] => 
    [P_NOTI] => 
    [P_AUTH_NO] => 
)

 Array
(
    [PageCall time] => 19:15:44
    [P_TID] => INIMX_VBNKCAEcatca0720251011191251815727
    [P_MID] => CAEcatca07
    [P_AUTH_DT] => 20251011191544
    [P_STATUS] => 02
    [P_TYPE] => VBANK
    [P_OID] => 251008-007
    [P_FN_CD1] => 88
    [P_FN_CD2] => 
    [P_FN_NM] => 신한은행
    [P_AMT] => 3000
    [P_UNAME] => 손희경
    [P_RMESG1] => P_VACCT_NO=56211103636289|P_EXP_DT=20251021
    [P_RMESG2] => 
    [P_NOTI] => 
    [P_AUTH_NO] => 
)

 Array
(
    [PageCall time] => 20:27:10
    [P_TID] => INIMX_VBNKCAEcatca0720251011202626425256
    [P_MID] => CAEcatca07
    [P_AUTH_DT] => 20251011202710
    [P_STATUS] => 02
    [P_TYPE] => VBANK
    [P_OID] => 251011-018
    [P_FN_CD1] => 11
    [P_FN_CD2] => 
    [P_FN_NM] => NH농협은행
    [P_AMT] => 3000
    [P_UNAME] => 김지아
    [P_RMESG1] => P_VACCT_NO=79014508094543|P_EXP_DT=20251021
    [P_RMESG2] => 
    [P_NOTI] => 
    [P_AUTH_NO] => 
)

