 Array
(
    [PageCall time] => 02:39:25
    [P_TID] => INIMX_VBNKCAEcatca0720260116023823905894
    [P_MID] => CAEcatca07
    [P_AUTH_DT] => 20260116023925
    [P_STATUS] => 02
    [P_TYPE] => VBANK
    [P_OID] => 260116-001
    [P_FN_CD1] => 11
    [P_FN_CD2] => 
    [P_FN_NM] => NH농협은행
    [P_AMT] => 3500
    [P_UNAME] => 이포근
    [P_RMESG1] => P_VACCT_NO=79010591327846|P_EXP_DT=20260126
    [P_RMESG2] => 
    [P_NOTI] => 
    [P_AUTH_NO] => 
)

 Array
(
    [PageCall time] => 07:45:47
    [P_TID] => INIMX_VBNKCAEcatca0720260116074249865137
    [P_MID] => CAEcatca07
    [P_AUTH_DT] => 20260116074546
    [P_STATUS] => 02
    [P_TYPE] => VBANK
    [P_OID] => 260116-002
    [P_FN_CD1] => 04
    [P_FN_CD2] => 
    [P_FN_NM] => KB국민은행
    [P_AMT] => 3500
    [P_UNAME] => 임상완
    [P_RMESG1] => P_VACCT_NO=26159078400274|P_EXP_DT=20260126
    [P_RMESG2] => 
    [P_NOTI] => 
    [P_AUTH_NO] => 
)

 Array
(
    [PageCall time] => 08:11:15
    [P_TID] => INIMX_VBNKCAEcatca0720260116080652835342
    [P_MID] => CAEcatca07
    [P_AUTH_DT] => 20260116081115
    [P_STATUS] => 02
    [P_TYPE] => VBANK
    [P_OID] => 260116-003
    [P_FN_CD1] => 03
    [P_FN_CD2] => 
    [P_FN_NM] => 기업은행
    [P_AMT] => 3500
    [P_UNAME] => 권동준
    [P_RMESG1] => P_VACCT_NO=07504258797262|P_EXP_DT=20260126
    [P_RMESG2] => 
    [P_NOTI] => 
    [P_AUTH_NO] => 
)

 Array
(
    [PageCall time] => 11:27:04
    [P_TID] => INIMX_VBNKCAEcatca0720260116112347555878
    [P_MID] => CAEcatca07
    [P_AUTH_DT] => 20260116112704
    [P_STATUS] => 02
    [P_TYPE] => VBANK
    [P_OID] => 260116-006
    [P_FN_CD1] => 88
    [P_FN_CD2] => 
    [P_FN_NM] => 신한은행
    [P_AMT] => 3500
    [P_UNAME] => 오지숙
    [P_RMESG1] => P_VACCT_NO=56213170959494|P_EXP_DT=20260126
    [P_RMESG2] => 
    [P_NOTI] => 
    [P_AUTH_NO] => 
)

 Array
(
    [PageCall time] => 11:38:37
    [P_TID] => INIMX_VBNKCAEcatca0720260116113540475508
    [P_MID] => CAEcatca07
    [P_AUTH_DT] => 20260116113837
    [P_STATUS] => 02
    [P_TYPE] => VBANK
    [P_OID] => 260116-008
    [P_FN_CD1] => 32
    [P_FN_CD2] => 
    [P_FN_NM] => 부산은행
    [P_AMT] => 3500
    [P_UNAME] => 김희정
    [P_RMESG1] => P_VACCT_NO=109924541599|P_EXP_DT=20260126
    [P_RMESG2] => 
    [P_NOTI] => 
    [P_AUTH_NO] => 
)

 Array
(
    [PageCall time] => 12:19:57
    [P_TID] => INIMX_VBNKCAEcatca0720260116121631735356
    [P_MID] => CAEcatca07
    [P_AUTH_DT] => 20260116121957
    [P_STATUS] => 02
    [P_TYPE] => VBANK
    [P_OID] => 260116-009
    [P_FN_CD1] => 11
    [P_FN_CD2] => 
    [P_FN_NM] => NH농협은행
    [P_AMT] => 3500
    [P_UNAME] => 최태준
    [P_RMESG1] => P_VACCT_NO=79010591382869|P_EXP_DT=20260126
    [P_RMESG2] => 
    [P_NOTI] => 
    [P_AUTH_NO] => 
)

 Array
(
    [PageCall time] => 12:33:57
    [P_TID] => INIMX_VBNKCAEcatca0720260116123056505381
    [P_MID] => CAEcatca07
    [P_AUTH_DT] => 20260116123357
    [P_STATUS] => 02
    [P_TYPE] => VBANK
    [P_OID] => 260116-010
    [P_FN_CD1] => 88
    [P_FN_CD2] => 
    [P_FN_NM] => 신한은행
    [P_AMT] => 3500
    [P_UNAME] => 장혜진
    [P_RMESG1] => P_VACCT_NO=56213170965360|P_EXP_DT=20260126
    [P_RMESG2] => 
    [P_NOTI] => 
    [P_AUTH_NO] => 
)

 Array
(
    [PageCall time] => 13:55:34
    [P_TID] => INIMX_VBNKCAEcatca0720260116135247855653
    [P_MID] => CAEcatca07
    [P_AUTH_DT] => 20260116135534
    [P_STATUS] => 02
    [P_TYPE] => VBANK
    [P_OID] => 260116-011
    [P_FN_CD1] => 88
    [P_FN_CD2] => 
    [P_FN_NM] => 신한은행
    [P_AMT] => 3500
    [P_UNAME] => 김보람
    [P_RMESG1] => P_VACCT_NO=56213170973215|P_EXP_DT=20260126
    [P_RMESG2] => 
    [P_NOTI] => 
    [P_AUTH_NO] => 
)

 Array
(
    [PageCall time] => 13:56:02
    [P_TID] => INIMX_VBNKCAEcatca0720260116135320965113
    [P_MID] => CAEcatca07
    [P_AUTH_DT] => 20260116135602
    [P_STATUS] => 02
    [P_TYPE] => VBANK
    [P_OID] => 260116-013
    [P_FN_CD1] => 03
    [P_FN_CD2] => 
    [P_FN_NM] => 기업은행
    [P_AMT] => 3500
    [P_UNAME] => 김민선
    [P_RMESG1] => P_VACCT_NO=07502281197473|P_EXP_DT=20260126
    [P_RMESG2] => 
    [P_NOTI] => 
    [P_AUTH_NO] => 
)

 Array
(
    [PageCall time] => 14:38:30
    [P_TID] => INIMX_VBNKCAEcatca0720260116143735335036
    [P_MID] => CAEcatca07
    [P_AUTH_DT] => 20260116143830
    [P_STATUS] => 02
    [P_TYPE] => VBANK
    [P_OID] => 260116-016
    [P_FN_CD1] => 11
    [P_FN_CD2] => 
    [P_FN_NM] => NH농협은행
    [P_AMT] => 3500
    [P_UNAME] => 권미숙
    [P_RMESG1] => P_VACCT_NO=79010591404131|P_EXP_DT=20260126
    [P_RMESG2] => 
    [P_NOTI] => 
    [P_AUTH_NO] => 
)

 Array
(
    [PageCall time] => 15:15:08
    [P_TID] => INIMX_VBNKCAEcatca0720260116151216255808
    [P_MID] => CAEcatca07
    [P_AUTH_DT] => 20260116151508
    [P_STATUS] => 02
    [P_TYPE] => VBANK
    [P_OID] => 260115-002
    [P_FN_CD1] => 03
    [P_FN_CD2] => 
    [P_FN_NM] => 기업은행
    [P_AMT] => 3500
    [P_UNAME] => 더 센트럴 휘트니스
    [P_RMESG1] => P_VACCT_NO=07502282297124|P_EXP_DT=20260126
    [P_RMESG2] => 
    [P_NOTI] => 
    [P_AUTH_NO] => 
)

 Array
(
    [PageCall time] => 15:25:39
    [P_TID] => INIMX_VBNKCAEcatca0720260116152152655977
    [P_MID] => CAEcatca07
    [P_AUTH_DT] => 20260116152539
    [P_STATUS] => 02
    [P_TYPE] => VBANK
    [P_OID] => 260111-005
    [P_FN_CD1] => 04
    [P_FN_CD2] => 
    [P_FN_NM] => KB국민은행
    [P_AMT] => 3500
    [P_UNAME] => 아이사랑약국
    [P_RMESG1] => P_VACCT_NO=60539014881664|P_EXP_DT=20260126
    [P_RMESG2] => 
    [P_NOTI] => 
    [P_AUTH_NO] => 
)

 Array
(
    [PageCall time] => 15:34:40
    [P_TID] => INIMX_VBNKCAEcatca0720260116095932625662
    [P_MID] => CAEcatca07
    [P_AUTH_DT] => 20260116153440
    [P_STATUS] => 02
    [P_TYPE] => VBANK
    [P_OID] => 260116-004
    [P_FN_CD1] => 88
    [P_FN_CD2] => 
    [P_FN_NM] => 신한은행
    [P_AMT] => 3500
    [P_UNAME] => 이승민
    [P_RMESG1] => P_VACCT_NO=56213170933266|P_EXP_DT=20260126
    [P_RMESG2] => 
    [P_NOTI] => 
    [P_AUTH_NO] => 
)

 Array
(
    [PageCall time] => 16:39:22
    [P_TID] => INIMX_VBNKCAEcatca0720260116163643115361
    [P_MID] => CAEcatca07
    [P_AUTH_DT] => 20260116163922
    [P_STATUS] => 02
    [P_TYPE] => VBANK
    [P_OID] => 260116-017
    [P_FN_CD1] => 89
    [P_FN_CD2] => 
    [P_FN_NM] => 케이뱅크
    [P_AMT] => 3500
    [P_UNAME] => 전혜주
    [P_RMESG1] => P_VACCT_NO=70112003320921|P_EXP_DT=20260126
    [P_RMESG2] => 
    [P_NOTI] => 
    [P_AUTH_NO] => 
)

 Array
(
    [PageCall time] => 19:07:03
    [P_TID] => INIMX_VBNKCAEcatca0720260116190427685610
    [P_MID] => CAEcatca07
    [P_AUTH_DT] => 20260116190703
    [P_STATUS] => 02
    [P_TYPE] => VBANK
    [P_OID] => 260116-018
    [P_FN_CD1] => 39
    [P_FN_CD2] => 
    [P_FN_NM] => 경남은행
    [P_AMT] => 3500
    [P_UNAME] => 최성우
    [P_RMESG1] => P_VACCT_NO=573193437444|P_EXP_DT=20260126
    [P_RMESG2] => 
    [P_NOTI] => 
    [P_AUTH_NO] => 
)

 Array
(
    [PageCall time] => 20:11:06
    [P_TID] => INIMX_VBNKCAEcatca0720260116200843745238
    [P_MID] => CAEcatca07
    [P_AUTH_DT] => 20260116201106
    [P_STATUS] => 02
    [P_TYPE] => VBANK
    [P_OID] => 260116-019
    [P_FN_CD1] => 88
    [P_FN_CD2] => 
    [P_FN_NM] => 신한은행
    [P_AMT] => 3500
    [P_UNAME] => 강소영
    [P_RMESG1] => P_VACCT_NO=56211102053647|P_EXP_DT=20260126
    [P_RMESG2] => 
    [P_NOTI] => 
    [P_AUTH_NO] => 
)

 Array
(
    [PageCall time] => 22:57:33
    [P_TID] => INIMX_VBNKCAEcatca0720260116225507435236
    [P_MID] => CAEcatca07
    [P_AUTH_DT] => 20260116225733
    [P_STATUS] => 02
    [P_TYPE] => VBANK
    [P_OID] => 260116-021
    [P_FN_CD1] => 11
    [P_FN_CD2] => 
    [P_FN_NM] => NH농협은행
    [P_AMT] => 3500
    [P_UNAME] => 최춘희
    [P_RMESG1] => P_VACCT_NO=79010591475707|P_EXP_DT=20260126
    [P_RMESG2] => 
    [P_NOTI] => 
    [P_AUTH_NO] => 
)

 Array
(
    [PageCall time] => 23:37:24
    [P_TID] => INIMX_VBNKCAEcatca0720260116233439894690
    [P_MID] => CAEcatca07
    [P_AUTH_DT] => 20260116233724
    [P_STATUS] => 02
    [P_TYPE] => VBANK
    [P_OID] => 260115-022
    [P_FN_CD1] => 31
    [P_FN_CD2] => 
    [P_FN_NM] => 아이엠뱅크(대구은행)
    [P_AMT] => 3500
    [P_UNAME] => 김동희
    [P_RMESG1] => P_VACCT_NO=9600347998609|P_EXP_DT=20260126
    [P_RMESG2] => 
    [P_NOTI] => 
    [P_AUTH_NO] => 
)

