 Array
(
    [PageCall time] => 00:34:24
    [P_TID] => INIMX_VBNKCAEcatca0720250720003346205292
    [P_MID] => CAEcatca07
    [P_AUTH_DT] => 20250720003424
    [P_STATUS] => 02
    [P_TYPE] => VBANK
    [P_OID] => 250720-001
    [P_FN_CD1] => 11
    [P_FN_CD2] => 
    [P_FN_NM] => NH농협은행
    [P_AMT] => 3000
    [P_UNAME] => 김민영
    [P_RMESG1] => P_VACCT_NO=79013684988959|P_EXP_DT=20250730
    [P_RMESG2] => 
    [P_NOTI] => 
    [P_AUTH_NO] => 
)

 Array
(
    [PageCall time] => 00:53:12
    [P_TID] => INIMX_VBNKCAEcatca0720250720005036815685
    [P_MID] => CAEcatca07
    [P_AUTH_DT] => 20250720005312
    [P_STATUS] => 02
    [P_TYPE] => VBANK
    [P_OID] => 250720-002
    [P_FN_CD1] => 88
    [P_FN_CD2] => 
    [P_FN_NM] => 신한은행
    [P_AMT] => 3000
    [P_UNAME] => 김주연
    [P_RMESG1] => P_VACCT_NO=56211106302610|P_EXP_DT=20250730
    [P_RMESG2] => 
    [P_NOTI] => 
    [P_AUTH_NO] => 
)

 Array
(
    [PageCall time] => 01:36:10
    [P_TID] => INIMX_VBNKCAEcatca0720250720013323265919
    [P_MID] => CAEcatca07
    [P_AUTH_DT] => 20250720013610
    [P_STATUS] => 02
    [P_TYPE] => VBANK
    [P_OID] => 250719-013
    [P_FN_CD1] => 03
    [P_FN_CD2] => 
    [P_FN_NM] => 기업은행
    [P_AMT] => 3000
    [P_UNAME] => 박세미
    [P_RMESG1] => P_VACCT_NO=07502358697943|P_EXP_DT=20250730
    [P_RMESG2] => 
    [P_NOTI] => 
    [P_AUTH_NO] => 
)

 Array
(
    [PageCall time] => 08:27:49
    [P_TID] => INIMX_VBNKCAEcatca0720250720082600165490
    [P_MID] => CAEcatca07
    [P_AUTH_DT] => 20250720082749
    [P_STATUS] => 02
    [P_TYPE] => VBANK
    [P_OID] => 250720-003
    [P_FN_CD1] => 11
    [P_FN_CD2] => 
    [P_FN_NM] => NH농협은행
    [P_AMT] => 3000
    [P_UNAME] => 김명숙
    [P_RMESG1] => P_VACCT_NO=79013685004827|P_EXP_DT=20250730
    [P_RMESG2] => 
    [P_NOTI] => 
    [P_AUTH_NO] => 
)

 Array
(
    [PageCall time] => 08:48:48
    [P_TID] => INIMX_VBNKCAEcatca0720250720084007705633
    [P_MID] => CAEcatca07
    [P_AUTH_DT] => 20250720084848
    [P_STATUS] => 02
    [P_TYPE] => VBANK
    [P_OID] => 250719-008
    [P_FN_CD1] => 81
    [P_FN_CD2] => 
    [P_FN_NM] => 하나은행
    [P_AMT] => 3000
    [P_UNAME] => 김인수
    [P_RMESG1] => P_VACCT_NO=20894005663437|P_EXP_DT=20250730
    [P_RMESG2] => 
    [P_NOTI] => 
    [P_AUTH_NO] => 
)

 Array
(
    [PageCall time] => 09:47:51
    [P_TID] => INIMX_VBNKCAEcatca0720250720094456505183
    [P_MID] => CAEcatca07
    [P_AUTH_DT] => 20250720094751
    [P_STATUS] => 02
    [P_TYPE] => VBANK
    [P_OID] => 250720-004
    [P_FN_CD1] => 11
    [P_FN_CD2] => 
    [P_FN_NM] => NH농협은행
    [P_AMT] => 3000
    [P_UNAME] => 엄기천
    [P_RMESG1] => P_VACCT_NO=79013685012022|P_EXP_DT=20250730
    [P_RMESG2] => 
    [P_NOTI] => 
    [P_AUTH_NO] => 
)

 Array
(
    [PageCall time] => 11:08:51
    [P_TID] => INIMX_VBNKCAEcatca0720250720110808875988
    [P_MID] => CAEcatca07
    [P_AUTH_DT] => 20250720110851
    [P_STATUS] => 02
    [P_TYPE] => VBANK
    [P_OID] => 250720-005
    [P_FN_CD1] => 04
    [P_FN_CD2] => 
    [P_FN_NM] => KB국민은행
    [P_AMT] => 3000
    [P_UNAME] => 김진국
    [P_RMESG1] => P_VACCT_NO=91649011508060|P_EXP_DT=20250730
    [P_RMESG2] => 
    [P_NOTI] => 
    [P_AUTH_NO] => 
)

 Array
(
    [PageCall time] => 11:12:15
    [P_TID] => INIMX_VBNKCAEcatca0720250720111055325983
    [P_MID] => CAEcatca07
    [P_AUTH_DT] => 20250720111215
    [P_STATUS] => 02
    [P_TYPE] => VBANK
    [P_OID] => 250720-006
    [P_FN_CD1] => 11
    [P_FN_CD2] => 
    [P_FN_NM] => NH농협은행
    [P_AMT] => 3000
    [P_UNAME] => 임심교
    [P_RMESG1] => P_VACCT_NO=79013685020055|P_EXP_DT=20250730
    [P_RMESG2] => 
    [P_NOTI] => 
    [P_AUTH_NO] => 
)

 Array
(
    [PageCall time] => 16:48:38
    [P_TID] => INIMX_VBNKCAEcatca0720250720164554135828
    [P_MID] => CAEcatca07
    [P_AUTH_DT] => 20250720164838
    [P_STATUS] => 02
    [P_TYPE] => VBANK
    [P_OID] => 250720-007
    [P_FN_CD1] => 88
    [P_FN_CD2] => 
    [P_FN_NM] => 신한은행
    [P_AMT] => 3000
    [P_UNAME] => 김정화
    [P_RMESG1] => P_VACCT_NO=56211990616307|P_EXP_DT=20250730
    [P_RMESG2] => 
    [P_NOTI] => 
    [P_AUTH_NO] => 
)

 Array
(
    [PageCall time] => 17:22:39
    [P_TID] => INIMX_VBNKCAEcatca0720250720172159565020
    [P_MID] => CAEcatca07
    [P_AUTH_DT] => 20250720172239
    [P_STATUS] => 02
    [P_TYPE] => VBANK
    [P_OID] => 250720-008
    [P_FN_CD1] => 11
    [P_FN_CD2] => 
    [P_FN_NM] => NH농협은행
    [P_AMT] => 3000
    [P_UNAME] => 황영하
    [P_RMESG1] => P_VACCT_NO=79013685058666|P_EXP_DT=20250730
    [P_RMESG2] => 
    [P_NOTI] => 
    [P_AUTH_NO] => 
)

 Array
(
    [PageCall time] => 18:52:26
    [P_TID] => INIMX_VBNKCAEcatca0720250720185149605826
    [P_MID] => CAEcatca07
    [P_AUTH_DT] => 20250720185226
    [P_STATUS] => 02
    [P_TYPE] => VBANK
    [P_OID] => 250720-009
    [P_FN_CD1] => 11
    [P_FN_CD2] => 
    [P_FN_NM] => NH농협은행
    [P_AMT] => 3000
    [P_UNAME] => 김태호
    [P_RMESG1] => P_VACCT_NO=79013685066675|P_EXP_DT=20250730
    [P_RMESG2] => 
    [P_NOTI] => 
    [P_AUTH_NO] => 
)

 Array
(
    [PageCall time] => 19:39:25
    [P_TID] => INIMX_VBNKCAEcatca0720250720193858785083
    [P_MID] => CAEcatca07
    [P_AUTH_DT] => 20250720193925
    [P_STATUS] => 02
    [P_TYPE] => VBANK
    [P_OID] => 250720-010
    [P_FN_CD1] => 04
    [P_FN_CD2] => 
    [P_FN_NM] => KB국민은행
    [P_AMT] => 3000
    [P_UNAME] => 김정화
    [P_RMESG1] => P_VACCT_NO=26029078078016|P_EXP_DT=20250730
    [P_RMESG2] => 
    [P_NOTI] => 
    [P_AUTH_NO] => 
)

 Array
(
    [PageCall time] => 21:01:27
    [P_TID] => INIMX_VBNKCAEcatca0720250720205850205905
    [P_MID] => CAEcatca07
    [P_AUTH_DT] => 20250720210127
    [P_STATUS] => 02
    [P_TYPE] => VBANK
    [P_OID] => 250720-012
    [P_FN_CD1] => 89
    [P_FN_CD2] => 
    [P_FN_NM] => 케이뱅크
    [P_AMT] => 3000
    [P_UNAME] => 백민영
    [P_RMESG1] => P_VACCT_NO=70112004008027|P_EXP_DT=20250730
    [P_RMESG2] => 
    [P_NOTI] => 
    [P_AUTH_NO] => 
)

 Array
(
    [PageCall time] => 21:44:45
    [P_TID] => INIMX_VBNKCAEcatca0720250720214211245914
    [P_MID] => CAEcatca07
    [P_AUTH_DT] => 20250720214445
    [P_STATUS] => 02
    [P_TYPE] => VBANK
    [P_OID] => 250718-031
    [P_FN_CD1] => 88
    [P_FN_CD2] => 
    [P_FN_NM] => 신한은행
    [P_AMT] => 3000
    [P_UNAME] => 박성진
    [P_RMESG1] => P_VACCT_NO=56211991152224|P_EXP_DT=20250730
    [P_RMESG2] => 
    [P_NOTI] => 
    [P_AUTH_NO] => 
)

 Array
(
    [PageCall time] => 22:26:36
    [P_TID] => INIMX_VBNKCAEcatca0720250720222155295505
    [P_MID] => CAEcatca07
    [P_AUTH_DT] => 20250720222636
    [P_STATUS] => 02
    [P_TYPE] => VBANK
    [P_OID] => 250720-014
    [P_FN_CD1] => 89
    [P_FN_CD2] => 
    [P_FN_NM] => 케이뱅크
    [P_AMT] => 3000
    [P_UNAME] => 임영선
    [P_RMESG1] => P_VACCT_NO=70112004008600|P_EXP_DT=20250730
    [P_RMESG2] => 
    [P_NOTI] => 
    [P_AUTH_NO] => 
)

