 Array
(
    [PageCall time] => 10:32:09
    [P_TID] => INIMX_VBNKCAEcatca0720250426102954945257
    [P_MID] => CAEcatca07
    [P_AUTH_DT] => 20250426103209
    [P_STATUS] => 02
    [P_TYPE] => VBANK
    [P_OID] => 250426-001
    [P_FN_CD1] => 11
    [P_FN_CD2] => 
    [P_FN_NM] => NH농협은행
    [P_AMT] => 3000
    [P_UNAME] => 한광석
    [P_RMESG1] => P_VACCT_NO=79015901663041|P_EXP_DT=20250506
    [P_RMESG2] => 
    [P_NOTI] => 
    [P_AUTH_NO] => 
)

 Array
(
    [PageCall time] => 11:05:35
    [P_TID] => INIMX_VBNKCAEcatca0720250426110208795584
    [P_MID] => CAEcatca07
    [P_AUTH_DT] => 20250426110535
    [P_STATUS] => 02
    [P_TYPE] => VBANK
    [P_OID] => 250426-002
    [P_FN_CD1] => 81
    [P_FN_CD2] => 
    [P_FN_NM] => 하나은행
    [P_AMT] => 3000
    [P_UNAME] => 김재한
    [P_RMESG1] => P_VACCT_NO=20893857622637|P_EXP_DT=20250506
    [P_RMESG2] => 
    [P_NOTI] => 
    [P_AUTH_NO] => 
)

 Array
(
    [PageCall time] => 12:25:10
    [P_TID] => INIMX_VBNKCAEcatca0720250426122155215230
    [P_MID] => CAEcatca07
    [P_AUTH_DT] => 20250426122510
    [P_STATUS] => 02
    [P_TYPE] => VBANK
    [P_OID] => 250426-003
    [P_FN_CD1] => 89
    [P_FN_CD2] => 
    [P_FN_NM] => 케이뱅크
    [P_AMT] => 3000
    [P_UNAME] => 김정미
    [P_RMESG1] => P_VACCT_NO=70112003379903|P_EXP_DT=20250506
    [P_RMESG2] => 
    [P_NOTI] => 
    [P_AUTH_NO] => 
)

 Array
(
    [PageCall time] => 14:27:35
    [P_TID] => INIMX_VBNKCAEcatca0720250426142502935621
    [P_MID] => CAEcatca07
    [P_AUTH_DT] => 20250426142735
    [P_STATUS] => 02
    [P_TYPE] => VBANK
    [P_OID] => 250426-005
    [P_FN_CD1] => 20
    [P_FN_CD2] => 
    [P_FN_NM] => 우리은행
    [P_AMT] => 3000
    [P_UNAME] => 최경숙
    [P_RMESG1] => P_VACCT_NO=27488746218610|P_EXP_DT=20250506
    [P_RMESG2] => 
    [P_NOTI] => 
    [P_AUTH_NO] => 
)

 Array
(
    [PageCall time] => 15:19:09
    [P_TID] => INIMX_VBNKCAEcatca0720250426151527975706
    [P_MID] => CAEcatca07
    [P_AUTH_DT] => 20250426151909
    [P_STATUS] => 02
    [P_TYPE] => VBANK
    [P_OID] => 250426-006
    [P_FN_CD1] => 88
    [P_FN_CD2] => 
    [P_FN_NM] => 신한은행
    [P_AMT] => 3000
    [P_UNAME] => 김선덕
    [P_RMESG1] => P_VACCT_NO=56213170656647|P_EXP_DT=20250506
    [P_RMESG2] => 
    [P_NOTI] => 
    [P_AUTH_NO] => 
)

