 Array
(
    [PageCall time] => 08:04:17
    [P_TID] => INIMX_VBNKCAEcatca0720251202080213875889
    [P_MID] => CAEcatca07
    [P_AUTH_DT] => 20251202080417
    [P_STATUS] => 02
    [P_TYPE] => VBANK
    [P_OID] => 251202-001
    [P_FN_CD1] => 11
    [P_FN_CD2] => 
    [P_FN_NM] => NH농협은행
    [P_AMT] => 3000
    [P_UNAME] => 박경분
    [P_RMESG1] => P_VACCT_NO=79015904547489|P_EXP_DT=20251212
    [P_RMESG2] => 
    [P_NOTI] => 
    [P_AUTH_NO] => 
)

 Array
(
    [PageCall time] => 08:12:42
    [P_TID] => INIMX_VBNKCAEcatca0720251202081113365860
    [P_MID] => CAEcatca07
    [P_AUTH_DT] => 20251202081242
    [P_STATUS] => 02
    [P_TYPE] => VBANK
    [P_OID] => 251202-002
    [P_FN_CD1] => 11
    [P_FN_CD2] => 
    [P_FN_NM] => NH농협은행
    [P_AMT] => 3000
    [P_UNAME] => 김은미
    [P_RMESG1] => P_VACCT_NO=79015904548111|P_EXP_DT=20251212
    [P_RMESG2] => 
    [P_NOTI] => 
    [P_AUTH_NO] => 
)

 Array
(
    [PageCall time] => 09:13:07
    [P_TID] => INIMX_VBNKCAEcatca0720251202091019305424
    [P_MID] => CAEcatca07
    [P_AUTH_DT] => 20251202091307
    [P_STATUS] => 02
    [P_TYPE] => VBANK
    [P_OID] => 251126-015
    [P_FN_CD1] => 20
    [P_FN_CD2] => 
    [P_FN_NM] => 우리은행
    [P_AMT] => 3000
    [P_UNAME] => 서은영
    [P_RMESG1] => P_VACCT_NO=27388083218373|P_EXP_DT=20251212
    [P_RMESG2] => 
    [P_NOTI] => 
    [P_AUTH_NO] => 
)

 Array
(
    [PageCall time] => 09:21:23
    [P_TID] => INIMX_VBNKCAEcatca0720251202091815875727
    [P_MID] => CAEcatca07
    [P_AUTH_DT] => 20251202092123
    [P_STATUS] => 02
    [P_TYPE] => VBANK
    [P_OID] => 251202-004
    [P_FN_CD1] => 88
    [P_FN_CD2] => 
    [P_FN_NM] => 신한은행
    [P_AMT] => 3000
    [P_UNAME] => 공상섭
    [P_RMESG1] => P_VACCT_NO=56211106701195|P_EXP_DT=20251212
    [P_RMESG2] => 
    [P_NOTI] => 
    [P_AUTH_NO] => 
)

 Array
(
    [PageCall time] => 09:22:35
    [P_TID] => INIMX_VBNKCAEcatca0720251202092007495947
    [P_MID] => CAEcatca07
    [P_AUTH_DT] => 20251202092235
    [P_STATUS] => 02
    [P_TYPE] => VBANK
    [P_OID] => 251202-005
    [P_FN_CD1] => 88
    [P_FN_CD2] => 
    [P_FN_NM] => 신한은행
    [P_AMT] => 3000
    [P_UNAME] => 최은아
    [P_RMESG1] => P_VACCT_NO=56211106701547|P_EXP_DT=20251212
    [P_RMESG2] => 
    [P_NOTI] => 
    [P_AUTH_NO] => 
)

 Array
(
    [PageCall time] => 10:34:40
    [P_TID] => INIMX_VBNKCAEcatca0720251202103140205243
    [P_MID] => CAEcatca07
    [P_AUTH_DT] => 20251202103440
    [P_STATUS] => 02
    [P_TYPE] => VBANK
    [P_OID] => 251202-010
    [P_FN_CD1] => 88
    [P_FN_CD2] => 
    [P_FN_NM] => 신한은행
    [P_AMT] => 3000
    [P_UNAME] => 이수연
    [P_RMESG1] => P_VACCT_NO=56211106711665|P_EXP_DT=20251212
    [P_RMESG2] => 
    [P_NOTI] => 
    [P_AUTH_NO] => 
)

 Array
(
    [PageCall time] => 10:56:44
    [P_TID] => INIMX_VBNKCAEcatca0720251202105355355083
    [P_MID] => CAEcatca07
    [P_AUTH_DT] => 20251202105644
    [P_STATUS] => 02
    [P_TYPE] => VBANK
    [P_OID] => 251202-011
    [P_FN_CD1] => 89
    [P_FN_CD2] => 
    [P_FN_NM] => 케이뱅크
    [P_AMT] => 3000
    [P_UNAME] => 강춘규
    [P_RMESG1] => P_VACCT_NO=70112003969603|P_EXP_DT=20251212
    [P_RMESG2] => 
    [P_NOTI] => 
    [P_AUTH_NO] => 
)

 Array
(
    [PageCall time] => 11:04:06
    [P_TID] => INIMX_VBNKCAEcatca0720251202110059265918
    [P_MID] => CAEcatca07
    [P_AUTH_DT] => 20251202110406
    [P_STATUS] => 02
    [P_TYPE] => VBANK
    [P_OID] => 251202-013
    [P_FN_CD1] => 88
    [P_FN_CD2] => 
    [P_FN_NM] => 신한은행
    [P_AMT] => 3000
    [P_UNAME] => 오해진
    [P_RMESG1] => P_VACCT_NO=56211106715967|P_EXP_DT=20251212
    [P_RMESG2] => 
    [P_NOTI] => 
    [P_AUTH_NO] => 
)

 Array
(
    [PageCall time] => 11:07:01
    [P_TID] => INIMX_VBNKCAEcatca0720251202105405715971
    [P_MID] => CAEcatca07
    [P_AUTH_DT] => 20251202110701
    [P_STATUS] => 02
    [P_TYPE] => VBANK
    [P_OID] => 251202-012
    [P_FN_CD1] => 81
    [P_FN_CD2] => 
    [P_FN_NM] => 하나은행
    [P_AMT] => 3000
    [P_UNAME] => 손보라
    [P_RMESG1] => P_VACCT_NO=20894087853737|P_EXP_DT=20251212
    [P_RMESG2] => 
    [P_NOTI] => 
    [P_AUTH_NO] => 
)

 Array
(
    [PageCall time] => 11:13:38
    [P_TID] => INIMX_VBNKCAEcatca0720251202111116605089
    [P_MID] => CAEcatca07
    [P_AUTH_DT] => 20251202111337
    [P_STATUS] => 02
    [P_TYPE] => VBANK
    [P_OID] => 251202-016
    [P_FN_CD1] => 11
    [P_FN_CD2] => 
    [P_FN_NM] => NH농협은행
    [P_AMT] => 3000
    [P_UNAME] => 김경남
    [P_RMESG1] => P_VACCT_NO=79015904580997|P_EXP_DT=20251212
    [P_RMESG2] => 
    [P_NOTI] => 
    [P_AUTH_NO] => 
)

 Array
(
    [PageCall time] => 11:24:42
    [P_TID] => INIMX_VBNKCAEcatca0720251202112214195220
    [P_MID] => CAEcatca07
    [P_AUTH_DT] => 20251202112442
    [P_STATUS] => 02
    [P_TYPE] => VBANK
    [P_OID] => 251202-017
    [P_FN_CD1] => 88
    [P_FN_CD2] => 
    [P_FN_NM] => 신한은행
    [P_AMT] => 3000
    [P_UNAME] => 이유림
    [P_RMESG1] => P_VACCT_NO=56211106718664|P_EXP_DT=20251212
    [P_RMESG2] => 
    [P_NOTI] => 
    [P_AUTH_NO] => 
)

 Array
(
    [PageCall time] => 11:26:24
    [P_TID] => INIMX_VBNKCAEcatca0720251202112227235121
    [P_MID] => CAEcatca07
    [P_AUTH_DT] => 20251202112624
    [P_STATUS] => 02
    [P_TYPE] => VBANK
    [P_OID] => 251202-015
    [P_FN_CD1] => 04
    [P_FN_CD2] => 
    [P_FN_NM] => KB국민은행
    [P_AMT] => 3000
    [P_UNAME] => 채수국
    [P_RMESG1] => P_VACCT_NO=99449014566131|P_EXP_DT=20251212
    [P_RMESG2] => 
    [P_NOTI] => 
    [P_AUTH_NO] => 
)

 Array
(
    [PageCall time] => 12:00:38
    [P_TID] => INIMX_VBNKCAEcatca0720251202115646185797
    [P_MID] => CAEcatca07
    [P_AUTH_DT] => 20251202120038
    [P_STATUS] => 02
    [P_TYPE] => VBANK
    [P_OID] => 251202-020
    [P_FN_CD1] => 20
    [P_FN_CD2] => 
    [P_FN_NM] => 우리은행
    [P_AMT] => 3000
    [P_UNAME] => 김자경
    [P_RMESG1] => P_VACCT_NO=27388102618862|P_EXP_DT=20251212
    [P_RMESG2] => 
    [P_NOTI] => 
    [P_AUTH_NO] => 
)

 Array
(
    [PageCall time] => 13:42:53
    [P_TID] => INIMX_VBNKCAEcatca0720251202134020195991
    [P_MID] => CAEcatca07
    [P_AUTH_DT] => 20251202134253
    [P_STATUS] => 02
    [P_TYPE] => VBANK
    [P_OID] => 251202-022
    [P_FN_CD1] => 88
    [P_FN_CD2] => 
    [P_FN_NM] => 신한은행
    [P_AMT] => 3000
    [P_UNAME] => 윤현진
    [P_RMESG1] => P_VACCT_NO=56211106732315|P_EXP_DT=20251212
    [P_RMESG2] => 
    [P_NOTI] => 
    [P_AUTH_NO] => 
)

 Array
(
    [PageCall time] => 14:07:45
    [P_TID] => INIMX_VBNKCAEcatca0720251202140438925657
    [P_MID] => CAEcatca07
    [P_AUTH_DT] => 20251202140745
    [P_STATUS] => 02
    [P_TYPE] => VBANK
    [P_OID] => 251202-023
    [P_FN_CD1] => 31
    [P_FN_CD2] => 
    [P_FN_NM] => 아이엠뱅크(대구은행)
    [P_AMT] => 3000
    [P_UNAME] => 장현우
    [P_RMESG1] => P_VACCT_NO=9600362462310|P_EXP_DT=20251212
    [P_RMESG2] => 
    [P_NOTI] => 
    [P_AUTH_NO] => 
)

 Array
(
    [PageCall time] => 14:44:47
    [P_TID] => INIMX_VBNKCAEcatca0720251202144346145515
    [P_MID] => CAEcatca07
    [P_AUTH_DT] => 20251202144447
    [P_STATUS] => 02
    [P_TYPE] => VBANK
    [P_OID] => 251202-025
    [P_FN_CD1] => 11
    [P_FN_CD2] => 
    [P_FN_NM] => NH농협은행
    [P_AMT] => 3000
    [P_UNAME] => 임준석
    [P_RMESG1] => P_VACCT_NO=79015904618885|P_EXP_DT=20251212
    [P_RMESG2] => 
    [P_NOTI] => 
    [P_AUTH_NO] => 
)

 Array
(
    [PageCall time] => 15:50:15
    [P_TID] => INIMX_VBNKCAEcatca0720251202154729405691
    [P_MID] => CAEcatca07
    [P_AUTH_DT] => 20251202155015
    [P_STATUS] => 02
    [P_TYPE] => VBANK
    [P_OID] => 251202-021
    [P_FN_CD1] => 88
    [P_FN_CD2] => 
    [P_FN_NM] => 신한은행
    [P_AMT] => 3000
    [P_UNAME] => 박민영
    [P_RMESG1] => P_VACCT_NO=56211106744956|P_EXP_DT=20251212
    [P_RMESG2] => 
    [P_NOTI] => 
    [P_AUTH_NO] => 
)

 Array
(
    [PageCall time] => 16:45:24
    [P_TID] => INIMX_VBNKCAEcatca0720251202164400915401
    [P_MID] => CAEcatca07
    [P_AUTH_DT] => 20251202164524
    [P_STATUS] => 02
    [P_TYPE] => VBANK
    [P_OID] => 251202-031
    [P_FN_CD1] => 11
    [P_FN_CD2] => 
    [P_FN_NM] => NH농협은행
    [P_AMT] => 3000
    [P_UNAME] => 인윤진
    [P_RMESG1] => P_VACCT_NO=79015904643922|P_EXP_DT=20251212
    [P_RMESG2] => 
    [P_NOTI] => 
    [P_AUTH_NO] => 
)

 Array
(
    [PageCall time] => 16:57:16
    [P_TID] => INIMX_VBNKCAEcatca0720251202165406285948
    [P_MID] => CAEcatca07
    [P_AUTH_DT] => 20251202165716
    [P_STATUS] => 02
    [P_TYPE] => VBANK
    [P_OID] => 251202-033
    [P_FN_CD1] => 88
    [P_FN_CD2] => 
    [P_FN_NM] => 신한은행
    [P_AMT] => 3000
    [P_UNAME] => 김윤진
    [P_RMESG1] => P_VACCT_NO=56211106751027|P_EXP_DT=20251212
    [P_RMESG2] => 
    [P_NOTI] => 
    [P_AUTH_NO] => 
)

 Array
(
    [PageCall time] => 17:09:54
    [P_TID] => INIMX_VBNKCAEcatca0720251202170642785798
    [P_MID] => CAEcatca07
    [P_AUTH_DT] => 20251202170954
    [P_STATUS] => 02
    [P_TYPE] => VBANK
    [P_OID] => 251202-035
    [P_FN_CD1] => 81
    [P_FN_CD2] => 
    [P_FN_NM] => 하나은행
    [P_AMT] => 3000
    [P_UNAME] => 박성수
    [P_RMESG1] => P_VACCT_NO=20894090999137|P_EXP_DT=20251212
    [P_RMESG2] => 
    [P_NOTI] => 
    [P_AUTH_NO] => 
)

 Array
(
    [PageCall time] => 19:05:13
    [P_TID] => INIMX_VBNKCAEcatca0720251202190212444979
    [P_MID] => CAEcatca07
    [P_AUTH_DT] => 20251202190513
    [P_STATUS] => 02
    [P_TYPE] => VBANK
    [P_OID] => 251201-021
    [P_FN_CD1] => 88
    [P_FN_CD2] => 
    [P_FN_NM] => 신한은행
    [P_AMT] => 3000
    [P_UNAME] => 이용준
    [P_RMESG1] => P_VACCT_NO=56211123397604|P_EXP_DT=20251212
    [P_RMESG2] => 
    [P_NOTI] => 
    [P_AUTH_NO] => 
)

 Array
(
    [PageCall time] => 19:05:36
    [P_TID] => INIMX_VBNKCAEcatca0720251202190008314735
    [P_MID] => CAEcatca07
    [P_AUTH_DT] => 20251202190536
    [P_STATUS] => 02
    [P_TYPE] => VBANK
    [P_OID] => 251202-037
    [P_FN_CD1] => 39
    [P_FN_CD2] => 
    [P_FN_NM] => 경남은행
    [P_AMT] => 3000
    [P_UNAME] => 성경애
    [P_RMESG1] => P_VACCT_NO=573190279420|P_EXP_DT=20251212
    [P_RMESG2] => 
    [P_NOTI] => 
    [P_AUTH_NO] => 
)

 Array
(
    [PageCall time] => 20:16:03
    [P_TID] => INIMX_VBNKCAEcatca0720251202201143645720
    [P_MID] => CAEcatca07
    [P_AUTH_DT] => 20251202201603
    [P_STATUS] => 02
    [P_TYPE] => VBANK
    [P_OID] => 251202-038
    [P_FN_CD1] => 03
    [P_FN_CD2] => 
    [P_FN_NM] => 기업은행
    [P_AMT] => 3000
    [P_UNAME] => 최영민
    [P_RMESG1] => P_VACCT_NO=07502384797883|P_EXP_DT=20251212
    [P_RMESG2] => 
    [P_NOTI] => 
    [P_AUTH_NO] => 
)

 Array
(
    [PageCall time] => 20:23:39
    [P_TID] => INIMX_VBNKCAEcatca0720251202202051505945
    [P_MID] => CAEcatca07
    [P_AUTH_DT] => 20251202202339
    [P_STATUS] => 02
    [P_TYPE] => VBANK
    [P_OID] => 251202-040
    [P_FN_CD1] => 81
    [P_FN_CD2] => 
    [P_FN_NM] => 하나은행
    [P_AMT] => 3000
    [P_UNAME] => 손예림
    [P_RMESG1] => P_VACCT_NO=20894091483937|P_EXP_DT=20251212
    [P_RMESG2] => 
    [P_NOTI] => 
    [P_AUTH_NO] => 
)

