 Array
(
    [PageCall time] => 03:06:26
    [P_TID] => INIMX_VBNKCAEcatca0720260304030609125944
    [P_MID] => CAEcatca07
    [P_AUTH_DT] => 20260304030626
    [P_STATUS] => 02
    [P_TYPE] => VBANK
    [P_OID] => 260304-002
    [P_FN_CD1] => 11
    [P_FN_CD2] => 
    [P_FN_NM] => NH농협은행
    [P_AMT] => 3500
    [P_UNAME] => 이인하
    [P_RMESG1] => P_VACCT_NO=79014290528239|P_EXP_DT=20260314
    [P_RMESG2] => 
    [P_NOTI] => 
    [P_AUTH_NO] => 
)

 Array
(
    [PageCall time] => 08:36:28
    [P_TID] => INIMX_VBNKCAEcatca0720260304083549685672
    [P_MID] => CAEcatca07
    [P_AUTH_DT] => 20260304083628
    [P_STATUS] => 02
    [P_TYPE] => VBANK
    [P_OID] => 260304-003
    [P_FN_CD1] => 11
    [P_FN_CD2] => 
    [P_FN_NM] => NH농협은행
    [P_AMT] => 3500
    [P_UNAME] => 시혜영
    [P_RMESG1] => P_VACCT_NO=79014290535797|P_EXP_DT=20260314
    [P_RMESG2] => 
    [P_NOTI] => 
    [P_AUTH_NO] => 
)

 Array
(
    [PageCall time] => 10:44:27
    [P_TID] => INIMX_VBNKCAEcatca0720260304104139225685
    [P_MID] => CAEcatca07
    [P_AUTH_DT] => 20260304104427
    [P_STATUS] => 02
    [P_TYPE] => VBANK
    [P_OID] => 260304-006
    [P_FN_CD1] => 04
    [P_FN_CD2] => 
    [P_FN_NM] => KB국민은행
    [P_AMT] => 3500
    [P_UNAME] => 정승일
    [P_RMESG1] => P_VACCT_NO=26159078206661|P_EXP_DT=20260314
    [P_RMESG2] => 
    [P_NOTI] => 
    [P_AUTH_NO] => 
)

 Array
(
    [PageCall time] => 11:01:20
    [P_TID] => INIMX_VBNKCAEcatca0720260304105845555516
    [P_MID] => CAEcatca07
    [P_AUTH_DT] => 20260304110120
    [P_STATUS] => 02
    [P_TYPE] => VBANK
    [P_OID] => 260304-008
    [P_FN_CD1] => 04
    [P_FN_CD2] => 
    [P_FN_NM] => KB국민은행
    [P_AMT] => 3500
    [P_UNAME] => 김경아
    [P_RMESG1] => P_VACCT_NO=26159078295645|P_EXP_DT=20260314
    [P_RMESG2] => 
    [P_NOTI] => 
    [P_AUTH_NO] => 
)

 Array
(
    [PageCall time] => 11:11:20
    [P_TID] => INIMX_VBNKCAEcatca0720260304111011515465
    [P_MID] => CAEcatca07
    [P_AUTH_DT] => 20260304111120
    [P_STATUS] => 02
    [P_TYPE] => VBANK
    [P_OID] => 260304-010
    [P_FN_CD1] => 11
    [P_FN_CD2] => 
    [P_FN_NM] => NH농협은행
    [P_AMT] => 3500
    [P_UNAME] => 정신희
    [P_RMESG1] => P_VACCT_NO=79014290559443|P_EXP_DT=20260314
    [P_RMESG2] => 
    [P_NOTI] => 
    [P_AUTH_NO] => 
)

 Array
(
    [PageCall time] => 11:23:15
    [P_TID] => INIMX_VBNKCAEcatca0720260304111640695526
    [P_MID] => CAEcatca07
    [P_AUTH_DT] => 20260304112315
    [P_STATUS] => 02
    [P_TYPE] => VBANK
    [P_OID] => 260304-011
    [P_FN_CD1] => 04
    [P_FN_CD2] => 
    [P_FN_NM] => KB국민은행
    [P_AMT] => 3500
    [P_UNAME] => 성경희
    [P_RMESG1] => P_VACCT_NO=26159078379828|P_EXP_DT=20260314
    [P_RMESG2] => 
    [P_NOTI] => 
    [P_AUTH_NO] => 
)

 Array
(
    [PageCall time] => 11:58:47
    [P_TID] => INIMX_VBNKCAEcatca0720260304115619465177
    [P_MID] => CAEcatca07
    [P_AUTH_DT] => 20260304115846
    [P_STATUS] => 02
    [P_TYPE] => VBANK
    [P_OID] => 260303-043
    [P_FN_CD1] => 11
    [P_FN_CD2] => 
    [P_FN_NM] => NH농협은행
    [P_AMT] => 3500
    [P_UNAME] => 나승철
    [P_RMESG1] => P_VACCT_NO=79014290567301|P_EXP_DT=20260314
    [P_RMESG2] => 
    [P_NOTI] => 
    [P_AUTH_NO] => 
)

 Array
(
    [PageCall time] => 11:59:14
    [P_TID] => INIMX_VBNKCAEcatca0720260304115844935587
    [P_MID] => CAEcatca07
    [P_AUTH_DT] => 20260304115914
    [P_STATUS] => 02
    [P_TYPE] => VBANK
    [P_OID] => 260304-012
    [P_FN_CD1] => 11
    [P_FN_CD2] => 
    [P_FN_NM] => NH농협은행
    [P_AMT] => 3500
    [P_UNAME] => 장고은
    [P_RMESG1] => P_VACCT_NO=79014290567531|P_EXP_DT=20260314
    [P_RMESG2] => 
    [P_NOTI] => 
    [P_AUTH_NO] => 
)

 Array
(
    [PageCall time] => 12:13:14
    [P_TID] => INIMX_VBNKCAEcatca0720260304121005225505
    [P_MID] => CAEcatca07
    [P_AUTH_DT] => 20260304121314
    [P_STATUS] => 02
    [P_TYPE] => VBANK
    [P_OID] => 260304-013
    [P_FN_CD1] => 88
    [P_FN_CD2] => 
    [P_FN_NM] => 신한은행
    [P_AMT] => 3500
    [P_UNAME] => 신동혁
    [P_RMESG1] => P_VACCT_NO=56211104695032|P_EXP_DT=20260314
    [P_RMESG2] => 
    [P_NOTI] => 
    [P_AUTH_NO] => 
)

 Array
(
    [PageCall time] => 12:24:09
    [P_TID] => INIMX_VBNKCAEcatca0720260304122135465005
    [P_MID] => CAEcatca07
    [P_AUTH_DT] => 20260304122409
    [P_STATUS] => 02
    [P_TYPE] => VBANK
    [P_OID] => 260227-025
    [P_FN_CD1] => 31
    [P_FN_CD2] => 
    [P_FN_NM] => 아이엠뱅크(대구은행)
    [P_AMT] => 3500
    [P_UNAME] => 전민규
    [P_RMESG1] => P_VACCT_NO=9600362823957|P_EXP_DT=20260314
    [P_RMESG2] => 
    [P_NOTI] => 
    [P_AUTH_NO] => 
)

 Array
(
    [PageCall time] => 12:49:36
    [P_TID] => INIMX_VBNKCAEcatca0720260304124636955571
    [P_MID] => CAEcatca07
    [P_AUTH_DT] => 20260304124936
    [P_STATUS] => 02
    [P_TYPE] => VBANK
    [P_OID] => 260304-014
    [P_FN_CD1] => 04
    [P_FN_CD2] => 
    [P_FN_NM] => KB국민은행
    [P_AMT] => 3500
    [P_UNAME] => 신민식
    [P_RMESG1] => P_VACCT_NO=26159078704899|P_EXP_DT=20260314
    [P_RMESG2] => 
    [P_NOTI] => 
    [P_AUTH_NO] => 
)

 Array
(
    [PageCall time] => 12:55:09
    [P_TID] => INIMX_VBNKCAEcatca0720260304125221355066
    [P_MID] => CAEcatca07
    [P_AUTH_DT] => 20260304125509
    [P_STATUS] => 02
    [P_TYPE] => VBANK
    [P_OID] => 260304-015
    [P_FN_CD1] => 20
    [P_FN_CD2] => 
    [P_FN_NM] => 우리은행
    [P_AMT] => 3500
    [P_UNAME] => 김지은
    [P_RMESG1] => P_VACCT_NO=27491488118941|P_EXP_DT=20260314
    [P_RMESG2] => 
    [P_NOTI] => 
    [P_AUTH_NO] => 
)

 Array
(
    [PageCall time] => 13:24:07
    [P_TID] => INIMX_VBNKCAEcatca0720260304132102215947
    [P_MID] => CAEcatca07
    [P_AUTH_DT] => 20260304132407
    [P_STATUS] => 02
    [P_TYPE] => VBANK
    [P_OID] => 260304-016
    [P_FN_CD1] => 04
    [P_FN_CD2] => 
    [P_FN_NM] => KB국민은행
    [P_AMT] => 3500
    [P_UNAME] => 최가연
    [P_RMESG1] => P_VACCT_NO=29419079465014|P_EXP_DT=20260314
    [P_RMESG2] => 
    [P_NOTI] => 
    [P_AUTH_NO] => 
)

 Array
(
    [PageCall time] => 14:16:46
    [P_TID] => INIMX_VBNKCAEcatca0720260304141452565898
    [P_MID] => CAEcatca07
    [P_AUTH_DT] => 20260304141645
    [P_STATUS] => 02
    [P_TYPE] => VBANK
    [P_OID] => 260304-017
    [P_FN_CD1] => 11
    [P_FN_CD2] => 
    [P_FN_NM] => NH농협은행
    [P_AMT] => 3500
    [P_UNAME] => 김산
    [P_RMESG1] => P_VACCT_NO=79014290585983|P_EXP_DT=20260314
    [P_RMESG2] => 
    [P_NOTI] => 
    [P_AUTH_NO] => 
)

 Array
(
    [PageCall time] => 14:30:40
    [P_TID] => INIMX_VBNKCAEcatca0720260304142951395240
    [P_MID] => CAEcatca07
    [P_AUTH_DT] => 20260304143040
    [P_STATUS] => 02
    [P_TYPE] => VBANK
    [P_OID] => 260304-020
    [P_FN_CD1] => 11
    [P_FN_CD2] => 
    [P_FN_NM] => NH농협은행
    [P_AMT] => 3500
    [P_UNAME] => 오현수
    [P_RMESG1] => P_VACCT_NO=79014290588613|P_EXP_DT=20260314
    [P_RMESG2] => 
    [P_NOTI] => 
    [P_AUTH_NO] => 
)

 Array
(
    [PageCall time] => 14:33:05
    [P_TID] => INIMX_VBNKCAEcatca0720260304105531945080
    [P_MID] => CAEcatca07
    [P_AUTH_DT] => 20260304143305
    [P_STATUS] => 02
    [P_TYPE] => VBANK
    [P_OID] => 260304-007
    [P_FN_CD1] => 11
    [P_FN_CD2] => 
    [P_FN_NM] => NH농협은행
    [P_AMT] => 3500
    [P_UNAME] => 박현주
    [P_RMESG1] => P_VACCT_NO=79014290556703|P_EXP_DT=20260314
    [P_RMESG2] => 
    [P_NOTI] => 
    [P_AUTH_NO] => 
)

 Array
(
    [PageCall time] => 15:11:54
    [P_TID] => INIMX_VBNKCAEcatca0720260304150919345167
    [P_MID] => CAEcatca07
    [P_AUTH_DT] => 20260304151154
    [P_STATUS] => 02
    [P_TYPE] => VBANK
    [P_OID] => 260304-021
    [P_FN_CD1] => 89
    [P_FN_CD2] => 
    [P_FN_NM] => 케이뱅크
    [P_AMT] => 3500
    [P_UNAME] => 김선명
    [P_RMESG1] => P_VACCT_NO=70112003665869|P_EXP_DT=20260314
    [P_RMESG2] => 
    [P_NOTI] => 
    [P_AUTH_NO] => 
)

 Array
(
    [PageCall time] => 15:23:08
    [P_TID] => INIMX_VBNKCAEcatca0720260304151941315523
    [P_MID] => CAEcatca07
    [P_AUTH_DT] => 20260304152308
    [P_STATUS] => 02
    [P_TYPE] => VBANK
    [P_OID] => 260304-022
    [P_FN_CD1] => 04
    [P_FN_CD2] => 
    [P_FN_NM] => KB국민은행
    [P_AMT] => 3500
    [P_UNAME] => 김석진
    [P_RMESG1] => P_VACCT_NO=70239014777211|P_EXP_DT=20260314
    [P_RMESG2] => 
    [P_NOTI] => 
    [P_AUTH_NO] => 
)

 Array
(
    [PageCall time] => 15:27:10
    [P_TID] => INIMX_VBNKCAEcatca0720260304152640705714
    [P_MID] => CAEcatca07
    [P_AUTH_DT] => 20260304152710
    [P_STATUS] => 02
    [P_TYPE] => VBANK
    [P_OID] => 260304-023
    [P_FN_CD1] => 11
    [P_FN_CD2] => 
    [P_FN_NM] => NH농협은행
    [P_AMT] => 3500
    [P_UNAME] => 조민호
    [P_RMESG1] => P_VACCT_NO=79014290597251|P_EXP_DT=20260314
    [P_RMESG2] => 
    [P_NOTI] => 
    [P_AUTH_NO] => 
)

 Array
(
    [PageCall time] => 15:36:47
    [P_TID] => INIMX_VBNKCAEcatca0720260304153336565154
    [P_MID] => CAEcatca07
    [P_AUTH_DT] => 20260304153647
    [P_STATUS] => 02
    [P_TYPE] => VBANK
    [P_OID] => 260304-024
    [P_FN_CD1] => 88
    [P_FN_CD2] => 
    [P_FN_NM] => 신한은행
    [P_AMT] => 3500
    [P_UNAME] => 이민숙
    [P_RMESG1] => P_VACCT_NO=56211104712680|P_EXP_DT=20260314
    [P_RMESG2] => 
    [P_NOTI] => 
    [P_AUTH_NO] => 
)

 Array
(
    [PageCall time] => 15:50:09
    [P_TID] => INIMX_VBNKCAEcatca0720260304154545245733
    [P_MID] => CAEcatca07
    [P_AUTH_DT] => 20260304155009
    [P_STATUS] => 02
    [P_TYPE] => VBANK
    [P_OID] => 260304-025
    [P_FN_CD1] => 04
    [P_FN_CD2] => 
    [P_FN_NM] => KB국민은행
    [P_AMT] => 3500
    [P_UNAME] => 임영아
    [P_RMESG1] => P_VACCT_NO=70239014792267|P_EXP_DT=20260314
    [P_RMESG2] => 
    [P_NOTI] => 
    [P_AUTH_NO] => 
)

 Array
(
    [PageCall time] => 16:12:35
    [P_TID] => INIMX_VBNKCAEcatca0720260304161000975886
    [P_MID] => CAEcatca07
    [P_AUTH_DT] => 20260304161235
    [P_STATUS] => 02
    [P_TYPE] => VBANK
    [P_OID] => 260304-027
    [P_FN_CD1] => 20
    [P_FN_CD2] => 
    [P_FN_NM] => 우리은행
    [P_AMT] => 3500
    [P_UNAME] => 유진
    [P_RMESG1] => P_VACCT_NO=27491512118374|P_EXP_DT=20260314
    [P_RMESG2] => 
    [P_NOTI] => 
    [P_AUTH_NO] => 
)

 Array
(
    [PageCall time] => 16:18:04
    [P_TID] => INIMX_VBNKCAEcatca0720260304161430915468
    [P_MID] => CAEcatca07
    [P_AUTH_DT] => 20260304161804
    [P_STATUS] => 02
    [P_TYPE] => VBANK
    [P_OID] => 260304-028
    [P_FN_CD1] => 04
    [P_FN_CD2] => 
    [P_FN_NM] => KB국민은행
    [P_AMT] => 3500
    [P_UNAME] => 최민상
    [P_RMESG1] => P_VACCT_NO=70239014805257|P_EXP_DT=20260314
    [P_RMESG2] => 
    [P_NOTI] => 
    [P_AUTH_NO] => 
)

 Array
(
    [PageCall time] => 16:27:43
    [P_TID] => INIMX_VBNKCAEcatca0720260304162505955440
    [P_MID] => CAEcatca07
    [P_AUTH_DT] => 20260304162743
    [P_STATUS] => 02
    [P_TYPE] => VBANK
    [P_OID] => 260304-026
    [P_FN_CD1] => 03
    [P_FN_CD2] => 
    [P_FN_NM] => 기업은행
    [P_AMT] => 3500
    [P_UNAME] => 홍두환
    [P_RMESG1] => P_VACCT_NO=07503249297181|P_EXP_DT=20260314
    [P_RMESG2] => 
    [P_NOTI] => 
    [P_AUTH_NO] => 
)

 Array
(
    [PageCall time] => 16:34:58
    [P_TID] => INIMX_VBNKCAEcatca0720260304163411115628
    [P_MID] => CAEcatca07
    [P_AUTH_DT] => 20260304163458
    [P_STATUS] => 02
    [P_TYPE] => VBANK
    [P_OID] => 260304-030
    [P_FN_CD1] => 11
    [P_FN_CD2] => 
    [P_FN_NM] => NH농협은행
    [P_AMT] => 3500
    [P_UNAME] => 오지은
    [P_RMESG1] => P_VACCT_NO=79014290607309|P_EXP_DT=20260314
    [P_RMESG2] => 
    [P_NOTI] => 
    [P_AUTH_NO] => 
)

 Array
(
    [PageCall time] => 16:41:31
    [P_TID] => INIMX_VBNKCAEcatca0720260304164053575062
    [P_MID] => CAEcatca07
    [P_AUTH_DT] => 20260304164131
    [P_STATUS] => 02
    [P_TYPE] => VBANK
    [P_OID] => 260304-031
    [P_FN_CD1] => 11
    [P_FN_CD2] => 
    [P_FN_NM] => NH농협은행
    [P_AMT] => 3500
    [P_UNAME] => 심승우
    [P_RMESG1] => P_VACCT_NO=79014290608326|P_EXP_DT=20260314
    [P_RMESG2] => 
    [P_NOTI] => 
    [P_AUTH_NO] => 
)

 Array
(
    [PageCall time] => 16:48:26
    [P_TID] => INIMX_VBNKCAEcatca0720260304164331895544
    [P_MID] => CAEcatca07
    [P_AUTH_DT] => 20260304164826
    [P_STATUS] => 02
    [P_TYPE] => VBANK
    [P_OID] => 260304-032
    [P_FN_CD1] => 04
    [P_FN_CD2] => 
    [P_FN_NM] => KB국민은행
    [P_AMT] => 3500
    [P_UNAME] => 권영심
    [P_RMESG1] => P_VACCT_NO=70239014831274|P_EXP_DT=20260314
    [P_RMESG2] => 
    [P_NOTI] => 
    [P_AUTH_NO] => 
)

 Array
(
    [PageCall time] => 17:45:53
    [P_TID] => INIMX_VBNKCAEcatca0720260304173219375570
    [P_MID] => CAEcatca07
    [P_AUTH_DT] => 20260304174552
    [P_STATUS] => 02
    [P_TYPE] => VBANK
    [P_OID] => 260304-033
    [P_FN_CD1] => 81
    [P_FN_CD2] => 
    [P_FN_NM] => 하나은행
    [P_AMT] => 3500
    [P_UNAME] => 김진환
    [P_RMESG1] => P_VACCT_NO=20894302248437|P_EXP_DT=20260314
    [P_RMESG2] => 
    [P_NOTI] => 
    [P_AUTH_NO] => 
)

 Array
(
    [PageCall time] => 18:08:24
    [P_TID] => INIMX_VBNKCAEcatca0720260304180725315936
    [P_MID] => CAEcatca07
    [P_AUTH_DT] => 20260304180824
    [P_STATUS] => 02
    [P_TYPE] => VBANK
    [P_OID] => 260304-001
    [P_FN_CD1] => 11
    [P_FN_CD2] => 
    [P_FN_NM] => NH농협은행
    [P_AMT] => 3500
    [P_UNAME] => 곽윤화
    [P_RMESG1] => P_VACCT_NO=79014290620508|P_EXP_DT=20260314
    [P_RMESG2] => 
    [P_NOTI] => 
    [P_AUTH_NO] => 
)

 Array
(
    [PageCall time] => 18:54:36
    [P_TID] => INIMX_VBNKCAEcatca0720260304185201325054
    [P_MID] => CAEcatca07
    [P_AUTH_DT] => 20260304185436
    [P_STATUS] => 02
    [P_TYPE] => VBANK
    [P_OID] => 260304-035
    [P_FN_CD1] => 88
    [P_FN_CD2] => 
    [P_FN_NM] => 신한은행
    [P_AMT] => 3500
    [P_UNAME] => 김희진
    [P_RMESG1] => P_VACCT_NO=56211104729434|P_EXP_DT=20260314
    [P_RMESG2] => 
    [P_NOTI] => 
    [P_AUTH_NO] => 
)

 Array
(
    [PageCall time] => 19:45:58
    [P_TID] => INIMX_VBNKCAEcatca0720260304194240335104
    [P_MID] => CAEcatca07
    [P_AUTH_DT] => 20260304194557
    [P_STATUS] => 02
    [P_TYPE] => VBANK
    [P_OID] => 260304-038
    [P_FN_CD1] => 20
    [P_FN_CD2] => 
    [P_FN_NM] => 우리은행
    [P_AMT] => 3500
    [P_UNAME] => 이증직
    [P_RMESG1] => P_VACCT_NO=27491535818725|P_EXP_DT=20260314
    [P_RMESG2] => 
    [P_NOTI] => 
    [P_AUTH_NO] => 
)

 Array
(
    [PageCall time] => 20:07:02
    [P_TID] => INIMX_VBNKCAEcatca0720260304200605985248
    [P_MID] => CAEcatca07
    [P_AUTH_DT] => 20260304200702
    [P_STATUS] => 02
    [P_TYPE] => VBANK
    [P_OID] => 260304-039
    [P_FN_CD1] => 71
    [P_FN_CD2] => 
    [P_FN_NM] => 우체국
    [P_AMT] => 3500
    [P_UNAME] => 송정아
    [P_RMESG1] => P_VACCT_NO=01398781213594|P_EXP_DT=20260314
    [P_RMESG2] => 
    [P_NOTI] => 
    [P_AUTH_NO] => 
)

 Array
(
    [PageCall time] => 21:16:05
    [P_TID] => INIMX_VBNKCAEcatca0720260304211222365580
    [P_MID] => CAEcatca07
    [P_AUTH_DT] => 20260304211605
    [P_STATUS] => 02
    [P_TYPE] => VBANK
    [P_OID] => 260304-040
    [P_FN_CD1] => 04
    [P_FN_CD2] => 
    [P_FN_NM] => KB국민은행
    [P_AMT] => 3500
    [P_UNAME] => 박광수
    [P_RMESG1] => P_VACCT_NO=70239014980482|P_EXP_DT=20260314
    [P_RMESG2] => 
    [P_NOTI] => 
    [P_AUTH_NO] => 
)

 Array
(
    [PageCall time] => 21:16:07
    [P_TID] => INIMX_VBNKCAEcatca0720260304211228605802
    [P_MID] => CAEcatca07
    [P_AUTH_DT] => 20260304211607
    [P_STATUS] => 02
    [P_TYPE] => VBANK
    [P_OID] => 260304-041
    [P_FN_CD1] => 20
    [P_FN_CD2] => 
    [P_FN_NM] => 우리은행
    [P_AMT] => 3500
    [P_UNAME] => 이현구
    [P_RMESG1] => P_VACCT_NO=27491550118836|P_EXP_DT=20260314
    [P_RMESG2] => 
    [P_NOTI] => 
    [P_AUTH_NO] => 
)

 Array
(
    [PageCall time] => 22:29:44
    [P_TID] => INIMX_VBNKCAEcatca0720260304222618535962
    [P_MID] => CAEcatca07
    [P_AUTH_DT] => 20260304222944
    [P_STATUS] => 02
    [P_TYPE] => VBANK
    [P_OID] => 260304-042
    [P_FN_CD1] => 04
    [P_FN_CD2] => 
    [P_FN_NM] => KB국민은행
    [P_AMT] => 3500
    [P_UNAME] => 노정리
    [P_RMESG1] => P_VACCT_NO=70239014988813|P_EXP_DT=20260314
    [P_RMESG2] => 
    [P_NOTI] => 
    [P_AUTH_NO] => 
)

