 Array
(
    [PageCall time] => 09:50:06
    [P_TID] => INIMX_VBNKCAEcatca0720251227094646495983
    [P_MID] => CAEcatca07
    [P_AUTH_DT] => 20251227095006
    [P_STATUS] => 02
    [P_TYPE] => VBANK
    [P_OID] => 251226-038
    [P_FN_CD1] => 04
    [P_FN_CD2] => 
    [P_FN_NM] => KB국민은행
    [P_AMT] => 3000
    [P_UNAME] => 이수홍
    [P_RMESG1] => P_VACCT_NO=26159078457913|P_EXP_DT=20260106
    [P_RMESG2] => 
    [P_NOTI] => 
    [P_AUTH_NO] => 
)

 Array
(
    [PageCall time] => 10:23:22
    [P_TID] => INIMX_VBNKCAEcatca0720251227102127555677
    [P_MID] => CAEcatca07
    [P_AUTH_DT] => 20251227102322
    [P_STATUS] => 02
    [P_TYPE] => VBANK
    [P_OID] => 251227-001
    [P_FN_CD1] => 11
    [P_FN_CD2] => 
    [P_FN_NM] => NH농협은행
    [P_AMT] => 3000
    [P_UNAME] => 박흥식
    [P_RMESG1] => P_VACCT_NO=79010587783518|P_EXP_DT=20260106
    [P_RMESG2] => 
    [P_NOTI] => 
    [P_AUTH_NO] => 
)

 Array
(
    [PageCall time] => 11:12:35
    [P_TID] => INIMX_VBNKCAEcatca0720251227111004795854
    [P_MID] => CAEcatca07
    [P_AUTH_DT] => 20251227111235
    [P_STATUS] => 02
    [P_TYPE] => VBANK
    [P_OID] => 251227-002
    [P_FN_CD1] => 04
    [P_FN_CD2] => 
    [P_FN_NM] => KB국민은행
    [P_AMT] => 3000
    [P_UNAME] => 조동호
    [P_RMESG1] => P_VACCT_NO=26159078513181|P_EXP_DT=20260106
    [P_RMESG2] => 
    [P_NOTI] => 
    [P_AUTH_NO] => 
)

 Array
(
    [PageCall time] => 11:33:41
    [P_TID] => INIMX_VBNKCAEcatca0720251227113231155121
    [P_MID] => CAEcatca07
    [P_AUTH_DT] => 20251227113341
    [P_STATUS] => 02
    [P_TYPE] => VBANK
    [P_OID] => 251227-003
    [P_FN_CD1] => 11
    [P_FN_CD2] => 
    [P_FN_NM] => NH농협은행
    [P_AMT] => 3000
    [P_UNAME] => 성진회
    [P_RMESG1] => P_VACCT_NO=79010587806660|P_EXP_DT=20260106
    [P_RMESG2] => 
    [P_NOTI] => 
    [P_AUTH_NO] => 
)

 Array
(
    [PageCall time] => 12:46:56
    [P_TID] => INIMX_VBNKCAEcatca0720251227124218145930
    [P_MID] => CAEcatca07
    [P_AUTH_DT] => 20251227124656
    [P_STATUS] => 02
    [P_TYPE] => VBANK
    [P_OID] => 251226-036
    [P_FN_CD1] => 20
    [P_FN_CD2] => 
    [P_FN_NM] => 우리은행
    [P_AMT] => 3000
    [P_UNAME] => 이병득
    [P_RMESG1] => P_VACCT_NO=27389674318473|P_EXP_DT=20260106
    [P_RMESG2] => 
    [P_NOTI] => 
    [P_AUTH_NO] => 
)

 Array
(
    [PageCall time] => 13:42:21
    [P_TID] => INIMX_VBNKCAEcatca0720251227133945535262
    [P_MID] => CAEcatca07
    [P_AUTH_DT] => 20251227134221
    [P_STATUS] => 02
    [P_TYPE] => VBANK
    [P_OID] => 251227-004
    [P_FN_CD1] => 03
    [P_FN_CD2] => 
    [P_FN_NM] => 기업은행
    [P_AMT] => 3000
    [P_UNAME] => 신현식
    [P_RMESG1] => P_VACCT_NO=07503254597777|P_EXP_DT=20260106
    [P_RMESG2] => 
    [P_NOTI] => 
    [P_AUTH_NO] => 
)

 Array
(
    [PageCall time] => 14:00:08
    [P_TID] => INIMX_VBNKCAEcatca0720251227135538145203
    [P_MID] => CAEcatca07
    [P_AUTH_DT] => 20251227140008
    [P_STATUS] => 02
    [P_TYPE] => VBANK
    [P_OID] => 251227-005
    [P_FN_CD1] => 04
    [P_FN_CD2] => 
    [P_FN_NM] => KB국민은행
    [P_AMT] => 3000
    [P_UNAME] => 김희태
    [P_RMESG1] => P_VACCT_NO=26119078282302|P_EXP_DT=20260106
    [P_RMESG2] => 
    [P_NOTI] => 
    [P_AUTH_NO] => 
)

 Array
(
    [PageCall time] => 15:55:21
    [P_TID] => INIMX_VBNKCAEcatca0720251227144438595584
    [P_MID] => CAEcatca07
    [P_AUTH_DT] => 20251227155521
    [P_STATUS] => 02
    [P_TYPE] => VBANK
    [P_OID] => 251227-006
    [P_FN_CD1] => 31
    [P_FN_CD2] => 
    [P_FN_NM] => 아이엠뱅크(대구은행)
    [P_AMT] => 3000
    [P_UNAME] => 박정희
    [P_RMESG1] => P_VACCT_NO=9600362562616|P_EXP_DT=20260106
    [P_RMESG2] => 
    [P_NOTI] => 
    [P_AUTH_NO] => 
)

 Array
(
    [PageCall time] => 19:01:48
    [P_TID] => INIMX_VBNKCAEcatca0720251227185920725203
    [P_MID] => CAEcatca07
    [P_AUTH_DT] => 20251227190148
    [P_STATUS] => 02
    [P_TYPE] => VBANK
    [P_OID] => 251227-007
    [P_FN_CD1] => 81
    [P_FN_CD2] => 
    [P_FN_NM] => 하나은행
    [P_AMT] => 3000
    [P_UNAME] => 오고은
    [P_RMESG1] => P_VACCT_NO=20893822078037|P_EXP_DT=20260106
    [P_RMESG2] => 
    [P_NOTI] => 
    [P_AUTH_NO] => 
)

 Array
(
    [PageCall time] => 20:45:45
    [P_TID] => INIMX_VBNKCAEcatca0720251227204153745455
    [P_MID] => CAEcatca07
    [P_AUTH_DT] => 20251227204545
    [P_STATUS] => 02
    [P_TYPE] => VBANK
    [P_OID] => 251227-008
    [P_FN_CD1] => 88
    [P_FN_CD2] => 
    [P_FN_NM] => 신한은행
    [P_AMT] => 3000
    [P_UNAME] => 오승희
    [P_RMESG1] => P_VACCT_NO=56211991667941|P_EXP_DT=20260106
    [P_RMESG2] => 
    [P_NOTI] => 
    [P_AUTH_NO] => 
)

 Array
(
    [PageCall time] => 22:20:58
    [P_TID] => INIMX_VBNKCAEcatca0720251227221735605679
    [P_MID] => CAEcatca07
    [P_AUTH_DT] => 20251227222058
    [P_STATUS] => 02
    [P_TYPE] => VBANK
    [P_OID] => 251227-010
    [P_FN_CD1] => 04
    [P_FN_CD2] => 
    [P_FN_NM] => KB국민은행
    [P_AMT] => 3000
    [P_UNAME] => 이홍숙
    [P_RMESG1] => P_VACCT_NO=26119078409727|P_EXP_DT=20260106
    [P_RMESG2] => 
    [P_NOTI] => 
    [P_AUTH_NO] => 
)

