 Array
(
    [PageCall time] => 00:17:38
    [P_TID] => INIMX_VBNKCAEcatca0720250421001504525886
    [P_MID] => CAEcatca07
    [P_AUTH_DT] => 20250421001738
    [P_STATUS] => 02
    [P_TYPE] => VBANK
    [P_OID] => 250421-001
    [P_FN_CD1] => 88
    [P_FN_CD2] => 
    [P_FN_NM] => 신한은행
    [P_AMT] => 3000
    [P_UNAME] => 김태일
    [P_RMESG1] => P_VACCT_NO=56211992525232|P_EXP_DT=20250501
    [P_RMESG2] => 
    [P_NOTI] => 
    [P_AUTH_NO] => 
)

 Array
(
    [PageCall time] => 08:30:52
    [P_TID] => INIMX_VBNKCAEcatca0720250421082737795402
    [P_MID] => CAEcatca07
    [P_AUTH_DT] => 20250421083052
    [P_STATUS] => 02
    [P_TYPE] => VBANK
    [P_OID] => 250421-004
    [P_FN_CD1] => 37
    [P_FN_CD2] => 
    [P_FN_NM] => 전북은행
    [P_AMT] => 3000
    [P_UNAME] => 유인희
    [P_RMESG1] => P_VACCT_NO=9101210000241|P_EXP_DT=20250501
    [P_RMESG2] => 
    [P_NOTI] => 
    [P_AUTH_NO] => 
)

 Array
(
    [PageCall time] => 10:31:07
    [P_TID] => INIMX_VBNKCAEcatca0720250421102933905243
    [P_MID] => CAEcatca07
    [P_AUTH_DT] => 20250421103107
    [P_STATUS] => 02
    [P_TYPE] => VBANK
    [P_OID] => 250421-007
    [P_FN_CD1] => 11
    [P_FN_CD2] => 
    [P_FN_NM] => NH농협은행
    [P_AMT] => 3000
    [P_UNAME] => 윤선경
    [P_RMESG1] => P_VACCT_NO=79015901079161|P_EXP_DT=20250501
    [P_RMESG2] => 
    [P_NOTI] => 
    [P_AUTH_NO] => 
)

 Array
(
    [PageCall time] => 10:53:34
    [P_TID] => INIMX_VBNKCAEcatca0720250421105040745529
    [P_MID] => CAEcatca07
    [P_AUTH_DT] => 20250421105334
    [P_STATUS] => 02
    [P_TYPE] => VBANK
    [P_OID] => 250421-008
    [P_FN_CD1] => 11
    [P_FN_CD2] => 
    [P_FN_NM] => NH농협은행
    [P_AMT] => 3000
    [P_UNAME] => 이은숙
    [P_RMESG1] => P_VACCT_NO=79015901081167|P_EXP_DT=20250501
    [P_RMESG2] => 
    [P_NOTI] => 
    [P_AUTH_NO] => 
)

 Array
(
    [PageCall time] => 12:18:53
    [P_TID] => INIMX_VBNKCAEcatca0720250421121734305337
    [P_MID] => CAEcatca07
    [P_AUTH_DT] => 20250421121853
    [P_STATUS] => 02
    [P_TYPE] => VBANK
    [P_OID] => 250421-003
    [P_FN_CD1] => 04
    [P_FN_CD2] => 
    [P_FN_NM] => KB국민은행
    [P_AMT] => 3000
    [P_UNAME] => 이홍범
    [P_RMESG1] => P_VACCT_NO=26119078381304|P_EXP_DT=20250501
    [P_RMESG2] => 
    [P_NOTI] => 
    [P_AUTH_NO] => 
)

 Array
(
    [PageCall time] => 12:41:58
    [P_TID] => INIMX_VBNKCAEcatca0720250421123922375557
    [P_MID] => CAEcatca07
    [P_AUTH_DT] => 20250421124158
    [P_STATUS] => 02
    [P_TYPE] => VBANK
    [P_OID] => 250421-011
    [P_FN_CD1] => 81
    [P_FN_CD2] => 
    [P_FN_NM] => 하나은행
    [P_AMT] => 3000
    [P_UNAME] => 곽노필
    [P_RMESG1] => P_VACCT_NO=20893825847837|P_EXP_DT=20250501
    [P_RMESG2] => 
    [P_NOTI] => 
    [P_AUTH_NO] => 
)

 Array
(
    [PageCall time] => 12:52:18
    [P_TID] => INIMX_VBNKCAEcatca0720250421125153515505
    [P_MID] => CAEcatca07
    [P_AUTH_DT] => 20250421125218
    [P_STATUS] => 02
    [P_TYPE] => VBANK
    [P_OID] => 250421-013
    [P_FN_CD1] => 04
    [P_FN_CD2] => 
    [P_FN_NM] => KB국민은행
    [P_AMT] => 3000
    [P_UNAME] => 김경호
    [P_RMESG1] => P_VACCT_NO=26119078392106|P_EXP_DT=20250501
    [P_RMESG2] => 
    [P_NOTI] => 
    [P_AUTH_NO] => 
)

 Array
(
    [PageCall time] => 13:23:29
    [P_TID] => INIMX_VBNKCAEcatca0720250421132047715607
    [P_MID] => CAEcatca07
    [P_AUTH_DT] => 20250421132329
    [P_STATUS] => 02
    [P_TYPE] => VBANK
    [P_OID] => 250421-014
    [P_FN_CD1] => 89
    [P_FN_CD2] => 
    [P_FN_NM] => 케이뱅크
    [P_AMT] => 3000
    [P_UNAME] => 한현진
    [P_RMESG1] => P_VACCT_NO=70112003344706|P_EXP_DT=20250501
    [P_RMESG2] => 
    [P_NOTI] => 
    [P_AUTH_NO] => 
)

 Array
(
    [PageCall time] => 13:37:06
    [P_TID] => INIMX_VBNKCAEcatca0720250421133426655938
    [P_MID] => CAEcatca07
    [P_AUTH_DT] => 20250421133706
    [P_STATUS] => 02
    [P_TYPE] => VBANK
    [P_OID] => 250421-016
    [P_FN_CD1] => 88
    [P_FN_CD2] => 
    [P_FN_NM] => 신한은행
    [P_AMT] => 3000
    [P_UNAME] => 강은영
    [P_RMESG1] => P_VACCT_NO=56211992618704|P_EXP_DT=20250501
    [P_RMESG2] => 
    [P_NOTI] => 
    [P_AUTH_NO] => 
)

 Array
(
    [PageCall time] => 13:48:03
    [P_TID] => INIMX_VBNKCAEcatca0720250421134457855415
    [P_MID] => CAEcatca07
    [P_AUTH_DT] => 20250421134803
    [P_STATUS] => 02
    [P_TYPE] => VBANK
    [P_OID] => 250417-023
    [P_FN_CD1] => 34
    [P_FN_CD2] => 
    [P_FN_NM] => 광주은행
    [P_AMT] => 3000
    [P_UNAME] => 임환휘
    [P_RMESG1] => P_VACCT_NO=810865247025|P_EXP_DT=20250501
    [P_RMESG2] => 
    [P_NOTI] => 
    [P_AUTH_NO] => 
)

 Array
(
    [PageCall time] => 13:58:39
    [P_TID] => INIMX_VBNKCAEcatca0720250421135602545726
    [P_MID] => CAEcatca07
    [P_AUTH_DT] => 20250421135839
    [P_STATUS] => 02
    [P_TYPE] => VBANK
    [P_OID] => 250421-018
    [P_FN_CD1] => 20
    [P_FN_CD2] => 
    [P_FN_NM] => 우리은행
    [P_AMT] => 3000
    [P_UNAME] => 문정아
    [P_RMESG1] => P_VACCT_NO=27389629018846|P_EXP_DT=20250501
    [P_RMESG2] => 
    [P_NOTI] => 
    [P_AUTH_NO] => 
)

 Array
(
    [PageCall time] => 14:07:20
    [P_TID] => INIMX_VBNKCAEcatca0720250421140413595762
    [P_MID] => CAEcatca07
    [P_AUTH_DT] => 20250421140720
    [P_STATUS] => 02
    [P_TYPE] => VBANK
    [P_OID] => 250421-017
    [P_FN_CD1] => 81
    [P_FN_CD2] => 
    [P_FN_NM] => 하나은행
    [P_AMT] => 3000
    [P_UNAME] => 김윤기
    [P_RMESG1] => P_VACCT_NO=20893826765537|P_EXP_DT=20250501
    [P_RMESG2] => 
    [P_NOTI] => 
    [P_AUTH_NO] => 
)

 Array
(
    [PageCall time] => 14:24:56
    [P_TID] => INIMX_VBNKCAEcatca0720250421142419715543
    [P_MID] => CAEcatca07
    [P_AUTH_DT] => 20250421142456
    [P_STATUS] => 02
    [P_TYPE] => VBANK
    [P_OID] => 250421-019
    [P_FN_CD1] => 11
    [P_FN_CD2] => 
    [P_FN_NM] => NH농협은행
    [P_AMT] => 3000
    [P_UNAME] => 송승환
    [P_RMESG1] => P_VACCT_NO=79015901113508|P_EXP_DT=20250501
    [P_RMESG2] => 
    [P_NOTI] => 
    [P_AUTH_NO] => 
)

 Array
(
    [PageCall time] => 14:28:01
    [P_TID] => INIMX_VBNKCAEcatca0720250421142719205719
    [P_MID] => CAEcatca07
    [P_AUTH_DT] => 20250421142801
    [P_STATUS] => 02
    [P_TYPE] => VBANK
    [P_OID] => 250421-020
    [P_FN_CD1] => 04
    [P_FN_CD2] => 
    [P_FN_NM] => KB국민은행
    [P_AMT] => 3000
    [P_UNAME] => 김민진
    [P_RMESG1] => P_VACCT_NO=26119078620773|P_EXP_DT=20250501
    [P_RMESG2] => 
    [P_NOTI] => 
    [P_AUTH_NO] => 
)

 Array
(
    [PageCall time] => 14:36:21
    [P_TID] => INIMX_VBNKCAEcatca0720250421143348175810
    [P_MID] => CAEcatca07
    [P_AUTH_DT] => 20250421143621
    [P_STATUS] => 02
    [P_TYPE] => VBANK
    [P_OID] => 250421-021
    [P_FN_CD1] => 88
    [P_FN_CD2] => 
    [P_FN_NM] => 신한은행
    [P_AMT] => 3000
    [P_UNAME] => 황유진
    [P_RMESG1] => P_VACCT_NO=56211992661830|P_EXP_DT=20250501
    [P_RMESG2] => 
    [P_NOTI] => 
    [P_AUTH_NO] => 
)

 Array
(
    [PageCall time] => 14:45:15
    [P_TID] => INIMX_VBNKCAEcatca0720250421144155185068
    [P_MID] => CAEcatca07
    [P_AUTH_DT] => 20250421144515
    [P_STATUS] => 02
    [P_TYPE] => VBANK
    [P_OID] => 250421-022
    [P_FN_CD1] => 11
    [P_FN_CD2] => 
    [P_FN_NM] => NH농협은행
    [P_AMT] => 3000
    [P_UNAME] => 한현희
    [P_RMESG1] => P_VACCT_NO=79015901117241|P_EXP_DT=20250501
    [P_RMESG2] => 
    [P_NOTI] => 
    [P_AUTH_NO] => 
)

 Array
(
    [PageCall time] => 15:04:55
    [P_TID] => INIMX_VBNKCAEcatca0720250421150132815499
    [P_MID] => CAEcatca07
    [P_AUTH_DT] => 20250421150455
    [P_STATUS] => 02
    [P_TYPE] => VBANK
    [P_OID] => 250414-014
    [P_FN_CD1] => 03
    [P_FN_CD2] => 
    [P_FN_NM] => 기업은행
    [P_AMT] => 3000
    [P_UNAME] => 강수진
    [P_RMESG1] => P_VACCT_NO=07503310597343|P_EXP_DT=20250501
    [P_RMESG2] => 
    [P_NOTI] => 
    [P_AUTH_NO] => 
)

 Array
(
    [PageCall time] => 15:41:21
    [P_TID] => INIMX_VBNKCAEcatca0720250421154043655219
    [P_MID] => CAEcatca07
    [P_AUTH_DT] => 20250421154121
    [P_STATUS] => 02
    [P_TYPE] => VBANK
    [P_OID] => 250421-024
    [P_FN_CD1] => 04
    [P_FN_CD2] => 
    [P_FN_NM] => KB국민은행
    [P_AMT] => 3000
    [P_UNAME] => 김선우
    [P_RMESG1] => P_VACCT_NO=26119078718720|P_EXP_DT=20250501
    [P_RMESG2] => 
    [P_NOTI] => 
    [P_AUTH_NO] => 
)

 Array
(
    [PageCall time] => 17:02:07
    [P_TID] => INIMX_VBNKCAEcatca0720250421165938895534
    [P_MID] => CAEcatca07
    [P_AUTH_DT] => 20250421170207
    [P_STATUS] => 02
    [P_TYPE] => VBANK
    [P_OID] => 250421-005
    [P_FN_CD1] => 20
    [P_FN_CD2] => 
    [P_FN_NM] => 우리은행
    [P_AMT] => 3000
    [P_UNAME] => 서상원
    [P_RMESG1] => P_VACCT_NO=27389647618686|P_EXP_DT=20250501
    [P_RMESG2] => 
    [P_NOTI] => 
    [P_AUTH_NO] => 
)

 Array
(
    [PageCall time] => 17:10:34
    [P_TID] => INIMX_VBNKCAEcatca0720250421170714765552
    [P_MID] => CAEcatca07
    [P_AUTH_DT] => 20250421171034
    [P_STATUS] => 02
    [P_TYPE] => VBANK
    [P_OID] => 250421-027
    [P_FN_CD1] => 89
    [P_FN_CD2] => 
    [P_FN_NM] => 케이뱅크
    [P_AMT] => 3000
    [P_UNAME] => 이정호
    [P_RMESG1] => P_VACCT_NO=70112003347732|P_EXP_DT=20250501
    [P_RMESG2] => 
    [P_NOTI] => 
    [P_AUTH_NO] => 
)

 Array
(
    [PageCall time] => 17:21:21
    [P_TID] => INIMX_VBNKCAEcatca0720250421172032355643
    [P_MID] => CAEcatca07
    [P_AUTH_DT] => 20250421172121
    [P_STATUS] => 02
    [P_TYPE] => VBANK
    [P_OID] => 250421-029
    [P_FN_CD1] => 04
    [P_FN_CD2] => 
    [P_FN_NM] => KB국민은행
    [P_AMT] => 3000
    [P_UNAME] => 김하늘
    [P_RMESG1] => P_VACCT_NO=26119078839201|P_EXP_DT=20250501
    [P_RMESG2] => 
    [P_NOTI] => 
    [P_AUTH_NO] => 
)

 Array
(
    [PageCall time] => 17:22:06
    [P_TID] => INIMX_VBNKCAEcatca0720250421171938635398
    [P_MID] => CAEcatca07
    [P_AUTH_DT] => 20250421172205
    [P_STATUS] => 02
    [P_TYPE] => VBANK
    [P_OID] => 250421-028
    [P_FN_CD1] => 81
    [P_FN_CD2] => 
    [P_FN_NM] => 하나은행
    [P_AMT] => 3000
    [P_UNAME] => 명지연
    [P_RMESG1] => P_VACCT_NO=20893828510837|P_EXP_DT=20250501
    [P_RMESG2] => 
    [P_NOTI] => 
    [P_AUTH_NO] => 
)

 Array
(
    [PageCall time] => 17:29:24
    [P_TID] => INIMX_VBNKCAEcatca0720250421105916855437
    [P_MID] => CAEcatca07
    [P_AUTH_DT] => 20250421172924
    [P_STATUS] => 02
    [P_TYPE] => VBANK
    [P_OID] => 250421-010
    [P_FN_CD1] => 88
    [P_FN_CD2] => 
    [P_FN_NM] => 신한은행
    [P_AMT] => 3000
    [P_UNAME] => 천지영
    [P_RMESG1] => P_VACCT_NO=56211992574913|P_EXP_DT=20250501
    [P_RMESG2] => 
    [P_NOTI] => 
    [P_AUTH_NO] => 
)

 Array
(
    [PageCall time] => 18:40:33
    [P_TID] => INIMX_VBNKCAEcatca0720250421183747335894
    [P_MID] => CAEcatca07
    [P_AUTH_DT] => 20250421184033
    [P_STATUS] => 02
    [P_TYPE] => VBANK
    [P_OID] => 250421-032
    [P_FN_CD1] => 88
    [P_FN_CD2] => 
    [P_FN_NM] => 신한은행
    [P_AMT] => 3000
    [P_UNAME] => 한지윤
    [P_RMESG1] => P_VACCT_NO=56211992731096|P_EXP_DT=20250501
    [P_RMESG2] => 
    [P_NOTI] => 
    [P_AUTH_NO] => 
)

 Array
(
    [PageCall time] => 18:49:01
    [P_TID] => INIMX_VBNKCAEcatca0720250421184832415741
    [P_MID] => CAEcatca07
    [P_AUTH_DT] => 20250421184901
    [P_STATUS] => 02
    [P_TYPE] => VBANK
    [P_OID] => 250421-034
    [P_FN_CD1] => 11
    [P_FN_CD2] => 
    [P_FN_NM] => NH농협은행
    [P_AMT] => 3000
    [P_UNAME] => 황지영
    [P_RMESG1] => P_VACCT_NO=79015901159960|P_EXP_DT=20250501
    [P_RMESG2] => 
    [P_NOTI] => 
    [P_AUTH_NO] => 
)

 Array
(
    [PageCall time] => 19:26:47
    [P_TID] => INIMX_VBNKCAEcatca0720250421192412255527
    [P_MID] => CAEcatca07
    [P_AUTH_DT] => 20250421192647
    [P_STATUS] => 02
    [P_TYPE] => VBANK
    [P_OID] => 250421-035
    [P_FN_CD1] => 88
    [P_FN_CD2] => 
    [P_FN_NM] => 신한은행
    [P_AMT] => 3000
    [P_UNAME] => 김현정
    [P_RMESG1] => P_VACCT_NO=56211992741800|P_EXP_DT=20250501
    [P_RMESG2] => 
    [P_NOTI] => 
    [P_AUTH_NO] => 
)

 Array
(
    [PageCall time] => 19:55:43
    [P_TID] => INIMX_VBNKCAEcatca0720250421195228275342
    [P_MID] => CAEcatca07
    [P_AUTH_DT] => 20250421195543
    [P_STATUS] => 02
    [P_TYPE] => VBANK
    [P_OID] => 250421-036
    [P_FN_CD1] => 20
    [P_FN_CD2] => 
    [P_FN_NM] => 우리은행
    [P_AMT] => 3000
    [P_UNAME] => 박수봉
    [P_RMESG1] => P_VACCT_NO=27389657318441|P_EXP_DT=20250501
    [P_RMESG2] => 
    [P_NOTI] => 
    [P_AUTH_NO] => 
)

 Array
(
    [PageCall time] => 19:57:40
    [P_TID] => INIMX_VBNKCAEcatca0720250421195434485880
    [P_MID] => CAEcatca07
    [P_AUTH_DT] => 20250421195740
    [P_STATUS] => 02
    [P_TYPE] => VBANK
    [P_OID] => 250421-037
    [P_FN_CD1] => 20
    [P_FN_CD2] => 
    [P_FN_NM] => 우리은행
    [P_AMT] => 3000
    [P_UNAME] => 박종희
    [P_RMESG1] => P_VACCT_NO=27389657318530|P_EXP_DT=20250501
    [P_RMESG2] => 
    [P_NOTI] => 
    [P_AUTH_NO] => 
)

 Array
(
    [PageCall time] => 20:05:29
    [P_TID] => INIMX_VBNKCAEcatca0720250421200446455800
    [P_MID] => CAEcatca07
    [P_AUTH_DT] => 20250421200529
    [P_STATUS] => 02
    [P_TYPE] => VBANK
    [P_OID] => 250421-039
    [P_FN_CD1] => 04
    [P_FN_CD2] => 
    [P_FN_NM] => KB국민은행
    [P_AMT] => 3000
    [P_UNAME] => 박현선
    [P_RMESG1] => P_VACCT_NO=52499014900701|P_EXP_DT=20250501
    [P_RMESG2] => 
    [P_NOTI] => 
    [P_AUTH_NO] => 
)

 Array
(
    [PageCall time] => 21:46:09
    [P_TID] => INIMX_VBNKCAEcatca0720250421214250235646
    [P_MID] => CAEcatca07
    [P_AUTH_DT] => 20250421214609
    [P_STATUS] => 02
    [P_TYPE] => VBANK
    [P_OID] => 250421-025
    [P_FN_CD1] => 20
    [P_FN_CD2] => 
    [P_FN_NM] => 우리은행
    [P_AMT] => 3000
    [P_UNAME] => 김매
    [P_RMESG1] => P_VACCT_NO=27389662118224|P_EXP_DT=20250501
    [P_RMESG2] => 
    [P_NOTI] => 
    [P_AUTH_NO] => 
)

 Array
(
    [PageCall time] => 21:56:43
    [P_TID] => INIMX_VBNKCAEcatca0720250421215340765392
    [P_MID] => CAEcatca07
    [P_AUTH_DT] => 20250421215643
    [P_STATUS] => 02
    [P_TYPE] => VBANK
    [P_OID] => 250421-040
    [P_FN_CD1] => 81
    [P_FN_CD2] => 
    [P_FN_NM] => 하나은행
    [P_AMT] => 3000
    [P_UNAME] => 김형준
    [P_RMESG1] => P_VACCT_NO=20893830450437|P_EXP_DT=20250501
    [P_RMESG2] => 
    [P_NOTI] => 
    [P_AUTH_NO] => 
)

 Array
(
    [PageCall time] => 22:37:22
    [P_TID] => INIMX_VBNKCAEcatca0720250421223618425605
    [P_MID] => CAEcatca07
    [P_AUTH_DT] => 20250421223722
    [P_STATUS] => 02
    [P_TYPE] => VBANK
    [P_OID] => 250420-004
    [P_FN_CD1] => 11
    [P_FN_CD2] => 
    [P_FN_NM] => NH농협은행
    [P_AMT] => 3000
    [P_UNAME] => 황승진
    [P_RMESG1] => P_VACCT_NO=79015901182002|P_EXP_DT=20250501
    [P_RMESG2] => 
    [P_NOTI] => 
    [P_AUTH_NO] => 
)

