 Array
(
    [PageCall time] => 09:18:01
    [P_TID] => INIMX_VBNKCAEcatca0720260225230035445498
    [P_MID] => CAEcatca07
    [P_AUTH_DT] => 20260226091800
    [P_STATUS] => 02
    [P_TYPE] => VBANK
    [P_OID] => 260225-050
    [P_FN_CD1] => 11
    [P_FN_CD2] => 
    [P_FN_NM] => NH농협은행
    [P_AMT] => 3500
    [P_UNAME] => 박상호
    [P_RMESG1] => P_VACCT_NO=79014289932543|P_EXP_DT=20260307
    [P_RMESG2] => 
    [P_NOTI] => 
    [P_AUTH_NO] => 
)

 Array
(
    [PageCall time] => 09:30:13
    [P_TID] => INIMX_VBNKCAEcatca0720260226092720805218
    [P_MID] => CAEcatca07
    [P_AUTH_DT] => 20260226093012
    [P_STATUS] => 02
    [P_TYPE] => VBANK
    [P_OID] => 260225-045
    [P_FN_CD1] => 88
    [P_FN_CD2] => 
    [P_FN_NM] => 신한은행
    [P_AMT] => 3500
    [P_UNAME] => 이성무
    [P_RMESG1] => P_VACCT_NO=56211104362509|P_EXP_DT=20260308
    [P_RMESG2] => 
    [P_NOTI] => 
    [P_AUTH_NO] => 
)

 Array
(
    [PageCall time] => 10:24:56
    [P_TID] => INIMX_VBNKCAEcatca0720260226102159614039
    [P_MID] => CAEcatca07
    [P_AUTH_DT] => 20260226102456
    [P_STATUS] => 02
    [P_TYPE] => VBANK
    [P_OID] => 260226-006
    [P_FN_CD1] => 88
    [P_FN_CD2] => 
    [P_FN_NM] => 신한은행
    [P_AMT] => 3500
    [P_UNAME] => 이재하
    [P_RMESG1] => P_VACCT_NO=56211991599897|P_EXP_DT=20260308
    [P_RMESG2] => 
    [P_NOTI] => 
    [P_AUTH_NO] => 
)

 Array
(
    [PageCall time] => 10:31:09
    [P_TID] => INIMX_VBNKCAEcatca0720260226103003914102
    [P_MID] => CAEcatca07
    [P_AUTH_DT] => 20260226103109
    [P_STATUS] => 02
    [P_TYPE] => VBANK
    [P_OID] => 260226-009
    [P_FN_CD1] => 71
    [P_FN_CD2] => 
    [P_FN_NM] => 우체국
    [P_AMT] => 3500
    [P_UNAME] => 노명희
    [P_RMESG1] => P_VACCT_NO=01401981604771|P_EXP_DT=20260308
    [P_RMESG2] => 
    [P_NOTI] => 
    [P_AUTH_NO] => 
)

 Array
(
    [PageCall time] => 10:50:15
    [P_TID] => INIMX_VBNKCAEcatca0720260226104618804298
    [P_MID] => CAEcatca07
    [P_AUTH_DT] => 20260226105015
    [P_STATUS] => 02
    [P_TYPE] => VBANK
    [P_OID] => 260226-011
    [P_FN_CD1] => 88
    [P_FN_CD2] => 
    [P_FN_NM] => 신한은행
    [P_AMT] => 3500
    [P_UNAME] => 고명선
    [P_RMESG1] => P_VACCT_NO=56211991649269|P_EXP_DT=20260308
    [P_RMESG2] => 
    [P_NOTI] => 
    [P_AUTH_NO] => 
)

 Array
(
    [PageCall time] => 11:28:42
    [P_TID] => INIMX_VBNKCAEcatca0720260226112622644132
    [P_MID] => CAEcatca07
    [P_AUTH_DT] => 20260226112842
    [P_STATUS] => 02
    [P_TYPE] => VBANK
    [P_OID] => 260226-013
    [P_FN_CD1] => 11
    [P_FN_CD2] => 
    [P_FN_NM] => NH농협은행
    [P_AMT] => 3500
    [P_UNAME] => 양영숙
    [P_RMESG1] => P_VACCT_NO=79006426400826|P_EXP_DT=20260308
    [P_RMESG2] => 
    [P_NOTI] => 
    [P_AUTH_NO] => 
)

 Array
(
    [PageCall time] => 11:36:17
    [P_TID] => INIMX_VBNKCAEcatca0720260225224022225579
    [P_MID] => CAEcatca07
    [P_AUTH_DT] => 20260226113616
    [P_STATUS] => 02
    [P_TYPE] => VBANK
    [P_OID] => 260225-049
    [P_FN_CD1] => 04
    [P_FN_CD2] => 
    [P_FN_NM] => KB국민은행
    [P_AMT] => 3500
    [P_UNAME] => 박미정
    [P_RMESG1] => P_VACCT_NO=70239014079184|P_EXP_DT=20260307
    [P_RMESG2] => 
    [P_NOTI] => 
    [P_AUTH_NO] => 
)

 Array
(
    [PageCall time] => 12:09:17
    [P_TID] => INIMX_VBNKCAEcatca0720260226120412794534
    [P_MID] => CAEcatca07
    [P_AUTH_DT] => 20260226120917
    [P_STATUS] => 02
    [P_TYPE] => VBANK
    [P_OID] => 260226-016
    [P_FN_CD1] => 11
    [P_FN_CD2] => 
    [P_FN_NM] => NH농협은행
    [P_AMT] => 3500
    [P_UNAME] => 권순권
    [P_RMESG1] => P_VACCT_NO=79006426413468|P_EXP_DT=20260308
    [P_RMESG2] => 
    [P_NOTI] => 
    [P_AUTH_NO] => 
)

 Array
(
    [PageCall time] => 12:56:52
    [P_TID] => INIMX_VBNKCAEcatca0720260226125309104142
    [P_MID] => CAEcatca07
    [P_AUTH_DT] => 20260226125652
    [P_STATUS] => 02
    [P_TYPE] => VBANK
    [P_OID] => 260226-017
    [P_FN_CD1] => 23
    [P_FN_CD2] => 
    [P_FN_NM] => SC은행
    [P_AMT] => 3500
    [P_UNAME] => 김지영
    [P_RMESG1] => P_VACCT_NO=46416000776965|P_EXP_DT=20260308
    [P_RMESG2] => 
    [P_NOTI] => 
    [P_AUTH_NO] => 
)

 Array
(
    [PageCall time] => 13:20:57
    [P_TID] => INIMX_VBNKCAEcatca0720260226131824834411
    [P_MID] => CAEcatca07
    [P_AUTH_DT] => 20260226132057
    [P_STATUS] => 02
    [P_TYPE] => VBANK
    [P_OID] => 260226-015
    [P_FN_CD1] => 88
    [P_FN_CD2] => 
    [P_FN_NM] => 신한은행
    [P_AMT] => 3500
    [P_UNAME] => 최소혜
    [P_RMESG1] => P_VACCT_NO=56211991849680|P_EXP_DT=20260308
    [P_RMESG2] => 
    [P_NOTI] => 
    [P_AUTH_NO] => 
)

 Array
(
    [PageCall time] => 14:22:17
    [P_TID] => INIMX_VBNKCAEcatca0720260226141916414687
    [P_MID] => CAEcatca07
    [P_AUTH_DT] => 20260226142217
    [P_STATUS] => 02
    [P_TYPE] => VBANK
    [P_OID] => 260226-021
    [P_FN_CD1] => 04
    [P_FN_CD2] => 
    [P_FN_NM] => KB국민은행
    [P_AMT] => 3500
    [P_UNAME] => 유용상
    [P_RMESG1] => P_VACCT_NO=00159071563639|P_EXP_DT=20260308
    [P_RMESG2] => 
    [P_NOTI] => 
    [P_AUTH_NO] => 
)

 Array
(
    [PageCall time] => 14:40:51
    [P_TID] => INIMX_VBNKCAEcatca0720260226143948854308
    [P_MID] => CAEcatca07
    [P_AUTH_DT] => 20260226144051
    [P_STATUS] => 02
    [P_TYPE] => VBANK
    [P_OID] => 260226-024
    [P_FN_CD1] => 11
    [P_FN_CD2] => 
    [P_FN_NM] => NH농협은행
    [P_AMT] => 3500
    [P_UNAME] => 이선민
    [P_RMESG1] => P_VACCT_NO=79006426477136|P_EXP_DT=20260308
    [P_RMESG2] => 
    [P_NOTI] => 
    [P_AUTH_NO] => 
)

 Array
(
    [PageCall time] => 15:01:22
    [P_TID] => INIMX_VBNKCAEcatca0720260226145943894282
    [P_MID] => CAEcatca07
    [P_AUTH_DT] => 20260226150122
    [P_STATUS] => 02
    [P_TYPE] => VBANK
    [P_OID] => 260226-025
    [P_FN_CD1] => 11
    [P_FN_CD2] => 
    [P_FN_NM] => NH농협은행
    [P_AMT] => 3500
    [P_UNAME] => 이희옥
    [P_RMESG1] => P_VACCT_NO=79006426487932|P_EXP_DT=20260308
    [P_RMESG2] => 
    [P_NOTI] => 
    [P_AUTH_NO] => 
)

 Array
(
    [PageCall time] => 15:24:05
    [P_TID] => INIMX_VBNKCAEcatca0720260226152102374495
    [P_MID] => CAEcatca07
    [P_AUTH_DT] => 20260226152405
    [P_STATUS] => 02
    [P_TYPE] => VBANK
    [P_OID] => 260226-028
    [P_FN_CD1] => 81
    [P_FN_CD2] => 
    [P_FN_NM] => 하나은행
    [P_AMT] => 3500
    [P_UNAME] => 오보람
    [P_RMESG1] => P_VACCT_NO=20894240794137|P_EXP_DT=20260308
    [P_RMESG2] => 
    [P_NOTI] => 
    [P_AUTH_NO] => 
)

 Array
(
    [PageCall time] => 15:58:31
    [P_TID] => INIMX_VBNKCAEcatca0720260226155523474612
    [P_MID] => CAEcatca07
    [P_AUTH_DT] => 20260226155831
    [P_STATUS] => 02
    [P_TYPE] => VBANK
    [P_OID] => 260226-029
    [P_FN_CD1] => 04
    [P_FN_CD2] => 
    [P_FN_NM] => KB국민은행
    [P_AMT] => 3500
    [P_UNAME] => 이미선
    [P_RMESG1] => P_VACCT_NO=00159071593414|P_EXP_DT=20260308
    [P_RMESG2] => 
    [P_NOTI] => 
    [P_AUTH_NO] => 
)

 Array
(
    [PageCall time] => 16:28:37
    [P_TID] => INIMX_VBNKCAEcatca0720260226162800674107
    [P_MID] => CAEcatca07
    [P_AUTH_DT] => 20260226162837
    [P_STATUS] => 02
    [P_TYPE] => VBANK
    [P_OID] => 260226-034
    [P_FN_CD1] => 11
    [P_FN_CD2] => 
    [P_FN_NM] => NH농협은행
    [P_AMT] => 3500
    [P_UNAME] => 황인이
    [P_RMESG1] => P_VACCT_NO=79006426530126|P_EXP_DT=20260308
    [P_RMESG2] => 
    [P_NOTI] => 
    [P_AUTH_NO] => 
)

 Array
(
    [PageCall time] => 16:28:49
    [P_TID] => INIMX_VBNKCAEcatca0720260226162805194481
    [P_MID] => CAEcatca07
    [P_AUTH_DT] => 20260226162848
    [P_STATUS] => 02
    [P_TYPE] => VBANK
    [P_OID] => 260226-032
    [P_FN_CD1] => 11
    [P_FN_CD2] => 
    [P_FN_NM] => NH농협은행
    [P_AMT] => 3500
    [P_UNAME] => 강내정
    [P_RMESG1] => P_VACCT_NO=79006426530138|P_EXP_DT=20260308
    [P_RMESG2] => 
    [P_NOTI] => 
    [P_AUTH_NO] => 
)

 Array
(
    [PageCall time] => 16:33:21
    [P_TID] => INIMX_VBNKCAEcatca0720260226162945584534
    [P_MID] => CAEcatca07
    [P_AUTH_DT] => 20260226163321
    [P_STATUS] => 02
    [P_TYPE] => VBANK
    [P_OID] => 260226-033
    [P_FN_CD1] => 88
    [P_FN_CD2] => 
    [P_FN_NM] => 신한은행
    [P_AMT] => 3500
    [P_UNAME] => 반경은
    [P_RMESG1] => P_VACCT_NO=56211991961384|P_EXP_DT=20260308
    [P_RMESG2] => 
    [P_NOTI] => 
    [P_AUTH_NO] => 
)

 Array
(
    [PageCall time] => 16:46:33
    [P_TID] => INIMX_VBNKCAEcatca0720260226164354914169
    [P_MID] => CAEcatca07
    [P_AUTH_DT] => 20260226164633
    [P_STATUS] => 02
    [P_TYPE] => VBANK
    [P_OID] => 260226-035
    [P_FN_CD1] => 20
    [P_FN_CD2] => 
    [P_FN_NM] => 우리은행
    [P_AMT] => 3500
    [P_UNAME] => 한성택
    [P_RMESG1] => P_VACCT_NO=27384962518761|P_EXP_DT=20260308
    [P_RMESG2] => 
    [P_NOTI] => 
    [P_AUTH_NO] => 
)

 Array
(
    [PageCall time] => 16:47:23
    [P_TID] => INIMX_VBNKCAEcatca0720260226162623314365
    [P_MID] => CAEcatca07
    [P_AUTH_DT] => 20260226164723
    [P_STATUS] => 02
    [P_TYPE] => VBANK
    [P_OID] => 260224-024
    [P_FN_CD1] => 04
    [P_FN_CD2] => 
    [P_FN_NM] => KB국민은행
    [P_AMT] => 3500
    [P_UNAME] => 김민준
    [P_RMESG1] => P_VACCT_NO=00159071604707|P_EXP_DT=20260308
    [P_RMESG2] => 
    [P_NOTI] => 
    [P_AUTH_NO] => 
)

 Array
(
    [PageCall time] => 16:48:00
    [P_TID] => INIMX_VBNKCAEcatca0720260226163144644965
    [P_MID] => CAEcatca07
    [P_AUTH_DT] => 20260226164800
    [P_STATUS] => 02
    [P_TYPE] => VBANK
    [P_OID] => 260224-029
    [P_FN_CD1] => 04
    [P_FN_CD2] => 
    [P_FN_NM] => KB국민은행
    [P_AMT] => 3500
    [P_UNAME] => 김민준
    [P_RMESG1] => P_VACCT_NO=00159071606040|P_EXP_DT=20260308
    [P_RMESG2] => 
    [P_NOTI] => 
    [P_AUTH_NO] => 
)

 Array
(
    [PageCall time] => 18:04:25
    [P_TID] => INIMX_VBNKCAEcatca0720260226180038515065
    [P_MID] => CAEcatca07
    [P_AUTH_DT] => 20260226180424
    [P_STATUS] => 02
    [P_TYPE] => VBANK
    [P_OID] => 260226-036
    [P_FN_CD1] => 04
    [P_FN_CD2] => 
    [P_FN_NM] => KB국민은행
    [P_AMT] => 3500
    [P_UNAME] => 부평김안과(노현창)
    [P_RMESG1] => P_VACCT_NO=26159078526776|P_EXP_DT=20260308
    [P_RMESG2] => 
    [P_NOTI] => 
    [P_AUTH_NO] => 
)

 Array
(
    [PageCall time] => 18:15:18
    [P_TID] => INIMX_VBNKCAEcatca0720260226181235805630
    [P_MID] => CAEcatca07
    [P_AUTH_DT] => 20260226181518
    [P_STATUS] => 02
    [P_TYPE] => VBANK
    [P_OID] => 260224-028
    [P_FN_CD1] => 89
    [P_FN_CD2] => 
    [P_FN_NM] => 케이뱅크
    [P_AMT] => 3500
    [P_UNAME] => 허윤성
    [P_RMESG1] => P_VACCT_NO=70112003617863|P_EXP_DT=20260308
    [P_RMESG2] => 
    [P_NOTI] => 
    [P_AUTH_NO] => 
)

 Array
(
    [PageCall time] => 18:21:55
    [P_TID] => INIMX_VBNKCAEcatca0720260226181827435324
    [P_MID] => CAEcatca07
    [P_AUTH_DT] => 20260226182155
    [P_STATUS] => 02
    [P_TYPE] => VBANK
    [P_OID] => 260226-037
    [P_FN_CD1] => 88
    [P_FN_CD2] => 
    [P_FN_NM] => 신한은행
    [P_AMT] => 3500
    [P_UNAME] => 전민철
    [P_RMESG1] => P_VACCT_NO=56211104371249|P_EXP_DT=20260308
    [P_RMESG2] => 
    [P_NOTI] => 
    [P_AUTH_NO] => 
)

 Array
(
    [PageCall time] => 18:30:38
    [P_TID] => INIMX_VBNKCAEcatca0720260226182740475227
    [P_MID] => CAEcatca07
    [P_AUTH_DT] => 20260226183038
    [P_STATUS] => 02
    [P_TYPE] => VBANK
    [P_OID] => 260226-038
    [P_FN_CD1] => 20
    [P_FN_CD2] => 
    [P_FN_NM] => 우리은행
    [P_AMT] => 3500
    [P_UNAME] => 손명진
    [P_RMESG1] => P_VACCT_NO=27491200118551|P_EXP_DT=20260308
    [P_RMESG2] => 
    [P_NOTI] => 
    [P_AUTH_NO] => 
)

 Array
(
    [PageCall time] => 18:59:34
    [P_TID] => INIMX_VBNKCAEcatca0720260226185608695426
    [P_MID] => CAEcatca07
    [P_AUTH_DT] => 20260226185934
    [P_STATUS] => 02
    [P_TYPE] => VBANK
    [P_OID] => 260226-039
    [P_FN_CD1] => 89
    [P_FN_CD2] => 
    [P_FN_NM] => 케이뱅크
    [P_AMT] => 3500
    [P_UNAME] => 전혜린
    [P_RMESG1] => P_VACCT_NO=70112003618571|P_EXP_DT=20260308
    [P_RMESG2] => 
    [P_NOTI] => 
    [P_AUTH_NO] => 
)

 Array
(
    [PageCall time] => 21:45:55
    [P_TID] => INIMX_VBNKCAEcatca0720260226214117335079
    [P_MID] => CAEcatca07
    [P_AUTH_DT] => 20260226214555
    [P_STATUS] => 02
    [P_TYPE] => VBANK
    [P_OID] => 260226-040
    [P_FN_CD1] => 04
    [P_FN_CD2] => 
    [P_FN_NM] => KB국민은행
    [P_AMT] => 3500
    [P_UNAME] => 최정란
    [P_RMESG1] => P_VACCT_NO=70239014130922|P_EXP_DT=20260308
    [P_RMESG2] => 
    [P_NOTI] => 
    [P_AUTH_NO] => 
)

 Array
(
    [PageCall time] => 21:49:20
    [P_TID] => INIMX_VBNKCAEcatca0720260226214608325183
    [P_MID] => CAEcatca07
    [P_AUTH_DT] => 20260226214919
    [P_STATUS] => 02
    [P_TYPE] => VBANK
    [P_OID] => 260222-009
    [P_FN_CD1] => 03
    [P_FN_CD2] => 
    [P_FN_NM] => 기업은행
    [P_AMT] => 3500
    [P_UNAME] => 최민재
    [P_RMESG1] => P_VACCT_NO=07503219197912|P_EXP_DT=20260308
    [P_RMESG2] => 
    [P_NOTI] => 
    [P_AUTH_NO] => 
)

 Array
(
    [PageCall time] => 22:24:40
    [P_TID] => INIMX_VBNKCAEcatca0720260226222212635284
    [P_MID] => CAEcatca07
    [P_AUTH_DT] => 20260226222440
    [P_STATUS] => 02
    [P_TYPE] => VBANK
    [P_OID] => 260226-041
    [P_FN_CD1] => 88
    [P_FN_CD2] => 
    [P_FN_NM] => 신한은행
    [P_AMT] => 3500
    [P_UNAME] => 김민재
    [P_RMESG1] => P_VACCT_NO=56211104381865|P_EXP_DT=20260308
    [P_RMESG2] => 
    [P_NOTI] => 
    [P_AUTH_NO] => 
)

