 Array
(
    [PageCall time] => 00:22:01
    [P_TID] => INIMX_VBNKCAEcatca0720250715001827245992
    [P_MID] => CAEcatca07
    [P_AUTH_DT] => 20250715002201
    [P_STATUS] => 02
    [P_TYPE] => VBANK
    [P_OID] => 250715-001
    [P_FN_CD1] => 88
    [P_FN_CD2] => 
    [P_FN_NM] => 신한은행
    [P_AMT] => 3000
    [P_UNAME] => 오은정
    [P_RMESG1] => P_VACCT_NO=56211106630000|P_EXP_DT=20250725
    [P_RMESG2] => 
    [P_NOTI] => 
    [P_AUTH_NO] => 
)

 Array
(
    [PageCall time] => 07:31:15
    [P_TID] => INIMX_VBNKCAEcatca0720250715072809585090
    [P_MID] => CAEcatca07
    [P_AUTH_DT] => 20250715073115
    [P_STATUS] => 02
    [P_TYPE] => VBANK
    [P_OID] => 250715-003
    [P_FN_CD1] => 88
    [P_FN_CD2] => 
    [P_FN_NM] => 신한은행
    [P_AMT] => 3000
    [P_UNAME] => 장설화
    [P_RMESG1] => P_VACCT_NO=56211104040797|P_EXP_DT=20250725
    [P_RMESG2] => 
    [P_NOTI] => 
    [P_AUTH_NO] => 
)

 Array
(
    [PageCall time] => 08:21:14
    [P_TID] => INIMX_VBNKCAEcatca0720250715081749935981
    [P_MID] => CAEcatca07
    [P_AUTH_DT] => 20250715082114
    [P_STATUS] => 02
    [P_TYPE] => VBANK
    [P_OID] => 250714-014
    [P_FN_CD1] => 04
    [P_FN_CD2] => 
    [P_FN_NM] => KB국민은행
    [P_AMT] => 3000
    [P_UNAME] => 김영미
    [P_RMESG1] => P_VACCT_NO=39319011196208|P_EXP_DT=20250725
    [P_RMESG2] => 
    [P_NOTI] => 
    [P_AUTH_NO] => 
)

 Array
(
    [PageCall time] => 09:03:11
    [P_TID] => INIMX_VBNKCAEcatca0720250715090246855381
    [P_MID] => CAEcatca07
    [P_AUTH_DT] => 20250715090310
    [P_STATUS] => 02
    [P_TYPE] => VBANK
    [P_OID] => 250715-004
    [P_FN_CD1] => 04
    [P_FN_CD2] => 
    [P_FN_NM] => KB국민은행
    [P_AMT] => 3000
    [P_UNAME] => 박관수
    [P_RMESG1] => P_VACCT_NO=41079011831332|P_EXP_DT=20250725
    [P_RMESG2] => 
    [P_NOTI] => 
    [P_AUTH_NO] => 
)

 Array
(
    [PageCall time] => 10:27:53
    [P_TID] => INIMX_VBNKCAEcatca0720250715102716435811
    [P_MID] => CAEcatca07
    [P_AUTH_DT] => 20250715102753
    [P_STATUS] => 02
    [P_TYPE] => VBANK
    [P_OID] => 250715-007
    [P_FN_CD1] => 11
    [P_FN_CD2] => 
    [P_FN_NM] => NH농협은행
    [P_AMT] => 3000
    [P_UNAME] => 김민서
    [P_RMESG1] => P_VACCT_NO=79013684418389|P_EXP_DT=20250725
    [P_RMESG2] => 
    [P_NOTI] => 
    [P_AUTH_NO] => 
)

 Array
(
    [PageCall time] => 11:24:25
    [P_TID] => INIMX_VBNKCAEcatca0720250715112325765208
    [P_MID] => CAEcatca07
    [P_AUTH_DT] => 20250715112425
    [P_STATUS] => 02
    [P_TYPE] => VBANK
    [P_OID] => 250715-008
    [P_FN_CD1] => 04
    [P_FN_CD2] => 
    [P_FN_NM] => KB국민은행
    [P_AMT] => 3000
    [P_UNAME] => 정연숙
    [P_RMESG1] => P_VACCT_NO=70219014008582|P_EXP_DT=20250725
    [P_RMESG2] => 
    [P_NOTI] => 
    [P_AUTH_NO] => 
)

 Array
(
    [PageCall time] => 11:35:03
    [P_TID] => INIMX_VBNKCAEcatca0720250712170910835018
    [P_MID] => CAEcatca07
    [P_AUTH_DT] => 20250715113503
    [P_STATUS] => 02
    [P_TYPE] => VBANK
    [P_OID] => 250712-017
    [P_FN_CD1] => 11
    [P_FN_CD2] => 
    [P_FN_NM] => NH농협은행
    [P_AMT] => 3000
    [P_UNAME] => 김자경
    [P_RMESG1] => P_VACCT_NO=79013684098451|P_EXP_DT=20250722
    [P_RMESG2] => 
    [P_NOTI] => 
    [P_AUTH_NO] => 
)

 Array
(
    [PageCall time] => 11:53:00
    [P_TID] => INIMX_VBNKCAEcatca0720250715115021935839
    [P_MID] => CAEcatca07
    [P_AUTH_DT] => 20250715115300
    [P_STATUS] => 02
    [P_TYPE] => VBANK
    [P_OID] => 250715-012
    [P_FN_CD1] => 03
    [P_FN_CD2] => 
    [P_FN_NM] => 기업은행
    [P_AMT] => 3000
    [P_UNAME] => 박래영
    [P_RMESG1] => P_VACCT_NO=07502329097882|P_EXP_DT=20250725
    [P_RMESG2] => 
    [P_NOTI] => 
    [P_AUTH_NO] => 
)

 Array
(
    [PageCall time] => 11:55:03
    [P_TID] => INIMX_VBNKCAEcatca0720250715113059345916
    [P_MID] => CAEcatca07
    [P_AUTH_DT] => 20250715115503
    [P_STATUS] => 02
    [P_TYPE] => VBANK
    [P_OID] => 250715-011
    [P_FN_CD1] => 04
    [P_FN_CD2] => 
    [P_FN_NM] => KB국민은행
    [P_AMT] => 3000
    [P_UNAME] => 박준상
    [P_RMESG1] => P_VACCT_NO=70219014009675|P_EXP_DT=20250725
    [P_RMESG2] => 
    [P_NOTI] => 
    [P_AUTH_NO] => 
)

 Array
(
    [PageCall time] => 12:16:26
    [P_TID] => INIMX_VBNKCAEcatca0720250715121333785558
    [P_MID] => CAEcatca07
    [P_AUTH_DT] => 20250715121626
    [P_STATUS] => 02
    [P_TYPE] => VBANK
    [P_OID] => 250715-014
    [P_FN_CD1] => 20
    [P_FN_CD2] => 
    [P_FN_NM] => 우리은행
    [P_AMT] => 3000
    [P_UNAME] => 김민채
    [P_RMESG1] => P_VACCT_NO=61848639018863|P_EXP_DT=20250725
    [P_RMESG2] => 
    [P_NOTI] => 
    [P_AUTH_NO] => 
)

 Array
(
    [PageCall time] => 12:16:44
    [P_TID] => INIMX_VBNKCAEcatca0720250715121519225260
    [P_MID] => CAEcatca07
    [P_AUTH_DT] => 20250715121644
    [P_STATUS] => 02
    [P_TYPE] => VBANK
    [P_OID] => 250715-015
    [P_FN_CD1] => 11
    [P_FN_CD2] => 
    [P_FN_NM] => NH농협은행
    [P_AMT] => 3000
    [P_UNAME] => 김근실
    [P_RMESG1] => P_VACCT_NO=79013684437440|P_EXP_DT=20250725
    [P_RMESG2] => 
    [P_NOTI] => 
    [P_AUTH_NO] => 
)

 Array
(
    [PageCall time] => 13:28:29
    [P_TID] => INIMX_VBNKCAEcatca0720250715132514715133
    [P_MID] => CAEcatca07
    [P_AUTH_DT] => 20250715132829
    [P_STATUS] => 02
    [P_TYPE] => VBANK
    [P_OID] => 250715-016
    [P_FN_CD1] => 81
    [P_FN_CD2] => 
    [P_FN_NM] => 하나은행
    [P_AMT] => 3000
    [P_UNAME] => 권정호
    [P_RMESG1] => P_VACCT_NO=20893839588837|P_EXP_DT=20250725
    [P_RMESG2] => 
    [P_NOTI] => 
    [P_AUTH_NO] => 
)

 Array
(
    [PageCall time] => 13:34:08
    [P_TID] => INIMX_VBNKCAEcatca0720250715133231205490
    [P_MID] => CAEcatca07
    [P_AUTH_DT] => 20250715133408
    [P_STATUS] => 02
    [P_TYPE] => VBANK
    [P_OID] => 250715-017
    [P_FN_CD1] => 11
    [P_FN_CD2] => 
    [P_FN_NM] => NH농협은행
    [P_AMT] => 3000
    [P_UNAME] => 김옥숙
    [P_RMESG1] => P_VACCT_NO=79013684446853|P_EXP_DT=20250725
    [P_RMESG2] => 
    [P_NOTI] => 
    [P_AUTH_NO] => 
)

 Array
(
    [PageCall time] => 13:37:52
    [P_TID] => INIMX_VBNKCAEcatca0720250715133517025025
    [P_MID] => CAEcatca07
    [P_AUTH_DT] => 20250715133752
    [P_STATUS] => 02
    [P_TYPE] => VBANK
    [P_OID] => 250715-018
    [P_FN_CD1] => 20
    [P_FN_CD2] => 
    [P_FN_NM] => 우리은행
    [P_AMT] => 3000
    [P_UNAME] => 김봉목
    [P_RMESG1] => P_VACCT_NO=61848643818929|P_EXP_DT=20250725
    [P_RMESG2] => 
    [P_NOTI] => 
    [P_AUTH_NO] => 
)

 Array
(
    [PageCall time] => 13:40:18
    [P_TID] => INIMX_VBNKCAEcatca0720250715133946495903
    [P_MID] => CAEcatca07
    [P_AUTH_DT] => 20250715134018
    [P_STATUS] => 02
    [P_TYPE] => VBANK
    [P_OID] => 250715-020
    [P_FN_CD1] => 11
    [P_FN_CD2] => 
    [P_FN_NM] => NH농협은행
    [P_AMT] => 3000
    [P_UNAME] => 김미경
    [P_RMESG1] => P_VACCT_NO=79013684448242|P_EXP_DT=20250725
    [P_RMESG2] => 
    [P_NOTI] => 
    [P_AUTH_NO] => 
)

 Array
(
    [PageCall time] => 13:50:57
    [P_TID] => INIMX_VBNKCAEcatca0720250715134757145855
    [P_MID] => CAEcatca07
    [P_AUTH_DT] => 20250715135057
    [P_STATUS] => 02
    [P_TYPE] => VBANK
    [P_OID] => 250715-021
    [P_FN_CD1] => 88
    [P_FN_CD2] => 
    [P_FN_NM] => 신한은행
    [P_AMT] => 3000
    [P_UNAME] => 이나나
    [P_RMESG1] => P_VACCT_NO=56211106648702|P_EXP_DT=20250725
    [P_RMESG2] => 
    [P_NOTI] => 
    [P_AUTH_NO] => 
)

 Array
(
    [PageCall time] => 14:01:52
    [P_TID] => INIMX_VBNKCAEcatca0720250715140010815679
    [P_MID] => CAEcatca07
    [P_AUTH_DT] => 20250715140152
    [P_STATUS] => 02
    [P_TYPE] => VBANK
    [P_OID] => 250715-023
    [P_FN_CD1] => 04
    [P_FN_CD2] => 
    [P_FN_NM] => KB국민은행
    [P_AMT] => 3000
    [P_UNAME] => 문경희
    [P_RMESG1] => P_VACCT_NO=70219014031933|P_EXP_DT=20250725
    [P_RMESG2] => 
    [P_NOTI] => 
    [P_AUTH_NO] => 
)

 Array
(
    [PageCall time] => 14:03:56
    [P_TID] => INIMX_VBNKCAEcatca0720250715140029475801
    [P_MID] => CAEcatca07
    [P_AUTH_DT] => 20250715140356
    [P_STATUS] => 02
    [P_TYPE] => VBANK
    [P_OID] => 250715-024
    [P_FN_CD1] => 81
    [P_FN_CD2] => 
    [P_FN_NM] => 하나은행
    [P_AMT] => 3000
    [P_UNAME] => 김진영
    [P_RMESG1] => P_VACCT_NO=20893839745637|P_EXP_DT=20250725
    [P_RMESG2] => 
    [P_NOTI] => 
    [P_AUTH_NO] => 
)

 Array
(
    [PageCall time] => 14:45:23
    [P_TID] => INIMX_VBNKCAEcatca0720250715144155555477
    [P_MID] => CAEcatca07
    [P_AUTH_DT] => 20250715144523
    [P_STATUS] => 02
    [P_TYPE] => VBANK
    [P_OID] => 250715-002
    [P_FN_CD1] => 88
    [P_FN_CD2] => 
    [P_FN_NM] => 신한은행
    [P_AMT] => 3000
    [P_UNAME] => 김태연
    [P_RMESG1] => P_VACCT_NO=56211106654849|P_EXP_DT=20250725
    [P_RMESG2] => 
    [P_NOTI] => 
    [P_AUTH_NO] => 
)

 Array
(
    [PageCall time] => 14:52:42
    [P_TID] => INIMX_VBNKCAEcatca0720250715145148755521
    [P_MID] => CAEcatca07
    [P_AUTH_DT] => 20250715145242
    [P_STATUS] => 02
    [P_TYPE] => VBANK
    [P_OID] => 250715-025
    [P_FN_CD1] => 11
    [P_FN_CD2] => 
    [P_FN_NM] => NH농협은행
    [P_AMT] => 3000
    [P_UNAME] => 윤정우
    [P_RMESG1] => P_VACCT_NO=79013684461684|P_EXP_DT=20250725
    [P_RMESG2] => 
    [P_NOTI] => 
    [P_AUTH_NO] => 
)

 Array
(
    [PageCall time] => 15:07:02
    [P_TID] => INIMX_VBNKCAEcatca0720250715150606735664
    [P_MID] => CAEcatca07
    [P_AUTH_DT] => 20250715150702
    [P_STATUS] => 02
    [P_TYPE] => VBANK
    [P_OID] => 250715-026
    [P_FN_CD1] => 11
    [P_FN_CD2] => 
    [P_FN_NM] => NH농협은행
    [P_AMT] => 3000
    [P_UNAME] => 김민경
    [P_RMESG1] => P_VACCT_NO=79013684464648|P_EXP_DT=20250725
    [P_RMESG2] => 
    [P_NOTI] => 
    [P_AUTH_NO] => 
)

 Array
(
    [PageCall time] => 15:13:34
    [P_TID] => INIMX_VBNKCAEcatca0720250715151229595128
    [P_MID] => CAEcatca07
    [P_AUTH_DT] => 20250715151334
    [P_STATUS] => 02
    [P_TYPE] => VBANK
    [P_OID] => 250715-027
    [P_FN_CD1] => 04
    [P_FN_CD2] => 
    [P_FN_NM] => KB국민은행
    [P_AMT] => 3000
    [P_UNAME] => 윤명희
    [P_RMESG1] => P_VACCT_NO=70219014047842|P_EXP_DT=20250725
    [P_RMESG2] => 
    [P_NOTI] => 
    [P_AUTH_NO] => 
)

 Array
(
    [PageCall time] => 15:55:41
    [P_TID] => INIMX_VBNKCAEcatca0720250715155241775410
    [P_MID] => CAEcatca07
    [P_AUTH_DT] => 20250715155541
    [P_STATUS] => 02
    [P_TYPE] => VBANK
    [P_OID] => 250715-028
    [P_FN_CD1] => 88
    [P_FN_CD2] => 
    [P_FN_NM] => 신한은행
    [P_AMT] => 3000
    [P_UNAME] => 김은진
    [P_RMESG1] => P_VACCT_NO=56211106662196|P_EXP_DT=20250725
    [P_RMESG2] => 
    [P_NOTI] => 
    [P_AUTH_NO] => 
)

 Array
(
    [PageCall time] => 15:58:06
    [P_TID] => INIMX_VBNKCAEcatca0720250715155657985170
    [P_MID] => CAEcatca07
    [P_AUTH_DT] => 20250715155806
    [P_STATUS] => 02
    [P_TYPE] => VBANK
    [P_OID] => 250715-029
    [P_FN_CD1] => 04
    [P_FN_CD2] => 
    [P_FN_NM] => KB국민은행
    [P_AMT] => 3000
    [P_UNAME] => 김명혜
    [P_RMESG1] => P_VACCT_NO=70219014055937|P_EXP_DT=20250725
    [P_RMESG2] => 
    [P_NOTI] => 
    [P_AUTH_NO] => 
)

 Array
(
    [PageCall time] => 16:41:49
    [P_TID] => INIMX_VBNKCAEcatca0720250715163858625162
    [P_MID] => CAEcatca07
    [P_AUTH_DT] => 20250715164149
    [P_STATUS] => 02
    [P_TYPE] => VBANK
    [P_OID] => 250710-017
    [P_FN_CD1] => 81
    [P_FN_CD2] => 
    [P_FN_NM] => 하나은행
    [P_AMT] => 3000
    [P_UNAME] => 정하은
    [P_RMESG1] => P_VACCT_NO=20893841196537|P_EXP_DT=20250725
    [P_RMESG2] => 
    [P_NOTI] => 
    [P_AUTH_NO] => 
)

 Array
(
    [PageCall time] => 16:59:56
    [P_TID] => INIMX_VBNKCAEcatca0720250715165900105476
    [P_MID] => CAEcatca07
    [P_AUTH_DT] => 20250715165956
    [P_STATUS] => 02
    [P_TYPE] => VBANK
    [P_OID] => 250715-006
    [P_FN_CD1] => 04
    [P_FN_CD2] => 
    [P_FN_NM] => KB국민은행
    [P_AMT] => 3000
    [P_UNAME] => 김동화
    [P_RMESG1] => P_VACCT_NO=70219014069376|P_EXP_DT=20250725
    [P_RMESG2] => 
    [P_NOTI] => 
    [P_AUTH_NO] => 
)

 Array
(
    [PageCall time] => 17:10:15
    [P_TID] => INIMX_VBNKCAEcatca0720250715170657635517
    [P_MID] => CAEcatca07
    [P_AUTH_DT] => 20250715171015
    [P_STATUS] => 02
    [P_TYPE] => VBANK
    [P_OID] => 250715-034
    [P_FN_CD1] => 89
    [P_FN_CD2] => 
    [P_FN_NM] => 케이뱅크
    [P_AMT] => 3000
    [P_UNAME] => 안도현
    [P_RMESG1] => P_VACCT_NO=70112003973371|P_EXP_DT=20250725
    [P_RMESG2] => 
    [P_NOTI] => 
    [P_AUTH_NO] => 
)

 Array
(
    [PageCall time] => 18:27:24
    [P_TID] => INIMX_VBNKCAEcatca0720250715182327355187
    [P_MID] => CAEcatca07
    [P_AUTH_DT] => 20250715182724
    [P_STATUS] => 02
    [P_TYPE] => VBANK
    [P_OID] => 250714-033
    [P_FN_CD1] => 88
    [P_FN_CD2] => 
    [P_FN_NM] => 신한은행
    [P_AMT] => 3000
    [P_UNAME] => 장혜숙
    [P_RMESG1] => P_VACCT_NO=56211106675679|P_EXP_DT=20250725
    [P_RMESG2] => 
    [P_NOTI] => 
    [P_AUTH_NO] => 
)

 Array
(
    [PageCall time] => 19:26:36
    [P_TID] => INIMX_VBNKCAEcatca0720250715192403955754
    [P_MID] => CAEcatca07
    [P_AUTH_DT] => 20250715192636
    [P_STATUS] => 02
    [P_TYPE] => VBANK
    [P_OID] => 250715-037
    [P_FN_CD1] => 88
    [P_FN_CD2] => 
    [P_FN_NM] => 신한은행
    [P_AMT] => 3000
    [P_UNAME] => 박소연
    [P_RMESG1] => P_VACCT_NO=56211106679203|P_EXP_DT=20250725
    [P_RMESG2] => 
    [P_NOTI] => 
    [P_AUTH_NO] => 
)

 Array
(
    [PageCall time] => 20:27:22
    [P_TID] => INIMX_VBNKCAEcatca0720250715202538545655
    [P_MID] => CAEcatca07
    [P_AUTH_DT] => 20250715202722
    [P_STATUS] => 02
    [P_TYPE] => VBANK
    [P_OID] => 250715-039
    [P_FN_CD1] => 11
    [P_FN_CD2] => 
    [P_FN_NM] => NH농협은행
    [P_AMT] => 3000
    [P_UNAME] => 박만기
    [P_RMESG1] => P_VACCT_NO=79013684504040|P_EXP_DT=20250725
    [P_RMESG2] => 
    [P_NOTI] => 
    [P_AUTH_NO] => 
)

 Array
(
    [PageCall time] => 23:14:43
    [P_TID] => INIMX_VBNKCAEcatca0720250715231218805238
    [P_MID] => CAEcatca07
    [P_AUTH_DT] => 20250715231443
    [P_STATUS] => 02
    [P_TYPE] => VBANK
    [P_OID] => 250715-038
    [P_FN_CD1] => 88
    [P_FN_CD2] => 
    [P_FN_NM] => 신한은행
    [P_AMT] => 3000
    [P_UNAME] => 이은석
    [P_RMESG1] => P_VACCT_NO=56211106689444|P_EXP_DT=20250725
    [P_RMESG2] => 
    [P_NOTI] => 
    [P_AUTH_NO] => 
)

