 Array
(
    [PageCall time] => 09:01:33
    [P_TID] => INIMX_VBNKCAEcatca0720260218085817135252
    [P_MID] => CAEcatca07
    [P_AUTH_DT] => 20260218090132
    [P_STATUS] => 02
    [P_TYPE] => VBANK
    [P_OID] => 260218-002
    [P_FN_CD1] => 04
    [P_FN_CD2] => 
    [P_FN_NM] => KB국민은행
    [P_AMT] => 3500
    [P_UNAME] => 이미경
    [P_RMESG1] => P_VACCT_NO=39319011845663|P_EXP_DT=20260228
    [P_RMESG2] => 
    [P_NOTI] => 
    [P_AUTH_NO] => 
)

 Array
(
    [PageCall time] => 09:46:59
    [P_TID] => INIMX_VBNKCAEcatca0720260218094413225007
    [P_MID] => CAEcatca07
    [P_AUTH_DT] => 20260218094659
    [P_STATUS] => 02
    [P_TYPE] => VBANK
    [P_OID] => 260218-003
    [P_FN_CD1] => 04
    [P_FN_CD2] => 
    [P_FN_NM] => KB국민은행
    [P_AMT] => 3500
    [P_UNAME] => 이건희
    [P_RMESG1] => P_VACCT_NO=39889011238448|P_EXP_DT=20260228
    [P_RMESG2] => 
    [P_NOTI] => 
    [P_AUTH_NO] => 
)

 Array
(
    [PageCall time] => 10:41:53
    [P_TID] => INIMX_VBNKCAEcatca0720260218104050115510
    [P_MID] => CAEcatca07
    [P_AUTH_DT] => 20260218104153
    [P_STATUS] => 02
    [P_TYPE] => VBANK
    [P_OID] => 260218-005
    [P_FN_CD1] => 11
    [P_FN_CD2] => 
    [P_FN_NM] => NH농협은행
    [P_AMT] => 3500
    [P_UNAME] => 설혜숙
    [P_RMESG1] => P_VACCT_NO=79014289090211|P_EXP_DT=20260228
    [P_RMESG2] => 
    [P_NOTI] => 
    [P_AUTH_NO] => 
)

 Array
(
    [PageCall time] => 11:53:42
    [P_TID] => INIMX_VBNKCAEcatca0720260218115033705961
    [P_MID] => CAEcatca07
    [P_AUTH_DT] => 20260218115342
    [P_STATUS] => 02
    [P_TYPE] => VBANK
    [P_OID] => 260218-006
    [P_FN_CD1] => 04
    [P_FN_CD2] => 
    [P_FN_NM] => KB국민은행
    [P_AMT] => 3500
    [P_UNAME] => 정지훈
    [P_RMESG1] => P_VACCT_NO=96569078561295|P_EXP_DT=20260228
    [P_RMESG2] => 
    [P_NOTI] => 
    [P_AUTH_NO] => 
)

 Array
(
    [PageCall time] => 13:50:08
    [P_TID] => INIMX_VBNKCAEcatca0720260218134732625526
    [P_MID] => CAEcatca07
    [P_AUTH_DT] => 20260218135008
    [P_STATUS] => 02
    [P_TYPE] => VBANK
    [P_OID] => 260218-007
    [P_FN_CD1] => 32
    [P_FN_CD2] => 
    [P_FN_NM] => 부산은행
    [P_AMT] => 3500
    [P_UNAME] => 심경아
    [P_RMESG1] => P_VACCT_NO=109924666404|P_EXP_DT=20260228
    [P_RMESG2] => 
    [P_NOTI] => 
    [P_AUTH_NO] => 
)

 Array
(
    [PageCall time] => 14:32:35
    [P_TID] => INIMX_VBNKCAEcatca0720260218142958455856
    [P_MID] => CAEcatca07
    [P_AUTH_DT] => 20260218143235
    [P_STATUS] => 02
    [P_TYPE] => VBANK
    [P_OID] => 260218-008
    [P_FN_CD1] => 04
    [P_FN_CD2] => 
    [P_FN_NM] => KB국민은행
    [P_AMT] => 3500
    [P_UNAME] => 신수지
    [P_RMESG1] => P_VACCT_NO=70219014226793|P_EXP_DT=20260228
    [P_RMESG2] => 
    [P_NOTI] => 
    [P_AUTH_NO] => 
)

 Array
(
    [PageCall time] => 14:41:42
    [P_TID] => INIMX_VBNKCAEcatca0720260218143914375871
    [P_MID] => CAEcatca07
    [P_AUTH_DT] => 20260218144142
    [P_STATUS] => 02
    [P_TYPE] => VBANK
    [P_OID] => 260218-009
    [P_FN_CD1] => 81
    [P_FN_CD2] => 
    [P_FN_NM] => 하나은행
    [P_AMT] => 3500
    [P_UNAME] => 한대영
    [P_RMESG1] => P_VACCT_NO=20894068708937|P_EXP_DT=20260228
    [P_RMESG2] => 
    [P_NOTI] => 
    [P_AUTH_NO] => 
)

 Array
(
    [PageCall time] => 15:46:09
    [P_TID] => INIMX_VBNKCAEcatca0720260218154325255566
    [P_MID] => CAEcatca07
    [P_AUTH_DT] => 20260218154609
    [P_STATUS] => 02
    [P_TYPE] => VBANK
    [P_OID] => 260218-010
    [P_FN_CD1] => 81
    [P_FN_CD2] => 
    [P_FN_NM] => 하나은행
    [P_AMT] => 3500
    [P_UNAME] => 홍명진
    [P_RMESG1] => P_VACCT_NO=20894068904037|P_EXP_DT=20260228
    [P_RMESG2] => 
    [P_NOTI] => 
    [P_AUTH_NO] => 
)

 Array
(
    [PageCall time] => 17:01:32
    [P_TID] => INIMX_VBNKCAEcatca0720260218165857375319
    [P_MID] => CAEcatca07
    [P_AUTH_DT] => 20260218170132
    [P_STATUS] => 02
    [P_TYPE] => VBANK
    [P_OID] => 260218-011
    [P_FN_CD1] => 20
    [P_FN_CD2] => 
    [P_FN_NM] => 우리은행
    [P_AMT] => 3500
    [P_UNAME] => 김수현
    [P_RMESG1] => P_VACCT_NO=27490753318451|P_EXP_DT=20260228
    [P_RMESG2] => 
    [P_NOTI] => 
    [P_AUTH_NO] => 
)

 Array
(
    [PageCall time] => 17:58:47
    [P_TID] => INIMX_VBNKCAEcatca0720260218175511365530
    [P_MID] => CAEcatca07
    [P_AUTH_DT] => 20260218175847
    [P_STATUS] => 02
    [P_TYPE] => VBANK
    [P_OID] => 260218-013
    [P_FN_CD1] => 20
    [P_FN_CD2] => 
    [P_FN_NM] => 우리은행
    [P_AMT] => 3500
    [P_UNAME] => 김윤집
    [P_RMESG1] => P_VACCT_NO=27490754118691|P_EXP_DT=20260228
    [P_RMESG2] => 
    [P_NOTI] => 
    [P_AUTH_NO] => 
)

 Array
(
    [PageCall time] => 18:48:53
    [P_TID] => INIMX_VBNKCAEcatca0720260218184632755417
    [P_MID] => CAEcatca07
    [P_AUTH_DT] => 20260218184853
    [P_STATUS] => 02
    [P_TYPE] => VBANK
    [P_OID] => 260218-015
    [P_FN_CD1] => 88
    [P_FN_CD2] => 
    [P_FN_NM] => 신한은행
    [P_AMT] => 3500
    [P_UNAME] => 배성희
    [P_RMESG1] => P_VACCT_NO=56211103909706|P_EXP_DT=20260228
    [P_RMESG2] => 
    [P_NOTI] => 
    [P_AUTH_NO] => 
)

 Array
(
    [PageCall time] => 20:00:18
    [P_TID] => INIMX_VBNKCAEcatca0720260218195719605047
    [P_MID] => CAEcatca07
    [P_AUTH_DT] => 20260218200018
    [P_STATUS] => 02
    [P_TYPE] => VBANK
    [P_OID] => 260218-016
    [P_FN_CD1] => 39
    [P_FN_CD2] => 
    [P_FN_NM] => 경남은행
    [P_AMT] => 3500
    [P_UNAME] => 서민정
    [P_RMESG1] => P_VACCT_NO=573193496112|P_EXP_DT=20260228
    [P_RMESG2] => 
    [P_NOTI] => 
    [P_AUTH_NO] => 
)

 Array
(
    [PageCall time] => 23:01:30
    [P_TID] => INIMX_VBNKCAEcatca0720260218225751805064
    [P_MID] => CAEcatca07
    [P_AUTH_DT] => 20260218230130
    [P_STATUS] => 02
    [P_TYPE] => VBANK
    [P_OID] => 260218-020
    [P_FN_CD1] => 88
    [P_FN_CD2] => 
    [P_FN_NM] => 신한은행
    [P_AMT] => 3500
    [P_UNAME] => 오연서
    [P_RMESG1] => P_VACCT_NO=56211103920933|P_EXP_DT=20260228
    [P_RMESG2] => 
    [P_NOTI] => 
    [P_AUTH_NO] => 
)

