 Array
(
    [PageCall time] => 13:11:20
    [P_TID] => INIMX_VBNKCAEcatca0720251213130855285477
    [P_MID] => CAEcatca07
    [P_AUTH_DT] => 20251213131120
    [P_STATUS] => 02
    [P_TYPE] => VBANK
    [P_OID] => 251213-003
    [P_FN_CD1] => 04
    [P_FN_CD2] => 
    [P_FN_NM] => KB국민은행
    [P_AMT] => 3000
    [P_UNAME] => 이종혁
    [P_RMESG1] => P_VACCT_NO=44289079251216|P_EXP_DT=20251223
    [P_RMESG2] => 
    [P_NOTI] => 
    [P_AUTH_NO] => 
)

 Array
(
    [PageCall time] => 13:49:44
    [P_TID] => INIMX_VBNKCAEcatca0720251213134651385509
    [P_MID] => CAEcatca07
    [P_AUTH_DT] => 20251213134944
    [P_STATUS] => 02
    [P_TYPE] => VBANK
    [P_OID] => 251213-004
    [P_FN_CD1] => 88
    [P_FN_CD2] => 
    [P_FN_NM] => 신한은행
    [P_AMT] => 3000
    [P_UNAME] => 이정현
    [P_RMESG1] => P_VACCT_NO=56211106152592|P_EXP_DT=20251223
    [P_RMESG2] => 
    [P_NOTI] => 
    [P_AUTH_NO] => 
)

 Array
(
    [PageCall time] => 14:23:27
    [P_TID] => INIMX_VBNKCAEcatca0720251213142024995821
    [P_MID] => CAEcatca07
    [P_AUTH_DT] => 20251213142327
    [P_STATUS] => 02
    [P_TYPE] => VBANK
    [P_OID] => 251213-005
    [P_FN_CD1] => 11
    [P_FN_CD2] => 
    [P_FN_NM] => NH농협은행
    [P_AMT] => 3000
    [P_UNAME] => 이순남
    [P_RMESG1] => P_VACCT_NO=01444964513911|P_EXP_DT=20251223
    [P_RMESG2] => 
    [P_NOTI] => 
    [P_AUTH_NO] => 
)

 Array
(
    [PageCall time] => 15:03:40
    [P_TID] => INIMX_VBNKCAEcatca0720251213150008185487
    [P_MID] => CAEcatca07
    [P_AUTH_DT] => 20251213150340
    [P_STATUS] => 02
    [P_TYPE] => VBANK
    [P_OID] => 251213-006
    [P_FN_CD1] => 03
    [P_FN_CD2] => 
    [P_FN_NM] => 기업은행
    [P_AMT] => 3000
    [P_UNAME] => 배성자
    [P_RMESG1] => P_VACCT_NO=07503171797961|P_EXP_DT=20251223
    [P_RMESG2] => 
    [P_NOTI] => 
    [P_AUTH_NO] => 
)

 Array
(
    [PageCall time] => 16:08:06
    [P_TID] => INIMX_VBNKCAEcatca0720251213160434475850
    [P_MID] => CAEcatca07
    [P_AUTH_DT] => 20251213160806
    [P_STATUS] => 02
    [P_TYPE] => VBANK
    [P_OID] => 251213-007
    [P_FN_CD1] => 03
    [P_FN_CD2] => 
    [P_FN_NM] => 기업은행
    [P_AMT] => 3000
    [P_UNAME] => 이나라
    [P_RMESG1] => P_VACCT_NO=07503172097046|P_EXP_DT=20251223
    [P_RMESG2] => 
    [P_NOTI] => 
    [P_AUTH_NO] => 
)

 Array
(
    [PageCall time] => 17:47:09
    [P_TID] => INIMX_VBNKCAEcatca0720251213174429915052
    [P_MID] => CAEcatca07
    [P_AUTH_DT] => 20251213174709
    [P_STATUS] => 02
    [P_TYPE] => VBANK
    [P_OID] => 251213-008
    [P_FN_CD1] => 88
    [P_FN_CD2] => 
    [P_FN_NM] => 신한은행
    [P_AMT] => 3000
    [P_UNAME] => 강지훈
    [P_RMESG1] => P_VACCT_NO=56211990934260|P_EXP_DT=20251223
    [P_RMESG2] => 
    [P_NOTI] => 
    [P_AUTH_NO] => 
)

 Array
(
    [PageCall time] => 18:40:16
    [P_TID] => INIMX_VBNKCAEcatca0720251213183928675898
    [P_MID] => CAEcatca07
    [P_AUTH_DT] => 20251213184016
    [P_STATUS] => 02
    [P_TYPE] => VBANK
    [P_OID] => 251213-009
    [P_FN_CD1] => 11
    [P_FN_CD2] => 
    [P_FN_NM] => NH농협은행
    [P_AMT] => 3000
    [P_UNAME] => 권인영
    [P_RMESG1] => P_VACCT_NO=01444964735967|P_EXP_DT=20251223
    [P_RMESG2] => 
    [P_NOTI] => 
    [P_AUTH_NO] => 
)

 Array
(
    [PageCall time] => 22:28:38
    [P_TID] => INIMX_VBNKCAEcatca0720251213222545505868
    [P_MID] => CAEcatca07
    [P_AUTH_DT] => 20251213222838
    [P_STATUS] => 02
    [P_TYPE] => VBANK
    [P_OID] => 251213-010
    [P_FN_CD1] => 11
    [P_FN_CD2] => 
    [P_FN_NM] => NH농협은행
    [P_AMT] => 3000
    [P_UNAME] => 최민석
    [P_RMESG1] => P_VACCT_NO=01444964888755|P_EXP_DT=20251223
    [P_RMESG2] => 
    [P_NOTI] => 
    [P_AUTH_NO] => 
)

 Array
(
    [PageCall time] => 23:09:39
    [P_TID] => INIMX_VBNKCAEcatca0720251213230656895307
    [P_MID] => CAEcatca07
    [P_AUTH_DT] => 20251213230939
    [P_STATUS] => 02
    [P_TYPE] => VBANK
    [P_OID] => 251212-021
    [P_FN_CD1] => 03
    [P_FN_CD2] => 
    [P_FN_NM] => 기업은행
    [P_AMT] => 3000
    [P_UNAME] => 임용근
    [P_RMESG1] => P_VACCT_NO=07503173097331|P_EXP_DT=20251223
    [P_RMESG2] => 
    [P_NOTI] => 
    [P_AUTH_NO] => 
)

