 Array
(
    [PageCall time] => 12:54:22
    [P_TID] => INIMX_VBNKCAEcatca0720250504125320995191
    [P_MID] => CAEcatca07
    [P_AUTH_DT] => 20250504125422
    [P_STATUS] => 02
    [P_TYPE] => VBANK
    [P_OID] => 250504-001
    [P_FN_CD1] => 39
    [P_FN_CD2] => 
    [P_FN_NM] => 경남은행
    [P_AMT] => 3000
    [P_UNAME] => 박정은
    [P_RMESG1] => P_VACCT_NO=573193316840|P_EXP_DT=20250514
    [P_RMESG2] => 
    [P_NOTI] => 
    [P_AUTH_NO] => 
)

 Array
(
    [PageCall time] => 13:05:19
    [P_TID] => INIMX_VBNKCAEcatca0720250504130404685205
    [P_MID] => CAEcatca07
    [P_AUTH_DT] => 20250504130519
    [P_STATUS] => 02
    [P_TYPE] => VBANK
    [P_OID] => 250504-002
    [P_FN_CD1] => 04
    [P_FN_CD2] => 
    [P_FN_NM] => KB국민은행
    [P_AMT] => 3000
    [P_UNAME] => 김현주
    [P_RMESG1] => P_VACCT_NO=91649011383160|P_EXP_DT=20250514
    [P_RMESG2] => 
    [P_NOTI] => 
    [P_AUTH_NO] => 
)

 Array
(
    [PageCall time] => 14:03:01
    [P_TID] => INIMX_VBNKCAEcatca0720250504140211295241
    [P_MID] => CAEcatca07
    [P_AUTH_DT] => 20250504140301
    [P_STATUS] => 02
    [P_TYPE] => VBANK
    [P_OID] => 250504-004
    [P_FN_CD1] => 04
    [P_FN_CD2] => 
    [P_FN_NM] => KB국민은행
    [P_AMT] => 3000
    [P_UNAME] => 최유진
    [P_RMESG1] => P_VACCT_NO=26119078229051|P_EXP_DT=20250514
    [P_RMESG2] => 
    [P_NOTI] => 
    [P_AUTH_NO] => 
)

 Array
(
    [PageCall time] => 14:25:40
    [P_TID] => INIMX_VBNKCAEcatca0720250504142504705256
    [P_MID] => CAEcatca07
    [P_AUTH_DT] => 20250504142540
    [P_STATUS] => 02
    [P_TYPE] => VBANK
    [P_OID] => 250504-005
    [P_FN_CD1] => 11
    [P_FN_CD2] => 
    [P_FN_NM] => NH농협은행
    [P_AMT] => 3000
    [P_UNAME] => 곽시현
    [P_RMESG1] => P_VACCT_NO=79015902671148|P_EXP_DT=20250514
    [P_RMESG2] => 
    [P_NOTI] => 
    [P_AUTH_NO] => 
)

 Array
(
    [PageCall time] => 15:07:40
    [P_TID] => INIMX_VBNKCAEcatca0720250504150501135137
    [P_MID] => CAEcatca07
    [P_AUTH_DT] => 20250504150740
    [P_STATUS] => 02
    [P_TYPE] => VBANK
    [P_OID] => 250504-007
    [P_FN_CD1] => 03
    [P_FN_CD2] => 
    [P_FN_NM] => 기업은행
    [P_AMT] => 3000
    [P_UNAME] => 김진업
    [P_RMESG1] => P_VACCT_NO=07502266297645|P_EXP_DT=20250514
    [P_RMESG2] => 
    [P_NOTI] => 
    [P_AUTH_NO] => 
)

 Array
(
    [PageCall time] => 16:01:53
    [P_TID] => INIMX_VBNKCAEcatca0720250504160112355780
    [P_MID] => CAEcatca07
    [P_AUTH_DT] => 20250504160153
    [P_STATUS] => 02
    [P_TYPE] => VBANK
    [P_OID] => 250504-008
    [P_FN_CD1] => 11
    [P_FN_CD2] => 
    [P_FN_NM] => NH농협은행
    [P_AMT] => 3000
    [P_UNAME] => 허은숙
    [P_RMESG1] => P_VACCT_NO=79015902677357|P_EXP_DT=20250514
    [P_RMESG2] => 
    [P_NOTI] => 
    [P_AUTH_NO] => 
)

 Array
(
    [PageCall time] => 17:01:47
    [P_TID] => INIMX_VBNKCAEcatca0720250504170116285765
    [P_MID] => CAEcatca07
    [P_AUTH_DT] => 20250504170147
    [P_STATUS] => 02
    [P_TYPE] => VBANK
    [P_OID] => 250504-009
    [P_FN_CD1] => 04
    [P_FN_CD2] => 
    [P_FN_NM] => KB국민은행
    [P_AMT] => 3000
    [P_UNAME] => 박예림
    [P_RMESG1] => P_VACCT_NO=26119078345652|P_EXP_DT=20250514
    [P_RMESG2] => 
    [P_NOTI] => 
    [P_AUTH_NO] => 
)

 Array
(
    [PageCall time] => 21:34:38
    [P_TID] => INIMX_VBNKCAEcatca0720250504213352495739
    [P_MID] => CAEcatca07
    [P_AUTH_DT] => 20250504213438
    [P_STATUS] => 02
    [P_TYPE] => VBANK
    [P_OID] => 250504-010
    [P_FN_CD1] => 11
    [P_FN_CD2] => 
    [P_FN_NM] => NH농협은행
    [P_AMT] => 3000
    [P_UNAME] => 김유나
    [P_RMESG1] => P_VACCT_NO=79015902709607|P_EXP_DT=20250514
    [P_RMESG2] => 
    [P_NOTI] => 
    [P_AUTH_NO] => 
)

