 Array
(
    [PageCall time] => 08:29:24
    [P_TID] => INIMX_VBNKCAEcatca0720260216082621475374
    [P_MID] => CAEcatca07
    [P_AUTH_DT] => 20260216082924
    [P_STATUS] => 02
    [P_TYPE] => VBANK
    [P_OID] => 260215-009
    [P_FN_CD1] => 04
    [P_FN_CD2] => 
    [P_FN_NM] => KB국민은행
    [P_AMT] => 3500
    [P_UNAME] => 이주연
    [P_RMESG1] => P_VACCT_NO=26159078512241|P_EXP_DT=20260226
    [P_RMESG2] => 
    [P_NOTI] => 
    [P_AUTH_NO] => 
)

 Array
(
    [PageCall time] => 11:11:06
    [P_TID] => INIMX_VBNKCAEcatca0720260216110752405796
    [P_MID] => CAEcatca07
    [P_AUTH_DT] => 20260216111106
    [P_STATUS] => 02
    [P_TYPE] => VBANK
    [P_OID] => 260216-001
    [P_FN_CD1] => 04
    [P_FN_CD2] => 
    [P_FN_NM] => KB국민은행
    [P_AMT] => 3500
    [P_UNAME] => 임광빈
    [P_RMESG1] => P_VACCT_NO=26159078570696|P_EXP_DT=20260226
    [P_RMESG2] => 
    [P_NOTI] => 
    [P_AUTH_NO] => 
)

 Array
(
    [PageCall time] => 11:47:54
    [P_TID] => INIMX_VBNKCAEcatca0720260216114302585691
    [P_MID] => CAEcatca07
    [P_AUTH_DT] => 20260216114754
    [P_STATUS] => 02
    [P_TYPE] => VBANK
    [P_OID] => 260216-002
    [P_FN_CD1] => 03
    [P_FN_CD2] => 
    [P_FN_NM] => 기업은행
    [P_AMT] => 3500
    [P_UNAME] => 김미경
    [P_RMESG1] => P_VACCT_NO=07503169097773|P_EXP_DT=20260226
    [P_RMESG2] => 
    [P_NOTI] => 
    [P_AUTH_NO] => 
)

 Array
(
    [PageCall time] => 16:22:43
    [P_TID] => INIMX_VBNKCAEcatca0720260216161923915925
    [P_MID] => CAEcatca07
    [P_AUTH_DT] => 20260216162243
    [P_STATUS] => 02
    [P_TYPE] => VBANK
    [P_OID] => 260216-004
    [P_FN_CD1] => 20
    [P_FN_CD2] => 
    [P_FN_NM] => 우리은행
    [P_AMT] => 3500
    [P_UNAME] => 김진영
    [P_RMESG1] => P_VACCT_NO=27490720918841|P_EXP_DT=20260226
    [P_RMESG2] => 
    [P_NOTI] => 
    [P_AUTH_NO] => 
)

 Array
(
    [PageCall time] => 20:11:59
    [P_TID] => INIMX_VBNKCAEcatca0720260216200807875727
    [P_MID] => CAEcatca07
    [P_AUTH_DT] => 20260216201159
    [P_STATUS] => 02
    [P_TYPE] => VBANK
    [P_OID] => 260216-007
    [P_FN_CD1] => 88
    [P_FN_CD2] => 
    [P_FN_NM] => 신한은행
    [P_AMT] => 3500
    [P_UNAME] => 유영민
    [P_RMESG1] => P_VACCT_NO=56211103876237|P_EXP_DT=20260226
    [P_RMESG2] => 
    [P_NOTI] => 
    [P_AUTH_NO] => 
)

 Array
(
    [PageCall time] => 20:46:02
    [P_TID] => INIMX_VBNKCAEcatca0720260216204232445365
    [P_MID] => CAEcatca07
    [P_AUTH_DT] => 20260216204602
    [P_STATUS] => 02
    [P_TYPE] => VBANK
    [P_OID] => 260216-008
    [P_FN_CD1] => 88
    [P_FN_CD2] => 
    [P_FN_NM] => 신한은행
    [P_AMT] => 3500
    [P_UNAME] => 장소영
    [P_RMESG1] => P_VACCT_NO=56211103877117|P_EXP_DT=20260226
    [P_RMESG2] => 
    [P_NOTI] => 
    [P_AUTH_NO] => 
)

 Array
(
    [PageCall time] => 21:32:02
    [P_TID] => INIMX_VBNKCAEcatca0720260216212921805915
    [P_MID] => CAEcatca07
    [P_AUTH_DT] => 20260216213202
    [P_STATUS] => 02
    [P_TYPE] => VBANK
    [P_OID] => 260216-009
    [P_FN_CD1] => 04
    [P_FN_CD2] => 
    [P_FN_NM] => KB국민은행
    [P_AMT] => 3500
    [P_UNAME] => 허재서
    [P_RMESG1] => P_VACCT_NO=70219014152245|P_EXP_DT=20260226
    [P_RMESG2] => 
    [P_NOTI] => 
    [P_AUTH_NO] => 
)

 Array
(
    [PageCall time] => 22:35:25
    [P_TID] => INIMX_VBNKCAEcatca0720260216223225705331
    [P_MID] => CAEcatca07
    [P_AUTH_DT] => 20260216223525
    [P_STATUS] => 02
    [P_TYPE] => VBANK
    [P_OID] => 260216-006
    [P_FN_CD1] => 04
    [P_FN_CD2] => 
    [P_FN_NM] => KB국민은행
    [P_AMT] => 3500
    [P_UNAME] => 김형민
    [P_RMESG1] => P_VACCT_NO=70219014155808|P_EXP_DT=20260226
    [P_RMESG2] => 
    [P_NOTI] => 
    [P_AUTH_NO] => 
)

