 Array
(
    [PageCall time] => 00:32:26
    [P_TID] => INIMX_VBNKCAEcatca0720260210002835755963
    [P_MID] => CAEcatca07
    [P_AUTH_DT] => 20260210003226
    [P_STATUS] => 02
    [P_TYPE] => VBANK
    [P_OID] => 260210-001
    [P_FN_CD1] => 20
    [P_FN_CD2] => 
    [P_FN_NM] => 우리은행
    [P_AMT] => 3500
    [P_UNAME] => 전하람
    [P_RMESG1] => P_VACCT_NO=27490466618291|P_EXP_DT=20260220
    [P_RMESG2] => 
    [P_NOTI] => 
    [P_AUTH_NO] => 
)

 Array
(
    [PageCall time] => 07:32:27
    [P_TID] => INIMX_VBNKCAEcatca0720260210072917435900
    [P_MID] => CAEcatca07
    [P_AUTH_DT] => 20260210073227
    [P_STATUS] => 02
    [P_TYPE] => VBANK
    [P_OID] => 260209-002
    [P_FN_CD1] => 04
    [P_FN_CD2] => 
    [P_FN_NM] => KB국민은행
    [P_AMT] => 3500
    [P_UNAME] => 이동근
    [P_RMESG1] => P_VACCT_NO=26029078245519|P_EXP_DT=20260220
    [P_RMESG2] => 
    [P_NOTI] => 
    [P_AUTH_NO] => 
)

 Array
(
    [PageCall time] => 07:46:49
    [P_TID] => INIMX_VBNKCAEcatca0720260210074419775931
    [P_MID] => CAEcatca07
    [P_AUTH_DT] => 20260210074649
    [P_STATUS] => 02
    [P_TYPE] => VBANK
    [P_OID] => 260210-002
    [P_FN_CD1] => 03
    [P_FN_CD2] => 
    [P_FN_NM] => 기업은행
    [P_AMT] => 3500
    [P_UNAME] => 민광식
    [P_RMESG1] => P_VACCT_NO=07502313497409|P_EXP_DT=20260220
    [P_RMESG2] => 
    [P_NOTI] => 
    [P_AUTH_NO] => 
)

 Array
(
    [PageCall time] => 10:17:13
    [P_TID] => INIMX_VBNKCAEcatca0720260210101158995713
    [P_MID] => CAEcatca07
    [P_AUTH_DT] => 20260210101713
    [P_STATUS] => 02
    [P_TYPE] => VBANK
    [P_OID] => 260210-006
    [P_FN_CD1] => 89
    [P_FN_CD2] => 
    [P_FN_NM] => 케이뱅크
    [P_AMT] => 3500
    [P_UNAME] => 김진영
    [P_RMESG1] => P_VACCT_NO=70112003497111|P_EXP_DT=20260220
    [P_RMESG2] => 
    [P_NOTI] => 
    [P_AUTH_NO] => 
)

 Array
(
    [PageCall time] => 10:38:14
    [P_TID] => INIMX_VBNKCAEcatca0720260210103433915926
    [P_MID] => CAEcatca07
    [P_AUTH_DT] => 20260210103813
    [P_STATUS] => 02
    [P_TYPE] => VBANK
    [P_OID] => 260210-010
    [P_FN_CD1] => 03
    [P_FN_CD2] => 
    [P_FN_NM] => 기업은행
    [P_AMT] => 3500
    [P_UNAME] => 샐러드랩
    [P_RMESG1] => P_VACCT_NO=07503137097912|P_EXP_DT=20260220
    [P_RMESG2] => 
    [P_NOTI] => 
    [P_AUTH_NO] => 
)

 Array
(
    [PageCall time] => 10:42:03
    [P_TID] => INIMX_VBNKCAEcatca0720260210104119225330
    [P_MID] => CAEcatca07
    [P_AUTH_DT] => 20260210104203
    [P_STATUS] => 02
    [P_TYPE] => VBANK
    [P_OID] => 260209-043
    [P_FN_CD1] => 11
    [P_FN_CD2] => 
    [P_FN_NM] => NH농협은행
    [P_AMT] => 3500
    [P_UNAME] => 명소정
    [P_RMESG1] => P_VACCT_NO=79013685241576|P_EXP_DT=20260220
    [P_RMESG2] => 
    [P_NOTI] => 
    [P_AUTH_NO] => 
)

 Array
(
    [PageCall time] => 10:56:30
    [P_TID] => INIMX_VBNKCAEcatca0720260210105258765826
    [P_MID] => CAEcatca07
    [P_AUTH_DT] => 20260210105630
    [P_STATUS] => 02
    [P_TYPE] => VBANK
    [P_OID] => 260210-014
    [P_FN_CD1] => 04
    [P_FN_CD2] => 
    [P_FN_NM] => KB국민은행
    [P_AMT] => 3500
    [P_UNAME] => 최은영
    [P_RMESG1] => P_VACCT_NO=26119078145542|P_EXP_DT=20260220
    [P_RMESG2] => 
    [P_NOTI] => 
    [P_AUTH_NO] => 
)

 Array
(
    [PageCall time] => 10:59:23
    [P_TID] => INIMX_VBNKCAEcatca0720260209113732675666
    [P_MID] => CAEcatca07
    [P_AUTH_DT] => 20260210105923
    [P_STATUS] => 02
    [P_TYPE] => VBANK
    [P_OID] => 260209-015
    [P_FN_CD1] => 88
    [P_FN_CD2] => 
    [P_FN_NM] => 신한은행
    [P_AMT] => 3500
    [P_UNAME] => 강유진
    [P_RMESG1] => P_VACCT_NO=56211103423017|P_EXP_DT=20260219
    [P_RMESG2] => 
    [P_NOTI] => 
    [P_AUTH_NO] => 
)

 Array
(
    [PageCall time] => 11:02:37
    [P_TID] => INIMX_VBNKCAEcatca0720260210110036295808
    [P_MID] => CAEcatca07
    [P_AUTH_DT] => 20260210110237
    [P_STATUS] => 02
    [P_TYPE] => VBANK
    [P_OID] => 260210-012
    [P_FN_CD1] => 11
    [P_FN_CD2] => 
    [P_FN_NM] => NH농협은행
    [P_AMT] => 3500
    [P_UNAME] => 서동우
    [P_RMESG1] => P_VACCT_NO=79013685243196|P_EXP_DT=20260220
    [P_RMESG2] => 
    [P_NOTI] => 
    [P_AUTH_NO] => 
)

 Array
(
    [PageCall time] => 11:30:52
    [P_TID] => INIMX_VBNKCAEcatca0720260209235454225255
    [P_MID] => CAEcatca07
    [P_AUTH_DT] => 20260210113051
    [P_STATUS] => 02
    [P_TYPE] => VBANK
    [P_OID] => 260209-024
    [P_FN_CD1] => 04
    [P_FN_CD2] => 
    [P_FN_NM] => KB국민은행
    [P_AMT] => 3500
    [P_UNAME] => 윤화영
    [P_RMESG1] => P_VACCT_NO=70189014384793|P_EXP_DT=20260219
    [P_RMESG2] => 
    [P_NOTI] => 
    [P_AUTH_NO] => 
)

 Array
(
    [PageCall time] => 12:04:19
    [P_TID] => INIMX_VBNKCAEcatca0720260210120331565250
    [P_MID] => CAEcatca07
    [P_AUTH_DT] => 20260210120419
    [P_STATUS] => 02
    [P_TYPE] => VBANK
    [P_OID] => 260210-017
    [P_FN_CD1] => 11
    [P_FN_CD2] => 
    [P_FN_NM] => NH농협은행
    [P_AMT] => 3500
    [P_UNAME] => 정현숙
    [P_RMESG1] => P_VACCT_NO=79013685250012|P_EXP_DT=20260220
    [P_RMESG2] => 
    [P_NOTI] => 
    [P_AUTH_NO] => 
)

 Array
(
    [PageCall time] => 12:20:35
    [P_TID] => INIMX_VBNKCAEcatca0720260210121701505225
    [P_MID] => CAEcatca07
    [P_AUTH_DT] => 20260210122035
    [P_STATUS] => 02
    [P_TYPE] => VBANK
    [P_OID] => 260210-016
    [P_FN_CD1] => 04
    [P_FN_CD2] => 
    [P_FN_NM] => KB국민은행
    [P_AMT] => 3500
    [P_UNAME] => 김석태
    [P_RMESG1] => P_VACCT_NO=70189014402583|P_EXP_DT=20260220
    [P_RMESG2] => 
    [P_NOTI] => 
    [P_AUTH_NO] => 
)

 Array
(
    [PageCall time] => 12:58:23
    [P_TID] => INIMX_VBNKCAEcatca0720260210125534795326
    [P_MID] => CAEcatca07
    [P_AUTH_DT] => 20260210125823
    [P_STATUS] => 02
    [P_TYPE] => VBANK
    [P_OID] => 260210-018
    [P_FN_CD1] => 88
    [P_FN_CD2] => 
    [P_FN_NM] => 신한은행
    [P_AMT] => 3500
    [P_UNAME] => 정상미
    [P_RMESG1] => P_VACCT_NO=56211103490356|P_EXP_DT=20260220
    [P_RMESG2] => 
    [P_NOTI] => 
    [P_AUTH_NO] => 
)

 Array
(
    [PageCall time] => 13:22:20
    [P_TID] => INIMX_VBNKCAEcatca0720260210131635485550
    [P_MID] => CAEcatca07
    [P_AUTH_DT] => 20260210132220
    [P_STATUS] => 02
    [P_TYPE] => VBANK
    [P_OID] => 260210-020
    [P_FN_CD1] => 04
    [P_FN_CD2] => 
    [P_FN_NM] => KB국민은행
    [P_AMT] => 3500
    [P_UNAME] => 이은진
    [P_RMESG1] => P_VACCT_NO=70189014424710|P_EXP_DT=20260220
    [P_RMESG2] => 
    [P_NOTI] => 
    [P_AUTH_NO] => 
)

 Array
(
    [PageCall time] => 13:35:42
    [P_TID] => INIMX_VBNKCAEcatca0720260210133441585676
    [P_MID] => CAEcatca07
    [P_AUTH_DT] => 20260210133542
    [P_STATUS] => 02
    [P_TYPE] => VBANK
    [P_OID] => 260210-022
    [P_FN_CD1] => 11
    [P_FN_CD2] => 
    [P_FN_NM] => NH농협은행
    [P_AMT] => 3500
    [P_UNAME] => 김송하
    [P_RMESG1] => P_VACCT_NO=79013685261435|P_EXP_DT=20260220
    [P_RMESG2] => 
    [P_NOTI] => 
    [P_AUTH_NO] => 
)

 Array
(
    [PageCall time] => 14:20:47
    [P_TID] => INIMX_VBNKCAEcatca0720260210141759175430
    [P_MID] => CAEcatca07
    [P_AUTH_DT] => 20260210142047
    [P_STATUS] => 02
    [P_TYPE] => VBANK
    [P_OID] => 260210-023
    [P_FN_CD1] => 89
    [P_FN_CD2] => 
    [P_FN_NM] => 케이뱅크
    [P_AMT] => 3500
    [P_UNAME] => 함다희
    [P_RMESG1] => P_VACCT_NO=70112003499222|P_EXP_DT=20260220
    [P_RMESG2] => 
    [P_NOTI] => 
    [P_AUTH_NO] => 
)

 Array
(
    [PageCall time] => 14:46:07
    [P_TID] => INIMX_VBNKCAEcatca0720260210144207985613
    [P_MID] => CAEcatca07
    [P_AUTH_DT] => 20260210144607
    [P_STATUS] => 02
    [P_TYPE] => VBANK
    [P_OID] => 260210-028
    [P_FN_CD1] => 04
    [P_FN_CD2] => 
    [P_FN_NM] => KB국민은행
    [P_AMT] => 3500
    [P_UNAME] => 최성선
    [P_RMESG1] => P_VACCT_NO=70189014471446|P_EXP_DT=20260220
    [P_RMESG2] => 
    [P_NOTI] => 
    [P_AUTH_NO] => 
)

 Array
(
    [PageCall time] => 14:50:18
    [P_TID] => INIMX_VBNKCAEcatca0720260210144702555205
    [P_MID] => CAEcatca07
    [P_AUTH_DT] => 20260210145017
    [P_STATUS] => 02
    [P_TYPE] => VBANK
    [P_OID] => 260210-029
    [P_FN_CD1] => 04
    [P_FN_CD2] => 
    [P_FN_NM] => KB국민은행
    [P_AMT] => 3500
    [P_UNAME] => 김리라
    [P_RMESG1] => P_VACCT_NO=70189014472120|P_EXP_DT=20260220
    [P_RMESG2] => 
    [P_NOTI] => 
    [P_AUTH_NO] => 
)

 Array
(
    [PageCall time] => 15:30:13
    [P_TID] => INIMX_VBNKCAEcatca0720260210152708735310
    [P_MID] => CAEcatca07
    [P_AUTH_DT] => 20260210153013
    [P_STATUS] => 02
    [P_TYPE] => VBANK
    [P_OID] => 260210-030
    [P_FN_CD1] => 03
    [P_FN_CD2] => 
    [P_FN_NM] => 기업은행
    [P_AMT] => 3500
    [P_UNAME] => 신재혁
    [P_RMESG1] => P_VACCT_NO=07503140497931|P_EXP_DT=20260220
    [P_RMESG2] => 
    [P_NOTI] => 
    [P_AUTH_NO] => 
)

 Array
(
    [PageCall time] => 15:30:16
    [P_TID] => INIMX_VBNKCAEcatca0720260210152708455916
    [P_MID] => CAEcatca07
    [P_AUTH_DT] => 20260210153016
    [P_STATUS] => 02
    [P_TYPE] => VBANK
    [P_OID] => 260210-031
    [P_FN_CD1] => 04
    [P_FN_CD2] => 
    [P_FN_NM] => KB국민은행
    [P_AMT] => 3500
    [P_UNAME] => 이민선
    [P_RMESG1] => P_VACCT_NO=70189014480343|P_EXP_DT=20260220
    [P_RMESG2] => 
    [P_NOTI] => 
    [P_AUTH_NO] => 
)

 Array
(
    [PageCall time] => 15:34:33
    [P_TID] => INIMX_VBNKCAEcatca0720260210153138655126
    [P_MID] => CAEcatca07
    [P_AUTH_DT] => 20260210153433
    [P_STATUS] => 02
    [P_TYPE] => VBANK
    [P_OID] => 260210-032
    [P_FN_CD1] => 04
    [P_FN_CD2] => 
    [P_FN_NM] => KB국민은행
    [P_AMT] => 3500
    [P_UNAME] => 이문영
    [P_RMESG1] => P_VACCT_NO=70189014481085|P_EXP_DT=20260220
    [P_RMESG2] => 
    [P_NOTI] => 
    [P_AUTH_NO] => 
)

 Array
(
    [PageCall time] => 16:05:00
    [P_TID] => INIMX_VBNKCAEcatca0720260210160208855242
    [P_MID] => CAEcatca07
    [P_AUTH_DT] => 20260210160500
    [P_STATUS] => 02
    [P_TYPE] => VBANK
    [P_OID] => 260210-035
    [P_FN_CD1] => 81
    [P_FN_CD2] => 
    [P_FN_NM] => 하나은행
    [P_AMT] => 3500
    [P_UNAME] => 신경화
    [P_RMESG1] => P_VACCT_NO=20894040501037|P_EXP_DT=20260220
    [P_RMESG2] => 
    [P_NOTI] => 
    [P_AUTH_NO] => 
)

 Array
(
    [PageCall time] => 16:05:18
    [P_TID] => INIMX_VBNKCAEcatca0720260210160226255666
    [P_MID] => CAEcatca07
    [P_AUTH_DT] => 20260210160518
    [P_STATUS] => 02
    [P_TYPE] => VBANK
    [P_OID] => 260210-034
    [P_FN_CD1] => 20
    [P_FN_CD2] => 
    [P_FN_NM] => 우리은행
    [P_AMT] => 3500
    [P_UNAME] => 김윤회
    [P_RMESG1] => P_VACCT_NO=27490504418366|P_EXP_DT=20260220
    [P_RMESG2] => 
    [P_NOTI] => 
    [P_AUTH_NO] => 
)

 Array
(
    [PageCall time] => 16:57:02
    [P_TID] => INIMX_VBNKCAEcatca0720260210165037115636
    [P_MID] => CAEcatca07
    [P_AUTH_DT] => 20260210165702
    [P_STATUS] => 02
    [P_TYPE] => VBANK
    [P_OID] => 260210-037
    [P_FN_CD1] => 03
    [P_FN_CD2] => 
    [P_FN_NM] => 기업은행
    [P_AMT] => 3500
    [P_UNAME] => 최근수
    [P_RMESG1] => P_VACCT_NO=07503141597809|P_EXP_DT=20260220
    [P_RMESG2] => 
    [P_NOTI] => 
    [P_AUTH_NO] => 
)

 Array
(
    [PageCall time] => 17:27:01
    [P_TID] => INIMX_VBNKCAEcatca0720260210172410925086
    [P_MID] => CAEcatca07
    [P_AUTH_DT] => 20260210172701
    [P_STATUS] => 02
    [P_TYPE] => VBANK
    [P_OID] => 251227-009
    [P_FN_CD1] => 03
    [P_FN_CD2] => 
    [P_FN_NM] => 기업은행
    [P_AMT] => 3500
    [P_UNAME] => 변영진
    [P_RMESG1] => P_VACCT_NO=07503141997753|P_EXP_DT=20260220
    [P_RMESG2] => 
    [P_NOTI] => 
    [P_AUTH_NO] => 
)

 Array
(
    [PageCall time] => 17:38:01
    [P_TID] => INIMX_VBNKCAEcatca0720260210172552785908
    [P_MID] => CAEcatca07
    [P_AUTH_DT] => 20260210173801
    [P_STATUS] => 02
    [P_TYPE] => VBANK
    [P_OID] => 260210-039
    [P_FN_CD1] => 03
    [P_FN_CD2] => 
    [P_FN_NM] => 기업은행
    [P_AMT] => 3500
    [P_UNAME] => 이동욱
    [P_RMESG1] => P_VACCT_NO=07503141997988|P_EXP_DT=20260220
    [P_RMESG2] => 
    [P_NOTI] => 
    [P_AUTH_NO] => 
)

 Array
(
    [PageCall time] => 17:48:03
    [P_TID] => INIMX_VBNKCAEcatca0720260210174517245101
    [P_MID] => CAEcatca07
    [P_AUTH_DT] => 20260210174803
    [P_STATUS] => 02
    [P_TYPE] => VBANK
    [P_OID] => 260210-040
    [P_FN_CD1] => 03
    [P_FN_CD2] => 
    [P_FN_NM] => 기업은행
    [P_AMT] => 3500
    [P_UNAME] => 김경환
    [P_RMESG1] => P_VACCT_NO=07503142197839|P_EXP_DT=20260220
    [P_RMESG2] => 
    [P_NOTI] => 
    [P_AUTH_NO] => 
)

 Array
(
    [PageCall time] => 18:35:31
    [P_TID] => INIMX_VBNKCAEcatca0720260210183237445673
    [P_MID] => CAEcatca07
    [P_AUTH_DT] => 20260210183531
    [P_STATUS] => 02
    [P_TYPE] => VBANK
    [P_OID] => 260210-042
    [P_FN_CD1] => 04
    [P_FN_CD2] => 
    [P_FN_NM] => KB국민은행
    [P_AMT] => 3500
    [P_UNAME] => 고상미
    [P_RMESG1] => P_VACCT_NO=70189014508795|P_EXP_DT=20260220
    [P_RMESG2] => 
    [P_NOTI] => 
    [P_AUTH_NO] => 
)

 Array
(
    [PageCall time] => 19:36:20
    [P_TID] => INIMX_VBNKCAEcatca0720260210154210135655
    [P_MID] => CAEcatca07
    [P_AUTH_DT] => 20260210193620
    [P_STATUS] => 02
    [P_TYPE] => VBANK
    [P_OID] => 260210-008
    [P_FN_CD1] => 81
    [P_FN_CD2] => 
    [P_FN_NM] => 하나은행
    [P_AMT] => 3500
    [P_UNAME] => 김현숙
    [P_RMESG1] => P_VACCT_NO=20894040344137|P_EXP_DT=20260220
    [P_RMESG2] => 
    [P_NOTI] => 
    [P_AUTH_NO] => 
)

 Array
(
    [PageCall time] => 19:52:51
    [P_TID] => INIMX_VBNKCAEcatca0720260210194958205671
    [P_MID] => CAEcatca07
    [P_AUTH_DT] => 20260210195251
    [P_STATUS] => 02
    [P_TYPE] => VBANK
    [P_OID] => 260210-043
    [P_FN_CD1] => 11
    [P_FN_CD2] => 
    [P_FN_NM] => NH농협은행
    [P_AMT] => 3500
    [P_UNAME] => 이은선
    [P_RMESG1] => P_VACCT_NO=79013685321687|P_EXP_DT=20260220
    [P_RMESG2] => 
    [P_NOTI] => 
    [P_AUTH_NO] => 
)

 Array
(
    [PageCall time] => 21:05:04
    [P_TID] => INIMX_VBNKCAEcatca0720260210210155445582
    [P_MID] => CAEcatca07
    [P_AUTH_DT] => 20260210210504
    [P_STATUS] => 02
    [P_TYPE] => VBANK
    [P_OID] => 260210-044
    [P_FN_CD1] => 03
    [P_FN_CD2] => 
    [P_FN_NM] => 기업은행
    [P_AMT] => 3500
    [P_UNAME] => 조혜리
    [P_RMESG1] => P_VACCT_NO=07503143197621|P_EXP_DT=20260220
    [P_RMESG2] => 
    [P_NOTI] => 
    [P_AUTH_NO] => 
)

 Array
(
    [PageCall time] => 22:12:00
    [P_TID] => INIMX_VBNKCAEcatca0720260210220922575904
    [P_MID] => CAEcatca07
    [P_AUTH_DT] => 20260210221200
    [P_STATUS] => 02
    [P_TYPE] => VBANK
    [P_OID] => 260210-045
    [P_FN_CD1] => 81
    [P_FN_CD2] => 
    [P_FN_NM] => 하나은행
    [P_AMT] => 3500
    [P_UNAME] => 김수미
    [P_RMESG1] => P_VACCT_NO=20894042730937|P_EXP_DT=20260220
    [P_RMESG2] => 
    [P_NOTI] => 
    [P_AUTH_NO] => 
)

 Array
(
    [PageCall time] => 23:40:39
    [P_TID] => INIMX_VBNKCAEcatca0720260210233718295919
    [P_MID] => CAEcatca07
    [P_AUTH_DT] => 20260210234039
    [P_STATUS] => 02
    [P_TYPE] => VBANK
    [P_OID] => 260210-046
    [P_FN_CD1] => 04
    [P_FN_CD2] => 
    [P_FN_NM] => KB국민은행
    [P_AMT] => 3500
    [P_UNAME] => 강윤주
    [P_RMESG1] => P_VACCT_NO=70189014549286|P_EXP_DT=20260220
    [P_RMESG2] => 
    [P_NOTI] => 
    [P_AUTH_NO] => 
)

