 Array
(
    [PageCall time] => 10:54:36
    [P_TID] => INIMX_VBNKCAEcatca0720251214105102225641
    [P_MID] => CAEcatca07
    [P_AUTH_DT] => 20251214105436
    [P_STATUS] => 02
    [P_TYPE] => VBANK
    [P_OID] => 251214-002
    [P_FN_CD1] => 88
    [P_FN_CD2] => 
    [P_FN_NM] => 신한은행
    [P_AMT] => 3000
    [P_UNAME] => 범재준
    [P_RMESG1] => P_VACCT_NO=56211106315297|P_EXP_DT=20251224
    [P_RMESG2] => 
    [P_NOTI] => 
    [P_AUTH_NO] => 
)

 Array
(
    [PageCall time] => 11:26:55
    [P_TID] => INIMX_VBNKCAEcatca0720251214112420775145
    [P_MID] => CAEcatca07
    [P_AUTH_DT] => 20251214112655
    [P_STATUS] => 02
    [P_TYPE] => VBANK
    [P_OID] => 251214-003
    [P_FN_CD1] => 20
    [P_FN_CD2] => 
    [P_FN_NM] => 우리은행
    [P_AMT] => 3000
    [P_UNAME] => 서승휘
    [P_RMESG1] => P_VACCT_NO=27388972918386|P_EXP_DT=20251224
    [P_RMESG2] => 
    [P_NOTI] => 
    [P_AUTH_NO] => 
)

 Array
(
    [PageCall time] => 12:56:13
    [P_TID] => INIMX_VBNKCAEcatca0720251214125250245694
    [P_MID] => CAEcatca07
    [P_AUTH_DT] => 20251214125613
    [P_STATUS] => 02
    [P_TYPE] => VBANK
    [P_OID] => 251214-004
    [P_FN_CD1] => 81
    [P_FN_CD2] => 
    [P_FN_NM] => 하나은행
    [P_AMT] => 3000
    [P_UNAME] => 김은희
    [P_RMESG1] => P_VACCT_NO=20894331164537|P_EXP_DT=20251224
    [P_RMESG2] => 
    [P_NOTI] => 
    [P_AUTH_NO] => 
)

 Array
(
    [PageCall time] => 13:08:08
    [P_TID] => INIMX_VBNKCAEcatca0720251213231800715088
    [P_MID] => CAEcatca07
    [P_AUTH_DT] => 20251214130808
    [P_STATUS] => 02
    [P_TYPE] => VBANK
    [P_OID] => 251213-011
    [P_FN_CD1] => 04
    [P_FN_CD2] => 
    [P_FN_NM] => KB국민은행
    [P_AMT] => 3000
    [P_UNAME] => 손정애
    [P_RMESG1] => P_VACCT_NO=52499014453869|P_EXP_DT=20251223
    [P_RMESG2] => 
    [P_NOTI] => 
    [P_AUTH_NO] => 
)

 Array
(
    [PageCall time] => 17:09:32
    [P_TID] => INIMX_VBNKCAEcatca0720251214170703185376
    [P_MID] => CAEcatca07
    [P_AUTH_DT] => 20251214170932
    [P_STATUS] => 02
    [P_TYPE] => VBANK
    [P_OID] => 251214-006
    [P_FN_CD1] => 88
    [P_FN_CD2] => 
    [P_FN_NM] => 신한은행
    [P_AMT] => 3000
    [P_UNAME] => 김수정
    [P_RMESG1] => P_VACCT_NO=56211990864900|P_EXP_DT=20251224
    [P_RMESG2] => 
    [P_NOTI] => 
    [P_AUTH_NO] => 
)

 Array
(
    [PageCall time] => 18:22:02
    [P_TID] => INIMX_VBNKCAEcatca0720251214181844495307
    [P_MID] => CAEcatca07
    [P_AUTH_DT] => 20251214182202
    [P_STATUS] => 02
    [P_TYPE] => VBANK
    [P_OID] => 251214-007
    [P_FN_CD1] => 03
    [P_FN_CD2] => 
    [P_FN_NM] => 기업은행
    [P_AMT] => 3000
    [P_UNAME] => 최주현
    [P_RMESG1] => P_VACCT_NO=07503175097959|P_EXP_DT=20251224
    [P_RMESG2] => 
    [P_NOTI] => 
    [P_AUTH_NO] => 
)

 Array
(
    [PageCall time] => 21:19:36
    [P_TID] => INIMX_VBNKCAEcatca0720251214211635785398
    [P_MID] => CAEcatca07
    [P_AUTH_DT] => 20251214211936
    [P_STATUS] => 02
    [P_TYPE] => VBANK
    [P_OID] => 251214-009
    [P_FN_CD1] => 88
    [P_FN_CD2] => 
    [P_FN_NM] => 신한은행
    [P_AMT] => 3000
    [P_UNAME] => 이충호
    [P_RMESG1] => P_VACCT_NO=56211990958562|P_EXP_DT=20251224
    [P_RMESG2] => 
    [P_NOTI] => 
    [P_AUTH_NO] => 
)

 Array
(
    [PageCall time] => 23:04:05
    [P_TID] => INIMX_VBNKCAEcatca0720251214230122515695
    [P_MID] => CAEcatca07
    [P_AUTH_DT] => 20251214230405
    [P_STATUS] => 02
    [P_TYPE] => VBANK
    [P_OID] => 251214-010
    [P_FN_CD1] => 11
    [P_FN_CD2] => 
    [P_FN_NM] => NH농협은행
    [P_AMT] => 3000
    [P_UNAME] => 김은혜
    [P_RMESG1] => P_VACCT_NO=01445064611057|P_EXP_DT=20251224
    [P_RMESG2] => 
    [P_NOTI] => 
    [P_AUTH_NO] => 
)

