 Array
(
    [PageCall time] => 08:37:05
    [P_TID] => INIMX_VBNKCAEcatca0720251114083410395389
    [P_MID] => CAEcatca07
    [P_AUTH_DT] => 20251114083705
    [P_STATUS] => 02
    [P_TYPE] => VBANK
    [P_OID] => 251114-003
    [P_FN_CD1] => 20
    [P_FN_CD2] => 
    [P_FN_NM] => 우리은행
    [P_AMT] => 3000
    [P_UNAME] => 주현정
    [P_RMESG1] => P_VACCT_NO=61848387918208|P_EXP_DT=20251124
    [P_RMESG2] => 
    [P_NOTI] => 
    [P_AUTH_NO] => 
)

 Array
(
    [PageCall time] => 09:44:43
    [P_TID] => INIMX_VBNKCAEcatca0720251112160617445493
    [P_MID] => CAEcatca07
    [P_AUTH_DT] => 20251114094443
    [P_STATUS] => 02
    [P_TYPE] => VBANK
    [P_OID] => 251112-029
    [P_FN_CD1] => 88
    [P_FN_CD2] => 
    [P_FN_NM] => 신한은행
    [P_AMT] => 3000
    [P_UNAME] => 조채원
    [P_RMESG1] => P_VACCT_NO=56211105515837|P_EXP_DT=20251122
    [P_RMESG2] => 
    [P_NOTI] => 
    [P_AUTH_NO] => 
)

 Array
(
    [PageCall time] => 10:08:12
    [P_TID] => INIMX_VBNKCAEcatca0720251114100712935251
    [P_MID] => CAEcatca07
    [P_AUTH_DT] => 20251114100812
    [P_STATUS] => 02
    [P_TYPE] => VBANK
    [P_OID] => 251114-006
    [P_FN_CD1] => 11
    [P_FN_CD2] => 
    [P_FN_NM] => NH농협은행
    [P_AMT] => 3000
    [P_UNAME] => 김미정
    [P_RMESG1] => P_VACCT_NO=79015902130990|P_EXP_DT=20251124
    [P_RMESG2] => 
    [P_NOTI] => 
    [P_AUTH_NO] => 
)

 Array
(
    [PageCall time] => 10:47:21
    [P_TID] => INIMX_VBNKCAEcatca0720251114104452385561
    [P_MID] => CAEcatca07
    [P_AUTH_DT] => 20251114104721
    [P_STATUS] => 02
    [P_TYPE] => VBANK
    [P_OID] => 251114-011
    [P_FN_CD1] => 11
    [P_FN_CD2] => 
    [P_FN_NM] => NH농협은행
    [P_AMT] => 3000
    [P_UNAME] => 허인선
    [P_RMESG1] => P_VACCT_NO=79015902137685|P_EXP_DT=20251124
    [P_RMESG2] => 
    [P_NOTI] => 
    [P_AUTH_NO] => 
)

 Array
(
    [PageCall time] => 11:09:05
    [P_TID] => INIMX_VBNKCAEcatca0720251114110703715221
    [P_MID] => CAEcatca07
    [P_AUTH_DT] => 20251114110905
    [P_STATUS] => 02
    [P_TYPE] => VBANK
    [P_OID] => 251114-012
    [P_FN_CD1] => 11
    [P_FN_CD2] => 
    [P_FN_NM] => NH농협은행
    [P_AMT] => 3000
    [P_UNAME] => 김은영
    [P_RMESG1] => P_VACCT_NO=79015902143703|P_EXP_DT=20251124
    [P_RMESG2] => 
    [P_NOTI] => 
    [P_AUTH_NO] => 
)

 Array
(
    [PageCall time] => 11:19:41
    [P_TID] => INIMX_VBNKCAEcatca0720251114111602695642
    [P_MID] => CAEcatca07
    [P_AUTH_DT] => 20251114111941
    [P_STATUS] => 02
    [P_TYPE] => VBANK
    [P_OID] => 251114-015
    [P_FN_CD1] => 81
    [P_FN_CD2] => 
    [P_FN_NM] => 하나은행
    [P_AMT] => 3000
    [P_UNAME] => 황일서
    [P_RMESG1] => P_VACCT_NO=20894010662437|P_EXP_DT=20251124
    [P_RMESG2] => 
    [P_NOTI] => 
    [P_AUTH_NO] => 
)

 Array
(
    [PageCall time] => 11:19:41
    [P_TID] => INIMX_VBNKCAEcatca0720251114111841305262
    [P_MID] => CAEcatca07
    [P_AUTH_DT] => 20251114111941
    [P_STATUS] => 02
    [P_TYPE] => VBANK
    [P_OID] => 251114-017
    [P_FN_CD1] => 11
    [P_FN_CD2] => 
    [P_FN_NM] => NH농협은행
    [P_AMT] => 3000
    [P_UNAME] => 배은숙
    [P_RMESG1] => P_VACCT_NO=79015902146341|P_EXP_DT=20251124
    [P_RMESG2] => 
    [P_NOTI] => 
    [P_AUTH_NO] => 
)

 Array
(
    [PageCall time] => 14:54:21
    [P_TID] => INIMX_VBNKCAEcatca0720251114144738865484
    [P_MID] => CAEcatca07
    [P_AUTH_DT] => 20251114145421
    [P_STATUS] => 02
    [P_TYPE] => VBANK
    [P_OID] => 251114-026
    [P_FN_CD1] => 88
    [P_FN_CD2] => 
    [P_FN_NM] => 신한은행
    [P_AMT] => 3000
    [P_UNAME] => 이준명
    [P_RMESG1] => P_VACCT_NO=56211105673133|P_EXP_DT=20251124
    [P_RMESG2] => 
    [P_NOTI] => 
    [P_AUTH_NO] => 
)

 Array
(
    [PageCall time] => 14:58:53
    [P_TID] => INIMX_VBNKCAEcatca0720251114145734315918
    [P_MID] => CAEcatca07
    [P_AUTH_DT] => 20251114145853
    [P_STATUS] => 02
    [P_TYPE] => VBANK
    [P_OID] => 251114-025
    [P_FN_CD1] => 11
    [P_FN_CD2] => 
    [P_FN_NM] => NH농협은행
    [P_AMT] => 3000
    [P_UNAME] => 전윤옥
    [P_RMESG1] => P_VACCT_NO=79015902177609|P_EXP_DT=20251124
    [P_RMESG2] => 
    [P_NOTI] => 
    [P_AUTH_NO] => 
)

 Array
(
    [PageCall time] => 15:08:24
    [P_TID] => INIMX_VBNKCAEcatca0720251114150534225110
    [P_MID] => CAEcatca07
    [P_AUTH_DT] => 20251114150824
    [P_STATUS] => 02
    [P_TYPE] => VBANK
    [P_OID] => 251114-029
    [P_FN_CD1] => 04
    [P_FN_CD2] => 
    [P_FN_NM] => KB국민은행
    [P_AMT] => 3000
    [P_UNAME] => 전지인
    [P_RMESG1] => P_VACCT_NO=26029078770310|P_EXP_DT=20251124
    [P_RMESG2] => 
    [P_NOTI] => 
    [P_AUTH_NO] => 
)

 Array
(
    [PageCall time] => 15:25:43
    [P_TID] => INIMX_VBNKCAEcatca0720251114152157195038
    [P_MID] => CAEcatca07
    [P_AUTH_DT] => 20251114152543
    [P_STATUS] => 02
    [P_TYPE] => VBANK
    [P_OID] => 251114-013
    [P_FN_CD1] => 03
    [P_FN_CD2] => 
    [P_FN_NM] => 기업은행
    [P_AMT] => 3000
    [P_UNAME] => 윈메딕스
    [P_RMESG1] => P_VACCT_NO=07502275797970|P_EXP_DT=20251124
    [P_RMESG2] => 
    [P_NOTI] => 
    [P_AUTH_NO] => 
)

 Array
(
    [PageCall time] => 16:02:46
    [P_TID] => INIMX_VBNKCAEcatca0720251113174835835687
    [P_MID] => CAEcatca07
    [P_AUTH_DT] => 20251114160246
    [P_STATUS] => 02
    [P_TYPE] => VBANK
    [P_OID] => 251113-022
    [P_FN_CD1] => 03
    [P_FN_CD2] => 
    [P_FN_NM] => 기업은행
    [P_AMT] => 3000
    [P_UNAME] => 이승희
    [P_RMESG1] => P_VACCT_NO=07502267797540|P_EXP_DT=20251123
    [P_RMESG2] => 
    [P_NOTI] => 
    [P_AUTH_NO] => 
)

 Array
(
    [PageCall time] => 16:13:27
    [P_TID] => INIMX_VBNKCAEcatca0720251114161053855369
    [P_MID] => CAEcatca07
    [P_AUTH_DT] => 20251114161327
    [P_STATUS] => 02
    [P_TYPE] => VBANK
    [P_OID] => 251114-033
    [P_FN_CD1] => 04
    [P_FN_CD2] => 
    [P_FN_NM] => KB국민은행
    [P_AMT] => 3000
    [P_UNAME] => 정윤아
    [P_RMESG1] => P_VACCT_NO=26029078809845|P_EXP_DT=20251124
    [P_RMESG2] => 
    [P_NOTI] => 
    [P_AUTH_NO] => 
)

 Array
(
    [PageCall time] => 16:24:28
    [P_TID] => INIMX_VBNKCAEcatca0720251114162123425793
    [P_MID] => CAEcatca07
    [P_AUTH_DT] => 20251114162428
    [P_STATUS] => 02
    [P_TYPE] => VBANK
    [P_OID] => 251114-034
    [P_FN_CD1] => 88
    [P_FN_CD2] => 
    [P_FN_NM] => 신한은행
    [P_AMT] => 3000
    [P_UNAME] => 김은숙
    [P_RMESG1] => P_VACCT_NO=56211105681950|P_EXP_DT=20251124
    [P_RMESG2] => 
    [P_NOTI] => 
    [P_AUTH_NO] => 
)

 Array
(
    [PageCall time] => 20:49:48
    [P_TID] => INIMX_VBNKCAEcatca0720251114204840765692
    [P_MID] => CAEcatca07
    [P_AUTH_DT] => 20251114204948
    [P_STATUS] => 02
    [P_TYPE] => VBANK
    [P_OID] => 251114-037
    [P_FN_CD1] => 11
    [P_FN_CD2] => 
    [P_FN_NM] => NH농협은행
    [P_AMT] => 3000
    [P_UNAME] => 서슬비
    [P_RMESG1] => P_VACCT_NO=79015902220254|P_EXP_DT=20251124
    [P_RMESG2] => 
    [P_NOTI] => 
    [P_AUTH_NO] => 
)

 Array
(
    [PageCall time] => 21:54:30
    [P_TID] => INIMX_VBNKCAEcatca0720251114215124385231
    [P_MID] => CAEcatca07
    [P_AUTH_DT] => 20251114215429
    [P_STATUS] => 02
    [P_TYPE] => VBANK
    [P_OID] => 251114-038
    [P_FN_CD1] => 04
    [P_FN_CD2] => 
    [P_FN_NM] => KB국민은행
    [P_AMT] => 3000
    [P_UNAME] => 박정현
    [P_RMESG1] => P_VACCT_NO=26029078942483|P_EXP_DT=20251124
    [P_RMESG2] => 
    [P_NOTI] => 
    [P_AUTH_NO] => 
)

 Array
(
    [PageCall time] => 22:28:23
    [P_TID] => INIMX_VBNKCAEcatca0720251114222307455149
    [P_MID] => CAEcatca07
    [P_AUTH_DT] => 20251114222823
    [P_STATUS] => 02
    [P_TYPE] => VBANK
    [P_OID] => 251114-039
    [P_FN_CD1] => 04
    [P_FN_CD2] => 
    [P_FN_NM] => KB국민은행
    [P_AMT] => 3000
    [P_UNAME] => 이상환
    [P_RMESG1] => P_VACCT_NO=26029078961440|P_EXP_DT=20251124
    [P_RMESG2] => 
    [P_NOTI] => 
    [P_AUTH_NO] => 
)

 Array
(
    [PageCall time] => 22:32:33
    [P_TID] => INIMX_VBNKCAEcatca0720251114222656495181
    [P_MID] => CAEcatca07
    [P_AUTH_DT] => 20251114223233
    [P_STATUS] => 02
    [P_TYPE] => VBANK
    [P_OID] => 251114-040
    [P_FN_CD1] => 88
    [P_FN_CD2] => 
    [P_FN_NM] => 신한은행
    [P_AMT] => 3000
    [P_UNAME] => 김유미
    [P_RMESG1] => P_VACCT_NO=56211105704058|P_EXP_DT=20251124
    [P_RMESG2] => 
    [P_NOTI] => 
    [P_AUTH_NO] => 
)

