 Array
(
    [PageCall time] => 08:51:47
    [P_TID] => INIMX_VBNKCAEcatca0720250506085052615292
    [P_MID] => CAEcatca07
    [P_AUTH_DT] => 20250506085147
    [P_STATUS] => 02
    [P_TYPE] => VBANK
    [P_OID] => 250505-007
    [P_FN_CD1] => 11
    [P_FN_CD2] => 
    [P_FN_NM] => NH농협은행
    [P_AMT] => 3000
    [P_UNAME] => 카나롯 파차라폰
    [P_RMESG1] => P_VACCT_NO=79015902870303|P_EXP_DT=20250516
    [P_RMESG2] => 
    [P_NOTI] => 
    [P_AUTH_NO] => 
)

 Array
(
    [PageCall time] => 10:14:07
    [P_TID] => INIMX_VBNKCAEcatca0720250506100943285121
    [P_MID] => CAEcatca07
    [P_AUTH_DT] => 20250506101407
    [P_STATUS] => 02
    [P_TYPE] => VBANK
    [P_OID] => 250506-001
    [P_FN_CD1] => 03
    [P_FN_CD2] => 
    [P_FN_NM] => 기업은행
    [P_AMT] => 3000
    [P_UNAME] => 박기열
    [P_RMESG1] => P_VACCT_NO=07502271497437|P_EXP_DT=20250516
    [P_RMESG2] => 
    [P_NOTI] => 
    [P_AUTH_NO] => 
)

 Array
(
    [PageCall time] => 16:23:32
    [P_TID] => INIMX_VBNKCAEcatca0720250506162056905890
    [P_MID] => CAEcatca07
    [P_AUTH_DT] => 20250506162332
    [P_STATUS] => 02
    [P_TYPE] => VBANK
    [P_OID] => 250506-002
    [P_FN_CD1] => 20
    [P_FN_CD2] => 
    [P_FN_NM] => 우리은행
    [P_AMT] => 3000
    [P_UNAME] => 이재현
    [P_RMESG1] => P_VACCT_NO=27489204818620|P_EXP_DT=20250516
    [P_RMESG2] => 
    [P_NOTI] => 
    [P_AUTH_NO] => 
)

 Array
(
    [PageCall time] => 17:04:36
    [P_TID] => INIMX_VBNKCAEcatca0720250506165910105540
    [P_MID] => CAEcatca07
    [P_AUTH_DT] => 20250506170436
    [P_STATUS] => 02
    [P_TYPE] => VBANK
    [P_OID] => 250504-006
    [P_FN_CD1] => 11
    [P_FN_CD2] => 
    [P_FN_NM] => NH농협은행
    [P_AMT] => 3000
    [P_UNAME] => 허식
    [P_RMESG1] => P_VACCT_NO=79015902918786|P_EXP_DT=20250516
    [P_RMESG2] => 
    [P_NOTI] => 
    [P_AUTH_NO] => 
)

 Array
(
    [PageCall time] => 17:33:29
    [P_TID] => INIMX_VBNKCAEcatca0720250506173154615522
    [P_MID] => CAEcatca07
    [P_AUTH_DT] => 20250506173329
    [P_STATUS] => 02
    [P_TYPE] => VBANK
    [P_OID] => 250420-006
    [P_FN_CD1] => 11
    [P_FN_CD2] => 
    [P_FN_NM] => NH농협은행
    [P_AMT] => 3000
    [P_UNAME] => 기지영
    [P_RMESG1] => P_VACCT_NO=79015902921608|P_EXP_DT=20250516
    [P_RMESG2] => 
    [P_NOTI] => 
    [P_AUTH_NO] => 
)

 Array
(
    [PageCall time] => 17:38:53
    [P_TID] => INIMX_VBNKCAEcatca0720250506173602785452
    [P_MID] => CAEcatca07
    [P_AUTH_DT] => 20250506173853
    [P_STATUS] => 02
    [P_TYPE] => VBANK
    [P_OID] => 250506-003
    [P_FN_CD1] => 20
    [P_FN_CD2] => 
    [P_FN_NM] => 우리은행
    [P_AMT] => 3000
    [P_UNAME] => 강은영
    [P_RMESG1] => P_VACCT_NO=27489206218888|P_EXP_DT=20250516
    [P_RMESG2] => 
    [P_NOTI] => 
    [P_AUTH_NO] => 
)

 Array
(
    [PageCall time] => 17:57:11
    [P_TID] => INIMX_VBNKCAEcatca0720250506175611715298
    [P_MID] => CAEcatca07
    [P_AUTH_DT] => 20250506175711
    [P_STATUS] => 02
    [P_TYPE] => VBANK
    [P_OID] => 250506-004
    [P_FN_CD1] => 04
    [P_FN_CD2] => 
    [P_FN_NM] => KB국민은행
    [P_AMT] => 3000
    [P_UNAME] => 박은정
    [P_RMESG1] => P_VACCT_NO=39319011582331|P_EXP_DT=20250516
    [P_RMESG2] => 
    [P_NOTI] => 
    [P_AUTH_NO] => 
)

 Array
(
    [PageCall time] => 19:52:18
    [P_TID] => INIMX_VBNKCAEcatca0720250506194917335759
    [P_MID] => CAEcatca07
    [P_AUTH_DT] => 20250506195218
    [P_STATUS] => 02
    [P_TYPE] => VBANK
    [P_OID] => 250506-005
    [P_FN_CD1] => 88
    [P_FN_CD2] => 
    [P_FN_NM] => 신한은행
    [P_AMT] => 3000
    [P_UNAME] => 홍성인
    [P_RMESG1] => P_VACCT_NO=56211102637447|P_EXP_DT=20250516
    [P_RMESG2] => 
    [P_NOTI] => 
    [P_AUTH_NO] => 
)

 Array
(
    [PageCall time] => 20:52:03
    [P_TID] => INIMX_VBNKCAEcatca0720250506205131455094
    [P_MID] => CAEcatca07
    [P_AUTH_DT] => 20250506205203
    [P_STATUS] => 02
    [P_TYPE] => VBANK
    [P_OID] => 250506-006
    [P_FN_CD1] => 04
    [P_FN_CD2] => 
    [P_FN_NM] => KB국민은행
    [P_AMT] => 3000
    [P_UNAME] => 이소영
    [P_RMESG1] => P_VACCT_NO=40849011543308|P_EXP_DT=20250516
    [P_RMESG2] => 
    [P_NOTI] => 
    [P_AUTH_NO] => 
)

