 Array
(
    [PageCall time] => 07:39:01
    [P_TID] => INIMX_VBNKCAEcatca0720250527073625735742
    [P_MID] => CAEcatca07
    [P_AUTH_DT] => 20250527073901
    [P_STATUS] => 02
    [P_TYPE] => VBANK
    [P_OID] => 250527-001
    [P_FN_CD1] => 81
    [P_FN_CD2] => 
    [P_FN_NM] => 하나은행
    [P_AMT] => 3000
    [P_UNAME] => 박서아
    [P_RMESG1] => P_VACCT_NO=20894006913637|P_EXP_DT=20250606
    [P_RMESG2] => 
    [P_NOTI] => 
    [P_AUTH_NO] => 
)

 Array
(
    [PageCall time] => 09:41:17
    [P_TID] => INIMX_VBNKCAEcatca0720250527093839115286
    [P_MID] => CAEcatca07
    [P_AUTH_DT] => 20250527094117
    [P_STATUS] => 02
    [P_TYPE] => VBANK
    [P_OID] => 250527-002
    [P_FN_CD1] => 81
    [P_FN_CD2] => 
    [P_FN_NM] => 하나은행
    [P_AMT] => 3000
    [P_UNAME] => 김보화
    [P_RMESG1] => P_VACCT_NO=20894007395137|P_EXP_DT=20250606
    [P_RMESG2] => 
    [P_NOTI] => 
    [P_AUTH_NO] => 
)

 Array
(
    [PageCall time] => 09:47:23
    [P_TID] => INIMX_VBNKCAEcatca0720250527094439355133
    [P_MID] => CAEcatca07
    [P_AUTH_DT] => 20250527094723
    [P_STATUS] => 02
    [P_TYPE] => VBANK
    [P_OID] => 250527-003
    [P_FN_CD1] => 88
    [P_FN_CD2] => 
    [P_FN_NM] => 신한은행
    [P_AMT] => 3000
    [P_UNAME] => 최선녀
    [P_RMESG1] => P_VACCT_NO=56211105783129|P_EXP_DT=20250606
    [P_RMESG2] => 
    [P_NOTI] => 
    [P_AUTH_NO] => 
)

 Array
(
    [PageCall time] => 10:40:36
    [P_TID] => INIMX_VBNKCAEcatca0720250527103800545608
    [P_MID] => CAEcatca07
    [P_AUTH_DT] => 20250527104036
    [P_STATUS] => 02
    [P_TYPE] => VBANK
    [P_OID] => 250527-006
    [P_FN_CD1] => 03
    [P_FN_CD2] => 
    [P_FN_NM] => 기업은행
    [P_AMT] => 3000
    [P_UNAME] => 박선희
    [P_RMESG1] => P_VACCT_NO=07503130197301|P_EXP_DT=20250606
    [P_RMESG2] => 
    [P_NOTI] => 
    [P_AUTH_NO] => 
)

 Array
(
    [PageCall time] => 10:51:52
    [P_TID] => INIMX_VBNKCAEcatca0720250527105047745105
    [P_MID] => CAEcatca07
    [P_AUTH_DT] => 20250527105152
    [P_STATUS] => 02
    [P_TYPE] => VBANK
    [P_OID] => 250527-007
    [P_FN_CD1] => 04
    [P_FN_CD2] => 
    [P_FN_NM] => KB국민은행
    [P_AMT] => 3000
    [P_UNAME] => 여승민
    [P_RMESG1] => P_VACCT_NO=44289079362637|P_EXP_DT=20250606
    [P_RMESG2] => 
    [P_NOTI] => 
    [P_AUTH_NO] => 
)

 Array
(
    [PageCall time] => 11:25:21
    [P_TID] => INIMX_VBNKCAEcatca0720250527112245275866
    [P_MID] => CAEcatca07
    [P_AUTH_DT] => 20250527112521
    [P_STATUS] => 02
    [P_TYPE] => VBANK
    [P_OID] => 250527-008
    [P_FN_CD1] => 88
    [P_FN_CD2] => 
    [P_FN_NM] => 신한은행
    [P_AMT] => 3000
    [P_UNAME] => 양은수
    [P_RMESG1] => P_VACCT_NO=56211106150243|P_EXP_DT=20250606
    [P_RMESG2] => 
    [P_NOTI] => 
    [P_AUTH_NO] => 
)

 Array
(
    [PageCall time] => 12:14:05
    [P_TID] => INIMX_VBNKCAEcatca0720250527121301435339
    [P_MID] => CAEcatca07
    [P_AUTH_DT] => 20250527121405
    [P_STATUS] => 02
    [P_TYPE] => VBANK
    [P_OID] => 250527-010
    [P_FN_CD1] => 04
    [P_FN_CD2] => 
    [P_FN_NM] => KB국민은행
    [P_AMT] => 3000
    [P_UNAME] => 이대영
    [P_RMESG1] => P_VACCT_NO=60539014341696|P_EXP_DT=20250606
    [P_RMESG2] => 
    [P_NOTI] => 
    [P_AUTH_NO] => 
)

 Array
(
    [PageCall time] => 12:40:07
    [P_TID] => INIMX_VBNKCAEcatca0720250526145447365264
    [P_MID] => CAEcatca07
    [P_AUTH_DT] => 20250527124007
    [P_STATUS] => 02
    [P_TYPE] => VBANK
    [P_OID] => 250526-021
    [P_FN_CD1] => 88
    [P_FN_CD2] => 
    [P_FN_NM] => 신한은행
    [P_AMT] => 3000
    [P_UNAME] => 김형진
    [P_RMESG1] => P_VACCT_NO=56211104098551|P_EXP_DT=20250605
    [P_RMESG2] => 
    [P_NOTI] => 
    [P_AUTH_NO] => 
)

 Array
(
    [PageCall time] => 13:38:03
    [P_TID] => INIMX_VBNKCAEcatca0720250527133701175995
    [P_MID] => CAEcatca07
    [P_AUTH_DT] => 20250527133803
    [P_STATUS] => 02
    [P_TYPE] => VBANK
    [P_OID] => 250527-012
    [P_FN_CD1] => 04
    [P_FN_CD2] => 
    [P_FN_NM] => KB국민은행
    [P_AMT] => 3000
    [P_UNAME] => 임장희
    [P_RMESG1] => P_VACCT_NO=60539014353718|P_EXP_DT=20250606
    [P_RMESG2] => 
    [P_NOTI] => 
    [P_AUTH_NO] => 
)

 Array
(
    [PageCall time] => 14:42:52
    [P_TID] => INIMX_VBNKCAEcatca0720250527144210825795
    [P_MID] => CAEcatca07
    [P_AUTH_DT] => 20250527144252
    [P_STATUS] => 02
    [P_TYPE] => VBANK
    [P_OID] => 250527-014
    [P_FN_CD1] => 04
    [P_FN_CD2] => 
    [P_FN_NM] => KB국민은행
    [P_AMT] => 3000
    [P_UNAME] => 조은주
    [P_RMESG1] => P_VACCT_NO=60539014378917|P_EXP_DT=20250606
    [P_RMESG2] => 
    [P_NOTI] => 
    [P_AUTH_NO] => 
)

 Array
(
    [PageCall time] => 15:08:03
    [P_TID] => INIMX_VBNKCAEcatca0720250527150337705242
    [P_MID] => CAEcatca07
    [P_AUTH_DT] => 20250527150803
    [P_STATUS] => 02
    [P_TYPE] => VBANK
    [P_OID] => 250527-016
    [P_FN_CD1] => 20
    [P_FN_CD2] => 
    [P_FN_NM] => 우리은행
    [P_AMT] => 3000
    [P_UNAME] => 박태선
    [P_RMESG1] => P_VACCT_NO=27490457718244|P_EXP_DT=20250606
    [P_RMESG2] => 
    [P_NOTI] => 
    [P_AUTH_NO] => 
)

 Array
(
    [PageCall time] => 15:44:42
    [P_TID] => INIMX_VBNKCAEcatca0720250527154410845327
    [P_MID] => CAEcatca07
    [P_AUTH_DT] => 20250527154442
    [P_STATUS] => 02
    [P_TYPE] => VBANK
    [P_OID] => 250527-017
    [P_FN_CD1] => 04
    [P_FN_CD2] => 
    [P_FN_NM] => KB국민은행
    [P_AMT] => 3000
    [P_UNAME] => 신은혜
    [P_RMESG1] => P_VACCT_NO=60539014391183|P_EXP_DT=20250606
    [P_RMESG2] => 
    [P_NOTI] => 
    [P_AUTH_NO] => 
)

 Array
(
    [PageCall time] => 16:06:48
    [P_TID] => INIMX_VBNKCAEcatca0720250527160346955618
    [P_MID] => CAEcatca07
    [P_AUTH_DT] => 20250527160648
    [P_STATUS] => 02
    [P_TYPE] => VBANK
    [P_OID] => 250527-018
    [P_FN_CD1] => 81
    [P_FN_CD2] => 
    [P_FN_NM] => 하나은행
    [P_AMT] => 3000
    [P_UNAME] => 이은애
    [P_RMESG1] => P_VACCT_NO=20894010244037|P_EXP_DT=20250606
    [P_RMESG2] => 
    [P_NOTI] => 
    [P_AUTH_NO] => 
)

 Array
(
    [PageCall time] => 16:44:23
    [P_TID] => INIMX_VBNKCAEcatca0720250527164320175804
    [P_MID] => CAEcatca07
    [P_AUTH_DT] => 20250527164423
    [P_STATUS] => 02
    [P_TYPE] => VBANK
    [P_OID] => 250527-019
    [P_FN_CD1] => 11
    [P_FN_CD2] => 
    [P_FN_NM] => NH농협은행
    [P_AMT] => 3000
    [P_UNAME] => 이신애
    [P_RMESG1] => P_VACCT_NO=01445064352010|P_EXP_DT=20250606
    [P_RMESG2] => 
    [P_NOTI] => 
    [P_AUTH_NO] => 
)

 Array
(
    [PageCall time] => 16:49:05
    [P_TID] => INIMX_VBNKCAEcatca0720250527164619945741
    [P_MID] => CAEcatca07
    [P_AUTH_DT] => 20250527164905
    [P_STATUS] => 02
    [P_TYPE] => VBANK
    [P_OID] => 250527-020
    [P_FN_CD1] => 88
    [P_FN_CD2] => 
    [P_FN_NM] => 신한은행
    [P_AMT] => 3000
    [P_UNAME] => 임동현
    [P_RMESG1] => P_VACCT_NO=56211104184756|P_EXP_DT=20250606
    [P_RMESG2] => 
    [P_NOTI] => 
    [P_AUTH_NO] => 
)

 Array
(
    [PageCall time] => 18:10:36
    [P_TID] => INIMX_VBNKCAEcatca0720250527180755375610
    [P_MID] => CAEcatca07
    [P_AUTH_DT] => 20250527181036
    [P_STATUS] => 02
    [P_TYPE] => VBANK
    [P_OID] => 250527-022
    [P_FN_CD1] => 88
    [P_FN_CD2] => 
    [P_FN_NM] => 신한은행
    [P_AMT] => 3000
    [P_UNAME] => 강현철
    [P_RMESG1] => P_VACCT_NO=56211104193087|P_EXP_DT=20250606
    [P_RMESG2] => 
    [P_NOTI] => 
    [P_AUTH_NO] => 
)

 Array
(
    [PageCall time] => 20:27:40
    [P_TID] => INIMX_VBNKCAEcatca0720250527202354705639
    [P_MID] => CAEcatca07
    [P_AUTH_DT] => 20250527202740
    [P_STATUS] => 02
    [P_TYPE] => VBANK
    [P_OID] => 250527-024
    [P_FN_CD1] => 88
    [P_FN_CD2] => 
    [P_FN_NM] => 신한은행
    [P_AMT] => 3000
    [P_UNAME] => 정영식
    [P_RMESG1] => P_VACCT_NO=56211104202234|P_EXP_DT=20250606
    [P_RMESG2] => 
    [P_NOTI] => 
    [P_AUTH_NO] => 
)

 Array
(
    [PageCall time] => 20:56:27
    [P_TID] => INIMX_VBNKCAEcatca0720250527140735945591
    [P_MID] => CAEcatca07
    [P_AUTH_DT] => 20250527205626
    [P_STATUS] => 02
    [P_TYPE] => VBANK
    [P_OID] => 250527-013
    [P_FN_CD1] => 32
    [P_FN_CD2] => 
    [P_FN_NM] => 부산은행
    [P_AMT] => 3000
    [P_UNAME] => 박미림
    [P_RMESG1] => P_VACCT_NO=109924651974|P_EXP_DT=20250606
    [P_RMESG2] => 
    [P_NOTI] => 
    [P_AUTH_NO] => 
)

 Array
(
    [PageCall time] => 21:34:55
    [P_TID] => INIMX_VBNKCAEcatca0720250527112758775349
    [P_MID] => CAEcatca07
    [P_AUTH_DT] => 20250527213455
    [P_STATUS] => 02
    [P_TYPE] => VBANK
    [P_OID] => 250527-009
    [P_FN_CD1] => 71
    [P_FN_CD2] => 
    [P_FN_NM] => 우체국
    [P_AMT] => 3000
    [P_UNAME] => 이옥금
    [P_RMESG1] => P_VACCT_NO=01398781702463|P_EXP_DT=20250606
    [P_RMESG2] => 
    [P_NOTI] => 
    [P_AUTH_NO] => 
)

 Array
(
    [PageCall time] => 21:43:09
    [P_TID] => INIMX_VBNKCAEcatca0720250527214236705306
    [P_MID] => CAEcatca07
    [P_AUTH_DT] => 20250527214309
    [P_STATUS] => 02
    [P_TYPE] => VBANK
    [P_OID] => 250527-025
    [P_FN_CD1] => 04
    [P_FN_CD2] => 
    [P_FN_NM] => KB국민은행
    [P_AMT] => 3000
    [P_UNAME] => 서순득
    [P_RMESG1] => P_VACCT_NO=60539014439292|P_EXP_DT=20250606
    [P_RMESG2] => 
    [P_NOTI] => 
    [P_AUTH_NO] => 
)

 Array
(
    [PageCall time] => 22:43:33
    [P_TID] => INIMX_VBNKCAEcatca0720250527224225265435
    [P_MID] => CAEcatca07
    [P_AUTH_DT] => 20250527224333
    [P_STATUS] => 02
    [P_TYPE] => VBANK
    [P_OID] => 250527-026
    [P_FN_CD1] => 11
    [P_FN_CD2] => 
    [P_FN_NM] => NH농협은행
    [P_AMT] => 3000
    [P_UNAME] => 김미선
    [P_RMESG1] => P_VACCT_NO=01445064647741|P_EXP_DT=20250606
    [P_RMESG2] => 
    [P_NOTI] => 
    [P_AUTH_NO] => 
)

