 Array
(
    [PageCall time] => 08:55:40
    [P_TID] => INIMX_VBNKCAEcatca0720260310085250905729
    [P_MID] => CAEcatca07
    [P_AUTH_DT] => 20260310085540
    [P_STATUS] => 02
    [P_TYPE] => VBANK
    [P_OID] => 260310-001
    [P_FN_CD1] => 04
    [P_FN_CD2] => 
    [P_FN_NM] => KB국민은행
    [P_AMT] => 3500
    [P_UNAME] => 최한구
    [P_RMESG1] => P_VACCT_NO=42119011433709|P_EXP_DT=20260320
    [P_RMESG2] => 
    [P_NOTI] => 
    [P_AUTH_NO] => 
)

 Array
(
    [PageCall time] => 09:00:00
    [P_TID] => INIMX_VBNKCAEcatca0720260310085250905729
    [P_MID] => CAEcatca07
    [P_AUTH_DT] => 20260310085540
    [P_STATUS] => 02
    [P_TYPE] => VBANK
    [P_OID] => 260310-001
    [P_FN_CD1] => 04
    [P_FN_CD2] => 
    [P_FN_NM] => KB국민은행
    [P_AMT] => 3500
    [P_UNAME] => 최한구
    [P_RMESG1] => P_VACCT_NO=42119011433709|P_EXP_DT=20260320
    [P_RMESG2] => 
    [P_NOTI] => 
    [P_AUTH_NO] => 
)

 Array
(
    [PageCall time] => 10:18:02
    [P_TID] => INIMX_VBNKCAEcatca0720260310101508735410
    [P_MID] => CAEcatca07
    [P_AUTH_DT] => 20260310101802
    [P_STATUS] => 02
    [P_TYPE] => VBANK
    [P_OID] => 260310-003
    [P_FN_CD1] => 04
    [P_FN_CD2] => 
    [P_FN_NM] => KB국민은행
    [P_AMT] => 3500
    [P_UNAME] => 채영길
    [P_RMESG1] => P_VACCT_NO=26119078672503|P_EXP_DT=20260320
    [P_RMESG2] => 
    [P_NOTI] => 
    [P_AUTH_NO] => 
)

 Array
(
    [PageCall time] => 10:22:51
    [P_TID] => INIMX_VBNKCAEcatca0720260310102003355385
    [P_MID] => CAEcatca07
    [P_AUTH_DT] => 20260310102251
    [P_STATUS] => 02
    [P_TYPE] => VBANK
    [P_OID] => 260310-005
    [P_FN_CD1] => 88
    [P_FN_CD2] => 
    [P_FN_NM] => 신한은행
    [P_AMT] => 3500
    [P_UNAME] => 황다애
    [P_RMESG1] => P_VACCT_NO=56211105095664|P_EXP_DT=20260320
    [P_RMESG2] => 
    [P_NOTI] => 
    [P_AUTH_NO] => 
)

 Array
(
    [PageCall time] => 10:24:04
    [P_TID] => INIMX_VBNKCAEcatca0720260310102114575678
    [P_MID] => CAEcatca07
    [P_AUTH_DT] => 20260310102404
    [P_STATUS] => 02
    [P_TYPE] => VBANK
    [P_OID] => 260310-006
    [P_FN_CD1] => 03
    [P_FN_CD2] => 
    [P_FN_NM] => 기업은행
    [P_AMT] => 3500
    [P_UNAME] => 이성환
    [P_RMESG1] => P_VACCT_NO=07503302797985|P_EXP_DT=20260320
    [P_RMESG2] => 
    [P_NOTI] => 
    [P_AUTH_NO] => 
)

 Array
(
    [PageCall time] => 11:12:30
    [P_TID] => INIMX_VBNKCAEcatca0720260310110911745752
    [P_MID] => CAEcatca07
    [P_AUTH_DT] => 20260310111230
    [P_STATUS] => 02
    [P_TYPE] => VBANK
    [P_OID] => 260310-009
    [P_FN_CD1] => 81
    [P_FN_CD2] => 
    [P_FN_NM] => 하나은행
    [P_AMT] => 3500
    [P_UNAME] => 정황영
    [P_RMESG1] => P_VACCT_NO=20894342724337|P_EXP_DT=20260320
    [P_RMESG2] => 
    [P_NOTI] => 
    [P_AUTH_NO] => 
)

 Array
(
    [PageCall time] => 11:18:04
    [P_TID] => INIMX_VBNKCAEcatca0720260310111628405713
    [P_MID] => CAEcatca07
    [P_AUTH_DT] => 20260310111804
    [P_STATUS] => 02
    [P_TYPE] => VBANK
    [P_OID] => 260310-002
    [P_FN_CD1] => 11
    [P_FN_CD2] => 
    [P_FN_NM] => NH농협은행
    [P_AMT] => 3500
    [P_UNAME] => 유연경
    [P_RMESG1] => P_VACCT_NO=79014291337119|P_EXP_DT=20260320
    [P_RMESG2] => 
    [P_NOTI] => 
    [P_AUTH_NO] => 
)

 Array
(
    [PageCall time] => 11:19:29
    [P_TID] => INIMX_VBNKCAEcatca0720260310111550795238
    [P_MID] => CAEcatca07
    [P_AUTH_DT] => 20260310111928
    [P_STATUS] => 02
    [P_TYPE] => VBANK
    [P_OID] => 260310-008
    [P_FN_CD1] => 04
    [P_FN_CD2] => 
    [P_FN_NM] => KB국민은행
    [P_AMT] => 3500
    [P_UNAME] => 황태건
    [P_RMESG1] => P_VACCT_NO=26029078769703|P_EXP_DT=20260320
    [P_RMESG2] => 
    [P_NOTI] => 
    [P_AUTH_NO] => 
)

 Array
(
    [PageCall time] => 11:41:52
    [P_TID] => INIMX_VBNKCAEcatca0720260310113903275443
    [P_MID] => CAEcatca07
    [P_AUTH_DT] => 20260310114152
    [P_STATUS] => 02
    [P_TYPE] => VBANK
    [P_OID] => 260310-011
    [P_FN_CD1] => 88
    [P_FN_CD2] => 
    [P_FN_NM] => 신한은행
    [P_AMT] => 3500
    [P_UNAME] => 김보경
    [P_RMESG1] => P_VACCT_NO=56211105108155|P_EXP_DT=20260320
    [P_RMESG2] => 
    [P_NOTI] => 
    [P_AUTH_NO] => 
)

 Array
(
    [PageCall time] => 12:01:43
    [P_TID] => INIMX_VBNKCAEcatca0720260310115910485284
    [P_MID] => CAEcatca07
    [P_AUTH_DT] => 20260310120143
    [P_STATUS] => 02
    [P_TYPE] => VBANK
    [P_OID] => 260310-012
    [P_FN_CD1] => 89
    [P_FN_CD2] => 
    [P_FN_NM] => 케이뱅크
    [P_AMT] => 3500
    [P_UNAME] => 이하나
    [P_RMESG1] => P_VACCT_NO=70112003717778|P_EXP_DT=20260320
    [P_RMESG2] => 
    [P_NOTI] => 
    [P_AUTH_NO] => 
)

 Array
(
    [PageCall time] => 12:54:24
    [P_TID] => INIMX_VBNKCAEcatca0720260310124924715162
    [P_MID] => CAEcatca07
    [P_AUTH_DT] => 20260310125424
    [P_STATUS] => 02
    [P_TYPE] => VBANK
    [P_OID] => 260310-014
    [P_FN_CD1] => 04
    [P_FN_CD2] => 
    [P_FN_NM] => KB국민은행
    [P_AMT] => 3500
    [P_UNAME] => 남궁예찬
    [P_RMESG1] => P_VACCT_NO=80399078394258|P_EXP_DT=20260320
    [P_RMESG2] => 
    [P_NOTI] => 
    [P_AUTH_NO] => 
)

 Array
(
    [PageCall time] => 12:55:48
    [P_TID] => INIMX_VBNKCAEcatca0720260310124531275938
    [P_MID] => CAEcatca07
    [P_AUTH_DT] => 20260310125548
    [P_STATUS] => 02
    [P_TYPE] => VBANK
    [P_OID] => 260310-015
    [P_FN_CD1] => 04
    [P_FN_CD2] => 
    [P_FN_NM] => KB국민은행
    [P_AMT] => 3500
    [P_UNAME] => 임복기
    [P_RMESG1] => P_VACCT_NO=80399078393909|P_EXP_DT=20260320
    [P_RMESG2] => 
    [P_NOTI] => 
    [P_AUTH_NO] => 
)

 Array
(
    [PageCall time] => 13:02:04
    [P_TID] => INIMX_VBNKCAEcatca0720260310114547755034
    [P_MID] => CAEcatca07
    [P_AUTH_DT] => 20260310130204
    [P_STATUS] => 02
    [P_TYPE] => VBANK
    [P_OID] => 260310-007
    [P_FN_CD1] => 81
    [P_FN_CD2] => 
    [P_FN_NM] => 하나은행
    [P_AMT] => 3500
    [P_UNAME] => 정동국
    [P_RMESG1] => P_VACCT_NO=20894343205837|P_EXP_DT=20260320
    [P_RMESG2] => 
    [P_NOTI] => 
    [P_AUTH_NO] => 
)

 Array
(
    [PageCall time] => 13:23:28
    [P_TID] => INIMX_VBNKCAEcatca0720260310132215685447
    [P_MID] => CAEcatca07
    [P_AUTH_DT] => 20260310132328
    [P_STATUS] => 02
    [P_TYPE] => VBANK
    [P_OID] => 260310-013
    [P_FN_CD1] => 11
    [P_FN_CD2] => 
    [P_FN_NM] => NH농협은행
    [P_AMT] => 3500
    [P_UNAME] => 공나라
    [P_RMESG1] => P_VACCT_NO=79014291357945|P_EXP_DT=20260320
    [P_RMESG2] => 
    [P_NOTI] => 
    [P_AUTH_NO] => 
)

 Array
(
    [PageCall time] => 14:19:14
    [P_TID] => INIMX_VBNKCAEcatca0720260310141622205419
    [P_MID] => CAEcatca07
    [P_AUTH_DT] => 20260310141914
    [P_STATUS] => 02
    [P_TYPE] => VBANK
    [P_OID] => 260310-016
    [P_FN_CD1] => 88
    [P_FN_CD2] => 
    [P_FN_NM] => 신한은행
    [P_AMT] => 3500
    [P_UNAME] => 정영석
    [P_RMESG1] => P_VACCT_NO=56211105121602|P_EXP_DT=20260320
    [P_RMESG2] => 
    [P_NOTI] => 
    [P_AUTH_NO] => 
)

 Array
(
    [PageCall time] => 14:51:53
    [P_TID] => INIMX_VBNKCAEcatca0720260310145125565734
    [P_MID] => CAEcatca07
    [P_AUTH_DT] => 20260310145153
    [P_STATUS] => 02
    [P_TYPE] => VBANK
    [P_OID] => 260310-018
    [P_FN_CD1] => 11
    [P_FN_CD2] => 
    [P_FN_NM] => NH농협은행
    [P_AMT] => 3500
    [P_UNAME] => 박선홍
    [P_RMESG1] => P_VACCT_NO=79014291374177|P_EXP_DT=20260320
    [P_RMESG2] => 
    [P_NOTI] => 
    [P_AUTH_NO] => 
)

 Array
(
    [PageCall time] => 15:05:27
    [P_TID] => INIMX_VBNKCAEcatca0720260310150406095449
    [P_MID] => CAEcatca07
    [P_AUTH_DT] => 20260310150527
    [P_STATUS] => 02
    [P_TYPE] => VBANK
    [P_OID] => 260310-019
    [P_FN_CD1] => 11
    [P_FN_CD2] => 
    [P_FN_NM] => NH농협은행
    [P_AMT] => 3500
    [P_UNAME] => 임성락
    [P_RMESG1] => P_VACCT_NO=79014291377129|P_EXP_DT=20260320
    [P_RMESG2] => 
    [P_NOTI] => 
    [P_AUTH_NO] => 
)

 Array
(
    [PageCall time] => 15:06:55
    [P_TID] => INIMX_VBNKCAEcatca0720260306142230955435
    [P_MID] => CAEcatca07
    [P_AUTH_DT] => 20260310150655
    [P_STATUS] => 02
    [P_TYPE] => VBANK
    [P_OID] => 260306-026
    [P_FN_CD1] => 20
    [P_FN_CD2] => 
    [P_FN_NM] => 우리은행
    [P_AMT] => 3500
    [P_UNAME] => 강태양
    [P_RMESG1] => P_VACCT_NO=27760614518236|P_EXP_DT=20260316
    [P_RMESG2] => 
    [P_NOTI] => 
    [P_AUTH_NO] => 
)

 Array
(
    [PageCall time] => 15:20:14
    [P_TID] => INIMX_VBNKCAEcatca0720260310151609535791
    [P_MID] => CAEcatca07
    [P_AUTH_DT] => 20260310152014
    [P_STATUS] => 02
    [P_TYPE] => VBANK
    [P_OID] => 260310-021
    [P_FN_CD1] => 03
    [P_FN_CD2] => 
    [P_FN_NM] => 기업은행
    [P_AMT] => 3500
    [P_UNAME] => 최우진
    [P_RMESG1] => P_VACCT_NO=07503309597193|P_EXP_DT=20260320
    [P_RMESG2] => 
    [P_NOTI] => 
    [P_AUTH_NO] => 
)

 Array
(
    [PageCall time] => 16:38:22
    [P_TID] => INIMX_VBNKCAEcatca0720260310163542875452
    [P_MID] => CAEcatca07
    [P_AUTH_DT] => 20260310163822
    [P_STATUS] => 02
    [P_TYPE] => VBANK
    [P_OID] => 260308-004
    [P_FN_CD1] => 04
    [P_FN_CD2] => 
    [P_FN_NM] => KB국민은행
    [P_AMT] => 3500
    [P_UNAME] => 박재현
    [P_RMESG1] => P_VACCT_NO=80399078440663|P_EXP_DT=20260320
    [P_RMESG2] => 
    [P_NOTI] => 
    [P_AUTH_NO] => 
)

 Array
(
    [PageCall time] => 17:03:27
    [P_TID] => INIMX_VBNKCAEcatca0720260310170008835104
    [P_MID] => CAEcatca07
    [P_AUTH_DT] => 20260310170327
    [P_STATUS] => 02
    [P_TYPE] => VBANK
    [P_OID] => 260310-025
    [P_FN_CD1] => 04
    [P_FN_CD2] => 
    [P_FN_NM] => KB국민은행
    [P_AMT] => 3500
    [P_UNAME] => 김영숙
    [P_RMESG1] => P_VACCT_NO=80399078443619|P_EXP_DT=20260320
    [P_RMESG2] => 
    [P_NOTI] => 
    [P_AUTH_NO] => 
)

 Array
(
    [PageCall time] => 17:06:55
    [P_TID] => INIMX_VBNKCAEcatca0720260310170331795324
    [P_MID] => CAEcatca07
    [P_AUTH_DT] => 20260310170655
    [P_STATUS] => 02
    [P_TYPE] => VBANK
    [P_OID] => 260310-026
    [P_FN_CD1] => 81
    [P_FN_CD2] => 
    [P_FN_NM] => 하나은행
    [P_AMT] => 3500
    [P_UNAME] => 이정주
    [P_RMESG1] => P_VACCT_NO=20894344992537|P_EXP_DT=20260320
    [P_RMESG2] => 
    [P_NOTI] => 
    [P_AUTH_NO] => 
)

 Array
(
    [PageCall time] => 17:34:13
    [P_TID] => INIMX_VBNKCAEcatca0720260310173333195645
    [P_MID] => CAEcatca07
    [P_AUTH_DT] => 20260310173413
    [P_STATUS] => 02
    [P_TYPE] => VBANK
    [P_OID] => 260310-029
    [P_FN_CD1] => 11
    [P_FN_CD2] => 
    [P_FN_NM] => NH농협은행
    [P_AMT] => 3500
    [P_UNAME] => 이현진
    [P_RMESG1] => P_VACCT_NO=79014291400802|P_EXP_DT=20260320
    [P_RMESG2] => 
    [P_NOTI] => 
    [P_AUTH_NO] => 
)

 Array
(
    [PageCall time] => 18:47:28
    [P_TID] => INIMX_VBNKCAEcatca0720260310184412605881
    [P_MID] => CAEcatca07
    [P_AUTH_DT] => 20260310184728
    [P_STATUS] => 02
    [P_TYPE] => VBANK
    [P_OID] => 260310-031
    [P_FN_CD1] => 32
    [P_FN_CD2] => 
    [P_FN_NM] => 부산은행
    [P_AMT] => 3500
    [P_UNAME] => 최치영
    [P_RMESG1] => P_VACCT_NO=109924754631|P_EXP_DT=20260320
    [P_RMESG2] => 
    [P_NOTI] => 
    [P_AUTH_NO] => 
)

 Array
(
    [PageCall time] => 19:11:19
    [P_TID] => INIMX_VBNKCAEcatca0720260310190821555253
    [P_MID] => CAEcatca07
    [P_AUTH_DT] => 20260310191119
    [P_STATUS] => 02
    [P_TYPE] => VBANK
    [P_OID] => 260310-032
    [P_FN_CD1] => 03
    [P_FN_CD2] => 
    [P_FN_NM] => 기업은행
    [P_AMT] => 3500
    [P_UNAME] => 김만석
    [P_RMESG1] => P_VACCT_NO=07503314997018|P_EXP_DT=20260320
    [P_RMESG2] => 
    [P_NOTI] => 
    [P_AUTH_NO] => 
)

 Array
(
    [PageCall time] => 19:27:08
    [P_TID] => INIMX_VBNKCAEcatca0720260306122302545246
    [P_MID] => CAEcatca07
    [P_AUTH_DT] => 20260310192708
    [P_STATUS] => 02
    [P_TYPE] => VBANK
    [P_OID] => 260304-037
    [P_FN_CD1] => 20
    [P_FN_CD2] => 
    [P_FN_NM] => 우리은행
    [P_AMT] => 3500
    [P_UNAME] => 이태형
    [P_RMESG1] => P_VACCT_NO=27760598418410|P_EXP_DT=20260316
    [P_RMESG2] => 
    [P_NOTI] => 
    [P_AUTH_NO] => 
)

 Array
(
    [PageCall time] => 19:30:42
    [P_TID] => INIMX_VBNKCAEcatca0720260310192759725511
    [P_MID] => CAEcatca07
    [P_AUTH_DT] => 20260310193042
    [P_STATUS] => 02
    [P_TYPE] => VBANK
    [P_OID] => 260310-030
    [P_FN_CD1] => 11
    [P_FN_CD2] => 
    [P_FN_NM] => NH농협은행
    [P_AMT] => 3500
    [P_UNAME] => 윤영희
    [P_RMESG1] => P_VACCT_NO=79014291412427|P_EXP_DT=20260320
    [P_RMESG2] => 
    [P_NOTI] => 
    [P_AUTH_NO] => 
)

 Array
(
    [PageCall time] => 19:36:26
    [P_TID] => INIMX_VBNKCAEcatca0720260310193545715255
    [P_MID] => CAEcatca07
    [P_AUTH_DT] => 20260310193626
    [P_STATUS] => 02
    [P_TYPE] => VBANK
    [P_OID] => 260310-033
    [P_FN_CD1] => 11
    [P_FN_CD2] => 
    [P_FN_NM] => NH농협은행
    [P_AMT] => 3500
    [P_UNAME] => 조빛나
    [P_RMESG1] => P_VACCT_NO=79014291413225|P_EXP_DT=20260320
    [P_RMESG2] => 
    [P_NOTI] => 
    [P_AUTH_NO] => 
)

 Array
(
    [PageCall time] => 20:15:44
    [P_TID] => INIMX_VBNKCAEcatca0720260310201237225581
    [P_MID] => CAEcatca07
    [P_AUTH_DT] => 20260310201544
    [P_STATUS] => 02
    [P_TYPE] => VBANK
    [P_OID] => 260310-034
    [P_FN_CD1] => 20
    [P_FN_CD2] => 
    [P_FN_NM] => 우리은행
    [P_AMT] => 3500
    [P_UNAME] => 김민호
    [P_RMESG1] => P_VACCT_NO=27761137018504|P_EXP_DT=20260320
    [P_RMESG2] => 
    [P_NOTI] => 
    [P_AUTH_NO] => 
)

 Array
(
    [PageCall time] => 21:53:55
    [P_TID] => INIMX_VBNKCAEcatca0720260310215059385417
    [P_MID] => CAEcatca07
    [P_AUTH_DT] => 20260310215354
    [P_STATUS] => 02
    [P_TYPE] => VBANK
    [P_OID] => 260310-035
    [P_FN_CD1] => 04
    [P_FN_CD2] => 
    [P_FN_NM] => KB국민은행
    [P_AMT] => 3500
    [P_UNAME] => 최원호
    [P_RMESG1] => P_VACCT_NO=80399078477319|P_EXP_DT=20260320
    [P_RMESG2] => 
    [P_NOTI] => 
    [P_AUTH_NO] => 
)

 Array
(
    [PageCall time] => 23:17:45
    [P_TID] => INIMX_VBNKCAEcatca0720260310231456435140
    [P_MID] => CAEcatca07
    [P_AUTH_DT] => 20260310231744
    [P_STATUS] => 02
    [P_TYPE] => VBANK
    [P_OID] => 260310-036
    [P_FN_CD1] => 88
    [P_FN_CD2] => 
    [P_FN_NM] => 신한은행
    [P_AMT] => 3500
    [P_UNAME] => 김현정
    [P_RMESG1] => P_VACCT_NO=56211105157911|P_EXP_DT=20260320
    [P_RMESG2] => 
    [P_NOTI] => 
    [P_AUTH_NO] => 
)

