 Array
(
    [PageCall time] => 07:46:28
    [P_TID] => INIMX_VBNKCAEcatca0720250313074347735893
    [P_MID] => CAEcatca07
    [P_AUTH_DT] => 20250313074628
    [P_STATUS] => 02
    [P_TYPE] => VBANK
    [P_OID] => 250313-001
    [P_FN_CD1] => 88
    [P_FN_CD2] => 
    [P_FN_NM] => 신한은행
    [P_AMT] => 3000
    [P_UNAME] => 심형석
    [P_RMESG1] => P_VACCT_NO=56211104882269|P_EXP_DT=20250323
    [P_RMESG2] => 
    [P_NOTI] => 
    [P_AUTH_NO] => 
)

 Array
(
    [PageCall time] => 09:35:08
    [P_TID] => INIMX_VBNKCAEcatca0720250313093240865633
    [P_MID] => CAEcatca07
    [P_AUTH_DT] => 20250313093508
    [P_STATUS] => 02
    [P_TYPE] => VBANK
    [P_OID] => 250313-002
    [P_FN_CD1] => 11
    [P_FN_CD2] => 
    [P_FN_NM] => NH농협은행
    [P_AMT] => 3000
    [P_UNAME] => 국원고등학교
    [P_RMESG1] => P_VACCT_NO=79014507571775|P_EXP_DT=20250323
    [P_RMESG2] => 
    [P_NOTI] => 
    [P_AUTH_NO] => 
)

 Array
(
    [PageCall time] => 10:03:17
    [P_TID] => INIMX_VBNKCAEcatca0720250313100024665537
    [P_MID] => CAEcatca07
    [P_AUTH_DT] => 20250313100317
    [P_STATUS] => 02
    [P_TYPE] => VBANK
    [P_OID] => 250312-027
    [P_FN_CD1] => 88
    [P_FN_CD2] => 
    [P_FN_NM] => 신한은행
    [P_AMT] => 3000
    [P_UNAME] => 박서은
    [P_RMESG1] => P_VACCT_NO=56211990832400|P_EXP_DT=20250323
    [P_RMESG2] => 
    [P_NOTI] => 
    [P_AUTH_NO] => 
)

 Array
(
    [PageCall time] => 10:11:32
    [P_TID] => INIMX_VBNKCAEcatca0720250313100907205195
    [P_MID] => CAEcatca07
    [P_AUTH_DT] => 20250313101132
    [P_STATUS] => 02
    [P_TYPE] => VBANK
    [P_OID] => 250313-003
    [P_FN_CD1] => 89
    [P_FN_CD2] => 
    [P_FN_NM] => 케이뱅크
    [P_AMT] => 3000
    [P_UNAME] => 예상우
    [P_RMESG1] => P_VACCT_NO=70112004135979|P_EXP_DT=20250323
    [P_RMESG2] => 
    [P_NOTI] => 
    [P_AUTH_NO] => 
)

 Array
(
    [PageCall time] => 10:16:52
    [P_TID] => INIMX_VBNKCAEcatca0720250313101416035911
    [P_MID] => CAEcatca07
    [P_AUTH_DT] => 20250313101652
    [P_STATUS] => 02
    [P_TYPE] => VBANK
    [P_OID] => 250307-019
    [P_FN_CD1] => 88
    [P_FN_CD2] => 
    [P_FN_NM] => 신한은행
    [P_AMT] => 3000
    [P_UNAME] => 박진주
    [P_RMESG1] => P_VACCT_NO=56211990834015|P_EXP_DT=20250323
    [P_RMESG2] => 
    [P_NOTI] => 
    [P_AUTH_NO] => 
)

 Array
(
    [PageCall time] => 10:34:03
    [P_TID] => INIMX_VBNKCAEcatca0720250313103116755671
    [P_MID] => CAEcatca07
    [P_AUTH_DT] => 20250313103403
    [P_STATUS] => 02
    [P_TYPE] => VBANK
    [P_OID] => 250313-005
    [P_FN_CD1] => 88
    [P_FN_CD2] => 
    [P_FN_NM] => 신한은행
    [P_AMT] => 3000
    [P_UNAME] => 김종문
    [P_RMESG1] => P_VACCT_NO=56211990836256|P_EXP_DT=20250323
    [P_RMESG2] => 
    [P_NOTI] => 
    [P_AUTH_NO] => 
)

 Array
(
    [PageCall time] => 10:39:58
    [P_TID] => INIMX_VBNKCAEcatca0720250313103923405813
    [P_MID] => CAEcatca07
    [P_AUTH_DT] => 20250313103958
    [P_STATUS] => 02
    [P_TYPE] => VBANK
    [P_OID] => 250313-008
    [P_FN_CD1] => 04
    [P_FN_CD2] => 
    [P_FN_NM] => KB국민은행
    [P_AMT] => 3000
    [P_UNAME] => 공숙희
    [P_RMESG1] => P_VACCT_NO=26159078731404|P_EXP_DT=20250323
    [P_RMESG2] => 
    [P_NOTI] => 
    [P_AUTH_NO] => 
)

 Array
(
    [PageCall time] => 10:46:08
    [P_TID] => INIMX_VBNKCAEcatca0720250313104322565987
    [P_MID] => CAEcatca07
    [P_AUTH_DT] => 20250313104608
    [P_STATUS] => 02
    [P_TYPE] => VBANK
    [P_OID] => 250313-009
    [P_FN_CD1] => 03
    [P_FN_CD2] => 
    [P_FN_NM] => 기업은행
    [P_AMT] => 3000
    [P_UNAME] => 최용운
    [P_RMESG1] => P_VACCT_NO=07502380097823|P_EXP_DT=20250323
    [P_RMESG2] => 
    [P_NOTI] => 
    [P_AUTH_NO] => 
)

 Array
(
    [PageCall time] => 11:33:44
    [P_TID] => INIMX_VBNKCAEcatca0720250313113305395673
    [P_MID] => CAEcatca07
    [P_AUTH_DT] => 20250313113344
    [P_STATUS] => 02
    [P_TYPE] => VBANK
    [P_OID] => 250313-012
    [P_FN_CD1] => 71
    [P_FN_CD2] => 
    [P_FN_NM] => 우체국
    [P_AMT] => 3000
    [P_UNAME] => 김태옥
    [P_RMESG1] => P_VACCT_NO=01397981609437|P_EXP_DT=20250323
    [P_RMESG2] => 
    [P_NOTI] => 
    [P_AUTH_NO] => 
)

 Array
(
    [PageCall time] => 11:39:22
    [P_TID] => INIMX_VBNKCAEcatca0720250313113610765819
    [P_MID] => CAEcatca07
    [P_AUTH_DT] => 20250313113922
    [P_STATUS] => 02
    [P_TYPE] => VBANK
    [P_OID] => 250313-013
    [P_FN_CD1] => 81
    [P_FN_CD2] => 
    [P_FN_NM] => 하나은행
    [P_AMT] => 3000
    [P_UNAME] => 정윤서
    [P_RMESG1] => P_VACCT_NO=20894064123837|P_EXP_DT=20250323
    [P_RMESG2] => 
    [P_NOTI] => 
    [P_AUTH_NO] => 
)

 Array
(
    [PageCall time] => 11:42:04
    [P_TID] => INIMX_VBNKCAEcatca0720250313113946115460
    [P_MID] => CAEcatca07
    [P_AUTH_DT] => 20250313114204
    [P_STATUS] => 02
    [P_TYPE] => VBANK
    [P_OID] => 250313-014
    [P_FN_CD1] => 03
    [P_FN_CD2] => 
    [P_FN_NM] => 기업은행
    [P_AMT] => 3000
    [P_UNAME] => 김채은
    [P_RMESG1] => P_VACCT_NO=07502380897306|P_EXP_DT=20250323
    [P_RMESG2] => 
    [P_NOTI] => 
    [P_AUTH_NO] => 
)

 Array
(
    [PageCall time] => 13:33:34
    [P_TID] => INIMX_VBNKCAEcatca0720250313133040484126
    [P_MID] => CAEcatca07
    [P_AUTH_DT] => 20250313133333
    [P_STATUS] => 02
    [P_TYPE] => VBANK
    [P_OID] => 250313-020
    [P_FN_CD1] => 88
    [P_FN_CD2] => 
    [P_FN_NM] => 신한은행
    [P_AMT] => 3000
    [P_UNAME] => 윤은기
    [P_RMESG1] => P_VACCT_NO=56211110988540|P_EXP_DT=20250323
    [P_RMESG2] => 
    [P_NOTI] => 
    [P_AUTH_NO] => 
)

 Array
(
    [PageCall time] => 13:42:25
    [P_TID] => INIMX_VBNKCAEcatca0720250313133548974538
    [P_MID] => CAEcatca07
    [P_AUTH_DT] => 20250313134225
    [P_STATUS] => 02
    [P_TYPE] => VBANK
    [P_OID] => 250313-022
    [P_FN_CD1] => 88
    [P_FN_CD2] => 
    [P_FN_NM] => 신한은행
    [P_AMT] => 3000
    [P_UNAME] => 노선영
    [P_RMESG1] => P_VACCT_NO=56211110989133|P_EXP_DT=20250323
    [P_RMESG2] => 
    [P_NOTI] => 
    [P_AUTH_NO] => 
)

 Array
(
    [PageCall time] => 14:01:50
    [P_TID] => INIMX_VBNKCAEcatca0720250313134958434741
    [P_MID] => CAEcatca07
    [P_AUTH_DT] => 20250313140150
    [P_STATUS] => 02
    [P_TYPE] => VBANK
    [P_OID] => 250313-023
    [P_FN_CD1] => 11
    [P_FN_CD2] => 
    [P_FN_NM] => NH농협은행
    [P_AMT] => 3000
    [P_UNAME] => 박연자
    [P_RMESG1] => P_VACCT_NO=01444464185894|P_EXP_DT=20250323
    [P_RMESG2] => 
    [P_NOTI] => 
    [P_AUTH_NO] => 
)

 Array
(
    [PageCall time] => 14:26:51
    [P_TID] => INIMX_VBNKCAEcatca0720250313142241714107
    [P_MID] => CAEcatca07
    [P_AUTH_DT] => 20250313142651
    [P_STATUS] => 02
    [P_TYPE] => VBANK
    [P_OID] => 250313-025
    [P_FN_CD1] => 88
    [P_FN_CD2] => 
    [P_FN_NM] => 신한은행
    [P_AMT] => 3000
    [P_UNAME] => 이초롱
    [P_RMESG1] => P_VACCT_NO=56211110993650|P_EXP_DT=20250323
    [P_RMESG2] => 
    [P_NOTI] => 
    [P_AUTH_NO] => 
)

 Array
(
    [PageCall time] => 14:30:58
    [P_TID] => INIMX_VBNKCAEcatca0720250313142952764259
    [P_MID] => CAEcatca07
    [P_AUTH_DT] => 20250313143058
    [P_STATUS] => 02
    [P_TYPE] => VBANK
    [P_OID] => 250313-026
    [P_FN_CD1] => 04
    [P_FN_CD2] => 
    [P_FN_NM] => KB국민은행
    [P_AMT] => 3000
    [P_UNAME] => 남희정
    [P_RMESG1] => P_VACCT_NO=80339078606405|P_EXP_DT=20250323
    [P_RMESG2] => 
    [P_NOTI] => 
    [P_AUTH_NO] => 
)

 Array
(
    [PageCall time] => 14:43:25
    [P_TID] => INIMX_VBNKCAEcatca0720250313144157754969
    [P_MID] => CAEcatca07
    [P_AUTH_DT] => 20250313144325
    [P_STATUS] => 02
    [P_TYPE] => VBANK
    [P_OID] => 250313-027
    [P_FN_CD1] => 04
    [P_FN_CD2] => 
    [P_FN_NM] => KB국민은행
    [P_AMT] => 3000
    [P_UNAME] => 최은희
    [P_RMESG1] => P_VACCT_NO=80339078610505|P_EXP_DT=20250323
    [P_RMESG2] => 
    [P_NOTI] => 
    [P_AUTH_NO] => 
)

 Array
(
    [PageCall time] => 15:04:47
    [P_TID] => INIMX_VBNKCAEcatca0720250313150319414596
    [P_MID] => CAEcatca07
    [P_AUTH_DT] => 20250313150447
    [P_STATUS] => 02
    [P_TYPE] => VBANK
    [P_OID] => 250313-028
    [P_FN_CD1] => 39
    [P_FN_CD2] => 
    [P_FN_NM] => 경남은행
    [P_AMT] => 3000
    [P_UNAME] => 문봉
    [P_RMESG1] => P_VACCT_NO=573194552654|P_EXP_DT=20250323
    [P_RMESG2] => 
    [P_NOTI] => 
    [P_AUTH_NO] => 
)

 Array
(
    [PageCall time] => 15:08:21
    [P_TID] => INIMX_VBNKCAEcatca0720250313150549134768
    [P_MID] => CAEcatca07
    [P_AUTH_DT] => 20250313150820
    [P_STATUS] => 02
    [P_TYPE] => VBANK
    [P_OID] => 250313-030
    [P_FN_CD1] => 11
    [P_FN_CD2] => 
    [P_FN_NM] => NH농협은행
    [P_AMT] => 3000
    [P_UNAME] => 강미숙
    [P_RMESG1] => P_VACCT_NO=01444464217655|P_EXP_DT=20250323
    [P_RMESG2] => 
    [P_NOTI] => 
    [P_AUTH_NO] => 
)

 Array
(
    [PageCall time] => 15:43:57
    [P_TID] => INIMX_VBNKCAEcatca0720250313154255375666
    [P_MID] => CAEcatca07
    [P_AUTH_DT] => 20250313154357
    [P_STATUS] => 02
    [P_TYPE] => VBANK
    [P_OID] => 250313-031
    [P_FN_CD1] => 04
    [P_FN_CD2] => 
    [P_FN_NM] => KB국민은행
    [P_AMT] => 3000
    [P_UNAME] => 이향숙
    [P_RMESG1] => P_VACCT_NO=42119011540768|P_EXP_DT=20250323
    [P_RMESG2] => 
    [P_NOTI] => 
    [P_AUTH_NO] => 
)

 Array
(
    [PageCall time] => 16:14:30
    [P_TID] => INIMX_VBNKCAEcatca0720250313161021165034
    [P_MID] => CAEcatca07
    [P_AUTH_DT] => 20250313161430
    [P_STATUS] => 02
    [P_TYPE] => VBANK
    [P_OID] => 250313-032
    [P_FN_CD1] => 88
    [P_FN_CD2] => 
    [P_FN_NM] => 신한은행
    [P_AMT] => 3000
    [P_UNAME] => 김연옥
    [P_RMESG1] => P_VACCT_NO=56211990863541|P_EXP_DT=20250323
    [P_RMESG2] => 
    [P_NOTI] => 
    [P_AUTH_NO] => 
)

 Array
(
    [PageCall time] => 16:16:50
    [P_TID] => INIMX_VBNKCAEcatca0720250313161617695607
    [P_MID] => CAEcatca07
    [P_AUTH_DT] => 20250313161650
    [P_STATUS] => 02
    [P_TYPE] => VBANK
    [P_OID] => 250313-033
    [P_FN_CD1] => 04
    [P_FN_CD2] => 
    [P_FN_NM] => KB국민은행
    [P_AMT] => 3000
    [P_UNAME] => 주혜진
    [P_RMESG1] => P_VACCT_NO=42379011489137|P_EXP_DT=20250323
    [P_RMESG2] => 
    [P_NOTI] => 
    [P_AUTH_NO] => 
)

 Array
(
    [PageCall time] => 16:54:19
    [P_TID] => INIMX_VBNKCAEcatca0720250313165022685534
    [P_MID] => CAEcatca07
    [P_AUTH_DT] => 20250313165419
    [P_STATUS] => 02
    [P_TYPE] => VBANK
    [P_OID] => 250313-035
    [P_FN_CD1] => 31
    [P_FN_CD2] => 
    [P_FN_NM] => 아이엠뱅크(대구은행)
    [P_AMT] => 3000
    [P_UNAME] => 류명옥
    [P_RMESG1] => P_VACCT_NO=9600362699134|P_EXP_DT=20250323
    [P_RMESG2] => 
    [P_NOTI] => 
    [P_AUTH_NO] => 
)

 Array
(
    [PageCall time] => 17:42:47
    [P_TID] => INIMX_VBNKCAEcatca0720250313173940555044
    [P_MID] => CAEcatca07
    [P_AUTH_DT] => 20250313174247
    [P_STATUS] => 02
    [P_TYPE] => VBANK
    [P_OID] => 250313-037
    [P_FN_CD1] => 81
    [P_FN_CD2] => 
    [P_FN_NM] => 하나은행
    [P_AMT] => 3000
    [P_UNAME] => 박서현
    [P_RMESG1] => P_VACCT_NO=20894065649537|P_EXP_DT=20250323
    [P_RMESG2] => 
    [P_NOTI] => 
    [P_AUTH_NO] => 
)

 Array
(
    [PageCall time] => 18:53:15
    [P_TID] => INIMX_VBNKCAEcatca0720250313184841515017
    [P_MID] => CAEcatca07
    [P_AUTH_DT] => 20250313185315
    [P_STATUS] => 02
    [P_TYPE] => VBANK
    [P_OID] => 250313-038
    [P_FN_CD1] => 89
    [P_FN_CD2] => 
    [P_FN_NM] => 케이뱅크
    [P_AMT] => 3000
    [P_UNAME] => 이정미
    [P_RMESG1] => P_VACCT_NO=70112004139894|P_EXP_DT=20250323
    [P_RMESG2] => 
    [P_NOTI] => 
    [P_AUTH_NO] => 
)

 Array
(
    [PageCall time] => 19:43:41
    [P_TID] => INIMX_VBNKCAEcatca0720250313194021134302
    [P_MID] => CAEcatca07
    [P_AUTH_DT] => 20250313194341
    [P_STATUS] => 02
    [P_TYPE] => VBANK
    [P_OID] => 250313-018
    [P_FN_CD1] => 88
    [P_FN_CD2] => 
    [P_FN_NM] => 신한은행
    [P_AMT] => 3000
    [P_UNAME] => 최창식
    [P_RMESG1] => P_VACCT_NO=56211111001680|P_EXP_DT=20250323
    [P_RMESG2] => 
    [P_NOTI] => 
    [P_AUTH_NO] => 
)

 Array
(
    [PageCall time] => 20:03:51
    [P_TID] => INIMX_VBNKCAEcatca0720250313200134824448
    [P_MID] => CAEcatca07
    [P_AUTH_DT] => 20250313200351
    [P_STATUS] => 02
    [P_TYPE] => VBANK
    [P_OID] => 250313-040
    [P_FN_CD1] => 11
    [P_FN_CD2] => 
    [P_FN_NM] => NH농협은행
    [P_AMT] => 3000
    [P_UNAME] => 최미연
    [P_RMESG1] => P_VACCT_NO=01444464251455|P_EXP_DT=20250323
    [P_RMESG2] => 
    [P_NOTI] => 
    [P_AUTH_NO] => 
)

 Array
(
    [PageCall time] => 20:22:57
    [P_TID] => INIMX_VBNKCAEcatca0720250313201922645272
    [P_MID] => CAEcatca07
    [P_AUTH_DT] => 20250313202257
    [P_STATUS] => 02
    [P_TYPE] => VBANK
    [P_OID] => 250313-041
    [P_FN_CD1] => 88
    [P_FN_CD2] => 
    [P_FN_NM] => 신한은행
    [P_AMT] => 3000
    [P_UNAME] => 이원숙
    [P_RMESG1] => P_VACCT_NO=56211990882178|P_EXP_DT=20250323
    [P_RMESG2] => 
    [P_NOTI] => 
    [P_AUTH_NO] => 
)

 Array
(
    [PageCall time] => 21:09:03
    [P_TID] => INIMX_VBNKCAEcatca0720250313210721155517
    [P_MID] => CAEcatca07
    [P_AUTH_DT] => 20250313210903
    [P_STATUS] => 02
    [P_TYPE] => VBANK
    [P_OID] => 250313-029
    [P_FN_CD1] => 04
    [P_FN_CD2] => 
    [P_FN_NM] => KB국민은행
    [P_AMT] => 3000
    [P_UNAME] => 서동락
    [P_RMESG1] => P_VACCT_NO=87839011714264|P_EXP_DT=20250323
    [P_RMESG2] => 
    [P_NOTI] => 
    [P_AUTH_NO] => 
)

 Array
(
    [PageCall time] => 21:24:09
    [P_TID] => INIMX_VBNKCAEcatca0720250313212328905168
    [P_MID] => CAEcatca07
    [P_AUTH_DT] => 20250313212409
    [P_STATUS] => 02
    [P_TYPE] => VBANK
    [P_OID] => 250312-030
    [P_FN_CD1] => 04
    [P_FN_CD2] => 
    [P_FN_NM] => KB국민은행
    [P_AMT] => 3000
    [P_UNAME] => 김상희
    [P_RMESG1] => P_VACCT_NO=88009011678844|P_EXP_DT=20250323
    [P_RMESG2] => 
    [P_NOTI] => 
    [P_AUTH_NO] => 
)

 Array
(
    [PageCall time] => 21:35:37
    [P_TID] => INIMX_VBNKCAEcatca0720250313213450895110
    [P_MID] => CAEcatca07
    [P_AUTH_DT] => 20250313213537
    [P_STATUS] => 02
    [P_TYPE] => VBANK
    [P_OID] => 250312-016
    [P_FN_CD1] => 11
    [P_FN_CD2] => 
    [P_FN_NM] => NH농협은행
    [P_AMT] => 3000
    [P_UNAME] => 손일원
    [P_RMESG1] => P_VACCT_NO=79014507651266|P_EXP_DT=20250323
    [P_RMESG2] => 
    [P_NOTI] => 
    [P_AUTH_NO] => 
)

