 Array
(
    [PageCall time] => 08:42:54
    [P_TID] => INIMX_VBNKCAEcatca0720251129083958655246
    [P_MID] => CAEcatca07
    [P_AUTH_DT] => 20251129084254
    [P_STATUS] => 02
    [P_TYPE] => VBANK
    [P_OID] => 251129-001
    [P_FN_CD1] => 11
    [P_FN_CD2] => 
    [P_FN_NM] => NH농협은행
    [P_AMT] => 3000
    [P_UNAME] => 유수정
    [P_RMESG1] => P_VACCT_NO=79015904022836|P_EXP_DT=20251209
    [P_RMESG2] => 
    [P_NOTI] => 
    [P_AUTH_NO] => 
)

 Array
(
    [PageCall time] => 13:54:55
    [P_TID] => INIMX_VBNKCAEcatca0720251129135220875221
    [P_MID] => CAEcatca07
    [P_AUTH_DT] => 20251129135455
    [P_STATUS] => 02
    [P_TYPE] => VBANK
    [P_OID] => 251129-002
    [P_FN_CD1] => 88
    [P_FN_CD2] => 
    [P_FN_NM] => 신한은행
    [P_AMT] => 3000
    [P_UNAME] => 문주환
    [P_RMESG1] => P_VACCT_NO=56211106536124|P_EXP_DT=20251209
    [P_RMESG2] => 
    [P_NOTI] => 
    [P_AUTH_NO] => 
)

 Array
(
    [PageCall time] => 16:40:49
    [P_TID] => INIMX_VBNKCAEcatca0720251129163817565184
    [P_MID] => CAEcatca07
    [P_AUTH_DT] => 20251129164049
    [P_STATUS] => 02
    [P_TYPE] => VBANK
    [P_OID] => 251129-003
    [P_FN_CD1] => 20
    [P_FN_CD2] => 
    [P_FN_NM] => 우리은행
    [P_AMT] => 3000
    [P_UNAME] => 한정희
    [P_RMESG1] => P_VACCT_NO=27387877818502|P_EXP_DT=20251209
    [P_RMESG2] => 
    [P_NOTI] => 
    [P_AUTH_NO] => 
)

 Array
(
    [PageCall time] => 16:59:41
    [P_TID] => INIMX_VBNKCAEcatca0720251129165841425141
    [P_MID] => CAEcatca07
    [P_AUTH_DT] => 20251129165941
    [P_STATUS] => 02
    [P_TYPE] => VBANK
    [P_OID] => 251129-004
    [P_FN_CD1] => 11
    [P_FN_CD2] => 
    [P_FN_NM] => NH농협은행
    [P_AMT] => 3000
    [P_UNAME] => 이해인
    [P_RMESG1] => P_VACCT_NO=79015904096029|P_EXP_DT=20251209
    [P_RMESG2] => 
    [P_NOTI] => 
    [P_AUTH_NO] => 
)

