 Array
(
    [PageCall time] => 14:22:19
    [P_TID] => INIMX_VBNKCAEcatca0720260301141950315094
    [P_MID] => CAEcatca07
    [P_AUTH_DT] => 20260301142219
    [P_STATUS] => 02
    [P_TYPE] => VBANK
    [P_OID] => 260301-001
    [P_FN_CD1] => 04
    [P_FN_CD2] => 
    [P_FN_NM] => KB국민은행
    [P_AMT] => 3500
    [P_UNAME] => 문소희
    [P_RMESG1] => P_VACCT_NO=26119078317206|P_EXP_DT=20260311
    [P_RMESG2] => 
    [P_NOTI] => 
    [P_AUTH_NO] => 
)

 Array
(
    [PageCall time] => 15:54:13
    [P_TID] => INIMX_VBNKCAEcatca0720260301155239125215
    [P_MID] => CAEcatca07
    [P_AUTH_DT] => 20260301155413
    [P_STATUS] => 02
    [P_TYPE] => VBANK
    [P_OID] => 260301-002
    [P_FN_CD1] => 11
    [P_FN_CD2] => 
    [P_FN_NM] => NH농협은행
    [P_AMT] => 3500
    [P_UNAME] => 이해순
    [P_RMESG1] => P_VACCT_NO=79014290257864|P_EXP_DT=20260311
    [P_RMESG2] => 
    [P_NOTI] => 
    [P_AUTH_NO] => 
)

 Array
(
    [PageCall time] => 18:11:54
    [P_TID] => INIMX_VBNKCAEcatca0720260301180915455522
    [P_MID] => CAEcatca07
    [P_AUTH_DT] => 20260301181154
    [P_STATUS] => 02
    [P_TYPE] => VBANK
    [P_OID] => 260301-004
    [P_FN_CD1] => 20
    [P_FN_CD2] => 
    [P_FN_NM] => 우리은행
    [P_AMT] => 3500
    [P_UNAME] => 황예지
    [P_RMESG1] => P_VACCT_NO=27491362418836|P_EXP_DT=20260311
    [P_RMESG2] => 
    [P_NOTI] => 
    [P_AUTH_NO] => 
)

 Array
(
    [PageCall time] => 18:25:26
    [P_TID] => INIMX_VBNKCAEcatca0720260301182141655013
    [P_MID] => CAEcatca07
    [P_AUTH_DT] => 20260301182526
    [P_STATUS] => 02
    [P_TYPE] => VBANK
    [P_OID] => 260301-005
    [P_FN_CD1] => 20
    [P_FN_CD2] => 
    [P_FN_NM] => 우리은행
    [P_AMT] => 3500
    [P_UNAME] => 박동준
    [P_RMESG1] => P_VACCT_NO=27491363218107|P_EXP_DT=20260311
    [P_RMESG2] => 
    [P_NOTI] => 
    [P_AUTH_NO] => 
)

 Array
(
    [PageCall time] => 18:31:38
    [P_TID] => INIMX_VBNKCAEcatca0720260301182912545374
    [P_MID] => CAEcatca07
    [P_AUTH_DT] => 20260301183138
    [P_STATUS] => 02
    [P_TYPE] => VBANK
    [P_OID] => 260301-006
    [P_FN_CD1] => 04
    [P_FN_CD2] => 
    [P_FN_NM] => KB국민은행
    [P_AMT] => 3500
    [P_UNAME] => 김동현
    [P_RMESG1] => P_VACCT_NO=70239014379503|P_EXP_DT=20260311
    [P_RMESG2] => 
    [P_NOTI] => 
    [P_AUTH_NO] => 
)

 Array
(
    [PageCall time] => 22:48:52
    [P_TID] => INIMX_VBNKCAEcatca0720260301224556765111
    [P_MID] => CAEcatca07
    [P_AUTH_DT] => 20260301224852
    [P_STATUS] => 02
    [P_TYPE] => VBANK
    [P_OID] => 260301-008
    [P_FN_CD1] => 04
    [P_FN_CD2] => 
    [P_FN_NM] => KB국민은행
    [P_AMT] => 3500
    [P_UNAME] => 김해영
    [P_RMESG1] => P_VACCT_NO=70239014402036|P_EXP_DT=20260311
    [P_RMESG2] => 
    [P_NOTI] => 
    [P_AUTH_NO] => 
)

