 Array
(
    [PageCall time] => 10:07:11
    [P_TID] => INIMX_VBNKCAEcatca0720250411100622865653
    [P_MID] => CAEcatca07
    [P_AUTH_DT] => 20250411100711
    [P_STATUS] => 02
    [P_TYPE] => VBANK
    [P_OID] => 250411-001
    [P_FN_CD1] => 04
    [P_FN_CD2] => 
    [P_FN_NM] => KB국민은행
    [P_AMT] => 3000
    [P_UNAME] => 황미애
    [P_RMESG1] => P_VACCT_NO=00289071115929|P_EXP_DT=20250421
    [P_RMESG2] => 
    [P_NOTI] => 
    [P_AUTH_NO] => 
)

 Array
(
    [PageCall time] => 10:13:44
    [P_TID] => INIMX_VBNKCAEcatca0720250411101058595960
    [P_MID] => CAEcatca07
    [P_AUTH_DT] => 20250411101344
    [P_STATUS] => 02
    [P_TYPE] => VBANK
    [P_OID] => 250411-002
    [P_FN_CD1] => 88
    [P_FN_CD2] => 
    [P_FN_NM] => 신한은행
    [P_AMT] => 3000
    [P_UNAME] => 한민욱
    [P_RMESG1] => P_VACCT_NO=56211102113315|P_EXP_DT=20250421
    [P_RMESG2] => 
    [P_NOTI] => 
    [P_AUTH_NO] => 
)

 Array
(
    [PageCall time] => 10:26:25
    [P_TID] => INIMX_VBNKCAEcatca0720250411102140115446
    [P_MID] => CAEcatca07
    [P_AUTH_DT] => 20250411102625
    [P_STATUS] => 02
    [P_TYPE] => VBANK
    [P_OID] => 250411-003
    [P_FN_CD1] => 88
    [P_FN_CD2] => 
    [P_FN_NM] => 신한은행
    [P_AMT] => 3000
    [P_UNAME] => 김미선
    [P_RMESG1] => P_VACCT_NO=56211102164530|P_EXP_DT=20250421
    [P_RMESG2] => 
    [P_NOTI] => 
    [P_AUTH_NO] => 
)

 Array
(
    [PageCall time] => 10:56:39
    [P_TID] => INIMX_VBNKCAEcatca0720250411105408565668
    [P_MID] => CAEcatca07
    [P_AUTH_DT] => 20250411105639
    [P_STATUS] => 02
    [P_TYPE] => VBANK
    [P_OID] => 250411-004
    [P_FN_CD1] => 81
    [P_FN_CD2] => 
    [P_FN_NM] => 하나은행
    [P_AMT] => 3000
    [P_UNAME] => 류시욱
    [P_RMESG1] => P_VACCT_NO=20894793483437|P_EXP_DT=20250421
    [P_RMESG2] => 
    [P_NOTI] => 
    [P_AUTH_NO] => 
)

 Array
(
    [PageCall time] => 11:12:43
    [P_TID] => INIMX_VBNKCAEcatca0720250411111108295144
    [P_MID] => CAEcatca07
    [P_AUTH_DT] => 20250411111243
    [P_STATUS] => 02
    [P_TYPE] => VBANK
    [P_OID] => 250411-005
    [P_FN_CD1] => 11
    [P_FN_CD2] => 
    [P_FN_NM] => NH농협은행
    [P_AMT] => 3000
    [P_UNAME] => 주석천
    [P_RMESG1] => P_VACCT_NO=79015899976377|P_EXP_DT=20250421
    [P_RMESG2] => 
    [P_NOTI] => 
    [P_AUTH_NO] => 
)

 Array
(
    [PageCall time] => 11:36:32
    [P_TID] => INIMX_VBNKCAEcatca0720250411113309325244
    [P_MID] => CAEcatca07
    [P_AUTH_DT] => 20250411113632
    [P_STATUS] => 02
    [P_TYPE] => VBANK
    [P_OID] => 250410-030
    [P_FN_CD1] => 34
    [P_FN_CD2] => 
    [P_FN_NM] => 광주은행
    [P_AMT] => 3000
    [P_UNAME] => 나종일
    [P_RMESG1] => P_VACCT_NO=810865233860|P_EXP_DT=20250421
    [P_RMESG2] => 
    [P_NOTI] => 
    [P_AUTH_NO] => 
)

 Array
(
    [PageCall time] => 12:44:42
    [P_TID] => INIMX_VBNKCAEcatca0720250411124149745086
    [P_MID] => CAEcatca07
    [P_AUTH_DT] => 20250411124442
    [P_STATUS] => 02
    [P_TYPE] => VBANK
    [P_OID] => 250411-008
    [P_FN_CD1] => 11
    [P_FN_CD2] => 
    [P_FN_NM] => NH농협은행
    [P_AMT] => 3000
    [P_UNAME] => 손연경
    [P_RMESG1] => P_VACCT_NO=79015899989888|P_EXP_DT=20250421
    [P_RMESG2] => 
    [P_NOTI] => 
    [P_AUTH_NO] => 
)

 Array
(
    [PageCall time] => 13:23:40
    [P_TID] => INIMX_VBNKCAEcatca0720250411131958665069
    [P_MID] => CAEcatca07
    [P_AUTH_DT] => 20250411132340
    [P_STATUS] => 02
    [P_TYPE] => VBANK
    [P_OID] => 250411-011
    [P_FN_CD1] => 88
    [P_FN_CD2] => 
    [P_FN_NM] => 신한은행
    [P_AMT] => 3000
    [P_UNAME] => 김윤옥
    [P_RMESG1] => P_VACCT_NO=56211103430438|P_EXP_DT=20250421
    [P_RMESG2] => 
    [P_NOTI] => 
    [P_AUTH_NO] => 
)

 Array
(
    [PageCall time] => 13:23:55
    [P_TID] => INIMX_VBNKCAEcatca0720250411132120145655
    [P_MID] => CAEcatca07
    [P_AUTH_DT] => 20250411132355
    [P_STATUS] => 02
    [P_TYPE] => VBANK
    [P_OID] => 250411-012
    [P_FN_CD1] => 03
    [P_FN_CD2] => 
    [P_FN_NM] => 기업은행
    [P_AMT] => 3000
    [P_UNAME] => 한보람
    [P_RMESG1] => P_VACCT_NO=07503230297875|P_EXP_DT=20250421
    [P_RMESG2] => 
    [P_NOTI] => 
    [P_AUTH_NO] => 
)

 Array
(
    [PageCall time] => 14:22:30
    [P_TID] => INIMX_VBNKCAEcatca0720250411142109465841
    [P_MID] => CAEcatca07
    [P_AUTH_DT] => 20250411142229
    [P_STATUS] => 02
    [P_TYPE] => VBANK
    [P_OID] => 250411-010
    [P_FN_CD1] => 11
    [P_FN_CD2] => 
    [P_FN_NM] => NH농협은행
    [P_AMT] => 3000
    [P_UNAME] => 이상운
    [P_RMESG1] => P_VACCT_NO=79015900008407|P_EXP_DT=20250421
    [P_RMESG2] => 
    [P_NOTI] => 
    [P_AUTH_NO] => 
)

 Array
(
    [PageCall time] => 14:24:54
    [P_TID] => INIMX_VBNKCAEcatca0720250411142351495617
    [P_MID] => CAEcatca07
    [P_AUTH_DT] => 20250411142454
    [P_STATUS] => 02
    [P_TYPE] => VBANK
    [P_OID] => 250411-015
    [P_FN_CD1] => 11
    [P_FN_CD2] => 
    [P_FN_NM] => NH농협은행
    [P_AMT] => 3000
    [P_UNAME] => 김은정
    [P_RMESG1] => P_VACCT_NO=79015900008950|P_EXP_DT=20250421
    [P_RMESG2] => 
    [P_NOTI] => 
    [P_AUTH_NO] => 
)

 Array
(
    [PageCall time] => 14:52:11
    [P_TID] => INIMX_VBNKCAEcatca0720250411145138895049
    [P_MID] => CAEcatca07
    [P_AUTH_DT] => 20250411145211
    [P_STATUS] => 02
    [P_TYPE] => VBANK
    [P_OID] => 250411-017
    [P_FN_CD1] => 04
    [P_FN_CD2] => 
    [P_FN_NM] => KB국민은행
    [P_AMT] => 3000
    [P_UNAME] => 한효정
    [P_RMESG1] => P_VACCT_NO=52499014184574|P_EXP_DT=20250421
    [P_RMESG2] => 
    [P_NOTI] => 
    [P_AUTH_NO] => 
)

 Array
(
    [PageCall time] => 15:43:07
    [P_TID] => INIMX_VBNKCAEcatca0720250411154222735477
    [P_MID] => CAEcatca07
    [P_AUTH_DT] => 20250411154306
    [P_STATUS] => 02
    [P_TYPE] => VBANK
    [P_OID] => 250411-019
    [P_FN_CD1] => 04
    [P_FN_CD2] => 
    [P_FN_NM] => KB국민은행
    [P_AMT] => 3000
    [P_UNAME] => 김유미
    [P_RMESG1] => P_VACCT_NO=52499014197002|P_EXP_DT=20250421
    [P_RMESG2] => 
    [P_NOTI] => 
    [P_AUTH_NO] => 
)

 Array
(
    [PageCall time] => 17:11:29
    [P_TID] => INIMX_VBNKCAEcatca0720250411170831825584
    [P_MID] => CAEcatca07
    [P_AUTH_DT] => 20250411171129
    [P_STATUS] => 02
    [P_TYPE] => VBANK
    [P_OID] => 250411-020
    [P_FN_CD1] => 89
    [P_FN_CD2] => 
    [P_FN_NM] => 케이뱅크
    [P_AMT] => 3000
    [P_UNAME] => 박봉희
    [P_RMESG1] => P_VACCT_NO=70112003282592|P_EXP_DT=20250421
    [P_RMESG2] => 
    [P_NOTI] => 
    [P_AUTH_NO] => 
)

 Array
(
    [PageCall time] => 18:03:28
    [P_TID] => INIMX_VBNKCAEcatca0720250411175923235876
    [P_MID] => CAEcatca07
    [P_AUTH_DT] => 20250411180328
    [P_STATUS] => 02
    [P_TYPE] => VBANK
    [P_OID] => 250411-023
    [P_FN_CD1] => 81
    [P_FN_CD2] => 
    [P_FN_NM] => 하나은행
    [P_AMT] => 3000
    [P_UNAME] => 류양희
    [P_RMESG1] => P_VACCT_NO=20894807063637|P_EXP_DT=20250421
    [P_RMESG2] => 
    [P_NOTI] => 
    [P_AUTH_NO] => 
)

 Array
(
    [PageCall time] => 18:05:35
    [P_TID] => INIMX_VBNKCAEcatca0720250411180415595754
    [P_MID] => CAEcatca07
    [P_AUTH_DT] => 20250411180535
    [P_STATUS] => 02
    [P_TYPE] => VBANK
    [P_OID] => 250411-024
    [P_FN_CD1] => 04
    [P_FN_CD2] => 
    [P_FN_NM] => KB국민은행
    [P_AMT] => 3000
    [P_UNAME] => 남궁진영
    [P_RMESG1] => P_VACCT_NO=52499014233232|P_EXP_DT=20250421
    [P_RMESG2] => 
    [P_NOTI] => 
    [P_AUTH_NO] => 
)

 Array
(
    [PageCall time] => 19:12:17
    [P_TID] => INIMX_VBNKCAEcatca0720250411191037355152
    [P_MID] => CAEcatca07
    [P_AUTH_DT] => 20250411191217
    [P_STATUS] => 02
    [P_TYPE] => VBANK
    [P_OID] => 250411-025
    [P_FN_CD1] => 04
    [P_FN_CD2] => 
    [P_FN_NM] => KB국민은행
    [P_AMT] => 3000
    [P_UNAME] => 채광희
    [P_RMESG1] => P_VACCT_NO=52499014251221|P_EXP_DT=20250421
    [P_RMESG2] => 
    [P_NOTI] => 
    [P_AUTH_NO] => 
)

