 Array
(
    [PageCall time] => 02:02:46
    [P_TID] => INIMX_VBNKCAEcatca0720250410015800554095
    [P_MID] => CAEcatca07
    [P_AUTH_DT] => 20250410020246
    [P_STATUS] => 02
    [P_TYPE] => VBANK
    [P_OID] => 250410-001
    [P_FN_CD1] => 04
    [P_FN_CD2] => 
    [P_FN_NM] => KB국민은행
    [P_AMT] => 3000
    [P_UNAME] => 박민숙
    [P_RMESG1] => P_VACCT_NO=87839011562944|P_EXP_DT=20250420
    [P_RMESG2] => 
    [P_NOTI] => 
    [P_AUTH_NO] => 
)

 Array
(
    [PageCall time] => 10:08:09
    [P_TID] => INIMX_VBNKCAEcatca0720250410100311364228
    [P_MID] => CAEcatca07
    [P_AUTH_DT] => 20250410100809
    [P_STATUS] => 02
    [P_TYPE] => VBANK
    [P_OID] => 250410-003
    [P_FN_CD1] => 20
    [P_FN_CD2] => 
    [P_FN_NM] => 우리은행
    [P_AMT] => 3000
    [P_UNAME] => 방석수
    [P_RMESG1] => P_VACCT_NO=61841427418120|P_EXP_DT=20250420
    [P_RMESG2] => 
    [P_NOTI] => 
    [P_AUTH_NO] => 
)

 Array
(
    [PageCall time] => 10:22:14
    [P_TID] => INIMX_VBNKCAEcatca0720250410101905604647
    [P_MID] => CAEcatca07
    [P_AUTH_DT] => 20250410102214
    [P_STATUS] => 02
    [P_TYPE] => VBANK
    [P_OID] => 250410-004
    [P_FN_CD1] => 03
    [P_FN_CD2] => 
    [P_FN_NM] => 기업은행
    [P_AMT] => 3000
    [P_UNAME] => 한은정
    [P_RMESG1] => P_VACCT_NO=07503284197511|P_EXP_DT=20250420
    [P_RMESG2] => 
    [P_NOTI] => 
    [P_AUTH_NO] => 
)

 Array
(
    [PageCall time] => 10:32:30
    [P_TID] => INIMX_VBNKCAEcatca0720250410102942994599
    [P_MID] => CAEcatca07
    [P_AUTH_DT] => 20250410103230
    [P_STATUS] => 02
    [P_TYPE] => VBANK
    [P_OID] => 250410-006
    [P_FN_CD1] => 03
    [P_FN_CD2] => 
    [P_FN_NM] => 기업은행
    [P_AMT] => 3000
    [P_UNAME] => 유빈화
    [P_RMESG1] => P_VACCT_NO=07503284397009|P_EXP_DT=20250420
    [P_RMESG2] => 
    [P_NOTI] => 
    [P_AUTH_NO] => 
)

 Array
(
    [PageCall time] => 10:36:02
    [P_TID] => INIMX_VBNKCAEcatca0720250410103437714337
    [P_MID] => CAEcatca07
    [P_AUTH_DT] => 20250410103602
    [P_STATUS] => 02
    [P_TYPE] => VBANK
    [P_OID] => 250410-007
    [P_FN_CD1] => 04
    [P_FN_CD2] => 
    [P_FN_NM] => KB국민은행
    [P_AMT] => 3000
    [P_UNAME] => 박경미
    [P_RMESG1] => P_VACCT_NO=87839011600181|P_EXP_DT=20250420
    [P_RMESG2] => 
    [P_NOTI] => 
    [P_AUTH_NO] => 
)

 Array
(
    [PageCall time] => 10:39:35
    [P_TID] => INIMX_VBNKCAEcatca0720250410103337354402
    [P_MID] => CAEcatca07
    [P_AUTH_DT] => 20250410103934
    [P_STATUS] => 02
    [P_TYPE] => VBANK
    [P_OID] => 250410-002
    [P_FN_CD1] => 03
    [P_FN_CD2] => 
    [P_FN_NM] => 기업은행
    [P_AMT] => 3000
    [P_UNAME] => 장동훈
    [P_RMESG1] => P_VACCT_NO=07503284397219|P_EXP_DT=20250420
    [P_RMESG2] => 
    [P_NOTI] => 
    [P_AUTH_NO] => 
)

 Array
(
    [PageCall time] => 11:06:31
    [P_TID] => INIMX_VBNKCAEcatca0720250410110356195815
    [P_MID] => CAEcatca07
    [P_AUTH_DT] => 20250410110631
    [P_STATUS] => 02
    [P_TYPE] => VBANK
    [P_OID] => 250410-009
    [P_FN_CD1] => 88
    [P_FN_CD2] => 
    [P_FN_NM] => 신한은행
    [P_AMT] => 3000
    [P_UNAME] => 유선영
    [P_RMESG1] => P_VACCT_NO=56211105145322|P_EXP_DT=20250420
    [P_RMESG2] => 
    [P_NOTI] => 
    [P_AUTH_NO] => 
)

 Array
(
    [PageCall time] => 11:10:43
    [P_TID] => INIMX_VBNKCAEcatca0720250410111003365518
    [P_MID] => CAEcatca07
    [P_AUTH_DT] => 20250410111043
    [P_STATUS] => 02
    [P_TYPE] => VBANK
    [P_OID] => 250410-010
    [P_FN_CD1] => 04
    [P_FN_CD2] => 
    [P_FN_NM] => KB국민은행
    [P_AMT] => 3000
    [P_UNAME] => 강성아
    [P_RMESG1] => P_VACCT_NO=58129079457779|P_EXP_DT=20250420
    [P_RMESG2] => 
    [P_NOTI] => 
    [P_AUTH_NO] => 
)

 Array
(
    [PageCall time] => 11:26:15
    [P_TID] => INIMX_VBNKCAEcatca0720250410112351514250
    [P_MID] => CAEcatca07
    [P_AUTH_DT] => 20250410112615
    [P_STATUS] => 02
    [P_TYPE] => VBANK
    [P_OID] => 250410-011
    [P_FN_CD1] => 11
    [P_FN_CD2] => 
    [P_FN_NM] => NH농협은행
    [P_AMT] => 3000
    [P_UNAME] => 최영무
    [P_RMESG1] => P_VACCT_NO=01445064774316|P_EXP_DT=20250420
    [P_RMESG2] => 
    [P_NOTI] => 
    [P_AUTH_NO] => 
)

 Array
(
    [PageCall time] => 11:54:25
    [P_TID] => INIMX_VBNKCAEcatca0720250410115149315702
    [P_MID] => CAEcatca07
    [P_AUTH_DT] => 20250410115425
    [P_STATUS] => 02
    [P_TYPE] => VBANK
    [P_OID] => 250410-013
    [P_FN_CD1] => 88
    [P_FN_CD2] => 
    [P_FN_NM] => 신한은행
    [P_AMT] => 3000
    [P_UNAME] => 한다현
    [P_RMESG1] => P_VACCT_NO=56211105265455|P_EXP_DT=20250420
    [P_RMESG2] => 
    [P_NOTI] => 
    [P_AUTH_NO] => 
)

 Array
(
    [PageCall time] => 12:33:55
    [P_TID] => INIMX_VBNKCAEcatca0720250410122811655195
    [P_MID] => CAEcatca07
    [P_AUTH_DT] => 20250410123355
    [P_STATUS] => 02
    [P_TYPE] => VBANK
    [P_OID] => 250410-014
    [P_FN_CD1] => 20
    [P_FN_CD2] => 
    [P_FN_NM] => 우리은행
    [P_AMT] => 3000
    [P_UNAME] => 황양수
    [P_RMESG1] => P_VACCT_NO=27388970218681|P_EXP_DT=20250420
    [P_RMESG2] => 
    [P_NOTI] => 
    [P_AUTH_NO] => 
)

 Array
(
    [PageCall time] => 12:57:30
    [P_TID] => INIMX_VBNKCAEcatca0720250410125349984949
    [P_MID] => CAEcatca07
    [P_AUTH_DT] => 20250410125730
    [P_STATUS] => 02
    [P_TYPE] => VBANK
    [P_OID] => 250410-016
    [P_FN_CD1] => 20
    [P_FN_CD2] => 
    [P_FN_NM] => 우리은행
    [P_AMT] => 3000
    [P_UNAME] => 홍은행
    [P_RMESG1] => P_VACCT_NO=61841435518943|P_EXP_DT=20250420
    [P_RMESG2] => 
    [P_NOTI] => 
    [P_AUTH_NO] => 
)

 Array
(
    [PageCall time] => 13:02:42
    [P_TID] => INIMX_VBNKCAEcatca0720250410130131634571
    [P_MID] => CAEcatca07
    [P_AUTH_DT] => 20250410130242
    [P_STATUS] => 02
    [P_TYPE] => VBANK
    [P_OID] => 250410-017
    [P_FN_CD1] => 11
    [P_FN_CD2] => 
    [P_FN_NM] => NH농협은행
    [P_AMT] => 3000
    [P_UNAME] => 권석규
    [P_RMESG1] => P_VACCT_NO=01445064797779|P_EXP_DT=20250420
    [P_RMESG2] => 
    [P_NOTI] => 
    [P_AUTH_NO] => 
)

 Array
(
    [PageCall time] => 13:30:12
    [P_TID] => INIMX_VBNKCAEcatca0720250410132707524034
    [P_MID] => CAEcatca07
    [P_AUTH_DT] => 20250410133012
    [P_STATUS] => 02
    [P_TYPE] => VBANK
    [P_OID] => 250410-015
    [P_FN_CD1] => 81
    [P_FN_CD2] => 
    [P_FN_NM] => 하나은행
    [P_AMT] => 3000
    [P_UNAME] => 이소영
    [P_RMESG1] => P_VACCT_NO=58390909760337|P_EXP_DT=20250420
    [P_RMESG2] => 
    [P_NOTI] => 
    [P_AUTH_NO] => 
)

 Array
(
    [PageCall time] => 14:54:57
    [P_TID] => INIMX_VBNKCAEcatca0720250410144136135245
    [P_MID] => CAEcatca07
    [P_AUTH_DT] => 20250410145457
    [P_STATUS] => 02
    [P_TYPE] => VBANK
    [P_OID] => 250410-022
    [P_FN_CD1] => 11
    [P_FN_CD2] => 
    [P_FN_NM] => NH농협은행
    [P_AMT] => 3000
    [P_UNAME] => 홍종숙
    [P_RMESG1] => P_VACCT_NO=79015899832227|P_EXP_DT=20250420
    [P_RMESG2] => 
    [P_NOTI] => 
    [P_AUTH_NO] => 
)

 Array
(
    [PageCall time] => 17:09:03
    [P_TID] => INIMX_VBNKCAEcatca0720250410170808295928
    [P_MID] => CAEcatca07
    [P_AUTH_DT] => 20250410170903
    [P_STATUS] => 02
    [P_TYPE] => VBANK
    [P_OID] => 250410-024
    [P_FN_CD1] => 04
    [P_FN_CD2] => 
    [P_FN_NM] => KB국민은행
    [P_AMT] => 3000
    [P_UNAME] => 임창희
    [P_RMESG1] => P_VACCT_NO=51269079115606|P_EXP_DT=20250420
    [P_RMESG2] => 
    [P_NOTI] => 
    [P_AUTH_NO] => 
)

 Array
(
    [PageCall time] => 18:12:54
    [P_TID] => INIMX_VBNKCAEcatca0720250410181028835347
    [P_MID] => CAEcatca07
    [P_AUTH_DT] => 20250410181254
    [P_STATUS] => 02
    [P_TYPE] => VBANK
    [P_OID] => 250410-025
    [P_FN_CD1] => 03
    [P_FN_CD2] => 
    [P_FN_NM] => 기업은행
    [P_AMT] => 3000
    [P_UNAME] => 한다연
    [P_RMESG1] => P_VACCT_NO=07503225497892|P_EXP_DT=20250420
    [P_RMESG2] => 
    [P_NOTI] => 
    [P_AUTH_NO] => 
)

 Array
(
    [PageCall time] => 18:56:00
    [P_TID] => INIMX_VBNKCAEcatca0720250410185250875593
    [P_MID] => CAEcatca07
    [P_AUTH_DT] => 20250410185600
    [P_STATUS] => 02
    [P_TYPE] => VBANK
    [P_OID] => 250410-026
    [P_FN_CD1] => 88
    [P_FN_CD2] => 
    [P_FN_NM] => 신한은행
    [P_AMT] => 3000
    [P_UNAME] => 김대홍
    [P_RMESG1] => P_VACCT_NO=56211991048931|P_EXP_DT=20250420
    [P_RMESG2] => 
    [P_NOTI] => 
    [P_AUTH_NO] => 
)

 Array
(
    [PageCall time] => 19:01:20
    [P_TID] => INIMX_VBNKCAEcatca0720250410190005895615
    [P_MID] => CAEcatca07
    [P_AUTH_DT] => 20250410190120
    [P_STATUS] => 02
    [P_TYPE] => VBANK
    [P_OID] => 250410-027
    [P_FN_CD1] => 04
    [P_FN_CD2] => 
    [P_FN_NM] => KB국민은행
    [P_AMT] => 3000
    [P_UNAME] => 김언진
    [P_RMESG1] => P_VACCT_NO=52499014014826|P_EXP_DT=20250420
    [P_RMESG2] => 
    [P_NOTI] => 
    [P_AUTH_NO] => 
)

 Array
(
    [PageCall time] => 21:31:28
    [P_TID] => INIMX_VBNKCAEcatca0720250410212942965305
    [P_MID] => CAEcatca07
    [P_AUTH_DT] => 20250410213128
    [P_STATUS] => 02
    [P_TYPE] => VBANK
    [P_OID] => 250410-028
    [P_FN_CD1] => 11
    [P_FN_CD2] => 
    [P_FN_NM] => NH농협은행
    [P_AMT] => 3000
    [P_UNAME] => 우제광
    [P_RMESG1] => P_VACCT_NO=79015899904044|P_EXP_DT=20250420
    [P_RMESG2] => 
    [P_NOTI] => 
    [P_AUTH_NO] => 
)

