 Array
(
    [PageCall time] => 01:43:01
    [P_TID] => INIMX_VBNKCAEcatca0720260211013956725368
    [P_MID] => CAEcatca07
    [P_AUTH_DT] => 20260211014301
    [P_STATUS] => 02
    [P_TYPE] => VBANK
    [P_OID] => 260211-001
    [P_FN_CD1] => 89
    [P_FN_CD2] => 
    [P_FN_NM] => 케이뱅크
    [P_AMT] => 3500
    [P_UNAME] => 박소희
    [P_RMESG1] => P_VACCT_NO=70112003505192|P_EXP_DT=20260221
    [P_RMESG2] => 
    [P_NOTI] => 
    [P_AUTH_NO] => 
)

 Array
(
    [PageCall time] => 07:01:26
    [P_TID] => INIMX_VBNKCAEcatca0720260211065834255720
    [P_MID] => CAEcatca07
    [P_AUTH_DT] => 20260211070126
    [P_STATUS] => 02
    [P_TYPE] => VBANK
    [P_OID] => 260211-002
    [P_FN_CD1] => 04
    [P_FN_CD2] => 
    [P_FN_NM] => KB국민은행
    [P_AMT] => 3500
    [P_UNAME] => 문유진
    [P_RMESG1] => P_VACCT_NO=26119078186583|P_EXP_DT=20260221
    [P_RMESG2] => 
    [P_NOTI] => 
    [P_AUTH_NO] => 
)

 Array
(
    [PageCall time] => 07:55:19
    [P_TID] => INIMX_VBNKCAEcatca0720260211075235655549
    [P_MID] => CAEcatca07
    [P_AUTH_DT] => 20260211075518
    [P_STATUS] => 02
    [P_TYPE] => VBANK
    [P_OID] => 260211-003
    [P_FN_CD1] => 04
    [P_FN_CD2] => 
    [P_FN_NM] => KB국민은행
    [P_AMT] => 3500
    [P_UNAME] => 임혜영
    [P_RMESG1] => P_VACCT_NO=26119078209550|P_EXP_DT=20260221
    [P_RMESG2] => 
    [P_NOTI] => 
    [P_AUTH_NO] => 
)

 Array
(
    [PageCall time] => 07:56:04
    [P_TID] => INIMX_VBNKCAEcatca0720260211075330895091
    [P_MID] => CAEcatca07
    [P_AUTH_DT] => 20260211075603
    [P_STATUS] => 02
    [P_TYPE] => VBANK
    [P_OID] => 260211-004
    [P_FN_CD1] => 88
    [P_FN_CD2] => 
    [P_FN_NM] => 신한은행
    [P_AMT] => 3500
    [P_UNAME] => 유환대
    [P_RMESG1] => P_VACCT_NO=56211106717340|P_EXP_DT=20260221
    [P_RMESG2] => 
    [P_NOTI] => 
    [P_AUTH_NO] => 
)

 Array
(
    [PageCall time] => 10:37:49
    [P_TID] => INIMX_VBNKCAEcatca0720260211103426705062
    [P_MID] => CAEcatca07
    [P_AUTH_DT] => 20260211103749
    [P_STATUS] => 02
    [P_TYPE] => VBANK
    [P_OID] => 260211-009
    [P_FN_CD1] => 20
    [P_FN_CD2] => 
    [P_FN_NM] => 우리은행
    [P_AMT] => 3500
    [P_UNAME] => 조문희
    [P_RMESG1] => P_VACCT_NO=27490534618736|P_EXP_DT=20260221
    [P_RMESG2] => 
    [P_NOTI] => 
    [P_AUTH_NO] => 
)

 Array
(
    [PageCall time] => 10:49:43
    [P_TID] => INIMX_VBNKCAEcatca0720260211104648535258
    [P_MID] => CAEcatca07
    [P_AUTH_DT] => 20260211104943
    [P_STATUS] => 02
    [P_TYPE] => VBANK
    [P_OID] => 260211-011
    [P_FN_CD1] => 20
    [P_FN_CD2] => 
    [P_FN_NM] => 우리은행
    [P_AMT] => 3500
    [P_UNAME] => 김연경
    [P_RMESG1] => P_VACCT_NO=27490535218553|P_EXP_DT=20260221
    [P_RMESG2] => 
    [P_NOTI] => 
    [P_AUTH_NO] => 
)

 Array
(
    [PageCall time] => 11:18:00
    [P_TID] => INIMX_VBNKCAEcatca0720260211111704805586
    [P_MID] => CAEcatca07
    [P_AUTH_DT] => 20260211111800
    [P_STATUS] => 02
    [P_TYPE] => VBANK
    [P_OID] => 260211-013
    [P_FN_CD1] => 71
    [P_FN_CD2] => 
    [P_FN_NM] => 우체국
    [P_AMT] => 3500
    [P_UNAME] => 이승건
    [P_RMESG1] => P_VACCT_NO=01398781010696|P_EXP_DT=20260221
    [P_RMESG2] => 
    [P_NOTI] => 
    [P_AUTH_NO] => 
)

 Array
(
    [PageCall time] => 11:36:46
    [P_TID] => INIMX_VBNKCAEcatca0720260211113444435950
    [P_MID] => CAEcatca07
    [P_AUTH_DT] => 20260211113646
    [P_STATUS] => 02
    [P_TYPE] => VBANK
    [P_OID] => 260211-015
    [P_FN_CD1] => 11
    [P_FN_CD2] => 
    [P_FN_NM] => NH농협은행
    [P_AMT] => 3500
    [P_UNAME] => 최형순
    [P_RMESG1] => P_VACCT_NO=79013685383621|P_EXP_DT=20260221
    [P_RMESG2] => 
    [P_NOTI] => 
    [P_AUTH_NO] => 
)

 Array
(
    [PageCall time] => 12:04:58
    [P_TID] => INIMX_VBNKCAEcatca0720260211115938755494
    [P_MID] => CAEcatca07
    [P_AUTH_DT] => 20260211120458
    [P_STATUS] => 02
    [P_TYPE] => VBANK
    [P_OID] => 260211-016
    [P_FN_CD1] => 03
    [P_FN_CD2] => 
    [P_FN_NM] => 기업은행
    [P_AMT] => 3500
    [P_UNAME] => 김강훈
    [P_RMESG1] => P_VACCT_NO=07503146497403|P_EXP_DT=20260221
    [P_RMESG2] => 
    [P_NOTI] => 
    [P_AUTH_NO] => 
)

 Array
(
    [PageCall time] => 14:12:16
    [P_TID] => INIMX_VBNKCAEcatca0720260211140943265020
    [P_MID] => CAEcatca07
    [P_AUTH_DT] => 20260211141216
    [P_STATUS] => 02
    [P_TYPE] => VBANK
    [P_OID] => 260211-018
    [P_FN_CD1] => 11
    [P_FN_CD2] => 
    [P_FN_NM] => NH농협은행
    [P_AMT] => 3500
    [P_UNAME] => 김정희
    [P_RMESG1] => P_VACCT_NO=79013685404416|P_EXP_DT=20260221
    [P_RMESG2] => 
    [P_NOTI] => 
    [P_AUTH_NO] => 
)

 Array
(
    [PageCall time] => 14:21:04
    [P_TID] => INIMX_VBNKCAEcatca0720260211141736865573
    [P_MID] => CAEcatca07
    [P_AUTH_DT] => 20260211142104
    [P_STATUS] => 02
    [P_TYPE] => VBANK
    [P_OID] => 260211-021
    [P_FN_CD1] => 04
    [P_FN_CD2] => 
    [P_FN_NM] => KB국민은행
    [P_AMT] => 3500
    [P_UNAME] => 박종현
    [P_RMESG1] => P_VACCT_NO=70189014602990|P_EXP_DT=20260221
    [P_RMESG2] => 
    [P_NOTI] => 
    [P_AUTH_NO] => 
)

 Array
(
    [PageCall time] => 15:01:40
    [P_TID] => INIMX_VBNKCAEcatca0720260211145839695202
    [P_MID] => CAEcatca07
    [P_AUTH_DT] => 20260211150140
    [P_STATUS] => 02
    [P_TYPE] => VBANK
    [P_OID] => 260211-026
    [P_FN_CD1] => 04
    [P_FN_CD2] => 
    [P_FN_NM] => KB국민은행
    [P_AMT] => 3500
    [P_UNAME] => 송찬호
    [P_RMESG1] => P_VACCT_NO=70189014610618|P_EXP_DT=20260221
    [P_RMESG2] => 
    [P_NOTI] => 
    [P_AUTH_NO] => 
)

 Array
(
    [PageCall time] => 15:05:33
    [P_TID] => INIMX_VBNKCAEcatca0720260211150248585675
    [P_MID] => CAEcatca07
    [P_AUTH_DT] => 20260211150533
    [P_STATUS] => 02
    [P_TYPE] => VBANK
    [P_OID] => 260211-027
    [P_FN_CD1] => 11
    [P_FN_CD2] => 
    [P_FN_NM] => NH농협은행
    [P_AMT] => 3500
    [P_UNAME] => 김서윤
    [P_RMESG1] => P_VACCT_NO=79013685411331|P_EXP_DT=20260221
    [P_RMESG2] => 
    [P_NOTI] => 
    [P_AUTH_NO] => 
)

 Array
(
    [PageCall time] => 15:56:53
    [P_TID] => INIMX_VBNKCAEcatca0720260211155425535307
    [P_MID] => CAEcatca07
    [P_AUTH_DT] => 20260211155653
    [P_STATUS] => 02
    [P_TYPE] => VBANK
    [P_OID] => 260211-028
    [P_FN_CD1] => 04
    [P_FN_CD2] => 
    [P_FN_NM] => KB국민은행
    [P_AMT] => 3500
    [P_UNAME] => 한효정
    [P_RMESG1] => P_VACCT_NO=70189014619327|P_EXP_DT=20260221
    [P_RMESG2] => 
    [P_NOTI] => 
    [P_AUTH_NO] => 
)

 Array
(
    [PageCall time] => 18:51:06
    [P_TID] => INIMX_VBNKCAEcatca0720260211184402125171
    [P_MID] => CAEcatca07
    [P_AUTH_DT] => 20260211185106
    [P_STATUS] => 02
    [P_TYPE] => VBANK
    [P_OID] => 260211-031
    [P_FN_CD1] => 32
    [P_FN_CD2] => 
    [P_FN_NM] => 부산은행
    [P_AMT] => 3500
    [P_UNAME] => 김은아
    [P_RMESG1] => P_VACCT_NO=109924647932|P_EXP_DT=20260221
    [P_RMESG2] => 
    [P_NOTI] => 
    [P_AUTH_NO] => 
)

 Array
(
    [PageCall time] => 20:37:16
    [P_TID] => INIMX_VBNKCAEcatca0720260211203431735584
    [P_MID] => CAEcatca07
    [P_AUTH_DT] => 20260211203716
    [P_STATUS] => 02
    [P_TYPE] => VBANK
    [P_OID] => 260211-032
    [P_FN_CD1] => 89
    [P_FN_CD2] => 
    [P_FN_NM] => 케이뱅크
    [P_AMT] => 3500
    [P_UNAME] => 정수미
    [P_RMESG1] => P_VACCT_NO=70112003513097|P_EXP_DT=20260221
    [P_RMESG2] => 
    [P_NOTI] => 
    [P_AUTH_NO] => 
)

 Array
(
    [PageCall time] => 21:37:11
    [P_TID] => INIMX_VBNKCAEcatca0720260211213405495972
    [P_MID] => CAEcatca07
    [P_AUTH_DT] => 20260211213711
    [P_STATUS] => 02
    [P_TYPE] => VBANK
    [P_OID] => 260211-033
    [P_FN_CD1] => 03
    [P_FN_CD2] => 
    [P_FN_NM] => 기업은행
    [P_AMT] => 3500
    [P_UNAME] => 강도영
    [P_RMESG1] => P_VACCT_NO=07503151597209|P_EXP_DT=20260221
    [P_RMESG2] => 
    [P_NOTI] => 
    [P_AUTH_NO] => 
)

