 Array
(
    [PageCall time] => 02:45:13
    [P_TID] => INIMX_VBNKCAEcatca0720260417023729634311
    [P_MID] => CAEcatca07
    [P_AUTH_DT] => 20260417024513
    [P_STATUS] => 02
    [P_TYPE] => VBANK
    [P_OID] => 260417-001
    [P_FN_CD1] => 04
    [P_FN_CD2] => 
    [P_FN_NM] => KB국민은행
    [P_AMT] => 3500
    [P_UNAME] => 이민숙
    [P_RMESG1] => P_VACCT_NO=02539071886998|P_EXP_DT=20260427
    [P_RMESG2] => 
    [P_NOTI] => 
    [P_AUTH_NO] => 
)

 Array
(
    [PageCall time] => 09:24:40
    [P_TID] => INIMX_VBNKCAEcatca0720260417092205464394
    [P_MID] => CAEcatca07
    [P_AUTH_DT] => 20260417092440
    [P_STATUS] => 02
    [P_TYPE] => VBANK
    [P_OID] => 260413-036
    [P_FN_CD1] => 04
    [P_FN_CD2] => 
    [P_FN_NM] => KB국민은행
    [P_AMT] => 3500
    [P_UNAME] => 최정은
    [P_RMESG1] => P_VACCT_NO=02539071893099|P_EXP_DT=20260427
    [P_RMESG2] => 
    [P_NOTI] => 
    [P_AUTH_NO] => 
)

 Array
(
    [PageCall time] => 10:24:43
    [P_TID] => INIMX_VBNKCAEcatca0720260417102157784085
    [P_MID] => CAEcatca07
    [P_AUTH_DT] => 20260417102443
    [P_STATUS] => 02
    [P_TYPE] => VBANK
    [P_OID] => 260417-002
    [P_FN_CD1] => 04
    [P_FN_CD2] => 
    [P_FN_NM] => KB국민은행
    [P_AMT] => 3500
    [P_UNAME] => 장혜숙
    [P_RMESG1] => P_VACCT_NO=02539071897365|P_EXP_DT=20260427
    [P_RMESG2] => 
    [P_NOTI] => 
    [P_AUTH_NO] => 
)

 Array
(
    [PageCall time] => 10:37:16
    [P_TID] => INIMX_VBNKCAEcatca0720260417103442644323
    [P_MID] => CAEcatca07
    [P_AUTH_DT] => 20260417103716
    [P_STATUS] => 02
    [P_TYPE] => VBANK
    [P_OID] => 260417-005
    [P_FN_CD1] => 04
    [P_FN_CD2] => 
    [P_FN_NM] => KB국민은행
    [P_AMT] => 3500
    [P_UNAME] => 이혜원
    [P_RMESG1] => P_VACCT_NO=02539071898429|P_EXP_DT=20260427
    [P_RMESG2] => 
    [P_NOTI] => 
    [P_AUTH_NO] => 
)

 Array
(
    [PageCall time] => 10:41:58
    [P_TID] => INIMX_VBNKCAEcatca0720260417103847614990
    [P_MID] => CAEcatca07
    [P_AUTH_DT] => 20260417104158
    [P_STATUS] => 02
    [P_TYPE] => VBANK
    [P_OID] => 260417-007
    [P_FN_CD1] => 88
    [P_FN_CD2] => 
    [P_FN_NM] => 신한은행
    [P_AMT] => 3500
    [P_UNAME] => 조승일
    [P_RMESG1] => P_VACCT_NO=56211993216456|P_EXP_DT=20260427
    [P_RMESG2] => 
    [P_NOTI] => 
    [P_AUTH_NO] => 
)

 Array
(
    [PageCall time] => 10:58:10
    [P_TID] => INIMX_VBNKCAEcatca0720260417105710144874
    [P_MID] => CAEcatca07
    [P_AUTH_DT] => 20260417105810
    [P_STATUS] => 02
    [P_TYPE] => VBANK
    [P_OID] => 260417-009
    [P_FN_CD1] => 11
    [P_FN_CD2] => 
    [P_FN_NM] => NH농협은행
    [P_AMT] => 3500
    [P_UNAME] => 최영미
    [P_RMESG1] => P_VACCT_NO=79010581575018|P_EXP_DT=20260427
    [P_RMESG2] => 
    [P_NOTI] => 
    [P_AUTH_NO] => 
)

 Array
(
    [PageCall time] => 11:21:08
    [P_TID] => INIMX_VBNKCAEcatca0720260417111903264317
    [P_MID] => CAEcatca07
    [P_AUTH_DT] => 20260417112108
    [P_STATUS] => 02
    [P_TYPE] => VBANK
    [P_OID] => 260417-011
    [P_FN_CD1] => 11
    [P_FN_CD2] => 
    [P_FN_NM] => NH농협은행
    [P_AMT] => 3500
    [P_UNAME] => 김퇴윤
    [P_RMESG1] => P_VACCT_NO=79010581577635|P_EXP_DT=20260427
    [P_RMESG2] => 
    [P_NOTI] => 
    [P_AUTH_NO] => 
)

 Array
(
    [PageCall time] => 11:38:03
    [P_TID] => INIMX_VBNKCAEcatca0720260417113516614623
    [P_MID] => CAEcatca07
    [P_AUTH_DT] => 20260417113803
    [P_STATUS] => 02
    [P_TYPE] => VBANK
    [P_OID] => 260417-012
    [P_FN_CD1] => 20
    [P_FN_CD2] => 
    [P_FN_NM] => 우리은행
    [P_AMT] => 3500
    [P_UNAME] => 김요셉
    [P_RMESG1] => P_VACCT_NO=27385637218227|P_EXP_DT=20260427
    [P_RMESG2] => 
    [P_NOTI] => 
    [P_AUTH_NO] => 
)

 Array
(
    [PageCall time] => 11:43:16
    [P_TID] => INIMX_VBNKCAEcatca0720260417113937944169
    [P_MID] => CAEcatca07
    [P_AUTH_DT] => 20260417114316
    [P_STATUS] => 02
    [P_TYPE] => VBANK
    [P_OID] => 260417-013
    [P_FN_CD1] => 04
    [P_FN_CD2] => 
    [P_FN_NM] => KB국민은행
    [P_AMT] => 3500
    [P_UNAME] => 한승필
    [P_RMESG1] => P_VACCT_NO=02539071903132|P_EXP_DT=20260427
    [P_RMESG2] => 
    [P_NOTI] => 
    [P_AUTH_NO] => 
)

 Array
(
    [PageCall time] => 12:41:08
    [P_TID] => INIMX_VBNKCAEcatca0720260417123857324257
    [P_MID] => CAEcatca07
    [P_AUTH_DT] => 20260417124108
    [P_STATUS] => 02
    [P_TYPE] => VBANK
    [P_OID] => 260417-014
    [P_FN_CD1] => 11
    [P_FN_CD2] => 
    [P_FN_NM] => NH농협은행
    [P_AMT] => 3500
    [P_UNAME] => 안홍식
    [P_RMESG1] => P_VACCT_NO=79010581585164|P_EXP_DT=20260427
    [P_RMESG2] => 
    [P_NOTI] => 
    [P_AUTH_NO] => 
)

 Array
(
    [PageCall time] => 13:42:16
    [P_TID] => INIMX_VBNKCAEcatca0720260417133943654548
    [P_MID] => CAEcatca07
    [P_AUTH_DT] => 20260417134216
    [P_STATUS] => 02
    [P_TYPE] => VBANK
    [P_OID] => 260417-017
    [P_FN_CD1] => 88
    [P_FN_CD2] => 
    [P_FN_NM] => 신한은행
    [P_AMT] => 3500
    [P_UNAME] => 양희경
    [P_RMESG1] => P_VACCT_NO=56211993246857|P_EXP_DT=20260427
    [P_RMESG2] => 
    [P_NOTI] => 
    [P_AUTH_NO] => 
)

 Array
(
    [PageCall time] => 13:49:08
    [P_TID] => INIMX_VBNKCAEcatca0720260417134628284761
    [P_MID] => CAEcatca07
    [P_AUTH_DT] => 20260417134908
    [P_STATUS] => 02
    [P_TYPE] => VBANK
    [P_OID] => 260417-018
    [P_FN_CD1] => 04
    [P_FN_CD2] => 
    [P_FN_NM] => KB국민은행
    [P_AMT] => 3500
    [P_UNAME] => 전유진
    [P_RMESG1] => P_VACCT_NO=02539071913180|P_EXP_DT=20260427
    [P_RMESG2] => 
    [P_NOTI] => 
    [P_AUTH_NO] => 
)

 Array
(
    [PageCall time] => 13:58:45
    [P_TID] => INIMX_VBNKCAEcatca0720260417135544964197
    [P_MID] => CAEcatca07
    [P_AUTH_DT] => 20260417135845
    [P_STATUS] => 02
    [P_TYPE] => VBANK
    [P_OID] => 260417-019
    [P_FN_CD1] => 88
    [P_FN_CD2] => 
    [P_FN_NM] => 신한은행
    [P_AMT] => 3500
    [P_UNAME] => 정지영
    [P_RMESG1] => P_VACCT_NO=56211993249183|P_EXP_DT=20260427
    [P_RMESG2] => 
    [P_NOTI] => 
    [P_AUTH_NO] => 
)

 Array
(
    [PageCall time] => 14:03:56
    [P_TID] => INIMX_VBNKCAEcatca0720260417140035104188
    [P_MID] => CAEcatca07
    [P_AUTH_DT] => 20260417140356
    [P_STATUS] => 02
    [P_TYPE] => VBANK
    [P_OID] => 260417-020
    [P_FN_CD1] => 20
    [P_FN_CD2] => 
    [P_FN_NM] => 우리은행
    [P_AMT] => 3500
    [P_UNAME] => 이정경
    [P_RMESG1] => P_VACCT_NO=27385645118768|P_EXP_DT=20260427
    [P_RMESG2] => 
    [P_NOTI] => 
    [P_AUTH_NO] => 
)

 Array
(
    [PageCall time] => 14:08:07
    [P_TID] => INIMX_VBNKCAEcatca0720260417140425184232
    [P_MID] => CAEcatca07
    [P_AUTH_DT] => 20260417140807
    [P_STATUS] => 02
    [P_TYPE] => VBANK
    [P_OID] => 260417-021
    [P_FN_CD1] => 04
    [P_FN_CD2] => 
    [P_FN_NM] => KB국민은행
    [P_AMT] => 3500
    [P_UNAME] => 백선옥
    [P_RMESG1] => P_VACCT_NO=02539071914541|P_EXP_DT=20260427
    [P_RMESG2] => 
    [P_NOTI] => 
    [P_AUTH_NO] => 
)

 Array
(
    [PageCall time] => 14:15:17
    [P_TID] => INIMX_VBNKCAEcatca0720260417141119634770
    [P_MID] => CAEcatca07
    [P_AUTH_DT] => 20260417141517
    [P_STATUS] => 02
    [P_TYPE] => VBANK
    [P_OID] => 260417-022
    [P_FN_CD1] => 04
    [P_FN_CD2] => 
    [P_FN_NM] => KB국민은행
    [P_AMT] => 3500
    [P_UNAME] => 김정미
    [P_RMESG1] => P_VACCT_NO=02539071915171|P_EXP_DT=20260427
    [P_RMESG2] => 
    [P_NOTI] => 
    [P_AUTH_NO] => 
)

 Array
(
    [PageCall time] => 14:36:16
    [P_TID] => INIMX_VBNKCAEcatca0720260417143321494788
    [P_MID] => CAEcatca07
    [P_AUTH_DT] => 20260417143616
    [P_STATUS] => 02
    [P_TYPE] => VBANK
    [P_OID] => 260417-024
    [P_FN_CD1] => 88
    [P_FN_CD2] => 
    [P_FN_NM] => 신한은행
    [P_AMT] => 3500
    [P_UNAME] => 장서빈
    [P_RMESG1] => P_VACCT_NO=56211993255972|P_EXP_DT=20260427
    [P_RMESG2] => 
    [P_NOTI] => 
    [P_AUTH_NO] => 
)

 Array
(
    [PageCall time] => 14:49:04
    [P_TID] => INIMX_VBNKCAEcatca0720260417144617454546
    [P_MID] => CAEcatca07
    [P_AUTH_DT] => 20260417144904
    [P_STATUS] => 02
    [P_TYPE] => VBANK
    [P_OID] => 260416-001
    [P_FN_CD1] => 89
    [P_FN_CD2] => 
    [P_FN_NM] => 케이뱅크
    [P_AMT] => 3500
    [P_UNAME] => 최현실
    [P_RMESG1] => P_VACCT_NO=70112000192762|P_EXP_DT=20260427
    [P_RMESG2] => 
    [P_NOTI] => 
    [P_AUTH_NO] => 
)

 Array
(
    [PageCall time] => 14:59:19
    [P_TID] => INIMX_VBNKCAEcatca0720260417145639324126
    [P_MID] => CAEcatca07
    [P_AUTH_DT] => 20260417145919
    [P_STATUS] => 02
    [P_TYPE] => VBANK
    [P_OID] => 260417-026
    [P_FN_CD1] => 04
    [P_FN_CD2] => 
    [P_FN_NM] => KB국민은행
    [P_AMT] => 3500
    [P_UNAME] => 강동완
    [P_RMESG1] => P_VACCT_NO=02539071918664|P_EXP_DT=20260427
    [P_RMESG2] => 
    [P_NOTI] => 
    [P_AUTH_NO] => 
)

 Array
(
    [PageCall time] => 15:13:09
    [P_TID] => INIMX_VBNKCAEcatca0720260417150951744176
    [P_MID] => CAEcatca07
    [P_AUTH_DT] => 20260417151309
    [P_STATUS] => 02
    [P_TYPE] => VBANK
    [P_OID] => 260415-003
    [P_FN_CD1] => 04
    [P_FN_CD2] => 
    [P_FN_NM] => KB국민은행
    [P_AMT] => 3500
    [P_UNAME] => 이정섭
    [P_RMESG1] => P_VACCT_NO=02539071919591|P_EXP_DT=20260427
    [P_RMESG2] => 
    [P_NOTI] => 
    [P_AUTH_NO] => 
)

 Array
(
    [PageCall time] => 16:01:44
    [P_TID] => INIMX_VBNKCAEcatca0720260417155915854421
    [P_MID] => CAEcatca07
    [P_AUTH_DT] => 20260417160144
    [P_STATUS] => 02
    [P_TYPE] => VBANK
    [P_OID] => 260414-031
    [P_FN_CD1] => 88
    [P_FN_CD2] => 
    [P_FN_NM] => 신한은행
    [P_AMT] => 3500
    [P_UNAME] => 마정욱
    [P_RMESG1] => P_VACCT_NO=56211993265360|P_EXP_DT=20260427
    [P_RMESG2] => 
    [P_NOTI] => 
    [P_AUTH_NO] => 
)

 Array
(
    [PageCall time] => 16:04:21
    [P_TID] => INIMX_VBNKCAEcatca0720260417160148434819
    [P_MID] => CAEcatca07
    [P_AUTH_DT] => 20260417160421
    [P_STATUS] => 02
    [P_TYPE] => VBANK
    [P_OID] => 260417-029
    [P_FN_CD1] => 04
    [P_FN_CD2] => 
    [P_FN_NM] => KB국민은행
    [P_AMT] => 3500
    [P_UNAME] => 이하은
    [P_RMESG1] => P_VACCT_NO=02539071924247|P_EXP_DT=20260427
    [P_RMESG2] => 
    [P_NOTI] => 
    [P_AUTH_NO] => 
)

 Array
(
    [PageCall time] => 16:13:44
    [P_TID] => INIMX_VBNKCAEcatca0720260417161037834508
    [P_MID] => CAEcatca07
    [P_AUTH_DT] => 20260417161344
    [P_STATUS] => 02
    [P_TYPE] => VBANK
    [P_OID] => 260417-030
    [P_FN_CD1] => 31
    [P_FN_CD2] => 
    [P_FN_NM] => 아이엠뱅크(대구은행)
    [P_AMT] => 3500
    [P_UNAME] => 오정민
    [P_RMESG1] => P_VACCT_NO=9600348161961|P_EXP_DT=20260427
    [P_RMESG2] => 
    [P_NOTI] => 
    [P_AUTH_NO] => 
)

 Array
(
    [PageCall time] => 16:31:31
    [P_TID] => INIMX_VBNKCAEcatca0720260417162750574587
    [P_MID] => CAEcatca07
    [P_AUTH_DT] => 20260417163131
    [P_STATUS] => 02
    [P_TYPE] => VBANK
    [P_OID] => 260417-028
    [P_FN_CD1] => 32
    [P_FN_CD2] => 
    [P_FN_NM] => 부산은행
    [P_AMT] => 3500
    [P_UNAME] => 이상민
    [P_RMESG1] => P_VACCT_NO=109921397967|P_EXP_DT=20260427
    [P_RMESG2] => 
    [P_NOTI] => 
    [P_AUTH_NO] => 
)

 Array
(
    [PageCall time] => 16:50:54
    [P_TID] => INIMX_VBNKCAEcatca0720260417164920484344
    [P_MID] => CAEcatca07
    [P_AUTH_DT] => 20260417165054
    [P_STATUS] => 02
    [P_TYPE] => VBANK
    [P_OID] => 260417-032
    [P_FN_CD1] => 11
    [P_FN_CD2] => 
    [P_FN_NM] => NH농협은행
    [P_AMT] => 3500
    [P_UNAME] => 최재환
    [P_RMESG1] => P_VACCT_NO=79010581619230|P_EXP_DT=20260427
    [P_RMESG2] => 
    [P_NOTI] => 
    [P_AUTH_NO] => 
)

 Array
(
    [PageCall time] => 17:20:28
    [P_TID] => INIMX_VBNKCAEcatca0720260417171630784393
    [P_MID] => CAEcatca07
    [P_AUTH_DT] => 20260417172028
    [P_STATUS] => 02
    [P_TYPE] => VBANK
    [P_OID] => 260417-031
    [P_FN_CD1] => 88
    [P_FN_CD2] => 
    [P_FN_NM] => 신한은행
    [P_AMT] => 3500
    [P_UNAME] => 박명숙
    [P_RMESG1] => P_VACCT_NO=56211993293630|P_EXP_DT=20260427
    [P_RMESG2] => 
    [P_NOTI] => 
    [P_AUTH_NO] => 
)

 Array
(
    [PageCall time] => 17:29:52
    [P_TID] => INIMX_VBNKCAEcatca0720260417172648124582
    [P_MID] => CAEcatca07
    [P_AUTH_DT] => 20260417172952
    [P_STATUS] => 02
    [P_TYPE] => VBANK
    [P_OID] => 260417-033
    [P_FN_CD1] => 04
    [P_FN_CD2] => 
    [P_FN_NM] => KB국민은행
    [P_AMT] => 3500
    [P_UNAME] => 김인선
    [P_RMESG1] => P_VACCT_NO=02539071937861|P_EXP_DT=20260427
    [P_RMESG2] => 
    [P_NOTI] => 
    [P_AUTH_NO] => 
)

