 Array
(
    [PageCall time] => 09:08:28
    [P_TID] => INIMX_VBNKCAEcatca0720251212131955875403
    [P_MID] => CAEcatca07
    [P_AUTH_DT] => 20251215090828
    [P_STATUS] => 02
    [P_TYPE] => VBANK
    [P_OID] => 251212-007
    [P_FN_CD1] => 04
    [P_FN_CD2] => 
    [P_FN_NM] => KB국민은행
    [P_AMT] => 3000
    [P_UNAME] => 안선후
    [P_RMESG1] => P_VACCT_NO=52499014268856|P_EXP_DT=20251222
    [P_RMESG2] => 
    [P_NOTI] => 
    [P_AUTH_NO] => 
)

 Array
(
    [PageCall time] => 09:19:13
    [P_TID] => INIMX_VBNKCAEcatca0720251215091723555892
    [P_MID] => CAEcatca07
    [P_AUTH_DT] => 20251215091913
    [P_STATUS] => 02
    [P_TYPE] => VBANK
    [P_OID] => 251215-002
    [P_FN_CD1] => 11
    [P_FN_CD2] => 
    [P_FN_NM] => NH농협은행
    [P_AMT] => 3000
    [P_UNAME] => 김선희
    [P_RMESG1] => P_VACCT_NO=01445064835971|P_EXP_DT=20251225
    [P_RMESG2] => 
    [P_NOTI] => 
    [P_AUTH_NO] => 
)

 Array
(
    [PageCall time] => 09:36:02
    [P_TID] => INIMX_VBNKCAEcatca0720251215093303755452
    [P_MID] => CAEcatca07
    [P_AUTH_DT] => 20251215093602
    [P_STATUS] => 02
    [P_TYPE] => VBANK
    [P_OID] => 251215-003
    [P_FN_CD1] => 04
    [P_FN_CD2] => 
    [P_FN_NM] => KB국민은행
    [P_AMT] => 3000
    [P_UNAME] => 김서윤
    [P_RMESG1] => P_VACCT_NO=51009079090725|P_EXP_DT=20251225
    [P_RMESG2] => 
    [P_NOTI] => 
    [P_AUTH_NO] => 
)

 Array
(
    [PageCall time] => 10:15:00
    [P_TID] => INIMX_VBNKCAEcatca0720251215095941234484
    [P_MID] => CAEcatca07
    [P_AUTH_DT] => 20251215101500
    [P_STATUS] => 02
    [P_TYPE] => VBANK
    [P_OID] => 251215-004
    [P_FN_CD1] => 11
    [P_FN_CD2] => 
    [P_FN_NM] => NH농협은행
    [P_AMT] => 3000
    [P_UNAME] => 이유경
    [P_RMESG1] => P_VACCT_NO=79006422170553|P_EXP_DT=20251225
    [P_RMESG2] => 
    [P_NOTI] => 
    [P_AUTH_NO] => 
)

 Array
(
    [PageCall time] => 10:24:45
    [P_TID] => INIMX_VBNKCAEcatca0720251215102150414767
    [P_MID] => CAEcatca07
    [P_AUTH_DT] => 20251215102445
    [P_STATUS] => 02
    [P_TYPE] => VBANK
    [P_OID] => 251215-005
    [P_FN_CD1] => 04
    [P_FN_CD2] => 
    [P_FN_NM] => KB국민은행
    [P_AMT] => 3000
    [P_UNAME] => 김한결
    [P_RMESG1] => P_VACCT_NO=99289014569181|P_EXP_DT=20251225
    [P_RMESG2] => 
    [P_NOTI] => 
    [P_AUTH_NO] => 
)

 Array
(
    [PageCall time] => 10:55:48
    [P_TID] => INIMX_VBNKCAEcatca0720251215105300155600
    [P_MID] => CAEcatca07
    [P_AUTH_DT] => 20251215105547
    [P_STATUS] => 02
    [P_TYPE] => VBANK
    [P_OID] => 251215-008
    [P_FN_CD1] => 04
    [P_FN_CD2] => 
    [P_FN_NM] => KB국민은행
    [P_AMT] => 3000
    [P_UNAME] => 황미영
    [P_RMESG1] => P_VACCT_NO=51269079027675|P_EXP_DT=20251225
    [P_RMESG2] => 
    [P_NOTI] => 
    [P_AUTH_NO] => 
)

 Array
(
    [PageCall time] => 10:56:51
    [P_TID] => INIMX_VBNKCAEcatca0720251215105552405477
    [P_MID] => CAEcatca07
    [P_AUTH_DT] => 20251215105651
    [P_STATUS] => 02
    [P_TYPE] => VBANK
    [P_OID] => 251215-007
    [P_FN_CD1] => 11
    [P_FN_CD2] => 
    [P_FN_NM] => NH농협은행
    [P_AMT] => 3000
    [P_UNAME] => 이은화
    [P_RMESG1] => P_VACCT_NO=01445064915760|P_EXP_DT=20251225
    [P_RMESG2] => 
    [P_NOTI] => 
    [P_AUTH_NO] => 
)

 Array
(
    [PageCall time] => 11:11:00
    [P_TID] => INIMX_VBNKCAEcatca0720251215110821225045
    [P_MID] => CAEcatca07
    [P_AUTH_DT] => 20251215111100
    [P_STATUS] => 02
    [P_TYPE] => VBANK
    [P_OID] => 251215-011
    [P_FN_CD1] => 04
    [P_FN_CD2] => 
    [P_FN_NM] => KB국민은행
    [P_AMT] => 3000
    [P_UNAME] => 김혜정
    [P_RMESG1] => P_VACCT_NO=51269079090552|P_EXP_DT=20251225
    [P_RMESG2] => 
    [P_NOTI] => 
    [P_AUTH_NO] => 
)

 Array
(
    [PageCall time] => 11:25:31
    [P_TID] => INIMX_VBNKCAEcatca0720251215112124145914
    [P_MID] => CAEcatca07
    [P_AUTH_DT] => 20251215112530
    [P_STATUS] => 02
    [P_TYPE] => VBANK
    [P_OID] => 251215-012
    [P_FN_CD1] => 88
    [P_FN_CD2] => 
    [P_FN_NM] => 신한은행
    [P_AMT] => 3000
    [P_UNAME] => 박성희
    [P_RMESG1] => P_VACCT_NO=56211992705067|P_EXP_DT=20251225
    [P_RMESG2] => 
    [P_NOTI] => 
    [P_AUTH_NO] => 
)

 Array
(
    [PageCall time] => 11:26:04
    [P_TID] => INIMX_VBNKCAEcatca0720251215112324415349
    [P_MID] => CAEcatca07
    [P_AUTH_DT] => 20251215112604
    [P_STATUS] => 02
    [P_TYPE] => VBANK
    [P_OID] => 251215-015
    [P_FN_CD1] => 03
    [P_FN_CD2] => 
    [P_FN_NM] => 기업은행
    [P_AMT] => 3000
    [P_UNAME] => 조영대
    [P_RMESG1] => P_VACCT_NO=07503180497591|P_EXP_DT=20251225
    [P_RMESG2] => 
    [P_NOTI] => 
    [P_AUTH_NO] => 
)

 Array
(
    [PageCall time] => 11:44:59
    [P_TID] => INIMX_VBNKCAEcatca0720251215114141165356
    [P_MID] => CAEcatca07
    [P_AUTH_DT] => 20251215114459
    [P_STATUS] => 02
    [P_TYPE] => VBANK
    [P_OID] => 251215-010
    [P_FN_CD1] => 04
    [P_FN_CD2] => 
    [P_FN_NM] => KB국민은행
    [P_AMT] => 3000
    [P_UNAME] => 나상정
    [P_RMESG1] => P_VACCT_NO=51269079251766|P_EXP_DT=20251225
    [P_RMESG2] => 
    [P_NOTI] => 
    [P_AUTH_NO] => 
)

 Array
(
    [PageCall time] => 13:22:28
    [P_TID] => INIMX_VBNKCAEcatca0720251215131850405270
    [P_MID] => CAEcatca07
    [P_AUTH_DT] => 20251215132228
    [P_STATUS] => 02
    [P_TYPE] => VBANK
    [P_OID] => 251215-017
    [P_FN_CD1] => 04
    [P_FN_CD2] => 
    [P_FN_NM] => KB국민은행
    [P_AMT] => 3000
    [P_UNAME] => 김성기
    [P_RMESG1] => P_VACCT_NO=53049079287305|P_EXP_DT=20251225
    [P_RMESG2] => 
    [P_NOTI] => 
    [P_AUTH_NO] => 
)

 Array
(
    [PageCall time] => 14:24:47
    [P_TID] => INIMX_VBNKCAEcatca0720251215142150425768
    [P_MID] => CAEcatca07
    [P_AUTH_DT] => 20251215142447
    [P_STATUS] => 02
    [P_TYPE] => VBANK
    [P_OID] => 251215-022
    [P_FN_CD1] => 03
    [P_FN_CD2] => 
    [P_FN_NM] => 기업은행
    [P_AMT] => 3000
    [P_UNAME] => 김수희
    [P_RMESG1] => P_VACCT_NO=07503182097717|P_EXP_DT=20251225
    [P_RMESG2] => 
    [P_NOTI] => 
    [P_AUTH_NO] => 
)

 Array
(
    [PageCall time] => 14:35:29
    [P_TID] => INIMX_VBNKCAEcatca0720251215143348565841
    [P_MID] => CAEcatca07
    [P_AUTH_DT] => 20251215143529
    [P_STATUS] => 02
    [P_TYPE] => VBANK
    [P_OID] => 251215-023
    [P_FN_CD1] => 71
    [P_FN_CD2] => 
    [P_FN_NM] => 우체국
    [P_AMT] => 3000
    [P_UNAME] => 허은희
    [P_RMESG1] => P_VACCT_NO=01397981183711|P_EXP_DT=20251225
    [P_RMESG2] => 
    [P_NOTI] => 
    [P_AUTH_NO] => 
)

 Array
(
    [PageCall time] => 14:41:57
    [P_TID] => INIMX_VBNKCAEcatca0720251215143921805527
    [P_MID] => CAEcatca07
    [P_AUTH_DT] => 20251215144157
    [P_STATUS] => 02
    [P_TYPE] => VBANK
    [P_OID] => 251215-024
    [P_FN_CD1] => 88
    [P_FN_CD2] => 
    [P_FN_NM] => 신한은행
    [P_AMT] => 3000
    [P_UNAME] => 고동호
    [P_RMESG1] => P_VACCT_NO=56211990980548|P_EXP_DT=20251225
    [P_RMESG2] => 
    [P_NOTI] => 
    [P_AUTH_NO] => 
)

 Array
(
    [PageCall time] => 15:00:50
    [P_TID] => INIMX_VBNKCAEcatca0720251215145808285824
    [P_MID] => CAEcatca07
    [P_AUTH_DT] => 20251215150050
    [P_STATUS] => 02
    [P_TYPE] => VBANK
    [P_OID] => 251215-025
    [P_FN_CD1] => 20
    [P_FN_CD2] => 
    [P_FN_NM] => 우리은행
    [P_AMT] => 3000
    [P_UNAME] => 김진희
    [P_RMESG1] => P_VACCT_NO=27389049818318|P_EXP_DT=20251225
    [P_RMESG2] => 
    [P_NOTI] => 
    [P_AUTH_NO] => 
)

 Array
(
    [PageCall time] => 15:05:27
    [P_TID] => INIMX_VBNKCAEcatca0720251215150110235403
    [P_MID] => CAEcatca07
    [P_AUTH_DT] => 20251215150527
    [P_STATUS] => 02
    [P_TYPE] => VBANK
    [P_OID] => 251215-026
    [P_FN_CD1] => 04
    [P_FN_CD2] => 
    [P_FN_NM] => KB국민은행
    [P_AMT] => 3000
    [P_UNAME] => 윤지열
    [P_RMESG1] => P_VACCT_NO=52499014557390|P_EXP_DT=20251225
    [P_RMESG2] => 
    [P_NOTI] => 
    [P_AUTH_NO] => 
)

 Array
(
    [PageCall time] => 15:09:09
    [P_TID] => INIMX_VBNKCAEcatca0720251215150624845997
    [P_MID] => CAEcatca07
    [P_AUTH_DT] => 20251215150908
    [P_STATUS] => 02
    [P_TYPE] => VBANK
    [P_OID] => 251215-027
    [P_FN_CD1] => 88
    [P_FN_CD2] => 
    [P_FN_NM] => 신한은행
    [P_AMT] => 3000
    [P_UNAME] => 김성환
    [P_RMESG1] => P_VACCT_NO=56211990985429|P_EXP_DT=20251225
    [P_RMESG2] => 
    [P_NOTI] => 
    [P_AUTH_NO] => 
)

 Array
(
    [PageCall time] => 15:25:15
    [P_TID] => INIMX_VBNKCAEcatca0720251215152233855008
    [P_MID] => CAEcatca07
    [P_AUTH_DT] => 20251215152515
    [P_STATUS] => 02
    [P_TYPE] => VBANK
    [P_OID] => 251215-029
    [P_FN_CD1] => 88
    [P_FN_CD2] => 
    [P_FN_NM] => 신한은행
    [P_AMT] => 3000
    [P_UNAME] => 박문화
    [P_RMESG1] => P_VACCT_NO=56211990987458|P_EXP_DT=20251225
    [P_RMESG2] => 
    [P_NOTI] => 
    [P_AUTH_NO] => 
)

 Array
(
    [PageCall time] => 16:25:39
    [P_TID] => INIMX_VBNKCAEcatca0720251215162250775121
    [P_MID] => CAEcatca07
    [P_AUTH_DT] => 20251215162539
    [P_STATUS] => 02
    [P_TYPE] => VBANK
    [P_OID] => 251215-019
    [P_FN_CD1] => 03
    [P_FN_CD2] => 
    [P_FN_NM] => 기업은행
    [P_AMT] => 3000
    [P_UNAME] => 명범수
    [P_RMESG1] => P_VACCT_NO=07503184597330|P_EXP_DT=20251225
    [P_RMESG2] => 
    [P_NOTI] => 
    [P_AUTH_NO] => 
)

 Array
(
    [PageCall time] => 16:41:22
    [P_TID] => INIMX_VBNKCAEcatca0720251215163829285093
    [P_MID] => CAEcatca07
    [P_AUTH_DT] => 20251215164122
    [P_STATUS] => 02
    [P_TYPE] => VBANK
    [P_OID] => 251212-014
    [P_FN_CD1] => 04
    [P_FN_CD2] => 
    [P_FN_NM] => KB국민은행
    [P_AMT] => 3000
    [P_UNAME] => 장용규
    [P_RMESG1] => P_VACCT_NO=52499014587571|P_EXP_DT=20251225
    [P_RMESG2] => 
    [P_NOTI] => 
    [P_AUTH_NO] => 
)

 Array
(
    [PageCall time] => 17:26:54
    [P_TID] => INIMX_VBNKCAEcatca0720251215172303415520
    [P_MID] => CAEcatca07
    [P_AUTH_DT] => 20251215172654
    [P_STATUS] => 02
    [P_TYPE] => VBANK
    [P_OID] => 251215-032
    [P_FN_CD1] => 20
    [P_FN_CD2] => 
    [P_FN_NM] => 우리은행
    [P_AMT] => 3000
    [P_UNAME] => 지혜어린이집
    [P_RMESG1] => P_VACCT_NO=27389061918408|P_EXP_DT=20251225
    [P_RMESG2] => 
    [P_NOTI] => 
    [P_AUTH_NO] => 
)

 Array
(
    [PageCall time] => 17:36:59
    [P_TID] => INIMX_VBNKCAEcatca0720251215173402715546
    [P_MID] => CAEcatca07
    [P_AUTH_DT] => 20251215173659
    [P_STATUS] => 02
    [P_TYPE] => VBANK
    [P_OID] => 251215-033
    [P_FN_CD1] => 03
    [P_FN_CD2] => 
    [P_FN_NM] => 기업은행
    [P_AMT] => 3000
    [P_UNAME] => 강주희
    [P_RMESG1] => P_VACCT_NO=07503185397883|P_EXP_DT=20251225
    [P_RMESG2] => 
    [P_NOTI] => 
    [P_AUTH_NO] => 
)

 Array
(
    [PageCall time] => 17:47:30
    [P_TID] => INIMX_VBNKCAEcatca0720251215174427695385
    [P_MID] => CAEcatca07
    [P_AUTH_DT] => 20251215174730
    [P_STATUS] => 02
    [P_TYPE] => VBANK
    [P_OID] => 251215-034
    [P_FN_CD1] => 81
    [P_FN_CD2] => 
    [P_FN_NM] => 하나은행
    [P_AMT] => 3000
    [P_UNAME] => 송지은
    [P_RMESG1] => P_VACCT_NO=20894341853337|P_EXP_DT=20251225
    [P_RMESG2] => 
    [P_NOTI] => 
    [P_AUTH_NO] => 
)

 Array
(
    [PageCall time] => 18:05:15
    [P_TID] => INIMX_VBNKCAEcatca0720251215180247205659
    [P_MID] => CAEcatca07
    [P_AUTH_DT] => 20251215180515
    [P_STATUS] => 02
    [P_TYPE] => VBANK
    [P_OID] => 251211-010
    [P_FN_CD1] => 04
    [P_FN_CD2] => 
    [P_FN_NM] => KB국민은행
    [P_AMT] => 3000
    [P_UNAME] => 국미정
    [P_RMESG1] => P_VACCT_NO=52499014604067|P_EXP_DT=20251225
    [P_RMESG2] => 
    [P_NOTI] => 
    [P_AUTH_NO] => 
)

 Array
(
    [PageCall time] => 18:28:10
    [P_TID] => INIMX_VBNKCAEcatca0720251215182508215395
    [P_MID] => CAEcatca07
    [P_AUTH_DT] => 20251215182810
    [P_STATUS] => 02
    [P_TYPE] => VBANK
    [P_OID] => 251215-035
    [P_FN_CD1] => 88
    [P_FN_CD2] => 
    [P_FN_NM] => 신한은행
    [P_AMT] => 3000
    [P_UNAME] => 조붕규
    [P_RMESG1] => P_VACCT_NO=56211991005076|P_EXP_DT=20251225
    [P_RMESG2] => 
    [P_NOTI] => 
    [P_AUTH_NO] => 
)

 Array
(
    [PageCall time] => 19:08:29
    [P_TID] => INIMX_VBNKCAEcatca0720251215190507145310
    [P_MID] => CAEcatca07
    [P_AUTH_DT] => 20251215190829
    [P_STATUS] => 02
    [P_TYPE] => VBANK
    [P_OID] => 251215-036
    [P_FN_CD1] => 04
    [P_FN_CD2] => 
    [P_FN_NM] => KB국민은행
    [P_AMT] => 3000
    [P_UNAME] => 전규인
    [P_RMESG1] => P_VACCT_NO=52499014612941|P_EXP_DT=20251225
    [P_RMESG2] => 
    [P_NOTI] => 
    [P_AUTH_NO] => 
)

 Array
(
    [PageCall time] => 22:04:35
    [P_TID] => INIMX_VBNKCAEcatca0720251215220150595672
    [P_MID] => CAEcatca07
    [P_AUTH_DT] => 20251215220435
    [P_STATUS] => 02
    [P_TYPE] => VBANK
    [P_OID] => 251215-040
    [P_FN_CD1] => 81
    [P_FN_CD2] => 
    [P_FN_NM] => 하나은행
    [P_AMT] => 3000
    [P_UNAME] => 송가현
    [P_RMESG1] => P_VACCT_NO=20894344210737|P_EXP_DT=20251225
    [P_RMESG2] => 
    [P_NOTI] => 
    [P_AUTH_NO] => 
)

 Array
(
    [PageCall time] => 22:06:35
    [P_TID] => INIMX_VBNKCAEcatca0720251215220312175224
    [P_MID] => CAEcatca07
    [P_AUTH_DT] => 20251215220635
    [P_STATUS] => 02
    [P_TYPE] => VBANK
    [P_OID] => 251215-041
    [P_FN_CD1] => 03
    [P_FN_CD2] => 
    [P_FN_NM] => 기업은행
    [P_AMT] => 3000
    [P_UNAME] => 김근한
    [P_RMESG1] => P_VACCT_NO=07503187097105|P_EXP_DT=20251225
    [P_RMESG2] => 
    [P_NOTI] => 
    [P_AUTH_NO] => 
)

 Array
(
    [PageCall time] => 22:57:37
    [P_TID] => INIMX_VBNKCAEcatca0720251215225237675971
    [P_MID] => CAEcatca07
    [P_AUTH_DT] => 20251215225737
    [P_STATUS] => 02
    [P_TYPE] => VBANK
    [P_OID] => 251215-001
    [P_FN_CD1] => 31
    [P_FN_CD2] => 
    [P_FN_NM] => 아이엠뱅크(대구은행)
    [P_AMT] => 3000
    [P_UNAME] => 노지민
    [P_RMESG1] => P_VACCT_NO=9600362523413|P_EXP_DT=20251225
    [P_RMESG2] => 
    [P_NOTI] => 
    [P_AUTH_NO] => 
)

 Array
(
    [PageCall time] => 23:01:48
    [P_TID] => INIMX_VBNKCAEcatca0720251215230110415899
    [P_MID] => CAEcatca07
    [P_AUTH_DT] => 20251215230148
    [P_STATUS] => 02
    [P_TYPE] => VBANK
    [P_OID] => 251215-044
    [P_FN_CD1] => 11
    [P_FN_CD2] => 
    [P_FN_NM] => NH농협은행
    [P_AMT] => 3000
    [P_UNAME] => 박인서
    [P_RMESG1] => P_VACCT_NO=01445164884755|P_EXP_DT=20251225
    [P_RMESG2] => 
    [P_NOTI] => 
    [P_AUTH_NO] => 
)

