 Array
(
    [PageCall time] => 07:29:00
    [P_TID] => INIMX_VBNKCAEcatca0720250620072632335781
    [P_MID] => CAEcatca07
    [P_AUTH_DT] => 20250620072900
    [P_STATUS] => 02
    [P_TYPE] => VBANK
    [P_OID] => 250619-030
    [P_FN_CD1] => 03
    [P_FN_CD2] => 
    [P_FN_NM] => 기업은행
    [P_AMT] => 3000
    [P_UNAME] => 정우석
    [P_RMESG1] => P_VACCT_NO=07502362197025|P_EXP_DT=20250630
    [P_RMESG2] => 
    [P_NOTI] => 
    [P_AUTH_NO] => 
)

 Array
(
    [PageCall time] => 07:40:46
    [P_TID] => INIMX_VBNKCAEcatca0720250620063758715066
    [P_MID] => CAEcatca07
    [P_AUTH_DT] => 20250620074045
    [P_STATUS] => 02
    [P_TYPE] => VBANK
    [P_OID] => 250619-029
    [P_FN_CD1] => 31
    [P_FN_CD2] => 
    [P_FN_NM] => 아이엠뱅크(대구은행)
    [P_AMT] => 3000
    [P_UNAME] => 박희흔
    [P_RMESG1] => P_VACCT_NO=9600363065312|P_EXP_DT=20250630
    [P_RMESG2] => 
    [P_NOTI] => 
    [P_AUTH_NO] => 
)

 Array
(
    [PageCall time] => 09:02:23
    [P_TID] => INIMX_VBNKCAEcatca0720250620085951945066
    [P_MID] => CAEcatca07
    [P_AUTH_DT] => 20250620090223
    [P_STATUS] => 02
    [P_TYPE] => VBANK
    [P_OID] => 250620-001
    [P_FN_CD1] => 20
    [P_FN_CD2] => 
    [P_FN_NM] => 우리은행
    [P_AMT] => 3000
    [P_UNAME] => 문예니
    [P_RMESG1] => P_VACCT_NO=27760882718493|P_EXP_DT=20250630
    [P_RMESG2] => 
    [P_NOTI] => 
    [P_AUTH_NO] => 
)

 Array
(
    [PageCall time] => 09:17:16
    [P_TID] => INIMX_VBNKCAEcatca0720250620091417255839
    [P_MID] => CAEcatca07
    [P_AUTH_DT] => 20250620091716
    [P_STATUS] => 02
    [P_TYPE] => VBANK
    [P_OID] => 250618-001
    [P_FN_CD1] => 81
    [P_FN_CD2] => 
    [P_FN_NM] => 하나은행
    [P_AMT] => 3000
    [P_UNAME] => 박은하
    [P_RMESG1] => P_VACCT_NO=20894137405337|P_EXP_DT=20250630
    [P_RMESG2] => 
    [P_NOTI] => 
    [P_AUTH_NO] => 
)

 Array
(
    [PageCall time] => 10:15:04
    [P_TID] => INIMX_VBNKCAEcatca0720250620101418795417
    [P_MID] => CAEcatca07
    [P_AUTH_DT] => 20250620101504
    [P_STATUS] => 02
    [P_TYPE] => VBANK
    [P_OID] => 250620-006
    [P_FN_CD1] => 32
    [P_FN_CD2] => 
    [P_FN_NM] => 부산은행
    [P_AMT] => 3000
    [P_UNAME] => 남유리
    [P_RMESG1] => P_VACCT_NO=109924752062|P_EXP_DT=20250630
    [P_RMESG2] => 
    [P_NOTI] => 
    [P_AUTH_NO] => 
)

 Array
(
    [PageCall time] => 10:17:10
    [P_TID] => INIMX_VBNKCAEcatca0720250620101419175879
    [P_MID] => CAEcatca07
    [P_AUTH_DT] => 20250620101710
    [P_STATUS] => 02
    [P_TYPE] => VBANK
    [P_OID] => 250620-005
    [P_FN_CD1] => 88
    [P_FN_CD2] => 
    [P_FN_NM] => 신한은행
    [P_AMT] => 3000
    [P_UNAME] => 신영주
    [P_RMESG1] => P_VACCT_NO=56211991890769|P_EXP_DT=20250630
    [P_RMESG2] => 
    [P_NOTI] => 
    [P_AUTH_NO] => 
)

 Array
(
    [PageCall time] => 10:23:15
    [P_TID] => INIMX_VBNKCAEcatca0720250620102238665767
    [P_MID] => CAEcatca07
    [P_AUTH_DT] => 20250620102315
    [P_STATUS] => 02
    [P_TYPE] => VBANK
    [P_OID] => 250620-009
    [P_FN_CD1] => 11
    [P_FN_CD2] => 
    [P_FN_NM] => NH농협은행
    [P_AMT] => 3000
    [P_UNAME] => 최지수
    [P_RMESG1] => P_VACCT_NO=79010589109136|P_EXP_DT=20250630
    [P_RMESG2] => 
    [P_NOTI] => 
    [P_AUTH_NO] => 
)

 Array
(
    [PageCall time] => 10:24:34
    [P_TID] => INIMX_VBNKCAEcatca0720250620102304875223
    [P_MID] => CAEcatca07
    [P_AUTH_DT] => 20250620102434
    [P_STATUS] => 02
    [P_TYPE] => VBANK
    [P_OID] => 250620-008
    [P_FN_CD1] => 11
    [P_FN_CD2] => 
    [P_FN_NM] => NH농협은행
    [P_AMT] => 3000
    [P_UNAME] => 김명숙
    [P_RMESG1] => P_VACCT_NO=79010589109379|P_EXP_DT=20250630
    [P_RMESG2] => 
    [P_NOTI] => 
    [P_AUTH_NO] => 
)

 Array
(
    [PageCall time] => 10:52:07
    [P_TID] => INIMX_VBNKCAEcatca0720250620104909245923
    [P_MID] => CAEcatca07
    [P_AUTH_DT] => 20250620105207
    [P_STATUS] => 02
    [P_TYPE] => VBANK
    [P_OID] => 250620-010
    [P_FN_CD1] => 88
    [P_FN_CD2] => 
    [P_FN_NM] => 신한은행
    [P_AMT] => 3000
    [P_UNAME] => 김시유
    [P_RMESG1] => P_VACCT_NO=56211105131670|P_EXP_DT=20250630
    [P_RMESG2] => 
    [P_NOTI] => 
    [P_AUTH_NO] => 
)

 Array
(
    [PageCall time] => 11:34:25
    [P_TID] => INIMX_VBNKCAEcatca0720250620113144525215
    [P_MID] => CAEcatca07
    [P_AUTH_DT] => 20250620113425
    [P_STATUS] => 02
    [P_TYPE] => VBANK
    [P_OID] => 250620-011
    [P_FN_CD1] => 89
    [P_FN_CD2] => 
    [P_FN_NM] => 케이뱅크
    [P_AMT] => 3000
    [P_UNAME] => 박서영
    [P_RMESG1] => P_VACCT_NO=70112003799096|P_EXP_DT=20250630
    [P_RMESG2] => 
    [P_NOTI] => 
    [P_AUTH_NO] => 
)

 Array
(
    [PageCall time] => 11:34:35
    [P_TID] => INIMX_VBNKCAEcatca0720250620113304715799
    [P_MID] => CAEcatca07
    [P_AUTH_DT] => 20250620113435
    [P_STATUS] => 02
    [P_TYPE] => VBANK
    [P_OID] => 250620-012
    [P_FN_CD1] => 39
    [P_FN_CD2] => 
    [P_FN_NM] => 경남은행
    [P_AMT] => 3000
    [P_UNAME] => 김미경
    [P_RMESG1] => P_VACCT_NO=573193404266|P_EXP_DT=20250630
    [P_RMESG2] => 
    [P_NOTI] => 
    [P_AUTH_NO] => 
)

 Array
(
    [PageCall time] => 11:55:09
    [P_TID] => INIMX_VBNKCAEcatca0720250620115122905418
    [P_MID] => CAEcatca07
    [P_AUTH_DT] => 20250620115509
    [P_STATUS] => 02
    [P_TYPE] => VBANK
    [P_OID] => 250616-022
    [P_FN_CD1] => 31
    [P_FN_CD2] => 
    [P_FN_NM] => 아이엠뱅크(대구은행)
    [P_AMT] => 3000
    [P_UNAME] => 이성호
    [P_RMESG1] => P_VACCT_NO=9600363066463|P_EXP_DT=20250630
    [P_RMESG2] => 
    [P_NOTI] => 
    [P_AUTH_NO] => 
)

 Array
(
    [PageCall time] => 12:00:07
    [P_TID] => INIMX_VBNKCAEcatca0720250620115649915712
    [P_MID] => CAEcatca07
    [P_AUTH_DT] => 20250620120007
    [P_STATUS] => 02
    [P_TYPE] => VBANK
    [P_OID] => 250618-018
    [P_FN_CD1] => 88
    [P_FN_CD2] => 
    [P_FN_NM] => 신한은행
    [P_AMT] => 3000
    [P_UNAME] => 김희주
    [P_RMESG1] => P_VACCT_NO=56213170939775|P_EXP_DT=20250630
    [P_RMESG2] => 
    [P_NOTI] => 
    [P_AUTH_NO] => 
)

 Array
(
    [PageCall time] => 12:40:01
    [P_TID] => INIMX_VBNKCAEcatca0720250620123705755346
    [P_MID] => CAEcatca07
    [P_AUTH_DT] => 20250620124001
    [P_STATUS] => 02
    [P_TYPE] => VBANK
    [P_OID] => 250620-014
    [P_FN_CD1] => 20
    [P_FN_CD2] => 
    [P_FN_NM] => 우리은행
    [P_AMT] => 3000
    [P_UNAME] => 김지온
    [P_RMESG1] => P_VACCT_NO=27760910018951|P_EXP_DT=20250630
    [P_RMESG2] => 
    [P_NOTI] => 
    [P_AUTH_NO] => 
)

 Array
(
    [PageCall time] => 13:17:30
    [P_TID] => INIMX_VBNKCAEcatca0720250620131449465825
    [P_MID] => CAEcatca07
    [P_AUTH_DT] => 20250620131730
    [P_STATUS] => 02
    [P_TYPE] => VBANK
    [P_OID] => 250614-004
    [P_FN_CD1] => 88
    [P_FN_CD2] => 
    [P_FN_NM] => 신한은행
    [P_AMT] => 3000
    [P_UNAME] => 조창현
    [P_RMESG1] => P_VACCT_NO=56211104107770|P_EXP_DT=20250630
    [P_RMESG2] => 
    [P_NOTI] => 
    [P_AUTH_NO] => 
)

 Array
(
    [PageCall time] => 13:32:10
    [P_TID] => INIMX_VBNKCAEcatca0720250620132904325518
    [P_MID] => CAEcatca07
    [P_AUTH_DT] => 20250620133210
    [P_STATUS] => 02
    [P_TYPE] => VBANK
    [P_OID] => 250620-016
    [P_FN_CD1] => 20
    [P_FN_CD2] => 
    [P_FN_NM] => 우리은행
    [P_AMT] => 3000
    [P_UNAME] => 박은정
    [P_RMESG1] => P_VACCT_NO=27760917518666|P_EXP_DT=20250630
    [P_RMESG2] => 
    [P_NOTI] => 
    [P_AUTH_NO] => 
)

 Array
(
    [PageCall time] => 13:40:36
    [P_TID] => INIMX_VBNKCAEcatca0720250620133533235395
    [P_MID] => CAEcatca07
    [P_AUTH_DT] => 20250620134036
    [P_STATUS] => 02
    [P_TYPE] => VBANK
    [P_OID] => 250620-017
    [P_FN_CD1] => 04
    [P_FN_CD2] => 
    [P_FN_NM] => KB국민은행
    [P_AMT] => 3000
    [P_UNAME] => 나명민
    [P_RMESG1] => P_VACCT_NO=26159078613148|P_EXP_DT=20250630
    [P_RMESG2] => 
    [P_NOTI] => 
    [P_AUTH_NO] => 
)

 Array
(
    [PageCall time] => 14:00:33
    [P_TID] => INIMX_VBNKCAEcatca0720250620135919165861
    [P_MID] => CAEcatca07
    [P_AUTH_DT] => 20250620140033
    [P_STATUS] => 02
    [P_TYPE] => VBANK
    [P_OID] => 250620-015
    [P_FN_CD1] => 11
    [P_FN_CD2] => 
    [P_FN_NM] => NH농협은행
    [P_AMT] => 3000
    [P_UNAME] => 추진심
    [P_RMESG1] => P_VACCT_NO=79010589138513|P_EXP_DT=20250630
    [P_RMESG2] => 
    [P_NOTI] => 
    [P_AUTH_NO] => 
)

 Array
(
    [PageCall time] => 14:49:19
    [P_TID] => INIMX_VBNKCAEcatca0720250620143601825420
    [P_MID] => CAEcatca07
    [P_AUTH_DT] => 20250620144919
    [P_STATUS] => 02
    [P_TYPE] => VBANK
    [P_OID] => 250620-020
    [P_FN_CD1] => 81
    [P_FN_CD2] => 
    [P_FN_NM] => 하나은행
    [P_AMT] => 3000
    [P_UNAME] => 이춘우
    [P_RMESG1] => P_VACCT_NO=20894144537037|P_EXP_DT=20250630
    [P_RMESG2] => 
    [P_NOTI] => 
    [P_AUTH_NO] => 
)

 Array
(
    [PageCall time] => 15:22:55
    [P_TID] => INIMX_VBNKCAEcatca0720250620152011265011
    [P_MID] => CAEcatca07
    [P_AUTH_DT] => 20250620152255
    [P_STATUS] => 02
    [P_TYPE] => VBANK
    [P_OID] => 250620-021
    [P_FN_CD1] => 88
    [P_FN_CD2] => 
    [P_FN_NM] => 신한은행
    [P_AMT] => 3000
    [P_UNAME] => 이은서
    [P_RMESG1] => P_VACCT_NO=56211105081297|P_EXP_DT=20250630
    [P_RMESG2] => 
    [P_NOTI] => 
    [P_AUTH_NO] => 
)

 Array
(
    [PageCall time] => 16:18:33
    [P_TID] => INIMX_VBNKCAEcatca0720250620161557205324
    [P_MID] => CAEcatca07
    [P_AUTH_DT] => 20250620161833
    [P_STATUS] => 02
    [P_TYPE] => VBANK
    [P_OID] => 250620-028
    [P_FN_CD1] => 89
    [P_FN_CD2] => 
    [P_FN_NM] => 케이뱅크
    [P_AMT] => 3000
    [P_UNAME] => 이민지
    [P_RMESG1] => P_VACCT_NO=70112003803853|P_EXP_DT=20250630
    [P_RMESG2] => 
    [P_NOTI] => 
    [P_AUTH_NO] => 
)

 Array
(
    [PageCall time] => 16:46:38
    [P_TID] => INIMX_VBNKCAEcatca0720250620163911535927
    [P_MID] => CAEcatca07
    [P_AUTH_DT] => 20250620164638
    [P_STATUS] => 02
    [P_TYPE] => VBANK
    [P_OID] => 250620-026
    [P_FN_CD1] => 81
    [P_FN_CD2] => 
    [P_FN_NM] => 하나은행
    [P_AMT] => 3000
    [P_UNAME] => 권재경
    [P_RMESG1] => P_VACCT_NO=20894146120237|P_EXP_DT=20250630
    [P_RMESG2] => 
    [P_NOTI] => 
    [P_AUTH_NO] => 
)

 Array
(
    [PageCall time] => 16:49:25
    [P_TID] => INIMX_VBNKCAEcatca0720250620164800665070
    [P_MID] => CAEcatca07
    [P_AUTH_DT] => 20250620164925
    [P_STATUS] => 02
    [P_TYPE] => VBANK
    [P_OID] => 250620-029
    [P_FN_CD1] => 11
    [P_FN_CD2] => 
    [P_FN_NM] => NH농협은행
    [P_AMT] => 3000
    [P_UNAME] => 이분녀
    [P_RMESG1] => P_VACCT_NO=79010589174864|P_EXP_DT=20250630
    [P_RMESG2] => 
    [P_NOTI] => 
    [P_AUTH_NO] => 
)

 Array
(
    [PageCall time] => 18:51:55
    [P_TID] => INIMX_VBNKCAEcatca0720250620150013695081
    [P_MID] => CAEcatca07
    [P_AUTH_DT] => 20250620185155
    [P_STATUS] => 02
    [P_TYPE] => VBANK
    [P_OID] => 250620-004
    [P_FN_CD1] => 89
    [P_FN_CD2] => 
    [P_FN_NM] => 케이뱅크
    [P_AMT] => 3000
    [P_UNAME] => 김이중
    [P_RMESG1] => P_VACCT_NO=70112003800542|P_EXP_DT=20250630
    [P_RMESG2] => 
    [P_NOTI] => 
    [P_AUTH_NO] => 
)

 Array
(
    [PageCall time] => 19:23:50
    [P_TID] => INIMX_VBNKCAEcatca0720250620191456545453
    [P_MID] => CAEcatca07
    [P_AUTH_DT] => 20250620192350
    [P_STATUS] => 02
    [P_TYPE] => VBANK
    [P_OID] => 250620-025
    [P_FN_CD1] => 88
    [P_FN_CD2] => 
    [P_FN_NM] => 신한은행
    [P_AMT] => 3000
    [P_UNAME] => 손철석
    [P_RMESG1] => P_VACCT_NO=56211105106860|P_EXP_DT=20250630
    [P_RMESG2] => 
    [P_NOTI] => 
    [P_AUTH_NO] => 
)

 Array
(
    [PageCall time] => 19:36:45
    [P_TID] => INIMX_VBNKCAEcatca0720250620193533085272
    [P_MID] => CAEcatca07
    [P_AUTH_DT] => 20250620193645
    [P_STATUS] => 02
    [P_TYPE] => VBANK
    [P_OID] => 250620-031
    [P_FN_CD1] => 71
    [P_FN_CD2] => 
    [P_FN_NM] => 우체국
    [P_AMT] => 3000
    [P_UNAME] => 김태원
    [P_RMESG1] => P_VACCT_NO=01397981021112|P_EXP_DT=20250630
    [P_RMESG2] => 
    [P_NOTI] => 
    [P_AUTH_NO] => 
)

 Array
(
    [PageCall time] => 19:45:43
    [P_TID] => INIMX_VBNKCAEcatca0720250620194213305769
    [P_MID] => CAEcatca07
    [P_AUTH_DT] => 20250620194543
    [P_STATUS] => 02
    [P_TYPE] => VBANK
    [P_OID] => 250620-030
    [P_FN_CD1] => 81
    [P_FN_CD2] => 
    [P_FN_NM] => 하나은행
    [P_AMT] => 3000
    [P_UNAME] => 백경한
    [P_RMESG1] => P_VACCT_NO=20894148173537|P_EXP_DT=20250630
    [P_RMESG2] => 
    [P_NOTI] => 
    [P_AUTH_NO] => 
)

 Array
(
    [PageCall time] => 21:16:59
    [P_TID] => INIMX_VBNKCAEcatca0720250620211413385979
    [P_MID] => CAEcatca07
    [P_AUTH_DT] => 20250620211659
    [P_STATUS] => 02
    [P_TYPE] => VBANK
    [P_OID] => 250620-032
    [P_FN_CD1] => 88
    [P_FN_CD2] => 
    [P_FN_NM] => 신한은행
    [P_AMT] => 3000
    [P_UNAME] => 이헌재
    [P_RMESG1] => P_VACCT_NO=56211105112920|P_EXP_DT=20250630
    [P_RMESG2] => 
    [P_NOTI] => 
    [P_AUTH_NO] => 
)

