 Array
(
    [PageCall time] => 06:30:54
    [P_TID] => INIMX_VBNKCAEcatca0720260121062637545668
    [P_MID] => CAEcatca07
    [P_AUTH_DT] => 20260121063054
    [P_STATUS] => 02
    [P_TYPE] => VBANK
    [P_OID] => 260120-051
    [P_FN_CD1] => 88
    [P_FN_CD2] => 
    [P_FN_NM] => 신한은행
    [P_AMT] => 3500
    [P_UNAME] => 박인기
    [P_RMESG1] => P_VACCT_NO=56211104933060|P_EXP_DT=20260131
    [P_RMESG2] => 
    [P_NOTI] => 
    [P_AUTH_NO] => 
)

 Array
(
    [PageCall time] => 08:13:03
    [P_TID] => INIMX_VBNKCAEcatca0720260121003321865248
    [P_MID] => CAEcatca07
    [P_AUTH_DT] => 20260121081303
    [P_STATUS] => 02
    [P_TYPE] => VBANK
    [P_OID] => 260121-001
    [P_FN_CD1] => 11
    [P_FN_CD2] => 
    [P_FN_NM] => NH농협은행
    [P_AMT] => 3500
    [P_UNAME] => 황치영
    [P_RMESG1] => P_VACCT_NO=79010593425586|P_EXP_DT=20260131
    [P_RMESG2] => 
    [P_NOTI] => 
    [P_AUTH_NO] => 
)

 Array
(
    [PageCall time] => 09:17:22
    [P_TID] => INIMX_VBNKCAEcatca0720260121091414315851
    [P_MID] => CAEcatca07
    [P_AUTH_DT] => 20260121091722
    [P_STATUS] => 02
    [P_TYPE] => VBANK
    [P_OID] => 260121-002
    [P_FN_CD1] => 81
    [P_FN_CD2] => 
    [P_FN_NM] => 하나은행
    [P_AMT] => 3500
    [P_UNAME] => 김민곤
    [P_RMESG1] => P_VACCT_NO=20893951818737|P_EXP_DT=20260131
    [P_RMESG2] => 
    [P_NOTI] => 
    [P_AUTH_NO] => 
)

 Array
(
    [PageCall time] => 10:09:09
    [P_TID] => INIMX_VBNKCAEcatca0720260121100623644385
    [P_MID] => CAEcatca07
    [P_AUTH_DT] => 20260121100909
    [P_STATUS] => 02
    [P_TYPE] => VBANK
    [P_OID] => 260121-009
    [P_FN_CD1] => 04
    [P_FN_CD2] => 
    [P_FN_NM] => KB국민은행
    [P_AMT] => 3500
    [P_UNAME] => 온규석
    [P_RMESG1] => P_VACCT_NO=99449014148229|P_EXP_DT=20260131
    [P_RMESG2] => 
    [P_NOTI] => 
    [P_AUTH_NO] => 
)

 Array
(
    [PageCall time] => 10:28:46
    [P_TID] => INIMX_VBNKCAEcatca0720260121102553714322
    [P_MID] => CAEcatca07
    [P_AUTH_DT] => 20260121102846
    [P_STATUS] => 02
    [P_TYPE] => VBANK
    [P_OID] => 260121-011
    [P_FN_CD1] => 11
    [P_FN_CD2] => 
    [P_FN_NM] => NH농협은행
    [P_AMT] => 3500
    [P_UNAME] => 최미정
    [P_RMESG1] => P_VACCT_NO=79006424439028|P_EXP_DT=20260131
    [P_RMESG2] => 
    [P_NOTI] => 
    [P_AUTH_NO] => 
)

 Array
(
    [PageCall time] => 10:39:39
    [P_TID] => INIMX_VBNKCAEcatca0720260121103520044372
    [P_MID] => CAEcatca07
    [P_AUTH_DT] => 20260121103939
    [P_STATUS] => 02
    [P_TYPE] => VBANK
    [P_OID] => 260121-012
    [P_FN_CD1] => 88
    [P_FN_CD2] => 
    [P_FN_NM] => 신한은행
    [P_AMT] => 3500
    [P_UNAME] => 유만상
    [P_RMESG1] => P_VACCT_NO=56211123618077|P_EXP_DT=20260131
    [P_RMESG2] => 
    [P_NOTI] => 
    [P_AUTH_NO] => 
)

 Array
(
    [PageCall time] => 12:14:08
    [P_TID] => INIMX_VBNKCAEcatca0720260121121116684949
    [P_MID] => CAEcatca07
    [P_AUTH_DT] => 20260121121408
    [P_STATUS] => 02
    [P_TYPE] => VBANK
    [P_OID] => 260121-014
    [P_FN_CD1] => 04
    [P_FN_CD2] => 
    [P_FN_NM] => KB국민은행
    [P_AMT] => 3500
    [P_UNAME] => 주경석
    [P_RMESG1] => P_VACCT_NO=99449014155966|P_EXP_DT=20260131
    [P_RMESG2] => 
    [P_NOTI] => 
    [P_AUTH_NO] => 
)

 Array
(
    [PageCall time] => 12:18:06
    [P_TID] => INIMX_VBNKCAEcatca0720260121121522874331
    [P_MID] => CAEcatca07
    [P_AUTH_DT] => 20260121121805
    [P_STATUS] => 02
    [P_TYPE] => VBANK
    [P_OID] => 260121-017
    [P_FN_CD1] => 88
    [P_FN_CD2] => 
    [P_FN_NM] => 신한은행
    [P_AMT] => 3500
    [P_UNAME] => 이준헌
    [P_RMESG1] => P_VACCT_NO=56211123619901|P_EXP_DT=20260131
    [P_RMESG2] => 
    [P_NOTI] => 
    [P_AUTH_NO] => 
)

 Array
(
    [PageCall time] => 13:41:23
    [P_TID] => INIMX_VBNKCAEcatca0720260121133831805764
    [P_MID] => CAEcatca07
    [P_AUTH_DT] => 20260121134122
    [P_STATUS] => 02
    [P_TYPE] => VBANK
    [P_OID] => 260121-021
    [P_FN_CD1] => 04
    [P_FN_CD2] => 
    [P_FN_NM] => KB국민은행
    [P_AMT] => 3500
    [P_UNAME] => 강현옥
    [P_RMESG1] => P_VACCT_NO=99449014569075|P_EXP_DT=20260131
    [P_RMESG2] => 
    [P_NOTI] => 
    [P_AUTH_NO] => 
)

 Array
(
    [PageCall time] => 14:08:13
    [P_TID] => INIMX_VBNKCAEcatca0720260121140515475212
    [P_MID] => CAEcatca07
    [P_AUTH_DT] => 20260121140813
    [P_STATUS] => 02
    [P_TYPE] => VBANK
    [P_OID] => 260121-022
    [P_FN_CD1] => 20
    [P_FN_CD2] => 
    [P_FN_NM] => 우리은행
    [P_AMT] => 3500
    [P_UNAME] => 남진수
    [P_RMESG1] => P_VACCT_NO=27489710118374|P_EXP_DT=20260131
    [P_RMESG2] => 
    [P_NOTI] => 
    [P_AUTH_NO] => 
)

 Array
(
    [PageCall time] => 14:44:43
    [P_TID] => INIMX_VBNKCAEcatca0720260121144158365554
    [P_MID] => CAEcatca07
    [P_AUTH_DT] => 20260121144443
    [P_STATUS] => 02
    [P_TYPE] => VBANK
    [P_OID] => 260121-024
    [P_FN_CD1] => 04
    [P_FN_CD2] => 
    [P_FN_NM] => KB국민은행
    [P_AMT] => 3500
    [P_UNAME] => 강태훈
    [P_RMESG1] => P_VACCT_NO=99449014588652|P_EXP_DT=20260131
    [P_RMESG2] => 
    [P_NOTI] => 
    [P_AUTH_NO] => 
)

 Array
(
    [PageCall time] => 14:55:08
    [P_TID] => INIMX_VBNKCAEcatca0720260121145124195420
    [P_MID] => CAEcatca07
    [P_AUTH_DT] => 20260121145508
    [P_STATUS] => 02
    [P_TYPE] => VBANK
    [P_OID] => 260121-025
    [P_FN_CD1] => 88
    [P_FN_CD2] => 
    [P_FN_NM] => 신한은행
    [P_AMT] => 3500
    [P_UNAME] => 김정미
    [P_RMESG1] => P_VACCT_NO=56211991345739|P_EXP_DT=20260131
    [P_RMESG2] => 
    [P_NOTI] => 
    [P_AUTH_NO] => 
)

 Array
(
    [PageCall time] => 15:18:45
    [P_TID] => INIMX_VBNKCAEcatca0720260121151608945894
    [P_MID] => CAEcatca07
    [P_AUTH_DT] => 20260121151845
    [P_STATUS] => 02
    [P_TYPE] => VBANK
    [P_OID] => 260121-027
    [P_FN_CD1] => 89
    [P_FN_CD2] => 
    [P_FN_NM] => 케이뱅크
    [P_AMT] => 3500
    [P_UNAME] => 전성학
    [P_RMESG1] => P_VACCT_NO=70112003357180|P_EXP_DT=20260131
    [P_RMESG2] => 
    [P_NOTI] => 
    [P_AUTH_NO] => 
)

 Array
(
    [PageCall time] => 16:31:23
    [P_TID] => INIMX_VBNKCAEcatca0720260121163028744510
    [P_MID] => CAEcatca07
    [P_AUTH_DT] => 20260121163123
    [P_STATUS] => 02
    [P_TYPE] => VBANK
    [P_OID] => 260121-030
    [P_FN_CD1] => 11
    [P_FN_CD2] => 
    [P_FN_NM] => NH농협은행
    [P_AMT] => 3500
    [P_UNAME] => 천은정
    [P_RMESG1] => P_VACCT_NO=79006424459829|P_EXP_DT=20260131
    [P_RMESG2] => 
    [P_NOTI] => 
    [P_AUTH_NO] => 
)

 Array
(
    [PageCall time] => 16:38:13
    [P_TID] => INIMX_VBNKCAEcatca0720260121163435895333
    [P_MID] => CAEcatca07
    [P_AUTH_DT] => 20260121163813
    [P_STATUS] => 02
    [P_TYPE] => VBANK
    [P_OID] => 260121-031
    [P_FN_CD1] => 04
    [P_FN_CD2] => 
    [P_FN_NM] => KB국민은행
    [P_AMT] => 3500
    [P_UNAME] => 천희선
    [P_RMESG1] => P_VACCT_NO=70149014191995|P_EXP_DT=20260131
    [P_RMESG2] => 
    [P_NOTI] => 
    [P_AUTH_NO] => 
)

 Array
(
    [PageCall time] => 17:04:19
    [P_TID] => INIMX_VBNKCAEcatca0720260121170048165250
    [P_MID] => CAEcatca07
    [P_AUTH_DT] => 20260121170418
    [P_STATUS] => 02
    [P_TYPE] => VBANK
    [P_OID] => 260121-033
    [P_FN_CD1] => 04
    [P_FN_CD2] => 
    [P_FN_NM] => KB국민은행
    [P_AMT] => 3500
    [P_UNAME] => 이혜정
    [P_RMESG1] => P_VACCT_NO=70149014196718|P_EXP_DT=20260131
    [P_RMESG2] => 
    [P_NOTI] => 
    [P_AUTH_NO] => 
)

 Array
(
    [PageCall time] => 18:36:33
    [P_TID] => INIMX_VBNKCAEcatca0720260121183209695482
    [P_MID] => CAEcatca07
    [P_AUTH_DT] => 20260121183633
    [P_STATUS] => 02
    [P_TYPE] => VBANK
    [P_OID] => 260121-034
    [P_FN_CD1] => 04
    [P_FN_CD2] => 
    [P_FN_NM] => KB국민은행
    [P_AMT] => 3500
    [P_UNAME] => 문주현
    [P_RMESG1] => P_VACCT_NO=70149014211664|P_EXP_DT=20260131
    [P_RMESG2] => 
    [P_NOTI] => 
    [P_AUTH_NO] => 
)

 Array
(
    [PageCall time] => 19:03:53
    [P_TID] => INIMX_VBNKCAEcatca0720260121190117255529
    [P_MID] => CAEcatca07
    [P_AUTH_DT] => 20260121190353
    [P_STATUS] => 02
    [P_TYPE] => VBANK
    [P_OID] => 260121-035
    [P_FN_CD1] => 31
    [P_FN_CD2] => 
    [P_FN_NM] => 아이엠뱅크(대구은행)
    [P_AMT] => 3500
    [P_UNAME] => 김세정
    [P_RMESG1] => P_VACCT_NO=9600362669250|P_EXP_DT=20260131
    [P_RMESG2] => 
    [P_NOTI] => 
    [P_AUTH_NO] => 
)

 Array
(
    [PageCall time] => 19:59:53
    [P_TID] => INIMX_VBNKCAEcatca0720260121195704515256
    [P_MID] => CAEcatca07
    [P_AUTH_DT] => 20260121195953
    [P_STATUS] => 02
    [P_TYPE] => VBANK
    [P_OID] => 260120-045
    [P_FN_CD1] => 88
    [P_FN_CD2] => 
    [P_FN_NM] => 신한은행
    [P_AMT] => 3500
    [P_UNAME] => 정소라
    [P_RMESG1] => P_VACCT_NO=56211102314158|P_EXP_DT=20260131
    [P_RMESG2] => 
    [P_NOTI] => 
    [P_AUTH_NO] => 
)

 Array
(
    [PageCall time] => 21:13:11
    [P_TID] => INIMX_VBNKCAEcatca0720260121211008515484
    [P_MID] => CAEcatca07
    [P_AUTH_DT] => 20260121211311
    [P_STATUS] => 02
    [P_TYPE] => VBANK
    [P_OID] => 260121-037
    [P_FN_CD1] => 20
    [P_FN_CD2] => 
    [P_FN_NM] => 우리은행
    [P_AMT] => 3500
    [P_UNAME] => 고재완
    [P_RMESG1] => P_VACCT_NO=27489729018970|P_EXP_DT=20260131
    [P_RMESG2] => 
    [P_NOTI] => 
    [P_AUTH_NO] => 
)

 Array
(
    [PageCall time] => 21:45:14
    [P_TID] => INIMX_VBNKCAEcatca0720260121214224355440
    [P_MID] => CAEcatca07
    [P_AUTH_DT] => 20260121214514
    [P_STATUS] => 02
    [P_TYPE] => VBANK
    [P_OID] => 260121-038
    [P_FN_CD1] => 04
    [P_FN_CD2] => 
    [P_FN_NM] => KB국민은행
    [P_AMT] => 3500
    [P_UNAME] => 김주영
    [P_RMESG1] => P_VACCT_NO=70149014231433|P_EXP_DT=20260131
    [P_RMESG2] => 
    [P_NOTI] => 
    [P_AUTH_NO] => 
)

 Array
(
    [PageCall time] => 22:00:15
    [P_TID] => INIMX_VBNKCAEcatca0720260121215715645998
    [P_MID] => CAEcatca07
    [P_AUTH_DT] => 20260121220015
    [P_STATUS] => 02
    [P_TYPE] => VBANK
    [P_OID] => 260121-039
    [P_FN_CD1] => 88
    [P_FN_CD2] => 
    [P_FN_NM] => 신한은행
    [P_AMT] => 3500
    [P_UNAME] => 김유진
    [P_RMESG1] => P_VACCT_NO=56211102324488|P_EXP_DT=20260131
    [P_RMESG2] => 
    [P_NOTI] => 
    [P_AUTH_NO] => 
)

 Array
(
    [PageCall time] => 23:27:24
    [P_TID] => INIMX_VBNKCAEcatca0720260121232455785565
    [P_MID] => CAEcatca07
    [P_AUTH_DT] => 20260121232724
    [P_STATUS] => 02
    [P_TYPE] => VBANK
    [P_OID] => 260121-040
    [P_FN_CD1] => 20
    [P_FN_CD2] => 
    [P_FN_NM] => 우리은행
    [P_AMT] => 3500
    [P_UNAME] => 한아림
    [P_RMESG1] => P_VACCT_NO=27489734818661|P_EXP_DT=20260131
    [P_RMESG2] => 
    [P_NOTI] => 
    [P_AUTH_NO] => 
)

 Array
(
    [PageCall time] => 23:41:51
    [P_TID] => INIMX_VBNKCAEcatca0720260121233912445523
    [P_MID] => CAEcatca07
    [P_AUTH_DT] => 20260121234151
    [P_STATUS] => 02
    [P_TYPE] => VBANK
    [P_OID] => 260121-041
    [P_FN_CD1] => 89
    [P_FN_CD2] => 
    [P_FN_NM] => 케이뱅크
    [P_AMT] => 3500
    [P_UNAME] => 박주희
    [P_RMESG1] => P_VACCT_NO=70112003362060|P_EXP_DT=20260131
    [P_RMESG2] => 
    [P_NOTI] => 
    [P_AUTH_NO] => 
)

