 Array
(
    [PageCall time] => 00:25:14
    [P_TID] => INIMX_VBNKCAEcatca0720260213002224275602
    [P_MID] => CAEcatca07
    [P_AUTH_DT] => 20260213002514
    [P_STATUS] => 02
    [P_TYPE] => VBANK
    [P_OID] => 260213-001
    [P_FN_CD1] => 04
    [P_FN_CD2] => 
    [P_FN_NM] => KB국민은행
    [P_AMT] => 3500
    [P_UNAME] => 김윤철
    [P_RMESG1] => P_VACCT_NO=70189014879688|P_EXP_DT=20260223
    [P_RMESG2] => 
    [P_NOTI] => 
    [P_AUTH_NO] => 
)

 Array
(
    [PageCall time] => 09:53:07
    [P_TID] => INIMX_VBNKCAEcatca0720260213095110945984
    [P_MID] => CAEcatca07
    [P_AUTH_DT] => 20260213095307
    [P_STATUS] => 02
    [P_TYPE] => VBANK
    [P_OID] => 260213-003
    [P_FN_CD1] => 11
    [P_FN_CD2] => 
    [P_FN_NM] => NH농협은행
    [P_AMT] => 3500
    [P_UNAME] => 윤명영
    [P_RMESG1] => P_VACCT_NO=79014288720519|P_EXP_DT=20260223
    [P_RMESG2] => 
    [P_NOTI] => 
    [P_AUTH_NO] => 
)

 Array
(
    [PageCall time] => 10:07:01
    [P_TID] => INIMX_VBNKCAEcatca0720260213100217765557
    [P_MID] => CAEcatca07
    [P_AUTH_DT] => 20260213100701
    [P_STATUS] => 02
    [P_TYPE] => VBANK
    [P_OID] => 260213-002
    [P_FN_CD1] => 11
    [P_FN_CD2] => 
    [P_FN_NM] => NH농협은행
    [P_AMT] => 3500
    [P_UNAME] => 조인숙
    [P_RMESG1] => P_VACCT_NO=79014288722115|P_EXP_DT=20260223
    [P_RMESG2] => 
    [P_NOTI] => 
    [P_AUTH_NO] => 
)

 Array
(
    [PageCall time] => 15:35:03
    [P_TID] => INIMX_VBNKCAEcatca0720260213151626425723
    [P_MID] => CAEcatca07
    [P_AUTH_DT] => 20260213153503
    [P_STATUS] => 02
    [P_TYPE] => VBANK
    [P_OID] => 260213-010
    [P_FN_CD1] => 81
    [P_FN_CD2] => 
    [P_FN_NM] => 하나은행
    [P_AMT] => 3500
    [P_UNAME] => 하정은
    [P_RMESG1] => P_VACCT_NO=20894056947637|P_EXP_DT=20260223
    [P_RMESG2] => 
    [P_NOTI] => 
    [P_AUTH_NO] => 
)

 Array
(
    [PageCall time] => 15:54:13
    [P_TID] => INIMX_VBNKCAEcatca0720260213155101375284
    [P_MID] => CAEcatca07
    [P_AUTH_DT] => 20260213155413
    [P_STATUS] => 02
    [P_TYPE] => VBANK
    [P_OID] => 260213-005
    [P_FN_CD1] => 20
    [P_FN_CD2] => 
    [P_FN_NM] => 우리은행
    [P_AMT] => 3500
    [P_UNAME] => 바스카
    [P_RMESG1] => P_VACCT_NO=27490654518951|P_EXP_DT=20260223
    [P_RMESG2] => 
    [P_NOTI] => 
    [P_AUTH_NO] => 
)

