 Array
(
    [PageCall time] => 00:50:00
    [P_TID] => INIMX_VBNKCAEcatca0720250315004704315415
    [P_MID] => CAEcatca07
    [P_AUTH_DT] => 20250315005000
    [P_STATUS] => 02
    [P_TYPE] => VBANK
    [P_OID] => 250315-001
    [P_FN_CD1] => 81
    [P_FN_CD2] => 
    [P_FN_NM] => 하나은행
    [P_AMT] => 3000
    [P_UNAME] => 김규리
    [P_RMESG1] => P_VACCT_NO=20894070170537|P_EXP_DT=20250325
    [P_RMESG2] => 
    [P_NOTI] => 
    [P_AUTH_NO] => 
)

 Array
(
    [PageCall time] => 08:17:54
    [P_TID] => INIMX_VBNKCAEcatca0720250315081701965889
    [P_MID] => CAEcatca07
    [P_AUTH_DT] => 20250315081754
    [P_STATUS] => 02
    [P_TYPE] => VBANK
    [P_OID] => 250315-002
    [P_FN_CD1] => 04
    [P_FN_CD2] => 
    [P_FN_NM] => KB국민은행
    [P_AMT] => 3000
    [P_UNAME] => 박혜자
    [P_RMESG1] => P_VACCT_NO=26119078392388|P_EXP_DT=20250325
    [P_RMESG2] => 
    [P_NOTI] => 
    [P_AUTH_NO] => 
)

 Array
(
    [PageCall time] => 09:50:57
    [P_TID] => INIMX_VBNKCAEcatca0720250315095001635590
    [P_MID] => CAEcatca07
    [P_AUTH_DT] => 20250315095057
    [P_STATUS] => 02
    [P_TYPE] => VBANK
    [P_OID] => 250315-004
    [P_FN_CD1] => 71
    [P_FN_CD2] => 
    [P_FN_NM] => 우체국
    [P_AMT] => 3000
    [P_UNAME] => 조현희
    [P_RMESG1] => P_VACCT_NO=01397981642109|P_EXP_DT=20250325
    [P_RMESG2] => 
    [P_NOTI] => 
    [P_AUTH_NO] => 
)

 Array
(
    [PageCall time] => 10:26:03
    [P_TID] => INIMX_VBNKCAEcatca0720250315102218635337
    [P_MID] => CAEcatca07
    [P_AUTH_DT] => 20250315102603
    [P_STATUS] => 02
    [P_TYPE] => VBANK
    [P_OID] => 250315-003
    [P_FN_CD1] => 20
    [P_FN_CD2] => 
    [P_FN_NM] => 우리은행
    [P_AMT] => 3000
    [P_UNAME] => 민예식
    [P_RMESG1] => P_VACCT_NO=27204785918455|P_EXP_DT=20250325
    [P_RMESG2] => 
    [P_NOTI] => 
    [P_AUTH_NO] => 
)

 Array
(
    [PageCall time] => 11:16:00
    [P_TID] => INIMX_VBNKCAEcatca0720250315111524165194
    [P_MID] => CAEcatca07
    [P_AUTH_DT] => 20250315111600
    [P_STATUS] => 02
    [P_TYPE] => VBANK
    [P_OID] => 250314-021
    [P_FN_CD1] => 04
    [P_FN_CD2] => 
    [P_FN_NM] => KB국민은행
    [P_AMT] => 3000
    [P_UNAME] => 김태헌
    [P_RMESG1] => P_VACCT_NO=26029078869913|P_EXP_DT=20250325
    [P_RMESG2] => 
    [P_NOTI] => 
    [P_AUTH_NO] => 
)

 Array
(
    [PageCall time] => 11:51:20
    [P_TID] => INIMX_VBNKCAEcatca0720250315114757375726
    [P_MID] => CAEcatca07
    [P_AUTH_DT] => 20250315115120
    [P_STATUS] => 02
    [P_TYPE] => VBANK
    [P_OID] => 250315-005
    [P_FN_CD1] => 03
    [P_FN_CD2] => 
    [P_FN_NM] => 기업은행
    [P_AMT] => 3000
    [P_UNAME] => 지복화
    [P_RMESG1] => P_VACCT_NO=07502390197825|P_EXP_DT=20250325
    [P_RMESG2] => 
    [P_NOTI] => 
    [P_AUTH_NO] => 
)

 Array
(
    [PageCall time] => 12:35:31
    [P_TID] => INIMX_VBNKCAEcatca0720250315123252145623
    [P_MID] => CAEcatca07
    [P_AUTH_DT] => 20250315123531
    [P_STATUS] => 02
    [P_TYPE] => VBANK
    [P_OID] => 250315-006
    [P_FN_CD1] => 20
    [P_FN_CD2] => 
    [P_FN_NM] => 우리은행
    [P_AMT] => 3000
    [P_UNAME] => 윤진흥
    [P_RMESG1] => P_VACCT_NO=27204788318749|P_EXP_DT=20250325
    [P_RMESG2] => 
    [P_NOTI] => 
    [P_AUTH_NO] => 
)

 Array
(
    [PageCall time] => 12:59:52
    [P_TID] => INIMX_VBNKCAEcatca0720250315125617445081
    [P_MID] => CAEcatca07
    [P_AUTH_DT] => 20250315125952
    [P_STATUS] => 02
    [P_TYPE] => VBANK
    [P_OID] => 250315-007
    [P_FN_CD1] => 11
    [P_FN_CD2] => 
    [P_FN_NM] => NH농협은행
    [P_AMT] => 3000
    [P_UNAME] => 김미경
    [P_RMESG1] => P_VACCT_NO=79014507764528|P_EXP_DT=20250325
    [P_RMESG2] => 
    [P_NOTI] => 
    [P_AUTH_NO] => 
)

 Array
(
    [PageCall time] => 13:12:22
    [P_TID] => INIMX_VBNKCAEcatca0720250315131123215238
    [P_MID] => CAEcatca07
    [P_AUTH_DT] => 20250315131222
    [P_STATUS] => 02
    [P_TYPE] => VBANK
    [P_OID] => 250315-008
    [P_FN_CD1] => 04
    [P_FN_CD2] => 
    [P_FN_NM] => KB국민은행
    [P_AMT] => 3000
    [P_UNAME] => 정용학
    [P_RMESG1] => P_VACCT_NO=26119078705672|P_EXP_DT=20250325
    [P_RMESG2] => 
    [P_NOTI] => 
    [P_AUTH_NO] => 
)

 Array
(
    [PageCall time] => 13:25:07
    [P_TID] => INIMX_VBNKCAEcatca0720250315132410535523
    [P_MID] => CAEcatca07
    [P_AUTH_DT] => 20250315132507
    [P_STATUS] => 02
    [P_TYPE] => VBANK
    [P_OID] => 250315-009
    [P_FN_CD1] => 04
    [P_FN_CD2] => 
    [P_FN_NM] => KB국민은행
    [P_AMT] => 3000
    [P_UNAME] => 장정윤
    [P_RMESG1] => P_VACCT_NO=26119078708318|P_EXP_DT=20250325
    [P_RMESG2] => 
    [P_NOTI] => 
    [P_AUTH_NO] => 
)

 Array
(
    [PageCall time] => 13:35:10
    [P_TID] => INIMX_VBNKCAEcatca0720250315133419125832
    [P_MID] => CAEcatca07
    [P_AUTH_DT] => 20250315133510
    [P_STATUS] => 02
    [P_TYPE] => VBANK
    [P_OID] => 250315-010
    [P_FN_CD1] => 04
    [P_FN_CD2] => 
    [P_FN_NM] => KB국민은행
    [P_AMT] => 3000
    [P_UNAME] => 김성주
    [P_RMESG1] => P_VACCT_NO=26119078711961|P_EXP_DT=20250325
    [P_RMESG2] => 
    [P_NOTI] => 
    [P_AUTH_NO] => 
)

 Array
(
    [PageCall time] => 15:24:47
    [P_TID] => INIMX_VBNKCAEcatca0720250315152104175482
    [P_MID] => CAEcatca07
    [P_AUTH_DT] => 20250315152447
    [P_STATUS] => 02
    [P_TYPE] => VBANK
    [P_OID] => 250315-011
    [P_FN_CD1] => 20
    [P_FN_CD2] => 
    [P_FN_NM] => 우리은행
    [P_AMT] => 3000
    [P_UNAME] => 손제희
    [P_RMESG1] => P_VACCT_NO=27204792318780|P_EXP_DT=20250325
    [P_RMESG2] => 
    [P_NOTI] => 
    [P_AUTH_NO] => 
)

 Array
(
    [PageCall time] => 15:55:01
    [P_TID] => INIMX_VBNKCAEcatca0720250315155213855340
    [P_MID] => CAEcatca07
    [P_AUTH_DT] => 20250315155501
    [P_STATUS] => 02
    [P_TYPE] => VBANK
    [P_OID] => 250315-012
    [P_FN_CD1] => 88
    [P_FN_CD2] => 
    [P_FN_NM] => 신한은행
    [P_AMT] => 3000
    [P_UNAME] => 이석원
    [P_RMESG1] => P_VACCT_NO=56211990963117|P_EXP_DT=20250325
    [P_RMESG2] => 
    [P_NOTI] => 
    [P_AUTH_NO] => 
)

 Array
(
    [PageCall time] => 18:13:40
    [P_TID] => INIMX_VBNKCAEcatca0720250315181054535813
    [P_MID] => CAEcatca07
    [P_AUTH_DT] => 20250315181340
    [P_STATUS] => 02
    [P_TYPE] => VBANK
    [P_OID] => 250315-013
    [P_FN_CD1] => 20
    [P_FN_CD2] => 
    [P_FN_NM] => 우리은행
    [P_AMT] => 3000
    [P_UNAME] => 석지영
    [P_RMESG1] => P_VACCT_NO=27204797218088|P_EXP_DT=20250325
    [P_RMESG2] => 
    [P_NOTI] => 
    [P_AUTH_NO] => 
)

 Array
(
    [PageCall time] => 21:04:14
    [P_TID] => INIMX_VBNKCAEcatca0720250315210037335805
    [P_MID] => CAEcatca07
    [P_AUTH_DT] => 20250315210413
    [P_STATUS] => 02
    [P_TYPE] => VBANK
    [P_OID] => 250315-015
    [P_FN_CD1] => 81
    [P_FN_CD2] => 
    [P_FN_NM] => 하나은행
    [P_AMT] => 3000
    [P_UNAME] => 유정범
    [P_RMESG1] => P_VACCT_NO=20894071756137|P_EXP_DT=20250325
    [P_RMESG2] => 
    [P_NOTI] => 
    [P_AUTH_NO] => 
)

