 Array
(
    [PageCall time] => 07:41:00
    [P_TID] => INIMX_VBNKCAEcatca0720250523073657185887
    [P_MID] => CAEcatca07
    [P_AUTH_DT] => 20250523074059
    [P_STATUS] => 02
    [P_TYPE] => VBANK
    [P_OID] => 250520-034
    [P_FN_CD1] => 88
    [P_FN_CD2] => 
    [P_FN_NM] => 신한은행
    [P_AMT] => 3000
    [P_UNAME] => 박순자
    [P_RMESG1] => P_VACCT_NO=56211102376194|P_EXP_DT=20250602
    [P_RMESG2] => 
    [P_NOTI] => 
    [P_AUTH_NO] => 
)

 Array
(
    [PageCall time] => 08:30:28
    [P_TID] => INIMX_VBNKCAEcatca0720250523082732195430
    [P_MID] => CAEcatca07
    [P_AUTH_DT] => 20250523083028
    [P_STATUS] => 02
    [P_TYPE] => VBANK
    [P_OID] => 250516-020
    [P_FN_CD1] => 81
    [P_FN_CD2] => 
    [P_FN_NM] => 하나은행
    [P_AMT] => 3000
    [P_UNAME] => 김경란
    [P_RMESG1] => P_VACCT_NO=20893989988937|P_EXP_DT=20250602
    [P_RMESG2] => 
    [P_NOTI] => 
    [P_AUTH_NO] => 
)

 Array
(
    [PageCall time] => 10:12:05
    [P_TID] => INIMX_VBNKCAEcatca0720250523101121505177
    [P_MID] => CAEcatca07
    [P_AUTH_DT] => 20250523101205
    [P_STATUS] => 02
    [P_TYPE] => VBANK
    [P_OID] => 250523-001
    [P_FN_CD1] => 11
    [P_FN_CD2] => 
    [P_FN_NM] => NH농협은행
    [P_AMT] => 3000
    [P_UNAME] => 박정수
    [P_RMESG1] => P_VACCT_NO=01444364714452|P_EXP_DT=20250602
    [P_RMESG2] => 
    [P_NOTI] => 
    [P_AUTH_NO] => 
)

 Array
(
    [PageCall time] => 10:24:05
    [P_TID] => INIMX_VBNKCAEcatca0720250523102021855873
    [P_MID] => CAEcatca07
    [P_AUTH_DT] => 20250523102405
    [P_STATUS] => 02
    [P_TYPE] => VBANK
    [P_OID] => 250523-002
    [P_FN_CD1] => 04
    [P_FN_CD2] => 
    [P_FN_NM] => KB국민은행
    [P_AMT] => 3000
    [P_UNAME] => 김영심
    [P_RMESG1] => P_VACCT_NO=26159078655863|P_EXP_DT=20250602
    [P_RMESG2] => 
    [P_NOTI] => 
    [P_AUTH_NO] => 
)

 Array
(
    [PageCall time] => 10:48:30
    [P_TID] => INIMX_VBNKCAEcatca0720250523104542635648
    [P_MID] => CAEcatca07
    [P_AUTH_DT] => 20250523104830
    [P_STATUS] => 02
    [P_TYPE] => VBANK
    [P_OID] => 250523-004
    [P_FN_CD1] => 89
    [P_FN_CD2] => 
    [P_FN_NM] => 케이뱅크
    [P_AMT] => 3000
    [P_UNAME] => 천재화
    [P_RMESG1] => P_VACCT_NO=70112003589601|P_EXP_DT=20250602
    [P_RMESG2] => 
    [P_NOTI] => 
    [P_AUTH_NO] => 
)

 Array
(
    [PageCall time] => 10:54:52
    [P_TID] => INIMX_VBNKCAEcatca0720250523105412935040
    [P_MID] => CAEcatca07
    [P_AUTH_DT] => 20250523105452
    [P_STATUS] => 02
    [P_TYPE] => VBANK
    [P_OID] => 250523-005
    [P_FN_CD1] => 11
    [P_FN_CD2] => 
    [P_FN_NM] => NH농협은행
    [P_AMT] => 3000
    [P_UNAME] => 김은서
    [P_RMESG1] => P_VACCT_NO=01444364743921|P_EXP_DT=20250602
    [P_RMESG2] => 
    [P_NOTI] => 
    [P_AUTH_NO] => 
)

 Array
(
    [PageCall time] => 11:31:41
    [P_TID] => INIMX_VBNKCAEcatca0720250523113059885521
    [P_MID] => CAEcatca07
    [P_AUTH_DT] => 20250523113140
    [P_STATUS] => 02
    [P_TYPE] => VBANK
    [P_OID] => 250523-007
    [P_FN_CD1] => 04
    [P_FN_CD2] => 
    [P_FN_NM] => KB국민은행
    [P_AMT] => 3000
    [P_UNAME] => 박준형
    [P_RMESG1] => P_VACCT_NO=26159078694136|P_EXP_DT=20250602
    [P_RMESG2] => 
    [P_NOTI] => 
    [P_AUTH_NO] => 
)

 Array
(
    [PageCall time] => 11:39:31
    [P_TID] => INIMX_VBNKCAEcatca0720250523113614475480
    [P_MID] => CAEcatca07
    [P_AUTH_DT] => 20250523113931
    [P_STATUS] => 02
    [P_TYPE] => VBANK
    [P_OID] => 250523-008
    [P_FN_CD1] => 20
    [P_FN_CD2] => 
    [P_FN_NM] => 우리은행
    [P_AMT] => 3000
    [P_UNAME] => 정하언
    [P_RMESG1] => P_VACCT_NO=27490157018011|P_EXP_DT=20250602
    [P_RMESG2] => 
    [P_NOTI] => 
    [P_AUTH_NO] => 
)

 Array
(
    [PageCall time] => 13:19:00
    [P_TID] => INIMX_VBNKCAEcatca0720250523131834785499
    [P_MID] => CAEcatca07
    [P_AUTH_DT] => 20250523131900
    [P_STATUS] => 02
    [P_TYPE] => VBANK
    [P_OID] => 250523-009
    [P_FN_CD1] => 04
    [P_FN_CD2] => 
    [P_FN_NM] => KB국민은행
    [P_AMT] => 3000
    [P_UNAME] => 김도희
    [P_RMESG1] => P_VACCT_NO=29419079123503|P_EXP_DT=20250602
    [P_RMESG2] => 
    [P_NOTI] => 
    [P_AUTH_NO] => 
)

 Array
(
    [PageCall time] => 15:12:02
    [P_TID] => INIMX_VBNKCAEcatca0720250523150919195400
    [P_MID] => CAEcatca07
    [P_AUTH_DT] => 20250523151202
    [P_STATUS] => 02
    [P_TYPE] => VBANK
    [P_OID] => 250523-011
    [P_FN_CD1] => 20
    [P_FN_CD2] => 
    [P_FN_NM] => 우리은행
    [P_AMT] => 3000
    [P_UNAME] => 임여진
    [P_RMESG1] => P_VACCT_NO=27490168518253|P_EXP_DT=20250602
    [P_RMESG2] => 
    [P_NOTI] => 
    [P_AUTH_NO] => 
)

 Array
(
    [PageCall time] => 16:19:18
    [P_TID] => INIMX_VBNKCAEcatca0720250523161552835745
    [P_MID] => CAEcatca07
    [P_AUTH_DT] => 20250523161918
    [P_STATUS] => 02
    [P_TYPE] => VBANK
    [P_OID] => 250523-012
    [P_FN_CD1] => 88
    [P_FN_CD2] => 
    [P_FN_NM] => 신한은행
    [P_AMT] => 3000
    [P_UNAME] => 김병호
    [P_RMESG1] => P_VACCT_NO=56211103945209|P_EXP_DT=20250602
    [P_RMESG2] => 
    [P_NOTI] => 
    [P_AUTH_NO] => 
)

 Array
(
    [PageCall time] => 16:57:20
    [P_TID] => INIMX_VBNKCAEcatca0720250523165417755988
    [P_MID] => CAEcatca07
    [P_AUTH_DT] => 20250523165720
    [P_STATUS] => 02
    [P_TYPE] => VBANK
    [P_OID] => 250523-014
    [P_FN_CD1] => 88
    [P_FN_CD2] => 
    [P_FN_NM] => 신한은행
    [P_AMT] => 3000
    [P_UNAME] => 박지영
    [P_RMESG1] => P_VACCT_NO=56211103949303|P_EXP_DT=20250602
    [P_RMESG2] => 
    [P_NOTI] => 
    [P_AUTH_NO] => 
)

 Array
(
    [PageCall time] => 16:57:25
    [P_TID] => INIMX_VBNKCAEcatca0720250523165443165160
    [P_MID] => CAEcatca07
    [P_AUTH_DT] => 20250523165725
    [P_STATUS] => 02
    [P_TYPE] => VBANK
    [P_OID] => 250523-015
    [P_FN_CD1] => 20
    [P_FN_CD2] => 
    [P_FN_NM] => 우리은행
    [P_AMT] => 3000
    [P_UNAME] => 김예림
    [P_RMESG1] => P_VACCT_NO=27490174018256|P_EXP_DT=20250602
    [P_RMESG2] => 
    [P_NOTI] => 
    [P_AUTH_NO] => 
)

 Array
(
    [PageCall time] => 17:00:53
    [P_TID] => INIMX_VBNKCAEcatca0720250523170011135490
    [P_MID] => CAEcatca07
    [P_AUTH_DT] => 20250523170053
    [P_STATUS] => 02
    [P_TYPE] => VBANK
    [P_OID] => 250523-016
    [P_FN_CD1] => 04
    [P_FN_CD2] => 
    [P_FN_NM] => KB국민은행
    [P_AMT] => 3000
    [P_UNAME] => 최현종
    [P_RMESG1] => P_VACCT_NO=26029078638881|P_EXP_DT=20250602
    [P_RMESG2] => 
    [P_NOTI] => 
    [P_AUTH_NO] => 
)

 Array
(
    [PageCall time] => 17:37:33
    [P_TID] => INIMX_VBNKCAEcatca0720250523173418444116
    [P_MID] => CAEcatca07
    [P_AUTH_DT] => 20250523173733
    [P_STATUS] => 02
    [P_TYPE] => VBANK
    [P_OID] => 250523-017
    [P_FN_CD1] => 11
    [P_FN_CD2] => 
    [P_FN_NM] => NH농협은행
    [P_AMT] => 3000
    [P_UNAME] => 최창식
    [P_RMESG1] => P_VACCT_NO=79003187063967|P_EXP_DT=20250602
    [P_RMESG2] => 
    [P_NOTI] => 
    [P_AUTH_NO] => 
)

 Array
(
    [PageCall time] => 17:44:15
    [P_TID] => INIMX_VBNKCAEcatca0720250523174310894163
    [P_MID] => CAEcatca07
    [P_AUTH_DT] => 20250523174415
    [P_STATUS] => 02
    [P_TYPE] => VBANK
    [P_OID] => 250523-018
    [P_FN_CD1] => 04
    [P_FN_CD2] => 
    [P_FN_NM] => KB국민은행
    [P_AMT] => 3000
    [P_UNAME] => 정희주
    [P_RMESG1] => P_VACCT_NO=88069011273830|P_EXP_DT=20250602
    [P_RMESG2] => 
    [P_NOTI] => 
    [P_AUTH_NO] => 
)

 Array
(
    [PageCall time] => 19:39:12
    [P_TID] => INIMX_VBNKCAEcatca0720250523193710395861
    [P_MID] => CAEcatca07
    [P_AUTH_DT] => 20250523193912
    [P_STATUS] => 02
    [P_TYPE] => VBANK
    [P_OID] => 250523-019
    [P_FN_CD1] => 11
    [P_FN_CD2] => 
    [P_FN_NM] => NH농협은행
    [P_AMT] => 3000
    [P_UNAME] => 권언우
    [P_RMESG1] => P_VACCT_NO=01444464022161|P_EXP_DT=20250602
    [P_RMESG2] => 
    [P_NOTI] => 
    [P_AUTH_NO] => 
)

 Array
(
    [PageCall time] => 21:12:25
    [P_TID] => INIMX_VBNKCAEcatca0720250523211145305194
    [P_MID] => CAEcatca07
    [P_AUTH_DT] => 20250523211225
    [P_STATUS] => 02
    [P_TYPE] => VBANK
    [P_OID] => 250515-016
    [P_FN_CD1] => 04
    [P_FN_CD2] => 
    [P_FN_NM] => KB국민은행
    [P_AMT] => 3000
    [P_UNAME] => 김혜진
    [P_RMESG1] => P_VACCT_NO=60539014058480|P_EXP_DT=20250602
    [P_RMESG2] => 
    [P_NOTI] => 
    [P_AUTH_NO] => 
)

