 Array
(
    [PageCall time] => 08:29:09
    [P_TID] => INIMX_VBNKCAEcatca0720250413082624735084
    [P_MID] => CAEcatca07
    [P_AUTH_DT] => 20250413082908
    [P_STATUS] => 02
    [P_TYPE] => VBANK
    [P_OID] => 250413-002
    [P_FN_CD1] => 88
    [P_FN_CD2] => 
    [P_FN_NM] => 신한은행
    [P_AMT] => 3000
    [P_UNAME] => 박정석
    [P_RMESG1] => P_VACCT_NO=56211990582403|P_EXP_DT=20250423
    [P_RMESG2] => 
    [P_NOTI] => 
    [P_AUTH_NO] => 
)

 Array
(
    [PageCall time] => 08:58:10
    [P_TID] => INIMX_VBNKCAEcatca0720250413085652665660
    [P_MID] => CAEcatca07
    [P_AUTH_DT] => 20250413085810
    [P_STATUS] => 02
    [P_TYPE] => VBANK
    [P_OID] => 250413-003
    [P_FN_CD1] => 04
    [P_FN_CD2] => 
    [P_FN_NM] => KB국민은행
    [P_AMT] => 3000
    [P_UNAME] => 조민정
    [P_RMESG1] => P_VACCT_NO=26029078616993|P_EXP_DT=20250423
    [P_RMESG2] => 
    [P_NOTI] => 
    [P_AUTH_NO] => 
)

 Array
(
    [PageCall time] => 11:58:50
    [P_TID] => INIMX_VBNKCAEcatca0720250413115730125843
    [P_MID] => CAEcatca07
    [P_AUTH_DT] => 20250413115850
    [P_STATUS] => 02
    [P_TYPE] => VBANK
    [P_OID] => 250413-004
    [P_FN_CD1] => 04
    [P_FN_CD2] => 
    [P_FN_NM] => KB국민은행
    [P_AMT] => 3000
    [P_UNAME] => 노증영
    [P_RMESG1] => P_VACCT_NO=26029078364447|P_EXP_DT=20250423
    [P_RMESG2] => 
    [P_NOTI] => 
    [P_AUTH_NO] => 
)

 Array
(
    [PageCall time] => 12:45:34
    [P_TID] => INIMX_VBNKCAEcatca0720250413124352205051
    [P_MID] => CAEcatca07
    [P_AUTH_DT] => 20250413124534
    [P_STATUS] => 02
    [P_TYPE] => VBANK
    [P_OID] => 250413-005
    [P_FN_CD1] => 11
    [P_FN_CD2] => 
    [P_FN_NM] => NH농협은행
    [P_AMT] => 3000
    [P_UNAME] => 조명란
    [P_RMESG1] => P_VACCT_NO=79015900234274|P_EXP_DT=20250423
    [P_RMESG2] => 
    [P_NOTI] => 
    [P_AUTH_NO] => 
)

 Array
(
    [PageCall time] => 16:48:24
    [P_TID] => INIMX_VBNKCAEcatca0720250413164308525766
    [P_MID] => CAEcatca07
    [P_AUTH_DT] => 20250413164824
    [P_STATUS] => 02
    [P_TYPE] => VBANK
    [P_OID] => 250412-002
    [P_FN_CD1] => 81
    [P_FN_CD2] => 
    [P_FN_NM] => 하나은행
    [P_AMT] => 3000
    [P_UNAME] => 정현진
    [P_RMESG1] => P_VACCT_NO=20894837877837|P_EXP_DT=20250423
    [P_RMESG2] => 
    [P_NOTI] => 
    [P_AUTH_NO] => 
)

 Array
(
    [PageCall time] => 18:20:38
    [P_TID] => INIMX_VBNKCAEcatca0720250413181806795578
    [P_MID] => CAEcatca07
    [P_AUTH_DT] => 20250413182038
    [P_STATUS] => 02
    [P_TYPE] => VBANK
    [P_OID] => 250413-007
    [P_FN_CD1] => 88
    [P_FN_CD2] => 
    [P_FN_NM] => 신한은행
    [P_AMT] => 3000
    [P_UNAME] => 김희경
    [P_RMESG1] => P_VACCT_NO=56211991809389|P_EXP_DT=20250423
    [P_RMESG2] => 
    [P_NOTI] => 
    [P_AUTH_NO] => 
)

 Array
(
    [PageCall time] => 18:28:54
    [P_TID] => INIMX_VBNKCAEcatca0720250413182803155921
    [P_MID] => CAEcatca07
    [P_AUTH_DT] => 20250413182854
    [P_STATUS] => 02
    [P_TYPE] => VBANK
    [P_OID] => 250413-008
    [P_FN_CD1] => 04
    [P_FN_CD2] => 
    [P_FN_NM] => KB국민은행
    [P_AMT] => 3000
    [P_UNAME] => 박성준
    [P_RMESG1] => P_VACCT_NO=39449011512599|P_EXP_DT=20250423
    [P_RMESG2] => 
    [P_NOTI] => 
    [P_AUTH_NO] => 
)

 Array
(
    [PageCall time] => 20:08:50
    [P_TID] => INIMX_VBNKCAEcatca0720250413200712835251
    [P_MID] => CAEcatca07
    [P_AUTH_DT] => 20250413200850
    [P_STATUS] => 02
    [P_TYPE] => VBANK
    [P_OID] => 250407-004
    [P_FN_CD1] => 11
    [P_FN_CD2] => 
    [P_FN_NM] => NH농협은행
    [P_AMT] => 3000
    [P_UNAME] => 김지은
    [P_RMESG1] => P_VACCT_NO=79015900276580|P_EXP_DT=20250423
    [P_RMESG2] => 
    [P_NOTI] => 
    [P_AUTH_NO] => 
)

 Array
(
    [PageCall time] => 21:19:25
    [P_TID] => INIMX_VBNKCAEcatca0720250413211607305802
    [P_MID] => CAEcatca07
    [P_AUTH_DT] => 20250413211925
    [P_STATUS] => 02
    [P_TYPE] => VBANK
    [P_OID] => 250413-009
    [P_FN_CD1] => 81
    [P_FN_CD2] => 
    [P_FN_NM] => 하나은행
    [P_AMT] => 3000
    [P_UNAME] => 신희철
    [P_RMESG1] => P_VACCT_NO=20894841860937|P_EXP_DT=20250423
    [P_RMESG2] => 
    [P_NOTI] => 
    [P_AUTH_NO] => 
)

