 Array
(
    [PageCall time] => 06:21:25
    [P_TID] => INIMX_VBNKCAEcatca0720250530062017554782
    [P_MID] => CAEcatca07
    [P_AUTH_DT] => 20250530062125
    [P_STATUS] => 02
    [P_TYPE] => VBANK
    [P_OID] => 250530-001
    [P_FN_CD1] => 04
    [P_FN_CD2] => 
    [P_FN_NM] => KB국민은행
    [P_AMT] => 3000
    [P_UNAME] => 윤성진
    [P_RMESG1] => P_VACCT_NO=88069011378131|P_EXP_DT=20250609
    [P_RMESG2] => 
    [P_NOTI] => 
    [P_AUTH_NO] => 
)

 Array
(
    [PageCall time] => 09:14:06
    [P_TID] => INIMX_VBNKCAEcatca0720250530091312734945
    [P_MID] => CAEcatca07
    [P_AUTH_DT] => 20250530091406
    [P_STATUS] => 02
    [P_TYPE] => VBANK
    [P_OID] => 250529-007
    [P_FN_CD1] => 04
    [P_FN_CD2] => 
    [P_FN_NM] => KB국민은행
    [P_AMT] => 3000
    [P_UNAME] => Kook hye roung
    [P_RMESG1] => P_VACCT_NO=88069011382075|P_EXP_DT=20250609
    [P_RMESG2] => 
    [P_NOTI] => 
    [P_AUTH_NO] => 
)

 Array
(
    [PageCall time] => 10:33:36
    [P_TID] => INIMX_VBNKCAEcatca0720250530103039694995
    [P_MID] => CAEcatca07
    [P_AUTH_DT] => 20250530103336
    [P_STATUS] => 02
    [P_TYPE] => VBANK
    [P_OID] => 250530-003
    [P_FN_CD1] => 20
    [P_FN_CD2] => 
    [P_FN_NM] => 우리은행
    [P_AMT] => 3000
    [P_UNAME] => 박훈서
    [P_RMESG1] => P_VACCT_NO=61842893618371|P_EXP_DT=20250609
    [P_RMESG2] => 
    [P_NOTI] => 
    [P_AUTH_NO] => 
)

 Array
(
    [PageCall time] => 10:42:06
    [P_TID] => INIMX_VBNKCAEcatca0720250530103915274576
    [P_MID] => CAEcatca07
    [P_AUTH_DT] => 20250530104206
    [P_STATUS] => 02
    [P_TYPE] => VBANK
    [P_OID] => 250530-004
    [P_FN_CD1] => 81
    [P_FN_CD2] => 
    [P_FN_NM] => 하나은행
    [P_AMT] => 3000
    [P_UNAME] => 유미영
    [P_RMESG1] => P_VACCT_NO=58391286201937|P_EXP_DT=20250609
    [P_RMESG2] => 
    [P_NOTI] => 
    [P_AUTH_NO] => 
)

 Array
(
    [PageCall time] => 11:02:36
    [P_TID] => INIMX_VBNKCAEcatca0720250530105931784815
    [P_MID] => CAEcatca07
    [P_AUTH_DT] => 20250530110236
    [P_STATUS] => 02
    [P_TYPE] => VBANK
    [P_OID] => 250530-005
    [P_FN_CD1] => 88
    [P_FN_CD2] => 
    [P_FN_NM] => 신한은행
    [P_AMT] => 3000
    [P_UNAME] => 손민식
    [P_RMESG1] => P_VACCT_NO=56211121326377|P_EXP_DT=20250609
    [P_RMESG2] => 
    [P_NOTI] => 
    [P_AUTH_NO] => 
)

 Array
(
    [PageCall time] => 11:06:28
    [P_TID] => INIMX_VBNKCAEcatca0720250530110318204521
    [P_MID] => CAEcatca07
    [P_AUTH_DT] => 20250530110628
    [P_STATUS] => 02
    [P_TYPE] => VBANK
    [P_OID] => 250530-007
    [P_FN_CD1] => 88
    [P_FN_CD2] => 
    [P_FN_NM] => 신한은행
    [P_AMT] => 3000
    [P_UNAME] => 송윤호
    [P_RMESG1] => P_VACCT_NO=56211121326589|P_EXP_DT=20250609
    [P_RMESG2] => 
    [P_NOTI] => 
    [P_AUTH_NO] => 
)

 Array
(
    [PageCall time] => 11:13:49
    [P_TID] => INIMX_VBNKCAEcatca0720250530111031634261
    [P_MID] => CAEcatca07
    [P_AUTH_DT] => 20250530111349
    [P_STATUS] => 02
    [P_TYPE] => VBANK
    [P_OID] => 250530-009
    [P_FN_CD1] => 20
    [P_FN_CD2] => 
    [P_FN_NM] => 우리은행
    [P_AMT] => 3000
    [P_UNAME] => 서예찬
    [P_RMESG1] => P_VACCT_NO=61842896918450|P_EXP_DT=20250609
    [P_RMESG2] => 
    [P_NOTI] => 
    [P_AUTH_NO] => 
)

 Array
(
    [PageCall time] => 11:30:15
    [P_TID] => INIMX_VBNKCAEcatca0720250530112706314306
    [P_MID] => CAEcatca07
    [P_AUTH_DT] => 20250530113015
    [P_STATUS] => 02
    [P_TYPE] => VBANK
    [P_OID] => 250530-011
    [P_FN_CD1] => 81
    [P_FN_CD2] => 
    [P_FN_NM] => 하나은행
    [P_AMT] => 3000
    [P_UNAME] => 박수진
    [P_RMESG1] => P_VACCT_NO=58391286742537|P_EXP_DT=20250609
    [P_RMESG2] => 
    [P_NOTI] => 
    [P_AUTH_NO] => 
)

 Array
(
    [PageCall time] => 11:46:38
    [P_TID] => INIMX_VBNKCAEcatca0720250530114540124126
    [P_MID] => CAEcatca07
    [P_AUTH_DT] => 20250530114638
    [P_STATUS] => 02
    [P_TYPE] => VBANK
    [P_OID] => 250526-034
    [P_FN_CD1] => 11
    [P_FN_CD2] => 
    [P_FN_NM] => NH농협은행
    [P_AMT] => 3000
    [P_UNAME] => 김정아
    [P_RMESG1] => P_VACCT_NO=79003187186147|P_EXP_DT=20250609
    [P_RMESG2] => 
    [P_NOTI] => 
    [P_AUTH_NO] => 
)

 Array
(
    [PageCall time] => 11:57:50
    [P_TID] => INIMX_VBNKCAEcatca0720250530115456754388
    [P_MID] => CAEcatca07
    [P_AUTH_DT] => 20250530115750
    [P_STATUS] => 02
    [P_TYPE] => VBANK
    [P_OID] => 250529-003
    [P_FN_CD1] => 11
    [P_FN_CD2] => 
    [P_FN_NM] => NH농협은행
    [P_AMT] => 3000
    [P_UNAME] => 김승섭
    [P_RMESG1] => P_VACCT_NO=79003187186986|P_EXP_DT=20250609
    [P_RMESG2] => 
    [P_NOTI] => 
    [P_AUTH_NO] => 
)

 Array
(
    [PageCall time] => 12:58:31
    [P_TID] => INIMX_VBNKCAEcatca0720250530125546864911
    [P_MID] => CAEcatca07
    [P_AUTH_DT] => 20250530125831
    [P_STATUS] => 02
    [P_TYPE] => VBANK
    [P_OID] => 250530-012
    [P_FN_CD1] => 88
    [P_FN_CD2] => 
    [P_FN_NM] => 신한은행
    [P_AMT] => 3000
    [P_UNAME] => 나아름
    [P_RMESG1] => P_VACCT_NO=56211121330056|P_EXP_DT=20250609
    [P_RMESG2] => 
    [P_NOTI] => 
    [P_AUTH_NO] => 
)

 Array
(
    [PageCall time] => 15:11:34
    [P_TID] => INIMX_VBNKCAEcatca0720250530150719464983
    [P_MID] => CAEcatca07
    [P_AUTH_DT] => 20250530151134
    [P_STATUS] => 02
    [P_TYPE] => VBANK
    [P_OID] => 250530-017
    [P_FN_CD1] => 03
    [P_FN_CD2] => 
    [P_FN_NM] => 기업은행
    [P_AMT] => 3000
    [P_UNAME] => 박현희
    [P_RMESG1] => P_VACCT_NO=07503410497501|P_EXP_DT=20250609
    [P_RMESG2] => 
    [P_NOTI] => 
    [P_AUTH_NO] => 
)

 Array
(
    [PageCall time] => 16:25:15
    [P_TID] => INIMX_VBNKCAEcatca0720250530142649865704
    [P_MID] => CAEcatca07
    [P_AUTH_DT] => 20250530162515
    [P_STATUS] => 02
    [P_TYPE] => VBANK
    [P_OID] => 250530-014
    [P_FN_CD1] => 04
    [P_FN_CD2] => 
    [P_FN_NM] => KB국민은행
    [P_AMT] => 3000
    [P_UNAME] => 최정원
    [P_RMESG1] => P_VACCT_NO=60539014654783|P_EXP_DT=20250609
    [P_RMESG2] => 
    [P_NOTI] => 
    [P_AUTH_NO] => 
)

 Array
(
    [PageCall time] => 17:06:58
    [P_TID] => INIMX_VBNKCAEcatca0720250530170607425302
    [P_MID] => CAEcatca07
    [P_AUTH_DT] => 20250530170658
    [P_STATUS] => 02
    [P_TYPE] => VBANK
    [P_OID] => 250528-011
    [P_FN_CD1] => 11
    [P_FN_CD2] => 
    [P_FN_NM] => NH농협은행
    [P_AMT] => 3000
    [P_UNAME] => 김민경
    [P_RMESG1] => P_VACCT_NO=79003186507837|P_EXP_DT=20250609
    [P_RMESG2] => 
    [P_NOTI] => 
    [P_AUTH_NO] => 
)

 Array
(
    [PageCall time] => 17:26:07
    [P_TID] => INIMX_VBNKCAEcatca0720250530172436735317
    [P_MID] => CAEcatca07
    [P_AUTH_DT] => 20250530172607
    [P_STATUS] => 02
    [P_TYPE] => VBANK
    [P_OID] => 250530-021
    [P_FN_CD1] => 11
    [P_FN_CD2] => 
    [P_FN_NM] => NH농협은행
    [P_AMT] => 3000
    [P_UNAME] => 안희란
    [P_RMESG1] => P_VACCT_NO=79003186516693|P_EXP_DT=20250609
    [P_RMESG2] => 
    [P_NOTI] => 
    [P_AUTH_NO] => 
)

 Array
(
    [PageCall time] => 18:03:51
    [P_TID] => INIMX_VBNKCAEcatca0720250530180126625696
    [P_MID] => CAEcatca07
    [P_AUTH_DT] => 20250530180351
    [P_STATUS] => 02
    [P_TYPE] => VBANK
    [P_OID] => 250530-020
    [P_FN_CD1] => 04
    [P_FN_CD2] => 
    [P_FN_NM] => KB국민은행
    [P_AMT] => 3000
    [P_UNAME] => 이웅렬
    [P_RMESG1] => P_VACCT_NO=60539014683206|P_EXP_DT=20250609
    [P_RMESG2] => 
    [P_NOTI] => 
    [P_AUTH_NO] => 
)

 Array
(
    [PageCall time] => 18:33:04
    [P_TID] => INIMX_VBNKCAEcatca0720250530110056764495
    [P_MID] => CAEcatca07
    [P_AUTH_DT] => 20250530183304
    [P_STATUS] => 02
    [P_TYPE] => VBANK
    [P_OID] => 250530-006
    [P_FN_CD1] => 11
    [P_FN_CD2] => 
    [P_FN_NM] => NH농협은행
    [P_AMT] => 3000
    [P_UNAME] => 박미정
    [P_RMESG1] => P_VACCT_NO=79003187181812|P_EXP_DT=20250609
    [P_RMESG2] => 
    [P_NOTI] => 
    [P_AUTH_NO] => 
)

 Array
(
    [PageCall time] => 21:44:07
    [P_TID] => INIMX_VBNKCAEcatca0720250530214302705038
    [P_MID] => CAEcatca07
    [P_AUTH_DT] => 20250530214407
    [P_STATUS] => 02
    [P_TYPE] => VBANK
    [P_OID] => 250530-022
    [P_FN_CD1] => 04
    [P_FN_CD2] => 
    [P_FN_NM] => KB국민은행
    [P_AMT] => 3000
    [P_UNAME] => 김경호
    [P_RMESG1] => P_VACCT_NO=60539014719219|P_EXP_DT=20250609
    [P_RMESG2] => 
    [P_NOTI] => 
    [P_AUTH_NO] => 
)

