 Array
(
    [PageCall time] => 00:07:04
    [P_TID] => INIMX_VBNKCAEcatca0720250407000347175221
    [P_MID] => CAEcatca07
    [P_AUTH_DT] => 20250407000704
    [P_STATUS] => 02
    [P_TYPE] => VBANK
    [P_OID] => 250407-001
    [P_FN_CD1] => 89
    [P_FN_CD2] => 
    [P_FN_NM] => 케이뱅크
    [P_AMT] => 3000
    [P_UNAME] => 정진
    [P_RMESG1] => P_VACCT_NO=70112003257858|P_EXP_DT=20250417
    [P_RMESG2] => 
    [P_NOTI] => 
    [P_AUTH_NO] => 
)

 Array
(
    [PageCall time] => 09:26:16
    [P_TID] => INIMX_VBNKCAEcatca0720250407092310854911
    [P_MID] => CAEcatca07
    [P_AUTH_DT] => 20250407092616
    [P_STATUS] => 02
    [P_TYPE] => VBANK
    [P_OID] => 250407-003
    [P_FN_CD1] => 03
    [P_FN_CD2] => 
    [P_FN_NM] => 기업은행
    [P_AMT] => 3000
    [P_UNAME] => 김선희
    [P_RMESG1] => P_VACCT_NO=07503259597020|P_EXP_DT=20250417
    [P_RMESG2] => 
    [P_NOTI] => 
    [P_AUTH_NO] => 
)

 Array
(
    [PageCall time] => 10:29:56
    [P_TID] => INIMX_VBNKCAEcatca0720250407102717374583
    [P_MID] => CAEcatca07
    [P_AUTH_DT] => 20250407102956
    [P_STATUS] => 02
    [P_TYPE] => VBANK
    [P_OID] => 250407-005
    [P_FN_CD1] => 88
    [P_FN_CD2] => 
    [P_FN_NM] => 신한은행
    [P_AMT] => 3000
    [P_UNAME] => 민경식
    [P_RMESG1] => P_VACCT_NO=56211111690399|P_EXP_DT=20250417
    [P_RMESG2] => 
    [P_NOTI] => 
    [P_AUTH_NO] => 
)

 Array
(
    [PageCall time] => 10:33:35
    [P_TID] => INIMX_VBNKCAEcatca0720250407103010934717
    [P_MID] => CAEcatca07
    [P_AUTH_DT] => 20250407103335
    [P_STATUS] => 02
    [P_TYPE] => VBANK
    [P_OID] => 250407-006
    [P_FN_CD1] => 03
    [P_FN_CD2] => 
    [P_FN_NM] => 기업은행
    [P_AMT] => 3000
    [P_UNAME] => 최재영
    [P_RMESG1] => P_VACCT_NO=07503261697180|P_EXP_DT=20250417
    [P_RMESG2] => 
    [P_NOTI] => 
    [P_AUTH_NO] => 
)

 Array
(
    [PageCall time] => 10:45:57
    [P_TID] => INIMX_VBNKCAEcatca0720250407104523894497
    [P_MID] => CAEcatca07
    [P_AUTH_DT] => 20250407104557
    [P_STATUS] => 02
    [P_TYPE] => VBANK
    [P_OID] => 250407-007
    [P_FN_CD1] => 04
    [P_FN_CD2] => 
    [P_FN_NM] => KB국민은행
    [P_AMT] => 3000
    [P_UNAME] => 김소연
    [P_RMESG1] => P_VACCT_NO=87839011200424|P_EXP_DT=20250417
    [P_RMESG2] => 
    [P_NOTI] => 
    [P_AUTH_NO] => 
)

 Array
(
    [PageCall time] => 11:52:28
    [P_TID] => INIMX_VBNKCAEcatca0720250407115159474685
    [P_MID] => CAEcatca07
    [P_AUTH_DT] => 20250407115228
    [P_STATUS] => 02
    [P_TYPE] => VBANK
    [P_OID] => 250407-011
    [P_FN_CD1] => 11
    [P_FN_CD2] => 
    [P_FN_NM] => NH농협은행
    [P_AMT] => 3000
    [P_UNAME] => 정민환
    [P_RMESG1] => P_VACCT_NO=01444964743938|P_EXP_DT=20250417
    [P_RMESG2] => 
    [P_NOTI] => 
    [P_AUTH_NO] => 
)

 Array
(
    [PageCall time] => 12:16:02
    [P_TID] => INIMX_VBNKCAEcatca0720250407121247874881
    [P_MID] => CAEcatca07
    [P_AUTH_DT] => 20250407121602
    [P_STATUS] => 02
    [P_TYPE] => VBANK
    [P_OID] => 250407-012
    [P_FN_CD1] => 89
    [P_FN_CD2] => 
    [P_FN_NM] => 케이뱅크
    [P_AMT] => 3000
    [P_UNAME] => 김준
    [P_RMESG1] => P_VACCT_NO=70112000059261|P_EXP_DT=20250417
    [P_RMESG2] => 
    [P_NOTI] => 
    [P_AUTH_NO] => 
)

 Array
(
    [PageCall time] => 12:17:59
    [P_TID] => INIMX_VBNKCAEcatca0720250407121511354077
    [P_MID] => CAEcatca07
    [P_AUTH_DT] => 20250407121759
    [P_STATUS] => 02
    [P_TYPE] => VBANK
    [P_OID] => 250407-013
    [P_FN_CD1] => 03
    [P_FN_CD2] => 
    [P_FN_NM] => 기업은행
    [P_AMT] => 3000
    [P_UNAME] => 안주연
    [P_RMESG1] => P_VACCT_NO=07503265897940|P_EXP_DT=20250417
    [P_RMESG2] => 
    [P_NOTI] => 
    [P_AUTH_NO] => 
)

 Array
(
    [PageCall time] => 12:34:17
    [P_TID] => INIMX_VBNKCAEcatca0720250407123333184021
    [P_MID] => CAEcatca07
    [P_AUTH_DT] => 20250407123417
    [P_STATUS] => 02
    [P_TYPE] => VBANK
    [P_OID] => 250407-015
    [P_FN_CD1] => 04
    [P_FN_CD2] => 
    [P_FN_NM] => KB국민은행
    [P_AMT] => 3000
    [P_UNAME] => 박정애
    [P_RMESG1] => P_VACCT_NO=87839011247751|P_EXP_DT=20250417
    [P_RMESG2] => 
    [P_NOTI] => 
    [P_AUTH_NO] => 
)

 Array
(
    [PageCall time] => 13:13:26
    [P_TID] => INIMX_VBNKCAEcatca0720250407131003614281
    [P_MID] => CAEcatca07
    [P_AUTH_DT] => 20250407131326
    [P_STATUS] => 02
    [P_TYPE] => VBANK
    [P_OID] => 250405-011
    [P_FN_CD1] => 20
    [P_FN_CD2] => 
    [P_FN_NM] => 우리은행
    [P_AMT] => 3000
    [P_UNAME] => 박남순
    [P_RMESG1] => P_VACCT_NO=61841253218455|P_EXP_DT=20250417
    [P_RMESG2] => 
    [P_NOTI] => 
    [P_AUTH_NO] => 
)

 Array
(
    [PageCall time] => 13:15:46
    [P_TID] => INIMX_VBNKCAEcatca0720250407131208124930
    [P_MID] => CAEcatca07
    [P_AUTH_DT] => 20250407131546
    [P_STATUS] => 02
    [P_TYPE] => VBANK
    [P_OID] => 250407-008
    [P_FN_CD1] => 03
    [P_FN_CD2] => 
    [P_FN_NM] => 기업은행
    [P_AMT] => 3000
    [P_UNAME] => 김영인
    [P_RMESG1] => P_VACCT_NO=07503266497898|P_EXP_DT=20250417
    [P_RMESG2] => 
    [P_NOTI] => 
    [P_AUTH_NO] => 
)

 Array
(
    [PageCall time] => 13:41:11
    [P_TID] => INIMX_VBNKCAEcatca0720250407133942544120
    [P_MID] => CAEcatca07
    [P_AUTH_DT] => 20250407134111
    [P_STATUS] => 02
    [P_TYPE] => VBANK
    [P_OID] => 250407-017
    [P_FN_CD1] => 04
    [P_FN_CD2] => 
    [P_FN_NM] => KB국민은행
    [P_AMT] => 3000
    [P_UNAME] => 이정욱
    [P_RMESG1] => P_VACCT_NO=87839011272560|P_EXP_DT=20250417
    [P_RMESG2] => 
    [P_NOTI] => 
    [P_AUTH_NO] => 
)

 Array
(
    [PageCall time] => 13:43:40
    [P_TID] => INIMX_VBNKCAEcatca0720250407134052544905
    [P_MID] => CAEcatca07
    [P_AUTH_DT] => 20250407134340
    [P_STATUS] => 02
    [P_TYPE] => VBANK
    [P_OID] => 250407-016
    [P_FN_CD1] => 03
    [P_FN_CD2] => 
    [P_FN_NM] => 기업은행
    [P_AMT] => 3000
    [P_UNAME] => 최명규
    [P_RMESG1] => P_VACCT_NO=07503266897376|P_EXP_DT=20250417
    [P_RMESG2] => 
    [P_NOTI] => 
    [P_AUTH_NO] => 
)

 Array
(
    [PageCall time] => 13:48:05
    [P_TID] => INIMX_VBNKCAEcatca0720250407134707964615
    [P_MID] => CAEcatca07
    [P_AUTH_DT] => 20250407134805
    [P_STATUS] => 02
    [P_TYPE] => VBANK
    [P_OID] => 250407-018
    [P_FN_CD1] => 11
    [P_FN_CD2] => 
    [P_FN_NM] => NH농협은행
    [P_AMT] => 3000
    [P_UNAME] => 이건창
    [P_RMESG1] => P_VACCT_NO=01444964864406|P_EXP_DT=20250417
    [P_RMESG2] => 
    [P_NOTI] => 
    [P_AUTH_NO] => 
)

 Array
(
    [PageCall time] => 14:08:16
    [P_TID] => INIMX_VBNKCAEcatca0720250407140434734909
    [P_MID] => CAEcatca07
    [P_AUTH_DT] => 20250407140816
    [P_STATUS] => 02
    [P_TYPE] => VBANK
    [P_OID] => 250407-020
    [P_FN_CD1] => 89
    [P_FN_CD2] => 
    [P_FN_NM] => 케이뱅크
    [P_AMT] => 3000
    [P_UNAME] => 오재홍
    [P_RMESG1] => P_VACCT_NO=70112000060572|P_EXP_DT=20250417
    [P_RMESG2] => 
    [P_NOTI] => 
    [P_AUTH_NO] => 
)

 Array
(
    [PageCall time] => 14:13:47
    [P_TID] => INIMX_VBNKCAEcatca0720250407141041264008
    [P_MID] => CAEcatca07
    [P_AUTH_DT] => 20250407141347
    [P_STATUS] => 02
    [P_TYPE] => VBANK
    [P_OID] => 250407-021
    [P_FN_CD1] => 03
    [P_FN_CD2] => 
    [P_FN_NM] => 기업은행
    [P_AMT] => 3000
    [P_UNAME] => 최성훈
    [P_RMESG1] => P_VACCT_NO=07503267197206|P_EXP_DT=20250417
    [P_RMESG2] => 
    [P_NOTI] => 
    [P_AUTH_NO] => 
)

 Array
(
    [PageCall time] => 14:14:49
    [P_TID] => INIMX_VBNKCAEcatca0720250407140922504093
    [P_MID] => CAEcatca07
    [P_AUTH_DT] => 20250407141449
    [P_STATUS] => 02
    [P_TYPE] => VBANK
    [P_OID] => 250407-019
    [P_FN_CD1] => 20
    [P_FN_CD2] => 
    [P_FN_NM] => 우리은행
    [P_AMT] => 3000
    [P_UNAME] => 박춘미
    [P_RMESG1] => P_VACCT_NO=61841259018352|P_EXP_DT=20250417
    [P_RMESG2] => 
    [P_NOTI] => 
    [P_AUTH_NO] => 
)

 Array
(
    [PageCall time] => 14:38:03
    [P_TID] => INIMX_VBNKCAEcatca0720250407143726494101
    [P_MID] => CAEcatca07
    [P_AUTH_DT] => 20250407143803
    [P_STATUS] => 02
    [P_TYPE] => VBANK
    [P_OID] => 250407-022
    [P_FN_CD1] => 04
    [P_FN_CD2] => 
    [P_FN_NM] => KB국민은행
    [P_AMT] => 3000
    [P_UNAME] => 정솔지
    [P_RMESG1] => P_VACCT_NO=87839011295190|P_EXP_DT=20250417
    [P_RMESG2] => 
    [P_NOTI] => 
    [P_AUTH_NO] => 
)

 Array
(
    [PageCall time] => 14:43:29
    [P_TID] => INIMX_VBNKCAEcatca0720250407144004664145
    [P_MID] => CAEcatca07
    [P_AUTH_DT] => 20250407144329
    [P_STATUS] => 02
    [P_TYPE] => VBANK
    [P_OID] => 250407-023
    [P_FN_CD1] => 03
    [P_FN_CD2] => 
    [P_FN_NM] => 기업은행
    [P_AMT] => 3000
    [P_UNAME] => 송아름
    [P_RMESG1] => P_VACCT_NO=07503267797254|P_EXP_DT=20250417
    [P_RMESG2] => 
    [P_NOTI] => 
    [P_AUTH_NO] => 
)

 Array
(
    [PageCall time] => 15:44:06
    [P_TID] => INIMX_VBNKCAEcatca0720250407154124744349
    [P_MID] => CAEcatca07
    [P_AUTH_DT] => 20250407154406
    [P_STATUS] => 02
    [P_TYPE] => VBANK
    [P_OID] => 250407-024
    [P_FN_CD1] => 88
    [P_FN_CD2] => 
    [P_FN_NM] => 신한은행
    [P_AMT] => 3000
    [P_UNAME] => 임혜영
    [P_RMESG1] => P_VACCT_NO=56211111724432|P_EXP_DT=20250417
    [P_RMESG2] => 
    [P_NOTI] => 
    [P_AUTH_NO] => 
)

 Array
(
    [PageCall time] => 15:45:17
    [P_TID] => INIMX_VBNKCAEcatca0720250407154312154080
    [P_MID] => CAEcatca07
    [P_AUTH_DT] => 20250407154517
    [P_STATUS] => 02
    [P_TYPE] => VBANK
    [P_OID] => 250407-025
    [P_FN_CD1] => 04
    [P_FN_CD2] => 
    [P_FN_NM] => KB국민은행
    [P_AMT] => 3000
    [P_UNAME] => 김지훈
    [P_RMESG1] => P_VACCT_NO=87839011309893|P_EXP_DT=20250417
    [P_RMESG2] => 
    [P_NOTI] => 
    [P_AUTH_NO] => 
)

 Array
(
    [PageCall time] => 15:48:43
    [P_TID] => INIMX_VBNKCAEcatca0720250407154520394333
    [P_MID] => CAEcatca07
    [P_AUTH_DT] => 20250407154843
    [P_STATUS] => 02
    [P_TYPE] => VBANK
    [P_OID] => 250407-026
    [P_FN_CD1] => 88
    [P_FN_CD2] => 
    [P_FN_NM] => 신한은행
    [P_AMT] => 3000
    [P_UNAME] => 정진환
    [P_RMESG1] => P_VACCT_NO=56211111724822|P_EXP_DT=20250417
    [P_RMESG2] => 
    [P_NOTI] => 
    [P_AUTH_NO] => 
)

 Array
(
    [PageCall time] => 15:51:56
    [P_TID] => INIMX_VBNKCAEcatca0720250407154713674710
    [P_MID] => CAEcatca07
    [P_AUTH_DT] => 20250407155156
    [P_STATUS] => 02
    [P_TYPE] => VBANK
    [P_OID] => 250407-027
    [P_FN_CD1] => 04
    [P_FN_CD2] => 
    [P_FN_NM] => KB국민은행
    [P_AMT] => 3000
    [P_UNAME] => 허수진
    [P_RMESG1] => P_VACCT_NO=87839011310426|P_EXP_DT=20250417
    [P_RMESG2] => 
    [P_NOTI] => 
    [P_AUTH_NO] => 
)

 Array
(
    [PageCall time] => 15:58:29
    [P_TID] => INIMX_VBNKCAEcatca0720250407155559604711
    [P_MID] => CAEcatca07
    [P_AUTH_DT] => 20250407155829
    [P_STATUS] => 02
    [P_TYPE] => VBANK
    [P_OID] => 250407-029
    [P_FN_CD1] => 03
    [P_FN_CD2] => 
    [P_FN_NM] => 기업은행
    [P_AMT] => 3000
    [P_UNAME] => 이연지
    [P_RMESG1] => P_VACCT_NO=07503268597712|P_EXP_DT=20250417
    [P_RMESG2] => 
    [P_NOTI] => 
    [P_AUTH_NO] => 
)

 Array
(
    [PageCall time] => 18:41:07
    [P_TID] => INIMX_VBNKCAEcatca0720250407184008624705
    [P_MID] => CAEcatca07
    [P_AUTH_DT] => 20250407184107
    [P_STATUS] => 02
    [P_TYPE] => VBANK
    [P_OID] => 250407-032
    [P_FN_CD1] => 11
    [P_FN_CD2] => 
    [P_FN_NM] => NH농협은행
    [P_AMT] => 3000
    [P_UNAME] => 윤나영
    [P_RMESG1] => P_VACCT_NO=01445064056192|P_EXP_DT=20250417
    [P_RMESG2] => 
    [P_NOTI] => 
    [P_AUTH_NO] => 
)

 Array
(
    [PageCall time] => 18:43:49
    [P_TID] => INIMX_VBNKCAEcatca0720250407184032444671
    [P_MID] => CAEcatca07
    [P_AUTH_DT] => 20250407184349
    [P_STATUS] => 02
    [P_TYPE] => VBANK
    [P_OID] => 250407-033
    [P_FN_CD1] => 20
    [P_FN_CD2] => 
    [P_FN_NM] => 우리은행
    [P_AMT] => 3000
    [P_UNAME] => 장경원
    [P_RMESG1] => P_VACCT_NO=61841275018001|P_EXP_DT=20250417
    [P_RMESG2] => 
    [P_NOTI] => 
    [P_AUTH_NO] => 
)

 Array
(
    [PageCall time] => 19:01:02
    [P_TID] => INIMX_VBNKCAEcatca0720250407185815454361
    [P_MID] => CAEcatca07
    [P_AUTH_DT] => 20250407190102
    [P_STATUS] => 02
    [P_TYPE] => VBANK
    [P_OID] => 250407-034
    [P_FN_CD1] => 88
    [P_FN_CD2] => 
    [P_FN_NM] => 신한은행
    [P_AMT] => 3000
    [P_UNAME] => 임다예
    [P_RMESG1] => P_VACCT_NO=56211111734315|P_EXP_DT=20250417
    [P_RMESG2] => 
    [P_NOTI] => 
    [P_AUTH_NO] => 
)

 Array
(
    [PageCall time] => 19:08:21
    [P_TID] => INIMX_VBNKCAEcatca0720250407190543334926
    [P_MID] => CAEcatca07
    [P_AUTH_DT] => 20250407190820
    [P_STATUS] => 02
    [P_TYPE] => VBANK
    [P_OID] => 250407-035
    [P_FN_CD1] => 11
    [P_FN_CD2] => 
    [P_FN_NM] => NH농협은행
    [P_AMT] => 3000
    [P_UNAME] => 이성재
    [P_RMESG1] => P_VACCT_NO=01445064068097|P_EXP_DT=20250417
    [P_RMESG2] => 
    [P_NOTI] => 
    [P_AUTH_NO] => 
)

