 Array
(
    [PageCall time] => 09:19:26
    [P_TID] => INIMX_VBNKCAEcatca0720250318091805145600
    [P_MID] => CAEcatca07
    [P_AUTH_DT] => 20250318091926
    [P_STATUS] => 02
    [P_TYPE] => VBANK
    [P_OID] => 250318-002
    [P_FN_CD1] => 39
    [P_FN_CD2] => 
    [P_FN_NM] => 경남은행
    [P_AMT] => 3000
    [P_UNAME] => 지순자
    [P_RMESG1] => P_VACCT_NO=573194613500|P_EXP_DT=20250328
    [P_RMESG2] => 
    [P_NOTI] => 
    [P_AUTH_NO] => 
)

 Array
(
    [PageCall time] => 10:19:04
    [P_TID] => INIMX_VBNKCAEcatca0720250318101553275375
    [P_MID] => CAEcatca07
    [P_AUTH_DT] => 20250318101903
    [P_STATUS] => 02
    [P_TYPE] => VBANK
    [P_OID] => 250318-005
    [P_FN_CD1] => 88
    [P_FN_CD2] => 
    [P_FN_NM] => 신한은행
    [P_AMT] => 3000
    [P_UNAME] => 황수경
    [P_RMESG1] => P_VACCT_NO=56211991120044|P_EXP_DT=20250328
    [P_RMESG2] => 
    [P_NOTI] => 
    [P_AUTH_NO] => 
)

 Array
(
    [PageCall time] => 10:21:17
    [P_TID] => INIMX_VBNKCAEcatca0720250318102056475275
    [P_MID] => CAEcatca07
    [P_AUTH_DT] => 20250318102117
    [P_STATUS] => 02
    [P_TYPE] => VBANK
    [P_OID] => 250318-006
    [P_FN_CD1] => 04
    [P_FN_CD2] => 
    [P_FN_NM] => KB국민은행
    [P_AMT] => 3000
    [P_UNAME] => 소준모
    [P_RMESG1] => P_VACCT_NO=26119078511749|P_EXP_DT=20250328
    [P_RMESG2] => 
    [P_NOTI] => 
    [P_AUTH_NO] => 
)

 Array
(
    [PageCall time] => 10:29:23
    [P_TID] => INIMX_VBNKCAEcatca0720250318102713965166
    [P_MID] => CAEcatca07
    [P_AUTH_DT] => 20250318102923
    [P_STATUS] => 02
    [P_TYPE] => VBANK
    [P_OID] => 250313-021
    [P_FN_CD1] => 11
    [P_FN_CD2] => 
    [P_FN_NM] => NH농협은행
    [P_AMT] => 3000
    [P_UNAME] => 정종은
    [P_RMESG1] => P_VACCT_NO=79014508012186|P_EXP_DT=20250328
    [P_RMESG2] => 
    [P_NOTI] => 
    [P_AUTH_NO] => 
)

 Array
(
    [PageCall time] => 10:42:46
    [P_TID] => INIMX_VBNKCAEcatca0720250318104023835088
    [P_MID] => CAEcatca07
    [P_AUTH_DT] => 20250318104246
    [P_STATUS] => 02
    [P_TYPE] => VBANK
    [P_OID] => 250318-007
    [P_FN_CD1] => 04
    [P_FN_CD2] => 
    [P_FN_NM] => KB국민은행
    [P_AMT] => 3000
    [P_UNAME] => 정명희
    [P_RMESG1] => P_VACCT_NO=00289071199976|P_EXP_DT=20250328
    [P_RMESG2] => 
    [P_NOTI] => 
    [P_AUTH_NO] => 
)

 Array
(
    [PageCall time] => 10:58:11
    [P_TID] => INIMX_VBNKCAEcatca0720250318105716605134
    [P_MID] => CAEcatca07
    [P_AUTH_DT] => 20250318105811
    [P_STATUS] => 02
    [P_TYPE] => VBANK
    [P_OID] => 250318-011
    [P_FN_CD1] => 11
    [P_FN_CD2] => 
    [P_FN_NM] => NH농협은행
    [P_AMT] => 3000
    [P_UNAME] => 김은실
    [P_RMESG1] => P_VACCT_NO=79014508017331|P_EXP_DT=20250328
    [P_RMESG2] => 
    [P_NOTI] => 
    [P_AUTH_NO] => 
)

 Array
(
    [PageCall time] => 11:30:26
    [P_TID] => INIMX_VBNKCAEcatca0720250311152924974512
    [P_MID] => CAEcatca07
    [P_AUTH_DT] => 20250318113026
    [P_STATUS] => 02
    [P_TYPE] => VBANK
    [P_OID] => 250311-020
    [P_FN_CD1] => 11
    [P_FN_CD2] => 
    [P_FN_NM] => NH농협은행
    [P_AMT] => 3000
    [P_UNAME] => 주문진중학교
    [P_RMESG1] => P_VACCT_NO=01444364669027|P_EXP_DT=20250321
    [P_RMESG2] => 
    [P_NOTI] => 
    [P_AUTH_NO] => 
)

 Array
(
    [PageCall time] => 11:33:17
    [P_TID] => INIMX_VBNKCAEcatca0720250318113044225466
    [P_MID] => CAEcatca07
    [P_AUTH_DT] => 20250318113317
    [P_STATUS] => 02
    [P_TYPE] => VBANK
    [P_OID] => 250318-015
    [P_FN_CD1] => 04
    [P_FN_CD2] => 
    [P_FN_NM] => KB국민은행
    [P_AMT] => 3000
    [P_UNAME] => 김민서
    [P_RMESG1] => P_VACCT_NO=00289071276220|P_EXP_DT=20250328
    [P_RMESG2] => 
    [P_NOTI] => 
    [P_AUTH_NO] => 
)

 Array
(
    [PageCall time] => 11:44:48
    [P_TID] => INIMX_VBNKCAEcatca0720250318114145185930
    [P_MID] => CAEcatca07
    [P_AUTH_DT] => 20250318114448
    [P_STATUS] => 02
    [P_TYPE] => VBANK
    [P_OID] => 250318-016
    [P_FN_CD1] => 88
    [P_FN_CD2] => 
    [P_FN_NM] => 신한은행
    [P_AMT] => 3000
    [P_UNAME] => 조양희
    [P_RMESG1] => P_VACCT_NO=56211991125353|P_EXP_DT=20250328
    [P_RMESG2] => 
    [P_NOTI] => 
    [P_AUTH_NO] => 
)

 Array
(
    [PageCall time] => 13:13:43
    [P_TID] => INIMX_VBNKCAEcatca0720250318131051745804
    [P_MID] => CAEcatca07
    [P_AUTH_DT] => 20250318131343
    [P_STATUS] => 02
    [P_TYPE] => VBANK
    [P_OID] => 250318-019
    [P_FN_CD1] => 11
    [P_FN_CD2] => 
    [P_FN_NM] => NH농협은행
    [P_AMT] => 3000
    [P_UNAME] => 사랑의열매 경영관리팀
    [P_RMESG1] => P_VACCT_NO=79014508030931|P_EXP_DT=20250328
    [P_RMESG2] => 
    [P_NOTI] => 
    [P_AUTH_NO] => 
)

 Array
(
    [PageCall time] => 14:12:31
    [P_TID] => INIMX_VBNKCAEcatca0720250318104056805398
    [P_MID] => CAEcatca07
    [P_AUTH_DT] => 20250318141231
    [P_STATUS] => 02
    [P_TYPE] => VBANK
    [P_OID] => 250318-008
    [P_FN_CD1] => 11
    [P_FN_CD2] => 
    [P_FN_NM] => NH농협은행
    [P_AMT] => 3000
    [P_UNAME] => 최경애
    [P_RMESG1] => P_VACCT_NO=79014508014961|P_EXP_DT=20250328
    [P_RMESG2] => 
    [P_NOTI] => 
    [P_AUTH_NO] => 
)

 Array
(
    [PageCall time] => 14:15:21
    [P_TID] => INIMX_VBNKCAEcatca0720250318141234875120
    [P_MID] => CAEcatca07
    [P_AUTH_DT] => 20250318141521
    [P_STATUS] => 02
    [P_TYPE] => VBANK
    [P_OID] => 250318-020
    [P_FN_CD1] => 81
    [P_FN_CD2] => 
    [P_FN_NM] => 하나은행
    [P_AMT] => 3000
    [P_UNAME] => 이수진
    [P_RMESG1] => P_VACCT_NO=20894081186937|P_EXP_DT=20250328
    [P_RMESG2] => 
    [P_NOTI] => 
    [P_AUTH_NO] => 
)

 Array
(
    [PageCall time] => 14:21:50
    [P_TID] => INIMX_VBNKCAEcatca0720250318142046445275
    [P_MID] => CAEcatca07
    [P_AUTH_DT] => 20250318142150
    [P_STATUS] => 02
    [P_TYPE] => VBANK
    [P_OID] => 250318-023
    [P_FN_CD1] => 11
    [P_FN_CD2] => 
    [P_FN_NM] => NH농협은행
    [P_AMT] => 3000
    [P_UNAME] => 김준석
    [P_RMESG1] => P_VACCT_NO=79014508039696|P_EXP_DT=20250328
    [P_RMESG2] => 
    [P_NOTI] => 
    [P_AUTH_NO] => 
)

 Array
(
    [PageCall time] => 14:33:17
    [P_TID] => INIMX_VBNKCAEcatca0720250318143027975913
    [P_MID] => CAEcatca07
    [P_AUTH_DT] => 20250318143317
    [P_STATUS] => 02
    [P_TYPE] => VBANK
    [P_OID] => 250318-022
    [P_FN_CD1] => 03
    [P_FN_CD2] => 
    [P_FN_NM] => 기업은행
    [P_AMT] => 3000
    [P_UNAME] => 김태식
    [P_RMESG1] => P_VACCT_NO=07502403697152|P_EXP_DT=20250328
    [P_RMESG2] => 
    [P_NOTI] => 
    [P_AUTH_NO] => 
)

 Array
(
    [PageCall time] => 14:35:39
    [P_TID] => INIMX_VBNKCAEcatca0720250318143450885376
    [P_MID] => CAEcatca07
    [P_AUTH_DT] => 20250318143539
    [P_STATUS] => 02
    [P_TYPE] => VBANK
    [P_OID] => 250318-024
    [P_FN_CD1] => 71
    [P_FN_CD2] => 
    [P_FN_NM] => 우체국
    [P_AMT] => 3000
    [P_UNAME] => 류진만
    [P_RMESG1] => P_VACCT_NO=01397981666751|P_EXP_DT=20250328
    [P_RMESG2] => 
    [P_NOTI] => 
    [P_AUTH_NO] => 
)

 Array
(
    [PageCall time] => 15:26:01
    [P_TID] => INIMX_VBNKCAEcatca0720250318152456365532
    [P_MID] => CAEcatca07
    [P_AUTH_DT] => 20250318152601
    [P_STATUS] => 02
    [P_TYPE] => VBANK
    [P_OID] => 250318-025
    [P_FN_CD1] => 11
    [P_FN_CD2] => 
    [P_FN_NM] => NH농협은행
    [P_AMT] => 3000
    [P_UNAME] => 주현성
    [P_RMESG1] => P_VACCT_NO=79014508047565|P_EXP_DT=20250328
    [P_RMESG2] => 
    [P_NOTI] => 
    [P_AUTH_NO] => 
)

 Array
(
    [PageCall time] => 15:33:49
    [P_TID] => INIMX_VBNKCAEcatca0720250318153031455460
    [P_MID] => CAEcatca07
    [P_AUTH_DT] => 20250318153348
    [P_STATUS] => 02
    [P_TYPE] => VBANK
    [P_OID] => 250318-026
    [P_FN_CD1] => 89
    [P_FN_CD2] => 
    [P_FN_NM] => 케이뱅크
    [P_AMT] => 3000
    [P_UNAME] => 이현영
    [P_RMESG1] => P_VACCT_NO=70112004162995|P_EXP_DT=20250328
    [P_RMESG2] => 
    [P_NOTI] => 
    [P_AUTH_NO] => 
)

 Array
(
    [PageCall time] => 15:42:47
    [P_TID] => INIMX_VBNKCAEcatca0720250318154004115215
    [P_MID] => CAEcatca07
    [P_AUTH_DT] => 20250318154247
    [P_STATUS] => 02
    [P_TYPE] => VBANK
    [P_OID] => 250318-014
    [P_FN_CD1] => 03
    [P_FN_CD2] => 
    [P_FN_NM] => 기업은행
    [P_AMT] => 3000
    [P_UNAME] => 추점숙
    [P_RMESG1] => P_VACCT_NO=07502404197762|P_EXP_DT=20250328
    [P_RMESG2] => 
    [P_NOTI] => 
    [P_AUTH_NO] => 
)

 Array
(
    [PageCall time] => 16:15:41
    [P_TID] => INIMX_VBNKCAEcatca0720250318161446365604
    [P_MID] => CAEcatca07
    [P_AUTH_DT] => 20250318161541
    [P_STATUS] => 02
    [P_TYPE] => VBANK
    [P_OID] => 250318-027
    [P_FN_CD1] => 11
    [P_FN_CD2] => 
    [P_FN_NM] => NH농협은행
    [P_AMT] => 3000
    [P_UNAME] => 김준영
    [P_RMESG1] => P_VACCT_NO=79014508053565|P_EXP_DT=20250328
    [P_RMESG2] => 
    [P_NOTI] => 
    [P_AUTH_NO] => 
)

 Array
(
    [PageCall time] => 16:16:33
    [P_TID] => INIMX_VBNKCAEcatca0720250318161608985292
    [P_MID] => CAEcatca07
    [P_AUTH_DT] => 20250318161632
    [P_STATUS] => 02
    [P_TYPE] => VBANK
    [P_OID] => 250318-028
    [P_FN_CD1] => 11
    [P_FN_CD2] => 
    [P_FN_NM] => NH농협은행
    [P_AMT] => 3000
    [P_UNAME] => 김준영
    [P_RMESG1] => P_VACCT_NO=79014508053747|P_EXP_DT=20250328
    [P_RMESG2] => 
    [P_NOTI] => 
    [P_AUTH_NO] => 
)

 Array
(
    [PageCall time] => 16:29:14
    [P_TID] => INIMX_VBNKCAEcatca0720250318162800765227
    [P_MID] => CAEcatca07
    [P_AUTH_DT] => 20250318162914
    [P_STATUS] => 02
    [P_TYPE] => VBANK
    [P_OID] => 250318-029
    [P_FN_CD1] => 04
    [P_FN_CD2] => 
    [P_FN_NM] => KB국민은행
    [P_AMT] => 3000
    [P_UNAME] => 김수진
    [P_RMESG1] => P_VACCT_NO=41079011460255|P_EXP_DT=20250328
    [P_RMESG2] => 
    [P_NOTI] => 
    [P_AUTH_NO] => 
)

 Array
(
    [PageCall time] => 16:47:56
    [P_TID] => INIMX_VBNKCAEcatca0720250318164140355978
    [P_MID] => CAEcatca07
    [P_AUTH_DT] => 20250318164756
    [P_STATUS] => 02
    [P_TYPE] => VBANK
    [P_OID] => 250318-030
    [P_FN_CD1] => 11
    [P_FN_CD2] => 
    [P_FN_NM] => NH농협은행
    [P_AMT] => 3000
    [P_UNAME] => 이희련
    [P_RMESG1] => P_VACCT_NO=79014508056440|P_EXP_DT=20250328
    [P_RMESG2] => 
    [P_NOTI] => 
    [P_AUTH_NO] => 
)

 Array
(
    [PageCall time] => 17:27:55
    [P_TID] => INIMX_VBNKCAEcatca0720250318105121495107
    [P_MID] => CAEcatca07
    [P_AUTH_DT] => 20250318172755
    [P_STATUS] => 02
    [P_TYPE] => VBANK
    [P_OID] => 250318-010
    [P_FN_CD1] => 20
    [P_FN_CD2] => 
    [P_FN_NM] => 우리은행
    [P_AMT] => 3000
    [P_UNAME] => 김명숙
    [P_RMESG1] => P_VACCT_NO=27387796018676|P_EXP_DT=20250328
    [P_RMESG2] => 
    [P_NOTI] => 
    [P_AUTH_NO] => 
)

 Array
(
    [PageCall time] => 18:10:05
    [P_TID] => INIMX_VBNKCAEcatca0720250318180822435499
    [P_MID] => CAEcatca07
    [P_AUTH_DT] => 20250318181005
    [P_STATUS] => 02
    [P_TYPE] => VBANK
    [P_OID] => 250318-032
    [P_FN_CD1] => 11
    [P_FN_CD2] => 
    [P_FN_NM] => NH농협은행
    [P_AMT] => 3000
    [P_UNAME] => 문수지
    [P_RMESG1] => P_VACCT_NO=79014508065725|P_EXP_DT=20250328
    [P_RMESG2] => 
    [P_NOTI] => 
    [P_AUTH_NO] => 
)

 Array
(
    [PageCall time] => 20:50:03
    [P_TID] => INIMX_VBNKCAEcatca0720250318204703555347
    [P_MID] => CAEcatca07
    [P_AUTH_DT] => 20250318205003
    [P_STATUS] => 02
    [P_TYPE] => VBANK
    [P_OID] => 250318-003
    [P_FN_CD1] => 20
    [P_FN_CD2] => 
    [P_FN_NM] => 우리은행
    [P_AMT] => 3000
    [P_UNAME] => 김민희
    [P_RMESG1] => P_VACCT_NO=27387838118662|P_EXP_DT=20250328
    [P_RMESG2] => 
    [P_NOTI] => 
    [P_AUTH_NO] => 
)

 Array
(
    [PageCall time] => 22:24:41
    [P_TID] => INIMX_VBNKCAEcatca0720250318222353605009
    [P_MID] => CAEcatca07
    [P_AUTH_DT] => 20250318222441
    [P_STATUS] => 02
    [P_TYPE] => VBANK
    [P_OID] => 250318-035
    [P_FN_CD1] => 04
    [P_FN_CD2] => 
    [P_FN_NM] => KB국민은행
    [P_AMT] => 3000
    [P_UNAME] => 신유진
    [P_RMESG1] => P_VACCT_NO=41989011651621|P_EXP_DT=20250328
    [P_RMESG2] => 
    [P_NOTI] => 
    [P_AUTH_NO] => 
)

