 Array
(
    [PageCall time] => 08:04:30
    [P_TID] => INIMX_VBNKCAEcatca0720250929080114705478
    [P_MID] => CAEcatca07
    [P_AUTH_DT] => 20250929080429
    [P_STATUS] => 02
    [P_TYPE] => VBANK
    [P_OID] => 250929-001
    [P_FN_CD1] => 88
    [P_FN_CD2] => 
    [P_FN_NM] => 신한은행
    [P_AMT] => 3000
    [P_UNAME] => 최영옥
    [P_RMESG1] => P_VACCT_NO=56211103065393|P_EXP_DT=20251009
    [P_RMESG2] => 
    [P_NOTI] => 
    [P_AUTH_NO] => 
)

 Array
(
    [PageCall time] => 08:28:55
    [P_TID] => INIMX_VBNKCAEcatca0720250929082559555072
    [P_MID] => CAEcatca07
    [P_AUTH_DT] => 20250929082855
    [P_STATUS] => 02
    [P_TYPE] => VBANK
    [P_OID] => 250928-002
    [P_FN_CD1] => 04
    [P_FN_CD2] => 
    [P_FN_NM] => KB국민은행
    [P_AMT] => 3000
    [P_UNAME] => 고은정
    [P_RMESG1] => P_VACCT_NO=87679011718365|P_EXP_DT=20251009
    [P_RMESG2] => 
    [P_NOTI] => 
    [P_AUTH_NO] => 
)

 Array
(
    [PageCall time] => 09:48:44
    [P_TID] => INIMX_VBNKCAEcatca0720250929094451575686
    [P_MID] => CAEcatca07
    [P_AUTH_DT] => 20250929094844
    [P_STATUS] => 02
    [P_TYPE] => VBANK
    [P_OID] => 250929-003
    [P_FN_CD1] => 04
    [P_FN_CD2] => 
    [P_FN_NM] => KB국민은행
    [P_AMT] => 3000
    [P_UNAME] => 박흥숫
    [P_RMESG1] => P_VACCT_NO=88269011693320|P_EXP_DT=20251009
    [P_RMESG2] => 
    [P_NOTI] => 
    [P_AUTH_NO] => 
)

 Array
(
    [PageCall time] => 11:26:47
    [P_TID] => INIMX_VBNKCAEcatca0720250929111357325001
    [P_MID] => CAEcatca07
    [P_AUTH_DT] => 20250929112647
    [P_STATUS] => 02
    [P_TYPE] => VBANK
    [P_OID] => 250929-008
    [P_FN_CD1] => 88
    [P_FN_CD2] => 
    [P_FN_NM] => 신한은행
    [P_AMT] => 3000
    [P_UNAME] => 이수찬
    [P_RMESG1] => P_VACCT_NO=56211103079309|P_EXP_DT=20251009
    [P_RMESG2] => 
    [P_NOTI] => 
    [P_AUTH_NO] => 
)

 Array
(
    [PageCall time] => 11:49:22
    [P_TID] => INIMX_VBNKCAEcatca0720250929114643505901
    [P_MID] => CAEcatca07
    [P_AUTH_DT] => 20250929114922
    [P_STATUS] => 02
    [P_TYPE] => VBANK
    [P_OID] => 250929-011
    [P_FN_CD1] => 88
    [P_FN_CD2] => 
    [P_FN_NM] => 신한은행
    [P_AMT] => 3000
    [P_UNAME] => 이윤정
    [P_RMESG1] => P_VACCT_NO=56211103082606|P_EXP_DT=20251009
    [P_RMESG2] => 
    [P_NOTI] => 
    [P_AUTH_NO] => 
)

 Array
(
    [PageCall time] => 13:22:18
    [P_TID] => INIMX_VBNKCAEcatca0720250929131938285118
    [P_MID] => CAEcatca07
    [P_AUTH_DT] => 20250929132218
    [P_STATUS] => 02
    [P_TYPE] => VBANK
    [P_OID] => 250929-012
    [P_FN_CD1] => 88
    [P_FN_CD2] => 
    [P_FN_NM] => 신한은행
    [P_AMT] => 3000
    [P_UNAME] => 김영희
    [P_RMESG1] => P_VACCT_NO=56211103089771|P_EXP_DT=20251009
    [P_RMESG2] => 
    [P_NOTI] => 
    [P_AUTH_NO] => 
)

 Array
(
    [PageCall time] => 13:37:45
    [P_TID] => INIMX_VBNKCAEcatca0720250929133518845660
    [P_MID] => CAEcatca07
    [P_AUTH_DT] => 20250929133745
    [P_STATUS] => 02
    [P_TYPE] => VBANK
    [P_OID] => 250929-014
    [P_FN_CD1] => 88
    [P_FN_CD2] => 
    [P_FN_NM] => 신한은행
    [P_AMT] => 3000
    [P_UNAME] => 함형준
    [P_RMESG1] => P_VACCT_NO=56211103091346|P_EXP_DT=20251009
    [P_RMESG2] => 
    [P_NOTI] => 
    [P_AUTH_NO] => 
)

 Array
(
    [PageCall time] => 13:45:19
    [P_TID] => INIMX_VBNKCAEcatca0720250929134423195987
    [P_MID] => CAEcatca07
    [P_AUTH_DT] => 20250929134519
    [P_STATUS] => 02
    [P_TYPE] => VBANK
    [P_OID] => 250929-015
    [P_FN_CD1] => 11
    [P_FN_CD2] => 
    [P_FN_NM] => NH농협은행
    [P_AMT] => 3000
    [P_UNAME] => 박가현
    [P_RMESG1] => P_VACCT_NO=79014507166791|P_EXP_DT=20251009
    [P_RMESG2] => 
    [P_NOTI] => 
    [P_AUTH_NO] => 
)

 Array
(
    [PageCall time] => 13:52:13
    [P_TID] => INIMX_VBNKCAEcatca0720250929134504315399
    [P_MID] => CAEcatca07
    [P_AUTH_DT] => 20250929135213
    [P_STATUS] => 02
    [P_TYPE] => VBANK
    [P_OID] => 250929-013
    [P_FN_CD1] => 20
    [P_FN_CD2] => 
    [P_FN_NM] => 우리은행
    [P_AMT] => 3000
    [P_UNAME] => 안선영
    [P_RMESG1] => P_VACCT_NO=27490464118309|P_EXP_DT=20251009
    [P_RMESG2] => 
    [P_NOTI] => 
    [P_AUTH_NO] => 
)

 Array
(
    [PageCall time] => 14:34:47
    [P_TID] => INIMX_VBNKCAEcatca0720250929143138325848
    [P_MID] => CAEcatca07
    [P_AUTH_DT] => 20250929143447
    [P_STATUS] => 02
    [P_TYPE] => VBANK
    [P_OID] => 250929-017
    [P_FN_CD1] => 03
    [P_FN_CD2] => 
    [P_FN_NM] => 기업은행
    [P_AMT] => 3000
    [P_UNAME] => 임유정
    [P_RMESG1] => P_VACCT_NO=07502392997132|P_EXP_DT=20251009
    [P_RMESG2] => 
    [P_NOTI] => 
    [P_AUTH_NO] => 
)

 Array
(
    [PageCall time] => 15:12:53
    [P_TID] => INIMX_VBNKCAEcatca0720250929151012445786
    [P_MID] => CAEcatca07
    [P_AUTH_DT] => 20250929151253
    [P_STATUS] => 02
    [P_TYPE] => VBANK
    [P_OID] => 250929-019
    [P_FN_CD1] => 04
    [P_FN_CD2] => 
    [P_FN_NM] => KB국민은행
    [P_AMT] => 3000
    [P_UNAME] => 안수림
    [P_RMESG1] => P_VACCT_NO=39449011533761|P_EXP_DT=20251009
    [P_RMESG2] => 
    [P_NOTI] => 
    [P_AUTH_NO] => 
)

 Array
(
    [PageCall time] => 16:08:09
    [P_TID] => INIMX_VBNKCAEcatca0720250929160447755079
    [P_MID] => CAEcatca07
    [P_AUTH_DT] => 20250929160809
    [P_STATUS] => 02
    [P_TYPE] => VBANK
    [P_OID] => 250929-021
    [P_FN_CD1] => 81
    [P_FN_CD2] => 
    [P_FN_NM] => 하나은행
    [P_AMT] => 3000
    [P_UNAME] => 김영미
    [P_RMESG1] => P_VACCT_NO=20894822748137|P_EXP_DT=20251009
    [P_RMESG2] => 
    [P_NOTI] => 
    [P_AUTH_NO] => 
)

 Array
(
    [PageCall time] => 16:16:58
    [P_TID] => INIMX_VBNKCAEcatca0720250929161350845557
    [P_MID] => CAEcatca07
    [P_AUTH_DT] => 20250929161658
    [P_STATUS] => 02
    [P_TYPE] => VBANK
    [P_OID] => 250929-025
    [P_FN_CD1] => 04
    [P_FN_CD2] => 
    [P_FN_NM] => KB국민은행
    [P_AMT] => 3000
    [P_UNAME] => 심미애
    [P_RMESG1] => P_VACCT_NO=96309078159928|P_EXP_DT=20251009
    [P_RMESG2] => 
    [P_NOTI] => 
    [P_AUTH_NO] => 
)

 Array
(
    [PageCall time] => 16:21:04
    [P_TID] => INIMX_VBNKCAEcatca0720250929161808205723
    [P_MID] => CAEcatca07
    [P_AUTH_DT] => 20250929162104
    [P_STATUS] => 02
    [P_TYPE] => VBANK
    [P_OID] => 250929-023
    [P_FN_CD1] => 04
    [P_FN_CD2] => 
    [P_FN_NM] => KB국민은행
    [P_AMT] => 3000
    [P_UNAME] => 이향태
    [P_RMESG1] => P_VACCT_NO=96309078161970|P_EXP_DT=20251009
    [P_RMESG2] => 
    [P_NOTI] => 
    [P_AUTH_NO] => 
)

 Array
(
    [PageCall time] => 16:31:26
    [P_TID] => INIMX_VBNKCAEcatca0720250929162731775689
    [P_MID] => CAEcatca07
    [P_AUTH_DT] => 20250929163126
    [P_STATUS] => 02
    [P_TYPE] => VBANK
    [P_OID] => 250928-004
    [P_FN_CD1] => 39
    [P_FN_CD2] => 
    [P_FN_NM] => 경남은행
    [P_AMT] => 3000
    [P_UNAME] => 박세은
    [P_RMESG1] => P_VACCT_NO=573194558775|P_EXP_DT=20251009
    [P_RMESG2] => 
    [P_NOTI] => 
    [P_AUTH_NO] => 
)

 Array
(
    [PageCall time] => 19:35:51
    [P_TID] => INIMX_VBNKCAEcatca0720250929193309865558
    [P_MID] => CAEcatca07
    [P_AUTH_DT] => 20250929193551
    [P_STATUS] => 02
    [P_TYPE] => VBANK
    [P_OID] => 250929-028
    [P_FN_CD1] => 88
    [P_FN_CD2] => 
    [P_FN_NM] => 신한은행
    [P_AMT] => 3000
    [P_UNAME] => 이세련
    [P_RMESG1] => P_VACCT_NO=56211103127705|P_EXP_DT=20251009
    [P_RMESG2] => 
    [P_NOTI] => 
    [P_AUTH_NO] => 
)

