 Array
(
    [PageCall time] => 09:15:41
    [P_TID] => INIMX_VBNKCAEcatca0720250909091303735307
    [P_MID] => CAEcatca07
    [P_AUTH_DT] => 20250909091541
    [P_STATUS] => 02
    [P_TYPE] => VBANK
    [P_OID] => 250909-001
    [P_FN_CD1] => 88
    [P_FN_CD2] => 
    [P_FN_NM] => 신한은행
    [P_AMT] => 3000
    [P_UNAME] => 김가예
    [P_RMESG1] => P_VACCT_NO=56213170681828|P_EXP_DT=20250919
    [P_RMESG2] => 
    [P_NOTI] => 
    [P_AUTH_NO] => 
)

 Array
(
    [PageCall time] => 09:56:28
    [P_TID] => INIMX_VBNKCAEcatca0720250909095349235283
    [P_MID] => CAEcatca07
    [P_AUTH_DT] => 20250909095628
    [P_STATUS] => 02
    [P_TYPE] => VBANK
    [P_OID] => 250909-003
    [P_FN_CD1] => 89
    [P_FN_CD2] => 
    [P_FN_NM] => 케이뱅크
    [P_AMT] => 3000
    [P_UNAME] => 조자연
    [P_RMESG1] => P_VACCT_NO=70112003394436|P_EXP_DT=20250919
    [P_RMESG2] => 
    [P_NOTI] => 
    [P_AUTH_NO] => 
)

 Array
(
    [PageCall time] => 10:31:51
    [P_TID] => INIMX_VBNKCAEcatca0720250909102600475744
    [P_MID] => CAEcatca07
    [P_AUTH_DT] => 20250909103151
    [P_STATUS] => 02
    [P_TYPE] => VBANK
    [P_OID] => 250909-004
    [P_FN_CD1] => 81
    [P_FN_CD2] => 
    [P_FN_NM] => 하나은행
    [P_AMT] => 3000
    [P_UNAME] => 김봉선
    [P_RMESG1] => P_VACCT_NO=20894097939337|P_EXP_DT=20250919
    [P_RMESG2] => 
    [P_NOTI] => 
    [P_AUTH_NO] => 
)

 Array
(
    [PageCall time] => 10:43:44
    [P_TID] => INIMX_VBNKCAEcatca0720250909104046275704
    [P_MID] => CAEcatca07
    [P_AUTH_DT] => 20250909104344
    [P_STATUS] => 02
    [P_TYPE] => VBANK
    [P_OID] => 250909-002
    [P_FN_CD1] => 20
    [P_FN_CD2] => 
    [P_FN_NM] => 우리은행
    [P_AMT] => 3000
    [P_UNAME] => 유영란
    [P_RMESG1] => P_VACCT_NO=27489494118941|P_EXP_DT=20250919
    [P_RMESG2] => 
    [P_NOTI] => 
    [P_AUTH_NO] => 
)

 Array
(
    [PageCall time] => 10:59:40
    [P_TID] => INIMX_VBNKCAEcatca0720250909104835675493
    [P_MID] => CAEcatca07
    [P_AUTH_DT] => 20250909105940
    [P_STATUS] => 02
    [P_TYPE] => VBANK
    [P_OID] => 250909-006
    [P_FN_CD1] => 88
    [P_FN_CD2] => 
    [P_FN_NM] => 신한은행
    [P_AMT] => 3000
    [P_UNAME] => 이종근
    [P_RMESG1] => P_VACCT_NO=56211106066241|P_EXP_DT=20250919
    [P_RMESG2] => 
    [P_NOTI] => 
    [P_AUTH_NO] => 
)

 Array
(
    [PageCall time] => 11:32:56
    [P_TID] => INIMX_VBNKCAEcatca0720250909112955185027
    [P_MID] => CAEcatca07
    [P_AUTH_DT] => 20250909113256
    [P_STATUS] => 02
    [P_TYPE] => VBANK
    [P_OID] => 250909-009
    [P_FN_CD1] => 88
    [P_FN_CD2] => 
    [P_FN_NM] => 신한은행
    [P_AMT] => 3000
    [P_UNAME] => 신현옥
    [P_RMESG1] => P_VACCT_NO=56211991558840|P_EXP_DT=20250919
    [P_RMESG2] => 
    [P_NOTI] => 
    [P_AUTH_NO] => 
)

 Array
(
    [PageCall time] => 11:59:46
    [P_TID] => INIMX_VBNKCAEcatca0720250909115628165945
    [P_MID] => CAEcatca07
    [P_AUTH_DT] => 20250909115946
    [P_STATUS] => 02
    [P_TYPE] => VBANK
    [P_OID] => 250909-012
    [P_FN_CD1] => 03
    [P_FN_CD2] => 
    [P_FN_NM] => 기업은행
    [P_AMT] => 3000
    [P_UNAME] => 김지윤
    [P_RMESG1] => P_VACCT_NO=07502280497667|P_EXP_DT=20250919
    [P_RMESG2] => 
    [P_NOTI] => 
    [P_AUTH_NO] => 
)

 Array
(
    [PageCall time] => 12:26:31
    [P_TID] => INIMX_VBNKCAEcatca0720250909122343795591
    [P_MID] => CAEcatca07
    [P_AUTH_DT] => 20250909122631
    [P_STATUS] => 02
    [P_TYPE] => VBANK
    [P_OID] => 250909-014
    [P_FN_CD1] => 31
    [P_FN_CD2] => 
    [P_FN_NM] => 아이엠뱅크(대구은행)
    [P_AMT] => 3000
    [P_UNAME] => 최문영
    [P_RMESG1] => P_VACCT_NO=9600362110158|P_EXP_DT=20250919
    [P_RMESG2] => 
    [P_NOTI] => 
    [P_AUTH_NO] => 
)

 Array
(
    [PageCall time] => 13:24:56
    [P_TID] => INIMX_VBNKCAEcatca0720250909132152365484
    [P_MID] => CAEcatca07
    [P_AUTH_DT] => 20250909132456
    [P_STATUS] => 02
    [P_TYPE] => VBANK
    [P_OID] => 250909-017
    [P_FN_CD1] => 39
    [P_FN_CD2] => 
    [P_FN_NM] => 경남은행
    [P_AMT] => 3000
    [P_UNAME] => 정유정
    [P_RMESG1] => P_VACCT_NO=573193665823|P_EXP_DT=20250919
    [P_RMESG2] => 
    [P_NOTI] => 
    [P_AUTH_NO] => 
)

 Array
(
    [PageCall time] => 13:36:46
    [P_TID] => INIMX_VBNKCAEcatca0720250909133336975172
    [P_MID] => CAEcatca07
    [P_AUTH_DT] => 20250909133646
    [P_STATUS] => 02
    [P_TYPE] => VBANK
    [P_OID] => 250909-020
    [P_FN_CD1] => 03
    [P_FN_CD2] => 
    [P_FN_NM] => 기업은행
    [P_AMT] => 3000
    [P_UNAME] => 김다연
    [P_RMESG1] => P_VACCT_NO=07502281497143|P_EXP_DT=20250919
    [P_RMESG2] => 
    [P_NOTI] => 
    [P_AUTH_NO] => 
)

 Array
(
    [PageCall time] => 14:04:06
    [P_TID] => INIMX_VBNKCAEcatca0720250909140126445201
    [P_MID] => CAEcatca07
    [P_AUTH_DT] => 20250909140406
    [P_STATUS] => 02
    [P_TYPE] => VBANK
    [P_OID] => 250909-022
    [P_FN_CD1] => 31
    [P_FN_CD2] => 
    [P_FN_NM] => 아이엠뱅크(대구은행)
    [P_AMT] => 3000
    [P_UNAME] => 오서현
    [P_RMESG1] => P_VACCT_NO=9600362111340|P_EXP_DT=20250919
    [P_RMESG2] => 
    [P_NOTI] => 
    [P_AUTH_NO] => 
)

 Array
(
    [PageCall time] => 14:07:11
    [P_TID] => INIMX_VBNKCAEcatca0720250909135415435095
    [P_MID] => CAEcatca07
    [P_AUTH_DT] => 20250909140711
    [P_STATUS] => 02
    [P_TYPE] => VBANK
    [P_OID] => 250909-021
    [P_FN_CD1] => 04
    [P_FN_CD2] => 
    [P_FN_NM] => KB국민은행
    [P_AMT] => 3000
    [P_UNAME] => 김우정
    [P_RMESG1] => P_VACCT_NO=26029078579539|P_EXP_DT=20250919
    [P_RMESG2] => 
    [P_NOTI] => 
    [P_AUTH_NO] => 
)

 Array
(
    [PageCall time] => 14:18:39
    [P_TID] => INIMX_VBNKCAEcatca0720250909141444565873
    [P_MID] => CAEcatca07
    [P_AUTH_DT] => 20250909141839
    [P_STATUS] => 02
    [P_TYPE] => VBANK
    [P_OID] => 250909-023
    [P_FN_CD1] => 88
    [P_FN_CD2] => 
    [P_FN_NM] => 신한은행
    [P_AMT] => 3000
    [P_UNAME] => 최혜주
    [P_RMESG1] => P_VACCT_NO=56211992253973|P_EXP_DT=20250919
    [P_RMESG2] => 
    [P_NOTI] => 
    [P_AUTH_NO] => 
)

 Array
(
    [PageCall time] => 14:21:56
    [P_TID] => INIMX_VBNKCAEcatca0720250909142101175714
    [P_MID] => CAEcatca07
    [P_AUTH_DT] => 20250909142156
    [P_STATUS] => 02
    [P_TYPE] => VBANK
    [P_OID] => 250909-024
    [P_FN_CD1] => 11
    [P_FN_CD2] => 
    [P_FN_NM] => NH농협은행
    [P_AMT] => 3000
    [P_UNAME] => 이미애
    [P_RMESG1] => P_VACCT_NO=79014505269344|P_EXP_DT=20250919
    [P_RMESG2] => 
    [P_NOTI] => 
    [P_AUTH_NO] => 
)

 Array
(
    [PageCall time] => 14:32:51
    [P_TID] => INIMX_VBNKCAEcatca0720250909142959205875
    [P_MID] => CAEcatca07
    [P_AUTH_DT] => 20250909143251
    [P_STATUS] => 02
    [P_TYPE] => VBANK
    [P_OID] => 250908-015
    [P_FN_CD1] => 03
    [P_FN_CD2] => 
    [P_FN_NM] => 기업은행
    [P_AMT] => 3000
    [P_UNAME] => 박동철
    [P_RMESG1] => P_VACCT_NO=07502282197896|P_EXP_DT=20250919
    [P_RMESG2] => 
    [P_NOTI] => 
    [P_AUTH_NO] => 
)

 Array
(
    [PageCall time] => 14:50:05
    [P_TID] => INIMX_VBNKCAEcatca0720250909144759465829
    [P_MID] => CAEcatca07
    [P_AUTH_DT] => 20250909145004
    [P_STATUS] => 02
    [P_TYPE] => VBANK
    [P_OID] => 250909-025
    [P_FN_CD1] => 11
    [P_FN_CD2] => 
    [P_FN_NM] => NH농협은행
    [P_AMT] => 3000
    [P_UNAME] => 백창해
    [P_RMESG1] => P_VACCT_NO=79014505273438|P_EXP_DT=20250919
    [P_RMESG2] => 
    [P_NOTI] => 
    [P_AUTH_NO] => 
)

 Array
(
    [PageCall time] => 15:48:53
    [P_TID] => INIMX_VBNKCAEcatca0720250909154553995899
    [P_MID] => CAEcatca07
    [P_AUTH_DT] => 20250909154853
    [P_STATUS] => 02
    [P_TYPE] => VBANK
    [P_OID] => 250909-027
    [P_FN_CD1] => 20
    [P_FN_CD2] => 
    [P_FN_NM] => 우리은행
    [P_AMT] => 3000
    [P_UNAME] => 이은혜
    [P_RMESG1] => P_VACCT_NO=27489514118721|P_EXP_DT=20250919
    [P_RMESG2] => 
    [P_NOTI] => 
    [P_AUTH_NO] => 
)

 Array
(
    [PageCall time] => 15:52:05
    [P_TID] => INIMX_VBNKCAEcatca0720250909154913845023
    [P_MID] => CAEcatca07
    [P_AUTH_DT] => 20250909155205
    [P_STATUS] => 02
    [P_TYPE] => VBANK
    [P_OID] => 250909-030
    [P_FN_CD1] => 88
    [P_FN_CD2] => 
    [P_FN_NM] => 신한은행
    [P_AMT] => 3000
    [P_UNAME] => 김기창
    [P_RMESG1] => P_VACCT_NO=56211992993712|P_EXP_DT=20250919
    [P_RMESG2] => 
    [P_NOTI] => 
    [P_AUTH_NO] => 
)

 Array
(
    [PageCall time] => 15:55:24
    [P_TID] => INIMX_VBNKCAEcatca0720250909155315445993
    [P_MID] => CAEcatca07
    [P_AUTH_DT] => 20250909155524
    [P_STATUS] => 02
    [P_TYPE] => VBANK
    [P_OID] => 250909-031
    [P_FN_CD1] => 11
    [P_FN_CD2] => 
    [P_FN_NM] => NH농협은행
    [P_AMT] => 3000
    [P_UNAME] => 퀘스트어학원
    [P_RMESG1] => P_VACCT_NO=79014505284679|P_EXP_DT=20250919
    [P_RMESG2] => 
    [P_NOTI] => 
    [P_AUTH_NO] => 
)

 Array
(
    [PageCall time] => 16:53:22
    [P_TID] => INIMX_VBNKCAEcatca0720250909164930945635
    [P_MID] => CAEcatca07
    [P_AUTH_DT] => 20250909165322
    [P_STATUS] => 02
    [P_TYPE] => VBANK
    [P_OID] => 250909-034
    [P_FN_CD1] => 03
    [P_FN_CD2] => 
    [P_FN_NM] => 기업은행
    [P_AMT] => 3000
    [P_UNAME] => 신성애
    [P_RMESG1] => P_VACCT_NO=07502284097542|P_EXP_DT=20250919
    [P_RMESG2] => 
    [P_NOTI] => 
    [P_AUTH_NO] => 
)

 Array
(
    [PageCall time] => 16:57:52
    [P_TID] => INIMX_VBNKCAEcatca0720250909165515755659
    [P_MID] => CAEcatca07
    [P_AUTH_DT] => 20250909165752
    [P_STATUS] => 02
    [P_TYPE] => VBANK
    [P_OID] => 250909-036
    [P_FN_CD1] => 03
    [P_FN_CD2] => 
    [P_FN_NM] => 기업은행
    [P_AMT] => 3000
    [P_UNAME] => 정준환
    [P_RMESG1] => P_VACCT_NO=07502284197051|P_EXP_DT=20250919
    [P_RMESG2] => 
    [P_NOTI] => 
    [P_AUTH_NO] => 
)

 Array
(
    [PageCall time] => 17:28:00
    [P_TID] => INIMX_VBNKCAEcatca0720250909172303545952
    [P_MID] => CAEcatca07
    [P_AUTH_DT] => 20250909172800
    [P_STATUS] => 02
    [P_TYPE] => VBANK
    [P_OID] => 250909-039
    [P_FN_CD1] => 81
    [P_FN_CD2] => 
    [P_FN_NM] => 하나은행
    [P_AMT] => 3000
    [P_UNAME] => 한윤종
    [P_RMESG1] => P_VACCT_NO=20894101786737|P_EXP_DT=20250919
    [P_RMESG2] => 
    [P_NOTI] => 
    [P_AUTH_NO] => 
)

 Array
(
    [PageCall time] => 18:07:45
    [P_TID] => INIMX_VBNKCAEcatca0720250909180511275463
    [P_MID] => CAEcatca07
    [P_AUTH_DT] => 20250909180745
    [P_STATUS] => 02
    [P_TYPE] => VBANK
    [P_OID] => 250909-041
    [P_FN_CD1] => 81
    [P_FN_CD2] => 
    [P_FN_NM] => 하나은행
    [P_AMT] => 3000
    [P_UNAME] => 노시우
    [P_RMESG1] => P_VACCT_NO=20894102248337|P_EXP_DT=20250919
    [P_RMESG2] => 
    [P_NOTI] => 
    [P_AUTH_NO] => 
)

 Array
(
    [PageCall time] => 18:27:15
    [P_TID] => INIMX_VBNKCAEcatca0720250909182439935836
    [P_MID] => CAEcatca07
    [P_AUTH_DT] => 20250909182715
    [P_STATUS] => 02
    [P_TYPE] => VBANK
    [P_OID] => 250909-042
    [P_FN_CD1] => 81
    [P_FN_CD2] => 
    [P_FN_NM] => 하나은행
    [P_AMT] => 3000
    [P_UNAME] => 이칠현
    [P_RMESG1] => P_VACCT_NO=20894102387437|P_EXP_DT=20250919
    [P_RMESG2] => 
    [P_NOTI] => 
    [P_AUTH_NO] => 
)

 Array
(
    [PageCall time] => 18:32:16
    [P_TID] => INIMX_VBNKCAEcatca0720250909182851975330
    [P_MID] => CAEcatca07
    [P_AUTH_DT] => 20250909183216
    [P_STATUS] => 02
    [P_TYPE] => VBANK
    [P_OID] => 250909-043
    [P_FN_CD1] => 04
    [P_FN_CD2] => 
    [P_FN_NM] => KB국민은행
    [P_AMT] => 3000
    [P_UNAME] => 최현숙
    [P_RMESG1] => P_VACCT_NO=80429078732130|P_EXP_DT=20250919
    [P_RMESG2] => 
    [P_NOTI] => 
    [P_AUTH_NO] => 
)

 Array
(
    [PageCall time] => 19:36:05
    [P_TID] => INIMX_VBNKCAEcatca0720250909193228105086
    [P_MID] => CAEcatca07
    [P_AUTH_DT] => 20250909193605
    [P_STATUS] => 02
    [P_TYPE] => VBANK
    [P_OID] => 250909-046
    [P_FN_CD1] => 04
    [P_FN_CD2] => 
    [P_FN_NM] => KB국민은행
    [P_AMT] => 3000
    [P_UNAME] => 김지엽
    [P_RMESG1] => P_VACCT_NO=80429078740126|P_EXP_DT=20250919
    [P_RMESG2] => 
    [P_NOTI] => 
    [P_AUTH_NO] => 
)

 Array
(
    [PageCall time] => 20:38:48
    [P_TID] => INIMX_VBNKCAEcatca0720250909203600515034
    [P_MID] => CAEcatca07
    [P_AUTH_DT] => 20250909203848
    [P_STATUS] => 02
    [P_TYPE] => VBANK
    [P_OID] => 250909-047
    [P_FN_CD1] => 04
    [P_FN_CD2] => 
    [P_FN_NM] => KB국민은행
    [P_AMT] => 3000
    [P_UNAME] => 임흥열
    [P_RMESG1] => P_VACCT_NO=80429078748841|P_EXP_DT=20250919
    [P_RMESG2] => 
    [P_NOTI] => 
    [P_AUTH_NO] => 
)

 Array
(
    [PageCall time] => 21:01:28
    [P_TID] => INIMX_VBNKCAEcatca0720250909210047455143
    [P_MID] => CAEcatca07
    [P_AUTH_DT] => 20250909210128
    [P_STATUS] => 02
    [P_TYPE] => VBANK
    [P_OID] => 250909-048
    [P_FN_CD1] => 11
    [P_FN_CD2] => 
    [P_FN_NM] => NH농협은행
    [P_AMT] => 3000
    [P_UNAME] => 제갈유정
    [P_RMESG1] => P_VACCT_NO=79014505316097|P_EXP_DT=20250919
    [P_RMESG2] => 
    [P_NOTI] => 
    [P_AUTH_NO] => 
)

 Array
(
    [PageCall time] => 21:52:53
    [P_TID] => INIMX_VBNKCAEcatca0720250908141330785267
    [P_MID] => CAEcatca07
    [P_AUTH_DT] => 20250909215253
    [P_STATUS] => 02
    [P_TYPE] => VBANK
    [P_OID] => 250908-020
    [P_FN_CD1] => 81
    [P_FN_CD2] => 
    [P_FN_NM] => 하나은행
    [P_AMT] => 3000
    [P_UNAME] => 정솔
    [P_RMESG1] => P_VACCT_NO=20894093598337|P_EXP_DT=20250918
    [P_RMESG2] => 
    [P_NOTI] => 
    [P_AUTH_NO] => 
)

 Array
(
    [PageCall time] => 23:01:59
    [P_TID] => INIMX_VBNKCAEcatca0720250909230137105912
    [P_MID] => CAEcatca07
    [P_AUTH_DT] => 20250909230159
    [P_STATUS] => 02
    [P_TYPE] => VBANK
    [P_OID] => 250909-049
    [P_FN_CD1] => 11
    [P_FN_CD2] => 
    [P_FN_NM] => NH농협은행
    [P_AMT] => 3000
    [P_UNAME] => 김서현
    [P_RMESG1] => P_VACCT_NO=79014505323557|P_EXP_DT=20250919
    [P_RMESG2] => 
    [P_NOTI] => 
    [P_AUTH_NO] => 
)

