 Array
(
    [PageCall time] => 00:15:11
    [P_TID] => INIMX_VBNKCAEcatca0720260327001211205686
    [P_MID] => CAEcatca07
    [P_AUTH_DT] => 20260327001511
    [P_STATUS] => 02
    [P_TYPE] => VBANK
    [P_OID] => 260326-038
    [P_FN_CD1] => 89
    [P_FN_CD2] => 
    [P_FN_NM] => 케이뱅크
    [P_AMT] => 3500
    [P_UNAME] => 최한솔
    [P_RMESG1] => P_VACCT_NO=70112003848046|P_EXP_DT=20260406
    [P_RMESG2] => 
    [P_NOTI] => 
    [P_AUTH_NO] => 
)

 Array
(
    [PageCall time] => 08:27:08
    [P_TID] => INIMX_VBNKCAEcatca0720260327082343785463
    [P_MID] => CAEcatca07
    [P_AUTH_DT] => 20260327082708
    [P_STATUS] => 02
    [P_TYPE] => VBANK
    [P_OID] => 260327-002
    [P_FN_CD1] => 20
    [P_FN_CD2] => 
    [P_FN_NM] => 우리은행
    [P_AMT] => 3500
    [P_UNAME] => 김대업
    [P_RMESG1] => P_VACCT_NO=32831532218153|P_EXP_DT=20260406
    [P_RMESG2] => 
    [P_NOTI] => 
    [P_AUTH_NO] => 
)

 Array
(
    [PageCall time] => 08:38:18
    [P_TID] => INIMX_VBNKCAEcatca0720260327083531515938
    [P_MID] => CAEcatca07
    [P_AUTH_DT] => 20260327083818
    [P_STATUS] => 02
    [P_TYPE] => VBANK
    [P_OID] => 260327-003
    [P_FN_CD1] => 34
    [P_FN_CD2] => 
    [P_FN_NM] => 광주은행
    [P_AMT] => 3500
    [P_UNAME] => 임환휘
    [P_RMESG1] => P_VACCT_NO=810865379550|P_EXP_DT=20260406
    [P_RMESG2] => 
    [P_NOTI] => 
    [P_AUTH_NO] => 
)

 Array
(
    [PageCall time] => 08:40:00
    [P_TID] => INIMX_VBNKCAEcatca0720260327083531515938
    [P_MID] => CAEcatca07
    [P_AUTH_DT] => 20260327083818
    [P_STATUS] => 02
    [P_TYPE] => VBANK
    [P_OID] => 260327-003
    [P_FN_CD1] => 34
    [P_FN_CD2] => 
    [P_FN_NM] => 광주은행
    [P_AMT] => 3500
    [P_UNAME] => 임환휘
    [P_RMESG1] => P_VACCT_NO=810865379550|P_EXP_DT=20260406
    [P_RMESG2] => 
    [P_NOTI] => 
    [P_AUTH_NO] => 
)

 Array
(
    [PageCall time] => 08:49:14
    [P_TID] => INIMX_VBNKCAEcatca0720260327084608245356
    [P_MID] => CAEcatca07
    [P_AUTH_DT] => 20260327084914
    [P_STATUS] => 02
    [P_TYPE] => VBANK
    [P_OID] => 260327-001
    [P_FN_CD1] => 03
    [P_FN_CD2] => 
    [P_FN_NM] => 기업은행
    [P_AMT] => 3500
    [P_UNAME] => 정황호
    [P_RMESG1] => P_VACCT_NO=07500605197692|P_EXP_DT=20260406
    [P_RMESG2] => 
    [P_NOTI] => 
    [P_AUTH_NO] => 
)

 Array
(
    [PageCall time] => 09:28:06
    [P_TID] => INIMX_VBNKCAEcatca0720260327092521605617
    [P_MID] => CAEcatca07
    [P_AUTH_DT] => 20260327092806
    [P_STATUS] => 02
    [P_TYPE] => VBANK
    [P_OID] => 260327-005
    [P_FN_CD1] => 04
    [P_FN_CD2] => 
    [P_FN_NM] => KB국민은행
    [P_AMT] => 3500
    [P_UNAME] => 노혜민
    [P_RMESG1] => P_VACCT_NO=49789079256000|P_EXP_DT=20260406
    [P_RMESG2] => 
    [P_NOTI] => 
    [P_AUTH_NO] => 
)

 Array
(
    [PageCall time] => 09:30:08
    [P_TID] => INIMX_VBNKCAEcatca0720260327092121745972
    [P_MID] => CAEcatca07
    [P_AUTH_DT] => 20260327093008
    [P_STATUS] => 02
    [P_TYPE] => VBANK
    [P_OID] => 260327-004
    [P_FN_CD1] => 04
    [P_FN_CD2] => 
    [P_FN_NM] => KB국민은행
    [P_AMT] => 3500
    [P_UNAME] => 장삼석
    [P_RMESG1] => P_VACCT_NO=39919011722751|P_EXP_DT=20260406
    [P_RMESG2] => 
    [P_NOTI] => 
    [P_AUTH_NO] => 
)

 Array
(
    [PageCall time] => 10:43:24
    [P_TID] => INIMX_VBNKCAEcatca0720260327104005655528
    [P_MID] => CAEcatca07
    [P_AUTH_DT] => 20260327104324
    [P_STATUS] => 02
    [P_TYPE] => VBANK
    [P_OID] => 260327-008
    [P_FN_CD1] => 81
    [P_FN_CD2] => 
    [P_FN_NM] => 하나은행
    [P_AMT] => 3500
    [P_UNAME] => 최영옥
    [P_RMESG1] => P_VACCT_NO=20893854868937|P_EXP_DT=20260406
    [P_RMESG2] => 
    [P_NOTI] => 
    [P_AUTH_NO] => 
)

 Array
(
    [PageCall time] => 10:49:50
    [P_TID] => INIMX_VBNKCAEcatca0720260327104649595660
    [P_MID] => CAEcatca07
    [P_AUTH_DT] => 20260327104950
    [P_STATUS] => 02
    [P_TYPE] => VBANK
    [P_OID] => 260327-009
    [P_FN_CD1] => 04
    [P_FN_CD2] => 
    [P_FN_NM] => KB국민은행
    [P_AMT] => 3500
    [P_UNAME] => 이수정
    [P_RMESG1] => P_VACCT_NO=88069011325276|P_EXP_DT=20260406
    [P_RMESG2] => 
    [P_NOTI] => 
    [P_AUTH_NO] => 
)

 Array
(
    [PageCall time] => 10:59:17
    [P_TID] => INIMX_VBNKCAEcatca0720260327105843675212
    [P_MID] => CAEcatca07
    [P_AUTH_DT] => 20260327105917
    [P_STATUS] => 02
    [P_TYPE] => VBANK
    [P_OID] => 260327-010
    [P_FN_CD1] => 11
    [P_FN_CD2] => 
    [P_FN_NM] => NH농협은행
    [P_AMT] => 3500
    [P_UNAME] => 김지현
    [P_RMESG1] => P_VACCT_NO=79014409270229|P_EXP_DT=20260406
    [P_RMESG2] => 
    [P_NOTI] => 
    [P_AUTH_NO] => 
)

 Array
(
    [PageCall time] => 12:05:37
    [P_TID] => INIMX_VBNKCAEcatca0720260327115248295280
    [P_MID] => CAEcatca07
    [P_AUTH_DT] => 20260327120537
    [P_STATUS] => 02
    [P_TYPE] => VBANK
    [P_OID] => 260327-012
    [P_FN_CD1] => 20
    [P_FN_CD2] => 
    [P_FN_NM] => 우리은행
    [P_AMT] => 3500
    [P_UNAME] => 최윤규
    [P_RMESG1] => P_VACCT_NO=32831900818968|P_EXP_DT=20260406
    [P_RMESG2] => 
    [P_NOTI] => 
    [P_AUTH_NO] => 
)

 Array
(
    [PageCall time] => 12:06:19
    [P_TID] => INIMX_VBNKCAEcatca0720260327115844385531
    [P_MID] => CAEcatca07
    [P_AUTH_DT] => 20260327120619
    [P_STATUS] => 02
    [P_TYPE] => VBANK
    [P_OID] => 260327-013
    [P_FN_CD1] => 04
    [P_FN_CD2] => 
    [P_FN_NM] => KB국민은행
    [P_AMT] => 3500
    [P_UNAME] => 박지근
    [P_RMESG1] => P_VACCT_NO=88069011654783|P_EXP_DT=20260406
    [P_RMESG2] => 
    [P_NOTI] => 
    [P_AUTH_NO] => 
)

 Array
(
    [PageCall time] => 13:19:32
    [P_TID] => INIMX_VBNKCAEcatca0720260327131620115072
    [P_MID] => CAEcatca07
    [P_AUTH_DT] => 20260327131932
    [P_STATUS] => 02
    [P_TYPE] => VBANK
    [P_OID] => 260327-015
    [P_FN_CD1] => 81
    [P_FN_CD2] => 
    [P_FN_NM] => 하나은행
    [P_AMT] => 3500
    [P_UNAME] => 임서옥
    [P_RMESG1] => P_VACCT_NO=20893855728537|P_EXP_DT=20260406
    [P_RMESG2] => 
    [P_NOTI] => 
    [P_AUTH_NO] => 
)

 Array
(
    [PageCall time] => 13:50:26
    [P_TID] => INIMX_VBNKCAEcatca0720260327132958865015
    [P_MID] => CAEcatca07
    [P_AUTH_DT] => 20260327135026
    [P_STATUS] => 02
    [P_TYPE] => VBANK
    [P_OID] => 260327-016
    [P_FN_CD1] => 20
    [P_FN_CD2] => 
    [P_FN_NM] => 우리은행
    [P_AMT] => 3500
    [P_UNAME] => 윤학수
    [P_RMESG1] => P_VACCT_NO=32831937518691|P_EXP_DT=20260406
    [P_RMESG2] => 
    [P_NOTI] => 
    [P_AUTH_NO] => 
)

 Array
(
    [PageCall time] => 14:33:10
    [P_TID] => INIMX_VBNKCAEcatca0720260327143037645377
    [P_MID] => CAEcatca07
    [P_AUTH_DT] => 20260327143310
    [P_STATUS] => 02
    [P_TYPE] => VBANK
    [P_OID] => 260327-024
    [P_FN_CD1] => 04
    [P_FN_CD2] => 
    [P_FN_NM] => KB국민은행
    [P_AMT] => 3500
    [P_UNAME] => 황윤재
    [P_RMESG1] => P_VACCT_NO=88269011678530|P_EXP_DT=20260406
    [P_RMESG2] => 
    [P_NOTI] => 
    [P_AUTH_NO] => 
)

 Array
(
    [PageCall time] => 14:44:56
    [P_TID] => INIMX_VBNKCAEcatca0720260327144139155090
    [P_MID] => CAEcatca07
    [P_AUTH_DT] => 20260327144456
    [P_STATUS] => 02
    [P_TYPE] => VBANK
    [P_OID] => 260327-025
    [P_FN_CD1] => 34
    [P_FN_CD2] => 
    [P_FN_NM] => 광주은행
    [P_AMT] => 3500
    [P_UNAME] => 이진화
    [P_RMESG1] => P_VACCT_NO=810865380081|P_EXP_DT=20260406
    [P_RMESG2] => 
    [P_NOTI] => 
    [P_AUTH_NO] => 
)

 Array
(
    [PageCall time] => 14:54:51
    [P_TID] => INIMX_VBNKCAEcatca0720260327145208815659
    [P_MID] => CAEcatca07
    [P_AUTH_DT] => 20260327145451
    [P_STATUS] => 02
    [P_TYPE] => VBANK
    [P_OID] => 260327-027
    [P_FN_CD1] => 89
    [P_FN_CD2] => 
    [P_FN_NM] => 케이뱅크
    [P_AMT] => 3500
    [P_UNAME] => 권영훈
    [P_RMESG1] => P_VACCT_NO=70112003851963|P_EXP_DT=20260406
    [P_RMESG2] => 
    [P_NOTI] => 
    [P_AUTH_NO] => 
)

 Array
(
    [PageCall time] => 15:01:16
    [P_TID] => INIMX_VBNKCAEcatca0720260327145736135609
    [P_MID] => CAEcatca07
    [P_AUTH_DT] => 20260327150116
    [P_STATUS] => 02
    [P_TYPE] => VBANK
    [P_OID] => 260327-028
    [P_FN_CD1] => 03
    [P_FN_CD2] => 
    [P_FN_NM] => 기업은행
    [P_AMT] => 3500
    [P_UNAME] => 양경희
    [P_RMESG1] => P_VACCT_NO=07502303597055|P_EXP_DT=20260406
    [P_RMESG2] => 
    [P_NOTI] => 
    [P_AUTH_NO] => 
)

 Array
(
    [PageCall time] => 15:19:59
    [P_TID] => INIMX_VBNKCAEcatca0720260327140801425813
    [P_MID] => CAEcatca07
    [P_AUTH_DT] => 20260327151959
    [P_STATUS] => 02
    [P_TYPE] => VBANK
    [P_OID] => 260327-021
    [P_FN_CD1] => 11
    [P_FN_CD2] => 
    [P_FN_NM] => NH농협은행
    [P_AMT] => 3500
    [P_UNAME] => 이유진
    [P_RMESG1] => P_VACCT_NO=79014409293801|P_EXP_DT=20260406
    [P_RMESG2] => 
    [P_NOTI] => 
    [P_AUTH_NO] => 
)

 Array
(
    [PageCall time] => 15:39:47
    [P_TID] => INIMX_VBNKCAEcatca0720260327153700455054
    [P_MID] => CAEcatca07
    [P_AUTH_DT] => 20260327153947
    [P_STATUS] => 02
    [P_TYPE] => VBANK
    [P_OID] => 260327-031
    [P_FN_CD1] => 04
    [P_FN_CD2] => 
    [P_FN_NM] => KB국민은행
    [P_AMT] => 3500
    [P_UNAME] => 송이주
    [P_RMESG1] => P_VACCT_NO=88269011743043|P_EXP_DT=20260406
    [P_RMESG2] => 
    [P_NOTI] => 
    [P_AUTH_NO] => 
)

 Array
(
    [PageCall time] => 16:12:40
    [P_TID] => INIMX_VBNKCAEcatca0720260327142616985087
    [P_MID] => CAEcatca07
    [P_AUTH_DT] => 20260327161240
    [P_STATUS] => 02
    [P_TYPE] => VBANK
    [P_OID] => 260327-023
    [P_FN_CD1] => 04
    [P_FN_CD2] => 
    [P_FN_NM] => KB국민은행
    [P_AMT] => 3500
    [P_UNAME] => 정득현
    [P_RMESG1] => P_VACCT_NO=88269011677124|P_EXP_DT=20260406
    [P_RMESG2] => 
    [P_NOTI] => 
    [P_AUTH_NO] => 
)

 Array
(
    [PageCall time] => 16:21:54
    [P_TID] => INIMX_VBNKCAEcatca0720260327161216725125
    [P_MID] => CAEcatca07
    [P_AUTH_DT] => 20260327162154
    [P_STATUS] => 02
    [P_TYPE] => VBANK
    [P_OID] => 260327-033
    [P_FN_CD1] => 03
    [P_FN_CD2] => 
    [P_FN_NM] => 기업은행
    [P_AMT] => 3500
    [P_UNAME] => 김민서
    [P_RMESG1] => P_VACCT_NO=07502304397941|P_EXP_DT=20260406
    [P_RMESG2] => 
    [P_NOTI] => 
    [P_AUTH_NO] => 
)

 Array
(
    [PageCall time] => 16:27:29
    [P_TID] => INIMX_VBNKCAEcatca0720260327162443285485
    [P_MID] => CAEcatca07
    [P_AUTH_DT] => 20260327162729
    [P_STATUS] => 02
    [P_TYPE] => VBANK
    [P_OID] => 260327-034
    [P_FN_CD1] => 31
    [P_FN_CD2] => 
    [P_FN_NM] => 아이엠뱅크(대구은행)
    [P_AMT] => 3500
    [P_UNAME] => 나윤정
    [P_RMESG1] => P_VACCT_NO=9600362917401|P_EXP_DT=20260406
    [P_RMESG2] => 
    [P_NOTI] => 
    [P_AUTH_NO] => 
)

 Array
(
    [PageCall time] => 16:44:22
    [P_TID] => INIMX_VBNKCAEcatca0720260327164131375171
    [P_MID] => CAEcatca07
    [P_AUTH_DT] => 20260327164422
    [P_STATUS] => 02
    [P_TYPE] => VBANK
    [P_OID] => 260327-036
    [P_FN_CD1] => 04
    [P_FN_CD2] => 
    [P_FN_NM] => KB국민은행
    [P_AMT] => 3500
    [P_UNAME] => 이지애
    [P_RMESG1] => P_VACCT_NO=88429011282911|P_EXP_DT=20260406
    [P_RMESG2] => 
    [P_NOTI] => 
    [P_AUTH_NO] => 
)

 Array
(
    [PageCall time] => 18:00:36
    [P_TID] => INIMX_VBNKCAEcatca0720260327175545995552
    [P_MID] => CAEcatca07
    [P_AUTH_DT] => 20260327180036
    [P_STATUS] => 02
    [P_TYPE] => VBANK
    [P_OID] => 260327-037
    [P_FN_CD1] => 04
    [P_FN_CD2] => 
    [P_FN_NM] => KB국민은행
    [P_AMT] => 3500
    [P_UNAME] => 박미연
    [P_RMESG1] => P_VACCT_NO=88429011497933|P_EXP_DT=20260406
    [P_RMESG2] => 
    [P_NOTI] => 
    [P_AUTH_NO] => 
)

 Array
(
    [PageCall time] => 19:49:42
    [P_TID] => INIMX_VBNKCAEcatca0720260327194556295738
    [P_MID] => CAEcatca07
    [P_AUTH_DT] => 20260327194942
    [P_STATUS] => 02
    [P_TYPE] => VBANK
    [P_OID] => 260320-017
    [P_FN_CD1] => 88
    [P_FN_CD2] => 
    [P_FN_NM] => 신한은행
    [P_AMT] => 3500
    [P_UNAME] => 박성현
    [P_RMESG1] => P_VACCT_NO=56211106077319|P_EXP_DT=20260406
    [P_RMESG2] => 
    [P_NOTI] => 
    [P_AUTH_NO] => 
)

 Array
(
    [PageCall time] => 20:47:23
    [P_TID] => INIMX_VBNKCAEcatca0720260327204338675463
    [P_MID] => CAEcatca07
    [P_AUTH_DT] => 20260327204723
    [P_STATUS] => 02
    [P_TYPE] => VBANK
    [P_OID] => 260327-038
    [P_FN_CD1] => 81
    [P_FN_CD2] => 
    [P_FN_NM] => 하나은행
    [P_AMT] => 3500
    [P_UNAME] => 김경아
    [P_RMESG1] => P_VACCT_NO=20893858496037|P_EXP_DT=20260406
    [P_RMESG2] => 
    [P_NOTI] => 
    [P_AUTH_NO] => 
)

