 Array
(
    [PageCall time] => 10:18:15
    [P_TID] => INIMX_VBNKCAEcatca0720250323101728295230
    [P_MID] => CAEcatca07
    [P_AUTH_DT] => 20250323101815
    [P_STATUS] => 02
    [P_TYPE] => VBANK
    [P_OID] => 250323-001
    [P_FN_CD1] => 11
    [P_FN_CD2] => 
    [P_FN_NM] => NH농협은행
    [P_AMT] => 3000
    [P_UNAME] => 김소영
    [P_RMESG1] => P_VACCT_NO=79014508484461|P_EXP_DT=20250402
    [P_RMESG2] => 
    [P_NOTI] => 
    [P_AUTH_NO] => 
)

 Array
(
    [PageCall time] => 11:25:04
    [P_TID] => INIMX_VBNKCAEcatca0720250323112415395408
    [P_MID] => CAEcatca07
    [P_AUTH_DT] => 20250323112504
    [P_STATUS] => 02
    [P_TYPE] => VBANK
    [P_OID] => 250323-003
    [P_FN_CD1] => 32
    [P_FN_CD2] => 
    [P_FN_NM] => 부산은행
    [P_AMT] => 3000
    [P_UNAME] => 심덕영
    [P_RMESG1] => P_VACCT_NO=109924397806|P_EXP_DT=20250402
    [P_RMESG2] => 
    [P_NOTI] => 
    [P_AUTH_NO] => 
)

 Array
(
    [PageCall time] => 12:46:35
    [P_TID] => INIMX_VBNKCAEcatca0720250323124540635624
    [P_MID] => CAEcatca07
    [P_AUTH_DT] => 20250323124635
    [P_STATUS] => 02
    [P_TYPE] => VBANK
    [P_OID] => 250323-004
    [P_FN_CD1] => 04
    [P_FN_CD2] => 
    [P_FN_NM] => KB국민은행
    [P_AMT] => 3000
    [P_UNAME] => 박혜선
    [P_RMESG1] => P_VACCT_NO=26029078147176|P_EXP_DT=20250402
    [P_RMESG2] => 
    [P_NOTI] => 
    [P_AUTH_NO] => 
)

 Array
(
    [PageCall time] => 13:12:59
    [P_TID] => INIMX_VBNKCAEcatca0720250323131135845956
    [P_MID] => CAEcatca07
    [P_AUTH_DT] => 20250323131259
    [P_STATUS] => 02
    [P_TYPE] => VBANK
    [P_OID] => 250323-005
    [P_FN_CD1] => 11
    [P_FN_CD2] => 
    [P_FN_NM] => NH농협은행
    [P_AMT] => 3000
    [P_UNAME] => 문보경
    [P_RMESG1] => P_VACCT_NO=79014508494119|P_EXP_DT=20250402
    [P_RMESG2] => 
    [P_NOTI] => 
    [P_AUTH_NO] => 
)

 Array
(
    [PageCall time] => 15:39:53
    [P_TID] => INIMX_VBNKCAEcatca0720250323153715405012
    [P_MID] => CAEcatca07
    [P_AUTH_DT] => 20250323153953
    [P_STATUS] => 02
    [P_TYPE] => VBANK
    [P_OID] => 250323-007
    [P_FN_CD1] => 88
    [P_FN_CD2] => 
    [P_FN_NM] => 신한은행
    [P_AMT] => 3000
    [P_UNAME] => 김미경
    [P_RMESG1] => P_VACCT_NO=56211991422344|P_EXP_DT=20250402
    [P_RMESG2] => 
    [P_NOTI] => 
    [P_AUTH_NO] => 
)

 Array
(
    [PageCall time] => 17:03:19
    [P_TID] => INIMX_VBNKCAEcatca0720250323170032735415
    [P_MID] => CAEcatca07
    [P_AUTH_DT] => 20250323170319
    [P_STATUS] => 02
    [P_TYPE] => VBANK
    [P_OID] => 250323-009
    [P_FN_CD1] => 81
    [P_FN_CD2] => 
    [P_FN_NM] => 하나은행
    [P_AMT] => 3000
    [P_UNAME] => 이택무
    [P_RMESG1] => P_VACCT_NO=20894104046137|P_EXP_DT=20250402
    [P_RMESG2] => 
    [P_NOTI] => 
    [P_AUTH_NO] => 
)

