 Array
(
    [PageCall time] => 07:48:21
    [P_TID] => INIMX_VBNKCAEcatca0720250408074719654501
    [P_MID] => CAEcatca07
    [P_AUTH_DT] => 20250408074821
    [P_STATUS] => 02
    [P_TYPE] => VBANK
    [P_OID] => 250406-004
    [P_FN_CD1] => 11
    [P_FN_CD2] => 
    [P_FN_NM] => NH농협은행
    [P_AMT] => 3000
    [P_UNAME] => 장도애
    [P_RMESG1] => P_VACCT_NO=01445064187859|P_EXP_DT=20250418
    [P_RMESG2] => 
    [P_NOTI] => 
    [P_AUTH_NO] => 
)

 Array
(
    [PageCall time] => 08:23:19
    [P_TID] => INIMX_VBNKCAEcatca0720250408081802214987
    [P_MID] => CAEcatca07
    [P_AUTH_DT] => 20250408082319
    [P_STATUS] => 02
    [P_TYPE] => VBANK
    [P_OID] => 250408-002
    [P_FN_CD1] => 81
    [P_FN_CD2] => 
    [P_FN_NM] => 하나은행
    [P_AMT] => 3000
    [P_UNAME] => 박에스더
    [P_RMESG1] => P_VACCT_NO=58390901757137|P_EXP_DT=20250418
    [P_RMESG2] => 
    [P_NOTI] => 
    [P_AUTH_NO] => 
)

 Array
(
    [PageCall time] => 10:04:45
    [P_TID] => INIMX_VBNKCAEcatca0720250408100305765023
    [P_MID] => CAEcatca07
    [P_AUTH_DT] => 20250408100445
    [P_STATUS] => 02
    [P_TYPE] => VBANK
    [P_OID] => 250408-001
    [P_FN_CD1] => 04
    [P_FN_CD2] => 
    [P_FN_NM] => KB국민은행
    [P_AMT] => 3000
    [P_UNAME] => 허영숙
    [P_RMESG1] => P_VACCT_NO=49789079130511|P_EXP_DT=20250418
    [P_RMESG2] => 
    [P_NOTI] => 
    [P_AUTH_NO] => 
)

 Array
(
    [PageCall time] => 10:10:09
    [P_TID] => INIMX_VBNKCAEcatca0720250408100723645865
    [P_MID] => CAEcatca07
    [P_AUTH_DT] => 20250408101009
    [P_STATUS] => 02
    [P_TYPE] => VBANK
    [P_OID] => 250408-004
    [P_FN_CD1] => 89
    [P_FN_CD2] => 
    [P_FN_NM] => 케이뱅크
    [P_AMT] => 3000
    [P_UNAME] => 성승경
    [P_RMESG1] => P_VACCT_NO=70112003262088|P_EXP_DT=20250418
    [P_RMESG2] => 
    [P_NOTI] => 
    [P_AUTH_NO] => 
)

 Array
(
    [PageCall time] => 10:36:00
    [P_TID] => INIMX_VBNKCAEcatca0720250408103505485421
    [P_MID] => CAEcatca07
    [P_AUTH_DT] => 20250408103600
    [P_STATUS] => 02
    [P_TYPE] => VBANK
    [P_OID] => 250408-005
    [P_FN_CD1] => 04
    [P_FN_CD2] => 
    [P_FN_NM] => KB국민은행
    [P_AMT] => 3000
    [P_UNAME] => 조영진
    [P_RMESG1] => P_VACCT_NO=49789079223943|P_EXP_DT=20250418
    [P_RMESG2] => 
    [P_NOTI] => 
    [P_AUTH_NO] => 
)

 Array
(
    [PageCall time] => 11:26:57
    [P_TID] => INIMX_VBNKCAEcatca0720250408112258245068
    [P_MID] => CAEcatca07
    [P_AUTH_DT] => 20250408112657
    [P_STATUS] => 02
    [P_TYPE] => VBANK
    [P_OID] => 250408-006
    [P_FN_CD1] => 81
    [P_FN_CD2] => 
    [P_FN_NM] => 하나은행
    [P_AMT] => 3000
    [P_UNAME] => 노필례
    [P_RMESG1] => P_VACCT_NO=20894342181937|P_EXP_DT=20250418
    [P_RMESG2] => 
    [P_NOTI] => 
    [P_AUTH_NO] => 
)

 Array
(
    [PageCall time] => 14:30:59
    [P_TID] => INIMX_VBNKCAEcatca0720250408142945245711
    [P_MID] => CAEcatca07
    [P_AUTH_DT] => 20250408143059
    [P_STATUS] => 02
    [P_TYPE] => VBANK
    [P_OID] => 250408-009
    [P_FN_CD1] => 11
    [P_FN_CD2] => 
    [P_FN_NM] => NH농협은행
    [P_AMT] => 3000
    [P_UNAME] => 임영동
    [P_RMESG1] => P_VACCT_NO=79014509771056|P_EXP_DT=20250418
    [P_RMESG2] => 
    [P_NOTI] => 
    [P_AUTH_NO] => 
)

 Array
(
    [PageCall time] => 14:45:58
    [P_TID] => INIMX_VBNKCAEcatca0720250408144302565832
    [P_MID] => CAEcatca07
    [P_AUTH_DT] => 20250408144558
    [P_STATUS] => 02
    [P_TYPE] => VBANK
    [P_OID] => 250408-010
    [P_FN_CD1] => 03
    [P_FN_CD2] => 
    [P_FN_NM] => 기업은행
    [P_AMT] => 3000
    [P_UNAME] => 배선미
    [P_RMESG1] => P_VACCT_NO=07503210397922|P_EXP_DT=20250418
    [P_RMESG2] => 
    [P_NOTI] => 
    [P_AUTH_NO] => 
)

 Array
(
    [PageCall time] => 15:04:43
    [P_TID] => INIMX_VBNKCAEcatca0720250408150011615327
    [P_MID] => CAEcatca07
    [P_AUTH_DT] => 20250408150442
    [P_STATUS] => 02
    [P_TYPE] => VBANK
    [P_OID] => 250408-013
    [P_FN_CD1] => 88
    [P_FN_CD2] => 
    [P_FN_NM] => 신한은행
    [P_AMT] => 3000
    [P_UNAME] => 배소빈
    [P_RMESG1] => P_VACCT_NO=56211991378023|P_EXP_DT=20250418
    [P_RMESG2] => 
    [P_NOTI] => 
    [P_AUTH_NO] => 
)

 Array
(
    [PageCall time] => 15:17:47
    [P_TID] => INIMX_VBNKCAEcatca0720250408151653325271
    [P_MID] => CAEcatca07
    [P_AUTH_DT] => 20250408151747
    [P_STATUS] => 02
    [P_TYPE] => VBANK
    [P_OID] => 250408-014
    [P_FN_CD1] => 04
    [P_FN_CD2] => 
    [P_FN_NM] => KB국민은행
    [P_AMT] => 3000
    [P_UNAME] => 김영희
    [P_RMESG1] => P_VACCT_NO=51139079010881|P_EXP_DT=20250418
    [P_RMESG2] => 
    [P_NOTI] => 
    [P_AUTH_NO] => 
)

 Array
(
    [PageCall time] => 15:24:03
    [P_TID] => INIMX_VBNKCAEcatca0720250408152332955499
    [P_MID] => CAEcatca07
    [P_AUTH_DT] => 20250408152403
    [P_STATUS] => 02
    [P_TYPE] => VBANK
    [P_OID] => 250408-015
    [P_FN_CD1] => 11
    [P_FN_CD2] => 
    [P_FN_NM] => NH농협은행
    [P_AMT] => 3000
    [P_UNAME] => 이다은
    [P_RMESG1] => P_VACCT_NO=79014509777370|P_EXP_DT=20250418
    [P_RMESG2] => 
    [P_NOTI] => 
    [P_AUTH_NO] => 
)

 Array
(
    [PageCall time] => 15:29:04
    [P_TID] => INIMX_VBNKCAEcatca0720250408152613235081
    [P_MID] => CAEcatca07
    [P_AUTH_DT] => 20250408152904
    [P_STATUS] => 02
    [P_TYPE] => VBANK
    [P_OID] => 250408-016
    [P_FN_CD1] => 88
    [P_FN_CD2] => 
    [P_FN_NM] => 신한은행
    [P_AMT] => 3000
    [P_UNAME] => 하정선
    [P_RMESG1] => P_VACCT_NO=56211991470079|P_EXP_DT=20250418
    [P_RMESG2] => 
    [P_NOTI] => 
    [P_AUTH_NO] => 
)

 Array
(
    [PageCall time] => 17:04:26
    [P_TID] => INIMX_VBNKCAEcatca0720250408170119265518
    [P_MID] => CAEcatca07
    [P_AUTH_DT] => 20250408170426
    [P_STATUS] => 02
    [P_TYPE] => VBANK
    [P_OID] => 250408-020
    [P_FN_CD1] => 31
    [P_FN_CD2] => 
    [P_FN_NM] => 아이엠뱅크(대구은행)
    [P_AMT] => 3000
    [P_UNAME] => 최정철
    [P_RMESG1] => P_VACCT_NO=9600362767411|P_EXP_DT=20250418
    [P_RMESG2] => 
    [P_NOTI] => 
    [P_AUTH_NO] => 
)

 Array
(
    [PageCall time] => 17:10:24
    [P_TID] => INIMX_VBNKCAEcatca0720250408170914755625
    [P_MID] => CAEcatca07
    [P_AUTH_DT] => 20250408171024
    [P_STATUS] => 02
    [P_TYPE] => VBANK
    [P_OID] => 250408-008
    [P_FN_CD1] => 04
    [P_FN_CD2] => 
    [P_FN_NM] => KB국민은행
    [P_AMT] => 3000
    [P_UNAME] => 박미정
    [P_RMESG1] => P_VACCT_NO=80429078205252|P_EXP_DT=20250418
    [P_RMESG2] => 
    [P_NOTI] => 
    [P_AUTH_NO] => 
)

 Array
(
    [PageCall time] => 17:39:55
    [P_TID] => INIMX_VBNKCAEcatca0720250408173900295849
    [P_MID] => CAEcatca07
    [P_AUTH_DT] => 20250408173955
    [P_STATUS] => 02
    [P_TYPE] => VBANK
    [P_OID] => 250408-021
    [P_FN_CD1] => 04
    [P_FN_CD2] => 
    [P_FN_NM] => KB국민은행
    [P_AMT] => 3000
    [P_UNAME] => 안두리
    [P_RMESG1] => P_VACCT_NO=80429078315775|P_EXP_DT=20250418
    [P_RMESG2] => 
    [P_NOTI] => 
    [P_AUTH_NO] => 
)

 Array
(
    [PageCall time] => 20:33:31
    [P_TID] => INIMX_VBNKCAEcatca0720250408203040644465
    [P_MID] => CAEcatca07
    [P_AUTH_DT] => 20250408203331
    [P_STATUS] => 02
    [P_TYPE] => VBANK
    [P_OID] => 250408-023
    [P_FN_CD1] => 20
    [P_FN_CD2] => 
    [P_FN_NM] => 우리은행
    [P_AMT] => 3000
    [P_UNAME] => 김기주
    [P_RMESG1] => P_VACCT_NO=61841308118981|P_EXP_DT=20250418
    [P_RMESG2] => 
    [P_NOTI] => 
    [P_AUTH_NO] => 
)

 Array
(
    [PageCall time] => 20:54:22
    [P_TID] => INIMX_VBNKCAEcatca0720250408205145854388
    [P_MID] => CAEcatca07
    [P_AUTH_DT] => 20250408205422
    [P_STATUS] => 02
    [P_TYPE] => VBANK
    [P_OID] => 250408-022
    [P_FN_CD1] => 03
    [P_FN_CD2] => 
    [P_FN_NM] => 기업은행
    [P_AMT] => 3000
    [P_UNAME] => 정민헌
    [P_RMESG1] => P_VACCT_NO=07503273497970|P_EXP_DT=20250418
    [P_RMESG2] => 
    [P_NOTI] => 
    [P_AUTH_NO] => 
)

 Array
(
    [PageCall time] => 21:02:29
    [P_TID] => INIMX_VBNKCAEcatca0720250408205750554120
    [P_MID] => CAEcatca07
    [P_AUTH_DT] => 20250408210229
    [P_STATUS] => 02
    [P_TYPE] => VBANK
    [P_OID] => 250408-025
    [P_FN_CD1] => 03
    [P_FN_CD2] => 
    [P_FN_NM] => 기업은행
    [P_AMT] => 3000
    [P_UNAME] => 이경종
    [P_RMESG1] => P_VACCT_NO=07503273897878|P_EXP_DT=20250418
    [P_RMESG2] => 
    [P_NOTI] => 
    [P_AUTH_NO] => 
)

