 Array
(
    [PageCall time] => 16:08:25
    [P_TID] => INIMX_VBNKCAEcatca0720250304160731805225
    [P_MID] => CAEcatca07
    [P_AUTH_DT] => 20250304160825
    [P_STATUS] => 02
    [P_TYPE] => VBANK
    [P_OID] => 250304-027
    [P_FN_CD1] => 32
    [P_FN_CD2] => 
    [P_FN_NM] => 부산은행
    [P_AMT] => 3000
    [P_UNAME] => 이미경
    [P_RMESG1] => P_VACCT_NO=109924335103|P_EXP_DT=20250314
    [P_RMESG2] => 
    [P_NOTI] => 
    [P_AUTH_NO] => 
)

 Array
(
    [PageCall time] => 16:35:42
    [P_TID] => INIMX_VBNKCAEcatca0720250304163208515658
    [P_MID] => CAEcatca07
    [P_AUTH_DT] => 20250304163542
    [P_STATUS] => 02
    [P_TYPE] => VBANK
    [P_OID] => 250304-030
    [P_FN_CD1] => 03
    [P_FN_CD2] => 
    [P_FN_NM] => 기업은행
    [P_AMT] => 3000
    [P_UNAME] => 박순예
    [P_RMESG1] => P_VACCT_NO=07502329997814|P_EXP_DT=20250314
    [P_RMESG2] => 
    [P_NOTI] => 
    [P_AUTH_NO] => 
)

 Array
(
    [PageCall time] => 22:14:50
    [P_TID] => INIMX_VBNKCAEcatca0720250304221111935249
    [P_MID] => CAEcatca07
    [P_AUTH_DT] => 20250304221450
    [P_STATUS] => 02
    [P_TYPE] => VBANK
    [P_OID] => 250304-039
    [P_FN_CD1] => 88
    [P_FN_CD2] => 
    [P_FN_NM] => 신한은행
    [P_AMT] => 3000
    [P_UNAME] => 강순복
    [P_RMESG1] => P_VACCT_NO=56211106768159|P_EXP_DT=20250314
    [P_RMESG2] => 
    [P_NOTI] => 
    [P_AUTH_NO] => 
)

