 Array
(
    [PageCall time] => 06:26:26
    [P_TID] => INIMX_VBNKCAEcatca0720250805234806415815
    [P_MID] => CAEcatca07
    [P_AUTH_DT] => 20250806062626
    [P_STATUS] => 02
    [P_TYPE] => VBANK
    [P_OID] => 250805-058
    [P_FN_CD1] => 04
    [P_FN_CD2] => 
    [P_FN_NM] => KB국민은행
    [P_AMT] => 3000
    [P_UNAME] => 김진훈
    [P_RMESG1] => P_VACCT_NO=26119078017238|P_EXP_DT=20250815
    [P_RMESG2] => 
    [P_NOTI] => 
    [P_AUTH_NO] => 
)

 Array
(
    [PageCall time] => 08:29:42
    [P_TID] => INIMX_VBNKCAEcatca0720250806082631355384
    [P_MID] => CAEcatca07
    [P_AUTH_DT] => 20250806082942
    [P_STATUS] => 02
    [P_TYPE] => VBANK
    [P_OID] => 250806-002
    [P_FN_CD1] => 88
    [P_FN_CD2] => 
    [P_FN_NM] => 신한은행
    [P_AMT] => 3000
    [P_UNAME] => 이남숙
    [P_RMESG1] => P_VACCT_NO=56211104369156|P_EXP_DT=20250816
    [P_RMESG2] => 
    [P_NOTI] => 
    [P_AUTH_NO] => 
)

 Array
(
    [PageCall time] => 09:22:07
    [P_TID] => INIMX_VBNKCAEcatca0720250806092000874101
    [P_MID] => CAEcatca07
    [P_AUTH_DT] => 20250806092207
    [P_STATUS] => 02
    [P_TYPE] => VBANK
    [P_OID] => 250806-005
    [P_FN_CD1] => 04
    [P_FN_CD2] => 
    [P_FN_NM] => KB국민은행
    [P_AMT] => 3000
    [P_UNAME] => 이순남
    [P_RMESG1] => P_VACCT_NO=88429011958173|P_EXP_DT=20250816
    [P_RMESG2] => 
    [P_NOTI] => 
    [P_AUTH_NO] => 
)

 Array
(
    [PageCall time] => 10:20:43
    [P_TID] => INIMX_VBNKCAEcatca0720250806101737754111
    [P_MID] => CAEcatca07
    [P_AUTH_DT] => 20250806102043
    [P_STATUS] => 02
    [P_TYPE] => VBANK
    [P_OID] => 250806-007
    [P_FN_CD1] => 81
    [P_FN_CD2] => 
    [P_FN_NM] => 하나은행
    [P_AMT] => 3000
    [P_UNAME] => 장선미
    [P_RMESG1] => P_VACCT_NO=20893803943437|P_EXP_DT=20250816
    [P_RMESG2] => 
    [P_NOTI] => 
    [P_AUTH_NO] => 
)

 Array
(
    [PageCall time] => 10:32:05
    [P_TID] => INIMX_VBNKCAEcatca0720250806102933824898
    [P_MID] => CAEcatca07
    [P_AUTH_DT] => 20250806103205
    [P_STATUS] => 02
    [P_TYPE] => VBANK
    [P_OID] => 250806-008
    [P_FN_CD1] => 03
    [P_FN_CD2] => 
    [P_FN_NM] => 기업은행
    [P_AMT] => 3000
    [P_UNAME] => 신경덕
    [P_RMESG1] => P_VACCT_NO=07500423097161|P_EXP_DT=20250816
    [P_RMESG2] => 
    [P_NOTI] => 
    [P_AUTH_NO] => 
)

 Array
(
    [PageCall time] => 10:33:57
    [P_TID] => INIMX_VBNKCAEcatca0720250806103018324283
    [P_MID] => CAEcatca07
    [P_AUTH_DT] => 20250806103357
    [P_STATUS] => 02
    [P_TYPE] => VBANK
    [P_OID] => 250806-009
    [P_FN_CD1] => 88
    [P_FN_CD2] => 
    [P_FN_NM] => 신한은행
    [P_AMT] => 3000
    [P_UNAME] => 황석근
    [P_RMESG1] => P_VACCT_NO=56211122215400|P_EXP_DT=20250816
    [P_RMESG2] => 
    [P_NOTI] => 
    [P_AUTH_NO] => 
)

 Array
(
    [PageCall time] => 10:34:02
    [P_TID] => INIMX_VBNKCAEcatca0720250806103229374615
    [P_MID] => CAEcatca07
    [P_AUTH_DT] => 20250806103402
    [P_STATUS] => 02
    [P_TYPE] => VBANK
    [P_OID] => 250806-010
    [P_FN_CD1] => 04
    [P_FN_CD2] => 
    [P_FN_NM] => KB국민은행
    [P_AMT] => 3000
    [P_UNAME] => 최효숙
    [P_RMESG1] => P_VACCT_NO=88429011979952|P_EXP_DT=20250816
    [P_RMESG2] => 
    [P_NOTI] => 
    [P_AUTH_NO] => 
)

 Array
(
    [PageCall time] => 11:34:16
    [P_TID] => INIMX_VBNKCAEcatca0720250806113349514544
    [P_MID] => CAEcatca07
    [P_AUTH_DT] => 20250806113416
    [P_STATUS] => 02
    [P_TYPE] => VBANK
    [P_OID] => 250806-018
    [P_FN_CD1] => 04
    [P_FN_CD2] => 
    [P_FN_NM] => KB국민은행
    [P_AMT] => 3000
    [P_UNAME] => 박정문
    [P_RMESG1] => P_VACCT_NO=88429011992805|P_EXP_DT=20250816
    [P_RMESG2] => 
    [P_NOTI] => 
    [P_AUTH_NO] => 
)

 Array
(
    [PageCall time] => 11:38:58
    [P_TID] => INIMX_VBNKCAEcatca0720250806113559274092
    [P_MID] => CAEcatca07
    [P_AUTH_DT] => 20250806113858
    [P_STATUS] => 02
    [P_TYPE] => VBANK
    [P_OID] => 250806-006
    [P_FN_CD1] => 20
    [P_FN_CD2] => 
    [P_FN_NM] => 우리은행
    [P_AMT] => 3000
    [P_UNAME] => 김동섭
    [P_RMESG1] => P_VACCT_NO=09104082518136|P_EXP_DT=20250816
    [P_RMESG2] => 
    [P_NOTI] => 
    [P_AUTH_NO] => 
)

 Array
(
    [PageCall time] => 11:50:30
    [P_TID] => INIMX_VBNKCAEcatca0720250806114648404659
    [P_MID] => CAEcatca07
    [P_AUTH_DT] => 20250806115030
    [P_STATUS] => 02
    [P_TYPE] => VBANK
    [P_OID] => 250806-019
    [P_FN_CD1] => 89
    [P_FN_CD2] => 
    [P_FN_NM] => 케이뱅크
    [P_AMT] => 3000
    [P_UNAME] => 정예지
    [P_RMESG1] => P_VACCT_NO=70112000216754|P_EXP_DT=20250816
    [P_RMESG2] => 
    [P_NOTI] => 
    [P_AUTH_NO] => 
)

 Array
(
    [PageCall time] => 12:03:10
    [P_TID] => INIMX_VBNKCAEcatca0720250806120042104805
    [P_MID] => CAEcatca07
    [P_AUTH_DT] => 20250806120310
    [P_STATUS] => 02
    [P_TYPE] => VBANK
    [P_OID] => 250806-020
    [P_FN_CD1] => 11
    [P_FN_CD2] => 
    [P_FN_NM] => NH농협은행
    [P_AMT] => 3000
    [P_UNAME] => 천미경
    [P_RMESG1] => P_VACCT_NO=79005474869360|P_EXP_DT=20250816
    [P_RMESG2] => 
    [P_NOTI] => 
    [P_AUTH_NO] => 
)

 Array
(
    [PageCall time] => 12:39:09
    [P_TID] => INIMX_VBNKCAEcatca0720250806123625804411
    [P_MID] => CAEcatca07
    [P_AUTH_DT] => 20250806123909
    [P_STATUS] => 02
    [P_TYPE] => VBANK
    [P_OID] => 250806-021
    [P_FN_CD1] => 20
    [P_FN_CD2] => 
    [P_FN_NM] => 우리은행
    [P_AMT] => 3000
    [P_UNAME] => 이준호
    [P_RMESG1] => P_VACCT_NO=09104091418320|P_EXP_DT=20250816
    [P_RMESG2] => 
    [P_NOTI] => 
    [P_AUTH_NO] => 
)

 Array
(
    [PageCall time] => 15:04:07
    [P_TID] => INIMX_VBNKCAEcatca0720250806150330454392
    [P_MID] => CAEcatca07
    [P_AUTH_DT] => 20250806150407
    [P_STATUS] => 02
    [P_TYPE] => VBANK
    [P_OID] => 250806-027
    [P_FN_CD1] => 04
    [P_FN_CD2] => 
    [P_FN_NM] => KB국민은행
    [P_AMT] => 3000
    [P_UNAME] => 김지애
    [P_RMESG1] => P_VACCT_NO=91649011045219|P_EXP_DT=20250816
    [P_RMESG2] => 
    [P_NOTI] => 
    [P_AUTH_NO] => 
)

 Array
(
    [PageCall time] => 15:04:22
    [P_TID] => INIMX_VBNKCAEcatca0720250806150112014925
    [P_MID] => CAEcatca07
    [P_AUTH_DT] => 20250806150422
    [P_STATUS] => 02
    [P_TYPE] => VBANK
    [P_OID] => 250806-026
    [P_FN_CD1] => 88
    [P_FN_CD2] => 
    [P_FN_NM] => 신한은행
    [P_AMT] => 3000
    [P_UNAME] => 권영화
    [P_RMESG1] => P_VACCT_NO=56211122226696|P_EXP_DT=20250816
    [P_RMESG2] => 
    [P_NOTI] => 
    [P_AUTH_NO] => 
)

 Array
(
    [PageCall time] => 15:06:22
    [P_TID] => INIMX_VBNKCAEcatca0720250804202959215192
    [P_MID] => CAEcatca07
    [P_AUTH_DT] => 20250806150622
    [P_STATUS] => 02
    [P_TYPE] => VBANK
    [P_OID] => 250804-052
    [P_FN_CD1] => 03
    [P_FN_CD2] => 
    [P_FN_NM] => 기업은행
    [P_AMT] => 3000
    [P_UNAME] => 이승희
    [P_RMESG1] => P_VACCT_NO=07503164197182|P_EXP_DT=20250814
    [P_RMESG2] => 
    [P_NOTI] => 
    [P_AUTH_NO] => 
)

 Array
(
    [PageCall time] => 16:12:54
    [P_TID] => INIMX_VBNKCAEcatca0720250806161025765679
    [P_MID] => CAEcatca07
    [P_AUTH_DT] => 20250806161254
    [P_STATUS] => 02
    [P_TYPE] => VBANK
    [P_OID] => 250806-031
    [P_FN_CD1] => 04
    [P_FN_CD2] => 
    [P_FN_NM] => KB국민은행
    [P_AMT] => 3000
    [P_UNAME] => 이은희
    [P_RMESG1] => P_VACCT_NO=26119078610697|P_EXP_DT=20250816
    [P_RMESG2] => 
    [P_NOTI] => 
    [P_AUTH_NO] => 
)

 Array
(
    [PageCall time] => 16:14:42
    [P_TID] => INIMX_VBNKCAEcatca0720250806161210965956
    [P_MID] => CAEcatca07
    [P_AUTH_DT] => 20250806161442
    [P_STATUS] => 02
    [P_TYPE] => VBANK
    [P_OID] => 250806-032
    [P_FN_CD1] => 03
    [P_FN_CD2] => 
    [P_FN_NM] => 기업은행
    [P_AMT] => 3000
    [P_UNAME] => 박연아
    [P_RMESG1] => P_VACCT_NO=07503174997628|P_EXP_DT=20250816
    [P_RMESG2] => 
    [P_NOTI] => 
    [P_AUTH_NO] => 
)

 Array
(
    [PageCall time] => 16:23:07
    [P_TID] => INIMX_VBNKCAEcatca0720250806162018464279
    [P_MID] => CAEcatca07
    [P_AUTH_DT] => 20250806162307
    [P_STATUS] => 02
    [P_TYPE] => VBANK
    [P_OID] => 250806-029
    [P_FN_CD1] => 20
    [P_FN_CD2] => 
    [P_FN_NM] => 우리은행
    [P_AMT] => 3000
    [P_UNAME] => 정현애
    [P_RMESG1] => P_VACCT_NO=09104126218101|P_EXP_DT=20250816
    [P_RMESG2] => 
    [P_NOTI] => 
    [P_AUTH_NO] => 
)

 Array
(
    [PageCall time] => 16:49:14
    [P_TID] => INIMX_VBNKCAEcatca0720250806164624845051
    [P_MID] => CAEcatca07
    [P_AUTH_DT] => 20250806164914
    [P_STATUS] => 02
    [P_TYPE] => VBANK
    [P_OID] => 250806-036
    [P_FN_CD1] => 88
    [P_FN_CD2] => 
    [P_FN_NM] => 신한은행
    [P_AMT] => 3000
    [P_UNAME] => 김하영
    [P_RMESG1] => P_VACCT_NO=56211990957644|P_EXP_DT=20250816
    [P_RMESG2] => 
    [P_NOTI] => 
    [P_AUTH_NO] => 
)

 Array
(
    [PageCall time] => 17:16:05
    [P_TID] => INIMX_VBNKCAEcatca0720250806171312605459
    [P_MID] => CAEcatca07
    [P_AUTH_DT] => 20250806171605
    [P_STATUS] => 02
    [P_TYPE] => VBANK
    [P_OID] => 250804-020
    [P_FN_CD1] => 20
    [P_FN_CD2] => 
    [P_FN_NM] => 우리은행
    [P_AMT] => 3000
    [P_UNAME] => 김지영
    [P_RMESG1] => P_VACCT_NO=27388699118962|P_EXP_DT=20250816
    [P_RMESG2] => 
    [P_NOTI] => 
    [P_AUTH_NO] => 
)

 Array
(
    [PageCall time] => 19:11:00
    [P_TID] => INIMX_VBNKCAEcatca0720250806190834455724
    [P_MID] => CAEcatca07
    [P_AUTH_DT] => 20250806191100
    [P_STATUS] => 02
    [P_TYPE] => VBANK
    [P_OID] => 250806-040
    [P_FN_CD1] => 04
    [P_FN_CD2] => 
    [P_FN_NM] => KB국민은행
    [P_AMT] => 3000
    [P_UNAME] => 정영희
    [P_RMESG1] => P_VACCT_NO=26119078789380|P_EXP_DT=20250816
    [P_RMESG2] => 
    [P_NOTI] => 
    [P_AUTH_NO] => 
)

 Array
(
    [PageCall time] => 21:02:56
    [P_TID] => INIMX_VBNKCAEcatca0720250806210215925085
    [P_MID] => CAEcatca07
    [P_AUTH_DT] => 20250806210256
    [P_STATUS] => 02
    [P_TYPE] => VBANK
    [P_OID] => 250806-041
    [P_FN_CD1] => 11
    [P_FN_CD2] => 
    [P_FN_NM] => NH농협은행
    [P_AMT] => 3000
    [P_UNAME] => 안준식
    [P_RMESG1] => P_VACCT_NO=79014290059938|P_EXP_DT=20250816
    [P_RMESG2] => 
    [P_NOTI] => 
    [P_AUTH_NO] => 
)

 Array
(
    [PageCall time] => 21:48:21
    [P_TID] => INIMX_VBNKCAEcatca0720250806214723725132
    [P_MID] => CAEcatca07
    [P_AUTH_DT] => 20250806214821
    [P_STATUS] => 02
    [P_TYPE] => VBANK
    [P_OID] => 250806-043
    [P_FN_CD1] => 04
    [P_FN_CD2] => 
    [P_FN_NM] => KB국민은행
    [P_AMT] => 3000
    [P_UNAME] => 신의식
    [P_RMESG1] => P_VACCT_NO=26159078007459|P_EXP_DT=20250816
    [P_RMESG2] => 
    [P_NOTI] => 
    [P_AUTH_NO] => 
)

 Array
(
    [PageCall time] => 22:03:23
    [P_TID] => INIMX_VBNKCAEcatca0720250806220224815813
    [P_MID] => CAEcatca07
    [P_AUTH_DT] => 20250806220323
    [P_STATUS] => 02
    [P_TYPE] => VBANK
    [P_OID] => 250806-044
    [P_FN_CD1] => 04
    [P_FN_CD2] => 
    [P_FN_NM] => KB국민은행
    [P_AMT] => 3000
    [P_UNAME] => 정민서
    [P_RMESG1] => P_VACCT_NO=26159078011166|P_EXP_DT=20250816
    [P_RMESG2] => 
    [P_NOTI] => 
    [P_AUTH_NO] => 
)

 Array
(
    [PageCall time] => 22:31:05
    [P_TID] => INIMX_VBNKCAEcatca0720250806222753725138
    [P_MID] => CAEcatca07
    [P_AUTH_DT] => 20250806223105
    [P_STATUS] => 02
    [P_TYPE] => VBANK
    [P_OID] => 250806-045
    [P_FN_CD1] => 88
    [P_FN_CD2] => 
    [P_FN_NM] => 신한은행
    [P_AMT] => 3000
    [P_UNAME] => 성아현
    [P_RMESG1] => P_VACCT_NO=56211990973450|P_EXP_DT=20250816
    [P_RMESG2] => 
    [P_NOTI] => 
    [P_AUTH_NO] => 
)

