 Array
(
    [PageCall time] => 00:48:28
    [P_TID] => INIMX_VBNKCAEcatca0720251010004554945643
    [P_MID] => CAEcatca07
    [P_AUTH_DT] => 20251010004828
    [P_STATUS] => 02
    [P_TYPE] => VBANK
    [P_OID] => 251010-001
    [P_FN_CD1] => 88
    [P_FN_CD2] => 
    [P_FN_NM] => 신한은행
    [P_AMT] => 3000
    [P_UNAME] => 성동윤
    [P_RMESG1] => P_VACCT_NO=56211103555422|P_EXP_DT=20251020
    [P_RMESG2] => 
    [P_NOTI] => 
    [P_AUTH_NO] => 
)

 Array
(
    [PageCall time] => 08:03:45
    [P_TID] => INIMX_VBNKCAEcatca0720251010080052815924
    [P_MID] => CAEcatca07
    [P_AUTH_DT] => 20251010080345
    [P_STATUS] => 02
    [P_TYPE] => VBANK
    [P_OID] => 251010-002
    [P_FN_CD1] => 32
    [P_FN_CD2] => 
    [P_FN_NM] => 부산은행
    [P_AMT] => 3000
    [P_UNAME] => 이승진
    [P_RMESG1] => P_VACCT_NO=109924095808|P_EXP_DT=20251020
    [P_RMESG2] => 
    [P_NOTI] => 
    [P_AUTH_NO] => 
)

 Array
(
    [PageCall time] => 08:20:57
    [P_TID] => INIMX_VBNKCAEcatca0720251010081746765471
    [P_MID] => CAEcatca07
    [P_AUTH_DT] => 20251010082057
    [P_STATUS] => 02
    [P_TYPE] => VBANK
    [P_OID] => 251010-003
    [P_FN_CD1] => 04
    [P_FN_CD2] => 
    [P_FN_NM] => KB국민은행
    [P_AMT] => 3000
    [P_UNAME] => 김미경
    [P_RMESG1] => P_VACCT_NO=91229079027503|P_EXP_DT=20251020
    [P_RMESG2] => 
    [P_NOTI] => 
    [P_AUTH_NO] => 
)

 Array
(
    [PageCall time] => 10:17:30
    [P_TID] => INIMX_VBNKCAEcatca0720251010101452445568
    [P_MID] => CAEcatca07
    [P_AUTH_DT] => 20251010101729
    [P_STATUS] => 02
    [P_TYPE] => VBANK
    [P_OID] => 251010-007
    [P_FN_CD1] => 04
    [P_FN_CD2] => 
    [P_FN_NM] => KB국민은행
    [P_AMT] => 3000
    [P_UNAME] => 김미연
    [P_RMESG1] => P_VACCT_NO=26119078480533|P_EXP_DT=20251020
    [P_RMESG2] => 
    [P_NOTI] => 
    [P_AUTH_NO] => 
)

 Array
(
    [PageCall time] => 10:56:50
    [P_TID] => INIMX_VBNKCAEcatca0720251010105325655969
    [P_MID] => CAEcatca07
    [P_AUTH_DT] => 20251010105650
    [P_STATUS] => 02
    [P_TYPE] => VBANK
    [P_OID] => 251010-012
    [P_FN_CD1] => 20
    [P_FN_CD2] => 
    [P_FN_NM] => 우리은행
    [P_AMT] => 3000
    [P_UNAME] => 최은영
    [P_RMESG1] => P_VACCT_NO=27490856118391|P_EXP_DT=20251020
    [P_RMESG2] => 
    [P_NOTI] => 
    [P_AUTH_NO] => 
)

 Array
(
    [PageCall time] => 10:59:28
    [P_TID] => INIMX_VBNKCAEcatca0720251010105646355998
    [P_MID] => CAEcatca07
    [P_AUTH_DT] => 20251010105928
    [P_STATUS] => 02
    [P_TYPE] => VBANK
    [P_OID] => 251010-011
    [P_FN_CD1] => 11
    [P_FN_CD2] => 
    [P_FN_NM] => NH농협은행
    [P_AMT] => 3000
    [P_UNAME] => 최영학
    [P_RMESG1] => P_VACCT_NO=79014507975692|P_EXP_DT=20251020
    [P_RMESG2] => 
    [P_NOTI] => 
    [P_AUTH_NO] => 
)

 Array
(
    [PageCall time] => 11:23:50
    [P_TID] => INIMX_VBNKCAEcatca0720251010112036155203
    [P_MID] => CAEcatca07
    [P_AUTH_DT] => 20251010112350
    [P_STATUS] => 02
    [P_TYPE] => VBANK
    [P_OID] => 251010-015
    [P_FN_CD1] => 04
    [P_FN_CD2] => 
    [P_FN_NM] => KB국민은행
    [P_AMT] => 3000
    [P_UNAME] => 최창식
    [P_RMESG1] => P_VACCT_NO=26119078229598|P_EXP_DT=20251020
    [P_RMESG2] => 
    [P_NOTI] => 
    [P_AUTH_NO] => 
)

 Array
(
    [PageCall time] => 11:24:51
    [P_TID] => INIMX_VBNKCAEcatca0720251010112156445326
    [P_MID] => CAEcatca07
    [P_AUTH_DT] => 20251010112451
    [P_STATUS] => 02
    [P_TYPE] => VBANK
    [P_OID] => 251010-016
    [P_FN_CD1] => 88
    [P_FN_CD2] => 
    [P_FN_NM] => 신한은행
    [P_AMT] => 3000
    [P_UNAME] => 이수창
    [P_RMESG1] => P_VACCT_NO=56211103567118|P_EXP_DT=20251020
    [P_RMESG2] => 
    [P_NOTI] => 
    [P_AUTH_NO] => 
)

 Array
(
    [PageCall time] => 11:40:13
    [P_TID] => INIMX_VBNKCAEcatca0720251010113535395960
    [P_MID] => CAEcatca07
    [P_AUTH_DT] => 20251010114013
    [P_STATUS] => 02
    [P_TYPE] => VBANK
    [P_OID] => 251010-017
    [P_FN_CD1] => 20
    [P_FN_CD2] => 
    [P_FN_NM] => 우리은행
    [P_AMT] => 3000
    [P_UNAME] => 최미자
    [P_RMESG1] => P_VACCT_NO=27490858718682|P_EXP_DT=20251020
    [P_RMESG2] => 
    [P_NOTI] => 
    [P_AUTH_NO] => 
)

 Array
(
    [PageCall time] => 11:45:39
    [P_TID] => INIMX_VBNKCAEcatca0720251010114148335633
    [P_MID] => CAEcatca07
    [P_AUTH_DT] => 20251010114539
    [P_STATUS] => 02
    [P_TYPE] => VBANK
    [P_OID] => 251010-019
    [P_FN_CD1] => 20
    [P_FN_CD2] => 
    [P_FN_NM] => 우리은행
    [P_AMT] => 3000
    [P_UNAME] => 한정수
    [P_RMESG1] => P_VACCT_NO=27490858718851|P_EXP_DT=20251020
    [P_RMESG2] => 
    [P_NOTI] => 
    [P_AUTH_NO] => 
)

 Array
(
    [PageCall time] => 12:03:35
    [P_TID] => INIMX_VBNKCAEcatca0720251010115925875524
    [P_MID] => CAEcatca07
    [P_AUTH_DT] => 20251010120335
    [P_STATUS] => 02
    [P_TYPE] => VBANK
    [P_OID] => 251010-021
    [P_FN_CD1] => 88
    [P_FN_CD2] => 
    [P_FN_NM] => 신한은행
    [P_AMT] => 3000
    [P_UNAME] => 김미영
    [P_RMESG1] => P_VACCT_NO=56211103569626|P_EXP_DT=20251020
    [P_RMESG2] => 
    [P_NOTI] => 
    [P_AUTH_NO] => 
)

 Array
(
    [PageCall time] => 12:07:59
    [P_TID] => INIMX_VBNKCAEcatca0720251010120711425210
    [P_MID] => CAEcatca07
    [P_AUTH_DT] => 20251010120759
    [P_STATUS] => 02
    [P_TYPE] => VBANK
    [P_OID] => 251010-022
    [P_FN_CD1] => 11
    [P_FN_CD2] => 
    [P_FN_NM] => NH농협은행
    [P_AMT] => 3000
    [P_UNAME] => 곽효연
    [P_RMESG1] => P_VACCT_NO=79014507981849|P_EXP_DT=20251020
    [P_RMESG2] => 
    [P_NOTI] => 
    [P_AUTH_NO] => 
)

 Array
(
    [PageCall time] => 13:06:30
    [P_TID] => INIMX_VBNKCAEcatca0720251010130544905863
    [P_MID] => CAEcatca07
    [P_AUTH_DT] => 20251010130630
    [P_STATUS] => 02
    [P_TYPE] => VBANK
    [P_OID] => 251010-023
    [P_FN_CD1] => 11
    [P_FN_CD2] => 
    [P_FN_NM] => NH농협은행
    [P_AMT] => 3000
    [P_UNAME] => 이희숙
    [P_RMESG1] => P_VACCT_NO=79014507985911|P_EXP_DT=20251020
    [P_RMESG2] => 
    [P_NOTI] => 
    [P_AUTH_NO] => 
)

 Array
(
    [PageCall time] => 13:43:03
    [P_TID] => INIMX_VBNKCAEcatca0720251010133951425343
    [P_MID] => CAEcatca07
    [P_AUTH_DT] => 20251010134303
    [P_STATUS] => 02
    [P_TYPE] => VBANK
    [P_OID] => 251010-027
    [P_FN_CD1] => 39
    [P_FN_CD2] => 
    [P_FN_NM] => 경남은행
    [P_AMT] => 3000
    [P_UNAME] => 김주희
    [P_RMESG1] => P_VACCT_NO=573194617154|P_EXP_DT=20251020
    [P_RMESG2] => 
    [P_NOTI] => 
    [P_AUTH_NO] => 
)

 Array
(
    [PageCall time] => 13:55:33
    [P_TID] => INIMX_VBNKCAEcatca0720251010135300195578
    [P_MID] => CAEcatca07
    [P_AUTH_DT] => 20251010135533
    [P_STATUS] => 02
    [P_TYPE] => VBANK
    [P_OID] => 251010-030
    [P_FN_CD1] => 03
    [P_FN_CD2] => 
    [P_FN_NM] => 기업은행
    [P_AMT] => 3000
    [P_UNAME] => 김차헌
    [P_RMESG1] => P_VACCT_NO=07503145697739|P_EXP_DT=20251020
    [P_RMESG2] => 
    [P_NOTI] => 
    [P_AUTH_NO] => 
)

 Array
(
    [PageCall time] => 14:10:52
    [P_TID] => INIMX_VBNKCAEcatca0720251010133811995903
    [P_MID] => CAEcatca07
    [P_AUTH_DT] => 20251010141052
    [P_STATUS] => 02
    [P_TYPE] => VBANK
    [P_OID] => 251010-025
    [P_FN_CD1] => 88
    [P_FN_CD2] => 
    [P_FN_NM] => 신한은행
    [P_AMT] => 3000
    [P_UNAME] => 홍충한
    [P_RMESG1] => P_VACCT_NO=56211103575777|P_EXP_DT=20251020
    [P_RMESG2] => 
    [P_NOTI] => 
    [P_AUTH_NO] => 
)

 Array
(
    [PageCall time] => 14:23:14
    [P_TID] => INIMX_VBNKCAEcatca0720251010142225705071
    [P_MID] => CAEcatca07
    [P_AUTH_DT] => 20251010142314
    [P_STATUS] => 02
    [P_TYPE] => VBANK
    [P_OID] => 251010-034
    [P_FN_CD1] => 11
    [P_FN_CD2] => 
    [P_FN_NM] => NH농협은행
    [P_AMT] => 3000
    [P_UNAME] => 유수정
    [P_RMESG1] => P_VACCT_NO=79014507992896|P_EXP_DT=20251020
    [P_RMESG2] => 
    [P_NOTI] => 
    [P_AUTH_NO] => 
)

 Array
(
    [PageCall time] => 14:26:21
    [P_TID] => INIMX_VBNKCAEcatca0720251010142344585183
    [P_MID] => CAEcatca07
    [P_AUTH_DT] => 20251010142621
    [P_STATUS] => 02
    [P_TYPE] => VBANK
    [P_OID] => 251010-035
    [P_FN_CD1] => 88
    [P_FN_CD2] => 
    [P_FN_NM] => 신한은행
    [P_AMT] => 3000
    [P_UNAME] => 김종문
    [P_RMESG1] => P_VACCT_NO=56211103579585|P_EXP_DT=20251020
    [P_RMESG2] => 
    [P_NOTI] => 
    [P_AUTH_NO] => 
)

 Array
(
    [PageCall time] => 14:31:33
    [P_TID] => INIMX_VBNKCAEcatca0720251010142909105630
    [P_MID] => CAEcatca07
    [P_AUTH_DT] => 20251010143133
    [P_STATUS] => 02
    [P_TYPE] => VBANK
    [P_OID] => 251010-036
    [P_FN_CD1] => 03
    [P_FN_CD2] => 
    [P_FN_NM] => 기업은행
    [P_AMT] => 3000
    [P_UNAME] => 박찬종
    [P_RMESG1] => P_VACCT_NO=07503146097373|P_EXP_DT=20251020
    [P_RMESG2] => 
    [P_NOTI] => 
    [P_AUTH_NO] => 
)

 Array
(
    [PageCall time] => 14:43:18
    [P_TID] => INIMX_VBNKCAEcatca0720251010144024605814
    [P_MID] => CAEcatca07
    [P_AUTH_DT] => 20251010144318
    [P_STATUS] => 02
    [P_TYPE] => VBANK
    [P_OID] => 251010-037
    [P_FN_CD1] => 20
    [P_FN_CD2] => 
    [P_FN_NM] => 우리은행
    [P_AMT] => 3000
    [P_UNAME] => 유화남
    [P_RMESG1] => P_VACCT_NO=27490864318606|P_EXP_DT=20251020
    [P_RMESG2] => 
    [P_NOTI] => 
    [P_AUTH_NO] => 
)

 Array
(
    [PageCall time] => 14:55:10
    [P_TID] => INIMX_VBNKCAEcatca0720251010145407245222
    [P_MID] => CAEcatca07
    [P_AUTH_DT] => 20251010145510
    [P_STATUS] => 02
    [P_TYPE] => VBANK
    [P_OID] => 251010-040
    [P_FN_CD1] => 11
    [P_FN_CD2] => 
    [P_FN_NM] => NH농협은행
    [P_AMT] => 3000
    [P_UNAME] => 이유정
    [P_RMESG1] => P_VACCT_NO=79014507996441|P_EXP_DT=20251020
    [P_RMESG2] => 
    [P_NOTI] => 
    [P_AUTH_NO] => 
)

 Array
(
    [PageCall time] => 14:55:43
    [P_TID] => INIMX_VBNKCAEcatca0720251010145249465896
    [P_MID] => CAEcatca07
    [P_AUTH_DT] => 20251010145543
    [P_STATUS] => 02
    [P_TYPE] => VBANK
    [P_OID] => 251010-039
    [P_FN_CD1] => 04
    [P_FN_CD2] => 
    [P_FN_NM] => KB국민은행
    [P_AMT] => 3000
    [P_UNAME] => 양정현
    [P_RMESG1] => P_VACCT_NO=26029078500478|P_EXP_DT=20251020
    [P_RMESG2] => 
    [P_NOTI] => 
    [P_AUTH_NO] => 
)

 Array
(
    [PageCall time] => 15:16:13
    [P_TID] => INIMX_VBNKCAEcatca0720251010150559225229
    [P_MID] => CAEcatca07
    [P_AUTH_DT] => 20251010151613
    [P_STATUS] => 02
    [P_TYPE] => VBANK
    [P_OID] => 251010-042
    [P_FN_CD1] => 04
    [P_FN_CD2] => 
    [P_FN_NM] => KB국민은행
    [P_AMT] => 3000
    [P_UNAME] => 임현경
    [P_RMESG1] => P_VACCT_NO=26159078638657|P_EXP_DT=20251020
    [P_RMESG2] => 
    [P_NOTI] => 
    [P_AUTH_NO] => 
)

 Array
(
    [PageCall time] => 15:34:51
    [P_TID] => INIMX_VBNKCAEcatca0720251010153340695282
    [P_MID] => CAEcatca07
    [P_AUTH_DT] => 20251010153451
    [P_STATUS] => 02
    [P_TYPE] => VBANK
    [P_OID] => 251010-045
    [P_FN_CD1] => 11
    [P_FN_CD2] => 
    [P_FN_NM] => NH농협은행
    [P_AMT] => 3000
    [P_UNAME] => 여현수
    [P_RMESG1] => P_VACCT_NO=79014508000731|P_EXP_DT=20251020
    [P_RMESG2] => 
    [P_NOTI] => 
    [P_AUTH_NO] => 
)

 Array
(
    [PageCall time] => 15:35:21
    [P_TID] => INIMX_VBNKCAEcatca0720251010153424925773
    [P_MID] => CAEcatca07
    [P_AUTH_DT] => 20251010153521
    [P_STATUS] => 02
    [P_TYPE] => VBANK
    [P_OID] => 251010-046
    [P_FN_CD1] => 11
    [P_FN_CD2] => 
    [P_FN_NM] => NH농협은행
    [P_AMT] => 3000
    [P_UNAME] => 박은진
    [P_RMESG1] => P_VACCT_NO=79014508000767|P_EXP_DT=20251020
    [P_RMESG2] => 
    [P_NOTI] => 
    [P_AUTH_NO] => 
)

 Array
(
    [PageCall time] => 16:13:24
    [P_TID] => INIMX_VBNKCAEcatca0720251010161023825083
    [P_MID] => CAEcatca07
    [P_AUTH_DT] => 20251010161324
    [P_STATUS] => 02
    [P_TYPE] => VBANK
    [P_OID] => 251010-048
    [P_FN_CD1] => 20
    [P_FN_CD2] => 
    [P_FN_NM] => 우리은행
    [P_AMT] => 3000
    [P_UNAME] => 박준모
    [P_RMESG1] => P_VACCT_NO=27490868418293|P_EXP_DT=20251020
    [P_RMESG2] => 
    [P_NOTI] => 
    [P_AUTH_NO] => 
)

 Array
(
    [PageCall time] => 16:29:07
    [P_TID] => INIMX_VBNKCAEcatca0720251010162624725006
    [P_MID] => CAEcatca07
    [P_AUTH_DT] => 20251010162907
    [P_STATUS] => 02
    [P_TYPE] => VBANK
    [P_OID] => 251010-049
    [P_FN_CD1] => 04
    [P_FN_CD2] => 
    [P_FN_NM] => KB국민은행
    [P_AMT] => 3000
    [P_UNAME] => 이용길
    [P_RMESG1] => P_VACCT_NO=96439078029457|P_EXP_DT=20251020
    [P_RMESG2] => 
    [P_NOTI] => 
    [P_AUTH_NO] => 
)

 Array
(
    [PageCall time] => 16:54:41
    [P_TID] => INIMX_VBNKCAEcatca0720251010165047815035
    [P_MID] => CAEcatca07
    [P_AUTH_DT] => 20251010165440
    [P_STATUS] => 02
    [P_TYPE] => VBANK
    [P_OID] => 251010-050
    [P_FN_CD1] => 81
    [P_FN_CD2] => 
    [P_FN_NM] => 하나은행
    [P_AMT] => 3000
    [P_UNAME] => 정건
    [P_RMESG1] => P_VACCT_NO=20893823862337|P_EXP_DT=20251020
    [P_RMESG2] => 
    [P_NOTI] => 
    [P_AUTH_NO] => 
)

 Array
(
    [PageCall time] => 17:19:40
    [P_TID] => INIMX_VBNKCAEcatca0720251010171850235896
    [P_MID] => CAEcatca07
    [P_AUTH_DT] => 20251010171940
    [P_STATUS] => 02
    [P_TYPE] => VBANK
    [P_OID] => 251010-052
    [P_FN_CD1] => 11
    [P_FN_CD2] => 
    [P_FN_NM] => NH농협은행
    [P_AMT] => 3000
    [P_UNAME] => 김선경
    [P_RMESG1] => P_VACCT_NO=79014508009450|P_EXP_DT=20251020
    [P_RMESG2] => 
    [P_NOTI] => 
    [P_AUTH_NO] => 
)

 Array
(
    [PageCall time] => 18:09:16
    [P_TID] => INIMX_VBNKCAEcatca0720251010180624395126
    [P_MID] => CAEcatca07
    [P_AUTH_DT] => 20251010180916
    [P_STATUS] => 02
    [P_TYPE] => VBANK
    [P_OID] => 251010-053
    [P_FN_CD1] => 04
    [P_FN_CD2] => 
    [P_FN_NM] => KB국민은행
    [P_AMT] => 3000
    [P_UNAME] => 이예솔
    [P_RMESG1] => P_VACCT_NO=96439078112847|P_EXP_DT=20251020
    [P_RMESG2] => 
    [P_NOTI] => 
    [P_AUTH_NO] => 
)

 Array
(
    [PageCall time] => 19:56:10
    [P_TID] => INIMX_VBNKCAEcatca0720251010195312315246
    [P_MID] => CAEcatca07
    [P_AUTH_DT] => 20251010195610
    [P_STATUS] => 02
    [P_TYPE] => VBANK
    [P_OID] => 251010-054
    [P_FN_CD1] => 04
    [P_FN_CD2] => 
    [P_FN_NM] => KB국민은행
    [P_AMT] => 3000
    [P_UNAME] => 이정훈
    [P_RMESG1] => P_VACCT_NO=96439078122006|P_EXP_DT=20251020
    [P_RMESG2] => 
    [P_NOTI] => 
    [P_AUTH_NO] => 
)

 Array
(
    [PageCall time] => 23:15:23
    [P_TID] => INIMX_VBNKCAEcatca0720251010231247465035
    [P_MID] => CAEcatca07
    [P_AUTH_DT] => 20251010231522
    [P_STATUS] => 02
    [P_TYPE] => VBANK
    [P_OID] => 251010-056
    [P_FN_CD1] => 04
    [P_FN_CD2] => 
    [P_FN_NM] => KB국민은행
    [P_AMT] => 3000
    [P_UNAME] => 권애리
    [P_RMESG1] => P_VACCT_NO=96439078170586|P_EXP_DT=20251020
    [P_RMESG2] => 
    [P_NOTI] => 
    [P_AUTH_NO] => 
)

