 Array
(
    [PageCall time] => 00:25:27
    [P_TID] => INIMX_VBNKCAEcatca0720250512002227715209
    [P_MID] => CAEcatca07
    [P_AUTH_DT] => 20250512002527
    [P_STATUS] => 02
    [P_TYPE] => VBANK
    [P_OID] => 250512-001
    [P_FN_CD1] => 03
    [P_FN_CD2] => 
    [P_FN_NM] => 기업은행
    [P_AMT] => 3000
    [P_UNAME] => 최서은
    [P_RMESG1] => P_VACCT_NO=07502308297695|P_EXP_DT=20250522
    [P_RMESG2] => 
    [P_NOTI] => 
    [P_AUTH_NO] => 
)

 Array
(
    [PageCall time] => 09:30:31
    [P_TID] => INIMX_VBNKCAEcatca0720250512092952135046
    [P_MID] => CAEcatca07
    [P_AUTH_DT] => 20250512093031
    [P_STATUS] => 02
    [P_TYPE] => VBANK
    [P_OID] => 250512-004
    [P_FN_CD1] => 11
    [P_FN_CD2] => 
    [P_FN_NM] => NH농협은행
    [P_AMT] => 3000
    [P_UNAME] => 백종연
    [P_RMESG1] => P_VACCT_NO=79015903730800|P_EXP_DT=20250522
    [P_RMESG2] => 
    [P_NOTI] => 
    [P_AUTH_NO] => 
)

 Array
(
    [PageCall time] => 10:23:43
    [P_TID] => INIMX_VBNKCAEcatca0720250512101935435823
    [P_MID] => CAEcatca07
    [P_AUTH_DT] => 20250512102343
    [P_STATUS] => 02
    [P_TYPE] => VBANK
    [P_OID] => 250512-005
    [P_FN_CD1] => 88
    [P_FN_CD2] => 
    [P_FN_NM] => 신한은행
    [P_AMT] => 3000
    [P_UNAME] => 김태성
    [P_RMESG1] => P_VACCT_NO=56211103099009|P_EXP_DT=20250522
    [P_RMESG2] => 
    [P_NOTI] => 
    [P_AUTH_NO] => 
)

 Array
(
    [PageCall time] => 10:30:02
    [P_TID] => INIMX_VBNKCAEcatca0720250512102841275425
    [P_MID] => CAEcatca07
    [P_AUTH_DT] => 20250512103002
    [P_STATUS] => 02
    [P_TYPE] => VBANK
    [P_OID] => 250512-008
    [P_FN_CD1] => 04
    [P_FN_CD2] => 
    [P_FN_NM] => KB국민은행
    [P_AMT] => 3000
    [P_UNAME] => 최미희
    [P_RMESG1] => P_VACCT_NO=00289071257966|P_EXP_DT=20250522
    [P_RMESG2] => 
    [P_NOTI] => 
    [P_AUTH_NO] => 
)

 Array
(
    [PageCall time] => 10:47:16
    [P_TID] => INIMX_VBNKCAEcatca0720250512104418905525
    [P_MID] => CAEcatca07
    [P_AUTH_DT] => 20250512104716
    [P_STATUS] => 02
    [P_TYPE] => VBANK
    [P_OID] => 250510-010
    [P_FN_CD1] => 88
    [P_FN_CD2] => 
    [P_FN_NM] => 신한은행
    [P_AMT] => 3000
    [P_UNAME] => 정하나
    [P_RMESG1] => P_VACCT_NO=56211103102749|P_EXP_DT=20250522
    [P_RMESG2] => 
    [P_NOTI] => 
    [P_AUTH_NO] => 
)

 Array
(
    [PageCall time] => 11:03:22
    [P_TID] => INIMX_VBNKCAEcatca0720250512110004805232
    [P_MID] => CAEcatca07
    [P_AUTH_DT] => 20250512110322
    [P_STATUS] => 02
    [P_TYPE] => VBANK
    [P_OID] => 250512-010
    [P_FN_CD1] => 88
    [P_FN_CD2] => 
    [P_FN_NM] => 신한은행
    [P_AMT] => 3000
    [P_UNAME] => 김선희
    [P_RMESG1] => P_VACCT_NO=56211103105056|P_EXP_DT=20250522
    [P_RMESG2] => 
    [P_NOTI] => 
    [P_AUTH_NO] => 
)

 Array
(
    [PageCall time] => 11:16:43
    [P_TID] => INIMX_VBNKCAEcatca0720250512111609615239
    [P_MID] => CAEcatca07
    [P_AUTH_DT] => 20250512111643
    [P_STATUS] => 02
    [P_TYPE] => VBANK
    [P_OID] => 250512-012
    [P_FN_CD1] => 04
    [P_FN_CD2] => 
    [P_FN_NM] => KB국민은행
    [P_AMT] => 3000
    [P_UNAME] => 황설희
    [P_RMESG1] => P_VACCT_NO=26029078083506|P_EXP_DT=20250522
    [P_RMESG2] => 
    [P_NOTI] => 
    [P_AUTH_NO] => 
)

 Array
(
    [PageCall time] => 11:20:30
    [P_TID] => INIMX_VBNKCAEcatca0720250512111731455674
    [P_MID] => CAEcatca07
    [P_AUTH_DT] => 20250512112030
    [P_STATUS] => 02
    [P_TYPE] => VBANK
    [P_OID] => 250512-011
    [P_FN_CD1] => 11
    [P_FN_CD2] => 
    [P_FN_NM] => NH농협은행
    [P_AMT] => 3000
    [P_UNAME] => 김숙금
    [P_RMESG1] => P_VACCT_NO=79015903764705|P_EXP_DT=20250522
    [P_RMESG2] => 
    [P_NOTI] => 
    [P_AUTH_NO] => 
)

 Array
(
    [PageCall time] => 11:40:40
    [P_TID] => INIMX_VBNKCAEcatca0720250512113957605850
    [P_MID] => CAEcatca07
    [P_AUTH_DT] => 20250512114040
    [P_STATUS] => 02
    [P_TYPE] => VBANK
    [P_OID] => 250512-013
    [P_FN_CD1] => 04
    [P_FN_CD2] => 
    [P_FN_NM] => KB국민은행
    [P_AMT] => 3000
    [P_UNAME] => 김지민
    [P_RMESG1] => P_VACCT_NO=26029078117544|P_EXP_DT=20250522
    [P_RMESG2] => 
    [P_NOTI] => 
    [P_AUTH_NO] => 
)

 Array
(
    [PageCall time] => 11:43:44
    [P_TID] => INIMX_VBNKCAEcatca0720250512114052345967
    [P_MID] => CAEcatca07
    [P_AUTH_DT] => 20250512114344
    [P_STATUS] => 02
    [P_TYPE] => VBANK
    [P_OID] => 250512-007
    [P_FN_CD1] => 88
    [P_FN_CD2] => 
    [P_FN_NM] => 신한은행
    [P_AMT] => 3000
    [P_UNAME] => 김정은
    [P_RMESG1] => P_VACCT_NO=56211103110382|P_EXP_DT=20250522
    [P_RMESG2] => 
    [P_NOTI] => 
    [P_AUTH_NO] => 
)

 Array
(
    [PageCall time] => 11:54:45
    [P_TID] => INIMX_VBNKCAEcatca0720250512115219925962
    [P_MID] => CAEcatca07
    [P_AUTH_DT] => 20250512115445
    [P_STATUS] => 02
    [P_TYPE] => VBANK
    [P_OID] => 250512-014
    [P_FN_CD1] => 88
    [P_FN_CD2] => 
    [P_FN_NM] => 신한은행
    [P_AMT] => 3000
    [P_UNAME] => 정승신
    [P_RMESG1] => P_VACCT_NO=56211103112020|P_EXP_DT=20250522
    [P_RMESG2] => 
    [P_NOTI] => 
    [P_AUTH_NO] => 
)

 Array
(
    [PageCall time] => 13:01:40
    [P_TID] => INIMX_VBNKCAEcatca0720250512125910905815
    [P_MID] => CAEcatca07
    [P_AUTH_DT] => 20250512130140
    [P_STATUS] => 02
    [P_TYPE] => VBANK
    [P_OID] => 250512-015
    [P_FN_CD1] => 31
    [P_FN_CD2] => 
    [P_FN_NM] => 아이엠뱅크(대구은행)
    [P_AMT] => 3000
    [P_UNAME] => 신윤아
    [P_RMESG1] => P_VACCT_NO=9600362898809|P_EXP_DT=20250522
    [P_RMESG2] => 
    [P_NOTI] => 
    [P_AUTH_NO] => 
)

 Array
(
    [PageCall time] => 13:06:06
    [P_TID] => INIMX_VBNKCAEcatca0720250512130429515198
    [P_MID] => CAEcatca07
    [P_AUTH_DT] => 20250512130606
    [P_STATUS] => 02
    [P_TYPE] => VBANK
    [P_OID] => 250512-016
    [P_FN_CD1] => 11
    [P_FN_CD2] => 
    [P_FN_NM] => NH농협은행
    [P_AMT] => 3000
    [P_UNAME] => 김민지
    [P_RMESG1] => P_VACCT_NO=79015903787079|P_EXP_DT=20250522
    [P_RMESG2] => 
    [P_NOTI] => 
    [P_AUTH_NO] => 
)

 Array
(
    [PageCall time] => 13:19:31
    [P_TID] => INIMX_VBNKCAEcatca0720250512131511155558
    [P_MID] => CAEcatca07
    [P_AUTH_DT] => 20250512131931
    [P_STATUS] => 02
    [P_TYPE] => VBANK
    [P_OID] => 250509-012
    [P_FN_CD1] => 20
    [P_FN_CD2] => 
    [P_FN_NM] => 우리은행
    [P_AMT] => 3000
    [P_UNAME] => 유지연
    [P_RMESG1] => P_VACCT_NO=27489510818249|P_EXP_DT=20250522
    [P_RMESG2] => 
    [P_NOTI] => 
    [P_AUTH_NO] => 
)

 Array
(
    [PageCall time] => 13:29:39
    [P_TID] => INIMX_VBNKCAEcatca0720250512132623195039
    [P_MID] => CAEcatca07
    [P_AUTH_DT] => 20250512132939
    [P_STATUS] => 02
    [P_TYPE] => VBANK
    [P_OID] => 250512-017
    [P_FN_CD1] => 88
    [P_FN_CD2] => 
    [P_FN_NM] => 신한은행
    [P_AMT] => 3000
    [P_UNAME] => 육승연
    [P_RMESG1] => P_VACCT_NO=56211103120891|P_EXP_DT=20250522
    [P_RMESG2] => 
    [P_NOTI] => 
    [P_AUTH_NO] => 
)

 Array
(
    [PageCall time] => 13:30:45
    [P_TID] => INIMX_VBNKCAEcatca0720250512132752395282
    [P_MID] => CAEcatca07
    [P_AUTH_DT] => 20250512133045
    [P_STATUS] => 02
    [P_TYPE] => VBANK
    [P_OID] => 250512-018
    [P_FN_CD1] => 20
    [P_FN_CD2] => 
    [P_FN_NM] => 우리은행
    [P_AMT] => 3000
    [P_UNAME] => 여은비
    [P_RMESG1] => P_VACCT_NO=27489511618469|P_EXP_DT=20250522
    [P_RMESG2] => 
    [P_NOTI] => 
    [P_AUTH_NO] => 
)

 Array
(
    [PageCall time] => 13:37:16
    [P_TID] => INIMX_VBNKCAEcatca0720250512133648745650
    [P_MID] => CAEcatca07
    [P_AUTH_DT] => 20250512133716
    [P_STATUS] => 02
    [P_TYPE] => VBANK
    [P_OID] => 250512-019
    [P_FN_CD1] => 11
    [P_FN_CD2] => 
    [P_FN_NM] => NH농협은행
    [P_AMT] => 3000
    [P_UNAME] => 김민숙
    [P_RMESG1] => P_VACCT_NO=79015903794369|P_EXP_DT=20250522
    [P_RMESG2] => 
    [P_NOTI] => 
    [P_AUTH_NO] => 
)

 Array
(
    [PageCall time] => 13:42:17
    [P_TID] => INIMX_VBNKCAEcatca0720250512134038935036
    [P_MID] => CAEcatca07
    [P_AUTH_DT] => 20250512134217
    [P_STATUS] => 02
    [P_TYPE] => VBANK
    [P_OID] => 250512-020
    [P_FN_CD1] => 11
    [P_FN_CD2] => 
    [P_FN_NM] => NH농협은행
    [P_AMT] => 3000
    [P_UNAME] => 박윤자
    [P_RMESG1] => P_VACCT_NO=79015903795726|P_EXP_DT=20250522
    [P_RMESG2] => 
    [P_NOTI] => 
    [P_AUTH_NO] => 
)

 Array
(
    [PageCall time] => 14:31:06
    [P_TID] => INIMX_VBNKCAEcatca0720250512142949705355
    [P_MID] => CAEcatca07
    [P_AUTH_DT] => 20250512143106
    [P_STATUS] => 02
    [P_TYPE] => VBANK
    [P_OID] => 250512-024
    [P_FN_CD1] => 04
    [P_FN_CD2] => 
    [P_FN_NM] => KB국민은행
    [P_AMT] => 3000
    [P_UNAME] => 박민설
    [P_RMESG1] => P_VACCT_NO=42089011782136|P_EXP_DT=20250522
    [P_RMESG2] => 
    [P_NOTI] => 
    [P_AUTH_NO] => 
)

 Array
(
    [PageCall time] => 14:35:12
    [P_TID] => INIMX_VBNKCAEcatca0720250512143157605511
    [P_MID] => CAEcatca07
    [P_AUTH_DT] => 20250512143512
    [P_STATUS] => 02
    [P_TYPE] => VBANK
    [P_OID] => 250512-025
    [P_FN_CD1] => 88
    [P_FN_CD2] => 
    [P_FN_NM] => 신한은행
    [P_AMT] => 3000
    [P_UNAME] => 강윤정
    [P_RMESG1] => P_VACCT_NO=56211103130097|P_EXP_DT=20250522
    [P_RMESG2] => 
    [P_NOTI] => 
    [P_AUTH_NO] => 
)

 Array
(
    [PageCall time] => 14:43:42
    [P_TID] => INIMX_VBNKCAEcatca0720250512143611225839
    [P_MID] => CAEcatca07
    [P_AUTH_DT] => 20250512144342
    [P_STATUS] => 02
    [P_TYPE] => VBANK
    [P_OID] => 250512-023
    [P_FN_CD1] => 39
    [P_FN_CD2] => 
    [P_FN_NM] => 경남은행
    [P_AMT] => 3000
    [P_UNAME] => 지혜진
    [P_RMESG1] => P_VACCT_NO=573193329192|P_EXP_DT=20250522
    [P_RMESG2] => 
    [P_NOTI] => 
    [P_AUTH_NO] => 
)

 Array
(
    [PageCall time] => 14:44:11
    [P_TID] => INIMX_VBNKCAEcatca0720250512144114115131
    [P_MID] => CAEcatca07
    [P_AUTH_DT] => 20250512144411
    [P_STATUS] => 02
    [P_TYPE] => VBANK
    [P_OID] => 250512-026
    [P_FN_CD1] => 88
    [P_FN_CD2] => 
    [P_FN_NM] => 신한은행
    [P_AMT] => 3000
    [P_UNAME] => 최은희
    [P_RMESG1] => P_VACCT_NO=56211103131719|P_EXP_DT=20250522
    [P_RMESG2] => 
    [P_NOTI] => 
    [P_AUTH_NO] => 
)

 Array
(
    [PageCall time] => 15:39:21
    [P_TID] => INIMX_VBNKCAEcatca0720250512153714625849
    [P_MID] => CAEcatca07
    [P_AUTH_DT] => 20250512153921
    [P_STATUS] => 02
    [P_TYPE] => VBANK
    [P_OID] => 250512-022
    [P_FN_CD1] => 04
    [P_FN_CD2] => 
    [P_FN_NM] => KB국민은행
    [P_AMT] => 3000
    [P_UNAME] => 김수진
    [P_RMESG1] => P_VACCT_NO=60519014411568|P_EXP_DT=20250522
    [P_RMESG2] => 
    [P_NOTI] => 
    [P_AUTH_NO] => 
)

 Array
(
    [PageCall time] => 15:43:39
    [P_TID] => INIMX_VBNKCAEcatca0720250512153954405875
    [P_MID] => CAEcatca07
    [P_AUTH_DT] => 20250512154339
    [P_STATUS] => 02
    [P_TYPE] => VBANK
    [P_OID] => 250512-032
    [P_FN_CD1] => 20
    [P_FN_CD2] => 
    [P_FN_NM] => 우리은행
    [P_AMT] => 3000
    [P_UNAME] => 노성조
    [P_RMESG1] => P_VACCT_NO=27489525418796|P_EXP_DT=20250522
    [P_RMESG2] => 
    [P_NOTI] => 
    [P_AUTH_NO] => 
)

 Array
(
    [PageCall time] => 15:48:22
    [P_TID] => INIMX_VBNKCAEcatca0720250512154519105350
    [P_MID] => CAEcatca07
    [P_AUTH_DT] => 20250512154822
    [P_STATUS] => 02
    [P_TYPE] => VBANK
    [P_OID] => 250512-033
    [P_FN_CD1] => 89
    [P_FN_CD2] => 
    [P_FN_NM] => 케이뱅크
    [P_AMT] => 3000
    [P_UNAME] => 강규숙
    [P_RMESG1] => P_VACCT_NO=70112003503985|P_EXP_DT=20250522
    [P_RMESG2] => 
    [P_NOTI] => 
    [P_AUTH_NO] => 
)

 Array
(
    [PageCall time] => 15:59:17
    [P_TID] => INIMX_VBNKCAEcatca0720250512155842115774
    [P_MID] => CAEcatca07
    [P_AUTH_DT] => 20250512155917
    [P_STATUS] => 02
    [P_TYPE] => VBANK
    [P_OID] => 250509-021
    [P_FN_CD1] => 04
    [P_FN_CD2] => 
    [P_FN_NM] => KB국민은행
    [P_AMT] => 3000
    [P_UNAME] => 임영훈
    [P_RMESG1] => P_VACCT_NO=60519014417573|P_EXP_DT=20250522
    [P_RMESG2] => 
    [P_NOTI] => 
    [P_AUTH_NO] => 
)

 Array
(
    [PageCall time] => 17:12:39
    [P_TID] => INIMX_VBNKCAEcatca0720250512170811785147
    [P_MID] => CAEcatca07
    [P_AUTH_DT] => 20250512171239
    [P_STATUS] => 02
    [P_TYPE] => VBANK
    [P_OID] => 250512-036
    [P_FN_CD1] => 88
    [P_FN_CD2] => 
    [P_FN_NM] => 신한은행
    [P_AMT] => 3000
    [P_UNAME] => 노예진
    [P_RMESG1] => P_VACCT_NO=56211103152163|P_EXP_DT=20250522
    [P_RMESG2] => 
    [P_NOTI] => 
    [P_AUTH_NO] => 
)

 Array
(
    [PageCall time] => 17:42:25
    [P_TID] => INIMX_VBNKCAEcatca0720250512173500295572
    [P_MID] => CAEcatca07
    [P_AUTH_DT] => 20250512174225
    [P_STATUS] => 02
    [P_TYPE] => VBANK
    [P_OID] => 250512-037
    [P_FN_CD1] => 04
    [P_FN_CD2] => 
    [P_FN_NM] => KB국민은행
    [P_AMT] => 3000
    [P_UNAME] => 김서연
    [P_RMESG1] => P_VACCT_NO=60519014439627|P_EXP_DT=20250522
    [P_RMESG2] => 
    [P_NOTI] => 
    [P_AUTH_NO] => 
)

 Array
(
    [PageCall time] => 17:51:28
    [P_TID] => INIMX_VBNKCAEcatca0720250512175039425751
    [P_MID] => CAEcatca07
    [P_AUTH_DT] => 20250512175128
    [P_STATUS] => 02
    [P_TYPE] => VBANK
    [P_OID] => 250512-038
    [P_FN_CD1] => 04
    [P_FN_CD2] => 
    [P_FN_NM] => KB국민은행
    [P_AMT] => 3000
    [P_UNAME] => 이미경
    [P_RMESG1] => P_VACCT_NO=60519014442692|P_EXP_DT=20250522
    [P_RMESG2] => 
    [P_NOTI] => 
    [P_AUTH_NO] => 
)

 Array
(
    [PageCall time] => 19:21:45
    [P_TID] => INIMX_VBNKCAEcatca0720250512192117205221
    [P_MID] => CAEcatca07
    [P_AUTH_DT] => 20250512192145
    [P_STATUS] => 02
    [P_TYPE] => VBANK
    [P_OID] => 250512-041
    [P_FN_CD1] => 11
    [P_FN_CD2] => 
    [P_FN_NM] => NH농협은행
    [P_AMT] => 3000
    [P_UNAME] => 송인도
    [P_RMESG1] => P_VACCT_NO=79015903876521|P_EXP_DT=20250522
    [P_RMESG2] => 
    [P_NOTI] => 
    [P_AUTH_NO] => 
)

 Array
(
    [PageCall time] => 19:21:48
    [P_TID] => INIMX_VBNKCAEcatca0720250512192115395418
    [P_MID] => CAEcatca07
    [P_AUTH_DT] => 20250512192148
    [P_STATUS] => 02
    [P_TYPE] => VBANK
    [P_OID] => 250512-040
    [P_FN_CD1] => 11
    [P_FN_CD2] => 
    [P_FN_NM] => NH농협은행
    [P_AMT] => 3000
    [P_UNAME] => 안소은
    [P_RMESG1] => P_VACCT_NO=79015903876519|P_EXP_DT=20250522
    [P_RMESG2] => 
    [P_NOTI] => 
    [P_AUTH_NO] => 
)

 Array
(
    [PageCall time] => 20:24:16
    [P_TID] => INIMX_VBNKCAEcatca0720250512202132155897
    [P_MID] => CAEcatca07
    [P_AUTH_DT] => 20250512202416
    [P_STATUS] => 02
    [P_TYPE] => VBANK
    [P_OID] => 250512-042
    [P_FN_CD1] => 20
    [P_FN_CD2] => 
    [P_FN_NM] => 우리은행
    [P_AMT] => 3000
    [P_UNAME] => 김재은
    [P_RMESG1] => P_VACCT_NO=27489546518651|P_EXP_DT=20250522
    [P_RMESG2] => 
    [P_NOTI] => 
    [P_AUTH_NO] => 
)

 Array
(
    [PageCall time] => 22:06:01
    [P_TID] => INIMX_VBNKCAEcatca0720250512220513255832
    [P_MID] => CAEcatca07
    [P_AUTH_DT] => 20250512220601
    [P_STATUS] => 02
    [P_TYPE] => VBANK
    [P_OID] => 250512-034
    [P_FN_CD1] => 04
    [P_FN_CD2] => 
    [P_FN_NM] => KB국민은행
    [P_AMT] => 3000
    [P_UNAME] => 이혜영
    [P_RMESG1] => P_VACCT_NO=60519014475030|P_EXP_DT=20250522
    [P_RMESG2] => 
    [P_NOTI] => 
    [P_AUTH_NO] => 
)

 Array
(
    [PageCall time] => 22:06:12
    [P_TID] => INIMX_VBNKCAEcatca0720250512220551525155
    [P_MID] => CAEcatca07
    [P_AUTH_DT] => 20250512220612
    [P_STATUS] => 02
    [P_TYPE] => VBANK
    [P_OID] => 250512-043
    [P_FN_CD1] => 23
    [P_FN_CD2] => 
    [P_FN_NM] => SC은행
    [P_AMT] => 3000
    [P_UNAME] => 이재환
    [P_RMESG1] => P_VACCT_NO=46416005658760|P_EXP_DT=20250522
    [P_RMESG2] => 
    [P_NOTI] => 
    [P_AUTH_NO] => 
)

 Array
(
    [PageCall time] => 23:00:54
    [P_TID] => INIMX_VBNKCAEcatca0720250512225751385107
    [P_MID] => CAEcatca07
    [P_AUTH_DT] => 20250512230054
    [P_STATUS] => 02
    [P_TYPE] => VBANK
    [P_OID] => 250512-044
    [P_FN_CD1] => 03
    [P_FN_CD2] => 
    [P_FN_NM] => 기업은행
    [P_AMT] => 3000
    [P_UNAME] => 서현민
    [P_RMESG1] => P_VACCT_NO=07502319297365|P_EXP_DT=20250522
    [P_RMESG2] => 
    [P_NOTI] => 
    [P_AUTH_NO] => 
)

