 Array
(
    [PageCall time] => 08:49:21
    [P_TID] => INIMX_VBNKCAEcatca0720250703084546815278
    [P_MID] => CAEcatca07
    [P_AUTH_DT] => 20250703084921
    [P_STATUS] => 02
    [P_TYPE] => VBANK
    [P_OID] => 250703-004
    [P_FN_CD1] => 20
    [P_FN_CD2] => 
    [P_FN_NM] => 우리은행
    [P_AMT] => 3000
    [P_UNAME] => 전여울
    [P_RMESG1] => P_VACCT_NO=32823481718631|P_EXP_DT=20250713
    [P_RMESG2] => 
    [P_NOTI] => 
    [P_AUTH_NO] => 
)

 Array
(
    [PageCall time] => 09:57:24
    [P_TID] => INIMX_VBNKCAEcatca0720250703095640715330
    [P_MID] => CAEcatca07
    [P_AUTH_DT] => 20250703095724
    [P_STATUS] => 02
    [P_TYPE] => VBANK
    [P_OID] => 250626-015
    [P_FN_CD1] => 39
    [P_FN_CD2] => 
    [P_FN_NM] => 경남은행
    [P_AMT] => 3000
    [P_UNAME] => 하지은
    [P_RMESG1] => P_VACCT_NO=573193428078|P_EXP_DT=20250713
    [P_RMESG2] => 
    [P_NOTI] => 
    [P_AUTH_NO] => 
)

 Array
(
    [PageCall time] => 10:19:42
    [P_TID] => INIMX_VBNKCAEcatca0720250703101701675367
    [P_MID] => CAEcatca07
    [P_AUTH_DT] => 20250703101942
    [P_STATUS] => 02
    [P_TYPE] => VBANK
    [P_OID] => 250703-008
    [P_FN_CD1] => 88
    [P_FN_CD2] => 
    [P_FN_NM] => 신한은행
    [P_AMT] => 3000
    [P_UNAME] => 박준환
    [P_RMESG1] => P_VACCT_NO=56211105926176|P_EXP_DT=20250713
    [P_RMESG2] => 
    [P_NOTI] => 
    [P_AUTH_NO] => 
)

 Array
(
    [PageCall time] => 10:19:42
    [P_TID] => INIMX_VBNKCAEcatca0720250703101906635606
    [P_MID] => CAEcatca07
    [P_AUTH_DT] => 20250703101942
    [P_STATUS] => 02
    [P_TYPE] => VBANK
    [P_OID] => 250703-010
    [P_FN_CD1] => 04
    [P_FN_CD2] => 
    [P_FN_NM] => KB국민은행
    [P_AMT] => 3000
    [P_UNAME] => 오종섭
    [P_RMESG1] => P_VACCT_NO=26159078736719|P_EXP_DT=20250713
    [P_RMESG2] => 
    [P_NOTI] => 
    [P_AUTH_NO] => 
)

 Array
(
    [PageCall time] => 10:21:09
    [P_TID] => INIMX_VBNKCAEcatca0720250703101811935022
    [P_MID] => CAEcatca07
    [P_AUTH_DT] => 20250703102109
    [P_STATUS] => 02
    [P_TYPE] => VBANK
    [P_OID] => 250703-009
    [P_FN_CD1] => 81
    [P_FN_CD2] => 
    [P_FN_NM] => 하나은행
    [P_AMT] => 3000
    [P_UNAME] => 송미연
    [P_RMESG1] => P_VACCT_NO=20894793549137|P_EXP_DT=20250713
    [P_RMESG2] => 
    [P_NOTI] => 
    [P_AUTH_NO] => 
)

 Array
(
    [PageCall time] => 10:22:12
    [P_TID] => INIMX_VBNKCAEcatca0720250703101909825429
    [P_MID] => CAEcatca07
    [P_AUTH_DT] => 20250703102212
    [P_STATUS] => 02
    [P_TYPE] => VBANK
    [P_OID] => 250703-005
    [P_FN_CD1] => 20
    [P_FN_CD2] => 
    [P_FN_NM] => 우리은행
    [P_AMT] => 3000
    [P_UNAME] => 신성식
    [P_RMESG1] => P_VACCT_NO=32823486618338|P_EXP_DT=20250713
    [P_RMESG2] => 
    [P_NOTI] => 
    [P_AUTH_NO] => 
)

 Array
(
    [PageCall time] => 10:50:04
    [P_TID] => INIMX_VBNKCAEcatca0720250703104858605633
    [P_MID] => CAEcatca07
    [P_AUTH_DT] => 20250703105004
    [P_STATUS] => 02
    [P_TYPE] => VBANK
    [P_OID] => 250703-013
    [P_FN_CD1] => 04
    [P_FN_CD2] => 
    [P_FN_NM] => KB국민은행
    [P_AMT] => 3000
    [P_UNAME] => 이금희
    [P_RMESG1] => P_VACCT_NO=26029078164382|P_EXP_DT=20250713
    [P_RMESG2] => 
    [P_NOTI] => 
    [P_AUTH_NO] => 
)

 Array
(
    [PageCall time] => 10:57:31
    [P_TID] => INIMX_VBNKCAEcatca0720250702145003114944
    [P_MID] => CAEcatca07
    [P_AUTH_DT] => 20250703105731
    [P_STATUS] => 02
    [P_TYPE] => VBANK
    [P_OID] => 250702-019
    [P_FN_CD1] => 04
    [P_FN_CD2] => 
    [P_FN_NM] => KB국민은행
    [P_AMT] => 3000
    [P_UNAME] => 화이트짐
    [P_RMESG1] => P_VACCT_NO=88269011765887|P_EXP_DT=20250712
    [P_RMESG2] => 
    [P_NOTI] => 
    [P_AUTH_NO] => 
)

 Array
(
    [PageCall time] => 11:01:08
    [P_TID] => INIMX_VBNKCAEcatca0720250703104959895401
    [P_MID] => CAEcatca07
    [P_AUTH_DT] => 20250703110108
    [P_STATUS] => 02
    [P_TYPE] => VBANK
    [P_OID] => 250703-012
    [P_FN_CD1] => 81
    [P_FN_CD2] => 
    [P_FN_NM] => 하나은행
    [P_AMT] => 3000
    [P_UNAME] => 박석춘
    [P_RMESG1] => P_VACCT_NO=20894794056237|P_EXP_DT=20250713
    [P_RMESG2] => 
    [P_NOTI] => 
    [P_AUTH_NO] => 
)

 Array
(
    [PageCall time] => 11:14:52
    [P_TID] => INIMX_VBNKCAEcatca0720250703111315925115
    [P_MID] => CAEcatca07
    [P_AUTH_DT] => 20250703111451
    [P_STATUS] => 02
    [P_TYPE] => VBANK
    [P_OID] => 250703-014
    [P_FN_CD1] => 04
    [P_FN_CD2] => 
    [P_FN_NM] => KB국민은행
    [P_AMT] => 3000
    [P_UNAME] => 진미경
    [P_RMESG1] => P_VACCT_NO=26029078544915|P_EXP_DT=20250713
    [P_RMESG2] => 
    [P_NOTI] => 
    [P_AUTH_NO] => 
)

 Array
(
    [PageCall time] => 11:19:23
    [P_TID] => INIMX_VBNKCAEcatca0720250703111429795510
    [P_MID] => CAEcatca07
    [P_AUTH_DT] => 20250703111923
    [P_STATUS] => 02
    [P_TYPE] => VBANK
    [P_OID] => 250703-011
    [P_FN_CD1] => 81
    [P_FN_CD2] => 
    [P_FN_NM] => 하나은행
    [P_AMT] => 3000
    [P_UNAME] => 이호형
    [P_RMESG1] => P_VACCT_NO=20894795252737|P_EXP_DT=20250713
    [P_RMESG2] => 
    [P_NOTI] => 
    [P_AUTH_NO] => 
)

 Array
(
    [PageCall time] => 11:34:33
    [P_TID] => INIMX_VBNKCAEcatca0720250703113349445512
    [P_MID] => CAEcatca07
    [P_AUTH_DT] => 20250703113433
    [P_STATUS] => 02
    [P_TYPE] => VBANK
    [P_OID] => 250703-016
    [P_FN_CD1] => 04
    [P_FN_CD2] => 
    [P_FN_NM] => KB국민은행
    [P_AMT] => 3000
    [P_UNAME] => 조성희
    [P_RMESG1] => P_VACCT_NO=26029078577519|P_EXP_DT=20250713
    [P_RMESG2] => 
    [P_NOTI] => 
    [P_AUTH_NO] => 
)

 Array
(
    [PageCall time] => 11:37:16
    [P_TID] => INIMX_VBNKCAEcatca0720250703113620115187
    [P_MID] => CAEcatca07
    [P_AUTH_DT] => 20250703113716
    [P_STATUS] => 02
    [P_TYPE] => VBANK
    [P_OID] => 250703-015
    [P_FN_CD1] => 11
    [P_FN_CD2] => 
    [P_FN_NM] => NH농협은행
    [P_AMT] => 3000
    [P_UNAME] => 이광열
    [P_RMESG1] => P_VACCT_NO=79010591911751|P_EXP_DT=20250713
    [P_RMESG2] => 
    [P_NOTI] => 
    [P_AUTH_NO] => 
)

 Array
(
    [PageCall time] => 11:40:32
    [P_TID] => INIMX_VBNKCAEcatca0720250703113755745610
    [P_MID] => CAEcatca07
    [P_AUTH_DT] => 20250703114032
    [P_STATUS] => 02
    [P_TYPE] => VBANK
    [P_OID] => 250703-017
    [P_FN_CD1] => 88
    [P_FN_CD2] => 
    [P_FN_NM] => 신한은행
    [P_AMT] => 3000
    [P_UNAME] => 권석진
    [P_RMESG1] => P_VACCT_NO=56211105934620|P_EXP_DT=20250713
    [P_RMESG2] => 
    [P_NOTI] => 
    [P_AUTH_NO] => 
)

 Array
(
    [PageCall time] => 11:49:10
    [P_TID] => INIMX_VBNKCAEcatca0720250703114656525773
    [P_MID] => CAEcatca07
    [P_AUTH_DT] => 20250703114910
    [P_STATUS] => 02
    [P_TYPE] => VBANK
    [P_OID] => 250703-018
    [P_FN_CD1] => 11
    [P_FN_CD2] => 
    [P_FN_NM] => NH농협은행
    [P_AMT] => 3000
    [P_UNAME] => 이은정
    [P_RMESG1] => P_VACCT_NO=79010591914510|P_EXP_DT=20250713
    [P_RMESG2] => 
    [P_NOTI] => 
    [P_AUTH_NO] => 
)

 Array
(
    [PageCall time] => 12:57:37
    [P_TID] => INIMX_VBNKCAEcatca0720250701184052255504
    [P_MID] => CAEcatca07
    [P_AUTH_DT] => 20250703125737
    [P_STATUS] => 02
    [P_TYPE] => VBANK
    [P_OID] => 250701-041
    [P_FN_CD1] => 20
    [P_FN_CD2] => 
    [P_FN_NM] => 우리은행
    [P_AMT] => 3000
    [P_UNAME] => 이연섭
    [P_RMESG1] => P_VACCT_NO=32823379718306|P_EXP_DT=20250711
    [P_RMESG2] => 
    [P_NOTI] => 
    [P_AUTH_NO] => 
)

 Array
(
    [PageCall time] => 13:26:37
    [P_TID] => INIMX_VBNKCAEcatca0720250703132439805774
    [P_MID] => CAEcatca07
    [P_AUTH_DT] => 20250703132637
    [P_STATUS] => 02
    [P_TYPE] => VBANK
    [P_OID] => 250703-020
    [P_FN_CD1] => 39
    [P_FN_CD2] => 
    [P_FN_NM] => 경남은행
    [P_AMT] => 3000
    [P_UNAME] => 강원길
    [P_RMESG1] => P_VACCT_NO=573193428763|P_EXP_DT=20250713
    [P_RMESG2] => 
    [P_NOTI] => 
    [P_AUTH_NO] => 
)

 Array
(
    [PageCall time] => 13:34:08
    [P_TID] => INIMX_VBNKCAEcatca0720250703133018435115
    [P_MID] => CAEcatca07
    [P_AUTH_DT] => 20250703133408
    [P_STATUS] => 02
    [P_TYPE] => VBANK
    [P_OID] => 250703-019
    [P_FN_CD1] => 03
    [P_FN_CD2] => 
    [P_FN_NM] => 기업은행
    [P_AMT] => 3000
    [P_UNAME] => (주)부천유통
    [P_RMESG1] => P_VACCT_NO=07500638297351|P_EXP_DT=20250713
    [P_RMESG2] => 
    [P_NOTI] => 
    [P_AUTH_NO] => 
)

 Array
(
    [PageCall time] => 14:34:48
    [P_TID] => INIMX_VBNKCAEcatca0720250703143203115452
    [P_MID] => CAEcatca07
    [P_AUTH_DT] => 20250703143448
    [P_STATUS] => 02
    [P_TYPE] => VBANK
    [P_OID] => 250703-024
    [P_FN_CD1] => 03
    [P_FN_CD2] => 
    [P_FN_NM] => 기업은행
    [P_AMT] => 3000
    [P_UNAME] => 박애정
    [P_RMESG1] => P_VACCT_NO=07500641697393|P_EXP_DT=20250713
    [P_RMESG2] => 
    [P_NOTI] => 
    [P_AUTH_NO] => 
)

 Array
(
    [PageCall time] => 15:28:13
    [P_TID] => INIMX_VBNKCAEcatca0720250703152525715715
    [P_MID] => CAEcatca07
    [P_AUTH_DT] => 20250703152813
    [P_STATUS] => 02
    [P_TYPE] => VBANK
    [P_OID] => 250703-028
    [P_FN_CD1] => 88
    [P_FN_CD2] => 
    [P_FN_NM] => 신한은행
    [P_AMT] => 3000
    [P_UNAME] => 김영준
    [P_RMESG1] => P_VACCT_NO=56211105961300|P_EXP_DT=20250713
    [P_RMESG2] => 
    [P_NOTI] => 
    [P_AUTH_NO] => 
)

 Array
(
    [PageCall time] => 15:31:34
    [P_TID] => INIMX_VBNKCAEcatca0720250703153041415787
    [P_MID] => CAEcatca07
    [P_AUTH_DT] => 20250703153134
    [P_STATUS] => 02
    [P_TYPE] => VBANK
    [P_OID] => 250703-029
    [P_FN_CD1] => 04
    [P_FN_CD2] => 
    [P_FN_NM] => KB국민은행
    [P_AMT] => 3000
    [P_UNAME] => 한효정
    [P_RMESG1] => P_VACCT_NO=70189014362991|P_EXP_DT=20250713
    [P_RMESG2] => 
    [P_NOTI] => 
    [P_AUTH_NO] => 
)

 Array
(
    [PageCall time] => 15:37:49
    [P_TID] => INIMX_VBNKCAEcatca0720250703153449515402
    [P_MID] => CAEcatca07
    [P_AUTH_DT] => 20250703153749
    [P_STATUS] => 02
    [P_TYPE] => VBANK
    [P_OID] => 250703-030
    [P_FN_CD1] => 20
    [P_FN_CD2] => 
    [P_FN_NM] => 우리은행
    [P_AMT] => 3000
    [P_UNAME] => 유승호
    [P_RMESG1] => P_VACCT_NO=32823514918782|P_EXP_DT=20250713
    [P_RMESG2] => 
    [P_NOTI] => 
    [P_AUTH_NO] => 
)

 Array
(
    [PageCall time] => 15:57:43
    [P_TID] => INIMX_VBNKCAEcatca0720250703155405125652
    [P_MID] => CAEcatca07
    [P_AUTH_DT] => 20250703155743
    [P_STATUS] => 02
    [P_TYPE] => VBANK
    [P_OID] => 250703-031
    [P_FN_CD1] => 20
    [P_FN_CD2] => 
    [P_FN_NM] => 우리은행
    [P_AMT] => 3000
    [P_UNAME] => 이선영
    [P_RMESG1] => P_VACCT_NO=32823515518761|P_EXP_DT=20250713
    [P_RMESG2] => 
    [P_NOTI] => 
    [P_AUTH_NO] => 
)

 Array
(
    [PageCall time] => 16:03:38
    [P_TID] => INIMX_VBNKCAEcatca0720250703160043255208
    [P_MID] => CAEcatca07
    [P_AUTH_DT] => 20250703160338
    [P_STATUS] => 02
    [P_TYPE] => VBANK
    [P_OID] => 250703-032
    [P_FN_CD1] => 88
    [P_FN_CD2] => 
    [P_FN_NM] => 신한은행
    [P_AMT] => 3000
    [P_UNAME] => 하종규
    [P_RMESG1] => P_VACCT_NO=56211105965654|P_EXP_DT=20250713
    [P_RMESG2] => 
    [P_NOTI] => 
    [P_AUTH_NO] => 
)

 Array
(
    [PageCall time] => 16:40:05
    [P_TID] => INIMX_VBNKCAEcatca0720250703163605235562
    [P_MID] => CAEcatca07
    [P_AUTH_DT] => 20250703164005
    [P_STATUS] => 02
    [P_TYPE] => VBANK
    [P_OID] => 250703-033
    [P_FN_CD1] => 20
    [P_FN_CD2] => 
    [P_FN_NM] => 우리은행
    [P_AMT] => 3000
    [P_UNAME] => 유호상
    [P_RMESG1] => P_VACCT_NO=32823518018985|P_EXP_DT=20250713
    [P_RMESG2] => 
    [P_NOTI] => 
    [P_AUTH_NO] => 
)

 Array
(
    [PageCall time] => 17:01:08
    [P_TID] => INIMX_VBNKCAEcatca0720250703170032125358
    [P_MID] => CAEcatca07
    [P_AUTH_DT] => 20250703170108
    [P_STATUS] => 02
    [P_TYPE] => VBANK
    [P_OID] => 250703-034
    [P_FN_CD1] => 04
    [P_FN_CD2] => 
    [P_FN_NM] => KB국민은행
    [P_AMT] => 3000
    [P_UNAME] => 김민주
    [P_RMESG1] => P_VACCT_NO=70189014377775|P_EXP_DT=20250713
    [P_RMESG2] => 
    [P_NOTI] => 
    [P_AUTH_NO] => 
)

 Array
(
    [PageCall time] => 18:20:00
    [P_TID] => INIMX_VBNKCAEcatca0720250703181859155910
    [P_MID] => CAEcatca07
    [P_AUTH_DT] => 20250703182000
    [P_STATUS] => 02
    [P_TYPE] => VBANK
    [P_OID] => 250703-036
    [P_FN_CD1] => 04
    [P_FN_CD2] => 
    [P_FN_NM] => KB국민은행
    [P_AMT] => 3000
    [P_UNAME] => 김명순
    [P_RMESG1] => P_VACCT_NO=70189014389602|P_EXP_DT=20250713
    [P_RMESG2] => 
    [P_NOTI] => 
    [P_AUTH_NO] => 
)

 Array
(
    [PageCall time] => 18:42:49
    [P_TID] => INIMX_VBNKCAEcatca0720250703183946315437
    [P_MID] => CAEcatca07
    [P_AUTH_DT] => 20250703184249
    [P_STATUS] => 02
    [P_TYPE] => VBANK
    [P_OID] => 250703-037
    [P_FN_CD1] => 31
    [P_FN_CD2] => 
    [P_FN_NM] => 아이엠뱅크(대구은행)
    [P_AMT] => 3000
    [P_UNAME] => 김성우
    [P_RMESG1] => P_VACCT_NO=9600363135664|P_EXP_DT=20250713
    [P_RMESG2] => 
    [P_NOTI] => 
    [P_AUTH_NO] => 
)

 Array
(
    [PageCall time] => 19:23:13
    [P_TID] => INIMX_VBNKCAEcatca0720250703192216705647
    [P_MID] => CAEcatca07
    [P_AUTH_DT] => 20250703192313
    [P_STATUS] => 02
    [P_TYPE] => VBANK
    [P_OID] => 250703-038
    [P_FN_CD1] => 04
    [P_FN_CD2] => 
    [P_FN_NM] => KB국민은행
    [P_AMT] => 3000
    [P_UNAME] => 나호엽
    [P_RMESG1] => P_VACCT_NO=70189014395144|P_EXP_DT=20250713
    [P_RMESG2] => 
    [P_NOTI] => 
    [P_AUTH_NO] => 
)

 Array
(
    [PageCall time] => 19:39:04
    [P_TID] => INIMX_VBNKCAEcatca0720250703193644465628
    [P_MID] => CAEcatca07
    [P_AUTH_DT] => 20250703193904
    [P_STATUS] => 02
    [P_TYPE] => VBANK
    [P_OID] => 250703-039
    [P_FN_CD1] => 11
    [P_FN_CD2] => 
    [P_FN_NM] => NH농협은행
    [P_AMT] => 3000
    [P_UNAME] => 이수미
    [P_RMESG1] => P_VACCT_NO=79010592409111|P_EXP_DT=20250713
    [P_RMESG2] => 
    [P_NOTI] => 
    [P_AUTH_NO] => 
)

 Array
(
    [PageCall time] => 20:57:55
    [P_TID] => INIMX_VBNKCAEcatca0720250703205445485704
    [P_MID] => CAEcatca07
    [P_AUTH_DT] => 20250703205755
    [P_STATUS] => 02
    [P_TYPE] => VBANK
    [P_OID] => 250703-040
    [P_FN_CD1] => 88
    [P_FN_CD2] => 
    [P_FN_NM] => 신한은행
    [P_AMT] => 3000
    [P_UNAME] => 박슬화
    [P_RMESG1] => P_VACCT_NO=56211105983429|P_EXP_DT=20250713
    [P_RMESG2] => 
    [P_NOTI] => 
    [P_AUTH_NO] => 
)

 Array
(
    [PageCall time] => 22:46:57
    [P_TID] => INIMX_VBNKCAEcatca0720250703224512195046
    [P_MID] => CAEcatca07
    [P_AUTH_DT] => 20250703224657
    [P_STATUS] => 02
    [P_TYPE] => VBANK
    [P_OID] => 250629-016
    [P_FN_CD1] => 04
    [P_FN_CD2] => 
    [P_FN_NM] => KB국민은행
    [P_AMT] => 3000
    [P_UNAME] => 박현정
    [P_RMESG1] => P_VACCT_NO=70189014412739|P_EXP_DT=20250713
    [P_RMESG2] => 
    [P_NOTI] => 
    [P_AUTH_NO] => 
)

 Array
(
    [PageCall time] => 22:58:20
    [P_TID] => INIMX_VBNKCAEcatca0720250703225102395008
    [P_MID] => CAEcatca07
    [P_AUTH_DT] => 20250703225820
    [P_STATUS] => 02
    [P_TYPE] => VBANK
    [P_OID] => 250703-041
    [P_FN_CD1] => 11
    [P_FN_CD2] => 
    [P_FN_NM] => NH농협은행
    [P_AMT] => 3000
    [P_UNAME] => 진상구
    [P_RMESG1] => P_VACCT_NO=79010593381753|P_EXP_DT=20250713
    [P_RMESG2] => 
    [P_NOTI] => 
    [P_AUTH_NO] => 
)

 Array
(
    [PageCall time] => 23:35:43
    [P_TID] => INIMX_VBNKCAEcatca0720250703233255785209
    [P_MID] => CAEcatca07
    [P_AUTH_DT] => 20250703233543
    [P_STATUS] => 02
    [P_TYPE] => VBANK
    [P_OID] => 250703-043
    [P_FN_CD1] => 89
    [P_FN_CD2] => 
    [P_FN_NM] => 케이뱅크
    [P_AMT] => 3000
    [P_UNAME] => 장민욱
    [P_RMESG1] => P_VACCT_NO=70112003889621|P_EXP_DT=20250713
    [P_RMESG2] => 
    [P_NOTI] => 
    [P_AUTH_NO] => 
)

