 Array
(
    [PageCall time] => 16:33:29
    [P_TID] => INIMX_VBNKCAEcatca0720260329163035865634
    [P_MID] => CAEcatca07
    [P_AUTH_DT] => 20260329163329
    [P_STATUS] => 02
    [P_TYPE] => VBANK
    [P_OID] => 260328-006
    [P_FN_CD1] => 04
    [P_FN_CD2] => 
    [P_FN_NM] => KB국민은행
    [P_AMT] => 3500
    [P_UNAME] => 정상희
    [P_RMESG1] => P_VACCT_NO=91649011685301|P_EXP_DT=20260408
    [P_RMESG2] => 
    [P_NOTI] => 
    [P_AUTH_NO] => 
)

 Array
(
    [PageCall time] => 17:10:26
    [P_TID] => INIMX_VBNKCAEcatca0720260329170753175070
    [P_MID] => CAEcatca07
    [P_AUTH_DT] => 20260329171026
    [P_STATUS] => 02
    [P_TYPE] => VBANK
    [P_OID] => 260329-004
    [P_FN_CD1] => 89
    [P_FN_CD2] => 
    [P_FN_NM] => 케이뱅크
    [P_AMT] => 3500
    [P_UNAME] => 노지은
    [P_RMESG1] => P_VACCT_NO=70112003863059|P_EXP_DT=20260408
    [P_RMESG2] => 
    [P_NOTI] => 
    [P_AUTH_NO] => 
)

 Array
(
    [PageCall time] => 17:12:50
    [P_TID] => INIMX_VBNKCAEcatca0720260329171015825576
    [P_MID] => CAEcatca07
    [P_AUTH_DT] => 20260329171250
    [P_STATUS] => 02
    [P_TYPE] => VBANK
    [P_OID] => 260329-005
    [P_FN_CD1] => 04
    [P_FN_CD2] => 
    [P_FN_NM] => KB국민은행
    [P_AMT] => 3500
    [P_UNAME] => 신지연
    [P_RMESG1] => P_VACCT_NO=91649011690031|P_EXP_DT=20260408
    [P_RMESG2] => 
    [P_NOTI] => 
    [P_AUTH_NO] => 
)

 Array
(
    [PageCall time] => 20:27:41
    [P_TID] => INIMX_VBNKCAEcatca0720260329202227815966
    [P_MID] => CAEcatca07
    [P_AUTH_DT] => 20260329202741
    [P_STATUS] => 02
    [P_TYPE] => VBANK
    [P_OID] => 260329-007
    [P_FN_CD1] => 89
    [P_FN_CD2] => 
    [P_FN_NM] => 케이뱅크
    [P_AMT] => 3500
    [P_UNAME] => 이태림
    [P_RMESG1] => P_VACCT_NO=70112003863898|P_EXP_DT=20260408
    [P_RMESG2] => 
    [P_NOTI] => 
    [P_AUTH_NO] => 
)

 Array
(
    [PageCall time] => 21:59:38
    [P_TID] => INIMX_VBNKCAEcatca0720260329215652765885
    [P_MID] => CAEcatca07
    [P_AUTH_DT] => 20260329215938
    [P_STATUS] => 02
    [P_TYPE] => VBANK
    [P_OID] => 260329-009
    [P_FN_CD1] => 04
    [P_FN_CD2] => 
    [P_FN_NM] => KB국민은행
    [P_AMT] => 3500
    [P_UNAME] => 사와노 미오
    [P_RMESG1] => P_VACCT_NO=91649011712478|P_EXP_DT=20260408
    [P_RMESG2] => 
    [P_NOTI] => 
    [P_AUTH_NO] => 
)

