 Array
(
    [PageCall time] => 10:17:27
    [P_TID] => INIMX_VBNKCAEcatca0720260318101433715451
    [P_MID] => CAEcatca07
    [P_AUTH_DT] => 20260318101727
    [P_STATUS] => 02
    [P_TYPE] => VBANK
    [P_OID] => 260318-005
    [P_FN_CD1] => 88
    [P_FN_CD2] => 
    [P_FN_NM] => 신한은행
    [P_AMT] => 3500
    [P_UNAME] => 정미라
    [P_RMESG1] => P_VACCT_NO=56211105535260|P_EXP_DT=20260328
    [P_RMESG2] => 
    [P_NOTI] => 
    [P_AUTH_NO] => 
)

 Array
(
    [PageCall time] => 10:23:23
    [P_TID] => INIMX_VBNKCAEcatca0720260318101924415012
    [P_MID] => CAEcatca07
    [P_AUTH_DT] => 20260318102323
    [P_STATUS] => 02
    [P_TYPE] => VBANK
    [P_OID] => 260318-004
    [P_FN_CD1] => 03
    [P_FN_CD2] => 
    [P_FN_NM] => 기업은행
    [P_AMT] => 3500
    [P_UNAME] => 황선숙
    [P_RMESG1] => P_VACCT_NO=07500603897518|P_EXP_DT=20260328
    [P_RMESG2] => 
    [P_NOTI] => 
    [P_AUTH_NO] => 
)

 Array
(
    [PageCall time] => 10:39:45
    [P_TID] => INIMX_VBNKCAEcatca0720260318103921805264
    [P_MID] => CAEcatca07
    [P_AUTH_DT] => 20260318103945
    [P_STATUS] => 02
    [P_TYPE] => VBANK
    [P_OID] => 260318-007
    [P_FN_CD1] => 11
    [P_FN_CD2] => 
    [P_FN_NM] => NH농협은행
    [P_AMT] => 3500
    [P_UNAME] => 유민
    [P_RMESG1] => P_VACCT_NO=79014408290233|P_EXP_DT=20260328
    [P_RMESG2] => 
    [P_NOTI] => 
    [P_AUTH_NO] => 
)

 Array
(
    [PageCall time] => 11:37:56
    [P_TID] => INIMX_VBNKCAEcatca0720260318113454345646
    [P_MID] => CAEcatca07
    [P_AUTH_DT] => 20260318113756
    [P_STATUS] => 02
    [P_TYPE] => VBANK
    [P_OID] => 260318-010
    [P_FN_CD1] => 88
    [P_FN_CD2] => 
    [P_FN_NM] => 신한은행
    [P_AMT] => 3500
    [P_UNAME] => 김덕진
    [P_RMESG1] => P_VACCT_NO=56211105543185|P_EXP_DT=20260328
    [P_RMESG2] => 
    [P_NOTI] => 
    [P_AUTH_NO] => 
)

 Array
(
    [PageCall time] => 11:38:44
    [P_TID] => INIMX_VBNKCAEcatca0720260318112516655573
    [P_MID] => CAEcatca07
    [P_AUTH_DT] => 20260318113844
    [P_STATUS] => 02
    [P_TYPE] => VBANK
    [P_OID] => 260318-009
    [P_FN_CD1] => 04
    [P_FN_CD2] => 
    [P_FN_NM] => KB국민은행
    [P_AMT] => 3500
    [P_UNAME] => 변경원
    [P_RMESG1] => P_VACCT_NO=26159078234752|P_EXP_DT=20260328
    [P_RMESG2] => 
    [P_NOTI] => 
    [P_AUTH_NO] => 
)

 Array
(
    [PageCall time] => 11:43:54
    [P_TID] => INIMX_VBNKCAEcatca0720260318114041775142
    [P_MID] => CAEcatca07
    [P_AUTH_DT] => 20260318114354
    [P_STATUS] => 02
    [P_TYPE] => VBANK
    [P_OID] => 260318-011
    [P_FN_CD1] => 20
    [P_FN_CD2] => 
    [P_FN_NM] => 우리은행
    [P_AMT] => 3500
    [P_UNAME] => 고두성
    [P_RMESG1] => P_VACCT_NO=27763102818343|P_EXP_DT=20260328
    [P_RMESG2] => 
    [P_NOTI] => 
    [P_AUTH_NO] => 
)

 Array
(
    [PageCall time] => 11:52:10
    [P_TID] => INIMX_VBNKCAEcatca0720260318114913625758
    [P_MID] => CAEcatca07
    [P_AUTH_DT] => 20260318115210
    [P_STATUS] => 02
    [P_TYPE] => VBANK
    [P_OID] => 260318-012
    [P_FN_CD1] => 20
    [P_FN_CD2] => 
    [P_FN_NM] => 우리은행
    [P_AMT] => 3500
    [P_UNAME] => 조두리
    [P_RMESG1] => P_VACCT_NO=27763102818619|P_EXP_DT=20260328
    [P_RMESG2] => 
    [P_NOTI] => 
    [P_AUTH_NO] => 
)

 Array
(
    [PageCall time] => 12:14:43
    [P_TID] => INIMX_VBNKCAEcatca0720260318121207605702
    [P_MID] => CAEcatca07
    [P_AUTH_DT] => 20260318121443
    [P_STATUS] => 02
    [P_TYPE] => VBANK
    [P_OID] => 260318-013
    [P_FN_CD1] => 88
    [P_FN_CD2] => 
    [P_FN_NM] => 신한은행
    [P_AMT] => 3500
    [P_UNAME] => 김다혜
    [P_RMESG1] => P_VACCT_NO=56211105546732|P_EXP_DT=20260328
    [P_RMESG2] => 
    [P_NOTI] => 
    [P_AUTH_NO] => 
)

 Array
(
    [PageCall time] => 12:23:47
    [P_TID] => INIMX_VBNKCAEcatca0720260318122113605160
    [P_MID] => CAEcatca07
    [P_AUTH_DT] => 20260318122347
    [P_STATUS] => 02
    [P_TYPE] => VBANK
    [P_OID] => 260318-014
    [P_FN_CD1] => 88
    [P_FN_CD2] => 
    [P_FN_NM] => 신한은행
    [P_AMT] => 3500
    [P_UNAME] => 소모뚜
    [P_RMESG1] => P_VACCT_NO=56211105547240|P_EXP_DT=20260328
    [P_RMESG2] => 
    [P_NOTI] => 
    [P_AUTH_NO] => 
)

 Array
(
    [PageCall time] => 12:45:33
    [P_TID] => INIMX_VBNKCAEcatca0720260318124259195870
    [P_MID] => CAEcatca07
    [P_AUTH_DT] => 20260318124533
    [P_STATUS] => 02
    [P_TYPE] => VBANK
    [P_OID] => 260318-015
    [P_FN_CD1] => 03
    [P_FN_CD2] => 
    [P_FN_NM] => 기업은행
    [P_AMT] => 3500
    [P_UNAME] => 김은태
    [P_RMESG1] => P_VACCT_NO=07500608797272|P_EXP_DT=20260328
    [P_RMESG2] => 
    [P_NOTI] => 
    [P_AUTH_NO] => 
)

 Array
(
    [PageCall time] => 13:22:59
    [P_TID] => INIMX_VBNKCAEcatca0720260318132006245857
    [P_MID] => CAEcatca07
    [P_AUTH_DT] => 20260318132259
    [P_STATUS] => 02
    [P_TYPE] => VBANK
    [P_OID] => 260318-018
    [P_FN_CD1] => 03
    [P_FN_CD2] => 
    [P_FN_NM] => 기업은행
    [P_AMT] => 3500
    [P_UNAME] => 정국화
    [P_RMESG1] => P_VACCT_NO=07500609397676|P_EXP_DT=20260328
    [P_RMESG2] => 
    [P_NOTI] => 
    [P_AUTH_NO] => 
)

 Array
(
    [PageCall time] => 13:27:25
    [P_TID] => INIMX_VBNKCAEcatca0720260318130542675562
    [P_MID] => CAEcatca07
    [P_AUTH_DT] => 20260318132725
    [P_STATUS] => 02
    [P_TYPE] => VBANK
    [P_OID] => 260318-017
    [P_FN_CD1] => 04
    [P_FN_CD2] => 
    [P_FN_NM] => KB국민은행
    [P_AMT] => 3500
    [P_UNAME] => 박성렬
    [P_RMESG1] => P_VACCT_NO=26159078290004|P_EXP_DT=20260328
    [P_RMESG2] => 
    [P_NOTI] => 
    [P_AUTH_NO] => 
)

 Array
(
    [PageCall time] => 13:28:52
    [P_TID] => INIMX_VBNKCAEcatca0720260318132344725693
    [P_MID] => CAEcatca07
    [P_AUTH_DT] => 20260318132852
    [P_STATUS] => 02
    [P_TYPE] => VBANK
    [P_OID] => 260318-019
    [P_FN_CD1] => 88
    [P_FN_CD2] => 
    [P_FN_NM] => 신한은행
    [P_AMT] => 3500
    [P_UNAME] => 김민지
    [P_RMESG1] => P_VACCT_NO=56211105551062|P_EXP_DT=20260328
    [P_RMESG2] => 
    [P_NOTI] => 
    [P_AUTH_NO] => 
)

 Array
(
    [PageCall time] => 13:43:10
    [P_TID] => INIMX_VBNKCAEcatca0720260318134026815333
    [P_MID] => CAEcatca07
    [P_AUTH_DT] => 20260318134310
    [P_STATUS] => 02
    [P_TYPE] => VBANK
    [P_OID] => 260318-020
    [P_FN_CD1] => 04
    [P_FN_CD2] => 
    [P_FN_NM] => KB국민은행
    [P_AMT] => 3500
    [P_UNAME] => 박은진
    [P_RMESG1] => P_VACCT_NO=26159078314388|P_EXP_DT=20260328
    [P_RMESG2] => 
    [P_NOTI] => 
    [P_AUTH_NO] => 
)

 Array
(
    [PageCall time] => 14:08:23
    [P_TID] => INIMX_VBNKCAEcatca0720260318140513105623
    [P_MID] => CAEcatca07
    [P_AUTH_DT] => 20260318140823
    [P_STATUS] => 02
    [P_TYPE] => VBANK
    [P_OID] => 260318-023
    [P_FN_CD1] => 03
    [P_FN_CD2] => 
    [P_FN_NM] => 기업은행
    [P_AMT] => 3500
    [P_UNAME] => 차은미
    [P_RMESG1] => P_VACCT_NO=07500610297167|P_EXP_DT=20260328
    [P_RMESG2] => 
    [P_NOTI] => 
    [P_AUTH_NO] => 
)

 Array
(
    [PageCall time] => 14:30:21
    [P_TID] => INIMX_VBNKCAEcatca0720260318142729975364
    [P_MID] => CAEcatca07
    [P_AUTH_DT] => 20260318143020
    [P_STATUS] => 02
    [P_TYPE] => VBANK
    [P_OID] => 260318-028
    [P_FN_CD1] => 04
    [P_FN_CD2] => 
    [P_FN_NM] => KB국민은행
    [P_AMT] => 3500
    [P_UNAME] => 이애경
    [P_RMESG1] => P_VACCT_NO=26159078349692|P_EXP_DT=20260328
    [P_RMESG2] => 
    [P_NOTI] => 
    [P_AUTH_NO] => 
)

 Array
(
    [PageCall time] => 14:49:52
    [P_TID] => INIMX_VBNKCAEcatca0720260318135628555665
    [P_MID] => CAEcatca07
    [P_AUTH_DT] => 20260318144952
    [P_STATUS] => 02
    [P_TYPE] => VBANK
    [P_OID] => 260318-021
    [P_FN_CD1] => 20
    [P_FN_CD2] => 
    [P_FN_NM] => 우리은행
    [P_AMT] => 3500
    [P_UNAME] => 김진만
    [P_RMESG1] => P_VACCT_NO=27763108518801|P_EXP_DT=20260328
    [P_RMESG2] => 
    [P_NOTI] => 
    [P_AUTH_NO] => 
)

 Array
(
    [PageCall time] => 15:14:24
    [P_TID] => INIMX_VBNKCAEcatca0720260318151002755981
    [P_MID] => CAEcatca07
    [P_AUTH_DT] => 20260318151424
    [P_STATUS] => 02
    [P_TYPE] => VBANK
    [P_OID] => 260318-031
    [P_FN_CD1] => 03
    [P_FN_CD2] => 
    [P_FN_NM] => 기업은행
    [P_AMT] => 3500
    [P_UNAME] => 김영교
    [P_RMESG1] => P_VACCT_NO=07500613997616|P_EXP_DT=20260328
    [P_RMESG2] => 
    [P_NOTI] => 
    [P_AUTH_NO] => 
)

 Array
(
    [PageCall time] => 15:42:55
    [P_TID] => INIMX_VBNKCAEcatca0720260318154001485446
    [P_MID] => CAEcatca07
    [P_AUTH_DT] => 20260318154255
    [P_STATUS] => 02
    [P_TYPE] => VBANK
    [P_OID] => 260318-036
    [P_FN_CD1] => 03
    [P_FN_CD2] => 
    [P_FN_NM] => 기업은행
    [P_AMT] => 3500
    [P_UNAME] => 권복해,박진희
    [P_RMESG1] => P_VACCT_NO=07500614897420|P_EXP_DT=20260328
    [P_RMESG2] => 
    [P_NOTI] => 
    [P_AUTH_NO] => 
)

 Array
(
    [PageCall time] => 15:51:56
    [P_TID] => INIMX_VBNKCAEcatca0720260318154858185520
    [P_MID] => CAEcatca07
    [P_AUTH_DT] => 20260318155156
    [P_STATUS] => 02
    [P_TYPE] => VBANK
    [P_OID] => 260318-037
    [P_FN_CD1] => 89
    [P_FN_CD2] => 
    [P_FN_NM] => 케이뱅크
    [P_AMT] => 3500
    [P_UNAME] => 손혜원
    [P_RMESG1] => P_VACCT_NO=70112003790056|P_EXP_DT=20260328
    [P_RMESG2] => 
    [P_NOTI] => 
    [P_AUTH_NO] => 
)

 Array
(
    [PageCall time] => 16:04:39
    [P_TID] => INIMX_VBNKCAEcatca0720260318160125795121
    [P_MID] => CAEcatca07
    [P_AUTH_DT] => 20260318160439
    [P_STATUS] => 02
    [P_TYPE] => VBANK
    [P_OID] => 260318-039
    [P_FN_CD1] => 88
    [P_FN_CD2] => 
    [P_FN_NM] => 신한은행
    [P_AMT] => 3500
    [P_UNAME] => 최찬민
    [P_RMESG1] => P_VACCT_NO=56211105565247|P_EXP_DT=20260328
    [P_RMESG2] => 
    [P_NOTI] => 
    [P_AUTH_NO] => 
)

 Array
(
    [PageCall time] => 16:34:27
    [P_TID] => INIMX_VBNKCAEcatca0720260318163136935188
    [P_MID] => CAEcatca07
    [P_AUTH_DT] => 20260318163427
    [P_STATUS] => 02
    [P_TYPE] => VBANK
    [P_OID] => 260318-043
    [P_FN_CD1] => 81
    [P_FN_CD2] => 
    [P_FN_NM] => 하나은행
    [P_AMT] => 3500
    [P_UNAME] => 최한솔
    [P_RMESG1] => P_VACCT_NO=20893803413137|P_EXP_DT=20260328
    [P_RMESG2] => 
    [P_NOTI] => 
    [P_AUTH_NO] => 
)

 Array
(
    [PageCall time] => 16:39:23
    [P_TID] => INIMX_VBNKCAEcatca0720260318163627715958
    [P_MID] => CAEcatca07
    [P_AUTH_DT] => 20260318163923
    [P_STATUS] => 02
    [P_TYPE] => VBANK
    [P_OID] => 260318-045
    [P_FN_CD1] => 88
    [P_FN_CD2] => 
    [P_FN_NM] => 신한은행
    [P_AMT] => 3500
    [P_UNAME] => 최성경
    [P_RMESG1] => P_VACCT_NO=56211105568103|P_EXP_DT=20260328
    [P_RMESG2] => 
    [P_NOTI] => 
    [P_AUTH_NO] => 
)

 Array
(
    [PageCall time] => 17:39:22
    [P_TID] => INIMX_VBNKCAEcatca0720260318173632535705
    [P_MID] => CAEcatca07
    [P_AUTH_DT] => 20260318173922
    [P_STATUS] => 02
    [P_TYPE] => VBANK
    [P_OID] => 260318-047
    [P_FN_CD1] => 03
    [P_FN_CD2] => 
    [P_FN_NM] => 기업은행
    [P_AMT] => 3500
    [P_UNAME] => 임기현
    [P_RMESG1] => P_VACCT_NO=07500617497680|P_EXP_DT=20260328
    [P_RMESG2] => 
    [P_NOTI] => 
    [P_AUTH_NO] => 
)

 Array
(
    [PageCall time] => 18:20:51
    [P_TID] => INIMX_VBNKCAEcatca0720260318181741905298
    [P_MID] => CAEcatca07
    [P_AUTH_DT] => 20260318182051
    [P_STATUS] => 02
    [P_TYPE] => VBANK
    [P_OID] => 260318-033
    [P_FN_CD1] => 03
    [P_FN_CD2] => 
    [P_FN_NM] => 기업은행
    [P_AMT] => 3500
    [P_UNAME] => 전태연
    [P_RMESG1] => P_VACCT_NO=07500618397408|P_EXP_DT=20260328
    [P_RMESG2] => 
    [P_NOTI] => 
    [P_AUTH_NO] => 
)

 Array
(
    [PageCall time] => 18:59:28
    [P_TID] => INIMX_VBNKCAEcatca0720260318185614585252
    [P_MID] => CAEcatca07
    [P_AUTH_DT] => 20260318185928
    [P_STATUS] => 02
    [P_TYPE] => VBANK
    [P_OID] => 260318-050
    [P_FN_CD1] => 89
    [P_FN_CD2] => 
    [P_FN_NM] => 케이뱅크
    [P_AMT] => 3500
    [P_UNAME] => 강여진
    [P_RMESG1] => P_VACCT_NO=70112003791735|P_EXP_DT=20260328
    [P_RMESG2] => 
    [P_NOTI] => 
    [P_AUTH_NO] => 
)

 Array
(
    [PageCall time] => 19:04:08
    [P_TID] => INIMX_VBNKCAEcatca0720260318185945255854
    [P_MID] => CAEcatca07
    [P_AUTH_DT] => 20260318190408
    [P_STATUS] => 02
    [P_TYPE] => VBANK
    [P_OID] => 260318-051
    [P_FN_CD1] => 04
    [P_FN_CD2] => 
    [P_FN_NM] => KB국민은행
    [P_AMT] => 3500
    [P_UNAME] => 김성헌
    [P_RMESG1] => P_VACCT_NO=80429078176446|P_EXP_DT=20260328
    [P_RMESG2] => 
    [P_NOTI] => 
    [P_AUTH_NO] => 
)

 Array
(
    [PageCall time] => 19:54:10
    [P_TID] => INIMX_VBNKCAEcatca0720260318195019565797
    [P_MID] => CAEcatca07
    [P_AUTH_DT] => 20260318195410
    [P_STATUS] => 02
    [P_TYPE] => VBANK
    [P_OID] => 260318-040
    [P_FN_CD1] => 04
    [P_FN_CD2] => 
    [P_FN_NM] => KB국민은행
    [P_AMT] => 3500
    [P_UNAME] => 이경자
    [P_RMESG1] => P_VACCT_NO=80429078181994|P_EXP_DT=20260328
    [P_RMESG2] => 
    [P_NOTI] => 
    [P_AUTH_NO] => 
)

 Array
(
    [PageCall time] => 20:21:13
    [P_TID] => INIMX_VBNKCAEcatca0720260318201815445871
    [P_MID] => CAEcatca07
    [P_AUTH_DT] => 20260318202113
    [P_STATUS] => 02
    [P_TYPE] => VBANK
    [P_OID] => 260318-053
    [P_FN_CD1] => 03
    [P_FN_CD2] => 
    [P_FN_NM] => 기업은행
    [P_AMT] => 3500
    [P_UNAME] => 유종민
    [P_RMESG1] => P_VACCT_NO=07500620397564|P_EXP_DT=20260328
    [P_RMESG2] => 
    [P_NOTI] => 
    [P_AUTH_NO] => 
)

 Array
(
    [PageCall time] => 21:06:56
    [P_TID] => INIMX_VBNKCAEcatca0720260318204746495472
    [P_MID] => CAEcatca07
    [P_AUTH_DT] => 20260318210656
    [P_STATUS] => 02
    [P_TYPE] => VBANK
    [P_OID] => 260318-042
    [P_FN_CD1] => 81
    [P_FN_CD2] => 
    [P_FN_NM] => 하나은행
    [P_AMT] => 3500
    [P_UNAME] => 허연화
    [P_RMESG1] => P_VACCT_NO=20893805291837|P_EXP_DT=20260328
    [P_RMESG2] => 
    [P_NOTI] => 
    [P_AUTH_NO] => 
)

 Array
(
    [PageCall time] => 21:21:48
    [P_TID] => INIMX_VBNKCAEcatca0720260318212059045207
    [P_MID] => CAEcatca07
    [P_AUTH_DT] => 20260318212148
    [P_STATUS] => 02
    [P_TYPE] => VBANK
    [P_OID] => 260318-054
    [P_FN_CD1] => 11
    [P_FN_CD2] => 
    [P_FN_NM] => NH농협은행
    [P_AMT] => 3500
    [P_UNAME] => 박흥식
    [P_RMESG1] => P_VACCT_NO=79014408381214|P_EXP_DT=20260328
    [P_RMESG2] => 
    [P_NOTI] => 
    [P_AUTH_NO] => 
)

 Array
(
    [PageCall time] => 21:39:18
    [P_TID] => INIMX_VBNKCAEcatca0720260318213637295825
    [P_MID] => CAEcatca07
    [P_AUTH_DT] => 20260318213918
    [P_STATUS] => 02
    [P_TYPE] => VBANK
    [P_OID] => 260317-035
    [P_FN_CD1] => 04
    [P_FN_CD2] => 
    [P_FN_NM] => KB국민은행
    [P_AMT] => 3500
    [P_UNAME] => 강건호
    [P_RMESG1] => P_VACCT_NO=80429078214018|P_EXP_DT=20260328
    [P_RMESG2] => 
    [P_NOTI] => 
    [P_AUTH_NO] => 
)

 Array
(
    [PageCall time] => 21:50:57
    [P_TID] => INIMX_VBNKCAEcatca0720260318214530455710
    [P_MID] => CAEcatca07
    [P_AUTH_DT] => 20260318215057
    [P_STATUS] => 02
    [P_TYPE] => VBANK
    [P_OID] => 260318-055
    [P_FN_CD1] => 03
    [P_FN_CD2] => 
    [P_FN_NM] => 기업은행
    [P_AMT] => 3500
    [P_UNAME] => 김정옥
    [P_RMESG1] => P_VACCT_NO=07500621097559|P_EXP_DT=20260328
    [P_RMESG2] => 
    [P_NOTI] => 
    [P_AUTH_NO] => 
)

 Array
(
    [PageCall time] => 23:22:40
    [P_TID] => INIMX_VBNKCAEcatca0720260318232009625884
    [P_MID] => CAEcatca07
    [P_AUTH_DT] => 20260318232240
    [P_STATUS] => 02
    [P_TYPE] => VBANK
    [P_OID] => 260318-002
    [P_FN_CD1] => 04
    [P_FN_CD2] => 
    [P_FN_NM] => KB국민은행
    [P_AMT] => 3500
    [P_UNAME] => 김여진
    [P_RMESG1] => P_VACCT_NO=80429078229300|P_EXP_DT=20260328
    [P_RMESG2] => 
    [P_NOTI] => 
    [P_AUTH_NO] => 
)

