 Array
(
    [PageCall time] => 06:05:13
    [P_TID] => INIMX_VBNKCAEcatca0720250919060449365024
    [P_MID] => CAEcatca07
    [P_AUTH_DT] => 20250919060513
    [P_STATUS] => 02
    [P_TYPE] => VBANK
    [P_OID] => 250919-001
    [P_FN_CD1] => 11
    [P_FN_CD2] => 
    [P_FN_NM] => NH농협은행
    [P_AMT] => 3000
    [P_UNAME] => 최서정
    [P_RMESG1] => P_VACCT_NO=79014506348914|P_EXP_DT=20250929
    [P_RMESG2] => 
    [P_NOTI] => 
    [P_AUTH_NO] => 
)

 Array
(
    [PageCall time] => 09:13:05
    [P_TID] => INIMX_VBNKCAEcatca0720250919090830915439
    [P_MID] => CAEcatca07
    [P_AUTH_DT] => 20250919091305
    [P_STATUS] => 02
    [P_TYPE] => VBANK
    [P_OID] => 250919-002
    [P_FN_CD1] => 81
    [P_FN_CD2] => 
    [P_FN_NM] => 하나은행
    [P_AMT] => 3000
    [P_UNAME] => 김인섭
    [P_RMESG1] => P_VACCT_NO=20894328236537|P_EXP_DT=20250929
    [P_RMESG2] => 
    [P_NOTI] => 
    [P_AUTH_NO] => 
)

 Array
(
    [PageCall time] => 10:34:04
    [P_TID] => INIMX_VBNKCAEcatca0720250919103113845952
    [P_MID] => CAEcatca07
    [P_AUTH_DT] => 20250919103404
    [P_STATUS] => 02
    [P_TYPE] => VBANK
    [P_OID] => 250919-005
    [P_FN_CD1] => 20
    [P_FN_CD2] => 
    [P_FN_NM] => 우리은행
    [P_AMT] => 3000
    [P_UNAME] => 김정은
    [P_RMESG1] => P_VACCT_NO=27490034818346|P_EXP_DT=20250929
    [P_RMESG2] => 
    [P_NOTI] => 
    [P_AUTH_NO] => 
)

 Array
(
    [PageCall time] => 11:01:10
    [P_TID] => INIMX_VBNKCAEcatca0720250919105821125587
    [P_MID] => CAEcatca07
    [P_AUTH_DT] => 20250919110110
    [P_STATUS] => 02
    [P_TYPE] => VBANK
    [P_OID] => 250919-008
    [P_FN_CD1] => 88
    [P_FN_CD2] => 
    [P_FN_NM] => 신한은행
    [P_AMT] => 3000
    [P_UNAME] => 김진란
    [P_RMESG1] => P_VACCT_NO=56211102547260|P_EXP_DT=20250929
    [P_RMESG2] => 
    [P_NOTI] => 
    [P_AUTH_NO] => 
)

 Array
(
    [PageCall time] => 11:11:24
    [P_TID] => INIMX_VBNKCAEcatca0720250919111026475627
    [P_MID] => CAEcatca07
    [P_AUTH_DT] => 20250919111123
    [P_STATUS] => 02
    [P_TYPE] => VBANK
    [P_OID] => 250919-009
    [P_FN_CD1] => 11
    [P_FN_CD2] => 
    [P_FN_NM] => NH농협은행
    [P_AMT] => 3000
    [P_UNAME] => 정숙경
    [P_RMESG1] => P_VACCT_NO=79014506366035|P_EXP_DT=20250929
    [P_RMESG2] => 
    [P_NOTI] => 
    [P_AUTH_NO] => 
)

 Array
(
    [PageCall time] => 11:33:05
    [P_TID] => INIMX_VBNKCAEcatca0720250919112900195740
    [P_MID] => CAEcatca07
    [P_AUTH_DT] => 20250919113305
    [P_STATUS] => 02
    [P_TYPE] => VBANK
    [P_OID] => 250919-010
    [P_FN_CD1] => 20
    [P_FN_CD2] => 
    [P_FN_NM] => 우리은행
    [P_AMT] => 3000
    [P_UNAME] => 이정아
    [P_RMESG1] => P_VACCT_NO=27490038918485|P_EXP_DT=20250929
    [P_RMESG2] => 
    [P_NOTI] => 
    [P_AUTH_NO] => 
)

 Array
(
    [PageCall time] => 11:35:15
    [P_TID] => INIMX_VBNKCAEcatca0720250919113238685067
    [P_MID] => CAEcatca07
    [P_AUTH_DT] => 20250919113515
    [P_STATUS] => 02
    [P_TYPE] => VBANK
    [P_OID] => 250919-012
    [P_FN_CD1] => 04
    [P_FN_CD2] => 
    [P_FN_NM] => KB국민은행
    [P_AMT] => 3000
    [P_UNAME] => 김현정
    [P_RMESG1] => P_VACCT_NO=26119078088434|P_EXP_DT=20250929
    [P_RMESG2] => 
    [P_NOTI] => 
    [P_AUTH_NO] => 
)

 Array
(
    [PageCall time] => 14:07:45
    [P_TID] => INIMX_VBNKCAEcatca0720250919140323985752
    [P_MID] => CAEcatca07
    [P_AUTH_DT] => 20250919140745
    [P_STATUS] => 02
    [P_TYPE] => VBANK
    [P_OID] => 250919-014
    [P_FN_CD1] => 88
    [P_FN_CD2] => 
    [P_FN_NM] => 신한은행
    [P_AMT] => 3000
    [P_UNAME] => 조성자
    [P_RMESG1] => P_VACCT_NO=56211102576155|P_EXP_DT=20250929
    [P_RMESG2] => 
    [P_NOTI] => 
    [P_AUTH_NO] => 
)

 Array
(
    [PageCall time] => 15:00:33
    [P_TID] => INIMX_VBNKCAEcatca0720250919145626625364
    [P_MID] => CAEcatca07
    [P_AUTH_DT] => 20250919150033
    [P_STATUS] => 02
    [P_TYPE] => VBANK
    [P_OID] => 250919-007
    [P_FN_CD1] => 03
    [P_FN_CD2] => 
    [P_FN_NM] => 기업은행
    [P_AMT] => 3000
    [P_UNAME] => 이승현
    [P_RMESG1] => P_VACCT_NO=07502355397848|P_EXP_DT=20250929
    [P_RMESG2] => 
    [P_NOTI] => 
    [P_AUTH_NO] => 
)

 Array
(
    [PageCall time] => 15:06:08
    [P_TID] => INIMX_VBNKCAEcatca0720250919150332475445
    [P_MID] => CAEcatca07
    [P_AUTH_DT] => 20250919150608
    [P_STATUS] => 02
    [P_TYPE] => VBANK
    [P_OID] => 250919-016
    [P_FN_CD1] => 88
    [P_FN_CD2] => 
    [P_FN_NM] => 신한은행
    [P_AMT] => 3000
    [P_UNAME] => 장은영
    [P_RMESG1] => P_VACCT_NO=56211102586837|P_EXP_DT=20250929
    [P_RMESG2] => 
    [P_NOTI] => 
    [P_AUTH_NO] => 
)

 Array
(
    [PageCall time] => 15:49:06
    [P_TID] => INIMX_VBNKCAEcatca0720250919150519175141
    [P_MID] => CAEcatca07
    [P_AUTH_DT] => 20250919154906
    [P_STATUS] => 02
    [P_TYPE] => VBANK
    [P_OID] => 250919-017
    [P_FN_CD1] => 11
    [P_FN_CD2] => 
    [P_FN_NM] => NH농협은행
    [P_AMT] => 3000
    [P_UNAME] => 김슬기
    [P_RMESG1] => P_VACCT_NO=79014506395991|P_EXP_DT=20250929
    [P_RMESG2] => 
    [P_NOTI] => 
    [P_AUTH_NO] => 
)

 Array
(
    [PageCall time] => 20:26:25
    [P_TID] => INIMX_VBNKCAEcatca0720250919202311975067
    [P_MID] => CAEcatca07
    [P_AUTH_DT] => 20250919202625
    [P_STATUS] => 02
    [P_TYPE] => VBANK
    [P_OID] => 250919-021
    [P_FN_CD1] => 88
    [P_FN_CD2] => 
    [P_FN_NM] => 신한은행
    [P_AMT] => 3000
    [P_UNAME] => 배은아
    [P_RMESG1] => P_VACCT_NO=56211102609624|P_EXP_DT=20250929
    [P_RMESG2] => 
    [P_NOTI] => 
    [P_AUTH_NO] => 
)

 Array
(
    [PageCall time] => 23:37:00
    [P_TID] => INIMX_VBNKCAEcatca0720250919233319675384
    [P_MID] => CAEcatca07
    [P_AUTH_DT] => 20250919233700
    [P_STATUS] => 02
    [P_TYPE] => VBANK
    [P_OID] => 250919-022
    [P_FN_CD1] => 04
    [P_FN_CD2] => 
    [P_FN_NM] => KB국민은행
    [P_AMT] => 3000
    [P_UNAME] => 하미영
    [P_RMESG1] => P_VACCT_NO=96309078034478|P_EXP_DT=20250929
    [P_RMESG2] => 
    [P_NOTI] => 
    [P_AUTH_NO] => 
)

