 Array
(
    [PageCall time] => 09:27:53
    [P_TID] => INIMX_VBNKCAEcatca0720250926092514875370
    [P_MID] => CAEcatca07
    [P_AUTH_DT] => 20250926092753
    [P_STATUS] => 02
    [P_TYPE] => VBANK
    [P_OID] => 250926-002
    [P_FN_CD1] => 20
    [P_FN_CD2] => 
    [P_FN_NM] => 우리은행
    [P_AMT] => 3000
    [P_UNAME] => 이채은
    [P_RMESG1] => P_VACCT_NO=27490338618998|P_EXP_DT=20251006
    [P_RMESG2] => 
    [P_NOTI] => 
    [P_AUTH_NO] => 
)

 Array
(
    [PageCall time] => 11:07:28
    [P_TID] => INIMX_VBNKCAEcatca0720250926110436565449
    [P_MID] => CAEcatca07
    [P_AUTH_DT] => 20250926110728
    [P_STATUS] => 02
    [P_TYPE] => VBANK
    [P_OID] => 250926-006
    [P_FN_CD1] => 04
    [P_FN_CD2] => 
    [P_FN_NM] => KB국민은행
    [P_AMT] => 3000
    [P_UNAME] => 송희영
    [P_RMESG1] => P_VACCT_NO=26119078347490|P_EXP_DT=20251006
    [P_RMESG2] => 
    [P_NOTI] => 
    [P_AUTH_NO] => 
)

 Array
(
    [PageCall time] => 11:29:45
    [P_TID] => INIMX_VBNKCAEcatca0720250926112707265522
    [P_MID] => CAEcatca07
    [P_AUTH_DT] => 20250926112945
    [P_STATUS] => 02
    [P_TYPE] => VBANK
    [P_OID] => 250924-030
    [P_FN_CD1] => 04
    [P_FN_CD2] => 
    [P_FN_NM] => KB국민은행
    [P_AMT] => 3000
    [P_UNAME] => 채희경
    [P_RMESG1] => P_VACCT_NO=26119078376210|P_EXP_DT=20251006
    [P_RMESG2] => 
    [P_NOTI] => 
    [P_AUTH_NO] => 
)

 Array
(
    [PageCall time] => 11:45:59
    [P_TID] => INIMX_VBNKCAEcatca0720250926114432465675
    [P_MID] => CAEcatca07
    [P_AUTH_DT] => 20250926114559
    [P_STATUS] => 02
    [P_TYPE] => VBANK
    [P_OID] => 250926-009
    [P_FN_CD1] => 11
    [P_FN_CD2] => 
    [P_FN_NM] => NH농협은행
    [P_AMT] => 3000
    [P_UNAME] => 강영수
    [P_RMESG1] => P_VACCT_NO=79014506924901|P_EXP_DT=20251006
    [P_RMESG2] => 
    [P_NOTI] => 
    [P_AUTH_NO] => 
)

 Array
(
    [PageCall time] => 12:01:50
    [P_TID] => INIMX_VBNKCAEcatca0720250926120057955717
    [P_MID] => CAEcatca07
    [P_AUTH_DT] => 20250926120150
    [P_STATUS] => 02
    [P_TYPE] => VBANK
    [P_OID] => 250926-010
    [P_FN_CD1] => 11
    [P_FN_CD2] => 
    [P_FN_NM] => NH농협은행
    [P_AMT] => 3000
    [P_UNAME] => 김미화
    [P_RMESG1] => P_VACCT_NO=79014506926235|P_EXP_DT=20251006
    [P_RMESG2] => 
    [P_NOTI] => 
    [P_AUTH_NO] => 
)

 Array
(
    [PageCall time] => 12:16:35
    [P_TID] => INIMX_VBNKCAEcatca0720250926121313835529
    [P_MID] => CAEcatca07
    [P_AUTH_DT] => 20250926121635
    [P_STATUS] => 02
    [P_TYPE] => VBANK
    [P_OID] => 250926-011
    [P_FN_CD1] => 88
    [P_FN_CD2] => 
    [P_FN_NM] => 신한은행
    [P_AMT] => 3000
    [P_UNAME] => 염갑주
    [P_RMESG1] => P_VACCT_NO=56211102958745|P_EXP_DT=20251006
    [P_RMESG2] => 
    [P_NOTI] => 
    [P_AUTH_NO] => 
)

 Array
(
    [PageCall time] => 13:44:49
    [P_TID] => INIMX_VBNKCAEcatca0720250926133731815749
    [P_MID] => CAEcatca07
    [P_AUTH_DT] => 20250926134449
    [P_STATUS] => 02
    [P_TYPE] => VBANK
    [P_OID] => 250926-013
    [P_FN_CD1] => 81
    [P_FN_CD2] => 
    [P_FN_NM] => 하나은행
    [P_AMT] => 3000
    [P_UNAME] => 장소원
    [P_RMESG1] => P_VACCT_NO=20894777908437|P_EXP_DT=20251006
    [P_RMESG2] => 
    [P_NOTI] => 
    [P_AUTH_NO] => 
)

 Array
(
    [PageCall time] => 14:42:55
    [P_TID] => INIMX_VBNKCAEcatca0720250926144002775903
    [P_MID] => CAEcatca07
    [P_AUTH_DT] => 20250926144255
    [P_STATUS] => 02
    [P_TYPE] => VBANK
    [P_OID] => 250926-016
    [P_FN_CD1] => 03
    [P_FN_CD2] => 
    [P_FN_NM] => 기업은행
    [P_AMT] => 3000
    [P_UNAME] => 박숙희
    [P_RMESG1] => P_VACCT_NO=07502382697749|P_EXP_DT=20251006
    [P_RMESG2] => 
    [P_NOTI] => 
    [P_AUTH_NO] => 
)

 Array
(
    [PageCall time] => 15:43:22
    [P_TID] => INIMX_VBNKCAEcatca0720250926121901645069
    [P_MID] => CAEcatca07
    [P_AUTH_DT] => 20250926154322
    [P_STATUS] => 02
    [P_TYPE] => VBANK
    [P_OID] => 250926-005
    [P_FN_CD1] => 81
    [P_FN_CD2] => 
    [P_FN_NM] => 하나은행
    [P_AMT] => 3000
    [P_UNAME] => 윤철영
    [P_RMESG1] => P_VACCT_NO=20894776354237|P_EXP_DT=20251006
    [P_RMESG2] => 
    [P_NOTI] => 
    [P_AUTH_NO] => 
)

 Array
(
    [PageCall time] => 15:57:19
    [P_TID] => INIMX_VBNKCAEcatca0720250926155328325333
    [P_MID] => CAEcatca07
    [P_AUTH_DT] => 20250926155719
    [P_STATUS] => 02
    [P_TYPE] => VBANK
    [P_OID] => 250926-017
    [P_FN_CD1] => 04
    [P_FN_CD2] => 
    [P_FN_NM] => KB국민은행
    [P_AMT] => 3000
    [P_UNAME] => 조애순
    [P_RMESG1] => P_VACCT_NO=26119078730311|P_EXP_DT=20251006
    [P_RMESG2] => 
    [P_NOTI] => 
    [P_AUTH_NO] => 
)

 Array
(
    [PageCall time] => 17:17:35
    [P_TID] => INIMX_VBNKCAEcatca0720250926171412865320
    [P_MID] => CAEcatca07
    [P_AUTH_DT] => 20250926171735
    [P_STATUS] => 02
    [P_TYPE] => VBANK
    [P_OID] => 250926-020
    [P_FN_CD1] => 20
    [P_FN_CD2] => 
    [P_FN_NM] => 우리은행
    [P_AMT] => 3000
    [P_UNAME] => 조명림
    [P_RMESG1] => P_VACCT_NO=27490362918363|P_EXP_DT=20251006
    [P_RMESG2] => 
    [P_NOTI] => 
    [P_AUTH_NO] => 
)

 Array
(
    [PageCall time] => 17:18:51
    [P_TID] => INIMX_VBNKCAEcatca0720250926171604105300
    [P_MID] => CAEcatca07
    [P_AUTH_DT] => 20250926171851
    [P_STATUS] => 02
    [P_TYPE] => VBANK
    [P_OID] => 250926-021
    [P_FN_CD1] => 88
    [P_FN_CD2] => 
    [P_FN_NM] => 신한은행
    [P_AMT] => 3000
    [P_UNAME] => 이승희
    [P_RMESG1] => P_VACCT_NO=56211102982406|P_EXP_DT=20251006
    [P_RMESG2] => 
    [P_NOTI] => 
    [P_AUTH_NO] => 
)

 Array
(
    [PageCall time] => 18:19:21
    [P_TID] => INIMX_VBNKCAEcatca0720250926181548425132
    [P_MID] => CAEcatca07
    [P_AUTH_DT] => 20250926181921
    [P_STATUS] => 02
    [P_TYPE] => VBANK
    [P_OID] => 250926-018
    [P_FN_CD1] => 04
    [P_FN_CD2] => 
    [P_FN_NM] => KB국민은행
    [P_AMT] => 3000
    [P_UNAME] => 배경원
    [P_RMESG1] => P_VACCT_NO=26119078884061|P_EXP_DT=20251006
    [P_RMESG2] => 
    [P_NOTI] => 
    [P_AUTH_NO] => 
)

