 Array
(
    [PageCall time] => 04:48:21
    [P_TID] => INIMX_VBNKCAEcatca0720250319044714595063
    [P_MID] => CAEcatca07
    [P_AUTH_DT] => 20250319044821
    [P_STATUS] => 02
    [P_TYPE] => VBANK
    [P_OID] => 250319-001
    [P_FN_CD1] => 04
    [P_FN_CD2] => 
    [P_FN_NM] => KB국민은행
    [P_AMT] => 3000
    [P_UNAME] => 서보경
    [P_RMESG1] => P_VACCT_NO=42379011668950|P_EXP_DT=20250329
    [P_RMESG2] => 
    [P_NOTI] => 
    [P_AUTH_NO] => 
)

 Array
(
    [PageCall time] => 09:13:35
    [P_TID] => INIMX_VBNKCAEcatca0720250319091302275459
    [P_MID] => CAEcatca07
    [P_AUTH_DT] => 20250319091335
    [P_STATUS] => 02
    [P_TYPE] => VBANK
    [P_OID] => 250319-002
    [P_FN_CD1] => 04
    [P_FN_CD2] => 
    [P_FN_NM] => KB국민은행
    [P_AMT] => 3000
    [P_UNAME] => 김규은
    [P_RMESG1] => P_VACCT_NO=26159078548354|P_EXP_DT=20250329
    [P_RMESG2] => 
    [P_NOTI] => 
    [P_AUTH_NO] => 
)

 Array
(
    [PageCall time] => 09:42:16
    [P_TID] => INIMX_VBNKCAEcatca0720250319094103115413
    [P_MID] => CAEcatca07
    [P_AUTH_DT] => 20250319094216
    [P_STATUS] => 02
    [P_TYPE] => VBANK
    [P_OID] => 250319-003
    [P_FN_CD1] => 04
    [P_FN_CD2] => 
    [P_FN_NM] => KB국민은행
    [P_AMT] => 3000
    [P_UNAME] => 등용하
    [P_RMESG1] => P_VACCT_NO=26159078599369|P_EXP_DT=20250329
    [P_RMESG2] => 
    [P_NOTI] => 
    [P_AUTH_NO] => 
)

 Array
(
    [PageCall time] => 10:51:25
    [P_TID] => INIMX_VBNKCAEcatca0720250319104750675842
    [P_MID] => CAEcatca07
    [P_AUTH_DT] => 20250319105125
    [P_STATUS] => 02
    [P_TYPE] => VBANK
    [P_OID] => 250319-005
    [P_FN_CD1] => 11
    [P_FN_CD2] => 
    [P_FN_NM] => NH농협은행
    [P_AMT] => 3000
    [P_UNAME] => 최종구
    [P_RMESG1] => P_VACCT_NO=79014508129466|P_EXP_DT=20250329
    [P_RMESG2] => 
    [P_NOTI] => 
    [P_AUTH_NO] => 
)

 Array
(
    [PageCall time] => 10:52:17
    [P_TID] => INIMX_VBNKCAEcatca0720250319105129405160
    [P_MID] => CAEcatca07
    [P_AUTH_DT] => 20250319105217
    [P_STATUS] => 02
    [P_TYPE] => VBANK
    [P_OID] => 250319-008
    [P_FN_CD1] => 04
    [P_FN_CD2] => 
    [P_FN_NM] => KB국민은행
    [P_AMT] => 3000
    [P_UNAME] => 윤수경
    [P_RMESG1] => P_VACCT_NO=26159078314416|P_EXP_DT=20250329
    [P_RMESG2] => 
    [P_NOTI] => 
    [P_AUTH_NO] => 
)

 Array
(
    [PageCall time] => 10:55:58
    [P_TID] => INIMX_VBNKCAEcatca0720250319104849615592
    [P_MID] => CAEcatca07
    [P_AUTH_DT] => 20250319105558
    [P_STATUS] => 02
    [P_TYPE] => VBANK
    [P_OID] => 250319-007
    [P_FN_CD1] => 39
    [P_FN_CD2] => 
    [P_FN_NM] => 경남은행
    [P_AMT] => 3000
    [P_UNAME] => 임경환
    [P_RMESG1] => P_VACCT_NO=573194616985|P_EXP_DT=20250329
    [P_RMESG2] => 
    [P_NOTI] => 
    [P_AUTH_NO] => 
)

 Array
(
    [PageCall time] => 11:16:56
    [P_TID] => INIMX_VBNKCAEcatca0720250319111418845127
    [P_MID] => CAEcatca07
    [P_AUTH_DT] => 20250319111656
    [P_STATUS] => 02
    [P_TYPE] => VBANK
    [P_OID] => 250319-009
    [P_FN_CD1] => 88
    [P_FN_CD2] => 
    [P_FN_NM] => 신한은행
    [P_AMT] => 3000
    [P_UNAME] => 김호의
    [P_RMESG1] => P_VACCT_NO=56211991180418|P_EXP_DT=20250329
    [P_RMESG2] => 
    [P_NOTI] => 
    [P_AUTH_NO] => 
)

 Array
(
    [PageCall time] => 11:50:15
    [P_TID] => INIMX_VBNKCAEcatca0720250319113704515729
    [P_MID] => CAEcatca07
    [P_AUTH_DT] => 20250319115015
    [P_STATUS] => 02
    [P_TYPE] => VBANK
    [P_OID] => 250319-010
    [P_FN_CD1] => 39
    [P_FN_CD2] => 
    [P_FN_NM] => 경남은행
    [P_AMT] => 3000
    [P_UNAME] => 김용현
    [P_RMESG1] => P_VACCT_NO=573194617123|P_EXP_DT=20250329
    [P_RMESG2] => 
    [P_NOTI] => 
    [P_AUTH_NO] => 
)

 Array
(
    [PageCall time] => 14:18:10
    [P_TID] => INIMX_VBNKCAEcatca0720250319141507365379
    [P_MID] => CAEcatca07
    [P_AUTH_DT] => 20250319141810
    [P_STATUS] => 02
    [P_TYPE] => VBANK
    [P_OID] => 250319-012
    [P_FN_CD1] => 11
    [P_FN_CD2] => 
    [P_FN_NM] => NH농협은행
    [P_AMT] => 3000
    [P_UNAME] => 황지정보산업고등학교
    [P_RMESG1] => P_VACCT_NO=79014508166694|P_EXP_DT=20250329
    [P_RMESG2] => 
    [P_NOTI] => 
    [P_AUTH_NO] => 
)

 Array
(
    [PageCall time] => 14:20:00
    [P_TID] => INIMX_VBNKCAEcatca0720250319141640825906
    [P_MID] => CAEcatca07
    [P_AUTH_DT] => 20250319142000
    [P_STATUS] => 02
    [P_TYPE] => VBANK
    [P_OID] => 250319-013
    [P_FN_CD1] => 88
    [P_FN_CD2] => 
    [P_FN_NM] => 신한은행
    [P_AMT] => 3000
    [P_UNAME] => 정수연
    [P_RMESG1] => P_VACCT_NO=56211991201939|P_EXP_DT=20250329
    [P_RMESG2] => 
    [P_NOTI] => 
    [P_AUTH_NO] => 
)

 Array
(
    [PageCall time] => 14:54:45
    [P_TID] => INIMX_VBNKCAEcatca0720250319145403175993
    [P_MID] => CAEcatca07
    [P_AUTH_DT] => 20250319145445
    [P_STATUS] => 02
    [P_TYPE] => VBANK
    [P_OID] => 250319-014
    [P_FN_CD1] => 11
    [P_FN_CD2] => 
    [P_FN_NM] => NH농협은행
    [P_AMT] => 3000
    [P_UNAME] => 공미희
    [P_RMESG1] => P_VACCT_NO=79014508173900|P_EXP_DT=20250329
    [P_RMESG2] => 
    [P_NOTI] => 
    [P_AUTH_NO] => 
)

 Array
(
    [PageCall time] => 15:48:47
    [P_TID] => INIMX_VBNKCAEcatca0720250319154603545595
    [P_MID] => CAEcatca07
    [P_AUTH_DT] => 20250319154847
    [P_STATUS] => 02
    [P_TYPE] => VBANK
    [P_OID] => 250319-017
    [P_FN_CD1] => 88
    [P_FN_CD2] => 
    [P_FN_NM] => 신한은행
    [P_AMT] => 3000
    [P_UNAME] => 이은애
    [P_RMESG1] => P_VACCT_NO=56211991211385|P_EXP_DT=20250329
    [P_RMESG2] => 
    [P_NOTI] => 
    [P_AUTH_NO] => 
)

 Array
(
    [PageCall time] => 16:07:46
    [P_TID] => INIMX_VBNKCAEcatca0720250319160554445018
    [P_MID] => CAEcatca07
    [P_AUTH_DT] => 20250319160746
    [P_STATUS] => 02
    [P_TYPE] => VBANK
    [P_OID] => 250319-018
    [P_FN_CD1] => 04
    [P_FN_CD2] => 
    [P_FN_NM] => KB국민은행
    [P_AMT] => 3000
    [P_UNAME] => 김우희
    [P_RMESG1] => P_VACCT_NO=44319079053921|P_EXP_DT=20250329
    [P_RMESG2] => 
    [P_NOTI] => 
    [P_AUTH_NO] => 
)

 Array
(
    [PageCall time] => 16:12:32
    [P_TID] => INIMX_VBNKCAEcatca0720250319161015145119
    [P_MID] => CAEcatca07
    [P_AUTH_DT] => 20250319161232
    [P_STATUS] => 02
    [P_TYPE] => VBANK
    [P_OID] => 250319-019
    [P_FN_CD1] => 11
    [P_FN_CD2] => 
    [P_FN_NM] => NH농협은행
    [P_AMT] => 3000
    [P_UNAME] => 이상현
    [P_RMESG1] => P_VACCT_NO=79014508182985|P_EXP_DT=20250329
    [P_RMESG2] => 
    [P_NOTI] => 
    [P_AUTH_NO] => 
)

 Array
(
    [PageCall time] => 16:19:42
    [P_TID] => INIMX_VBNKCAEcatca0720250319161112645961
    [P_MID] => CAEcatca07
    [P_AUTH_DT] => 20250319161942
    [P_STATUS] => 02
    [P_TYPE] => VBANK
    [P_OID] => 250319-006
    [P_FN_CD1] => 04
    [P_FN_CD2] => 
    [P_FN_NM] => KB국민은행
    [P_AMT] => 3000
    [P_UNAME] => 양미경
    [P_RMESG1] => P_VACCT_NO=44319079055110|P_EXP_DT=20250329
    [P_RMESG2] => 
    [P_NOTI] => 
    [P_AUTH_NO] => 
)

 Array
(
    [PageCall time] => 16:43:57
    [P_TID] => INIMX_VBNKCAEcatca0720250319164302925288
    [P_MID] => CAEcatca07
    [P_AUTH_DT] => 20250319164357
    [P_STATUS] => 02
    [P_TYPE] => VBANK
    [P_OID] => 250319-021
    [P_FN_CD1] => 04
    [P_FN_CD2] => 
    [P_FN_NM] => KB국민은행
    [P_AMT] => 3000
    [P_UNAME] => 양영희
    [P_RMESG1] => P_VACCT_NO=44319079061834|P_EXP_DT=20250329
    [P_RMESG2] => 
    [P_NOTI] => 
    [P_AUTH_NO] => 
)

 Array
(
    [PageCall time] => 17:09:36
    [P_TID] => INIMX_VBNKCAEcatca0720250319170758115556
    [P_MID] => CAEcatca07
    [P_AUTH_DT] => 20250319170936
    [P_STATUS] => 02
    [P_TYPE] => VBANK
    [P_OID] => 250319-024
    [P_FN_CD1] => 32
    [P_FN_CD2] => 
    [P_FN_NM] => 부산은행
    [P_AMT] => 3000
    [P_UNAME] => 안영미
    [P_RMESG1] => P_VACCT_NO=109924386429|P_EXP_DT=20250329
    [P_RMESG2] => 
    [P_NOTI] => 
    [P_AUTH_NO] => 
)

 Array
(
    [PageCall time] => 17:31:50
    [P_TID] => INIMX_VBNKCAEcatca0720250319172917265935
    [P_MID] => CAEcatca07
    [P_AUTH_DT] => 20250319173150
    [P_STATUS] => 02
    [P_TYPE] => VBANK
    [P_OID] => 250319-020
    [P_FN_CD1] => 88
    [P_FN_CD2] => 
    [P_FN_NM] => 신한은행
    [P_AMT] => 3000
    [P_UNAME] => 박영혜
    [P_RMESG1] => P_VACCT_NO=56211991218690|P_EXP_DT=20250329
    [P_RMESG2] => 
    [P_NOTI] => 
    [P_AUTH_NO] => 
)

 Array
(
    [PageCall time] => 17:58:00
    [P_TID] => INIMX_VBNKCAEcatca0720250319175359705950
    [P_MID] => CAEcatca07
    [P_AUTH_DT] => 20250319175800
    [P_STATUS] => 02
    [P_TYPE] => VBANK
    [P_OID] => 250319-027
    [P_FN_CD1] => 20
    [P_FN_CD2] => 
    [P_FN_NM] => 우리은행
    [P_AMT] => 3000
    [P_UNAME] => 김호일
    [P_RMESG1] => P_VACCT_NO=27387903618773|P_EXP_DT=20250329
    [P_RMESG2] => 
    [P_NOTI] => 
    [P_AUTH_NO] => 
)

 Array
(
    [PageCall time] => 18:19:42
    [P_TID] => INIMX_VBNKCAEcatca0720250319181849135739
    [P_MID] => CAEcatca07
    [P_AUTH_DT] => 20250319181942
    [P_STATUS] => 02
    [P_TYPE] => VBANK
    [P_OID] => 250319-028
    [P_FN_CD1] => 04
    [P_FN_CD2] => 
    [P_FN_NM] => KB국민은행
    [P_AMT] => 3000
    [P_UNAME] => 김산
    [P_RMESG1] => P_VACCT_NO=44319079083582|P_EXP_DT=20250329
    [P_RMESG2] => 
    [P_NOTI] => 
    [P_AUTH_NO] => 
)

 Array
(
    [PageCall time] => 19:22:01
    [P_TID] => INIMX_VBNKCAEcatca0720250319191901385531
    [P_MID] => CAEcatca07
    [P_AUTH_DT] => 20250319192201
    [P_STATUS] => 02
    [P_TYPE] => VBANK
    [P_OID] => 250319-030
    [P_FN_CD1] => 81
    [P_FN_CD2] => 
    [P_FN_NM] => 하나은행
    [P_AMT] => 3000
    [P_UNAME] => 김수정
    [P_RMESG1] => P_VACCT_NO=20894087098237|P_EXP_DT=20250329
    [P_RMESG2] => 
    [P_NOTI] => 
    [P_AUTH_NO] => 
)

 Array
(
    [PageCall time] => 19:58:25
    [P_TID] => INIMX_VBNKCAEcatca0720250319195403615506
    [P_MID] => CAEcatca07
    [P_AUTH_DT] => 20250319195825
    [P_STATUS] => 02
    [P_TYPE] => VBANK
    [P_OID] => 250319-031
    [P_FN_CD1] => 88
    [P_FN_CD2] => 
    [P_FN_NM] => 신한은행
    [P_AMT] => 3000
    [P_UNAME] => 강영미
    [P_RMESG1] => P_VACCT_NO=56211991226558|P_EXP_DT=20250329
    [P_RMESG2] => 
    [P_NOTI] => 
    [P_AUTH_NO] => 
)

 Array
(
    [PageCall time] => 20:00:11
    [P_TID] => INIMX_VBNKCAEcatca0720250319022035925130
    [P_MID] => CAEcatca07
    [P_AUTH_DT] => 20250319200011
    [P_STATUS] => 02
    [P_TYPE] => VBANK
    [P_OID] => 250318-034
    [P_FN_CD1] => 11
    [P_FN_CD2] => 
    [P_FN_NM] => NH농협은행
    [P_AMT] => 3000
    [P_UNAME] => 권용주
    [P_RMESG1] => P_VACCT_NO=79014508100592|P_EXP_DT=20250329
    [P_RMESG2] => 
    [P_NOTI] => 
    [P_AUTH_NO] => 
)

 Array
(
    [PageCall time] => 20:48:13
    [P_TID] => INIMX_VBNKCAEcatca0720250319204522845842
    [P_MID] => CAEcatca07
    [P_AUTH_DT] => 20250319204813
    [P_STATUS] => 02
    [P_TYPE] => VBANK
    [P_OID] => 250319-032
    [P_FN_CD1] => 03
    [P_FN_CD2] => 
    [P_FN_NM] => 기업은행
    [P_AMT] => 3000
    [P_UNAME] => 김영희
    [P_RMESG1] => P_VACCT_NO=07503131897317|P_EXP_DT=20250329
    [P_RMESG2] => 
    [P_NOTI] => 
    [P_AUTH_NO] => 
)

 Array
(
    [PageCall time] => 21:57:16
    [P_TID] => INIMX_VBNKCAEcatca0720250319215647235324
    [P_MID] => CAEcatca07
    [P_AUTH_DT] => 20250319215716
    [P_STATUS] => 02
    [P_TYPE] => VBANK
    [P_OID] => 250319-033
    [P_FN_CD1] => 04
    [P_FN_CD2] => 
    [P_FN_NM] => KB국민은행
    [P_AMT] => 3000
    [P_UNAME] => 황현지
    [P_RMESG1] => P_VACCT_NO=44319079175230|P_EXP_DT=20250329
    [P_RMESG2] => 
    [P_NOTI] => 
    [P_AUTH_NO] => 
)

