 Array
(
    [PageCall time] => 08:48:08
    [P_TID] => INIMX_VBNKCAEcatca0720250630084512715371
    [P_MID] => CAEcatca07
    [P_AUTH_DT] => 20250630084807
    [P_STATUS] => 02
    [P_TYPE] => VBANK
    [P_OID] => 250630-001
    [P_FN_CD1] => 81
    [P_FN_CD2] => 
    [P_FN_NM] => 하나은행
    [P_AMT] => 3000
    [P_UNAME] => 신상미
    [P_RMESG1] => P_VACCT_NO=20894344403537|P_EXP_DT=20250710
    [P_RMESG2] => 
    [P_NOTI] => 
    [P_AUTH_NO] => 
)

 Array
(
    [PageCall time] => 10:04:32
    [P_TID] => INIMX_VBNKCAEcatca0720250630100209905043
    [P_MID] => CAEcatca07
    [P_AUTH_DT] => 20250630100432
    [P_STATUS] => 02
    [P_TYPE] => VBANK
    [P_OID] => 250630-002
    [P_FN_CD1] => 11
    [P_FN_CD2] => 
    [P_FN_NM] => NH농협은행
    [P_AMT] => 3000
    [P_UNAME] => 조봉현
    [P_RMESG1] => P_VACCT_NO=79010591406722|P_EXP_DT=20250710
    [P_RMESG2] => 
    [P_NOTI] => 
    [P_AUTH_NO] => 
)

 Array
(
    [PageCall time] => 10:06:23
    [P_TID] => INIMX_VBNKCAEcatca0720250630100217835907
    [P_MID] => CAEcatca07
    [P_AUTH_DT] => 20250630100623
    [P_STATUS] => 02
    [P_TYPE] => VBANK
    [P_OID] => 250630-003
    [P_FN_CD1] => 32
    [P_FN_CD2] => 
    [P_FN_NM] => 부산은행
    [P_AMT] => 3000
    [P_UNAME] => 하옥남
    [P_RMESG1] => P_VACCT_NO=109924792398|P_EXP_DT=20250710
    [P_RMESG2] => 
    [P_NOTI] => 
    [P_AUTH_NO] => 
)

 Array
(
    [PageCall time] => 10:11:22
    [P_TID] => INIMX_VBNKCAEcatca0720250630100851795200
    [P_MID] => CAEcatca07
    [P_AUTH_DT] => 20250630101122
    [P_STATUS] => 02
    [P_TYPE] => VBANK
    [P_OID] => 250630-004
    [P_FN_CD1] => 88
    [P_FN_CD2] => 
    [P_FN_NM] => 신한은행
    [P_AMT] => 3000
    [P_UNAME] => 김종원
    [P_RMESG1] => P_VACCT_NO=56211105714759|P_EXP_DT=20250710
    [P_RMESG2] => 
    [P_NOTI] => 
    [P_AUTH_NO] => 
)

 Array
(
    [PageCall time] => 10:29:47
    [P_TID] => INIMX_VBNKCAEcatca0720250630102920134795
    [P_MID] => CAEcatca07
    [P_AUTH_DT] => 20250630102947
    [P_STATUS] => 02
    [P_TYPE] => VBANK
    [P_OID] => 250630-009
    [P_FN_CD1] => 04
    [P_FN_CD2] => 
    [P_FN_NM] => KB국민은행
    [P_AMT] => 3000
    [P_UNAME] => 홍진영
    [P_RMESG1] => P_VACCT_NO=88269011142000|P_EXP_DT=20250710
    [P_RMESG2] => 
    [P_NOTI] => 
    [P_AUTH_NO] => 
)

 Array
(
    [PageCall time] => 10:38:03
    [P_TID] => INIMX_VBNKCAEcatca0720250630103651184007
    [P_MID] => CAEcatca07
    [P_AUTH_DT] => 20250630103803
    [P_STATUS] => 02
    [P_TYPE] => VBANK
    [P_OID] => 250630-011
    [P_FN_CD1] => 11
    [P_FN_CD2] => 
    [P_FN_NM] => NH농협은행
    [P_AMT] => 3000
    [P_UNAME] => 김기범
    [P_RMESG1] => P_VACCT_NO=79003194106289|P_EXP_DT=20250710
    [P_RMESG2] => 
    [P_NOTI] => 
    [P_AUTH_NO] => 
)

 Array
(
    [PageCall time] => 10:38:34
    [P_TID] => INIMX_VBNKCAEcatca0720250630103547214022
    [P_MID] => CAEcatca07
    [P_AUTH_DT] => 20250630103834
    [P_STATUS] => 02
    [P_TYPE] => VBANK
    [P_OID] => 250630-010
    [P_FN_CD1] => 04
    [P_FN_CD2] => 
    [P_FN_NM] => KB국민은행
    [P_AMT] => 3000
    [P_UNAME] => 이미경
    [P_RMESG1] => P_VACCT_NO=88269011142435|P_EXP_DT=20250710
    [P_RMESG2] => 
    [P_NOTI] => 
    [P_AUTH_NO] => 
)

 Array
(
    [PageCall time] => 10:41:50
    [P_TID] => INIMX_VBNKCAEcatca0720250630103847834534
    [P_MID] => CAEcatca07
    [P_AUTH_DT] => 20250630104150
    [P_STATUS] => 02
    [P_TYPE] => VBANK
    [P_OID] => 250630-013
    [P_FN_CD1] => 20
    [P_FN_CD2] => 
    [P_FN_NM] => 우리은행
    [P_AMT] => 3000
    [P_UNAME] => 권유빈
    [P_RMESG1] => P_VACCT_NO=61848489118568|P_EXP_DT=20250710
    [P_RMESG2] => 
    [P_NOTI] => 
    [P_AUTH_NO] => 
)

 Array
(
    [PageCall time] => 11:00:49
    [P_TID] => INIMX_VBNKCAEcatca0720250630105920444380
    [P_MID] => CAEcatca07
    [P_AUTH_DT] => 20250630110049
    [P_STATUS] => 02
    [P_TYPE] => VBANK
    [P_OID] => 250630-016
    [P_FN_CD1] => 71
    [P_FN_CD2] => 
    [P_FN_NM] => 우체국
    [P_AMT] => 3000
    [P_UNAME] => 김지영
    [P_RMESG1] => P_VACCT_NO=01398781771805|P_EXP_DT=20250710
    [P_RMESG2] => 
    [P_NOTI] => 
    [P_AUTH_NO] => 
)

 Array
(
    [PageCall time] => 11:02:42
    [P_TID] => INIMX_VBNKCAEcatca0720250630110002934914
    [P_MID] => CAEcatca07
    [P_AUTH_DT] => 20250630110242
    [P_STATUS] => 02
    [P_TYPE] => VBANK
    [P_OID] => 250630-005
    [P_FN_CD1] => 04
    [P_FN_CD2] => 
    [P_FN_NM] => KB국민은행
    [P_AMT] => 3000
    [P_UNAME] => 정정환
    [P_RMESG1] => P_VACCT_NO=88269011144314|P_EXP_DT=20250710
    [P_RMESG2] => 
    [P_NOTI] => 
    [P_AUTH_NO] => 
)

 Array
(
    [PageCall time] => 11:06:15
    [P_TID] => INIMX_VBNKCAEcatca0720250630100317595572
    [P_MID] => CAEcatca07
    [P_AUTH_DT] => 20250630110615
    [P_STATUS] => 02
    [P_TYPE] => VBANK
    [P_OID] => 250627-025
    [P_FN_CD1] => 11
    [P_FN_CD2] => 
    [P_FN_NM] => NH농협은행
    [P_AMT] => 3000
    [P_UNAME] => 신정임
    [P_RMESG1] => P_VACCT_NO=79010591406862|P_EXP_DT=20250710
    [P_RMESG2] => 
    [P_NOTI] => 
    [P_AUTH_NO] => 
)

 Array
(
    [PageCall time] => 11:16:53
    [P_TID] => INIMX_VBNKCAEcatca0720250630111007484928
    [P_MID] => CAEcatca07
    [P_AUTH_DT] => 20250630111653
    [P_STATUS] => 02
    [P_TYPE] => VBANK
    [P_OID] => 250630-017
    [P_FN_CD1] => 81
    [P_FN_CD2] => 
    [P_FN_NM] => 하나은행
    [P_AMT] => 3000
    [P_UNAME] => 김미영
    [P_RMESG1] => P_VACCT_NO=58392387485437|P_EXP_DT=20250710
    [P_RMESG2] => 
    [P_NOTI] => 
    [P_AUTH_NO] => 
)

 Array
(
    [PageCall time] => 11:38:39
    [P_TID] => INIMX_VBNKCAEcatca0720250630113529704365
    [P_MID] => CAEcatca07
    [P_AUTH_DT] => 20250630113839
    [P_STATUS] => 02
    [P_TYPE] => VBANK
    [P_OID] => 250630-022
    [P_FN_CD1] => 89
    [P_FN_CD2] => 
    [P_FN_NM] => 케이뱅크
    [P_AMT] => 3000
    [P_UNAME] => 김우석
    [P_RMESG1] => P_VACCT_NO=70112000166878|P_EXP_DT=20250710
    [P_RMESG2] => 
    [P_NOTI] => 
    [P_AUTH_NO] => 
)

 Array
(
    [PageCall time] => 11:45:27
    [P_TID] => INIMX_VBNKCAEcatca0720250630114217604449
    [P_MID] => CAEcatca07
    [P_AUTH_DT] => 20250630114527
    [P_STATUS] => 02
    [P_TYPE] => VBANK
    [P_OID] => 250630-023
    [P_FN_CD1] => 88
    [P_FN_CD2] => 
    [P_FN_NM] => 신한은행
    [P_AMT] => 3000
    [P_UNAME] => 문선향
    [P_RMESG1] => P_VACCT_NO=56211121810930|P_EXP_DT=20250710
    [P_RMESG2] => 
    [P_NOTI] => 
    [P_AUTH_NO] => 
)

 Array
(
    [PageCall time] => 11:54:38
    [P_TID] => INIMX_VBNKCAEcatca0720250630115316884591
    [P_MID] => CAEcatca07
    [P_AUTH_DT] => 20250630115438
    [P_STATUS] => 02
    [P_TYPE] => VBANK
    [P_OID] => 250630-025
    [P_FN_CD1] => 04
    [P_FN_CD2] => 
    [P_FN_NM] => KB국민은행
    [P_AMT] => 3000
    [P_UNAME] => 이영란
    [P_RMESG1] => P_VACCT_NO=88269011147708|P_EXP_DT=20250710
    [P_RMESG2] => 
    [P_NOTI] => 
    [P_AUTH_NO] => 
)

 Array
(
    [PageCall time] => 12:12:45
    [P_TID] => INIMX_VBNKCAEcatca0720250630120631344175
    [P_MID] => CAEcatca07
    [P_AUTH_DT] => 20250630121245
    [P_STATUS] => 02
    [P_TYPE] => VBANK
    [P_OID] => 250630-026
    [P_FN_CD1] => 88
    [P_FN_CD2] => 
    [P_FN_NM] => 신한은행
    [P_AMT] => 3000
    [P_UNAME] => 배소빈
    [P_RMESG1] => P_VACCT_NO=56211121811670|P_EXP_DT=20250710
    [P_RMESG2] => 
    [P_NOTI] => 
    [P_AUTH_NO] => 
)

 Array
(
    [PageCall time] => 13:00:28
    [P_TID] => INIMX_VBNKCAEcatca0720250630125858984282
    [P_MID] => CAEcatca07
    [P_AUTH_DT] => 20250630130028
    [P_STATUS] => 02
    [P_TYPE] => VBANK
    [P_OID] => 250630-027
    [P_FN_CD1] => 32
    [P_FN_CD2] => 
    [P_FN_NM] => 부산은행
    [P_AMT] => 3000
    [P_UNAME] => 허신영
    [P_RMESG1] => P_VACCT_NO=103939513466|P_EXP_DT=20250710
    [P_RMESG2] => 
    [P_NOTI] => 
    [P_AUTH_NO] => 
)

 Array
(
    [PageCall time] => 13:22:31
    [P_TID] => INIMX_VBNKCAEcatca0720250630131912544561
    [P_MID] => CAEcatca07
    [P_AUTH_DT] => 20250630132231
    [P_STATUS] => 02
    [P_TYPE] => VBANK
    [P_OID] => 250629-001
    [P_FN_CD1] => 88
    [P_FN_CD2] => 
    [P_FN_NM] => 신한은행
    [P_AMT] => 3000
    [P_UNAME] => 이현정
    [P_RMESG1] => P_VACCT_NO=56211121812940|P_EXP_DT=20250710
    [P_RMESG2] => 
    [P_NOTI] => 
    [P_AUTH_NO] => 
)

 Array
(
    [PageCall time] => 13:24:59
    [P_TID] => INIMX_VBNKCAEcatca0720250630132257784422
    [P_MID] => CAEcatca07
    [P_AUTH_DT] => 20250630132459
    [P_STATUS] => 02
    [P_TYPE] => VBANK
    [P_OID] => 250630-029
    [P_FN_CD1] => 11
    [P_FN_CD2] => 
    [P_FN_NM] => NH농협은행
    [P_AMT] => 3000
    [P_UNAME] => 한현석
    [P_RMESG1] => P_VACCT_NO=79003194126721|P_EXP_DT=20250710
    [P_RMESG2] => 
    [P_NOTI] => 
    [P_AUTH_NO] => 
)

 Array
(
    [PageCall time] => 13:33:17
    [P_TID] => INIMX_VBNKCAEcatca0720250630132938384605
    [P_MID] => CAEcatca07
    [P_AUTH_DT] => 20250630133317
    [P_STATUS] => 02
    [P_TYPE] => VBANK
    [P_OID] => 250630-030
    [P_FN_CD1] => 88
    [P_FN_CD2] => 
    [P_FN_NM] => 신한은행
    [P_AMT] => 3000
    [P_UNAME] => 이은영
    [P_RMESG1] => P_VACCT_NO=56211121813080|P_EXP_DT=20250710
    [P_RMESG2] => 
    [P_NOTI] => 
    [P_AUTH_NO] => 
)

 Array
(
    [PageCall time] => 13:38:59
    [P_TID] => INIMX_VBNKCAEcatca0720250630133802294148
    [P_MID] => CAEcatca07
    [P_AUTH_DT] => 20250630133859
    [P_STATUS] => 02
    [P_TYPE] => VBANK
    [P_OID] => 250630-031
    [P_FN_CD1] => 04
    [P_FN_CD2] => 
    [P_FN_NM] => KB국민은행
    [P_AMT] => 3000
    [P_UNAME] => 김현정
    [P_RMESG1] => P_VACCT_NO=88269011153787|P_EXP_DT=20250710
    [P_RMESG2] => 
    [P_NOTI] => 
    [P_AUTH_NO] => 
)

 Array
(
    [PageCall time] => 14:29:31
    [P_TID] => INIMX_VBNKCAEcatca0720250630142812514264
    [P_MID] => CAEcatca07
    [P_AUTH_DT] => 20250630142931
    [P_STATUS] => 02
    [P_TYPE] => VBANK
    [P_OID] => 250630-034
    [P_FN_CD1] => 04
    [P_FN_CD2] => 
    [P_FN_NM] => KB국민은행
    [P_AMT] => 3000
    [P_UNAME] => 김은혜
    [P_RMESG1] => P_VACCT_NO=88269011157389|P_EXP_DT=20250710
    [P_RMESG2] => 
    [P_NOTI] => 
    [P_AUTH_NO] => 
)

 Array
(
    [PageCall time] => 14:34:26
    [P_TID] => INIMX_VBNKCAEcatca0720250630143114165102
    [P_MID] => CAEcatca07
    [P_AUTH_DT] => 20250630143426
    [P_STATUS] => 02
    [P_TYPE] => VBANK
    [P_OID] => 250630-032
    [P_FN_CD1] => 11
    [P_FN_CD2] => 
    [P_FN_NM] => NH농협은행
    [P_AMT] => 3000
    [P_UNAME] => 김영욱
    [P_RMESG1] => P_VACCT_NO=79010591453815|P_EXP_DT=20250710
    [P_RMESG2] => 
    [P_NOTI] => 
    [P_AUTH_NO] => 
)

 Array
(
    [PageCall time] => 14:37:03
    [P_TID] => INIMX_VBNKCAEcatca0720250630143438904144
    [P_MID] => CAEcatca07
    [P_AUTH_DT] => 20250630143702
    [P_STATUS] => 02
    [P_TYPE] => VBANK
    [P_OID] => 250629-006
    [P_FN_CD1] => 88
    [P_FN_CD2] => 
    [P_FN_NM] => 신한은행
    [P_AMT] => 3000
    [P_UNAME] => 강종현
    [P_RMESG1] => P_VACCT_NO=56211121814310|P_EXP_DT=20250710
    [P_RMESG2] => 
    [P_NOTI] => 
    [P_AUTH_NO] => 
)

 Array
(
    [PageCall time] => 14:44:02
    [P_TID] => INIMX_VBNKCAEcatca0720250630144120504242
    [P_MID] => CAEcatca07
    [P_AUTH_DT] => 20250630144402
    [P_STATUS] => 02
    [P_TYPE] => VBANK
    [P_OID] => 250630-035
    [P_FN_CD1] => 03
    [P_FN_CD2] => 
    [P_FN_NM] => 기업은행
    [P_AMT] => 3000
    [P_UNAME] => 조은혜
    [P_RMESG1] => P_VACCT_NO=07500063297785|P_EXP_DT=20250710
    [P_RMESG2] => 
    [P_NOTI] => 
    [P_AUTH_NO] => 
)

 Array
(
    [PageCall time] => 14:47:48
    [P_TID] => INIMX_VBNKCAEcatca0720250630144706514624
    [P_MID] => CAEcatca07
    [P_AUTH_DT] => 20250630144747
    [P_STATUS] => 02
    [P_TYPE] => VBANK
    [P_OID] => 250630-036
    [P_FN_CD1] => 11
    [P_FN_CD2] => 
    [P_FN_NM] => NH농협은행
    [P_AMT] => 3000
    [P_UNAME] => 이용훈
    [P_RMESG1] => P_VACCT_NO=79003194134741|P_EXP_DT=20250710
    [P_RMESG2] => 
    [P_NOTI] => 
    [P_AUTH_NO] => 
)

 Array
(
    [PageCall time] => 14:55:06
    [P_TID] => INIMX_VBNKCAEcatca0720250630145045335893
    [P_MID] => CAEcatca07
    [P_AUTH_DT] => 20250630145506
    [P_STATUS] => 02
    [P_TYPE] => VBANK
    [P_OID] => 250630-033
    [P_FN_CD1] => 20
    [P_FN_CD2] => 
    [P_FN_NM] => 우리은행
    [P_AMT] => 3000
    [P_UNAME] => 이수연
    [P_RMESG1] => P_VACCT_NO=32823288118574|P_EXP_DT=20250710
    [P_RMESG2] => 
    [P_NOTI] => 
    [P_AUTH_NO] => 
)

 Array
(
    [PageCall time] => 15:00:05
    [P_TID] => INIMX_VBNKCAEcatca0720250630145705804372
    [P_MID] => CAEcatca07
    [P_AUTH_DT] => 20250630150005
    [P_STATUS] => 02
    [P_TYPE] => VBANK
    [P_OID] => 250630-037
    [P_FN_CD1] => 88
    [P_FN_CD2] => 
    [P_FN_NM] => 신한은행
    [P_AMT] => 3000
    [P_UNAME] => 박준환
    [P_RMESG1] => P_VACCT_NO=56211121814700|P_EXP_DT=20250710
    [P_RMESG2] => 
    [P_NOTI] => 
    [P_AUTH_NO] => 
)

 Array
(
    [PageCall time] => 16:27:27
    [P_TID] => INIMX_VBNKCAEcatca0720250630162518554026
    [P_MID] => CAEcatca07
    [P_AUTH_DT] => 20250630162727
    [P_STATUS] => 02
    [P_TYPE] => VBANK
    [P_OID] => 250630-042
    [P_FN_CD1] => 11
    [P_FN_CD2] => 
    [P_FN_NM] => NH농협은행
    [P_AMT] => 3000
    [P_UNAME] => 장대규
    [P_RMESG1] => P_VACCT_NO=79003194150473|P_EXP_DT=20250710
    [P_RMESG2] => 
    [P_NOTI] => 
    [P_AUTH_NO] => 
)

 Array
(
    [PageCall time] => 16:37:07
    [P_TID] => INIMX_VBNKCAEcatca0720250630163639364946
    [P_MID] => CAEcatca07
    [P_AUTH_DT] => 20250630163707
    [P_STATUS] => 02
    [P_TYPE] => VBANK
    [P_OID] => 250630-041
    [P_FN_CD1] => 04
    [P_FN_CD2] => 
    [P_FN_NM] => KB국민은행
    [P_AMT] => 3000
    [P_UNAME] => 조성희
    [P_RMESG1] => P_VACCT_NO=88269011168996|P_EXP_DT=20250710
    [P_RMESG2] => 
    [P_NOTI] => 
    [P_AUTH_NO] => 
)

 Array
(
    [PageCall time] => 16:46:58
    [P_TID] => INIMX_VBNKCAEcatca0720250630164524464495
    [P_MID] => CAEcatca07
    [P_AUTH_DT] => 20250630164658
    [P_STATUS] => 02
    [P_TYPE] => VBANK
    [P_OID] => 250630-043
    [P_FN_CD1] => 04
    [P_FN_CD2] => 
    [P_FN_NM] => KB국민은행
    [P_AMT] => 3000
    [P_UNAME] => 김태연
    [P_RMESG1] => P_VACCT_NO=88269011170922|P_EXP_DT=20250710
    [P_RMESG2] => 
    [P_NOTI] => 
    [P_AUTH_NO] => 
)

 Array
(
    [PageCall time] => 16:52:38
    [P_TID] => INIMX_VBNKCAEcatca0720250630165038464454
    [P_MID] => CAEcatca07
    [P_AUTH_DT] => 20250630165238
    [P_STATUS] => 02
    [P_TYPE] => VBANK
    [P_OID] => 250630-044
    [P_FN_CD1] => 04
    [P_FN_CD2] => 
    [P_FN_NM] => KB국민은행
    [P_AMT] => 3000
    [P_UNAME] => 최도영
    [P_RMESG1] => P_VACCT_NO=88269011171820|P_EXP_DT=20250710
    [P_RMESG2] => 
    [P_NOTI] => 
    [P_AUTH_NO] => 
)

 Array
(
    [PageCall time] => 17:19:36
    [P_TID] => INIMX_VBNKCAEcatca0720250630171830844710
    [P_MID] => CAEcatca07
    [P_AUTH_DT] => 20250630171936
    [P_STATUS] => 02
    [P_TYPE] => VBANK
    [P_OID] => 250630-046
    [P_FN_CD1] => 11
    [P_FN_CD2] => 
    [P_FN_NM] => NH농협은행
    [P_AMT] => 3000
    [P_UNAME] => 장경석
    [P_RMESG1] => P_VACCT_NO=79003194168921|P_EXP_DT=20250710
    [P_RMESG2] => 
    [P_NOTI] => 
    [P_AUTH_NO] => 
)

 Array
(
    [PageCall time] => 17:20:58
    [P_TID] => INIMX_VBNKCAEcatca0720250630171659394555
    [P_MID] => CAEcatca07
    [P_AUTH_DT] => 20250630172058
    [P_STATUS] => 02
    [P_TYPE] => VBANK
    [P_OID] => 250629-005
    [P_FN_CD1] => 04
    [P_FN_CD2] => 
    [P_FN_NM] => KB국민은행
    [P_AMT] => 3000
    [P_UNAME] => 이주성
    [P_RMESG1] => P_VACCT_NO=88269011176700|P_EXP_DT=20250710
    [P_RMESG2] => 
    [P_NOTI] => 
    [P_AUTH_NO] => 
)

 Array
(
    [PageCall time] => 17:21:50
    [P_TID] => INIMX_VBNKCAEcatca0720250630171852874844
    [P_MID] => CAEcatca07
    [P_AUTH_DT] => 20250630172150
    [P_STATUS] => 02
    [P_TYPE] => VBANK
    [P_OID] => 250630-047
    [P_FN_CD1] => 88
    [P_FN_CD2] => 
    [P_FN_NM] => 신한은행
    [P_AMT] => 3000
    [P_UNAME] => 함선희
    [P_RMESG1] => P_VACCT_NO=56211121819989|P_EXP_DT=20250710
    [P_RMESG2] => 
    [P_NOTI] => 
    [P_AUTH_NO] => 
)

 Array
(
    [PageCall time] => 17:22:51
    [P_TID] => INIMX_VBNKCAEcatca0720250630154230664346
    [P_MID] => CAEcatca07
    [P_AUTH_DT] => 20250630172250
    [P_STATUS] => 02
    [P_TYPE] => VBANK
    [P_OID] => 250630-039
    [P_FN_CD1] => 81
    [P_FN_CD2] => 
    [P_FN_NM] => 하나은행
    [P_AMT] => 3000
    [P_UNAME] => 우미자
    [P_RMESG1] => P_VACCT_NO=58392389826737|P_EXP_DT=20250710
    [P_RMESG2] => 
    [P_NOTI] => 
    [P_AUTH_NO] => 
)

 Array
(
    [PageCall time] => 19:09:36
    [P_TID] => INIMX_VBNKCAEcatca0720250630190805194042
    [P_MID] => CAEcatca07
    [P_AUTH_DT] => 20250630190936
    [P_STATUS] => 02
    [P_TYPE] => VBANK
    [P_OID] => 250628-008
    [P_FN_CD1] => 32
    [P_FN_CD2] => 
    [P_FN_NM] => 부산은행
    [P_AMT] => 3000
    [P_UNAME] => 이승민
    [P_RMESG1] => P_VACCT_NO=103939518419|P_EXP_DT=20250710
    [P_RMESG2] => 
    [P_NOTI] => 
    [P_AUTH_NO] => 
)

 Array
(
    [PageCall time] => 19:34:40
    [P_TID] => INIMX_VBNKCAEcatca0720250630193216384589
    [P_MID] => CAEcatca07
    [P_AUTH_DT] => 20250630193440
    [P_STATUS] => 02
    [P_TYPE] => VBANK
    [P_OID] => 250630-050
    [P_FN_CD1] => 11
    [P_FN_CD2] => 
    [P_FN_NM] => NH농협은행
    [P_AMT] => 3000
    [P_UNAME] => 이수미
    [P_RMESG1] => P_VACCT_NO=79003194195421|P_EXP_DT=20250710
    [P_RMESG2] => 
    [P_NOTI] => 
    [P_AUTH_NO] => 
)

 Array
(
    [PageCall time] => 19:51:57
    [P_TID] => INIMX_VBNKCAEcatca0720250630194925504032
    [P_MID] => CAEcatca07
    [P_AUTH_DT] => 20250630195157
    [P_STATUS] => 02
    [P_TYPE] => VBANK
    [P_OID] => 250630-051
    [P_FN_CD1] => 81
    [P_FN_CD2] => 
    [P_FN_NM] => 하나은행
    [P_AMT] => 3000
    [P_UNAME] => 박성준
    [P_RMESG1] => P_VACCT_NO=58392394997937|P_EXP_DT=20250710
    [P_RMESG2] => 
    [P_NOTI] => 
    [P_AUTH_NO] => 
)

 Array
(
    [PageCall time] => 21:07:34
    [P_TID] => INIMX_VBNKCAEcatca0720250630210313204922
    [P_MID] => CAEcatca07
    [P_AUTH_DT] => 20250630210734
    [P_STATUS] => 02
    [P_TYPE] => VBANK
    [P_OID] => 250630-052
    [P_FN_CD1] => 20
    [P_FN_CD2] => 
    [P_FN_NM] => 우리은행
    [P_AMT] => 3000
    [P_UNAME] => 신희락
    [P_RMESG1] => P_VACCT_NO=61850139818505|P_EXP_DT=20250710
    [P_RMESG2] => 
    [P_NOTI] => 
    [P_AUTH_NO] => 
)

 Array
(
    [PageCall time] => 21:44:46
    [P_TID] => INIMX_VBNKCAEcatca0720250630214215424990
    [P_MID] => CAEcatca07
    [P_AUTH_DT] => 20250630214446
    [P_STATUS] => 02
    [P_TYPE] => VBANK
    [P_OID] => 250630-055
    [P_FN_CD1] => 31
    [P_FN_CD2] => 
    [P_FN_NM] => 아이엠뱅크(대구은행)
    [P_AMT] => 3000
    [P_UNAME] => 김혜진
    [P_RMESG1] => P_VACCT_NO=9600347745580|P_EXP_DT=20250710
    [P_RMESG2] => 
    [P_NOTI] => 
    [P_AUTH_NO] => 
)

 Array
(
    [PageCall time] => 22:32:08
    [P_TID] => INIMX_VBNKCAEcatca0720250630223051474017
    [P_MID] => CAEcatca07
    [P_AUTH_DT] => 20250630223208
    [P_STATUS] => 02
    [P_TYPE] => VBANK
    [P_OID] => 250630-053
    [P_FN_CD1] => 04
    [P_FN_CD2] => 
    [P_FN_NM] => KB국민은행
    [P_AMT] => 3000
    [P_UNAME] => 김서진
    [P_RMESG1] => P_VACCT_NO=88269011374759|P_EXP_DT=20250710
    [P_RMESG2] => 
    [P_NOTI] => 
    [P_AUTH_NO] => 
)

 Array
(
    [PageCall time] => 22:42:08
    [P_TID] => INIMX_VBNKCAEcatca0720250630223915754735
    [P_MID] => CAEcatca07
    [P_AUTH_DT] => 20250630224208
    [P_STATUS] => 02
    [P_TYPE] => VBANK
    [P_OID] => 250630-057
    [P_FN_CD1] => 20
    [P_FN_CD2] => 
    [P_FN_NM] => 우리은행
    [P_AMT] => 3000
    [P_UNAME] => 이현우
    [P_RMESG1] => P_VACCT_NO=61850147718049|P_EXP_DT=20250710
    [P_RMESG2] => 
    [P_NOTI] => 
    [P_AUTH_NO] => 
)

