 Array
(
    [PageCall time] => 18:46:52
    [P_TID] => INIMX_VBNKCAEcatca0720250608184450695059
    [P_MID] => CAEcatca07
    [P_AUTH_DT] => 20250608184652
    [P_STATUS] => 02
    [P_TYPE] => VBANK
    [P_OID] => 250608-004
    [P_FN_CD1] => 11
    [P_FN_CD2] => 
    [P_FN_NM] => NH농협은행
    [P_AMT] => 3000
    [P_UNAME] => 신경호
    [P_RMESG1] => P_VACCT_NO=79010587653611|P_EXP_DT=20250618
    [P_RMESG2] => 
    [P_NOTI] => 
    [P_AUTH_NO] => 
)

 Array
(
    [PageCall time] => 18:53:20
    [P_TID] => INIMX_VBNKCAEcatca0720250608185159745844
    [P_MID] => CAEcatca07
    [P_AUTH_DT] => 20250608185320
    [P_STATUS] => 02
    [P_TYPE] => VBANK
    [P_OID] => 250608-006
    [P_FN_CD1] => 11
    [P_FN_CD2] => 
    [P_FN_NM] => NH농협은행
    [P_AMT] => 3000
    [P_UNAME] => 민지홍
    [P_RMESG1] => P_VACCT_NO=79010587653933|P_EXP_DT=20250618
    [P_RMESG2] => 
    [P_NOTI] => 
    [P_AUTH_NO] => 
)

 Array
(
    [PageCall time] => 18:57:15
    [P_TID] => INIMX_VBNKCAEcatca0720250608185531995664
    [P_MID] => CAEcatca07
    [P_AUTH_DT] => 20250608185715
    [P_STATUS] => 02
    [P_TYPE] => VBANK
    [P_OID] => 250608-007
    [P_FN_CD1] => 04
    [P_FN_CD2] => 
    [P_FN_NM] => KB국민은행
    [P_AMT] => 3000
    [P_UNAME] => 최영옥
    [P_RMESG1] => P_VACCT_NO=26119078093036|P_EXP_DT=20250618
    [P_RMESG2] => 
    [P_NOTI] => 
    [P_AUTH_NO] => 
)

 Array
(
    [PageCall time] => 19:08:10
    [P_TID] => INIMX_VBNKCAEcatca0720250608190522935605
    [P_MID] => CAEcatca07
    [P_AUTH_DT] => 20250608190810
    [P_STATUS] => 02
    [P_TYPE] => VBANK
    [P_OID] => 250608-008
    [P_FN_CD1] => 81
    [P_FN_CD2] => 
    [P_FN_NM] => 하나은행
    [P_AMT] => 3000
    [P_UNAME] => 김채린
    [P_RMESG1] => P_VACCT_NO=20894065085037|P_EXP_DT=20250618
    [P_RMESG2] => 
    [P_NOTI] => 
    [P_AUTH_NO] => 
)

 Array
(
    [PageCall time] => 20:01:54
    [P_TID] => INIMX_VBNKCAEcatca0720250608195919235544
    [P_MID] => CAEcatca07
    [P_AUTH_DT] => 20250608200154
    [P_STATUS] => 02
    [P_TYPE] => VBANK
    [P_OID] => 250608-010
    [P_FN_CD1] => 88
    [P_FN_CD2] => 
    [P_FN_NM] => 신한은행
    [P_AMT] => 3000
    [P_UNAME] => 이은아
    [P_RMESG1] => P_VACCT_NO=56211104338585|P_EXP_DT=20250618
    [P_RMESG2] => 
    [P_NOTI] => 
    [P_AUTH_NO] => 
)

 Array
(
    [PageCall time] => 21:32:49
    [P_TID] => INIMX_VBNKCAEcatca0720250608213205675594
    [P_MID] => CAEcatca07
    [P_AUTH_DT] => 20250608213249
    [P_STATUS] => 02
    [P_TYPE] => VBANK
    [P_OID] => 250608-011
    [P_FN_CD1] => 04
    [P_FN_CD2] => 
    [P_FN_NM] => KB국민은행
    [P_AMT] => 3000
    [P_UNAME] => 김태헌
    [P_RMESG1] => P_VACCT_NO=70149014234504|P_EXP_DT=20250618
    [P_RMESG2] => 
    [P_NOTI] => 
    [P_AUTH_NO] => 
)

 Array
(
    [PageCall time] => 22:20:38
    [P_TID] => INIMX_VBNKCAEcatca0720250608221735885659
    [P_MID] => CAEcatca07
    [P_AUTH_DT] => 20250608222038
    [P_STATUS] => 02
    [P_TYPE] => VBANK
    [P_OID] => 250608-012
    [P_FN_CD1] => 03
    [P_FN_CD2] => 
    [P_FN_NM] => 기업은행
    [P_AMT] => 3000
    [P_UNAME] => 허윤행
    [P_RMESG1] => P_VACCT_NO=07503198397395|P_EXP_DT=20250618
    [P_RMESG2] => 
    [P_NOTI] => 
    [P_AUTH_NO] => 
)

 Array
(
    [PageCall time] => 22:45:45
    [P_TID] => INIMX_VBNKCAEcatca0720250608224306715110
    [P_MID] => CAEcatca07
    [P_AUTH_DT] => 20250608224545
    [P_STATUS] => 02
    [P_TYPE] => VBANK
    [P_OID] => 250608-009
    [P_FN_CD1] => 20
    [P_FN_CD2] => 
    [P_FN_NM] => 우리은행
    [P_AMT] => 3000
    [P_UNAME] => 윤서현
    [P_RMESG1] => P_VACCT_NO=27491105418982|P_EXP_DT=20250618
    [P_RMESG2] => 
    [P_NOTI] => 
    [P_AUTH_NO] => 
)

