 Array
(
    [PageCall time] => 09:48:52
    [P_TID] => INIMX_VBNKCAEcatca0720250522094752175815
    [P_MID] => CAEcatca07
    [P_AUTH_DT] => 20250522094852
    [P_STATUS] => 02
    [P_TYPE] => VBANK
    [P_OID] => 250522-002
    [P_FN_CD1] => 04
    [P_FN_CD2] => 
    [P_FN_NM] => KB국민은행
    [P_AMT] => 3000
    [P_UNAME] => 신금자
    [P_RMESG1] => P_VACCT_NO=26159078404269|P_EXP_DT=20250601
    [P_RMESG2] => 
    [P_NOTI] => 
    [P_AUTH_NO] => 
)

 Array
(
    [PageCall time] => 09:51:43
    [P_TID] => INIMX_VBNKCAEcatca0720250522094902345349
    [P_MID] => CAEcatca07
    [P_AUTH_DT] => 20250522095143
    [P_STATUS] => 02
    [P_TYPE] => VBANK
    [P_OID] => 250522-003
    [P_FN_CD1] => 88
    [P_FN_CD2] => 
    [P_FN_NM] => 신한은행
    [P_AMT] => 3000
    [P_UNAME] => 홍누리
    [P_RMESG1] => P_VACCT_NO=56211103860517|P_EXP_DT=20250601
    [P_RMESG2] => 
    [P_NOTI] => 
    [P_AUTH_NO] => 
)

 Array
(
    [PageCall time] => 11:12:24
    [P_TID] => INIMX_VBNKCAEcatca0720250522110939714491
    [P_MID] => CAEcatca07
    [P_AUTH_DT] => 20250522111224
    [P_STATUS] => 02
    [P_TYPE] => VBANK
    [P_OID] => 250522-007
    [P_FN_CD1] => 88
    [P_FN_CD2] => 
    [P_FN_NM] => 신한은행
    [P_AMT] => 3000
    [P_UNAME] => 김재윤
    [P_RMESG1] => P_VACCT_NO=56211121125017|P_EXP_DT=20250601
    [P_RMESG2] => 
    [P_NOTI] => 
    [P_AUTH_NO] => 
)

 Array
(
    [PageCall time] => 11:25:37
    [P_TID] => INIMX_VBNKCAEcatca0720250522112443864728
    [P_MID] => CAEcatca07
    [P_AUTH_DT] => 20250522112536
    [P_STATUS] => 02
    [P_TYPE] => VBANK
    [P_OID] => 250522-010
    [P_FN_CD1] => 11
    [P_FN_CD2] => 
    [P_FN_NM] => NH농협은행
    [P_AMT] => 3000
    [P_UNAME] => 김영
    [P_RMESG1] => P_VACCT_NO=79003186969407|P_EXP_DT=20250601
    [P_RMESG2] => 
    [P_NOTI] => 
    [P_AUTH_NO] => 
)

 Array
(
    [PageCall time] => 11:33:05
    [P_TID] => INIMX_VBNKCAEcatca0720250522113031934196
    [P_MID] => CAEcatca07
    [P_AUTH_DT] => 20250522113305
    [P_STATUS] => 02
    [P_TYPE] => VBANK
    [P_OID] => 250522-008
    [P_FN_CD1] => 88
    [P_FN_CD2] => 
    [P_FN_NM] => 신한은행
    [P_AMT] => 3000
    [P_UNAME] => 한연호
    [P_RMESG1] => P_VACCT_NO=56211121126260|P_EXP_DT=20250601
    [P_RMESG2] => 
    [P_NOTI] => 
    [P_AUTH_NO] => 
)

 Array
(
    [PageCall time] => 12:00:50
    [P_TID] => INIMX_VBNKCAEcatca0720250522115921954183
    [P_MID] => CAEcatca07
    [P_AUTH_DT] => 20250522120050
    [P_STATUS] => 02
    [P_TYPE] => VBANK
    [P_OID] => 250522-011
    [P_FN_CD1] => 04
    [P_FN_CD2] => 
    [P_FN_NM] => KB국민은행
    [P_AMT] => 3000
    [P_UNAME] => 윤주완
    [P_RMESG1] => P_VACCT_NO=88069011156810|P_EXP_DT=20250601
    [P_RMESG2] => 
    [P_NOTI] => 
    [P_AUTH_NO] => 
)

 Array
(
    [PageCall time] => 12:47:25
    [P_TID] => INIMX_VBNKCAEcatca0720250522124605664741
    [P_MID] => CAEcatca07
    [P_AUTH_DT] => 20250522124725
    [P_STATUS] => 02
    [P_TYPE] => VBANK
    [P_OID] => 250522-013
    [P_FN_CD1] => 11
    [P_FN_CD2] => 
    [P_FN_NM] => NH농협은행
    [P_AMT] => 3000
    [P_UNAME] => 전정화
    [P_RMESG1] => P_VACCT_NO=79003186984378|P_EXP_DT=20250601
    [P_RMESG2] => 
    [P_NOTI] => 
    [P_AUTH_NO] => 
)

 Array
(
    [PageCall time] => 12:50:15
    [P_TID] => INIMX_VBNKCAEcatca0720250522124950654988
    [P_MID] => CAEcatca07
    [P_AUTH_DT] => 20250522125015
    [P_STATUS] => 02
    [P_TYPE] => VBANK
    [P_OID] => 250522-006
    [P_FN_CD1] => 04
    [P_FN_CD2] => 
    [P_FN_NM] => KB국민은행
    [P_AMT] => 3000
    [P_UNAME] => 김하늘
    [P_RMESG1] => P_VACCT_NO=88069011166673|P_EXP_DT=20250601
    [P_RMESG2] => 
    [P_NOTI] => 
    [P_AUTH_NO] => 
)

 Array
(
    [PageCall time] => 13:06:32
    [P_TID] => INIMX_VBNKCAEcatca0720250522130313534671
    [P_MID] => CAEcatca07
    [P_AUTH_DT] => 20250522130632
    [P_STATUS] => 02
    [P_TYPE] => VBANK
    [P_OID] => 250522-014
    [P_FN_CD1] => 34
    [P_FN_CD2] => 
    [P_FN_NM] => 광주은행
    [P_AMT] => 3000
    [P_UNAME] => 유기희
    [P_RMESG1] => P_VACCT_NO=810865472772|P_EXP_DT=20250601
    [P_RMESG2] => 
    [P_NOTI] => 
    [P_AUTH_NO] => 
)

 Array
(
    [PageCall time] => 13:33:53
    [P_TID] => INIMX_VBNKCAEcatca0720250522133058694037
    [P_MID] => CAEcatca07
    [P_AUTH_DT] => 20250522133353
    [P_STATUS] => 02
    [P_TYPE] => VBANK
    [P_OID] => 250522-015
    [P_FN_CD1] => 88
    [P_FN_CD2] => 
    [P_FN_NM] => 신한은행
    [P_AMT] => 3000
    [P_UNAME] => 이상민
    [P_RMESG1] => P_VACCT_NO=56211121133233|P_EXP_DT=20250601
    [P_RMESG2] => 
    [P_NOTI] => 
    [P_AUTH_NO] => 
)

 Array
(
    [PageCall time] => 13:49:16
    [P_TID] => INIMX_VBNKCAEcatca0720250522134630784134
    [P_MID] => CAEcatca07
    [P_AUTH_DT] => 20250522134916
    [P_STATUS] => 02
    [P_TYPE] => VBANK
    [P_OID] => 250522-019
    [P_FN_CD1] => 20
    [P_FN_CD2] => 
    [P_FN_NM] => 우리은행
    [P_AMT] => 3000
    [P_UNAME] => 송정선
    [P_RMESG1] => P_VACCT_NO=61842701318873|P_EXP_DT=20250601
    [P_RMESG2] => 
    [P_NOTI] => 
    [P_AUTH_NO] => 
)

 Array
(
    [PageCall time] => 14:01:07
    [P_TID] => INIMX_VBNKCAEcatca0720250522135812234892
    [P_MID] => CAEcatca07
    [P_AUTH_DT] => 20250522140107
    [P_STATUS] => 02
    [P_TYPE] => VBANK
    [P_OID] => 250522-021
    [P_FN_CD1] => 88
    [P_FN_CD2] => 
    [P_FN_NM] => 신한은행
    [P_AMT] => 3000
    [P_UNAME] => 장명진
    [P_RMESG1] => P_VACCT_NO=56211121134772|P_EXP_DT=20250601
    [P_RMESG2] => 
    [P_NOTI] => 
    [P_AUTH_NO] => 
)

 Array
(
    [PageCall time] => 14:12:24
    [P_TID] => INIMX_VBNKCAEcatca0720250522141149524893
    [P_MID] => CAEcatca07
    [P_AUTH_DT] => 20250522141224
    [P_STATUS] => 02
    [P_TYPE] => VBANK
    [P_OID] => 250522-023
    [P_FN_CD1] => 04
    [P_FN_CD2] => 
    [P_FN_NM] => KB국민은행
    [P_AMT] => 3000
    [P_UNAME] => 우종대
    [P_RMESG1] => P_VACCT_NO=88069011206971|P_EXP_DT=20250601
    [P_RMESG2] => 
    [P_NOTI] => 
    [P_AUTH_NO] => 
)

 Array
(
    [PageCall time] => 14:41:31
    [P_TID] => INIMX_VBNKCAEcatca0720250522144048834098
    [P_MID] => CAEcatca07
    [P_AUTH_DT] => 20250522144131
    [P_STATUS] => 02
    [P_TYPE] => VBANK
    [P_OID] => 250522-024
    [P_FN_CD1] => 04
    [P_FN_CD2] => 
    [P_FN_NM] => KB국민은행
    [P_AMT] => 3000
    [P_UNAME] => 김선아
    [P_RMESG1] => P_VACCT_NO=88069011218080|P_EXP_DT=20250601
    [P_RMESG2] => 
    [P_NOTI] => 
    [P_AUTH_NO] => 
)

 Array
(
    [PageCall time] => 15:00:13
    [P_TID] => INIMX_VBNKCAEcatca0720250521110508655220
    [P_MID] => CAEcatca07
    [P_AUTH_DT] => 20250522150013
    [P_STATUS] => 02
    [P_TYPE] => VBANK
    [P_OID] => 250521-005
    [P_FN_CD1] => 88
    [P_FN_CD2] => 
    [P_FN_NM] => 신한은행
    [P_AMT] => 3000
    [P_UNAME] => 김지연
    [P_RMESG1] => P_VACCT_NO=56211106892690|P_EXP_DT=20250531
    [P_RMESG2] => 
    [P_NOTI] => 
    [P_AUTH_NO] => 
)

 Array
(
    [PageCall time] => 15:23:42
    [P_TID] => INIMX_VBNKCAEcatca0720250522151746464734
    [P_MID] => CAEcatca07
    [P_AUTH_DT] => 20250522152342
    [P_STATUS] => 02
    [P_TYPE] => VBANK
    [P_OID] => 250522-027
    [P_FN_CD1] => 20
    [P_FN_CD2] => 
    [P_FN_NM] => 우리은행
    [P_AMT] => 3000
    [P_UNAME] => 이원옥
    [P_RMESG1] => P_VACCT_NO=61842727518984|P_EXP_DT=20250601
    [P_RMESG2] => 
    [P_NOTI] => 
    [P_AUTH_NO] => 
)

 Array
(
    [PageCall time] => 16:39:41
    [P_TID] => INIMX_VBNKCAEcatca0720250522163713744333
    [P_MID] => CAEcatca07
    [P_AUTH_DT] => 20250522163941
    [P_STATUS] => 02
    [P_TYPE] => VBANK
    [P_OID] => 250522-028
    [P_FN_CD1] => 88
    [P_FN_CD2] => 
    [P_FN_NM] => 신한은행
    [P_AMT] => 3000
    [P_UNAME] => 강지훈
    [P_RMESG1] => P_VACCT_NO=56211121148425|P_EXP_DT=20250601
    [P_RMESG2] => 
    [P_NOTI] => 
    [P_AUTH_NO] => 
)

 Array
(
    [PageCall time] => 16:47:25
    [P_TID] => INIMX_VBNKCAEcatca0720250522164318314109
    [P_MID] => CAEcatca07
    [P_AUTH_DT] => 20250522164725
    [P_STATUS] => 02
    [P_TYPE] => VBANK
    [P_OID] => 250522-030
    [P_FN_CD1] => 03
    [P_FN_CD2] => 
    [P_FN_NM] => 기업은행
    [P_AMT] => 3000
    [P_UNAME] => 서병태
    [P_RMESG1] => P_VACCT_NO=07503400797446|P_EXP_DT=20250601
    [P_RMESG2] => 
    [P_NOTI] => 
    [P_AUTH_NO] => 
)

 Array
(
    [PageCall time] => 17:03:51
    [P_TID] => INIMX_VBNKCAEcatca0720250522170054794361
    [P_MID] => CAEcatca07
    [P_AUTH_DT] => 20250522170351
    [P_STATUS] => 02
    [P_TYPE] => VBANK
    [P_OID] => 250522-031
    [P_FN_CD1] => 03
    [P_FN_CD2] => 
    [P_FN_NM] => 기업은행
    [P_AMT] => 3000
    [P_UNAME] => 손동훈
    [P_RMESG1] => P_VACCT_NO=07503401197778|P_EXP_DT=20250601
    [P_RMESG2] => 
    [P_NOTI] => 
    [P_AUTH_NO] => 
)

 Array
(
    [PageCall time] => 17:19:50
    [P_TID] => INIMX_VBNKCAEcatca0720250522171653615573
    [P_MID] => CAEcatca07
    [P_AUTH_DT] => 20250522171950
    [P_STATUS] => 02
    [P_TYPE] => VBANK
    [P_OID] => 250522-032
    [P_FN_CD1] => 03
    [P_FN_CD2] => 
    [P_FN_NM] => 기업은행
    [P_AMT] => 3000
    [P_UNAME] => 이창원
    [P_RMESG1] => P_VACCT_NO=07502384697801|P_EXP_DT=20250601
    [P_RMESG2] => 
    [P_NOTI] => 
    [P_AUTH_NO] => 
)

 Array
(
    [PageCall time] => 17:50:45
    [P_TID] => INIMX_VBNKCAEcatca0720250522174814715293
    [P_MID] => CAEcatca07
    [P_AUTH_DT] => 20250522175045
    [P_STATUS] => 02
    [P_TYPE] => VBANK
    [P_OID] => 250522-033
    [P_FN_CD1] => 81
    [P_FN_CD2] => 
    [P_FN_NM] => 하나은행
    [P_AMT] => 3000
    [P_UNAME] => 김보희
    [P_RMESG1] => P_VACCT_NO=20893987715537|P_EXP_DT=20250601
    [P_RMESG2] => 
    [P_NOTI] => 
    [P_AUTH_NO] => 
)

 Array
(
    [PageCall time] => 17:54:18
    [P_TID] => INIMX_VBNKCAEcatca0720250522175345835183
    [P_MID] => CAEcatca07
    [P_AUTH_DT] => 20250522175418
    [P_STATUS] => 02
    [P_TYPE] => VBANK
    [P_OID] => 250522-034
    [P_FN_CD1] => 04
    [P_FN_CD2] => 
    [P_FN_NM] => KB국민은행
    [P_AMT] => 3000
    [P_UNAME] => 김재창
    [P_RMESG1] => P_VACCT_NO=26159078439784|P_EXP_DT=20250601
    [P_RMESG2] => 
    [P_NOTI] => 
    [P_AUTH_NO] => 
)

 Array
(
    [PageCall time] => 20:15:07
    [P_TID] => INIMX_VBNKCAEcatca0720250522201347475884
    [P_MID] => CAEcatca07
    [P_AUTH_DT] => 20250522201507
    [P_STATUS] => 02
    [P_TYPE] => VBANK
    [P_OID] => 250522-035
    [P_FN_CD1] => 11
    [P_FN_CD2] => 
    [P_FN_NM] => NH농협은행
    [P_AMT] => 3000
    [P_UNAME] => 오수미
    [P_RMESG1] => P_VACCT_NO=01444364411224|P_EXP_DT=20250601
    [P_RMESG2] => 
    [P_NOTI] => 
    [P_AUTH_NO] => 
)

 Array
(
    [PageCall time] => 21:43:49
    [P_TID] => INIMX_VBNKCAEcatca0720250522214218275121
    [P_MID] => CAEcatca07
    [P_AUTH_DT] => 20250522214349
    [P_STATUS] => 02
    [P_TYPE] => VBANK
    [P_OID] => 250522-036
    [P_FN_CD1] => 04
    [P_FN_CD2] => 
    [P_FN_NM] => KB국민은행
    [P_AMT] => 3000
    [P_UNAME] => 이충로
    [P_RMESG1] => P_VACCT_NO=26159078550124|P_EXP_DT=20250601
    [P_RMESG2] => 
    [P_NOTI] => 
    [P_AUTH_NO] => 
)

 Array
(
    [PageCall time] => 22:17:31
    [P_TID] => INIMX_VBNKCAEcatca0720250522134019094060
    [P_MID] => CAEcatca07
    [P_AUTH_DT] => 20250522221731
    [P_STATUS] => 02
    [P_TYPE] => VBANK
    [P_OID] => 250522-017
    [P_FN_CD1] => 20
    [P_FN_CD2] => 
    [P_FN_NM] => 우리은행
    [P_AMT] => 3000
    [P_UNAME] => 화이트짐영천점
    [P_RMESG1] => P_VACCT_NO=61842700518220|P_EXP_DT=20250601
    [P_RMESG2] => 
    [P_NOTI] => 
    [P_AUTH_NO] => 
)

