 Array
(
    [PageCall time] => 08:21:29
    [P_TID] => INIMX_VBNKCAEcatca0720251222233927164259
    [P_MID] => CAEcatca07
    [P_AUTH_DT] => 20251223082128
    [P_STATUS] => 02
    [P_TYPE] => VBANK
    [P_OID] => 251222-048
    [P_FN_CD1] => 88
    [P_FN_CD2] => 
    [P_FN_NM] => 신한은행
    [P_AMT] => 3000
    [P_UNAME] => 손정민
    [P_RMESG1] => P_VACCT_NO=56211123497454|P_EXP_DT=20260101
    [P_RMESG2] => 
    [P_NOTI] => 
    [P_AUTH_NO] => 
)

 Array
(
    [PageCall time] => 09:43:21
    [P_TID] => INIMX_VBNKCAEcatca0720251223094114724707
    [P_MID] => CAEcatca07
    [P_AUTH_DT] => 20251223094321
    [P_STATUS] => 02
    [P_TYPE] => VBANK
    [P_OID] => 251223-003
    [P_FN_CD1] => 11
    [P_FN_CD2] => 
    [P_FN_NM] => NH농협은행
    [P_AMT] => 3000
    [P_UNAME] => 신정란
    [P_RMESG1] => P_VACCT_NO=79006422734898|P_EXP_DT=20260102
    [P_RMESG2] => 
    [P_NOTI] => 
    [P_AUTH_NO] => 
)

 Array
(
    [PageCall time] => 10:15:01
    [P_TID] => INIMX_VBNKCAEcatca0720251223101227654301
    [P_MID] => CAEcatca07
    [P_AUTH_DT] => 20251223101501
    [P_STATUS] => 02
    [P_TYPE] => VBANK
    [P_OID] => 251223-004
    [P_FN_CD1] => 04
    [P_FN_CD2] => 
    [P_FN_NM] => KB국민은행
    [P_AMT] => 3000
    [P_UNAME] => 황지온
    [P_RMESG1] => P_VACCT_NO=99289014757476|P_EXP_DT=20260102
    [P_RMESG2] => 
    [P_NOTI] => 
    [P_AUTH_NO] => 
)

 Array
(
    [PageCall time] => 11:08:02
    [P_TID] => INIMX_VBNKCAEcatca0720251223110444664792
    [P_MID] => CAEcatca07
    [P_AUTH_DT] => 20251223110802
    [P_STATUS] => 02
    [P_TYPE] => VBANK
    [P_OID] => 251223-009
    [P_FN_CD1] => 20
    [P_FN_CD2] => 
    [P_FN_NM] => 우리은행
    [P_AMT] => 3000
    [P_UNAME] => 조연희
    [P_RMESG1] => P_VACCT_NO=27204492618122|P_EXP_DT=20260102
    [P_RMESG2] => 
    [P_NOTI] => 
    [P_AUTH_NO] => 
)

 Array
(
    [PageCall time] => 12:00:57
    [P_TID] => INIMX_VBNKCAEcatca0720251223104438434826
    [P_MID] => CAEcatca07
    [P_AUTH_DT] => 20251223120057
    [P_STATUS] => 02
    [P_TYPE] => VBANK
    [P_OID] => 251223-005
    [P_FN_CD1] => 32
    [P_FN_CD2] => 
    [P_FN_NM] => 부산은행
    [P_AMT] => 3000
    [P_UNAME] => 빛나라피부과
    [P_RMESG1] => P_VACCT_NO=109921106470|P_EXP_DT=20260102
    [P_RMESG2] => 
    [P_NOTI] => 
    [P_AUTH_NO] => 
)

 Array
(
    [PageCall time] => 13:27:01
    [P_TID] => INIMX_VBNKCAEcatca0720251223132416744889
    [P_MID] => CAEcatca07
    [P_AUTH_DT] => 20251223132701
    [P_STATUS] => 02
    [P_TYPE] => VBANK
    [P_OID] => 251223-012
    [P_FN_CD1] => 88
    [P_FN_CD2] => 
    [P_FN_NM] => 신한은행
    [P_AMT] => 3000
    [P_UNAME] => 옥봉경
    [P_RMESG1] => P_VACCT_NO=56211123512042|P_EXP_DT=20260102
    [P_RMESG2] => 
    [P_NOTI] => 
    [P_AUTH_NO] => 
)

 Array
(
    [PageCall time] => 13:46:08
    [P_TID] => INIMX_VBNKCAEcatca0720251223134327824118
    [P_MID] => CAEcatca07
    [P_AUTH_DT] => 20251223134608
    [P_STATUS] => 02
    [P_TYPE] => VBANK
    [P_OID] => 251223-014
    [P_FN_CD1] => 20
    [P_FN_CD2] => 
    [P_FN_NM] => 우리은행
    [P_AMT] => 3000
    [P_UNAME] => 백은주
    [P_RMESG1] => P_VACCT_NO=27204500218444|P_EXP_DT=20260102
    [P_RMESG2] => 
    [P_NOTI] => 
    [P_AUTH_NO] => 
)

 Array
(
    [PageCall time] => 15:04:38
    [P_TID] => INIMX_VBNKCAEcatca0720251223150214785691
    [P_MID] => CAEcatca07
    [P_AUTH_DT] => 20251223150438
    [P_STATUS] => 02
    [P_TYPE] => VBANK
    [P_OID] => 251223-018
    [P_FN_CD1] => 81
    [P_FN_CD2] => 
    [P_FN_NM] => 하나은행
    [P_AMT] => 3000
    [P_UNAME] => 지정환
    [P_RMESG1] => P_VACCT_NO=20893795764137|P_EXP_DT=20260102
    [P_RMESG2] => 
    [P_NOTI] => 
    [P_AUTH_NO] => 
)

 Array
(
    [PageCall time] => 15:29:13
    [P_TID] => INIMX_VBNKCAEcatca0720251223152640385799
    [P_MID] => CAEcatca07
    [P_AUTH_DT] => 20251223152912
    [P_STATUS] => 02
    [P_TYPE] => VBANK
    [P_OID] => 251223-019
    [P_FN_CD1] => 03
    [P_FN_CD2] => 
    [P_FN_NM] => 기업은행
    [P_AMT] => 3000
    [P_UNAME] => 최현이
    [P_RMESG1] => P_VACCT_NO=07503233397521|P_EXP_DT=20260102
    [P_RMESG2] => 
    [P_NOTI] => 
    [P_AUTH_NO] => 
)

 Array
(
    [PageCall time] => 15:35:41
    [P_TID] => INIMX_VBNKCAEcatca0720251223153101704674
    [P_MID] => CAEcatca07
    [P_AUTH_DT] => 20251223153541
    [P_STATUS] => 02
    [P_TYPE] => VBANK
    [P_OID] => 251223-021
    [P_FN_CD1] => 04
    [P_FN_CD2] => 
    [P_FN_NM] => KB국민은행
    [P_AMT] => 3000
    [P_UNAME] => 안귀옥
    [P_RMESG1] => P_VACCT_NO=99289014783873|P_EXP_DT=20260102
    [P_RMESG2] => 
    [P_NOTI] => 
    [P_AUTH_NO] => 
)

 Array
(
    [PageCall time] => 15:45:19
    [P_TID] => INIMX_VBNKCAEcatca0720251223154207615008
    [P_MID] => CAEcatca07
    [P_AUTH_DT] => 20251223154519
    [P_STATUS] => 02
    [P_TYPE] => VBANK
    [P_OID] => 251223-022
    [P_FN_CD1] => 20
    [P_FN_CD2] => 
    [P_FN_NM] => 우리은행
    [P_AMT] => 3000
    [P_UNAME] => 최현식
    [P_RMESG1] => P_VACCT_NO=27389479118841|P_EXP_DT=20260102
    [P_RMESG2] => 
    [P_NOTI] => 
    [P_AUTH_NO] => 
)

 Array
(
    [PageCall time] => 16:01:30
    [P_TID] => INIMX_VBNKCAEcatca0720251223155843745005
    [P_MID] => CAEcatca07
    [P_AUTH_DT] => 20251223160130
    [P_STATUS] => 02
    [P_TYPE] => VBANK
    [P_OID] => 251222-047
    [P_FN_CD1] => 03
    [P_FN_CD2] => 
    [P_FN_NM] => 기업은행
    [P_AMT] => 3000
    [P_UNAME] => 전민희
    [P_RMESG1] => P_VACCT_NO=07503233697497|P_EXP_DT=20260102
    [P_RMESG2] => 
    [P_NOTI] => 
    [P_AUTH_NO] => 
)

 Array
(
    [PageCall time] => 16:45:21
    [P_TID] => INIMX_VBNKCAEcatca0720251223164135425743
    [P_MID] => CAEcatca07
    [P_AUTH_DT] => 20251223164521
    [P_STATUS] => 02
    [P_TYPE] => VBANK
    [P_OID] => 251223-023
    [P_FN_CD1] => 04
    [P_FN_CD2] => 
    [P_FN_NM] => KB국민은행
    [P_AMT] => 3000
    [P_UNAME] => 신동준
    [P_RMESG1] => P_VACCT_NO=00289071059933|P_EXP_DT=20260102
    [P_RMESG2] => 
    [P_NOTI] => 
    [P_AUTH_NO] => 
)

 Array
(
    [PageCall time] => 17:12:08
    [P_TID] => INIMX_VBNKCAEcatca0720251223171124985272
    [P_MID] => CAEcatca07
    [P_AUTH_DT] => 20251223171208
    [P_STATUS] => 02
    [P_TYPE] => VBANK
    [P_OID] => 251223-027
    [P_FN_CD1] => 11
    [P_FN_CD2] => 
    [P_FN_NM] => NH농협은행
    [P_AMT] => 3000
    [P_UNAME] => 최경은
    [P_RMESG1] => P_VACCT_NO=79010582802111|P_EXP_DT=20260102
    [P_RMESG2] => 
    [P_NOTI] => 
    [P_AUTH_NO] => 
)

 Array
(
    [PageCall time] => 17:34:51
    [P_TID] => INIMX_VBNKCAEcatca0720251223164808415356
    [P_MID] => CAEcatca07
    [P_AUTH_DT] => 20251223173451
    [P_STATUS] => 02
    [P_TYPE] => VBANK
    [P_OID] => 251223-024
    [P_FN_CD1] => 88
    [P_FN_CD2] => 
    [P_FN_NM] => 신한은행
    [P_AMT] => 3000
    [P_UNAME] => 정이슬
    [P_RMESG1] => P_VACCT_NO=56211991384160|P_EXP_DT=20260102
    [P_RMESG2] => 
    [P_NOTI] => 
    [P_AUTH_NO] => 
)

 Array
(
    [PageCall time] => 17:40:01
    [P_TID] => INIMX_VBNKCAEcatca0720251223173532485525
    [P_MID] => CAEcatca07
    [P_AUTH_DT] => 20251223174001
    [P_STATUS] => 02
    [P_TYPE] => VBANK
    [P_OID] => 251223-028
    [P_FN_CD1] => 88
    [P_FN_CD2] => 
    [P_FN_NM] => 신한은행
    [P_AMT] => 3000
    [P_UNAME] => 조명숙
    [P_RMESG1] => P_VACCT_NO=56211991388832|P_EXP_DT=20260102
    [P_RMESG2] => 
    [P_NOTI] => 
    [P_AUTH_NO] => 
)

 Array
(
    [PageCall time] => 18:44:26
    [P_TID] => INIMX_VBNKCAEcatca0720251223184326465774
    [P_MID] => CAEcatca07
    [P_AUTH_DT] => 20251223184426
    [P_STATUS] => 02
    [P_TYPE] => VBANK
    [P_OID] => 251223-031
    [P_FN_CD1] => 11
    [P_FN_CD2] => 
    [P_FN_NM] => NH농협은행
    [P_AMT] => 3000
    [P_UNAME] => 황동현
    [P_RMESG1] => P_VACCT_NO=79010583084701|P_EXP_DT=20260102
    [P_RMESG2] => 
    [P_NOTI] => 
    [P_AUTH_NO] => 
)

 Array
(
    [PageCall time] => 19:37:57
    [P_TID] => INIMX_VBNKCAEcatca0720251223193721645373
    [P_MID] => CAEcatca07
    [P_AUTH_DT] => 20251223193757
    [P_STATUS] => 02
    [P_TYPE] => VBANK
    [P_OID] => 251223-033
    [P_FN_CD1] => 11
    [P_FN_CD2] => 
    [P_FN_NM] => NH농협은행
    [P_AMT] => 3000
    [P_UNAME] => 이명환
    [P_RMESG1] => P_VACCT_NO=79010583122258|P_EXP_DT=20260102
    [P_RMESG2] => 
    [P_NOTI] => 
    [P_AUTH_NO] => 
)

 Array
(
    [PageCall time] => 20:20:29
    [P_TID] => INIMX_VBNKCAEcatca0720251223201738505253
    [P_MID] => CAEcatca07
    [P_AUTH_DT] => 20251223202029
    [P_STATUS] => 02
    [P_TYPE] => VBANK
    [P_OID] => 251223-034
    [P_FN_CD1] => 88
    [P_FN_CD2] => 
    [P_FN_NM] => 신한은행
    [P_AMT] => 3000
    [P_UNAME] => 정윤경
    [P_RMESG1] => P_VACCT_NO=56211991401105|P_EXP_DT=20260102
    [P_RMESG2] => 
    [P_NOTI] => 
    [P_AUTH_NO] => 
)

 Array
(
    [PageCall time] => 20:38:48
    [P_TID] => INIMX_VBNKCAEcatca0720251223200259165568
    [P_MID] => CAEcatca07
    [P_AUTH_DT] => 20251223203848
    [P_STATUS] => 02
    [P_TYPE] => VBANK
    [P_OID] => 251222-026
    [P_FN_CD1] => 23
    [P_FN_CD2] => 
    [P_FN_NM] => SC은행
    [P_AMT] => 3000
    [P_UNAME] => 양연수(더마트스크린골프)
    [P_RMESG1] => P_VACCT_NO=46416004117940|P_EXP_DT=20260102
    [P_RMESG2] => 
    [P_NOTI] => 
    [P_AUTH_NO] => 
)

