 Array
(
    [PageCall time] => 04:05:36
    [P_TID] => INIMX_VBNKCAEcatca0720260110040504845887
    [P_MID] => CAEcatca07
    [P_AUTH_DT] => 20260110040536
    [P_STATUS] => 02
    [P_TYPE] => VBANK
    [P_OID] => 260110-001
    [P_FN_CD1] => 11
    [P_FN_CD2] => 
    [P_FN_NM] => NH농협은행
    [P_AMT] => 3500
    [P_UNAME] => 박혜성
    [P_RMESG1] => P_VACCT_NO=79010590486450|P_EXP_DT=20260120
    [P_RMESG2] => 
    [P_NOTI] => 
    [P_AUTH_NO] => 
)

 Array
(
    [PageCall time] => 07:45:56
    [P_TID] => INIMX_VBNKCAEcatca0720260110074527375544
    [P_MID] => CAEcatca07
    [P_AUTH_DT] => 20260110074556
    [P_STATUS] => 02
    [P_TYPE] => VBANK
    [P_OID] => 260110-002
    [P_FN_CD1] => 11
    [P_FN_CD2] => 
    [P_FN_NM] => NH농협은행
    [P_AMT] => 3500
    [P_UNAME] => 김정하
    [P_RMESG1] => P_VACCT_NO=79010590497411|P_EXP_DT=20260120
    [P_RMESG2] => 
    [P_NOTI] => 
    [P_AUTH_NO] => 
)

 Array
(
    [PageCall time] => 12:02:43
    [P_TID] => INIMX_VBNKCAEcatca0720260110115532875009
    [P_MID] => CAEcatca07
    [P_AUTH_DT] => 20260110120243
    [P_STATUS] => 02
    [P_TYPE] => VBANK
    [P_OID] => 260109-008
    [P_FN_CD1] => 89
    [P_FN_CD2] => 
    [P_FN_NM] => 케이뱅크
    [P_AMT] => 3500
    [P_UNAME] => 서석수
    [P_RMESG1] => P_VACCT_NO=70112003276026|P_EXP_DT=20260120
    [P_RMESG2] => 
    [P_NOTI] => 
    [P_AUTH_NO] => 
)

 Array
(
    [PageCall time] => 12:35:44
    [P_TID] => INIMX_VBNKCAEcatca0720260110123248785279
    [P_MID] => CAEcatca07
    [P_AUTH_DT] => 20260110123544
    [P_STATUS] => 02
    [P_TYPE] => VBANK
    [P_OID] => 260110-004
    [P_FN_CD1] => 04
    [P_FN_CD2] => 
    [P_FN_NM] => KB국민은행
    [P_AMT] => 3500
    [P_UNAME] => 송영우
    [P_RMESG1] => P_VACCT_NO=00289071118751|P_EXP_DT=20260120
    [P_RMESG2] => 
    [P_NOTI] => 
    [P_AUTH_NO] => 
)

 Array
(
    [PageCall time] => 12:54:33
    [P_TID] => INIMX_VBNKCAEcatca0720260110125113285186
    [P_MID] => CAEcatca07
    [P_AUTH_DT] => 20260110125433
    [P_STATUS] => 02
    [P_TYPE] => VBANK
    [P_OID] => 260103-002
    [P_FN_CD1] => 89
    [P_FN_CD2] => 
    [P_FN_NM] => 케이뱅크
    [P_AMT] => 3500
    [P_UNAME] => 전은미
    [P_RMESG1] => P_VACCT_NO=70112003276142|P_EXP_DT=20260120
    [P_RMESG2] => 
    [P_NOTI] => 
    [P_AUTH_NO] => 
)

 Array
(
    [PageCall time] => 13:47:56
    [P_TID] => INIMX_VBNKCAEcatca0720260110134656475382
    [P_MID] => CAEcatca07
    [P_AUTH_DT] => 20260110134756
    [P_STATUS] => 02
    [P_TYPE] => VBANK
    [P_OID] => 260110-005
    [P_FN_CD1] => 11
    [P_FN_CD2] => 
    [P_FN_NM] => NH농협은행
    [P_AMT] => 3500
    [P_UNAME] => 조성희
    [P_RMESG1] => P_VACCT_NO=79010590583259|P_EXP_DT=20260120
    [P_RMESG2] => 
    [P_NOTI] => 
    [P_AUTH_NO] => 
)

 Array
(
    [PageCall time] => 16:12:39
    [P_TID] => INIMX_VBNKCAEcatca0720260110160501095834
    [P_MID] => CAEcatca07
    [P_AUTH_DT] => 20260110161239
    [P_STATUS] => 02
    [P_TYPE] => VBANK
    [P_OID] => 260110-006
    [P_FN_CD1] => 11
    [P_FN_CD2] => 
    [P_FN_NM] => NH농협은행
    [P_AMT] => 3500
    [P_UNAME] => 조경희
    [P_RMESG1] => P_VACCT_NO=79010590602308|P_EXP_DT=20260120
    [P_RMESG2] => 
    [P_NOTI] => 
    [P_AUTH_NO] => 
)

 Array
(
    [PageCall time] => 18:14:39
    [P_TID] => INIMX_VBNKCAEcatca0720260110181120135624
    [P_MID] => CAEcatca07
    [P_AUTH_DT] => 20260110181439
    [P_STATUS] => 02
    [P_TYPE] => VBANK
    [P_OID] => 260110-007
    [P_FN_CD1] => 20
    [P_FN_CD2] => 
    [P_FN_NM] => 우리은행
    [P_AMT] => 3500
    [P_UNAME] => 박상현
    [P_RMESG1] => P_VACCT_NO=27489270218839|P_EXP_DT=20260120
    [P_RMESG2] => 
    [P_NOTI] => 
    [P_AUTH_NO] => 
)

