 Array
(
    [PageCall time] => 10:44:56
    [P_TID] => INIMX_VBNKCAEcatca0720260412103953315832
    [P_MID] => CAEcatca07
    [P_AUTH_DT] => 20260412104456
    [P_STATUS] => 02
    [P_TYPE] => VBANK
    [P_OID] => 260412-001
    [P_FN_CD1] => 11
    [P_FN_CD2] => 
    [P_FN_NM] => NH농협은행
    [P_AMT] => 3500
    [P_UNAME] => 전태영
    [P_RMESG1] => P_VACCT_NO=79014506317632|P_EXP_DT=20260422
    [P_RMESG2] => 
    [P_NOTI] => 
    [P_AUTH_NO] => 
)

 Array
(
    [PageCall time] => 12:44:34
    [P_TID] => INIMX_VBNKCAEcatca0720260412124158915180
    [P_MID] => CAEcatca07
    [P_AUTH_DT] => 20260412124434
    [P_STATUS] => 02
    [P_TYPE] => VBANK
    [P_OID] => 260412-002
    [P_FN_CD1] => 88
    [P_FN_CD2] => 
    [P_FN_NM] => 신한은행
    [P_AMT] => 3500
    [P_UNAME] => 강민서
    [P_RMESG1] => P_VACCT_NO=56211990536888|P_EXP_DT=20260422
    [P_RMESG2] => 
    [P_NOTI] => 
    [P_AUTH_NO] => 
)

 Array
(
    [PageCall time] => 13:31:44
    [P_TID] => INIMX_VBNKCAEcatca0720260412132929235796
    [P_MID] => CAEcatca07
    [P_AUTH_DT] => 20260412133143
    [P_STATUS] => 02
    [P_TYPE] => VBANK
    [P_OID] => 260412-003
    [P_FN_CD1] => 11
    [P_FN_CD2] => 
    [P_FN_NM] => NH농협은행
    [P_AMT] => 3500
    [P_UNAME] => 강선녀
    [P_RMESG1] => P_VACCT_NO=79014506325082|P_EXP_DT=20260422
    [P_RMESG2] => 
    [P_NOTI] => 
    [P_AUTH_NO] => 
)

 Array
(
    [PageCall time] => 14:47:08
    [P_TID] => INIMX_VBNKCAEcatca0720260412144435845048
    [P_MID] => CAEcatca07
    [P_AUTH_DT] => 20260412144708
    [P_STATUS] => 02
    [P_TYPE] => VBANK
    [P_OID] => 260412-005
    [P_FN_CD1] => 04
    [P_FN_CD2] => 
    [P_FN_NM] => KB국민은행
    [P_AMT] => 3500
    [P_UNAME] => 김효원
    [P_RMESG1] => P_VACCT_NO=58129079261855|P_EXP_DT=20260422
    [P_RMESG2] => 
    [P_NOTI] => 
    [P_AUTH_NO] => 
)

 Array
(
    [PageCall time] => 15:31:29
    [P_TID] => INIMX_VBNKCAEcatca0720260412152805225967
    [P_MID] => CAEcatca07
    [P_AUTH_DT] => 20260412153129
    [P_STATUS] => 02
    [P_TYPE] => VBANK
    [P_OID] => 260412-006
    [P_FN_CD1] => 04
    [P_FN_CD2] => 
    [P_FN_NM] => KB국민은행
    [P_AMT] => 3500
    [P_UNAME] => 장미영
    [P_RMESG1] => P_VACCT_NO=00289071103188|P_EXP_DT=20260422
    [P_RMESG2] => 
    [P_NOTI] => 
    [P_AUTH_NO] => 
)

 Array
(
    [PageCall time] => 16:25:05
    [P_TID] => INIMX_VBNKCAEcatca0720260412162201015970
    [P_MID] => CAEcatca07
    [P_AUTH_DT] => 20260412162505
    [P_STATUS] => 02
    [P_TYPE] => VBANK
    [P_OID] => 260412-004
    [P_FN_CD1] => 20
    [P_FN_CD2] => 
    [P_FN_NM] => 우리은행
    [P_AMT] => 3500
    [P_UNAME] => 안태희
    [P_RMESG1] => P_VACCT_NO=27204857018925|P_EXP_DT=20260422
    [P_RMESG2] => 
    [P_NOTI] => 
    [P_AUTH_NO] => 
)

 Array
(
    [PageCall time] => 17:22:02
    [P_TID] => INIMX_VBNKCAEcatca0720260412172044545052
    [P_MID] => CAEcatca07
    [P_AUTH_DT] => 20260412172202
    [P_STATUS] => 02
    [P_TYPE] => VBANK
    [P_OID] => 260412-008
    [P_FN_CD1] => 11
    [P_FN_CD2] => 
    [P_FN_NM] => NH농협은행
    [P_AMT] => 3500
    [P_UNAME] => 임유정
    [P_RMESG1] => P_VACCT_NO=79014506335014|P_EXP_DT=20260422
    [P_RMESG2] => 
    [P_NOTI] => 
    [P_AUTH_NO] => 
)

 Array
(
    [PageCall time] => 17:51:58
    [P_TID] => INIMX_VBNKCAEcatca0720260412175110535441
    [P_MID] => CAEcatca07
    [P_AUTH_DT] => 20260412175158
    [P_STATUS] => 02
    [P_TYPE] => VBANK
    [P_OID] => 260412-009
    [P_FN_CD1] => 11
    [P_FN_CD2] => 
    [P_FN_NM] => NH농협은행
    [P_AMT] => 3500
    [P_UNAME] => 권태완
    [P_RMESG1] => P_VACCT_NO=79014506336808|P_EXP_DT=20260422
    [P_RMESG2] => 
    [P_NOTI] => 
    [P_AUTH_NO] => 
)

 Array
(
    [PageCall time] => 18:44:44
    [P_TID] => INIMX_VBNKCAEcatca0720260412184211655157
    [P_MID] => CAEcatca07
    [P_AUTH_DT] => 20260412184444
    [P_STATUS] => 02
    [P_TYPE] => VBANK
    [P_OID] => 260412-011
    [P_FN_CD1] => 89
    [P_FN_CD2] => 
    [P_FN_NM] => 케이뱅크
    [P_AMT] => 3500
    [P_UNAME] => 이재훈
    [P_RMESG1] => P_VACCT_NO=70112003985402|P_EXP_DT=20260422
    [P_RMESG2] => 
    [P_NOTI] => 
    [P_AUTH_NO] => 
)

 Array
(
    [PageCall time] => 19:02:50
    [P_TID] => INIMX_VBNKCAEcatca0720260412185931125510
    [P_MID] => CAEcatca07
    [P_AUTH_DT] => 20260412190250
    [P_STATUS] => 02
    [P_TYPE] => VBANK
    [P_OID] => 260412-010
    [P_FN_CD1] => 11
    [P_FN_CD2] => 
    [P_FN_NM] => NH농협은행
    [P_AMT] => 3500
    [P_UNAME] => 주영일
    [P_RMESG1] => P_VACCT_NO=79014506340060|P_EXP_DT=20260422
    [P_RMESG2] => 
    [P_NOTI] => 
    [P_AUTH_NO] => 
)

 Array
(
    [PageCall time] => 21:06:01
    [P_TID] => INIMX_VBNKCAEcatca0720260412210325815659
    [P_MID] => CAEcatca07
    [P_AUTH_DT] => 20260412210601
    [P_STATUS] => 02
    [P_TYPE] => VBANK
    [P_OID] => 260412-007
    [P_FN_CD1] => 04
    [P_FN_CD2] => 
    [P_FN_NM] => KB국민은행
    [P_AMT] => 3500
    [P_UNAME] => 강다영
    [P_RMESG1] => P_VACCT_NO=96569078429654|P_EXP_DT=20260422
    [P_RMESG2] => 
    [P_NOTI] => 
    [P_AUTH_NO] => 
)

 Array
(
    [PageCall time] => 21:11:05
    [P_TID] => INIMX_VBNKCAEcatca0720260412210840215106
    [P_MID] => CAEcatca07
    [P_AUTH_DT] => 20260412211105
    [P_STATUS] => 02
    [P_TYPE] => VBANK
    [P_OID] => 260412-013
    [P_FN_CD1] => 20
    [P_FN_CD2] => 
    [P_FN_NM] => 우리은행
    [P_AMT] => 3500
    [P_UNAME] => 류지애
    [P_RMESG1] => P_VACCT_NO=27204872318203|P_EXP_DT=20260422
    [P_RMESG2] => 
    [P_NOTI] => 
    [P_AUTH_NO] => 
)

 Array
(
    [PageCall time] => 21:22:08
    [P_TID] => INIMX_VBNKCAEcatca0720260412211833835725
    [P_MID] => CAEcatca07
    [P_AUTH_DT] => 20260412212208
    [P_STATUS] => 02
    [P_TYPE] => VBANK
    [P_OID] => 260412-014
    [P_FN_CD1] => 03
    [P_FN_CD2] => 
    [P_FN_NM] => 기업은행
    [P_AMT] => 3500
    [P_UNAME] => 김아림
    [P_RMESG1] => P_VACCT_NO=07502405797070|P_EXP_DT=20260422
    [P_RMESG2] => 
    [P_NOTI] => 
    [P_AUTH_NO] => 
)

 Array
(
    [PageCall time] => 22:42:14
    [P_TID] => INIMX_VBNKCAEcatca0720260412223939465134
    [P_MID] => CAEcatca07
    [P_AUTH_DT] => 20260412224214
    [P_STATUS] => 02
    [P_TYPE] => VBANK
    [P_OID] => 260412-015
    [P_FN_CD1] => 88
    [P_FN_CD2] => 
    [P_FN_NM] => 신한은행
    [P_AMT] => 3500
    [P_UNAME] => 윤주성
    [P_RMESG1] => P_VACCT_NO=56211990556944|P_EXP_DT=20260422
    [P_RMESG2] => 
    [P_NOTI] => 
    [P_AUTH_NO] => 
)

 Array
(
    [PageCall time] => 23:09:41
    [P_TID] => INIMX_VBNKCAEcatca0720260412230906645544
    [P_MID] => CAEcatca07
    [P_AUTH_DT] => 20260412230941
    [P_STATUS] => 02
    [P_TYPE] => VBANK
    [P_OID] => 260412-016
    [P_FN_CD1] => 11
    [P_FN_CD2] => 
    [P_FN_NM] => NH농협은행
    [P_AMT] => 3500
    [P_UNAME] => 김동욱
    [P_RMESG1] => P_VACCT_NO=79014506352784|P_EXP_DT=20260422
    [P_RMESG2] => 
    [P_NOTI] => 
    [P_AUTH_NO] => 
)

