 Array
(
    [PageCall time] => 06:16:56
    [P_TID] => INIMX_VBNKCAEcatca0720251103091057515058
    [P_MID] => CAEcatca07
    [P_AUTH_DT] => 20251105061656
    [P_STATUS] => 02
    [P_TYPE] => VBANK
    [P_OID] => 251103-006
    [P_FN_CD1] => 88
    [P_FN_CD2] => 
    [P_FN_NM] => 신한은행
    [P_AMT] => 3000
    [P_UNAME] => 홍지욱
    [P_RMESG1] => P_VACCT_NO=56211104818892|P_EXP_DT=20251113
    [P_RMESG2] => 
    [P_NOTI] => 
    [P_AUTH_NO] => 
)

 Array
(
    [PageCall time] => 08:37:25
    [P_TID] => INIMX_VBNKCAEcatca0720251105083302615285
    [P_MID] => CAEcatca07
    [P_AUTH_DT] => 20251105083724
    [P_STATUS] => 02
    [P_TYPE] => VBANK
    [P_OID] => 251104-007
    [P_FN_CD1] => 04
    [P_FN_CD2] => 
    [P_FN_NM] => KB국민은행
    [P_AMT] => 3000
    [P_UNAME] => 이종림
    [P_RMESG1] => P_VACCT_NO=26119078708727|P_EXP_DT=20251115
    [P_RMESG2] => 
    [P_NOTI] => 
    [P_AUTH_NO] => 
)

 Array
(
    [PageCall time] => 08:43:54
    [P_TID] => INIMX_VBNKCAEcatca0720251105084318415507
    [P_MID] => CAEcatca07
    [P_AUTH_DT] => 20251105084354
    [P_STATUS] => 02
    [P_TYPE] => VBANK
    [P_OID] => 251031-003
    [P_FN_CD1] => 11
    [P_FN_CD2] => 
    [P_FN_NM] => NH농협은행
    [P_AMT] => 3000
    [P_UNAME] => 최하나
    [P_RMESG1] => P_VACCT_NO=79015900863058|P_EXP_DT=20251115
    [P_RMESG2] => 
    [P_NOTI] => 
    [P_AUTH_NO] => 
)

 Array
(
    [PageCall time] => 10:23:00
    [P_TID] => INIMX_VBNKCAEcatca0720251105101936985515
    [P_MID] => CAEcatca07
    [P_AUTH_DT] => 20251105102300
    [P_STATUS] => 02
    [P_TYPE] => VBANK
    [P_OID] => 251105-005
    [P_FN_CD1] => 89
    [P_FN_CD2] => 
    [P_FN_NM] => 케이뱅크
    [P_AMT] => 3000
    [P_UNAME] => 김민철
    [P_RMESG1] => P_VACCT_NO=70112003768490|P_EXP_DT=20251115
    [P_RMESG2] => 
    [P_NOTI] => 
    [P_AUTH_NO] => 
)

 Array
(
    [PageCall time] => 11:28:27
    [P_TID] => INIMX_VBNKCAEcatca0720251105112538315120
    [P_MID] => CAEcatca07
    [P_AUTH_DT] => 20251105112827
    [P_STATUS] => 02
    [P_TYPE] => VBANK
    [P_OID] => 251105-010
    [P_FN_CD1] => 04
    [P_FN_CD2] => 
    [P_FN_NM] => KB국민은행
    [P_AMT] => 3000
    [P_UNAME] => 박한빈
    [P_RMESG1] => P_VACCT_NO=26029078984830|P_EXP_DT=20251115
    [P_RMESG2] => 
    [P_NOTI] => 
    [P_AUTH_NO] => 
)

 Array
(
    [PageCall time] => 11:45:46
    [P_TID] => INIMX_VBNKCAEcatca0720251105114213875323
    [P_MID] => CAEcatca07
    [P_AUTH_DT] => 20251105114546
    [P_STATUS] => 02
    [P_TYPE] => VBANK
    [P_OID] => 251104-044
    [P_FN_CD1] => 88
    [P_FN_CD2] => 
    [P_FN_NM] => 신한은행
    [P_AMT] => 3000
    [P_UNAME] => 유청
    [P_RMESG1] => P_VACCT_NO=56211105012268|P_EXP_DT=20251115
    [P_RMESG2] => 
    [P_NOTI] => 
    [P_AUTH_NO] => 
)

 Array
(
    [PageCall time] => 12:06:22
    [P_TID] => INIMX_VBNKCAEcatca0720251105120239585645
    [P_MID] => CAEcatca07
    [P_AUTH_DT] => 20251105120622
    [P_STATUS] => 02
    [P_TYPE] => VBANK
    [P_OID] => 251105-015
    [P_FN_CD1] => 11
    [P_FN_CD2] => 
    [P_FN_NM] => NH농협은행
    [P_AMT] => 3000
    [P_UNAME] => 김동금
    [P_RMESG1] => P_VACCT_NO=79015900890293|P_EXP_DT=20251115
    [P_RMESG2] => 
    [P_NOTI] => 
    [P_AUTH_NO] => 
)

 Array
(
    [PageCall time] => 12:30:37
    [P_TID] => INIMX_VBNKCAEcatca0720251105122757435430
    [P_MID] => CAEcatca07
    [P_AUTH_DT] => 20251105123037
    [P_STATUS] => 02
    [P_TYPE] => VBANK
    [P_OID] => 251105-011
    [P_FN_CD1] => 88
    [P_FN_CD2] => 
    [P_FN_NM] => 신한은행
    [P_AMT] => 3000
    [P_UNAME] => 최보람
    [P_RMESG1] => P_VACCT_NO=56211105016221|P_EXP_DT=20251115
    [P_RMESG2] => 
    [P_NOTI] => 
    [P_AUTH_NO] => 
)

 Array
(
    [PageCall time] => 14:36:38
    [P_TID] => INIMX_VBNKCAEcatca0720251105143251825296
    [P_MID] => CAEcatca07
    [P_AUTH_DT] => 20251105143638
    [P_STATUS] => 02
    [P_TYPE] => VBANK
    [P_OID] => 251105-020
    [P_FN_CD1] => 88
    [P_FN_CD2] => 
    [P_FN_NM] => 신한은행
    [P_AMT] => 3000
    [P_UNAME] => 이성구
    [P_RMESG1] => P_VACCT_NO=56211105041031|P_EXP_DT=20251115
    [P_RMESG2] => 
    [P_NOTI] => 
    [P_AUTH_NO] => 
)

 Array
(
    [PageCall time] => 14:55:28
    [P_TID] => INIMX_VBNKCAEcatca0720251105145203555057
    [P_MID] => CAEcatca07
    [P_AUTH_DT] => 20251105145528
    [P_STATUS] => 02
    [P_TYPE] => VBANK
    [P_OID] => 251105-023
    [P_FN_CD1] => 81
    [P_FN_CD2] => 
    [P_FN_NM] => 하나은행
    [P_AMT] => 3000
    [P_UNAME] => 김준호
    [P_RMESG1] => P_VACCT_NO=20893964669937|P_EXP_DT=20251115
    [P_RMESG2] => 
    [P_NOTI] => 
    [P_AUTH_NO] => 
)

 Array
(
    [PageCall time] => 15:12:48
    [P_TID] => INIMX_VBNKCAEcatca0720251105151107745068
    [P_MID] => CAEcatca07
    [P_AUTH_DT] => 20251105151248
    [P_STATUS] => 02
    [P_TYPE] => VBANK
    [P_OID] => 251105-026
    [P_FN_CD1] => 11
    [P_FN_CD2] => 
    [P_FN_NM] => NH농협은행
    [P_AMT] => 3000
    [P_UNAME] => 김나은
    [P_RMESG1] => P_VACCT_NO=79015900931192|P_EXP_DT=20251115
    [P_RMESG2] => 
    [P_NOTI] => 
    [P_AUTH_NO] => 
)

 Array
(
    [PageCall time] => 15:52:32
    [P_TID] => INIMX_VBNKCAEcatca0720251105154926205948
    [P_MID] => CAEcatca07
    [P_AUTH_DT] => 20251105155232
    [P_STATUS] => 02
    [P_TYPE] => VBANK
    [P_OID] => 251105-028
    [P_FN_CD1] => 04
    [P_FN_CD2] => 
    [P_FN_NM] => KB국민은행
    [P_AMT] => 3000
    [P_UNAME] => 정현진
    [P_RMESG1] => P_VACCT_NO=00159071155759|P_EXP_DT=20251115
    [P_RMESG2] => 
    [P_NOTI] => 
    [P_AUTH_NO] => 
)

 Array
(
    [PageCall time] => 16:40:05
    [P_TID] => INIMX_VBNKCAEcatca0720251105163635555601
    [P_MID] => CAEcatca07
    [P_AUTH_DT] => 20251105164005
    [P_STATUS] => 02
    [P_TYPE] => VBANK
    [P_OID] => 251105-034
    [P_FN_CD1] => 32
    [P_FN_CD2] => 
    [P_FN_NM] => 부산은행
    [P_AMT] => 3000
    [P_UNAME] => 홍승희
    [P_RMESG1] => P_VACCT_NO=109924222264|P_EXP_DT=20251115
    [P_RMESG2] => 
    [P_NOTI] => 
    [P_AUTH_NO] => 
)

 Array
(
    [PageCall time] => 16:49:10
    [P_TID] => INIMX_VBNKCAEcatca0720251105164638875174
    [P_MID] => CAEcatca07
    [P_AUTH_DT] => 20251105164910
    [P_STATUS] => 02
    [P_TYPE] => VBANK
    [P_OID] => 251104-006
    [P_FN_CD1] => 88
    [P_FN_CD2] => 
    [P_FN_NM] => 신한은행
    [P_AMT] => 3000
    [P_UNAME] => 오성사무기
    [P_RMESG1] => P_VACCT_NO=56211105056523|P_EXP_DT=20251115
    [P_RMESG2] => 
    [P_NOTI] => 
    [P_AUTH_NO] => 
)

 Array
(
    [PageCall time] => 16:50:48
    [P_TID] => INIMX_VBNKCAEcatca0720251105164751875351
    [P_MID] => CAEcatca07
    [P_AUTH_DT] => 20251105165048
    [P_STATUS] => 02
    [P_TYPE] => VBANK
    [P_OID] => 251105-035
    [P_FN_CD1] => 89
    [P_FN_CD2] => 
    [P_FN_NM] => 케이뱅크
    [P_AMT] => 3000
    [P_UNAME] => 홍지연
    [P_RMESG1] => P_VACCT_NO=70112003772961|P_EXP_DT=20251115
    [P_RMESG2] => 
    [P_NOTI] => 
    [P_AUTH_NO] => 
)

 Array
(
    [PageCall time] => 17:26:59
    [P_TID] => INIMX_VBNKCAEcatca0720251105172400525665
    [P_MID] => CAEcatca07
    [P_AUTH_DT] => 20251105172659
    [P_STATUS] => 02
    [P_TYPE] => VBANK
    [P_OID] => 251105-036
    [P_FN_CD1] => 32
    [P_FN_CD2] => 
    [P_FN_NM] => 부산은행
    [P_AMT] => 3000
    [P_UNAME] => 송준행
    [P_RMESG1] => P_VACCT_NO=109924222993|P_EXP_DT=20251115
    [P_RMESG2] => 
    [P_NOTI] => 
    [P_AUTH_NO] => 
)

 Array
(
    [PageCall time] => 17:52:03
    [P_TID] => INIMX_VBNKCAEcatca0720251105175117165854
    [P_MID] => CAEcatca07
    [P_AUTH_DT] => 20251105175203
    [P_STATUS] => 02
    [P_TYPE] => VBANK
    [P_OID] => 251105-038
    [P_FN_CD1] => 11
    [P_FN_CD2] => 
    [P_FN_NM] => NH농협은행
    [P_AMT] => 3000
    [P_UNAME] => 전미경
    [P_RMESG1] => P_VACCT_NO=79015900955720|P_EXP_DT=20251115
    [P_RMESG2] => 
    [P_NOTI] => 
    [P_AUTH_NO] => 
)

 Array
(
    [PageCall time] => 18:14:09
    [P_TID] => INIMX_VBNKCAEcatca0720251105181129605511
    [P_MID] => CAEcatca07
    [P_AUTH_DT] => 20251105181409
    [P_STATUS] => 02
    [P_TYPE] => VBANK
    [P_OID] => 251105-039
    [P_FN_CD1] => 07
    [P_FN_CD2] => 
    [P_FN_NM] => 수협은행
    [P_AMT] => 3000
    [P_UNAME] => 김소윤
    [P_RMESG1] => P_VACCT_NO=06640082583353|P_EXP_DT=20251115
    [P_RMESG2] => 
    [P_NOTI] => 
    [P_AUTH_NO] => 
)

 Array
(
    [PageCall time] => 18:41:21
    [P_TID] => INIMX_VBNKCAEcatca0720251105183850685863
    [P_MID] => CAEcatca07
    [P_AUTH_DT] => 20251105184121
    [P_STATUS] => 02
    [P_TYPE] => VBANK
    [P_OID] => 251104-046
    [P_FN_CD1] => 03
    [P_FN_CD2] => 
    [P_FN_NM] => 기업은행
    [P_AMT] => 3000
    [P_UNAME] => 정민재
    [P_RMESG1] => P_VACCT_NO=07503431597154|P_EXP_DT=20251115
    [P_RMESG2] => 
    [P_NOTI] => 
    [P_AUTH_NO] => 
)

 Array
(
    [PageCall time] => 18:45:38
    [P_TID] => INIMX_VBNKCAEcatca0720251105184236615642
    [P_MID] => CAEcatca07
    [P_AUTH_DT] => 20251105184538
    [P_STATUS] => 02
    [P_TYPE] => VBANK
    [P_OID] => 251105-040
    [P_FN_CD1] => 04
    [P_FN_CD2] => 
    [P_FN_NM] => KB국민은행
    [P_AMT] => 3000
    [P_UNAME] => 전의선
    [P_RMESG1] => P_VACCT_NO=00159071315346|P_EXP_DT=20251115
    [P_RMESG2] => 
    [P_NOTI] => 
    [P_AUTH_NO] => 
)

 Array
(
    [PageCall time] => 18:57:35
    [P_TID] => INIMX_VBNKCAEcatca0720251105184804425525
    [P_MID] => CAEcatca07
    [P_AUTH_DT] => 20251105185735
    [P_STATUS] => 02
    [P_TYPE] => VBANK
    [P_OID] => 251105-041
    [P_FN_CD1] => 32
    [P_FN_CD2] => 
    [P_FN_NM] => 부산은행
    [P_AMT] => 3000
    [P_UNAME] => 백송아
    [P_RMESG1] => P_VACCT_NO=109924223486|P_EXP_DT=20251115
    [P_RMESG2] => 
    [P_NOTI] => 
    [P_AUTH_NO] => 
)

 Array
(
    [PageCall time] => 19:11:58
    [P_TID] => INIMX_VBNKCAEcatca0720251105190924235624
    [P_MID] => CAEcatca07
    [P_AUTH_DT] => 20251105191158
    [P_STATUS] => 02
    [P_TYPE] => VBANK
    [P_OID] => 251105-042
    [P_FN_CD1] => 88
    [P_FN_CD2] => 
    [P_FN_NM] => 신한은행
    [P_AMT] => 3000
    [P_UNAME] => 김두완
    [P_RMESG1] => P_VACCT_NO=56211105068257|P_EXP_DT=20251115
    [P_RMESG2] => 
    [P_NOTI] => 
    [P_AUTH_NO] => 
)

 Array
(
    [PageCall time] => 19:36:01
    [P_TID] => INIMX_VBNKCAEcatca0720251105193332675118
    [P_MID] => CAEcatca07
    [P_AUTH_DT] => 20251105193601
    [P_STATUS] => 02
    [P_TYPE] => VBANK
    [P_OID] => 251103-012
    [P_FN_CD1] => 88
    [P_FN_CD2] => 
    [P_FN_NM] => 신한은행
    [P_AMT] => 3000
    [P_UNAME] => 김예주
    [P_RMESG1] => P_VACCT_NO=56211105069920|P_EXP_DT=20251115
    [P_RMESG2] => 
    [P_NOTI] => 
    [P_AUTH_NO] => 
)

 Array
(
    [PageCall time] => 20:04:29
    [P_TID] => INIMX_VBNKCAEcatca0720251105200121115631
    [P_MID] => CAEcatca07
    [P_AUTH_DT] => 20251105200429
    [P_STATUS] => 02
    [P_TYPE] => VBANK
    [P_OID] => 251105-044
    [P_FN_CD1] => 04
    [P_FN_CD2] => 
    [P_FN_NM] => KB국민은행
    [P_AMT] => 3000
    [P_UNAME] => 강영순
    [P_RMESG1] => P_VACCT_NO=00159071373650|P_EXP_DT=20251115
    [P_RMESG2] => 
    [P_NOTI] => 
    [P_AUTH_NO] => 
)

 Array
(
    [PageCall time] => 21:09:31
    [P_TID] => INIMX_VBNKCAEcatca0720251105210614315215
    [P_MID] => CAEcatca07
    [P_AUTH_DT] => 20251105210931
    [P_STATUS] => 02
    [P_TYPE] => VBANK
    [P_OID] => 251105-001
    [P_FN_CD1] => 04
    [P_FN_CD2] => 
    [P_FN_NM] => KB국민은행
    [P_AMT] => 3000
    [P_UNAME] => 정소연
    [P_RMESG1] => P_VACCT_NO=00159071447830|P_EXP_DT=20251115
    [P_RMESG2] => 
    [P_NOTI] => 
    [P_AUTH_NO] => 
)

 Array
(
    [PageCall time] => 23:52:52
    [P_TID] => INIMX_VBNKCAEcatca0720251105234944965135
    [P_MID] => CAEcatca07
    [P_AUTH_DT] => 20251105235252
    [P_STATUS] => 02
    [P_TYPE] => VBANK
    [P_OID] => 251105-045
    [P_FN_CD1] => 20
    [P_FN_CD2] => 
    [P_FN_NM] => 우리은행
    [P_AMT] => 3000
    [P_UNAME] => 이미정
    [P_RMESG1] => P_VACCT_NO=32823446918466|P_EXP_DT=20251115
    [P_RMESG2] => 
    [P_NOTI] => 
    [P_AUTH_NO] => 
)

