 Array
(
    [PageCall time] => 00:21:58
    [P_TID] => INIMX_VBNKCAEcatca0720250924001855315572
    [P_MID] => CAEcatca07
    [P_AUTH_DT] => 20250924002158
    [P_STATUS] => 02
    [P_TYPE] => VBANK
    [P_OID] => 250924-001
    [P_FN_CD1] => 04
    [P_FN_CD2] => 
    [P_FN_NM] => KB국민은행
    [P_AMT] => 3000
    [P_UNAME] => 조성수
    [P_RMESG1] => P_VACCT_NO=41989011601840|P_EXP_DT=20251004
    [P_RMESG2] => 
    [P_NOTI] => 
    [P_AUTH_NO] => 
)

 Array
(
    [PageCall time] => 01:52:03
    [P_TID] => INIMX_VBNKCAEcatca0720250924014929525437
    [P_MID] => CAEcatca07
    [P_AUTH_DT] => 20250924015203
    [P_STATUS] => 02
    [P_TYPE] => VBANK
    [P_OID] => 250924-002
    [P_FN_CD1] => 04
    [P_FN_CD2] => 
    [P_FN_NM] => KB국민은행
    [P_AMT] => 3000
    [P_UNAME] => 임채유
    [P_RMESG1] => P_VACCT_NO=41989011754845|P_EXP_DT=20251004
    [P_RMESG2] => 
    [P_NOTI] => 
    [P_AUTH_NO] => 
)

 Array
(
    [PageCall time] => 02:21:15
    [P_TID] => INIMX_VBNKCAEcatca0720250924022041435484
    [P_MID] => CAEcatca07
    [P_AUTH_DT] => 20250924022115
    [P_STATUS] => 02
    [P_TYPE] => VBANK
    [P_OID] => 250924-003
    [P_FN_CD1] => 11
    [P_FN_CD2] => 
    [P_FN_NM] => NH농협은행
    [P_AMT] => 3000
    [P_UNAME] => 김보란
    [P_RMESG1] => P_VACCT_NO=79014506734632|P_EXP_DT=20251004
    [P_RMESG2] => 
    [P_NOTI] => 
    [P_AUTH_NO] => 
)

 Array
(
    [PageCall time] => 08:24:50
    [P_TID] => INIMX_VBNKCAEcatca0720250924082204605543
    [P_MID] => CAEcatca07
    [P_AUTH_DT] => 20250924082450
    [P_STATUS] => 02
    [P_TYPE] => VBANK
    [P_OID] => 250923-028
    [P_FN_CD1] => 89
    [P_FN_CD2] => 
    [P_FN_NM] => 케이뱅크
    [P_AMT] => 3000
    [P_UNAME] => 함수필
    [P_RMESG1] => P_VACCT_NO=70112003502087|P_EXP_DT=20251004
    [P_RMESG2] => 
    [P_NOTI] => 
    [P_AUTH_NO] => 
)

 Array
(
    [PageCall time] => 09:47:24
    [P_TID] => INIMX_VBNKCAEcatca0720250922163125235498
    [P_MID] => CAEcatca07
    [P_AUTH_DT] => 20250924094724
    [P_STATUS] => 02
    [P_TYPE] => VBANK
    [P_OID] => 250922-050
    [P_FN_CD1] => 88
    [P_FN_CD2] => 
    [P_FN_NM] => 신한은행
    [P_AMT] => 3000
    [P_UNAME] => 박순자
    [P_RMESG1] => P_VACCT_NO=56211102678461|P_EXP_DT=20251002
    [P_RMESG2] => 
    [P_NOTI] => 
    [P_AUTH_NO] => 
)

 Array
(
    [PageCall time] => 10:29:50
    [P_TID] => INIMX_VBNKCAEcatca0720250924102643995499
    [P_MID] => CAEcatca07
    [P_AUTH_DT] => 20250924102950
    [P_STATUS] => 02
    [P_TYPE] => VBANK
    [P_OID] => 250922-056
    [P_FN_CD1] => 04
    [P_FN_CD2] => 
    [P_FN_NM] => KB국민은행
    [P_AMT] => 3000
    [P_UNAME] => 신영균
    [P_RMESG1] => P_VACCT_NO=49789079264603|P_EXP_DT=20251004
    [P_RMESG2] => 
    [P_NOTI] => 
    [P_AUTH_NO] => 
)

 Array
(
    [PageCall time] => 11:04:29
    [P_TID] => INIMX_VBNKCAEcatca0720250924110053305393
    [P_MID] => CAEcatca07
    [P_AUTH_DT] => 20250924110429
    [P_STATUS] => 02
    [P_TYPE] => VBANK
    [P_OID] => 250924-011
    [P_FN_CD1] => 20
    [P_FN_CD2] => 
    [P_FN_NM] => 우리은행
    [P_AMT] => 3000
    [P_UNAME] => 최재구
    [P_RMESG1] => P_VACCT_NO=27490257618217|P_EXP_DT=20251004
    [P_RMESG2] => 
    [P_NOTI] => 
    [P_AUTH_NO] => 
)

 Array
(
    [PageCall time] => 11:27:49
    [P_TID] => INIMX_VBNKCAEcatca0720250924112451145313
    [P_MID] => CAEcatca07
    [P_AUTH_DT] => 20250924112749
    [P_STATUS] => 02
    [P_TYPE] => VBANK
    [P_OID] => 250924-012
    [P_FN_CD1] => 04
    [P_FN_CD2] => 
    [P_FN_NM] => KB국민은행
    [P_AMT] => 3000
    [P_UNAME] => 문금자
    [P_RMESG1] => P_VACCT_NO=26119078172889|P_EXP_DT=20251004
    [P_RMESG2] => 
    [P_NOTI] => 
    [P_AUTH_NO] => 
)

 Array
(
    [PageCall time] => 11:29:12
    [P_TID] => INIMX_VBNKCAEcatca0720250924112557345122
    [P_MID] => CAEcatca07
    [P_AUTH_DT] => 20250924112912
    [P_STATUS] => 02
    [P_TYPE] => VBANK
    [P_OID] => 250924-013
    [P_FN_CD1] => 04
    [P_FN_CD2] => 
    [P_FN_NM] => KB국민은행
    [P_AMT] => 3000
    [P_UNAME] => 김상순
    [P_RMESG1] => P_VACCT_NO=26119078172959|P_EXP_DT=20251004
    [P_RMESG2] => 
    [P_NOTI] => 
    [P_AUTH_NO] => 
)

 Array
(
    [PageCall time] => 12:09:02
    [P_TID] => INIMX_VBNKCAEcatca0720250924120540375129
    [P_MID] => CAEcatca07
    [P_AUTH_DT] => 20250924120902
    [P_STATUS] => 02
    [P_TYPE] => VBANK
    [P_OID] => 250924-015
    [P_FN_CD1] => 20
    [P_FN_CD2] => 
    [P_FN_NM] => 우리은행
    [P_AMT] => 3000
    [P_UNAME] => 김민경
    [P_RMESG1] => P_VACCT_NO=27490260818638|P_EXP_DT=20251004
    [P_RMESG2] => 
    [P_NOTI] => 
    [P_AUTH_NO] => 
)

 Array
(
    [PageCall time] => 13:28:47
    [P_TID] => INIMX_VBNKCAEcatca0720250924132559635718
    [P_MID] => CAEcatca07
    [P_AUTH_DT] => 20250924132847
    [P_STATUS] => 02
    [P_TYPE] => VBANK
    [P_OID] => 250924-016
    [P_FN_CD1] => 04
    [P_FN_CD2] => 
    [P_FN_NM] => KB국민은행
    [P_AMT] => 3000
    [P_UNAME] => 박선미
    [P_RMESG1] => P_VACCT_NO=42089011380532|P_EXP_DT=20251004
    [P_RMESG2] => 
    [P_NOTI] => 
    [P_AUTH_NO] => 
)

 Array
(
    [PageCall time] => 14:11:54
    [P_TID] => INIMX_VBNKCAEcatca0720250924140815745584
    [P_MID] => CAEcatca07
    [P_AUTH_DT] => 20250924141154
    [P_STATUS] => 02
    [P_TYPE] => VBANK
    [P_OID] => 250924-019
    [P_FN_CD1] => 04
    [P_FN_CD2] => 
    [P_FN_NM] => KB국민은행
    [P_AMT] => 3000
    [P_UNAME] => 심경이
    [P_RMESG1] => P_VACCT_NO=45419079314954|P_EXP_DT=20251004
    [P_RMESG2] => 
    [P_NOTI] => 
    [P_AUTH_NO] => 
)

 Array
(
    [PageCall time] => 14:25:09
    [P_TID] => INIMX_VBNKCAEcatca0720250924142424225191
    [P_MID] => CAEcatca07
    [P_AUTH_DT] => 20250924142509
    [P_STATUS] => 02
    [P_TYPE] => VBANK
    [P_OID] => 250924-021
    [P_FN_CD1] => 11
    [P_FN_CD2] => 
    [P_FN_NM] => NH농협은행
    [P_AMT] => 3000
    [P_UNAME] => 강다연
    [P_RMESG1] => P_VACCT_NO=79014506781063|P_EXP_DT=20251004
    [P_RMESG2] => 
    [P_NOTI] => 
    [P_AUTH_NO] => 
)

 Array
(
    [PageCall time] => 14:25:47
    [P_TID] => INIMX_VBNKCAEcatca0720250924142201685728
    [P_MID] => CAEcatca07
    [P_AUTH_DT] => 20250924142547
    [P_STATUS] => 02
    [P_TYPE] => VBANK
    [P_OID] => 250924-017
    [P_FN_CD1] => 81
    [P_FN_CD2] => 
    [P_FN_NM] => 하나은행
    [P_AMT] => 3000
    [P_UNAME] => 김용규
    [P_RMESG1] => P_VACCT_NO=20894679861737|P_EXP_DT=20251004
    [P_RMESG2] => 
    [P_NOTI] => 
    [P_AUTH_NO] => 
)

 Array
(
    [PageCall time] => 14:37:18
    [P_TID] => INIMX_VBNKCAEcatca0720250924143406875580
    [P_MID] => CAEcatca07
    [P_AUTH_DT] => 20250924143718
    [P_STATUS] => 02
    [P_TYPE] => VBANK
    [P_OID] => 250924-022
    [P_FN_CD1] => 81
    [P_FN_CD2] => 
    [P_FN_NM] => 하나은행
    [P_AMT] => 3000
    [P_UNAME] => 김미주
    [P_RMESG1] => P_VACCT_NO=20894679907037|P_EXP_DT=20251004
    [P_RMESG2] => 
    [P_NOTI] => 
    [P_AUTH_NO] => 
)

 Array
(
    [PageCall time] => 16:51:58
    [P_TID] => INIMX_VBNKCAEcatca0720250924165029395364
    [P_MID] => CAEcatca07
    [P_AUTH_DT] => 20250924165158
    [P_STATUS] => 02
    [P_TYPE] => VBANK
    [P_OID] => 250924-024
    [P_FN_CD1] => 11
    [P_FN_CD2] => 
    [P_FN_NM] => NH농협은행
    [P_AMT] => 3000
    [P_UNAME] => 김순이
    [P_RMESG1] => P_VACCT_NO=79014506798191|P_EXP_DT=20251004
    [P_RMESG2] => 
    [P_NOTI] => 
    [P_AUTH_NO] => 
)

 Array
(
    [PageCall time] => 17:20:13
    [P_TID] => INIMX_VBNKCAEcatca0720250924171731615525
    [P_MID] => CAEcatca07
    [P_AUTH_DT] => 20250924172013
    [P_STATUS] => 02
    [P_TYPE] => VBANK
    [P_OID] => 250924-026
    [P_FN_CD1] => 88
    [P_FN_CD2] => 
    [P_FN_NM] => 신한은행
    [P_AMT] => 3000
    [P_UNAME] => 유성근
    [P_RMESG1] => P_VACCT_NO=56211102840298|P_EXP_DT=20251004
    [P_RMESG2] => 
    [P_NOTI] => 
    [P_AUTH_NO] => 
)

 Array
(
    [PageCall time] => 19:38:01
    [P_TID] => INIMX_VBNKCAEcatca0720250924104700215182
    [P_MID] => CAEcatca07
    [P_AUTH_DT] => 20250924193801
    [P_STATUS] => 02
    [P_TYPE] => VBANK
    [P_OID] => 250924-010
    [P_FN_CD1] => 04
    [P_FN_CD2] => 
    [P_FN_NM] => KB국민은행
    [P_AMT] => 3000
    [P_UNAME] => 이환우
    [P_RMESG1] => P_VACCT_NO=51009079016202|P_EXP_DT=20251004
    [P_RMESG2] => 
    [P_NOTI] => 
    [P_AUTH_NO] => 
)

 Array
(
    [PageCall time] => 21:32:26
    [P_TID] => INIMX_VBNKCAEcatca0720250924212938495751
    [P_MID] => CAEcatca07
    [P_AUTH_DT] => 20250924213226
    [P_STATUS] => 02
    [P_TYPE] => VBANK
    [P_OID] => 250924-032
    [P_FN_CD1] => 88
    [P_FN_CD2] => 
    [P_FN_NM] => 신한은행
    [P_AMT] => 3000
    [P_UNAME] => 조혜진
    [P_RMESG1] => P_VACCT_NO=56211102860321|P_EXP_DT=20251004
    [P_RMESG2] => 
    [P_NOTI] => 
    [P_AUTH_NO] => 
)

 Array
(
    [PageCall time] => 21:41:39
    [P_TID] => INIMX_VBNKCAEcatca0720250924214101765505
    [P_MID] => CAEcatca07
    [P_AUTH_DT] => 20250924214139
    [P_STATUS] => 02
    [P_TYPE] => VBANK
    [P_OID] => 250924-033
    [P_FN_CD1] => 11
    [P_FN_CD2] => 
    [P_FN_NM] => NH농협은행
    [P_AMT] => 3000
    [P_UNAME] => 박성혜
    [P_RMESG1] => P_VACCT_NO=79014506822820|P_EXP_DT=20251004
    [P_RMESG2] => 
    [P_NOTI] => 
    [P_AUTH_NO] => 
)

 Array
(
    [PageCall time] => 22:42:09
    [P_TID] => INIMX_VBNKCAEcatca0720250924213041695307
    [P_MID] => CAEcatca07
    [P_AUTH_DT] => 20250924224209
    [P_STATUS] => 02
    [P_TYPE] => VBANK
    [P_OID] => 250924-031
    [P_FN_CD1] => 20
    [P_FN_CD2] => 
    [P_FN_NM] => 우리은행
    [P_AMT] => 3000
    [P_UNAME] => 김영우
    [P_RMESG1] => P_VACCT_NO=27490290818733|P_EXP_DT=20251004
    [P_RMESG2] => 
    [P_NOTI] => 
    [P_AUTH_NO] => 
)

