 Array
(
    [PageCall time] => 07:08:08
    [P_TID] => INIMX_VBNKCAEcatca0720251017070735645305
    [P_MID] => CAEcatca07
    [P_AUTH_DT] => 20251017070808
    [P_STATUS] => 02
    [P_TYPE] => VBANK
    [P_OID] => 251017-001
    [P_FN_CD1] => 11
    [P_FN_CD2] => 
    [P_FN_NM] => NH농협은행
    [P_AMT] => 3000
    [P_UNAME] => 류영수
    [P_RMESG1] => P_VACCT_NO=79014508598478|P_EXP_DT=20251027
    [P_RMESG2] => 
    [P_NOTI] => 
    [P_AUTH_NO] => 
)

 Array
(
    [PageCall time] => 08:52:35
    [P_TID] => INIMX_VBNKCAEcatca0720251017084947845806
    [P_MID] => CAEcatca07
    [P_AUTH_DT] => 20251017085235
    [P_STATUS] => 02
    [P_TYPE] => VBANK
    [P_OID] => 251016-001
    [P_FN_CD1] => 88
    [P_FN_CD2] => 
    [P_FN_NM] => 신한은행
    [P_AMT] => 3000
    [P_UNAME] => 신소희
    [P_RMESG1] => P_VACCT_NO=56211103952615|P_EXP_DT=20251027
    [P_RMESG2] => 
    [P_NOTI] => 
    [P_AUTH_NO] => 
)

 Array
(
    [PageCall time] => 10:40:21
    [P_TID] => INIMX_VBNKCAEcatca0720251017103918385383
    [P_MID] => CAEcatca07
    [P_AUTH_DT] => 20251017104020
    [P_STATUS] => 02
    [P_TYPE] => VBANK
    [P_OID] => 251017-003
    [P_FN_CD1] => 11
    [P_FN_CD2] => 
    [P_FN_NM] => NH농협은행
    [P_AMT] => 3000
    [P_UNAME] => 홍성현
    [P_RMESG1] => P_VACCT_NO=79014508615166|P_EXP_DT=20251027
    [P_RMESG2] => 
    [P_NOTI] => 
    [P_AUTH_NO] => 
)

 Array
(
    [PageCall time] => 11:22:53
    [P_TID] => INIMX_VBNKCAEcatca0720251017112017885660
    [P_MID] => CAEcatca07
    [P_AUTH_DT] => 20251017112253
    [P_STATUS] => 02
    [P_TYPE] => VBANK
    [P_OID] => 251017-005
    [P_FN_CD1] => 88
    [P_FN_CD2] => 
    [P_FN_NM] => 신한은행
    [P_AMT] => 3000
    [P_UNAME] => 조수민
    [P_RMESG1] => P_VACCT_NO=56211103969075|P_EXP_DT=20251027
    [P_RMESG2] => 
    [P_NOTI] => 
    [P_AUTH_NO] => 
)

 Array
(
    [PageCall time] => 12:08:59
    [P_TID] => INIMX_VBNKCAEcatca0720251017120620595409
    [P_MID] => CAEcatca07
    [P_AUTH_DT] => 20251017120859
    [P_STATUS] => 02
    [P_TYPE] => VBANK
    [P_OID] => 251017-008
    [P_FN_CD1] => 04
    [P_FN_CD2] => 
    [P_FN_NM] => KB국민은행
    [P_AMT] => 3000
    [P_UNAME] => 김성용
    [P_RMESG1] => P_VACCT_NO=26159078031229|P_EXP_DT=20251027
    [P_RMESG2] => 
    [P_NOTI] => 
    [P_AUTH_NO] => 
)

 Array
(
    [PageCall time] => 12:40:30
    [P_TID] => INIMX_VBNKCAEcatca0720251017123759885201
    [P_MID] => CAEcatca07
    [P_AUTH_DT] => 20251017124030
    [P_STATUS] => 02
    [P_TYPE] => VBANK
    [P_OID] => 251017-011
    [P_FN_CD1] => 20
    [P_FN_CD2] => 
    [P_FN_NM] => 우리은행
    [P_AMT] => 3000
    [P_UNAME] => 강태환
    [P_RMESG1] => P_VACCT_NO=27491194018734|P_EXP_DT=20251027
    [P_RMESG2] => 
    [P_NOTI] => 
    [P_AUTH_NO] => 
)

 Array
(
    [PageCall time] => 12:51:38
    [P_TID] => INIMX_VBNKCAEcatca0720251017124908185781
    [P_MID] => CAEcatca07
    [P_AUTH_DT] => 20251017125138
    [P_STATUS] => 02
    [P_TYPE] => VBANK
    [P_OID] => 251017-012
    [P_FN_CD1] => 88
    [P_FN_CD2] => 
    [P_FN_NM] => 신한은행
    [P_AMT] => 3000
    [P_UNAME] => 유은영
    [P_RMESG1] => P_VACCT_NO=56211103976513|P_EXP_DT=20251027
    [P_RMESG2] => 
    [P_NOTI] => 
    [P_AUTH_NO] => 
)

 Array
(
    [PageCall time] => 13:12:47
    [P_TID] => INIMX_VBNKCAEcatca0720251014114956185086
    [P_MID] => CAEcatca07
    [P_AUTH_DT] => 20251017131247
    [P_STATUS] => 02
    [P_TYPE] => VBANK
    [P_OID] => 251014-013
    [P_FN_CD1] => 11
    [P_FN_CD2] => 
    [P_FN_NM] => NH농협은행
    [P_AMT] => 3000
    [P_UNAME] => 김세빈
    [P_RMESG1] => P_VACCT_NO=79014508298926|P_EXP_DT=20251024
    [P_RMESG2] => 
    [P_NOTI] => 
    [P_AUTH_NO] => 
)

 Array
(
    [PageCall time] => 15:00:32
    [P_TID] => INIMX_VBNKCAEcatca0720251017145747495188
    [P_MID] => CAEcatca07
    [P_AUTH_DT] => 20251017150032
    [P_STATUS] => 02
    [P_TYPE] => VBANK
    [P_OID] => 251017-015
    [P_FN_CD1] => 89
    [P_FN_CD2] => 
    [P_FN_NM] => 케이뱅크
    [P_AMT] => 3000
    [P_UNAME] => 송지현
    [P_RMESG1] => P_VACCT_NO=70112003614102|P_EXP_DT=20251027
    [P_RMESG2] => 
    [P_NOTI] => 
    [P_AUTH_NO] => 
)

 Array
(
    [PageCall time] => 16:08:56
    [P_TID] => INIMX_VBNKCAEcatca0720251017160517855101
    [P_MID] => CAEcatca07
    [P_AUTH_DT] => 20251017160856
    [P_STATUS] => 02
    [P_TYPE] => VBANK
    [P_OID] => 251017-028
    [P_FN_CD1] => 20
    [P_FN_CD2] => 
    [P_FN_NM] => 우리은행
    [P_AMT] => 3000
    [P_UNAME] => 김지연
    [P_RMESG1] => P_VACCT_NO=27491210918241|P_EXP_DT=20251027
    [P_RMESG2] => 
    [P_NOTI] => 
    [P_AUTH_NO] => 
)

 Array
(
    [PageCall time] => 16:14:04
    [P_TID] => INIMX_VBNKCAEcatca0720251017161135855967
    [P_MID] => CAEcatca07
    [P_AUTH_DT] => 20251017161404
    [P_STATUS] => 02
    [P_TYPE] => VBANK
    [P_OID] => 251017-027
    [P_FN_CD1] => 89
    [P_FN_CD2] => 
    [P_FN_NM] => 케이뱅크
    [P_AMT] => 3000
    [P_UNAME] => 성시현
    [P_RMESG1] => P_VACCT_NO=70112003614795|P_EXP_DT=20251027
    [P_RMESG2] => 
    [P_NOTI] => 
    [P_AUTH_NO] => 
)

 Array
(
    [PageCall time] => 16:53:39
    [P_TID] => INIMX_VBNKCAEcatca0720251017165058325705
    [P_MID] => CAEcatca07
    [P_AUTH_DT] => 20251017165339
    [P_STATUS] => 02
    [P_TYPE] => VBANK
    [P_OID] => 251017-030
    [P_FN_CD1] => 03
    [P_FN_CD2] => 
    [P_FN_NM] => 기업은행
    [P_AMT] => 3000
    [P_UNAME] => 김충헌
    [P_RMESG1] => P_VACCT_NO=07503182597028|P_EXP_DT=20251027
    [P_RMESG2] => 
    [P_NOTI] => 
    [P_AUTH_NO] => 
)

 Array
(
    [PageCall time] => 21:47:07
    [P_TID] => INIMX_VBNKCAEcatca0720251017214609555505
    [P_MID] => CAEcatca07
    [P_AUTH_DT] => 20251017214707
    [P_STATUS] => 02
    [P_TYPE] => VBANK
    [P_OID] => 251017-033
    [P_FN_CD1] => 11
    [P_FN_CD2] => 
    [P_FN_NM] => NH농협은행
    [P_AMT] => 3000
    [P_UNAME] => 이정서
    [P_RMESG1] => P_VACCT_NO=79014508694730|P_EXP_DT=20251027
    [P_RMESG2] => 
    [P_NOTI] => 
    [P_AUTH_NO] => 
)

