 Array
(
    [PageCall time] => 03:18:43
    [P_TID] => INIMX_VBNKCAEcatca0720251120031346125489
    [P_MID] => CAEcatca07
    [P_AUTH_DT] => 20251120031842
    [P_STATUS] => 02
    [P_TYPE] => VBANK
    [P_OID] => 251120-001
    [P_FN_CD1] => 89
    [P_FN_CD2] => 
    [P_FN_NM] => 케이뱅크
    [P_AMT] => 3000
    [P_UNAME] => 빈금주
    [P_RMESG1] => P_VACCT_NO=70112003896545|P_EXP_DT=20251130
    [P_RMESG2] => 
    [P_NOTI] => 
    [P_AUTH_NO] => 
)

 Array
(
    [PageCall time] => 07:28:36
    [P_TID] => INIMX_VBNKCAEcatca0720251120072548425841
    [P_MID] => CAEcatca07
    [P_AUTH_DT] => 20251120072836
    [P_STATUS] => 02
    [P_TYPE] => VBANK
    [P_OID] => 251120-002
    [P_FN_CD1] => 04
    [P_FN_CD2] => 
    [P_FN_NM] => KB국민은행
    [P_AMT] => 3000
    [P_UNAME] => 김경희
    [P_RMESG1] => P_VACCT_NO=70499011758387|P_EXP_DT=20251130
    [P_RMESG2] => 
    [P_NOTI] => 
    [P_AUTH_NO] => 
)

 Array
(
    [PageCall time] => 10:02:27
    [P_TID] => INIMX_VBNKCAEcatca0720251120095919704956
    [P_MID] => CAEcatca07
    [P_AUTH_DT] => 20251120100227
    [P_STATUS] => 02
    [P_TYPE] => VBANK
    [P_OID] => 251120-003
    [P_FN_CD1] => 89
    [P_FN_CD2] => 
    [P_FN_NM] => 케이뱅크
    [P_AMT] => 3000
    [P_UNAME] => 박정선
    [P_RMESG1] => P_VACCT_NO=70112000034184|P_EXP_DT=20251130
    [P_RMESG2] => 
    [P_NOTI] => 
    [P_AUTH_NO] => 
)

 Array
(
    [PageCall time] => 10:06:55
    [P_TID] => INIMX_VBNKCAEcatca0720251120100359224889
    [P_MID] => CAEcatca07
    [P_AUTH_DT] => 20251120100655
    [P_STATUS] => 02
    [P_TYPE] => VBANK
    [P_OID] => 251120-006
    [P_FN_CD1] => 88
    [P_FN_CD2] => 
    [P_FN_NM] => 신한은행
    [P_AMT] => 3000
    [P_UNAME] => 황웅기
    [P_RMESG1] => P_VACCT_NO=56211123137617|P_EXP_DT=20251130
    [P_RMESG2] => 
    [P_NOTI] => 
    [P_AUTH_NO] => 
)

 Array
(
    [PageCall time] => 10:13:38
    [P_TID] => INIMX_VBNKCAEcatca0720251120101109124651
    [P_MID] => CAEcatca07
    [P_AUTH_DT] => 20251120101338
    [P_STATUS] => 02
    [P_TYPE] => VBANK
    [P_OID] => 251120-007
    [P_FN_CD1] => 88
    [P_FN_CD2] => 
    [P_FN_NM] => 신한은행
    [P_AMT] => 3000
    [P_UNAME] => 정다운
    [P_RMESG1] => P_VACCT_NO=56211123138094|P_EXP_DT=20251130
    [P_RMESG2] => 
    [P_NOTI] => 
    [P_AUTH_NO] => 
)

 Array
(
    [PageCall time] => 10:19:34
    [P_TID] => INIMX_VBNKCAEcatca0720251120101626624749
    [P_MID] => CAEcatca07
    [P_AUTH_DT] => 20251120101934
    [P_STATUS] => 02
    [P_TYPE] => VBANK
    [P_OID] => 251120-008
    [P_FN_CD1] => 04
    [P_FN_CD2] => 
    [P_FN_NM] => KB국민은행
    [P_AMT] => 3000
    [P_UNAME] => 김현미
    [P_RMESG1] => P_VACCT_NO=97089078485900|P_EXP_DT=20251130
    [P_RMESG2] => 
    [P_NOTI] => 
    [P_AUTH_NO] => 
)

 Array
(
    [PageCall time] => 10:25:14
    [P_TID] => INIMX_VBNKCAEcatca0720251120102435294999
    [P_MID] => CAEcatca07
    [P_AUTH_DT] => 20251120102514
    [P_STATUS] => 02
    [P_TYPE] => VBANK
    [P_OID] => 251120-010
    [P_FN_CD1] => 11
    [P_FN_CD2] => 
    [P_FN_NM] => NH농협은행
    [P_AMT] => 3000
    [P_UNAME] => 하영
    [P_RMESG1] => P_VACCT_NO=79006420375597|P_EXP_DT=20251130
    [P_RMESG2] => 
    [P_NOTI] => 
    [P_AUTH_NO] => 
)

 Array
(
    [PageCall time] => 10:26:59
    [P_TID] => INIMX_VBNKCAEcatca0720251120102413734111
    [P_MID] => CAEcatca07
    [P_AUTH_DT] => 20251120102659
    [P_STATUS] => 02
    [P_TYPE] => VBANK
    [P_OID] => 251120-009
    [P_FN_CD1] => 20
    [P_FN_CD2] => 
    [P_FN_NM] => 우리은행
    [P_AMT] => 3000
    [P_UNAME] => 정재형
    [P_RMESG1] => P_VACCT_NO=27202477118961|P_EXP_DT=20251130
    [P_RMESG2] => 
    [P_NOTI] => 
    [P_AUTH_NO] => 
)

 Array
(
    [PageCall time] => 10:29:36
    [P_TID] => INIMX_VBNKCAEcatca0720251118035613755870
    [P_MID] => CAEcatca07
    [P_AUTH_DT] => 20251120102936
    [P_STATUS] => 02
    [P_TYPE] => VBANK
    [P_OID] => 251118-004
    [P_FN_CD1] => 71
    [P_FN_CD2] => 
    [P_FN_NM] => 우체국
    [P_AMT] => 3000
    [P_UNAME] => 권영태
    [P_RMESG1] => P_VACCT_NO=01401981938419|P_EXP_DT=20251128
    [P_RMESG2] => 
    [P_NOTI] => 
    [P_AUTH_NO] => 
)

 Array
(
    [PageCall time] => 10:32:31
    [P_TID] => INIMX_VBNKCAEcatca0720251120100629264193
    [P_MID] => CAEcatca07
    [P_AUTH_DT] => 20251120103231
    [P_STATUS] => 02
    [P_TYPE] => VBANK
    [P_OID] => 251120-005
    [P_FN_CD1] => 11
    [P_FN_CD2] => 
    [P_FN_NM] => NH농협은행
    [P_AMT] => 3000
    [P_UNAME] => 김태식
    [P_RMESG1] => P_VACCT_NO=79006420359427|P_EXP_DT=20251130
    [P_RMESG2] => 
    [P_NOTI] => 
    [P_AUTH_NO] => 
)

 Array
(
    [PageCall time] => 10:41:12
    [P_TID] => INIMX_VBNKCAEcatca0720251120103831584355
    [P_MID] => CAEcatca07
    [P_AUTH_DT] => 20251120104112
    [P_STATUS] => 02
    [P_TYPE] => VBANK
    [P_OID] => 251120-011
    [P_FN_CD1] => 04
    [P_FN_CD2] => 
    [P_FN_NM] => KB국민은행
    [P_AMT] => 3000
    [P_UNAME] => 장현주
    [P_RMESG1] => P_VACCT_NO=97089078490078|P_EXP_DT=20251130
    [P_RMESG2] => 
    [P_NOTI] => 
    [P_AUTH_NO] => 
)

 Array
(
    [PageCall time] => 10:53:38
    [P_TID] => INIMX_VBNKCAEcatca0720251120105034804472
    [P_MID] => CAEcatca07
    [P_AUTH_DT] => 20251120105338
    [P_STATUS] => 02
    [P_TYPE] => VBANK
    [P_OID] => 251120-013
    [P_FN_CD1] => 81
    [P_FN_CD2] => 
    [P_FN_NM] => 하나은행
    [P_AMT] => 3000
    [P_UNAME] => 김태헌
    [P_RMESG1] => P_VACCT_NO=20894152458037|P_EXP_DT=20251130
    [P_RMESG2] => 
    [P_NOTI] => 
    [P_AUTH_NO] => 
)

 Array
(
    [PageCall time] => 10:55:20
    [P_TID] => INIMX_VBNKCAEcatca0720251120104908274754
    [P_MID] => CAEcatca07
    [P_AUTH_DT] => 20251120105520
    [P_STATUS] => 02
    [P_TYPE] => VBANK
    [P_OID] => 251120-012
    [P_FN_CD1] => 11
    [P_FN_CD2] => 
    [P_FN_NM] => NH농협은행
    [P_AMT] => 3000
    [P_UNAME] => 김희정
    [P_RMESG1] => P_VACCT_NO=79006420386005|P_EXP_DT=20251130
    [P_RMESG2] => 
    [P_NOTI] => 
    [P_AUTH_NO] => 
)

 Array
(
    [PageCall time] => 11:05:53
    [P_TID] => INIMX_VBNKCAEcatca0720251120105958764857
    [P_MID] => CAEcatca07
    [P_AUTH_DT] => 20251120110553
    [P_STATUS] => 02
    [P_TYPE] => VBANK
    [P_OID] => 251120-014
    [P_FN_CD1] => 04
    [P_FN_CD2] => 
    [P_FN_NM] => KB국민은행
    [P_AMT] => 3000
    [P_UNAME] => 이정훈
    [P_RMESG1] => P_VACCT_NO=97089078492791|P_EXP_DT=20251130
    [P_RMESG2] => 
    [P_NOTI] => 
    [P_AUTH_NO] => 
)

 Array
(
    [PageCall time] => 11:31:54
    [P_TID] => INIMX_VBNKCAEcatca0720251120113051164096
    [P_MID] => CAEcatca07
    [P_AUTH_DT] => 20251120113154
    [P_STATUS] => 02
    [P_TYPE] => VBANK
    [P_OID] => 251120-019
    [P_FN_CD1] => 11
    [P_FN_CD2] => 
    [P_FN_NM] => NH농협은행
    [P_AMT] => 3000
    [P_UNAME] => 정상용
    [P_RMESG1] => P_VACCT_NO=79006420401511|P_EXP_DT=20251130
    [P_RMESG2] => 
    [P_NOTI] => 
    [P_AUTH_NO] => 
)

 Array
(
    [PageCall time] => 11:42:37
    [P_TID] => INIMX_VBNKCAEcatca0720251120113751644640
    [P_MID] => CAEcatca07
    [P_AUTH_DT] => 20251120114237
    [P_STATUS] => 02
    [P_TYPE] => VBANK
    [P_OID] => 251120-020
    [P_FN_CD1] => 11
    [P_FN_CD2] => 
    [P_FN_NM] => NH농협은행
    [P_AMT] => 3000
    [P_UNAME] => 최윤영
    [P_RMESG1] => P_VACCT_NO=79006420404550|P_EXP_DT=20251130
    [P_RMESG2] => 
    [P_NOTI] => 
    [P_AUTH_NO] => 
)

 Array
(
    [PageCall time] => 11:53:16
    [P_TID] => INIMX_VBNKCAEcatca0720251120115027374775
    [P_MID] => CAEcatca07
    [P_AUTH_DT] => 20251120115316
    [P_STATUS] => 02
    [P_TYPE] => VBANK
    [P_OID] => 251120-016
    [P_FN_CD1] => 03
    [P_FN_CD2] => 
    [P_FN_NM] => 기업은행
    [P_AMT] => 3000
    [P_UNAME] => 홍상은
    [P_RMESG1] => P_VACCT_NO=07500511097286|P_EXP_DT=20251130
    [P_RMESG2] => 
    [P_NOTI] => 
    [P_AUTH_NO] => 
)

 Array
(
    [PageCall time] => 11:56:50
    [P_TID] => INIMX_VBNKCAEcatca0720251120115406684140
    [P_MID] => CAEcatca07
    [P_AUTH_DT] => 20251120115650
    [P_STATUS] => 02
    [P_TYPE] => VBANK
    [P_OID] => 251120-022
    [P_FN_CD1] => 88
    [P_FN_CD2] => 
    [P_FN_NM] => 신한은행
    [P_AMT] => 3000
    [P_UNAME] => 진의석
    [P_RMESG1] => P_VACCT_NO=56211123220230|P_EXP_DT=20251130
    [P_RMESG2] => 
    [P_NOTI] => 
    [P_AUTH_NO] => 
)

 Array
(
    [PageCall time] => 11:59:08
    [P_TID] => INIMX_VBNKCAEcatca0720251120115625404889
    [P_MID] => CAEcatca07
    [P_AUTH_DT] => 20251120115908
    [P_STATUS] => 02
    [P_TYPE] => VBANK
    [P_OID] => 251120-023
    [P_FN_CD1] => 04
    [P_FN_CD2] => 
    [P_FN_NM] => KB국민은행
    [P_AMT] => 3000
    [P_UNAME] => 이명식
    [P_RMESG1] => P_VACCT_NO=97089078500236|P_EXP_DT=20251130
    [P_RMESG2] => 
    [P_NOTI] => 
    [P_AUTH_NO] => 
)

 Array
(
    [PageCall time] => 12:04:09
    [P_TID] => INIMX_VBNKCAEcatca0720251120120324424287
    [P_MID] => CAEcatca07
    [P_AUTH_DT] => 20251120120409
    [P_STATUS] => 02
    [P_TYPE] => VBANK
    [P_OID] => 251120-021
    [P_FN_CD1] => 11
    [P_FN_CD2] => 
    [P_FN_NM] => NH농협은행
    [P_AMT] => 3000
    [P_UNAME] => 이승현
    [P_RMESG1] => P_VACCT_NO=79006420419401|P_EXP_DT=20251130
    [P_RMESG2] => 
    [P_NOTI] => 
    [P_AUTH_NO] => 
)

 Array
(
    [PageCall time] => 12:55:46
    [P_TID] => INIMX_VBNKCAEcatca0720251120125313944024
    [P_MID] => CAEcatca07
    [P_AUTH_DT] => 20251120125546
    [P_STATUS] => 02
    [P_TYPE] => VBANK
    [P_OID] => 251120-024
    [P_FN_CD1] => 03
    [P_FN_CD2] => 
    [P_FN_NM] => 기업은행
    [P_AMT] => 3000
    [P_UNAME] => 박지숙
    [P_RMESG1] => P_VACCT_NO=07500511297842|P_EXP_DT=20251130
    [P_RMESG2] => 
    [P_NOTI] => 
    [P_AUTH_NO] => 
)

 Array
(
    [PageCall time] => 13:11:51
    [P_TID] => INIMX_VBNKCAEcatca0720251120130845334215
    [P_MID] => CAEcatca07
    [P_AUTH_DT] => 20251120131151
    [P_STATUS] => 02
    [P_TYPE] => VBANK
    [P_OID] => 251120-025
    [P_FN_CD1] => 04
    [P_FN_CD2] => 
    [P_FN_NM] => KB국민은행
    [P_AMT] => 3000
    [P_UNAME] => 노승하
    [P_RMESG1] => P_VACCT_NO=97089078509792|P_EXP_DT=20251130
    [P_RMESG2] => 
    [P_NOTI] => 
    [P_AUTH_NO] => 
)

 Array
(
    [PageCall time] => 13:13:22
    [P_TID] => INIMX_VBNKCAEcatca0720251120131228254070
    [P_MID] => CAEcatca07
    [P_AUTH_DT] => 20251120131322
    [P_STATUS] => 02
    [P_TYPE] => VBANK
    [P_OID] => 251120-026
    [P_FN_CD1] => 11
    [P_FN_CD2] => 
    [P_FN_NM] => NH농협은행
    [P_AMT] => 3000
    [P_UNAME] => 황정수
    [P_RMESG1] => P_VACCT_NO=79006420439496|P_EXP_DT=20251130
    [P_RMESG2] => 
    [P_NOTI] => 
    [P_AUTH_NO] => 
)

 Array
(
    [PageCall time] => 13:29:09
    [P_TID] => INIMX_VBNKCAEcatca0720251120132620614581
    [P_MID] => CAEcatca07
    [P_AUTH_DT] => 20251120132909
    [P_STATUS] => 02
    [P_TYPE] => VBANK
    [P_OID] => 251120-027
    [P_FN_CD1] => 04
    [P_FN_CD2] => 
    [P_FN_NM] => KB국민은행
    [P_AMT] => 3000
    [P_UNAME] => 이민설
    [P_RMESG1] => P_VACCT_NO=97089078514662|P_EXP_DT=20251130
    [P_RMESG2] => 
    [P_NOTI] => 
    [P_AUTH_NO] => 
)

 Array
(
    [PageCall time] => 14:17:28
    [P_TID] => INIMX_VBNKCAEcatca0720251120141329294032
    [P_MID] => CAEcatca07
    [P_AUTH_DT] => 20251120141728
    [P_STATUS] => 02
    [P_TYPE] => VBANK
    [P_OID] => 251120-033
    [P_FN_CD1] => 20
    [P_FN_CD2] => 
    [P_FN_NM] => 우리은행
    [P_AMT] => 3000
    [P_UNAME] => 장종서
    [P_RMESG1] => P_VACCT_NO=27202510118044|P_EXP_DT=20251130
    [P_RMESG2] => 
    [P_NOTI] => 
    [P_AUTH_NO] => 
)

 Array
(
    [PageCall time] => 14:21:03
    [P_TID] => INIMX_VBNKCAEcatca0720251120141819764257
    [P_MID] => CAEcatca07
    [P_AUTH_DT] => 20251120142103
    [P_STATUS] => 02
    [P_TYPE] => VBANK
    [P_OID] => 251120-034
    [P_FN_CD1] => 88
    [P_FN_CD2] => 
    [P_FN_NM] => 신한은행
    [P_AMT] => 3000
    [P_UNAME] => 이민영
    [P_RMESG1] => P_VACCT_NO=56211123226900|P_EXP_DT=20251130
    [P_RMESG2] => 
    [P_NOTI] => 
    [P_AUTH_NO] => 
)

 Array
(
    [PageCall time] => 15:19:37
    [P_TID] => INIMX_VBNKCAEcatca0720251120151706725273
    [P_MID] => CAEcatca07
    [P_AUTH_DT] => 20251120151937
    [P_STATUS] => 02
    [P_TYPE] => VBANK
    [P_OID] => 251120-035
    [P_FN_CD1] => 03
    [P_FN_CD2] => 
    [P_FN_NM] => 기업은행
    [P_AMT] => 3000
    [P_UNAME] => 박서윤
    [P_RMESG1] => P_VACCT_NO=07502322997360|P_EXP_DT=20251130
    [P_RMESG2] => 
    [P_NOTI] => 
    [P_AUTH_NO] => 
)

 Array
(
    [PageCall time] => 15:34:10
    [P_TID] => INIMX_VBNKCAEcatca0720251120153107655420
    [P_MID] => CAEcatca07
    [P_AUTH_DT] => 20251120153410
    [P_STATUS] => 02
    [P_TYPE] => VBANK
    [P_OID] => 251120-037
    [P_FN_CD1] => 04
    [P_FN_CD2] => 
    [P_FN_NM] => KB국민은행
    [P_AMT] => 3000
    [P_UNAME] => 이성환
    [P_RMESG1] => P_VACCT_NO=26159078604481|P_EXP_DT=20251130
    [P_RMESG2] => 
    [P_NOTI] => 
    [P_AUTH_NO] => 
)

 Array
(
    [PageCall time] => 15:37:16
    [P_TID] => INIMX_VBNKCAEcatca0720251120153428585947
    [P_MID] => CAEcatca07
    [P_AUTH_DT] => 20251120153716
    [P_STATUS] => 02
    [P_TYPE] => VBANK
    [P_OID] => 251120-038
    [P_FN_CD1] => 88
    [P_FN_CD2] => 
    [P_FN_NM] => 신한은행
    [P_AMT] => 3000
    [P_UNAME] => 변채은
    [P_RMESG1] => P_VACCT_NO=56211106106312|P_EXP_DT=20251130
    [P_RMESG2] => 
    [P_NOTI] => 
    [P_AUTH_NO] => 
)

 Array
(
    [PageCall time] => 15:39:39
    [P_TID] => INIMX_VBNKCAEcatca0720251120153631655093
    [P_MID] => CAEcatca07
    [P_AUTH_DT] => 20251120153939
    [P_STATUS] => 02
    [P_TYPE] => VBANK
    [P_OID] => 251120-039
    [P_FN_CD1] => 88
    [P_FN_CD2] => 
    [P_FN_NM] => 신한은행
    [P_AMT] => 3000
    [P_UNAME] => 이영애
    [P_RMESG1] => P_VACCT_NO=56211106106524|P_EXP_DT=20251130
    [P_RMESG2] => 
    [P_NOTI] => 
    [P_AUTH_NO] => 
)

 Array
(
    [PageCall time] => 16:23:27
    [P_TID] => INIMX_VBNKCAEcatca0720251120162043765299
    [P_MID] => CAEcatca07
    [P_AUTH_DT] => 20251120162327
    [P_STATUS] => 02
    [P_TYPE] => VBANK
    [P_OID] => 251120-041
    [P_FN_CD1] => 04
    [P_FN_CD2] => 
    [P_FN_NM] => KB국민은행
    [P_AMT] => 3000
    [P_UNAME] => 최미화
    [P_RMESG1] => P_VACCT_NO=26159078630169|P_EXP_DT=20251130
    [P_RMESG2] => 
    [P_NOTI] => 
    [P_AUTH_NO] => 
)

 Array
(
    [PageCall time] => 17:09:15
    [P_TID] => INIMX_VBNKCAEcatca0720251120170646955067
    [P_MID] => CAEcatca07
    [P_AUTH_DT] => 20251120170915
    [P_STATUS] => 02
    [P_TYPE] => VBANK
    [P_OID] => 251120-043
    [P_FN_CD1] => 88
    [P_FN_CD2] => 
    [P_FN_NM] => 신한은행
    [P_AMT] => 3000
    [P_UNAME] => 장연수
    [P_RMESG1] => P_VACCT_NO=56211106117113|P_EXP_DT=20251130
    [P_RMESG2] => 
    [P_NOTI] => 
    [P_AUTH_NO] => 
)

 Array
(
    [PageCall time] => 17:14:35
    [P_TID] => INIMX_VBNKCAEcatca0720251120171255795858
    [P_MID] => CAEcatca07
    [P_AUTH_DT] => 20251120171435
    [P_STATUS] => 02
    [P_TYPE] => VBANK
    [P_OID] => 251120-042
    [P_FN_CD1] => 11
    [P_FN_CD2] => 
    [P_FN_NM] => NH농협은행
    [P_AMT] => 3000
    [P_UNAME] => 박귀순
    [P_RMESG1] => P_VACCT_NO=79015903107226|P_EXP_DT=20251130
    [P_RMESG2] => 
    [P_NOTI] => 
    [P_AUTH_NO] => 
)

 Array
(
    [PageCall time] => 17:44:29
    [P_TID] => INIMX_VBNKCAEcatca0720251120174153695983
    [P_MID] => CAEcatca07
    [P_AUTH_DT] => 20251120174429
    [P_STATUS] => 02
    [P_TYPE] => VBANK
    [P_OID] => 251120-044
    [P_FN_CD1] => 04
    [P_FN_CD2] => 
    [P_FN_NM] => KB국민은행
    [P_AMT] => 3000
    [P_UNAME] => 배용성
    [P_RMESG1] => P_VACCT_NO=26159078657164|P_EXP_DT=20251130
    [P_RMESG2] => 
    [P_NOTI] => 
    [P_AUTH_NO] => 
)

 Array
(
    [PageCall time] => 18:30:51
    [P_TID] => INIMX_VBNKCAEcatca0720251120182733255020
    [P_MID] => CAEcatca07
    [P_AUTH_DT] => 20251120183051
    [P_STATUS] => 02
    [P_TYPE] => VBANK
    [P_OID] => 251120-045
    [P_FN_CD1] => 04
    [P_FN_CD2] => 
    [P_FN_NM] => KB국민은행
    [P_AMT] => 3000
    [P_UNAME] => 문진영
    [P_RMESG1] => P_VACCT_NO=26159078668544|P_EXP_DT=20251130
    [P_RMESG2] => 
    [P_NOTI] => 
    [P_AUTH_NO] => 
)

 Array
(
    [PageCall time] => 19:36:22
    [P_TID] => INIMX_VBNKCAEcatca0720251120193318845256
    [P_MID] => CAEcatca07
    [P_AUTH_DT] => 20251120193622
    [P_STATUS] => 02
    [P_TYPE] => VBANK
    [P_OID] => 251120-047
    [P_FN_CD1] => 81
    [P_FN_CD2] => 
    [P_FN_NM] => 하나은행
    [P_AMT] => 3000
    [P_UNAME] => 배승호
    [P_RMESG1] => P_VACCT_NO=20894045798437|P_EXP_DT=20251130
    [P_RMESG2] => 
    [P_NOTI] => 
    [P_AUTH_NO] => 
)

 Array
(
    [PageCall time] => 20:13:32
    [P_TID] => INIMX_VBNKCAEcatca0720251120201100525531
    [P_MID] => CAEcatca07
    [P_AUTH_DT] => 20251120201332
    [P_STATUS] => 02
    [P_TYPE] => VBANK
    [P_OID] => 251120-048
    [P_FN_CD1] => 88
    [P_FN_CD2] => 
    [P_FN_NM] => 신한은행
    [P_AMT] => 3000
    [P_UNAME] => 박지연
    [P_RMESG1] => P_VACCT_NO=56211106132464|P_EXP_DT=20251130
    [P_RMESG2] => 
    [P_NOTI] => 
    [P_AUTH_NO] => 
)

