 Array
(
    [PageCall time] => 08:54:42
    [P_TID] => INIMX_VBNKCAEcatca0720260404085217315660
    [P_MID] => CAEcatca07
    [P_AUTH_DT] => 20260404085442
    [P_STATUS] => 02
    [P_TYPE] => VBANK
    [P_OID] => 260404-001
    [P_FN_CD1] => 04
    [P_FN_CD2] => 
    [P_FN_NM] => KB국민은행
    [P_AMT] => 3500
    [P_UNAME] => 정예원
    [P_RMESG1] => P_VACCT_NO=26119078655863|P_EXP_DT=20260414
    [P_RMESG2] => 
    [P_NOTI] => 
    [P_AUTH_NO] => 
)

 Array
(
    [PageCall time] => 09:59:58
    [P_TID] => INIMX_VBNKCAEcatca0720260404095642915760
    [P_MID] => CAEcatca07
    [P_AUTH_DT] => 20260404095958
    [P_STATUS] => 02
    [P_TYPE] => VBANK
    [P_OID] => 260404-002
    [P_FN_CD1] => 04
    [P_FN_CD2] => 
    [P_FN_NM] => KB국민은행
    [P_AMT] => 3500
    [P_UNAME] => 백송인
    [P_RMESG1] => P_VACCT_NO=26159078000856|P_EXP_DT=20260414
    [P_RMESG2] => 
    [P_NOTI] => 
    [P_AUTH_NO] => 
)

 Array
(
    [PageCall time] => 10:12:32
    [P_TID] => INIMX_VBNKCAEcatca0720260404100946815664
    [P_MID] => CAEcatca07
    [P_AUTH_DT] => 20260404101232
    [P_STATUS] => 02
    [P_TYPE] => VBANK
    [P_OID] => 260331-015
    [P_FN_CD1] => 88
    [P_FN_CD2] => 
    [P_FN_NM] => 신한은행
    [P_AMT] => 3500
    [P_UNAME] => 이채원
    [P_RMESG1] => P_VACCT_NO=56211106562878|P_EXP_DT=20260414
    [P_RMESG2] => 
    [P_NOTI] => 
    [P_AUTH_NO] => 
)

 Array
(
    [PageCall time] => 10:15:42
    [P_TID] => INIMX_VBNKCAEcatca0720260404101303935891
    [P_MID] => CAEcatca07
    [P_AUTH_DT] => 20260404101542
    [P_STATUS] => 02
    [P_TYPE] => VBANK
    [P_OID] => 260404-003
    [P_FN_CD1] => 81
    [P_FN_CD2] => 
    [P_FN_NM] => 하나은행
    [P_AMT] => 3500
    [P_UNAME] => 지민구
    [P_RMESG1] => P_VACCT_NO=20893899236137|P_EXP_DT=20260414
    [P_RMESG2] => 
    [P_NOTI] => 
    [P_AUTH_NO] => 
)

 Array
(
    [PageCall time] => 12:24:22
    [P_TID] => INIMX_VBNKCAEcatca0720260404122106565110
    [P_MID] => CAEcatca07
    [P_AUTH_DT] => 20260404122422
    [P_STATUS] => 02
    [P_TYPE] => VBANK
    [P_OID] => 260404-005
    [P_FN_CD1] => 81
    [P_FN_CD2] => 
    [P_FN_NM] => 하나은행
    [P_AMT] => 3500
    [P_UNAME] => 김지현
    [P_RMESG1] => P_VACCT_NO=20893899583337|P_EXP_DT=20260414
    [P_RMESG2] => 
    [P_NOTI] => 
    [P_AUTH_NO] => 
)

 Array
(
    [PageCall time] => 14:40:28
    [P_TID] => INIMX_VBNKCAEcatca0720260404143751425878
    [P_MID] => CAEcatca07
    [P_AUTH_DT] => 20260404144028
    [P_STATUS] => 02
    [P_TYPE] => VBANK
    [P_OID] => 260404-009
    [P_FN_CD1] => 88
    [P_FN_CD2] => 
    [P_FN_NM] => 신한은행
    [P_AMT] => 3500
    [P_UNAME] => 민해원
    [P_RMESG1] => P_VACCT_NO=56211106575299|P_EXP_DT=20260414
    [P_RMESG2] => 
    [P_NOTI] => 
    [P_AUTH_NO] => 
)

 Array
(
    [PageCall time] => 15:21:49
    [P_TID] => INIMX_VBNKCAEcatca0720260404151524925078
    [P_MID] => CAEcatca07
    [P_AUTH_DT] => 20260404152149
    [P_STATUS] => 02
    [P_TYPE] => VBANK
    [P_OID] => 260404-010
    [P_FN_CD1] => 88
    [P_FN_CD2] => 
    [P_FN_NM] => 신한은행
    [P_AMT] => 3500
    [P_UNAME] => 엄진화
    [P_RMESG1] => P_VACCT_NO=56211106576696|P_EXP_DT=20260414
    [P_RMESG2] => 
    [P_NOTI] => 
    [P_AUTH_NO] => 
)

 Array
(
    [PageCall time] => 16:02:10
    [P_TID] => INIMX_VBNKCAEcatca0720260404155916755737
    [P_MID] => CAEcatca07
    [P_AUTH_DT] => 20260404160210
    [P_STATUS] => 02
    [P_TYPE] => VBANK
    [P_OID] => 260404-011
    [P_FN_CD1] => 88
    [P_FN_CD2] => 
    [P_FN_NM] => 신한은행
    [P_AMT] => 3500
    [P_UNAME] => 박상현
    [P_RMESG1] => P_VACCT_NO=56211106578808|P_EXP_DT=20260414
    [P_RMESG2] => 
    [P_NOTI] => 
    [P_AUTH_NO] => 
)

 Array
(
    [PageCall time] => 16:15:42
    [P_TID] => INIMX_VBNKCAEcatca0720260404161512285290
    [P_MID] => CAEcatca07
    [P_AUTH_DT] => 20260404161542
    [P_STATUS] => 02
    [P_TYPE] => VBANK
    [P_OID] => 260404-012
    [P_FN_CD1] => 11
    [P_FN_CD2] => 
    [P_FN_NM] => NH농협은행
    [P_AMT] => 3500
    [P_UNAME] => 천주연
    [P_RMESG1] => P_VACCT_NO=79014505466708|P_EXP_DT=20260414
    [P_RMESG2] => 
    [P_NOTI] => 
    [P_AUTH_NO] => 
)

 Array
(
    [PageCall time] => 17:28:40
    [P_TID] => INIMX_VBNKCAEcatca0720260404172508645989
    [P_MID] => CAEcatca07
    [P_AUTH_DT] => 20260404172840
    [P_STATUS] => 02
    [P_TYPE] => VBANK
    [P_OID] => 260404-014
    [P_FN_CD1] => 04
    [P_FN_CD2] => 
    [P_FN_NM] => KB국민은행
    [P_AMT] => 3500
    [P_UNAME] => 강민지
    [P_RMESG1] => P_VACCT_NO=96439078001439|P_EXP_DT=20260414
    [P_RMESG2] => 
    [P_NOTI] => 
    [P_AUTH_NO] => 
)

 Array
(
    [PageCall time] => 20:54:07
    [P_TID] => INIMX_VBNKCAEcatca0720260404205328925211
    [P_MID] => CAEcatca07
    [P_AUTH_DT] => 20260404205407
    [P_STATUS] => 02
    [P_TYPE] => VBANK
    [P_OID] => 260329-001
    [P_FN_CD1] => 11
    [P_FN_CD2] => 
    [P_FN_NM] => NH농협은행
    [P_AMT] => 3500
    [P_UNAME] => 전상희
    [P_RMESG1] => P_VACCT_NO=79014505485326|P_EXP_DT=20260414
    [P_RMESG2] => 
    [P_NOTI] => 
    [P_AUTH_NO] => 
)

