 Array
(
    [PageCall time] => 01:53:05
    [P_TID] => INIMX_VBNKCAEcatca0720250615015013585949
    [P_MID] => CAEcatca07
    [P_AUTH_DT] => 20250615015305
    [P_STATUS] => 02
    [P_TYPE] => VBANK
    [P_OID] => 250615-001
    [P_FN_CD1] => 89
    [P_FN_CD2] => 
    [P_FN_NM] => 케이뱅크
    [P_AMT] => 3000
    [P_UNAME] => 오창민
    [P_RMESG1] => P_VACCT_NO=70112003759323|P_EXP_DT=20250625
    [P_RMESG2] => 
    [P_NOTI] => 
    [P_AUTH_NO] => 
)

 Array
(
    [PageCall time] => 09:24:49
    [P_TID] => INIMX_VBNKCAEcatca0720250615092121475270
    [P_MID] => CAEcatca07
    [P_AUTH_DT] => 20250615092449
    [P_STATUS] => 02
    [P_TYPE] => VBANK
    [P_OID] => 250615-002
    [P_FN_CD1] => 81
    [P_FN_CD2] => 
    [P_FN_NM] => 하나은행
    [P_AMT] => 3000
    [P_UNAME] => 최윤정
    [P_RMESG1] => P_VACCT_NO=20894089214237|P_EXP_DT=20250625
    [P_RMESG2] => 
    [P_NOTI] => 
    [P_AUTH_NO] => 
)

 Array
(
    [PageCall time] => 12:38:17
    [P_TID] => INIMX_VBNKCAEcatca0720250615123529115836
    [P_MID] => CAEcatca07
    [P_AUTH_DT] => 20250615123816
    [P_STATUS] => 02
    [P_TYPE] => VBANK
    [P_OID] => 250615-003
    [P_FN_CD1] => 81
    [P_FN_CD2] => 
    [P_FN_NM] => 하나은행
    [P_AMT] => 3000
    [P_UNAME] => 박하은
    [P_RMESG1] => P_VACCT_NO=20894089732537|P_EXP_DT=20250625
    [P_RMESG2] => 
    [P_NOTI] => 
    [P_AUTH_NO] => 
)

 Array
(
    [PageCall time] => 13:44:45
    [P_TID] => INIMX_VBNKCAEcatca0720250615134156005785
    [P_MID] => CAEcatca07
    [P_AUTH_DT] => 20250615134445
    [P_STATUS] => 02
    [P_TYPE] => VBANK
    [P_OID] => 250615-004
    [P_FN_CD1] => 11
    [P_FN_CD2] => 
    [P_FN_NM] => NH농협은행
    [P_AMT] => 3000
    [P_UNAME] => 김인욱
    [P_RMESG1] => P_VACCT_NO=79010588441641|P_EXP_DT=20250625
    [P_RMESG2] => 
    [P_NOTI] => 
    [P_AUTH_NO] => 
)

 Array
(
    [PageCall time] => 18:29:56
    [P_TID] => INIMX_VBNKCAEcatca0720250615182702495332
    [P_MID] => CAEcatca07
    [P_AUTH_DT] => 20250615182956
    [P_STATUS] => 02
    [P_TYPE] => VBANK
    [P_OID] => 250615-007
    [P_FN_CD1] => 81
    [P_FN_CD2] => 
    [P_FN_NM] => 하나은행
    [P_AMT] => 3000
    [P_UNAME] => 안종훈
    [P_RMESG1] => P_VACCT_NO=20894090636437|P_EXP_DT=20250625
    [P_RMESG2] => 
    [P_NOTI] => 
    [P_AUTH_NO] => 
)

 Array
(
    [PageCall time] => 18:33:08
    [P_TID] => INIMX_VBNKCAEcatca0720250615183212325673
    [P_MID] => CAEcatca07
    [P_AUTH_DT] => 20250615183308
    [P_STATUS] => 02
    [P_TYPE] => VBANK
    [P_OID] => 250615-006
    [P_FN_CD1] => 11
    [P_FN_CD2] => 
    [P_FN_NM] => NH농협은행
    [P_AMT] => 3000
    [P_UNAME] => 이홍재
    [P_RMESG1] => P_VACCT_NO=79010588469716|P_EXP_DT=20250625
    [P_RMESG2] => 
    [P_NOTI] => 
    [P_AUTH_NO] => 
)

