 Array
(
    [PageCall time] => 05:55:08
    [P_TID] => INIMX_VBNKCAEcatca0720251103055228155237
    [P_MID] => CAEcatca07
    [P_AUTH_DT] => 20251103055508
    [P_STATUS] => 02
    [P_TYPE] => VBANK
    [P_OID] => 251103-002
    [P_FN_CD1] => 88
    [P_FN_CD2] => 
    [P_FN_NM] => 신한은행
    [P_AMT] => 3000
    [P_UNAME] => 김영석
    [P_RMESG1] => P_VACCT_NO=56211106717340|P_EXP_DT=20251113
    [P_RMESG2] => 
    [P_NOTI] => 
    [P_AUTH_NO] => 
)

 Array
(
    [PageCall time] => 07:38:08
    [P_TID] => INIMX_VBNKCAEcatca0720251103073346605384
    [P_MID] => CAEcatca07
    [P_AUTH_DT] => 20251103073808
    [P_STATUS] => 02
    [P_TYPE] => VBANK
    [P_OID] => 251103-004
    [P_FN_CD1] => 04
    [P_FN_CD2] => 
    [P_FN_NM] => KB국민은행
    [P_AMT] => 3000
    [P_UNAME] => 이병두
    [P_RMESG1] => P_VACCT_NO=26119078202085|P_EXP_DT=20251113
    [P_RMESG2] => 
    [P_NOTI] => 
    [P_AUTH_NO] => 
)

 Array
(
    [PageCall time] => 09:19:18
    [P_TID] => INIMX_VBNKCAEcatca0720251103001145255492
    [P_MID] => CAEcatca07
    [P_AUTH_DT] => 20251103091918
    [P_STATUS] => 02
    [P_TYPE] => VBANK
    [P_OID] => 251103-001
    [P_FN_CD1] => 11
    [P_FN_CD2] => 
    [P_FN_NM] => NH농협은행
    [P_AMT] => 3000
    [P_UNAME] => 조진규
    [P_RMESG1] => P_VACCT_NO=79015900532807|P_EXP_DT=20251113
    [P_RMESG2] => 
    [P_NOTI] => 
    [P_AUTH_NO] => 
)

 Array
(
    [PageCall time] => 09:42:59
    [P_TID] => INIMX_VBNKCAEcatca0720251103094214625181
    [P_MID] => CAEcatca07
    [P_AUTH_DT] => 20251103094259
    [P_STATUS] => 02
    [P_TYPE] => VBANK
    [P_OID] => 251103-007
    [P_FN_CD1] => 11
    [P_FN_CD2] => 
    [P_FN_NM] => NH농협은행
    [P_AMT] => 3000
    [P_UNAME] => 백경용
    [P_RMESG1] => P_VACCT_NO=79015900557506|P_EXP_DT=20251113
    [P_RMESG2] => 
    [P_NOTI] => 
    [P_AUTH_NO] => 
)

 Array
(
    [PageCall time] => 09:51:59
    [P_TID] => INIMX_VBNKCAEcatca0720251103094822575934
    [P_MID] => CAEcatca07
    [P_AUTH_DT] => 20251103095159
    [P_STATUS] => 02
    [P_TYPE] => VBANK
    [P_OID] => 251031-036
    [P_FN_CD1] => 04
    [P_FN_CD2] => 
    [P_FN_NM] => KB국민은행
    [P_AMT] => 3000
    [P_UNAME] => 윤성한
    [P_RMESG1] => P_VACCT_NO=26119078484391|P_EXP_DT=20251113
    [P_RMESG2] => 
    [P_NOTI] => 
    [P_AUTH_NO] => 
)

 Array
(
    [PageCall time] => 10:38:03
    [P_TID] => INIMX_VBNKCAEcatca0720251103103503205603
    [P_MID] => CAEcatca07
    [P_AUTH_DT] => 20251103103803
    [P_STATUS] => 02
    [P_TYPE] => VBANK
    [P_OID] => 251103-010
    [P_FN_CD1] => 81
    [P_FN_CD2] => 
    [P_FN_NM] => 하나은행
    [P_AMT] => 3000
    [P_UNAME] => 김정선
    [P_RMESG1] => P_VACCT_NO=20893949628237|P_EXP_DT=20251113
    [P_RMESG2] => 
    [P_NOTI] => 
    [P_AUTH_NO] => 
)

 Array
(
    [PageCall time] => 11:25:26
    [P_TID] => INIMX_VBNKCAEcatca0720251103112242645631
    [P_MID] => CAEcatca07
    [P_AUTH_DT] => 20251103112526
    [P_STATUS] => 02
    [P_TYPE] => VBANK
    [P_OID] => 251103-015
    [P_FN_CD1] => 88
    [P_FN_CD2] => 
    [P_FN_NM] => 신한은행
    [P_AMT] => 3000
    [P_UNAME] => 허동민
    [P_RMESG1] => P_VACCT_NO=56211104837458|P_EXP_DT=20251113
    [P_RMESG2] => 
    [P_NOTI] => 
    [P_AUTH_NO] => 
)

 Array
(
    [PageCall time] => 11:32:48
    [P_TID] => INIMX_VBNKCAEcatca0720251103113130695993
    [P_MID] => CAEcatca07
    [P_AUTH_DT] => 20251103113248
    [P_STATUS] => 02
    [P_TYPE] => VBANK
    [P_OID] => 251103-017
    [P_FN_CD1] => 11
    [P_FN_CD2] => 
    [P_FN_NM] => NH농협은행
    [P_AMT] => 3000
    [P_UNAME] => 권근화
    [P_RMESG1] => P_VACCT_NO=79015900582082|P_EXP_DT=20251113
    [P_RMESG2] => 
    [P_NOTI] => 
    [P_AUTH_NO] => 
)

 Array
(
    [PageCall time] => 11:46:20
    [P_TID] => INIMX_VBNKCAEcatca0720251103114312615021
    [P_MID] => CAEcatca07
    [P_AUTH_DT] => 20251103114620
    [P_STATUS] => 02
    [P_TYPE] => VBANK
    [P_OID] => 251103-018
    [P_FN_CD1] => 04
    [P_FN_CD2] => 
    [P_FN_NM] => KB국민은행
    [P_AMT] => 3000
    [P_UNAME] => 소은희
    [P_RMESG1] => P_VACCT_NO=96279078339266|P_EXP_DT=20251113
    [P_RMESG2] => 
    [P_NOTI] => 
    [P_AUTH_NO] => 
)

 Array
(
    [PageCall time] => 12:14:07
    [P_TID] => INIMX_VBNKCAEcatca0720251103121130815241
    [P_MID] => CAEcatca07
    [P_AUTH_DT] => 20251103121407
    [P_STATUS] => 02
    [P_TYPE] => VBANK
    [P_OID] => 251103-011
    [P_FN_CD1] => 88
    [P_FN_CD2] => 
    [P_FN_NM] => 신한은행
    [P_AMT] => 3000
    [P_UNAME] => 박지현
    [P_RMESG1] => P_VACCT_NO=56211104843400|P_EXP_DT=20251113
    [P_RMESG2] => 
    [P_NOTI] => 
    [P_AUTH_NO] => 
)

 Array
(
    [PageCall time] => 12:30:28
    [P_TID] => INIMX_VBNKCAEcatca0720251103122853545386
    [P_MID] => CAEcatca07
    [P_AUTH_DT] => 20251103123028
    [P_STATUS] => 02
    [P_TYPE] => VBANK
    [P_OID] => 251103-020
    [P_FN_CD1] => 11
    [P_FN_CD2] => 
    [P_FN_NM] => NH농협은행
    [P_AMT] => 3000
    [P_UNAME] => 박세준
    [P_RMESG1] => P_VACCT_NO=79015900590807|P_EXP_DT=20251113
    [P_RMESG2] => 
    [P_NOTI] => 
    [P_AUTH_NO] => 
)

 Array
(
    [PageCall time] => 13:07:48
    [P_TID] => INIMX_VBNKCAEcatca0720251103130454935109
    [P_MID] => CAEcatca07
    [P_AUTH_DT] => 20251103130747
    [P_STATUS] => 02
    [P_TYPE] => VBANK
    [P_OID] => 251103-021
    [P_FN_CD1] => 20
    [P_FN_CD2] => 
    [P_FN_NM] => 우리은행
    [P_AMT] => 3000
    [P_UNAME] => 김옥희
    [P_RMESG1] => P_VACCT_NO=27763132018344|P_EXP_DT=20251113
    [P_RMESG2] => 
    [P_NOTI] => 
    [P_AUTH_NO] => 
)

 Array
(
    [PageCall time] => 13:09:51
    [P_TID] => INIMX_VBNKCAEcatca0720251103130643685432
    [P_MID] => CAEcatca07
    [P_AUTH_DT] => 20251103130951
    [P_STATUS] => 02
    [P_TYPE] => VBANK
    [P_OID] => 251103-022
    [P_FN_CD1] => 20
    [P_FN_CD2] => 
    [P_FN_NM] => 우리은행
    [P_AMT] => 3000
    [P_UNAME] => 김대경
    [P_RMESG1] => P_VACCT_NO=27763132018669|P_EXP_DT=20251113
    [P_RMESG2] => 
    [P_NOTI] => 
    [P_AUTH_NO] => 
)

 Array
(
    [PageCall time] => 13:21:38
    [P_TID] => INIMX_VBNKCAEcatca0720251103132046715431
    [P_MID] => CAEcatca07
    [P_AUTH_DT] => 20251103132138
    [P_STATUS] => 02
    [P_TYPE] => VBANK
    [P_OID] => 251103-023
    [P_FN_CD1] => 11
    [P_FN_CD2] => 
    [P_FN_NM] => NH농협은행
    [P_AMT] => 3000
    [P_UNAME] => 박관수
    [P_RMESG1] => P_VACCT_NO=79015900598065|P_EXP_DT=20251113
    [P_RMESG2] => 
    [P_NOTI] => 
    [P_AUTH_NO] => 
)

 Array
(
    [PageCall time] => 13:37:31
    [P_TID] => INIMX_VBNKCAEcatca0720251103133443385949
    [P_MID] => CAEcatca07
    [P_AUTH_DT] => 20251103133731
    [P_STATUS] => 02
    [P_TYPE] => VBANK
    [P_OID] => 251103-024
    [P_FN_CD1] => 04
    [P_FN_CD2] => 
    [P_FN_NM] => KB국민은행
    [P_AMT] => 3000
    [P_UNAME] => 정수빈
    [P_RMESG1] => P_VACCT_NO=00289071023367|P_EXP_DT=20251113
    [P_RMESG2] => 
    [P_NOTI] => 
    [P_AUTH_NO] => 
)

 Array
(
    [PageCall time] => 14:09:27
    [P_TID] => INIMX_VBNKCAEcatca0720251103140623225276
    [P_MID] => CAEcatca07
    [P_AUTH_DT] => 20251103140927
    [P_STATUS] => 02
    [P_TYPE] => VBANK
    [P_OID] => 251103-025
    [P_FN_CD1] => 04
    [P_FN_CD2] => 
    [P_FN_NM] => KB국민은행
    [P_AMT] => 3000
    [P_UNAME] => 배남식
    [P_RMESG1] => P_VACCT_NO=00289071131956|P_EXP_DT=20251113
    [P_RMESG2] => 
    [P_NOTI] => 
    [P_AUTH_NO] => 
)

 Array
(
    [PageCall time] => 14:36:19
    [P_TID] => INIMX_VBNKCAEcatca0720251103143202615174
    [P_MID] => CAEcatca07
    [P_AUTH_DT] => 20251103143619
    [P_STATUS] => 02
    [P_TYPE] => VBANK
    [P_OID] => 251103-028
    [P_FN_CD1] => 04
    [P_FN_CD2] => 
    [P_FN_NM] => KB국민은행
    [P_AMT] => 3000
    [P_UNAME] => 이태영
    [P_RMESG1] => P_VACCT_NO=99289014455561|P_EXP_DT=20251113
    [P_RMESG2] => 
    [P_NOTI] => 
    [P_AUTH_NO] => 
)

 Array
(
    [PageCall time] => 15:09:00
    [P_TID] => INIMX_VBNKCAEcatca0720251103150637175612
    [P_MID] => CAEcatca07
    [P_AUTH_DT] => 20251103150900
    [P_STATUS] => 02
    [P_TYPE] => VBANK
    [P_OID] => 251103-029
    [P_FN_CD1] => 04
    [P_FN_CD2] => 
    [P_FN_NM] => KB국민은행
    [P_AMT] => 3000
    [P_UNAME] => 최단아
    [P_RMESG1] => P_VACCT_NO=99289014475020|P_EXP_DT=20251113
    [P_RMESG2] => 
    [P_NOTI] => 
    [P_AUTH_NO] => 
)

 Array
(
    [PageCall time] => 15:18:20
    [P_TID] => INIMX_VBNKCAEcatca0720251103151748515491
    [P_MID] => CAEcatca07
    [P_AUTH_DT] => 20251103151820
    [P_STATUS] => 02
    [P_TYPE] => VBANK
    [P_OID] => 251103-030
    [P_FN_CD1] => 11
    [P_FN_CD2] => 
    [P_FN_NM] => NH농협은행
    [P_AMT] => 3000
    [P_UNAME] => 최정원
    [P_RMESG1] => P_VACCT_NO=79015900621531|P_EXP_DT=20251113
    [P_RMESG2] => 
    [P_NOTI] => 
    [P_AUTH_NO] => 
)

 Array
(
    [PageCall time] => 15:24:34
    [P_TID] => INIMX_VBNKCAEcatca0720251103152204205186
    [P_MID] => CAEcatca07
    [P_AUTH_DT] => 20251103152434
    [P_STATUS] => 02
    [P_TYPE] => VBANK
    [P_OID] => 251103-027
    [P_FN_CD1] => 88
    [P_FN_CD2] => 
    [P_FN_NM] => 신한은행
    [P_AMT] => 3000
    [P_UNAME] => 김성훈
    [P_RMESG1] => P_VACCT_NO=56211104864851|P_EXP_DT=20251113
    [P_RMESG2] => 
    [P_NOTI] => 
    [P_AUTH_NO] => 
)

 Array
(
    [PageCall time] => 15:28:08
    [P_TID] => INIMX_VBNKCAEcatca0720251103152439735043
    [P_MID] => CAEcatca07
    [P_AUTH_DT] => 20251103152808
    [P_STATUS] => 02
    [P_TYPE] => VBANK
    [P_OID] => 251103-032
    [P_FN_CD1] => 32
    [P_FN_CD2] => 
    [P_FN_NM] => 부산은행
    [P_AMT] => 3000
    [P_UNAME] => 김혜경
    [P_RMESG1] => P_VACCT_NO=109924208999|P_EXP_DT=20251113
    [P_RMESG2] => 
    [P_NOTI] => 
    [P_AUTH_NO] => 
)

 Array
(
    [PageCall time] => 15:32:25
    [P_TID] => INIMX_VBNKCAEcatca0720251103152921965040
    [P_MID] => CAEcatca07
    [P_AUTH_DT] => 20251103153225
    [P_STATUS] => 02
    [P_TYPE] => VBANK
    [P_OID] => 251103-031
    [P_FN_CD1] => 04
    [P_FN_CD2] => 
    [P_FN_NM] => KB국민은행
    [P_AMT] => 3000
    [P_UNAME] => 김효경
    [P_RMESG1] => P_VACCT_NO=99289014495662|P_EXP_DT=20251113
    [P_RMESG2] => 
    [P_NOTI] => 
    [P_AUTH_NO] => 
)

 Array
(
    [PageCall time] => 16:03:59
    [P_TID] => INIMX_VBNKCAEcatca0720251103160030485621
    [P_MID] => CAEcatca07
    [P_AUTH_DT] => 20251103160358
    [P_STATUS] => 02
    [P_TYPE] => VBANK
    [P_OID] => 251103-034
    [P_FN_CD1] => 20
    [P_FN_CD2] => 
    [P_FN_NM] => 우리은행
    [P_AMT] => 3000
    [P_UNAME] => 방희천
    [P_RMESG1] => P_VACCT_NO=27763155518528|P_EXP_DT=20251113
    [P_RMESG2] => 
    [P_NOTI] => 
    [P_AUTH_NO] => 
)

 Array
(
    [PageCall time] => 16:10:46
    [P_TID] => INIMX_VBNKCAEcatca0720251103160719725416
    [P_MID] => CAEcatca07
    [P_AUTH_DT] => 20251103161046
    [P_STATUS] => 02
    [P_TYPE] => VBANK
    [P_OID] => 251103-035
    [P_FN_CD1] => 04
    [P_FN_CD2] => 
    [P_FN_NM] => KB국민은행
    [P_AMT] => 3000
    [P_UNAME] => 이윤녕
    [P_RMESG1] => P_VACCT_NO=99289014524267|P_EXP_DT=20251113
    [P_RMESG2] => 
    [P_NOTI] => 
    [P_AUTH_NO] => 
)

 Array
(
    [PageCall time] => 17:47:05
    [P_TID] => INIMX_VBNKCAEcatca0720251103174414655975
    [P_MID] => CAEcatca07
    [P_AUTH_DT] => 20251103174705
    [P_STATUS] => 02
    [P_TYPE] => VBANK
    [P_OID] => 251029-028
    [P_FN_CD1] => 20
    [P_FN_CD2] => 
    [P_FN_NM] => 우리은행
    [P_AMT] => 3000
    [P_UNAME] => 임한범
    [P_RMESG1] => P_VACCT_NO=27763166118306|P_EXP_DT=20251113
    [P_RMESG2] => 
    [P_NOTI] => 
    [P_AUTH_NO] => 
)

 Array
(
    [PageCall time] => 18:40:28
    [P_TID] => INIMX_VBNKCAEcatca0720251103183537215632
    [P_MID] => CAEcatca07
    [P_AUTH_DT] => 20251103184028
    [P_STATUS] => 02
    [P_TYPE] => VBANK
    [P_OID] => 251103-039
    [P_FN_CD1] => 81
    [P_FN_CD2] => 
    [P_FN_NM] => 하나은행
    [P_AMT] => 3000
    [P_UNAME] => 김진희
    [P_RMESG1] => P_VACCT_NO=20893952919537|P_EXP_DT=20251113
    [P_RMESG2] => 
    [P_NOTI] => 
    [P_AUTH_NO] => 
)

 Array
(
    [PageCall time] => 18:54:04
    [P_TID] => INIMX_VBNKCAEcatca0720251103185121395892
    [P_MID] => CAEcatca07
    [P_AUTH_DT] => 20251103185403
    [P_STATUS] => 02
    [P_TYPE] => VBANK
    [P_OID] => 251103-040
    [P_FN_CD1] => 03
    [P_FN_CD2] => 
    [P_FN_NM] => 기업은행
    [P_AMT] => 3000
    [P_UNAME] => 허수봉
    [P_RMESG1] => P_VACCT_NO=07503413997208|P_EXP_DT=20251113
    [P_RMESG2] => 
    [P_NOTI] => 
    [P_AUTH_NO] => 
)

 Array
(
    [PageCall time] => 20:33:02
    [P_TID] => INIMX_VBNKCAEcatca0720251103203031295303
    [P_MID] => CAEcatca07
    [P_AUTH_DT] => 20251103203302
    [P_STATUS] => 02
    [P_TYPE] => VBANK
    [P_OID] => 251103-042
    [P_FN_CD1] => 04
    [P_FN_CD2] => 
    [P_FN_NM] => KB국민은행
    [P_AMT] => 3000
    [P_UNAME] => 배용성
    [P_RMESG1] => P_VACCT_NO=99289014656607|P_EXP_DT=20251113
    [P_RMESG2] => 
    [P_NOTI] => 
    [P_AUTH_NO] => 
)

 Array
(
    [PageCall time] => 22:28:03
    [P_TID] => INIMX_VBNKCAEcatca0720251103222415925055
    [P_MID] => CAEcatca07
    [P_AUTH_DT] => 20251103222803
    [P_STATUS] => 02
    [P_TYPE] => VBANK
    [P_OID] => 251103-045
    [P_FN_CD1] => 20
    [P_FN_CD2] => 
    [P_FN_NM] => 우리은행
    [P_AMT] => 3000
    [P_UNAME] => 김효정
    [P_RMESG1] => P_VACCT_NO=32823252418998|P_EXP_DT=20251113
    [P_RMESG2] => 
    [P_NOTI] => 
    [P_AUTH_NO] => 
)

 Array
(
    [PageCall time] => 22:40:10
    [P_TID] => INIMX_VBNKCAEcatca0720251103223721595128
    [P_MID] => CAEcatca07
    [P_AUTH_DT] => 20251103224010
    [P_STATUS] => 02
    [P_TYPE] => VBANK
    [P_OID] => 251103-047
    [P_FN_CD1] => 04
    [P_FN_CD2] => 
    [P_FN_NM] => KB국민은행
    [P_AMT] => 3000
    [P_UNAME] => 송진희
    [P_RMESG1] => P_VACCT_NO=99289014708902|P_EXP_DT=20251113
    [P_RMESG2] => 
    [P_NOTI] => 
    [P_AUTH_NO] => 
)

 Array
(
    [PageCall time] => 23:10:00
    [P_TID] => INIMX_VBNKCAEcatca0720251103230617875826
    [P_MID] => CAEcatca07
    [P_AUTH_DT] => 20251103231000
    [P_STATUS] => 02
    [P_TYPE] => VBANK
    [P_OID] => 251103-016
    [P_FN_CD1] => 81
    [P_FN_CD2] => 
    [P_FN_NM] => 하나은행
    [P_AMT] => 3000
    [P_UNAME] => 조형주
    [P_RMESG1] => P_VACCT_NO=20893954725837|P_EXP_DT=20251113
    [P_RMESG2] => 
    [P_NOTI] => 
    [P_AUTH_NO] => 
)

