 Array
(
    [PageCall time] => 03:33:33
    [P_TID] => INIMX_VBNKCAEcatca0720250925032940925807
    [P_MID] => CAEcatca07
    [P_AUTH_DT] => 20250925033333
    [P_STATUS] => 02
    [P_TYPE] => VBANK
    [P_OID] => 250924-025
    [P_FN_CD1] => 32
    [P_FN_CD2] => 
    [P_FN_NM] => 부산은행
    [P_AMT] => 3000
    [P_UNAME] => 한경순
    [P_RMESG1] => P_VACCT_NO=109924045819|P_EXP_DT=20251005
    [P_RMESG2] => 
    [P_NOTI] => 
    [P_AUTH_NO] => 
)

 Array
(
    [PageCall time] => 09:04:06
    [P_TID] => INIMX_VBNKCAEcatca0720250925085950475857
    [P_MID] => CAEcatca07
    [P_AUTH_DT] => 20250925090406
    [P_STATUS] => 02
    [P_TYPE] => VBANK
    [P_OID] => 250925-003
    [P_FN_CD1] => 81
    [P_FN_CD2] => 
    [P_FN_NM] => 하나은행
    [P_AMT] => 3000
    [P_UNAME] => 김희경
    [P_RMESG1] => P_VACCT_NO=20894755509137|P_EXP_DT=20251005
    [P_RMESG2] => 
    [P_NOTI] => 
    [P_AUTH_NO] => 
)

 Array
(
    [PageCall time] => 09:15:13
    [P_TID] => INIMX_VBNKCAEcatca0720250925091237225253
    [P_MID] => CAEcatca07
    [P_AUTH_DT] => 20250925091513
    [P_STATUS] => 02
    [P_TYPE] => VBANK
    [P_OID] => 250925-001
    [P_FN_CD1] => 04
    [P_FN_CD2] => 
    [P_FN_NM] => KB국민은행
    [P_AMT] => 3000
    [P_UNAME] => 허아정
    [P_RMESG1] => P_VACCT_NO=51269079089101|P_EXP_DT=20251005
    [P_RMESG2] => 
    [P_NOTI] => 
    [P_AUTH_NO] => 
)

 Array
(
    [PageCall time] => 09:46:56
    [P_TID] => INIMX_VBNKCAEcatca0720250925094259805639
    [P_MID] => CAEcatca07
    [P_AUTH_DT] => 20250925094656
    [P_STATUS] => 02
    [P_TYPE] => VBANK
    [P_OID] => 250925-004
    [P_FN_CD1] => 88
    [P_FN_CD2] => 
    [P_FN_NM] => 신한은행
    [P_AMT] => 3000
    [P_UNAME] => 김수희
    [P_RMESG1] => P_VACCT_NO=56211102890806|P_EXP_DT=20251005
    [P_RMESG2] => 
    [P_NOTI] => 
    [P_AUTH_NO] => 
)

 Array
(
    [PageCall time] => 11:03:20
    [P_TID] => INIMX_VBNKCAEcatca0720250925110244514851
    [P_MID] => CAEcatca07
    [P_AUTH_DT] => 20250925110320
    [P_STATUS] => 02
    [P_TYPE] => VBANK
    [P_OID] => 250925-006
    [P_FN_CD1] => 11
    [P_FN_CD2] => 
    [P_FN_NM] => NH농협은행
    [P_AMT] => 3000
    [P_UNAME] => 남기탁
    [P_RMESG1] => P_VACCT_NO=79005846173130|P_EXP_DT=20251005
    [P_RMESG2] => 
    [P_NOTI] => 
    [P_AUTH_NO] => 
)

 Array
(
    [PageCall time] => 11:41:11
    [P_TID] => INIMX_VBNKCAEcatca0720250925113827544999
    [P_MID] => CAEcatca07
    [P_AUTH_DT] => 20250925114111
    [P_STATUS] => 02
    [P_TYPE] => VBANK
    [P_OID] => 250925-011
    [P_FN_CD1] => 88
    [P_FN_CD2] => 
    [P_FN_NM] => 신한은행
    [P_AMT] => 3000
    [P_UNAME] => 김혜영
    [P_RMESG1] => P_VACCT_NO=56211122633418|P_EXP_DT=20251005
    [P_RMESG2] => 
    [P_NOTI] => 
    [P_AUTH_NO] => 
)

 Array
(
    [PageCall time] => 11:45:03
    [P_TID] => INIMX_VBNKCAEcatca0720250925114238264814
    [P_MID] => CAEcatca07
    [P_AUTH_DT] => 20250925114503
    [P_STATUS] => 02
    [P_TYPE] => VBANK
    [P_OID] => 250925-013
    [P_FN_CD1] => 04
    [P_FN_CD2] => 
    [P_FN_NM] => KB국민은행
    [P_AMT] => 3000
    [P_UNAME] => 반수현
    [P_RMESG1] => P_VACCT_NO=96989078221777|P_EXP_DT=20251005
    [P_RMESG2] => 
    [P_NOTI] => 
    [P_AUTH_NO] => 
)

 Array
(
    [PageCall time] => 12:23:40
    [P_TID] => INIMX_VBNKCAEcatca0720250925122233564997
    [P_MID] => CAEcatca07
    [P_AUTH_DT] => 20250925122340
    [P_STATUS] => 02
    [P_TYPE] => VBANK
    [P_OID] => 250925-014
    [P_FN_CD1] => 11
    [P_FN_CD2] => 
    [P_FN_NM] => NH농협은행
    [P_AMT] => 3000
    [P_UNAME] => 강양현
    [P_RMESG1] => P_VACCT_NO=79005846225773|P_EXP_DT=20251005
    [P_RMESG2] => 
    [P_NOTI] => 
    [P_AUTH_NO] => 
)

 Array
(
    [PageCall time] => 13:55:24
    [P_TID] => INIMX_VBNKCAEcatca0720250925135218644116
    [P_MID] => CAEcatca07
    [P_AUTH_DT] => 20250925135524
    [P_STATUS] => 02
    [P_TYPE] => VBANK
    [P_OID] => 250925-018
    [P_FN_CD1] => 04
    [P_FN_CD2] => 
    [P_FN_NM] => KB국민은행
    [P_AMT] => 3000
    [P_UNAME] => 김규림
    [P_RMESG1] => P_VACCT_NO=96989078250159|P_EXP_DT=20251005
    [P_RMESG2] => 
    [P_NOTI] => 
    [P_AUTH_NO] => 
)

 Array
(
    [PageCall time] => 13:59:48
    [P_TID] => INIMX_VBNKCAEcatca0720250925135856824516
    [P_MID] => CAEcatca07
    [P_AUTH_DT] => 20250925135948
    [P_STATUS] => 02
    [P_TYPE] => VBANK
    [P_OID] => 250925-017
    [P_FN_CD1] => 11
    [P_FN_CD2] => 
    [P_FN_NM] => NH농협은행
    [P_AMT] => 3000
    [P_UNAME] => 박인형
    [P_RMESG1] => P_VACCT_NO=79005846267019|P_EXP_DT=20251005
    [P_RMESG2] => 
    [P_NOTI] => 
    [P_AUTH_NO] => 
)

 Array
(
    [PageCall time] => 14:09:55
    [P_TID] => INIMX_VBNKCAEcatca0720250925140735294431
    [P_MID] => CAEcatca07
    [P_AUTH_DT] => 20250925140955
    [P_STATUS] => 02
    [P_TYPE] => VBANK
    [P_OID] => 250925-019
    [P_FN_CD1] => 11
    [P_FN_CD2] => 
    [P_FN_NM] => NH농협은행
    [P_AMT] => 3000
    [P_UNAME] => 이영주
    [P_RMESG1] => P_VACCT_NO=79005846274851|P_EXP_DT=20251005
    [P_RMESG2] => 
    [P_NOTI] => 
    [P_AUTH_NO] => 
)

 Array
(
    [PageCall time] => 14:23:12
    [P_TID] => INIMX_VBNKCAEcatca0720250925142250474963
    [P_MID] => CAEcatca07
    [P_AUTH_DT] => 20250925142312
    [P_STATUS] => 02
    [P_TYPE] => VBANK
    [P_OID] => 250925-023
    [P_FN_CD1] => 11
    [P_FN_CD2] => 
    [P_FN_NM] => NH농협은행
    [P_AMT] => 3000
    [P_UNAME] => 김은서
    [P_RMESG1] => P_VACCT_NO=79005846284017|P_EXP_DT=20251005
    [P_RMESG2] => 
    [P_NOTI] => 
    [P_AUTH_NO] => 
)

 Array
(
    [PageCall time] => 16:06:10
    [P_TID] => INIMX_VBNKCAEcatca0720250925160136604484
    [P_MID] => CAEcatca07
    [P_AUTH_DT] => 20250925160610
    [P_STATUS] => 02
    [P_TYPE] => VBANK
    [P_OID] => 250925-024
    [P_FN_CD1] => 81
    [P_FN_CD2] => 
    [P_FN_NM] => 하나은행
    [P_AMT] => 3000
    [P_UNAME] => 유사랑
    [P_RMESG1] => P_VACCT_NO=20893958305537|P_EXP_DT=20251005
    [P_RMESG2] => 
    [P_NOTI] => 
    [P_AUTH_NO] => 
)

 Array
(
    [PageCall time] => 16:23:40
    [P_TID] => INIMX_VBNKCAEcatca0720250925161621564540
    [P_MID] => CAEcatca07
    [P_AUTH_DT] => 20250925162340
    [P_STATUS] => 02
    [P_TYPE] => VBANK
    [P_OID] => 250925-025
    [P_FN_CD1] => 11
    [P_FN_CD2] => 
    [P_FN_NM] => NH농협은행
    [P_AMT] => 3000
    [P_UNAME] => 김정희
    [P_RMESG1] => P_VACCT_NO=79005846357513|P_EXP_DT=20251005
    [P_RMESG2] => 
    [P_NOTI] => 
    [P_AUTH_NO] => 
)

 Array
(
    [PageCall time] => 16:43:05
    [P_TID] => INIMX_VBNKCAEcatca0720250925163958114219
    [P_MID] => CAEcatca07
    [P_AUTH_DT] => 20250925164305
    [P_STATUS] => 02
    [P_TYPE] => VBANK
    [P_OID] => 250925-026
    [P_FN_CD1] => 20
    [P_FN_CD2] => 
    [P_FN_NM] => 우리은행
    [P_AMT] => 3000
    [P_UNAME] => 임다솔
    [P_RMESG1] => P_VACCT_NO=26245289518801|P_EXP_DT=20251005
    [P_RMESG2] => 
    [P_NOTI] => 
    [P_AUTH_NO] => 
)

 Array
(
    [PageCall time] => 17:07:58
    [P_TID] => INIMX_VBNKCAEcatca0720250925170345105012
    [P_MID] => CAEcatca07
    [P_AUTH_DT] => 20250925170758
    [P_STATUS] => 02
    [P_TYPE] => VBANK
    [P_OID] => 250923-015
    [P_FN_CD1] => 03
    [P_FN_CD2] => 
    [P_FN_NM] => 기업은행
    [P_AMT] => 3000
    [P_UNAME] => 조성찬
    [P_RMESG1] => P_VACCT_NO=07502377597893|P_EXP_DT=20251005
    [P_RMESG2] => 
    [P_NOTI] => 
    [P_AUTH_NO] => 
)

 Array
(
    [PageCall time] => 18:59:42
    [P_TID] => INIMX_VBNKCAEcatca0720250925185711535823
    [P_MID] => CAEcatca07
    [P_AUTH_DT] => 20250925185942
    [P_STATUS] => 02
    [P_TYPE] => VBANK
    [P_OID] => 250925-031
    [P_FN_CD1] => 89
    [P_FN_CD2] => 
    [P_FN_NM] => 케이뱅크
    [P_AMT] => 3000
    [P_UNAME] => 나소연
    [P_RMESG1] => P_VACCT_NO=70112003509379|P_EXP_DT=20251005
    [P_RMESG2] => 
    [P_NOTI] => 
    [P_AUTH_NO] => 
)

 Array
(
    [PageCall time] => 21:26:39
    [P_TID] => INIMX_VBNKCAEcatca0720250925212400815288
    [P_MID] => CAEcatca07
    [P_AUTH_DT] => 20250925212639
    [P_STATUS] => 02
    [P_TYPE] => VBANK
    [P_OID] => 250925-032
    [P_FN_CD1] => 88
    [P_FN_CD2] => 
    [P_FN_NM] => 신한은행
    [P_AMT] => 3000
    [P_UNAME] => 박진영
    [P_RMESG1] => P_VACCT_NO=56211102916606|P_EXP_DT=20251005
    [P_RMESG2] => 
    [P_NOTI] => 
    [P_AUTH_NO] => 
)

 Array
(
    [PageCall time] => 22:55:10
    [P_TID] => INIMX_VBNKCAEcatca0720250925225146775115
    [P_MID] => CAEcatca07
    [P_AUTH_DT] => 20250925225510
    [P_STATUS] => 02
    [P_TYPE] => VBANK
    [P_OID] => 250925-033
    [P_FN_CD1] => 04
    [P_FN_CD2] => 
    [P_FN_NM] => KB국민은행
    [P_AMT] => 3000
    [P_UNAME] => 구진미
    [P_RMESG1] => P_VACCT_NO=26119078141135|P_EXP_DT=20251005
    [P_RMESG2] => 
    [P_NOTI] => 
    [P_AUTH_NO] => 
)

