 Array
(
    [PageCall time] => 05:11:18
    [P_TID] => INIMX_VBNKCAEcatca0720251105164305685067
    [P_MID] => CAEcatca07
    [P_AUTH_DT] => 20251106051118
    [P_STATUS] => 02
    [P_TYPE] => VBANK
    [P_OID] => 251105-002
    [P_FN_CD1] => 04
    [P_FN_CD2] => 
    [P_FN_NM] => KB국민은행
    [P_AMT] => 3000
    [P_UNAME] => 손정애
    [P_RMESG1] => P_VACCT_NO=00159071234474|P_EXP_DT=20251115
    [P_RMESG2] => 
    [P_NOTI] => 
    [P_AUTH_NO] => 
)

 Array
(
    [PageCall time] => 08:50:38
    [P_TID] => INIMX_VBNKCAEcatca0720251106084748215016
    [P_MID] => CAEcatca07
    [P_AUTH_DT] => 20251106085038
    [P_STATUS] => 02
    [P_TYPE] => VBANK
    [P_OID] => 251106-002
    [P_FN_CD1] => 03
    [P_FN_CD2] => 
    [P_FN_NM] => 기업은행
    [P_AMT] => 3000
    [P_UNAME] => 이관재
    [P_RMESG1] => P_VACCT_NO=07503433597142|P_EXP_DT=20251116
    [P_RMESG2] => 
    [P_NOTI] => 
    [P_AUTH_NO] => 
)

 Array
(
    [PageCall time] => 10:24:39
    [P_TID] => INIMX_VBNKCAEcatca0720251106102157985433
    [P_MID] => CAEcatca07
    [P_AUTH_DT] => 20251106102439
    [P_STATUS] => 02
    [P_TYPE] => VBANK
    [P_OID] => 251106-005
    [P_FN_CD1] => 81
    [P_FN_CD2] => 
    [P_FN_NM] => 하나은행
    [P_AMT] => 3000
    [P_UNAME] => 이진선
    [P_RMESG1] => P_VACCT_NO=20893969137137|P_EXP_DT=20251116
    [P_RMESG2] => 
    [P_NOTI] => 
    [P_AUTH_NO] => 
)

 Array
(
    [PageCall time] => 10:59:20
    [P_TID] => INIMX_VBNKCAEcatca0720251106105737395220
    [P_MID] => CAEcatca07
    [P_AUTH_DT] => 20251106105920
    [P_STATUS] => 02
    [P_TYPE] => VBANK
    [P_OID] => 251106-008
    [P_FN_CD1] => 71
    [P_FN_CD2] => 
    [P_FN_NM] => 우체국
    [P_AMT] => 3000
    [P_UNAME] => 함형인
    [P_RMESG1] => P_VACCT_NO=01398781903102|P_EXP_DT=20251116
    [P_RMESG2] => 
    [P_NOTI] => 
    [P_AUTH_NO] => 
)

 Array
(
    [PageCall time] => 11:03:48
    [P_TID] => INIMX_VBNKCAEcatca0720251106110106175657
    [P_MID] => CAEcatca07
    [P_AUTH_DT] => 20251106110347
    [P_STATUS] => 02
    [P_TYPE] => VBANK
    [P_OID] => 251106-011
    [P_FN_CD1] => 89
    [P_FN_CD2] => 
    [P_FN_NM] => 케이뱅크
    [P_AMT] => 3000
    [P_UNAME] => 강다현
    [P_RMESG1] => P_VACCT_NO=70112003778342|P_EXP_DT=20251116
    [P_RMESG2] => 
    [P_NOTI] => 
    [P_AUTH_NO] => 
)

 Array
(
    [PageCall time] => 11:06:52
    [P_TID] => INIMX_VBNKCAEcatca0720251106110426945254
    [P_MID] => CAEcatca07
    [P_AUTH_DT] => 20251106110652
    [P_STATUS] => 02
    [P_TYPE] => VBANK
    [P_OID] => 251106-012
    [P_FN_CD1] => 20
    [P_FN_CD2] => 
    [P_FN_NM] => 우리은행
    [P_AMT] => 3000
    [P_UNAME] => 김수연
    [P_RMESG1] => P_VACCT_NO=32823471018131|P_EXP_DT=20251116
    [P_RMESG2] => 
    [P_NOTI] => 
    [P_AUTH_NO] => 
)

 Array
(
    [PageCall time] => 11:26:02
    [P_TID] => INIMX_VBNKCAEcatca0720251106105438215480
    [P_MID] => CAEcatca07
    [P_AUTH_DT] => 20251106112602
    [P_STATUS] => 02
    [P_TYPE] => VBANK
    [P_OID] => 251106-007
    [P_FN_CD1] => 88
    [P_FN_CD2] => 
    [P_FN_NM] => 신한은행
    [P_AMT] => 3000
    [P_UNAME] => 이승희
    [P_RMESG1] => P_VACCT_NO=56211105108601|P_EXP_DT=20251116
    [P_RMESG2] => 
    [P_NOTI] => 
    [P_AUTH_NO] => 
)

 Array
(
    [PageCall time] => 11:46:30
    [P_TID] => INIMX_VBNKCAEcatca0720251106114351195112
    [P_MID] => CAEcatca07
    [P_AUTH_DT] => 20251106114630
    [P_STATUS] => 02
    [P_TYPE] => VBANK
    [P_OID] => 251106-015
    [P_FN_CD1] => 03
    [P_FN_CD2] => 
    [P_FN_NM] => 기업은행
    [P_AMT] => 3000
    [P_UNAME] => 이연하
    [P_RMESG1] => P_VACCT_NO=07503436297292|P_EXP_DT=20251116
    [P_RMESG2] => 
    [P_NOTI] => 
    [P_AUTH_NO] => 
)

 Array
(
    [PageCall time] => 12:31:53
    [P_TID] => INIMX_VBNKCAEcatca0720251106123115265601
    [P_MID] => CAEcatca07
    [P_AUTH_DT] => 20251106123153
    [P_STATUS] => 02
    [P_TYPE] => VBANK
    [P_OID] => 251106-018
    [P_FN_CD1] => 11
    [P_FN_CD2] => 
    [P_FN_NM] => NH농협은행
    [P_AMT] => 3000
    [P_UNAME] => 박수민
    [P_RMESG1] => P_VACCT_NO=79015901058250|P_EXP_DT=20251116
    [P_RMESG2] => 
    [P_NOTI] => 
    [P_AUTH_NO] => 
)

 Array
(
    [PageCall time] => 12:39:01
    [P_TID] => INIMX_VBNKCAEcatca0720251106123618855751
    [P_MID] => CAEcatca07
    [P_AUTH_DT] => 20251106123901
    [P_STATUS] => 02
    [P_TYPE] => VBANK
    [P_OID] => 251106-019
    [P_FN_CD1] => 04
    [P_FN_CD2] => 
    [P_FN_NM] => KB국민은행
    [P_AMT] => 3000
    [P_UNAME] => 이정일
    [P_RMESG1] => P_VACCT_NO=26119078166446|P_EXP_DT=20251116
    [P_RMESG2] => 
    [P_NOTI] => 
    [P_AUTH_NO] => 
)

 Array
(
    [PageCall time] => 14:18:55
    [P_TID] => INIMX_VBNKCAEcatca0720251106141545945416
    [P_MID] => CAEcatca07
    [P_AUTH_DT] => 20251106141855
    [P_STATUS] => 02
    [P_TYPE] => VBANK
    [P_OID] => 251106-014
    [P_FN_CD1] => 03
    [P_FN_CD2] => 
    [P_FN_NM] => 기업은행
    [P_AMT] => 3000
    [P_UNAME] => 장옥선
    [P_RMESG1] => P_VACCT_NO=07500341097076|P_EXP_DT=20251116
    [P_RMESG2] => 
    [P_NOTI] => 
    [P_AUTH_NO] => 
)

 Array
(
    [PageCall time] => 14:42:21
    [P_TID] => INIMX_VBNKCAEcatca0720251106143858205551
    [P_MID] => CAEcatca07
    [P_AUTH_DT] => 20251106144221
    [P_STATUS] => 02
    [P_TYPE] => VBANK
    [P_OID] => 251106-020
    [P_FN_CD1] => 04
    [P_FN_CD2] => 
    [P_FN_NM] => KB국민은행
    [P_AMT] => 3000
    [P_UNAME] => 신성희
    [P_RMESG1] => P_VACCT_NO=26119078228942|P_EXP_DT=20251116
    [P_RMESG2] => 
    [P_NOTI] => 
    [P_AUTH_NO] => 
)

 Array
(
    [PageCall time] => 14:49:35
    [P_TID] => INIMX_VBNKCAEcatca0720251106144811435730
    [P_MID] => CAEcatca07
    [P_AUTH_DT] => 20251106144935
    [P_STATUS] => 02
    [P_TYPE] => VBANK
    [P_OID] => 251106-021
    [P_FN_CD1] => 11
    [P_FN_CD2] => 
    [P_FN_NM] => NH농협은행
    [P_AMT] => 3000
    [P_UNAME] => 강원선
    [P_RMESG1] => P_VACCT_NO=79015901077802|P_EXP_DT=20251116
    [P_RMESG2] => 
    [P_NOTI] => 
    [P_AUTH_NO] => 
)

 Array
(
    [PageCall time] => 15:22:44
    [P_TID] => INIMX_VBNKCAEcatca0720251106152003975239
    [P_MID] => CAEcatca07
    [P_AUTH_DT] => 20251106152244
    [P_STATUS] => 02
    [P_TYPE] => VBANK
    [P_OID] => 251106-022
    [P_FN_CD1] => 81
    [P_FN_CD2] => 
    [P_FN_NM] => 하나은행
    [P_AMT] => 3000
    [P_UNAME] => 코리아에스앤에스
    [P_RMESG1] => P_VACCT_NO=20893970742837|P_EXP_DT=20251116
    [P_RMESG2] => 
    [P_NOTI] => 
    [P_AUTH_NO] => 
)

 Array
(
    [PageCall time] => 15:34:05
    [P_TID] => INIMX_VBNKCAEcatca0720251106153040195132
    [P_MID] => CAEcatca07
    [P_AUTH_DT] => 20251106153405
    [P_STATUS] => 02
    [P_TYPE] => VBANK
    [P_OID] => 251106-023
    [P_FN_CD1] => 88
    [P_FN_CD2] => 
    [P_FN_NM] => 신한은행
    [P_AMT] => 3000
    [P_UNAME] => 최성묵
    [P_RMESG1] => P_VACCT_NO=56211105133000|P_EXP_DT=20251116
    [P_RMESG2] => 
    [P_NOTI] => 
    [P_AUTH_NO] => 
)

 Array
(
    [PageCall time] => 15:34:50
    [P_TID] => INIMX_VBNKCAEcatca0720251106153148675014
    [P_MID] => CAEcatca07
    [P_AUTH_DT] => 20251106153450
    [P_STATUS] => 02
    [P_TYPE] => VBANK
    [P_OID] => 251106-024
    [P_FN_CD1] => 04
    [P_FN_CD2] => 
    [P_FN_NM] => KB국민은행
    [P_AMT] => 3000
    [P_UNAME] => 최은미
    [P_RMESG1] => P_VACCT_NO=00159071567017|P_EXP_DT=20251116
    [P_RMESG2] => 
    [P_NOTI] => 
    [P_AUTH_NO] => 
)

 Array
(
    [PageCall time] => 15:49:44
    [P_TID] => INIMX_VBNKCAEcatca0720251106154617445616
    [P_MID] => CAEcatca07
    [P_AUTH_DT] => 20251106154944
    [P_STATUS] => 02
    [P_TYPE] => VBANK
    [P_OID] => 251105-024
    [P_FN_CD1] => 04
    [P_FN_CD2] => 
    [P_FN_NM] => KB국민은행
    [P_AMT] => 3000
    [P_UNAME] => 김명자
    [P_RMESG1] => P_VACCT_NO=00159071571162|P_EXP_DT=20251116
    [P_RMESG2] => 
    [P_NOTI] => 
    [P_AUTH_NO] => 
)

 Array
(
    [PageCall time] => 15:52:27
    [P_TID] => INIMX_VBNKCAEcatca0720251106154952485442
    [P_MID] => CAEcatca07
    [P_AUTH_DT] => 20251106155227
    [P_STATUS] => 02
    [P_TYPE] => VBANK
    [P_OID] => 251106-025
    [P_FN_CD1] => 81
    [P_FN_CD2] => 
    [P_FN_NM] => 하나은행
    [P_AMT] => 3000
    [P_UNAME] => 허정미
    [P_RMESG1] => P_VACCT_NO=20893970962937|P_EXP_DT=20251116
    [P_RMESG2] => 
    [P_NOTI] => 
    [P_AUTH_NO] => 
)

 Array
(
    [PageCall time] => 16:18:02
    [P_TID] => INIMX_VBNKCAEcatca0720251106161444625123
    [P_MID] => CAEcatca07
    [P_AUTH_DT] => 20251106161802
    [P_STATUS] => 02
    [P_TYPE] => VBANK
    [P_OID] => 251106-027
    [P_FN_CD1] => 04
    [P_FN_CD2] => 
    [P_FN_NM] => KB국민은행
    [P_AMT] => 3000
    [P_UNAME] => 경아
    [P_RMESG1] => P_VACCT_NO=00159071586029|P_EXP_DT=20251116
    [P_RMESG2] => 
    [P_NOTI] => 
    [P_AUTH_NO] => 
)

 Array
(
    [PageCall time] => 16:22:42
    [P_TID] => INIMX_VBNKCAEcatca0720251106162001895064
    [P_MID] => CAEcatca07
    [P_AUTH_DT] => 20251106162242
    [P_STATUS] => 02
    [P_TYPE] => VBANK
    [P_OID] => 251106-028
    [P_FN_CD1] => 81
    [P_FN_CD2] => 
    [P_FN_NM] => 하나은행
    [P_AMT] => 3000
    [P_UNAME] => 김용식
    [P_RMESG1] => P_VACCT_NO=20893971085237|P_EXP_DT=20251116
    [P_RMESG2] => 
    [P_NOTI] => 
    [P_AUTH_NO] => 
)

 Array
(
    [PageCall time] => 16:28:06
    [P_TID] => INIMX_VBNKCAEcatca0720251106162506205956
    [P_MID] => CAEcatca07
    [P_AUTH_DT] => 20251106162806
    [P_STATUS] => 02
    [P_TYPE] => VBANK
    [P_OID] => 251106-029
    [P_FN_CD1] => 81
    [P_FN_CD2] => 
    [P_FN_NM] => 하나은행
    [P_AMT] => 3000
    [P_UNAME] => 김태린
    [P_RMESG1] => P_VACCT_NO=20893971127037|P_EXP_DT=20251116
    [P_RMESG2] => 
    [P_NOTI] => 
    [P_AUTH_NO] => 
)

 Array
(
    [PageCall time] => 16:46:41
    [P_TID] => INIMX_VBNKCAEcatca0720251106164346695057
    [P_MID] => CAEcatca07
    [P_AUTH_DT] => 20251106164641
    [P_STATUS] => 02
    [P_TYPE] => VBANK
    [P_OID] => 251106-030
    [P_FN_CD1] => 04
    [P_FN_CD2] => 
    [P_FN_NM] => KB국민은행
    [P_AMT] => 3000
    [P_UNAME] => 김현미
    [P_RMESG1] => P_VACCT_NO=00159071600600|P_EXP_DT=20251116
    [P_RMESG2] => 
    [P_NOTI] => 
    [P_AUTH_NO] => 
)

 Array
(
    [PageCall time] => 18:13:02
    [P_TID] => INIMX_VBNKCAEcatca0720251106180922205390
    [P_MID] => CAEcatca07
    [P_AUTH_DT] => 20251106181302
    [P_STATUS] => 02
    [P_TYPE] => VBANK
    [P_OID] => 251106-036
    [P_FN_CD1] => 04
    [P_FN_CD2] => 
    [P_FN_NM] => KB국민은행
    [P_AMT] => 3000
    [P_UNAME] => 곽호
    [P_RMESG1] => P_VACCT_NO=00159071625771|P_EXP_DT=20251116
    [P_RMESG2] => 
    [P_NOTI] => 
    [P_AUTH_NO] => 
)

 Array
(
    [PageCall time] => 19:50:49
    [P_TID] => INIMX_VBNKCAEcatca0720251106194713495311
    [P_MID] => CAEcatca07
    [P_AUTH_DT] => 20251106195049
    [P_STATUS] => 02
    [P_TYPE] => VBANK
    [P_OID] => 251106-034
    [P_FN_CD1] => 03
    [P_FN_CD2] => 
    [P_FN_NM] => 기업은행
    [P_AMT] => 3000
    [P_UNAME] => 양보경
    [P_RMESG1] => P_VACCT_NO=07500344597688|P_EXP_DT=20251116
    [P_RMESG2] => 
    [P_NOTI] => 
    [P_AUTH_NO] => 
)

 Array
(
    [PageCall time] => 19:59:00
    [P_TID] => INIMX_VBNKCAEcatca0720251106195642625983
    [P_MID] => CAEcatca07
    [P_AUTH_DT] => 20251106195900
    [P_STATUS] => 02
    [P_TYPE] => VBANK
    [P_OID] => 251106-037
    [P_FN_CD1] => 04
    [P_FN_CD2] => 
    [P_FN_NM] => KB국민은행
    [P_AMT] => 3000
    [P_UNAME] => 박재현
    [P_RMESG1] => P_VACCT_NO=00159071657183|P_EXP_DT=20251116
    [P_RMESG2] => 
    [P_NOTI] => 
    [P_AUTH_NO] => 
)

 Array
(
    [PageCall time] => 21:50:14
    [P_TID] => INIMX_VBNKCAEcatca0720251106214722975972
    [P_MID] => CAEcatca07
    [P_AUTH_DT] => 20251106215014
    [P_STATUS] => 02
    [P_TYPE] => VBANK
    [P_OID] => 251102-020
    [P_FN_CD1] => 20
    [P_FN_CD2] => 
    [P_FN_NM] => 우리은행
    [P_AMT] => 3000
    [P_UNAME] => 목예본
    [P_RMESG1] => P_VACCT_NO=32823510618687|P_EXP_DT=20251116
    [P_RMESG2] => 
    [P_NOTI] => 
    [P_AUTH_NO] => 
)

