 Array
(
    [PageCall time] => 08:39:15
    [P_TID] => INIMX_VBNKCAEcatca0720250611083827984632
    [P_MID] => CAEcatca07
    [P_AUTH_DT] => 20250611083914
    [P_STATUS] => 02
    [P_TYPE] => VBANK
    [P_OID] => 250610-026
    [P_FN_CD1] => 04
    [P_FN_CD2] => 
    [P_FN_NM] => KB국민은행
    [P_AMT] => 3000
    [P_UNAME] => 김봉석
    [P_RMESG1] => P_VACCT_NO=88069011609345|P_EXP_DT=20250621
    [P_RMESG2] => 
    [P_NOTI] => 
    [P_AUTH_NO] => 
)

 Array
(
    [PageCall time] => 08:49:09
    [P_TID] => INIMX_VBNKCAEcatca0720250610233242975631
    [P_MID] => CAEcatca07
    [P_AUTH_DT] => 20250611084909
    [P_STATUS] => 02
    [P_TYPE] => VBANK
    [P_OID] => 250610-030
    [P_FN_CD1] => 20
    [P_FN_CD2] => 
    [P_FN_NM] => 우리은행
    [P_AMT] => 3000
    [P_UNAME] => 조도은
    [P_RMESG1] => P_VACCT_NO=27491225518261|P_EXP_DT=20250620
    [P_RMESG2] => 
    [P_NOTI] => 
    [P_AUTH_NO] => 
)

 Array
(
    [PageCall time] => 09:11:26
    [P_TID] => INIMX_VBNKCAEcatca0720250611090908835458
    [P_MID] => CAEcatca07
    [P_AUTH_DT] => 20250611091126
    [P_STATUS] => 02
    [P_TYPE] => VBANK
    [P_OID] => 250611-003
    [P_FN_CD1] => 11
    [P_FN_CD2] => 
    [P_FN_NM] => NH농협은행
    [P_AMT] => 3000
    [P_UNAME] => 정재훈
    [P_RMESG1] => P_VACCT_NO=79010588053032|P_EXP_DT=20250621
    [P_RMESG2] => 
    [P_NOTI] => 
    [P_AUTH_NO] => 
)

 Array
(
    [PageCall time] => 10:18:19
    [P_TID] => INIMX_VBNKCAEcatca0720250611101657995462
    [P_MID] => CAEcatca07
    [P_AUTH_DT] => 20250611101818
    [P_STATUS] => 02
    [P_TYPE] => VBANK
    [P_OID] => 250611-007
    [P_FN_CD1] => 11
    [P_FN_CD2] => 
    [P_FN_NM] => NH농협은행
    [P_AMT] => 3000
    [P_UNAME] => 홍성순
    [P_RMESG1] => P_VACCT_NO=79010588061790|P_EXP_DT=20250621
    [P_RMESG2] => 
    [P_NOTI] => 
    [P_AUTH_NO] => 
)

 Array
(
    [PageCall time] => 11:44:22
    [P_TID] => INIMX_VBNKCAEcatca0720250611114348865113
    [P_MID] => CAEcatca07
    [P_AUTH_DT] => 20250611114422
    [P_STATUS] => 02
    [P_TYPE] => VBANK
    [P_OID] => 250611-015
    [P_FN_CD1] => 04
    [P_FN_CD2] => 
    [P_FN_NM] => KB국민은행
    [P_AMT] => 3000
    [P_UNAME] => 임성빈
    [P_RMESG1] => P_VACCT_NO=26119078781988|P_EXP_DT=20250621
    [P_RMESG2] => 
    [P_NOTI] => 
    [P_AUTH_NO] => 
)

 Array
(
    [PageCall time] => 12:00:56
    [P_TID] => INIMX_VBNKCAEcatca0720250611115647585256
    [P_MID] => CAEcatca07
    [P_AUTH_DT] => 20250611120056
    [P_STATUS] => 02
    [P_TYPE] => VBANK
    [P_OID] => 250611-001
    [P_FN_CD1] => 88
    [P_FN_CD2] => 
    [P_FN_NM] => 신한은행
    [P_AMT] => 3000
    [P_UNAME] => 조은선
    [P_RMESG1] => P_VACCT_NO=56211104513715|P_EXP_DT=20250621
    [P_RMESG2] => 
    [P_NOTI] => 
    [P_AUTH_NO] => 
)

 Array
(
    [PageCall time] => 12:21:32
    [P_TID] => INIMX_VBNKCAEcatca0720250611121824765771
    [P_MID] => CAEcatca07
    [P_AUTH_DT] => 20250611122131
    [P_STATUS] => 02
    [P_TYPE] => VBANK
    [P_OID] => 250611-011
    [P_FN_CD1] => 03
    [P_FN_CD2] => 
    [P_FN_NM] => 기업은행
    [P_AMT] => 3000
    [P_UNAME] => 이상록
    [P_RMESG1] => P_VACCT_NO=07503216997906|P_EXP_DT=20250621
    [P_RMESG2] => 
    [P_NOTI] => 
    [P_AUTH_NO] => 
)

 Array
(
    [PageCall time] => 13:19:52
    [P_TID] => INIMX_VBNKCAEcatca0720250611131922925881
    [P_MID] => CAEcatca07
    [P_AUTH_DT] => 20250611131952
    [P_STATUS] => 02
    [P_TYPE] => VBANK
    [P_OID] => 250611-018
    [P_FN_CD1] => 32
    [P_FN_CD2] => 
    [P_FN_NM] => 부산은행
    [P_AMT] => 3000
    [P_UNAME] => 임준형
    [P_RMESG1] => P_VACCT_NO=109924715801|P_EXP_DT=20250621
    [P_RMESG2] => 
    [P_NOTI] => 
    [P_AUTH_NO] => 
)

 Array
(
    [PageCall time] => 13:31:17
    [P_TID] => INIMX_VBNKCAEcatca0720250611132631745320
    [P_MID] => CAEcatca07
    [P_AUTH_DT] => 20250611133117
    [P_STATUS] => 02
    [P_TYPE] => VBANK
    [P_OID] => 250611-019
    [P_FN_CD1] => 71
    [P_FN_CD2] => 
    [P_FN_NM] => 우체국
    [P_AMT] => 3000
    [P_UNAME] => 강미숙
    [P_RMESG1] => P_VACCT_NO=01401981745455|P_EXP_DT=20250621
    [P_RMESG2] => 
    [P_NOTI] => 
    [P_AUTH_NO] => 
)

 Array
(
    [PageCall time] => 13:44:36
    [P_TID] => INIMX_VBNKCAEcatca0720250611133627805723
    [P_MID] => CAEcatca07
    [P_AUTH_DT] => 20250611134436
    [P_STATUS] => 02
    [P_TYPE] => VBANK
    [P_OID] => 250611-006
    [P_FN_CD1] => 88
    [P_FN_CD2] => 
    [P_FN_NM] => 신한은행
    [P_AMT] => 3000
    [P_UNAME] => 김용재
    [P_RMESG1] => P_VACCT_NO=56211104521540|P_EXP_DT=20250621
    [P_RMESG2] => 
    [P_NOTI] => 
    [P_AUTH_NO] => 
)

 Array
(
    [PageCall time] => 13:47:08
    [P_TID] => INIMX_VBNKCAEcatca0720250611134413995012
    [P_MID] => CAEcatca07
    [P_AUTH_DT] => 20250611134708
    [P_STATUS] => 02
    [P_TYPE] => VBANK
    [P_OID] => 250610-016
    [P_FN_CD1] => 20
    [P_FN_CD2] => 
    [P_FN_NM] => 우리은행
    [P_AMT] => 3000
    [P_UNAME] => 박현섭
    [P_RMESG1] => P_VACCT_NO=27491242518026|P_EXP_DT=20250621
    [P_RMESG2] => 
    [P_NOTI] => 
    [P_AUTH_NO] => 
)

 Array
(
    [PageCall time] => 13:58:58
    [P_TID] => INIMX_VBNKCAEcatca0720250611135543245701
    [P_MID] => CAEcatca07
    [P_AUTH_DT] => 20250611135858
    [P_STATUS] => 02
    [P_TYPE] => VBANK
    [P_OID] => 250611-020
    [P_FN_CD1] => 89
    [P_FN_CD2] => 
    [P_FN_NM] => 케이뱅크
    [P_AMT] => 3000
    [P_UNAME] => 한예진
    [P_RMESG1] => P_VACCT_NO=70112003736487|P_EXP_DT=20250621
    [P_RMESG2] => 
    [P_NOTI] => 
    [P_AUTH_NO] => 
)

 Array
(
    [PageCall time] => 15:06:48
    [P_TID] => INIMX_VBNKCAEcatca0720250611150412174087
    [P_MID] => CAEcatca07
    [P_AUTH_DT] => 20250611150648
    [P_STATUS] => 02
    [P_TYPE] => VBANK
    [P_OID] => 250611-008
    [P_FN_CD1] => 39
    [P_FN_CD2] => 
    [P_FN_NM] => 경남은행
    [P_AMT] => 3000
    [P_UNAME] => 윤광희
    [P_RMESG1] => P_VACCT_NO=573190104282|P_EXP_DT=20250621
    [P_RMESG2] => 
    [P_NOTI] => 
    [P_AUTH_NO] => 
)

 Array
(
    [PageCall time] => 16:31:21
    [P_TID] => INIMX_VBNKCAEcatca0720250611162648704502
    [P_MID] => CAEcatca07
    [P_AUTH_DT] => 20250611163121
    [P_STATUS] => 02
    [P_TYPE] => VBANK
    [P_OID] => 250611-023
    [P_FN_CD1] => 88
    [P_FN_CD2] => 
    [P_FN_NM] => 신한은행
    [P_AMT] => 3000
    [P_UNAME] => 창정현
    [P_RMESG1] => P_VACCT_NO=56211121391601|P_EXP_DT=20250621
    [P_RMESG2] => 
    [P_NOTI] => 
    [P_AUTH_NO] => 
)

 Array
(
    [PageCall time] => 16:56:52
    [P_TID] => INIMX_VBNKCAEcatca0720250611165311204977
    [P_MID] => CAEcatca07
    [P_AUTH_DT] => 20250611165652
    [P_STATUS] => 02
    [P_TYPE] => VBANK
    [P_OID] => 250611-025
    [P_FN_CD1] => 03
    [P_FN_CD2] => 
    [P_FN_NM] => 기업은행
    [P_AMT] => 3000
    [P_UNAME] => 허정숙
    [P_RMESG1] => P_VACCT_NO=07503435297421|P_EXP_DT=20250621
    [P_RMESG2] => 
    [P_NOTI] => 
    [P_AUTH_NO] => 
)

 Array
(
    [PageCall time] => 17:09:42
    [P_TID] => INIMX_VBNKCAEcatca0720250611170903904926
    [P_MID] => CAEcatca07
    [P_AUTH_DT] => 20250611170942
    [P_STATUS] => 02
    [P_TYPE] => VBANK
    [P_OID] => 250611-026
    [P_FN_CD1] => 04
    [P_FN_CD2] => 
    [P_FN_NM] => KB국민은행
    [P_AMT] => 3000
    [P_UNAME] => 한정윤
    [P_RMESG1] => P_VACCT_NO=88069011631658|P_EXP_DT=20250621
    [P_RMESG2] => 
    [P_NOTI] => 
    [P_AUTH_NO] => 
)

 Array
(
    [PageCall time] => 21:17:09
    [P_TID] => INIMX_VBNKCAEcatca0720250611211512874507
    [P_MID] => CAEcatca07
    [P_AUTH_DT] => 20250611211709
    [P_STATUS] => 02
    [P_TYPE] => VBANK
    [P_OID] => 250611-031
    [P_FN_CD1] => 04
    [P_FN_CD2] => 
    [P_FN_NM] => KB국민은행
    [P_AMT] => 3000
    [P_UNAME] => 진연희
    [P_RMESG1] => P_VACCT_NO=88069011654712|P_EXP_DT=20250621
    [P_RMESG2] => 
    [P_NOTI] => 
    [P_AUTH_NO] => 
)

