 Array
(
    [PageCall time] => 11:19:04
    [P_TID] => INIMX_VBNKCAEcatca0720250605111642955644
    [P_MID] => CAEcatca07
    [P_AUTH_DT] => 20250605111904
    [P_STATUS] => 02
    [P_TYPE] => VBANK
    [P_OID] => 250603-016
    [P_FN_CD1] => 03
    [P_FN_CD2] => 
    [P_FN_NM] => 기업은행
    [P_AMT] => 3000
    [P_UNAME] => 계성우
    [P_RMESG1] => P_VACCT_NO=07503185897269|P_EXP_DT=20250615
    [P_RMESG2] => 
    [P_NOTI] => 
    [P_AUTH_NO] => 
)

 Array
(
    [PageCall time] => 11:34:46
    [P_TID] => INIMX_VBNKCAEcatca0720250605113108875536
    [P_MID] => CAEcatca07
    [P_AUTH_DT] => 20250605113446
    [P_STATUS] => 02
    [P_TYPE] => VBANK
    [P_OID] => 250605-004
    [P_FN_CD1] => 20
    [P_FN_CD2] => 
    [P_FN_NM] => 우리은행
    [P_AMT] => 3000
    [P_UNAME] => 김정란
    [P_RMESG1] => P_VACCT_NO=27490981818774|P_EXP_DT=20250615
    [P_RMESG2] => 
    [P_NOTI] => 
    [P_AUTH_NO] => 
)

 Array
(
    [PageCall time] => 13:15:51
    [P_TID] => INIMX_VBNKCAEcatca0720250605131321775550
    [P_MID] => CAEcatca07
    [P_AUTH_DT] => 20250605131551
    [P_STATUS] => 02
    [P_TYPE] => VBANK
    [P_OID] => 250605-005
    [P_FN_CD1] => 88
    [P_FN_CD2] => 
    [P_FN_NM] => 신한은행
    [P_AMT] => 3000
    [P_UNAME] => 김하늘
    [P_RMESG1] => P_VACCT_NO=56211991938739|P_EXP_DT=20250615
    [P_RMESG2] => 
    [P_NOTI] => 
    [P_AUTH_NO] => 
)

 Array
(
    [PageCall time] => 13:26:22
    [P_TID] => INIMX_VBNKCAEcatca0720250605132320845475
    [P_MID] => CAEcatca07
    [P_AUTH_DT] => 20250605132622
    [P_STATUS] => 02
    [P_TYPE] => VBANK
    [P_OID] => 250605-007
    [P_FN_CD1] => 88
    [P_FN_CD2] => 
    [P_FN_NM] => 신한은행
    [P_AMT] => 3000
    [P_UNAME] => 손채은
    [P_RMESG1] => P_VACCT_NO=56211991999790|P_EXP_DT=20250615
    [P_RMESG2] => 
    [P_NOTI] => 
    [P_AUTH_NO] => 
)

 Array
(
    [PageCall time] => 14:23:08
    [P_TID] => INIMX_VBNKCAEcatca0720250605142036855381
    [P_MID] => CAEcatca07
    [P_AUTH_DT] => 20250605142308
    [P_STATUS] => 02
    [P_TYPE] => VBANK
    [P_OID] => 250605-008
    [P_FN_CD1] => 89
    [P_FN_CD2] => 
    [P_FN_NM] => 케이뱅크
    [P_AMT] => 3000
    [P_UNAME] => 포인트나인건대점
    [P_RMESG1] => P_VACCT_NO=70112003691364|P_EXP_DT=20250615
    [P_RMESG2] => 
    [P_NOTI] => 
    [P_AUTH_NO] => 
)

 Array
(
    [PageCall time] => 15:01:18
    [P_TID] => INIMX_VBNKCAEcatca0720250605145526475307
    [P_MID] => CAEcatca07
    [P_AUTH_DT] => 20250605150118
    [P_STATUS] => 02
    [P_TYPE] => VBANK
    [P_OID] => 250605-009
    [P_FN_CD1] => 11
    [P_FN_CD2] => 
    [P_FN_NM] => NH농협은행
    [P_AMT] => 3000
    [P_UNAME] => 김치영
    [P_RMESG1] => P_VACCT_NO=79010585209847|P_EXP_DT=20250615
    [P_RMESG2] => 
    [P_NOTI] => 
    [P_AUTH_NO] => 
)

 Array
(
    [PageCall time] => 15:12:09
    [P_TID] => INIMX_VBNKCAEcatca0720250605150918905207
    [P_MID] => CAEcatca07
    [P_AUTH_DT] => 20250605151209
    [P_STATUS] => 02
    [P_TYPE] => VBANK
    [P_OID] => 250605-012
    [P_FN_CD1] => 89
    [P_FN_CD2] => 
    [P_FN_NM] => 케이뱅크
    [P_AMT] => 3000
    [P_UNAME] => 천재화
    [P_RMESG1] => P_VACCT_NO=70112003691868|P_EXP_DT=20250615
    [P_RMESG2] => 
    [P_NOTI] => 
    [P_AUTH_NO] => 
)

 Array
(
    [PageCall time] => 15:30:42
    [P_TID] => INIMX_VBNKCAEcatca0720250605152849495603
    [P_MID] => CAEcatca07
    [P_AUTH_DT] => 20250605153042
    [P_STATUS] => 02
    [P_TYPE] => VBANK
    [P_OID] => 250605-011
    [P_FN_CD1] => 39
    [P_FN_CD2] => 
    [P_FN_NM] => 경남은행
    [P_AMT] => 3000
    [P_UNAME] => 류진곤
    [P_RMESG1] => P_VACCT_NO=573193377261|P_EXP_DT=20250615
    [P_RMESG2] => 
    [P_NOTI] => 
    [P_AUTH_NO] => 
)

 Array
(
    [PageCall time] => 15:47:28
    [P_TID] => INIMX_VBNKCAEcatca0720250605154340735306
    [P_MID] => CAEcatca07
    [P_AUTH_DT] => 20250605154727
    [P_STATUS] => 02
    [P_TYPE] => VBANK
    [P_OID] => 250605-013
    [P_FN_CD1] => 03
    [P_FN_CD2] => 
    [P_FN_NM] => 기업은행
    [P_AMT] => 3000
    [P_UNAME] => 김명표
    [P_RMESG1] => P_VACCT_NO=07503188997919|P_EXP_DT=20250615
    [P_RMESG2] => 
    [P_NOTI] => 
    [P_AUTH_NO] => 
)

 Array
(
    [PageCall time] => 16:03:53
    [P_TID] => INIMX_VBNKCAEcatca0720250605160053195702
    [P_MID] => CAEcatca07
    [P_AUTH_DT] => 20250605160353
    [P_STATUS] => 02
    [P_TYPE] => VBANK
    [P_OID] => 250605-014
    [P_FN_CD1] => 20
    [P_FN_CD2] => 
    [P_FN_NM] => 우리은행
    [P_AMT] => 3000
    [P_UNAME] => 이정아
    [P_RMESG1] => P_VACCT_NO=27491010618469|P_EXP_DT=20250615
    [P_RMESG2] => 
    [P_NOTI] => 
    [P_AUTH_NO] => 
)

 Array
(
    [PageCall time] => 17:13:00
    [P_TID] => INIMX_VBNKCAEcatca0720250605171132945484
    [P_MID] => CAEcatca07
    [P_AUTH_DT] => 20250605171300
    [P_STATUS] => 02
    [P_TYPE] => VBANK
    [P_OID] => 250605-018
    [P_FN_CD1] => 11
    [P_FN_CD2] => 
    [P_FN_NM] => NH농협은행
    [P_AMT] => 3000
    [P_UNAME] => 배곤희
    [P_RMESG1] => P_VACCT_NO=79010585781981|P_EXP_DT=20250615
    [P_RMESG2] => 
    [P_NOTI] => 
    [P_AUTH_NO] => 
)

 Array
(
    [PageCall time] => 17:48:42
    [P_TID] => INIMX_VBNKCAEcatca0720250605174731565364
    [P_MID] => CAEcatca07
    [P_AUTH_DT] => 20250605174842
    [P_STATUS] => 02
    [P_TYPE] => VBANK
    [P_OID] => 250605-021
    [P_FN_CD1] => 04
    [P_FN_CD2] => 
    [P_FN_NM] => KB국민은행
    [P_AMT] => 3000
    [P_UNAME] => 최희연
    [P_RMESG1] => P_VACCT_NO=70149014170301|P_EXP_DT=20250615
    [P_RMESG2] => 
    [P_NOTI] => 
    [P_AUTH_NO] => 
)

 Array
(
    [PageCall time] => 17:56:53
    [P_TID] => INIMX_VBNKCAEcatca0720250605175231335761
    [P_MID] => CAEcatca07
    [P_AUTH_DT] => 20250605175653
    [P_STATUS] => 02
    [P_TYPE] => VBANK
    [P_OID] => 250605-022
    [P_FN_CD1] => 89
    [P_FN_CD2] => 
    [P_FN_NM] => 케이뱅크
    [P_AMT] => 3000
    [P_UNAME] => 명은희
    [P_RMESG1] => P_VACCT_NO=70112003693865|P_EXP_DT=20250615
    [P_RMESG2] => 
    [P_NOTI] => 
    [P_AUTH_NO] => 
)

 Array
(
    [PageCall time] => 18:48:02
    [P_TID] => INIMX_VBNKCAEcatca0720250605184520114620
    [P_MID] => CAEcatca07
    [P_AUTH_DT] => 20250605184802
    [P_STATUS] => 02
    [P_TYPE] => VBANK
    [P_OID] => 250605-023
    [P_FN_CD1] => 88
    [P_FN_CD2] => 
    [P_FN_NM] => 신한은행
    [P_AMT] => 3000
    [P_UNAME] => 권혜경
    [P_RMESG1] => P_VACCT_NO=56211121351295|P_EXP_DT=20250615
    [P_RMESG2] => 
    [P_NOTI] => 
    [P_AUTH_NO] => 
)

