 Array
(
    [PageCall time] => 00:11:01
    [P_TID] => INIMX_VBNKCAEcatca0720250901000812185515
    [P_MID] => CAEcatca07
    [P_AUTH_DT] => 20250901001101
    [P_STATUS] => 02
    [P_TYPE] => VBANK
    [P_OID] => 250901-002
    [P_FN_CD1] => 20
    [P_FN_CD2] => 
    [P_FN_NM] => 우리은행
    [P_AMT] => 3000
    [P_UNAME] => 문하연
    [P_RMESG1] => P_VACCT_NO=27489019118325|P_EXP_DT=20250911
    [P_RMESG2] => 
    [P_NOTI] => 
    [P_AUTH_NO] => 
)

 Array
(
    [PageCall time] => 07:39:53
    [P_TID] => INIMX_VBNKCAEcatca0720250901073618985319
    [P_MID] => CAEcatca07
    [P_AUTH_DT] => 20250901073952
    [P_STATUS] => 02
    [P_TYPE] => VBANK
    [P_OID] => 250901-003
    [P_FN_CD1] => 88
    [P_FN_CD2] => 
    [P_FN_NM] => 신한은행
    [P_AMT] => 3000
    [P_UNAME] => 김민정
    [P_RMESG1] => P_VACCT_NO=56211105720683|P_EXP_DT=20250911
    [P_RMESG2] => 
    [P_NOTI] => 
    [P_AUTH_NO] => 
)

 Array
(
    [PageCall time] => 07:45:20
    [P_TID] => INIMX_VBNKCAEcatca0720250901074219615944
    [P_MID] => CAEcatca07
    [P_AUTH_DT] => 20250901074520
    [P_STATUS] => 02
    [P_TYPE] => VBANK
    [P_OID] => 250831-011
    [P_FN_CD1] => 04
    [P_FN_CD2] => 
    [P_FN_NM] => KB국민은행
    [P_AMT] => 3000
    [P_UNAME] => 고영남
    [P_RMESG1] => P_VACCT_NO=26119078071375|P_EXP_DT=20250911
    [P_RMESG2] => 
    [P_NOTI] => 
    [P_AUTH_NO] => 
)

 Array
(
    [PageCall time] => 08:00:46
    [P_TID] => INIMX_VBNKCAEcatca0720250901000426175309
    [P_MID] => CAEcatca07
    [P_AUTH_DT] => 20250901080046
    [P_STATUS] => 02
    [P_TYPE] => VBANK
    [P_OID] => 250901-001
    [P_FN_CD1] => 11
    [P_FN_CD2] => 
    [P_FN_NM] => NH농협은행
    [P_AMT] => 3000
    [P_UNAME] => 정해근
    [P_RMESG1] => P_VACCT_NO=79014408958270|P_EXP_DT=20250911
    [P_RMESG2] => 
    [P_NOTI] => 
    [P_AUTH_NO] => 
)

 Array
(
    [PageCall time] => 11:14:32
    [P_TID] => INIMX_VBNKCAEcatca0720250901111205205312
    [P_MID] => CAEcatca07
    [P_AUTH_DT] => 20250901111432
    [P_STATUS] => 02
    [P_TYPE] => VBANK
    [P_OID] => 250901-006
    [P_FN_CD1] => 88
    [P_FN_CD2] => 
    [P_FN_NM] => 신한은행
    [P_AMT] => 3000
    [P_UNAME] => 정규환
    [P_RMESG1] => P_VACCT_NO=56211993113646|P_EXP_DT=20250911
    [P_RMESG2] => 
    [P_NOTI] => 
    [P_AUTH_NO] => 
)

 Array
(
    [PageCall time] => 11:18:16
    [P_TID] => INIMX_VBNKCAEcatca0720250901111206865081
    [P_MID] => CAEcatca07
    [P_AUTH_DT] => 20250901111816
    [P_STATUS] => 02
    [P_TYPE] => VBANK
    [P_OID] => 250901-007
    [P_FN_CD1] => 04
    [P_FN_CD2] => 
    [P_FN_NM] => KB국민은행
    [P_AMT] => 3000
    [P_UNAME] => 안광수
    [P_RMESG1] => P_VACCT_NO=26159078749289|P_EXP_DT=20250911
    [P_RMESG2] => 
    [P_NOTI] => 
    [P_AUTH_NO] => 
)

 Array
(
    [PageCall time] => 11:36:26
    [P_TID] => INIMX_VBNKCAEcatca0720250901113215645894
    [P_MID] => CAEcatca07
    [P_AUTH_DT] => 20250901113626
    [P_STATUS] => 02
    [P_TYPE] => VBANK
    [P_OID] => 250901-010
    [P_FN_CD1] => 03
    [P_FN_CD2] => 
    [P_FN_NM] => 기업은행
    [P_AMT] => 3000
    [P_UNAME] => 한상진
    [P_RMESG1] => P_VACCT_NO=07500343097744|P_EXP_DT=20250911
    [P_RMESG2] => 
    [P_NOTI] => 
    [P_AUTH_NO] => 
)

 Array
(
    [PageCall time] => 12:03:14
    [P_TID] => INIMX_VBNKCAEcatca0720250901120006945036
    [P_MID] => CAEcatca07
    [P_AUTH_DT] => 20250901120314
    [P_STATUS] => 02
    [P_TYPE] => VBANK
    [P_OID] => 250901-011
    [P_FN_CD1] => 04
    [P_FN_CD2] => 
    [P_FN_NM] => KB국민은행
    [P_AMT] => 3000
    [P_UNAME] => 민병희
    [P_RMESG1] => P_VACCT_NO=29419079246158|P_EXP_DT=20250911
    [P_RMESG2] => 
    [P_NOTI] => 
    [P_AUTH_NO] => 
)

 Array
(
    [PageCall time] => 12:04:56
    [P_TID] => INIMX_VBNKCAEcatca0720250901120210465688
    [P_MID] => CAEcatca07
    [P_AUTH_DT] => 20250901120456
    [P_STATUS] => 02
    [P_TYPE] => VBANK
    [P_OID] => 250901-012
    [P_FN_CD1] => 88
    [P_FN_CD2] => 
    [P_FN_NM] => 신한은행
    [P_AMT] => 3000
    [P_UNAME] => 최석호
    [P_RMESG1] => P_VACCT_NO=56211993123355|P_EXP_DT=20250911
    [P_RMESG2] => 
    [P_NOTI] => 
    [P_AUTH_NO] => 
)

 Array
(
    [PageCall time] => 13:04:18
    [P_TID] => INIMX_VBNKCAEcatca0720250901125929175669
    [P_MID] => CAEcatca07
    [P_AUTH_DT] => 20250901130418
    [P_STATUS] => 02
    [P_TYPE] => VBANK
    [P_OID] => 250901-014
    [P_FN_CD1] => 03
    [P_FN_CD2] => 
    [P_FN_NM] => 기업은행
    [P_AMT] => 3000
    [P_UNAME] => 홍혜윤
    [P_RMESG1] => P_VACCT_NO=07500344097786|P_EXP_DT=20250911
    [P_RMESG2] => 
    [P_NOTI] => 
    [P_AUTH_NO] => 
)

 Array
(
    [PageCall time] => 14:32:00
    [P_TID] => INIMX_VBNKCAEcatca0720250901142906875873
    [P_MID] => CAEcatca07
    [P_AUTH_DT] => 20250901143200
    [P_STATUS] => 02
    [P_TYPE] => VBANK
    [P_OID] => 250901-023
    [P_FN_CD1] => 03
    [P_FN_CD2] => 
    [P_FN_NM] => 기업은행
    [P_AMT] => 3000
    [P_UNAME] => 김상철
    [P_RMESG1] => P_VACCT_NO=07500345897891|P_EXP_DT=20250911
    [P_RMESG2] => 
    [P_NOTI] => 
    [P_AUTH_NO] => 
)

 Array
(
    [PageCall time] => 14:45:11
    [P_TID] => INIMX_VBNKCAEcatca0720250901144113855703
    [P_MID] => CAEcatca07
    [P_AUTH_DT] => 20250901144511
    [P_STATUS] => 02
    [P_TYPE] => VBANK
    [P_OID] => 250901-024
    [P_FN_CD1] => 81
    [P_FN_CD2] => 
    [P_FN_NM] => 하나은행
    [P_AMT] => 3000
    [P_UNAME] => 윤성희
    [P_RMESG1] => P_VACCT_NO=20894057487837|P_EXP_DT=20250911
    [P_RMESG2] => 
    [P_NOTI] => 
    [P_AUTH_NO] => 
)

 Array
(
    [PageCall time] => 14:56:39
    [P_TID] => INIMX_VBNKCAEcatca0720250901145332885334
    [P_MID] => CAEcatca07
    [P_AUTH_DT] => 20250901145639
    [P_STATUS] => 02
    [P_TYPE] => VBANK
    [P_OID] => 250901-025
    [P_FN_CD1] => 39
    [P_FN_CD2] => 
    [P_FN_NM] => 경남은행
    [P_AMT] => 3000
    [P_UNAME] => 이연화
    [P_RMESG1] => P_VACCT_NO=573193548407|P_EXP_DT=20250911
    [P_RMESG2] => 
    [P_NOTI] => 
    [P_AUTH_NO] => 
)

 Array
(
    [PageCall time] => 14:59:59
    [P_TID] => INIMX_VBNKCAEcatca0720250901145920175850
    [P_MID] => CAEcatca07
    [P_AUTH_DT] => 20250901145959
    [P_STATUS] => 02
    [P_TYPE] => VBANK
    [P_OID] => 250901-004
    [P_FN_CD1] => 11
    [P_FN_CD2] => 
    [P_FN_NM] => NH농협은행
    [P_AMT] => 3000
    [P_UNAME] => 에프원파트너스
    [P_RMESG1] => P_VACCT_NO=79014409064022|P_EXP_DT=20250911
    [P_RMESG2] => 
    [P_NOTI] => 
    [P_AUTH_NO] => 
)

 Array
(
    [PageCall time] => 15:09:13
    [P_TID] => INIMX_VBNKCAEcatca0720250901150208755944
    [P_MID] => CAEcatca07
    [P_AUTH_DT] => 20250901150913
    [P_STATUS] => 02
    [P_TYPE] => VBANK
    [P_OID] => 250901-026
    [P_FN_CD1] => 04
    [P_FN_CD2] => 
    [P_FN_NM] => KB국민은행
    [P_AMT] => 3000
    [P_UNAME] => 김은순
    [P_RMESG1] => P_VACCT_NO=40269011015058|P_EXP_DT=20250911
    [P_RMESG2] => 
    [P_NOTI] => 
    [P_AUTH_NO] => 
)

 Array
(
    [PageCall time] => 15:50:27
    [P_TID] => INIMX_VBNKCAEcatca0720250901154520625124
    [P_MID] => CAEcatca07
    [P_AUTH_DT] => 20250901155027
    [P_STATUS] => 02
    [P_TYPE] => VBANK
    [P_OID] => 250831-012
    [P_FN_CD1] => 39
    [P_FN_CD2] => 
    [P_FN_NM] => 경남은행
    [P_AMT] => 3000
    [P_UNAME] => 전은미
    [P_RMESG1] => P_VACCT_NO=573193548740|P_EXP_DT=20250911
    [P_RMESG2] => 
    [P_NOTI] => 
    [P_AUTH_NO] => 
)

 Array
(
    [PageCall time] => 16:05:32
    [P_TID] => INIMX_VBNKCAEcatca0720250901160149445329
    [P_MID] => CAEcatca07
    [P_AUTH_DT] => 20250901160532
    [P_STATUS] => 02
    [P_TYPE] => VBANK
    [P_OID] => 250901-028
    [P_FN_CD1] => 88
    [P_FN_CD2] => 
    [P_FN_NM] => 신한은행
    [P_AMT] => 3000
    [P_UNAME] => 백충호
    [P_RMESG1] => P_VACCT_NO=56211993180310|P_EXP_DT=20250911
    [P_RMESG2] => 
    [P_NOTI] => 
    [P_AUTH_NO] => 
)

 Array
(
    [PageCall time] => 16:13:32
    [P_TID] => INIMX_VBNKCAEcatca0720250901161155885902
    [P_MID] => CAEcatca07
    [P_AUTH_DT] => 20250901161332
    [P_STATUS] => 02
    [P_TYPE] => VBANK
    [P_OID] => 250901-030
    [P_FN_CD1] => 11
    [P_FN_CD2] => 
    [P_FN_NM] => NH농협은행
    [P_AMT] => 3000
    [P_UNAME] => 박지현
    [P_RMESG1] => P_VACCT_NO=79014409080015|P_EXP_DT=20250911
    [P_RMESG2] => 
    [P_NOTI] => 
    [P_AUTH_NO] => 
)

 Array
(
    [PageCall time] => 16:25:09
    [P_TID] => INIMX_VBNKCAEcatca0720250901162226875799
    [P_MID] => CAEcatca07
    [P_AUTH_DT] => 20250901162509
    [P_STATUS] => 02
    [P_TYPE] => VBANK
    [P_OID] => 250901-031
    [P_FN_CD1] => 20
    [P_FN_CD2] => 
    [P_FN_NM] => 우리은행
    [P_AMT] => 3000
    [P_UNAME] => 백민지
    [P_RMESG1] => P_VACCT_NO=27489062118633|P_EXP_DT=20250911
    [P_RMESG2] => 
    [P_NOTI] => 
    [P_AUTH_NO] => 
)

 Array
(
    [PageCall time] => 17:02:18
    [P_TID] => INIMX_VBNKCAEcatca0720250901165804955035
    [P_MID] => CAEcatca07
    [P_AUTH_DT] => 20250901170218
    [P_STATUS] => 02
    [P_TYPE] => VBANK
    [P_OID] => 250830-001
    [P_FN_CD1] => 32
    [P_FN_CD2] => 
    [P_FN_NM] => 부산은행
    [P_AMT] => 3000
    [P_UNAME] => 표혜영
    [P_RMESG1] => P_VACCT_NO=109925526784|P_EXP_DT=20250911
    [P_RMESG2] => 
    [P_NOTI] => 
    [P_AUTH_NO] => 
)

 Array
(
    [PageCall time] => 17:11:49
    [P_TID] => INIMX_VBNKCAEcatca0720250901170557585564
    [P_MID] => CAEcatca07
    [P_AUTH_DT] => 20250901171149
    [P_STATUS] => 02
    [P_TYPE] => VBANK
    [P_OID] => 250901-034
    [P_FN_CD1] => 20
    [P_FN_CD2] => 
    [P_FN_NM] => 우리은행
    [P_AMT] => 3000
    [P_UNAME] => 최귀남
    [P_RMESG1] => P_VACCT_NO=27489065318751|P_EXP_DT=20250911
    [P_RMESG2] => 
    [P_NOTI] => 
    [P_AUTH_NO] => 
)

 Array
(
    [PageCall time] => 18:00:20
    [P_TID] => INIMX_VBNKCAEcatca0720250901175658635158
    [P_MID] => CAEcatca07
    [P_AUTH_DT] => 20250901180020
    [P_STATUS] => 02
    [P_TYPE] => VBANK
    [P_OID] => 250901-036
    [P_FN_CD1] => 81
    [P_FN_CD2] => 
    [P_FN_NM] => 하나은행
    [P_AMT] => 3000
    [P_UNAME] => 이정미
    [P_RMESG1] => P_VACCT_NO=20894059303337|P_EXP_DT=20250911
    [P_RMESG2] => 
    [P_NOTI] => 
    [P_AUTH_NO] => 
)

 Array
(
    [PageCall time] => 18:56:09
    [P_TID] => INIMX_VBNKCAEcatca0720250901185223745280
    [P_MID] => CAEcatca07
    [P_AUTH_DT] => 20250901185609
    [P_STATUS] => 02
    [P_TYPE] => VBANK
    [P_OID] => 250901-037
    [P_FN_CD1] => 81
    [P_FN_CD2] => 
    [P_FN_NM] => 하나은행
    [P_AMT] => 3000
    [P_UNAME] => 최혜선
    [P_RMESG1] => P_VACCT_NO=20894059609637|P_EXP_DT=20250911
    [P_RMESG2] => 
    [P_NOTI] => 
    [P_AUTH_NO] => 
)

 Array
(
    [PageCall time] => 20:32:55
    [P_TID] => INIMX_VBNKCAEcatca0720250901203026895701
    [P_MID] => CAEcatca07
    [P_AUTH_DT] => 20250901203254
    [P_STATUS] => 02
    [P_TYPE] => VBANK
    [P_OID] => 250901-038
    [P_FN_CD1] => 04
    [P_FN_CD2] => 
    [P_FN_NM] => KB국민은행
    [P_AMT] => 3000
    [P_UNAME] => 양성철
    [P_RMESG1] => P_VACCT_NO=80399078976292|P_EXP_DT=20250911
    [P_RMESG2] => 
    [P_NOTI] => 
    [P_AUTH_NO] => 
)

 Array
(
    [PageCall time] => 21:02:35
    [P_TID] => INIMX_VBNKCAEcatca0720250901205930745454
    [P_MID] => CAEcatca07
    [P_AUTH_DT] => 20250901210234
    [P_STATUS] => 02
    [P_TYPE] => VBANK
    [P_OID] => 250901-039
    [P_FN_CD1] => 88
    [P_FN_CD2] => 
    [P_FN_NM] => 신한은행
    [P_AMT] => 3000
    [P_UNAME] => 김순영
    [P_RMESG1] => P_VACCT_NO=56213170557077|P_EXP_DT=20250911
    [P_RMESG2] => 
    [P_NOTI] => 
    [P_AUTH_NO] => 
)

 Array
(
    [PageCall time] => 23:29:31
    [P_TID] => INIMX_VBNKCAEcatca0720250901232624495489
    [P_MID] => CAEcatca07
    [P_AUTH_DT] => 20250901232931
    [P_STATUS] => 02
    [P_TYPE] => VBANK
    [P_OID] => 250901-041
    [P_FN_CD1] => 04
    [P_FN_CD2] => 
    [P_FN_NM] => KB국민은행
    [P_AMT] => 3000
    [P_UNAME] => 임동우
    [P_RMESG1] => P_VACCT_NO=80399078993284|P_EXP_DT=20250911
    [P_RMESG2] => 
    [P_NOTI] => 
    [P_AUTH_NO] => 
)

