 Array
(
    [PageCall time] => 07:19:23
    [P_TID] => INIMX_VBNKCAEcatca0720250415095150345783
    [P_MID] => CAEcatca07
    [P_AUTH_DT] => 20250416071923
    [P_STATUS] => 02
    [P_TYPE] => VBANK
    [P_OID] => 250415-005
    [P_FN_CD1] => 11
    [P_FN_CD2] => 
    [P_FN_NM] => NH농협은행
    [P_AMT] => 3000
    [P_UNAME] => 강선경
    [P_RMESG1] => P_VACCT_NO=79015900515410|P_EXP_DT=20250425
    [P_RMESG2] => 
    [P_NOTI] => 
    [P_AUTH_NO] => 
)

 Array
(
    [PageCall time] => 08:13:30
    [P_TID] => INIMX_VBNKCAEcatca0720250416081111815002
    [P_MID] => CAEcatca07
    [P_AUTH_DT] => 20250416081330
    [P_STATUS] => 02
    [P_TYPE] => VBANK
    [P_OID] => 250416-001
    [P_FN_CD1] => 11
    [P_FN_CD2] => 
    [P_FN_NM] => NH농협은행
    [P_AMT] => 3000
    [P_UNAME] => 정윤종
    [P_RMESG1] => P_VACCT_NO=79015900652229|P_EXP_DT=20250426
    [P_RMESG2] => 
    [P_NOTI] => 
    [P_AUTH_NO] => 
)

 Array
(
    [PageCall time] => 08:56:02
    [P_TID] => INIMX_VBNKCAEcatca0720250416085408615798
    [P_MID] => CAEcatca07
    [P_AUTH_DT] => 20250416085602
    [P_STATUS] => 02
    [P_TYPE] => VBANK
    [P_OID] => 250416-003
    [P_FN_CD1] => 04
    [P_FN_CD2] => 
    [P_FN_NM] => KB국민은행
    [P_AMT] => 3000
    [P_UNAME] => 안무용
    [P_RMESG1] => P_VACCT_NO=26119078106914|P_EXP_DT=20250426
    [P_RMESG2] => 
    [P_NOTI] => 
    [P_AUTH_NO] => 
)

 Array
(
    [PageCall time] => 09:07:50
    [P_TID] => INIMX_VBNKCAEcatca0720250416085407985287
    [P_MID] => CAEcatca07
    [P_AUTH_DT] => 20250416090750
    [P_STATUS] => 02
    [P_TYPE] => VBANK
    [P_OID] => 250416-002
    [P_FN_CD1] => 11
    [P_FN_CD2] => 
    [P_FN_NM] => NH농협은행
    [P_AMT] => 3000
    [P_UNAME] => 김봉준
    [P_RMESG1] => P_VACCT_NO=79015900655619|P_EXP_DT=20250426
    [P_RMESG2] => 
    [P_NOTI] => 
    [P_AUTH_NO] => 
)

 Array
(
    [PageCall time] => 09:45:04
    [P_TID] => INIMX_VBNKCAEcatca0720250416093306395992
    [P_MID] => CAEcatca07
    [P_AUTH_DT] => 20250416094504
    [P_STATUS] => 02
    [P_TYPE] => VBANK
    [P_OID] => 250410-023
    [P_FN_CD1] => 11
    [P_FN_CD2] => 
    [P_FN_NM] => NH농협은행
    [P_AMT] => 3000
    [P_UNAME] => 최재한
    [P_RMESG1] => P_VACCT_NO=79015900661929|P_EXP_DT=20250426
    [P_RMESG2] => 
    [P_NOTI] => 
    [P_AUTH_NO] => 
)

 Array
(
    [PageCall time] => 09:51:16
    [P_TID] => INIMX_VBNKCAEcatca0720250416094814805862
    [P_MID] => CAEcatca07
    [P_AUTH_DT] => 20250416095116
    [P_STATUS] => 02
    [P_TYPE] => VBANK
    [P_OID] => 250416-007
    [P_FN_CD1] => 89
    [P_FN_CD2] => 
    [P_FN_NM] => 케이뱅크
    [P_AMT] => 3000
    [P_UNAME] => 정영돈
    [P_RMESG1] => P_VACCT_NO=70112003315822|P_EXP_DT=20250426
    [P_RMESG2] => 
    [P_NOTI] => 
    [P_AUTH_NO] => 
)

 Array
(
    [PageCall time] => 10:12:45
    [P_TID] => INIMX_VBNKCAEcatca0720250416101137135951
    [P_MID] => CAEcatca07
    [P_AUTH_DT] => 20250416101245
    [P_STATUS] => 02
    [P_TYPE] => VBANK
    [P_OID] => 250416-008
    [P_FN_CD1] => 11
    [P_FN_CD2] => 
    [P_FN_NM] => NH농협은행
    [P_AMT] => 3000
    [P_UNAME] => 이상휴
    [P_RMESG1] => P_VACCT_NO=79015900670580|P_EXP_DT=20250426
    [P_RMESG2] => 
    [P_NOTI] => 
    [P_AUTH_NO] => 
)

 Array
(
    [PageCall time] => 11:02:54
    [P_TID] => INIMX_VBNKCAEcatca0720250416105447665787
    [P_MID] => CAEcatca07
    [P_AUTH_DT] => 20250416110254
    [P_STATUS] => 02
    [P_TYPE] => VBANK
    [P_OID] => 250416-009
    [P_FN_CD1] => 03
    [P_FN_CD2] => 
    [P_FN_NM] => 기업은행
    [P_AMT] => 3000
    [P_UNAME] => 이선정
    [P_RMESG1] => P_VACCT_NO=07503261497353|P_EXP_DT=20250426
    [P_RMESG2] => 
    [P_NOTI] => 
    [P_AUTH_NO] => 
)

 Array
(
    [PageCall time] => 11:56:28
    [P_TID] => INIMX_VBNKCAEcatca0720250416115022915739
    [P_MID] => CAEcatca07
    [P_AUTH_DT] => 20250416115628
    [P_STATUS] => 02
    [P_TYPE] => VBANK
    [P_OID] => 250416-013
    [P_FN_CD1] => 81
    [P_FN_CD2] => 
    [P_FN_NM] => 하나은행
    [P_AMT] => 3000
    [P_UNAME] => 송진규
    [P_RMESG1] => P_VACCT_NO=20893804857237|P_EXP_DT=20250426
    [P_RMESG2] => 
    [P_NOTI] => 
    [P_AUTH_NO] => 
)

 Array
(
    [PageCall time] => 12:49:47
    [P_TID] => INIMX_VBNKCAEcatca0720250416124916905477
    [P_MID] => CAEcatca07
    [P_AUTH_DT] => 20250416124947
    [P_STATUS] => 02
    [P_TYPE] => VBANK
    [P_OID] => 250416-015
    [P_FN_CD1] => 11
    [P_FN_CD2] => 
    [P_FN_NM] => NH농협은행
    [P_AMT] => 3000
    [P_UNAME] => 손시우
    [P_RMESG1] => P_VACCT_NO=79015900703421|P_EXP_DT=20250426
    [P_RMESG2] => 
    [P_NOTI] => 
    [P_AUTH_NO] => 
)

 Array
(
    [PageCall time] => 13:22:17
    [P_TID] => INIMX_VBNKCAEcatca0720250416131915995458
    [P_MID] => CAEcatca07
    [P_AUTH_DT] => 20250416132217
    [P_STATUS] => 02
    [P_TYPE] => VBANK
    [P_OID] => 250416-017
    [P_FN_CD1] => 11
    [P_FN_CD2] => 
    [P_FN_NM] => NH농협은행
    [P_AMT] => 3000
    [P_UNAME] => 최유림
    [P_RMESG1] => P_VACCT_NO=79015900707693|P_EXP_DT=20250426
    [P_RMESG2] => 
    [P_NOTI] => 
    [P_AUTH_NO] => 
)

 Array
(
    [PageCall time] => 14:11:02
    [P_TID] => INIMX_VBNKCAEcatca0720250416140933745785
    [P_MID] => CAEcatca07
    [P_AUTH_DT] => 20250416141102
    [P_STATUS] => 02
    [P_TYPE] => VBANK
    [P_OID] => 250416-020
    [P_FN_CD1] => 04
    [P_FN_CD2] => 
    [P_FN_NM] => KB국민은행
    [P_AMT] => 3000
    [P_UNAME] => 김광제
    [P_RMESG1] => P_VACCT_NO=52499014651735|P_EXP_DT=20250426
    [P_RMESG2] => 
    [P_NOTI] => 
    [P_AUTH_NO] => 
)

 Array
(
    [PageCall time] => 15:19:30
    [P_TID] => INIMX_VBNKCAEcatca0720250416151719284313
    [P_MID] => CAEcatca07
    [P_AUTH_DT] => 20250416151930
    [P_STATUS] => 02
    [P_TYPE] => VBANK
    [P_OID] => 250416-022
    [P_FN_CD1] => 11
    [P_FN_CD2] => 
    [P_FN_NM] => NH농협은행
    [P_AMT] => 3000
    [P_UNAME] => 강은주
    [P_RMESG1] => P_VACCT_NO=01445164057298|P_EXP_DT=20250426
    [P_RMESG2] => 
    [P_NOTI] => 
    [P_AUTH_NO] => 
)

 Array
(
    [PageCall time] => 15:45:18
    [P_TID] => INIMX_VBNKCAEcatca0720250416154216244790
    [P_MID] => CAEcatca07
    [P_AUTH_DT] => 20250416154518
    [P_STATUS] => 02
    [P_TYPE] => VBANK
    [P_OID] => 250416-024
    [P_FN_CD1] => 07
    [P_FN_CD2] => 
    [P_FN_NM] => 수협은행
    [P_AMT] => 3000
    [P_UNAME] => 조선경
    [P_RMESG1] => P_VACCT_NO=06640083327715|P_EXP_DT=20250426
    [P_RMESG2] => 
    [P_NOTI] => 
    [P_AUTH_NO] => 
)

 Array
(
    [PageCall time] => 17:16:36
    [P_TID] => INIMX_VBNKCAEcatca0720250416171440845515
    [P_MID] => CAEcatca07
    [P_AUTH_DT] => 20250416171636
    [P_STATUS] => 02
    [P_TYPE] => VBANK
    [P_OID] => 250416-028
    [P_FN_CD1] => 04
    [P_FN_CD2] => 
    [P_FN_NM] => KB국민은행
    [P_AMT] => 3000
    [P_UNAME] => 백문옥
    [P_RMESG1] => P_VACCT_NO=52499014688267|P_EXP_DT=20250426
    [P_RMESG2] => 
    [P_NOTI] => 
    [P_AUTH_NO] => 
)

 Array
(
    [PageCall time] => 17:32:24
    [P_TID] => INIMX_VBNKCAEcatca0720250416173146275281
    [P_MID] => CAEcatca07
    [P_AUTH_DT] => 20250416173224
    [P_STATUS] => 02
    [P_TYPE] => VBANK
    [P_OID] => 250416-029
    [P_FN_CD1] => 11
    [P_FN_CD2] => 
    [P_FN_NM] => NH농협은행
    [P_AMT] => 3000
    [P_UNAME] => 김나영
    [P_RMESG1] => P_VACCT_NO=79015900748993|P_EXP_DT=20250426
    [P_RMESG2] => 
    [P_NOTI] => 
    [P_AUTH_NO] => 
)

 Array
(
    [PageCall time] => 18:49:37
    [P_TID] => INIMX_VBNKCAEcatca0720250415235849495335
    [P_MID] => CAEcatca07
    [P_AUTH_DT] => 20250416184937
    [P_STATUS] => 02
    [P_TYPE] => VBANK
    [P_OID] => 250415-039
    [P_FN_CD1] => 11
    [P_FN_CD2] => 
    [P_FN_NM] => NH농협은행
    [P_AMT] => 3000
    [P_UNAME] => 김영애
    [P_RMESG1] => P_VACCT_NO=79015900638105|P_EXP_DT=20250425
    [P_RMESG2] => 
    [P_NOTI] => 
    [P_AUTH_NO] => 
)

 Array
(
    [PageCall time] => 20:17:42
    [P_TID] => INIMX_VBNKCAEcatca0720250416201452934600
    [P_MID] => CAEcatca07
    [P_AUTH_DT] => 20250416201742
    [P_STATUS] => 02
    [P_TYPE] => VBANK
    [P_OID] => 250416-033
    [P_FN_CD1] => 03
    [P_FN_CD2] => 
    [P_FN_NM] => 기업은행
    [P_AMT] => 3000
    [P_UNAME] => 한다연
    [P_RMESG1] => P_VACCT_NO=07503290597633|P_EXP_DT=20250426
    [P_RMESG2] => 
    [P_NOTI] => 
    [P_AUTH_NO] => 
)

 Array
(
    [PageCall time] => 20:45:23
    [P_TID] => INIMX_VBNKCAEcatca0720250416204223494925
    [P_MID] => CAEcatca07
    [P_AUTH_DT] => 20250416204523
    [P_STATUS] => 02
    [P_TYPE] => VBANK
    [P_OID] => 250416-032
    [P_FN_CD1] => 20
    [P_FN_CD2] => 
    [P_FN_NM] => 우리은행
    [P_AMT] => 3000
    [P_UNAME] => 정다혜
    [P_RMESG1] => P_VACCT_NO=61841485818765|P_EXP_DT=20250426
    [P_RMESG2] => 
    [P_NOTI] => 
    [P_AUTH_NO] => 
)

