 Array
(
    [PageCall time] => 09:14:19
    [P_TID] => INIMX_VBNKCAEcatca0720260408232821715178
    [P_MID] => CAEcatca07
    [P_AUTH_DT] => 20260409091418
    [P_STATUS] => 02
    [P_TYPE] => VBANK
    [P_OID] => 260408-041
    [P_FN_CD1] => 81
    [P_FN_CD2] => 
    [P_FN_NM] => 하나은행
    [P_AMT] => 3500
    [P_UNAME] => 윤승일
    [P_RMESG1] => P_VACCT_NO=20893926287737|P_EXP_DT=20260418
    [P_RMESG2] => 
    [P_NOTI] => 
    [P_AUTH_NO] => 
)

 Array
(
    [PageCall time] => 09:55:37
    [P_TID] => INIMX_VBNKCAEcatca0720260409095448485747
    [P_MID] => CAEcatca07
    [P_AUTH_DT] => 20260409095537
    [P_STATUS] => 02
    [P_TYPE] => VBANK
    [P_OID] => 260409-007
    [P_FN_CD1] => 11
    [P_FN_CD2] => 
    [P_FN_NM] => NH농협은행
    [P_AMT] => 3500
    [P_UNAME] => 이정은
    [P_RMESG1] => P_VACCT_NO=79014505982577|P_EXP_DT=20260419
    [P_RMESG2] => 
    [P_NOTI] => 
    [P_AUTH_NO] => 
)

 Array
(
    [PageCall time] => 09:55:46
    [P_TID] => INIMX_VBNKCAEcatca0720260409095320795084
    [P_MID] => CAEcatca07
    [P_AUTH_DT] => 20260409095546
    [P_STATUS] => 02
    [P_TYPE] => VBANK
    [P_OID] => 260408-029
    [P_FN_CD1] => 20
    [P_FN_CD2] => 
    [P_FN_NM] => 우리은행
    [P_AMT] => 3500
    [P_UNAME] => 육근호
    [P_RMESG1] => P_VACCT_NO=27204609118903|P_EXP_DT=20260419
    [P_RMESG2] => 
    [P_NOTI] => 
    [P_AUTH_NO] => 
)

 Array
(
    [PageCall time] => 10:34:46
    [P_TID] => INIMX_VBNKCAEcatca0720260409103148765735
    [P_MID] => CAEcatca07
    [P_AUTH_DT] => 20260409103446
    [P_STATUS] => 02
    [P_TYPE] => VBANK
    [P_OID] => 260409-009
    [P_FN_CD1] => 32
    [P_FN_CD2] => 
    [P_FN_NM] => 부산은행
    [P_AMT] => 3500
    [P_UNAME] => 허대성
    [P_RMESG1] => P_VACCT_NO=109924882449|P_EXP_DT=20260419
    [P_RMESG2] => 
    [P_NOTI] => 
    [P_AUTH_NO] => 
)

 Array
(
    [PageCall time] => 10:46:23
    [P_TID] => INIMX_VBNKCAEcatca0720260409104332735120
    [P_MID] => CAEcatca07
    [P_AUTH_DT] => 20260409104623
    [P_STATUS] => 02
    [P_TYPE] => VBANK
    [P_OID] => 260409-010
    [P_FN_CD1] => 20
    [P_FN_CD2] => 
    [P_FN_NM] => 우리은행
    [P_AMT] => 3500
    [P_UNAME] => 김영현
    [P_RMESG1] => P_VACCT_NO=27204613118433|P_EXP_DT=20260419
    [P_RMESG2] => 
    [P_NOTI] => 
    [P_AUTH_NO] => 
)

 Array
(
    [PageCall time] => 10:49:43
    [P_TID] => INIMX_VBNKCAEcatca0720260409104625955097
    [P_MID] => CAEcatca07
    [P_AUTH_DT] => 20260409104943
    [P_STATUS] => 02
    [P_TYPE] => VBANK
    [P_OID] => 260409-003
    [P_FN_CD1] => 03
    [P_FN_CD2] => 
    [P_FN_NM] => 기업은행
    [P_AMT] => 3500
    [P_UNAME] => 김민오
    [P_RMESG1] => P_VACCT_NO=07502390097497|P_EXP_DT=20260419
    [P_RMESG2] => 
    [P_NOTI] => 
    [P_AUTH_NO] => 
)

 Array
(
    [PageCall time] => 11:07:19
    [P_TID] => INIMX_VBNKCAEcatca0720260409110429795134
    [P_MID] => CAEcatca07
    [P_AUTH_DT] => 20260409110719
    [P_STATUS] => 02
    [P_TYPE] => VBANK
    [P_OID] => 260409-011
    [P_FN_CD1] => 88
    [P_FN_CD2] => 
    [P_FN_NM] => 신한은행
    [P_AMT] => 3500
    [P_UNAME] => 김한솔
    [P_RMESG1] => P_VACCT_NO=56211106862480|P_EXP_DT=20260419
    [P_RMESG2] => 
    [P_NOTI] => 
    [P_AUTH_NO] => 
)

 Array
(
    [PageCall time] => 11:29:30
    [P_TID] => INIMX_VBNKCAEcatca0720260409112602645136
    [P_MID] => CAEcatca07
    [P_AUTH_DT] => 20260409112930
    [P_STATUS] => 02
    [P_TYPE] => VBANK
    [P_OID] => 260409-013
    [P_FN_CD1] => 04
    [P_FN_CD2] => 
    [P_FN_NM] => KB국민은행
    [P_AMT] => 3500
    [P_UNAME] => 안계환
    [P_RMESG1] => P_VACCT_NO=96439078923232|P_EXP_DT=20260419
    [P_RMESG2] => 
    [P_NOTI] => 
    [P_AUTH_NO] => 
)

 Array
(
    [PageCall time] => 11:35:57
    [P_TID] => INIMX_VBNKCAEcatca0720260409113511275407
    [P_MID] => CAEcatca07
    [P_AUTH_DT] => 20260409113557
    [P_STATUS] => 02
    [P_TYPE] => VBANK
    [P_OID] => 260409-015
    [P_FN_CD1] => 11
    [P_FN_CD2] => 
    [P_FN_NM] => NH농협은행
    [P_AMT] => 3500
    [P_UNAME] => 이대희
    [P_RMESG1] => P_VACCT_NO=79014505994804|P_EXP_DT=20260419
    [P_RMESG2] => 
    [P_NOTI] => 
    [P_AUTH_NO] => 
)

 Array
(
    [PageCall time] => 11:49:26
    [P_TID] => INIMX_VBNKCAEcatca0720260409114655245005
    [P_MID] => CAEcatca07
    [P_AUTH_DT] => 20260409114926
    [P_STATUS] => 02
    [P_TYPE] => VBANK
    [P_OID] => 260409-018
    [P_FN_CD1] => 04
    [P_FN_CD2] => 
    [P_FN_NM] => KB국민은행
    [P_AMT] => 3500
    [P_UNAME] => 조미경
    [P_RMESG1] => P_VACCT_NO=96439078925757|P_EXP_DT=20260419
    [P_RMESG2] => 
    [P_NOTI] => 
    [P_AUTH_NO] => 
)

 Array
(
    [PageCall time] => 13:59:50
    [P_TID] => INIMX_VBNKCAEcatca0720260409135618355668
    [P_MID] => CAEcatca07
    [P_AUTH_DT] => 20260409135950
    [P_STATUS] => 02
    [P_TYPE] => VBANK
    [P_OID] => 260409-027
    [P_FN_CD1] => 04
    [P_FN_CD2] => 
    [P_FN_NM] => KB국민은행
    [P_AMT] => 3500
    [P_UNAME] => 이해원
    [P_RMESG1] => P_VACCT_NO=96439078939237|P_EXP_DT=20260419
    [P_RMESG2] => 
    [P_NOTI] => 
    [P_AUTH_NO] => 
)

 Array
(
    [PageCall time] => 14:16:24
    [P_TID] => INIMX_VBNKCAEcatca0720260409141521695915
    [P_MID] => CAEcatca07
    [P_AUTH_DT] => 20260409141623
    [P_STATUS] => 02
    [P_TYPE] => VBANK
    [P_OID] => 260409-028
    [P_FN_CD1] => 11
    [P_FN_CD2] => 
    [P_FN_NM] => NH농협은행
    [P_AMT] => 3500
    [P_UNAME] => 정희근
    [P_RMESG1] => P_VACCT_NO=79014506012810|P_EXP_DT=20260419
    [P_RMESG2] => 
    [P_NOTI] => 
    [P_AUTH_NO] => 
)

 Array
(
    [PageCall time] => 14:33:42
    [P_TID] => INIMX_VBNKCAEcatca0720260409142854145923
    [P_MID] => CAEcatca07
    [P_AUTH_DT] => 20260409143342
    [P_STATUS] => 02
    [P_TYPE] => VBANK
    [P_OID] => 260409-030
    [P_FN_CD1] => 23
    [P_FN_CD2] => 
    [P_FN_NM] => SC은행
    [P_AMT] => 3500
    [P_UNAME] => 최석열
    [P_RMESG1] => P_VACCT_NO=46416006183980|P_EXP_DT=20260419
    [P_RMESG2] => 
    [P_NOTI] => 
    [P_AUTH_NO] => 
)

 Array
(
    [PageCall time] => 15:56:26
    [P_TID] => INIMX_VBNKCAEcatca0720260409155317995380
    [P_MID] => CAEcatca07
    [P_AUTH_DT] => 20260409155626
    [P_STATUS] => 02
    [P_TYPE] => VBANK
    [P_OID] => 260409-001
    [P_FN_CD1] => 32
    [P_FN_CD2] => 
    [P_FN_NM] => 부산은행
    [P_AMT] => 3500
    [P_UNAME] => 박진호
    [P_RMESG1] => P_VACCT_NO=109924884209|P_EXP_DT=20260419
    [P_RMESG2] => 
    [P_NOTI] => 
    [P_AUTH_NO] => 
)

 Array
(
    [PageCall time] => 16:48:09
    [P_TID] => INIMX_VBNKCAEcatca0720260409164553395977
    [P_MID] => CAEcatca07
    [P_AUTH_DT] => 20260409164809
    [P_STATUS] => 02
    [P_TYPE] => VBANK
    [P_OID] => 260409-034
    [P_FN_CD1] => 11
    [P_FN_CD2] => 
    [P_FN_NM] => NH농협은행
    [P_AMT] => 3500
    [P_UNAME] => 구상원
    [P_RMESG1] => P_VACCT_NO=79014506034919|P_EXP_DT=20260419
    [P_RMESG2] => 
    [P_NOTI] => 
    [P_AUTH_NO] => 
)

 Array
(
    [PageCall time] => 18:41:30
    [P_TID] => INIMX_VBNKCAEcatca0720260409183850855690
    [P_MID] => CAEcatca07
    [P_AUTH_DT] => 20260409184129
    [P_STATUS] => 02
    [P_TYPE] => VBANK
    [P_OID] => 260409-039
    [P_FN_CD1] => 81
    [P_FN_CD2] => 
    [P_FN_NM] => 하나은행
    [P_AMT] => 3500
    [P_UNAME] => 유혜영
    [P_RMESG1] => P_VACCT_NO=20893930510937|P_EXP_DT=20260419
    [P_RMESG2] => 
    [P_NOTI] => 
    [P_AUTH_NO] => 
)

 Array
(
    [PageCall time] => 19:01:05
    [P_TID] => INIMX_VBNKCAEcatca0720260409185755885497
    [P_MID] => CAEcatca07
    [P_AUTH_DT] => 20260409190105
    [P_STATUS] => 02
    [P_TYPE] => VBANK
    [P_OID] => 260409-041
    [P_FN_CD1] => 03
    [P_FN_CD2] => 
    [P_FN_NM] => 기업은행
    [P_AMT] => 3500
    [P_UNAME] => 강정근
    [P_RMESG1] => P_VACCT_NO=07502394497340|P_EXP_DT=20260419
    [P_RMESG2] => 
    [P_NOTI] => 
    [P_AUTH_NO] => 
)

 Array
(
    [PageCall time] => 19:30:14
    [P_TID] => INIMX_VBNKCAEcatca0720260409192551265589
    [P_MID] => CAEcatca07
    [P_AUTH_DT] => 20260409193014
    [P_STATUS] => 02
    [P_TYPE] => VBANK
    [P_OID] => 260409-042
    [P_FN_CD1] => 04
    [P_FN_CD2] => 
    [P_FN_NM] => KB국민은행
    [P_AMT] => 3500
    [P_UNAME] => 배성숙
    [P_RMESG1] => P_VACCT_NO=96569078004730|P_EXP_DT=20260419
    [P_RMESG2] => 
    [P_NOTI] => 
    [P_AUTH_NO] => 
)

 Array
(
    [PageCall time] => 20:17:05
    [P_TID] => INIMX_VBNKCAEcatca0720260409201336675864
    [P_MID] => CAEcatca07
    [P_AUTH_DT] => 20260409201705
    [P_STATUS] => 02
    [P_TYPE] => VBANK
    [P_OID] => 260409-044
    [P_FN_CD1] => 32
    [P_FN_CD2] => 
    [P_FN_NM] => 부산은행
    [P_AMT] => 3500
    [P_UNAME] => 박석환
    [P_RMESG1] => P_VACCT_NO=109924886087|P_EXP_DT=20260419
    [P_RMESG2] => 
    [P_NOTI] => 
    [P_AUTH_NO] => 
)

 Array
(
    [PageCall time] => 20:21:18
    [P_TID] => INIMX_VBNKCAEcatca0720260409201835965365
    [P_MID] => CAEcatca07
    [P_AUTH_DT] => 20260409202117
    [P_STATUS] => 02
    [P_TYPE] => VBANK
    [P_OID] => 260409-043
    [P_FN_CD1] => 88
    [P_FN_CD2] => 
    [P_FN_NM] => 신한은행
    [P_AMT] => 3500
    [P_UNAME] => 김완태
    [P_RMESG1] => P_VACCT_NO=56211106909040|P_EXP_DT=20260419
    [P_RMESG2] => 
    [P_NOTI] => 
    [P_AUTH_NO] => 
)

 Array
(
    [PageCall time] => 22:36:00
    [P_TID] => INIMX_VBNKCAEcatca0720260409223320575278
    [P_MID] => CAEcatca07
    [P_AUTH_DT] => 20260409223600
    [P_STATUS] => 02
    [P_TYPE] => VBANK
    [P_OID] => 260409-047
    [P_FN_CD1] => 03
    [P_FN_CD2] => 
    [P_FN_NM] => 기업은행
    [P_AMT] => 3500
    [P_UNAME] => 장지환
    [P_RMESG1] => P_VACCT_NO=07502395797425|P_EXP_DT=20260419
    [P_RMESG2] => 
    [P_NOTI] => 
    [P_AUTH_NO] => 
)

 Array
(
    [PageCall time] => 23:16:30
    [P_TID] => INIMX_VBNKCAEcatca0720260409231345305508
    [P_MID] => CAEcatca07
    [P_AUTH_DT] => 20260409231630
    [P_STATUS] => 02
    [P_TYPE] => VBANK
    [P_OID] => 260409-048
    [P_FN_CD1] => 04
    [P_FN_CD2] => 
    [P_FN_NM] => KB국민은행
    [P_AMT] => 3500
    [P_UNAME] => 김준호
    [P_RMESG1] => P_VACCT_NO=96569078091187|P_EXP_DT=20260419
    [P_RMESG2] => 
    [P_NOTI] => 
    [P_AUTH_NO] => 
)

