 Array
(
    [PageCall time] => 00:15:24
    [P_TID] => INIMX_VBNKCAEcatca0720251126000818654836
    [P_MID] => CAEcatca07
    [P_AUTH_DT] => 20251126001524
    [P_STATUS] => 02
    [P_TYPE] => VBANK
    [P_OID] => 251126-002
    [P_FN_CD1] => 88
    [P_FN_CD2] => 
    [P_FN_NM] => 신한은행
    [P_AMT] => 3000
    [P_UNAME] => 유세희
    [P_RMESG1] => P_VACCT_NO=56211123317418|P_EXP_DT=20251206
    [P_RMESG2] => 
    [P_NOTI] => 
    [P_AUTH_NO] => 
)

 Array
(
    [PageCall time] => 00:31:26
    [P_TID] => INIMX_VBNKCAEcatca0720251126001021964430
    [P_MID] => CAEcatca07
    [P_AUTH_DT] => 20251126003126
    [P_STATUS] => 02
    [P_TYPE] => VBANK
    [P_OID] => 251126-003
    [P_FN_CD1] => 11
    [P_FN_CD2] => 
    [P_FN_NM] => NH농협은행
    [P_AMT] => 3000
    [P_UNAME] => 홍세명
    [P_RMESG1] => P_VACCT_NO=79006421266044|P_EXP_DT=20251206
    [P_RMESG2] => 
    [P_NOTI] => 
    [P_AUTH_NO] => 
)

 Array
(
    [PageCall time] => 00:36:30
    [P_TID] => INIMX_VBNKCAEcatca0720251125233116534819
    [P_MID] => CAEcatca07
    [P_AUTH_DT] => 20251126003630
    [P_STATUS] => 02
    [P_TYPE] => VBANK
    [P_OID] => 251125-040
    [P_FN_CD1] => 11
    [P_FN_CD2] => 
    [P_FN_NM] => NH농협은행
    [P_AMT] => 3000
    [P_UNAME] => 김미순
    [P_RMESG1] => P_VACCT_NO=79006421263651|P_EXP_DT=20251205
    [P_RMESG2] => 
    [P_NOTI] => 
    [P_AUTH_NO] => 
)

 Array
(
    [PageCall time] => 08:58:38
    [P_TID] => INIMX_VBNKCAEcatca0720251124110143254303
    [P_MID] => CAEcatca07
    [P_AUTH_DT] => 20251126085838
    [P_STATUS] => 02
    [P_TYPE] => VBANK
    [P_OID] => 251124-012
    [P_FN_CD1] => 89
    [P_FN_CD2] => 
    [P_FN_NM] => 케이뱅크
    [P_AMT] => 3000
    [P_UNAME] => 김관우
    [P_RMESG1] => P_VACCT_NO=70112000047099|P_EXP_DT=20251204
    [P_RMESG2] => 
    [P_NOTI] => 
    [P_AUTH_NO] => 
)

 Array
(
    [PageCall time] => 09:13:51
    [P_TID] => INIMX_VBNKCAEcatca0720251126091114514816
    [P_MID] => CAEcatca07
    [P_AUTH_DT] => 20251126091351
    [P_STATUS] => 02
    [P_TYPE] => VBANK
    [P_OID] => 251126-004
    [P_FN_CD1] => 88
    [P_FN_CD2] => 
    [P_FN_NM] => 신한은행
    [P_AMT] => 3000
    [P_UNAME] => 홍성인
    [P_RMESG1] => P_VACCT_NO=56211123319682|P_EXP_DT=20251206
    [P_RMESG2] => 
    [P_NOTI] => 
    [P_AUTH_NO] => 
)

 Array
(
    [PageCall time] => 10:33:59
    [P_TID] => INIMX_VBNKCAEcatca0720251126103115535539
    [P_MID] => CAEcatca07
    [P_AUTH_DT] => 20251126103359
    [P_STATUS] => 02
    [P_TYPE] => VBANK
    [P_OID] => 251126-007
    [P_FN_CD1] => 04
    [P_FN_CD2] => 
    [P_FN_NM] => KB국민은행
    [P_AMT] => 3000
    [P_UNAME] => 이나라
    [P_RMESG1] => P_VACCT_NO=44289079217980|P_EXP_DT=20251206
    [P_RMESG2] => 
    [P_NOTI] => 
    [P_AUTH_NO] => 
)

 Array
(
    [PageCall time] => 10:51:25
    [P_TID] => INIMX_VBNKCAEcatca0720251126104822785044
    [P_MID] => CAEcatca07
    [P_AUTH_DT] => 20251126105125
    [P_STATUS] => 02
    [P_TYPE] => VBANK
    [P_OID] => 251126-009
    [P_FN_CD1] => 04
    [P_FN_CD2] => 
    [P_FN_NM] => KB국민은행
    [P_AMT] => 3000
    [P_UNAME] => 윤금식
    [P_RMESG1] => P_VACCT_NO=51139079426978|P_EXP_DT=20251206
    [P_RMESG2] => 
    [P_NOTI] => 
    [P_AUTH_NO] => 
)

 Array
(
    [PageCall time] => 11:20:20
    [P_TID] => INIMX_VBNKCAEcatca0720251126111735455107
    [P_MID] => CAEcatca07
    [P_AUTH_DT] => 20251126112020
    [P_STATUS] => 02
    [P_TYPE] => VBANK
    [P_OID] => 251126-013
    [P_FN_CD1] => 20
    [P_FN_CD2] => 
    [P_FN_NM] => 우리은행
    [P_AMT] => 3000
    [P_UNAME] => 노석찬
    [P_RMESG1] => P_VACCT_NO=27204896918261|P_EXP_DT=20251206
    [P_RMESG2] => 
    [P_NOTI] => 
    [P_AUTH_NO] => 
)

 Array
(
    [PageCall time] => 12:01:38
    [P_TID] => INIMX_VBNKCAEcatca0720251126115850995760
    [P_MID] => CAEcatca07
    [P_AUTH_DT] => 20251126120138
    [P_STATUS] => 02
    [P_TYPE] => VBANK
    [P_OID] => 251126-016
    [P_FN_CD1] => 88
    [P_FN_CD2] => 
    [P_FN_NM] => 신한은행
    [P_AMT] => 3000
    [P_UNAME] => 김혜경
    [P_RMESG1] => P_VACCT_NO=56211106388518|P_EXP_DT=20251206
    [P_RMESG2] => 
    [P_NOTI] => 
    [P_AUTH_NO] => 
)

 Array
(
    [PageCall time] => 12:15:20
    [P_TID] => INIMX_VBNKCAEcatca0720251126121249115471
    [P_MID] => CAEcatca07
    [P_AUTH_DT] => 20251126121520
    [P_STATUS] => 02
    [P_TYPE] => VBANK
    [P_OID] => 251125-034
    [P_FN_CD1] => 11
    [P_FN_CD2] => 
    [P_FN_NM] => NH농협은행
    [P_AMT] => 3000
    [P_UNAME] => 김광옥
    [P_RMESG1] => P_VACCT_NO=79015903689288|P_EXP_DT=20251206
    [P_RMESG2] => 
    [P_NOTI] => 
    [P_AUTH_NO] => 
)

 Array
(
    [PageCall time] => 12:42:04
    [P_TID] => INIMX_VBNKCAEcatca0720251126124013505073
    [P_MID] => CAEcatca07
    [P_AUTH_DT] => 20251126124204
    [P_STATUS] => 02
    [P_TYPE] => VBANK
    [P_OID] => 251126-017
    [P_FN_CD1] => 11
    [P_FN_CD2] => 
    [P_FN_NM] => NH농협은행
    [P_AMT] => 3000
    [P_UNAME] => 구세주
    [P_RMESG1] => P_VACCT_NO=79015903695367|P_EXP_DT=20251206
    [P_RMESG2] => 
    [P_NOTI] => 
    [P_AUTH_NO] => 
)

 Array
(
    [PageCall time] => 13:09:52
    [P_TID] => INIMX_VBNKCAEcatca0720251126130840865136
    [P_MID] => CAEcatca07
    [P_AUTH_DT] => 20251126130952
    [P_STATUS] => 02
    [P_TYPE] => VBANK
    [P_OID] => 251126-019
    [P_FN_CD1] => 11
    [P_FN_CD2] => 
    [P_FN_NM] => NH농협은행
    [P_AMT] => 3000
    [P_UNAME] => 신미경
    [P_RMESG1] => P_VACCT_NO=79015903699555|P_EXP_DT=20251206
    [P_RMESG2] => 
    [P_NOTI] => 
    [P_AUTH_NO] => 
)

 Array
(
    [PageCall time] => 13:45:19
    [P_TID] => INIMX_VBNKCAEcatca0720251126134236735150
    [P_MID] => CAEcatca07
    [P_AUTH_DT] => 20251126134519
    [P_STATUS] => 02
    [P_TYPE] => VBANK
    [P_OID] => 251126-020
    [P_FN_CD1] => 81
    [P_FN_CD2] => 
    [P_FN_NM] => 하나은행
    [P_AMT] => 3000
    [P_UNAME] => 송영욱
    [P_RMESG1] => P_VACCT_NO=20894064274937|P_EXP_DT=20251206
    [P_RMESG2] => 
    [P_NOTI] => 
    [P_AUTH_NO] => 
)

 Array
(
    [PageCall time] => 13:58:05
    [P_TID] => INIMX_VBNKCAEcatca0720251126135530195957
    [P_MID] => CAEcatca07
    [P_AUTH_DT] => 20251126135805
    [P_STATUS] => 02
    [P_TYPE] => VBANK
    [P_OID] => 251126-021
    [P_FN_CD1] => 20
    [P_FN_CD2] => 
    [P_FN_NM] => 우리은행
    [P_AMT] => 3000
    [P_UNAME] => 서우영
    [P_RMESG1] => P_VACCT_NO=27204918718158|P_EXP_DT=20251206
    [P_RMESG2] => 
    [P_NOTI] => 
    [P_AUTH_NO] => 
)

 Array
(
    [PageCall time] => 15:10:54
    [P_TID] => INIMX_VBNKCAEcatca0720251126150814205542
    [P_MID] => CAEcatca07
    [P_AUTH_DT] => 20251126151054
    [P_STATUS] => 02
    [P_TYPE] => VBANK
    [P_OID] => 251126-025
    [P_FN_CD1] => 89
    [P_FN_CD2] => 
    [P_FN_NM] => 케이뱅크
    [P_AMT] => 3000
    [P_UNAME] => 황인재
    [P_RMESG1] => P_VACCT_NO=70112003930565|P_EXP_DT=20251206
    [P_RMESG2] => 
    [P_NOTI] => 
    [P_AUTH_NO] => 
)

 Array
(
    [PageCall time] => 15:37:01
    [P_TID] => INIMX_VBNKCAEcatca0720251126153417004474
    [P_MID] => CAEcatca07
    [P_AUTH_DT] => 20251126153701
    [P_STATUS] => 02
    [P_TYPE] => VBANK
    [P_OID] => 251126-029
    [P_FN_CD1] => 04
    [P_FN_CD2] => 
    [P_FN_NM] => KB국민은행
    [P_AMT] => 3000
    [P_UNAME] => 조민지
    [P_RMESG1] => P_VACCT_NO=99289014247098|P_EXP_DT=20251206
    [P_RMESG2] => 
    [P_NOTI] => 
    [P_AUTH_NO] => 
)

 Array
(
    [PageCall time] => 16:16:51
    [P_TID] => INIMX_VBNKCAEcatca0720251126161341454046
    [P_MID] => CAEcatca07
    [P_AUTH_DT] => 20251126161651
    [P_STATUS] => 02
    [P_TYPE] => VBANK
    [P_OID] => 251126-030
    [P_FN_CD1] => 03
    [P_FN_CD2] => 
    [P_FN_NM] => 기업은행
    [P_AMT] => 3000
    [P_UNAME] => 김태은
    [P_RMESG1] => P_VACCT_NO=07500521497435|P_EXP_DT=20251206
    [P_RMESG2] => 
    [P_NOTI] => 
    [P_AUTH_NO] => 
)

 Array
(
    [PageCall time] => 16:45:18
    [P_TID] => INIMX_VBNKCAEcatca0720251126164216724965
    [P_MID] => CAEcatca07
    [P_AUTH_DT] => 20251126164518
    [P_STATUS] => 02
    [P_TYPE] => VBANK
    [P_OID] => 251126-031
    [P_FN_CD1] => 04
    [P_FN_CD2] => 
    [P_FN_NM] => KB국민은행
    [P_AMT] => 3000
    [P_UNAME] => 김겸호
    [P_RMESG1] => P_VACCT_NO=99289014255662|P_EXP_DT=20251206
    [P_RMESG2] => 
    [P_NOTI] => 
    [P_AUTH_NO] => 
)

 Array
(
    [PageCall time] => 18:12:13
    [P_TID] => INIMX_VBNKCAEcatca0720251126175408974267
    [P_MID] => CAEcatca07
    [P_AUTH_DT] => 20251126181213
    [P_STATUS] => 02
    [P_TYPE] => VBANK
    [P_OID] => 251126-035
    [P_FN_CD1] => 03
    [P_FN_CD2] => 
    [P_FN_NM] => 기업은행
    [P_AMT] => 3000
    [P_UNAME] => 오태원
    [P_RMESG1] => P_VACCT_NO=07500521897707|P_EXP_DT=20251206
    [P_RMESG2] => 
    [P_NOTI] => 
    [P_AUTH_NO] => 
)

 Array
(
    [PageCall time] => 21:34:55
    [P_TID] => INIMX_VBNKCAEcatca0720251126213111964063
    [P_MID] => CAEcatca07
    [P_AUTH_DT] => 20251126213455
    [P_STATUS] => 02
    [P_TYPE] => VBANK
    [P_OID] => 251126-037
    [P_FN_CD1] => 04
    [P_FN_CD2] => 
    [P_FN_NM] => KB국민은행
    [P_AMT] => 3000
    [P_UNAME] => 김대연
    [P_RMESG1] => P_VACCT_NO=99289014290078|P_EXP_DT=20251206
    [P_RMESG2] => 
    [P_NOTI] => 
    [P_AUTH_NO] => 
)

 Array
(
    [PageCall time] => 22:08:02
    [P_TID] => INIMX_VBNKCAEcatca0720251126220518294738
    [P_MID] => CAEcatca07
    [P_AUTH_DT] => 20251126220802
    [P_STATUS] => 02
    [P_TYPE] => VBANK
    [P_OID] => 251126-038
    [P_FN_CD1] => 88
    [P_FN_CD2] => 
    [P_FN_NM] => 신한은행
    [P_AMT] => 3000
    [P_UNAME] => 노해진
    [P_RMESG1] => P_VACCT_NO=56211123335057|P_EXP_DT=20251206
    [P_RMESG2] => 
    [P_NOTI] => 
    [P_AUTH_NO] => 
)

 Array
(
    [PageCall time] => 22:53:19
    [P_TID] => INIMX_VBNKCAEcatca0720251126225049394414
    [P_MID] => CAEcatca07
    [P_AUTH_DT] => 20251126225319
    [P_STATUS] => 02
    [P_TYPE] => VBANK
    [P_OID] => 251126-039
    [P_FN_CD1] => 04
    [P_FN_CD2] => 
    [P_FN_NM] => KB국민은행
    [P_AMT] => 3000
    [P_UNAME] => 이시연
    [P_RMESG1] => P_VACCT_NO=99289014294188|P_EXP_DT=20251206
    [P_RMESG2] => 
    [P_NOTI] => 
    [P_AUTH_NO] => 
)

