 Array
(
    [PageCall time] => 00:48:44
    [P_TID] => INIMX_VBNKCAEcatca0720250314004559975217
    [P_MID] => CAEcatca07
    [P_AUTH_DT] => 20250314004843
    [P_STATUS] => 02
    [P_TYPE] => VBANK
    [P_OID] => 250314-001
    [P_FN_CD1] => 88
    [P_FN_CD2] => 
    [P_FN_NM] => 신한은행
    [P_AMT] => 3000
    [P_UNAME] => 유주연
    [P_RMESG1] => P_VACCT_NO=56211990895345|P_EXP_DT=20250324
    [P_RMESG2] => 
    [P_NOTI] => 
    [P_AUTH_NO] => 
)

 Array
(
    [PageCall time] => 09:06:37
    [P_TID] => INIMX_VBNKCAEcatca0720250314090505765874
    [P_MID] => CAEcatca07
    [P_AUTH_DT] => 20250314090637
    [P_STATUS] => 02
    [P_TYPE] => VBANK
    [P_OID] => 250312-029
    [P_FN_CD1] => 11
    [P_FN_CD2] => 
    [P_FN_NM] => NH농협은행
    [P_AMT] => 3000
    [P_UNAME] => 김경환
    [P_RMESG1] => P_VACCT_NO=79014507675090|P_EXP_DT=20250324
    [P_RMESG2] => 
    [P_NOTI] => 
    [P_AUTH_NO] => 
)

 Array
(
    [PageCall time] => 09:48:39
    [P_TID] => INIMX_VBNKCAEcatca0720250314094611355394
    [P_MID] => CAEcatca07
    [P_AUTH_DT] => 20250314094839
    [P_STATUS] => 02
    [P_TYPE] => VBANK
    [P_OID] => 250314-003
    [P_FN_CD1] => 88
    [P_FN_CD2] => 
    [P_FN_NM] => 신한은행
    [P_AMT] => 3000
    [P_UNAME] => 민현준
    [P_RMESG1] => P_VACCT_NO=56211990900205|P_EXP_DT=20250324
    [P_RMESG2] => 
    [P_NOTI] => 
    [P_AUTH_NO] => 
)

 Array
(
    [PageCall time] => 10:18:07
    [P_TID] => INIMX_VBNKCAEcatca0720250314101537455841
    [P_MID] => CAEcatca07
    [P_AUTH_DT] => 20250314101807
    [P_STATUS] => 02
    [P_TYPE] => VBANK
    [P_OID] => 250311-028
    [P_FN_CD1] => 88
    [P_FN_CD2] => 
    [P_FN_NM] => 신한은행
    [P_AMT] => 3000
    [P_UNAME] => 이휘림
    [P_RMESG1] => P_VACCT_NO=56211990902075|P_EXP_DT=20250324
    [P_RMESG2] => 
    [P_NOTI] => 
    [P_AUTH_NO] => 
)

 Array
(
    [PageCall time] => 10:21:05
    [P_TID] => INIMX_VBNKCAEcatca0720250314101816815880
    [P_MID] => CAEcatca07
    [P_AUTH_DT] => 20250314102105
    [P_STATUS] => 02
    [P_TYPE] => VBANK
    [P_OID] => 250314-004
    [P_FN_CD1] => 88
    [P_FN_CD2] => 
    [P_FN_NM] => 신한은행
    [P_AMT] => 3000
    [P_UNAME] => 김소정
    [P_RMESG1] => P_VACCT_NO=56211990902220|P_EXP_DT=20250324
    [P_RMESG2] => 
    [P_NOTI] => 
    [P_AUTH_NO] => 
)

 Array
(
    [PageCall time] => 10:30:20
    [P_TID] => INIMX_VBNKCAEcatca0720250314102535785647
    [P_MID] => CAEcatca07
    [P_AUTH_DT] => 20250314103020
    [P_STATUS] => 02
    [P_TYPE] => VBANK
    [P_OID] => 250314-005
    [P_FN_CD1] => 34
    [P_FN_CD2] => 
    [P_FN_NM] => 광주은행
    [P_AMT] => 3000
    [P_UNAME] => 박현주
    [P_RMESG1] => P_VACCT_NO=810865180306|P_EXP_DT=20250324
    [P_RMESG2] => 
    [P_NOTI] => 
    [P_AUTH_NO] => 
)

 Array
(
    [PageCall time] => 11:34:14
    [P_TID] => INIMX_VBNKCAEcatca0720250314112919905730
    [P_MID] => CAEcatca07
    [P_AUTH_DT] => 20250314113414
    [P_STATUS] => 02
    [P_TYPE] => VBANK
    [P_OID] => 250314-008
    [P_FN_CD1] => 20
    [P_FN_CD2] => 
    [P_FN_NM] => 우리은행
    [P_AMT] => 3000
    [P_UNAME] => 이상구
    [P_RMESG1] => P_VACCT_NO=27204725918731|P_EXP_DT=20250324
    [P_RMESG2] => 
    [P_NOTI] => 
    [P_AUTH_NO] => 
)

 Array
(
    [PageCall time] => 12:23:48
    [P_TID] => INIMX_VBNKCAEcatca0720250314122111405604
    [P_MID] => CAEcatca07
    [P_AUTH_DT] => 20250314122347
    [P_STATUS] => 02
    [P_TYPE] => VBANK
    [P_OID] => 250314-009
    [P_FN_CD1] => 03
    [P_FN_CD2] => 
    [P_FN_NM] => 기업은행
    [P_AMT] => 3000
    [P_UNAME] => 박성은
    [P_RMESG1] => P_VACCT_NO=07502386797281|P_EXP_DT=20250324
    [P_RMESG2] => 
    [P_NOTI] => 
    [P_AUTH_NO] => 
)

 Array
(
    [PageCall time] => 13:05:29
    [P_TID] => INIMX_VBNKCAEcatca0720250314130304665650
    [P_MID] => CAEcatca07
    [P_AUTH_DT] => 20250314130529
    [P_STATUS] => 02
    [P_TYPE] => VBANK
    [P_OID] => 250314-011
    [P_FN_CD1] => 03
    [P_FN_CD2] => 
    [P_FN_NM] => 기업은행
    [P_AMT] => 3000
    [P_UNAME] => 손애림
    [P_RMESG1] => P_VACCT_NO=07502386997481|P_EXP_DT=20250324
    [P_RMESG2] => 
    [P_NOTI] => 
    [P_AUTH_NO] => 
)

 Array
(
    [PageCall time] => 14:20:16
    [P_TID] => INIMX_VBNKCAEcatca0720250314141311405770
    [P_MID] => CAEcatca07
    [P_AUTH_DT] => 20250314142016
    [P_STATUS] => 02
    [P_TYPE] => VBANK
    [P_OID] => 250314-014
    [P_FN_CD1] => 20
    [P_FN_CD2] => 
    [P_FN_NM] => 우리은행
    [P_AMT] => 3000
    [P_UNAME] => 정혜승
    [P_RMESG1] => P_VACCT_NO=27204740218217|P_EXP_DT=20250324
    [P_RMESG2] => 
    [P_NOTI] => 
    [P_AUTH_NO] => 
)

 Array
(
    [PageCall time] => 14:44:14
    [P_TID] => INIMX_VBNKCAEcatca0720250314144040275270
    [P_MID] => CAEcatca07
    [P_AUTH_DT] => 20250314144414
    [P_STATUS] => 02
    [P_TYPE] => VBANK
    [P_OID] => 250314-015
    [P_FN_CD1] => 11
    [P_FN_CD2] => 
    [P_FN_NM] => NH농협은행
    [P_AMT] => 3000
    [P_UNAME] => 이성희
    [P_RMESG1] => P_VACCT_NO=79014507702419|P_EXP_DT=20250324
    [P_RMESG2] => 
    [P_NOTI] => 
    [P_AUTH_NO] => 
)

 Array
(
    [PageCall time] => 15:13:03
    [P_TID] => INIMX_VBNKCAEcatca0720250314150932865671
    [P_MID] => CAEcatca07
    [P_AUTH_DT] => 20250314151303
    [P_STATUS] => 02
    [P_TYPE] => VBANK
    [P_OID] => 250314-016
    [P_FN_CD1] => 04
    [P_FN_CD2] => 
    [P_FN_NM] => KB국민은행
    [P_AMT] => 3000
    [P_UNAME] => 이태경
    [P_RMESG1] => P_VACCT_NO=26119078059036|P_EXP_DT=20250324
    [P_RMESG2] => 
    [P_NOTI] => 
    [P_AUTH_NO] => 
)

 Array
(
    [PageCall time] => 16:47:59
    [P_TID] => INIMX_VBNKCAEcatca0720250314164406475722
    [P_MID] => CAEcatca07
    [P_AUTH_DT] => 20250314164759
    [P_STATUS] => 02
    [P_TYPE] => VBANK
    [P_OID] => 250314-018
    [P_FN_CD1] => 88
    [P_FN_CD2] => 
    [P_FN_NM] => 신한은행
    [P_AMT] => 3000
    [P_UNAME] => 송경숙
    [P_RMESG1] => P_VACCT_NO=56211990927065|P_EXP_DT=20250324
    [P_RMESG2] => 
    [P_NOTI] => 
    [P_AUTH_NO] => 
)

 Array
(
    [PageCall time] => 18:28:04
    [P_TID] => INIMX_VBNKCAEcatca0720250314182520975290
    [P_MID] => CAEcatca07
    [P_AUTH_DT] => 20250314182804
    [P_STATUS] => 02
    [P_TYPE] => VBANK
    [P_OID] => 250313-039
    [P_FN_CD1] => 20
    [P_FN_CD2] => 
    [P_FN_NM] => 우리은행
    [P_AMT] => 3000
    [P_UNAME] => 전설재
    [P_RMESG1] => P_VACCT_NO=27204757518701|P_EXP_DT=20250324
    [P_RMESG2] => 
    [P_NOTI] => 
    [P_AUTH_NO] => 
)

 Array
(
    [PageCall time] => 19:06:36
    [P_TID] => INIMX_VBNKCAEcatca0720250314190503895095
    [P_MID] => CAEcatca07
    [P_AUTH_DT] => 20250314190636
    [P_STATUS] => 02
    [P_TYPE] => VBANK
    [P_OID] => 250314-020
    [P_FN_CD1] => 11
    [P_FN_CD2] => 
    [P_FN_NM] => NH농협은행
    [P_AMT] => 3000
    [P_UNAME] => 김순희
    [P_RMESG1] => P_VACCT_NO=79014507721256|P_EXP_DT=20250324
    [P_RMESG2] => 
    [P_NOTI] => 
    [P_AUTH_NO] => 
)

