 Array
(
    [PageCall time] => 00:30:57
    [P_TID] => INIMX_VBNKCAEcatca0720250902003035785710
    [P_MID] => CAEcatca07
    [P_AUTH_DT] => 20250902003057
    [P_STATUS] => 02
    [P_TYPE] => VBANK
    [P_OID] => 250902-002
    [P_FN_CD1] => 11
    [P_FN_CD2] => 
    [P_FN_NM] => NH농협은행
    [P_AMT] => 3000
    [P_UNAME] => 조민주
    [P_RMESG1] => P_VACCT_NO=79014409140814|P_EXP_DT=20250912
    [P_RMESG2] => 
    [P_NOTI] => 
    [P_AUTH_NO] => 
)

 Array
(
    [PageCall time] => 01:14:00
    [P_TID] => INIMX_VBNKCAEcatca0720250902011051895280
    [P_MID] => CAEcatca07
    [P_AUTH_DT] => 20250902011400
    [P_STATUS] => 02
    [P_TYPE] => VBANK
    [P_OID] => 250902-001
    [P_FN_CD1] => 20
    [P_FN_CD2] => 
    [P_FN_NM] => 우리은행
    [P_AMT] => 3000
    [P_UNAME] => 정성효
    [P_RMESG1] => P_VACCT_NO=27489088118836|P_EXP_DT=20250912
    [P_RMESG2] => 
    [P_NOTI] => 
    [P_AUTH_NO] => 
)

 Array
(
    [PageCall time] => 07:29:02
    [P_TID] => INIMX_VBNKCAEcatca0720250901234003115703
    [P_MID] => CAEcatca07
    [P_AUTH_DT] => 20250902072902
    [P_STATUS] => 02
    [P_TYPE] => VBANK
    [P_OID] => 250901-043
    [P_FN_CD1] => 11
    [P_FN_CD2] => 
    [P_FN_NM] => NH농협은행
    [P_AMT] => 3000
    [P_UNAME] => 이미선
    [P_RMESG1] => P_VACCT_NO=79014409137621|P_EXP_DT=20250911
    [P_RMESG2] => 
    [P_NOTI] => 
    [P_AUTH_NO] => 
)

 Array
(
    [PageCall time] => 10:37:15
    [P_TID] => INIMX_VBNKCAEcatca0720250902103413125970
    [P_MID] => CAEcatca07
    [P_AUTH_DT] => 20250902103715
    [P_STATUS] => 02
    [P_TYPE] => VBANK
    [P_OID] => 250902-005
    [P_FN_CD1] => 88
    [P_FN_CD2] => 
    [P_FN_NM] => 신한은행
    [P_AMT] => 3000
    [P_UNAME] => 주창우
    [P_RMESG1] => P_VACCT_NO=56211103691926|P_EXP_DT=20250912
    [P_RMESG2] => 
    [P_NOTI] => 
    [P_AUTH_NO] => 
)

 Array
(
    [PageCall time] => 10:39:46
    [P_TID] => INIMX_VBNKCAEcatca0720250902103647785904
    [P_MID] => CAEcatca07
    [P_AUTH_DT] => 20250902103946
    [P_STATUS] => 02
    [P_TYPE] => VBANK
    [P_OID] => 250902-007
    [P_FN_CD1] => 04
    [P_FN_CD2] => 
    [P_FN_NM] => KB국민은행
    [P_AMT] => 3000
    [P_UNAME] => 이정인
    [P_RMESG1] => P_VACCT_NO=26159078022971|P_EXP_DT=20250912
    [P_RMESG2] => 
    [P_NOTI] => 
    [P_AUTH_NO] => 
)

 Array
(
    [PageCall time] => 10:42:43
    [P_TID] => INIMX_VBNKCAEcatca0720250902103752545287
    [P_MID] => CAEcatca07
    [P_AUTH_DT] => 20250902104243
    [P_STATUS] => 02
    [P_TYPE] => VBANK
    [P_OID] => 250902-006
    [P_FN_CD1] => 32
    [P_FN_CD2] => 
    [P_FN_NM] => 부산은행
    [P_AMT] => 3000
    [P_UNAME] => 김정란
    [P_RMESG1] => P_VACCT_NO=109925550522|P_EXP_DT=20250912
    [P_RMESG2] => 
    [P_NOTI] => 
    [P_AUTH_NO] => 
)

 Array
(
    [PageCall time] => 10:42:49
    [P_TID] => INIMX_VBNKCAEcatca0720250902104130665994
    [P_MID] => CAEcatca07
    [P_AUTH_DT] => 20250902104249
    [P_STATUS] => 02
    [P_TYPE] => VBANK
    [P_OID] => 250902-008
    [P_FN_CD1] => 11
    [P_FN_CD2] => 
    [P_FN_NM] => NH농협은행
    [P_AMT] => 3000
    [P_UNAME] => 김만진
    [P_RMESG1] => P_VACCT_NO=79014409180939|P_EXP_DT=20250912
    [P_RMESG2] => 
    [P_NOTI] => 
    [P_AUTH_NO] => 
)

 Array
(
    [PageCall time] => 11:23:33
    [P_TID] => INIMX_VBNKCAEcatca0720250902112049725208
    [P_MID] => CAEcatca07
    [P_AUTH_DT] => 20250902112333
    [P_STATUS] => 02
    [P_TYPE] => VBANK
    [P_OID] => 250902-010
    [P_FN_CD1] => 20
    [P_FN_CD2] => 
    [P_FN_NM] => 우리은행
    [P_AMT] => 3000
    [P_UNAME] => 서주환
    [P_RMESG1] => P_VACCT_NO=27489111418064|P_EXP_DT=20250912
    [P_RMESG2] => 
    [P_NOTI] => 
    [P_AUTH_NO] => 
)

 Array
(
    [PageCall time] => 13:32:08
    [P_TID] => INIMX_VBNKCAEcatca0720250901234048355247
    [P_MID] => CAEcatca07
    [P_AUTH_DT] => 20250902133208
    [P_STATUS] => 02
    [P_TYPE] => VBANK
    [P_OID] => 250901-042
    [P_FN_CD1] => 81
    [P_FN_CD2] => 
    [P_FN_NM] => 하나은행
    [P_AMT] => 3000
    [P_UNAME] => 이지은
    [P_RMESG1] => P_VACCT_NO=20894060945637|P_EXP_DT=20250911
    [P_RMESG2] => 
    [P_NOTI] => 
    [P_AUTH_NO] => 
)

 Array
(
    [PageCall time] => 13:35:29
    [P_TID] => INIMX_VBNKCAEcatca0720250902133245465991
    [P_MID] => CAEcatca07
    [P_AUTH_DT] => 20250902133529
    [P_STATUS] => 02
    [P_TYPE] => VBANK
    [P_OID] => 250828-025
    [P_FN_CD1] => 88
    [P_FN_CD2] => 
    [P_FN_NM] => 신한은행
    [P_AMT] => 3000
    [P_UNAME] => 정혜지
    [P_RMESG1] => P_VACCT_NO=56213170579707|P_EXP_DT=20250912
    [P_RMESG2] => 
    [P_NOTI] => 
    [P_AUTH_NO] => 
)

 Array
(
    [PageCall time] => 13:55:21
    [P_TID] => INIMX_VBNKCAEcatca0720250902135138895613
    [P_MID] => CAEcatca07
    [P_AUTH_DT] => 20250902135521
    [P_STATUS] => 02
    [P_TYPE] => VBANK
    [P_OID] => 250902-017
    [P_FN_CD1] => 20
    [P_FN_CD2] => 
    [P_FN_NM] => 우리은행
    [P_AMT] => 3000
    [P_UNAME] => 백부자
    [P_RMESG1] => P_VACCT_NO=27489119818741|P_EXP_DT=20250912
    [P_RMESG2] => 
    [P_NOTI] => 
    [P_AUTH_NO] => 
)

 Array
(
    [PageCall time] => 13:56:28
    [P_TID] => INIMX_VBNKCAEcatca0720250902135356315956
    [P_MID] => CAEcatca07
    [P_AUTH_DT] => 20250902135628
    [P_STATUS] => 02
    [P_TYPE] => VBANK
    [P_OID] => 250902-018
    [P_FN_CD1] => 03
    [P_FN_CD2] => 
    [P_FN_NM] => 기업은행
    [P_AMT] => 3000
    [P_UNAME] => 윤혜정
    [P_RMESG1] => P_VACCT_NO=07500594497601|P_EXP_DT=20250912
    [P_RMESG2] => 
    [P_NOTI] => 
    [P_AUTH_NO] => 
)

 Array
(
    [PageCall time] => 14:17:35
    [P_TID] => INIMX_VBNKCAEcatca0720250902141344205094
    [P_MID] => CAEcatca07
    [P_AUTH_DT] => 20250902141735
    [P_STATUS] => 02
    [P_TYPE] => VBANK
    [P_OID] => 250902-014
    [P_FN_CD1] => 88
    [P_FN_CD2] => 
    [P_FN_NM] => 신한은행
    [P_AMT] => 3000
    [P_UNAME] => 박성숙
    [P_RMESG1] => P_VACCT_NO=56213170585011|P_EXP_DT=20250912
    [P_RMESG2] => 
    [P_NOTI] => 
    [P_AUTH_NO] => 
)

 Array
(
    [PageCall time] => 14:54:12
    [P_TID] => INIMX_VBNKCAEcatca0720250902144816965288
    [P_MID] => CAEcatca07
    [P_AUTH_DT] => 20250902145412
    [P_STATUS] => 02
    [P_TYPE] => VBANK
    [P_OID] => 250902-019
    [P_FN_CD1] => 04
    [P_FN_CD2] => 
    [P_FN_NM] => KB국민은행
    [P_AMT] => 3000
    [P_UNAME] => 김명숙
    [P_RMESG1] => P_VACCT_NO=80429078046732|P_EXP_DT=20250912
    [P_RMESG2] => 
    [P_NOTI] => 
    [P_AUTH_NO] => 
)

 Array
(
    [PageCall time] => 15:07:31
    [P_TID] => INIMX_VBNKCAEcatca0720250902150430625847
    [P_MID] => CAEcatca07
    [P_AUTH_DT] => 20250902150730
    [P_STATUS] => 02
    [P_TYPE] => VBANK
    [P_OID] => 250902-013
    [P_FN_CD1] => 04
    [P_FN_CD2] => 
    [P_FN_NM] => KB국민은행
    [P_AMT] => 3000
    [P_UNAME] => 여산
    [P_RMESG1] => P_VACCT_NO=80429078049858|P_EXP_DT=20250912
    [P_RMESG2] => 
    [P_NOTI] => 
    [P_AUTH_NO] => 
)

 Array
(
    [PageCall time] => 15:14:47
    [P_TID] => INIMX_VBNKCAEcatca0720250902151115485705
    [P_MID] => CAEcatca07
    [P_AUTH_DT] => 20250902151447
    [P_STATUS] => 02
    [P_TYPE] => VBANK
    [P_OID] => 250902-020
    [P_FN_CD1] => 03
    [P_FN_CD2] => 
    [P_FN_NM] => 기업은행
    [P_AMT] => 3000
    [P_UNAME] => 이정자
    [P_RMESG1] => P_VACCT_NO=07500599897453|P_EXP_DT=20250912
    [P_RMESG2] => 
    [P_NOTI] => 
    [P_AUTH_NO] => 
)

 Array
(
    [PageCall time] => 15:28:42
    [P_TID] => INIMX_VBNKCAEcatca0720250902145152205160
    [P_MID] => CAEcatca07
    [P_AUTH_DT] => 20250902152842
    [P_STATUS] => 02
    [P_TYPE] => VBANK
    [P_OID] => 250901-032
    [P_FN_CD1] => 04
    [P_FN_CD2] => 
    [P_FN_NM] => KB국민은행
    [P_AMT] => 3000
    [P_UNAME] => 기종원
    [P_RMESG1] => P_VACCT_NO=80429078047289|P_EXP_DT=20250912
    [P_RMESG2] => 
    [P_NOTI] => 
    [P_AUTH_NO] => 
)

 Array
(
    [PageCall time] => 15:46:23
    [P_TID] => INIMX_VBNKCAEcatca0720250902154423805868
    [P_MID] => CAEcatca07
    [P_AUTH_DT] => 20250902154623
    [P_STATUS] => 02
    [P_TYPE] => VBANK
    [P_OID] => 250902-025
    [P_FN_CD1] => 11
    [P_FN_CD2] => 
    [P_FN_NM] => NH농협은행
    [P_AMT] => 3000
    [P_UNAME] => 조임현
    [P_RMESG1] => P_VACCT_NO=79014409229874|P_EXP_DT=20250912
    [P_RMESG2] => 
    [P_NOTI] => 
    [P_AUTH_NO] => 
)

 Array
(
    [PageCall time] => 15:49:19
    [P_TID] => INIMX_VBNKCAEcatca0720250902154636985808
    [P_MID] => CAEcatca07
    [P_AUTH_DT] => 20250902154919
    [P_STATUS] => 02
    [P_TYPE] => VBANK
    [P_OID] => 250902-026
    [P_FN_CD1] => 04
    [P_FN_CD2] => 
    [P_FN_NM] => KB국민은행
    [P_AMT] => 3000
    [P_UNAME] => 오도영
    [P_RMESG1] => P_VACCT_NO=80429078058375|P_EXP_DT=20250912
    [P_RMESG2] => 
    [P_NOTI] => 
    [P_AUTH_NO] => 
)

 Array
(
    [PageCall time] => 16:26:35
    [P_TID] => INIMX_VBNKCAEcatca0720250902162542625173
    [P_MID] => CAEcatca07
    [P_AUTH_DT] => 20250902162635
    [P_STATUS] => 02
    [P_TYPE] => VBANK
    [P_OID] => 250902-029
    [P_FN_CD1] => 11
    [P_FN_CD2] => 
    [P_FN_NM] => NH농협은행
    [P_AMT] => 3000
    [P_UNAME] => 이현경
    [P_RMESG1] => P_VACCT_NO=79014409236477|P_EXP_DT=20250912
    [P_RMESG2] => 
    [P_NOTI] => 
    [P_AUTH_NO] => 
)

 Array
(
    [PageCall time] => 17:04:09
    [P_TID] => INIMX_VBNKCAEcatca0720250902170057295011
    [P_MID] => CAEcatca07
    [P_AUTH_DT] => 20250902170409
    [P_STATUS] => 02
    [P_TYPE] => VBANK
    [P_OID] => 250902-012
    [P_FN_CD1] => 03
    [P_FN_CD2] => 
    [P_FN_NM] => 기업은행
    [P_AMT] => 3000
    [P_UNAME] => 대성어린이집
    [P_RMESG1] => P_VACCT_NO=07500604597841|P_EXP_DT=20250912
    [P_RMESG2] => 
    [P_NOTI] => 
    [P_AUTH_NO] => 
)

 Array
(
    [PageCall time] => 17:36:54
    [P_TID] => INIMX_VBNKCAEcatca0720250902173352885636
    [P_MID] => CAEcatca07
    [P_AUTH_DT] => 20250902173654
    [P_STATUS] => 02
    [P_TYPE] => VBANK
    [P_OID] => 250902-031
    [P_FN_CD1] => 81
    [P_FN_CD2] => 
    [P_FN_NM] => 하나은행
    [P_AMT] => 3000
    [P_UNAME] => 김도희
    [P_RMESG1] => P_VACCT_NO=20894066450237|P_EXP_DT=20250912
    [P_RMESG2] => 
    [P_NOTI] => 
    [P_AUTH_NO] => 
)

 Array
(
    [PageCall time] => 18:15:10
    [P_TID] => INIMX_VBNKCAEcatca0720250902181224995912
    [P_MID] => CAEcatca07
    [P_AUTH_DT] => 20250902181510
    [P_STATUS] => 02
    [P_TYPE] => VBANK
    [P_OID] => 250902-033
    [P_FN_CD1] => 20
    [P_FN_CD2] => 
    [P_FN_NM] => 우리은행
    [P_AMT] => 3000
    [P_UNAME] => 김미숙
    [P_RMESG1] => P_VACCT_NO=27489137618525|P_EXP_DT=20250912
    [P_RMESG2] => 
    [P_NOTI] => 
    [P_AUTH_NO] => 
)

 Array
(
    [PageCall time] => 18:40:56
    [P_TID] => INIMX_VBNKCAEcatca0720250902183550765550
    [P_MID] => CAEcatca07
    [P_AUTH_DT] => 20250902184056
    [P_STATUS] => 02
    [P_TYPE] => VBANK
    [P_OID] => 250902-034
    [P_FN_CD1] => 04
    [P_FN_CD2] => 
    [P_FN_NM] => KB국민은행
    [P_AMT] => 3000
    [P_UNAME] => 이동근
    [P_RMESG1] => P_VACCT_NO=80429078087153|P_EXP_DT=20250912
    [P_RMESG2] => 
    [P_NOTI] => 
    [P_AUTH_NO] => 
)

 Array
(
    [PageCall time] => 19:30:47
    [P_TID] => INIMX_VBNKCAEcatca0720250902192818645622
    [P_MID] => CAEcatca07
    [P_AUTH_DT] => 20250902193046
    [P_STATUS] => 02
    [P_TYPE] => VBANK
    [P_OID] => 250902-038
    [P_FN_CD1] => 31
    [P_FN_CD2] => 
    [P_FN_NM] => 아이엠뱅크(대구은행)
    [P_AMT] => 3000
    [P_UNAME] => 김선명
    [P_RMESG1] => P_VACCT_NO=9600362059828|P_EXP_DT=20250912
    [P_RMESG2] => 
    [P_NOTI] => 
    [P_AUTH_NO] => 
)

 Array
(
    [PageCall time] => 20:27:14
    [P_TID] => INIMX_VBNKCAEcatca0720250902202557795653
    [P_MID] => CAEcatca07
    [P_AUTH_DT] => 20250902202714
    [P_STATUS] => 02
    [P_TYPE] => VBANK
    [P_OID] => 250902-040
    [P_FN_CD1] => 71
    [P_FN_CD2] => 
    [P_FN_NM] => 우체국
    [P_AMT] => 3000
    [P_UNAME] => 조성현
    [P_RMESG1] => P_VACCT_NO=01397981893729|P_EXP_DT=20250912
    [P_RMESG2] => 
    [P_NOTI] => 
    [P_AUTH_NO] => 
)

 Array
(
    [PageCall time] => 21:47:49
    [P_TID] => INIMX_VBNKCAEcatca0720250902214418475409
    [P_MID] => CAEcatca07
    [P_AUTH_DT] => 20250902214749
    [P_STATUS] => 02
    [P_TYPE] => VBANK
    [P_OID] => 250902-041
    [P_FN_CD1] => 81
    [P_FN_CD2] => 
    [P_FN_NM] => 하나은행
    [P_AMT] => 3000
    [P_UNAME] => 이대석
    [P_RMESG1] => P_VACCT_NO=20894067395937|P_EXP_DT=20250912
    [P_RMESG2] => 
    [P_NOTI] => 
    [P_AUTH_NO] => 
)

 Array
(
    [PageCall time] => 22:35:24
    [P_TID] => INIMX_VBNKCAEcatca0720250902223131465368
    [P_MID] => CAEcatca07
    [P_AUTH_DT] => 20250902223524
    [P_STATUS] => 02
    [P_TYPE] => VBANK
    [P_OID] => 250902-042
    [P_FN_CD1] => 20
    [P_FN_CD2] => 
    [P_FN_NM] => 우리은행
    [P_AMT] => 3000
    [P_UNAME] => 조영신
    [P_RMESG1] => P_VACCT_NO=27489149818077|P_EXP_DT=20250912
    [P_RMESG2] => 
    [P_NOTI] => 
    [P_AUTH_NO] => 
)

 Array
(
    [PageCall time] => 22:46:34
    [P_TID] => INIMX_VBNKCAEcatca0720250902224403955405
    [P_MID] => CAEcatca07
    [P_AUTH_DT] => 20250902224634
    [P_STATUS] => 02
    [P_TYPE] => VBANK
    [P_OID] => 250902-043
    [P_FN_CD1] => 89
    [P_FN_CD2] => 
    [P_FN_NM] => 케이뱅크
    [P_AMT] => 3000
    [P_UNAME] => 유지담
    [P_RMESG1] => P_VACCT_NO=70112003346843|P_EXP_DT=20250912
    [P_RMESG2] => 
    [P_NOTI] => 
    [P_AUTH_NO] => 
)

