 Array
(
    [PageCall time] => 09:22:30
    [P_TID] => INIMX_VBNKCAEcatca0720260406091855845350
    [P_MID] => CAEcatca07
    [P_AUTH_DT] => 20260406092230
    [P_STATUS] => 02
    [P_TYPE] => VBANK
    [P_OID] => 260406-001
    [P_FN_CD1] => 04
    [P_FN_CD2] => 
    [P_FN_NM] => KB국민은행
    [P_AMT] => 3500
    [P_UNAME] => 김대환
    [P_RMESG1] => P_VACCT_NO=26159078304947|P_EXP_DT=20260416
    [P_RMESG2] => 
    [P_NOTI] => 
    [P_AUTH_NO] => 
)

 Array
(
    [PageCall time] => 09:36:02
    [P_TID] => INIMX_VBNKCAEcatca0720260406093326395696
    [P_MID] => CAEcatca07
    [P_AUTH_DT] => 20260406093602
    [P_STATUS] => 02
    [P_TYPE] => VBANK
    [P_OID] => 260406-002
    [P_FN_CD1] => 03
    [P_FN_CD2] => 
    [P_FN_NM] => 기업은행
    [P_AMT] => 3500
    [P_UNAME] => 오선영
    [P_RMESG1] => P_VACCT_NO=07502364897396|P_EXP_DT=20260416
    [P_RMESG2] => 
    [P_NOTI] => 
    [P_AUTH_NO] => 
)

 Array
(
    [PageCall time] => 10:24:47
    [P_TID] => INIMX_VBNKCAEcatca0720260406102406235834
    [P_MID] => CAEcatca07
    [P_AUTH_DT] => 20260406102447
    [P_STATUS] => 02
    [P_TYPE] => VBANK
    [P_OID] => 260406-003
    [P_FN_CD1] => 11
    [P_FN_CD2] => 
    [P_FN_NM] => NH농협은행
    [P_AMT] => 3500
    [P_UNAME] => 아유미
    [P_RMESG1] => P_VACCT_NO=79014505614771|P_EXP_DT=20260416
    [P_RMESG2] => 
    [P_NOTI] => 
    [P_AUTH_NO] => 
)

 Array
(
    [PageCall time] => 10:31:17
    [P_TID] => INIMX_VBNKCAEcatca0720260406102832125452
    [P_MID] => CAEcatca07
    [P_AUTH_DT] => 20260406103117
    [P_STATUS] => 02
    [P_TYPE] => VBANK
    [P_OID] => 260406-004
    [P_FN_CD1] => 04
    [P_FN_CD2] => 
    [P_FN_NM] => KB국민은행
    [P_AMT] => 3500
    [P_UNAME] => 이아름
    [P_RMESG1] => P_VACCT_NO=26159078507623|P_EXP_DT=20260416
    [P_RMESG2] => 
    [P_NOTI] => 
    [P_AUTH_NO] => 
)

 Array
(
    [PageCall time] => 10:39:58
    [P_TID] => INIMX_VBNKCAEcatca0720260406103908175647
    [P_MID] => CAEcatca07
    [P_AUTH_DT] => 20260406103958
    [P_STATUS] => 02
    [P_TYPE] => VBANK
    [P_OID] => 260406-005
    [P_FN_CD1] => 11
    [P_FN_CD2] => 
    [P_FN_NM] => NH농협은행
    [P_AMT] => 3500
    [P_UNAME] => 박경민
    [P_RMESG1] => P_VACCT_NO=79014505617346|P_EXP_DT=20260416
    [P_RMESG2] => 
    [P_NOTI] => 
    [P_AUTH_NO] => 
)

 Array
(
    [PageCall time] => 10:41:51
    [P_TID] => INIMX_VBNKCAEcatca0720260406103918385482
    [P_MID] => CAEcatca07
    [P_AUTH_DT] => 20260406104151
    [P_STATUS] => 02
    [P_TYPE] => VBANK
    [P_OID] => 260406-006
    [P_FN_CD1] => 04
    [P_FN_CD2] => 
    [P_FN_NM] => KB국민은행
    [P_AMT] => 3500
    [P_UNAME] => 이재희
    [P_RMESG1] => P_VACCT_NO=50169079013809|P_EXP_DT=20260416
    [P_RMESG2] => 
    [P_NOTI] => 
    [P_AUTH_NO] => 
)

 Array
(
    [PageCall time] => 11:27:26
    [P_TID] => INIMX_VBNKCAEcatca0720260406112413865302
    [P_MID] => CAEcatca07
    [P_AUTH_DT] => 20260406112726
    [P_STATUS] => 02
    [P_TYPE] => VBANK
    [P_OID] => 260406-010
    [P_FN_CD1] => 03
    [P_FN_CD2] => 
    [P_FN_NM] => 기업은행
    [P_AMT] => 3500
    [P_UNAME] => 남정현
    [P_RMESG1] => P_VACCT_NO=07502366197624|P_EXP_DT=20260416
    [P_RMESG2] => 
    [P_NOTI] => 
    [P_AUTH_NO] => 
)

 Array
(
    [PageCall time] => 11:30:50
    [P_TID] => INIMX_VBNKCAEcatca0720260406113003905246
    [P_MID] => CAEcatca07
    [P_AUTH_DT] => 20260406113050
    [P_STATUS] => 02
    [P_TYPE] => VBANK
    [P_OID] => 260406-011
    [P_FN_CD1] => 11
    [P_FN_CD2] => 
    [P_FN_NM] => NH농협은행
    [P_AMT] => 3500
    [P_UNAME] => 맹영훈
    [P_RMESG1] => P_VACCT_NO=79014505626270|P_EXP_DT=20260416
    [P_RMESG2] => 
    [P_NOTI] => 
    [P_AUTH_NO] => 
)

 Array
(
    [PageCall time] => 11:34:12
    [P_TID] => INIMX_VBNKCAEcatca0720260406113301665523
    [P_MID] => CAEcatca07
    [P_AUTH_DT] => 20260406113412
    [P_STATUS] => 02
    [P_TYPE] => VBANK
    [P_OID] => 260406-012
    [P_FN_CD1] => 11
    [P_FN_CD2] => 
    [P_FN_NM] => NH농협은행
    [P_AMT] => 3500
    [P_UNAME] => 강병윤
    [P_RMESG1] => P_VACCT_NO=79014505626992|P_EXP_DT=20260416
    [P_RMESG2] => 
    [P_NOTI] => 
    [P_AUTH_NO] => 
)

 Array
(
    [PageCall time] => 11:46:17
    [P_TID] => INIMX_VBNKCAEcatca0720260406114322655854
    [P_MID] => CAEcatca07
    [P_AUTH_DT] => 20260406114617
    [P_STATUS] => 02
    [P_TYPE] => VBANK
    [P_OID] => 260406-013
    [P_FN_CD1] => 04
    [P_FN_CD2] => 
    [P_FN_NM] => KB국민은행
    [P_AMT] => 3500
    [P_UNAME] => 김경남
    [P_RMESG1] => P_VACCT_NO=96439078401956|P_EXP_DT=20260416
    [P_RMESG2] => 
    [P_NOTI] => 
    [P_AUTH_NO] => 
)

 Array
(
    [PageCall time] => 12:02:31
    [P_TID] => INIMX_VBNKCAEcatca0720260406115848285476
    [P_MID] => CAEcatca07
    [P_AUTH_DT] => 20260406120231
    [P_STATUS] => 02
    [P_TYPE] => VBANK
    [P_OID] => 260406-015
    [P_FN_CD1] => 20
    [P_FN_CD2] => 
    [P_FN_NM] => 우리은행
    [P_AMT] => 3500
    [P_UNAME] => 이은정
    [P_RMESG1] => P_VACCT_NO=61848668118055|P_EXP_DT=20260416
    [P_RMESG2] => 
    [P_NOTI] => 
    [P_AUTH_NO] => 
)

 Array
(
    [PageCall time] => 12:39:32
    [P_TID] => INIMX_VBNKCAEcatca0720260406123710985514
    [P_MID] => CAEcatca07
    [P_AUTH_DT] => 20260406123932
    [P_STATUS] => 02
    [P_TYPE] => VBANK
    [P_OID] => 260406-016
    [P_FN_CD1] => 11
    [P_FN_CD2] => 
    [P_FN_NM] => NH농협은행
    [P_AMT] => 3500
    [P_UNAME] => 남궁지훈
    [P_RMESG1] => P_VACCT_NO=79014505634368|P_EXP_DT=20260416
    [P_RMESG2] => 
    [P_NOTI] => 
    [P_AUTH_NO] => 
)

 Array
(
    [PageCall time] => 13:24:46
    [P_TID] => INIMX_VBNKCAEcatca0720260406132155755180
    [P_MID] => CAEcatca07
    [P_AUTH_DT] => 20260406132445
    [P_STATUS] => 02
    [P_TYPE] => VBANK
    [P_OID] => 260406-018
    [P_FN_CD1] => 20
    [P_FN_CD2] => 
    [P_FN_NM] => 우리은행
    [P_AMT] => 3500
    [P_UNAME] => 심소희
    [P_RMESG1] => P_VACCT_NO=61848672018044|P_EXP_DT=20260416
    [P_RMESG2] => 
    [P_NOTI] => 
    [P_AUTH_NO] => 
)

 Array
(
    [PageCall time] => 13:25:25
    [P_TID] => INIMX_VBNKCAEcatca0720260406132130195239
    [P_MID] => CAEcatca07
    [P_AUTH_DT] => 20260406132525
    [P_STATUS] => 02
    [P_TYPE] => VBANK
    [P_OID] => 260406-019
    [P_FN_CD1] => 20
    [P_FN_CD2] => 
    [P_FN_NM] => 우리은행
    [P_AMT] => 3500
    [P_UNAME] => 이지숙
    [P_RMESG1] => P_VACCT_NO=61848671118981|P_EXP_DT=20260416
    [P_RMESG2] => 
    [P_NOTI] => 
    [P_AUTH_NO] => 
)

 Array
(
    [PageCall time] => 13:28:13
    [P_TID] => INIMX_VBNKCAEcatca0720260406132538355779
    [P_MID] => CAEcatca07
    [P_AUTH_DT] => 20260406132813
    [P_STATUS] => 02
    [P_TYPE] => VBANK
    [P_OID] => 260406-020
    [P_FN_CD1] => 04
    [P_FN_CD2] => 
    [P_FN_NM] => KB국민은행
    [P_AMT] => 3500
    [P_UNAME] => 윤철희
    [P_RMESG1] => P_VACCT_NO=96439078429789|P_EXP_DT=20260416
    [P_RMESG2] => 
    [P_NOTI] => 
    [P_AUTH_NO] => 
)

 Array
(
    [PageCall time] => 13:45:46
    [P_TID] => INIMX_VBNKCAEcatca0720260406134252845805
    [P_MID] => CAEcatca07
    [P_AUTH_DT] => 20260406134546
    [P_STATUS] => 02
    [P_TYPE] => VBANK
    [P_OID] => 260406-022
    [P_FN_CD1] => 81
    [P_FN_CD2] => 
    [P_FN_NM] => 하나은행
    [P_AMT] => 3500
    [P_UNAME] => 지성현
    [P_RMESG1] => P_VACCT_NO=20893908886837|P_EXP_DT=20260416
    [P_RMESG2] => 
    [P_NOTI] => 
    [P_AUTH_NO] => 
)

 Array
(
    [PageCall time] => 14:12:32
    [P_TID] => INIMX_VBNKCAEcatca0720260406140953855770
    [P_MID] => CAEcatca07
    [P_AUTH_DT] => 20260406141232
    [P_STATUS] => 02
    [P_TYPE] => VBANK
    [P_OID] => 260406-024
    [P_FN_CD1] => 03
    [P_FN_CD2] => 
    [P_FN_NM] => 기업은행
    [P_AMT] => 3500
    [P_UNAME] => 남서현
    [P_RMESG1] => P_VACCT_NO=07502367597863|P_EXP_DT=20260416
    [P_RMESG2] => 
    [P_NOTI] => 
    [P_AUTH_NO] => 
)

 Array
(
    [PageCall time] => 14:26:43
    [P_TID] => INIMX_VBNKCAEcatca0720260406142343145426
    [P_MID] => CAEcatca07
    [P_AUTH_DT] => 20260406142643
    [P_STATUS] => 02
    [P_TYPE] => VBANK
    [P_OID] => 260406-026
    [P_FN_CD1] => 11
    [P_FN_CD2] => 
    [P_FN_NM] => NH농협은행
    [P_AMT] => 3500
    [P_UNAME] => 김세삼
    [P_RMESG1] => P_VACCT_NO=79014505649281|P_EXP_DT=20260416
    [P_RMESG2] => 
    [P_NOTI] => 
    [P_AUTH_NO] => 
)

 Array
(
    [PageCall time] => 14:28:14
    [P_TID] => INIMX_VBNKCAEcatca0720260406142532615567
    [P_MID] => CAEcatca07
    [P_AUTH_DT] => 20260406142814
    [P_STATUS] => 02
    [P_TYPE] => VBANK
    [P_OID] => 260406-027
    [P_FN_CD1] => 89
    [P_FN_CD2] => 
    [P_FN_NM] => 케이뱅크
    [P_AMT] => 3500
    [P_UNAME] => 김정훈
    [P_RMESG1] => P_VACCT_NO=70112003938590|P_EXP_DT=20260416
    [P_RMESG2] => 
    [P_NOTI] => 
    [P_AUTH_NO] => 
)

 Array
(
    [PageCall time] => 15:34:34
    [P_TID] => INIMX_VBNKCAEcatca0720260406153031225329
    [P_MID] => CAEcatca07
    [P_AUTH_DT] => 20260406153434
    [P_STATUS] => 02
    [P_TYPE] => VBANK
    [P_OID] => 260406-025
    [P_FN_CD1] => 04
    [P_FN_CD2] => 
    [P_FN_NM] => KB국민은행
    [P_AMT] => 3500
    [P_UNAME] => 나영미
    [P_RMESG1] => P_VACCT_NO=96439078462498|P_EXP_DT=20260416
    [P_RMESG2] => 
    [P_NOTI] => 
    [P_AUTH_NO] => 
)

 Array
(
    [PageCall time] => 15:40:04
    [P_TID] => INIMX_VBNKCAEcatca0720260401140627465433
    [P_MID] => CAEcatca07
    [P_AUTH_DT] => 20260406154004
    [P_STATUS] => 02
    [P_TYPE] => VBANK
    [P_OID] => 260401-029
    [P_FN_CD1] => 88
    [P_FN_CD2] => 
    [P_FN_NM] => 신한은행
    [P_AMT] => 3500
    [P_UNAME] => 박귀순
    [P_RMESG1] => P_VACCT_NO=56211106364911|P_EXP_DT=20260411
    [P_RMESG2] => 
    [P_NOTI] => 
    [P_AUTH_NO] => 
)

 Array
(
    [PageCall time] => 15:40:05
    [P_TID] => INIMX_VBNKCAEcatca0720260406153727815924
    [P_MID] => CAEcatca07
    [P_AUTH_DT] => 20260406154005
    [P_STATUS] => 02
    [P_TYPE] => VBANK
    [P_OID] => 260406-034
    [P_FN_CD1] => 89
    [P_FN_CD2] => 
    [P_FN_NM] => 케이뱅크
    [P_AMT] => 3500
    [P_UNAME] => 윤사랑
    [P_RMESG1] => P_VACCT_NO=70112003939416|P_EXP_DT=20260416
    [P_RMESG2] => 
    [P_NOTI] => 
    [P_AUTH_NO] => 
)

 Array
(
    [PageCall time] => 16:27:49
    [P_TID] => INIMX_VBNKCAEcatca0720260406162414285414
    [P_MID] => CAEcatca07
    [P_AUTH_DT] => 20260406162749
    [P_STATUS] => 02
    [P_TYPE] => VBANK
    [P_OID] => 260406-035
    [P_FN_CD1] => 31
    [P_FN_CD2] => 
    [P_FN_NM] => 아이엠뱅크(대구은행)
    [P_AMT] => 3500
    [P_UNAME] => 김소영
    [P_RMESG1] => P_VACCT_NO=9600362962034|P_EXP_DT=20260416
    [P_RMESG2] => 
    [P_NOTI] => 
    [P_AUTH_NO] => 
)

 Array
(
    [PageCall time] => 17:25:30
    [P_TID] => INIMX_VBNKCAEcatca0720260406172302255387
    [P_MID] => CAEcatca07
    [P_AUTH_DT] => 20260406172530
    [P_STATUS] => 02
    [P_TYPE] => VBANK
    [P_OID] => 260406-038
    [P_FN_CD1] => 20
    [P_FN_CD2] => 
    [P_FN_NM] => 우리은행
    [P_AMT] => 3500
    [P_UNAME] => 이아랑
    [P_RMESG1] => P_VACCT_NO=61848689218803|P_EXP_DT=20260416
    [P_RMESG2] => 
    [P_NOTI] => 
    [P_AUTH_NO] => 
)

 Array
(
    [PageCall time] => 17:47:03
    [P_TID] => INIMX_VBNKCAEcatca0720260406174409325098
    [P_MID] => CAEcatca07
    [P_AUTH_DT] => 20260406174703
    [P_STATUS] => 02
    [P_TYPE] => VBANK
    [P_OID] => 260406-040
    [P_FN_CD1] => 03
    [P_FN_CD2] => 
    [P_FN_NM] => 기업은행
    [P_AMT] => 3500
    [P_UNAME] => 박진혁
    [P_RMESG1] => P_VACCT_NO=07502370997205|P_EXP_DT=20260416
    [P_RMESG2] => 
    [P_NOTI] => 
    [P_AUTH_NO] => 
)

 Array
(
    [PageCall time] => 18:11:24
    [P_TID] => INIMX_VBNKCAEcatca0720260406180819905049
    [P_MID] => CAEcatca07
    [P_AUTH_DT] => 20260406181124
    [P_STATUS] => 02
    [P_TYPE] => VBANK
    [P_OID] => 260406-041
    [P_FN_CD1] => 88
    [P_FN_CD2] => 
    [P_FN_NM] => 신한은행
    [P_AMT] => 3500
    [P_UNAME] => 최미희
    [P_RMESG1] => P_VACCT_NO=56211106701410|P_EXP_DT=20260416
    [P_RMESG2] => 
    [P_NOTI] => 
    [P_AUTH_NO] => 
)

 Array
(
    [PageCall time] => 18:15:37
    [P_TID] => INIMX_VBNKCAEcatca0720260406181257375830
    [P_MID] => CAEcatca07
    [P_AUTH_DT] => 20260406181537
    [P_STATUS] => 02
    [P_TYPE] => VBANK
    [P_OID] => 260406-042
    [P_FN_CD1] => 03
    [P_FN_CD2] => 
    [P_FN_NM] => 기업은행
    [P_AMT] => 3500
    [P_UNAME] => 김경환
    [P_RMESG1] => P_VACCT_NO=07502371197586|P_EXP_DT=20260416
    [P_RMESG2] => 
    [P_NOTI] => 
    [P_AUTH_NO] => 
)

 Array
(
    [PageCall time] => 18:51:20
    [P_TID] => INIMX_VBNKCAEcatca0720260406184822985967
    [P_MID] => CAEcatca07
    [P_AUTH_DT] => 20260406185119
    [P_STATUS] => 02
    [P_TYPE] => VBANK
    [P_OID] => 260406-043
    [P_FN_CD1] => 04
    [P_FN_CD2] => 
    [P_FN_NM] => KB국민은행
    [P_AMT] => 3500
    [P_UNAME] => 박혜정
    [P_RMESG1] => P_VACCT_NO=96439078495836|P_EXP_DT=20260416
    [P_RMESG2] => 
    [P_NOTI] => 
    [P_AUTH_NO] => 
)

 Array
(
    [PageCall time] => 19:13:32
    [P_TID] => INIMX_VBNKCAEcatca0720260406191312675912
    [P_MID] => CAEcatca07
    [P_AUTH_DT] => 20260406191332
    [P_STATUS] => 02
    [P_TYPE] => VBANK
    [P_OID] => 260406-044
    [P_FN_CD1] => 11
    [P_FN_CD2] => 
    [P_FN_NM] => NH농협은행
    [P_AMT] => 3500
    [P_UNAME] => 이현진
    [P_RMESG1] => P_VACCT_NO=79014505689138|P_EXP_DT=20260416
    [P_RMESG2] => 
    [P_NOTI] => 
    [P_AUTH_NO] => 
)

 Array
(
    [PageCall time] => 19:59:06
    [P_TID] => INIMX_VBNKCAEcatca0720260406195625735922
    [P_MID] => CAEcatca07
    [P_AUTH_DT] => 20260406195906
    [P_STATUS] => 02
    [P_TYPE] => VBANK
    [P_OID] => 260406-046
    [P_FN_CD1] => 88
    [P_FN_CD2] => 
    [P_FN_NM] => 신한은행
    [P_AMT] => 3500
    [P_UNAME] => 김지훈
    [P_RMESG1] => P_VACCT_NO=56211106706983|P_EXP_DT=20260416
    [P_RMESG2] => 
    [P_NOTI] => 
    [P_AUTH_NO] => 
)

 Array
(
    [PageCall time] => 20:34:39
    [P_TID] => INIMX_VBNKCAEcatca0720260406203005275994
    [P_MID] => CAEcatca07
    [P_AUTH_DT] => 20260406203439
    [P_STATUS] => 02
    [P_TYPE] => VBANK
    [P_OID] => 260406-048
    [P_FN_CD1] => 03
    [P_FN_CD2] => 
    [P_FN_NM] => 기업은행
    [P_AMT] => 3500
    [P_UNAME] => 이경희
    [P_RMESG1] => P_VACCT_NO=07502372197540|P_EXP_DT=20260416
    [P_RMESG2] => 
    [P_NOTI] => 
    [P_AUTH_NO] => 
)

 Array
(
    [PageCall time] => 21:00:17
    [P_TID] => INIMX_VBNKCAEcatca0720260406205728715727
    [P_MID] => CAEcatca07
    [P_AUTH_DT] => 20260406210017
    [P_STATUS] => 02
    [P_TYPE] => VBANK
    [P_OID] => 260406-049
    [P_FN_CD1] => 81
    [P_FN_CD2] => 
    [P_FN_NM] => 하나은행
    [P_AMT] => 3500
    [P_UNAME] => 박은아
    [P_RMESG1] => P_VACCT_NO=20893911959237|P_EXP_DT=20260416
    [P_RMESG2] => 
    [P_NOTI] => 
    [P_AUTH_NO] => 
)

 Array
(
    [PageCall time] => 21:54:45
    [P_TID] => INIMX_VBNKCAEcatca0720260406215308505021
    [P_MID] => CAEcatca07
    [P_AUTH_DT] => 20260406215445
    [P_STATUS] => 02
    [P_TYPE] => VBANK
    [P_OID] => 260406-052
    [P_FN_CD1] => 11
    [P_FN_CD2] => 
    [P_FN_NM] => NH농협은행
    [P_AMT] => 3500
    [P_UNAME] => 김학채
    [P_RMESG1] => P_VACCT_NO=79014505707955|P_EXP_DT=20260416
    [P_RMESG2] => 
    [P_NOTI] => 
    [P_AUTH_NO] => 
)

 Array
(
    [PageCall time] => 21:57:45
    [P_TID] => INIMX_VBNKCAEcatca0720260406215430585683
    [P_MID] => CAEcatca07
    [P_AUTH_DT] => 20260406215745
    [P_STATUS] => 02
    [P_TYPE] => VBANK
    [P_OID] => 260406-053
    [P_FN_CD1] => 88
    [P_FN_CD2] => 
    [P_FN_NM] => 신한은행
    [P_AMT] => 3500
    [P_UNAME] => 손소심
    [P_RMESG1] => P_VACCT_NO=56211106716048|P_EXP_DT=20260416
    [P_RMESG2] => 
    [P_NOTI] => 
    [P_AUTH_NO] => 
)

 Array
(
    [PageCall time] => 22:29:11
    [P_TID] => INIMX_VBNKCAEcatca0720260406222845855094
    [P_MID] => CAEcatca07
    [P_AUTH_DT] => 20260406222910
    [P_STATUS] => 02
    [P_TYPE] => VBANK
    [P_OID] => 260406-054
    [P_FN_CD1] => 11
    [P_FN_CD2] => 
    [P_FN_NM] => NH농협은행
    [P_AMT] => 3500
    [P_UNAME] => 이예진
    [P_RMESG1] => P_VACCT_NO=79014505711016|P_EXP_DT=20260416
    [P_RMESG2] => 
    [P_NOTI] => 
    [P_AUTH_NO] => 
)

 Array
(
    [PageCall time] => 23:13:49
    [P_TID] => INIMX_VBNKCAEcatca0720260406231114945556
    [P_MID] => CAEcatca07
    [P_AUTH_DT] => 20260406231348
    [P_STATUS] => 02
    [P_TYPE] => VBANK
    [P_OID] => 260406-055
    [P_FN_CD1] => 88
    [P_FN_CD2] => 
    [P_FN_NM] => 신한은행
    [P_AMT] => 3500
    [P_UNAME] => 이선영
    [P_RMESG1] => P_VACCT_NO=56211106720120|P_EXP_DT=20260416
    [P_RMESG2] => 
    [P_NOTI] => 
    [P_AUTH_NO] => 
)

