 Array
(
    [PageCall time] => 00:06:54
    [P_TID] => INIMX_VBNKCAEcatca0720251009000356475293
    [P_MID] => CAEcatca07
    [P_AUTH_DT] => 20251009000654
    [P_STATUS] => 02
    [P_TYPE] => VBANK
    [P_OID] => 251008-012
    [P_FN_CD1] => 03
    [P_FN_CD2] => 
    [P_FN_NM] => 기업은행
    [P_AMT] => 3000
    [P_UNAME] => 김재석
    [P_RMESG1] => P_VACCT_NO=07504329697887|P_EXP_DT=20251019
    [P_RMESG2] => 
    [P_NOTI] => 
    [P_AUTH_NO] => 
)

 Array
(
    [PageCall time] => 07:48:59
    [P_TID] => INIMX_VBNKCAEcatca0720251009072322565286
    [P_MID] => CAEcatca07
    [P_AUTH_DT] => 20251009074859
    [P_STATUS] => 02
    [P_TYPE] => VBANK
    [P_OID] => 251009-001
    [P_FN_CD1] => 11
    [P_FN_CD2] => 
    [P_FN_NM] => NH농협은행
    [P_AMT] => 3000
    [P_UNAME] => 이은식
    [P_RMESG1] => P_VACCT_NO=79014507884674|P_EXP_DT=20251019
    [P_RMESG2] => 
    [P_NOTI] => 
    [P_AUTH_NO] => 
)

 Array
(
    [PageCall time] => 12:23:14
    [P_TID] => INIMX_VBNKCAEcatca0720251009121748985527
    [P_MID] => CAEcatca07
    [P_AUTH_DT] => 20251009122314
    [P_STATUS] => 02
    [P_TYPE] => VBANK
    [P_OID] => 251009-002
    [P_FN_CD1] => 20
    [P_FN_CD2] => 
    [P_FN_NM] => 우리은행
    [P_AMT] => 3000
    [P_UNAME] => 김종왕
    [P_RMESG1] => P_VACCT_NO=27490823818320|P_EXP_DT=20251019
    [P_RMESG2] => 
    [P_NOTI] => 
    [P_AUTH_NO] => 
)

 Array
(
    [PageCall time] => 14:17:40
    [P_TID] => INIMX_VBNKCAEcatca0720251009141450315396
    [P_MID] => CAEcatca07
    [P_AUTH_DT] => 20251009141740
    [P_STATUS] => 02
    [P_TYPE] => VBANK
    [P_OID] => 251009-003
    [P_FN_CD1] => 11
    [P_FN_CD2] => 
    [P_FN_NM] => NH농협은행
    [P_AMT] => 3000
    [P_UNAME] => 최징연
    [P_RMESG1] => P_VACCT_NO=79014507915828|P_EXP_DT=20251019
    [P_RMESG2] => 
    [P_NOTI] => 
    [P_AUTH_NO] => 
)

 Array
(
    [PageCall time] => 15:42:57
    [P_TID] => INIMX_VBNKCAEcatca0720251009154004735634
    [P_MID] => CAEcatca07
    [P_AUTH_DT] => 20251009154257
    [P_STATUS] => 02
    [P_TYPE] => VBANK
    [P_OID] => 251009-004
    [P_FN_CD1] => 03
    [P_FN_CD2] => 
    [P_FN_NM] => 기업은행
    [P_AMT] => 3000
    [P_UNAME] => 오연우
    [P_RMESG1] => P_VACCT_NO=07502407597637|P_EXP_DT=20251019
    [P_RMESG2] => 
    [P_NOTI] => 
    [P_AUTH_NO] => 
)

 Array
(
    [PageCall time] => 21:08:24
    [P_TID] => INIMX_VBNKCAEcatca0720251009210420335700
    [P_MID] => CAEcatca07
    [P_AUTH_DT] => 20251009210824
    [P_STATUS] => 02
    [P_TYPE] => VBANK
    [P_OID] => 251009-005
    [P_FN_CD1] => 03
    [P_FN_CD2] => 
    [P_FN_NM] => 기업은행
    [P_AMT] => 3000
    [P_UNAME] => 원영희
    [P_RMESG1] => P_VACCT_NO=07503142797773|P_EXP_DT=20251019
    [P_RMESG2] => 
    [P_NOTI] => 
    [P_AUTH_NO] => 
)

 Array
(
    [PageCall time] => 21:42:49
    [P_TID] => INIMX_VBNKCAEcatca0720251009213946265799
    [P_MID] => CAEcatca07
    [P_AUTH_DT] => 20251009214249
    [P_STATUS] => 02
    [P_TYPE] => VBANK
    [P_OID] => 251009-006
    [P_FN_CD1] => 04
    [P_FN_CD2] => 
    [P_FN_NM] => KB국민은행
    [P_AMT] => 3000
    [P_UNAME] => 김초혜
    [P_RMESG1] => P_VACCT_NO=26029078137793|P_EXP_DT=20251019
    [P_RMESG2] => 
    [P_NOTI] => 
    [P_AUTH_NO] => 
)

