 Array
(
    [PageCall time] => 07:10:42
    [P_TID] => INIMX_VBNKCAEcatca0720250515070700835422
    [P_MID] => CAEcatca07
    [P_AUTH_DT] => 20250515071042
    [P_STATUS] => 02
    [P_TYPE] => VBANK
    [P_OID] => 250515-001
    [P_FN_CD1] => 11
    [P_FN_CD2] => 
    [P_FN_NM] => NH농협은행
    [P_AMT] => 3000
    [P_UNAME] => 정명자
    [P_RMESG1] => P_VACCT_NO=79015904420362|P_EXP_DT=20250525
    [P_RMESG2] => 
    [P_NOTI] => 
    [P_AUTH_NO] => 
)

 Array
(
    [PageCall time] => 08:51:57
    [P_TID] => INIMX_VBNKCAEcatca0720250515084914795851
    [P_MID] => CAEcatca07
    [P_AUTH_DT] => 20250515085157
    [P_STATUS] => 02
    [P_TYPE] => VBANK
    [P_OID] => 250515-002
    [P_FN_CD1] => 20
    [P_FN_CD2] => 
    [P_FN_NM] => 우리은행
    [P_AMT] => 3000
    [P_UNAME] => 고기현현
    [P_RMESG1] => P_VACCT_NO=27489709518910|P_EXP_DT=20250525
    [P_RMESG2] => 
    [P_NOTI] => 
    [P_AUTH_NO] => 
)

 Array
(
    [PageCall time] => 10:21:39
    [P_TID] => INIMX_VBNKCAEcatca0720250515102041855632
    [P_MID] => CAEcatca07
    [P_AUTH_DT] => 20250515102139
    [P_STATUS] => 02
    [P_TYPE] => VBANK
    [P_OID] => 250515-005
    [P_FN_CD1] => 11
    [P_FN_CD2] => 
    [P_FN_NM] => NH농협은행
    [P_AMT] => 3000
    [P_UNAME] => 안운학
    [P_RMESG1] => P_VACCT_NO=79015904452284|P_EXP_DT=20250525
    [P_RMESG2] => 
    [P_NOTI] => 
    [P_AUTH_NO] => 
)

 Array
(
    [PageCall time] => 10:42:41
    [P_TID] => INIMX_VBNKCAEcatca0720250515103755915524
    [P_MID] => CAEcatca07
    [P_AUTH_DT] => 20250515104241
    [P_STATUS] => 02
    [P_TYPE] => VBANK
    [P_OID] => 250515-007
    [P_FN_CD1] => 88
    [P_FN_CD2] => 
    [P_FN_NM] => 신한은행
    [P_AMT] => 3000
    [P_UNAME] => 권영수
    [P_RMESG1] => P_VACCT_NO=56211103392785|P_EXP_DT=20250525
    [P_RMESG2] => 
    [P_NOTI] => 
    [P_AUTH_NO] => 
)

 Array
(
    [PageCall time] => 13:13:16
    [P_TID] => INIMX_VBNKCAEcatca0720250515131242535623
    [P_MID] => CAEcatca07
    [P_AUTH_DT] => 20250515131316
    [P_STATUS] => 02
    [P_TYPE] => VBANK
    [P_OID] => 250515-011
    [P_FN_CD1] => 04
    [P_FN_CD2] => 
    [P_FN_NM] => KB국민은행
    [P_AMT] => 3000
    [P_UNAME] => 장미정
    [P_RMESG1] => P_VACCT_NO=99449014556240|P_EXP_DT=20250525
    [P_RMESG2] => 
    [P_NOTI] => 
    [P_AUTH_NO] => 
)

 Array
(
    [PageCall time] => 15:29:52
    [P_TID] => INIMX_VBNKCAEcatca0720250515152620245606
    [P_MID] => CAEcatca07
    [P_AUTH_DT] => 20250515152952
    [P_STATUS] => 02
    [P_TYPE] => VBANK
    [P_OID] => 250515-013
    [P_FN_CD1] => 89
    [P_FN_CD2] => 
    [P_FN_NM] => 케이뱅크
    [P_AMT] => 3000
    [P_UNAME] => 윤중호
    [P_RMESG1] => P_VACCT_NO=70112003534015|P_EXP_DT=20250525
    [P_RMESG2] => 
    [P_NOTI] => 
    [P_AUTH_NO] => 
)

 Array
(
    [PageCall time] => 16:48:09
    [P_TID] => INIMX_VBNKCAEcatca0720250513095109415948
    [P_MID] => CAEcatca07
    [P_AUTH_DT] => 20250515164809
    [P_STATUS] => 02
    [P_TYPE] => VBANK
    [P_OID] => 250513-006
    [P_FN_CD1] => 04
    [P_FN_CD2] => 
    [P_FN_NM] => KB국민은행
    [P_AMT] => 3000
    [P_UNAME] => 안희성
    [P_RMESG1] => P_VACCT_NO=26029078343527|P_EXP_DT=20250523
    [P_RMESG2] => 
    [P_NOTI] => 
    [P_AUTH_NO] => 
)

 Array
(
    [PageCall time] => 21:12:40
    [P_TID] => INIMX_VBNKCAEcatca0720250515211149865722
    [P_MID] => CAEcatca07
    [P_AUTH_DT] => 20250515211240
    [P_STATUS] => 02
    [P_TYPE] => VBANK
    [P_OID] => 250508-013
    [P_FN_CD1] => 04
    [P_FN_CD2] => 
    [P_FN_NM] => KB국민은행
    [P_AMT] => 3000
    [P_UNAME] => 허정인
    [P_RMESG1] => P_VACCT_NO=60519014619603|P_EXP_DT=20250525
    [P_RMESG2] => 
    [P_NOTI] => 
    [P_AUTH_NO] => 
)

 Array
(
    [PageCall time] => 21:20:20
    [P_TID] => INIMX_VBNKCAEcatca0720250515211903525720
    [P_MID] => CAEcatca07
    [P_AUTH_DT] => 20250515212020
    [P_STATUS] => 02
    [P_TYPE] => VBANK
    [P_OID] => 250515-021
    [P_FN_CD1] => 04
    [P_FN_CD2] => 
    [P_FN_NM] => KB국민은행
    [P_AMT] => 3000
    [P_UNAME] => 백민경
    [P_RMESG1] => P_VACCT_NO=60519014620603|P_EXP_DT=20250525
    [P_RMESG2] => 
    [P_NOTI] => 
    [P_AUTH_NO] => 
)

 Array
(
    [PageCall time] => 21:56:07
    [P_TID] => INIMX_VBNKCAEcatca0720250515215522245488
    [P_MID] => CAEcatca07
    [P_AUTH_DT] => 20250515215607
    [P_STATUS] => 02
    [P_TYPE] => VBANK
    [P_OID] => 250515-022
    [P_FN_CD1] => 11
    [P_FN_CD2] => 
    [P_FN_NM] => NH농협은행
    [P_AMT] => 3000
    [P_UNAME] => 최용선
    [P_RMESG1] => P_VACCT_NO=79015904554688|P_EXP_DT=20250525
    [P_RMESG2] => 
    [P_NOTI] => 
    [P_AUTH_NO] => 
)

 Array
(
    [PageCall time] => 22:23:44
    [P_TID] => INIMX_VBNKCAEcatca0720250515221811675453
    [P_MID] => CAEcatca07
    [P_AUTH_DT] => 20250515222344
    [P_STATUS] => 02
    [P_TYPE] => VBANK
    [P_OID] => 250515-019
    [P_FN_CD1] => 03
    [P_FN_CD2] => 
    [P_FN_NM] => 기업은행
    [P_AMT] => 3000
    [P_UNAME] => 김희경
    [P_RMESG1] => P_VACCT_NO=07502344897981|P_EXP_DT=20250525
    [P_RMESG2] => 
    [P_NOTI] => 
    [P_AUTH_NO] => 
)

 Array
(
    [PageCall time] => 23:10:36
    [P_TID] => INIMX_VBNKCAEcatca0720250515230808135468
    [P_MID] => CAEcatca07
    [P_AUTH_DT] => 20250515231036
    [P_STATUS] => 02
    [P_TYPE] => VBANK
    [P_OID] => 250515-023
    [P_FN_CD1] => 20
    [P_FN_CD2] => 
    [P_FN_NM] => 우리은행
    [P_AMT] => 3000
    [P_UNAME] => 강승원
    [P_RMESG1] => P_VACCT_NO=27489763018483|P_EXP_DT=20250525
    [P_RMESG2] => 
    [P_NOTI] => 
    [P_AUTH_NO] => 
)

