 Array
(
    [PageCall time] => 08:16:29
    [P_TID] => INIMX_VBNKCAEcatca0720250316081238975718
    [P_MID] => CAEcatca07
    [P_AUTH_DT] => 20250316081629
    [P_STATUS] => 02
    [P_TYPE] => VBANK
    [P_OID] => 250316-002
    [P_FN_CD1] => 03
    [P_FN_CD2] => 
    [P_FN_NM] => 기업은행
    [P_AMT] => 3000
    [P_UNAME] => 김재철
    [P_RMESG1] => P_VACCT_NO=07502270797951|P_EXP_DT=20250326
    [P_RMESG2] => 
    [P_NOTI] => 
    [P_AUTH_NO] => 
)

 Array
(
    [PageCall time] => 11:11:05
    [P_TID] => INIMX_VBNKCAEcatca0720250316111022285939
    [P_MID] => CAEcatca07
    [P_AUTH_DT] => 20250316111105
    [P_STATUS] => 02
    [P_TYPE] => VBANK
    [P_OID] => 250316-003
    [P_FN_CD1] => 11
    [P_FN_CD2] => 
    [P_FN_NM] => NH농협은행
    [P_AMT] => 3000
    [P_UNAME] => 백승민
    [P_RMESG1] => P_VACCT_NO=79014507816668|P_EXP_DT=20250326
    [P_RMESG2] => 
    [P_NOTI] => 
    [P_AUTH_NO] => 
)

 Array
(
    [PageCall time] => 11:28:14
    [P_TID] => INIMX_VBNKCAEcatca0720250316112723455901
    [P_MID] => CAEcatca07
    [P_AUTH_DT] => 20250316112813
    [P_STATUS] => 02
    [P_TYPE] => VBANK
    [P_OID] => 250316-001
    [P_FN_CD1] => 04
    [P_FN_CD2] => 
    [P_FN_NM] => KB국민은행
    [P_AMT] => 3000
    [P_UNAME] => 문재영
    [P_RMESG1] => P_VACCT_NO=26119078471933|P_EXP_DT=20250326
    [P_RMESG2] => 
    [P_NOTI] => 
    [P_AUTH_NO] => 
)

 Array
(
    [PageCall time] => 11:34:33
    [P_TID] => INIMX_VBNKCAEcatca0720250316113142205562
    [P_MID] => CAEcatca07
    [P_AUTH_DT] => 20250316113433
    [P_STATUS] => 02
    [P_TYPE] => VBANK
    [P_OID] => 250316-004
    [P_FN_CD1] => 20
    [P_FN_CD2] => 
    [P_FN_NM] => 우리은행
    [P_AMT] => 3000
    [P_UNAME] => 주채빈
    [P_RMESG1] => P_VACCT_NO=27204827018040|P_EXP_DT=20250326
    [P_RMESG2] => 
    [P_NOTI] => 
    [P_AUTH_NO] => 
)

 Array
(
    [PageCall time] => 13:41:39
    [P_TID] => INIMX_VBNKCAEcatca0720250316134035305627
    [P_MID] => CAEcatca07
    [P_AUTH_DT] => 20250316134139
    [P_STATUS] => 02
    [P_TYPE] => VBANK
    [P_OID] => 250316-005
    [P_FN_CD1] => 04
    [P_FN_CD2] => 
    [P_FN_NM] => KB국민은행
    [P_AMT] => 3000
    [P_UNAME] => 이관용
    [P_RMESG1] => P_VACCT_NO=26159078384321|P_EXP_DT=20250326
    [P_RMESG2] => 
    [P_NOTI] => 
    [P_AUTH_NO] => 
)

 Array
(
    [PageCall time] => 15:33:16
    [P_TID] => INIMX_VBNKCAEcatca0720250316153207925955
    [P_MID] => CAEcatca07
    [P_AUTH_DT] => 20250316153316
    [P_STATUS] => 02
    [P_TYPE] => VBANK
    [P_OID] => 250316-007
    [P_FN_CD1] => 04
    [P_FN_CD2] => 
    [P_FN_NM] => KB국민은행
    [P_AMT] => 3000
    [P_UNAME] => 신승빈
    [P_RMESG1] => P_VACCT_NO=26159078449307|P_EXP_DT=20250326
    [P_RMESG2] => 
    [P_NOTI] => 
    [P_AUTH_NO] => 
)

 Array
(
    [PageCall time] => 15:39:09
    [P_TID] => INIMX_VBNKCAEcatca0720250316152719315727
    [P_MID] => CAEcatca07
    [P_AUTH_DT] => 20250316153909
    [P_STATUS] => 02
    [P_TYPE] => VBANK
    [P_OID] => 250316-006
    [P_FN_CD1] => 81
    [P_FN_CD2] => 
    [P_FN_NM] => 하나은행
    [P_AMT] => 3000
    [P_UNAME] => 장민재
    [P_RMESG1] => P_VACCT_NO=20894073368637|P_EXP_DT=20250326
    [P_RMESG2] => 
    [P_NOTI] => 
    [P_AUTH_NO] => 
)

 Array
(
    [PageCall time] => 15:46:36
    [P_TID] => INIMX_VBNKCAEcatca0720250316154340875307
    [P_MID] => CAEcatca07
    [P_AUTH_DT] => 20250316154636
    [P_STATUS] => 02
    [P_TYPE] => VBANK
    [P_OID] => 250316-008
    [P_FN_CD1] => 20
    [P_FN_CD2] => 
    [P_FN_NM] => 우리은행
    [P_AMT] => 3000
    [P_UNAME] => 김병환
    [P_RMESG1] => P_VACCT_NO=27204832818884|P_EXP_DT=20250326
    [P_RMESG2] => 
    [P_NOTI] => 
    [P_AUTH_NO] => 
)

 Array
(
    [PageCall time] => 16:33:49
    [P_TID] => INIMX_VBNKCAEcatca0720250316163248995347
    [P_MID] => CAEcatca07
    [P_AUTH_DT] => 20250316163349
    [P_STATUS] => 02
    [P_TYPE] => VBANK
    [P_OID] => 250316-010
    [P_FN_CD1] => 11
    [P_FN_CD2] => 
    [P_FN_NM] => NH농협은행
    [P_AMT] => 3000
    [P_UNAME] => 서지연
    [P_RMESG1] => P_VACCT_NO=79014507833575|P_EXP_DT=20250326
    [P_RMESG2] => 
    [P_NOTI] => 
    [P_AUTH_NO] => 
)

 Array
(
    [PageCall time] => 18:47:08
    [P_TID] => INIMX_VBNKCAEcatca0720250316184431185661
    [P_MID] => CAEcatca07
    [P_AUTH_DT] => 20250316184708
    [P_STATUS] => 02
    [P_TYPE] => VBANK
    [P_OID] => 250316-012
    [P_FN_CD1] => 89
    [P_FN_CD2] => 
    [P_FN_NM] => 케이뱅크
    [P_AMT] => 3000
    [P_UNAME] => 이해숙
    [P_RMESG1] => P_VACCT_NO=70112004152242|P_EXP_DT=20250326
    [P_RMESG2] => 
    [P_NOTI] => 
    [P_AUTH_NO] => 
)

 Array
(
    [PageCall time] => 20:51:58
    [P_TID] => INIMX_VBNKCAEcatca0720250316204254515576
    [P_MID] => CAEcatca07
    [P_AUTH_DT] => 20250316205158
    [P_STATUS] => 02
    [P_TYPE] => VBANK
    [P_OID] => 250314-017
    [P_FN_CD1] => 03
    [P_FN_CD2] => 
    [P_FN_NM] => 기업은행
    [P_AMT] => 3000
    [P_UNAME] => 정일택
    [P_RMESG1] => P_VACCT_NO=07502392997883|P_EXP_DT=20250326
    [P_RMESG2] => 
    [P_NOTI] => 
    [P_AUTH_NO] => 
)

