 Array
(
    [PageCall time] => 00:17:10
    [P_TID] => INIMX_VBNKCAEcatca0720260316001427185355
    [P_MID] => CAEcatca07
    [P_AUTH_DT] => 20260316001710
    [P_STATUS] => 02
    [P_TYPE] => VBANK
    [P_OID] => 260316-001
    [P_FN_CD1] => 04
    [P_FN_CD2] => 
    [P_FN_NM] => KB국민은행
    [P_AMT] => 3500
    [P_UNAME] => 이경식
    [P_RMESG1] => P_VACCT_NO=80399078915664|P_EXP_DT=20260326
    [P_RMESG2] => 
    [P_NOTI] => 
    [P_AUTH_NO] => 
)

 Array
(
    [PageCall time] => 03:56:13
    [P_TID] => INIMX_VBNKCAEcatca0720260316035337755662
    [P_MID] => CAEcatca07
    [P_AUTH_DT] => 20260316035612
    [P_STATUS] => 02
    [P_TYPE] => VBANK
    [P_OID] => 260316-002
    [P_FN_CD1] => 04
    [P_FN_CD2] => 
    [P_FN_NM] => KB국민은행
    [P_AMT] => 3500
    [P_UNAME] => 김윤철
    [P_RMESG1] => P_VACCT_NO=80399078925357|P_EXP_DT=20260326
    [P_RMESG2] => 
    [P_NOTI] => 
    [P_AUTH_NO] => 
)

 Array
(
    [PageCall time] => 09:03:32
    [P_TID] => INIMX_VBNKCAEcatca0720260316090053445549
    [P_MID] => CAEcatca07
    [P_AUTH_DT] => 20260316090332
    [P_STATUS] => 02
    [P_TYPE] => VBANK
    [P_OID] => 260316-003
    [P_FN_CD1] => 89
    [P_FN_CD2] => 
    [P_FN_NM] => 케이뱅크
    [P_AMT] => 3500
    [P_UNAME] => 이경미
    [P_RMESG1] => P_VACCT_NO=70112003769122|P_EXP_DT=20260326
    [P_RMESG2] => 
    [P_NOTI] => 
    [P_AUTH_NO] => 
)

 Array
(
    [PageCall time] => 09:23:41
    [P_TID] => INIMX_VBNKCAEcatca0720260316092047765867
    [P_MID] => CAEcatca07
    [P_AUTH_DT] => 20260316092341
    [P_STATUS] => 02
    [P_TYPE] => VBANK
    [P_OID] => 260316-004
    [P_FN_CD1] => 03
    [P_FN_CD2] => 
    [P_FN_NM] => 기업은행
    [P_AMT] => 3500
    [P_UNAME] => 박민수
    [P_RMESG1] => P_VACCT_NO=07500342297628|P_EXP_DT=20260326
    [P_RMESG2] => 
    [P_NOTI] => 
    [P_AUTH_NO] => 
)

 Array
(
    [PageCall time] => 09:48:46
    [P_TID] => INIMX_VBNKCAEcatca0720260316094713895877
    [P_MID] => CAEcatca07
    [P_AUTH_DT] => 20260316094845
    [P_STATUS] => 02
    [P_TYPE] => VBANK
    [P_OID] => 260316-005
    [P_FN_CD1] => 11
    [P_FN_CD2] => 
    [P_FN_NM] => NH농협은행
    [P_AMT] => 3500
    [P_UNAME] => 정혜미
    [P_RMESG1] => P_VACCT_NO=79014408054823|P_EXP_DT=20260326
    [P_RMESG2] => 
    [P_NOTI] => 
    [P_AUTH_NO] => 
)

 Array
(
    [PageCall time] => 10:02:38
    [P_TID] => INIMX_VBNKCAEcatca0720260316095414425044
    [P_MID] => CAEcatca07
    [P_AUTH_DT] => 20260316100238
    [P_STATUS] => 02
    [P_TYPE] => VBANK
    [P_OID] => 260315-005
    [P_FN_CD1] => 88
    [P_FN_CD2] => 
    [P_FN_NM] => 신한은행
    [P_AMT] => 3500
    [P_UNAME] => 이미숙
    [P_RMESG1] => P_VACCT_NO=56211105402326|P_EXP_DT=20260326
    [P_RMESG2] => 
    [P_NOTI] => 
    [P_AUTH_NO] => 
)

 Array
(
    [PageCall time] => 10:30:19
    [P_TID] => INIMX_VBNKCAEcatca0720260316102628425070
    [P_MID] => CAEcatca07
    [P_AUTH_DT] => 20260316103018
    [P_STATUS] => 02
    [P_TYPE] => VBANK
    [P_OID] => 260316-007
    [P_FN_CD1] => 20
    [P_FN_CD2] => 
    [P_FN_NM] => 우리은행
    [P_AMT] => 3500
    [P_UNAME] => 진혜연
    [P_RMESG1] => P_VACCT_NO=27762970918782|P_EXP_DT=20260326
    [P_RMESG2] => 
    [P_NOTI] => 
    [P_AUTH_NO] => 
)

 Array
(
    [PageCall time] => 10:50:47
    [P_TID] => INIMX_VBNKCAEcatca0720260316104803855511
    [P_MID] => CAEcatca07
    [P_AUTH_DT] => 20260316105047
    [P_STATUS] => 02
    [P_TYPE] => VBANK
    [P_OID] => 260316-008
    [P_FN_CD1] => 89
    [P_FN_CD2] => 
    [P_FN_NM] => 케이뱅크
    [P_AMT] => 3500
    [P_UNAME] => 남영삼
    [P_RMESG1] => P_VACCT_NO=70112003769936|P_EXP_DT=20260326
    [P_RMESG2] => 
    [P_NOTI] => 
    [P_AUTH_NO] => 
)

 Array
(
    [PageCall time] => 11:26:45
    [P_TID] => INIMX_VBNKCAEcatca0720260316112609565884
    [P_MID] => CAEcatca07
    [P_AUTH_DT] => 20260316112645
    [P_STATUS] => 02
    [P_TYPE] => VBANK
    [P_OID] => 260316-010
    [P_FN_CD1] => 11
    [P_FN_CD2] => 
    [P_FN_NM] => NH농협은행
    [P_AMT] => 3500
    [P_UNAME] => 안현미
    [P_RMESG1] => P_VACCT_NO=79014408067866|P_EXP_DT=20260326
    [P_RMESG2] => 
    [P_NOTI] => 
    [P_AUTH_NO] => 
)

 Array
(
    [PageCall time] => 11:56:49
    [P_TID] => INIMX_VBNKCAEcatca0720260316115332605084
    [P_MID] => CAEcatca07
    [P_AUTH_DT] => 20260316115649
    [P_STATUS] => 02
    [P_TYPE] => VBANK
    [P_OID] => 260316-012
    [P_FN_CD1] => 03
    [P_FN_CD2] => 
    [P_FN_NM] => 기업은행
    [P_AMT] => 3500
    [P_UNAME] => 김미화
    [P_RMESG1] => P_VACCT_NO=07500344197046|P_EXP_DT=20260326
    [P_RMESG2] => 
    [P_NOTI] => 
    [P_AUTH_NO] => 
)

 Array
(
    [PageCall time] => 11:58:27
    [P_TID] => INIMX_VBNKCAEcatca0720260316115546825239
    [P_MID] => CAEcatca07
    [P_AUTH_DT] => 20260316115827
    [P_STATUS] => 02
    [P_TYPE] => VBANK
    [P_OID] => 260316-013
    [P_FN_CD1] => 20
    [P_FN_CD2] => 
    [P_FN_NM] => 우리은행
    [P_AMT] => 3500
    [P_UNAME] => 배성준
    [P_RMESG1] => P_VACCT_NO=27762976618255|P_EXP_DT=20260326
    [P_RMESG2] => 
    [P_NOTI] => 
    [P_AUTH_NO] => 
)

 Array
(
    [PageCall time] => 12:12:47
    [P_TID] => INIMX_VBNKCAEcatca0720260316121213345066
    [P_MID] => CAEcatca07
    [P_AUTH_DT] => 20260316121247
    [P_STATUS] => 02
    [P_TYPE] => VBANK
    [P_OID] => 260316-015
    [P_FN_CD1] => 11
    [P_FN_CD2] => 
    [P_FN_NM] => NH농협은행
    [P_AMT] => 3500
    [P_UNAME] => 이현우
    [P_RMESG1] => P_VACCT_NO=79014408071470|P_EXP_DT=20260326
    [P_RMESG2] => 
    [P_NOTI] => 
    [P_AUTH_NO] => 
)

 Array
(
    [PageCall time] => 12:15:10
    [P_TID] => INIMX_VBNKCAEcatca0720260316121137985844
    [P_MID] => CAEcatca07
    [P_AUTH_DT] => 20260316121510
    [P_STATUS] => 02
    [P_TYPE] => VBANK
    [P_OID] => 260316-014
    [P_FN_CD1] => 81
    [P_FN_CD2] => 
    [P_FN_NM] => 하나은행
    [P_AMT] => 3500
    [P_UNAME] => 박에스더
    [P_RMESG1] => P_VACCT_NO=20894852606537|P_EXP_DT=20260326
    [P_RMESG2] => 
    [P_NOTI] => 
    [P_AUTH_NO] => 
)

 Array
(
    [PageCall time] => 12:27:42
    [P_TID] => INIMX_VBNKCAEcatca0720260316122609665508
    [P_MID] => CAEcatca07
    [P_AUTH_DT] => 20260316122742
    [P_STATUS] => 02
    [P_TYPE] => VBANK
    [P_OID] => 260316-016
    [P_FN_CD1] => 11
    [P_FN_CD2] => 
    [P_FN_NM] => NH농협은행
    [P_AMT] => 3500
    [P_UNAME] => 이영숙
    [P_RMESG1] => P_VACCT_NO=79014408072401|P_EXP_DT=20260326
    [P_RMESG2] => 
    [P_NOTI] => 
    [P_AUTH_NO] => 
)

 Array
(
    [PageCall time] => 12:50:46
    [P_TID] => INIMX_VBNKCAEcatca0720260316124745395222
    [P_MID] => CAEcatca07
    [P_AUTH_DT] => 20260316125046
    [P_STATUS] => 02
    [P_TYPE] => VBANK
    [P_OID] => 260316-018
    [P_FN_CD1] => 20
    [P_FN_CD2] => 
    [P_FN_NM] => 우리은행
    [P_AMT] => 3500
    [P_UNAME] => 조진만
    [P_RMESG1] => P_VACCT_NO=27762977418469|P_EXP_DT=20260326
    [P_RMESG2] => 
    [P_NOTI] => 
    [P_AUTH_NO] => 
)

 Array
(
    [PageCall time] => 13:03:03
    [P_TID] => INIMX_VBNKCAEcatca0720260316130009625826
    [P_MID] => CAEcatca07
    [P_AUTH_DT] => 20260316130303
    [P_STATUS] => 02
    [P_TYPE] => VBANK
    [P_OID] => 260316-006
    [P_FN_CD1] => 81
    [P_FN_CD2] => 
    [P_FN_NM] => 하나은행
    [P_AMT] => 3500
    [P_UNAME] => 이미정
    [P_RMESG1] => P_VACCT_NO=20894854466037|P_EXP_DT=20260326
    [P_RMESG2] => 
    [P_NOTI] => 
    [P_AUTH_NO] => 
)

 Array
(
    [PageCall time] => 13:04:27
    [P_TID] => INIMX_VBNKCAEcatca0720260316130145225769
    [P_MID] => CAEcatca07
    [P_AUTH_DT] => 20260316130427
    [P_STATUS] => 02
    [P_TYPE] => VBANK
    [P_OID] => 260316-017
    [P_FN_CD1] => 04
    [P_FN_CD2] => 
    [P_FN_NM] => KB국민은행
    [P_AMT] => 3500
    [P_UNAME] => 김나경
    [P_RMESG1] => P_VACCT_NO=26159078025576|P_EXP_DT=20260326
    [P_RMESG2] => 
    [P_NOTI] => 
    [P_AUTH_NO] => 
)

 Array
(
    [PageCall time] => 13:11:55
    [P_TID] => INIMX_VBNKCAEcatca0720260316130856695125
    [P_MID] => CAEcatca07
    [P_AUTH_DT] => 20260316131155
    [P_STATUS] => 02
    [P_TYPE] => VBANK
    [P_OID] => 260316-019
    [P_FN_CD1] => 88
    [P_FN_CD2] => 
    [P_FN_NM] => 신한은행
    [P_AMT] => 3500
    [P_UNAME] => 이은경
    [P_RMESG1] => P_VACCT_NO=56211105414736|P_EXP_DT=20260326
    [P_RMESG2] => 
    [P_NOTI] => 
    [P_AUTH_NO] => 
)

 Array
(
    [PageCall time] => 13:17:30
    [P_TID] => INIMX_VBNKCAEcatca0720260316131655975896
    [P_MID] => CAEcatca07
    [P_AUTH_DT] => 20260316131730
    [P_STATUS] => 02
    [P_TYPE] => VBANK
    [P_OID] => 260316-021
    [P_FN_CD1] => 11
    [P_FN_CD2] => 
    [P_FN_NM] => NH농협은행
    [P_AMT] => 3500
    [P_UNAME] => 홍수민
    [P_RMESG1] => P_VACCT_NO=79014408075840|P_EXP_DT=20260326
    [P_RMESG2] => 
    [P_NOTI] => 
    [P_AUTH_NO] => 
)

 Array
(
    [PageCall time] => 13:20:17
    [P_TID] => INIMX_VBNKCAEcatca0720260316131626455575
    [P_MID] => CAEcatca07
    [P_AUTH_DT] => 20260316132017
    [P_STATUS] => 02
    [P_TYPE] => VBANK
    [P_OID] => 260316-020
    [P_FN_CD1] => 20
    [P_FN_CD2] => 
    [P_FN_NM] => 우리은행
    [P_AMT] => 3500
    [P_UNAME] => 이다영
    [P_RMESG1] => P_VACCT_NO=27762978218536|P_EXP_DT=20260326
    [P_RMESG2] => 
    [P_NOTI] => 
    [P_AUTH_NO] => 
)

 Array
(
    [PageCall time] => 13:24:19
    [P_TID] => INIMX_VBNKCAEcatca0720260316132142425891
    [P_MID] => CAEcatca07
    [P_AUTH_DT] => 20260316132419
    [P_STATUS] => 02
    [P_TYPE] => VBANK
    [P_OID] => 260316-022
    [P_FN_CD1] => 89
    [P_FN_CD2] => 
    [P_FN_NM] => 케이뱅크
    [P_AMT] => 3500
    [P_UNAME] => 전다음
    [P_RMESG1] => P_VACCT_NO=70112003771013|P_EXP_DT=20260326
    [P_RMESG2] => 
    [P_NOTI] => 
    [P_AUTH_NO] => 
)

 Array
(
    [PageCall time] => 13:42:02
    [P_TID] => INIMX_VBNKCAEcatca0720260316134123355379
    [P_MID] => CAEcatca07
    [P_AUTH_DT] => 20260316134202
    [P_STATUS] => 02
    [P_TYPE] => VBANK
    [P_OID] => 260316-023
    [P_FN_CD1] => 11
    [P_FN_CD2] => 
    [P_FN_NM] => NH농협은행
    [P_AMT] => 3500
    [P_UNAME] => 이송현
    [P_RMESG1] => P_VACCT_NO=79014408077823|P_EXP_DT=20260326
    [P_RMESG2] => 
    [P_NOTI] => 
    [P_AUTH_NO] => 
)

 Array
(
    [PageCall time] => 14:12:28
    [P_TID] => INIMX_VBNKCAEcatca0720260316140924335683
    [P_MID] => CAEcatca07
    [P_AUTH_DT] => 20260316141228
    [P_STATUS] => 02
    [P_TYPE] => VBANK
    [P_OID] => 260316-024
    [P_FN_CD1] => 81
    [P_FN_CD2] => 
    [P_FN_NM] => 하나은행
    [P_AMT] => 3500
    [P_UNAME] => 이정민
    [P_RMESG1] => P_VACCT_NO=20893756256137|P_EXP_DT=20260326
    [P_RMESG2] => 
    [P_NOTI] => 
    [P_AUTH_NO] => 
)

 Array
(
    [PageCall time] => 14:24:25
    [P_TID] => INIMX_VBNKCAEcatca0720260316142316145116
    [P_MID] => CAEcatca07
    [P_AUTH_DT] => 20260316142425
    [P_STATUS] => 02
    [P_TYPE] => VBANK
    [P_OID] => 260316-026
    [P_FN_CD1] => 11
    [P_FN_CD2] => 
    [P_FN_NM] => NH농협은행
    [P_AMT] => 3500
    [P_UNAME] => 박요섭
    [P_RMESG1] => P_VACCT_NO=79014408081267|P_EXP_DT=20260326
    [P_RMESG2] => 
    [P_NOTI] => 
    [P_AUTH_NO] => 
)

 Array
(
    [PageCall time] => 14:50:56
    [P_TID] => INIMX_VBNKCAEcatca0720260316144749525212
    [P_MID] => CAEcatca07
    [P_AUTH_DT] => 20260316145056
    [P_STATUS] => 02
    [P_TYPE] => VBANK
    [P_OID] => 260316-028
    [P_FN_CD1] => 32
    [P_FN_CD2] => 
    [P_FN_NM] => 부산은행
    [P_AMT] => 3500
    [P_UNAME] => 이화수
    [P_RMESG1] => P_VACCT_NO=109924774333|P_EXP_DT=20260326
    [P_RMESG2] => 
    [P_NOTI] => 
    [P_AUTH_NO] => 
)

 Array
(
    [PageCall time] => 14:51:52
    [P_TID] => INIMX_VBNKCAEcatca0720260316144519555311
    [P_MID] => CAEcatca07
    [P_AUTH_DT] => 20260316145152
    [P_STATUS] => 02
    [P_TYPE] => VBANK
    [P_OID] => 260316-027
    [P_FN_CD1] => 04
    [P_FN_CD2] => 
    [P_FN_NM] => KB국민은행
    [P_AMT] => 3500
    [P_UNAME] => 최윤수
    [P_RMESG1] => P_VACCT_NO=26159078063701|P_EXP_DT=20260326
    [P_RMESG2] => 
    [P_NOTI] => 
    [P_AUTH_NO] => 
)

 Array
(
    [PageCall time] => 15:08:16
    [P_TID] => INIMX_VBNKCAEcatca0720260316150510605140
    [P_MID] => CAEcatca07
    [P_AUTH_DT] => 20260316150815
    [P_STATUS] => 02
    [P_TYPE] => VBANK
    [P_OID] => 260316-029
    [P_FN_CD1] => 89
    [P_FN_CD2] => 
    [P_FN_NM] => 케이뱅크
    [P_AMT] => 3500
    [P_UNAME] => 김미리
    [P_RMESG1] => P_VACCT_NO=70112003771797|P_EXP_DT=20260326
    [P_RMESG2] => 
    [P_NOTI] => 
    [P_AUTH_NO] => 
)

 Array
(
    [PageCall time] => 15:19:36
    [P_TID] => INIMX_VBNKCAEcatca0720260316151810675708
    [P_MID] => CAEcatca07
    [P_AUTH_DT] => 20260316151936
    [P_STATUS] => 02
    [P_TYPE] => VBANK
    [P_OID] => 260316-032
    [P_FN_CD1] => 11
    [P_FN_CD2] => 
    [P_FN_NM] => NH농협은행
    [P_AMT] => 3500
    [P_UNAME] => 최영옥
    [P_RMESG1] => P_VACCT_NO=79014408086873|P_EXP_DT=20260326
    [P_RMESG2] => 
    [P_NOTI] => 
    [P_AUTH_NO] => 
)

 Array
(
    [PageCall time] => 15:20:06
    [P_TID] => INIMX_VBNKCAEcatca0720260316151745965825
    [P_MID] => CAEcatca07
    [P_AUTH_DT] => 20260316152006
    [P_STATUS] => 02
    [P_TYPE] => VBANK
    [P_OID] => 260316-031
    [P_FN_CD1] => 11
    [P_FN_CD2] => 
    [P_FN_NM] => NH농협은행
    [P_AMT] => 3500
    [P_UNAME] => 지선희
    [P_RMESG1] => P_VACCT_NO=79014408086794|P_EXP_DT=20260326
    [P_RMESG2] => 
    [P_NOTI] => 
    [P_AUTH_NO] => 
)

 Array
(
    [PageCall time] => 15:52:50
    [P_TID] => INIMX_VBNKCAEcatca0720260316155115755924
    [P_MID] => CAEcatca07
    [P_AUTH_DT] => 20260316155250
    [P_STATUS] => 02
    [P_TYPE] => VBANK
    [P_OID] => 260316-033
    [P_FN_CD1] => 11
    [P_FN_CD2] => 
    [P_FN_NM] => NH농협은행
    [P_AMT] => 3500
    [P_UNAME] => 김주현
    [P_RMESG1] => P_VACCT_NO=79014408090967|P_EXP_DT=20260326
    [P_RMESG2] => 
    [P_NOTI] => 
    [P_AUTH_NO] => 
)

 Array
(
    [PageCall time] => 16:02:05
    [P_TID] => INIMX_VBNKCAEcatca0720260316155751895776
    [P_MID] => CAEcatca07
    [P_AUTH_DT] => 20260316160205
    [P_STATUS] => 02
    [P_TYPE] => VBANK
    [P_OID] => 260316-034
    [P_FN_CD1] => 20
    [P_FN_CD2] => 
    [P_FN_NM] => 우리은행
    [P_AMT] => 3500
    [P_UNAME] => 안유진
    [P_RMESG1] => P_VACCT_NO=27762986318979|P_EXP_DT=20260326
    [P_RMESG2] => 
    [P_NOTI] => 
    [P_AUTH_NO] => 
)

 Array
(
    [PageCall time] => 16:08:09
    [P_TID] => INIMX_VBNKCAEcatca0720260316160535165087
    [P_MID] => CAEcatca07
    [P_AUTH_DT] => 20260316160809
    [P_STATUS] => 02
    [P_TYPE] => VBANK
    [P_OID] => 260316-035
    [P_FN_CD1] => 88
    [P_FN_CD2] => 
    [P_FN_NM] => 신한은행
    [P_AMT] => 3500
    [P_UNAME] => 송보람
    [P_RMESG1] => P_VACCT_NO=56211105427759|P_EXP_DT=20260326
    [P_RMESG2] => 
    [P_NOTI] => 
    [P_AUTH_NO] => 
)

 Array
(
    [PageCall time] => 16:37:59
    [P_TID] => INIMX_VBNKCAEcatca0720260316163451435423
    [P_MID] => CAEcatca07
    [P_AUTH_DT] => 20260316163759
    [P_STATUS] => 02
    [P_TYPE] => VBANK
    [P_OID] => 260316-037
    [P_FN_CD1] => 03
    [P_FN_CD2] => 
    [P_FN_NM] => 기업은행
    [P_AMT] => 3500
    [P_UNAME] => 정윤태
    [P_RMESG1] => P_VACCT_NO=07500347097511|P_EXP_DT=20260326
    [P_RMESG2] => 
    [P_NOTI] => 
    [P_AUTH_NO] => 
)

 Array
(
    [PageCall time] => 16:43:12
    [P_TID] => INIMX_VBNKCAEcatca0720260316164023465958
    [P_MID] => CAEcatca07
    [P_AUTH_DT] => 20260316164312
    [P_STATUS] => 02
    [P_TYPE] => VBANK
    [P_OID] => 260316-038
    [P_FN_CD1] => 04
    [P_FN_CD2] => 
    [P_FN_NM] => KB국민은행
    [P_AMT] => 3500
    [P_UNAME] => 안신영
    [P_RMESG1] => P_VACCT_NO=80399078942336|P_EXP_DT=20260326
    [P_RMESG2] => 
    [P_NOTI] => 
    [P_AUTH_NO] => 
)

 Array
(
    [PageCall time] => 17:56:51
    [P_TID] => INIMX_VBNKCAEcatca0720260316160719145691
    [P_MID] => CAEcatca07
    [P_AUTH_DT] => 20260316175650
    [P_STATUS] => 02
    [P_TYPE] => VBANK
    [P_OID] => 260316-036
    [P_FN_CD1] => 88
    [P_FN_CD2] => 
    [P_FN_NM] => 신한은행
    [P_AMT] => 3500
    [P_UNAME] => 박경애
    [P_RMESG1] => P_VACCT_NO=56211105427940|P_EXP_DT=20260326
    [P_RMESG2] => 
    [P_NOTI] => 
    [P_AUTH_NO] => 
)

 Array
(
    [PageCall time] => 18:16:47
    [P_TID] => INIMX_VBNKCAEcatca0720260316181335505194
    [P_MID] => CAEcatca07
    [P_AUTH_DT] => 20260316181647
    [P_STATUS] => 02
    [P_TYPE] => VBANK
    [P_OID] => 260316-041
    [P_FN_CD1] => 04
    [P_FN_CD2] => 
    [P_FN_NM] => KB국민은행
    [P_AMT] => 3500
    [P_UNAME] => 최인섭
    [P_RMESG1] => P_VACCT_NO=80399078954416|P_EXP_DT=20260326
    [P_RMESG2] => 
    [P_NOTI] => 
    [P_AUTH_NO] => 
)

 Array
(
    [PageCall time] => 19:26:59
    [P_TID] => INIMX_VBNKCAEcatca0720260316192454415255
    [P_MID] => CAEcatca07
    [P_AUTH_DT] => 20260316192659
    [P_STATUS] => 02
    [P_TYPE] => VBANK
    [P_OID] => 260316-042
    [P_FN_CD1] => 11
    [P_FN_CD2] => 
    [P_FN_NM] => NH농협은행
    [P_AMT] => 3500
    [P_UNAME] => 박나운
    [P_RMESG1] => P_VACCT_NO=79014408109162|P_EXP_DT=20260326
    [P_RMESG2] => 
    [P_NOTI] => 
    [P_AUTH_NO] => 
)

 Array
(
    [PageCall time] => 20:37:19
    [P_TID] => INIMX_VBNKCAEcatca0720260316203555805901
    [P_MID] => CAEcatca07
    [P_AUTH_DT] => 20260316203719
    [P_STATUS] => 02
    [P_TYPE] => VBANK
    [P_OID] => 260315-018
    [P_FN_CD1] => 11
    [P_FN_CD2] => 
    [P_FN_NM] => NH농협은행
    [P_AMT] => 3500
    [P_UNAME] => 이근경
    [P_RMESG1] => P_VACCT_NO=79014408118977|P_EXP_DT=20260326
    [P_RMESG2] => 
    [P_NOTI] => 
    [P_AUTH_NO] => 
)

 Array
(
    [PageCall time] => 20:41:11
    [P_TID] => INIMX_VBNKCAEcatca0720260316203844575540
    [P_MID] => CAEcatca07
    [P_AUTH_DT] => 20260316204111
    [P_STATUS] => 02
    [P_TYPE] => VBANK
    [P_OID] => 260316-043
    [P_FN_CD1] => 04
    [P_FN_CD2] => 
    [P_FN_NM] => KB국민은행
    [P_AMT] => 3500
    [P_UNAME] => 박경은
    [P_RMESG1] => P_VACCT_NO=80399078984275|P_EXP_DT=20260326
    [P_RMESG2] => 
    [P_NOTI] => 
    [P_AUTH_NO] => 
)

 Array
(
    [PageCall time] => 21:17:19
    [P_TID] => INIMX_VBNKCAEcatca0720260316211445865184
    [P_MID] => CAEcatca07
    [P_AUTH_DT] => 20260316211719
    [P_STATUS] => 02
    [P_TYPE] => VBANK
    [P_OID] => 260316-044
    [P_FN_CD1] => 20
    [P_FN_CD2] => 
    [P_FN_NM] => 우리은행
    [P_AMT] => 3500
    [P_UNAME] => 정지일
    [P_RMESG1] => P_VACCT_NO=27763000518064|P_EXP_DT=20260326
    [P_RMESG2] => 
    [P_NOTI] => 
    [P_AUTH_NO] => 
)

 Array
(
    [PageCall time] => 23:26:41
    [P_TID] => INIMX_VBNKCAEcatca0720260316232458845018
    [P_MID] => CAEcatca07
    [P_AUTH_DT] => 20260316232641
    [P_STATUS] => 02
    [P_TYPE] => VBANK
    [P_OID] => 260316-047
    [P_FN_CD1] => 11
    [P_FN_CD2] => 
    [P_FN_NM] => NH농협은행
    [P_AMT] => 3500
    [P_UNAME] => 원미진
    [P_RMESG1] => P_VACCT_NO=79014408132366|P_EXP_DT=20260326
    [P_RMESG2] => 
    [P_NOTI] => 
    [P_AUTH_NO] => 
)

