 Array
(
    [PageCall time] => 11:04:11
    [P_TID] => INIMX_VBNKECAcatca0720250114110112825583
    [P_MID] => ECAcatca07
    [P_AUTH_DT] => 20250114110411
    [P_STATUS] => 02
    [P_TYPE] => VBANK
    [P_OID] => 250114-010
    [P_FN_CD1] => 81
    [P_FN_CD2] => 
    [P_FN_NM] => 하나은행
    [P_AMT] => 10
    [P_UNAME] => 류시욱
    [P_RMESG1] => P_VACCT_NO=20893815549137|P_EXP_DT=20250124
    [P_RMESG2] => 
    [P_NOTI] => 
    [P_AUTH_NO] => 
)

 Array
(
    [PageCall time] => 15:46:20
    [P_TID] => ???ㅽ??23
    [P_MID] => 2123
    [P_AUTH_DT] => 2
    [P_STATUS] => 3
    [P_TYPE] => 4
    [P_OID] => 250114-010
    [P_FN_CD1] => 6
    [P_FN_CD2] => 7
    [P_FN_NM] => 8
    [P_AMT] => 9
    [P_UNAME] => 瑜????
    [P_RMESG1] => 55
    [P_RMESG2] => 453
    [P_NOTI] => 345
    [P_AUTH_NO] => 345
)

 Array
(
    [PageCall time] => 15:46:33
    [P_TID] => ???ㅽ??23
    [P_MID] => 2123
    [P_AUTH_DT] => 2
    [P_STATUS] => 3
    [P_TYPE] => 4
    [P_OID] => 250114-010
    [P_FN_CD1] => 6
    [P_FN_CD2] => 7
    [P_FN_NM] => 8
    [P_AMT] => 9
    [P_UNAME] => 瑜????
    [P_RMESG1] => 55
    [P_RMESG2] => 453
    [P_NOTI] => 345
    [P_AUTH_NO] => 345
)

 Array
(
    [PageCall time] => 15:47:54
    [P_TID] => ???ㅽ??23
    [P_MID] => 2123
    [P_AUTH_DT] => 2
    [P_STATUS] => 3
    [P_TYPE] => 4
    [P_OID] => 250114-010
    [P_FN_CD1] => 6
    [P_FN_CD2] => 7
    [P_FN_NM] => 8
    [P_AMT] => 9
    [P_UNAME] => 瑜????
    [P_RMESG1] => 55
    [P_RMESG2] => 453
    [P_NOTI] => 345
    [P_AUTH_NO] => 345
)

 Array
(
    [PageCall time] => 15:48:19
    [P_TID] => ???ㅽ??23
    [P_MID] => 2123
    [P_AUTH_DT] => 2
    [P_STATUS] => 3
    [P_TYPE] => 4
    [P_OID] => 250114-010
    [P_FN_CD1] => 6
    [P_FN_CD2] => 7
    [P_FN_NM] => 8
    [P_AMT] => 9
    [P_UNAME] => 瑜????
    [P_RMESG1] => 55
    [P_RMESG2] => 453
    [P_NOTI] => 345
    [P_AUTH_NO] => 345
)

 Array
(
    [PageCall time] => 15:48:36
    [P_TID] => ???ㅽ??23
    [P_MID] => 2123
    [P_AUTH_DT] => 2
    [P_STATUS] => 3
    [P_TYPE] => 4
    [P_OID] => 250114-010
    [P_FN_CD1] => 6
    [P_FN_CD2] => 7
    [P_FN_NM] => 8
    [P_AMT] => 9
    [P_UNAME] => 瑜????
    [P_RMESG1] => 55
    [P_RMESG2] => 453
    [P_NOTI] => 345
    [P_AUTH_NO] => 345
)

 Array
(
    [PageCall time] => 15:48:52
    [P_TID] => ???ㅽ??23
    [P_MID] => 2123
    [P_AUTH_DT] => 2
    [P_STATUS] => 3
    [P_TYPE] => 4
    [P_OID] => 250114-010
    [P_FN_CD1] => 6
    [P_FN_CD2] => 7
    [P_FN_NM] => 8
    [P_AMT] => 9
    [P_UNAME] => 瑜????
    [P_RMESG1] => 55
    [P_RMESG2] => 453
    [P_NOTI] => 345
    [P_AUTH_NO] => 345
)

 Array
(
    [PageCall time] => 15:49:12
    [P_TID] => ???ㅽ??23
    [P_MID] => 2123
    [P_AUTH_DT] => 2
    [P_STATUS] => 3
    [P_TYPE] => 4
    [P_OID] => 250114-010
    [P_FN_CD1] => 6
    [P_FN_CD2] => 7
    [P_FN_NM] => 8
    [P_AMT] => 9
    [P_UNAME] => 瑜????
    [P_RMESG1] => 55
    [P_RMESG2] => 453
    [P_NOTI] => 345
    [P_AUTH_NO] => 345
)

 Array
(
    [PageCall time] => 15:51:16
    [P_TID] => ???ㅽ??23
    [P_MID] => 2123
    [P_AUTH_DT] => 2
    [P_STATUS] => 3
    [P_TYPE] => 4
    [P_OID] => 250114-010
    [P_FN_CD1] => 6
    [P_FN_CD2] => 7
    [P_FN_NM] => 8
    [P_AMT] => 9
    [P_UNAME] => 瑜????
    [P_RMESG1] => 55
    [P_RMESG2] => 453
    [P_NOTI] => 345
    [P_AUTH_NO] => 345
)

 Array
(
    [PageCall time] => 15:54:28
    [P_TID] => 
    [P_MID] => 
    [P_AUTH_DT] => 
    [P_STATUS] => 
    [P_TYPE] => 
    [P_OID] => 
    [P_FN_CD1] => 
    [P_FN_CD2] => 
    [P_FN_NM] => 
    [P_AMT] => 
    [P_UNAME] => 
    [P_RMESG1] => 
    [P_RMESG2] => 
    [P_NOTI] => 
    [P_AUTH_NO] => 
)

 Array
(
    [PageCall time] => 15:55:03
    [P_TID] => 
    [P_MID] => 
    [P_AUTH_DT] => 
    [P_STATUS] => 
    [P_TYPE] => 
    [P_OID] => 
    [P_FN_CD1] => 
    [P_FN_CD2] => 
    [P_FN_NM] => 
    [P_AMT] => 
    [P_UNAME] => 
    [P_RMESG1] => 
    [P_RMESG2] => 
    [P_NOTI] => 
    [P_AUTH_NO] => 
)

 Array
(
    [PageCall time] => 15:55:08
    [P_TID] => 
    [P_MID] => 
    [P_AUTH_DT] => 
    [P_STATUS] => 
    [P_TYPE] => 
    [P_OID] => 
    [P_FN_CD1] => 
    [P_FN_CD2] => 
    [P_FN_NM] => 
    [P_AMT] => 
    [P_UNAME] => 
    [P_RMESG1] => 
    [P_RMESG2] => 
    [P_NOTI] => 
    [P_AUTH_NO] => 
)

 Array
(
    [PageCall time] => 15:55:25
    [P_TID] => 
    [P_MID] => 
    [P_AUTH_DT] => 
    [P_STATUS] => 
    [P_TYPE] => 
    [P_OID] => 
    [P_FN_CD1] => 
    [P_FN_CD2] => 
    [P_FN_NM] => 
    [P_AMT] => 
    [P_UNAME] => 
    [P_RMESG1] => 
    [P_RMESG2] => 
    [P_NOTI] => 
    [P_AUTH_NO] => 
)

 Array
(
    [PageCall time] => 15:55:53
    [P_TID] => 
    [P_MID] => 
    [P_AUTH_DT] => 
    [P_STATUS] => 
    [P_TYPE] => 
    [P_OID] => 
    [P_FN_CD1] => 
    [P_FN_CD2] => 
    [P_FN_NM] => 
    [P_AMT] => 
    [P_UNAME] => 
    [P_RMESG1] => 
    [P_RMESG2] => 
    [P_NOTI] => 
    [P_AUTH_NO] => 
)

 Array
(
    [PageCall time] => 15:56:01
    [P_TID] => 
    [P_MID] => 
    [P_AUTH_DT] => 
    [P_STATUS] => 
    [P_TYPE] => 
    [P_OID] => 
    [P_FN_CD1] => 
    [P_FN_CD2] => 
    [P_FN_NM] => 
    [P_AMT] => 
    [P_UNAME] => 
    [P_RMESG1] => 
    [P_RMESG2] => 
    [P_NOTI] => 
    [P_AUTH_NO] => 
)

 Array
(
    [PageCall time] => 15:56:06
    [P_TID] => 
    [P_MID] => 
    [P_AUTH_DT] => 
    [P_STATUS] => 
    [P_TYPE] => 
    [P_OID] => 
    [P_FN_CD1] => 
    [P_FN_CD2] => 
    [P_FN_NM] => 
    [P_AMT] => 
    [P_UNAME] => 
    [P_RMESG1] => 
    [P_RMESG2] => 
    [P_NOTI] => 
    [P_AUTH_NO] => 
)

 Array
(
    [PageCall time] => 17:18:47
    [P_TID] => 
    [P_MID] => 
    [P_AUTH_DT] => 
    [P_STATUS] => 
    [P_TYPE] => 
    [P_OID] => 
    [P_FN_CD1] => 
    [P_FN_CD2] => 
    [P_FN_NM] => 
    [P_AMT] => 
    [P_UNAME] => 
    [P_RMESG1] => 
    [P_RMESG2] => 
    [P_NOTI] => 
    [P_AUTH_NO] => 
)

 Array
(
    [PageCall time] => 17:18:56
    [P_TID] => 
    [P_MID] => 
    [P_AUTH_DT] => 
    [P_STATUS] => 
    [P_TYPE] => 
    [P_OID] => 
    [P_FN_CD1] => 
    [P_FN_CD2] => 
    [P_FN_NM] => 
    [P_AMT] => 
    [P_UNAME] => 
    [P_RMESG1] => 
    [P_RMESG2] => 
    [P_NOTI] => 
    [P_AUTH_NO] => 
)

 Array
(
    [PageCall time] => 17:18:58
    [P_TID] => 
    [P_MID] => 
    [P_AUTH_DT] => 
    [P_STATUS] => 
    [P_TYPE] => 
    [P_OID] => 
    [P_FN_CD1] => 
    [P_FN_CD2] => 
    [P_FN_NM] => 
    [P_AMT] => 
    [P_UNAME] => 
    [P_RMESG1] => 
    [P_RMESG2] => 
    [P_NOTI] => 
    [P_AUTH_NO] => 
)

 Array
(
    [PageCall time] => 17:19:06
    [P_TID] => 
    [P_MID] => 
    [P_AUTH_DT] => 
    [P_STATUS] => 
    [P_TYPE] => 
    [P_OID] => 
    [P_FN_CD1] => 
    [P_FN_CD2] => 
    [P_FN_NM] => 
    [P_AMT] => 
    [P_UNAME] => 
    [P_RMESG1] => 
    [P_RMESG2] => 
    [P_NOTI] => 
    [P_AUTH_NO] => 
)

 Array
(
    [PageCall time] => 17:19:19
    [P_TID] => ???ㅽ??23
    [P_MID] => 2123
    [P_AUTH_DT] => 2
    [P_STATUS] => 3
    [P_TYPE] => 4
    [P_OID] => 250114-010
    [P_FN_CD1] => 6
    [P_FN_CD2] => 7
    [P_FN_NM] => 8
    [P_AMT] => 9
    [P_UNAME] => 瑜????
    [P_RMESG1] => 55
    [P_RMESG2] => 453
    [P_NOTI] => 345
    [P_AUTH_NO] => 345
)

