 Array
(
    [PageCall time] => 07:15:59
    [P_TID] => INIMX_VBNKCAEcatca0720260113211149545704
    [P_MID] => CAEcatca07
    [P_AUTH_DT] => 20260114071559
    [P_STATUS] => 02
    [P_TYPE] => VBANK
    [P_OID] => 260113-055
    [P_FN_CD1] => 81
    [P_FN_CD2] => 
    [P_FN_NM] => 하나은행
    [P_AMT] => 3500
    [P_UNAME] => 민정남
    [P_RMESG1] => P_VACCT_NO=20893917560137|P_EXP_DT=20260123
    [P_RMESG2] => 
    [P_NOTI] => 
    [P_AUTH_NO] => 
)

 Array
(
    [PageCall time] => 09:59:52
    [P_TID] => INIMX_VBNKCAEcatca0720260114095658305062
    [P_MID] => CAEcatca07
    [P_AUTH_DT] => 20260114095952
    [P_STATUS] => 02
    [P_TYPE] => VBANK
    [P_OID] => 260114-004
    [P_FN_CD1] => 04
    [P_FN_CD2] => 
    [P_FN_NM] => KB국민은행
    [P_AMT] => 3500
    [P_UNAME] => 임진아
    [P_RMESG1] => P_VACCT_NO=29419079188634|P_EXP_DT=20260124
    [P_RMESG2] => 
    [P_NOTI] => 
    [P_AUTH_NO] => 
)

 Array
(
    [PageCall time] => 10:37:08
    [P_TID] => INIMX_VBNKCAEcatca0720260114103300405674
    [P_MID] => CAEcatca07
    [P_AUTH_DT] => 20260114103708
    [P_STATUS] => 02
    [P_TYPE] => VBANK
    [P_OID] => 260114-001
    [P_FN_CD1] => 04
    [P_FN_CD2] => 
    [P_FN_NM] => KB국민은행
    [P_AMT] => 3500
    [P_UNAME] => 정인순
    [P_RMESG1] => P_VACCT_NO=41989011578078|P_EXP_DT=20260124
    [P_RMESG2] => 
    [P_NOTI] => 
    [P_AUTH_NO] => 
)

 Array
(
    [PageCall time] => 11:39:48
    [P_TID] => INIMX_VBNKCAEcatca0720260114113601125736
    [P_MID] => CAEcatca07
    [P_AUTH_DT] => 20260114113948
    [P_STATUS] => 02
    [P_TYPE] => VBANK
    [P_OID] => 260114-009
    [P_FN_CD1] => 20
    [P_FN_CD2] => 
    [P_FN_NM] => 우리은행
    [P_AMT] => 3500
    [P_UNAME] => 이태수
    [P_RMESG1] => P_VACCT_NO=27489420118121|P_EXP_DT=20260124
    [P_RMESG2] => 
    [P_NOTI] => 
    [P_AUTH_NO] => 
)

 Array
(
    [PageCall time] => 11:44:53
    [P_TID] => INIMX_VBNKCAEcatca0720260114114215315188
    [P_MID] => CAEcatca07
    [P_AUTH_DT] => 20260114114453
    [P_STATUS] => 02
    [P_TYPE] => VBANK
    [P_OID] => 260114-011
    [P_FN_CD1] => 04
    [P_FN_CD2] => 
    [P_FN_NM] => KB국민은행
    [P_AMT] => 3500
    [P_UNAME] => 박희수
    [P_RMESG1] => P_VACCT_NO=60539014633892|P_EXP_DT=20260124
    [P_RMESG2] => 
    [P_NOTI] => 
    [P_AUTH_NO] => 
)

 Array
(
    [PageCall time] => 11:45:23
    [P_TID] => INIMX_VBNKCAEcatca0720260114114151595767
    [P_MID] => CAEcatca07
    [P_AUTH_DT] => 20260114114523
    [P_STATUS] => 02
    [P_TYPE] => VBANK
    [P_OID] => 260114-010
    [P_FN_CD1] => 04
    [P_FN_CD2] => 
    [P_FN_NM] => KB국민은행
    [P_AMT] => 3500
    [P_UNAME] => 이유진
    [P_RMESG1] => P_VACCT_NO=60539014633764|P_EXP_DT=20260124
    [P_RMESG2] => 
    [P_NOTI] => 
    [P_AUTH_NO] => 
)

 Array
(
    [PageCall time] => 12:13:08
    [P_TID] => INIMX_VBNKCAEcatca0720260114121004585503
    [P_MID] => CAEcatca07
    [P_AUTH_DT] => 20260114121308
    [P_STATUS] => 02
    [P_TYPE] => VBANK
    [P_OID] => 260114-013
    [P_FN_CD1] => 34
    [P_FN_CD2] => 
    [P_FN_NM] => 광주은행
    [P_AMT] => 3500
    [P_UNAME] => 이규정
    [P_RMESG1] => P_VACCT_NO=810865265791|P_EXP_DT=20260124
    [P_RMESG2] => 
    [P_NOTI] => 
    [P_AUTH_NO] => 
)

 Array
(
    [PageCall time] => 13:29:55
    [P_TID] => INIMX_VBNKCAEcatca0720260114132640415574
    [P_MID] => CAEcatca07
    [P_AUTH_DT] => 20260114132955
    [P_STATUS] => 02
    [P_TYPE] => VBANK
    [P_OID] => 260114-014
    [P_FN_CD1] => 88
    [P_FN_CD2] => 
    [P_FN_NM] => 신한은행
    [P_AMT] => 3500
    [P_UNAME] => 독사수학학원
    [P_RMESG1] => P_VACCT_NO=56213170808644|P_EXP_DT=20260124
    [P_RMESG2] => 
    [P_NOTI] => 
    [P_AUTH_NO] => 
)

 Array
(
    [PageCall time] => 13:40:24
    [P_TID] => INIMX_VBNKCAEcatca0720260114133737805719
    [P_MID] => CAEcatca07
    [P_AUTH_DT] => 20260114134024
    [P_STATUS] => 02
    [P_TYPE] => VBANK
    [P_OID] => 260114-017
    [P_FN_CD1] => 89
    [P_FN_CD2] => 
    [P_FN_NM] => 케이뱅크
    [P_AMT] => 3500
    [P_UNAME] => 이서현
    [P_RMESG1] => P_VACCT_NO=70112003305520|P_EXP_DT=20260124
    [P_RMESG2] => 
    [P_NOTI] => 
    [P_AUTH_NO] => 
)

 Array
(
    [PageCall time] => 15:25:14
    [P_TID] => INIMX_VBNKCAEcatca0720260114152253285691
    [P_MID] => CAEcatca07
    [P_AUTH_DT] => 20260114152514
    [P_STATUS] => 02
    [P_TYPE] => VBANK
    [P_OID] => 260114-020
    [P_FN_CD1] => 88
    [P_FN_CD2] => 
    [P_FN_NM] => 신한은행
    [P_AMT] => 3500
    [P_UNAME] => 오상준
    [P_RMESG1] => P_VACCT_NO=56213170824752|P_EXP_DT=20260124
    [P_RMESG2] => 
    [P_NOTI] => 
    [P_AUTH_NO] => 
)

 Array
(
    [PageCall time] => 15:33:13
    [P_TID] => INIMX_VBNKCAEcatca0720260114153015655917
    [P_MID] => CAEcatca07
    [P_AUTH_DT] => 20260114153313
    [P_STATUS] => 02
    [P_TYPE] => VBANK
    [P_OID] => 260114-021
    [P_FN_CD1] => 88
    [P_FN_CD2] => 
    [P_FN_NM] => 신한은행
    [P_AMT] => 3500
    [P_UNAME] => 최현정
    [P_RMESG1] => P_VACCT_NO=56213170825806|P_EXP_DT=20260124
    [P_RMESG2] => 
    [P_NOTI] => 
    [P_AUTH_NO] => 
)

 Array
(
    [PageCall time] => 15:36:57
    [P_TID] => INIMX_VBNKCAEcatca0720260114153612885434
    [P_MID] => CAEcatca07
    [P_AUTH_DT] => 20260114153657
    [P_STATUS] => 02
    [P_TYPE] => VBANK
    [P_OID] => 260114-022
    [P_FN_CD1] => 11
    [P_FN_CD2] => 
    [P_FN_NM] => NH농협은행
    [P_AMT] => 3500
    [P_UNAME] => 차민영
    [P_RMESG1] => P_VACCT_NO=79010591165781|P_EXP_DT=20260124
    [P_RMESG2] => 
    [P_NOTI] => 
    [P_AUTH_NO] => 
)

 Array
(
    [PageCall time] => 16:15:29
    [P_TID] => INIMX_VBNKCAEcatca0720260114161441155640
    [P_MID] => CAEcatca07
    [P_AUTH_DT] => 20260114161529
    [P_STATUS] => 02
    [P_TYPE] => VBANK
    [P_OID] => 260114-023
    [P_FN_CD1] => 11
    [P_FN_CD2] => 
    [P_FN_NM] => NH농협은행
    [P_AMT] => 3500
    [P_UNAME] => 조상호
    [P_RMESG1] => P_VACCT_NO=79010591171410|P_EXP_DT=20260124
    [P_RMESG2] => 
    [P_NOTI] => 
    [P_AUTH_NO] => 
)

 Array
(
    [PageCall time] => 16:29:10
    [P_TID] => INIMX_VBNKCAEcatca0720260114162622195595
    [P_MID] => CAEcatca07
    [P_AUTH_DT] => 20260114162910
    [P_STATUS] => 02
    [P_TYPE] => VBANK
    [P_OID] => 260114-024
    [P_FN_CD1] => 03
    [P_FN_CD2] => 
    [P_FN_NM] => 기업은행
    [P_AMT] => 3500
    [P_UNAME] => 김주연
    [P_RMESG1] => P_VACCT_NO=07502272697864|P_EXP_DT=20260124
    [P_RMESG2] => 
    [P_NOTI] => 
    [P_AUTH_NO] => 
)

 Array
(
    [PageCall time] => 16:44:39
    [P_TID] => INIMX_VBNKCAEcatca0720260114164203305416
    [P_MID] => CAEcatca07
    [P_AUTH_DT] => 20260114164439
    [P_STATUS] => 02
    [P_TYPE] => VBANK
    [P_OID] => 260110-003
    [P_FN_CD1] => 88
    [P_FN_CD2] => 
    [P_FN_NM] => 신한은행
    [P_AMT] => 3500
    [P_UNAME] => 이솔지
    [P_RMESG1] => P_VACCT_NO=56213170833172|P_EXP_DT=20260124
    [P_RMESG2] => 
    [P_NOTI] => 
    [P_AUTH_NO] => 
)

 Array
(
    [PageCall time] => 16:57:09
    [P_TID] => INIMX_VBNKCAEcatca0720260114165351385314
    [P_MID] => CAEcatca07
    [P_AUTH_DT] => 20260114165709
    [P_STATUS] => 02
    [P_TYPE] => VBANK
    [P_OID] => 260114-026
    [P_FN_CD1] => 81
    [P_FN_CD2] => 
    [P_FN_NM] => 하나은행
    [P_AMT] => 3500
    [P_UNAME] => 김영민
    [P_RMESG1] => P_VACCT_NO=20893922205137|P_EXP_DT=20260124
    [P_RMESG2] => 
    [P_NOTI] => 
    [P_AUTH_NO] => 
)

 Array
(
    [PageCall time] => 17:35:53
    [P_TID] => INIMX_VBNKCAEcatca0720260114171016765442
    [P_MID] => CAEcatca07
    [P_AUTH_DT] => 20260114173553
    [P_STATUS] => 02
    [P_TYPE] => VBANK
    [P_OID] => 260114-027
    [P_FN_CD1] => 04
    [P_FN_CD2] => 
    [P_FN_NM] => KB국민은행
    [P_AMT] => 3500
    [P_UNAME] => 김명주
    [P_RMESG1] => P_VACCT_NO=60539014681736|P_EXP_DT=20260124
    [P_RMESG2] => 
    [P_NOTI] => 
    [P_AUTH_NO] => 
)

 Array
(
    [PageCall time] => 18:05:15
    [P_TID] => INIMX_VBNKCAEcatca0720260114180018975149
    [P_MID] => CAEcatca07
    [P_AUTH_DT] => 20260114180515
    [P_STATUS] => 02
    [P_TYPE] => VBANK
    [P_OID] => 260114-028
    [P_FN_CD1] => 03
    [P_FN_CD2] => 
    [P_FN_NM] => 기업은행
    [P_AMT] => 3500
    [P_UNAME] => 김재중
    [P_RMESG1] => P_VACCT_NO=07502273697618|P_EXP_DT=20260124
    [P_RMESG2] => 
    [P_NOTI] => 
    [P_AUTH_NO] => 
)

 Array
(
    [PageCall time] => 18:29:13
    [P_TID] => INIMX_VBNKCAEcatca0720260114182608415174
    [P_MID] => CAEcatca07
    [P_AUTH_DT] => 20260114182913
    [P_STATUS] => 02
    [P_TYPE] => VBANK
    [P_OID] => 260114-030
    [P_FN_CD1] => 04
    [P_FN_CD2] => 
    [P_FN_NM] => KB국민은행
    [P_AMT] => 3500
    [P_UNAME] => 이원정
    [P_RMESG1] => P_VACCT_NO=60539014692231|P_EXP_DT=20260124
    [P_RMESG2] => 
    [P_NOTI] => 
    [P_AUTH_NO] => 
)

 Array
(
    [PageCall time] => 18:56:33
    [P_TID] => INIMX_VBNKCAEcatca0720260114185311545332
    [P_MID] => CAEcatca07
    [P_AUTH_DT] => 20260114185633
    [P_STATUS] => 02
    [P_TYPE] => VBANK
    [P_OID] => 260114-031
    [P_FN_CD1] => 04
    [P_FN_CD2] => 
    [P_FN_NM] => KB국민은행
    [P_AMT] => 3500
    [P_UNAME] => 박영광
    [P_RMESG1] => P_VACCT_NO=60539014694475|P_EXP_DT=20260124
    [P_RMESG2] => 
    [P_NOTI] => 
    [P_AUTH_NO] => 
)

 Array
(
    [PageCall time] => 19:13:12
    [P_TID] => INIMX_VBNKCAEcatca0720260114191016635972
    [P_MID] => CAEcatca07
    [P_AUTH_DT] => 20260114191312
    [P_STATUS] => 02
    [P_TYPE] => VBANK
    [P_OID] => 260114-033
    [P_FN_CD1] => 89
    [P_FN_CD2] => 
    [P_FN_NM] => 케이뱅크
    [P_AMT] => 3500
    [P_UNAME] => 이정수
    [P_RMESG1] => P_VACCT_NO=70112003308933|P_EXP_DT=20260124
    [P_RMESG2] => 
    [P_NOTI] => 
    [P_AUTH_NO] => 
)

 Array
(
    [PageCall time] => 19:16:31
    [P_TID] => INIMX_VBNKCAEcatca0720260114191541785209
    [P_MID] => CAEcatca07
    [P_AUTH_DT] => 20260114191631
    [P_STATUS] => 02
    [P_TYPE] => VBANK
    [P_OID] => 260112-042
    [P_FN_CD1] => 11
    [P_FN_CD2] => 
    [P_FN_NM] => NH농협은행
    [P_AMT] => 3500
    [P_UNAME] => 박은영
    [P_RMESG1] => P_VACCT_NO=79010591199352|P_EXP_DT=20260124
    [P_RMESG2] => 
    [P_NOTI] => 
    [P_AUTH_NO] => 
)

 Array
(
    [PageCall time] => 19:30:01
    [P_TID] => INIMX_VBNKCAEcatca0720260114192716685884
    [P_MID] => CAEcatca07
    [P_AUTH_DT] => 20260114193001
    [P_STATUS] => 02
    [P_TYPE] => VBANK
    [P_OID] => 260114-034
    [P_FN_CD1] => 88
    [P_FN_CD2] => 
    [P_FN_NM] => 신한은행
    [P_AMT] => 3500
    [P_UNAME] => 김현정
    [P_RMESG1] => P_VACCT_NO=56213170845652|P_EXP_DT=20260124
    [P_RMESG2] => 
    [P_NOTI] => 
    [P_AUTH_NO] => 
)

 Array
(
    [PageCall time] => 20:13:07
    [P_TID] => INIMX_VBNKCAEcatca0720260114201024395234
    [P_MID] => CAEcatca07
    [P_AUTH_DT] => 20260114201307
    [P_STATUS] => 02
    [P_TYPE] => VBANK
    [P_OID] => 260114-035
    [P_FN_CD1] => 03
    [P_FN_CD2] => 
    [P_FN_NM] => 기업은행
    [P_AMT] => 3500
    [P_UNAME] => 손태훈
    [P_RMESG1] => P_VACCT_NO=07502274697329|P_EXP_DT=20260124
    [P_RMESG2] => 
    [P_NOTI] => 
    [P_AUTH_NO] => 
)

 Array
(
    [PageCall time] => 21:12:53
    [P_TID] => INIMX_VBNKCAEcatca0720260114210958795029
    [P_MID] => CAEcatca07
    [P_AUTH_DT] => 20260114211253
    [P_STATUS] => 02
    [P_TYPE] => VBANK
    [P_OID] => 260114-036
    [P_FN_CD1] => 89
    [P_FN_CD2] => 
    [P_FN_NM] => 케이뱅크
    [P_AMT] => 3500
    [P_UNAME] => 김보영
    [P_RMESG1] => P_VACCT_NO=70112003309822|P_EXP_DT=20260124
    [P_RMESG2] => 
    [P_NOTI] => 
    [P_AUTH_NO] => 
)

 Array
(
    [PageCall time] => 21:54:54
    [P_TID] => INIMX_VBNKCAEcatca0720260114215234945769
    [P_MID] => CAEcatca07
    [P_AUTH_DT] => 20260114215454
    [P_STATUS] => 02
    [P_TYPE] => VBANK
    [P_OID] => 260114-037
    [P_FN_CD1] => 04
    [P_FN_CD2] => 
    [P_FN_NM] => KB국민은행
    [P_AMT] => 3500
    [P_UNAME] => 장승희
    [P_RMESG1] => P_VACCT_NO=60539014729494|P_EXP_DT=20260124
    [P_RMESG2] => 
    [P_NOTI] => 
    [P_AUTH_NO] => 
)

