 Array
(
    [PageCall time] => 00:27:01
    [P_TID] => INIMX_VBNKCAEcatca0720260202002421765629
    [P_MID] => CAEcatca07
    [P_AUTH_DT] => 20260202002701
    [P_STATUS] => 02
    [P_TYPE] => VBANK
    [P_OID] => 260202-001
    [P_FN_CD1] => 04
    [P_FN_CD2] => 
    [P_FN_NM] => KB국민은행
    [P_AMT] => 3500
    [P_UNAME] => 문유진
    [P_RMESG1] => P_VACCT_NO=70149014770714|P_EXP_DT=20260212
    [P_RMESG2] => 
    [P_NOTI] => 
    [P_AUTH_NO] => 
)

 Array
(
    [PageCall time] => 00:48:10
    [P_TID] => INIMX_VBNKCAEcatca0720260202004747335477
    [P_MID] => CAEcatca07
    [P_AUTH_DT] => 20260202004810
    [P_STATUS] => 02
    [P_TYPE] => VBANK
    [P_OID] => 260202-002
    [P_FN_CD1] => 11
    [P_FN_CD2] => 
    [P_FN_NM] => NH농협은행
    [P_AMT] => 3500
    [P_UNAME] => 김보란
    [P_RMESG1] => P_VACCT_NO=79013684346457|P_EXP_DT=20260212
    [P_RMESG2] => 
    [P_NOTI] => 
    [P_AUTH_NO] => 
)

 Array
(
    [PageCall time] => 06:17:05
    [P_TID] => INIMX_VBNKCAEcatca0720260202061438455545
    [P_MID] => CAEcatca07
    [P_AUTH_DT] => 20260202061705
    [P_STATUS] => 02
    [P_TYPE] => VBANK
    [P_OID] => 260202-003
    [P_FN_CD1] => 88
    [P_FN_CD2] => 
    [P_FN_NM] => 신한은행
    [P_AMT] => 3500
    [P_UNAME] => 김윤호
    [P_RMESG1] => P_VACCT_NO=56213170616580|P_EXP_DT=20260212
    [P_RMESG2] => 
    [P_NOTI] => 
    [P_AUTH_NO] => 
)

 Array
(
    [PageCall time] => 07:33:41
    [P_TID] => INIMX_VBNKCAEcatca0720260202072815425330
    [P_MID] => CAEcatca07
    [P_AUTH_DT] => 20260202073341
    [P_STATUS] => 02
    [P_TYPE] => VBANK
    [P_OID] => 260202-004
    [P_FN_CD1] => 89
    [P_FN_CD2] => 
    [P_FN_NM] => 케이뱅크
    [P_AMT] => 3500
    [P_UNAME] => 천민우
    [P_RMESG1] => P_VACCT_NO=70112003443319|P_EXP_DT=20260212
    [P_RMESG2] => 
    [P_NOTI] => 
    [P_AUTH_NO] => 
)

 Array
(
    [PageCall time] => 08:35:19
    [P_TID] => INIMX_VBNKCAEcatca0720260202083223895469
    [P_MID] => CAEcatca07
    [P_AUTH_DT] => 20260202083519
    [P_STATUS] => 02
    [P_TYPE] => VBANK
    [P_OID] => 260202-005
    [P_FN_CD1] => 04
    [P_FN_CD2] => 
    [P_FN_NM] => KB국민은행
    [P_AMT] => 3500
    [P_UNAME] => 윤형노
    [P_RMESG1] => P_VACCT_NO=26159078018318|P_EXP_DT=20260212
    [P_RMESG2] => 
    [P_NOTI] => 
    [P_AUTH_NO] => 
)

 Array
(
    [PageCall time] => 09:56:06
    [P_TID] => INIMX_VBNKCAEcatca0720260202095242635792
    [P_MID] => CAEcatca07
    [P_AUTH_DT] => 20260202095606
    [P_STATUS] => 02
    [P_TYPE] => VBANK
    [P_OID] => 260202-008
    [P_FN_CD1] => 04
    [P_FN_CD2] => 
    [P_FN_NM] => KB국민은행
    [P_AMT] => 3500
    [P_UNAME] => 오세경
    [P_RMESG1] => P_VACCT_NO=45419079348120|P_EXP_DT=20260212
    [P_RMESG2] => 
    [P_NOTI] => 
    [P_AUTH_NO] => 
)

 Array
(
    [PageCall time] => 10:16:37
    [P_TID] => INIMX_VBNKCAEcatca0720260202101338774479
    [P_MID] => CAEcatca07
    [P_AUTH_DT] => 20260202101637
    [P_STATUS] => 02
    [P_TYPE] => VBANK
    [P_OID] => 260202-009
    [P_FN_CD1] => 32
    [P_FN_CD2] => 
    [P_FN_NM] => 부산은행
    [P_AMT] => 3500
    [P_UNAME] => 조예선
    [P_RMESG1] => P_VACCT_NO=109921194140|P_EXP_DT=20260212
    [P_RMESG2] => 
    [P_NOTI] => 
    [P_AUTH_NO] => 
)

 Array
(
    [PageCall time] => 10:20:39
    [P_TID] => INIMX_VBNKCAEcatca0720260202101806294305
    [P_MID] => CAEcatca07
    [P_AUTH_DT] => 20260202102039
    [P_STATUS] => 02
    [P_TYPE] => VBANK
    [P_OID] => 260202-011
    [P_FN_CD1] => 88
    [P_FN_CD2] => 
    [P_FN_NM] => 신한은행
    [P_AMT] => 3500
    [P_UNAME] => 진아라
    [P_RMESG1] => P_VACCT_NO=56211123684869|P_EXP_DT=20260212
    [P_RMESG2] => 
    [P_NOTI] => 
    [P_AUTH_NO] => 
)

 Array
(
    [PageCall time] => 10:20:48
    [P_TID] => INIMX_VBNKCAEcatca0720260202101657184143
    [P_MID] => CAEcatca07
    [P_AUTH_DT] => 20260202102048
    [P_STATUS] => 02
    [P_TYPE] => VBANK
    [P_OID] => 260202-010
    [P_FN_CD1] => 04
    [P_FN_CD2] => 
    [P_FN_NM] => KB국민은행
    [P_AMT] => 3500
    [P_UNAME] => 조인숙
    [P_RMESG1] => P_VACCT_NO=00159071042181|P_EXP_DT=20260212
    [P_RMESG2] => 
    [P_NOTI] => 
    [P_AUTH_NO] => 
)

 Array
(
    [PageCall time] => 10:27:47
    [P_TID] => INIMX_VBNKCAEcatca0720260202102519434479
    [P_MID] => CAEcatca07
    [P_AUTH_DT] => 20260202102747
    [P_STATUS] => 02
    [P_TYPE] => VBANK
    [P_OID] => 260202-013
    [P_FN_CD1] => 88
    [P_FN_CD2] => 
    [P_FN_NM] => 신한은행
    [P_AMT] => 3500
    [P_UNAME] => 김예림
    [P_RMESG1] => P_VACCT_NO=56211123685010|P_EXP_DT=20260212
    [P_RMESG2] => 
    [P_NOTI] => 
    [P_AUTH_NO] => 
)

 Array
(
    [PageCall time] => 10:29:12
    [P_TID] => INIMX_VBNKCAEcatca0720260202102727314493
    [P_MID] => CAEcatca07
    [P_AUTH_DT] => 20260202102912
    [P_STATUS] => 02
    [P_TYPE] => VBANK
    [P_OID] => 260202-014
    [P_FN_CD1] => 11
    [P_FN_CD2] => 
    [P_FN_NM] => NH농협은행
    [P_AMT] => 3500
    [P_UNAME] => 정낙훈
    [P_RMESG1] => P_VACCT_NO=79006425113740|P_EXP_DT=20260212
    [P_RMESG2] => 
    [P_NOTI] => 
    [P_AUTH_NO] => 
)

 Array
(
    [PageCall time] => 10:29:37
    [P_TID] => INIMX_VBNKCAEcatca0720260202102721104930
    [P_MID] => CAEcatca07
    [P_AUTH_DT] => 20260202102937
    [P_STATUS] => 02
    [P_TYPE] => VBANK
    [P_OID] => 260202-012
    [P_FN_CD1] => 11
    [P_FN_CD2] => 
    [P_FN_NM] => NH농협은행
    [P_AMT] => 3500
    [P_UNAME] => 이호영
    [P_RMESG1] => P_VACCT_NO=79006425113738|P_EXP_DT=20260212
    [P_RMESG2] => 
    [P_NOTI] => 
    [P_AUTH_NO] => 
)

 Array
(
    [PageCall time] => 10:40:54
    [P_TID] => INIMX_VBNKCAEcatca0720260202103849944095
    [P_MID] => CAEcatca07
    [P_AUTH_DT] => 20260202104054
    [P_STATUS] => 02
    [P_TYPE] => VBANK
    [P_OID] => 260202-015
    [P_FN_CD1] => 11
    [P_FN_CD2] => 
    [P_FN_NM] => NH농협은행
    [P_AMT] => 3500
    [P_UNAME] => 권도영
    [P_RMESG1] => P_VACCT_NO=79006425116168|P_EXP_DT=20260212
    [P_RMESG2] => 
    [P_NOTI] => 
    [P_AUTH_NO] => 
)

 Array
(
    [PageCall time] => 11:12:11
    [P_TID] => INIMX_VBNKCAEcatca0720260202110839414911
    [P_MID] => CAEcatca07
    [P_AUTH_DT] => 20260202111211
    [P_STATUS] => 02
    [P_TYPE] => VBANK
    [P_OID] => 260202-019
    [P_FN_CD1] => 04
    [P_FN_CD2] => 
    [P_FN_NM] => KB국민은행
    [P_AMT] => 3500
    [P_UNAME] => 이해정
    [P_RMESG1] => P_VACCT_NO=00159071044284|P_EXP_DT=20260212
    [P_RMESG2] => 
    [P_NOTI] => 
    [P_AUTH_NO] => 
)

 Array
(
    [PageCall time] => 12:14:34
    [P_TID] => INIMX_VBNKCAEcatca0720260202121328154299
    [P_MID] => CAEcatca07
    [P_AUTH_DT] => 20260202121434
    [P_STATUS] => 02
    [P_TYPE] => VBANK
    [P_OID] => 260202-024
    [P_FN_CD1] => 11
    [P_FN_CD2] => 
    [P_FN_NM] => NH농협은행
    [P_AMT] => 3500
    [P_UNAME] => 장명숙
    [P_RMESG1] => P_VACCT_NO=79006425132654|P_EXP_DT=20260212
    [P_RMESG2] => 
    [P_NOTI] => 
    [P_AUTH_NO] => 
)

 Array
(
    [PageCall time] => 12:35:04
    [P_TID] => INIMX_VBNKCAEcatca0720260202123130844847
    [P_MID] => CAEcatca07
    [P_AUTH_DT] => 20260202123504
    [P_STATUS] => 02
    [P_TYPE] => VBANK
    [P_OID] => 260202-025
    [P_FN_CD1] => 04
    [P_FN_CD2] => 
    [P_FN_NM] => KB국민은행
    [P_AMT] => 3500
    [P_UNAME] => 김박영
    [P_RMESG1] => P_VACCT_NO=00159071048068|P_EXP_DT=20260212
    [P_RMESG2] => 
    [P_NOTI] => 
    [P_AUTH_NO] => 
)

 Array
(
    [PageCall time] => 13:05:45
    [P_TID] => INIMX_VBNKCAEcatca0720260202130216234072
    [P_MID] => CAEcatca07
    [P_AUTH_DT] => 20260202130545
    [P_STATUS] => 02
    [P_TYPE] => VBANK
    [P_OID] => 260129-045
    [P_FN_CD1] => 20
    [P_FN_CD2] => 
    [P_FN_NM] => 우리은행
    [P_AMT] => 3500
    [P_UNAME] => 최병현
    [P_RMESG1] => P_VACCT_NO=27204913818381|P_EXP_DT=20260212
    [P_RMESG2] => 
    [P_NOTI] => 
    [P_AUTH_NO] => 
)

 Array
(
    [PageCall time] => 13:09:56
    [P_TID] => INIMX_VBNKCAEcatca0720260202130706484783
    [P_MID] => CAEcatca07
    [P_AUTH_DT] => 20260202130956
    [P_STATUS] => 02
    [P_TYPE] => VBANK
    [P_OID] => 260202-026
    [P_FN_CD1] => 04
    [P_FN_CD2] => 
    [P_FN_NM] => KB국민은행
    [P_AMT] => 3500
    [P_UNAME] => 김성용
    [P_RMESG1] => P_VACCT_NO=00159071049544|P_EXP_DT=20260212
    [P_RMESG2] => 
    [P_NOTI] => 
    [P_AUTH_NO] => 
)

 Array
(
    [PageCall time] => 13:17:07
    [P_TID] => INIMX_VBNKCAEcatca0720260202131438214530
    [P_MID] => CAEcatca07
    [P_AUTH_DT] => 20260202131707
    [P_STATUS] => 02
    [P_TYPE] => VBANK
    [P_OID] => 260202-027
    [P_FN_CD1] => 88
    [P_FN_CD2] => 
    [P_FN_NM] => 신한은행
    [P_AMT] => 3500
    [P_UNAME] => 황정연
    [P_RMESG1] => P_VACCT_NO=56211123688997|P_EXP_DT=20260212
    [P_RMESG2] => 
    [P_NOTI] => 
    [P_AUTH_NO] => 
)

 Array
(
    [PageCall time] => 13:32:05
    [P_TID] => INIMX_VBNKCAEcatca0720260202132905084951
    [P_MID] => CAEcatca07
    [P_AUTH_DT] => 20260202133205
    [P_STATUS] => 02
    [P_TYPE] => VBANK
    [P_OID] => 260202-030
    [P_FN_CD1] => 89
    [P_FN_CD2] => 
    [P_FN_NM] => 케이뱅크
    [P_AMT] => 3500
    [P_UNAME] => 안주연
    [P_RMESG1] => P_VACCT_NO=70112000111762|P_EXP_DT=20260212
    [P_RMESG2] => 
    [P_NOTI] => 
    [P_AUTH_NO] => 
)

 Array
(
    [PageCall time] => 13:47:34
    [P_TID] => INIMX_VBNKCAEcatca0720260202134642264640
    [P_MID] => CAEcatca07
    [P_AUTH_DT] => 20260202134733
    [P_STATUS] => 02
    [P_TYPE] => VBANK
    [P_OID] => 260202-033
    [P_FN_CD1] => 11
    [P_FN_CD2] => 
    [P_FN_NM] => NH농협은행
    [P_AMT] => 3500
    [P_UNAME] => 김민주
    [P_RMESG1] => P_VACCT_NO=79006425148947|P_EXP_DT=20260212
    [P_RMESG2] => 
    [P_NOTI] => 
    [P_AUTH_NO] => 
)

 Array
(
    [PageCall time] => 14:10:05
    [P_TID] => INIMX_VBNKCAEcatca0720260202140728764791
    [P_MID] => CAEcatca07
    [P_AUTH_DT] => 20260202141005
    [P_STATUS] => 02
    [P_TYPE] => VBANK
    [P_OID] => 260202-028
    [P_FN_CD1] => 31
    [P_FN_CD2] => 
    [P_FN_NM] => 아이엠뱅크(대구은행)
    [P_AMT] => 3500
    [P_UNAME] => 이상효
    [P_RMESG1] => P_VACCT_NO=9600348006125|P_EXP_DT=20260212
    [P_RMESG2] => 
    [P_NOTI] => 
    [P_AUTH_NO] => 
)

 Array
(
    [PageCall time] => 14:16:18
    [P_TID] => INIMX_VBNKCAEcatca0720260202140613894540
    [P_MID] => CAEcatca07
    [P_AUTH_DT] => 20260202141617
    [P_STATUS] => 02
    [P_TYPE] => VBANK
    [P_OID] => 260202-035
    [P_FN_CD1] => 37
    [P_FN_CD2] => 
    [P_FN_NM] => 전북은행
    [P_AMT] => 3500
    [P_UNAME] => 유철수
    [P_RMESG1] => P_VACCT_NO=9101210880718|P_EXP_DT=20260212
    [P_RMESG2] => 
    [P_NOTI] => 
    [P_AUTH_NO] => 
)

 Array
(
    [PageCall time] => 14:18:30
    [P_TID] => INIMX_VBNKCAEcatca0720260202141505444524
    [P_MID] => CAEcatca07
    [P_AUTH_DT] => 20260202141830
    [P_STATUS] => 02
    [P_TYPE] => VBANK
    [P_OID] => 260202-036
    [P_FN_CD1] => 11
    [P_FN_CD2] => 
    [P_FN_NM] => NH농협은행
    [P_AMT] => 3500
    [P_UNAME] => 구정이
    [P_RMESG1] => P_VACCT_NO=79006425154078|P_EXP_DT=20260212
    [P_RMESG2] => 
    [P_NOTI] => 
    [P_AUTH_NO] => 
)

 Array
(
    [PageCall time] => 14:38:08
    [P_TID] => INIMX_VBNKCAEcatca0720260202143422964888
    [P_MID] => CAEcatca07
    [P_AUTH_DT] => 20260202143808
    [P_STATUS] => 02
    [P_TYPE] => VBANK
    [P_OID] => 260202-037
    [P_FN_CD1] => 20
    [P_FN_CD2] => 
    [P_FN_NM] => 우리은행
    [P_AMT] => 3500
    [P_UNAME] => 김인숙
    [P_RMESG1] => P_VACCT_NO=27204914618714|P_EXP_DT=20260212
    [P_RMESG2] => 
    [P_NOTI] => 
    [P_AUTH_NO] => 
)

 Array
(
    [PageCall time] => 15:13:32
    [P_TID] => INIMX_VBNKCAEcatca0720260202151048794031
    [P_MID] => CAEcatca07
    [P_AUTH_DT] => 20260202151332
    [P_STATUS] => 02
    [P_TYPE] => VBANK
    [P_OID] => 260202-038
    [P_FN_CD1] => 03
    [P_FN_CD2] => 
    [P_FN_NM] => 기업은행
    [P_AMT] => 3500
    [P_UNAME] => 정화진
    [P_RMESG1] => P_VACCT_NO=07500566897614|P_EXP_DT=20260212
    [P_RMESG2] => 
    [P_NOTI] => 
    [P_AUTH_NO] => 
)

 Array
(
    [PageCall time] => 15:16:16
    [P_TID] => INIMX_VBNKCAEcatca0720260202151447954435
    [P_MID] => CAEcatca07
    [P_AUTH_DT] => 20260202151616
    [P_STATUS] => 02
    [P_TYPE] => VBANK
    [P_OID] => 260202-041
    [P_FN_CD1] => 11
    [P_FN_CD2] => 
    [P_FN_NM] => NH농협은행
    [P_AMT] => 3500
    [P_UNAME] => 박지우
    [P_RMESG1] => P_VACCT_NO=79006425167759|P_EXP_DT=20260212
    [P_RMESG2] => 
    [P_NOTI] => 
    [P_AUTH_NO] => 
)

 Array
(
    [PageCall time] => 16:13:25
    [P_TID] => INIMX_VBNKCAEcatca0720260202161030404094
    [P_MID] => CAEcatca07
    [P_AUTH_DT] => 20260202161325
    [P_STATUS] => 02
    [P_TYPE] => VBANK
    [P_OID] => 260202-042
    [P_FN_CD1] => 04
    [P_FN_CD2] => 
    [P_FN_NM] => KB국민은행
    [P_AMT] => 3500
    [P_UNAME] => 이만현
    [P_RMESG1] => P_VACCT_NO=00159071057259|P_EXP_DT=20260212
    [P_RMESG2] => 
    [P_NOTI] => 
    [P_AUTH_NO] => 
)

 Array
(
    [PageCall time] => 16:13:43
    [P_TID] => INIMX_VBNKCAEcatca0720260202161034764223
    [P_MID] => CAEcatca07
    [P_AUTH_DT] => 20260202161343
    [P_STATUS] => 02
    [P_TYPE] => VBANK
    [P_OID] => 260202-044
    [P_FN_CD1] => 04
    [P_FN_CD2] => 
    [P_FN_NM] => KB국민은행
    [P_AMT] => 3500
    [P_UNAME] => 유덕현
    [P_RMESG1] => P_VACCT_NO=00159071057262|P_EXP_DT=20260212
    [P_RMESG2] => 
    [P_NOTI] => 
    [P_AUTH_NO] => 
)

 Array
(
    [PageCall time] => 16:14:30
    [P_TID] => INIMX_VBNKCAEcatca0720260202161135354903
    [P_MID] => CAEcatca07
    [P_AUTH_DT] => 20260202161430
    [P_STATUS] => 02
    [P_TYPE] => VBANK
    [P_OID] => 260202-045
    [P_FN_CD1] => 03
    [P_FN_CD2] => 
    [P_FN_NM] => 기업은행
    [P_AMT] => 3500
    [P_UNAME] => 박정훈
    [P_RMESG1] => P_VACCT_NO=07500566997917|P_EXP_DT=20260212
    [P_RMESG2] => 
    [P_NOTI] => 
    [P_AUTH_NO] => 
)

 Array
(
    [PageCall time] => 16:44:14
    [P_TID] => INIMX_VBNKCAEcatca0720260202164107504399
    [P_MID] => CAEcatca07
    [P_AUTH_DT] => 20260202164414
    [P_STATUS] => 02
    [P_TYPE] => VBANK
    [P_OID] => 260202-046
    [P_FN_CD1] => 89
    [P_FN_CD2] => 
    [P_FN_NM] => 케이뱅크
    [P_AMT] => 3500
    [P_UNAME] => 박재현
    [P_RMESG1] => P_VACCT_NO=70112000112845|P_EXP_DT=20260212
    [P_RMESG2] => 
    [P_NOTI] => 
    [P_AUTH_NO] => 
)

 Array
(
    [PageCall time] => 16:47:20
    [P_TID] => INIMX_VBNKCAEcatca0720260202164433704523
    [P_MID] => CAEcatca07
    [P_AUTH_DT] => 20260202164720
    [P_STATUS] => 02
    [P_TYPE] => VBANK
    [P_OID] => 260202-047
    [P_FN_CD1] => 04
    [P_FN_CD2] => 
    [P_FN_NM] => KB국민은행
    [P_AMT] => 3500
    [P_UNAME] => 최수봉
    [P_RMESG1] => P_VACCT_NO=00159071058579|P_EXP_DT=20260212
    [P_RMESG2] => 
    [P_NOTI] => 
    [P_AUTH_NO] => 
)

 Array
(
    [PageCall time] => 17:07:28
    [P_TID] => INIMX_VBNKCAEcatca0720260202170427124041
    [P_MID] => CAEcatca07
    [P_AUTH_DT] => 20260202170728
    [P_STATUS] => 02
    [P_TYPE] => VBANK
    [P_OID] => 260202-048
    [P_FN_CD1] => 88
    [P_FN_CD2] => 
    [P_FN_NM] => 신한은행
    [P_AMT] => 3500
    [P_UNAME] => 원유복
    [P_RMESG1] => P_VACCT_NO=56211123693930|P_EXP_DT=20260212
    [P_RMESG2] => 
    [P_NOTI] => 
    [P_AUTH_NO] => 
)

 Array
(
    [PageCall time] => 17:23:38
    [P_TID] => INIMX_VBNKCAEcatca0720260202172041624340
    [P_MID] => CAEcatca07
    [P_AUTH_DT] => 20260202172337
    [P_STATUS] => 02
    [P_TYPE] => VBANK
    [P_OID] => 260202-049
    [P_FN_CD1] => 03
    [P_FN_CD2] => 
    [P_FN_NM] => 기업은행
    [P_AMT] => 3500
    [P_UNAME] => 박미숙
    [P_RMESG1] => P_VACCT_NO=07500567197508|P_EXP_DT=20260212
    [P_RMESG2] => 
    [P_NOTI] => 
    [P_AUTH_NO] => 
)

 Array
(
    [PageCall time] => 17:31:47
    [P_TID] => INIMX_VBNKCAEcatca0720260202173113464818
    [P_MID] => CAEcatca07
    [P_AUTH_DT] => 20260202173147
    [P_STATUS] => 02
    [P_TYPE] => VBANK
    [P_OID] => 260131-014
    [P_FN_CD1] => 11
    [P_FN_CD2] => 
    [P_FN_NM] => NH농협은행
    [P_AMT] => 3500
    [P_UNAME] => 김성수
    [P_RMESG1] => P_VACCT_NO=79006425198537|P_EXP_DT=20260212
    [P_RMESG2] => 
    [P_NOTI] => 
    [P_AUTH_NO] => 
)

 Array
(
    [PageCall time] => 17:38:46
    [P_TID] => INIMX_VBNKCAEcatca0720260202173611614299
    [P_MID] => CAEcatca07
    [P_AUTH_DT] => 20260202173846
    [P_STATUS] => 02
    [P_TYPE] => VBANK
    [P_OID] => 260202-050
    [P_FN_CD1] => 81
    [P_FN_CD2] => 
    [P_FN_NM] => 하나은행
    [P_AMT] => 3500
    [P_UNAME] => 문한솔
    [P_RMESG1] => P_VACCT_NO=20894222617237|P_EXP_DT=20260212
    [P_RMESG2] => 
    [P_NOTI] => 
    [P_AUTH_NO] => 
)

 Array
(
    [PageCall time] => 17:54:10
    [P_TID] => INIMX_VBNKCAEcatca0720260202175112374777
    [P_MID] => CAEcatca07
    [P_AUTH_DT] => 20260202175410
    [P_STATUS] => 02
    [P_TYPE] => VBANK
    [P_OID] => 260202-051
    [P_FN_CD1] => 03
    [P_FN_CD2] => 
    [P_FN_NM] => 기업은행
    [P_AMT] => 3500
    [P_UNAME] => 김성현
    [P_RMESG1] => P_VACCT_NO=07500567297362|P_EXP_DT=20260212
    [P_RMESG2] => 
    [P_NOTI] => 
    [P_AUTH_NO] => 
)

 Array
(
    [PageCall time] => 18:00:33
    [P_TID] => INIMX_VBNKCAEcatca0720260202175702824113
    [P_MID] => CAEcatca07
    [P_AUTH_DT] => 20260202180033
    [P_STATUS] => 02
    [P_TYPE] => VBANK
    [P_OID] => 260202-052
    [P_FN_CD1] => 20
    [P_FN_CD2] => 
    [P_FN_NM] => 우리은행
    [P_AMT] => 3500
    [P_UNAME] => 손주희
    [P_RMESG1] => P_VACCT_NO=27204918718425|P_EXP_DT=20260212
    [P_RMESG2] => 
    [P_NOTI] => 
    [P_AUTH_NO] => 
)

 Array
(
    [PageCall time] => 18:41:53
    [P_TID] => INIMX_VBNKCAEcatca0720260202183854644126
    [P_MID] => CAEcatca07
    [P_AUTH_DT] => 20260202184153
    [P_STATUS] => 02
    [P_TYPE] => VBANK
    [P_OID] => 260202-053
    [P_FN_CD1] => 11
    [P_FN_CD2] => 
    [P_FN_NM] => NH농협은행
    [P_AMT] => 3500
    [P_UNAME] => 이현선
    [P_RMESG1] => P_VACCT_NO=79006425210057|P_EXP_DT=20260212
    [P_RMESG2] => 
    [P_NOTI] => 
    [P_AUTH_NO] => 
)

 Array
(
    [PageCall time] => 19:01:33
    [P_TID] => INIMX_VBNKCAEcatca0720260202185803774187
    [P_MID] => CAEcatca07
    [P_AUTH_DT] => 20260202190133
    [P_STATUS] => 02
    [P_TYPE] => VBANK
    [P_OID] => 260202-054
    [P_FN_CD1] => 20
    [P_FN_CD2] => 
    [P_FN_NM] => 우리은행
    [P_AMT] => 3500
    [P_UNAME] => 최성옥
    [P_RMESG1] => P_VACCT_NO=27204919518785|P_EXP_DT=20260212
    [P_RMESG2] => 
    [P_NOTI] => 
    [P_AUTH_NO] => 
)

 Array
(
    [PageCall time] => 19:57:35
    [P_TID] => INIMX_VBNKCAEcatca0720260202195437874994
    [P_MID] => CAEcatca07
    [P_AUTH_DT] => 20260202195735
    [P_STATUS] => 02
    [P_TYPE] => VBANK
    [P_OID] => 260202-056
    [P_FN_CD1] => 32
    [P_FN_CD2] => 
    [P_FN_NM] => 부산은행
    [P_AMT] => 3500
    [P_UNAME] => 송창민
    [P_RMESG1] => P_VACCT_NO=109921200933|P_EXP_DT=20260212
    [P_RMESG2] => 
    [P_NOTI] => 
    [P_AUTH_NO] => 
)

 Array
(
    [PageCall time] => 23:23:19
    [P_TID] => INIMX_VBNKCAEcatca0720260202232038984260
    [P_MID] => CAEcatca07
    [P_AUTH_DT] => 20260202232319
    [P_STATUS] => 02
    [P_TYPE] => VBANK
    [P_OID] => 260202-058
    [P_FN_CD1] => 04
    [P_FN_CD2] => 
    [P_FN_NM] => KB국민은행
    [P_AMT] => 3500
    [P_UNAME] => 김윤영
    [P_RMESG1] => P_VACCT_NO=00159071074238|P_EXP_DT=20260212
    [P_RMESG2] => 
    [P_NOTI] => 
    [P_AUTH_NO] => 
)

