 Array
(
    [PageCall time] => 00:54:51
    [P_TID] => INIMX_VBNKCAEcatca0720250518005242215208
    [P_MID] => CAEcatca07
    [P_AUTH_DT] => 20250518005451
    [P_STATUS] => 02
    [P_TYPE] => VBANK
    [P_OID] => 250518-001
    [P_FN_CD1] => 04
    [P_FN_CD2] => 
    [P_FN_NM] => KB국민은행
    [P_AMT] => 3000
    [P_UNAME] => 한용제
    [P_RMESG1] => P_VACCT_NO=60519014750908|P_EXP_DT=20250528
    [P_RMESG2] => 
    [P_NOTI] => 
    [P_AUTH_NO] => 
)

 Array
(
    [PageCall time] => 01:35:57
    [P_TID] => INIMX_VBNKCAEcatca0720250517234327055984
    [P_MID] => CAEcatca07
    [P_AUTH_DT] => 20250518013557
    [P_STATUS] => 02
    [P_TYPE] => VBANK
    [P_OID] => 250517-010
    [P_FN_CD1] => 04
    [P_FN_CD2] => 
    [P_FN_NM] => KB국민은행
    [P_AMT] => 3000
    [P_UNAME] => 서민석
    [P_RMESG1] => P_VACCT_NO=60519014738036|P_EXP_DT=20250527
    [P_RMESG2] => 
    [P_NOTI] => 
    [P_AUTH_NO] => 
)

 Array
(
    [PageCall time] => 13:51:19
    [P_TID] => INIMX_VBNKCAEcatca0720250518135041305797
    [P_MID] => CAEcatca07
    [P_AUTH_DT] => 20250518135119
    [P_STATUS] => 02
    [P_TYPE] => VBANK
    [P_OID] => 250518-003
    [P_FN_CD1] => 11
    [P_FN_CD2] => 
    [P_FN_NM] => NH농협은행
    [P_AMT] => 3000
    [P_UNAME] => 하은정
    [P_RMESG1] => P_VACCT_NO=79015904908747|P_EXP_DT=20250528
    [P_RMESG2] => 
    [P_NOTI] => 
    [P_AUTH_NO] => 
)

 Array
(
    [PageCall time] => 17:02:01
    [P_TID] => INIMX_VBNKCAEcatca0720250518165930935742
    [P_MID] => CAEcatca07
    [P_AUTH_DT] => 20250518170201
    [P_STATUS] => 02
    [P_TYPE] => VBANK
    [P_OID] => 250518-004
    [P_FN_CD1] => 03
    [P_FN_CD2] => 
    [P_FN_NM] => 기업은행
    [P_AMT] => 3000
    [P_UNAME] => 지연화
    [P_RMESG1] => P_VACCT_NO=07502355597329|P_EXP_DT=20250528
    [P_RMESG2] => 
    [P_NOTI] => 
    [P_AUTH_NO] => 
)

 Array
(
    [PageCall time] => 19:05:39
    [P_TID] => INIMX_VBNKCAEcatca0720250518190503715755
    [P_MID] => CAEcatca07
    [P_AUTH_DT] => 20250518190539
    [P_STATUS] => 02
    [P_TYPE] => VBANK
    [P_OID] => 250517-002
    [P_FN_CD1] => 32
    [P_FN_CD2] => 
    [P_FN_NM] => 부산은행
    [P_AMT] => 3000
    [P_UNAME] => 김명진
    [P_RMESG1] => P_VACCT_NO=109924610030|P_EXP_DT=20250528
    [P_RMESG2] => 
    [P_NOTI] => 
    [P_AUTH_NO] => 
)

 Array
(
    [PageCall time] => 19:22:36
    [P_TID] => INIMX_VBNKCAEcatca0720250518192124175216
    [P_MID] => CAEcatca07
    [P_AUTH_DT] => 20250518192236
    [P_STATUS] => 02
    [P_TYPE] => VBANK
    [P_OID] => 250518-005
    [P_FN_CD1] => 11
    [P_FN_CD2] => 
    [P_FN_NM] => NH농협은행
    [P_AMT] => 3000
    [P_UNAME] => 조옥순
    [P_RMESG1] => P_VACCT_NO=79015904942597|P_EXP_DT=20250528
    [P_RMESG2] => 
    [P_NOTI] => 
    [P_AUTH_NO] => 
)

 Array
(
    [PageCall time] => 21:27:00
    [P_TID] => INIMX_VBNKCAEcatca0720250518212331905824
    [P_MID] => CAEcatca07
    [P_AUTH_DT] => 20250518212700
    [P_STATUS] => 02
    [P_TYPE] => VBANK
    [P_OID] => 250518-006
    [P_FN_CD1] => 20
    [P_FN_CD2] => 
    [P_FN_NM] => 우리은행
    [P_AMT] => 3000
    [P_UNAME] => 임민경
    [P_RMESG1] => P_VACCT_NO=27489889418188|P_EXP_DT=20250528
    [P_RMESG2] => 
    [P_NOTI] => 
    [P_AUTH_NO] => 
)

