 Array
(
    [PageCall time] => 10:20:52
    [P_TID] => INIMX_VBNKCAEcatca0720260115101806734878
    [P_MID] => CAEcatca07
    [P_AUTH_DT] => 20260115102052
    [P_STATUS] => 02
    [P_TYPE] => VBANK
    [P_OID] => 260115-001
    [P_FN_CD1] => 20
    [P_FN_CD2] => 
    [P_FN_NM] => 우리은행
    [P_AMT] => 3500
    [P_UNAME] => 김지혜
    [P_RMESG1] => P_VACCT_NO=27204654618820|P_EXP_DT=20260125
    [P_RMESG2] => 
    [P_NOTI] => 
    [P_AUTH_NO] => 
)

 Array
(
    [PageCall time] => 10:26:22
    [P_TID] => INIMX_VBNKCAEcatca0720260115102320904621
    [P_MID] => CAEcatca07
    [P_AUTH_DT] => 20260115102622
    [P_STATUS] => 02
    [P_TYPE] => VBANK
    [P_OID] => 260115-004
    [P_FN_CD1] => 04
    [P_FN_CD2] => 
    [P_FN_NM] => KB국민은행
    [P_AMT] => 3500
    [P_UNAME] => 김우신
    [P_RMESG1] => P_VACCT_NO=99449014009522|P_EXP_DT=20260125
    [P_RMESG2] => 
    [P_NOTI] => 
    [P_AUTH_NO] => 
)

 Array
(
    [PageCall time] => 10:48:46
    [P_TID] => INIMX_VBNKCAEcatca0720260115104502304979
    [P_MID] => CAEcatca07
    [P_AUTH_DT] => 20260115104846
    [P_STATUS] => 02
    [P_TYPE] => VBANK
    [P_OID] => 260114-032
    [P_FN_CD1] => 88
    [P_FN_CD2] => 
    [P_FN_NM] => 신한은행
    [P_AMT] => 3500
    [P_UNAME] => 박효선
    [P_RMESG1] => P_VACCT_NO=56211123575185|P_EXP_DT=20260125
    [P_RMESG2] => 
    [P_NOTI] => 
    [P_AUTH_NO] => 
)

 Array
(
    [PageCall time] => 10:54:15
    [P_TID] => INIMX_VBNKCAEcatca0720260115105104844154
    [P_MID] => CAEcatca07
    [P_AUTH_DT] => 20260115105415
    [P_STATUS] => 02
    [P_TYPE] => VBANK
    [P_OID] => 260115-005
    [P_FN_CD1] => 03
    [P_FN_CD2] => 
    [P_FN_NM] => 기업은행
    [P_AMT] => 3500
    [P_UNAME] => 박주삼
    [P_RMESG1] => P_VACCT_NO=07500549997068|P_EXP_DT=20260125
    [P_RMESG2] => 
    [P_NOTI] => 
    [P_AUTH_NO] => 
)

 Array
(
    [PageCall time] => 12:29:04
    [P_TID] => INIMX_VBNKCAEcatca0720260115122801114879
    [P_MID] => CAEcatca07
    [P_AUTH_DT] => 20260115122904
    [P_STATUS] => 02
    [P_TYPE] => VBANK
    [P_OID] => 260115-007
    [P_FN_CD1] => 11
    [P_FN_CD2] => 
    [P_FN_NM] => NH농협은행
    [P_AMT] => 3500
    [P_UNAME] => 김서정
    [P_RMESG1] => P_VACCT_NO=79006424045932|P_EXP_DT=20260125
    [P_RMESG2] => 
    [P_NOTI] => 
    [P_AUTH_NO] => 
)

 Array
(
    [PageCall time] => 12:41:00
    [P_TID] => INIMX_VBNKCAEcatca0720260115123810984734
    [P_MID] => CAEcatca07
    [P_AUTH_DT] => 20260115124100
    [P_STATUS] => 02
    [P_TYPE] => VBANK
    [P_OID] => 260115-008
    [P_FN_CD1] => 20
    [P_FN_CD2] => 
    [P_FN_NM] => 우리은행
    [P_AMT] => 3500
    [P_UNAME] => 사용경
    [P_RMESG1] => P_VACCT_NO=27204676318643|P_EXP_DT=20260125
    [P_RMESG2] => 
    [P_NOTI] => 
    [P_AUTH_NO] => 
)

 Array
(
    [PageCall time] => 12:51:41
    [P_TID] => INIMX_VBNKCAEcatca0720260109191412495273
    [P_MID] => CAEcatca07
    [P_AUTH_DT] => 20260115125141
    [P_STATUS] => 02
    [P_TYPE] => VBANK
    [P_OID] => 260109-023
    [P_FN_CD1] => 88
    [P_FN_CD2] => 
    [P_FN_NM] => 신한은행
    [P_AMT] => 3500
    [P_UNAME] => 황성호
    [P_RMESG1] => P_VACCT_NO=56211993145493|P_EXP_DT=20260119
    [P_RMESG2] => 
    [P_NOTI] => 
    [P_AUTH_NO] => 
)

 Array
(
    [PageCall time] => 13:32:01
    [P_TID] => INIMX_VBNKCAEcatca0720260115132912384713
    [P_MID] => CAEcatca07
    [P_AUTH_DT] => 20260115133201
    [P_STATUS] => 02
    [P_TYPE] => VBANK
    [P_OID] => 260115-010
    [P_FN_CD1] => 81
    [P_FN_CD2] => 
    [P_FN_NM] => 하나은행
    [P_AMT] => 3500
    [P_UNAME] => 유정민
    [P_RMESG1] => P_VACCT_NO=20894210122537|P_EXP_DT=20260125
    [P_RMESG2] => 
    [P_NOTI] => 
    [P_AUTH_NO] => 
)

 Array
(
    [PageCall time] => 13:40:38
    [P_TID] => INIMX_VBNKCAEcatca0720260115133804474569
    [P_MID] => CAEcatca07
    [P_AUTH_DT] => 20260115134038
    [P_STATUS] => 02
    [P_TYPE] => VBANK
    [P_OID] => 260115-011
    [P_FN_CD1] => 11
    [P_FN_CD2] => 
    [P_FN_NM] => NH농협은행
    [P_AMT] => 3500
    [P_UNAME] => 유훈석
    [P_RMESG1] => P_VACCT_NO=79006424069298|P_EXP_DT=20260125
    [P_RMESG2] => 
    [P_NOTI] => 
    [P_AUTH_NO] => 
)

 Array
(
    [PageCall time] => 14:31:01
    [P_TID] => INIMX_VBNKCAEcatca0720260115141401124596
    [P_MID] => CAEcatca07
    [P_AUTH_DT] => 20260115143101
    [P_STATUS] => 02
    [P_TYPE] => VBANK
    [P_OID] => 260115-013
    [P_FN_CD1] => 20
    [P_FN_CD2] => 
    [P_FN_NM] => 우리은행
    [P_AMT] => 3500
    [P_UNAME] => 임채민
    [P_RMESG1] => P_VACCT_NO=27204690118263|P_EXP_DT=20260125
    [P_RMESG2] => 
    [P_NOTI] => 
    [P_AUTH_NO] => 
)

 Array
(
    [PageCall time] => 15:15:53
    [P_TID] => INIMX_VBNKCAEcatca0720260115151350345889
    [P_MID] => CAEcatca07
    [P_AUTH_DT] => 20260115151553
    [P_STATUS] => 02
    [P_TYPE] => VBANK
    [P_OID] => 260115-018
    [P_FN_CD1] => 71
    [P_FN_CD2] => 
    [P_FN_NM] => 우체국
    [P_AMT] => 3500
    [P_UNAME] => 이경상
    [P_RMESG1] => P_VACCT_NO=01397981494150|P_EXP_DT=20260125
    [P_RMESG2] => 
    [P_NOTI] => 
    [P_AUTH_NO] => 
)

 Array
(
    [PageCall time] => 16:42:09
    [P_TID] => INIMX_VBNKCAEcatca0720260115161433835282
    [P_MID] => CAEcatca07
    [P_AUTH_DT] => 20260115164209
    [P_STATUS] => 02
    [P_TYPE] => VBANK
    [P_OID] => 260115-021
    [P_FN_CD1] => 81
    [P_FN_CD2] => 
    [P_FN_NM] => 하나은행
    [P_AMT] => 3500
    [P_UNAME] => 이진경
    [P_RMESG1] => P_VACCT_NO=20893925563837|P_EXP_DT=20260125
    [P_RMESG2] => 
    [P_NOTI] => 
    [P_AUTH_NO] => 
)

 Array
(
    [PageCall time] => 17:52:34
    [P_TID] => INIMX_VBNKCAEcatca0720260115175137845025
    [P_MID] => CAEcatca07
    [P_AUTH_DT] => 20260115175233
    [P_STATUS] => 02
    [P_TYPE] => VBANK
    [P_OID] => 260115-023
    [P_FN_CD1] => 11
    [P_FN_CD2] => 
    [P_FN_NM] => NH농협은행
    [P_AMT] => 3500
    [P_UNAME] => 박지민
    [P_RMESG1] => P_VACCT_NO=79010591268430|P_EXP_DT=20260125
    [P_RMESG2] => 
    [P_NOTI] => 
    [P_AUTH_NO] => 
)

 Array
(
    [PageCall time] => 22:50:55
    [P_TID] => INIMX_VBNKCAEcatca0720260115224807345682
    [P_MID] => CAEcatca07
    [P_AUTH_DT] => 20260115225055
    [P_STATUS] => 02
    [P_TYPE] => VBANK
    [P_OID] => 260115-026
    [P_FN_CD1] => 88
    [P_FN_CD2] => 
    [P_FN_NM] => 신한은행
    [P_AMT] => 3500
    [P_UNAME] => 김나무
    [P_RMESG1] => P_VACCT_NO=56213170914451|P_EXP_DT=20260125
    [P_RMESG2] => 
    [P_NOTI] => 
    [P_AUTH_NO] => 
)

 Array
(
    [PageCall time] => 23:32:07
    [P_TID] => INIMX_VBNKCAEcatca0720260108145645785407
    [P_MID] => CAEcatca07
    [P_AUTH_DT] => 20260115233207
    [P_STATUS] => 02
    [P_TYPE] => VBANK
    [P_OID] => 260108-031
    [P_FN_CD1] => 31
    [P_FN_CD2] => 
    [P_FN_NM] => 아이엠뱅크(대구은행)
    [P_AMT] => 3500
    [P_UNAME] => 김다빈
    [P_RMESG1] => P_VACCT_NO=9600362617251|P_EXP_DT=20260118
    [P_RMESG2] => 
    [P_NOTI] => 
    [P_AUTH_NO] => 
)

