 Array
(
    [PageCall time] => 07:37:54
    [P_TID] => INIMX_VBNKCAEcatca0720251016073454535207
    [P_MID] => CAEcatca07
    [P_AUTH_DT] => 20251016073754
    [P_STATUS] => 02
    [P_TYPE] => VBANK
    [P_OID] => 251016-002
    [P_FN_CD1] => 04
    [P_FN_CD2] => 
    [P_FN_NM] => KB국민은행
    [P_AMT] => 3000
    [P_UNAME] => 김미라
    [P_RMESG1] => P_VACCT_NO=26119078401929|P_EXP_DT=20251026
    [P_RMESG2] => 
    [P_NOTI] => 
    [P_AUTH_NO] => 
)

 Array
(
    [PageCall time] => 10:34:50
    [P_TID] => INIMX_VBNKCAEcatca0720251016103408535478
    [P_MID] => CAEcatca07
    [P_AUTH_DT] => 20251016103450
    [P_STATUS] => 02
    [P_TYPE] => VBANK
    [P_OID] => 251016-004
    [P_FN_CD1] => 11
    [P_FN_CD2] => 
    [P_FN_NM] => NH농협은행
    [P_AMT] => 3000
    [P_UNAME] => 손동오
    [P_RMESG1] => P_VACCT_NO=79014508488247|P_EXP_DT=20251026
    [P_RMESG2] => 
    [P_NOTI] => 
    [P_AUTH_NO] => 
)

 Array
(
    [PageCall time] => 10:39:04
    [P_TID] => INIMX_VBNKCAEcatca0720251016103614595069
    [P_MID] => CAEcatca07
    [P_AUTH_DT] => 20251016103903
    [P_STATUS] => 02
    [P_TYPE] => VBANK
    [P_OID] => 251016-005
    [P_FN_CD1] => 81
    [P_FN_CD2] => 
    [P_FN_NM] => 하나은행
    [P_AMT] => 3000
    [P_UNAME] => 안승진
    [P_RMESG1] => P_VACCT_NO=20893852993037|P_EXP_DT=20251026
    [P_RMESG2] => 
    [P_NOTI] => 
    [P_AUTH_NO] => 
)

 Array
(
    [PageCall time] => 10:49:11
    [P_TID] => INIMX_VBNKCAEcatca0720251016104643215414
    [P_MID] => CAEcatca07
    [P_AUTH_DT] => 20251016104911
    [P_STATUS] => 02
    [P_TYPE] => VBANK
    [P_OID] => 251016-011
    [P_FN_CD1] => 04
    [P_FN_CD2] => 
    [P_FN_NM] => KB국민은행
    [P_AMT] => 3000
    [P_UNAME] => 양선미
    [P_RMESG1] => P_VACCT_NO=26029078217499|P_EXP_DT=20251026
    [P_RMESG2] => 
    [P_NOTI] => 
    [P_AUTH_NO] => 
)

 Array
(
    [PageCall time] => 10:52:49
    [P_TID] => INIMX_VBNKCAEcatca0720251016104933165701
    [P_MID] => CAEcatca07
    [P_AUTH_DT] => 20251016105249
    [P_STATUS] => 02
    [P_TYPE] => VBANK
    [P_OID] => 251016-006
    [P_FN_CD1] => 03
    [P_FN_CD2] => 
    [P_FN_NM] => 기업은행
    [P_AMT] => 3000
    [P_UNAME] => 강호존
    [P_RMESG1] => P_VACCT_NO=07503171697021|P_EXP_DT=20251026
    [P_RMESG2] => 
    [P_NOTI] => 
    [P_AUTH_NO] => 
)

 Array
(
    [PageCall time] => 11:08:11
    [P_TID] => INIMX_VBNKCAEcatca0720251016110457135691
    [P_MID] => CAEcatca07
    [P_AUTH_DT] => 20251016110811
    [P_STATUS] => 02
    [P_TYPE] => VBANK
    [P_OID] => 251016-007
    [P_FN_CD1] => 04
    [P_FN_CD2] => 
    [P_FN_NM] => KB국민은행
    [P_AMT] => 3000
    [P_UNAME] => 최창원
    [P_RMESG1] => P_VACCT_NO=26029078941866|P_EXP_DT=20251026
    [P_RMESG2] => 
    [P_NOTI] => 
    [P_AUTH_NO] => 
)

 Array
(
    [PageCall time] => 11:15:40
    [P_TID] => INIMX_VBNKCAEcatca0720251016111232135121
    [P_MID] => CAEcatca07
    [P_AUTH_DT] => 20251016111540
    [P_STATUS] => 02
    [P_TYPE] => VBANK
    [P_OID] => 251016-014
    [P_FN_CD1] => 88
    [P_FN_CD2] => 
    [P_FN_NM] => 신한은행
    [P_AMT] => 3000
    [P_UNAME] => 신선혜
    [P_RMESG1] => P_VACCT_NO=56211103884148|P_EXP_DT=20251026
    [P_RMESG2] => 
    [P_NOTI] => 
    [P_AUTH_NO] => 
)

 Array
(
    [PageCall time] => 11:16:52
    [P_TID] => INIMX_VBNKCAEcatca0720251016111337265952
    [P_MID] => CAEcatca07
    [P_AUTH_DT] => 20251016111652
    [P_STATUS] => 02
    [P_TYPE] => VBANK
    [P_OID] => 251016-012
    [P_FN_CD1] => 88
    [P_FN_CD2] => 
    [P_FN_NM] => 신한은행
    [P_AMT] => 3000
    [P_UNAME] => 조용희
    [P_RMESG1] => P_VACCT_NO=56211103884630|P_EXP_DT=20251026
    [P_RMESG2] => 
    [P_NOTI] => 
    [P_AUTH_NO] => 
)

 Array
(
    [PageCall time] => 11:23:13
    [P_TID] => INIMX_VBNKCAEcatca0720251016112012235962
    [P_MID] => CAEcatca07
    [P_AUTH_DT] => 20251016112313
    [P_STATUS] => 02
    [P_TYPE] => VBANK
    [P_OID] => 251016-016
    [P_FN_CD1] => 03
    [P_FN_CD2] => 
    [P_FN_NM] => 기업은행
    [P_AMT] => 3000
    [P_UNAME] => 김아름
    [P_RMESG1] => P_VACCT_NO=07503171997377|P_EXP_DT=20251026
    [P_RMESG2] => 
    [P_NOTI] => 
    [P_AUTH_NO] => 
)

 Array
(
    [PageCall time] => 11:29:31
    [P_TID] => INIMX_VBNKCAEcatca0720251016112829305777
    [P_MID] => CAEcatca07
    [P_AUTH_DT] => 20251016112931
    [P_STATUS] => 02
    [P_TYPE] => VBANK
    [P_OID] => 251016-013
    [P_FN_CD1] => 11
    [P_FN_CD2] => 
    [P_FN_NM] => NH농협은행
    [P_AMT] => 3000
    [P_UNAME] => 이미라
    [P_RMESG1] => P_VACCT_NO=79014508498011|P_EXP_DT=20251026
    [P_RMESG2] => 
    [P_NOTI] => 
    [P_AUTH_NO] => 
)

 Array
(
    [PageCall time] => 11:40:26
    [P_TID] => INIMX_VBNKCAEcatca0720251016113825815122
    [P_MID] => CAEcatca07
    [P_AUTH_DT] => 20251016114026
    [P_STATUS] => 02
    [P_TYPE] => VBANK
    [P_OID] => 251016-017
    [P_FN_CD1] => 11
    [P_FN_CD2] => 
    [P_FN_NM] => NH농협은행
    [P_AMT] => 3000
    [P_UNAME] => 조원광
    [P_RMESG1] => P_VACCT_NO=79014508499944|P_EXP_DT=20251026
    [P_RMESG2] => 
    [P_NOTI] => 
    [P_AUTH_NO] => 
)

 Array
(
    [PageCall time] => 11:54:49
    [P_TID] => INIMX_VBNKCAEcatca0720251016115142735933
    [P_MID] => CAEcatca07
    [P_AUTH_DT] => 20251016115449
    [P_STATUS] => 02
    [P_TYPE] => VBANK
    [P_OID] => 251016-018
    [P_FN_CD1] => 20
    [P_FN_CD2] => 
    [P_FN_NM] => 우리은행
    [P_AMT] => 3000
    [P_UNAME] => 이윤미
    [P_RMESG1] => P_VACCT_NO=27491127518985|P_EXP_DT=20251026
    [P_RMESG2] => 
    [P_NOTI] => 
    [P_AUTH_NO] => 
)

 Array
(
    [PageCall time] => 12:02:47
    [P_TID] => INIMX_VBNKCAEcatca0720251016115953975134
    [P_MID] => CAEcatca07
    [P_AUTH_DT] => 20251016120247
    [P_STATUS] => 02
    [P_TYPE] => VBANK
    [P_OID] => 251016-019
    [P_FN_CD1] => 04
    [P_FN_CD2] => 
    [P_FN_NM] => KB국민은행
    [P_AMT] => 3000
    [P_UNAME] => 김창명
    [P_RMESG1] => P_VACCT_NO=26119078396823|P_EXP_DT=20251026
    [P_RMESG2] => 
    [P_NOTI] => 
    [P_AUTH_NO] => 
)

 Array
(
    [PageCall time] => 12:37:27
    [P_TID] => INIMX_VBNKCAEcatca0720251016122040565127
    [P_MID] => CAEcatca07
    [P_AUTH_DT] => 20251016123727
    [P_STATUS] => 02
    [P_TYPE] => VBANK
    [P_OID] => 251016-020
    [P_FN_CD1] => 04
    [P_FN_CD2] => 
    [P_FN_NM] => KB국민은행
    [P_AMT] => 3000
    [P_UNAME] => 김준희
    [P_RMESG1] => P_VACCT_NO=26119078440700|P_EXP_DT=20251026
    [P_RMESG2] => 
    [P_NOTI] => 
    [P_AUTH_NO] => 
)

 Array
(
    [PageCall time] => 13:17:08
    [P_TID] => INIMX_VBNKCAEcatca0720251016131426645140
    [P_MID] => CAEcatca07
    [P_AUTH_DT] => 20251016131708
    [P_STATUS] => 02
    [P_TYPE] => VBANK
    [P_OID] => 251016-022
    [P_FN_CD1] => 20
    [P_FN_CD2] => 
    [P_FN_NM] => 우리은행
    [P_AMT] => 3000
    [P_UNAME] => 서승휘
    [P_RMESG1] => P_VACCT_NO=27491133118941|P_EXP_DT=20251026
    [P_RMESG2] => 
    [P_NOTI] => 
    [P_AUTH_NO] => 
)

 Array
(
    [PageCall time] => 13:19:36
    [P_TID] => INIMX_VBNKCAEcatca0720251016131634185256
    [P_MID] => CAEcatca07
    [P_AUTH_DT] => 20251016131936
    [P_STATUS] => 02
    [P_TYPE] => VBANK
    [P_OID] => 251016-023
    [P_FN_CD1] => 81
    [P_FN_CD2] => 
    [P_FN_NM] => 하나은행
    [P_AMT] => 3000
    [P_UNAME] => 구자은
    [P_RMESG1] => P_VACCT_NO=20893854628337|P_EXP_DT=20251026
    [P_RMESG2] => 
    [P_NOTI] => 
    [P_AUTH_NO] => 
)

 Array
(
    [PageCall time] => 13:20:47
    [P_TID] => INIMX_VBNKCAEcatca0720251016131602155432
    [P_MID] => CAEcatca07
    [P_AUTH_DT] => 20251016132047
    [P_STATUS] => 02
    [P_TYPE] => VBANK
    [P_OID] => 251016-024
    [P_FN_CD1] => 81
    [P_FN_CD2] => 
    [P_FN_NM] => 하나은행
    [P_AMT] => 3000
    [P_UNAME] => 이귀옥
    [P_RMESG1] => P_VACCT_NO=20893854612837|P_EXP_DT=20251026
    [P_RMESG2] => 
    [P_NOTI] => 
    [P_AUTH_NO] => 
)

 Array
(
    [PageCall time] => 13:27:09
    [P_TID] => INIMX_VBNKCAEcatca0720251016132622445963
    [P_MID] => CAEcatca07
    [P_AUTH_DT] => 20251016132709
    [P_STATUS] => 02
    [P_TYPE] => VBANK
    [P_OID] => 251016-025
    [P_FN_CD1] => 71
    [P_FN_CD2] => 
    [P_FN_NM] => 우체국
    [P_AMT] => 3000
    [P_UNAME] => 김성령
    [P_RMESG1] => P_VACCT_NO=01398781303578|P_EXP_DT=20251026
    [P_RMESG2] => 
    [P_NOTI] => 
    [P_AUTH_NO] => 
)

 Array
(
    [PageCall time] => 13:48:23
    [P_TID] => INIMX_VBNKCAEcatca0720251016134554485924
    [P_MID] => CAEcatca07
    [P_AUTH_DT] => 20251016134823
    [P_STATUS] => 02
    [P_TYPE] => VBANK
    [P_OID] => 251016-029
    [P_FN_CD1] => 20
    [P_FN_CD2] => 
    [P_FN_NM] => 우리은행
    [P_AMT] => 3000
    [P_UNAME] => 김현중
    [P_RMESG1] => P_VACCT_NO=27491136418893|P_EXP_DT=20251026
    [P_RMESG2] => 
    [P_NOTI] => 
    [P_AUTH_NO] => 
)

 Array
(
    [PageCall time] => 13:54:06
    [P_TID] => INIMX_VBNKCAEcatca0720251016134912325714
    [P_MID] => CAEcatca07
    [P_AUTH_DT] => 20251016135406
    [P_STATUS] => 02
    [P_TYPE] => VBANK
    [P_OID] => 251016-026
    [P_FN_CD1] => 03
    [P_FN_CD2] => 
    [P_FN_NM] => 기업은행
    [P_AMT] => 3000
    [P_UNAME] => 조용구
    [P_RMESG1] => P_VACCT_NO=07503173397609|P_EXP_DT=20251026
    [P_RMESG2] => 
    [P_NOTI] => 
    [P_AUTH_NO] => 
)

 Array
(
    [PageCall time] => 14:02:28
    [P_TID] => INIMX_VBNKCAEcatca0720251016135926375067
    [P_MID] => CAEcatca07
    [P_AUTH_DT] => 20251016140228
    [P_STATUS] => 02
    [P_TYPE] => VBANK
    [P_OID] => 251016-030
    [P_FN_CD1] => 11
    [P_FN_CD2] => 
    [P_FN_NM] => NH농협은행
    [P_AMT] => 3000
    [P_UNAME] => 김성욱
    [P_RMESG1] => P_VACCT_NO=79014508518021|P_EXP_DT=20251026
    [P_RMESG2] => 
    [P_NOTI] => 
    [P_AUTH_NO] => 
)

 Array
(
    [PageCall time] => 14:09:06
    [P_TID] => INIMX_VBNKCAEcatca0720251016140631505780
    [P_MID] => CAEcatca07
    [P_AUTH_DT] => 20251016140906
    [P_STATUS] => 02
    [P_TYPE] => VBANK
    [P_OID] => 251016-031
    [P_FN_CD1] => 88
    [P_FN_CD2] => 
    [P_FN_NM] => 신한은행
    [P_AMT] => 3000
    [P_UNAME] => 이소현
    [P_RMESG1] => P_VACCT_NO=56211103901719|P_EXP_DT=20251026
    [P_RMESG2] => 
    [P_NOTI] => 
    [P_AUTH_NO] => 
)

 Array
(
    [PageCall time] => 14:20:41
    [P_TID] => INIMX_VBNKCAEcatca0720251016141816765958
    [P_MID] => CAEcatca07
    [P_AUTH_DT] => 20251016142041
    [P_STATUS] => 02
    [P_TYPE] => VBANK
    [P_OID] => 251016-035
    [P_FN_CD1] => 11
    [P_FN_CD2] => 
    [P_FN_NM] => NH농협은행
    [P_AMT] => 3000
    [P_UNAME] => 김미아
    [P_RMESG1] => P_VACCT_NO=79014508521585|P_EXP_DT=20251026
    [P_RMESG2] => 
    [P_NOTI] => 
    [P_AUTH_NO] => 
)

 Array
(
    [PageCall time] => 15:40:50
    [P_TID] => INIMX_VBNKCAEcatca0720251016153815435240
    [P_MID] => CAEcatca07
    [P_AUTH_DT] => 20251016154050
    [P_STATUS] => 02
    [P_TYPE] => VBANK
    [P_OID] => 251016-027
    [P_FN_CD1] => 03
    [P_FN_CD2] => 
    [P_FN_NM] => 기업은행
    [P_AMT] => 3000
    [P_UNAME] => 차하나
    [P_RMESG1] => P_VACCT_NO=07503174797442|P_EXP_DT=20251026
    [P_RMESG2] => 
    [P_NOTI] => 
    [P_AUTH_NO] => 
)

 Array
(
    [PageCall time] => 15:40:59
    [P_TID] => INIMX_VBNKCAEcatca0720251016153751995077
    [P_MID] => CAEcatca07
    [P_AUTH_DT] => 20251016154059
    [P_STATUS] => 02
    [P_TYPE] => VBANK
    [P_OID] => 251016-039
    [P_FN_CD1] => 89
    [P_FN_CD2] => 
    [P_FN_NM] => 케이뱅크
    [P_AMT] => 3000
    [P_UNAME] => 정인채
    [P_RMESG1] => P_VACCT_NO=70112003606762|P_EXP_DT=20251026
    [P_RMESG2] => 
    [P_NOTI] => 
    [P_AUTH_NO] => 
)

 Array
(
    [PageCall time] => 16:52:57
    [P_TID] => INIMX_VBNKCAEcatca0720251016165009235151
    [P_MID] => CAEcatca07
    [P_AUTH_DT] => 20251016165257
    [P_STATUS] => 02
    [P_TYPE] => VBANK
    [P_OID] => 251016-042
    [P_FN_CD1] => 20
    [P_FN_CD2] => 
    [P_FN_NM] => 우리은행
    [P_AMT] => 3000
    [P_UNAME] => 이승희
    [P_RMESG1] => P_VACCT_NO=27491153418228|P_EXP_DT=20251026
    [P_RMESG2] => 
    [P_NOTI] => 
    [P_AUTH_NO] => 
)

 Array
(
    [PageCall time] => 17:03:20
    [P_TID] => INIMX_VBNKCAEcatca0720251016170027665087
    [P_MID] => CAEcatca07
    [P_AUTH_DT] => 20251016170320
    [P_STATUS] => 02
    [P_TYPE] => VBANK
    [P_OID] => 251016-043
    [P_FN_CD1] => 03
    [P_FN_CD2] => 
    [P_FN_NM] => 기업은행
    [P_AMT] => 3000
    [P_UNAME] => 황선우
    [P_RMESG1] => P_VACCT_NO=07503175697150|P_EXP_DT=20251026
    [P_RMESG2] => 
    [P_NOTI] => 
    [P_AUTH_NO] => 
)

 Array
(
    [PageCall time] => 17:12:25
    [P_TID] => INIMX_VBNKCAEcatca0720251016170521835484
    [P_MID] => CAEcatca07
    [P_AUTH_DT] => 20251016171225
    [P_STATUS] => 02
    [P_TYPE] => VBANK
    [P_OID] => 251016-045
    [P_FN_CD1] => 81
    [P_FN_CD2] => 
    [P_FN_NM] => 하나은행
    [P_AMT] => 3000
    [P_UNAME] => 양희임
    [P_RMESG1] => P_VACCT_NO=20893856889737|P_EXP_DT=20251026
    [P_RMESG2] => 
    [P_NOTI] => 
    [P_AUTH_NO] => 
)

 Array
(
    [PageCall time] => 17:17:00
    [P_TID] => INIMX_VBNKCAEcatca0720251016171129845010
    [P_MID] => CAEcatca07
    [P_AUTH_DT] => 20251016171700
    [P_STATUS] => 02
    [P_TYPE] => VBANK
    [P_OID] => 251016-044
    [P_FN_CD1] => 11
    [P_FN_CD2] => 
    [P_FN_NM] => NH농협은행
    [P_AMT] => 3000
    [P_UNAME] => 정병준
    [P_RMESG1] => P_VACCT_NO=79014508549704|P_EXP_DT=20251026
    [P_RMESG2] => 
    [P_NOTI] => 
    [P_AUTH_NO] => 
)

 Array
(
    [PageCall time] => 17:27:44
    [P_TID] => INIMX_VBNKCAEcatca0720251016172639655075
    [P_MID] => CAEcatca07
    [P_AUTH_DT] => 20251016172744
    [P_STATUS] => 02
    [P_TYPE] => VBANK
    [P_OID] => 251016-046
    [P_FN_CD1] => 11
    [P_FN_CD2] => 
    [P_FN_NM] => NH농협은행
    [P_AMT] => 3000
    [P_UNAME] => 김복희
    [P_RMESG1] => P_VACCT_NO=79014508551231|P_EXP_DT=20251026
    [P_RMESG2] => 
    [P_NOTI] => 
    [P_AUTH_NO] => 
)

 Array
(
    [PageCall time] => 17:49:06
    [P_TID] => INIMX_VBNKCAEcatca0720251016174628305724
    [P_MID] => CAEcatca07
    [P_AUTH_DT] => 20251016174906
    [P_STATUS] => 02
    [P_TYPE] => VBANK
    [P_OID] => 251016-047
    [P_FN_CD1] => 04
    [P_FN_CD2] => 
    [P_FN_NM] => KB국민은행
    [P_AMT] => 3000
    [P_UNAME] => 정진화
    [P_RMESG1] => P_VACCT_NO=96439078529337|P_EXP_DT=20251026
    [P_RMESG2] => 
    [P_NOTI] => 
    [P_AUTH_NO] => 
)

 Array
(
    [PageCall time] => 20:13:43
    [P_TID] => INIMX_VBNKCAEcatca0720251016201049215120
    [P_MID] => CAEcatca07
    [P_AUTH_DT] => 20251016201343
    [P_STATUS] => 02
    [P_TYPE] => VBANK
    [P_OID] => 251016-048
    [P_FN_CD1] => 20
    [P_FN_CD2] => 
    [P_FN_NM] => 우리은행
    [P_AMT] => 3000
    [P_UNAME] => 조미숙
    [P_RMESG1] => P_VACCT_NO=27491163118577|P_EXP_DT=20251026
    [P_RMESG2] => 
    [P_NOTI] => 
    [P_AUTH_NO] => 
)

 Array
(
    [PageCall time] => 20:22:13
    [P_TID] => INIMX_VBNKCAEcatca0720251016202104695038
    [P_MID] => CAEcatca07
    [P_AUTH_DT] => 20251016202212
    [P_STATUS] => 02
    [P_TYPE] => VBANK
    [P_OID] => 251016-049
    [P_FN_CD1] => 11
    [P_FN_CD2] => 
    [P_FN_NM] => NH농협은행
    [P_AMT] => 3000
    [P_UNAME] => 송주혜
    [P_RMESG1] => P_VACCT_NO=79014508567706|P_EXP_DT=20251026
    [P_RMESG2] => 
    [P_NOTI] => 
    [P_AUTH_NO] => 
)

