 Array
(
    [PageCall time] => 09:44:04
    [P_TID] => INIMX_VBNKCAEcatca0720250815094006535327
    [P_MID] => CAEcatca07
    [P_AUTH_DT] => 20250815094403
    [P_STATUS] => 02
    [P_TYPE] => VBANK
    [P_OID] => 250815-003
    [P_FN_CD1] => 20
    [P_FN_CD2] => 
    [P_FN_NM] => 우리은행
    [P_AMT] => 3000
    [P_UNAME] => 박영석
    [P_RMESG1] => P_VACCT_NO=27389238718241|P_EXP_DT=20250825
    [P_RMESG2] => 
    [P_NOTI] => 
    [P_AUTH_NO] => 
)

 Array
(
    [PageCall time] => 09:57:20
    [P_TID] => INIMX_VBNKCAEcatca0720250815095434235364
    [P_MID] => CAEcatca07
    [P_AUTH_DT] => 20250815095720
    [P_STATUS] => 02
    [P_TYPE] => VBANK
    [P_OID] => 250815-004
    [P_FN_CD1] => 20
    [P_FN_CD2] => 
    [P_FN_NM] => 우리은행
    [P_AMT] => 3000
    [P_UNAME] => 심진아
    [P_RMESG1] => P_VACCT_NO=27389238718605|P_EXP_DT=20250825
    [P_RMESG2] => 
    [P_NOTI] => 
    [P_AUTH_NO] => 
)

 Array
(
    [PageCall time] => 11:03:49
    [P_TID] => INIMX_VBNKCAEcatca0720250815110256425033
    [P_MID] => CAEcatca07
    [P_AUTH_DT] => 20250815110349
    [P_STATUS] => 02
    [P_TYPE] => VBANK
    [P_OID] => 250815-005
    [P_FN_CD1] => 11
    [P_FN_CD2] => 
    [P_FN_NM] => NH농협은행
    [P_AMT] => 3000
    [P_UNAME] => 장성진
    [P_RMESG1] => P_VACCT_NO=79014291035863|P_EXP_DT=20250825
    [P_RMESG2] => 
    [P_NOTI] => 
    [P_AUTH_NO] => 
)

 Array
(
    [PageCall time] => 13:41:27
    [P_TID] => INIMX_VBNKCAEcatca0720250815133807945276
    [P_MID] => CAEcatca07
    [P_AUTH_DT] => 20250815134127
    [P_STATUS] => 02
    [P_TYPE] => VBANK
    [P_OID] => 250815-006
    [P_FN_CD1] => 88
    [P_FN_CD2] => 
    [P_FN_NM] => 신한은행
    [P_AMT] => 3000
    [P_UNAME] => 김지영
    [P_RMESG1] => P_VACCT_NO=56211991554162|P_EXP_DT=20250825
    [P_RMESG2] => 
    [P_NOTI] => 
    [P_AUTH_NO] => 
)

 Array
(
    [PageCall time] => 14:15:15
    [P_TID] => INIMX_VBNKCAEcatca0720250815141251925668
    [P_MID] => CAEcatca07
    [P_AUTH_DT] => 20250815141515
    [P_STATUS] => 02
    [P_TYPE] => VBANK
    [P_OID] => 250815-007
    [P_FN_CD1] => 89
    [P_FN_CD2] => 
    [P_FN_NM] => 케이뱅크
    [P_AMT] => 3000
    [P_UNAME] => 박다빈
    [P_RMESG1] => P_VACCT_NO=70112004193580|P_EXP_DT=20250825
    [P_RMESG2] => 
    [P_NOTI] => 
    [P_AUTH_NO] => 
)

 Array
(
    [PageCall time] => 15:10:32
    [P_TID] => INIMX_VBNKCAEcatca0720250815150927845475
    [P_MID] => CAEcatca07
    [P_AUTH_DT] => 20250815151032
    [P_STATUS] => 02
    [P_TYPE] => VBANK
    [P_OID] => 250815-008
    [P_FN_CD1] => 04
    [P_FN_CD2] => 
    [P_FN_NM] => KB국민은행
    [P_AMT] => 3000
    [P_UNAME] => 김철
    [P_RMESG1] => P_VACCT_NO=42089011821031|P_EXP_DT=20250825
    [P_RMESG2] => 
    [P_NOTI] => 
    [P_AUTH_NO] => 
)

 Array
(
    [PageCall time] => 19:04:05
    [P_TID] => INIMX_VBNKCAEcatca0720250815104227935608
    [P_MID] => CAEcatca07
    [P_AUTH_DT] => 20250815190405
    [P_STATUS] => 02
    [P_TYPE] => VBANK
    [P_OID] => 250815-001
    [P_FN_CD1] => 81
    [P_FN_CD2] => 
    [P_FN_NM] => 하나은행
    [P_AMT] => 3000
    [P_UNAME] => 이행자
    [P_RMESG1] => P_VACCT_NO=20893985281237|P_EXP_DT=20250825
    [P_RMESG2] => 
    [P_NOTI] => 
    [P_AUTH_NO] => 
)

