 Array
(
    [PageCall time] => 09:55:53
    [P_TID] => INIMX_VBNKCAEcatca0720250517095520655412
    [P_MID] => CAEcatca07
    [P_AUTH_DT] => 20250517095553
    [P_STATUS] => 02
    [P_TYPE] => VBANK
    [P_OID] => 250517-003
    [P_FN_CD1] => 04
    [P_FN_CD2] => 
    [P_FN_NM] => KB국민은행
    [P_AMT] => 3000
    [P_UNAME] => 김혜린
    [P_RMESG1] => P_VACCT_NO=26029078768256|P_EXP_DT=20250527
    [P_RMESG2] => 
    [P_NOTI] => 
    [P_AUTH_NO] => 
)

 Array
(
    [PageCall time] => 10:16:47
    [P_TID] => INIMX_VBNKCAEcatca0720250517101359625992
    [P_MID] => CAEcatca07
    [P_AUTH_DT] => 20250517101647
    [P_STATUS] => 02
    [P_TYPE] => VBANK
    [P_OID] => 250517-004
    [P_FN_CD1] => 89
    [P_FN_CD2] => 
    [P_FN_NM] => 케이뱅크
    [P_AMT] => 3000
    [P_UNAME] => 박정환
    [P_RMESG1] => P_VACCT_NO=70112003544010|P_EXP_DT=20250527
    [P_RMESG2] => 
    [P_NOTI] => 
    [P_AUTH_NO] => 
)

 Array
(
    [PageCall time] => 10:27:32
    [P_TID] => INIMX_VBNKCAEcatca0720250517102429955325
    [P_MID] => CAEcatca07
    [P_AUTH_DT] => 20250517102732
    [P_STATUS] => 02
    [P_TYPE] => VBANK
    [P_OID] => 250516-021
    [P_FN_CD1] => 31
    [P_FN_CD2] => 
    [P_FN_NM] => 아이엠뱅크(대구은행)
    [P_AMT] => 3000
    [P_UNAME] => 최승희
    [P_RMESG1] => P_VACCT_NO=9600362922988|P_EXP_DT=20250527
    [P_RMESG2] => 
    [P_NOTI] => 
    [P_AUTH_NO] => 
)

 Array
(
    [PageCall time] => 10:35:04
    [P_TID] => INIMX_VBNKCAEcatca0720250517103235485158
    [P_MID] => CAEcatca07
    [P_AUTH_DT] => 20250517103504
    [P_STATUS] => 02
    [P_TYPE] => VBANK
    [P_OID] => 250517-005
    [P_FN_CD1] => 20
    [P_FN_CD2] => 
    [P_FN_NM] => 우리은행
    [P_AMT] => 3000
    [P_UNAME] => 김재진
    [P_RMESG1] => P_VACCT_NO=27489828618436|P_EXP_DT=20250527
    [P_RMESG2] => 
    [P_NOTI] => 
    [P_AUTH_NO] => 
)

 Array
(
    [PageCall time] => 13:05:29
    [P_TID] => INIMX_VBNKCAEcatca0720250517130018915739
    [P_MID] => CAEcatca07
    [P_AUTH_DT] => 20250517130529
    [P_STATUS] => 02
    [P_TYPE] => VBANK
    [P_OID] => 250515-012
    [P_FN_CD1] => 88
    [P_FN_CD2] => 
    [P_FN_NM] => 신한은행
    [P_AMT] => 3000
    [P_UNAME] => 고은영
    [P_RMESG1] => P_VACCT_NO=56211103534860|P_EXP_DT=20250527
    [P_RMESG2] => 
    [P_NOTI] => 
    [P_AUTH_NO] => 
)

 Array
(
    [PageCall time] => 15:04:17
    [P_TID] => INIMX_VBNKCAEcatca0720250517150309215138
    [P_MID] => CAEcatca07
    [P_AUTH_DT] => 20250517150417
    [P_STATUS] => 02
    [P_TYPE] => VBANK
    [P_OID] => 250517-006
    [P_FN_CD1] => 04
    [P_FN_CD2] => 
    [P_FN_NM] => KB국민은행
    [P_AMT] => 3000
    [P_UNAME] => 박재성
    [P_RMESG1] => P_VACCT_NO=60519014694152|P_EXP_DT=20250527
    [P_RMESG2] => 
    [P_NOTI] => 
    [P_AUTH_NO] => 
)

 Array
(
    [PageCall time] => 22:19:03
    [P_TID] => INIMX_VBNKCAEcatca0720250517221418185941
    [P_MID] => CAEcatca07
    [P_AUTH_DT] => 20250517221903
    [P_STATUS] => 02
    [P_TYPE] => VBANK
    [P_OID] => 250517-008
    [P_FN_CD1] => 04
    [P_FN_CD2] => 
    [P_FN_NM] => KB국민은행
    [P_AMT] => 3000
    [P_UNAME] => 박문환
    [P_RMESG1] => P_VACCT_NO=60519014730478|P_EXP_DT=20250527
    [P_RMESG2] => 
    [P_NOTI] => 
    [P_AUTH_NO] => 
)

 Array
(
    [PageCall time] => 23:02:16
    [P_TID] => INIMX_VBNKCAEcatca0720250517225553275688
    [P_MID] => CAEcatca07
    [P_AUTH_DT] => 20250517230216
    [P_STATUS] => 02
    [P_TYPE] => VBANK
    [P_OID] => 250517-009
    [P_FN_CD1] => 03
    [P_FN_CD2] => 
    [P_FN_NM] => 기업은행
    [P_AMT] => 3000
    [P_UNAME] => 박지숙
    [P_RMESG1] => P_VACCT_NO=07502354197015|P_EXP_DT=20250527
    [P_RMESG2] => 
    [P_NOTI] => 
    [P_AUTH_NO] => 
)

