 Array
(
    [PageCall time] => 08:08:03
    [P_TID] => INIMX_VBNKCAEcatca0720260315080533965055
    [P_MID] => CAEcatca07
    [P_AUTH_DT] => 20260315080803
    [P_STATUS] => 02
    [P_TYPE] => VBANK
    [P_OID] => 260315-001
    [P_FN_CD1] => 89
    [P_FN_CD2] => 
    [P_FN_NM] => 케이뱅크
    [P_AMT] => 3500
    [P_UNAME] => 허근훈
    [P_RMESG1] => P_VACCT_NO=70112003761536|P_EXP_DT=20260325
    [P_RMESG2] => 
    [P_NOTI] => 
    [P_AUTH_NO] => 
)

 Array
(
    [PageCall time] => 10:01:00
    [P_TID] => INIMX_VBNKCAEcatca0720260315095732725898
    [P_MID] => CAEcatca07
    [P_AUTH_DT] => 20260315100100
    [P_STATUS] => 02
    [P_TYPE] => VBANK
    [P_OID] => 260315-002
    [P_FN_CD1] => 04
    [P_FN_CD2] => 
    [P_FN_NM] => KB국민은행
    [P_AMT] => 3500
    [P_UNAME] => 홍소연
    [P_RMESG1] => P_VACCT_NO=26159078045163|P_EXP_DT=20260325
    [P_RMESG2] => 
    [P_NOTI] => 
    [P_AUTH_NO] => 
)

 Array
(
    [PageCall time] => 10:35:40
    [P_TID] => INIMX_VBNKCAEcatca0720260315102044535814
    [P_MID] => CAEcatca07
    [P_AUTH_DT] => 20260315103540
    [P_STATUS] => 02
    [P_TYPE] => VBANK
    [P_OID] => 260315-003
    [P_FN_CD1] => 88
    [P_FN_CD2] => 
    [P_FN_NM] => 신한은행
    [P_AMT] => 3500
    [P_UNAME] => 이기송
    [P_RMESG1] => P_VACCT_NO=56211105352230|P_EXP_DT=20260325
    [P_RMESG2] => 
    [P_NOTI] => 
    [P_AUTH_NO] => 
)

 Array
(
    [PageCall time] => 12:06:03
    [P_TID] => INIMX_VBNKCAEcatca0720260315120250555950
    [P_MID] => CAEcatca07
    [P_AUTH_DT] => 20260315120603
    [P_STATUS] => 02
    [P_TYPE] => VBANK
    [P_OID] => 260315-006
    [P_FN_CD1] => 04
    [P_FN_CD2] => 
    [P_FN_NM] => KB국민은행
    [P_AMT] => 3500
    [P_UNAME] => 하은혜
    [P_RMESG1] => P_VACCT_NO=29419079379722|P_EXP_DT=20260325
    [P_RMESG2] => 
    [P_NOTI] => 
    [P_AUTH_NO] => 
)

 Array
(
    [PageCall time] => 13:01:43
    [P_TID] => INIMX_VBNKCAEcatca0720260315125105615328
    [P_MID] => CAEcatca07
    [P_AUTH_DT] => 20260315130143
    [P_STATUS] => 02
    [P_TYPE] => VBANK
    [P_OID] => 260315-007
    [P_FN_CD1] => 89
    [P_FN_CD2] => 
    [P_FN_NM] => 케이뱅크
    [P_AMT] => 3500
    [P_UNAME] => 안은아
    [P_RMESG1] => P_VACCT_NO=70112003762838|P_EXP_DT=20260325
    [P_RMESG2] => 
    [P_NOTI] => 
    [P_AUTH_NO] => 
)

 Array
(
    [PageCall time] => 16:32:40
    [P_TID] => INIMX_VBNKCAEcatca0720260315162851825108
    [P_MID] => CAEcatca07
    [P_AUTH_DT] => 20260315163240
    [P_STATUS] => 02
    [P_TYPE] => VBANK
    [P_OID] => 260315-008
    [P_FN_CD1] => 88
    [P_FN_CD2] => 
    [P_FN_NM] => 신한은행
    [P_AMT] => 3500
    [P_UNAME] => 한상두
    [P_RMESG1] => P_VACCT_NO=56211105367670|P_EXP_DT=20260325
    [P_RMESG2] => 
    [P_NOTI] => 
    [P_AUTH_NO] => 
)

 Array
(
    [PageCall time] => 18:06:06
    [P_TID] => INIMX_VBNKCAEcatca0720260315180458635488
    [P_MID] => CAEcatca07
    [P_AUTH_DT] => 20260315180606
    [P_STATUS] => 02
    [P_TYPE] => VBANK
    [P_OID] => 260315-009
    [P_FN_CD1] => 11
    [P_FN_CD2] => 
    [P_FN_NM] => NH농협은행
    [P_AMT] => 3500
    [P_UNAME] => 이현영
    [P_RMESG1] => P_VACCT_NO=79014407999214|P_EXP_DT=20260325
    [P_RMESG2] => 
    [P_NOTI] => 
    [P_AUTH_NO] => 
)

 Array
(
    [PageCall time] => 18:48:40
    [P_TID] => INIMX_VBNKCAEcatca0720260315184506565257
    [P_MID] => CAEcatca07
    [P_AUTH_DT] => 20260315184840
    [P_STATUS] => 02
    [P_TYPE] => VBANK
    [P_OID] => 260315-010
    [P_FN_CD1] => 04
    [P_FN_CD2] => 
    [P_FN_NM] => KB국민은행
    [P_AMT] => 3500
    [P_UNAME] => 박상민
    [P_RMESG1] => P_VACCT_NO=26119078497171|P_EXP_DT=20260325
    [P_RMESG2] => 
    [P_NOTI] => 
    [P_AUTH_NO] => 
)

 Array
(
    [PageCall time] => 19:05:24
    [P_TID] => INIMX_VBNKCAEcatca0720260315190425405079
    [P_MID] => CAEcatca07
    [P_AUTH_DT] => 20260315190524
    [P_STATUS] => 02
    [P_TYPE] => VBANK
    [P_OID] => 260315-011
    [P_FN_CD1] => 11
    [P_FN_CD2] => 
    [P_FN_NM] => NH농협은행
    [P_AMT] => 3500
    [P_UNAME] => 정원
    [P_RMESG1] => P_VACCT_NO=79014408004145|P_EXP_DT=20260325
    [P_RMESG2] => 
    [P_NOTI] => 
    [P_AUTH_NO] => 
)

 Array
(
    [PageCall time] => 19:31:23
    [P_TID] => INIMX_VBNKCAEcatca0720260315192841145175
    [P_MID] => CAEcatca07
    [P_AUTH_DT] => 20260315193123
    [P_STATUS] => 02
    [P_TYPE] => VBANK
    [P_OID] => 260315-012
    [P_FN_CD1] => 20
    [P_FN_CD2] => 
    [P_FN_NM] => 우리은행
    [P_AMT] => 3500
    [P_UNAME] => 신봉수
    [P_RMESG1] => P_VACCT_NO=27762952218933|P_EXP_DT=20260325
    [P_RMESG2] => 
    [P_NOTI] => 
    [P_AUTH_NO] => 
)

 Array
(
    [PageCall time] => 20:05:50
    [P_TID] => INIMX_VBNKCAEcatca0720260315200318755364
    [P_MID] => CAEcatca07
    [P_AUTH_DT] => 20260315200550
    [P_STATUS] => 02
    [P_TYPE] => VBANK
    [P_OID] => 260315-013
    [P_FN_CD1] => 04
    [P_FN_CD2] => 
    [P_FN_NM] => KB국민은행
    [P_AMT] => 3500
    [P_UNAME] => MC KINNEY NAKETA RAE
    [P_RMESG1] => P_VACCT_NO=26119078582932|P_EXP_DT=20260325
    [P_RMESG2] => 
    [P_NOTI] => 
    [P_AUTH_NO] => 
)

 Array
(
    [PageCall time] => 21:47:53
    [P_TID] => INIMX_VBNKCAEcatca0720260315214436755463
    [P_MID] => CAEcatca07
    [P_AUTH_DT] => 20260315214753
    [P_STATUS] => 02
    [P_TYPE] => VBANK
    [P_OID] => 260315-014
    [P_FN_CD1] => 04
    [P_FN_CD2] => 
    [P_FN_NM] => KB국민은행
    [P_AMT] => 3500
    [P_UNAME] => 배진영
    [P_RMESG1] => P_VACCT_NO=80399078893553|P_EXP_DT=20260325
    [P_RMESG2] => 
    [P_NOTI] => 
    [P_AUTH_NO] => 
)

 Array
(
    [PageCall time] => 21:58:54
    [P_TID] => INIMX_VBNKCAEcatca0720260315215546515929
    [P_MID] => CAEcatca07
    [P_AUTH_DT] => 20260315215853
    [P_STATUS] => 02
    [P_TYPE] => VBANK
    [P_OID] => 260315-015
    [P_FN_CD1] => 03
    [P_FN_CD2] => 
    [P_FN_NM] => 기업은행
    [P_AMT] => 3500
    [P_UNAME] => 양우진
    [P_RMESG1] => P_VACCT_NO=07500340897453|P_EXP_DT=20260325
    [P_RMESG2] => 
    [P_NOTI] => 
    [P_AUTH_NO] => 
)

 Array
(
    [PageCall time] => 22:18:49
    [P_TID] => INIMX_VBNKCAEcatca0720260315221441485061
    [P_MID] => CAEcatca07
    [P_AUTH_DT] => 20260315221849
    [P_STATUS] => 02
    [P_TYPE] => VBANK
    [P_OID] => 260315-017
    [P_FN_CD1] => 04
    [P_FN_CD2] => 
    [P_FN_NM] => KB국민은행
    [P_AMT] => 3500
    [P_UNAME] => 김민지
    [P_RMESG1] => P_VACCT_NO=80399078897465|P_EXP_DT=20260325
    [P_RMESG2] => 
    [P_NOTI] => 
    [P_AUTH_NO] => 
)

