 Array
(
    [PageCall time] => 00:38:41
    [P_TID] => INIMX_VBNKCAEcatca0720251125003729115965
    [P_MID] => CAEcatca07
    [P_AUTH_DT] => 20251125003841
    [P_STATUS] => 02
    [P_TYPE] => VBANK
    [P_OID] => 251125-001
    [P_FN_CD1] => 11
    [P_FN_CD2] => 
    [P_FN_NM] => NH농협은행
    [P_AMT] => 3000
    [P_UNAME] => 원종운
    [P_RMESG1] => P_VACCT_NO=79015903488295|P_EXP_DT=20251205
    [P_RMESG2] => 
    [P_NOTI] => 
    [P_AUTH_NO] => 
)

 Array
(
    [PageCall time] => 08:10:30
    [P_TID] => INIMX_VBNKCAEcatca0720251125080804235298
    [P_MID] => CAEcatca07
    [P_AUTH_DT] => 20251125081030
    [P_STATUS] => 02
    [P_TYPE] => VBANK
    [P_OID] => 251125-002
    [P_FN_CD1] => 89
    [P_FN_CD2] => 
    [P_FN_NM] => 케이뱅크
    [P_AMT] => 3000
    [P_UNAME] => 김소희
    [P_RMESG1] => P_VACCT_NO=70112003920043|P_EXP_DT=20251205
    [P_RMESG2] => 
    [P_NOTI] => 
    [P_AUTH_NO] => 
)

 Array
(
    [PageCall time] => 08:32:46
    [P_TID] => INIMX_VBNKCAEcatca0720251125083137615495
    [P_MID] => CAEcatca07
    [P_AUTH_DT] => 20251125083246
    [P_STATUS] => 02
    [P_TYPE] => VBANK
    [P_OID] => 251124-039
    [P_FN_CD1] => 11
    [P_FN_CD2] => 
    [P_FN_NM] => NH농협은행
    [P_AMT] => 3000
    [P_UNAME] => 윤효영
    [P_RMESG1] => P_VACCT_NO=79015903503648|P_EXP_DT=20251205
    [P_RMESG2] => 
    [P_NOTI] => 
    [P_AUTH_NO] => 
)

 Array
(
    [PageCall time] => 09:15:37
    [P_TID] => INIMX_VBNKCAEcatca0720251125091222675376
    [P_MID] => CAEcatca07
    [P_AUTH_DT] => 20251125091537
    [P_STATUS] => 02
    [P_TYPE] => VBANK
    [P_OID] => 251125-003
    [P_FN_CD1] => 89
    [P_FN_CD2] => 
    [P_FN_NM] => 케이뱅크
    [P_AMT] => 3000
    [P_UNAME] => 박성은
    [P_RMESG1] => P_VACCT_NO=70112003920274|P_EXP_DT=20251205
    [P_RMESG2] => 
    [P_NOTI] => 
    [P_AUTH_NO] => 
)

 Array
(
    [PageCall time] => 11:06:50
    [P_TID] => INIMX_VBNKCAEcatca0720251125110354815156
    [P_MID] => CAEcatca07
    [P_AUTH_DT] => 20251125110650
    [P_STATUS] => 02
    [P_TYPE] => VBANK
    [P_OID] => 251125-008
    [P_FN_CD1] => 04
    [P_FN_CD2] => 
    [P_FN_NM] => KB국민은행
    [P_AMT] => 3000
    [P_UNAME] => 한영민
    [P_RMESG1] => P_VACCT_NO=42089011320167|P_EXP_DT=20251205
    [P_RMESG2] => 
    [P_NOTI] => 
    [P_AUTH_NO] => 
)

 Array
(
    [PageCall time] => 11:15:23
    [P_TID] => INIMX_VBNKCAEcatca0720251125111156195382
    [P_MID] => CAEcatca07
    [P_AUTH_DT] => 20251125111522
    [P_STATUS] => 02
    [P_TYPE] => VBANK
    [P_OID] => 251125-009
    [P_FN_CD1] => 04
    [P_FN_CD2] => 
    [P_FN_NM] => KB국민은행
    [P_AMT] => 3000
    [P_UNAME] => 오세찬
    [P_RMESG1] => P_VACCT_NO=42379011058490|P_EXP_DT=20251205
    [P_RMESG2] => 
    [P_NOTI] => 
    [P_AUTH_NO] => 
)

 Array
(
    [PageCall time] => 11:50:48
    [P_TID] => INIMX_VBNKCAEcatca0720251125114826295429
    [P_MID] => CAEcatca07
    [P_AUTH_DT] => 20251125115048
    [P_STATUS] => 02
    [P_TYPE] => VBANK
    [P_OID] => 251124-029
    [P_FN_CD1] => 03
    [P_FN_CD2] => 
    [P_FN_NM] => 기업은행
    [P_AMT] => 3000
    [P_UNAME] => 이꽃슬
    [P_RMESG1] => P_VACCT_NO=07502342897768|P_EXP_DT=20251205
    [P_RMESG2] => 
    [P_NOTI] => 
    [P_AUTH_NO] => 
)

 Array
(
    [PageCall time] => 12:44:23
    [P_TID] => INIMX_VBNKCAEcatca0720251125124128515024
    [P_MID] => CAEcatca07
    [P_AUTH_DT] => 20251125124423
    [P_STATUS] => 02
    [P_TYPE] => VBANK
    [P_OID] => 251125-005
    [P_FN_CD1] => 89
    [P_FN_CD2] => 
    [P_FN_NM] => 케이뱅크
    [P_AMT] => 3000
    [P_UNAME] => 김민수
    [P_RMESG1] => P_VACCT_NO=70112003921904|P_EXP_DT=20251205
    [P_RMESG2] => 
    [P_NOTI] => 
    [P_AUTH_NO] => 
)

 Array
(
    [PageCall time] => 13:04:11
    [P_TID] => INIMX_VBNKCAEcatca0720251125125738454634
    [P_MID] => CAEcatca07
    [P_AUTH_DT] => 20251125130411
    [P_STATUS] => 02
    [P_TYPE] => VBANK
    [P_OID] => 251125-011
    [P_FN_CD1] => 89
    [P_FN_CD2] => 
    [P_FN_NM] => 케이뱅크
    [P_AMT] => 3000
    [P_UNAME] => 오연서
    [P_RMESG1] => P_VACCT_NO=70112000049310|P_EXP_DT=20251205
    [P_RMESG2] => 
    [P_NOTI] => 
    [P_AUTH_NO] => 
)

 Array
(
    [PageCall time] => 13:44:46
    [P_TID] => INIMX_VBNKCAEcatca0720251125134205194811
    [P_MID] => CAEcatca07
    [P_AUTH_DT] => 20251125134446
    [P_STATUS] => 02
    [P_TYPE] => VBANK
    [P_OID] => 251125-013
    [P_FN_CD1] => 81
    [P_FN_CD2] => 
    [P_FN_NM] => 하나은행
    [P_AMT] => 3000
    [P_UNAME] => 배재영
    [P_RMESG1] => P_VACCT_NO=20894177515737|P_EXP_DT=20251205
    [P_RMESG2] => 
    [P_NOTI] => 
    [P_AUTH_NO] => 
)

 Array
(
    [PageCall time] => 14:28:50
    [P_TID] => INIMX_VBNKCAEcatca0720251125142558144151
    [P_MID] => CAEcatca07
    [P_AUTH_DT] => 20251125142850
    [P_STATUS] => 02
    [P_TYPE] => VBANK
    [P_OID] => 251122-005
    [P_FN_CD1] => 81
    [P_FN_CD2] => 
    [P_FN_NM] => 하나은행
    [P_AMT] => 3000
    [P_UNAME] => 이지민
    [P_RMESG1] => P_VACCT_NO=20894177765037|P_EXP_DT=20251205
    [P_RMESG2] => 
    [P_NOTI] => 
    [P_AUTH_NO] => 
)

 Array
(
    [PageCall time] => 14:32:42
    [P_TID] => INIMX_VBNKCAEcatca0720251125142946164449
    [P_MID] => CAEcatca07
    [P_AUTH_DT] => 20251125143242
    [P_STATUS] => 02
    [P_TYPE] => VBANK
    [P_OID] => 251125-016
    [P_FN_CD1] => 23
    [P_FN_CD2] => 
    [P_FN_NM] => SC은행
    [P_AMT] => 3000
    [P_UNAME] => 서미정
    [P_RMESG1] => P_VACCT_NO=46416000694991|P_EXP_DT=20251205
    [P_RMESG2] => 
    [P_NOTI] => 
    [P_AUTH_NO] => 
)

 Array
(
    [PageCall time] => 14:44:44
    [P_TID] => INIMX_VBNKCAEcatca0720251125144152834099
    [P_MID] => CAEcatca07
    [P_AUTH_DT] => 20251125144444
    [P_STATUS] => 02
    [P_TYPE] => VBANK
    [P_OID] => 251125-020
    [P_FN_CD1] => 04
    [P_FN_CD2] => 
    [P_FN_NM] => KB국민은행
    [P_AMT] => 3000
    [P_UNAME] => 이종율
    [P_RMESG1] => P_VACCT_NO=99289014202439|P_EXP_DT=20251205
    [P_RMESG2] => 
    [P_NOTI] => 
    [P_AUTH_NO] => 
)

 Array
(
    [PageCall time] => 15:35:27
    [P_TID] => INIMX_VBNKCAEcatca0720251125153420715195
    [P_MID] => CAEcatca07
    [P_AUTH_DT] => 20251125153527
    [P_STATUS] => 02
    [P_TYPE] => VBANK
    [P_OID] => 251125-022
    [P_FN_CD1] => 11
    [P_FN_CD2] => 
    [P_FN_NM] => NH농협은행
    [P_AMT] => 3000
    [P_UNAME] => 이주현
    [P_RMESG1] => P_VACCT_NO=79015903563852|P_EXP_DT=20251205
    [P_RMESG2] => 
    [P_NOTI] => 
    [P_AUTH_NO] => 
)

 Array
(
    [PageCall time] => 16:18:44
    [P_TID] => INIMX_VBNKCAEcatca0720251125161558124206
    [P_MID] => CAEcatca07
    [P_AUTH_DT] => 20251125161844
    [P_STATUS] => 02
    [P_TYPE] => VBANK
    [P_OID] => 251125-024
    [P_FN_CD1] => 04
    [P_FN_CD2] => 
    [P_FN_NM] => KB국민은행
    [P_AMT] => 3000
    [P_UNAME] => 김지혜
    [P_RMESG1] => P_VACCT_NO=99289014205724|P_EXP_DT=20251205
    [P_RMESG2] => 
    [P_NOTI] => 
    [P_AUTH_NO] => 
)

 Array
(
    [PageCall time] => 16:48:16
    [P_TID] => INIMX_VBNKCAEcatca0720251125164436834314
    [P_MID] => CAEcatca07
    [P_AUTH_DT] => 20251125164816
    [P_STATUS] => 02
    [P_TYPE] => VBANK
    [P_OID] => 251125-025
    [P_FN_CD1] => 03
    [P_FN_CD2] => 
    [P_FN_NM] => 기업은행
    [P_AMT] => 3000
    [P_UNAME] => 김은혜
    [P_RMESG1] => P_VACCT_NO=07500520197883|P_EXP_DT=20251205
    [P_RMESG2] => 
    [P_NOTI] => 
    [P_AUTH_NO] => 
)

 Array
(
    [PageCall time] => 17:12:17
    [P_TID] => INIMX_VBNKCAEcatca0720251125170807104761
    [P_MID] => CAEcatca07
    [P_AUTH_DT] => 20251125171217
    [P_STATUS] => 02
    [P_TYPE] => VBANK
    [P_OID] => 251125-027
    [P_FN_CD1] => 11
    [P_FN_CD2] => 
    [P_FN_NM] => NH농협은행
    [P_AMT] => 3000
    [P_UNAME] => 길민채
    [P_RMESG1] => P_VACCT_NO=79006421227129|P_EXP_DT=20251205
    [P_RMESG2] => 
    [P_NOTI] => 
    [P_AUTH_NO] => 
)

 Array
(
    [PageCall time] => 17:19:12
    [P_TID] => INIMX_VBNKCAEcatca0720251125171616654657
    [P_MID] => CAEcatca07
    [P_AUTH_DT] => 20251125171912
    [P_STATUS] => 02
    [P_TYPE] => VBANK
    [P_OID] => 251125-029
    [P_FN_CD1] => 89
    [P_FN_CD2] => 
    [P_FN_NM] => 케이뱅크
    [P_AMT] => 3000
    [P_UNAME] => 이영조
    [P_RMESG1] => P_VACCT_NO=70112000052319|P_EXP_DT=20251205
    [P_RMESG2] => 
    [P_NOTI] => 
    [P_AUTH_NO] => 
)

 Array
(
    [PageCall time] => 17:37:33
    [P_TID] => INIMX_VBNKCAEcatca0720251125173342794756
    [P_MID] => CAEcatca07
    [P_AUTH_DT] => 20251125173733
    [P_STATUS] => 02
    [P_TYPE] => VBANK
    [P_OID] => 251125-032
    [P_FN_CD1] => 81
    [P_FN_CD2] => 
    [P_FN_NM] => 하나은행
    [P_AMT] => 3000
    [P_UNAME] => 이성원
    [P_RMESG1] => P_VACCT_NO=20894178424337|P_EXP_DT=20251205
    [P_RMESG2] => 
    [P_NOTI] => 
    [P_AUTH_NO] => 
)

 Array
(
    [PageCall time] => 20:23:43
    [P_TID] => INIMX_VBNKCAEcatca0720251125202213404072
    [P_MID] => CAEcatca07
    [P_AUTH_DT] => 20251125202343
    [P_STATUS] => 02
    [P_TYPE] => VBANK
    [P_OID] => 251125-036
    [P_FN_CD1] => 11
    [P_FN_CD2] => 
    [P_FN_NM] => NH농협은행
    [P_AMT] => 3000
    [P_UNAME] => 남미수
    [P_RMESG1] => P_VACCT_NO=79006421248819|P_EXP_DT=20251205
    [P_RMESG2] => 
    [P_NOTI] => 
    [P_AUTH_NO] => 
)

 Array
(
    [PageCall time] => 20:27:17
    [P_TID] => INIMX_VBNKCAEcatca0720251125195454854076
    [P_MID] => CAEcatca07
    [P_AUTH_DT] => 20251125202717
    [P_STATUS] => 02
    [P_TYPE] => VBANK
    [P_OID] => 251125-035
    [P_FN_CD1] => 88
    [P_FN_CD2] => 
    [P_FN_NM] => 신한은행
    [P_AMT] => 3000
    [P_UNAME] => 황호원
    [P_RMESG1] => P_VACCT_NO=56211123313883|P_EXP_DT=20251205
    [P_RMESG2] => 
    [P_NOTI] => 
    [P_AUTH_NO] => 
)

 Array
(
    [PageCall time] => 20:37:20
    [P_TID] => INIMX_VBNKCAEcatca0720251125203239424923
    [P_MID] => CAEcatca07
    [P_AUTH_DT] => 20251125203720
    [P_STATUS] => 02
    [P_TYPE] => VBANK
    [P_OID] => 251125-037
    [P_FN_CD1] => 20
    [P_FN_CD2] => 
    [P_FN_NM] => 우리은행
    [P_AMT] => 3000
    [P_UNAME] => 김현인
    [P_RMESG1] => P_VACCT_NO=27203595018277|P_EXP_DT=20251205
    [P_RMESG2] => 
    [P_NOTI] => 
    [P_AUTH_NO] => 
)

 Array
(
    [PageCall time] => 21:57:13
    [P_TID] => INIMX_VBNKCAEcatca0720251125215429704840
    [P_MID] => CAEcatca07
    [P_AUTH_DT] => 20251125215713
    [P_STATUS] => 02
    [P_TYPE] => VBANK
    [P_OID] => 251125-038
    [P_FN_CD1] => 88
    [P_FN_CD2] => 
    [P_FN_NM] => 신한은행
    [P_AMT] => 3000
    [P_UNAME] => 박지은
    [P_RMESG1] => P_VACCT_NO=56211123315535|P_EXP_DT=20251205
    [P_RMESG2] => 
    [P_NOTI] => 
    [P_AUTH_NO] => 
)

 Array
(
    [PageCall time] => 22:38:14
    [P_TID] => INIMX_VBNKCAEcatca0720251125222915464244
    [P_MID] => CAEcatca07
    [P_AUTH_DT] => 20251125223813
    [P_STATUS] => 02
    [P_TYPE] => VBANK
    [P_OID] => 251125-039
    [P_FN_CD1] => 20
    [P_FN_CD2] => 
    [P_FN_NM] => 우리은행
    [P_AMT] => 3000
    [P_UNAME] => 박경혜
    [P_RMESG1] => P_VACCT_NO=27203597618714|P_EXP_DT=20251205
    [P_RMESG2] => 
    [P_NOTI] => 
    [P_AUTH_NO] => 
)

 Array
(
    [PageCall time] => 22:59:39
    [P_TID] => INIMX_VBNKCAEcatca0720251125225710834623
    [P_MID] => CAEcatca07
    [P_AUTH_DT] => 20251125225939
    [P_STATUS] => 02
    [P_TYPE] => VBANK
    [P_OID] => 251124-036
    [P_FN_CD1] => 88
    [P_FN_CD2] => 
    [P_FN_NM] => 신한은행
    [P_AMT] => 3000
    [P_UNAME] => 김힌솔
    [P_RMESG1] => P_VACCT_NO=56211123316453|P_EXP_DT=20251205
    [P_RMESG2] => 
    [P_NOTI] => 
    [P_AUTH_NO] => 
)

