 Array
(
    [PageCall time] => 11:23:04
    [P_TID] => INIMX_VBNKCAEcatca0720250810112035275520
    [P_MID] => CAEcatca07
    [P_AUTH_DT] => 20250810112304
    [P_STATUS] => 02
    [P_TYPE] => VBANK
    [P_OID] => 250810-001
    [P_FN_CD1] => 03
    [P_FN_CD2] => 
    [P_FN_NM] => 기업은행
    [P_AMT] => 3000
    [P_UNAME] => 박현서
    [P_RMESG1] => P_VACCT_NO=07503192597275|P_EXP_DT=20250820
    [P_RMESG2] => 
    [P_NOTI] => 
    [P_AUTH_NO] => 
)

 Array
(
    [PageCall time] => 11:55:54
    [P_TID] => INIMX_VBNKCAEcatca0720250810115253225803
    [P_MID] => CAEcatca07
    [P_AUTH_DT] => 20250810115554
    [P_STATUS] => 02
    [P_TYPE] => VBANK
    [P_OID] => 250810-002
    [P_FN_CD1] => 88
    [P_FN_CD2] => 
    [P_FN_NM] => 신한은행
    [P_AMT] => 3000
    [P_UNAME] => 박현옥
    [P_RMESG1] => P_VACCT_NO=56211991173603|P_EXP_DT=20250820
    [P_RMESG2] => 
    [P_NOTI] => 
    [P_AUTH_NO] => 
)

 Array
(
    [PageCall time] => 12:07:06
    [P_TID] => INIMX_VBNKCAEcatca0720250810120632585540
    [P_MID] => CAEcatca07
    [P_AUTH_DT] => 20250810120706
    [P_STATUS] => 02
    [P_TYPE] => VBANK
    [P_OID] => 250810-003
    [P_FN_CD1] => 04
    [P_FN_CD2] => 
    [P_FN_NM] => KB국민은행
    [P_AMT] => 3000
    [P_UNAME] => 양재식
    [P_RMESG1] => P_VACCT_NO=91779011129619|P_EXP_DT=20250820
    [P_RMESG2] => 
    [P_NOTI] => 
    [P_AUTH_NO] => 
)

 Array
(
    [PageCall time] => 14:13:33
    [P_TID] => INIMX_VBNKCAEcatca0720250810141037635630
    [P_MID] => CAEcatca07
    [P_AUTH_DT] => 20250810141333
    [P_STATUS] => 02
    [P_TYPE] => VBANK
    [P_OID] => 250810-004
    [P_FN_CD1] => 20
    [P_FN_CD2] => 
    [P_FN_NM] => 우리은행
    [P_AMT] => 3000
    [P_UNAME] => 박민수
    [P_RMESG1] => P_VACCT_NO=27388969918781|P_EXP_DT=20250820
    [P_RMESG2] => 
    [P_NOTI] => 
    [P_AUTH_NO] => 
)

 Array
(
    [PageCall time] => 15:35:00
    [P_TID] => INIMX_VBNKCAEcatca0720250810153142565521
    [P_MID] => CAEcatca07
    [P_AUTH_DT] => 20250810153500
    [P_STATUS] => 02
    [P_TYPE] => VBANK
    [P_OID] => 250810-005
    [P_FN_CD1] => 81
    [P_FN_CD2] => 
    [P_FN_NM] => 하나은행
    [P_AMT] => 3000
    [P_UNAME] => 조혜난
    [P_RMESG1] => P_VACCT_NO=20893961031637|P_EXP_DT=20250820
    [P_RMESG2] => 
    [P_NOTI] => 
    [P_AUTH_NO] => 
)

 Array
(
    [PageCall time] => 22:02:35
    [P_TID] => INIMX_VBNKCAEcatca0720250810220201505945
    [P_MID] => CAEcatca07
    [P_AUTH_DT] => 20250810220235
    [P_STATUS] => 02
    [P_TYPE] => VBANK
    [P_OID] => 250810-006
    [P_FN_CD1] => 04
    [P_FN_CD2] => 
    [P_FN_NM] => KB국민은행
    [P_AMT] => 3000
    [P_UNAME] => 이미경
    [P_RMESG1] => P_VACCT_NO=39919011876894|P_EXP_DT=20250820
    [P_RMESG2] => 
    [P_NOTI] => 
    [P_AUTH_NO] => 
)

 Array
(
    [PageCall time] => 22:27:49
    [P_TID] => INIMX_VBNKCAEcatca0720250810222645115896
    [P_MID] => CAEcatca07
    [P_AUTH_DT] => 20250810222749
    [P_STATUS] => 02
    [P_TYPE] => VBANK
    [P_OID] => 250810-008
    [P_FN_CD1] => 11
    [P_FN_CD2] => 
    [P_FN_NM] => NH농협은행
    [P_AMT] => 3000
    [P_UNAME] => 천민희
    [P_RMESG1] => P_VACCT_NO=79014290492038|P_EXP_DT=20250820
    [P_RMESG2] => 
    [P_NOTI] => 
    [P_AUTH_NO] => 
)

 Array
(
    [PageCall time] => 23:19:38
    [P_TID] => INIMX_VBNKCAEcatca0720250810231742895143
    [P_MID] => CAEcatca07
    [P_AUTH_DT] => 20250810231938
    [P_STATUS] => 02
    [P_TYPE] => VBANK
    [P_OID] => 250810-009
    [P_FN_CD1] => 04
    [P_FN_CD2] => 
    [P_FN_NM] => KB국민은행
    [P_AMT] => 3000
    [P_UNAME] => 조원찬
    [P_RMESG1] => P_VACCT_NO=60539014826434|P_EXP_DT=20250820
    [P_RMESG2] => 
    [P_NOTI] => 
    [P_AUTH_NO] => 
)

