 Array
(
    [PageCall time] => 04:03:18
    [P_TID] => INIMX_VBNKCAEcatca0720251119034844365937
    [P_MID] => CAEcatca07
    [P_AUTH_DT] => 20251119040318
    [P_STATUS] => 02
    [P_TYPE] => VBANK
    [P_OID] => 251119-001
    [P_FN_CD1] => 20
    [P_FN_CD2] => 
    [P_FN_NM] => 우리은행
    [P_AMT] => 3000
    [P_UNAME] => 김영순
    [P_RMESG1] => P_VACCT_NO=26246629118573|P_EXP_DT=20251129
    [P_RMESG2] => 
    [P_NOTI] => 
    [P_AUTH_NO] => 
)

 Array
(
    [PageCall time] => 07:53:41
    [P_TID] => INIMX_VBNKCAEcatca0720251119075102795182
    [P_MID] => CAEcatca07
    [P_AUTH_DT] => 20251119075341
    [P_STATUS] => 02
    [P_TYPE] => VBANK
    [P_OID] => 251119-003
    [P_FN_CD1] => 88
    [P_FN_CD2] => 
    [P_FN_NM] => 신한은행
    [P_AMT] => 3000
    [P_UNAME] => 장인국
    [P_RMESG1] => P_VACCT_NO=56211104924124|P_EXP_DT=20251129
    [P_RMESG2] => 
    [P_NOTI] => 
    [P_AUTH_NO] => 
)

 Array
(
    [PageCall time] => 09:44:22
    [P_TID] => INIMX_VBNKCAEcatca0720251119094139465082
    [P_MID] => CAEcatca07
    [P_AUTH_DT] => 20251119094422
    [P_STATUS] => 02
    [P_TYPE] => VBANK
    [P_OID] => 251119-007
    [P_FN_CD1] => 89
    [P_FN_CD2] => 
    [P_FN_NM] => 케이뱅크
    [P_AMT] => 3000
    [P_UNAME] => 이영조
    [P_RMESG1] => P_VACCT_NO=70112003887222|P_EXP_DT=20251129
    [P_RMESG2] => 
    [P_NOTI] => 
    [P_AUTH_NO] => 
)

 Array
(
    [PageCall time] => 10:21:23
    [P_TID] => INIMX_VBNKCAEcatca0720251119101721365572
    [P_MID] => CAEcatca07
    [P_AUTH_DT] => 20251119102123
    [P_STATUS] => 02
    [P_TYPE] => VBANK
    [P_OID] => 251119-012
    [P_FN_CD1] => 88
    [P_FN_CD2] => 
    [P_FN_NM] => 신한은행
    [P_AMT] => 3000
    [P_UNAME] => 김민애
    [P_RMESG1] => P_VACCT_NO=56211106013850|P_EXP_DT=20251129
    [P_RMESG2] => 
    [P_NOTI] => 
    [P_AUTH_NO] => 
)

 Array
(
    [PageCall time] => 10:40:25
    [P_TID] => INIMX_VBNKCAEcatca0720251119103756705682
    [P_MID] => CAEcatca07
    [P_AUTH_DT] => 20251119104025
    [P_STATUS] => 02
    [P_TYPE] => VBANK
    [P_OID] => 251119-013
    [P_FN_CD1] => 04
    [P_FN_CD2] => 
    [P_FN_NM] => KB국민은행
    [P_AMT] => 3000
    [P_UNAME] => 민희진
    [P_RMESG1] => P_VACCT_NO=26119078035748|P_EXP_DT=20251129
    [P_RMESG2] => 
    [P_NOTI] => 
    [P_AUTH_NO] => 
)

 Array
(
    [PageCall time] => 10:56:42
    [P_TID] => INIMX_VBNKCAEcatca0720251119105332965274
    [P_MID] => CAEcatca07
    [P_AUTH_DT] => 20251119105642
    [P_STATUS] => 02
    [P_TYPE] => VBANK
    [P_OID] => 251119-016
    [P_FN_CD1] => 89
    [P_FN_CD2] => 
    [P_FN_NM] => 케이뱅크
    [P_AMT] => 3000
    [P_UNAME] => 박용규
    [P_RMESG1] => P_VACCT_NO=70112003887908|P_EXP_DT=20251129
    [P_RMESG2] => 
    [P_NOTI] => 
    [P_AUTH_NO] => 
)

 Array
(
    [PageCall time] => 11:04:17
    [P_TID] => INIMX_VBNKCAEcatca0720251119104746325441
    [P_MID] => CAEcatca07
    [P_AUTH_DT] => 20251119110417
    [P_STATUS] => 02
    [P_TYPE] => VBANK
    [P_OID] => 251119-015
    [P_FN_CD1] => 81
    [P_FN_CD2] => 
    [P_FN_NM] => 하나은행
    [P_AMT] => 3000
    [P_UNAME] => 남소현
    [P_RMESG1] => P_VACCT_NO=20894036493737|P_EXP_DT=20251129
    [P_RMESG2] => 
    [P_NOTI] => 
    [P_AUTH_NO] => 
)

 Array
(
    [PageCall time] => 11:13:04
    [P_TID] => INIMX_VBNKCAEcatca0720251119110932955173
    [P_MID] => CAEcatca07
    [P_AUTH_DT] => 20251119111304
    [P_STATUS] => 02
    [P_TYPE] => VBANK
    [P_OID] => 251119-018
    [P_FN_CD1] => 03
    [P_FN_CD2] => 
    [P_FN_NM] => 기업은행
    [P_AMT] => 3000
    [P_UNAME] => 임주현
    [P_RMESG1] => P_VACCT_NO=07502312097248|P_EXP_DT=20251129
    [P_RMESG2] => 
    [P_NOTI] => 
    [P_AUTH_NO] => 
)

 Array
(
    [PageCall time] => 13:27:02
    [P_TID] => INIMX_VBNKCAEcatca0720251119132424745272
    [P_MID] => CAEcatca07
    [P_AUTH_DT] => 20251119132702
    [P_STATUS] => 02
    [P_TYPE] => VBANK
    [P_OID] => 251119-021
    [P_FN_CD1] => 89
    [P_FN_CD2] => 
    [P_FN_NM] => 케이뱅크
    [P_AMT] => 3000
    [P_UNAME] => 유희정
    [P_RMESG1] => P_VACCT_NO=70112003889449|P_EXP_DT=20251129
    [P_RMESG2] => 
    [P_NOTI] => 
    [P_AUTH_NO] => 
)

 Array
(
    [PageCall time] => 13:32:09
    [P_TID] => INIMX_VBNKCAEcatca0720251119133035215989
    [P_MID] => CAEcatca07
    [P_AUTH_DT] => 20251119133209
    [P_STATUS] => 02
    [P_TYPE] => VBANK
    [P_OID] => 251119-022
    [P_FN_CD1] => 11
    [P_FN_CD2] => 
    [P_FN_NM] => NH농협은행
    [P_AMT] => 3000
    [P_UNAME] => 강현자
    [P_RMESG1] => P_VACCT_NO=79015902945571|P_EXP_DT=20251129
    [P_RMESG2] => 
    [P_NOTI] => 
    [P_AUTH_NO] => 
)

 Array
(
    [PageCall time] => 14:35:33
    [P_TID] => INIMX_VBNKCAEcatca0720251119143231655044
    [P_MID] => CAEcatca07
    [P_AUTH_DT] => 20251119143533
    [P_STATUS] => 02
    [P_TYPE] => VBANK
    [P_OID] => 251119-026
    [P_FN_CD1] => 71
    [P_FN_CD2] => 
    [P_FN_NM] => 우체국
    [P_AMT] => 3000
    [P_UNAME] => 강미숙
    [P_RMESG1] => P_VACCT_NO=01397981004849|P_EXP_DT=20251129
    [P_RMESG2] => 
    [P_NOTI] => 
    [P_AUTH_NO] => 
)

 Array
(
    [PageCall time] => 14:36:13
    [P_TID] => INIMX_VBNKCAEcatca0720251119143420545901
    [P_MID] => CAEcatca07
    [P_AUTH_DT] => 20251119143613
    [P_STATUS] => 02
    [P_TYPE] => VBANK
    [P_OID] => 251119-025
    [P_FN_CD1] => 11
    [P_FN_CD2] => 
    [P_FN_NM] => NH농협은행
    [P_AMT] => 3000
    [P_UNAME] => 김윤섭
    [P_RMESG1] => P_VACCT_NO=79015902956398|P_EXP_DT=20251129
    [P_RMESG2] => 
    [P_NOTI] => 
    [P_AUTH_NO] => 
)

 Array
(
    [PageCall time] => 15:03:01
    [P_TID] => INIMX_VBNKCAEcatca0720251117165444815552
    [P_MID] => CAEcatca07
    [P_AUTH_DT] => 20251119150301
    [P_STATUS] => 02
    [P_TYPE] => VBANK
    [P_OID] => 251117-044
    [P_FN_CD1] => 31
    [P_FN_CD2] => 
    [P_FN_NM] => 아이엠뱅크(대구은행)
    [P_AMT] => 3000
    [P_UNAME] => 이성호
    [P_RMESG1] => P_VACCT_NO=9600362407065|P_EXP_DT=20251127
    [P_RMESG2] => 
    [P_NOTI] => 
    [P_AUTH_NO] => 
)

 Array
(
    [PageCall time] => 15:28:53
    [P_TID] => INIMX_VBNKCAEcatca0720251119152541255254
    [P_MID] => CAEcatca07
    [P_AUTH_DT] => 20251119152853
    [P_STATUS] => 02
    [P_TYPE] => VBANK
    [P_OID] => 251119-029
    [P_FN_CD1] => 03
    [P_FN_CD2] => 
    [P_FN_NM] => 기업은행
    [P_AMT] => 3000
    [P_UNAME] => 이종원
    [P_RMESG1] => P_VACCT_NO=07502316297755|P_EXP_DT=20251129
    [P_RMESG2] => 
    [P_NOTI] => 
    [P_AUTH_NO] => 
)

 Array
(
    [PageCall time] => 15:46:37
    [P_TID] => INIMX_VBNKCAEcatca0720251119154344335434
    [P_MID] => CAEcatca07
    [P_AUTH_DT] => 20251119154637
    [P_STATUS] => 02
    [P_TYPE] => VBANK
    [P_OID] => 251119-030
    [P_FN_CD1] => 20
    [P_FN_CD2] => 
    [P_FN_NM] => 우리은행
    [P_AMT] => 3000
    [P_UNAME] => 이선호
    [P_RMESG1] => P_VACCT_NO=27203565018341|P_EXP_DT=20251129
    [P_RMESG2] => 
    [P_NOTI] => 
    [P_AUTH_NO] => 
)

 Array
(
    [PageCall time] => 16:24:10
    [P_TID] => INIMX_VBNKCAEcatca0720251119162308535766
    [P_MID] => CAEcatca07
    [P_AUTH_DT] => 20251119162410
    [P_STATUS] => 02
    [P_TYPE] => VBANK
    [P_OID] => 251119-033
    [P_FN_CD1] => 11
    [P_FN_CD2] => 
    [P_FN_NM] => NH농협은행
    [P_AMT] => 3000
    [P_UNAME] => 홍은정
    [P_RMESG1] => P_VACCT_NO=79015902973475|P_EXP_DT=20251129
    [P_RMESG2] => 
    [P_NOTI] => 
    [P_AUTH_NO] => 
)

 Array
(
    [PageCall time] => 16:54:34
    [P_TID] => INIMX_VBNKCAEcatca0720251119161450915615
    [P_MID] => CAEcatca07
    [P_AUTH_DT] => 20251119165434
    [P_STATUS] => 02
    [P_TYPE] => VBANK
    [P_OID] => 251119-032
    [P_FN_CD1] => 88
    [P_FN_CD2] => 
    [P_FN_NM] => 신한은행
    [P_AMT] => 3000
    [P_UNAME] => 박승미
    [P_RMESG1] => P_VACCT_NO=56211106054362|P_EXP_DT=20251129
    [P_RMESG2] => 
    [P_NOTI] => 
    [P_AUTH_NO] => 
)

 Array
(
    [PageCall time] => 18:23:42
    [P_TID] => INIMX_VBNKCAEcatca0720251119180254125072
    [P_MID] => CAEcatca07
    [P_AUTH_DT] => 20251119182342
    [P_STATUS] => 02
    [P_TYPE] => VBANK
    [P_OID] => 251119-034
    [P_FN_CD1] => 81
    [P_FN_CD2] => 
    [P_FN_NM] => 하나은행
    [P_AMT] => 3000
    [P_UNAME] => 권기훈
    [P_RMESG1] => P_VACCT_NO=20894039910137|P_EXP_DT=20251129
    [P_RMESG2] => 
    [P_NOTI] => 
    [P_AUTH_NO] => 
)

 Array
(
    [PageCall time] => 18:50:52
    [P_TID] => INIMX_VBNKCAEcatca0720251119184744575280
    [P_MID] => CAEcatca07
    [P_AUTH_DT] => 20251119185052
    [P_STATUS] => 02
    [P_TYPE] => VBANK
    [P_OID] => 251119-035
    [P_FN_CD1] => 04
    [P_FN_CD2] => 
    [P_FN_NM] => KB국민은행
    [P_AMT] => 3000
    [P_UNAME] => 박희선
    [P_RMESG1] => P_VACCT_NO=26159078370218|P_EXP_DT=20251129
    [P_RMESG2] => 
    [P_NOTI] => 
    [P_AUTH_NO] => 
)

 Array
(
    [PageCall time] => 19:18:00
    [P_TID] => INIMX_VBNKCAEcatca0720251119191503355678
    [P_MID] => CAEcatca07
    [P_AUTH_DT] => 20251119191800
    [P_STATUS] => 02
    [P_TYPE] => VBANK
    [P_OID] => 251119-036
    [P_FN_CD1] => 04
    [P_FN_CD2] => 
    [P_FN_NM] => KB국민은행
    [P_AMT] => 3000
    [P_UNAME] => 김근태
    [P_RMESG1] => P_VACCT_NO=26159078376690|P_EXP_DT=20251129
    [P_RMESG2] => 
    [P_NOTI] => 
    [P_AUTH_NO] => 
)

 Array
(
    [PageCall time] => 19:42:26
    [P_TID] => INIMX_VBNKCAEcatca0720251119194126615483
    [P_MID] => CAEcatca07
    [P_AUTH_DT] => 20251119194226
    [P_STATUS] => 02
    [P_TYPE] => VBANK
    [P_OID] => 251116-001
    [P_FN_CD1] => 11
    [P_FN_CD2] => 
    [P_FN_NM] => NH농협은행
    [P_AMT] => 3000
    [P_UNAME] => 봉길선
    [P_RMESG1] => P_VACCT_NO=79015903001977|P_EXP_DT=20251129
    [P_RMESG2] => 
    [P_NOTI] => 
    [P_AUTH_NO] => 
)

 Array
(
    [PageCall time] => 20:15:47
    [P_TID] => INIMX_VBNKCAEcatca0720251119201249155344
    [P_MID] => CAEcatca07
    [P_AUTH_DT] => 20251119201547
    [P_STATUS] => 02
    [P_TYPE] => VBANK
    [P_OID] => 251119-037
    [P_FN_CD1] => 20
    [P_FN_CD2] => 
    [P_FN_NM] => 우리은행
    [P_AMT] => 3000
    [P_UNAME] => 노은진
    [P_RMESG1] => P_VACCT_NO=27204106818381|P_EXP_DT=20251129
    [P_RMESG2] => 
    [P_NOTI] => 
    [P_AUTH_NO] => 
)

