 Array
(
    [PageCall time] => 00:37:20
    [P_TID] => INIMX_VBNKCAEcatca0720250601000217265603
    [P_MID] => CAEcatca07
    [P_AUTH_DT] => 20250601003720
    [P_STATUS] => 02
    [P_TYPE] => VBANK
    [P_OID] => 250601-001
    [P_FN_CD1] => 03
    [P_FN_CD2] => 
    [P_FN_NM] => 기업은행
    [P_AMT] => 3000
    [P_UNAME] => 이민혁
    [P_RMESG1] => P_VACCT_NO=07503158397385|P_EXP_DT=20250611
    [P_RMESG2] => 
    [P_NOTI] => 
    [P_AUTH_NO] => 
)

 Array
(
    [PageCall time] => 07:54:55
    [P_TID] => INIMX_VBNKCAEcatca0720250601075123665743
    [P_MID] => CAEcatca07
    [P_AUTH_DT] => 20250601075455
    [P_STATUS] => 02
    [P_TYPE] => VBANK
    [P_OID] => 250601-002
    [P_FN_CD1] => 20
    [P_FN_CD2] => 
    [P_FN_NM] => 우리은행
    [P_AMT] => 3000
    [P_UNAME] => 최진열
    [P_RMESG1] => P_VACCT_NO=27490719318477|P_EXP_DT=20250611
    [P_RMESG2] => 
    [P_NOTI] => 
    [P_AUTH_NO] => 
)

 Array
(
    [PageCall time] => 10:16:00
    [P_TID] => INIMX_VBNKCAEcatca0720250601101509105177
    [P_MID] => CAEcatca07
    [P_AUTH_DT] => 20250601101600
    [P_STATUS] => 02
    [P_TYPE] => VBANK
    [P_OID] => 250601-003
    [P_FN_CD1] => 04
    [P_FN_CD2] => 
    [P_FN_NM] => KB국민은행
    [P_AMT] => 3000
    [P_UNAME] => 한혜경
    [P_RMESG1] => P_VACCT_NO=26029078211864|P_EXP_DT=20250611
    [P_RMESG2] => 
    [P_NOTI] => 
    [P_AUTH_NO] => 
)

 Array
(
    [PageCall time] => 12:36:25
    [P_TID] => INIMX_VBNKCAEcatca0720250601123242125032
    [P_MID] => CAEcatca07
    [P_AUTH_DT] => 20250601123625
    [P_STATUS] => 02
    [P_TYPE] => VBANK
    [P_OID] => 250601-004
    [P_FN_CD1] => 88
    [P_FN_CD2] => 
    [P_FN_NM] => 신한은행
    [P_AMT] => 3000
    [P_UNAME] => 고경애
    [P_RMESG1] => P_VACCT_NO=56213170777330|P_EXP_DT=20250611
    [P_RMESG2] => 
    [P_NOTI] => 
    [P_AUTH_NO] => 
)

 Array
(
    [PageCall time] => 13:07:18
    [P_TID] => INIMX_VBNKCAEcatca0720250601130646135658
    [P_MID] => CAEcatca07
    [P_AUTH_DT] => 20250601130718
    [P_STATUS] => 02
    [P_TYPE] => VBANK
    [P_OID] => 250601-005
    [P_FN_CD1] => 04
    [P_FN_CD2] => 
    [P_FN_NM] => KB국민은행
    [P_AMT] => 3000
    [P_UNAME] => 전혜련
    [P_RMESG1] => P_VACCT_NO=26029078198334|P_EXP_DT=20250611
    [P_RMESG2] => 
    [P_NOTI] => 
    [P_AUTH_NO] => 
)

 Array
(
    [PageCall time] => 13:18:10
    [P_TID] => INIMX_VBNKCAEcatca0720250601131529485758
    [P_MID] => CAEcatca07
    [P_AUTH_DT] => 20250601131810
    [P_STATUS] => 02
    [P_TYPE] => VBANK
    [P_OID] => 250601-006
    [P_FN_CD1] => 03
    [P_FN_CD2] => 
    [P_FN_NM] => 기업은행
    [P_AMT] => 3000
    [P_UNAME] => 김봉기
    [P_RMESG1] => P_VACCT_NO=07503159597079|P_EXP_DT=20250611
    [P_RMESG2] => 
    [P_NOTI] => 
    [P_AUTH_NO] => 
)

 Array
(
    [PageCall time] => 16:53:34
    [P_TID] => INIMX_VBNKCAEcatca0720250601165234735144
    [P_MID] => CAEcatca07
    [P_AUTH_DT] => 20250601165334
    [P_STATUS] => 02
    [P_TYPE] => VBANK
    [P_OID] => 250601-008
    [P_FN_CD1] => 04
    [P_FN_CD2] => 
    [P_FN_NM] => KB국민은행
    [P_AMT] => 3000
    [P_UNAME] => 차원대
    [P_RMESG1] => P_VACCT_NO=26029078490210|P_EXP_DT=20250611
    [P_RMESG2] => 
    [P_NOTI] => 
    [P_AUTH_NO] => 
)

 Array
(
    [PageCall time] => 18:43:07
    [P_TID] => INIMX_VBNKCAEcatca0720250601184017585806
    [P_MID] => CAEcatca07
    [P_AUTH_DT] => 20250601184307
    [P_STATUS] => 02
    [P_TYPE] => VBANK
    [P_OID] => 250601-009
    [P_FN_CD1] => 03
    [P_FN_CD2] => 
    [P_FN_NM] => 기업은행
    [P_AMT] => 3000
    [P_UNAME] => 김민주
    [P_RMESG1] => P_VACCT_NO=07503160397627|P_EXP_DT=20250611
    [P_RMESG2] => 
    [P_NOTI] => 
    [P_AUTH_NO] => 
)

 Array
(
    [PageCall time] => 19:40:14
    [P_TID] => INIMX_VBNKCAEcatca0720250601193721415897
    [P_MID] => CAEcatca07
    [P_AUTH_DT] => 20250601194014
    [P_STATUS] => 02
    [P_TYPE] => VBANK
    [P_OID] => 250531-002
    [P_FN_CD1] => 03
    [P_FN_CD2] => 
    [P_FN_NM] => 기업은행
    [P_AMT] => 3000
    [P_UNAME] => 홍수정
    [P_RMESG1] => P_VACCT_NO=07503160497823|P_EXP_DT=20250611
    [P_RMESG2] => 
    [P_NOTI] => 
    [P_AUTH_NO] => 
)

