 Array
(
    [PageCall time] => 10:31:31
    [P_TID] => INIMX_VBNKCAEcatca0720260401102840905179
    [P_MID] => CAEcatca07
    [P_AUTH_DT] => 20260401103131
    [P_STATUS] => 02
    [P_TYPE] => VBANK
    [P_OID] => 260401-003
    [P_FN_CD1] => 04
    [P_FN_CD2] => 
    [P_FN_NM] => KB국민은행
    [P_AMT] => 3500
    [P_UNAME] => 임지영
    [P_RMESG1] => P_VACCT_NO=26119078186679|P_EXP_DT=20260411
    [P_RMESG2] => 
    [P_NOTI] => 
    [P_AUTH_NO] => 
)

 Array
(
    [PageCall time] => 10:32:28
    [P_TID] => INIMX_VBNKCAEcatca0720260401102832335791
    [P_MID] => CAEcatca07
    [P_AUTH_DT] => 20260401103228
    [P_STATUS] => 02
    [P_TYPE] => VBANK
    [P_OID] => 260401-002
    [P_FN_CD1] => 81
    [P_FN_CD2] => 
    [P_FN_NM] => 하나은행
    [P_AMT] => 3500
    [P_UNAME] => 허용순
    [P_RMESG1] => P_VACCT_NO=20893878351037|P_EXP_DT=20260411
    [P_RMESG2] => 
    [P_NOTI] => 
    [P_AUTH_NO] => 
)

 Array
(
    [PageCall time] => 10:42:59
    [P_TID] => INIMX_VBNKCAEcatca0720260401103134895261
    [P_MID] => CAEcatca07
    [P_AUTH_DT] => 20260401104259
    [P_STATUS] => 02
    [P_TYPE] => VBANK
    [P_OID] => 260401-001
    [P_FN_CD1] => 88
    [P_FN_CD2] => 
    [P_FN_NM] => 신한은행
    [P_AMT] => 3500
    [P_UNAME] => 이남희
    [P_RMESG1] => P_VACCT_NO=56211106338309|P_EXP_DT=20260411
    [P_RMESG2] => 
    [P_NOTI] => 
    [P_AUTH_NO] => 
)

 Array
(
    [PageCall time] => 11:03:38
    [P_TID] => INIMX_VBNKCAEcatca0720260401110305365825
    [P_MID] => CAEcatca07
    [P_AUTH_DT] => 20260401110338
    [P_STATUS] => 02
    [P_TYPE] => VBANK
    [P_OID] => 260401-013
    [P_FN_CD1] => 11
    [P_FN_CD2] => 
    [P_FN_NM] => NH농협은행
    [P_AMT] => 3500
    [P_UNAME] => 김서이
    [P_RMESG1] => P_VACCT_NO=79014505056749|P_EXP_DT=20260411
    [P_RMESG2] => 
    [P_NOTI] => 
    [P_AUTH_NO] => 
)

 Array
(
    [PageCall time] => 11:07:09
    [P_TID] => INIMX_VBNKCAEcatca0720260401110418905800
    [P_MID] => CAEcatca07
    [P_AUTH_DT] => 20260401110709
    [P_STATUS] => 02
    [P_TYPE] => VBANK
    [P_OID] => 260401-007
    [P_FN_CD1] => 03
    [P_FN_CD2] => 
    [P_FN_NM] => 기업은행
    [P_AMT] => 3500
    [P_UNAME] => 성봉기
    [P_RMESG1] => P_VACCT_NO=07502333597462|P_EXP_DT=20260411
    [P_RMESG2] => 
    [P_NOTI] => 
    [P_AUTH_NO] => 
)

 Array
(
    [PageCall time] => 11:28:40
    [P_TID] => INIMX_VBNKCAEcatca0720260401112613375981
    [P_MID] => CAEcatca07
    [P_AUTH_DT] => 20260401112840
    [P_STATUS] => 02
    [P_TYPE] => VBANK
    [P_OID] => 260401-018
    [P_FN_CD1] => 88
    [P_FN_CD2] => 
    [P_FN_NM] => 신한은행
    [P_AMT] => 3500
    [P_UNAME] => 윤예미
    [P_RMESG1] => P_VACCT_NO=56211106343530|P_EXP_DT=20260411
    [P_RMESG2] => 
    [P_NOTI] => 
    [P_AUTH_NO] => 
)

 Array
(
    [PageCall time] => 12:09:31
    [P_TID] => INIMX_VBNKCAEcatca0720260401120641325072
    [P_MID] => CAEcatca07
    [P_AUTH_DT] => 20260401120931
    [P_STATUS] => 02
    [P_TYPE] => VBANK
    [P_OID] => 260401-019
    [P_FN_CD1] => 04
    [P_FN_CD2] => 
    [P_FN_NM] => KB국민은행
    [P_AMT] => 3500
    [P_UNAME] => 이수정
    [P_RMESG1] => P_VACCT_NO=96309078185015|P_EXP_DT=20260411
    [P_RMESG2] => 
    [P_NOTI] => 
    [P_AUTH_NO] => 
)

 Array
(
    [PageCall time] => 12:13:50
    [P_TID] => INIMX_VBNKCAEcatca0720260401121023545079
    [P_MID] => CAEcatca07
    [P_AUTH_DT] => 20260401121350
    [P_STATUS] => 02
    [P_TYPE] => VBANK
    [P_OID] => 260401-020
    [P_FN_CD1] => 03
    [P_FN_CD2] => 
    [P_FN_NM] => 기업은행
    [P_AMT] => 3500
    [P_UNAME] => 이광근
    [P_RMESG1] => P_VACCT_NO=07502334397201|P_EXP_DT=20260411
    [P_RMESG2] => 
    [P_NOTI] => 
    [P_AUTH_NO] => 
)

 Array
(
    [PageCall time] => 13:09:37
    [P_TID] => INIMX_VBNKCAEcatca0720260401130659935287
    [P_MID] => CAEcatca07
    [P_AUTH_DT] => 20260401130937
    [P_STATUS] => 02
    [P_TYPE] => VBANK
    [P_OID] => 260401-021
    [P_FN_CD1] => 04
    [P_FN_CD2] => 
    [P_FN_NM] => KB국민은행
    [P_AMT] => 3500
    [P_UNAME] => 채희경
    [P_RMESG1] => P_VACCT_NO=96309078192190|P_EXP_DT=20260411
    [P_RMESG2] => 
    [P_NOTI] => 
    [P_AUTH_NO] => 
)

 Array
(
    [PageCall time] => 13:25:47
    [P_TID] => INIMX_VBNKCAEcatca0720260401132247155983
    [P_MID] => CAEcatca07
    [P_AUTH_DT] => 20260401132547
    [P_STATUS] => 02
    [P_TYPE] => VBANK
    [P_OID] => 260401-025
    [P_FN_CD1] => 04
    [P_FN_CD2] => 
    [P_FN_NM] => KB국민은행
    [P_AMT] => 3500
    [P_UNAME] => 이나리
    [P_RMESG1] => P_VACCT_NO=96309078194967|P_EXP_DT=20260411
    [P_RMESG2] => 
    [P_NOTI] => 
    [P_AUTH_NO] => 
)

 Array
(
    [PageCall time] => 13:33:21
    [P_TID] => INIMX_VBNKCAEcatca0720260401133001685718
    [P_MID] => CAEcatca07
    [P_AUTH_DT] => 20260401133321
    [P_STATUS] => 02
    [P_TYPE] => VBANK
    [P_OID] => 260401-026
    [P_FN_CD1] => 04
    [P_FN_CD2] => 
    [P_FN_NM] => KB국민은행
    [P_AMT] => 3500
    [P_UNAME] => 원진희
    [P_RMESG1] => P_VACCT_NO=96309078195935|P_EXP_DT=20260411
    [P_RMESG2] => 
    [P_NOTI] => 
    [P_AUTH_NO] => 
)

 Array
(
    [PageCall time] => 14:36:12
    [P_TID] => INIMX_VBNKCAEcatca0720260401143513635782
    [P_MID] => CAEcatca07
    [P_AUTH_DT] => 20260401143612
    [P_STATUS] => 02
    [P_TYPE] => VBANK
    [P_OID] => 260324-047
    [P_FN_CD1] => 11
    [P_FN_CD2] => 
    [P_FN_NM] => NH농협은행
    [P_AMT] => 3500
    [P_UNAME] => 이상복
    [P_RMESG1] => P_VACCT_NO=79014505095100|P_EXP_DT=20260411
    [P_RMESG2] => 
    [P_NOTI] => 
    [P_AUTH_NO] => 
)

 Array
(
    [PageCall time] => 14:51:18
    [P_TID] => INIMX_VBNKCAEcatca0720260401145036585627
    [P_MID] => CAEcatca07
    [P_AUTH_DT] => 20260401145118
    [P_STATUS] => 02
    [P_TYPE] => VBANK
    [P_OID] => 260401-032
    [P_FN_CD1] => 11
    [P_FN_CD2] => 
    [P_FN_NM] => NH농협은행
    [P_AMT] => 3500
    [P_UNAME] => 배진국
    [P_RMESG1] => P_VACCT_NO=79014505097545|P_EXP_DT=20260411
    [P_RMESG2] => 
    [P_NOTI] => 
    [P_AUTH_NO] => 
)

 Array
(
    [PageCall time] => 14:54:03
    [P_TID] => INIMX_VBNKCAEcatca0720260401145019275891
    [P_MID] => CAEcatca07
    [P_AUTH_DT] => 20260401145403
    [P_STATUS] => 02
    [P_TYPE] => VBANK
    [P_OID] => 260401-031
    [P_FN_CD1] => 88
    [P_FN_CD2] => 
    [P_FN_NM] => 신한은행
    [P_AMT] => 3500
    [P_UNAME] => 홍성칠
    [P_RMESG1] => P_VACCT_NO=56211106369811|P_EXP_DT=20260411
    [P_RMESG2] => 
    [P_NOTI] => 
    [P_AUTH_NO] => 
)

 Array
(
    [PageCall time] => 15:30:00
    [P_TID] => INIMX_VBNKCAEcatca0720260329215456435224
    [P_MID] => CAEcatca07
    [P_AUTH_DT] => 20260401153000
    [P_STATUS] => 02
    [P_TYPE] => VBANK
    [P_OID] => 260329-008
    [P_FN_CD1] => 88
    [P_FN_CD2] => 
    [P_FN_NM] => 신한은행
    [P_AMT] => 3500
    [P_UNAME] => 유병윤
    [P_RMESG1] => P_VACCT_NO=56211106163180|P_EXP_DT=20260408
    [P_RMESG2] => 
    [P_NOTI] => 
    [P_AUTH_NO] => 
)

 Array
(
    [PageCall time] => 15:42:08
    [P_TID] => INIMX_VBNKCAEcatca0720260401153915515273
    [P_MID] => CAEcatca07
    [P_AUTH_DT] => 20260401154208
    [P_STATUS] => 02
    [P_TYPE] => VBANK
    [P_OID] => 260401-034
    [P_FN_CD1] => 03
    [P_FN_CD2] => 
    [P_FN_NM] => 기업은행
    [P_AMT] => 3500
    [P_UNAME] => 박일희
    [P_RMESG1] => P_VACCT_NO=07502337797161|P_EXP_DT=20260411
    [P_RMESG2] => 
    [P_NOTI] => 
    [P_AUTH_NO] => 
)

 Array
(
    [PageCall time] => 15:51:47
    [P_TID] => INIMX_VBNKCAEcatca0720260401154824905167
    [P_MID] => CAEcatca07
    [P_AUTH_DT] => 20260401155147
    [P_STATUS] => 02
    [P_TYPE] => VBANK
    [P_OID] => 260401-035
    [P_FN_CD1] => 88
    [P_FN_CD2] => 
    [P_FN_NM] => 신한은행
    [P_AMT] => 3500
    [P_UNAME] => 박세영
    [P_RMESG1] => P_VACCT_NO=56211106376130|P_EXP_DT=20260411
    [P_RMESG2] => 
    [P_NOTI] => 
    [P_AUTH_NO] => 
)

 Array
(
    [PageCall time] => 16:01:35
    [P_TID] => INIMX_VBNKCAEcatca0720260401160057215330
    [P_MID] => CAEcatca07
    [P_AUTH_DT] => 20260401160135
    [P_STATUS] => 02
    [P_TYPE] => VBANK
    [P_OID] => 260401-036
    [P_FN_CD1] => 11
    [P_FN_CD2] => 
    [P_FN_NM] => NH농협은행
    [P_AMT] => 3500
    [P_UNAME] => 조범호
    [P_RMESG1] => P_VACCT_NO=79014505109731|P_EXP_DT=20260411
    [P_RMESG2] => 
    [P_NOTI] => 
    [P_AUTH_NO] => 
)

 Array
(
    [PageCall time] => 16:58:36
    [P_TID] => INIMX_VBNKCAEcatca0720260401165605545906
    [P_MID] => CAEcatca07
    [P_AUTH_DT] => 20260401165836
    [P_STATUS] => 02
    [P_TYPE] => VBANK
    [P_OID] => 260401-041
    [P_FN_CD1] => 88
    [P_FN_CD2] => 
    [P_FN_NM] => 신한은행
    [P_AMT] => 3500
    [P_UNAME] => 김경률
    [P_RMESG1] => P_VACCT_NO=56211106382085|P_EXP_DT=20260411
    [P_RMESG2] => 
    [P_NOTI] => 
    [P_AUTH_NO] => 
)

 Array
(
    [PageCall time] => 17:57:11
    [P_TID] => INIMX_VBNKCAEcatca0720260401175415255902
    [P_MID] => CAEcatca07
    [P_AUTH_DT] => 20260401175711
    [P_STATUS] => 02
    [P_TYPE] => VBANK
    [P_OID] => 260401-046
    [P_FN_CD1] => 88
    [P_FN_CD2] => 
    [P_FN_NM] => 신한은행
    [P_AMT] => 3500
    [P_UNAME] => 최한솔
    [P_RMESG1] => P_VACCT_NO=56211106386481|P_EXP_DT=20260411
    [P_RMESG2] => 
    [P_NOTI] => 
    [P_AUTH_NO] => 
)

 Array
(
    [PageCall time] => 18:19:37
    [P_TID] => INIMX_VBNKCAEcatca0720260401181135915218
    [P_MID] => CAEcatca07
    [P_AUTH_DT] => 20260401181937
    [P_STATUS] => 02
    [P_TYPE] => VBANK
    [P_OID] => 260401-047
    [P_FN_CD1] => 81
    [P_FN_CD2] => 
    [P_FN_NM] => 하나은행
    [P_AMT] => 3500
    [P_UNAME] => 신윤기
    [P_RMESG1] => P_VACCT_NO=20893882187637|P_EXP_DT=20260411
    [P_RMESG2] => 
    [P_NOTI] => 
    [P_AUTH_NO] => 
)

 Array
(
    [PageCall time] => 18:46:27
    [P_TID] => INIMX_VBNKCAEcatca0720260401184254805809
    [P_MID] => CAEcatca07
    [P_AUTH_DT] => 20260401184627
    [P_STATUS] => 02
    [P_TYPE] => VBANK
    [P_OID] => 260401-044
    [P_FN_CD1] => 81
    [P_FN_CD2] => 
    [P_FN_NM] => 하나은행
    [P_AMT] => 3500
    [P_UNAME] => 박혜리
    [P_RMESG1] => P_VACCT_NO=20893882343837|P_EXP_DT=20260411
    [P_RMESG2] => 
    [P_NOTI] => 
    [P_AUTH_NO] => 
)

 Array
(
    [PageCall time] => 19:27:10
    [P_TID] => INIMX_VBNKCAEcatca0720260401192234495067
    [P_MID] => CAEcatca07
    [P_AUTH_DT] => 20260401192710
    [P_STATUS] => 02
    [P_TYPE] => VBANK
    [P_OID] => 260401-048
    [P_FN_CD1] => 04
    [P_FN_CD2] => 
    [P_FN_NM] => KB국민은행
    [P_AMT] => 3500
    [P_UNAME] => 장은지
    [P_RMESG1] => P_VACCT_NO=96309078329183|P_EXP_DT=20260411
    [P_RMESG2] => 
    [P_NOTI] => 
    [P_AUTH_NO] => 
)

 Array
(
    [PageCall time] => 20:13:11
    [P_TID] => INIMX_VBNKCAEcatca0720260401201221835646
    [P_MID] => CAEcatca07
    [P_AUTH_DT] => 20260401201311
    [P_STATUS] => 02
    [P_TYPE] => VBANK
    [P_OID] => 260401-049
    [P_FN_CD1] => 11
    [P_FN_CD2] => 
    [P_FN_NM] => NH농협은행
    [P_AMT] => 3500
    [P_UNAME] => 정정희
    [P_RMESG1] => P_VACCT_NO=79014505144924|P_EXP_DT=20260411
    [P_RMESG2] => 
    [P_NOTI] => 
    [P_AUTH_NO] => 
)

 Array
(
    [PageCall time] => 22:26:39
    [P_TID] => INIMX_VBNKCAEcatca0720260401222316635145
    [P_MID] => CAEcatca07
    [P_AUTH_DT] => 20260401222639
    [P_STATUS] => 02
    [P_TYPE] => VBANK
    [P_OID] => 260401-051
    [P_FN_CD1] => 03
    [P_FN_CD2] => 
    [P_FN_NM] => 기업은행
    [P_AMT] => 3500
    [P_UNAME] => 김지혜
    [P_RMESG1] => P_VACCT_NO=07502341197019|P_EXP_DT=20260411
    [P_RMESG2] => 
    [P_NOTI] => 
    [P_AUTH_NO] => 
)

