 Array
(
    [PageCall time] => 00:45:57
    [P_TID] => INIMX_VBNKCAEcatca0720250607004443625167
    [P_MID] => CAEcatca07
    [P_AUTH_DT] => 20250607004557
    [P_STATUS] => 02
    [P_TYPE] => VBANK
    [P_OID] => 250607-001
    [P_FN_CD1] => 11
    [P_FN_CD2] => 
    [P_FN_NM] => NH농협은행
    [P_AMT] => 3000
    [P_UNAME] => 이종현
    [P_RMESG1] => P_VACCT_NO=79010587496414|P_EXP_DT=20250617
    [P_RMESG2] => 
    [P_NOTI] => 
    [P_AUTH_NO] => 
)

 Array
(
    [PageCall time] => 09:55:06
    [P_TID] => INIMX_VBNKCAEcatca0720250607095125545067
    [P_MID] => CAEcatca07
    [P_AUTH_DT] => 20250607095506
    [P_STATUS] => 02
    [P_TYPE] => VBANK
    [P_OID] => 250606-007
    [P_FN_CD1] => 31
    [P_FN_CD2] => 
    [P_FN_NM] => 아이엠뱅크(대구은행)
    [P_AMT] => 3000
    [P_UNAME] => 우하영
    [P_RMESG1] => P_VACCT_NO=9600363012457|P_EXP_DT=20250617
    [P_RMESG2] => 
    [P_NOTI] => 
    [P_AUTH_NO] => 
)

 Array
(
    [PageCall time] => 12:20:24
    [P_TID] => INIMX_VBNKCAEcatca0720250607121753205770
    [P_MID] => CAEcatca07
    [P_AUTH_DT] => 20250607122024
    [P_STATUS] => 02
    [P_TYPE] => VBANK
    [P_OID] => 250607-003
    [P_FN_CD1] => 88
    [P_FN_CD2] => 
    [P_FN_NM] => 신한은행
    [P_AMT] => 3000
    [P_UNAME] => 오승원
    [P_RMESG1] => P_VACCT_NO=56211104284572|P_EXP_DT=20250617
    [P_RMESG2] => 
    [P_NOTI] => 
    [P_AUTH_NO] => 
)

 Array
(
    [PageCall time] => 12:23:30
    [P_TID] => INIMX_VBNKCAEcatca0720250607122010345776
    [P_MID] => CAEcatca07
    [P_AUTH_DT] => 20250607122330
    [P_STATUS] => 02
    [P_TYPE] => VBANK
    [P_OID] => 250607-004
    [P_FN_CD1] => 88
    [P_FN_CD2] => 
    [P_FN_NM] => 신한은행
    [P_AMT] => 3000
    [P_UNAME] => 강영주
    [P_RMESG1] => P_VACCT_NO=56211104284657|P_EXP_DT=20250617
    [P_RMESG2] => 
    [P_NOTI] => 
    [P_AUTH_NO] => 
)

 Array
(
    [PageCall time] => 12:35:14
    [P_TID] => INIMX_VBNKCAEcatca0720250607123429135710
    [P_MID] => CAEcatca07
    [P_AUTH_DT] => 20250607123514
    [P_STATUS] => 02
    [P_TYPE] => VBANK
    [P_OID] => 250607-005
    [P_FN_CD1] => 04
    [P_FN_CD2] => 
    [P_FN_NM] => KB국민은행
    [P_AMT] => 3000
    [P_UNAME] => 김보경
    [P_RMESG1] => P_VACCT_NO=26159078561942|P_EXP_DT=20250617
    [P_RMESG2] => 
    [P_NOTI] => 
    [P_AUTH_NO] => 
)

 Array
(
    [PageCall time] => 17:34:19
    [P_TID] => INIMX_VBNKCAEcatca0720250607173132775118
    [P_MID] => CAEcatca07
    [P_AUTH_DT] => 20250607173419
    [P_STATUS] => 02
    [P_TYPE] => VBANK
    [P_OID] => 250607-007
    [P_FN_CD1] => 89
    [P_FN_CD2] => 
    [P_FN_NM] => 케이뱅크
    [P_AMT] => 3000
    [P_UNAME] => 전영환
    [P_RMESG1] => P_VACCT_NO=70112003702441|P_EXP_DT=20250617
    [P_RMESG2] => 
    [P_NOTI] => 
    [P_AUTH_NO] => 
)

 Array
(
    [PageCall time] => 18:05:08
    [P_TID] => INIMX_VBNKCAEcatca0720250607180036275075
    [P_MID] => CAEcatca07
    [P_AUTH_DT] => 20250607180508
    [P_STATUS] => 02
    [P_TYPE] => VBANK
    [P_OID] => 250604-037
    [P_FN_CD1] => 20
    [P_FN_CD2] => 
    [P_FN_NM] => 우리은행
    [P_AMT] => 3000
    [P_UNAME] => 성자연
    [P_RMESG1] => P_VACCT_NO=27491078018094|P_EXP_DT=20250617
    [P_RMESG2] => 
    [P_NOTI] => 
    [P_AUTH_NO] => 
)

 Array
(
    [PageCall time] => 19:24:53
    [P_TID] => INIMX_VBNKCAEcatca0720250607192111245911
    [P_MID] => CAEcatca07
    [P_AUTH_DT] => 20250607192453
    [P_STATUS] => 02
    [P_TYPE] => VBANK
    [P_OID] => 250607-008
    [P_FN_CD1] => 88
    [P_FN_CD2] => 
    [P_FN_NM] => 신한은행
    [P_AMT] => 3000
    [P_UNAME] => 이용순
    [P_RMESG1] => P_VACCT_NO=56211104300549|P_EXP_DT=20250617
    [P_RMESG2] => 
    [P_NOTI] => 
    [P_AUTH_NO] => 
)

 Array
(
    [PageCall time] => 22:50:22
    [P_TID] => INIMX_VBNKCAEcatca0720250607224915495985
    [P_MID] => CAEcatca07
    [P_AUTH_DT] => 20250607225021
    [P_STATUS] => 02
    [P_TYPE] => VBANK
    [P_OID] => 250607-009
    [P_FN_CD1] => 04
    [P_FN_CD2] => 
    [P_FN_NM] => KB국민은행
    [P_AMT] => 3000
    [P_UNAME] => 김경민
    [P_RMESG1] => P_VACCT_NO=26029078830007|P_EXP_DT=20250617
    [P_RMESG2] => 
    [P_NOTI] => 
    [P_AUTH_NO] => 
)

