 Array
(
    [PageCall time] => 08:36:15
    [P_TID] => INIMX_VBNKCAEcatca0720250514083449675102
    [P_MID] => CAEcatca07
    [P_AUTH_DT] => 20250514083615
    [P_STATUS] => 02
    [P_TYPE] => VBANK
    [P_OID] => 250514-001
    [P_FN_CD1] => 04
    [P_FN_CD2] => 
    [P_FN_NM] => KB국민은행
    [P_AMT] => 3000
    [P_UNAME] => 최정은
    [P_RMESG1] => P_VACCT_NO=26159078495052|P_EXP_DT=20250524
    [P_RMESG2] => 
    [P_NOTI] => 
    [P_AUTH_NO] => 
)

 Array
(
    [PageCall time] => 09:32:30
    [P_TID] => INIMX_VBNKCAEcatca0720250513173246315996
    [P_MID] => CAEcatca07
    [P_AUTH_DT] => 20250514093230
    [P_STATUS] => 02
    [P_TYPE] => VBANK
    [P_OID] => 250513-027
    [P_FN_CD1] => 88
    [P_FN_CD2] => 
    [P_FN_NM] => 신한은행
    [P_AMT] => 3000
    [P_UNAME] => 조인영
    [P_RMESG1] => P_VACCT_NO=56211103258395|P_EXP_DT=20250523
    [P_RMESG2] => 
    [P_NOTI] => 
    [P_AUTH_NO] => 
)

 Array
(
    [PageCall time] => 10:22:12
    [P_TID] => INIMX_VBNKCAEcatca0720250514101913315122
    [P_MID] => CAEcatca07
    [P_AUTH_DT] => 20250514102212
    [P_STATUS] => 02
    [P_TYPE] => VBANK
    [P_OID] => 250514-002
    [P_FN_CD1] => 20
    [P_FN_CD2] => 
    [P_FN_NM] => 우리은행
    [P_AMT] => 3000
    [P_UNAME] => 이병목
    [P_RMESG1] => P_VACCT_NO=27489647018361|P_EXP_DT=20250524
    [P_RMESG2] => 
    [P_NOTI] => 
    [P_AUTH_NO] => 
)

 Array
(
    [PageCall time] => 10:46:11
    [P_TID] => INIMX_VBNKCAEcatca0720250514104409795304
    [P_MID] => CAEcatca07
    [P_AUTH_DT] => 20250514104611
    [P_STATUS] => 02
    [P_TYPE] => VBANK
    [P_OID] => 250514-004
    [P_FN_CD1] => 11
    [P_FN_CD2] => 
    [P_FN_NM] => NH농협은행
    [P_AMT] => 3000
    [P_UNAME] => 장정인
    [P_RMESG1] => P_VACCT_NO=79015904226284|P_EXP_DT=20250524
    [P_RMESG2] => 
    [P_NOTI] => 
    [P_AUTH_NO] => 
)

 Array
(
    [PageCall time] => 11:23:07
    [P_TID] => INIMX_VBNKCAEcatca0720250514112140225946
    [P_MID] => CAEcatca07
    [P_AUTH_DT] => 20250514112307
    [P_STATUS] => 02
    [P_TYPE] => VBANK
    [P_OID] => 250514-005
    [P_FN_CD1] => 11
    [P_FN_CD2] => 
    [P_FN_NM] => NH농협은행
    [P_AMT] => 3000
    [P_UNAME] => 신재철
    [P_RMESG1] => P_VACCT_NO=79015904234888|P_EXP_DT=20250524
    [P_RMESG2] => 
    [P_NOTI] => 
    [P_AUTH_NO] => 
)

 Array
(
    [PageCall time] => 13:12:21
    [P_TID] => INIMX_VBNKCAEcatca0720250514130657415090
    [P_MID] => CAEcatca07
    [P_AUTH_DT] => 20250514131221
    [P_STATUS] => 02
    [P_TYPE] => VBANK
    [P_OID] => 250514-007
    [P_FN_CD1] => 88
    [P_FN_CD2] => 
    [P_FN_NM] => 신한은행
    [P_AMT] => 3000
    [P_UNAME] => 전희주
    [P_RMESG1] => P_VACCT_NO=56211103313695|P_EXP_DT=20250524
    [P_RMESG2] => 
    [P_NOTI] => 
    [P_AUTH_NO] => 
)

 Array
(
    [PageCall time] => 13:42:11
    [P_TID] => INIMX_VBNKCAEcatca0720250514133913955223
    [P_MID] => CAEcatca07
    [P_AUTH_DT] => 20250514134211
    [P_STATUS] => 02
    [P_TYPE] => VBANK
    [P_OID] => 250514-009
    [P_FN_CD1] => 88
    [P_FN_CD2] => 
    [P_FN_NM] => 신한은행
    [P_AMT] => 3000
    [P_UNAME] => 이병주
    [P_RMESG1] => P_VACCT_NO=56211103316903|P_EXP_DT=20250524
    [P_RMESG2] => 
    [P_NOTI] => 
    [P_AUTH_NO] => 
)

 Array
(
    [PageCall time] => 14:38:34
    [P_TID] => INIMX_VBNKCAEcatca0720250514143646245158
    [P_MID] => CAEcatca07
    [P_AUTH_DT] => 20250514143833
    [P_STATUS] => 02
    [P_TYPE] => VBANK
    [P_OID] => 250514-013
    [P_FN_CD1] => 11
    [P_FN_CD2] => 
    [P_FN_NM] => NH농협은행
    [P_AMT] => 3000
    [P_UNAME] => 김영유
    [P_RMESG1] => P_VACCT_NO=79015904287029|P_EXP_DT=20250524
    [P_RMESG2] => 
    [P_NOTI] => 
    [P_AUTH_NO] => 
)

 Array
(
    [PageCall time] => 15:18:46
    [P_TID] => INIMX_VBNKCAEcatca0720250514151613455876
    [P_MID] => CAEcatca07
    [P_AUTH_DT] => 20250514151846
    [P_STATUS] => 02
    [P_TYPE] => VBANK
    [P_OID] => 250514-016
    [P_FN_CD1] => 03
    [P_FN_CD2] => 
    [P_FN_NM] => 기업은행
    [P_AMT] => 3000
    [P_UNAME] => 홍수정
    [P_RMESG1] => P_VACCT_NO=07502335097737|P_EXP_DT=20250524
    [P_RMESG2] => 
    [P_NOTI] => 
    [P_AUTH_NO] => 
)

 Array
(
    [PageCall time] => 15:21:01
    [P_TID] => INIMX_VBNKCAEcatca0720250514151911205632
    [P_MID] => CAEcatca07
    [P_AUTH_DT] => 20250514152101
    [P_STATUS] => 02
    [P_TYPE] => VBANK
    [P_OID] => 250514-017
    [P_FN_CD1] => 11
    [P_FN_CD2] => 
    [P_FN_NM] => NH농협은행
    [P_AMT] => 3000
    [P_UNAME] => 윤미영
    [P_RMESG1] => P_VACCT_NO=79015904298763|P_EXP_DT=20250524
    [P_RMESG2] => 
    [P_NOTI] => 
    [P_AUTH_NO] => 
)

 Array
(
    [PageCall time] => 16:49:48
    [P_TID] => INIMX_VBNKCAEcatca0720250514164840965630
    [P_MID] => CAEcatca07
    [P_AUTH_DT] => 20250514164948
    [P_STATUS] => 02
    [P_TYPE] => VBANK
    [P_OID] => 250514-020
    [P_FN_CD1] => 04
    [P_FN_CD2] => 
    [P_FN_NM] => KB국민은행
    [P_AMT] => 3000
    [P_UNAME] => 임승훈
    [P_RMESG1] => P_VACCT_NO=42379011667487|P_EXP_DT=20250524
    [P_RMESG2] => 
    [P_NOTI] => 
    [P_AUTH_NO] => 
)

 Array
(
    [PageCall time] => 17:36:49
    [P_TID] => INIMX_VBNKCAEcatca0720250514173622435164
    [P_MID] => CAEcatca07
    [P_AUTH_DT] => 20250514173649
    [P_STATUS] => 02
    [P_TYPE] => VBANK
    [P_OID] => 250514-022
    [P_FN_CD1] => 04
    [P_FN_CD2] => 
    [P_FN_NM] => KB국민은행
    [P_AMT] => 3000
    [P_UNAME] => 김동주
    [P_RMESG1] => P_VACCT_NO=60519014549715|P_EXP_DT=20250524
    [P_RMESG2] => 
    [P_NOTI] => 
    [P_AUTH_NO] => 
)

 Array
(
    [PageCall time] => 17:55:11
    [P_TID] => INIMX_VBNKCAEcatca0720250514175359225348
    [P_MID] => CAEcatca07
    [P_AUTH_DT] => 20250514175511
    [P_STATUS] => 02
    [P_TYPE] => VBANK
    [P_OID] => 250514-025
    [P_FN_CD1] => 11
    [P_FN_CD2] => 
    [P_FN_NM] => NH농협은행
    [P_AMT] => 3000
    [P_UNAME] => 정정순
    [P_RMESG1] => P_VACCT_NO=79015904339868|P_EXP_DT=20250524
    [P_RMESG2] => 
    [P_NOTI] => 
    [P_AUTH_NO] => 
)

 Array
(
    [PageCall time] => 18:50:24
    [P_TID] => INIMX_VBNKCAEcatca0720250514184440805151
    [P_MID] => CAEcatca07
    [P_AUTH_DT] => 20250514185024
    [P_STATUS] => 02
    [P_TYPE] => VBANK
    [P_OID] => 250514-010
    [P_FN_CD1] => 88
    [P_FN_CD2] => 
    [P_FN_NM] => 신한은행
    [P_AMT] => 3000
    [P_UNAME] => 김성자
    [P_RMESG1] => P_VACCT_NO=56211103351230|P_EXP_DT=20250524
    [P_RMESG2] => 
    [P_NOTI] => 
    [P_AUTH_NO] => 
)

 Array
(
    [PageCall time] => 21:22:45
    [P_TID] => INIMX_VBNKCAEcatca0720250514212227205522
    [P_MID] => CAEcatca07
    [P_AUTH_DT] => 20250514212245
    [P_STATUS] => 02
    [P_TYPE] => VBANK
    [P_OID] => 250514-026
    [P_FN_CD1] => 04
    [P_FN_CD2] => 
    [P_FN_NM] => KB국민은행
    [P_AMT] => 3000
    [P_UNAME] => 윤태영
    [P_RMESG1] => P_VACCT_NO=60519014575084|P_EXP_DT=20250524
    [P_RMESG2] => 
    [P_NOTI] => 
    [P_AUTH_NO] => 
)

