 Array
(
    [PageCall time] => 00:42:50
    [P_TID] => INIMX_VBNKCAEcatca0720250610004006635135
    [P_MID] => CAEcatca07
    [P_AUTH_DT] => 20250610004250
    [P_STATUS] => 02
    [P_TYPE] => VBANK
    [P_OID] => 250610-001
    [P_FN_CD1] => 03
    [P_FN_CD2] => 
    [P_FN_NM] => 기업은행
    [P_AMT] => 3000
    [P_UNAME] => 고영민
    [P_RMESG1] => P_VACCT_NO=07503207597906|P_EXP_DT=20250620
    [P_RMESG2] => 
    [P_NOTI] => 
    [P_AUTH_NO] => 
)

 Array
(
    [PageCall time] => 09:19:54
    [P_TID] => INIMX_VBNKCAEcatca0720250610091717185658
    [P_MID] => CAEcatca07
    [P_AUTH_DT] => 20250610091954
    [P_STATUS] => 02
    [P_TYPE] => VBANK
    [P_OID] => 250610-003
    [P_FN_CD1] => 88
    [P_FN_CD2] => 
    [P_FN_NM] => 신한은행
    [P_AMT] => 3000
    [P_UNAME] => 이선영
    [P_RMESG1] => P_VACCT_NO=56211104430677|P_EXP_DT=20250620
    [P_RMESG2] => 
    [P_NOTI] => 
    [P_AUTH_NO] => 
)

 Array
(
    [PageCall time] => 09:37:26
    [P_TID] => INIMX_VBNKCAEcatca0720250610093631535047
    [P_MID] => CAEcatca07
    [P_AUTH_DT] => 20250610093726
    [P_STATUS] => 02
    [P_TYPE] => VBANK
    [P_OID] => 250610-004
    [P_FN_CD1] => 04
    [P_FN_CD2] => 
    [P_FN_NM] => KB국민은행
    [P_AMT] => 3000
    [P_UNAME] => 이지현
    [P_RMESG1] => P_VACCT_NO=99449014591375|P_EXP_DT=20250620
    [P_RMESG2] => 
    [P_NOTI] => 
    [P_AUTH_NO] => 
)

 Array
(
    [PageCall time] => 09:49:03
    [P_TID] => INIMX_VBNKCAEcatca0720250609222533315114
    [P_MID] => CAEcatca07
    [P_AUTH_DT] => 20250610094903
    [P_STATUS] => 02
    [P_TYPE] => VBANK
    [P_OID] => 250609-046
    [P_FN_CD1] => 11
    [P_FN_CD2] => 
    [P_FN_NM] => NH농협은행
    [P_AMT] => 3000
    [P_UNAME] => 신진길
    [P_RMESG1] => P_VACCT_NO=79010587911091|P_EXP_DT=20250619
    [P_RMESG2] => 
    [P_NOTI] => 
    [P_AUTH_NO] => 
)

 Array
(
    [PageCall time] => 10:22:17
    [P_TID] => INIMX_VBNKCAEcatca0720250610102120355739
    [P_MID] => CAEcatca07
    [P_AUTH_DT] => 20250610102216
    [P_STATUS] => 02
    [P_TYPE] => VBANK
    [P_OID] => 250610-005
    [P_FN_CD1] => 11
    [P_FN_CD2] => 
    [P_FN_NM] => NH농협은행
    [P_AMT] => 3000
    [P_UNAME] => 이은경
    [P_RMESG1] => P_VACCT_NO=79010587948039|P_EXP_DT=20250620
    [P_RMESG2] => 
    [P_NOTI] => 
    [P_AUTH_NO] => 
)

 Array
(
    [PageCall time] => 10:31:53
    [P_TID] => INIMX_VBNKCAEcatca0720250610102803875084
    [P_MID] => CAEcatca07
    [P_AUTH_DT] => 20250610103153
    [P_STATUS] => 02
    [P_TYPE] => VBANK
    [P_OID] => 250610-006
    [P_FN_CD1] => 81
    [P_FN_CD2] => 
    [P_FN_NM] => 하나은행
    [P_AMT] => 3000
    [P_UNAME] => 천홍순
    [P_RMESG1] => P_VACCT_NO=20894071710437|P_EXP_DT=20250620
    [P_RMESG2] => 
    [P_NOTI] => 
    [P_AUTH_NO] => 
)

 Array
(
    [PageCall time] => 10:50:17
    [P_TID] => INIMX_VBNKCAEcatca0720250610104629995262
    [P_MID] => CAEcatca07
    [P_AUTH_DT] => 20250610105017
    [P_STATUS] => 02
    [P_TYPE] => VBANK
    [P_OID] => 250610-008
    [P_FN_CD1] => 81
    [P_FN_CD2] => 
    [P_FN_NM] => 하나은행
    [P_AMT] => 3000
    [P_UNAME] => 김숙희
    [P_RMESG1] => P_VACCT_NO=20894071812537|P_EXP_DT=20250620
    [P_RMESG2] => 
    [P_NOTI] => 
    [P_AUTH_NO] => 
)

 Array
(
    [PageCall time] => 12:00:30
    [P_TID] => INIMX_VBNKCAEcatca0720250610115605215288
    [P_MID] => CAEcatca07
    [P_AUTH_DT] => 20250610120030
    [P_STATUS] => 02
    [P_TYPE] => VBANK
    [P_OID] => 250609-043
    [P_FN_CD1] => 88
    [P_FN_CD2] => 
    [P_FN_NM] => 신한은행
    [P_AMT] => 3000
    [P_UNAME] => 박해정
    [P_RMESG1] => P_VACCT_NO=56211104448049|P_EXP_DT=20250620
    [P_RMESG2] => 
    [P_NOTI] => 
    [P_AUTH_NO] => 
)

 Array
(
    [PageCall time] => 12:58:51
    [P_TID] => INIMX_VBNKCAEcatca0720250610125757885797
    [P_MID] => CAEcatca07
    [P_AUTH_DT] => 20250610125851
    [P_STATUS] => 02
    [P_TYPE] => VBANK
    [P_OID] => 250610-010
    [P_FN_CD1] => 11
    [P_FN_CD2] => 
    [P_FN_NM] => NH농협은행
    [P_AMT] => 3000
    [P_UNAME] => 이수미
    [P_RMESG1] => P_VACCT_NO=79010587971207|P_EXP_DT=20250620
    [P_RMESG2] => 
    [P_NOTI] => 
    [P_AUTH_NO] => 
)

 Array
(
    [PageCall time] => 13:08:11
    [P_TID] => INIMX_VBNKCAEcatca0720250610130543825521
    [P_MID] => CAEcatca07
    [P_AUTH_DT] => 20250610130811
    [P_STATUS] => 02
    [P_TYPE] => VBANK
    [P_OID] => 250610-012
    [P_FN_CD1] => 81
    [P_FN_CD2] => 
    [P_FN_NM] => 하나은행
    [P_AMT] => 3000
    [P_UNAME] => 정다은
    [P_RMESG1] => P_VACCT_NO=20894072921837|P_EXP_DT=20250620
    [P_RMESG2] => 
    [P_NOTI] => 
    [P_AUTH_NO] => 
)

 Array
(
    [PageCall time] => 13:20:33
    [P_TID] => INIMX_VBNKCAEcatca0720250610131754105051
    [P_MID] => CAEcatca07
    [P_AUTH_DT] => 20250610132033
    [P_STATUS] => 02
    [P_TYPE] => VBANK
    [P_OID] => 250610-013
    [P_FN_CD1] => 07
    [P_FN_CD2] => 
    [P_FN_NM] => 수협은행
    [P_AMT] => 3000
    [P_UNAME] => 이지영
    [P_RMESG1] => P_VACCT_NO=06640082640535|P_EXP_DT=20250620
    [P_RMESG2] => 
    [P_NOTI] => 
    [P_AUTH_NO] => 
)

 Array
(
    [PageCall time] => 13:52:15
    [P_TID] => INIMX_VBNKCAEcatca0720250610134659945991
    [P_MID] => CAEcatca07
    [P_AUTH_DT] => 20250610135215
    [P_STATUS] => 02
    [P_TYPE] => VBANK
    [P_OID] => 250610-014
    [P_FN_CD1] => 34
    [P_FN_CD2] => 
    [P_FN_NM] => 광주은행
    [P_AMT] => 3000
    [P_UNAME] => 탐나는 식탁
    [P_RMESG1] => P_VACCT_NO=810865333011|P_EXP_DT=20250620
    [P_RMESG2] => 
    [P_NOTI] => 
    [P_AUTH_NO] => 
)

 Array
(
    [PageCall time] => 15:12:23
    [P_TID] => INIMX_VBNKCAEcatca0720250610150957325767
    [P_MID] => CAEcatca07
    [P_AUTH_DT] => 20250610151222
    [P_STATUS] => 02
    [P_TYPE] => VBANK
    [P_OID] => 250610-018
    [P_FN_CD1] => 89
    [P_FN_CD2] => 
    [P_FN_NM] => 케이뱅크
    [P_AMT] => 3000
    [P_UNAME] => 김표곤
    [P_RMESG1] => P_VACCT_NO=70112003726331|P_EXP_DT=20250620
    [P_RMESG2] => 
    [P_NOTI] => 
    [P_AUTH_NO] => 
)

 Array
(
    [PageCall time] => 15:42:30
    [P_TID] => INIMX_VBNKCAEcatca0720250610154011295999
    [P_MID] => CAEcatca07
    [P_AUTH_DT] => 20250610154230
    [P_STATUS] => 02
    [P_TYPE] => VBANK
    [P_OID] => 250607-002
    [P_FN_CD1] => 04
    [P_FN_CD2] => 
    [P_FN_NM] => KB국민은행
    [P_AMT] => 3000
    [P_UNAME] => 엄은주
    [P_RMESG1] => P_VACCT_NO=26119078464098|P_EXP_DT=20250620
    [P_RMESG2] => 
    [P_NOTI] => 
    [P_AUTH_NO] => 
)

 Array
(
    [PageCall time] => 15:58:04
    [P_TID] => INIMX_VBNKCAEcatca0720250610155546295152
    [P_MID] => CAEcatca07
    [P_AUTH_DT] => 20250610155804
    [P_STATUS] => 02
    [P_TYPE] => VBANK
    [P_OID] => 250610-020
    [P_FN_CD1] => 11
    [P_FN_CD2] => 
    [P_FN_NM] => NH농협은행
    [P_AMT] => 3000
    [P_UNAME] => 최법주
    [P_RMESG1] => P_VACCT_NO=79010587998274|P_EXP_DT=20250620
    [P_RMESG2] => 
    [P_NOTI] => 
    [P_AUTH_NO] => 
)

 Array
(
    [PageCall time] => 16:15:06
    [P_TID] => INIMX_VBNKCAEcatca0720250610161240295513
    [P_MID] => CAEcatca07
    [P_AUTH_DT] => 20250610161506
    [P_STATUS] => 02
    [P_TYPE] => VBANK
    [P_OID] => 250610-021
    [P_FN_CD1] => 04
    [P_FN_CD2] => 
    [P_FN_NM] => KB국민은행
    [P_AMT] => 3000
    [P_UNAME] => 김경
    [P_RMESG1] => P_VACCT_NO=26119078487433|P_EXP_DT=20250620
    [P_RMESG2] => 
    [P_NOTI] => 
    [P_AUTH_NO] => 
)

 Array
(
    [PageCall time] => 16:34:25
    [P_TID] => INIMX_VBNKCAEcatca0720250610163045965182
    [P_MID] => CAEcatca07
    [P_AUTH_DT] => 20250610163425
    [P_STATUS] => 02
    [P_TYPE] => VBANK
    [P_OID] => 250610-022
    [P_FN_CD1] => 88
    [P_FN_CD2] => 
    [P_FN_NM] => 신한은행
    [P_AMT] => 3000
    [P_UNAME] => 경기관광개발
    [P_RMESG1] => P_VACCT_NO=56211104470537|P_EXP_DT=20250620
    [P_RMESG2] => 
    [P_NOTI] => 
    [P_AUTH_NO] => 
)

 Array
(
    [PageCall time] => 17:13:56
    [P_TID] => INIMX_VBNKCAEcatca0720250610171311625971
    [P_MID] => CAEcatca07
    [P_AUTH_DT] => 20250610171356
    [P_STATUS] => 02
    [P_TYPE] => VBANK
    [P_OID] => 250610-025
    [P_FN_CD1] => 11
    [P_FN_CD2] => 
    [P_FN_NM] => NH농협은행
    [P_AMT] => 3000
    [P_UNAME] => 김효정
    [P_RMESG1] => P_VACCT_NO=79010588009778|P_EXP_DT=20250620
    [P_RMESG2] => 
    [P_NOTI] => 
    [P_AUTH_NO] => 
)

 Array
(
    [PageCall time] => 17:45:50
    [P_TID] => INIMX_VBNKCAEcatca0720250610174304265384
    [P_MID] => CAEcatca07
    [P_AUTH_DT] => 20250610174550
    [P_STATUS] => 02
    [P_TYPE] => VBANK
    [P_OID] => 250610-027
    [P_FN_CD1] => 88
    [P_FN_CD2] => 
    [P_FN_NM] => 신한은행
    [P_AMT] => 3000
    [P_UNAME] => 김현주
    [P_RMESG1] => P_VACCT_NO=56211104477950|P_EXP_DT=20250620
    [P_RMESG2] => 
    [P_NOTI] => 
    [P_AUTH_NO] => 
)

 Array
(
    [PageCall time] => 18:25:48
    [P_TID] => INIMX_VBNKCAEcatca0720250610182215475367
    [P_MID] => CAEcatca07
    [P_AUTH_DT] => 20250610182548
    [P_STATUS] => 02
    [P_TYPE] => VBANK
    [P_OID] => 250602-021
    [P_FN_CD1] => 88
    [P_FN_CD2] => 
    [P_FN_NM] => 신한은행
    [P_AMT] => 3000
    [P_UNAME] => 박우종
    [P_RMESG1] => P_VACCT_NO=56211104480034|P_EXP_DT=20250620
    [P_RMESG2] => 
    [P_NOTI] => 
    [P_AUTH_NO] => 
)

 Array
(
    [PageCall time] => 21:36:22
    [P_TID] => INIMX_VBNKCAEcatca0720250610213135235837
    [P_MID] => CAEcatca07
    [P_AUTH_DT] => 20250610213622
    [P_STATUS] => 02
    [P_TYPE] => VBANK
    [P_OID] => 250519-001
    [P_FN_CD1] => 11
    [P_FN_CD2] => 
    [P_FN_NM] => NH농협은행
    [P_AMT] => 3000
    [P_UNAME] => 김경희
    [P_RMESG1] => P_VACCT_NO=79010588030627|P_EXP_DT=20250620
    [P_RMESG2] => 
    [P_NOTI] => 
    [P_AUTH_NO] => 
)

 Array
(
    [PageCall time] => 21:40:09
    [P_TID] => INIMX_VBNKCAEcatca0720250610213711165692
    [P_MID] => CAEcatca07
    [P_AUTH_DT] => 20250610214009
    [P_STATUS] => 02
    [P_TYPE] => VBANK
    [P_OID] => 250610-028
    [P_FN_CD1] => 20
    [P_FN_CD2] => 
    [P_FN_NM] => 우리은행
    [P_AMT] => 3000
    [P_UNAME] => 김성중
    [P_RMESG1] => P_VACCT_NO=27491222218839|P_EXP_DT=20250620
    [P_RMESG2] => 
    [P_NOTI] => 
    [P_AUTH_NO] => 
)

 Array
(
    [PageCall time] => 22:26:30
    [P_TID] => INIMX_VBNKCAEcatca0720250610222206925668
    [P_MID] => CAEcatca07
    [P_AUTH_DT] => 20250610222630
    [P_STATUS] => 02
    [P_TYPE] => VBANK
    [P_OID] => 250610-029
    [P_FN_CD1] => 04
    [P_FN_CD2] => 
    [P_FN_NM] => KB국민은행
    [P_AMT] => 3000
    [P_UNAME] => 최영옥
    [P_RMESG1] => P_VACCT_NO=26119078711846|P_EXP_DT=20250620
    [P_RMESG2] => 
    [P_NOTI] => 
    [P_AUTH_NO] => 
)

