 Array
(
    [PageCall time] => 02:54:22
    [P_TID] => INIMX_VBNKCAEcatca0720251021025113765711
    [P_MID] => CAEcatca07
    [P_AUTH_DT] => 20251021025422
    [P_STATUS] => 02
    [P_TYPE] => VBANK
    [P_OID] => 251021-001
    [P_FN_CD1] => 03
    [P_FN_CD2] => 
    [P_FN_NM] => 기업은행
    [P_AMT] => 3000
    [P_UNAME] => 송재현
    [P_RMESG1] => P_VACCT_NO=07503199197586|P_EXP_DT=20251031
    [P_RMESG2] => 
    [P_NOTI] => 
    [P_AUTH_NO] => 
)

 Array
(
    [PageCall time] => 08:33:42
    [P_TID] => INIMX_VBNKCAEcatca0720251021083104995697
    [P_MID] => CAEcatca07
    [P_AUTH_DT] => 20251021083342
    [P_STATUS] => 02
    [P_TYPE] => VBANK
    [P_OID] => 251021-002
    [P_FN_CD1] => 04
    [P_FN_CD2] => 
    [P_FN_NM] => KB국민은행
    [P_AMT] => 3000
    [P_UNAME] => 윤이나
    [P_RMESG1] => P_VACCT_NO=26029078614100|P_EXP_DT=20251031
    [P_RMESG2] => 
    [P_NOTI] => 
    [P_AUTH_NO] => 
)

 Array
(
    [PageCall time] => 09:39:02
    [P_TID] => INIMX_VBNKCAEcatca0720251021093409935618
    [P_MID] => CAEcatca07
    [P_AUTH_DT] => 20251021093902
    [P_STATUS] => 02
    [P_TYPE] => VBANK
    [P_OID] => 251021-003
    [P_FN_CD1] => 81
    [P_FN_CD2] => 
    [P_FN_NM] => 하나은행
    [P_AMT] => 3000
    [P_UNAME] => 박득서
    [P_RMESG1] => P_VACCT_NO=20893878898437|P_EXP_DT=20251031
    [P_RMESG2] => 
    [P_NOTI] => 
    [P_AUTH_NO] => 
)

 Array
(
    [PageCall time] => 10:02:20
    [P_TID] => INIMX_VBNKCAEcatca0720251021095946665398
    [P_MID] => CAEcatca07
    [P_AUTH_DT] => 20251021100220
    [P_STATUS] => 02
    [P_TYPE] => VBANK
    [P_OID] => 251021-004
    [P_FN_CD1] => 88
    [P_FN_CD2] => 
    [P_FN_NM] => 신한은행
    [P_AMT] => 3000
    [P_UNAME] => 손성원
    [P_RMESG1] => P_VACCT_NO=56211104269217|P_EXP_DT=20251031
    [P_RMESG2] => 
    [P_NOTI] => 
    [P_AUTH_NO] => 
)

 Array
(
    [PageCall time] => 10:41:51
    [P_TID] => INIMX_VBNKCAEcatca0720251021103918365343
    [P_MID] => CAEcatca07
    [P_AUTH_DT] => 20251021104151
    [P_STATUS] => 02
    [P_TYPE] => VBANK
    [P_OID] => 251021-011
    [P_FN_CD1] => 89
    [P_FN_CD2] => 
    [P_FN_NM] => 케이뱅크
    [P_AMT] => 3000
    [P_UNAME] => 이재훈
    [P_RMESG1] => P_VACCT_NO=70112003640186|P_EXP_DT=20251031
    [P_RMESG2] => 
    [P_NOTI] => 
    [P_AUTH_NO] => 
)

 Array
(
    [PageCall time] => 10:59:15
    [P_TID] => INIMX_VBNKCAEcatca0720251021105519375706
    [P_MID] => CAEcatca07
    [P_AUTH_DT] => 20251021105915
    [P_STATUS] => 02
    [P_TYPE] => VBANK
    [P_OID] => 251021-014
    [P_FN_CD1] => 23
    [P_FN_CD2] => 
    [P_FN_NM] => SC은행
    [P_AMT] => 3000
    [P_UNAME] => 권태영
    [P_RMESG1] => P_VACCT_NO=46416006160496|P_EXP_DT=20251031
    [P_RMESG2] => 
    [P_NOTI] => 
    [P_AUTH_NO] => 
)

 Array
(
    [PageCall time] => 11:08:14
    [P_TID] => INIMX_VBNKCAEcatca0720251021110730425275
    [P_MID] => CAEcatca07
    [P_AUTH_DT] => 20251021110814
    [P_STATUS] => 02
    [P_TYPE] => VBANK
    [P_OID] => 251021-009
    [P_FN_CD1] => 11
    [P_FN_CD2] => 
    [P_FN_NM] => NH농협은행
    [P_AMT] => 3000
    [P_UNAME] => 전선영
    [P_RMESG1] => P_VACCT_NO=79014509083176|P_EXP_DT=20251031
    [P_RMESG2] => 
    [P_NOTI] => 
    [P_AUTH_NO] => 
)

 Array
(
    [PageCall time] => 11:33:11
    [P_TID] => INIMX_VBNKCAEcatca0720251021112959225422
    [P_MID] => CAEcatca07
    [P_AUTH_DT] => 20251021113311
    [P_STATUS] => 02
    [P_TYPE] => VBANK
    [P_OID] => 251020-048
    [P_FN_CD1] => 20
    [P_FN_CD2] => 
    [P_FN_NM] => 우리은행
    [P_AMT] => 3000
    [P_UNAME] => 임민경
    [P_RMESG1] => P_VACCT_NO=27491435318444|P_EXP_DT=20251031
    [P_RMESG2] => 
    [P_NOTI] => 
    [P_AUTH_NO] => 
)

 Array
(
    [PageCall time] => 12:00:34
    [P_TID] => INIMX_VBNKCAEcatca0720251021115734825407
    [P_MID] => CAEcatca07
    [P_AUTH_DT] => 20251021120034
    [P_STATUS] => 02
    [P_TYPE] => VBANK
    [P_OID] => 251021-021
    [P_FN_CD1] => 04
    [P_FN_CD2] => 
    [P_FN_NM] => KB국민은행
    [P_AMT] => 3000
    [P_UNAME] => 이정희
    [P_RMESG1] => P_VACCT_NO=26159078695779|P_EXP_DT=20251031
    [P_RMESG2] => 
    [P_NOTI] => 
    [P_AUTH_NO] => 
)

 Array
(
    [PageCall time] => 12:23:59
    [P_TID] => INIMX_VBNKCAEcatca0720251021122109195418
    [P_MID] => CAEcatca07
    [P_AUTH_DT] => 20251021122359
    [P_STATUS] => 02
    [P_TYPE] => VBANK
    [P_OID] => 251021-022
    [P_FN_CD1] => 04
    [P_FN_CD2] => 
    [P_FN_NM] => KB국민은행
    [P_AMT] => 3000
    [P_UNAME] => 성현정
    [P_RMESG1] => P_VACCT_NO=26159078749883|P_EXP_DT=20251031
    [P_RMESG2] => 
    [P_NOTI] => 
    [P_AUTH_NO] => 
)

 Array
(
    [PageCall time] => 13:14:49
    [P_TID] => INIMX_VBNKCAEcatca0720251021131105525871
    [P_MID] => CAEcatca07
    [P_AUTH_DT] => 20251021131449
    [P_STATUS] => 02
    [P_TYPE] => VBANK
    [P_OID] => 251021-023
    [P_FN_CD1] => 89
    [P_FN_CD2] => 
    [P_FN_NM] => 케이뱅크
    [P_AMT] => 3000
    [P_UNAME] => 최원준
    [P_RMESG1] => P_VACCT_NO=70112003642006|P_EXP_DT=20251031
    [P_RMESG2] => 
    [P_NOTI] => 
    [P_AUTH_NO] => 
)

 Array
(
    [PageCall time] => 13:46:03
    [P_TID] => INIMX_VBNKCAEcatca0720251021134318415474
    [P_MID] => CAEcatca07
    [P_AUTH_DT] => 20251021134603
    [P_STATUS] => 02
    [P_TYPE] => VBANK
    [P_OID] => 251021-024
    [P_FN_CD1] => 81
    [P_FN_CD2] => 
    [P_FN_NM] => 하나은행
    [P_AMT] => 3000
    [P_UNAME] => 최현정
    [P_RMESG1] => P_VACCT_NO=20893881218637|P_EXP_DT=20251031
    [P_RMESG2] => 
    [P_NOTI] => 
    [P_AUTH_NO] => 
)

 Array
(
    [PageCall time] => 14:30:59
    [P_TID] => INIMX_VBNKCAEcatca0720251021142819195169
    [P_MID] => CAEcatca07
    [P_AUTH_DT] => 20251021143059
    [P_STATUS] => 02
    [P_TYPE] => VBANK
    [P_OID] => 251021-028
    [P_FN_CD1] => 89
    [P_FN_CD2] => 
    [P_FN_NM] => 케이뱅크
    [P_AMT] => 3000
    [P_UNAME] => 이건성
    [P_RMESG1] => P_VACCT_NO=70112003642810|P_EXP_DT=20251031
    [P_RMESG2] => 
    [P_NOTI] => 
    [P_AUTH_NO] => 
)

 Array
(
    [PageCall time] => 15:19:27
    [P_TID] => INIMX_VBNKCAEcatca0720251021151617265640
    [P_MID] => CAEcatca07
    [P_AUTH_DT] => 20251021151927
    [P_STATUS] => 02
    [P_TYPE] => VBANK
    [P_OID] => 251021-032
    [P_FN_CD1] => 04
    [P_FN_CD2] => 
    [P_FN_NM] => KB국민은행
    [P_AMT] => 3000
    [P_UNAME] => 김도형
    [P_RMESG1] => P_VACCT_NO=96439078878345|P_EXP_DT=20251031
    [P_RMESG2] => 
    [P_NOTI] => 
    [P_AUTH_NO] => 
)

 Array
(
    [PageCall time] => 15:47:55
    [P_TID] => INIMX_VBNKCAEcatca0720251021154641495282
    [P_MID] => CAEcatca07
    [P_AUTH_DT] => 20251021154755
    [P_STATUS] => 02
    [P_TYPE] => VBANK
    [P_OID] => 251021-033
    [P_FN_CD1] => 11
    [P_FN_CD2] => 
    [P_FN_NM] => NH농협은행
    [P_AMT] => 3000
    [P_UNAME] => 정은정
    [P_RMESG1] => P_VACCT_NO=79014509135073|P_EXP_DT=20251031
    [P_RMESG2] => 
    [P_NOTI] => 
    [P_AUTH_NO] => 
)

 Array
(
    [PageCall time] => 15:54:48
    [P_TID] => INIMX_VBNKCAEcatca0720251021121438595235
    [P_MID] => CAEcatca07
    [P_AUTH_DT] => 20251021155448
    [P_STATUS] => 02
    [P_TYPE] => VBANK
    [P_OID] => 251020-024
    [P_FN_CD1] => 04
    [P_FN_CD2] => 
    [P_FN_NM] => KB국민은행
    [P_AMT] => 3000
    [P_UNAME] => 최길상
    [P_RMESG1] => P_VACCT_NO=26159078746134|P_EXP_DT=20251031
    [P_RMESG2] => 
    [P_NOTI] => 
    [P_AUTH_NO] => 
)

 Array
(
    [PageCall time] => 17:58:51
    [P_TID] => INIMX_VBNKCAEcatca0720251021175625335371
    [P_MID] => CAEcatca07
    [P_AUTH_DT] => 20251021175851
    [P_STATUS] => 02
    [P_TYPE] => VBANK
    [P_OID] => 251021-043
    [P_FN_CD1] => 20
    [P_FN_CD2] => 
    [P_FN_NM] => 우리은행
    [P_AMT] => 3000
    [P_UNAME] => 마슬기
    [P_RMESG1] => P_VACCT_NO=27491484018304|P_EXP_DT=20251031
    [P_RMESG2] => 
    [P_NOTI] => 
    [P_AUTH_NO] => 
)

 Array
(
    [PageCall time] => 18:13:17
    [P_TID] => INIMX_VBNKCAEcatca0720251021181142265526
    [P_MID] => CAEcatca07
    [P_AUTH_DT] => 20251021181317
    [P_STATUS] => 02
    [P_TYPE] => VBANK
    [P_OID] => 251021-044
    [P_FN_CD1] => 11
    [P_FN_CD2] => 
    [P_FN_NM] => NH농협은행
    [P_AMT] => 3000
    [P_UNAME] => 황보경
    [P_RMESG1] => P_VACCT_NO=79014509156430|P_EXP_DT=20251031
    [P_RMESG2] => 
    [P_NOTI] => 
    [P_AUTH_NO] => 
)

 Array
(
    [PageCall time] => 19:29:12
    [P_TID] => INIMX_VBNKCAEcatca0720251021192629705167
    [P_MID] => CAEcatca07
    [P_AUTH_DT] => 20251021192911
    [P_STATUS] => 02
    [P_TYPE] => VBANK
    [P_OID] => 251020-046
    [P_FN_CD1] => 88
    [P_FN_CD2] => 
    [P_FN_NM] => 신한은행
    [P_AMT] => 3000
    [P_UNAME] => 이채영
    [P_RMESG1] => P_VACCT_NO=56211104281004|P_EXP_DT=20251031
    [P_RMESG2] => 
    [P_NOTI] => 
    [P_AUTH_NO] => 
)

 Array
(
    [PageCall time] => 19:54:27
    [P_TID] => INIMX_VBNKCAEcatca0720251021195314145214
    [P_MID] => CAEcatca07
    [P_AUTH_DT] => 20251021195427
    [P_STATUS] => 02
    [P_TYPE] => VBANK
    [P_OID] => 251021-045
    [P_FN_CD1] => 11
    [P_FN_CD2] => 
    [P_FN_NM] => NH농협은행
    [P_AMT] => 3000
    [P_UNAME] => 이재진
    [P_RMESG1] => P_VACCT_NO=79014509166549|P_EXP_DT=20251031
    [P_RMESG2] => 
    [P_NOTI] => 
    [P_AUTH_NO] => 
)

 Array
(
    [PageCall time] => 20:40:26
    [P_TID] => INIMX_VBNKCAEcatca0720251021203706825260
    [P_MID] => CAEcatca07
    [P_AUTH_DT] => 20251021204026
    [P_STATUS] => 02
    [P_TYPE] => VBANK
    [P_OID] => 251021-046
    [P_FN_CD1] => 81
    [P_FN_CD2] => 
    [P_FN_NM] => 하나은행
    [P_AMT] => 3000
    [P_UNAME] => 유영희
    [P_RMESG1] => P_VACCT_NO=20893884439437|P_EXP_DT=20251031
    [P_RMESG2] => 
    [P_NOTI] => 
    [P_AUTH_NO] => 
)

 Array
(
    [PageCall time] => 22:56:41
    [P_TID] => INIMX_VBNKCAEcatca0720251021225319785150
    [P_MID] => CAEcatca07
    [P_AUTH_DT] => 20251021225641
    [P_STATUS] => 02
    [P_TYPE] => VBANK
    [P_OID] => 251021-048
    [P_FN_CD1] => 88
    [P_FN_CD2] => 
    [P_FN_NM] => 신한은행
    [P_AMT] => 3000
    [P_UNAME] => 이대욱
    [P_RMESG1] => P_VACCT_NO=56211104292380|P_EXP_DT=20251031
    [P_RMESG2] => 
    [P_NOTI] => 
    [P_AUTH_NO] => 
)

 Array
(
    [PageCall time] => 23:32:04
    [P_TID] => INIMX_VBNKCAEcatca0720251021232855245061
    [P_MID] => CAEcatca07
    [P_AUTH_DT] => 20251021233204
    [P_STATUS] => 02
    [P_TYPE] => VBANK
    [P_OID] => 251021-049
    [P_FN_CD1] => 81
    [P_FN_CD2] => 
    [P_FN_NM] => 하나은행
    [P_AMT] => 3000
    [P_UNAME] => 장일성
    [P_RMESG1] => P_VACCT_NO=20893885035037|P_EXP_DT=20251031
    [P_RMESG2] => 
    [P_NOTI] => 
    [P_AUTH_NO] => 
)

