 Array
(
    [PageCall time] => 10:07:48
    [P_TID] => INIMX_VBNKCAEcatca0720260112100612005572
    [P_MID] => CAEcatca07
    [P_AUTH_DT] => 20260112100748
    [P_STATUS] => 02
    [P_TYPE] => VBANK
    [P_OID] => 260112-003
    [P_FN_CD1] => 11
    [P_FN_CD2] => 
    [P_FN_NM] => NH농협은행
    [P_AMT] => 3500
    [P_UNAME] => 장리연
    [P_RMESG1] => P_VACCT_NO=79010590806066|P_EXP_DT=20260122
    [P_RMESG2] => 
    [P_NOTI] => 
    [P_AUTH_NO] => 
)

 Array
(
    [PageCall time] => 10:22:00
    [P_TID] => INIMX_VBNKCAEcatca0720260112101802915430
    [P_MID] => CAEcatca07
    [P_AUTH_DT] => 20260112102200
    [P_STATUS] => 02
    [P_TYPE] => VBANK
    [P_OID] => 260112-004
    [P_FN_CD1] => 03
    [P_FN_CD2] => 
    [P_FN_NM] => 기업은행
    [P_AMT] => 3500
    [P_UNAME] => 김귀련
    [P_RMESG1] => P_VACCT_NO=07500644197799|P_EXP_DT=20260122
    [P_RMESG2] => 
    [P_NOTI] => 
    [P_AUTH_NO] => 
)

 Array
(
    [PageCall time] => 10:28:29
    [P_TID] => INIMX_VBNKCAEcatca0720260112102733815391
    [P_MID] => CAEcatca07
    [P_AUTH_DT] => 20260112102829
    [P_STATUS] => 02
    [P_TYPE] => VBANK
    [P_OID] => 260112-005
    [P_FN_CD1] => 11
    [P_FN_CD2] => 
    [P_FN_NM] => NH농협은행
    [P_AMT] => 3500
    [P_UNAME] => 한승우
    [P_RMESG1] => P_VACCT_NO=79010590812261|P_EXP_DT=20260122
    [P_RMESG2] => 
    [P_NOTI] => 
    [P_AUTH_NO] => 
)

 Array
(
    [PageCall time] => 10:46:44
    [P_TID] => INIMX_VBNKCAEcatca0720260112104357645069
    [P_MID] => CAEcatca07
    [P_AUTH_DT] => 20260112104644
    [P_STATUS] => 02
    [P_TYPE] => VBANK
    [P_OID] => 260112-007
    [P_FN_CD1] => 81
    [P_FN_CD2] => 
    [P_FN_NM] => 하나은행
    [P_AMT] => 3500
    [P_UNAME] => 김경란
    [P_RMESG1] => P_VACCT_NO=20893907487837|P_EXP_DT=20260122
    [P_RMESG2] => 
    [P_NOTI] => 
    [P_AUTH_NO] => 
)

 Array
(
    [PageCall time] => 11:08:07
    [P_TID] => INIMX_VBNKCAEcatca0720260112110415745287
    [P_MID] => CAEcatca07
    [P_AUTH_DT] => 20260112110807
    [P_STATUS] => 02
    [P_TYPE] => VBANK
    [P_OID] => 260112-008
    [P_FN_CD1] => 03
    [P_FN_CD2] => 
    [P_FN_NM] => 기업은행
    [P_AMT] => 3500
    [P_UNAME] => 조애자
    [P_RMESG1] => P_VACCT_NO=07500646397332|P_EXP_DT=20260122
    [P_RMESG2] => 
    [P_NOTI] => 
    [P_AUTH_NO] => 
)

 Array
(
    [PageCall time] => 11:22:52
    [P_TID] => INIMX_VBNKCAEcatca0720260112111943265119
    [P_MID] => CAEcatca07
    [P_AUTH_DT] => 20260112112252
    [P_STATUS] => 02
    [P_TYPE] => VBANK
    [P_OID] => 260112-009
    [P_FN_CD1] => 81
    [P_FN_CD2] => 
    [P_FN_NM] => 하나은행
    [P_AMT] => 3500
    [P_UNAME] => 명순영
    [P_RMESG1] => P_VACCT_NO=20893907658937|P_EXP_DT=20260122
    [P_RMESG2] => 
    [P_NOTI] => 
    [P_AUTH_NO] => 
)

 Array
(
    [PageCall time] => 12:43:04
    [P_TID] => INIMX_VBNKCAEcatca0720260112124018875723
    [P_MID] => CAEcatca07
    [P_AUTH_DT] => 20260112124304
    [P_STATUS] => 02
    [P_TYPE] => VBANK
    [P_OID] => 260112-014
    [P_FN_CD1] => 88
    [P_FN_CD2] => 
    [P_FN_NM] => 신한은행
    [P_AMT] => 3500
    [P_UNAME] => 정재용
    [P_RMESG1] => P_VACCT_NO=56213170640594|P_EXP_DT=20260122
    [P_RMESG2] => 
    [P_NOTI] => 
    [P_AUTH_NO] => 
)

 Array
(
    [PageCall time] => 13:10:21
    [P_TID] => INIMX_VBNKCAEcatca0720260112130930385772
    [P_MID] => CAEcatca07
    [P_AUTH_DT] => 20260112131021
    [P_STATUS] => 02
    [P_TYPE] => VBANK
    [P_OID] => 260112-015
    [P_FN_CD1] => 11
    [P_FN_CD2] => 
    [P_FN_NM] => NH농협은행
    [P_AMT] => 3500
    [P_UNAME] => 박병준
    [P_RMESG1] => P_VACCT_NO=79010590839795|P_EXP_DT=20260122
    [P_RMESG2] => 
    [P_NOTI] => 
    [P_AUTH_NO] => 
)

 Array
(
    [PageCall time] => 13:26:54
    [P_TID] => INIMX_VBNKCAEcatca0720260112132627955500
    [P_MID] => CAEcatca07
    [P_AUTH_DT] => 20260112132654
    [P_STATUS] => 02
    [P_TYPE] => VBANK
    [P_OID] => 260112-017
    [P_FN_CD1] => 11
    [P_FN_CD2] => 
    [P_FN_NM] => NH농협은행
    [P_AMT] => 3500
    [P_UNAME] => 유재원
    [P_RMESG1] => P_VACCT_NO=79010590841935|P_EXP_DT=20260122
    [P_RMESG2] => 
    [P_NOTI] => 
    [P_AUTH_NO] => 
)

 Array
(
    [PageCall time] => 13:37:41
    [P_TID] => INIMX_VBNKCAEcatca0720260112133635615850
    [P_MID] => CAEcatca07
    [P_AUTH_DT] => 20260112133741
    [P_STATUS] => 02
    [P_TYPE] => VBANK
    [P_OID] => 260112-016
    [P_FN_CD1] => 11
    [P_FN_CD2] => 
    [P_FN_NM] => NH농협은행
    [P_AMT] => 3500
    [P_UNAME] => 이상호
    [P_RMESG1] => P_VACCT_NO=79010590842915|P_EXP_DT=20260122
    [P_RMESG2] => 
    [P_NOTI] => 
    [P_AUTH_NO] => 
)

 Array
(
    [PageCall time] => 13:55:29
    [P_TID] => INIMX_VBNKCAEcatca0720260112134942255683
    [P_MID] => CAEcatca07
    [P_AUTH_DT] => 20260112135529
    [P_STATUS] => 02
    [P_TYPE] => VBANK
    [P_OID] => 260112-019
    [P_FN_CD1] => 04
    [P_FN_CD2] => 
    [P_FN_NM] => KB국민은행
    [P_AMT] => 3500
    [P_UNAME] => 최동숙
    [P_RMESG1] => P_VACCT_NO=60539014445549|P_EXP_DT=20260122
    [P_RMESG2] => 
    [P_NOTI] => 
    [P_AUTH_NO] => 
)

 Array
(
    [PageCall time] => 14:44:21
    [P_TID] => INIMX_VBNKCAEcatca0720260112144144845076
    [P_MID] => CAEcatca07
    [P_AUTH_DT] => 20260112144421
    [P_STATUS] => 02
    [P_TYPE] => VBANK
    [P_OID] => 260112-024
    [P_FN_CD1] => 04
    [P_FN_CD2] => 
    [P_FN_NM] => KB국민은행
    [P_AMT] => 3500
    [P_UNAME] => 윤정훈
    [P_RMESG1] => P_VACCT_NO=60539014452046|P_EXP_DT=20260122
    [P_RMESG2] => 
    [P_NOTI] => 
    [P_AUTH_NO] => 
)

 Array
(
    [PageCall time] => 14:45:33
    [P_TID] => INIMX_VBNKCAEcatca0720260112144312235810
    [P_MID] => CAEcatca07
    [P_AUTH_DT] => 20260112144533
    [P_STATUS] => 02
    [P_TYPE] => VBANK
    [P_OID] => 260112-023
    [P_FN_CD1] => 11
    [P_FN_CD2] => 
    [P_FN_NM] => NH농협은행
    [P_AMT] => 3500
    [P_UNAME] => 박용기
    [P_RMESG1] => P_VACCT_NO=79010590852222|P_EXP_DT=20260122
    [P_RMESG2] => 
    [P_NOTI] => 
    [P_AUTH_NO] => 
)

 Array
(
    [PageCall time] => 14:47:14
    [P_TID] => INIMX_VBNKCAEcatca0720260112144338935819
    [P_MID] => CAEcatca07
    [P_AUTH_DT] => 20260112144714
    [P_STATUS] => 02
    [P_TYPE] => VBANK
    [P_OID] => 260112-002
    [P_FN_CD1] => 81
    [P_FN_CD2] => 
    [P_FN_NM] => 하나은행
    [P_AMT] => 3500
    [P_UNAME] => 중부아이윌센터
    [P_RMESG1] => P_VACCT_NO=20893909394537|P_EXP_DT=20260122
    [P_RMESG2] => 
    [P_NOTI] => 
    [P_AUTH_NO] => 
)

 Array
(
    [PageCall time] => 14:48:39
    [P_TID] => INIMX_VBNKCAEcatca0720260112144510815210
    [P_MID] => CAEcatca07
    [P_AUTH_DT] => 20260112144839
    [P_STATUS] => 02
    [P_TYPE] => VBANK
    [P_OID] => 260112-025
    [P_FN_CD1] => 88
    [P_FN_CD2] => 
    [P_FN_NM] => 신한은행
    [P_AMT] => 3500
    [P_UNAME] => 서동매
    [P_RMESG1] => P_VACCT_NO=56213170648970|P_EXP_DT=20260122
    [P_RMESG2] => 
    [P_NOTI] => 
    [P_AUTH_NO] => 
)

 Array
(
    [PageCall time] => 14:54:42
    [P_TID] => INIMX_VBNKCAEcatca0720260112145134345126
    [P_MID] => CAEcatca07
    [P_AUTH_DT] => 20260112145442
    [P_STATUS] => 02
    [P_TYPE] => VBANK
    [P_OID] => 260112-026
    [P_FN_CD1] => 11
    [P_FN_CD2] => 
    [P_FN_NM] => NH농협은행
    [P_AMT] => 3500
    [P_UNAME] => 윤옥주
    [P_RMESG1] => P_VACCT_NO=79010590854371|P_EXP_DT=20260122
    [P_RMESG2] => 
    [P_NOTI] => 
    [P_AUTH_NO] => 
)

 Array
(
    [PageCall time] => 15:05:43
    [P_TID] => INIMX_VBNKCAEcatca0720260112150308605425
    [P_MID] => CAEcatca07
    [P_AUTH_DT] => 20260112150543
    [P_STATUS] => 02
    [P_TYPE] => VBANK
    [P_OID] => 260112-027
    [P_FN_CD1] => 31
    [P_FN_CD2] => 
    [P_FN_NM] => 아이엠뱅크(대구은행)
    [P_AMT] => 3500
    [P_UNAME] => 이상효
    [P_RMESG1] => P_VACCT_NO=9600362632364|P_EXP_DT=20260122
    [P_RMESG2] => 
    [P_NOTI] => 
    [P_AUTH_NO] => 
)

 Array
(
    [PageCall time] => 15:30:06
    [P_TID] => INIMX_VBNKCAEcatca0720260108172144725074
    [P_MID] => CAEcatca07
    [P_AUTH_DT] => 20260112153006
    [P_STATUS] => 02
    [P_TYPE] => VBANK
    [P_OID] => 260106-020
    [P_FN_CD1] => 88
    [P_FN_CD2] => 
    [P_FN_NM] => 신한은행
    [P_AMT] => 3500
    [P_UNAME] => 서울센트럴
    [P_RMESG1] => P_VACCT_NO=56211992979154|P_EXP_DT=20260118
    [P_RMESG2] => 
    [P_NOTI] => 
    [P_AUTH_NO] => 
)

 Array
(
    [PageCall time] => 15:44:12
    [P_TID] => INIMX_VBNKCAEcatca0720260112154134545761
    [P_MID] => CAEcatca07
    [P_AUTH_DT] => 20260112154412
    [P_STATUS] => 02
    [P_TYPE] => VBANK
    [P_OID] => 260112-029
    [P_FN_CD1] => 04
    [P_FN_CD2] => 
    [P_FN_NM] => KB국민은행
    [P_AMT] => 3500
    [P_UNAME] => 백윤미
    [P_RMESG1] => P_VACCT_NO=60539014459959|P_EXP_DT=20260122
    [P_RMESG2] => 
    [P_NOTI] => 
    [P_AUTH_NO] => 
)

 Array
(
    [PageCall time] => 15:44:29
    [P_TID] => INIMX_VBNKCAEcatca0720260112154330205623
    [P_MID] => CAEcatca07
    [P_AUTH_DT] => 20260112154429
    [P_STATUS] => 02
    [P_TYPE] => VBANK
    [P_OID] => 260112-031
    [P_FN_CD1] => 11
    [P_FN_CD2] => 
    [P_FN_NM] => NH농협은행
    [P_AMT] => 3500
    [P_UNAME] => 박세은
    [P_RMESG1] => P_VACCT_NO=79010590861752|P_EXP_DT=20260122
    [P_RMESG2] => 
    [P_NOTI] => 
    [P_AUTH_NO] => 
)

 Array
(
    [PageCall time] => 15:46:02
    [P_TID] => INIMX_VBNKCAEcatca0720260112154318545367
    [P_MID] => CAEcatca07
    [P_AUTH_DT] => 20260112154602
    [P_STATUS] => 02
    [P_TYPE] => VBANK
    [P_OID] => 260112-030
    [P_FN_CD1] => 88
    [P_FN_CD2] => 
    [P_FN_NM] => 신한은행
    [P_AMT] => 3500
    [P_UNAME] => 정수정
    [P_RMESG1] => P_VACCT_NO=56213170653117|P_EXP_DT=20260122
    [P_RMESG2] => 
    [P_NOTI] => 
    [P_AUTH_NO] => 
)

 Array
(
    [PageCall time] => 15:49:37
    [P_TID] => INIMX_VBNKCAEcatca0720260112154651695793
    [P_MID] => CAEcatca07
    [P_AUTH_DT] => 20260112154937
    [P_STATUS] => 02
    [P_TYPE] => VBANK
    [P_OID] => 260112-021
    [P_FN_CD1] => 81
    [P_FN_CD2] => 
    [P_FN_NM] => 하나은행
    [P_AMT] => 3500
    [P_UNAME] => 김무영
    [P_RMESG1] => P_VACCT_NO=20893909758437|P_EXP_DT=20260122
    [P_RMESG2] => 
    [P_NOTI] => 
    [P_AUTH_NO] => 
)

 Array
(
    [PageCall time] => 16:00:04
    [P_TID] => INIMX_VBNKCAEcatca0720260112155718915029
    [P_MID] => CAEcatca07
    [P_AUTH_DT] => 20260112160004
    [P_STATUS] => 02
    [P_TYPE] => VBANK
    [P_OID] => 260112-033
    [P_FN_CD1] => 88
    [P_FN_CD2] => 
    [P_FN_NM] => 신한은행
    [P_AMT] => 3500
    [P_UNAME] => 임가람
    [P_RMESG1] => P_VACCT_NO=56213170653870|P_EXP_DT=20260122
    [P_RMESG2] => 
    [P_NOTI] => 
    [P_AUTH_NO] => 
)

 Array
(
    [PageCall time] => 17:12:20
    [P_TID] => INIMX_VBNKCAEcatca0720260112170927235472
    [P_MID] => CAEcatca07
    [P_AUTH_DT] => 20260112171220
    [P_STATUS] => 02
    [P_TYPE] => VBANK
    [P_OID] => 260112-035
    [P_FN_CD1] => 04
    [P_FN_CD2] => 
    [P_FN_NM] => KB국민은행
    [P_AMT] => 3500
    [P_UNAME] => 백수영
    [P_RMESG1] => P_VACCT_NO=60539014470259|P_EXP_DT=20260122
    [P_RMESG2] => 
    [P_NOTI] => 
    [P_AUTH_NO] => 
)

 Array
(
    [PageCall time] => 17:21:28
    [P_TID] => INIMX_VBNKCAEcatca0720260112171808645185
    [P_MID] => CAEcatca07
    [P_AUTH_DT] => 20260112172128
    [P_STATUS] => 02
    [P_TYPE] => VBANK
    [P_OID] => 260112-036
    [P_FN_CD1] => 04
    [P_FN_CD2] => 
    [P_FN_NM] => KB국민은행
    [P_AMT] => 3500
    [P_UNAME] => 이은주
    [P_RMESG1] => P_VACCT_NO=60539014471214|P_EXP_DT=20260122
    [P_RMESG2] => 
    [P_NOTI] => 
    [P_AUTH_NO] => 
)

 Array
(
    [PageCall time] => 17:23:39
    [P_TID] => INIMX_VBNKCAEcatca0720260112154448155913
    [P_MID] => CAEcatca07
    [P_AUTH_DT] => 20260112172339
    [P_STATUS] => 02
    [P_TYPE] => VBANK
    [P_OID] => 260112-032
    [P_FN_CD1] => 81
    [P_FN_CD2] => 
    [P_FN_NM] => 하나은행
    [P_AMT] => 3500
    [P_UNAME] => 김상은
    [P_RMESG1] => P_VACCT_NO=20893909756137|P_EXP_DT=20260122
    [P_RMESG2] => 
    [P_NOTI] => 
    [P_AUTH_NO] => 
)

 Array
(
    [PageCall time] => 17:27:09
    [P_TID] => INIMX_VBNKCAEcatca0720260112172414295578
    [P_MID] => CAEcatca07
    [P_AUTH_DT] => 20260112172709
    [P_STATUS] => 02
    [P_TYPE] => VBANK
    [P_OID] => 260112-038
    [P_FN_CD1] => 20
    [P_FN_CD2] => 
    [P_FN_NM] => 우리은행
    [P_AMT] => 3500
    [P_UNAME] => 박혜원
    [P_RMESG1] => P_VACCT_NO=27489337718210|P_EXP_DT=20260122
    [P_RMESG2] => 
    [P_NOTI] => 
    [P_AUTH_NO] => 
)

 Array
(
    [PageCall time] => 17:54:39
    [P_TID] => INIMX_VBNKCAEcatca0720260112173836885921
    [P_MID] => CAEcatca07
    [P_AUTH_DT] => 20260112175439
    [P_STATUS] => 02
    [P_TYPE] => VBANK
    [P_OID] => 260112-037
    [P_FN_CD1] => 11
    [P_FN_CD2] => 
    [P_FN_NM] => NH농협은행
    [P_AMT] => 3500
    [P_UNAME] => 이명숙
    [P_RMESG1] => P_VACCT_NO=79010590876044|P_EXP_DT=20260122
    [P_RMESG2] => 
    [P_NOTI] => 
    [P_AUTH_NO] => 
)

 Array
(
    [PageCall time] => 18:22:24
    [P_TID] => INIMX_VBNKCAEcatca0720260112181957545632
    [P_MID] => CAEcatca07
    [P_AUTH_DT] => 20260112182224
    [P_STATUS] => 02
    [P_TYPE] => VBANK
    [P_OID] => 260112-022
    [P_FN_CD1] => 04
    [P_FN_CD2] => 
    [P_FN_NM] => KB국민은행
    [P_AMT] => 3500
    [P_UNAME] => 김가현
    [P_RMESG1] => P_VACCT_NO=60539014476871|P_EXP_DT=20260122
    [P_RMESG2] => 
    [P_NOTI] => 
    [P_AUTH_NO] => 
)

 Array
(
    [PageCall time] => 20:13:21
    [P_TID] => INIMX_VBNKCAEcatca0720260112200801325620
    [P_MID] => CAEcatca07
    [P_AUTH_DT] => 20260112201321
    [P_STATUS] => 02
    [P_TYPE] => VBANK
    [P_OID] => 260112-041
    [P_FN_CD1] => 89
    [P_FN_CD2] => 
    [P_FN_NM] => 케이뱅크
    [P_AMT] => 3500
    [P_UNAME] => 손효정
    [P_RMESG1] => P_VACCT_NO=70112003291994|P_EXP_DT=20260122
    [P_RMESG2] => 
    [P_NOTI] => 
    [P_AUTH_NO] => 
)

 Array
(
    [PageCall time] => 21:13:06
    [P_TID] => INIMX_VBNKCAEcatca0720260112211011265195
    [P_MID] => CAEcatca07
    [P_AUTH_DT] => 20260112211306
    [P_STATUS] => 02
    [P_TYPE] => VBANK
    [P_OID] => 260112-044
    [P_FN_CD1] => 04
    [P_FN_CD2] => 
    [P_FN_NM] => KB국민은행
    [P_AMT] => 3500
    [P_UNAME] => 이호빈
    [P_RMESG1] => P_VACCT_NO=60539014494620|P_EXP_DT=20260122
    [P_RMESG2] => 
    [P_NOTI] => 
    [P_AUTH_NO] => 
)

 Array
(
    [PageCall time] => 22:41:23
    [P_TID] => INIMX_VBNKCAEcatca0720260112113424375851
    [P_MID] => CAEcatca07
    [P_AUTH_DT] => 20260112224123
    [P_STATUS] => 02
    [P_TYPE] => VBANK
    [P_OID] => 260112-010
    [P_FN_CD1] => 04
    [P_FN_CD2] => 
    [P_FN_NM] => KB국민은행
    [P_AMT] => 3500
    [P_UNAME] => 이규일
    [P_RMESG1] => P_VACCT_NO=60539014426959|P_EXP_DT=20260122
    [P_RMESG2] => 
    [P_NOTI] => 
    [P_AUTH_NO] => 
)

 Array
(
    [PageCall time] => 22:55:44
    [P_TID] => INIMX_VBNKCAEcatca0720260112224956875466
    [P_MID] => CAEcatca07
    [P_AUTH_DT] => 20260112225544
    [P_STATUS] => 02
    [P_TYPE] => VBANK
    [P_OID] => 260112-046
    [P_FN_CD1] => 04
    [P_FN_CD2] => 
    [P_FN_NM] => KB국민은행
    [P_AMT] => 3500
    [P_UNAME] => 김민식
    [P_RMESG1] => P_VACCT_NO=60539014503539|P_EXP_DT=20260122
    [P_RMESG2] => 
    [P_NOTI] => 
    [P_AUTH_NO] => 
)

