 Array
(
    [PageCall time] => 08:09:33
    [P_TID] => INIMX_VBNKCAEcatca0720250508080637685854
    [P_MID] => CAEcatca07
    [P_AUTH_DT] => 20250508080933
    [P_STATUS] => 02
    [P_TYPE] => VBANK
    [P_OID] => 250508-001
    [P_FN_CD1] => 20
    [P_FN_CD2] => 
    [P_FN_NM] => 우리은행
    [P_AMT] => 3000
    [P_UNAME] => 이용익
    [P_RMESG1] => P_VACCT_NO=27489281818638|P_EXP_DT=20250518
    [P_RMESG2] => 
    [P_NOTI] => 
    [P_AUTH_NO] => 
)

 Array
(
    [PageCall time] => 08:42:33
    [P_TID] => INIMX_VBNKCAEcatca0720250508084210855017
    [P_MID] => CAEcatca07
    [P_AUTH_DT] => 20250508084233
    [P_STATUS] => 02
    [P_TYPE] => VBANK
    [P_OID] => 250508-003
    [P_FN_CD1] => 71
    [P_FN_CD2] => 
    [P_FN_NM] => 우체국
    [P_AMT] => 3000
    [P_UNAME] => 김소희
    [P_RMESG1] => P_VACCT_NO=01398781263046|P_EXP_DT=20250518
    [P_RMESG2] => 
    [P_NOTI] => 
    [P_AUTH_NO] => 
)

 Array
(
    [PageCall time] => 10:25:53
    [P_TID] => INIMX_VBNKCAEcatca0720250508102458685474
    [P_MID] => CAEcatca07
    [P_AUTH_DT] => 20250508102553
    [P_STATUS] => 02
    [P_TYPE] => VBANK
    [P_OID] => 250508-006
    [P_FN_CD1] => 11
    [P_FN_CD2] => 
    [P_FN_NM] => NH농협은행
    [P_AMT] => 3000
    [P_UNAME] => 공인숙
    [P_RMESG1] => P_VACCT_NO=79015903165214|P_EXP_DT=20250518
    [P_RMESG2] => 
    [P_NOTI] => 
    [P_AUTH_NO] => 
)

 Array
(
    [PageCall time] => 11:24:21
    [P_TID] => INIMX_VBNKCAEcatca0720250508112139685131
    [P_MID] => CAEcatca07
    [P_AUTH_DT] => 20250508112421
    [P_STATUS] => 02
    [P_TYPE] => VBANK
    [P_OID] => 250508-010
    [P_FN_CD1] => 88
    [P_FN_CD2] => 
    [P_FN_NM] => 신한은행
    [P_AMT] => 3000
    [P_UNAME] => 김진이
    [P_RMESG1] => P_VACCT_NO=56211102788851|P_EXP_DT=20250518
    [P_RMESG2] => 
    [P_NOTI] => 
    [P_AUTH_NO] => 
)

 Array
(
    [PageCall time] => 11:27:23
    [P_TID] => INIMX_VBNKCAEcatca0720250508112417405050
    [P_MID] => CAEcatca07
    [P_AUTH_DT] => 20250508112723
    [P_STATUS] => 02
    [P_TYPE] => VBANK
    [P_OID] => 250508-008
    [P_FN_CD1] => 88
    [P_FN_CD2] => 
    [P_FN_NM] => 신한은행
    [P_AMT] => 3000
    [P_UNAME] => 임진수
    [P_RMESG1] => P_VACCT_NO=56211102789143|P_EXP_DT=20250518
    [P_RMESG2] => 
    [P_NOTI] => 
    [P_AUTH_NO] => 
)

 Array
(
    [PageCall time] => 12:49:52
    [P_TID] => INIMX_VBNKCAEcatca0720250508124202654056
    [P_MID] => CAEcatca07
    [P_AUTH_DT] => 20250508124952
    [P_STATUS] => 02
    [P_TYPE] => VBANK
    [P_OID] => 250508-012
    [P_FN_CD1] => 11
    [P_FN_CD2] => 
    [P_FN_NM] => NH농협은행
    [P_AMT] => 3000
    [P_UNAME] => 김수환
    [P_RMESG1] => P_VACCT_NO=79003186684449|P_EXP_DT=20250518
    [P_RMESG2] => 
    [P_NOTI] => 
    [P_AUTH_NO] => 
)

 Array
(
    [PageCall time] => 13:45:54
    [P_TID] => INIMX_VBNKCAEcatca0720250508134148904524
    [P_MID] => CAEcatca07
    [P_AUTH_DT] => 20250508134553
    [P_STATUS] => 02
    [P_TYPE] => VBANK
    [P_OID] => 250508-011
    [P_FN_CD1] => 03
    [P_FN_CD2] => 
    [P_FN_NM] => 기업은행
    [P_AMT] => 3000
    [P_UNAME] => 이지원
    [P_RMESG1] => P_VACCT_NO=07503387897842|P_EXP_DT=20250518
    [P_RMESG2] => 
    [P_NOTI] => 
    [P_AUTH_NO] => 
)

 Array
(
    [PageCall time] => 15:03:57
    [P_TID] => INIMX_VBNKCAEcatca0720250508150051274655
    [P_MID] => CAEcatca07
    [P_AUTH_DT] => 20250508150357
    [P_STATUS] => 02
    [P_TYPE] => VBANK
    [P_OID] => 250508-016
    [P_FN_CD1] => 81
    [P_FN_CD2] => 
    [P_FN_NM] => 하나은행
    [P_AMT] => 3000
    [P_UNAME] => 조용민
    [P_RMESG1] => P_VACCT_NO=58390949607437|P_EXP_DT=20250518
    [P_RMESG2] => 
    [P_NOTI] => 
    [P_AUTH_NO] => 
)

 Array
(
    [PageCall time] => 15:16:33
    [P_TID] => INIMX_VBNKCAEcatca0720250508151340444040
    [P_MID] => CAEcatca07
    [P_AUTH_DT] => 20250508151633
    [P_STATUS] => 02
    [P_TYPE] => VBANK
    [P_OID] => 250508-017
    [P_FN_CD1] => 11
    [P_FN_CD2] => 
    [P_FN_NM] => NH농협은행
    [P_AMT] => 3000
    [P_UNAME] => 최영미
    [P_RMESG1] => P_VACCT_NO=79003186697432|P_EXP_DT=20250518
    [P_RMESG2] => 
    [P_NOTI] => 
    [P_AUTH_NO] => 
)

 Array
(
    [PageCall time] => 15:23:11
    [P_TID] => INIMX_VBNKCAEcatca0720250508151955594681
    [P_MID] => CAEcatca07
    [P_AUTH_DT] => 20250508152311
    [P_STATUS] => 02
    [P_TYPE] => VBANK
    [P_OID] => 250508-019
    [P_FN_CD1] => 20
    [P_FN_CD2] => 
    [P_FN_NM] => 우리은행
    [P_AMT] => 3000
    [P_UNAME] => 호원가든１차＠입주자대표회의
    [P_RMESG1] => P_VACCT_NO=61842411318348|P_EXP_DT=20250518
    [P_RMESG2] => 
    [P_NOTI] => 
    [P_AUTH_NO] => 
)

 Array
(
    [PageCall time] => 16:04:25
    [P_TID] => INIMX_VBNKCAEcatca0720250508160242784081
    [P_MID] => CAEcatca07
    [P_AUTH_DT] => 20250508160425
    [P_STATUS] => 02
    [P_TYPE] => VBANK
    [P_OID] => 250508-002
    [P_FN_CD1] => 04
    [P_FN_CD2] => 
    [P_FN_NM] => KB국민은행
    [P_AMT] => 3000
    [P_UNAME] => 남서울CC
    [P_RMESG1] => P_VACCT_NO=88009011775561|P_EXP_DT=20250518
    [P_RMESG2] => 
    [P_NOTI] => 
    [P_AUTH_NO] => 
)

 Array
(
    [PageCall time] => 16:21:34
    [P_TID] => INIMX_VBNKCAEcatca0720250507235234505861
    [P_MID] => CAEcatca07
    [P_AUTH_DT] => 20250508162134
    [P_STATUS] => 02
    [P_TYPE] => VBANK
    [P_OID] => 250507-057
    [P_FN_CD1] => 04
    [P_FN_CD2] => 
    [P_FN_NM] => KB국민은행
    [P_AMT] => 3000
    [P_UNAME] => 박진영
    [P_RMESG1] => P_VACCT_NO=60519014121618|P_EXP_DT=20250517
    [P_RMESG2] => 
    [P_NOTI] => 
    [P_AUTH_NO] => 
)

 Array
(
    [PageCall time] => 18:32:36
    [P_TID] => INIMX_VBNKCAEcatca0720250508182956264213
    [P_MID] => CAEcatca07
    [P_AUTH_DT] => 20250508183236
    [P_STATUS] => 02
    [P_TYPE] => VBANK
    [P_OID] => 250508-026
    [P_FN_CD1] => 04
    [P_FN_CD2] => 
    [P_FN_NM] => KB국민은행
    [P_AMT] => 3000
    [P_UNAME] => 권혁희
    [P_RMESG1] => P_VACCT_NO=88009011819320|P_EXP_DT=20250518
    [P_RMESG2] => 
    [P_NOTI] => 
    [P_AUTH_NO] => 
)

 Array
(
    [PageCall time] => 18:49:05
    [P_TID] => INIMX_VBNKCAEcatca0720250508172800764074
    [P_MID] => CAEcatca07
    [P_AUTH_DT] => 20250508184905
    [P_STATUS] => 02
    [P_TYPE] => VBANK
    [P_OID] => 250508-020
    [P_FN_CD1] => 11
    [P_FN_CD2] => 
    [P_FN_NM] => NH농협은행
    [P_AMT] => 3000
    [P_UNAME] => 김순애
    [P_RMESG1] => P_VACCT_NO=79003186713851|P_EXP_DT=20250518
    [P_RMESG2] => 
    [P_NOTI] => 
    [P_AUTH_NO] => 
)

 Array
(
    [PageCall time] => 19:05:31
    [P_TID] => INIMX_VBNKCAEcatca0720250508190351174302
    [P_MID] => CAEcatca07
    [P_AUTH_DT] => 20250508190531
    [P_STATUS] => 02
    [P_TYPE] => VBANK
    [P_OID] => 250508-027
    [P_FN_CD1] => 11
    [P_FN_CD2] => 
    [P_FN_NM] => NH농협은행
    [P_AMT] => 3000
    [P_UNAME] => 경숙
    [P_RMESG1] => P_VACCT_NO=79003186720478|P_EXP_DT=20250518
    [P_RMESG2] => 
    [P_NOTI] => 
    [P_AUTH_NO] => 
)

 Array
(
    [PageCall time] => 19:24:49
    [P_TID] => INIMX_VBNKCAEcatca0720250508192409314075
    [P_MID] => CAEcatca07
    [P_AUTH_DT] => 20250508192449
    [P_STATUS] => 02
    [P_TYPE] => VBANK
    [P_OID] => 250508-028
    [P_FN_CD1] => 11
    [P_FN_CD2] => 
    [P_FN_NM] => NH농협은행
    [P_AMT] => 3000
    [P_UNAME] => 이주연
    [P_RMESG1] => P_VACCT_NO=79003186721604|P_EXP_DT=20250518
    [P_RMESG2] => 
    [P_NOTI] => 
    [P_AUTH_NO] => 
)

 Array
(
    [PageCall time] => 20:14:14
    [P_TID] => INIMX_VBNKCAEcatca0720250508201333574533
    [P_MID] => CAEcatca07
    [P_AUTH_DT] => 20250508201414
    [P_STATUS] => 02
    [P_TYPE] => VBANK
    [P_OID] => 250508-029
    [P_FN_CD1] => 04
    [P_FN_CD2] => 
    [P_FN_NM] => KB국민은행
    [P_AMT] => 3000
    [P_UNAME] => 서청원
    [P_RMESG1] => P_VACCT_NO=88009011831995|P_EXP_DT=20250518
    [P_RMESG2] => 
    [P_NOTI] => 
    [P_AUTH_NO] => 
)

 Array
(
    [PageCall time] => 20:30:07
    [P_TID] => INIMX_VBNKCAEcatca0720250508202653415462
    [P_MID] => CAEcatca07
    [P_AUTH_DT] => 20250508203007
    [P_STATUS] => 02
    [P_TYPE] => VBANK
    [P_OID] => 250508-030
    [P_FN_CD1] => 88
    [P_FN_CD2] => 
    [P_FN_NM] => 신한은행
    [P_AMT] => 3000
    [P_UNAME] => 황귀연
    [P_RMESG1] => P_VACCT_NO=56211102847013|P_EXP_DT=20250518
    [P_RMESG2] => 
    [P_NOTI] => 
    [P_AUTH_NO] => 
)

 Array
(
    [PageCall time] => 21:17:54
    [P_TID] => INIMX_VBNKCAEcatca0720250508211517525866
    [P_MID] => CAEcatca07
    [P_AUTH_DT] => 20250508211754
    [P_STATUS] => 02
    [P_TYPE] => VBANK
    [P_OID] => 250508-031
    [P_FN_CD1] => 31
    [P_FN_CD2] => 
    [P_FN_NM] => 아이엠뱅크(대구은행)
    [P_AMT] => 3000
    [P_UNAME] => 권미라
    [P_RMESG1] => P_VACCT_NO=9600362886774|P_EXP_DT=20250518
    [P_RMESG2] => 
    [P_NOTI] => 
    [P_AUTH_NO] => 
)

