 Array
(
    [PageCall time] => 03:19:21
    [P_TID] => INIMX_VBNKCAEcatca0720250917031436515571
    [P_MID] => CAEcatca07
    [P_AUTH_DT] => 20250917031921
    [P_STATUS] => 02
    [P_TYPE] => VBANK
    [P_OID] => 250915-022
    [P_FN_CD1] => 32
    [P_FN_CD2] => 
    [P_FN_NM] => 부산은행
    [P_AMT] => 3000
    [P_UNAME] => 고현숙
    [P_RMESG1] => P_VACCT_NO=109924013438|P_EXP_DT=20250927
    [P_RMESG2] => 
    [P_NOTI] => 
    [P_AUTH_NO] => 
)

 Array
(
    [PageCall time] => 08:33:15
    [P_TID] => INIMX_VBNKCAEcatca0720250917082950665040
    [P_MID] => CAEcatca07
    [P_AUTH_DT] => 20250917083315
    [P_STATUS] => 02
    [P_TYPE] => VBANK
    [P_OID] => 250917-002
    [P_FN_CD1] => 04
    [P_FN_CD2] => 
    [P_FN_NM] => KB국민은행
    [P_AMT] => 3000
    [P_UNAME] => 조남선
    [P_RMESG1] => P_VACCT_NO=26159078259539|P_EXP_DT=20250927
    [P_RMESG2] => 
    [P_NOTI] => 
    [P_AUTH_NO] => 
)

 Array
(
    [PageCall time] => 09:52:00
    [P_TID] => INIMX_VBNKCAEcatca0720250917094859325569
    [P_MID] => CAEcatca07
    [P_AUTH_DT] => 20250917095200
    [P_STATUS] => 02
    [P_TYPE] => VBANK
    [P_OID] => 250917-007
    [P_FN_CD1] => 03
    [P_FN_CD2] => 
    [P_FN_NM] => 기업은행
    [P_AMT] => 3000
    [P_UNAME] => 임윤환
    [P_RMESG1] => P_VACCT_NO=07502337997258|P_EXP_DT=20250927
    [P_RMESG2] => 
    [P_NOTI] => 
    [P_AUTH_NO] => 
)

 Array
(
    [PageCall time] => 10:35:29
    [P_TID] => INIMX_VBNKCAEcatca0720250917103220485312
    [P_MID] => CAEcatca07
    [P_AUTH_DT] => 20250917103529
    [P_STATUS] => 02
    [P_TYPE] => VBANK
    [P_OID] => 250917-009
    [P_FN_CD1] => 11
    [P_FN_CD2] => 
    [P_FN_NM] => NH농협은행
    [P_AMT] => 3000
    [P_UNAME] => 김미란
    [P_RMESG1] => P_VACCT_NO=79014506109166|P_EXP_DT=20250927
    [P_RMESG2] => 
    [P_NOTI] => 
    [P_AUTH_NO] => 
)

 Array
(
    [PageCall time] => 10:46:00
    [P_TID] => INIMX_VBNKCAEcatca0720250917104312305086
    [P_MID] => CAEcatca07
    [P_AUTH_DT] => 20250917104600
    [P_STATUS] => 02
    [P_TYPE] => VBANK
    [P_OID] => 250917-010
    [P_FN_CD1] => 81
    [P_FN_CD2] => 
    [P_FN_NM] => 하나은행
    [P_AMT] => 3000
    [P_UNAME] => 양미진
    [P_RMESG1] => P_VACCT_NO=20894310600437|P_EXP_DT=20250927
    [P_RMESG2] => 
    [P_NOTI] => 
    [P_AUTH_NO] => 
)

 Array
(
    [PageCall time] => 12:43:19
    [P_TID] => INIMX_VBNKCAEcatca0720250917124143775162
    [P_MID] => CAEcatca07
    [P_AUTH_DT] => 20250917124319
    [P_STATUS] => 02
    [P_TYPE] => VBANK
    [P_OID] => 250916-008
    [P_FN_CD1] => 11
    [P_FN_CD2] => 
    [P_FN_NM] => NH농협은행
    [P_AMT] => 3000
    [P_UNAME] => 김향복
    [P_RMESG1] => P_VACCT_NO=79014506125135|P_EXP_DT=20250927
    [P_RMESG2] => 
    [P_NOTI] => 
    [P_AUTH_NO] => 
)

 Array
(
    [PageCall time] => 13:39:52
    [P_TID] => INIMX_VBNKCAEcatca0720250917133922445831
    [P_MID] => CAEcatca07
    [P_AUTH_DT] => 20250917133951
    [P_STATUS] => 02
    [P_TYPE] => VBANK
    [P_OID] => 250917-013
    [P_FN_CD1] => 11
    [P_FN_CD2] => 
    [P_FN_NM] => NH농협은행
    [P_AMT] => 3000
    [P_UNAME] => 정유진
    [P_RMESG1] => P_VACCT_NO=79014506132693|P_EXP_DT=20250927
    [P_RMESG2] => 
    [P_NOTI] => 
    [P_AUTH_NO] => 
)

 Array
(
    [PageCall time] => 14:25:53
    [P_TID] => INIMX_VBNKCAEcatca0720250917142122195176
    [P_MID] => CAEcatca07
    [P_AUTH_DT] => 20250917142553
    [P_STATUS] => 02
    [P_TYPE] => VBANK
    [P_OID] => 250917-005
    [P_FN_CD1] => 31
    [P_FN_CD2] => 
    [P_FN_NM] => 아이엠뱅크(대구은행)
    [P_AMT] => 3000
    [P_UNAME] => 정윤경
    [P_RMESG1] => P_VACCT_NO=9600362162298|P_EXP_DT=20250927
    [P_RMESG2] => 
    [P_NOTI] => 
    [P_AUTH_NO] => 
)

 Array
(
    [PageCall time] => 15:14:25
    [P_TID] => INIMX_VBNKCAEcatca0720250917151130305118
    [P_MID] => CAEcatca07
    [P_AUTH_DT] => 20250917151425
    [P_STATUS] => 02
    [P_TYPE] => VBANK
    [P_OID] => 250917-022
    [P_FN_CD1] => 88
    [P_FN_CD2] => 
    [P_FN_NM] => 신한은행
    [P_AMT] => 3000
    [P_UNAME] => 함선희
    [P_RMESG1] => P_VACCT_NO=56211102369727|P_EXP_DT=20250927
    [P_RMESG2] => 
    [P_NOTI] => 
    [P_AUTH_NO] => 
)

 Array
(
    [PageCall time] => 16:01:35
    [P_TID] => INIMX_VBNKCAEcatca0720250917155702265378
    [P_MID] => CAEcatca07
    [P_AUTH_DT] => 20250917160135
    [P_STATUS] => 02
    [P_TYPE] => VBANK
    [P_OID] => 250917-025
    [P_FN_CD1] => 03
    [P_FN_CD2] => 
    [P_FN_NM] => 기업은행
    [P_AMT] => 3000
    [P_UNAME] => 김은영
    [P_RMESG1] => P_VACCT_NO=07502342597070|P_EXP_DT=20250927
    [P_RMESG2] => 
    [P_NOTI] => 
    [P_AUTH_NO] => 
)

 Array
(
    [PageCall time] => 16:41:29
    [P_TID] => INIMX_VBNKCAEcatca0720250917163756735139
    [P_MID] => CAEcatca07
    [P_AUTH_DT] => 20250917164129
    [P_STATUS] => 02
    [P_TYPE] => VBANK
    [P_OID] => 250917-029
    [P_FN_CD1] => 88
    [P_FN_CD2] => 
    [P_FN_NM] => 신한은행
    [P_AMT] => 3000
    [P_UNAME] => 장입분
    [P_RMESG1] => P_VACCT_NO=56211102380211|P_EXP_DT=20250927
    [P_RMESG2] => 
    [P_NOTI] => 
    [P_AUTH_NO] => 
)

 Array
(
    [PageCall time] => 17:35:41
    [P_TID] => INIMX_VBNKCAEcatca0720250917173412735930
    [P_MID] => CAEcatca07
    [P_AUTH_DT] => 20250917173541
    [P_STATUS] => 02
    [P_TYPE] => VBANK
    [P_OID] => 250917-033
    [P_FN_CD1] => 11
    [P_FN_CD2] => 
    [P_FN_NM] => NH농협은행
    [P_AMT] => 3000
    [P_UNAME] => 박성연
    [P_RMESG1] => P_VACCT_NO=79014506185429|P_EXP_DT=20250927
    [P_RMESG2] => 
    [P_NOTI] => 
    [P_AUTH_NO] => 
)

 Array
(
    [PageCall time] => 18:03:52
    [P_TID] => INIMX_VBNKCAEcatca0720250917180101445860
    [P_MID] => CAEcatca07
    [P_AUTH_DT] => 20250917180352
    [P_STATUS] => 02
    [P_TYPE] => VBANK
    [P_OID] => 250917-034
    [P_FN_CD1] => 04
    [P_FN_CD2] => 
    [P_FN_NM] => KB국민은행
    [P_AMT] => 3000
    [P_UNAME] => 문승희
    [P_RMESG1] => P_VACCT_NO=91649011743180|P_EXP_DT=20250927
    [P_RMESG2] => 
    [P_NOTI] => 
    [P_AUTH_NO] => 
)

 Array
(
    [PageCall time] => 19:12:19
    [P_TID] => INIMX_VBNKCAEcatca0720250917190827715314
    [P_MID] => CAEcatca07
    [P_AUTH_DT] => 20250917191219
    [P_STATUS] => 02
    [P_TYPE] => VBANK
    [P_OID] => 250917-001
    [P_FN_CD1] => 81
    [P_FN_CD2] => 
    [P_FN_NM] => 하나은행
    [P_AMT] => 3000
    [P_UNAME] => 박민규
    [P_RMESG1] => P_VACCT_NO=20894318148237|P_EXP_DT=20250927
    [P_RMESG2] => 
    [P_NOTI] => 
    [P_AUTH_NO] => 
)

 Array
(
    [PageCall time] => 20:33:32
    [P_TID] => INIMX_VBNKCAEcatca0720250917202507595698
    [P_MID] => CAEcatca07
    [P_AUTH_DT] => 20250917203332
    [P_STATUS] => 02
    [P_TYPE] => VBANK
    [P_OID] => 250917-035
    [P_FN_CD1] => 31
    [P_FN_CD2] => 
    [P_FN_NM] => 아이엠뱅크(대구은행)
    [P_AMT] => 3000
    [P_UNAME] => 김민상
    [P_RMESG1] => P_VACCT_NO=9600362164643|P_EXP_DT=20250927
    [P_RMESG2] => 
    [P_NOTI] => 
    [P_AUTH_NO] => 
)

 Array
(
    [PageCall time] => 20:39:53
    [P_TID] => INIMX_VBNKCAEcatca0720250917203602615405
    [P_MID] => CAEcatca07
    [P_AUTH_DT] => 20250917203953
    [P_STATUS] => 02
    [P_TYPE] => VBANK
    [P_OID] => 250916-018
    [P_FN_CD1] => 04
    [P_FN_CD2] => 
    [P_FN_NM] => KB국민은행
    [P_AMT] => 3000
    [P_UNAME] => 고명숙
    [P_RMESG1] => P_VACCT_NO=96279078331679|P_EXP_DT=20250927
    [P_RMESG2] => 
    [P_NOTI] => 
    [P_AUTH_NO] => 
)

 Array
(
    [PageCall time] => 22:44:25
    [P_TID] => INIMX_VBNKCAEcatca0720250917224035695315
    [P_MID] => CAEcatca07
    [P_AUTH_DT] => 20250917224425
    [P_STATUS] => 02
    [P_TYPE] => VBANK
    [P_OID] => 250917-036
    [P_FN_CD1] => 20
    [P_FN_CD2] => 
    [P_FN_NM] => 우리은행
    [P_AMT] => 3000
    [P_UNAME] => 서영의
    [P_RMESG1] => P_VACCT_NO=27489958218456|P_EXP_DT=20250927
    [P_RMESG2] => 
    [P_NOTI] => 
    [P_AUTH_NO] => 
)

 Array
(
    [PageCall time] => 22:48:17
    [P_TID] => INIMX_VBNKCAEcatca0720250917224357295454
    [P_MID] => CAEcatca07
    [P_AUTH_DT] => 20250917224817
    [P_STATUS] => 02
    [P_TYPE] => VBANK
    [P_OID] => 250917-037
    [P_FN_CD1] => 03
    [P_FN_CD2] => 
    [P_FN_NM] => 기업은행
    [P_AMT] => 3000
    [P_UNAME] => 이상훈
    [P_RMESG1] => P_VACCT_NO=07502344997540|P_EXP_DT=20250927
    [P_RMESG2] => 
    [P_NOTI] => 
    [P_AUTH_NO] => 
)

