 Array
(
    [PageCall time] => 05:45:49
    [P_TID] => INIMX_VBNKCAEcatca0720250927054052445273
    [P_MID] => CAEcatca07
    [P_AUTH_DT] => 20250927054549
    [P_STATUS] => 02
    [P_TYPE] => VBANK
    [P_OID] => 250926-023
    [P_FN_CD1] => 20
    [P_FN_CD2] => 
    [P_FN_NM] => 우리은행
    [P_AMT] => 3000
    [P_UNAME] => 조보형
    [P_RMESG1] => P_VACCT_NO=27388566118971|P_EXP_DT=20251007
    [P_RMESG2] => 
    [P_NOTI] => 
    [P_AUTH_NO] => 
)

 Array
(
    [PageCall time] => 12:42:19
    [P_TID] => INIMX_VBNKCAEcatca0720250927123536825088
    [P_MID] => CAEcatca07
    [P_AUTH_DT] => 20250927124219
    [P_STATUS] => 02
    [P_TYPE] => VBANK
    [P_OID] => 250927-002
    [P_FN_CD1] => 81
    [P_FN_CD2] => 
    [P_FN_NM] => 하나은행
    [P_AMT] => 3000
    [P_UNAME] => 양봉선
    [P_RMESG1] => P_VACCT_NO=20894789792737|P_EXP_DT=20251007
    [P_RMESG2] => 
    [P_NOTI] => 
    [P_AUTH_NO] => 
)

 Array
(
    [PageCall time] => 14:15:25
    [P_TID] => INIMX_VBNKCAEcatca0720250927141400295525
    [P_MID] => CAEcatca07
    [P_AUTH_DT] => 20250927141524
    [P_STATUS] => 02
    [P_TYPE] => VBANK
    [P_OID] => 250927-003
    [P_FN_CD1] => 11
    [P_FN_CD2] => 
    [P_FN_NM] => NH농협은행
    [P_AMT] => 3000
    [P_UNAME] => 황인순
    [P_RMESG1] => P_VACCT_NO=79014507018193|P_EXP_DT=20251007
    [P_RMESG2] => 
    [P_NOTI] => 
    [P_AUTH_NO] => 
)

 Array
(
    [PageCall time] => 14:29:48
    [P_TID] => INIMX_VBNKCAEcatca0720250927142902565548
    [P_MID] => CAEcatca07
    [P_AUTH_DT] => 20250927142948
    [P_STATUS] => 02
    [P_TYPE] => VBANK
    [P_OID] => 250927-004
    [P_FN_CD1] => 11
    [P_FN_CD2] => 
    [P_FN_NM] => NH농협은행
    [P_AMT] => 3000
    [P_UNAME] => 임계영
    [P_RMESG1] => P_VACCT_NO=79014507019082|P_EXP_DT=20251007
    [P_RMESG2] => 
    [P_NOTI] => 
    [P_AUTH_NO] => 
)

 Array
(
    [PageCall time] => 14:47:25
    [P_TID] => INIMX_VBNKCAEcatca0720250927144558395750
    [P_MID] => CAEcatca07
    [P_AUTH_DT] => 20250927144725
    [P_STATUS] => 02
    [P_TYPE] => VBANK
    [P_OID] => 250927-005
    [P_FN_CD1] => 11
    [P_FN_CD2] => 
    [P_FN_NM] => NH농협은행
    [P_AMT] => 3000
    [P_UNAME] => 김미라
    [P_RMESG1] => P_VACCT_NO=79014507019691|P_EXP_DT=20251007
    [P_RMESG2] => 
    [P_NOTI] => 
    [P_AUTH_NO] => 
)

 Array
(
    [PageCall time] => 16:58:12
    [P_TID] => INIMX_VBNKCAEcatca0720250927165431665484
    [P_MID] => CAEcatca07
    [P_AUTH_DT] => 20250927165812
    [P_STATUS] => 02
    [P_TYPE] => VBANK
    [P_OID] => 250927-006
    [P_FN_CD1] => 88
    [P_FN_CD2] => 
    [P_FN_NM] => 신한은행
    [P_AMT] => 3000
    [P_UNAME] => 장은진
    [P_RMESG1] => P_VACCT_NO=56211103020025|P_EXP_DT=20251007
    [P_RMESG2] => 
    [P_NOTI] => 
    [P_AUTH_NO] => 
)

 Array
(
    [PageCall time] => 17:55:50
    [P_TID] => INIMX_VBNKCAEcatca0720250927175401585231
    [P_MID] => CAEcatca07
    [P_AUTH_DT] => 20250927175550
    [P_STATUS] => 02
    [P_TYPE] => VBANK
    [P_OID] => 250927-007
    [P_FN_CD1] => 11
    [P_FN_CD2] => 
    [P_FN_NM] => NH농협은행
    [P_AMT] => 3000
    [P_UNAME] => 이경윤
    [P_RMESG1] => P_VACCT_NO=79014507029816|P_EXP_DT=20251007
    [P_RMESG2] => 
    [P_NOTI] => 
    [P_AUTH_NO] => 
)

 Array
(
    [PageCall time] => 18:21:55
    [P_TID] => INIMX_VBNKCAEcatca0720250927181527735417
    [P_MID] => CAEcatca07
    [P_AUTH_DT] => 20250927182155
    [P_STATUS] => 02
    [P_TYPE] => VBANK
    [P_OID] => 250927-008
    [P_FN_CD1] => 03
    [P_FN_CD2] => 
    [P_FN_NM] => 기업은행
    [P_AMT] => 3000
    [P_UNAME] => 김민정
    [P_RMESG1] => P_VACCT_NO=07502386797476|P_EXP_DT=20251007
    [P_RMESG2] => 
    [P_NOTI] => 
    [P_AUTH_NO] => 
)

 Array
(
    [PageCall time] => 22:23:51
    [P_TID] => INIMX_VBNKCAEcatca0720250927222035325659
    [P_MID] => CAEcatca07
    [P_AUTH_DT] => 20250927222351
    [P_STATUS] => 02
    [P_TYPE] => VBANK
    [P_OID] => 250927-009
    [P_FN_CD1] => 89
    [P_FN_CD2] => 
    [P_FN_NM] => 케이뱅크
    [P_AMT] => 3000
    [P_UNAME] => 한희주
    [P_RMESG1] => P_VACCT_NO=70112003518836|P_EXP_DT=20251007
    [P_RMESG2] => 
    [P_NOTI] => 
    [P_AUTH_NO] => 
)

