 Array
(
    [PageCall time] => 00:07:33
    [P_TID] => INIMX_VBNKCAEcatca0720251025000450265072
    [P_MID] => CAEcatca07
    [P_AUTH_DT] => 20251025000733
    [P_STATUS] => 02
    [P_TYPE] => VBANK
    [P_OID] => 251025-001
    [P_FN_CD1] => 89
    [P_FN_CD2] => 
    [P_FN_NM] => 케이뱅크
    [P_AMT] => 3000
    [P_UNAME] => 김민석
    [P_RMESG1] => P_VACCT_NO=70112003675152|P_EXP_DT=20251104
    [P_RMESG2] => 
    [P_NOTI] => 
    [P_AUTH_NO] => 
)

 Array
(
    [PageCall time] => 08:13:37
    [P_TID] => INIMX_VBNKCAEcatca0720251025080935705794
    [P_MID] => CAEcatca07
    [P_AUTH_DT] => 20251025081337
    [P_STATUS] => 02
    [P_TYPE] => VBANK
    [P_OID] => 251025-002
    [P_FN_CD1] => 04
    [P_FN_CD2] => 
    [P_FN_NM] => KB국민은행
    [P_AMT] => 3000
    [P_UNAME] => 강민규
    [P_RMESG1] => P_VACCT_NO=26159078123571|P_EXP_DT=20251104
    [P_RMESG2] => 
    [P_NOTI] => 
    [P_AUTH_NO] => 
)

 Array
(
    [PageCall time] => 11:39:13
    [P_TID] => INIMX_VBNKCAEcatca0720251025113641115460
    [P_MID] => CAEcatca07
    [P_AUTH_DT] => 20251025113913
    [P_STATUS] => 02
    [P_TYPE] => VBANK
    [P_OID] => 251025-003
    [P_FN_CD1] => 89
    [P_FN_CD2] => 
    [P_FN_NM] => 케이뱅크
    [P_AMT] => 3000
    [P_UNAME] => 박지수
    [P_RMESG1] => P_VACCT_NO=70112003676752|P_EXP_DT=20251104
    [P_RMESG2] => 
    [P_NOTI] => 
    [P_AUTH_NO] => 
)

