 Array
(
    [PageCall time] => 08:05:22
    [P_TID] => INIMX_VBNKCAEcatca0720250820080322545736
    [P_MID] => CAEcatca07
    [P_AUTH_DT] => 20250820080522
    [P_STATUS] => 02
    [P_TYPE] => VBANK
    [P_OID] => 250820-002
    [P_FN_CD1] => 11
    [P_FN_CD2] => 
    [P_FN_NM] => NH농협은행
    [P_AMT] => 3000
    [P_UNAME] => 유덕순
    [P_RMESG1] => P_VACCT_NO=79014407669718|P_EXP_DT=20250830
    [P_RMESG2] => 
    [P_NOTI] => 
    [P_AUTH_NO] => 
)

 Array
(
    [PageCall time] => 10:07:20
    [P_TID] => INIMX_VBNKCAEcatca0720250820100527575012
    [P_MID] => CAEcatca07
    [P_AUTH_DT] => 20250820100720
    [P_STATUS] => 02
    [P_TYPE] => VBANK
    [P_OID] => 250820-006
    [P_FN_CD1] => 11
    [P_FN_CD2] => 
    [P_FN_NM] => NH농협은행
    [P_AMT] => 3000
    [P_UNAME] => 홍성옥
    [P_RMESG1] => P_VACCT_NO=79014407684161|P_EXP_DT=20250830
    [P_RMESG2] => 
    [P_NOTI] => 
    [P_AUTH_NO] => 
)

 Array
(
    [PageCall time] => 10:40:45
    [P_TID] => INIMX_VBNKCAEcatca0720250820103851645763
    [P_MID] => CAEcatca07
    [P_AUTH_DT] => 20250820104045
    [P_STATUS] => 02
    [P_TYPE] => VBANK
    [P_OID] => 250820-009
    [P_FN_CD1] => 11
    [P_FN_CD2] => 
    [P_FN_NM] => NH농협은행
    [P_AMT] => 3000
    [P_UNAME] => 안경숙
    [P_RMESG1] => P_VACCT_NO=79014407690409|P_EXP_DT=20250830
    [P_RMESG2] => 
    [P_NOTI] => 
    [P_AUTH_NO] => 
)

 Array
(
    [PageCall time] => 10:47:21
    [P_TID] => INIMX_VBNKCAEcatca0720250820104326545027
    [P_MID] => CAEcatca07
    [P_AUTH_DT] => 20250820104721
    [P_STATUS] => 02
    [P_TYPE] => VBANK
    [P_OID] => 250820-011
    [P_FN_CD1] => 81
    [P_FN_CD2] => 
    [P_FN_NM] => 하나은행
    [P_AMT] => 3000
    [P_UNAME] => 유경수
    [P_RMESG1] => P_VACCT_NO=20894007247037|P_EXP_DT=20250830
    [P_RMESG2] => 
    [P_NOTI] => 
    [P_AUTH_NO] => 
)

 Array
(
    [PageCall time] => 10:59:18
    [P_TID] => INIMX_VBNKCAEcatca0720250820105826575223
    [P_MID] => CAEcatca07
    [P_AUTH_DT] => 20250820105918
    [P_STATUS] => 02
    [P_TYPE] => VBANK
    [P_OID] => 250820-014
    [P_FN_CD1] => 11
    [P_FN_CD2] => 
    [P_FN_NM] => NH농협은행
    [P_AMT] => 3000
    [P_UNAME] => 김은화
    [P_RMESG1] => P_VACCT_NO=79014407694350|P_EXP_DT=20250830
    [P_RMESG2] => 
    [P_NOTI] => 
    [P_AUTH_NO] => 
)

 Array
(
    [PageCall time] => 11:00:12
    [P_TID] => INIMX_VBNKCAEcatca0720250820105741395479
    [P_MID] => CAEcatca07
    [P_AUTH_DT] => 20250820110012
    [P_STATUS] => 02
    [P_TYPE] => VBANK
    [P_OID] => 250820-015
    [P_FN_CD1] => 88
    [P_FN_CD2] => 
    [P_FN_NM] => 신한은행
    [P_AMT] => 3000
    [P_UNAME] => 임나래
    [P_RMESG1] => P_VACCT_NO=56211990731390|P_EXP_DT=20250830
    [P_RMESG2] => 
    [P_NOTI] => 
    [P_AUTH_NO] => 
)

 Array
(
    [PageCall time] => 11:10:58
    [P_TID] => INIMX_VBNKCAEcatca0720250820110810265907
    [P_MID] => CAEcatca07
    [P_AUTH_DT] => 20250820111058
    [P_STATUS] => 02
    [P_TYPE] => VBANK
    [P_OID] => 250820-018
    [P_FN_CD1] => 03
    [P_FN_CD2] => 
    [P_FN_NM] => 기업은행
    [P_AMT] => 3000
    [P_UNAME] => 장동희
    [P_RMESG1] => P_VACCT_NO=07503249197778|P_EXP_DT=20250830
    [P_RMESG2] => 
    [P_NOTI] => 
    [P_AUTH_NO] => 
)

 Array
(
    [PageCall time] => 11:22:46
    [P_TID] => INIMX_VBNKCAEcatca0720250820111619585527
    [P_MID] => CAEcatca07
    [P_AUTH_DT] => 20250820112246
    [P_STATUS] => 02
    [P_TYPE] => VBANK
    [P_OID] => 250820-010
    [P_FN_CD1] => 11
    [P_FN_CD2] => 
    [P_FN_NM] => NH농협은행
    [P_AMT] => 3000
    [P_UNAME] => 이성일
    [P_RMESG1] => P_VACCT_NO=79014407698378|P_EXP_DT=20250830
    [P_RMESG2] => 
    [P_NOTI] => 
    [P_AUTH_NO] => 
)

 Array
(
    [PageCall time] => 11:29:25
    [P_TID] => INIMX_VBNKCAEcatca0720250820112639505600
    [P_MID] => CAEcatca07
    [P_AUTH_DT] => 20250820112925
    [P_STATUS] => 02
    [P_TYPE] => VBANK
    [P_OID] => 250820-020
    [P_FN_CD1] => 89
    [P_FN_CD2] => 
    [P_FN_NM] => 케이뱅크
    [P_AMT] => 3000
    [P_UNAME] => 장현주
    [P_RMESG1] => P_VACCT_NO=70112003207296|P_EXP_DT=20250830
    [P_RMESG2] => 
    [P_NOTI] => 
    [P_AUTH_NO] => 
)

 Array
(
    [PageCall time] => 12:28:22
    [P_TID] => INIMX_VBNKCAEcatca0720250820122744425356
    [P_MID] => CAEcatca07
    [P_AUTH_DT] => 20250820122822
    [P_STATUS] => 02
    [P_TYPE] => VBANK
    [P_OID] => 250820-023
    [P_FN_CD1] => 04
    [P_FN_CD2] => 
    [P_FN_NM] => KB국민은행
    [P_AMT] => 3000
    [P_UNAME] => 이은민
    [P_RMESG1] => P_VACCT_NO=26029078090847|P_EXP_DT=20250830
    [P_RMESG2] => 
    [P_NOTI] => 
    [P_AUTH_NO] => 
)

 Array
(
    [PageCall time] => 12:42:16
    [P_TID] => INIMX_VBNKCAEcatca0720250820124146295435
    [P_MID] => CAEcatca07
    [P_AUTH_DT] => 20250820124216
    [P_STATUS] => 02
    [P_TYPE] => VBANK
    [P_OID] => 250820-025
    [P_FN_CD1] => 11
    [P_FN_CD2] => 
    [P_FN_NM] => NH농협은행
    [P_AMT] => 3000
    [P_UNAME] => 김민지
    [P_RMESG1] => P_VACCT_NO=79014407711796|P_EXP_DT=20250830
    [P_RMESG2] => 
    [P_NOTI] => 
    [P_AUTH_NO] => 
)

 Array
(
    [PageCall time] => 13:57:13
    [P_TID] => INIMX_VBNKCAEcatca0720250820135556995024
    [P_MID] => CAEcatca07
    [P_AUTH_DT] => 20250820135713
    [P_STATUS] => 02
    [P_TYPE] => VBANK
    [P_OID] => 250820-027
    [P_FN_CD1] => 11
    [P_FN_CD2] => 
    [P_FN_NM] => NH농협은행
    [P_AMT] => 3000
    [P_UNAME] => 송현순
    [P_RMESG1] => P_VACCT_NO=79014407724251|P_EXP_DT=20250830
    [P_RMESG2] => 
    [P_NOTI] => 
    [P_AUTH_NO] => 
)

 Array
(
    [PageCall time] => 13:59:32
    [P_TID] => INIMX_VBNKCAEcatca0720250820135656935255
    [P_MID] => CAEcatca07
    [P_AUTH_DT] => 20250820135932
    [P_STATUS] => 02
    [P_TYPE] => VBANK
    [P_OID] => 250820-026
    [P_FN_CD1] => 03
    [P_FN_CD2] => 
    [P_FN_NM] => 기업은행
    [P_AMT] => 3000
    [P_UNAME] => 김현희
    [P_RMESG1] => P_VACCT_NO=07503250897268|P_EXP_DT=20250830
    [P_RMESG2] => 
    [P_NOTI] => 
    [P_AUTH_NO] => 
)

 Array
(
    [PageCall time] => 14:39:52
    [P_TID] => INIMX_VBNKCAEcatca0720250820143707545350
    [P_MID] => CAEcatca07
    [P_AUTH_DT] => 20250820143952
    [P_STATUS] => 02
    [P_TYPE] => VBANK
    [P_OID] => 250820-029
    [P_FN_CD1] => 03
    [P_FN_CD2] => 
    [P_FN_NM] => 기업은행
    [P_AMT] => 3000
    [P_UNAME] => 김현주
    [P_RMESG1] => P_VACCT_NO=07503251797826|P_EXP_DT=20250830
    [P_RMESG2] => 
    [P_NOTI] => 
    [P_AUTH_NO] => 
)

 Array
(
    [PageCall time] => 14:52:52
    [P_TID] => INIMX_VBNKCAEcatca0720250820144912145973
    [P_MID] => CAEcatca07
    [P_AUTH_DT] => 20250820145252
    [P_STATUS] => 02
    [P_TYPE] => VBANK
    [P_OID] => 250820-031
    [P_FN_CD1] => 11
    [P_FN_CD2] => 
    [P_FN_NM] => NH농협은행
    [P_AMT] => 3000
    [P_UNAME] => 유정헌
    [P_RMESG1] => P_VACCT_NO=79014407745095|P_EXP_DT=20250830
    [P_RMESG2] => 
    [P_NOTI] => 
    [P_AUTH_NO] => 
)

 Array
(
    [PageCall time] => 15:39:50
    [P_TID] => INIMX_VBNKCAEcatca0720250820150109175069
    [P_MID] => CAEcatca07
    [P_AUTH_DT] => 20250820153950
    [P_STATUS] => 02
    [P_TYPE] => VBANK
    [P_OID] => 250820-032
    [P_FN_CD1] => 04
    [P_FN_CD2] => 
    [P_FN_NM] => KB국민은행
    [P_AMT] => 3000
    [P_UNAME] => 김은혜
    [P_RMESG1] => P_VACCT_NO=80399078261217|P_EXP_DT=20250830
    [P_RMESG2] => 
    [P_NOTI] => 
    [P_AUTH_NO] => 
)

 Array
(
    [PageCall time] => 15:49:53
    [P_TID] => INIMX_VBNKCAEcatca0720250820154758635524
    [P_MID] => CAEcatca07
    [P_AUTH_DT] => 20250820154953
    [P_STATUS] => 02
    [P_TYPE] => VBANK
    [P_OID] => 250820-021
    [P_FN_CD1] => 11
    [P_FN_CD2] => 
    [P_FN_NM] => NH농협은행
    [P_AMT] => 3000
    [P_UNAME] => 최민화
    [P_RMESG1] => P_VACCT_NO=79014407755994|P_EXP_DT=20250830
    [P_RMESG2] => 
    [P_NOTI] => 
    [P_AUTH_NO] => 
)

 Array
(
    [PageCall time] => 15:52:35
    [P_TID] => INIMX_VBNKCAEcatca0720250820155153115467
    [P_MID] => CAEcatca07
    [P_AUTH_DT] => 20250820155235
    [P_STATUS] => 02
    [P_TYPE] => VBANK
    [P_OID] => 250820-036
    [P_FN_CD1] => 04
    [P_FN_CD2] => 
    [P_FN_NM] => KB국민은행
    [P_AMT] => 3000
    [P_UNAME] => 신정원
    [P_RMESG1] => P_VACCT_NO=80399078273719|P_EXP_DT=20250830
    [P_RMESG2] => 
    [P_NOTI] => 
    [P_AUTH_NO] => 
)

 Array
(
    [PageCall time] => 15:54:13
    [P_TID] => INIMX_VBNKCAEcatca0720250820142621815145
    [P_MID] => CAEcatca07
    [P_AUTH_DT] => 20250820155413
    [P_STATUS] => 02
    [P_TYPE] => VBANK
    [P_OID] => 250820-028
    [P_FN_CD1] => 88
    [P_FN_CD2] => 
    [P_FN_NM] => 신한은행
    [P_AMT] => 3000
    [P_UNAME] => 국방부청사어린이집
    [P_RMESG1] => P_VACCT_NO=56211991866011|P_EXP_DT=20250830
    [P_RMESG2] => 
    [P_NOTI] => 
    [P_AUTH_NO] => 
)

 Array
(
    [PageCall time] => 15:55:05
    [P_TID] => INIMX_VBNKCAEcatca0720250820155132735426
    [P_MID] => CAEcatca07
    [P_AUTH_DT] => 20250820155505
    [P_STATUS] => 02
    [P_TYPE] => VBANK
    [P_OID] => 250820-035
    [P_FN_CD1] => 81
    [P_FN_CD2] => 
    [P_FN_NM] => 하나은행
    [P_AMT] => 3000
    [P_UNAME] => 서주영
    [P_RMESG1] => P_VACCT_NO=20894009582937|P_EXP_DT=20250830
    [P_RMESG2] => 
    [P_NOTI] => 
    [P_AUTH_NO] => 
)

 Array
(
    [PageCall time] => 16:09:50
    [P_TID] => INIMX_VBNKCAEcatca0720250820160822595344
    [P_MID] => CAEcatca07
    [P_AUTH_DT] => 20250820160950
    [P_STATUS] => 02
    [P_TYPE] => VBANK
    [P_OID] => 250820-033
    [P_FN_CD1] => 11
    [P_FN_CD2] => 
    [P_FN_NM] => NH농협은행
    [P_AMT] => 3000
    [P_UNAME] => 박은미
    [P_RMESG1] => P_VACCT_NO=79014407759616|P_EXP_DT=20250830
    [P_RMESG2] => 
    [P_NOTI] => 
    [P_AUTH_NO] => 
)

 Array
(
    [PageCall time] => 16:57:52
    [P_TID] => INIMX_VBNKCAEcatca0720250820165453435974
    [P_MID] => CAEcatca07
    [P_AUTH_DT] => 20250820165752
    [P_STATUS] => 02
    [P_TYPE] => VBANK
    [P_OID] => 250820-041
    [P_FN_CD1] => 88
    [P_FN_CD2] => 
    [P_FN_NM] => 신한은행
    [P_AMT] => 3000
    [P_UNAME] => 강경하
    [P_RMESG1] => P_VACCT_NO=56211991884209|P_EXP_DT=20250830
    [P_RMESG2] => 
    [P_NOTI] => 
    [P_AUTH_NO] => 
)

 Array
(
    [PageCall time] => 17:01:18
    [P_TID] => INIMX_VBNKCAEcatca0720250820165924175446
    [P_MID] => CAEcatca07
    [P_AUTH_DT] => 20250820170118
    [P_STATUS] => 02
    [P_TYPE] => VBANK
    [P_OID] => 250820-042
    [P_FN_CD1] => 11
    [P_FN_CD2] => 
    [P_FN_NM] => NH농협은행
    [P_AMT] => 3000
    [P_UNAME] => 조수정
    [P_RMESG1] => P_VACCT_NO=79014407768198|P_EXP_DT=20250830
    [P_RMESG2] => 
    [P_NOTI] => 
    [P_AUTH_NO] => 
)

 Array
(
    [PageCall time] => 17:51:49
    [P_TID] => INIMX_VBNKCAEcatca0720250820175011365107
    [P_MID] => CAEcatca07
    [P_AUTH_DT] => 20250820175149
    [P_STATUS] => 02
    [P_TYPE] => VBANK
    [P_OID] => 250820-043
    [P_FN_CD1] => 11
    [P_FN_CD2] => 
    [P_FN_NM] => NH농협은행
    [P_AMT] => 3000
    [P_UNAME] => 조경여
    [P_RMESG1] => P_VACCT_NO=79014407775786|P_EXP_DT=20250830
    [P_RMESG2] => 
    [P_NOTI] => 
    [P_AUTH_NO] => 
)

 Array
(
    [PageCall time] => 18:53:52
    [P_TID] => INIMX_VBNKCAEcatca0720250820185055175364
    [P_MID] => CAEcatca07
    [P_AUTH_DT] => 20250820185352
    [P_STATUS] => 02
    [P_TYPE] => VBANK
    [P_OID] => 250820-045
    [P_FN_CD1] => 20
    [P_FN_CD2] => 
    [P_FN_NM] => 우리은행
    [P_AMT] => 3000
    [P_UNAME] => 양정희
    [P_RMESG1] => P_VACCT_NO=27389551018025|P_EXP_DT=20250830
    [P_RMESG2] => 
    [P_NOTI] => 
    [P_AUTH_NO] => 
)

 Array
(
    [PageCall time] => 20:24:40
    [P_TID] => INIMX_VBNKCAEcatca0720250820202352815174
    [P_MID] => CAEcatca07
    [P_AUTH_DT] => 20250820202439
    [P_STATUS] => 02
    [P_TYPE] => VBANK
    [P_OID] => 250820-046
    [P_FN_CD1] => 04
    [P_FN_CD2] => 
    [P_FN_NM] => KB국민은행
    [P_AMT] => 3000
    [P_UNAME] => 김려현
    [P_RMESG1] => P_VACCT_NO=80399078315392|P_EXP_DT=20250830
    [P_RMESG2] => 
    [P_NOTI] => 
    [P_AUTH_NO] => 
)

 Array
(
    [PageCall time] => 20:35:41
    [P_TID] => INIMX_VBNKCAEcatca0720250820202724545203
    [P_MID] => CAEcatca07
    [P_AUTH_DT] => 20250820203541
    [P_STATUS] => 02
    [P_TYPE] => VBANK
    [P_OID] => 250820-044
    [P_FN_CD1] => 20
    [P_FN_CD2] => 
    [P_FN_NM] => 우리은행
    [P_AMT] => 3000
    [P_UNAME] => 김미경
    [P_RMESG1] => P_VACCT_NO=27389555118435|P_EXP_DT=20250830
    [P_RMESG2] => 
    [P_NOTI] => 
    [P_AUTH_NO] => 
)

 Array
(
    [PageCall time] => 23:28:10
    [P_TID] => INIMX_VBNKCAEcatca0720250820232532685346
    [P_MID] => CAEcatca07
    [P_AUTH_DT] => 20250820232810
    [P_STATUS] => 02
    [P_TYPE] => VBANK
    [P_OID] => 250820-048
    [P_FN_CD1] => 88
    [P_FN_CD2] => 
    [P_FN_NM] => 신한은행
    [P_AMT] => 3000
    [P_UNAME] => 김민경
    [P_RMESG1] => P_VACCT_NO=56211991912888|P_EXP_DT=20250830
    [P_RMESG2] => 
    [P_NOTI] => 
    [P_AUTH_NO] => 
)

