 Array
(
    [PageCall time] => 00:42:34
    [P_TID] => INIMX_VBNKCAEcatca0720250513003955615955
    [P_MID] => CAEcatca07
    [P_AUTH_DT] => 20250513004233
    [P_STATUS] => 02
    [P_TYPE] => VBANK
    [P_OID] => 250513-001
    [P_FN_CD1] => 31
    [P_FN_CD2] => 
    [P_FN_NM] => 아이엠뱅크(대구은행)
    [P_AMT] => 3000
    [P_UNAME] => 장재혁
    [P_RMESG1] => P_VACCT_NO=9600362902528|P_EXP_DT=20250523
    [P_RMESG2] => 
    [P_NOTI] => 
    [P_AUTH_NO] => 
)

 Array
(
    [PageCall time] => 01:06:41
    [P_TID] => INIMX_VBNKCAEcatca0720250513010344805050
    [P_MID] => CAEcatca07
    [P_AUTH_DT] => 20250513010641
    [P_STATUS] => 02
    [P_TYPE] => VBANK
    [P_OID] => 250513-002
    [P_FN_CD1] => 20
    [P_FN_CD2] => 
    [P_FN_NM] => 우리은행
    [P_AMT] => 3000
    [P_UNAME] => 이동환
    [P_RMESG1] => P_VACCT_NO=27489559718641|P_EXP_DT=20250523
    [P_RMESG2] => 
    [P_NOTI] => 
    [P_AUTH_NO] => 
)

 Array
(
    [PageCall time] => 07:56:36
    [P_TID] => INIMX_VBNKCAEcatca0720250513075243235779
    [P_MID] => CAEcatca07
    [P_AUTH_DT] => 20250513075636
    [P_STATUS] => 02
    [P_TYPE] => VBANK
    [P_OID] => 250513-004
    [P_FN_CD1] => 89
    [P_FN_CD2] => 
    [P_FN_NM] => 케이뱅크
    [P_AMT] => 3000
    [P_UNAME] => 박혜리
    [P_RMESG1] => P_VACCT_NO=70112003510096|P_EXP_DT=20250523
    [P_RMESG2] => 
    [P_NOTI] => 
    [P_AUTH_NO] => 
)

 Array
(
    [PageCall time] => 09:51:14
    [P_TID] => INIMX_VBNKCAEcatca0720250513095029425151
    [P_MID] => CAEcatca07
    [P_AUTH_DT] => 20250513095114
    [P_STATUS] => 02
    [P_TYPE] => VBANK
    [P_OID] => 250513-007
    [P_FN_CD1] => 11
    [P_FN_CD2] => 
    [P_FN_NM] => NH농협은행
    [P_AMT] => 3000
    [P_UNAME] => 곽시현
    [P_RMESG1] => P_VACCT_NO=79015903951701|P_EXP_DT=20250523
    [P_RMESG2] => 
    [P_NOTI] => 
    [P_AUTH_NO] => 
)

 Array
(
    [PageCall time] => 11:07:33
    [P_TID] => INIMX_VBNKCAEcatca0720250513110651565484
    [P_MID] => CAEcatca07
    [P_AUTH_DT] => 20250513110733
    [P_STATUS] => 02
    [P_TYPE] => VBANK
    [P_OID] => 250513-011
    [P_FN_CD1] => 04
    [P_FN_CD2] => 
    [P_FN_NM] => KB국민은행
    [P_AMT] => 3000
    [P_UNAME] => 김미숙
    [P_RMESG1] => P_VACCT_NO=26029078508049|P_EXP_DT=20250523
    [P_RMESG2] => 
    [P_NOTI] => 
    [P_AUTH_NO] => 
)

 Array
(
    [PageCall time] => 11:50:14
    [P_TID] => INIMX_VBNKCAEcatca0720250513114924365753
    [P_MID] => CAEcatca07
    [P_AUTH_DT] => 20250513115014
    [P_STATUS] => 02
    [P_TYPE] => VBANK
    [P_OID] => 250513-013
    [P_FN_CD1] => 23
    [P_FN_CD2] => 
    [P_FN_NM] => SC은행
    [P_AMT] => 3000
    [P_UNAME] => 장은진
    [P_RMESG1] => P_VACCT_NO=46416006142194|P_EXP_DT=20250523
    [P_RMESG2] => 
    [P_NOTI] => 
    [P_AUTH_NO] => 
)

 Array
(
    [PageCall time] => 11:55:48
    [P_TID] => INIMX_VBNKCAEcatca0720250513114516215505
    [P_MID] => CAEcatca07
    [P_AUTH_DT] => 20250513115548
    [P_STATUS] => 02
    [P_TYPE] => VBANK
    [P_OID] => 250513-012
    [P_FN_CD1] => 11
    [P_FN_CD2] => 
    [P_FN_NM] => NH농협은행
    [P_AMT] => 3000
    [P_UNAME] => 백성식
    [P_RMESG1] => P_VACCT_NO=79015903981418|P_EXP_DT=20250523
    [P_RMESG2] => 
    [P_NOTI] => 
    [P_AUTH_NO] => 
)

 Array
(
    [PageCall time] => 13:25:53
    [P_TID] => INIMX_VBNKCAEcatca0720250513132229955173
    [P_MID] => CAEcatca07
    [P_AUTH_DT] => 20250513132553
    [P_STATUS] => 02
    [P_TYPE] => VBANK
    [P_OID] => 250513-014
    [P_FN_CD1] => 04
    [P_FN_CD2] => 
    [P_FN_NM] => KB국민은행
    [P_AMT] => 3000
    [P_UNAME] => 최동숙
    [P_RMESG1] => P_VACCT_NO=87969011247006|P_EXP_DT=20250523
    [P_RMESG2] => 
    [P_NOTI] => 
    [P_AUTH_NO] => 
)

 Array
(
    [PageCall time] => 13:28:48
    [P_TID] => INIMX_VBNKCAEcatca0720250513132527755865
    [P_MID] => CAEcatca07
    [P_AUTH_DT] => 20250513132848
    [P_STATUS] => 02
    [P_TYPE] => VBANK
    [P_OID] => 250513-015
    [P_FN_CD1] => 89
    [P_FN_CD2] => 
    [P_FN_NM] => 케이뱅크
    [P_AMT] => 3000
    [P_UNAME] => 정진모
    [P_RMESG1] => P_VACCT_NO=70112003512809|P_EXP_DT=20250523
    [P_RMESG2] => 
    [P_NOTI] => 
    [P_AUTH_NO] => 
)

 Array
(
    [PageCall time] => 13:53:16
    [P_TID] => INIMX_VBNKCAEcatca0720250513134914695284
    [P_MID] => CAEcatca07
    [P_AUTH_DT] => 20250513135316
    [P_STATUS] => 02
    [P_TYPE] => VBANK
    [P_OID] => 250513-016
    [P_FN_CD1] => 88
    [P_FN_CD2] => 
    [P_FN_NM] => 신한은행
    [P_AMT] => 3000
    [P_UNAME] => 최혜진
    [P_RMESG1] => P_VACCT_NO=56211103227822|P_EXP_DT=20250523
    [P_RMESG2] => 
    [P_NOTI] => 
    [P_AUTH_NO] => 
)

 Array
(
    [PageCall time] => 13:55:02
    [P_TID] => INIMX_VBNKCAEcatca0720250513135408255169
    [P_MID] => CAEcatca07
    [P_AUTH_DT] => 20250513135502
    [P_STATUS] => 02
    [P_TYPE] => VBANK
    [P_OID] => 250513-018
    [P_FN_CD1] => 04
    [P_FN_CD2] => 
    [P_FN_NM] => KB국민은행
    [P_AMT] => 3000
    [P_UNAME] => 김기정
    [P_RMESG1] => P_VACCT_NO=88429011468225|P_EXP_DT=20250523
    [P_RMESG2] => 
    [P_NOTI] => 
    [P_AUTH_NO] => 
)

 Array
(
    [PageCall time] => 14:15:05
    [P_TID] => INIMX_VBNKCAEcatca0720250513141150505077
    [P_MID] => CAEcatca07
    [P_AUTH_DT] => 20250513141505
    [P_STATUS] => 02
    [P_TYPE] => VBANK
    [P_OID] => 250513-019
    [P_FN_CD1] => 88
    [P_FN_CD2] => 
    [P_FN_NM] => 신한은행
    [P_AMT] => 3000
    [P_UNAME] => 심경숙
    [P_RMESG1] => P_VACCT_NO=56211103230300|P_EXP_DT=20250523
    [P_RMESG2] => 
    [P_NOTI] => 
    [P_AUTH_NO] => 
)

 Array
(
    [PageCall time] => 16:22:55
    [P_TID] => INIMX_VBNKCAEcatca0720250513162128425100
    [P_MID] => CAEcatca07
    [P_AUTH_DT] => 20250513162255
    [P_STATUS] => 02
    [P_TYPE] => VBANK
    [P_OID] => 250513-021
    [P_FN_CD1] => 11
    [P_FN_CD2] => 
    [P_FN_NM] => NH농협은행
    [P_AMT] => 3000
    [P_UNAME] => 박은희
    [P_RMESG1] => P_VACCT_NO=79015904065781|P_EXP_DT=20250523
    [P_RMESG2] => 
    [P_NOTI] => 
    [P_AUTH_NO] => 
)

 Array
(
    [PageCall time] => 17:05:00
    [P_TID] => INIMX_VBNKCAEcatca0720250513170415425941
    [P_MID] => CAEcatca07
    [P_AUTH_DT] => 20250513170500
    [P_STATUS] => 02
    [P_TYPE] => VBANK
    [P_OID] => 250513-024
    [P_FN_CD1] => 11
    [P_FN_CD2] => 
    [P_FN_NM] => NH농협은행
    [P_AMT] => 3000
    [P_UNAME] => 김영학
    [P_RMESG1] => P_VACCT_NO=79015904081312|P_EXP_DT=20250523
    [P_RMESG2] => 
    [P_NOTI] => 
    [P_AUTH_NO] => 
)

 Array
(
    [PageCall time] => 19:20:21
    [P_TID] => INIMX_VBNKCAEcatca0720250513191915275572
    [P_MID] => CAEcatca07
    [P_AUTH_DT] => 20250513192021
    [P_STATUS] => 02
    [P_TYPE] => VBANK
    [P_OID] => 250513-028
    [P_FN_CD1] => 04
    [P_FN_CD2] => 
    [P_FN_NM] => KB국민은행
    [P_AMT] => 3000
    [P_UNAME] => 김갑대
    [P_RMESG1] => P_VACCT_NO=60519014505801|P_EXP_DT=20250523
    [P_RMESG2] => 
    [P_NOTI] => 
    [P_AUTH_NO] => 
)

 Array
(
    [PageCall time] => 19:59:42
    [P_TID] => INIMX_VBNKCAEcatca0720250513195650925598
    [P_MID] => CAEcatca07
    [P_AUTH_DT] => 20250513195942
    [P_STATUS] => 02
    [P_TYPE] => VBANK
    [P_OID] => 250513-029
    [P_FN_CD1] => 81
    [P_FN_CD2] => 
    [P_FN_NM] => 하나은행
    [P_AMT] => 3000
    [P_UNAME] => 김승우
    [P_RMESG1] => P_VACCT_NO=20893945945837|P_EXP_DT=20250523
    [P_RMESG2] => 
    [P_NOTI] => 
    [P_AUTH_NO] => 
)

 Array
(
    [PageCall time] => 20:32:01
    [P_TID] => INIMX_VBNKCAEcatca0720250513203118775231
    [P_MID] => CAEcatca07
    [P_AUTH_DT] => 20250513203201
    [P_STATUS] => 02
    [P_TYPE] => VBANK
    [P_OID] => 250512-035
    [P_FN_CD1] => 04
    [P_FN_CD2] => 
    [P_FN_NM] => KB국민은행
    [P_AMT] => 3000
    [P_UNAME] => 장석열
    [P_RMESG1] => P_VACCT_NO=60519014512254|P_EXP_DT=20250523
    [P_RMESG2] => 
    [P_NOTI] => 
    [P_AUTH_NO] => 
)

 Array
(
    [PageCall time] => 21:11:10
    [P_TID] => INIMX_VBNKCAEcatca0720250513210813435503
    [P_MID] => CAEcatca07
    [P_AUTH_DT] => 20250513211110
    [P_STATUS] => 02
    [P_TYPE] => VBANK
    [P_OID] => 250513-030
    [P_FN_CD1] => 89
    [P_FN_CD2] => 
    [P_FN_NM] => 케이뱅크
    [P_AMT] => 3000
    [P_UNAME] => 유제균
    [P_RMESG1] => P_VACCT_NO=70112003517236|P_EXP_DT=20250523
    [P_RMESG2] => 
    [P_NOTI] => 
    [P_AUTH_NO] => 
)

 Array
(
    [PageCall time] => 22:13:51
    [P_TID] => INIMX_VBNKCAEcatca0720250513221059295754
    [P_MID] => CAEcatca07
    [P_AUTH_DT] => 20250513221351
    [P_STATUS] => 02
    [P_TYPE] => VBANK
    [P_OID] => 250513-031
    [P_FN_CD1] => 03
    [P_FN_CD2] => 
    [P_FN_NM] => 기업은행
    [P_AMT] => 3000
    [P_UNAME] => 유한경
    [P_RMESG1] => P_VACCT_NO=07502329797750|P_EXP_DT=20250523
    [P_RMESG2] => 
    [P_NOTI] => 
    [P_AUTH_NO] => 
)

