 Array
(
    [PageCall time] => 10:30:54
    [P_TID] => INIMX_VBNKCAEcatca0720250802102723345165
    [P_MID] => CAEcatca07
    [P_AUTH_DT] => 20250802103054
    [P_STATUS] => 02
    [P_TYPE] => VBANK
    [P_OID] => 250802-001
    [P_FN_CD1] => 20
    [P_FN_CD2] => 
    [P_FN_NM] => 우리은행
    [P_AMT] => 3000
    [P_UNAME] => 백진희
    [P_RMESG1] => P_VACCT_NO=27388401518308|P_EXP_DT=20250812
    [P_RMESG2] => 
    [P_NOTI] => 
    [P_AUTH_NO] => 
)

 Array
(
    [PageCall time] => 11:08:52
    [P_TID] => INIMX_VBNKCAEcatca0720250802110755345326
    [P_MID] => CAEcatca07
    [P_AUTH_DT] => 20250802110852
    [P_STATUS] => 02
    [P_TYPE] => VBANK
    [P_OID] => 250802-003
    [P_FN_CD1] => 11
    [P_FN_CD2] => 
    [P_FN_NM] => NH농협은행
    [P_AMT] => 3000
    [P_UNAME] => 정윤경
    [P_RMESG1] => P_VACCT_NO=79014289553039|P_EXP_DT=20250812
    [P_RMESG2] => 
    [P_NOTI] => 
    [P_AUTH_NO] => 
)

 Array
(
    [PageCall time] => 11:50:03
    [P_TID] => INIMX_VBNKCAEcatca0720250802114703655957
    [P_MID] => CAEcatca07
    [P_AUTH_DT] => 20250802115003
    [P_STATUS] => 02
    [P_TYPE] => VBANK
    [P_OID] => 250802-005
    [P_FN_CD1] => 88
    [P_FN_CD2] => 
    [P_FN_NM] => 신한은행
    [P_AMT] => 3000
    [P_UNAME] => 최오영
    [P_RMESG1] => P_VACCT_NO=56211990696140|P_EXP_DT=20250812
    [P_RMESG2] => 
    [P_NOTI] => 
    [P_AUTH_NO] => 
)

 Array
(
    [PageCall time] => 15:23:20
    [P_TID] => INIMX_VBNKCAEcatca0720250802152030105328
    [P_MID] => CAEcatca07
    [P_AUTH_DT] => 20250802152320
    [P_STATUS] => 02
    [P_TYPE] => VBANK
    [P_OID] => 250728-049
    [P_FN_CD1] => 81
    [P_FN_CD2] => 
    [P_FN_NM] => 하나은행
    [P_AMT] => 3000
    [P_UNAME] => 차지원
    [P_RMESG1] => P_VACCT_NO=20893925537137|P_EXP_DT=20250812
    [P_RMESG2] => 
    [P_NOTI] => 
    [P_AUTH_NO] => 
)

 Array
(
    [PageCall time] => 16:39:49
    [P_TID] => INIMX_VBNKCAEcatca0720250802163701105592
    [P_MID] => CAEcatca07
    [P_AUTH_DT] => 20250802163949
    [P_STATUS] => 02
    [P_TYPE] => VBANK
    [P_OID] => 250802-006
    [P_FN_CD1] => 81
    [P_FN_CD2] => 
    [P_FN_NM] => 하나은행
    [P_AMT] => 3000
    [P_UNAME] => 이정현
    [P_RMESG1] => P_VACCT_NO=20893925642537|P_EXP_DT=20250812
    [P_RMESG2] => 
    [P_NOTI] => 
    [P_AUTH_NO] => 
)

 Array
(
    [PageCall time] => 20:10:04
    [P_TID] => INIMX_VBNKCAEcatca0720250802200854255798
    [P_MID] => CAEcatca07
    [P_AUTH_DT] => 20250802201004
    [P_STATUS] => 02
    [P_TYPE] => VBANK
    [P_OID] => 250802-008
    [P_FN_CD1] => 04
    [P_FN_CD2] => 
    [P_FN_NM] => KB국민은행
    [P_AMT] => 3000
    [P_UNAME] => 양재숙
    [P_RMESG1] => P_VACCT_NO=26159078381966|P_EXP_DT=20250812
    [P_RMESG2] => 
    [P_NOTI] => 
    [P_AUTH_NO] => 
)

 Array
(
    [PageCall time] => 20:17:33
    [P_TID] => INIMX_VBNKCAEcatca0720250802201429945642
    [P_MID] => CAEcatca07
    [P_AUTH_DT] => 20250802201733
    [P_STATUS] => 02
    [P_TYPE] => VBANK
    [P_OID] => 250802-009
    [P_FN_CD1] => 07
    [P_FN_CD2] => 
    [P_FN_NM] => 수협은행
    [P_AMT] => 3000
    [P_UNAME] => 김효정
    [P_RMESG1] => P_VACCT_NO=06640083413865|P_EXP_DT=20250812
    [P_RMESG2] => 
    [P_NOTI] => 
    [P_AUTH_NO] => 
)

 Array
(
    [PageCall time] => 22:06:40
    [P_TID] => INIMX_VBNKCAEcatca0720250802220143455146
    [P_MID] => CAEcatca07
    [P_AUTH_DT] => 20250802220640
    [P_STATUS] => 02
    [P_TYPE] => VBANK
    [P_OID] => 250802-010
    [P_FN_CD1] => 88
    [P_FN_CD2] => 
    [P_FN_NM] => 신한은행
    [P_AMT] => 3000
    [P_UNAME] => 남선화
    [P_RMESG1] => P_VACCT_NO=56211990720067|P_EXP_DT=20250812
    [P_RMESG2] => 
    [P_NOTI] => 
    [P_AUTH_NO] => 
)

