 Array
(
    [PageCall time] => 09:04:29
    [P_TID] => INIMX_VBNKCAEcatca0720250712090145425858
    [P_MID] => CAEcatca07
    [P_AUTH_DT] => 20250712090429
    [P_STATUS] => 02
    [P_TYPE] => VBANK
    [P_OID] => 250712-003
    [P_FN_CD1] => 03
    [P_FN_CD2] => 
    [P_FN_NM] => 기업은행
    [P_AMT] => 3000
    [P_UNAME] => 신지숙
    [P_RMESG1] => P_VACCT_NO=07502310197837|P_EXP_DT=20250722
    [P_RMESG2] => 
    [P_NOTI] => 
    [P_AUTH_NO] => 
)

 Array
(
    [PageCall time] => 10:26:43
    [P_TID] => INIMX_VBNKCAEcatca0720250712102354865567
    [P_MID] => CAEcatca07
    [P_AUTH_DT] => 20250712102643
    [P_STATUS] => 02
    [P_TYPE] => VBANK
    [P_OID] => 250712-004
    [P_FN_CD1] => 88
    [P_FN_CD2] => 
    [P_FN_NM] => 신한은행
    [P_AMT] => 3000
    [P_UNAME] => 김해영
    [P_RMESG1] => P_VACCT_NO=56211106496993|P_EXP_DT=20250722
    [P_RMESG2] => 
    [P_NOTI] => 
    [P_AUTH_NO] => 
)

 Array
(
    [PageCall time] => 10:44:01
    [P_TID] => INIMX_VBNKCAEcatca0720250710145953194232
    [P_MID] => CAEcatca07
    [P_AUTH_DT] => 20250712104401
    [P_STATUS] => 02
    [P_TYPE] => VBANK
    [P_OID] => 250709-001
    [P_FN_CD1] => 11
    [P_FN_CD2] => 
    [P_FN_NM] => NH농협은행
    [P_AMT] => 3000
    [P_UNAME] => 김영란
    [P_RMESG1] => P_VACCT_NO=79003194875364|P_EXP_DT=20250720
    [P_RMESG2] => 
    [P_NOTI] => 
    [P_AUTH_NO] => 
)

 Array
(
    [PageCall time] => 13:35:33
    [P_TID] => INIMX_VBNKCAEcatca0720250712133452335667
    [P_MID] => CAEcatca07
    [P_AUTH_DT] => 20250712133533
    [P_STATUS] => 02
    [P_TYPE] => VBANK
    [P_OID] => 250712-009
    [P_FN_CD1] => 04
    [P_FN_CD2] => 
    [P_FN_NM] => KB국민은행
    [P_AMT] => 3000
    [P_UNAME] => 이유주
    [P_RMESG1] => P_VACCT_NO=26159078588637|P_EXP_DT=20250722
    [P_RMESG2] => 
    [P_NOTI] => 
    [P_AUTH_NO] => 
)

 Array
(
    [PageCall time] => 15:09:47
    [P_TID] => INIMX_VBNKCAEcatca0720250712150833825201
    [P_MID] => CAEcatca07
    [P_AUTH_DT] => 20250712150947
    [P_STATUS] => 02
    [P_TYPE] => VBANK
    [P_OID] => 250712-014
    [P_FN_CD1] => 04
    [P_FN_CD2] => 
    [P_FN_NM] => KB국민은행
    [P_AMT] => 3000
    [P_UNAME] => 송세용
    [P_RMESG1] => P_VACCT_NO=26159078604775|P_EXP_DT=20250722
    [P_RMESG2] => 
    [P_NOTI] => 
    [P_AUTH_NO] => 
)

 Array
(
    [PageCall time] => 15:34:38
    [P_TID] => INIMX_VBNKCAEcatca0720250707184502895233
    [P_MID] => CAEcatca07
    [P_AUTH_DT] => 20250712153438
    [P_STATUS] => 02
    [P_TYPE] => VBANK
    [P_OID] => 250707-062
    [P_FN_CD1] => 88
    [P_FN_CD2] => 
    [P_FN_NM] => 신한은행
    [P_AMT] => 3000
    [P_UNAME] => 박지은
    [P_RMESG1] => P_VACCT_NO=56211106246696|P_EXP_DT=20250717
    [P_RMESG2] => 
    [P_NOTI] => 
    [P_AUTH_NO] => 
)

 Array
(
    [PageCall time] => 15:53:06
    [P_TID] => INIMX_VBNKCAEcatca0720250712154853915612
    [P_MID] => CAEcatca07
    [P_AUTH_DT] => 20250712155306
    [P_STATUS] => 02
    [P_TYPE] => VBANK
    [P_OID] => 250712-016
    [P_FN_CD1] => 34
    [P_FN_CD2] => 
    [P_FN_NM] => 광주은행
    [P_AMT] => 3000
    [P_UNAME] => 조주영
    [P_RMESG1] => P_VACCT_NO=810865379620|P_EXP_DT=20250722
    [P_RMESG2] => 
    [P_NOTI] => 
    [P_AUTH_NO] => 
)

 Array
(
    [PageCall time] => 17:39:39
    [P_TID] => INIMX_VBNKCAEcatca0720250712173818245523
    [P_MID] => CAEcatca07
    [P_AUTH_DT] => 20250712173939
    [P_STATUS] => 02
    [P_TYPE] => VBANK
    [P_OID] => 250712-019
    [P_FN_CD1] => 11
    [P_FN_CD2] => 
    [P_FN_NM] => NH농협은행
    [P_AMT] => 3000
    [P_UNAME] => 공쌍애
    [P_RMESG1] => P_VACCT_NO=79013684100924|P_EXP_DT=20250722
    [P_RMESG2] => 
    [P_NOTI] => 
    [P_AUTH_NO] => 
)

 Array
(
    [PageCall time] => 17:41:54
    [P_TID] => INIMX_VBNKCAEcatca0720250712173929955870
    [P_MID] => CAEcatca07
    [P_AUTH_DT] => 20250712174154
    [P_STATUS] => 02
    [P_TYPE] => VBANK
    [P_OID] => 250712-020
    [P_FN_CD1] => 81
    [P_FN_CD2] => 
    [P_FN_NM] => 하나은행
    [P_AMT] => 3000
    [P_UNAME] => 정민경
    [P_RMESG1] => P_VACCT_NO=20893821973837|P_EXP_DT=20250722
    [P_RMESG2] => 
    [P_NOTI] => 
    [P_AUTH_NO] => 
)

