 Array
(
    [PageCall time] => 09:29:09
    [P_TID] => INIMX_VBNKCAEcatca0720260415092811385110
    [P_MID] => CAEcatca07
    [P_AUTH_DT] => 20260415092908
    [P_STATUS] => 02
    [P_TYPE] => VBANK
    [P_OID] => 260415-001
    [P_FN_CD1] => 11
    [P_FN_CD2] => 
    [P_FN_NM] => NH농협은행
    [P_AMT] => 3500
    [P_UNAME] => 이상권
    [P_RMESG1] => P_VACCT_NO=79014506621539|P_EXP_DT=20260425
    [P_RMESG2] => 
    [P_NOTI] => 
    [P_AUTH_NO] => 
)

 Array
(
    [PageCall time] => 10:11:42
    [P_TID] => INIMX_VBNKCAEcatca0720260415100844105417
    [P_MID] => CAEcatca07
    [P_AUTH_DT] => 20260415101142
    [P_STATUS] => 02
    [P_TYPE] => VBANK
    [P_OID] => 260415-002
    [P_FN_CD1] => 04
    [P_FN_CD2] => 
    [P_FN_NM] => KB국민은행
    [P_AMT] => 3500
    [P_UNAME] => 김복례
    [P_RMESG1] => P_VACCT_NO=26029078955911|P_EXP_DT=20260425
    [P_RMESG2] => 
    [P_NOTI] => 
    [P_AUTH_NO] => 
)

 Array
(
    [PageCall time] => 10:33:56
    [P_TID] => INIMX_VBNKCAEcatca0720260413114724625907
    [P_MID] => CAEcatca07
    [P_AUTH_DT] => 20260415103356
    [P_STATUS] => 02
    [P_TYPE] => VBANK
    [P_OID] => 260413-011
    [P_FN_CD1] => 04
    [P_FN_CD2] => 
    [P_FN_NM] => KB국민은행
    [P_AMT] => 3500
    [P_UNAME] => 이경미
    [P_RMESG1] => P_VACCT_NO=96569078464648|P_EXP_DT=20260423
    [P_RMESG2] => 
    [P_NOTI] => 
    [P_AUTH_NO] => 
)

 Array
(
    [PageCall time] => 11:15:59
    [P_TID] => INIMX_VBNKCAEcatca0720260415111316705033
    [P_MID] => CAEcatca07
    [P_AUTH_DT] => 20260415111559
    [P_STATUS] => 02
    [P_TYPE] => VBANK
    [P_OID] => 260415-005
    [P_FN_CD1] => 04
    [P_FN_CD2] => 
    [P_FN_NM] => KB국민은행
    [P_AMT] => 3500
    [P_UNAME] => 김광영
    [P_RMESG1] => P_VACCT_NO=26119078854963|P_EXP_DT=20260425
    [P_RMESG2] => 
    [P_NOTI] => 
    [P_AUTH_NO] => 
)

 Array
(
    [PageCall time] => 11:42:00
    [P_TID] => INIMX_VBNKCAEcatca0720260415113903435367
    [P_MID] => CAEcatca07
    [P_AUTH_DT] => 20260415114200
    [P_STATUS] => 02
    [P_TYPE] => VBANK
    [P_OID] => 260415-006
    [P_FN_CD1] => 04
    [P_FN_CD2] => 
    [P_FN_NM] => KB국민은행
    [P_AMT] => 3500
    [P_UNAME] => 김남준
    [P_RMESG1] => P_VACCT_NO=39919011873327|P_EXP_DT=20260425
    [P_RMESG2] => 
    [P_NOTI] => 
    [P_AUTH_NO] => 
)

 Array
(
    [PageCall time] => 11:50:34
    [P_TID] => INIMX_VBNKCAEcatca0720260415114746545864
    [P_MID] => CAEcatca07
    [P_AUTH_DT] => 20260415115034
    [P_STATUS] => 02
    [P_TYPE] => VBANK
    [P_OID] => 260415-007
    [P_FN_CD1] => 04
    [P_FN_CD2] => 
    [P_FN_NM] => KB국민은행
    [P_AMT] => 3500
    [P_UNAME] => 박계국
    [P_RMESG1] => P_VACCT_NO=26119078589663|P_EXP_DT=20260425
    [P_RMESG2] => 
    [P_NOTI] => 
    [P_AUTH_NO] => 
)

 Array
(
    [PageCall time] => 11:55:16
    [P_TID] => INIMX_VBNKCAEcatca0720260415115438365786
    [P_MID] => CAEcatca07
    [P_AUTH_DT] => 20260415115515
    [P_STATUS] => 02
    [P_TYPE] => VBANK
    [P_OID] => 260415-008
    [P_FN_CD1] => 11
    [P_FN_CD2] => 
    [P_FN_NM] => NH농협은행
    [P_AMT] => 3500
    [P_UNAME] => 박정임
    [P_RMESG1] => P_VACCT_NO=79014506636579|P_EXP_DT=20260425
    [P_RMESG2] => 
    [P_NOTI] => 
    [P_AUTH_NO] => 
)

 Array
(
    [PageCall time] => 13:06:38
    [P_TID] => INIMX_VBNKCAEcatca0720260415130603745171
    [P_MID] => CAEcatca07
    [P_AUTH_DT] => 20260415130638
    [P_STATUS] => 02
    [P_TYPE] => VBANK
    [P_OID] => 260410-020
    [P_FN_CD1] => 11
    [P_FN_CD2] => 
    [P_FN_NM] => NH농협은행
    [P_AMT] => 3500
    [P_UNAME] => 인소희
    [P_RMESG1] => P_VACCT_NO=79014506641733|P_EXP_DT=20260425
    [P_RMESG2] => 
    [P_NOTI] => 
    [P_AUTH_NO] => 
)

 Array
(
    [PageCall time] => 13:13:34
    [P_TID] => INIMX_VBNKCAEcatca0720260415131056425569
    [P_MID] => CAEcatca07
    [P_AUTH_DT] => 20260415131333
    [P_STATUS] => 02
    [P_TYPE] => VBANK
    [P_OID] => 260415-010
    [P_FN_CD1] => 04
    [P_FN_CD2] => 
    [P_FN_NM] => KB국민은행
    [P_AMT] => 3500
    [P_UNAME] => 유현경
    [P_RMESG1] => P_VACCT_NO=96569078728555|P_EXP_DT=20260425
    [P_RMESG2] => 
    [P_NOTI] => 
    [P_AUTH_NO] => 
)

 Array
(
    [PageCall time] => 13:19:46
    [P_TID] => INIMX_VBNKCAEcatca0720260415131635675383
    [P_MID] => CAEcatca07
    [P_AUTH_DT] => 20260415131946
    [P_STATUS] => 02
    [P_TYPE] => VBANK
    [P_OID] => 260415-011
    [P_FN_CD1] => 03
    [P_FN_CD2] => 
    [P_FN_NM] => 기업은행
    [P_AMT] => 3500
    [P_UNAME] => 전진옥
    [P_RMESG1] => P_VACCT_NO=07503142897282|P_EXP_DT=20260425
    [P_RMESG2] => 
    [P_NOTI] => 
    [P_AUTH_NO] => 
)

 Array
(
    [PageCall time] => 13:30:15
    [P_TID] => INIMX_VBNKCAEcatca0720260415132742445672
    [P_MID] => CAEcatca07
    [P_AUTH_DT] => 20260415133015
    [P_STATUS] => 02
    [P_TYPE] => VBANK
    [P_OID] => 260415-012
    [P_FN_CD1] => 20
    [P_FN_CD2] => 
    [P_FN_NM] => 우리은행
    [P_AMT] => 3500
    [P_UNAME] => 박예남
    [P_RMESG1] => P_VACCT_NO=27387836418865|P_EXP_DT=20260425
    [P_RMESG2] => 
    [P_NOTI] => 
    [P_AUTH_NO] => 
)

 Array
(
    [PageCall time] => 14:36:35
    [P_TID] => INIMX_VBNKCAEcatca0720260415143406845059
    [P_MID] => CAEcatca07
    [P_AUTH_DT] => 20260415143635
    [P_STATUS] => 02
    [P_TYPE] => VBANK
    [P_OID] => 260415-016
    [P_FN_CD1] => 04
    [P_FN_CD2] => 
    [P_FN_NM] => KB국민은행
    [P_AMT] => 3500
    [P_UNAME] => 김기웅
    [P_RMESG1] => P_VACCT_NO=96989078552840|P_EXP_DT=20260425
    [P_RMESG2] => 
    [P_NOTI] => 
    [P_AUTH_NO] => 
)

 Array
(
    [PageCall time] => 14:44:18
    [P_TID] => INIMX_VBNKCAEcatca0720260415144355145285
    [P_MID] => CAEcatca07
    [P_AUTH_DT] => 20260415144418
    [P_STATUS] => 02
    [P_TYPE] => VBANK
    [P_OID] => 260415-017
    [P_FN_CD1] => 11
    [P_FN_CD2] => 
    [P_FN_NM] => NH농협은행
    [P_AMT] => 3500
    [P_UNAME] => 노영경
    [P_RMESG1] => P_VACCT_NO=79014506660571|P_EXP_DT=20260425
    [P_RMESG2] => 
    [P_NOTI] => 
    [P_AUTH_NO] => 
)

 Array
(
    [PageCall time] => 14:45:55
    [P_TID] => INIMX_VBNKCAEcatca0720260415144146315181
    [P_MID] => CAEcatca07
    [P_AUTH_DT] => 20260415144555
    [P_STATUS] => 02
    [P_TYPE] => VBANK
    [P_OID] => 260415-015
    [P_FN_CD1] => 81
    [P_FN_CD2] => 
    [P_FN_NM] => 하나은행
    [P_AMT] => 3500
    [P_UNAME] => 김경분
    [P_RMESG1] => P_VACCT_NO=20893960375137|P_EXP_DT=20260425
    [P_RMESG2] => 
    [P_NOTI] => 
    [P_AUTH_NO] => 
)

 Array
(
    [PageCall time] => 15:46:27
    [P_TID] => INIMX_VBNKCAEcatca0720260415154224135688
    [P_MID] => CAEcatca07
    [P_AUTH_DT] => 20260415154627
    [P_STATUS] => 02
    [P_TYPE] => VBANK
    [P_OID] => 260415-023
    [P_FN_CD1] => 20
    [P_FN_CD2] => 
    [P_FN_NM] => 우리은행
    [P_AMT] => 3500
    [P_UNAME] => 양정순
    [P_RMESG1] => P_VACCT_NO=27387857518779|P_EXP_DT=20260425
    [P_RMESG2] => 
    [P_NOTI] => 
    [P_AUTH_NO] => 
)

 Array
(
    [PageCall time] => 15:57:22
    [P_TID] => INIMX_VBNKCAEcatca0720260415155334665237
    [P_MID] => CAEcatca07
    [P_AUTH_DT] => 20260415155722
    [P_STATUS] => 02
    [P_TYPE] => VBANK
    [P_OID] => 260415-026
    [P_FN_CD1] => 04
    [P_FN_CD2] => 
    [P_FN_NM] => KB국민은행
    [P_AMT] => 3500
    [P_UNAME] => 심기정
    [P_RMESG1] => P_VACCT_NO=97089078277002|P_EXP_DT=20260425
    [P_RMESG2] => 
    [P_NOTI] => 
    [P_AUTH_NO] => 
)

 Array
(
    [PageCall time] => 16:25:50
    [P_TID] => INIMX_VBNKCAEcatca0720260415162303945844
    [P_MID] => CAEcatca07
    [P_AUTH_DT] => 20260415162550
    [P_STATUS] => 02
    [P_TYPE] => VBANK
    [P_OID] => 260415-028
    [P_FN_CD1] => 88
    [P_FN_CD2] => 
    [P_FN_NM] => 신한은행
    [P_AMT] => 3500
    [P_UNAME] => 김도훈
    [P_RMESG1] => P_VACCT_NO=56211990752393|P_EXP_DT=20260425
    [P_RMESG2] => 
    [P_NOTI] => 
    [P_AUTH_NO] => 
)

 Array
(
    [PageCall time] => 16:51:49
    [P_TID] => INIMX_VBNKCAEcatca0720260415164752415610
    [P_MID] => CAEcatca07
    [P_AUTH_DT] => 20260415165149
    [P_STATUS] => 02
    [P_TYPE] => VBANK
    [P_OID] => 260415-024
    [P_FN_CD1] => 20
    [P_FN_CD2] => 
    [P_FN_NM] => 우리은행
    [P_AMT] => 3500
    [P_UNAME] => 이은영
    [P_RMESG1] => P_VACCT_NO=27387862318781|P_EXP_DT=20260425
    [P_RMESG2] => 
    [P_NOTI] => 
    [P_AUTH_NO] => 
)

 Array
(
    [PageCall time] => 16:52:55
    [P_TID] => INIMX_VBNKCAEcatca0720260415125035115934
    [P_MID] => CAEcatca07
    [P_AUTH_DT] => 20260415165255
    [P_STATUS] => 02
    [P_TYPE] => VBANK
    [P_OID] => 260415-009
    [P_FN_CD1] => 03
    [P_FN_CD2] => 
    [P_FN_NM] => 기업은행
    [P_AMT] => 3500
    [P_UNAME] => 이승희
    [P_RMESG1] => P_VACCT_NO=07503142697011|P_EXP_DT=20260425
    [P_RMESG2] => 
    [P_NOTI] => 
    [P_AUTH_NO] => 
)

 Array
(
    [PageCall time] => 17:01:55
    [P_TID] => INIMX_VBNKCAEcatca0720260415165905495852
    [P_MID] => CAEcatca07
    [P_AUTH_DT] => 20260415170155
    [P_STATUS] => 02
    [P_TYPE] => VBANK
    [P_OID] => 260415-029
    [P_FN_CD1] => 89
    [P_FN_CD2] => 
    [P_FN_NM] => 케이뱅크
    [P_AMT] => 3500
    [P_UNAME] => 박희승
    [P_RMESG1] => P_VACCT_NO=70112004014234|P_EXP_DT=20260425
    [P_RMESG2] => 
    [P_NOTI] => 
    [P_AUTH_NO] => 
)

 Array
(
    [PageCall time] => 18:01:17
    [P_TID] => INIMX_VBNKCAEcatca0720260415175728215437
    [P_MID] => CAEcatca07
    [P_AUTH_DT] => 20260415180117
    [P_STATUS] => 02
    [P_TYPE] => VBANK
    [P_OID] => 260415-031
    [P_FN_CD1] => 88
    [P_FN_CD2] => 
    [P_FN_NM] => 신한은행
    [P_AMT] => 3500
    [P_UNAME] => 강은경
    [P_RMESG1] => P_VACCT_NO=56211990760675|P_EXP_DT=20260425
    [P_RMESG2] => 
    [P_NOTI] => 
    [P_AUTH_NO] => 
)

 Array
(
    [PageCall time] => 18:26:32
    [P_TID] => INIMX_VBNKCAEcatca0720260415182537985513
    [P_MID] => CAEcatca07
    [P_AUTH_DT] => 20260415182632
    [P_STATUS] => 02
    [P_TYPE] => VBANK
    [P_OID] => 260415-032
    [P_FN_CD1] => 11
    [P_FN_CD2] => 
    [P_FN_NM] => NH농협은행
    [P_AMT] => 3500
    [P_UNAME] => 여형태
    [P_RMESG1] => P_VACCT_NO=79014506694518|P_EXP_DT=20260425
    [P_RMESG2] => 
    [P_NOTI] => 
    [P_AUTH_NO] => 
)

 Array
(
    [PageCall time] => 19:51:09
    [P_TID] => INIMX_VBNKCAEcatca0720260415194831755062
    [P_MID] => CAEcatca07
    [P_AUTH_DT] => 20260415195109
    [P_STATUS] => 02
    [P_TYPE] => VBANK
    [P_OID] => 260415-033
    [P_FN_CD1] => 03
    [P_FN_CD2] => 
    [P_FN_NM] => 기업은행
    [P_AMT] => 3500
    [P_UNAME] => 천유성
    [P_RMESG1] => P_VACCT_NO=07503147397879|P_EXP_DT=20260425
    [P_RMESG2] => 
    [P_NOTI] => 
    [P_AUTH_NO] => 
)

 Array
(
    [PageCall time] => 19:56:09
    [P_TID] => INIMX_VBNKCAEcatca0720260415195546285710
    [P_MID] => CAEcatca07
    [P_AUTH_DT] => 20260415195609
    [P_STATUS] => 02
    [P_TYPE] => VBANK
    [P_OID] => 260415-025
    [P_FN_CD1] => 11
    [P_FN_CD2] => 
    [P_FN_NM] => NH농협은행
    [P_AMT] => 3500
    [P_UNAME] => 이동윤
    [P_RMESG1] => P_VACCT_NO=79014506702436|P_EXP_DT=20260425
    [P_RMESG2] => 
    [P_NOTI] => 
    [P_AUTH_NO] => 
)

 Array
(
    [PageCall time] => 20:07:12
    [P_TID] => INIMX_VBNKCAEcatca0720260415200436495011
    [P_MID] => CAEcatca07
    [P_AUTH_DT] => 20260415200712
    [P_STATUS] => 02
    [P_TYPE] => VBANK
    [P_OID] => 260415-034
    [P_FN_CD1] => 03
    [P_FN_CD2] => 
    [P_FN_NM] => 기업은행
    [P_AMT] => 3500
    [P_UNAME] => 김시성
    [P_RMESG1] => P_VACCT_NO=07503147597627|P_EXP_DT=20260425
    [P_RMESG2] => 
    [P_NOTI] => 
    [P_AUTH_NO] => 
)

