 Array
(
    [PageCall time] => 12:42:14
    [P_TID] => INIMX_VBNKCAEcatca0720250427124127015533
    [P_MID] => CAEcatca07
    [P_AUTH_DT] => 20250427124214
    [P_STATUS] => 02
    [P_TYPE] => VBANK
    [P_OID] => 250427-001
    [P_FN_CD1] => 11
    [P_FN_CD2] => 
    [P_FN_NM] => NH농협은행
    [P_AMT] => 3000
    [P_UNAME] => 이상현
    [P_RMESG1] => P_VACCT_NO=79015901747182|P_EXP_DT=20250507
    [P_RMESG2] => 
    [P_NOTI] => 
    [P_AUTH_NO] => 
)

 Array
(
    [PageCall time] => 13:54:11
    [P_TID] => INIMX_VBNKCAEcatca0720250427135152895307
    [P_MID] => CAEcatca07
    [P_AUTH_DT] => 20250427135411
    [P_STATUS] => 02
    [P_TYPE] => VBANK
    [P_OID] => 250427-003
    [P_FN_CD1] => 88
    [P_FN_CD2] => 
    [P_FN_NM] => 신한은행
    [P_AMT] => 3000
    [P_UNAME] => 한우석
    [P_RMESG1] => P_VACCT_NO=56213170692099|P_EXP_DT=20250507
    [P_RMESG2] => 
    [P_NOTI] => 
    [P_AUTH_NO] => 
)

 Array
(
    [PageCall time] => 15:08:23
    [P_TID] => INIMX_VBNKCAEcatca0720250427150536575466
    [P_MID] => CAEcatca07
    [P_AUTH_DT] => 20250427150823
    [P_STATUS] => 02
    [P_TYPE] => VBANK
    [P_OID] => 250427-004
    [P_FN_CD1] => 88
    [P_FN_CD2] => 
    [P_FN_NM] => 신한은행
    [P_AMT] => 3000
    [P_UNAME] => 구자영
    [P_RMESG1] => P_VACCT_NO=56213170695100|P_EXP_DT=20250507
    [P_RMESG2] => 
    [P_NOTI] => 
    [P_AUTH_NO] => 
)

 Array
(
    [PageCall time] => 15:43:56
    [P_TID] => INIMX_VBNKCAEcatca0720250424102531554156
    [P_MID] => CAEcatca07
    [P_AUTH_DT] => 20250427154356
    [P_STATUS] => 02
    [P_TYPE] => VBANK
    [P_OID] => 250424-003
    [P_FN_CD1] => 04
    [P_FN_CD2] => 
    [P_FN_NM] => KB국민은행
    [P_AMT] => 3000
    [P_UNAME] => 김형만
    [P_RMESG1] => P_VACCT_NO=87969011414455|P_EXP_DT=20250504
    [P_RMESG2] => 
    [P_NOTI] => 
    [P_AUTH_NO] => 
)

 Array
(
    [PageCall time] => 16:16:56
    [P_TID] => INIMX_VBNKCAEcatca0720250427161349385957
    [P_MID] => CAEcatca07
    [P_AUTH_DT] => 20250427161656
    [P_STATUS] => 02
    [P_TYPE] => VBANK
    [P_OID] => 250427-005
    [P_FN_CD1] => 88
    [P_FN_CD2] => 
    [P_FN_NM] => 신한은행
    [P_AMT] => 3000
    [P_UNAME] => 윤지원
    [P_RMESG1] => P_VACCT_NO=56213170698076|P_EXP_DT=20250507
    [P_RMESG2] => 
    [P_NOTI] => 
    [P_AUTH_NO] => 
)

 Array
(
    [PageCall time] => 18:26:09
    [P_TID] => INIMX_VBNKCAEcatca0720250427182535355551
    [P_MID] => CAEcatca07
    [P_AUTH_DT] => 20250427182609
    [P_STATUS] => 02
    [P_TYPE] => VBANK
    [P_OID] => 250427-006
    [P_FN_CD1] => 04
    [P_FN_CD2] => 
    [P_FN_NM] => KB국민은행
    [P_AMT] => 3000
    [P_UNAME] => 최호승
    [P_RMESG1] => P_VACCT_NO=26119078190894|P_EXP_DT=20250507
    [P_RMESG2] => 
    [P_NOTI] => 
    [P_AUTH_NO] => 
)

 Array
(
    [PageCall time] => 18:31:07
    [P_TID] => INIMX_VBNKCAEcatca0720250427183000655805
    [P_MID] => CAEcatca07
    [P_AUTH_DT] => 20250427183107
    [P_STATUS] => 02
    [P_TYPE] => VBANK
    [P_OID] => 250427-007
    [P_FN_CD1] => 11
    [P_FN_CD2] => 
    [P_FN_NM] => NH농협은행
    [P_AMT] => 3000
    [P_UNAME] => 김남희
    [P_RMESG1] => P_VACCT_NO=79015901773417|P_EXP_DT=20250507
    [P_RMESG2] => 
    [P_NOTI] => 
    [P_AUTH_NO] => 
)

 Array
(
    [PageCall time] => 18:39:38
    [P_TID] => INIMX_VBNKCAEcatca0720250427183621755263
    [P_MID] => CAEcatca07
    [P_AUTH_DT] => 20250427183938
    [P_STATUS] => 02
    [P_TYPE] => VBANK
    [P_OID] => 250427-008
    [P_FN_CD1] => 04
    [P_FN_CD2] => 
    [P_FN_NM] => KB국민은행
    [P_AMT] => 3000
    [P_UNAME] => 이정찬
    [P_RMESG1] => P_VACCT_NO=26119078196148|P_EXP_DT=20250507
    [P_RMESG2] => 
    [P_NOTI] => 
    [P_AUTH_NO] => 
)

 Array
(
    [PageCall time] => 20:45:12
    [P_TID] => INIMX_VBNKCAEcatca0720250427204420505858
    [P_MID] => CAEcatca07
    [P_AUTH_DT] => 20250427204512
    [P_STATUS] => 02
    [P_TYPE] => VBANK
    [P_OID] => 250427-009
    [P_FN_CD1] => 04
    [P_FN_CD2] => 
    [P_FN_NM] => KB국민은행
    [P_AMT] => 3000
    [P_UNAME] => 강영아
    [P_RMESG1] => P_VACCT_NO=26119078276604|P_EXP_DT=20250507
    [P_RMESG2] => 
    [P_NOTI] => 
    [P_AUTH_NO] => 
)

 Array
(
    [PageCall time] => 21:47:24
    [P_TID] => INIMX_VBNKCAEcatca0720250427214450475374
    [P_MID] => CAEcatca07
    [P_AUTH_DT] => 20250427214724
    [P_STATUS] => 02
    [P_TYPE] => VBANK
    [P_OID] => 250427-011
    [P_FN_CD1] => 88
    [P_FN_CD2] => 
    [P_FN_NM] => 신한은행
    [P_AMT] => 3000
    [P_UNAME] => 구하늘
    [P_RMESG1] => P_VACCT_NO=56213170710713|P_EXP_DT=20250507
    [P_RMESG2] => 
    [P_NOTI] => 
    [P_AUTH_NO] => 
)

