 Array
(
    [PageCall time] => 08:19:14
    [P_TID] => INIMX_VBNKCAEcatca0720260223081618925550
    [P_MID] => CAEcatca07
    [P_AUTH_DT] => 20260223081914
    [P_STATUS] => 02
    [P_TYPE] => VBANK
    [P_OID] => 260222-014
    [P_FN_CD1] => 88
    [P_FN_CD2] => 
    [P_FN_NM] => 신한은행
    [P_AMT] => 3500
    [P_UNAME] => 이지애
    [P_RMESG1] => P_VACCT_NO=56211103794897|P_EXP_DT=20260305
    [P_RMESG2] => 
    [P_NOTI] => 
    [P_AUTH_NO] => 
)

 Array
(
    [PageCall time] => 09:10:52
    [P_TID] => INIMX_VBNKCAEcatca0720260223085332395396
    [P_MID] => CAEcatca07
    [P_AUTH_DT] => 20260223091052
    [P_STATUS] => 02
    [P_TYPE] => VBANK
    [P_OID] => 260223-001
    [P_FN_CD1] => 11
    [P_FN_CD2] => 
    [P_FN_NM] => NH농협은행
    [P_AMT] => 3500
    [P_UNAME] => 남현
    [P_RMESG1] => P_VACCT_NO=79014289596026|P_EXP_DT=20260305
    [P_RMESG2] => 
    [P_NOTI] => 
    [P_AUTH_NO] => 
)

 Array
(
    [PageCall time] => 10:21:19
    [P_TID] => INIMX_VBNKCAEcatca0720260223101845195870
    [P_MID] => CAEcatca07
    [P_AUTH_DT] => 20260223102119
    [P_STATUS] => 02
    [P_TYPE] => VBANK
    [P_OID] => 260223-003
    [P_FN_CD1] => 11
    [P_FN_CD2] => 
    [P_FN_NM] => NH농협은행
    [P_AMT] => 3500
    [P_UNAME] => 이현구
    [P_RMESG1] => P_VACCT_NO=79014289616750|P_EXP_DT=20260305
    [P_RMESG2] => 
    [P_NOTI] => 
    [P_AUTH_NO] => 
)

 Array
(
    [PageCall time] => 10:34:02
    [P_TID] => INIMX_VBNKCAEcatca0720260223103327745059
    [P_MID] => CAEcatca07
    [P_AUTH_DT] => 20260223103402
    [P_STATUS] => 02
    [P_TYPE] => VBANK
    [P_OID] => 260223-007
    [P_FN_CD1] => 11
    [P_FN_CD2] => 
    [P_FN_NM] => NH농협은행
    [P_AMT] => 3500
    [P_UNAME] => 안승욱
    [P_RMESG1] => P_VACCT_NO=79014289619891|P_EXP_DT=20260305
    [P_RMESG2] => 
    [P_NOTI] => 
    [P_AUTH_NO] => 
)

 Array
(
    [PageCall time] => 10:35:46
    [P_TID] => INIMX_VBNKCAEcatca0720260223103227295389
    [P_MID] => CAEcatca07
    [P_AUTH_DT] => 20260223103546
    [P_STATUS] => 02
    [P_TYPE] => VBANK
    [P_OID] => 260223-006
    [P_FN_CD1] => 04
    [P_FN_CD2] => 
    [P_FN_NM] => KB국민은행
    [P_AMT] => 3500
    [P_UNAME] => 이승민
    [P_RMESG1] => P_VACCT_NO=26119078849288|P_EXP_DT=20260305
    [P_RMESG2] => 
    [P_NOTI] => 
    [P_AUTH_NO] => 
)

 Array
(
    [PageCall time] => 10:38:50
    [P_TID] => INIMX_VBNKCAEcatca0720260223103530395627
    [P_MID] => CAEcatca07
    [P_AUTH_DT] => 20260223103850
    [P_STATUS] => 02
    [P_TYPE] => VBANK
    [P_OID] => 260222-004
    [P_FN_CD1] => 88
    [P_FN_CD2] => 
    [P_FN_NM] => 신한은행
    [P_AMT] => 3500
    [P_UNAME] => 김영희
    [P_RMESG1] => P_VACCT_NO=56211104174286|P_EXP_DT=20260305
    [P_RMESG2] => 
    [P_NOTI] => 
    [P_AUTH_NO] => 
)

 Array
(
    [PageCall time] => 11:10:39
    [P_TID] => INIMX_VBNKCAEcatca0720260223110749035188
    [P_MID] => CAEcatca07
    [P_AUTH_DT] => 20260223111039
    [P_STATUS] => 02
    [P_TYPE] => VBANK
    [P_OID] => 260223-010
    [P_FN_CD1] => 04
    [P_FN_CD2] => 
    [P_FN_NM] => KB국민은행
    [P_AMT] => 3500
    [P_UNAME] => 소은영
    [P_RMESG1] => P_VACCT_NO=70219014705430|P_EXP_DT=20260305
    [P_RMESG2] => 
    [P_NOTI] => 
    [P_AUTH_NO] => 
)

 Array
(
    [PageCall time] => 11:18:23
    [P_TID] => INIMX_VBNKCAEcatca0720260223111543895154
    [P_MID] => CAEcatca07
    [P_AUTH_DT] => 20260223111823
    [P_STATUS] => 02
    [P_TYPE] => VBANK
    [P_OID] => 260223-009
    [P_FN_CD1] => 04
    [P_FN_CD2] => 
    [P_FN_NM] => KB국민은행
    [P_AMT] => 3500
    [P_UNAME] => 양진희
    [P_RMESG1] => P_VACCT_NO=70219014707715|P_EXP_DT=20260305
    [P_RMESG2] => 
    [P_NOTI] => 
    [P_AUTH_NO] => 
)

 Array
(
    [PageCall time] => 11:23:14
    [P_TID] => INIMX_VBNKCAEcatca0720260223112014775148
    [P_MID] => CAEcatca07
    [P_AUTH_DT] => 20260223112314
    [P_STATUS] => 02
    [P_TYPE] => VBANK
    [P_OID] => 260223-012
    [P_FN_CD1] => 88
    [P_FN_CD2] => 
    [P_FN_NM] => 신한은행
    [P_AMT] => 3500
    [P_UNAME] => 류은혜
    [P_RMESG1] => P_VACCT_NO=56211104180806|P_EXP_DT=20260305
    [P_RMESG2] => 
    [P_NOTI] => 
    [P_AUTH_NO] => 
)

 Array
(
    [PageCall time] => 11:45:15
    [P_TID] => INIMX_VBNKCAEcatca0720260223114213135724
    [P_MID] => CAEcatca07
    [P_AUTH_DT] => 20260223114515
    [P_STATUS] => 02
    [P_TYPE] => VBANK
    [P_OID] => 260223-014
    [P_FN_CD1] => 32
    [P_FN_CD2] => 
    [P_FN_NM] => 부산은행
    [P_AMT] => 3500
    [P_UNAME] => 정연민
    [P_RMESG1] => P_VACCT_NO=109924685592|P_EXP_DT=20260305
    [P_RMESG2] => 
    [P_NOTI] => 
    [P_AUTH_NO] => 
)

 Array
(
    [PageCall time] => 11:52:47
    [P_TID] => INIMX_VBNKCAEcatca0720260223115012235397
    [P_MID] => CAEcatca07
    [P_AUTH_DT] => 20260223115247
    [P_STATUS] => 02
    [P_TYPE] => VBANK
    [P_OID] => 260223-015
    [P_FN_CD1] => 03
    [P_FN_CD2] => 
    [P_FN_NM] => 기업은행
    [P_AMT] => 3500
    [P_UNAME] => 김미주
    [P_RMESG1] => P_VACCT_NO=07503196397788|P_EXP_DT=20260305
    [P_RMESG2] => 
    [P_NOTI] => 
    [P_AUTH_NO] => 
)

 Array
(
    [PageCall time] => 12:33:28
    [P_TID] => INIMX_VBNKCAEcatca0720260223122930785368
    [P_MID] => CAEcatca07
    [P_AUTH_DT] => 20260223123328
    [P_STATUS] => 02
    [P_TYPE] => VBANK
    [P_OID] => 260223-018
    [P_FN_CD1] => 88
    [P_FN_CD2] => 
    [P_FN_NM] => 신한은행
    [P_AMT] => 3500
    [P_UNAME] => 안정현
    [P_RMESG1] => P_VACCT_NO=56211104187186|P_EXP_DT=20260305
    [P_RMESG2] => 
    [P_NOTI] => 
    [P_AUTH_NO] => 
)

 Array
(
    [PageCall time] => 12:50:22
    [P_TID] => INIMX_VBNKCAEcatca0720260223124719595299
    [P_MID] => CAEcatca07
    [P_AUTH_DT] => 20260223125022
    [P_STATUS] => 02
    [P_TYPE] => VBANK
    [P_OID] => 260223-019
    [P_FN_CD1] => 81
    [P_FN_CD2] => 
    [P_FN_NM] => 하나은행
    [P_AMT] => 3500
    [P_UNAME] => 김소영
    [P_RMESG1] => P_VACCT_NO=20894090505837|P_EXP_DT=20260305
    [P_RMESG2] => 
    [P_NOTI] => 
    [P_AUTH_NO] => 
)

 Array
(
    [PageCall time] => 13:51:42
    [P_TID] => INIMX_VBNKCAEcatca0720260223134836335666
    [P_MID] => CAEcatca07
    [P_AUTH_DT] => 20260223135142
    [P_STATUS] => 02
    [P_TYPE] => VBANK
    [P_OID] => 260223-020
    [P_FN_CD1] => 81
    [P_FN_CD2] => 
    [P_FN_NM] => 하나은행
    [P_AMT] => 3500
    [P_UNAME] => 박현순
    [P_RMESG1] => P_VACCT_NO=20894090769337|P_EXP_DT=20260305
    [P_RMESG2] => 
    [P_NOTI] => 
    [P_AUTH_NO] => 
)

 Array
(
    [PageCall time] => 13:51:48
    [P_TID] => INIMX_VBNKCAEcatca0720260223135044915497
    [P_MID] => CAEcatca07
    [P_AUTH_DT] => 20260223135148
    [P_STATUS] => 02
    [P_TYPE] => VBANK
    [P_OID] => 260223-024
    [P_FN_CD1] => 71
    [P_FN_CD2] => 
    [P_FN_NM] => 우체국
    [P_AMT] => 3500
    [P_UNAME] => 김영애
    [P_RMESG1] => P_VACCT_NO=01398781157348|P_EXP_DT=20260305
    [P_RMESG2] => 
    [P_NOTI] => 
    [P_AUTH_NO] => 
)

 Array
(
    [PageCall time] => 14:05:51
    [P_TID] => INIMX_VBNKCAEcatca0720260223140217965518
    [P_MID] => CAEcatca07
    [P_AUTH_DT] => 20260223140551
    [P_STATUS] => 02
    [P_TYPE] => VBANK
    [P_OID] => 260223-026
    [P_FN_CD1] => 04
    [P_FN_CD2] => 
    [P_FN_NM] => KB국민은행
    [P_AMT] => 3500
    [P_UNAME] => 유영숙
    [P_RMESG1] => P_VACCT_NO=70219014739101|P_EXP_DT=20260305
    [P_RMESG2] => 
    [P_NOTI] => 
    [P_AUTH_NO] => 
)

 Array
(
    [PageCall time] => 14:15:17
    [P_TID] => INIMX_VBNKCAEcatca0720260223141215915290
    [P_MID] => CAEcatca07
    [P_AUTH_DT] => 20260223141517
    [P_STATUS] => 02
    [P_TYPE] => VBANK
    [P_OID] => 260223-029
    [P_FN_CD1] => 04
    [P_FN_CD2] => 
    [P_FN_NM] => KB국민은행
    [P_AMT] => 3500
    [P_UNAME] => 서여정
    [P_RMESG1] => P_VACCT_NO=70219014741067|P_EXP_DT=20260305
    [P_RMESG2] => 
    [P_NOTI] => 
    [P_AUTH_NO] => 
)

 Array
(
    [PageCall time] => 14:27:29
    [P_TID] => INIMX_VBNKCAEcatca0720260223142443265396
    [P_MID] => CAEcatca07
    [P_AUTH_DT] => 20260223142729
    [P_STATUS] => 02
    [P_TYPE] => VBANK
    [P_OID] => 260223-032
    [P_FN_CD1] => 04
    [P_FN_CD2] => 
    [P_FN_NM] => KB국민은행
    [P_AMT] => 3500
    [P_UNAME] => 이선화
    [P_RMESG1] => P_VACCT_NO=70219014744167|P_EXP_DT=20260305
    [P_RMESG2] => 
    [P_NOTI] => 
    [P_AUTH_NO] => 
)

 Array
(
    [PageCall time] => 14:32:22
    [P_TID] => INIMX_VBNKCAEcatca0720260223142729575463
    [P_MID] => CAEcatca07
    [P_AUTH_DT] => 20260223143221
    [P_STATUS] => 02
    [P_TYPE] => VBANK
    [P_OID] => 260223-033
    [P_FN_CD1] => 04
    [P_FN_CD2] => 
    [P_FN_NM] => KB국민은행
    [P_AMT] => 3500
    [P_UNAME] => 오창환
    [P_RMESG1] => P_VACCT_NO=70219014745234|P_EXP_DT=20260305
    [P_RMESG2] => 
    [P_NOTI] => 
    [P_AUTH_NO] => 
)

 Array
(
    [PageCall time] => 14:48:27
    [P_TID] => INIMX_VBNKCAEcatca0720260223144527365764
    [P_MID] => CAEcatca07
    [P_AUTH_DT] => 20260223144827
    [P_STATUS] => 02
    [P_TYPE] => VBANK
    [P_OID] => 260223-037
    [P_FN_CD1] => 04
    [P_FN_CD2] => 
    [P_FN_NM] => KB국민은행
    [P_AMT] => 3500
    [P_UNAME] => 박재성
    [P_RMESG1] => P_VACCT_NO=70219014749625|P_EXP_DT=20260305
    [P_RMESG2] => 
    [P_NOTI] => 
    [P_AUTH_NO] => 
)

 Array
(
    [PageCall time] => 15:18:03
    [P_TID] => INIMX_VBNKCAEcatca0720260223151509505003
    [P_MID] => CAEcatca07
    [P_AUTH_DT] => 20260223151803
    [P_STATUS] => 02
    [P_TYPE] => VBANK
    [P_OID] => 260223-038
    [P_FN_CD1] => 04
    [P_FN_CD2] => 
    [P_FN_NM] => KB국민은행
    [P_AMT] => 3500
    [P_UNAME] => 하은주
    [P_RMESG1] => P_VACCT_NO=70219014758858|P_EXP_DT=20260305
    [P_RMESG2] => 
    [P_NOTI] => 
    [P_AUTH_NO] => 
)

 Array
(
    [PageCall time] => 15:30:34
    [P_TID] => INIMX_VBNKCAEcatca0720260223152425535004
    [P_MID] => CAEcatca07
    [P_AUTH_DT] => 20260223153033
    [P_STATUS] => 02
    [P_TYPE] => VBANK
    [P_OID] => 260209-020
    [P_FN_CD1] => 04
    [P_FN_CD2] => 
    [P_FN_NM] => KB국민은행
    [P_AMT] => 3500
    [P_UNAME] => 문지영
    [P_RMESG1] => P_VACCT_NO=70219014761513|P_EXP_DT=20260305
    [P_RMESG2] => 
    [P_NOTI] => 
    [P_AUTH_NO] => 
)

 Array
(
    [PageCall time] => 15:34:30
    [P_TID] => INIMX_VBNKCAEcatca0720260223153306935682
    [P_MID] => CAEcatca07
    [P_AUTH_DT] => 20260223153430
    [P_STATUS] => 02
    [P_TYPE] => VBANK
    [P_OID] => 260223-042
    [P_FN_CD1] => 11
    [P_FN_CD2] => 
    [P_FN_NM] => NH농협은행
    [P_AMT] => 3500
    [P_UNAME] => 박영선
    [P_RMESG1] => P_VACCT_NO=79014289671591|P_EXP_DT=20260305
    [P_RMESG2] => 
    [P_NOTI] => 
    [P_AUTH_NO] => 
)

 Array
(
    [PageCall time] => 15:39:05
    [P_TID] => INIMX_VBNKCAEcatca0720260223153211505097
    [P_MID] => CAEcatca07
    [P_AUTH_DT] => 20260223153905
    [P_STATUS] => 02
    [P_TYPE] => VBANK
    [P_OID] => 260223-041
    [P_FN_CD1] => 88
    [P_FN_CD2] => 
    [P_FN_NM] => 신한은행
    [P_AMT] => 3500
    [P_UNAME] => 신금옥
    [P_RMESG1] => P_VACCT_NO=56211104206786|P_EXP_DT=20260305
    [P_RMESG2] => 
    [P_NOTI] => 
    [P_AUTH_NO] => 
)

 Array
(
    [PageCall time] => 15:42:06
    [P_TID] => INIMX_VBNKCAEcatca0720260223154035865306
    [P_MID] => CAEcatca07
    [P_AUTH_DT] => 20260223154206
    [P_STATUS] => 02
    [P_TYPE] => VBANK
    [P_OID] => 260223-040
    [P_FN_CD1] => 11
    [P_FN_CD2] => 
    [P_FN_NM] => NH농협은행
    [P_AMT] => 3500
    [P_UNAME] => 조은현
    [P_RMESG1] => P_VACCT_NO=79014289672831|P_EXP_DT=20260305
    [P_RMESG2] => 
    [P_NOTI] => 
    [P_AUTH_NO] => 
)

 Array
(
    [PageCall time] => 15:46:42
    [P_TID] => INIMX_VBNKCAEcatca0720260223154314365439
    [P_MID] => CAEcatca07
    [P_AUTH_DT] => 20260223154642
    [P_STATUS] => 02
    [P_TYPE] => VBANK
    [P_OID] => 260223-044
    [P_FN_CD1] => 11
    [P_FN_CD2] => 
    [P_FN_NM] => NH농협은행
    [P_AMT] => 3500
    [P_UNAME] => 김한성
    [P_RMESG1] => P_VACCT_NO=79014289673252|P_EXP_DT=20260305
    [P_RMESG2] => 
    [P_NOTI] => 
    [P_AUTH_NO] => 
)

 Array
(
    [PageCall time] => 15:48:59
    [P_TID] => INIMX_VBNKCAEcatca0720260223154609305079
    [P_MID] => CAEcatca07
    [P_AUTH_DT] => 20260223154859
    [P_STATUS] => 02
    [P_TYPE] => VBANK
    [P_OID] => 260223-045
    [P_FN_CD1] => 88
    [P_FN_CD2] => 
    [P_FN_NM] => 신한은행
    [P_AMT] => 3500
    [P_UNAME] => 지명주
    [P_RMESG1] => P_VACCT_NO=56211104209163|P_EXP_DT=20260305
    [P_RMESG2] => 
    [P_NOTI] => 
    [P_AUTH_NO] => 
)

 Array
(
    [PageCall time] => 15:57:17
    [P_TID] => INIMX_VBNKCAEcatca0720260223155402145820
    [P_MID] => CAEcatca07
    [P_AUTH_DT] => 20260223155716
    [P_STATUS] => 02
    [P_TYPE] => VBANK
    [P_OID] => 260223-046
    [P_FN_CD1] => 04
    [P_FN_CD2] => 
    [P_FN_NM] => KB국민은행
    [P_AMT] => 3500
    [P_UNAME] => 이은서
    [P_RMESG1] => P_VACCT_NO=70219014768385|P_EXP_DT=20260305
    [P_RMESG2] => 
    [P_NOTI] => 
    [P_AUTH_NO] => 
)

 Array
(
    [PageCall time] => 16:05:39
    [P_TID] => INIMX_VBNKCAEcatca0720260223160308445053
    [P_MID] => CAEcatca07
    [P_AUTH_DT] => 20260223160539
    [P_STATUS] => 02
    [P_TYPE] => VBANK
    [P_OID] => 260223-043
    [P_FN_CD1] => 89
    [P_FN_CD2] => 
    [P_FN_NM] => 케이뱅크
    [P_AMT] => 3500
    [P_UNAME] => 유희정
    [P_RMESG1] => P_VACCT_NO=70112003597852|P_EXP_DT=20260305
    [P_RMESG2] => 
    [P_NOTI] => 
    [P_AUTH_NO] => 
)

 Array
(
    [PageCall time] => 16:48:03
    [P_TID] => INIMX_VBNKCAEcatca0720260223164524795468
    [P_MID] => CAEcatca07
    [P_AUTH_DT] => 20260223164803
    [P_STATUS] => 02
    [P_TYPE] => VBANK
    [P_OID] => 260223-048
    [P_FN_CD1] => 88
    [P_FN_CD2] => 
    [P_FN_NM] => 신한은행
    [P_AMT] => 3500
    [P_UNAME] => 최혜경
    [P_RMESG1] => P_VACCT_NO=56211104216156|P_EXP_DT=20260305
    [P_RMESG2] => 
    [P_NOTI] => 
    [P_AUTH_NO] => 
)

 Array
(
    [PageCall time] => 16:56:49
    [P_TID] => INIMX_VBNKCAEcatca0720260223164713485574
    [P_MID] => CAEcatca07
    [P_AUTH_DT] => 20260223165649
    [P_STATUS] => 02
    [P_TYPE] => VBANK
    [P_OID] => 260223-049
    [P_FN_CD1] => 81
    [P_FN_CD2] => 
    [P_FN_NM] => 하나은행
    [P_AMT] => 3500
    [P_UNAME] => 이송희
    [P_RMESG1] => P_VACCT_NO=20894092563637|P_EXP_DT=20260305
    [P_RMESG2] => 
    [P_NOTI] => 
    [P_AUTH_NO] => 
)

 Array
(
    [PageCall time] => 17:50:52
    [P_TID] => INIMX_VBNKCAEcatca0720260223174804875391
    [P_MID] => CAEcatca07
    [P_AUTH_DT] => 20260223175052
    [P_STATUS] => 02
    [P_TYPE] => VBANK
    [P_OID] => 260223-050
    [P_FN_CD1] => 20
    [P_FN_CD2] => 
    [P_FN_NM] => 우리은행
    [P_AMT] => 3500
    [P_UNAME] => 채희경
    [P_RMESG1] => P_VACCT_NO=27490964018872|P_EXP_DT=20260305
    [P_RMESG2] => 
    [P_NOTI] => 
    [P_AUTH_NO] => 
)

 Array
(
    [PageCall time] => 18:31:13
    [P_TID] => INIMX_VBNKCAEcatca0720260222235623425901
    [P_MID] => CAEcatca07
    [P_AUTH_DT] => 20260223183113
    [P_STATUS] => 02
    [P_TYPE] => VBANK
    [P_OID] => 260222-017
    [P_FN_CD1] => 11
    [P_FN_CD2] => 
    [P_FN_NM] => NH농협은행
    [P_AMT] => 3500
    [P_UNAME] => 김희승
    [P_RMESG1] => P_VACCT_NO=79014289581681|P_EXP_DT=20260304
    [P_RMESG2] => 
    [P_NOTI] => 
    [P_AUTH_NO] => 
)

 Array
(
    [PageCall time] => 18:48:13
    [P_TID] => INIMX_VBNKCAEcatca0720260223184510335178
    [P_MID] => CAEcatca07
    [P_AUTH_DT] => 20260223184813
    [P_STATUS] => 02
    [P_TYPE] => VBANK
    [P_OID] => 260223-051
    [P_FN_CD1] => 04
    [P_FN_CD2] => 
    [P_FN_NM] => KB국민은행
    [P_AMT] => 3500
    [P_UNAME] => 김승재
    [P_RMESG1] => P_VACCT_NO=70219014803266|P_EXP_DT=20260305
    [P_RMESG2] => 
    [P_NOTI] => 
    [P_AUTH_NO] => 
)

 Array
(
    [PageCall time] => 18:49:55
    [P_TID] => INIMX_VBNKCAEcatca0720260223184725105110
    [P_MID] => CAEcatca07
    [P_AUTH_DT] => 20260223184955
    [P_STATUS] => 02
    [P_TYPE] => VBANK
    [P_OID] => 260223-052
    [P_FN_CD1] => 04
    [P_FN_CD2] => 
    [P_FN_NM] => KB국민은행
    [P_AMT] => 3500
    [P_UNAME] => 정지연
    [P_RMESG1] => P_VACCT_NO=70219014803886|P_EXP_DT=20260305
    [P_RMESG2] => 
    [P_NOTI] => 
    [P_AUTH_NO] => 
)

 Array
(
    [PageCall time] => 19:19:37
    [P_TID] => INIMX_VBNKCAEcatca0720260223191444045352
    [P_MID] => CAEcatca07
    [P_AUTH_DT] => 20260223191937
    [P_STATUS] => 02
    [P_TYPE] => VBANK
    [P_OID] => 260223-054
    [P_FN_CD1] => 89
    [P_FN_CD2] => 
    [P_FN_NM] => 케이뱅크
    [P_AMT] => 3500
    [P_UNAME] => 박지영
    [P_RMESG1] => P_VACCT_NO=70112003599988|P_EXP_DT=20260305
    [P_RMESG2] => 
    [P_NOTI] => 
    [P_AUTH_NO] => 
)

 Array
(
    [PageCall time] => 19:22:17
    [P_TID] => INIMX_VBNKCAEcatca0720260223191926465553
    [P_MID] => CAEcatca07
    [P_AUTH_DT] => 20260223192217
    [P_STATUS] => 02
    [P_TYPE] => VBANK
    [P_OID] => 260223-055
    [P_FN_CD1] => 88
    [P_FN_CD2] => 
    [P_FN_NM] => 신한은행
    [P_AMT] => 3500
    [P_UNAME] => 라희라
    [P_RMESG1] => P_VACCT_NO=56211104228891|P_EXP_DT=20260305
    [P_RMESG2] => 
    [P_NOTI] => 
    [P_AUTH_NO] => 
)

 Array
(
    [PageCall time] => 19:54:35
    [P_TID] => INIMX_VBNKCAEcatca0720260223195140864162
    [P_MID] => CAEcatca07
    [P_AUTH_DT] => 20260223195435
    [P_STATUS] => 02
    [P_TYPE] => VBANK
    [P_OID] => 260223-053
    [P_FN_CD1] => 20
    [P_FN_CD2] => 
    [P_FN_NM] => 우리은행
    [P_AMT] => 3500
    [P_UNAME] => 이원옥
    [P_RMESG1] => P_VACCT_NO=27384865118516|P_EXP_DT=20260305
    [P_RMESG2] => 
    [P_NOTI] => 
    [P_AUTH_NO] => 
)

 Array
(
    [PageCall time] => 20:33:35
    [P_TID] => INIMX_VBNKCAEcatca0720260223203046544915
    [P_MID] => CAEcatca07
    [P_AUTH_DT] => 20260223203335
    [P_STATUS] => 02
    [P_TYPE] => VBANK
    [P_OID] => 260223-057
    [P_FN_CD1] => 20
    [P_FN_CD2] => 
    [P_FN_NM] => 우리은행
    [P_AMT] => 3500
    [P_UNAME] => 한성택
    [P_RMESG1] => P_VACCT_NO=27384866018749|P_EXP_DT=20260305
    [P_RMESG2] => 
    [P_NOTI] => 
    [P_AUTH_NO] => 
)

