 Array
(
    [PageCall time] => 09:36:14
    [P_TID] => INIMX_VBNKCAEcatca0720251101093343345981
    [P_MID] => CAEcatca07
    [P_AUTH_DT] => 20251101093613
    [P_STATUS] => 02
    [P_TYPE] => VBANK
    [P_OID] => 251101-001
    [P_FN_CD1] => 04
    [P_FN_CD2] => 
    [P_FN_NM] => KB국민은행
    [P_AMT] => 3000
    [P_UNAME] => 백민경
    [P_RMESG1] => P_VACCT_NO=26029078364603|P_EXP_DT=20251111
    [P_RMESG2] => 
    [P_NOTI] => 
    [P_AUTH_NO] => 
)

 Array
(
    [PageCall time] => 10:16:51
    [P_TID] => INIMX_VBNKCAEcatca0720251101101613145220
    [P_MID] => CAEcatca07
    [P_AUTH_DT] => 20251101101651
    [P_STATUS] => 02
    [P_TYPE] => VBANK
    [P_OID] => 251101-003
    [P_FN_CD1] => 11
    [P_FN_CD2] => 
    [P_FN_NM] => NH농협은행
    [P_AMT] => 3000
    [P_UNAME] => 홍혜진
    [P_RMESG1] => P_VACCT_NO=79015900362793|P_EXP_DT=20251111
    [P_RMESG2] => 
    [P_NOTI] => 
    [P_AUTH_NO] => 
)

 Array
(
    [PageCall time] => 10:28:42
    [P_TID] => INIMX_VBNKCAEcatca0720251101102425535884
    [P_MID] => CAEcatca07
    [P_AUTH_DT] => 20251101102842
    [P_STATUS] => 02
    [P_TYPE] => VBANK
    [P_OID] => 251101-004
    [P_FN_CD1] => 04
    [P_FN_CD2] => 
    [P_FN_NM] => KB국민은행
    [P_AMT] => 3000
    [P_UNAME] => 장주표
    [P_RMESG1] => P_VACCT_NO=26159078003295|P_EXP_DT=20251111
    [P_RMESG2] => 
    [P_NOTI] => 
    [P_AUTH_NO] => 
)

 Array
(
    [PageCall time] => 11:01:28
    [P_TID] => INIMX_VBNKCAEcatca0720251101105839105512
    [P_MID] => CAEcatca07
    [P_AUTH_DT] => 20251101110128
    [P_STATUS] => 02
    [P_TYPE] => VBANK
    [P_OID] => 251101-005
    [P_FN_CD1] => 04
    [P_FN_CD2] => 
    [P_FN_NM] => KB국민은행
    [P_AMT] => 3000
    [P_UNAME] => 박지애
    [P_RMESG1] => P_VACCT_NO=26029078577915|P_EXP_DT=20251111
    [P_RMESG2] => 
    [P_NOTI] => 
    [P_AUTH_NO] => 
)

 Array
(
    [PageCall time] => 13:44:10
    [P_TID] => INIMX_VBNKCAEcatca0720251101134038445960
    [P_MID] => CAEcatca07
    [P_AUTH_DT] => 20251101134409
    [P_STATUS] => 02
    [P_TYPE] => VBANK
    [P_OID] => 251101-006
    [P_FN_CD1] => 04
    [P_FN_CD2] => 
    [P_FN_NM] => KB국민은행
    [P_AMT] => 3000
    [P_UNAME] => 서승원
    [P_RMESG1] => P_VACCT_NO=70499011649577|P_EXP_DT=20251111
    [P_RMESG2] => 
    [P_NOTI] => 
    [P_AUTH_NO] => 
)

 Array
(
    [PageCall time] => 15:57:58
    [P_TID] => INIMX_VBNKCAEcatca0720251101155719845617
    [P_MID] => CAEcatca07
    [P_AUTH_DT] => 20251101155758
    [P_STATUS] => 02
    [P_TYPE] => VBANK
    [P_OID] => 251101-007
    [P_FN_CD1] => 11
    [P_FN_CD2] => 
    [P_FN_NM] => NH농협은행
    [P_AMT] => 3000
    [P_UNAME] => 진인옥
    [P_RMESG1] => P_VACCT_NO=79015900392270|P_EXP_DT=20251111
    [P_RMESG2] => 
    [P_NOTI] => 
    [P_AUTH_NO] => 
)

 Array
(
    [PageCall time] => 17:52:50
    [P_TID] => INIMX_VBNKCAEcatca0720251101174857285003
    [P_MID] => CAEcatca07
    [P_AUTH_DT] => 20251101175250
    [P_STATUS] => 02
    [P_TYPE] => VBANK
    [P_OID] => 251101-008
    [P_FN_CD1] => 88
    [P_FN_CD2] => 
    [P_FN_NM] => 신한은행
    [P_AMT] => 3000
    [P_UNAME] => 이혜봉
    [P_RMESG1] => P_VACCT_NO=56211104751251|P_EXP_DT=20251111
    [P_RMESG2] => 
    [P_NOTI] => 
    [P_AUTH_NO] => 
)

