 Array
(
    [PageCall time] => 10:15:28
    [P_TID] => INIMX_VBNKCAEcatca0720260130101253344675
    [P_MID] => CAEcatca07
    [P_AUTH_DT] => 20260130101528
    [P_STATUS] => 02
    [P_TYPE] => VBANK
    [P_OID] => 260130-004
    [P_FN_CD1] => 20
    [P_FN_CD2] => 
    [P_FN_NM] => 우리은행
    [P_AMT] => 3500
    [P_UNAME] => 진미선
    [P_RMESG1] => P_VACCT_NO=27204881218728|P_EXP_DT=20260209
    [P_RMESG2] => 
    [P_NOTI] => 
    [P_AUTH_NO] => 
)

 Array
(
    [PageCall time] => 11:01:59
    [P_TID] => INIMX_VBNKCAEcatca0720260130105925504321
    [P_MID] => CAEcatca07
    [P_AUTH_DT] => 20260130110159
    [P_STATUS] => 02
    [P_TYPE] => VBANK
    [P_OID] => 260129-008
    [P_FN_CD1] => 81
    [P_FN_CD2] => 
    [P_FN_NM] => 하나은행
    [P_AMT] => 3500
    [P_UNAME] => 김재근
    [P_RMESG1] => P_VACCT_NO=20894218841037|P_EXP_DT=20260209
    [P_RMESG2] => 
    [P_NOTI] => 
    [P_AUTH_NO] => 
)

 Array
(
    [PageCall time] => 11:18:09
    [P_TID] => INIMX_VBNKCAEcatca0720260130111525224223
    [P_MID] => CAEcatca07
    [P_AUTH_DT] => 20260130111809
    [P_STATUS] => 02
    [P_TYPE] => VBANK
    [P_OID] => 260128-006
    [P_FN_CD1] => 88
    [P_FN_CD2] => 
    [P_FN_NM] => 신한은행
    [P_AMT] => 3500
    [P_UNAME] => 김유미
    [P_RMESG1] => P_VACCT_NO=56211123673428|P_EXP_DT=20260209
    [P_RMESG2] => 
    [P_NOTI] => 
    [P_AUTH_NO] => 
)

 Array
(
    [PageCall time] => 11:21:22
    [P_TID] => INIMX_VBNKCAEcatca0720260129130103195743
    [P_MID] => CAEcatca07
    [P_AUTH_DT] => 20260130112122
    [P_STATUS] => 02
    [P_TYPE] => VBANK
    [P_OID] => 260129-016
    [P_FN_CD1] => 11
    [P_FN_CD2] => 
    [P_FN_NM] => NH농협은행
    [P_AMT] => 3500
    [P_UNAME] => 김유라
    [P_RMESG1] => P_VACCT_NO=79013684011423|P_EXP_DT=20260208
    [P_RMESG2] => 
    [P_NOTI] => 
    [P_AUTH_NO] => 
)

 Array
(
    [PageCall time] => 11:39:23
    [P_TID] => INIMX_VBNKCAEcatca0720260130113628294960
    [P_MID] => CAEcatca07
    [P_AUTH_DT] => 20260130113923
    [P_STATUS] => 02
    [P_TYPE] => VBANK
    [P_OID] => 260130-006
    [P_FN_CD1] => 88
    [P_FN_CD2] => 
    [P_FN_NM] => 신한은행
    [P_AMT] => 3500
    [P_UNAME] => 최은정
    [P_RMESG1] => P_VACCT_NO=56211123674120|P_EXP_DT=20260209
    [P_RMESG2] => 
    [P_NOTI] => 
    [P_AUTH_NO] => 
)

 Array
(
    [PageCall time] => 12:45:07
    [P_TID] => INIMX_VBNKCAEcatca0720260130124152494906
    [P_MID] => CAEcatca07
    [P_AUTH_DT] => 20260130124507
    [P_STATUS] => 02
    [P_TYPE] => VBANK
    [P_OID] => 260130-007
    [P_FN_CD1] => 04
    [P_FN_CD2] => 
    [P_FN_NM] => KB국민은행
    [P_AMT] => 3500
    [P_UNAME] => 박필금
    [P_RMESG1] => P_VACCT_NO=00159071018308|P_EXP_DT=20260209
    [P_RMESG2] => 
    [P_NOTI] => 
    [P_AUTH_NO] => 
)

 Array
(
    [PageCall time] => 12:50:17
    [P_TID] => INIMX_VBNKCAEcatca0720260130124716434227
    [P_MID] => CAEcatca07
    [P_AUTH_DT] => 20260130125017
    [P_STATUS] => 02
    [P_TYPE] => VBANK
    [P_OID] => 260130-008
    [P_FN_CD1] => 04
    [P_FN_CD2] => 
    [P_FN_NM] => KB국민은행
    [P_AMT] => 3500
    [P_UNAME] => 윤지영
    [P_RMESG1] => P_VACCT_NO=00159071018618|P_EXP_DT=20260209
    [P_RMESG2] => 
    [P_NOTI] => 
    [P_AUTH_NO] => 
)

 Array
(
    [PageCall time] => 13:31:33
    [P_TID] => INIMX_VBNKCAEcatca0720260130132820574498
    [P_MID] => CAEcatca07
    [P_AUTH_DT] => 20260130133133
    [P_STATUS] => 02
    [P_TYPE] => VBANK
    [P_OID] => 260125-010
    [P_FN_CD1] => 03
    [P_FN_CD2] => 
    [P_FN_NM] => 기업은행
    [P_AMT] => 3500
    [P_UNAME] => 오정철
    [P_RMESG1] => P_VACCT_NO=07500565297374|P_EXP_DT=20260209
    [P_RMESG2] => 
    [P_NOTI] => 
    [P_AUTH_NO] => 
)

 Array
(
    [PageCall time] => 14:12:47
    [P_TID] => INIMX_VBNKCAEcatca0720260130141040394741
    [P_MID] => CAEcatca07
    [P_AUTH_DT] => 20260130141247
    [P_STATUS] => 02
    [P_TYPE] => VBANK
    [P_OID] => 260130-011
    [P_FN_CD1] => 11
    [P_FN_CD2] => 
    [P_FN_NM] => NH농협은행
    [P_AMT] => 3500
    [P_UNAME] => 배대식
    [P_RMESG1] => P_VACCT_NO=79006425041077|P_EXP_DT=20260209
    [P_RMESG2] => 
    [P_NOTI] => 
    [P_AUTH_NO] => 
)

 Array
(
    [PageCall time] => 14:16:57
    [P_TID] => INIMX_VBNKCAEcatca0720260130141411254486
    [P_MID] => CAEcatca07
    [P_AUTH_DT] => 20260130141657
    [P_STATUS] => 02
    [P_TYPE] => VBANK
    [P_OID] => 260130-012
    [P_FN_CD1] => 04
    [P_FN_CD2] => 
    [P_FN_NM] => KB국민은행
    [P_AMT] => 3500
    [P_UNAME] => 우창윤
    [P_RMESG1] => P_VACCT_NO=00159071023690|P_EXP_DT=20260209
    [P_RMESG2] => 
    [P_NOTI] => 
    [P_AUTH_NO] => 
)

 Array
(
    [PageCall time] => 14:18:41
    [P_TID] => INIMX_VBNKCAEcatca0720260130141550344973
    [P_MID] => CAEcatca07
    [P_AUTH_DT] => 20260130141841
    [P_STATUS] => 02
    [P_TYPE] => VBANK
    [P_OID] => 260130-013
    [P_FN_CD1] => 88
    [P_FN_CD2] => 
    [P_FN_NM] => 신한은행
    [P_AMT] => 3500
    [P_UNAME] => 한은영
    [P_RMESG1] => P_VACCT_NO=56211123677132|P_EXP_DT=20260209
    [P_RMESG2] => 
    [P_NOTI] => 
    [P_AUTH_NO] => 
)

 Array
(
    [PageCall time] => 14:33:56
    [P_TID] => INIMX_VBNKCAEcatca0720260130140730594735
    [P_MID] => CAEcatca07
    [P_AUTH_DT] => 20260130143356
    [P_STATUS] => 02
    [P_TYPE] => VBANK
    [P_OID] => 260130-010
    [P_FN_CD1] => 20
    [P_FN_CD2] => 
    [P_FN_NM] => 우리은행
    [P_AMT] => 3500
    [P_UNAME] => 박경미
    [P_RMESG1] => P_VACCT_NO=27204894418182|P_EXP_DT=20260209
    [P_RMESG2] => 
    [P_NOTI] => 
    [P_AUTH_NO] => 
)

 Array
(
    [PageCall time] => 14:56:27
    [P_TID] => INIMX_VBNKCAEcatca0720260130145542414617
    [P_MID] => CAEcatca07
    [P_AUTH_DT] => 20260130145627
    [P_STATUS] => 02
    [P_TYPE] => VBANK
    [P_OID] => 260130-016
    [P_FN_CD1] => 11
    [P_FN_CD2] => 
    [P_FN_NM] => NH농협은행
    [P_AMT] => 3500
    [P_UNAME] => 김효영
    [P_RMESG1] => P_VACCT_NO=79006425051332|P_EXP_DT=20260209
    [P_RMESG2] => 
    [P_NOTI] => 
    [P_AUTH_NO] => 
)

 Array
(
    [PageCall time] => 14:58:01
    [P_TID] => INIMX_VBNKCAEcatca0720260130145433524003
    [P_MID] => CAEcatca07
    [P_AUTH_DT] => 20260130145801
    [P_STATUS] => 02
    [P_TYPE] => VBANK
    [P_OID] => 260130-015
    [P_FN_CD1] => 81
    [P_FN_CD2] => 
    [P_FN_NM] => 하나은행
    [P_AMT] => 3500
    [P_UNAME] => SASAMOTO FUKA
    [P_RMESG1] => P_VACCT_NO=20894219481037|P_EXP_DT=20260209
    [P_RMESG2] => 
    [P_NOTI] => 
    [P_AUTH_NO] => 
)

 Array
(
    [PageCall time] => 15:03:06
    [P_TID] => INIMX_VBNKCAEcatca0720260130150224174541
    [P_MID] => CAEcatca07
    [P_AUTH_DT] => 20260130150306
    [P_STATUS] => 02
    [P_TYPE] => VBANK
    [P_OID] => 260130-017
    [P_FN_CD1] => 11
    [P_FN_CD2] => 
    [P_FN_NM] => NH농협은행
    [P_AMT] => 3500
    [P_UNAME] => 이주연
    [P_RMESG1] => P_VACCT_NO=79006425053389|P_EXP_DT=20260209
    [P_RMESG2] => 
    [P_NOTI] => 
    [P_AUTH_NO] => 
)

 Array
(
    [PageCall time] => 15:15:31
    [P_TID] => INIMX_VBNKCAEcatca0720260130150905884723
    [P_MID] => CAEcatca07
    [P_AUTH_DT] => 20260130151531
    [P_STATUS] => 02
    [P_TYPE] => VBANK
    [P_OID] => 260130-018
    [P_FN_CD1] => 04
    [P_FN_CD2] => 
    [P_FN_NM] => KB국민은행
    [P_AMT] => 3500
    [P_UNAME] => 오혜영
    [P_RMESG1] => P_VACCT_NO=00159071028819|P_EXP_DT=20260209
    [P_RMESG2] => 
    [P_NOTI] => 
    [P_AUTH_NO] => 
)

 Array
(
    [PageCall time] => 15:31:49
    [P_TID] => INIMX_VBNKCAEcatca0720260130153053104473
    [P_MID] => CAEcatca07
    [P_AUTH_DT] => 20260130153149
    [P_STATUS] => 02
    [P_TYPE] => VBANK
    [P_OID] => 260130-019
    [P_FN_CD1] => 11
    [P_FN_CD2] => 
    [P_FN_NM] => NH농협은행
    [P_AMT] => 3500
    [P_UNAME] => 이현주
    [P_RMESG1] => P_VACCT_NO=79006425062408|P_EXP_DT=20260209
    [P_RMESG2] => 
    [P_NOTI] => 
    [P_AUTH_NO] => 
)

 Array
(
    [PageCall time] => 16:37:40
    [P_TID] => INIMX_VBNKCAEcatca0720260130163306944125
    [P_MID] => CAEcatca07
    [P_AUTH_DT] => 20260130163740
    [P_STATUS] => 02
    [P_TYPE] => VBANK
    [P_OID] => 260130-021
    [P_FN_CD1] => 04
    [P_FN_CD2] => 
    [P_FN_NM] => KB국민은행
    [P_AMT] => 3500
    [P_UNAME] => 배부희
    [P_RMESG1] => P_VACCT_NO=00159071035192|P_EXP_DT=20260209
    [P_RMESG2] => 
    [P_NOTI] => 
    [P_AUTH_NO] => 
)

 Array
(
    [PageCall time] => 17:19:25
    [P_TID] => INIMX_VBNKCAEcatca0720260129171802295770
    [P_MID] => CAEcatca07
    [P_AUTH_DT] => 20260130171925
    [P_STATUS] => 02
    [P_TYPE] => VBANK
    [P_OID] => 260129-038
    [P_FN_CD1] => 20
    [P_FN_CD2] => 
    [P_FN_NM] => 우리은행
    [P_AMT] => 3500
    [P_UNAME] => 이유림
    [P_RMESG1] => P_VACCT_NO=27490010118536|P_EXP_DT=20260208
    [P_RMESG2] => 
    [P_NOTI] => 
    [P_AUTH_NO] => 
)

 Array
(
    [PageCall time] => 23:23:01
    [P_TID] => INIMX_VBNKCAEcatca0720260130232004655529
    [P_MID] => CAEcatca07
    [P_AUTH_DT] => 20260130232301
    [P_STATUS] => 02
    [P_TYPE] => VBANK
    [P_OID] => 260130-024
    [P_FN_CD1] => 04
    [P_FN_CD2] => 
    [P_FN_NM] => KB국민은행
    [P_AMT] => 3500
    [P_UNAME] => 최민지
    [P_RMESG1] => P_VACCT_NO=70149014656120|P_EXP_DT=20260209
    [P_RMESG2] => 
    [P_NOTI] => 
    [P_AUTH_NO] => 
)

