 Array
(
    [PageCall time] => 01:17:21
    [P_TID] => INIMX_VBNKCAEcatca0720260201011424685835
    [P_MID] => CAEcatca07
    [P_AUTH_DT] => 20260201011721
    [P_STATUS] => 02
    [P_TYPE] => VBANK
    [P_OID] => 260201-003
    [P_FN_CD1] => 89
    [P_FN_CD2] => 
    [P_FN_NM] => 케이뱅크
    [P_AMT] => 3500
    [P_UNAME] => 임영선
    [P_RMESG1] => P_VACCT_NO=70112003437710|P_EXP_DT=20260211
    [P_RMESG2] => 
    [P_NOTI] => 
    [P_AUTH_NO] => 
)

 Array
(
    [PageCall time] => 09:32:27
    [P_TID] => INIMX_VBNKCAEcatca0720260201092951345098
    [P_MID] => CAEcatca07
    [P_AUTH_DT] => 20260201093227
    [P_STATUS] => 02
    [P_TYPE] => VBANK
    [P_OID] => 260201-004
    [P_FN_CD1] => 20
    [P_FN_CD2] => 
    [P_FN_NM] => 우리은행
    [P_AMT] => 3500
    [P_UNAME] => 손영호
    [P_RMESG1] => P_VACCT_NO=27490100018037|P_EXP_DT=20260211
    [P_RMESG2] => 
    [P_NOTI] => 
    [P_AUTH_NO] => 
)

 Array
(
    [PageCall time] => 12:48:54
    [P_TID] => INIMX_VBNKCAEcatca0720260201124535865297
    [P_MID] => CAEcatca07
    [P_AUTH_DT] => 20260201124854
    [P_STATUS] => 02
    [P_TYPE] => VBANK
    [P_OID] => 260130-020
    [P_FN_CD1] => 20
    [P_FN_CD2] => 
    [P_FN_NM] => 우리은행
    [P_AMT] => 3500
    [P_UNAME] => 이전경
    [P_RMESG1] => P_VACCT_NO=27490104218026|P_EXP_DT=20260211
    [P_RMESG2] => 
    [P_NOTI] => 
    [P_AUTH_NO] => 
)

 Array
(
    [PageCall time] => 15:04:48
    [P_TID] => INIMX_VBNKCAEcatca0720260201150109165303
    [P_MID] => CAEcatca07
    [P_AUTH_DT] => 20260201150447
    [P_STATUS] => 02
    [P_TYPE] => VBANK
    [P_OID] => 260201-005
    [P_FN_CD1] => 88
    [P_FN_CD2] => 
    [P_FN_NM] => 신한은행
    [P_AMT] => 3500
    [P_UNAME] => 전국화
    [P_RMESG1] => P_VACCT_NO=56211103034214|P_EXP_DT=20260211
    [P_RMESG2] => 
    [P_NOTI] => 
    [P_AUTH_NO] => 
)

 Array
(
    [PageCall time] => 16:04:27
    [P_TID] => INIMX_VBNKCAEcatca0720260201160144765362
    [P_MID] => CAEcatca07
    [P_AUTH_DT] => 20260201160427
    [P_STATUS] => 02
    [P_TYPE] => VBANK
    [P_OID] => 260201-006
    [P_FN_CD1] => 88
    [P_FN_CD2] => 
    [P_FN_NM] => 신한은행
    [P_AMT] => 3500
    [P_UNAME] => 안중환
    [P_RMESG1] => P_VACCT_NO=56211103037321|P_EXP_DT=20260211
    [P_RMESG2] => 
    [P_NOTI] => 
    [P_AUTH_NO] => 
)

 Array
(
    [PageCall time] => 17:25:18
    [P_TID] => INIMX_VBNKCAEcatca0720260201172240285612
    [P_MID] => CAEcatca07
    [P_AUTH_DT] => 20260201172518
    [P_STATUS] => 02
    [P_TYPE] => VBANK
    [P_OID] => 260201-009
    [P_FN_CD1] => 88
    [P_FN_CD2] => 
    [P_FN_NM] => 신한은행
    [P_AMT] => 3500
    [P_UNAME] => 김정석
    [P_RMESG1] => P_VACCT_NO=56211103041974|P_EXP_DT=20260211
    [P_RMESG2] => 
    [P_NOTI] => 
    [P_AUTH_NO] => 
)

 Array
(
    [PageCall time] => 17:32:44
    [P_TID] => INIMX_VBNKCAEcatca0720260201172914215372
    [P_MID] => CAEcatca07
    [P_AUTH_DT] => 20260201173244
    [P_STATUS] => 02
    [P_TYPE] => VBANK
    [P_OID] => 260201-010
    [P_FN_CD1] => 03
    [P_FN_CD2] => 
    [P_FN_NM] => 기업은행
    [P_AMT] => 3500
    [P_UNAME] => 김찬식
    [P_RMESG1] => P_VACCT_NO=07502368597752|P_EXP_DT=20260211
    [P_RMESG2] => 
    [P_NOTI] => 
    [P_AUTH_NO] => 
)

 Array
(
    [PageCall time] => 19:19:57
    [P_TID] => INIMX_VBNKCAEcatca0720260201191710755481
    [P_MID] => CAEcatca07
    [P_AUTH_DT] => 20260201191957
    [P_STATUS] => 02
    [P_TYPE] => VBANK
    [P_OID] => 260201-012
    [P_FN_CD1] => 04
    [P_FN_CD2] => 
    [P_FN_NM] => KB국민은행
    [P_AMT] => 3500
    [P_UNAME] => 박철형
    [P_RMESG1] => P_VACCT_NO=70149014741332|P_EXP_DT=20260211
    [P_RMESG2] => 
    [P_NOTI] => 
    [P_AUTH_NO] => 
)

 Array
(
    [PageCall time] => 19:32:29
    [P_TID] => INIMX_VBNKCAEcatca0720260201192844725455
    [P_MID] => CAEcatca07
    [P_AUTH_DT] => 20260201193229
    [P_STATUS] => 02
    [P_TYPE] => VBANK
    [P_OID] => 260201-013
    [P_FN_CD1] => 88
    [P_FN_CD2] => 
    [P_FN_NM] => 신한은행
    [P_AMT] => 3500
    [P_UNAME] => 명미영
    [P_RMESG1] => P_VACCT_NO=56211103046540|P_EXP_DT=20260211
    [P_RMESG2] => 
    [P_NOTI] => 
    [P_AUTH_NO] => 
)

 Array
(
    [PageCall time] => 20:26:11
    [P_TID] => INIMX_VBNKCAEcatca0720260201165241575368
    [P_MID] => CAEcatca07
    [P_AUTH_DT] => 20260201202611
    [P_STATUS] => 02
    [P_TYPE] => VBANK
    [P_OID] => 260201-008
    [P_FN_CD1] => 04
    [P_FN_CD2] => 
    [P_FN_NM] => KB국민은행
    [P_AMT] => 3500
    [P_UNAME] => 11914
    [P_RMESG1] => P_VACCT_NO=70149014729866|P_EXP_DT=20260211
    [P_RMESG2] => 
    [P_NOTI] => 
    [P_AUTH_NO] => 
)

 Array
(
    [PageCall time] => 21:05:22
    [P_TID] => INIMX_VBNKCAEcatca0720260201210058115574
    [P_MID] => CAEcatca07
    [P_AUTH_DT] => 20260201210522
    [P_STATUS] => 02
    [P_TYPE] => VBANK
    [P_OID] => 260201-014
    [P_FN_CD1] => 04
    [P_FN_CD2] => 
    [P_FN_NM] => KB국민은행
    [P_AMT] => 3500
    [P_UNAME] => 김일열
    [P_RMESG1] => P_VACCT_NO=70149014751616|P_EXP_DT=20260211
    [P_RMESG2] => 
    [P_NOTI] => 
    [P_AUTH_NO] => 
)

 Array
(
    [PageCall time] => 21:22:59
    [P_TID] => INIMX_VBNKCAEcatca0720260201212013905517
    [P_MID] => CAEcatca07
    [P_AUTH_DT] => 20260201212259
    [P_STATUS] => 02
    [P_TYPE] => VBANK
    [P_OID] => 260201-015
    [P_FN_CD1] => 88
    [P_FN_CD2] => 
    [P_FN_NM] => 신한은행
    [P_AMT] => 3500
    [P_UNAME] => 김윤호
    [P_RMESG1] => P_VACCT_NO=56211103050712|P_EXP_DT=20260211
    [P_RMESG2] => 
    [P_NOTI] => 
    [P_AUTH_NO] => 
)

 Array
(
    [PageCall time] => 22:10:31
    [P_TID] => INIMX_VBNKCAEcatca0720260201220741275571
    [P_MID] => CAEcatca07
    [P_AUTH_DT] => 20260201221031
    [P_STATUS] => 02
    [P_TYPE] => VBANK
    [P_OID] => 260201-016
    [P_FN_CD1] => 88
    [P_FN_CD2] => 
    [P_FN_NM] => 신한은행
    [P_AMT] => 3500
    [P_UNAME] => 홍지성
    [P_RMESG1] => P_VACCT_NO=56211103052530|P_EXP_DT=20260211
    [P_RMESG2] => 
    [P_NOTI] => 
    [P_AUTH_NO] => 
)

