 Array
(
    [PageCall time] => 00:53:24
    [P_TID] => INIMX_VBNKCAEcatca0720250425005046655272
    [P_MID] => CAEcatca07
    [P_AUTH_DT] => 20250425005324
    [P_STATUS] => 02
    [P_TYPE] => VBANK
    [P_OID] => 250425-002
    [P_FN_CD1] => 03
    [P_FN_CD2] => 
    [P_FN_NM] => 기업은행
    [P_AMT] => 3000
    [P_UNAME] => 김가영
    [P_RMESG1] => P_VACCT_NO=07503434597049|P_EXP_DT=20250505
    [P_RMESG2] => 
    [P_NOTI] => 
    [P_AUTH_NO] => 
)

 Array
(
    [PageCall time] => 06:02:24
    [P_TID] => INIMX_VBNKCAEcatca0720250425060128765049
    [P_MID] => CAEcatca07
    [P_AUTH_DT] => 20250425060224
    [P_STATUS] => 02
    [P_TYPE] => VBANK
    [P_OID] => 250425-003
    [P_FN_CD1] => 04
    [P_FN_CD2] => 
    [P_FN_NM] => KB국민은행
    [P_AMT] => 3000
    [P_UNAME] => 박인혜
    [P_RMESG1] => P_VACCT_NO=41789011509995|P_EXP_DT=20250505
    [P_RMESG2] => 
    [P_NOTI] => 
    [P_AUTH_NO] => 
)

 Array
(
    [PageCall time] => 08:48:27
    [P_TID] => INIMX_VBNKCAEcatca0720250425084547135239
    [P_MID] => CAEcatca07
    [P_AUTH_DT] => 20250425084827
    [P_STATUS] => 02
    [P_TYPE] => VBANK
    [P_OID] => 250425-004
    [P_FN_CD1] => 20
    [P_FN_CD2] => 
    [P_FN_NM] => 우리은행
    [P_AMT] => 3000
    [P_UNAME] => 안희정
    [P_RMESG1] => P_VACCT_NO=27488697918428|P_EXP_DT=20250505
    [P_RMESG2] => 
    [P_NOTI] => 
    [P_AUTH_NO] => 
)

 Array
(
    [PageCall time] => 09:12:57
    [P_TID] => INIMX_VBNKCAEcatca0720250425090930895895
    [P_MID] => CAEcatca07
    [P_AUTH_DT] => 20250425091256
    [P_STATUS] => 02
    [P_TYPE] => VBANK
    [P_OID] => 250425-005
    [P_FN_CD1] => 04
    [P_FN_CD2] => 
    [P_FN_NM] => KB국민은행
    [P_AMT] => 3000
    [P_UNAME] => 김재윤
    [P_RMESG1] => P_VACCT_NO=58129079012114|P_EXP_DT=20250505
    [P_RMESG2] => 
    [P_NOTI] => 
    [P_AUTH_NO] => 
)

 Array
(
    [PageCall time] => 09:14:17
    [P_TID] => INIMX_VBNKCAEcatca0720250425091319485516
    [P_MID] => CAEcatca07
    [P_AUTH_DT] => 20250425091417
    [P_STATUS] => 02
    [P_TYPE] => VBANK
    [P_OID] => 250425-006
    [P_FN_CD1] => 04
    [P_FN_CD2] => 
    [P_FN_NM] => KB국민은행
    [P_AMT] => 3000
    [P_UNAME] => 최진혁
    [P_RMESG1] => P_VACCT_NO=58129079490631|P_EXP_DT=20250505
    [P_RMESG2] => 
    [P_NOTI] => 
    [P_AUTH_NO] => 
)

 Array
(
    [PageCall time] => 10:18:57
    [P_TID] => INIMX_VBNKCAEcatca0720250425101747525839
    [P_MID] => CAEcatca07
    [P_AUTH_DT] => 20250425101857
    [P_STATUS] => 02
    [P_TYPE] => VBANK
    [P_OID] => 250425-008
    [P_FN_CD1] => 04
    [P_FN_CD2] => 
    [P_FN_NM] => KB국민은행
    [P_AMT] => 3000
    [P_UNAME] => 배경자
    [P_RMESG1] => P_VACCT_NO=44289079417847|P_EXP_DT=20250505
    [P_RMESG2] => 
    [P_NOTI] => 
    [P_AUTH_NO] => 
)

 Array
(
    [PageCall time] => 10:30:28
    [P_TID] => INIMX_VBNKCAEcatca0720250425102722145130
    [P_MID] => CAEcatca07
    [P_AUTH_DT] => 20250425103028
    [P_STATUS] => 02
    [P_TYPE] => VBANK
    [P_OID] => 250425-009
    [P_FN_CD1] => 20
    [P_FN_CD2] => 
    [P_FN_NM] => 우리은행
    [P_AMT] => 3000
    [P_UNAME] => 김동희
    [P_RMESG1] => P_VACCT_NO=27488704118544|P_EXP_DT=20250505
    [P_RMESG2] => 
    [P_NOTI] => 
    [P_AUTH_NO] => 
)

 Array
(
    [PageCall time] => 10:33:28
    [P_TID] => INIMX_VBNKCAEcatca0720250425103228215837
    [P_MID] => CAEcatca07
    [P_AUTH_DT] => 20250425103328
    [P_STATUS] => 02
    [P_TYPE] => VBANK
    [P_OID] => 250425-010
    [P_FN_CD1] => 11
    [P_FN_CD2] => 
    [P_FN_NM] => NH농협은행
    [P_AMT] => 3000
    [P_UNAME] => 엄세라
    [P_RMESG1] => P_VACCT_NO=79015901587830|P_EXP_DT=20250505
    [P_RMESG2] => 
    [P_NOTI] => 
    [P_AUTH_NO] => 
)

 Array
(
    [PageCall time] => 10:47:05
    [P_TID] => INIMX_VBNKCAEcatca0720250425104358194131
    [P_MID] => CAEcatca07
    [P_AUTH_DT] => 20250425104705
    [P_STATUS] => 02
    [P_TYPE] => VBANK
    [P_OID] => 250425-011
    [P_FN_CD1] => 88
    [P_FN_CD2] => 
    [P_FN_NM] => 신한은행
    [P_AMT] => 3000
    [P_UNAME] => 김민희
    [P_RMESG1] => P_VACCT_NO=56211112359103|P_EXP_DT=20250505
    [P_RMESG2] => 
    [P_NOTI] => 
    [P_AUTH_NO] => 
)

 Array
(
    [PageCall time] => 10:49:50
    [P_TID] => INIMX_VBNKCAEcatca0720250425104629634248
    [P_MID] => CAEcatca07
    [P_AUTH_DT] => 20250425104950
    [P_STATUS] => 02
    [P_TYPE] => VBANK
    [P_OID] => 250425-012
    [P_FN_CD1] => 88
    [P_FN_CD2] => 
    [P_FN_NM] => 신한은행
    [P_AMT] => 3000
    [P_UNAME] => 김해영
    [P_RMESG1] => P_VACCT_NO=56211112359989|P_EXP_DT=20250505
    [P_RMESG2] => 
    [P_NOTI] => 
    [P_AUTH_NO] => 
)

 Array
(
    [PageCall time] => 11:09:10
    [P_TID] => INIMX_VBNKCAEcatca0720250425110742474406
    [P_MID] => CAEcatca07
    [P_AUTH_DT] => 20250425110910
    [P_STATUS] => 02
    [P_TYPE] => VBANK
    [P_OID] => 250425-001
    [P_FN_CD1] => 71
    [P_FN_CD2] => 
    [P_FN_NM] => 우체국
    [P_AMT] => 3000
    [P_UNAME] => 정연진
    [P_RMESG1] => P_VACCT_NO=01398781591550|P_EXP_DT=20250505
    [P_RMESG2] => 
    [P_NOTI] => 
    [P_AUTH_NO] => 
)

 Array
(
    [PageCall time] => 12:00:33
    [P_TID] => INIMX_VBNKCAEcatca0720250425115957244733
    [P_MID] => CAEcatca07
    [P_AUTH_DT] => 20250425120033
    [P_STATUS] => 02
    [P_TYPE] => VBANK
    [P_OID] => 250425-014
    [P_FN_CD1] => 04
    [P_FN_CD2] => 
    [P_FN_NM] => KB국민은행
    [P_AMT] => 3000
    [P_UNAME] => 김상현
    [P_RMESG1] => P_VACCT_NO=87969011597363|P_EXP_DT=20250505
    [P_RMESG2] => 
    [P_NOTI] => 
    [P_AUTH_NO] => 
)

 Array
(
    [PageCall time] => 12:30:08
    [P_TID] => INIMX_VBNKCAEcatca0720250425122716564564
    [P_MID] => CAEcatca07
    [P_AUTH_DT] => 20250425123008
    [P_STATUS] => 02
    [P_TYPE] => VBANK
    [P_OID] => 250425-016
    [P_FN_CD1] => 88
    [P_FN_CD2] => 
    [P_FN_NM] => 신한은행
    [P_AMT] => 3000
    [P_UNAME] => 안재완
    [P_RMESG1] => P_VACCT_NO=56211112372957|P_EXP_DT=20250505
    [P_RMESG2] => 
    [P_NOTI] => 
    [P_AUTH_NO] => 
)

 Array
(
    [PageCall time] => 13:29:06
    [P_TID] => INIMX_VBNKCAEcatca0720250425132632184987
    [P_MID] => CAEcatca07
    [P_AUTH_DT] => 20250425132906
    [P_STATUS] => 02
    [P_TYPE] => VBANK
    [P_OID] => 250425-018
    [P_FN_CD1] => 03
    [P_FN_CD2] => 
    [P_FN_NM] => 기업은행
    [P_AMT] => 3000
    [P_UNAME] => 김민경
    [P_RMESG1] => P_VACCT_NO=07503326597889|P_EXP_DT=20250505
    [P_RMESG2] => 
    [P_NOTI] => 
    [P_AUTH_NO] => 
)

 Array
(
    [PageCall time] => 14:11:49
    [P_TID] => INIMX_VBNKCAEcatca0720250425140527625752
    [P_MID] => CAEcatca07
    [P_AUTH_DT] => 20250425141149
    [P_STATUS] => 02
    [P_TYPE] => VBANK
    [P_OID] => 250425-019
    [P_FN_CD1] => 81
    [P_FN_CD2] => 
    [P_FN_NM] => 하나은행
    [P_AMT] => 3000
    [P_UNAME] => 정미정
    [P_RMESG1] => P_VACCT_NO=20893853668937|P_EXP_DT=20250505
    [P_RMESG2] => 
    [P_NOTI] => 
    [P_AUTH_NO] => 
)

 Array
(
    [PageCall time] => 14:15:51
    [P_TID] => INIMX_VBNKCAEcatca0720250425141444454651
    [P_MID] => CAEcatca07
    [P_AUTH_DT] => 20250425141550
    [P_STATUS] => 02
    [P_TYPE] => VBANK
    [P_OID] => 250425-020
    [P_FN_CD1] => 71
    [P_FN_CD2] => 
    [P_FN_NM] => 우체국
    [P_AMT] => 3000
    [P_UNAME] => 박미현
    [P_RMESG1] => P_VACCT_NO=01398781592401|P_EXP_DT=20250505
    [P_RMESG2] => 
    [P_NOTI] => 
    [P_AUTH_NO] => 
)

 Array
(
    [PageCall time] => 14:34:35
    [P_TID] => INIMX_VBNKCAEcatca0720250425143310195888
    [P_MID] => CAEcatca07
    [P_AUTH_DT] => 20250425143435
    [P_STATUS] => 02
    [P_TYPE] => VBANK
    [P_OID] => 250425-023
    [P_FN_CD1] => 11
    [P_FN_CD2] => 
    [P_FN_NM] => NH농협은행
    [P_AMT] => 3000
    [P_UNAME] => 김혜정
    [P_RMESG1] => P_VACCT_NO=79015901592599|P_EXP_DT=20250505
    [P_RMESG2] => 
    [P_NOTI] => 
    [P_AUTH_NO] => 
)

 Array
(
    [PageCall time] => 14:42:39
    [P_TID] => INIMX_VBNKCAEcatca0720250425143948745076
    [P_MID] => CAEcatca07
    [P_AUTH_DT] => 20250425144239
    [P_STATUS] => 02
    [P_TYPE] => VBANK
    [P_OID] => 250425-025
    [P_FN_CD1] => 03
    [P_FN_CD2] => 
    [P_FN_NM] => 기업은행
    [P_AMT] => 3000
    [P_UNAME] => 정정아
    [P_RMESG1] => P_VACCT_NO=07503436297538|P_EXP_DT=20250505
    [P_RMESG2] => 
    [P_NOTI] => 
    [P_AUTH_NO] => 
)

 Array
(
    [PageCall time] => 15:19:44
    [P_TID] => INIMX_VBNKCAEcatca0720250425151830345223
    [P_MID] => CAEcatca07
    [P_AUTH_DT] => 20250425151944
    [P_STATUS] => 02
    [P_TYPE] => VBANK
    [P_OID] => 250425-026
    [P_FN_CD1] => 04
    [P_FN_CD2] => 
    [P_FN_NM] => KB국민은행
    [P_AMT] => 3000
    [P_UNAME] => 홍은성
    [P_RMESG1] => P_VACCT_NO=49789079130102|P_EXP_DT=20250505
    [P_RMESG2] => 
    [P_NOTI] => 
    [P_AUTH_NO] => 
)

 Array
(
    [PageCall time] => 15:58:47
    [P_TID] => INIMX_VBNKCAEcatca0720250425155455995701
    [P_MID] => CAEcatca07
    [P_AUTH_DT] => 20250425155847
    [P_STATUS] => 02
    [P_TYPE] => VBANK
    [P_OID] => 250425-028
    [P_FN_CD1] => 81
    [P_FN_CD2] => 
    [P_FN_NM] => 하나은행
    [P_AMT] => 3000
    [P_UNAME] => 이용선
    [P_RMESG1] => P_VACCT_NO=20893854548037|P_EXP_DT=20250505
    [P_RMESG2] => 
    [P_NOTI] => 
    [P_AUTH_NO] => 
)

 Array
(
    [PageCall time] => 16:48:52
    [P_TID] => INIMX_VBNKCAEcatca0720250425164734434366
    [P_MID] => CAEcatca07
    [P_AUTH_DT] => 20250425164852
    [P_STATUS] => 02
    [P_TYPE] => VBANK
    [P_OID] => 250425-032
    [P_FN_CD1] => 04
    [P_FN_CD2] => 
    [P_FN_NM] => KB국민은행
    [P_AMT] => 3000
    [P_UNAME] => 노태경
    [P_RMESG1] => P_VACCT_NO=87969011682351|P_EXP_DT=20250505
    [P_RMESG2] => 
    [P_NOTI] => 
    [P_AUTH_NO] => 
)

 Array
(
    [PageCall time] => 19:05:56
    [P_TID] => INIMX_VBNKCAEcatca0720250425190302185798
    [P_MID] => CAEcatca07
    [P_AUTH_DT] => 20250425190556
    [P_STATUS] => 02
    [P_TYPE] => VBANK
    [P_OID] => 250425-034
    [P_FN_CD1] => 81
    [P_FN_CD2] => 
    [P_FN_NM] => 하나은행
    [P_AMT] => 3000
    [P_UNAME] => 김성훈
    [P_RMESG1] => P_VACCT_NO=20893855709737|P_EXP_DT=20250505
    [P_RMESG2] => 
    [P_NOTI] => 
    [P_AUTH_NO] => 
)

 Array
(
    [PageCall time] => 20:30:51
    [P_TID] => INIMX_VBNKCAEcatca0720250425202755524125
    [P_MID] => CAEcatca07
    [P_AUTH_DT] => 20250425203051
    [P_STATUS] => 02
    [P_TYPE] => VBANK
    [P_OID] => 250425-035
    [P_FN_CD1] => 20
    [P_FN_CD2] => 
    [P_FN_NM] => 우리은행
    [P_AMT] => 3000
    [P_UNAME] => 김기주
    [P_RMESG1] => P_VACCT_NO=61841843818441|P_EXP_DT=20250505
    [P_RMESG2] => 
    [P_NOTI] => 
    [P_AUTH_NO] => 
)

 Array
(
    [PageCall time] => 22:17:14
    [P_TID] => INIMX_VBNKCAEcatca0720250425221525945207
    [P_MID] => CAEcatca07
    [P_AUTH_DT] => 20250425221714
    [P_STATUS] => 02
    [P_TYPE] => VBANK
    [P_OID] => 250425-027
    [P_FN_CD1] => 11
    [P_FN_CD2] => 
    [P_FN_NM] => NH농협은행
    [P_AMT] => 3000
    [P_UNAME] => 김범열
    [P_RMESG1] => P_VACCT_NO=79015901635409|P_EXP_DT=20250505
    [P_RMESG2] => 
    [P_NOTI] => 
    [P_AUTH_NO] => 
)

