 Array
(
    [PageCall time] => 09:36:53
    [P_TID] => INIMX_VBNKCAEcatca0720251211093357605172
    [P_MID] => CAEcatca07
    [P_AUTH_DT] => 20251211093653
    [P_STATUS] => 02
    [P_TYPE] => VBANK
    [P_OID] => 251211-001
    [P_FN_CD1] => 88
    [P_FN_CD2] => 
    [P_FN_NM] => 신한은행
    [P_AMT] => 3000
    [P_UNAME] => 박현옥
    [P_RMESG1] => P_VACCT_NO=56211102819614|P_EXP_DT=20251221
    [P_RMESG2] => 
    [P_NOTI] => 
    [P_AUTH_NO] => 
)

 Array
(
    [PageCall time] => 10:19:30
    [P_TID] => INIMX_VBNKCAEcatca0720251211101432135529
    [P_MID] => CAEcatca07
    [P_AUTH_DT] => 20251211101930
    [P_STATUS] => 02
    [P_TYPE] => VBANK
    [P_OID] => 251211-002
    [P_FN_CD1] => 20
    [P_FN_CD2] => 
    [P_FN_NM] => 우리은행
    [P_AMT] => 3000
    [P_UNAME] => 송유정
    [P_RMESG1] => P_VACCT_NO=27388801718427|P_EXP_DT=20251221
    [P_RMESG2] => 
    [P_NOTI] => 
    [P_AUTH_NO] => 
)

 Array
(
    [PageCall time] => 10:29:53
    [P_TID] => INIMX_VBNKCAEcatca0720251211102659335675
    [P_MID] => CAEcatca07
    [P_AUTH_DT] => 20251211102953
    [P_STATUS] => 02
    [P_TYPE] => VBANK
    [P_OID] => 251211-005
    [P_FN_CD1] => 04
    [P_FN_CD2] => 
    [P_FN_NM] => KB국민은행
    [P_AMT] => 3000
    [P_UNAME] => 문서연
    [P_RMESG1] => P_VACCT_NO=40849011673629|P_EXP_DT=20251221
    [P_RMESG2] => 
    [P_NOTI] => 
    [P_AUTH_NO] => 
)

 Array
(
    [PageCall time] => 11:18:24
    [P_TID] => INIMX_VBNKCAEcatca0720251211111526675076
    [P_MID] => CAEcatca07
    [P_AUTH_DT] => 20251211111824
    [P_STATUS] => 02
    [P_TYPE] => VBANK
    [P_OID] => 251211-008
    [P_FN_CD1] => 20
    [P_FN_CD2] => 
    [P_FN_NM] => 우리은행
    [P_AMT] => 3000
    [P_UNAME] => 김대기
    [P_RMESG1] => P_VACCT_NO=27388805818762|P_EXP_DT=20251221
    [P_RMESG2] => 
    [P_NOTI] => 
    [P_AUTH_NO] => 
)

 Array
(
    [PageCall time] => 11:45:21
    [P_TID] => INIMX_VBNKCAEcatca0720251211114141245314
    [P_MID] => CAEcatca07
    [P_AUTH_DT] => 20251211114521
    [P_STATUS] => 02
    [P_TYPE] => VBANK
    [P_OID] => 251211-012
    [P_FN_CD1] => 88
    [P_FN_CD2] => 
    [P_FN_NM] => 신한은행
    [P_AMT] => 3000
    [P_UNAME] => 이현아
    [P_RMESG1] => P_VACCT_NO=56211103777625|P_EXP_DT=20251221
    [P_RMESG2] => 
    [P_NOTI] => 
    [P_AUTH_NO] => 
)

 Array
(
    [PageCall time] => 14:33:46
    [P_TID] => INIMX_VBNKCAEcatca0720251211143101865576
    [P_MID] => CAEcatca07
    [P_AUTH_DT] => 20251211143346
    [P_STATUS] => 02
    [P_TYPE] => VBANK
    [P_OID] => 251211-016
    [P_FN_CD1] => 04
    [P_FN_CD2] => 
    [P_FN_NM] => KB국민은행
    [P_AMT] => 3000
    [P_UNAME] => 최예지
    [P_RMESG1] => P_VACCT_NO=52499014104707|P_EXP_DT=20251221
    [P_RMESG2] => 
    [P_NOTI] => 
    [P_AUTH_NO] => 
)

 Array
(
    [PageCall time] => 14:53:13
    [P_TID] => INIMX_VBNKCAEcatca0720251211145020145569
    [P_MID] => CAEcatca07
    [P_AUTH_DT] => 20251211145313
    [P_STATUS] => 02
    [P_TYPE] => VBANK
    [P_OID] => 251211-019
    [P_FN_CD1] => 20
    [P_FN_CD2] => 
    [P_FN_NM] => 우리은행
    [P_AMT] => 3000
    [P_UNAME] => 성제현
    [P_RMESG1] => P_VACCT_NO=27388820318213|P_EXP_DT=20251221
    [P_RMESG2] => 
    [P_NOTI] => 
    [P_AUTH_NO] => 
)

 Array
(
    [PageCall time] => 16:47:23
    [P_TID] => INIMX_VBNKCAEcatca0720251211164418975154
    [P_MID] => CAEcatca07
    [P_AUTH_DT] => 20251211164723
    [P_STATUS] => 02
    [P_TYPE] => VBANK
    [P_OID] => 251211-025
    [P_FN_CD1] => 88
    [P_FN_CD2] => 
    [P_FN_NM] => 신한은행
    [P_AMT] => 3000
    [P_UNAME] => 장영인
    [P_RMESG1] => P_VACCT_NO=56211990840575|P_EXP_DT=20251221
    [P_RMESG2] => 
    [P_NOTI] => 
    [P_AUTH_NO] => 
)

 Array
(
    [PageCall time] => 16:56:22
    [P_TID] => INIMX_VBNKCAEcatca0720251211165326995688
    [P_MID] => CAEcatca07
    [P_AUTH_DT] => 20251211165622
    [P_STATUS] => 02
    [P_TYPE] => VBANK
    [P_OID] => 251211-024
    [P_FN_CD1] => 81
    [P_FN_CD2] => 
    [P_FN_NM] => 하나은행
    [P_AMT] => 3000
    [P_UNAME] => 홍정기
    [P_RMESG1] => P_VACCT_NO=20894316074337|P_EXP_DT=20251221
    [P_RMESG2] => 
    [P_NOTI] => 
    [P_AUTH_NO] => 
)

 Array
(
    [PageCall time] => 17:02:44
    [P_TID] => INIMX_VBNKCAEcatca0720251211165948545472
    [P_MID] => CAEcatca07
    [P_AUTH_DT] => 20251211170244
    [P_STATUS] => 02
    [P_TYPE] => VBANK
    [P_OID] => 251211-027
    [P_FN_CD1] => 03
    [P_FN_CD2] => 
    [P_FN_NM] => 기업은행
    [P_AMT] => 3000
    [P_UNAME] => 오정숙
    [P_RMESG1] => P_VACCT_NO=07503162297401|P_EXP_DT=20251221
    [P_RMESG2] => 
    [P_NOTI] => 
    [P_AUTH_NO] => 
)

 Array
(
    [PageCall time] => 17:15:49
    [P_TID] => INIMX_VBNKCAEcatca0720251211171502235274
    [P_MID] => CAEcatca07
    [P_AUTH_DT] => 20251211171549
    [P_STATUS] => 02
    [P_TYPE] => VBANK
    [P_OID] => 251211-022
    [P_FN_CD1] => 11
    [P_FN_CD2] => 
    [P_FN_NM] => NH농협은행
    [P_AMT] => 3000
    [P_UNAME] => 이지은
    [P_RMESG1] => P_VACCT_NO=01444464876871|P_EXP_DT=20251221
    [P_RMESG2] => 
    [P_NOTI] => 
    [P_AUTH_NO] => 
)

 Array
(
    [PageCall time] => 19:29:44
    [P_TID] => INIMX_VBNKCAEcatca0720251211192637935385
    [P_MID] => CAEcatca07
    [P_AUTH_DT] => 20251211192944
    [P_STATUS] => 02
    [P_TYPE] => VBANK
    [P_OID] => 251211-030
    [P_FN_CD1] => 32
    [P_FN_CD2] => 
    [P_FN_NM] => 부산은행
    [P_AMT] => 3000
    [P_UNAME] => 강정한
    [P_RMESG1] => P_VACCT_NO=109924391914|P_EXP_DT=20251221
    [P_RMESG2] => 
    [P_NOTI] => 
    [P_AUTH_NO] => 
)

 Array
(
    [PageCall time] => 20:04:25
    [P_TID] => INIMX_VBNKCAEcatca0720251211200059785724
    [P_MID] => CAEcatca07
    [P_AUTH_DT] => 20251211200425
    [P_STATUS] => 02
    [P_TYPE] => VBANK
    [P_OID] => 251211-031
    [P_FN_CD1] => 04
    [P_FN_CD2] => 
    [P_FN_NM] => KB국민은행
    [P_AMT] => 3000
    [P_UNAME] => 최광덕
    [P_RMESG1] => P_VACCT_NO=52499014199259|P_EXP_DT=20251221
    [P_RMESG2] => 
    [P_NOTI] => 
    [P_AUTH_NO] => 
)

 Array
(
    [PageCall time] => 21:50:16
    [P_TID] => INIMX_VBNKCAEcatca0720251211214724505516
    [P_MID] => CAEcatca07
    [P_AUTH_DT] => 20251211215016
    [P_STATUS] => 02
    [P_TYPE] => VBANK
    [P_OID] => 251211-032
    [P_FN_CD1] => 20
    [P_FN_CD2] => 
    [P_FN_NM] => 우리은행
    [P_AMT] => 3000
    [P_UNAME] => 황인주
    [P_RMESG1] => P_VACCT_NO=27388846318645|P_EXP_DT=20251221
    [P_RMESG2] => 
    [P_NOTI] => 
    [P_AUTH_NO] => 
)

