 Array
(
    [PageCall time] => 01:17:20
    [P_TID] => INIMX_VBNKCAEcatca0720250730011407945426
    [P_MID] => CAEcatca07
    [P_AUTH_DT] => 20250730011720
    [P_STATUS] => 02
    [P_TYPE] => VBANK
    [P_OID] => 250730-002
    [P_FN_CD1] => 03
    [P_FN_CD2] => 
    [P_FN_NM] => 기업은행
    [P_AMT] => 3000
    [P_UNAME] => 김정은
    [P_RMESG1] => P_VACCT_NO=07503133497542|P_EXP_DT=20250809
    [P_RMESG2] => 
    [P_NOTI] => 
    [P_AUTH_NO] => 
)

 Array
(
    [PageCall time] => 02:07:23
    [P_TID] => INIMX_VBNKCAEcatca0720250729235512445607
    [P_MID] => CAEcatca07
    [P_AUTH_DT] => 20250730020723
    [P_STATUS] => 02
    [P_TYPE] => VBANK
    [P_OID] => 250729-055
    [P_FN_CD1] => 04
    [P_FN_CD2] => 
    [P_FN_NM] => KB국민은행
    [P_AMT] => 3000
    [P_UNAME] => 장민준
    [P_RMESG1] => P_VACCT_NO=70219014974531|P_EXP_DT=20250808
    [P_RMESG2] => 
    [P_NOTI] => 
    [P_AUTH_NO] => 
)

 Array
(
    [PageCall time] => 07:17:58
    [P_TID] => INIMX_VBNKCAEcatca0720250730071438945981
    [P_MID] => CAEcatca07
    [P_AUTH_DT] => 20250730071758
    [P_STATUS] => 02
    [P_TYPE] => VBANK
    [P_OID] => 250730-004
    [P_FN_CD1] => 81
    [P_FN_CD2] => 
    [P_FN_NM] => 하나은행
    [P_AMT] => 3000
    [P_UNAME] => 전미숙
    [P_RMESG1] => P_VACCT_NO=20893927788837|P_EXP_DT=20250809
    [P_RMESG2] => 
    [P_NOTI] => 
    [P_AUTH_NO] => 
)

 Array
(
    [PageCall time] => 07:53:05
    [P_TID] => INIMX_VBNKCAEcatca0720250730065044555352
    [P_MID] => CAEcatca07
    [P_AUTH_DT] => 20250730075305
    [P_STATUS] => 02
    [P_TYPE] => VBANK
    [P_OID] => 250729-051
    [P_FN_CD1] => 11
    [P_FN_CD2] => 
    [P_FN_NM] => NH농협은행
    [P_AMT] => 3000
    [P_UNAME] => 이난이
    [P_RMESG1] => P_VACCT_NO=79014289195240|P_EXP_DT=20250809
    [P_RMESG2] => 
    [P_NOTI] => 
    [P_AUTH_NO] => 
)

 Array
(
    [PageCall time] => 09:33:09
    [P_TID] => INIMX_VBNKCAEcatca0720250730093127935240
    [P_MID] => CAEcatca07
    [P_AUTH_DT] => 20250730093309
    [P_STATUS] => 02
    [P_TYPE] => VBANK
    [P_OID] => 250730-008
    [P_FN_CD1] => 71
    [P_FN_CD2] => 
    [P_FN_NM] => 우체국
    [P_AMT] => 3000
    [P_UNAME] => 송미향
    [P_RMESG1] => P_VACCT_NO=01397981277100|P_EXP_DT=20250809
    [P_RMESG2] => 
    [P_NOTI] => 
    [P_AUTH_NO] => 
)

 Array
(
    [PageCall time] => 10:11:55
    [P_TID] => INIMX_VBNKCAEcatca0720250730100849245174
    [P_MID] => CAEcatca07
    [P_AUTH_DT] => 20250730101155
    [P_STATUS] => 02
    [P_TYPE] => VBANK
    [P_OID] => 250730-009
    [P_FN_CD1] => 20
    [P_FN_CD2] => 
    [P_FN_NM] => 우리은행
    [P_AMT] => 3000
    [P_UNAME] => 신성식
    [P_RMESG1] => P_VACCT_NO=27388183918457|P_EXP_DT=20250809
    [P_RMESG2] => 
    [P_NOTI] => 
    [P_AUTH_NO] => 
)

 Array
(
    [PageCall time] => 10:44:53
    [P_TID] => INIMX_VBNKCAEcatca0720250730104252605288
    [P_MID] => CAEcatca07
    [P_AUTH_DT] => 20250730104453
    [P_STATUS] => 02
    [P_TYPE] => VBANK
    [P_OID] => 250730-013
    [P_FN_CD1] => 04
    [P_FN_CD2] => 
    [P_FN_NM] => KB국민은행
    [P_AMT] => 3000
    [P_UNAME] => 엄혜경
    [P_RMESG1] => P_VACCT_NO=26119078285233|P_EXP_DT=20250809
    [P_RMESG2] => 
    [P_NOTI] => 
    [P_AUTH_NO] => 
)

 Array
(
    [PageCall time] => 10:47:16
    [P_TID] => INIMX_VBNKCAEcatca0720250730104607115787
    [P_MID] => CAEcatca07
    [P_AUTH_DT] => 20250730104716
    [P_STATUS] => 02
    [P_TYPE] => VBANK
    [P_OID] => 250730-012
    [P_FN_CD1] => 11
    [P_FN_CD2] => 
    [P_FN_NM] => NH농협은행
    [P_AMT] => 3000
    [P_UNAME] => 차민영
    [P_RMESG1] => P_VACCT_NO=79014289218974|P_EXP_DT=20250809
    [P_RMESG2] => 
    [P_NOTI] => 
    [P_AUTH_NO] => 
)

 Array
(
    [PageCall time] => 10:47:44
    [P_TID] => INIMX_VBNKCAEcatca0720250730104501605198
    [P_MID] => CAEcatca07
    [P_AUTH_DT] => 20250730104744
    [P_STATUS] => 02
    [P_TYPE] => VBANK
    [P_OID] => 250730-014
    [P_FN_CD1] => 88
    [P_FN_CD2] => 
    [P_FN_NM] => 신한은행
    [P_AMT] => 3000
    [P_UNAME] => 안동근
    [P_RMESG1] => P_VACCT_NO=56211990517447|P_EXP_DT=20250809
    [P_RMESG2] => 
    [P_NOTI] => 
    [P_AUTH_NO] => 
)

 Array
(
    [PageCall time] => 10:53:46
    [P_TID] => INIMX_VBNKCAEcatca0720250730105041185510
    [P_MID] => CAEcatca07
    [P_AUTH_DT] => 20250730105346
    [P_STATUS] => 02
    [P_TYPE] => VBANK
    [P_OID] => 250730-015
    [P_FN_CD1] => 88
    [P_FN_CD2] => 
    [P_FN_NM] => 신한은행
    [P_AMT] => 3000
    [P_UNAME] => 허동율
    [P_RMESG1] => P_VACCT_NO=56211990517606|P_EXP_DT=20250809
    [P_RMESG2] => 
    [P_NOTI] => 
    [P_AUTH_NO] => 
)

 Array
(
    [PageCall time] => 11:08:05
    [P_TID] => INIMX_VBNKCAEcatca0720250730110527425445
    [P_MID] => CAEcatca07
    [P_AUTH_DT] => 20250730110805
    [P_STATUS] => 02
    [P_TYPE] => VBANK
    [P_OID] => 250730-016
    [P_FN_CD1] => 88
    [P_FN_CD2] => 
    [P_FN_NM] => 신한은행
    [P_AMT] => 3000
    [P_UNAME] => 나석
    [P_RMESG1] => P_VACCT_NO=56211990518454|P_EXP_DT=20250809
    [P_RMESG2] => 
    [P_NOTI] => 
    [P_AUTH_NO] => 
)

 Array
(
    [PageCall time] => 11:34:48
    [P_TID] => INIMX_VBNKCAEcatca0720250730113400155999
    [P_MID] => CAEcatca07
    [P_AUTH_DT] => 20250730113448
    [P_STATUS] => 02
    [P_TYPE] => VBANK
    [P_OID] => 250730-021
    [P_FN_CD1] => 11
    [P_FN_CD2] => 
    [P_FN_NM] => NH농협은행
    [P_AMT] => 3000
    [P_UNAME] => 이태학
    [P_RMESG1] => P_VACCT_NO=79014289223234|P_EXP_DT=20250809
    [P_RMESG2] => 
    [P_NOTI] => 
    [P_AUTH_NO] => 
)

 Array
(
    [PageCall time] => 11:40:50
    [P_TID] => INIMX_VBNKCAEcatca0720250730113528085808
    [P_MID] => CAEcatca07
    [P_AUTH_DT] => 20250730114050
    [P_STATUS] => 02
    [P_TYPE] => VBANK
    [P_OID] => 250730-022
    [P_FN_CD1] => 03
    [P_FN_CD2] => 
    [P_FN_NM] => 기업은행
    [P_AMT] => 3000
    [P_UNAME] => 김명숙
    [P_RMESG1] => P_VACCT_NO=07503134997671|P_EXP_DT=20250809
    [P_RMESG2] => 
    [P_NOTI] => 
    [P_AUTH_NO] => 
)

 Array
(
    [PageCall time] => 12:30:20
    [P_TID] => INIMX_VBNKCAEcatca0720250730112618555691
    [P_MID] => CAEcatca07
    [P_AUTH_DT] => 20250730123020
    [P_STATUS] => 02
    [P_TYPE] => VBANK
    [P_OID] => 250730-019
    [P_FN_CD1] => 04
    [P_FN_CD2] => 
    [P_FN_NM] => KB국민은행
    [P_AMT] => 3000
    [P_UNAME] => 장은정
    [P_RMESG1] => P_VACCT_NO=26119078297300|P_EXP_DT=20250809
    [P_RMESG2] => 
    [P_NOTI] => 
    [P_AUTH_NO] => 
)

 Array
(
    [PageCall time] => 12:42:53
    [P_TID] => INIMX_VBNKCAEcatca0720250730124022505385
    [P_MID] => CAEcatca07
    [P_AUTH_DT] => 20250730124253
    [P_STATUS] => 02
    [P_TYPE] => VBANK
    [P_OID] => 250730-025
    [P_FN_CD1] => 88
    [P_FN_CD2] => 
    [P_FN_NM] => 신한은행
    [P_AMT] => 3000
    [P_UNAME] => 황두리
    [P_RMESG1] => P_VACCT_NO=56211990523475|P_EXP_DT=20250809
    [P_RMESG2] => 
    [P_NOTI] => 
    [P_AUTH_NO] => 
)

 Array
(
    [PageCall time] => 13:05:03
    [P_TID] => INIMX_VBNKCAEcatca0720250730130420335819
    [P_MID] => CAEcatca07
    [P_AUTH_DT] => 20250730130503
    [P_STATUS] => 02
    [P_TYPE] => VBANK
    [P_OID] => 250730-026
    [P_FN_CD1] => 11
    [P_FN_CD2] => 
    [P_FN_NM] => NH농협은행
    [P_AMT] => 3000
    [P_UNAME] => 유왕곤
    [P_RMESG1] => P_VACCT_NO=79014289230937|P_EXP_DT=20250809
    [P_RMESG2] => 
    [P_NOTI] => 
    [P_AUTH_NO] => 
)

 Array
(
    [PageCall time] => 13:20:29
    [P_TID] => INIMX_VBNKCAEcatca0720250730131728345206
    [P_MID] => CAEcatca07
    [P_AUTH_DT] => 20250730132029
    [P_STATUS] => 02
    [P_TYPE] => VBANK
    [P_OID] => 250730-027
    [P_FN_CD1] => 88
    [P_FN_CD2] => 
    [P_FN_NM] => 신한은행
    [P_AMT] => 3000
    [P_UNAME] => 유지은
    [P_RMESG1] => P_VACCT_NO=56211990525894|P_EXP_DT=20250809
    [P_RMESG2] => 
    [P_NOTI] => 
    [P_AUTH_NO] => 
)

 Array
(
    [PageCall time] => 13:33:23
    [P_TID] => INIMX_VBNKCAEcatca0720250730133154675445
    [P_MID] => CAEcatca07
    [P_AUTH_DT] => 20250730133322
    [P_STATUS] => 02
    [P_TYPE] => VBANK
    [P_OID] => 250730-029
    [P_FN_CD1] => 11
    [P_FN_CD2] => 
    [P_FN_NM] => NH농협은행
    [P_AMT] => 3000
    [P_UNAME] => 우순분
    [P_RMESG1] => P_VACCT_NO=79014289234591|P_EXP_DT=20250809
    [P_RMESG2] => 
    [P_NOTI] => 
    [P_AUTH_NO] => 
)

 Array
(
    [PageCall time] => 13:40:29
    [P_TID] => INIMX_VBNKCAEcatca0720250730133754475240
    [P_MID] => CAEcatca07
    [P_AUTH_DT] => 20250730134029
    [P_STATUS] => 02
    [P_TYPE] => VBANK
    [P_OID] => 250730-030
    [P_FN_CD1] => 03
    [P_FN_CD2] => 
    [P_FN_NM] => 기업은행
    [P_AMT] => 3000
    [P_UNAME] => 오수민
    [P_RMESG1] => P_VACCT_NO=07503135897446|P_EXP_DT=20250809
    [P_RMESG2] => 
    [P_NOTI] => 
    [P_AUTH_NO] => 
)

 Array
(
    [PageCall time] => 13:46:00
    [P_TID] => INIMX_VBNKCAEcatca0720250730134441835519
    [P_MID] => CAEcatca07
    [P_AUTH_DT] => 20250730134600
    [P_STATUS] => 02
    [P_TYPE] => VBANK
    [P_OID] => 250730-031
    [P_FN_CD1] => 04
    [P_FN_CD2] => 
    [P_FN_NM] => KB국민은행
    [P_AMT] => 3000
    [P_UNAME] => 한은영
    [P_RMESG1] => P_VACCT_NO=26119078353888|P_EXP_DT=20250809
    [P_RMESG2] => 
    [P_NOTI] => 
    [P_AUTH_NO] => 
)

 Array
(
    [PageCall time] => 14:39:56
    [P_TID] => INIMX_VBNKCAEcatca0720250730143801535450
    [P_MID] => CAEcatca07
    [P_AUTH_DT] => 20250730143956
    [P_STATUS] => 02
    [P_TYPE] => VBANK
    [P_OID] => 250730-035
    [P_FN_CD1] => 11
    [P_FN_CD2] => 
    [P_FN_NM] => NH농협은행
    [P_AMT] => 3000
    [P_UNAME] => 김두실
    [P_RMESG1] => P_VACCT_NO=79014289244043|P_EXP_DT=20250809
    [P_RMESG2] => 
    [P_NOTI] => 
    [P_AUTH_NO] => 
)

 Array
(
    [PageCall time] => 15:01:35
    [P_TID] => INIMX_VBNKCAEcatca0720250730145833735419
    [P_MID] => CAEcatca07
    [P_AUTH_DT] => 20250730150135
    [P_STATUS] => 02
    [P_TYPE] => VBANK
    [P_OID] => 250730-036
    [P_FN_CD1] => 03
    [P_FN_CD2] => 
    [P_FN_NM] => 기업은행
    [P_AMT] => 3000
    [P_UNAME] => 김주미
    [P_RMESG1] => P_VACCT_NO=07503136597583|P_EXP_DT=20250809
    [P_RMESG2] => 
    [P_NOTI] => 
    [P_AUTH_NO] => 
)

 Array
(
    [PageCall time] => 15:08:18
    [P_TID] => INIMX_VBNKCAEcatca0720250730150707315225
    [P_MID] => CAEcatca07
    [P_AUTH_DT] => 20250730150818
    [P_STATUS] => 02
    [P_TYPE] => VBANK
    [P_OID] => 250725-008
    [P_FN_CD1] => 11
    [P_FN_CD2] => 
    [P_FN_NM] => NH농협은행
    [P_AMT] => 3000
    [P_UNAME] => 전명애
    [P_RMESG1] => P_VACCT_NO=79014289247949|P_EXP_DT=20250809
    [P_RMESG2] => 
    [P_NOTI] => 
    [P_AUTH_NO] => 
)

 Array
(
    [PageCall time] => 15:19:32
    [P_TID] => INIMX_VBNKCAEcatca0720250730151853685801
    [P_MID] => CAEcatca07
    [P_AUTH_DT] => 20250730151932
    [P_STATUS] => 02
    [P_TYPE] => VBANK
    [P_OID] => 250730-037
    [P_FN_CD1] => 04
    [P_FN_CD2] => 
    [P_FN_NM] => KB국민은행
    [P_AMT] => 3000
    [P_UNAME] => 정희주
    [P_RMESG1] => P_VACCT_NO=26119078399882|P_EXP_DT=20250809
    [P_RMESG2] => 
    [P_NOTI] => 
    [P_AUTH_NO] => 
)

 Array
(
    [PageCall time] => 15:25:29
    [P_TID] => INIMX_VBNKCAEcatca0720250730120612705780
    [P_MID] => CAEcatca07
    [P_AUTH_DT] => 20250730152529
    [P_STATUS] => 02
    [P_TYPE] => VBANK
    [P_OID] => 250730-023
    [P_FN_CD1] => 11
    [P_FN_CD2] => 
    [P_FN_NM] => NH농협은행
    [P_AMT] => 3000
    [P_UNAME] => 이해선
    [P_RMESG1] => P_VACCT_NO=79014289225607|P_EXP_DT=20250809
    [P_RMESG2] => 
    [P_NOTI] => 
    [P_AUTH_NO] => 
)

 Array
(
    [PageCall time] => 16:06:40
    [P_TID] => INIMX_VBNKCAEcatca0720250730160354335134
    [P_MID] => CAEcatca07
    [P_AUTH_DT] => 20250730160640
    [P_STATUS] => 02
    [P_TYPE] => VBANK
    [P_OID] => 250730-039
    [P_FN_CD1] => 81
    [P_FN_CD2] => 
    [P_FN_NM] => 하나은행
    [P_AMT] => 3000
    [P_UNAME] => 김수영
    [P_RMESG1] => P_VACCT_NO=20893911360337|P_EXP_DT=20250809
    [P_RMESG2] => 
    [P_NOTI] => 
    [P_AUTH_NO] => 
)

 Array
(
    [PageCall time] => 16:35:22
    [P_TID] => INIMX_VBNKCAEcatca0720250729233930465331
    [P_MID] => CAEcatca07
    [P_AUTH_DT] => 20250730163522
    [P_STATUS] => 02
    [P_TYPE] => VBANK
    [P_OID] => 250729-054
    [P_FN_CD1] => 89
    [P_FN_CD2] => 
    [P_FN_NM] => 케이뱅크
    [P_AMT] => 3000
    [P_UNAME] => 임영선
    [P_RMESG1] => P_VACCT_NO=70112004072052|P_EXP_DT=20250808
    [P_RMESG2] => 
    [P_NOTI] => 
    [P_AUTH_NO] => 
)

 Array
(
    [PageCall time] => 16:43:57
    [P_TID] => INIMX_VBNKCAEcatca0720250730163431835635
    [P_MID] => CAEcatca07
    [P_AUTH_DT] => 20250730164357
    [P_STATUS] => 02
    [P_TYPE] => VBANK
    [P_OID] => 250730-038
    [P_FN_CD1] => 20
    [P_FN_CD2] => 
    [P_FN_NM] => 우리은행
    [P_AMT] => 3000
    [P_UNAME] => 이상학
    [P_RMESG1] => P_VACCT_NO=27388212018643|P_EXP_DT=20250809
    [P_RMESG2] => 
    [P_NOTI] => 
    [P_AUTH_NO] => 
)

 Array
(
    [PageCall time] => 16:48:55
    [P_TID] => INIMX_VBNKCAEcatca0720250730163846295227
    [P_MID] => CAEcatca07
    [P_AUTH_DT] => 20250730164855
    [P_STATUS] => 02
    [P_TYPE] => VBANK
    [P_OID] => 250730-040
    [P_FN_CD1] => 88
    [P_FN_CD2] => 
    [P_FN_NM] => 신한은행
    [P_AMT] => 3000
    [P_UNAME] => 정희돈
    [P_RMESG1] => P_VACCT_NO=56211990543048|P_EXP_DT=20250809
    [P_RMESG2] => 
    [P_NOTI] => 
    [P_AUTH_NO] => 
)

 Array
(
    [PageCall time] => 16:52:02
    [P_TID] => INIMX_VBNKCAEcatca0720250730164838895316
    [P_MID] => CAEcatca07
    [P_AUTH_DT] => 20250730165202
    [P_STATUS] => 02
    [P_TYPE] => VBANK
    [P_OID] => 250730-041
    [P_FN_CD1] => 88
    [P_FN_CD2] => 
    [P_FN_NM] => 신한은행
    [P_AMT] => 3000
    [P_UNAME] => 조선욱
    [P_RMESG1] => P_VACCT_NO=56211990543809|P_EXP_DT=20250809
    [P_RMESG2] => 
    [P_NOTI] => 
    [P_AUTH_NO] => 
)

 Array
(
    [PageCall time] => 17:02:19
    [P_TID] => INIMX_VBNKCAEcatca0720250730165933815730
    [P_MID] => CAEcatca07
    [P_AUTH_DT] => 20250730170219
    [P_STATUS] => 02
    [P_TYPE] => VBANK
    [P_OID] => 250730-045
    [P_FN_CD1] => 88
    [P_FN_CD2] => 
    [P_FN_NM] => 신한은행
    [P_AMT] => 3000
    [P_UNAME] => 서준혁
    [P_RMESG1] => P_VACCT_NO=56211990544498|P_EXP_DT=20250809
    [P_RMESG2] => 
    [P_NOTI] => 
    [P_AUTH_NO] => 
)

 Array
(
    [PageCall time] => 17:02:25
    [P_TID] => INIMX_VBNKCAEcatca0720250730165927385416
    [P_MID] => CAEcatca07
    [P_AUTH_DT] => 20250730170225
    [P_STATUS] => 02
    [P_TYPE] => VBANK
    [P_OID] => 250730-043
    [P_FN_CD1] => 39
    [P_FN_CD2] => 
    [P_FN_NM] => 경남은행
    [P_AMT] => 3000
    [P_UNAME] => 박정자
    [P_RMESG1] => P_VACCT_NO=573193475550|P_EXP_DT=20250809
    [P_RMESG2] => 
    [P_NOTI] => 
    [P_AUTH_NO] => 
)

 Array
(
    [PageCall time] => 17:05:07
    [P_TID] => INIMX_VBNKCAEcatca0720250730170407235132
    [P_MID] => CAEcatca07
    [P_AUTH_DT] => 20250730170507
    [P_STATUS] => 02
    [P_TYPE] => VBANK
    [P_OID] => 250730-046
    [P_FN_CD1] => 04
    [P_FN_CD2] => 
    [P_FN_NM] => KB국민은행
    [P_AMT] => 3000
    [P_UNAME] => 김인석
    [P_RMESG1] => P_VACCT_NO=26119078461039|P_EXP_DT=20250809
    [P_RMESG2] => 
    [P_NOTI] => 
    [P_AUTH_NO] => 
)

 Array
(
    [PageCall time] => 18:45:04
    [P_TID] => INIMX_VBNKCAEcatca0720250730184411995525
    [P_MID] => CAEcatca07
    [P_AUTH_DT] => 20250730184504
    [P_STATUS] => 02
    [P_TYPE] => VBANK
    [P_OID] => 250730-048
    [P_FN_CD1] => 11
    [P_FN_CD2] => 
    [P_FN_NM] => NH농협은행
    [P_AMT] => 3000
    [P_UNAME] => 이순애
    [P_RMESG1] => P_VACCT_NO=79014289269684|P_EXP_DT=20250809
    [P_RMESG2] => 
    [P_NOTI] => 
    [P_AUTH_NO] => 
)

 Array
(
    [PageCall time] => 19:24:01
    [P_TID] => INIMX_VBNKCAEcatca0720250730192254775034
    [P_MID] => CAEcatca07
    [P_AUTH_DT] => 20250730192401
    [P_STATUS] => 02
    [P_TYPE] => VBANK
    [P_OID] => 250730-049
    [P_FN_CD1] => 11
    [P_FN_CD2] => 
    [P_FN_NM] => NH농협은행
    [P_AMT] => 3000
    [P_UNAME] => 이진선
    [P_RMESG1] => P_VACCT_NO=79014289273559|P_EXP_DT=20250809
    [P_RMESG2] => 
    [P_NOTI] => 
    [P_AUTH_NO] => 
)

 Array
(
    [PageCall time] => 19:36:43
    [P_TID] => INIMX_VBNKCAEcatca0720250730193142275933
    [P_MID] => CAEcatca07
    [P_AUTH_DT] => 20250730193643
    [P_STATUS] => 02
    [P_TYPE] => VBANK
    [P_OID] => 250730-050
    [P_FN_CD1] => 03
    [P_FN_CD2] => 
    [P_FN_NM] => 기업은행
    [P_AMT] => 3000
    [P_UNAME] => 서동진
    [P_RMESG1] => P_VACCT_NO=07503138397439|P_EXP_DT=20250809
    [P_RMESG2] => 
    [P_NOTI] => 
    [P_AUTH_NO] => 
)

 Array
(
    [PageCall time] => 20:35:25
    [P_TID] => INIMX_VBNKCAEcatca0720250730203453895864
    [P_MID] => CAEcatca07
    [P_AUTH_DT] => 20250730203525
    [P_STATUS] => 02
    [P_TYPE] => VBANK
    [P_OID] => 250730-052
    [P_FN_CD1] => 04
    [P_FN_CD2] => 
    [P_FN_NM] => KB국민은행
    [P_AMT] => 3000
    [P_UNAME] => 이한빈
    [P_RMESG1] => P_VACCT_NO=26119078613289|P_EXP_DT=20250809
    [P_RMESG2] => 
    [P_NOTI] => 
    [P_AUTH_NO] => 
)

 Array
(
    [PageCall time] => 20:54:15
    [P_TID] => INIMX_VBNKCAEcatca0720250730205242855946
    [P_MID] => CAEcatca07
    [P_AUTH_DT] => 20250730205415
    [P_STATUS] => 02
    [P_TYPE] => VBANK
    [P_OID] => 250730-053
    [P_FN_CD1] => 04
    [P_FN_CD2] => 
    [P_FN_NM] => KB국민은행
    [P_AMT] => 3000
    [P_UNAME] => 정연권
    [P_RMESG1] => P_VACCT_NO=26119078622214|P_EXP_DT=20250809
    [P_RMESG2] => 
    [P_NOTI] => 
    [P_AUTH_NO] => 
)

 Array
(
    [PageCall time] => 22:00:32
    [P_TID] => INIMX_VBNKCAEcatca0720250730215614155139
    [P_MID] => CAEcatca07
    [P_AUTH_DT] => 20250730220032
    [P_STATUS] => 02
    [P_TYPE] => VBANK
    [P_OID] => 250730-054
    [P_FN_CD1] => 11
    [P_FN_CD2] => 
    [P_FN_NM] => NH농협은행
    [P_AMT] => 3000
    [P_UNAME] => 박대홍
    [P_RMESG1] => P_VACCT_NO=79014289283840|P_EXP_DT=20250809
    [P_RMESG2] => 
    [P_NOTI] => 
    [P_AUTH_NO] => 
)

 Array
(
    [PageCall time] => 23:11:23
    [P_TID] => INIMX_VBNKCAEcatca0720250730230954505764
    [P_MID] => CAEcatca07
    [P_AUTH_DT] => 20250730231123
    [P_STATUS] => 02
    [P_TYPE] => VBANK
    [P_OID] => 250730-056
    [P_FN_CD1] => 04
    [P_FN_CD2] => 
    [P_FN_NM] => KB국민은행
    [P_AMT] => 3000
    [P_UNAME] => 손기현
    [P_RMESG1] => P_VACCT_NO=26119078689211|P_EXP_DT=20250809
    [P_RMESG2] => 
    [P_NOTI] => 
    [P_AUTH_NO] => 
)

