 Array
(
    [PageCall time] => 06:30:54
    [P_TID] => INIMX_VBNKCAEcatca0720250626062747195884
    [P_MID] => CAEcatca07
    [P_AUTH_DT] => 20250626063054
    [P_STATUS] => 02
    [P_TYPE] => VBANK
    [P_OID] => 250626-001
    [P_FN_CD1] => 20
    [P_FN_CD2] => 
    [P_FN_NM] => 우리은행
    [P_AMT] => 3000
    [P_UNAME] => 전은경
    [P_RMESG1] => P_VACCT_NO=27489365118439|P_EXP_DT=20250706
    [P_RMESG2] => 
    [P_NOTI] => 
    [P_AUTH_NO] => 
)

 Array
(
    [PageCall time] => 07:46:42
    [P_TID] => INIMX_VBNKCAEcatca0720250625233318885583
    [P_MID] => CAEcatca07
    [P_AUTH_DT] => 20250626074641
    [P_STATUS] => 02
    [P_TYPE] => VBANK
    [P_OID] => 250625-037
    [P_FN_CD1] => 11
    [P_FN_CD2] => 
    [P_FN_NM] => NH농협은행
    [P_AMT] => 3000
    [P_UNAME] => 김나라
    [P_RMESG1] => P_VACCT_NO=79010590772238|P_EXP_DT=20250705
    [P_RMESG2] => 
    [P_NOTI] => 
    [P_AUTH_NO] => 
)

 Array
(
    [PageCall time] => 09:15:47
    [P_TID] => INIMX_VBNKCAEcatca0720250626091500885302
    [P_MID] => CAEcatca07
    [P_AUTH_DT] => 20250626091547
    [P_STATUS] => 02
    [P_TYPE] => VBANK
    [P_OID] => 250626-002
    [P_FN_CD1] => 04
    [P_FN_CD2] => 
    [P_FN_NM] => KB국민은행
    [P_AMT] => 3000
    [P_UNAME] => 김건식
    [P_RMESG1] => P_VACCT_NO=26159078234158|P_EXP_DT=20250706
    [P_RMESG2] => 
    [P_NOTI] => 
    [P_AUTH_NO] => 
)

 Array
(
    [PageCall time] => 09:38:52
    [P_TID] => INIMX_VBNKCAEcatca0720250626093350115242
    [P_MID] => CAEcatca07
    [P_AUTH_DT] => 20250626093852
    [P_STATUS] => 02
    [P_TYPE] => VBANK
    [P_OID] => 250626-004
    [P_FN_CD1] => 88
    [P_FN_CD2] => 
    [P_FN_NM] => 신한은행
    [P_AMT] => 3000
    [P_UNAME] => 육수연
    [P_RMESG1] => P_VACCT_NO=56211105456362|P_EXP_DT=20250706
    [P_RMESG2] => 
    [P_NOTI] => 
    [P_AUTH_NO] => 
)

 Array
(
    [PageCall time] => 10:08:14
    [P_TID] => INIMX_VBNKCAEcatca0720250626100737125886
    [P_MID] => CAEcatca07
    [P_AUTH_DT] => 20250626100813
    [P_STATUS] => 02
    [P_TYPE] => VBANK
    [P_OID] => 250626-005
    [P_FN_CD1] => 11
    [P_FN_CD2] => 
    [P_FN_NM] => NH농협은행
    [P_AMT] => 3000
    [P_UNAME] => 김병훈
    [P_RMESG1] => P_VACCT_NO=79010590820543|P_EXP_DT=20250706
    [P_RMESG2] => 
    [P_NOTI] => 
    [P_AUTH_NO] => 
)

 Array
(
    [PageCall time] => 10:10:19
    [P_TID] => INIMX_VBNKCAEcatca0720250624213206635853
    [P_MID] => CAEcatca07
    [P_AUTH_DT] => 20250626101019
    [P_STATUS] => 02
    [P_TYPE] => VBANK
    [P_OID] => 250624-039
    [P_FN_CD1] => 11
    [P_FN_CD2] => 
    [P_FN_NM] => NH농협은행
    [P_AMT] => 3000
    [P_UNAME] => 김종만
    [P_RMESG1] => P_VACCT_NO=79010590613940|P_EXP_DT=20250704
    [P_RMESG2] => 
    [P_NOTI] => 
    [P_AUTH_NO] => 
)

 Array
(
    [PageCall time] => 10:27:56
    [P_TID] => INIMX_VBNKCAEcatca0720250626102428145061
    [P_MID] => CAEcatca07
    [P_AUTH_DT] => 20250626102756
    [P_STATUS] => 02
    [P_TYPE] => VBANK
    [P_OID] => 250626-008
    [P_FN_CD1] => 03
    [P_FN_CD2] => 
    [P_FN_NM] => 기업은행
    [P_AMT] => 3000
    [P_UNAME] => 김광훈
    [P_RMESG1] => P_VACCT_NO=07503427697171|P_EXP_DT=20250706
    [P_RMESG2] => 
    [P_NOTI] => 
    [P_AUTH_NO] => 
)

 Array
(
    [PageCall time] => 10:47:10
    [P_TID] => INIMX_VBNKCAEcatca0720250625104456564973
    [P_MID] => CAEcatca07
    [P_AUTH_DT] => 20250626104710
    [P_STATUS] => 02
    [P_TYPE] => VBANK
    [P_OID] => 250625-007
    [P_FN_CD1] => 03
    [P_FN_CD2] => 
    [P_FN_NM] => 기업은행
    [P_AMT] => 3000
    [P_UNAME] => 윤호중
    [P_RMESG1] => P_VACCT_NO=07500037397422|P_EXP_DT=20250705
    [P_RMESG2] => 
    [P_NOTI] => 
    [P_AUTH_NO] => 
)

 Array
(
    [PageCall time] => 10:58:57
    [P_TID] => INIMX_VBNKCAEcatca0720250626101326575700
    [P_MID] => CAEcatca07
    [P_AUTH_DT] => 20250626105857
    [P_STATUS] => 02
    [P_TYPE] => VBANK
    [P_OID] => 250626-006
    [P_FN_CD1] => 03
    [P_FN_CD2] => 
    [P_FN_NM] => 기업은행
    [P_AMT] => 3000
    [P_UNAME] => 김유진
    [P_RMESG1] => P_VACCT_NO=07503427497950|P_EXP_DT=20250706
    [P_RMESG2] => 
    [P_NOTI] => 
    [P_AUTH_NO] => 
)

 Array
(
    [PageCall time] => 11:03:19
    [P_TID] => INIMX_VBNKCAEcatca0720250626105802685981
    [P_MID] => CAEcatca07
    [P_AUTH_DT] => 20250626110319
    [P_STATUS] => 02
    [P_TYPE] => VBANK
    [P_OID] => 250626-012
    [P_FN_CD1] => 81
    [P_FN_CD2] => 
    [P_FN_NM] => 하나은행
    [P_AMT] => 3000
    [P_UNAME] => 김희재
    [P_RMESG1] => P_VACCT_NO=20894326358337|P_EXP_DT=20250706
    [P_RMESG2] => 
    [P_NOTI] => 
    [P_AUTH_NO] => 
)

 Array
(
    [PageCall time] => 11:08:01
    [P_TID] => INIMX_VBNKCAEcatca0720250626110510135105
    [P_MID] => CAEcatca07
    [P_AUTH_DT] => 20250626110801
    [P_STATUS] => 02
    [P_TYPE] => VBANK
    [P_OID] => 250626-013
    [P_FN_CD1] => 88
    [P_FN_CD2] => 
    [P_FN_NM] => 신한은행
    [P_AMT] => 3000
    [P_UNAME] => 안성준
    [P_RMESG1] => P_VACCT_NO=56211105468150|P_EXP_DT=20250706
    [P_RMESG2] => 
    [P_NOTI] => 
    [P_AUTH_NO] => 
)

 Array
(
    [PageCall time] => 11:35:48
    [P_TID] => INIMX_VBNKCAEcatca0720250626113316935592
    [P_MID] => CAEcatca07
    [P_AUTH_DT] => 20250626113548
    [P_STATUS] => 02
    [P_TYPE] => VBANK
    [P_OID] => 250626-016
    [P_FN_CD1] => 88
    [P_FN_CD2] => 
    [P_FN_NM] => 신한은행
    [P_AMT] => 3000
    [P_UNAME] => 김상진
    [P_RMESG1] => P_VACCT_NO=56211105471444|P_EXP_DT=20250706
    [P_RMESG2] => 
    [P_NOTI] => 
    [P_AUTH_NO] => 
)

 Array
(
    [PageCall time] => 11:57:37
    [P_TID] => INIMX_VBNKCAEcatca0720250626115458295211
    [P_MID] => CAEcatca07
    [P_AUTH_DT] => 20250626115737
    [P_STATUS] => 02
    [P_TYPE] => VBANK
    [P_OID] => 250626-017
    [P_FN_CD1] => 88
    [P_FN_CD2] => 
    [P_FN_NM] => 신한은행
    [P_AMT] => 3000
    [P_UNAME] => 이윤아
    [P_RMESG1] => P_VACCT_NO=56211105473421|P_EXP_DT=20250706
    [P_RMESG2] => 
    [P_NOTI] => 
    [P_AUTH_NO] => 
)

 Array
(
    [PageCall time] => 12:35:32
    [P_TID] => INIMX_VBNKCAEcatca0720250626123458625868
    [P_MID] => CAEcatca07
    [P_AUTH_DT] => 20250626123532
    [P_STATUS] => 02
    [P_TYPE] => VBANK
    [P_OID] => 250626-018
    [P_FN_CD1] => 11
    [P_FN_CD2] => 
    [P_FN_NM] => NH농협은행
    [P_AMT] => 3000
    [P_UNAME] => 이우석
    [P_RMESG1] => P_VACCT_NO=79010590849508|P_EXP_DT=20250706
    [P_RMESG2] => 
    [P_NOTI] => 
    [P_AUTH_NO] => 
)

 Array
(
    [PageCall time] => 12:54:59
    [P_TID] => INIMX_VBNKCAEcatca0720250626102713885375
    [P_MID] => CAEcatca07
    [P_AUTH_DT] => 20250626125458
    [P_STATUS] => 02
    [P_TYPE] => VBANK
    [P_OID] => 250626-009
    [P_FN_CD1] => 03
    [P_FN_CD2] => 
    [P_FN_NM] => 기업은행
    [P_AMT] => 3000
    [P_UNAME] => 서은영
    [P_RMESG1] => P_VACCT_NO=07503427697551|P_EXP_DT=20250706
    [P_RMESG2] => 
    [P_NOTI] => 
    [P_AUTH_NO] => 
)

 Array
(
    [PageCall time] => 12:59:55
    [P_TID] => INIMX_VBNKCAEcatca0720250626125656925011
    [P_MID] => CAEcatca07
    [P_AUTH_DT] => 20250626125955
    [P_STATUS] => 02
    [P_TYPE] => VBANK
    [P_OID] => 250626-020
    [P_FN_CD1] => 20
    [P_FN_CD2] => 
    [P_FN_NM] => 우리은행
    [P_AMT] => 3000
    [P_UNAME] => 권민혜
    [P_RMESG1] => P_VACCT_NO=27762944118566|P_EXP_DT=20250706
    [P_RMESG2] => 
    [P_NOTI] => 
    [P_AUTH_NO] => 
)

 Array
(
    [PageCall time] => 14:44:08
    [P_TID] => INIMX_VBNKCAEcatca0720250626144115175722
    [P_MID] => CAEcatca07
    [P_AUTH_DT] => 20250626144408
    [P_STATUS] => 02
    [P_TYPE] => VBANK
    [P_OID] => 250626-024
    [P_FN_CD1] => 88
    [P_FN_CD2] => 
    [P_FN_NM] => 신한은행
    [P_AMT] => 3000
    [P_UNAME] => 이선희
    [P_RMESG1] => P_VACCT_NO=56211105496398|P_EXP_DT=20250706
    [P_RMESG2] => 
    [P_NOTI] => 
    [P_AUTH_NO] => 
)

 Array
(
    [PageCall time] => 14:47:16
    [P_TID] => INIMX_VBNKCAEcatca0720250626144424665554
    [P_MID] => CAEcatca07
    [P_AUTH_DT] => 20250626144716
    [P_STATUS] => 02
    [P_TYPE] => VBANK
    [P_OID] => 250626-025
    [P_FN_CD1] => 88
    [P_FN_CD2] => 
    [P_FN_NM] => 신한은행
    [P_AMT] => 3000
    [P_UNAME] => 김재진
    [P_RMESG1] => P_VACCT_NO=56211105496612|P_EXP_DT=20250706
    [P_RMESG2] => 
    [P_NOTI] => 
    [P_AUTH_NO] => 
)

 Array
(
    [PageCall time] => 15:21:37
    [P_TID] => INIMX_VBNKCAEcatca0720250626104308215902
    [P_MID] => CAEcatca07
    [P_AUTH_DT] => 20250626152137
    [P_STATUS] => 02
    [P_TYPE] => VBANK
    [P_OID] => 250626-011
    [P_FN_CD1] => 04
    [P_FN_CD2] => 
    [P_FN_NM] => KB국민은행
    [P_AMT] => 3000
    [P_UNAME] => 신혜정
    [P_RMESG1] => P_VACCT_NO=39889011114995|P_EXP_DT=20250706
    [P_RMESG2] => 
    [P_NOTI] => 
    [P_AUTH_NO] => 
)

 Array
(
    [PageCall time] => 15:37:46
    [P_TID] => INIMX_VBNKCAEcatca0720250626153633495116
    [P_MID] => CAEcatca07
    [P_AUTH_DT] => 20250626153746
    [P_STATUS] => 02
    [P_TYPE] => VBANK
    [P_OID] => 250626-021
    [P_FN_CD1] => 04
    [P_FN_CD2] => 
    [P_FN_NM] => KB국민은행
    [P_AMT] => 3000
    [P_UNAME] => 정현
    [P_RMESG1] => P_VACCT_NO=70149014750437|P_EXP_DT=20250706
    [P_RMESG2] => 
    [P_NOTI] => 
    [P_AUTH_NO] => 
)

 Array
(
    [PageCall time] => 16:34:10
    [P_TID] => INIMX_VBNKCAEcatca0720250626163343225157
    [P_MID] => CAEcatca07
    [P_AUTH_DT] => 20250626163410
    [P_STATUS] => 02
    [P_TYPE] => VBANK
    [P_OID] => 250626-022
    [P_FN_CD1] => 11
    [P_FN_CD2] => 
    [P_FN_NM] => NH농협은행
    [P_AMT] => 3000
    [P_UNAME] => 양봉득
    [P_RMESG1] => P_VACCT_NO=79010590901403|P_EXP_DT=20250706
    [P_RMESG2] => 
    [P_NOTI] => 
    [P_AUTH_NO] => 
)

 Array
(
    [PageCall time] => 17:20:26
    [P_TID] => INIMX_VBNKCAEcatca0720250626171950205326
    [P_MID] => CAEcatca07
    [P_AUTH_DT] => 20250626172026
    [P_STATUS] => 02
    [P_TYPE] => VBANK
    [P_OID] => 250626-031
    [P_FN_CD1] => 11
    [P_FN_CD2] => 
    [P_FN_NM] => NH농협은행
    [P_AMT] => 3000
    [P_UNAME] => 정은혜
    [P_RMESG1] => P_VACCT_NO=79010590910465|P_EXP_DT=20250706
    [P_RMESG2] => 
    [P_NOTI] => 
    [P_AUTH_NO] => 
)

 Array
(
    [PageCall time] => 18:03:44
    [P_TID] => INIMX_VBNKCAEcatca0720250626180040725110
    [P_MID] => CAEcatca07
    [P_AUTH_DT] => 20250626180344
    [P_STATUS] => 02
    [P_TYPE] => VBANK
    [P_OID] => 250626-033
    [P_FN_CD1] => 11
    [P_FN_CD2] => 
    [P_FN_NM] => NH농협은행
    [P_AMT] => 3000
    [P_UNAME] => 지관훈
    [P_RMESG1] => P_VACCT_NO=79010590916674|P_EXP_DT=20250706
    [P_RMESG2] => 
    [P_NOTI] => 
    [P_AUTH_NO] => 
)

 Array
(
    [PageCall time] => 18:09:58
    [P_TID] => INIMX_VBNKCAEcatca0720250626180654645482
    [P_MID] => CAEcatca07
    [P_AUTH_DT] => 20250626180958
    [P_STATUS] => 02
    [P_TYPE] => VBANK
    [P_OID] => 250626-034
    [P_FN_CD1] => 03
    [P_FN_CD2] => 
    [P_FN_NM] => 기업은행
    [P_AMT] => 3000
    [P_UNAME] => 박기열
    [P_RMESG1] => P_VACCT_NO=07503434197489|P_EXP_DT=20250706
    [P_RMESG2] => 
    [P_NOTI] => 
    [P_AUTH_NO] => 
)

 Array
(
    [PageCall time] => 18:57:42
    [P_TID] => INIMX_VBNKCAEcatca0720250626185412925347
    [P_MID] => CAEcatca07
    [P_AUTH_DT] => 20250626185742
    [P_STATUS] => 02
    [P_TYPE] => VBANK
    [P_OID] => 250626-035
    [P_FN_CD1] => 03
    [P_FN_CD2] => 
    [P_FN_NM] => 기업은행
    [P_AMT] => 3000
    [P_UNAME] => 최규엽
    [P_RMESG1] => P_VACCT_NO=07503434497547|P_EXP_DT=20250706
    [P_RMESG2] => 
    [P_NOTI] => 
    [P_AUTH_NO] => 
)

 Array
(
    [PageCall time] => 19:03:38
    [P_TID] => INIMX_VBNKCAEcatca0720250626190114405762
    [P_MID] => CAEcatca07
    [P_AUTH_DT] => 20250626190338
    [P_STATUS] => 02
    [P_TYPE] => VBANK
    [P_OID] => 250626-036
    [P_FN_CD1] => 11
    [P_FN_CD2] => 
    [P_FN_NM] => NH농협은행
    [P_AMT] => 3000
    [P_UNAME] => 윤정아
    [P_RMESG1] => P_VACCT_NO=79010590924129|P_EXP_DT=20250706
    [P_RMESG2] => 
    [P_NOTI] => 
    [P_AUTH_NO] => 
)

 Array
(
    [PageCall time] => 19:56:26
    [P_TID] => INIMX_VBNKCAEcatca0720250626195154815169
    [P_MID] => CAEcatca07
    [P_AUTH_DT] => 20250626195626
    [P_STATUS] => 02
    [P_TYPE] => VBANK
    [P_OID] => 250626-027
    [P_FN_CD1] => 11
    [P_FN_CD2] => 
    [P_FN_NM] => NH농협은행
    [P_AMT] => 3000
    [P_UNAME] => 이완영
    [P_RMESG1] => P_VACCT_NO=79010590930282|P_EXP_DT=20250706
    [P_RMESG2] => 
    [P_NOTI] => 
    [P_AUTH_NO] => 
)

 Array
(
    [PageCall time] => 20:09:16
    [P_TID] => INIMX_VBNKCAEcatca0720250626200815365161
    [P_MID] => CAEcatca07
    [P_AUTH_DT] => 20250626200916
    [P_STATUS] => 02
    [P_TYPE] => VBANK
    [P_OID] => 250626-019
    [P_FN_CD1] => 11
    [P_FN_CD2] => 
    [P_FN_NM] => NH농협은행
    [P_AMT] => 3000
    [P_UNAME] => 이동미
    [P_RMESG1] => P_VACCT_NO=79010590932059|P_EXP_DT=20250706
    [P_RMESG2] => 
    [P_NOTI] => 
    [P_AUTH_NO] => 
)

 Array
(
    [PageCall time] => 22:28:24
    [P_TID] => INIMX_VBNKCAEcatca0720250626222738145855
    [P_MID] => CAEcatca07
    [P_AUTH_DT] => 20250626222824
    [P_STATUS] => 02
    [P_TYPE] => VBANK
    [P_OID] => 250626-039
    [P_FN_CD1] => 11
    [P_FN_CD2] => 
    [P_FN_NM] => NH농협은행
    [P_AMT] => 3000
    [P_UNAME] => 유혜진
    [P_RMESG1] => P_VACCT_NO=79010590946629|P_EXP_DT=20250706
    [P_RMESG2] => 
    [P_NOTI] => 
    [P_AUTH_NO] => 
)

