 Array
(
    [PageCall time] => 05:18:51
    [P_TID] => INIMX_VBNKCAEcatca0720250808051756985764
    [P_MID] => CAEcatca07
    [P_AUTH_DT] => 20250808051851
    [P_STATUS] => 02
    [P_TYPE] => VBANK
    [P_OID] => 250808-001
    [P_FN_CD1] => 04
    [P_FN_CD2] => 
    [P_FN_NM] => KB국민은행
    [P_AMT] => 3000
    [P_UNAME] => 박인자
    [P_RMESG1] => P_VACCT_NO=70239014263512|P_EXP_DT=20250818
    [P_RMESG2] => 
    [P_NOTI] => 
    [P_AUTH_NO] => 
)

 Array
(
    [PageCall time] => 06:41:53
    [P_TID] => INIMX_VBNKCAEcatca0720250808063906705008
    [P_MID] => CAEcatca07
    [P_AUTH_DT] => 20250808064153
    [P_STATUS] => 02
    [P_TYPE] => VBANK
    [P_OID] => 250808-002
    [P_FN_CD1] => 89
    [P_FN_CD2] => 
    [P_FN_NM] => 케이뱅크
    [P_AMT] => 3000
    [P_UNAME] => 김영아
    [P_RMESG1] => P_VACCT_NO=70112004138889|P_EXP_DT=20250818
    [P_RMESG2] => 
    [P_NOTI] => 
    [P_AUTH_NO] => 
)

 Array
(
    [PageCall time] => 10:24:19
    [P_TID] => INIMX_VBNKCAEcatca0720250808102138115905
    [P_MID] => CAEcatca07
    [P_AUTH_DT] => 20250808102419
    [P_STATUS] => 02
    [P_TYPE] => VBANK
    [P_OID] => 250808-004
    [P_FN_CD1] => 81
    [P_FN_CD2] => 
    [P_FN_NM] => 하나은행
    [P_AMT] => 3000
    [P_UNAME] => 이경아
    [P_RMESG1] => P_VACCT_NO=20893952049337|P_EXP_DT=20250818
    [P_RMESG2] => 
    [P_NOTI] => 
    [P_AUTH_NO] => 
)

 Array
(
    [PageCall time] => 10:26:54
    [P_TID] => INIMX_VBNKCAEcatca0720250808102544515029
    [P_MID] => CAEcatca07
    [P_AUTH_DT] => 20250808102654
    [P_STATUS] => 02
    [P_TYPE] => VBANK
    [P_OID] => 250808-005
    [P_FN_CD1] => 11
    [P_FN_CD2] => 
    [P_FN_NM] => NH농협은행
    [P_AMT] => 3000
    [P_UNAME] => 유수정
    [P_RMESG1] => P_VACCT_NO=79014290225024|P_EXP_DT=20250818
    [P_RMESG2] => 
    [P_NOTI] => 
    [P_AUTH_NO] => 
)

 Array
(
    [PageCall time] => 10:35:33
    [P_TID] => INIMX_VBNKCAEcatca0720250808103244495157
    [P_MID] => CAEcatca07
    [P_AUTH_DT] => 20250808103533
    [P_STATUS] => 02
    [P_TYPE] => VBANK
    [P_OID] => 250808-006
    [P_FN_CD1] => 11
    [P_FN_CD2] => 
    [P_FN_NM] => NH농협은행
    [P_AMT] => 3000
    [P_UNAME] => 최삼례
    [P_RMESG1] => P_VACCT_NO=79014290225991|P_EXP_DT=20250818
    [P_RMESG2] => 
    [P_NOTI] => 
    [P_AUTH_NO] => 
)

 Array
(
    [PageCall time] => 12:14:00
    [P_TID] => INIMX_VBNKCAEcatca0720250808121122995232
    [P_MID] => CAEcatca07
    [P_AUTH_DT] => 20250808121400
    [P_STATUS] => 02
    [P_TYPE] => VBANK
    [P_OID] => 250808-010
    [P_FN_CD1] => 03
    [P_FN_CD2] => 
    [P_FN_NM] => 기업은행
    [P_AMT] => 3000
    [P_UNAME] => 김규년
    [P_RMESG1] => P_VACCT_NO=07503185597955|P_EXP_DT=20250818
    [P_RMESG2] => 
    [P_NOTI] => 
    [P_AUTH_NO] => 
)

 Array
(
    [PageCall time] => 12:20:04
    [P_TID] => INIMX_VBNKCAEcatca0720250808121930355981
    [P_MID] => CAEcatca07
    [P_AUTH_DT] => 20250808122004
    [P_STATUS] => 02
    [P_TYPE] => VBANK
    [P_OID] => 250731-029
    [P_FN_CD1] => 04
    [P_FN_CD2] => 
    [P_FN_NM] => KB국민은행
    [P_AMT] => 3000
    [P_UNAME] => 강현옥
    [P_RMESG1] => P_VACCT_NO=26159078380620|P_EXP_DT=20250818
    [P_RMESG2] => 
    [P_NOTI] => 
    [P_AUTH_NO] => 
)

 Array
(
    [PageCall time] => 12:23:27
    [P_TID] => INIMX_VBNKCAEcatca0720250808122251835951
    [P_MID] => CAEcatca07
    [P_AUTH_DT] => 20250808122327
    [P_STATUS] => 02
    [P_TYPE] => VBANK
    [P_OID] => 250808-011
    [P_FN_CD1] => 11
    [P_FN_CD2] => 
    [P_FN_NM] => NH농협은행
    [P_AMT] => 3000
    [P_UNAME] => 박지영
    [P_RMESG1] => P_VACCT_NO=79014290241674|P_EXP_DT=20250818
    [P_RMESG2] => 
    [P_NOTI] => 
    [P_AUTH_NO] => 
)

 Array
(
    [PageCall time] => 13:47:10
    [P_TID] => INIMX_VBNKCAEcatca0720250808134042885399
    [P_MID] => CAEcatca07
    [P_AUTH_DT] => 20250808134709
    [P_STATUS] => 02
    [P_TYPE] => VBANK
    [P_OID] => 250808-012
    [P_FN_CD1] => 88
    [P_FN_CD2] => 
    [P_FN_NM] => 신한은행
    [P_AMT] => 3000
    [P_UNAME] => 김진
    [P_RMESG1] => P_VACCT_NO=56211991086300|P_EXP_DT=20250818
    [P_RMESG2] => 
    [P_NOTI] => 
    [P_AUTH_NO] => 
)

 Array
(
    [PageCall time] => 14:09:25
    [P_TID] => INIMX_VBNKCAEcatca0720250808140824275290
    [P_MID] => CAEcatca07
    [P_AUTH_DT] => 20250808140925
    [P_STATUS] => 02
    [P_TYPE] => VBANK
    [P_OID] => 250808-016
    [P_FN_CD1] => 11
    [P_FN_CD2] => 
    [P_FN_NM] => NH농협은행
    [P_AMT] => 3000
    [P_UNAME] => 김남수
    [P_RMESG1] => P_VACCT_NO=79014290253202|P_EXP_DT=20250818
    [P_RMESG2] => 
    [P_NOTI] => 
    [P_AUTH_NO] => 
)

 Array
(
    [PageCall time] => 14:33:52
    [P_TID] => INIMX_VBNKCAEcatca0720250808143121955807
    [P_MID] => CAEcatca07
    [P_AUTH_DT] => 20250808143352
    [P_STATUS] => 02
    [P_TYPE] => VBANK
    [P_OID] => 250808-018
    [P_FN_CD1] => 03
    [P_FN_CD2] => 
    [P_FN_NM] => 기업은행
    [P_AMT] => 3000
    [P_UNAME] => 박아름
    [P_RMESG1] => P_VACCT_NO=07503186797649|P_EXP_DT=20250818
    [P_RMESG2] => 
    [P_NOTI] => 
    [P_AUTH_NO] => 
)

 Array
(
    [PageCall time] => 15:06:06
    [P_TID] => INIMX_VBNKCAEcatca0720250808150128725950
    [P_MID] => CAEcatca07
    [P_AUTH_DT] => 20250808150606
    [P_STATUS] => 02
    [P_TYPE] => VBANK
    [P_OID] => 250808-019
    [P_FN_CD1] => 88
    [P_FN_CD2] => 
    [P_FN_NM] => 신한은행
    [P_AMT] => 3000
    [P_UNAME] => 이호양
    [P_RMESG1] => P_VACCT_NO=56211991094340|P_EXP_DT=20250818
    [P_RMESG2] => 
    [P_NOTI] => 
    [P_AUTH_NO] => 
)

 Array
(
    [PageCall time] => 15:15:41
    [P_TID] => INIMX_VBNKCAEcatca0720250808151252765695
    [P_MID] => CAEcatca07
    [P_AUTH_DT] => 20250808151541
    [P_STATUS] => 02
    [P_TYPE] => VBANK
    [P_OID] => 250808-020
    [P_FN_CD1] => 03
    [P_FN_CD2] => 
    [P_FN_NM] => 기업은행
    [P_AMT] => 3000
    [P_UNAME] => 김석훈
    [P_RMESG1] => P_VACCT_NO=07503187197493|P_EXP_DT=20250818
    [P_RMESG2] => 
    [P_NOTI] => 
    [P_AUTH_NO] => 
)

 Array
(
    [PageCall time] => 15:19:27
    [P_TID] => INIMX_VBNKCAEcatca0720250808151812525958
    [P_MID] => CAEcatca07
    [P_AUTH_DT] => 20250808151927
    [P_STATUS] => 02
    [P_TYPE] => VBANK
    [P_OID] => 250808-021
    [P_FN_CD1] => 11
    [P_FN_CD2] => 
    [P_FN_NM] => NH농협은행
    [P_AMT] => 3000
    [P_UNAME] => 문정순
    [P_RMESG1] => P_VACCT_NO=79014290263098|P_EXP_DT=20250818
    [P_RMESG2] => 
    [P_NOTI] => 
    [P_AUTH_NO] => 
)

 Array
(
    [PageCall time] => 15:42:28
    [P_TID] => INIMX_VBNKCAEcatca0720250808154113755691
    [P_MID] => CAEcatca07
    [P_AUTH_DT] => 20250808154228
    [P_STATUS] => 02
    [P_TYPE] => VBANK
    [P_OID] => 250808-023
    [P_FN_CD1] => 04
    [P_FN_CD2] => 
    [P_FN_NM] => KB국민은행
    [P_AMT] => 3000
    [P_UNAME] => 오애경
    [P_RMESG1] => P_VACCT_NO=70239014299753|P_EXP_DT=20250818
    [P_RMESG2] => 
    [P_NOTI] => 
    [P_AUTH_NO] => 
)

 Array
(
    [PageCall time] => 15:45:39
    [P_TID] => INIMX_VBNKCAEcatca0720250808154311575872
    [P_MID] => CAEcatca07
    [P_AUTH_DT] => 20250808154539
    [P_STATUS] => 02
    [P_TYPE] => VBANK
    [P_OID] => 250808-022
    [P_FN_CD1] => 04
    [P_FN_CD2] => 
    [P_FN_NM] => KB국민은행
    [P_AMT] => 3000
    [P_UNAME] => 이옥자
    [P_RMESG1] => P_VACCT_NO=70239014300187|P_EXP_DT=20250818
    [P_RMESG2] => 
    [P_NOTI] => 
    [P_AUTH_NO] => 
)

 Array
(
    [PageCall time] => 17:16:05
    [P_TID] => INIMX_VBNKCAEcatca0720250808171522655277
    [P_MID] => CAEcatca07
    [P_AUTH_DT] => 20250808171605
    [P_STATUS] => 02
    [P_TYPE] => VBANK
    [P_OID] => 250808-025
    [P_FN_CD1] => 04
    [P_FN_CD2] => 
    [P_FN_NM] => KB국민은행
    [P_AMT] => 3000
    [P_UNAME] => 김정우
    [P_RMESG1] => P_VACCT_NO=70239014316393|P_EXP_DT=20250818
    [P_RMESG2] => 
    [P_NOTI] => 
    [P_AUTH_NO] => 
)

 Array
(
    [PageCall time] => 19:01:31
    [P_TID] => INIMX_VBNKCAEcatca0720250808185837315949
    [P_MID] => CAEcatca07
    [P_AUTH_DT] => 20250808190131
    [P_STATUS] => 02
    [P_TYPE] => VBANK
    [P_OID] => 250808-029
    [P_FN_CD1] => 11
    [P_FN_CD2] => 
    [P_FN_NM] => NH농협은행
    [P_AMT] => 3000
    [P_UNAME] => 서아름
    [P_RMESG1] => P_VACCT_NO=79014290293388|P_EXP_DT=20250818
    [P_RMESG2] => 
    [P_NOTI] => 
    [P_AUTH_NO] => 
)

 Array
(
    [PageCall time] => 20:24:02
    [P_TID] => INIMX_VBNKCAEcatca0720250808201539375120
    [P_MID] => CAEcatca07
    [P_AUTH_DT] => 20250808202402
    [P_STATUS] => 02
    [P_TYPE] => VBANK
    [P_OID] => 250808-024
    [P_FN_CD1] => 89
    [P_FN_CD2] => 
    [P_FN_NM] => 케이뱅크
    [P_AMT] => 3000
    [P_UNAME] => 문옥화
    [P_RMESG1] => P_VACCT_NO=70112004144683|P_EXP_DT=20250818
    [P_RMESG2] => 
    [P_NOTI] => 
    [P_AUTH_NO] => 
)

 Array
(
    [PageCall time] => 21:18:17
    [P_TID] => INIMX_VBNKCAEcatca0720250808211737935779
    [P_MID] => CAEcatca07
    [P_AUTH_DT] => 20250808211817
    [P_STATUS] => 02
    [P_TYPE] => VBANK
    [P_OID] => 250808-030
    [P_FN_CD1] => 71
    [P_FN_CD2] => 
    [P_FN_NM] => 우체국
    [P_AMT] => 3000
    [P_UNAME] => 박범현
    [P_RMESG1] => P_VACCT_NO=01397981350781|P_EXP_DT=20250818
    [P_RMESG2] => 
    [P_NOTI] => 
    [P_AUTH_NO] => 
)

 Array
(
    [PageCall time] => 22:28:17
    [P_TID] => INIMX_VBNKCAEcatca0720250808222406115727
    [P_MID] => CAEcatca07
    [P_AUTH_DT] => 20250808222817
    [P_STATUS] => 02
    [P_TYPE] => VBANK
    [P_OID] => 250808-031
    [P_FN_CD1] => 81
    [P_FN_CD2] => 
    [P_FN_NM] => 하나은행
    [P_AMT] => 3000
    [P_UNAME] => 오홍근
    [P_RMESG1] => P_VACCT_NO=20893956134737|P_EXP_DT=20250818
    [P_RMESG2] => 
    [P_NOTI] => 
    [P_AUTH_NO] => 
)

