 Array
(
    [PageCall time] => 08:57:25
    [P_TID] => INIMX_VBNKCAEcatca0720260422085414155690
    [P_MID] => CAEcatca07
    [P_AUTH_DT] => 20260422085725
    [P_STATUS] => 02
    [P_TYPE] => VBANK
    [P_OID] => 260422-004
    [P_FN_CD1] => 20
    [P_FN_CD2] => 
    [P_FN_NM] => 우리은행
    [P_AMT] => 3500
    [P_UNAME] => 원종혁
    [P_RMESG1] => P_VACCT_NO=27388089018106|P_EXP_DT=20260502
    [P_RMESG2] => 
    [P_NOTI] => 
    [P_AUTH_NO] => 
)

 Array
(
    [PageCall time] => 09:27:46
    [P_TID] => INIMX_VBNKCAEcatca0720260422092453645503
    [P_MID] => CAEcatca07
    [P_AUTH_DT] => 20260422092746
    [P_STATUS] => 02
    [P_TYPE] => VBANK
    [P_OID] => 260422-005
    [P_FN_CD1] => 88
    [P_FN_CD2] => 
    [P_FN_NM] => 신한은행
    [P_AMT] => 3500
    [P_UNAME] => 권민수
    [P_RMESG1] => P_VACCT_NO=56211990967551|P_EXP_DT=20260502
    [P_RMESG2] => 
    [P_NOTI] => 
    [P_AUTH_NO] => 
)

