 Array
(
    [PageCall time] => 00:14:24
    [P_TID] => INIMX_VBNKCAEcatca0720260402001124785945
    [P_MID] => CAEcatca07
    [P_AUTH_DT] => 20260402001424
    [P_STATUS] => 02
    [P_TYPE] => VBANK
    [P_OID] => 260402-001
    [P_FN_CD1] => 04
    [P_FN_CD2] => 
    [P_FN_NM] => KB국민은행
    [P_AMT] => 3500
    [P_UNAME] => 최미숙
    [P_RMESG1] => P_VACCT_NO=96309078394048|P_EXP_DT=20260412
    [P_RMESG2] => 
    [P_NOTI] => 
    [P_AUTH_NO] => 
)

 Array
(
    [PageCall time] => 09:30:55
    [P_TID] => INIMX_VBNKCAEcatca0720260402092819974079
    [P_MID] => CAEcatca07
    [P_AUTH_DT] => 20260402093055
    [P_STATUS] => 02
    [P_TYPE] => VBANK
    [P_OID] => 260401-011
    [P_FN_CD1] => 88
    [P_FN_CD2] => 
    [P_FN_NM] => 신한은행
    [P_AMT] => 3500
    [P_UNAME] => 윤규식
    [P_RMESG1] => P_VACCT_NO=56211992799029|P_EXP_DT=20260412
    [P_RMESG2] => 
    [P_NOTI] => 
    [P_AUTH_NO] => 
)

 Array
(
    [PageCall time] => 10:37:18
    [P_TID] => INIMX_VBNKCAEcatca0720260402103420435547
    [P_MID] => CAEcatca07
    [P_AUTH_DT] => 20260402103718
    [P_STATUS] => 02
    [P_TYPE] => VBANK
    [P_OID] => 260402-002
    [P_FN_CD1] => 03
    [P_FN_CD2] => 
    [P_FN_NM] => 기업은행
    [P_AMT] => 3500
    [P_UNAME] => 장원
    [P_RMESG1] => P_VACCT_NO=07502342697689|P_EXP_DT=20260412
    [P_RMESG2] => 
    [P_NOTI] => 
    [P_AUTH_NO] => 
)

 Array
(
    [PageCall time] => 12:13:24
    [P_TID] => INIMX_VBNKCAEcatca0720260402121220835952
    [P_MID] => CAEcatca07
    [P_AUTH_DT] => 20260402121324
    [P_STATUS] => 02
    [P_TYPE] => VBANK
    [P_OID] => 260402-005
    [P_FN_CD1] => 11
    [P_FN_CD2] => 
    [P_FN_NM] => NH농협은행
    [P_AMT] => 3500
    [P_UNAME] => 염경옥
    [P_RMESG1] => P_VACCT_NO=79014505218853|P_EXP_DT=20260412
    [P_RMESG2] => 
    [P_NOTI] => 
    [P_AUTH_NO] => 
)

 Array
(
    [PageCall time] => 12:31:29
    [P_TID] => INIMX_VBNKCAEcatca0720260402120112625281
    [P_MID] => CAEcatca07
    [P_AUTH_DT] => 20260402123129
    [P_STATUS] => 02
    [P_TYPE] => VBANK
    [P_OID] => 260402-004
    [P_FN_CD1] => 88
    [P_FN_CD2] => 
    [P_FN_NM] => 신한은행
    [P_AMT] => 3500
    [P_UNAME] => 신우섭
    [P_RMESG1] => P_VACCT_NO=56211106431201|P_EXP_DT=20260412
    [P_RMESG2] => 
    [P_NOTI] => 
    [P_AUTH_NO] => 
)

 Array
(
    [PageCall time] => 12:38:29
    [P_TID] => INIMX_VBNKCAEcatca0720260402123551175934
    [P_MID] => CAEcatca07
    [P_AUTH_DT] => 20260402123829
    [P_STATUS] => 02
    [P_TYPE] => VBANK
    [P_OID] => 260402-006
    [P_FN_CD1] => 11
    [P_FN_CD2] => 
    [P_FN_NM] => NH농협은행
    [P_AMT] => 3500
    [P_UNAME] => 김정옥
    [P_RMESG1] => P_VACCT_NO=79014505221013|P_EXP_DT=20260412
    [P_RMESG2] => 
    [P_NOTI] => 
    [P_AUTH_NO] => 
)

 Array
(
    [PageCall time] => 13:59:27
    [P_TID] => INIMX_VBNKCAEcatca0720260402135640415197
    [P_MID] => CAEcatca07
    [P_AUTH_DT] => 20260402135927
    [P_STATUS] => 02
    [P_TYPE] => VBANK
    [P_OID] => 260402-008
    [P_FN_CD1] => 04
    [P_FN_CD2] => 
    [P_FN_NM] => KB국민은행
    [P_AMT] => 3500
    [P_UNAME] => 양은정
    [P_RMESG1] => P_VACCT_NO=96309078454128|P_EXP_DT=20260412
    [P_RMESG2] => 
    [P_NOTI] => 
    [P_AUTH_NO] => 
)

 Array
(
    [PageCall time] => 14:12:26
    [P_TID] => INIMX_VBNKCAEcatca0720260402140623885883
    [P_MID] => CAEcatca07
    [P_AUTH_DT] => 20260402141226
    [P_STATUS] => 02
    [P_TYPE] => VBANK
    [P_OID] => 260402-010
    [P_FN_CD1] => 81
    [P_FN_CD2] => 
    [P_FN_NM] => 하나은행
    [P_AMT] => 3500
    [P_UNAME] => 서우영
    [P_RMESG1] => P_VACCT_NO=20893887640137|P_EXP_DT=20260412
    [P_RMESG2] => 
    [P_NOTI] => 
    [P_AUTH_NO] => 
)

 Array
(
    [PageCall time] => 15:18:09
    [P_TID] => INIMX_VBNKCAEcatca0720260402151541865255
    [P_MID] => CAEcatca07
    [P_AUTH_DT] => 20260402151809
    [P_STATUS] => 02
    [P_TYPE] => VBANK
    [P_OID] => 260402-013
    [P_FN_CD1] => 32
    [P_FN_CD2] => 
    [P_FN_NM] => 부산은행
    [P_AMT] => 3500
    [P_UNAME] => 임준형
    [P_RMESG1] => P_VACCT_NO=109924850383|P_EXP_DT=20260412
    [P_RMESG2] => 
    [P_NOTI] => 
    [P_AUTH_NO] => 
)

 Array
(
    [PageCall time] => 16:21:49
    [P_TID] => INIMX_VBNKCAEcatca0720260401171405725582
    [P_MID] => CAEcatca07
    [P_AUTH_DT] => 20260402162148
    [P_STATUS] => 02
    [P_TYPE] => VBANK
    [P_OID] => 260401-043
    [P_FN_CD1] => 11
    [P_FN_CD2] => 
    [P_FN_NM] => NH농협은행
    [P_AMT] => 3500
    [P_UNAME] => 길효숙
    [P_RMESG1] => P_VACCT_NO=79014505122461|P_EXP_DT=20260411
    [P_RMESG2] => 
    [P_NOTI] => 
    [P_AUTH_NO] => 
)

 Array
(
    [PageCall time] => 17:02:02
    [P_TID] => INIMX_VBNKCAEcatca0720260402165653095738
    [P_MID] => CAEcatca07
    [P_AUTH_DT] => 20260402170202
    [P_STATUS] => 02
    [P_TYPE] => VBANK
    [P_OID] => 260402-014
    [P_FN_CD1] => 88
    [P_FN_CD2] => 
    [P_FN_NM] => 신한은행
    [P_AMT] => 3500
    [P_UNAME] => 이유진
    [P_RMESG1] => P_VACCT_NO=56211106457087|P_EXP_DT=20260412
    [P_RMESG2] => 
    [P_NOTI] => 
    [P_AUTH_NO] => 
)

 Array
(
    [PageCall time] => 17:04:31
    [P_TID] => INIMX_VBNKCAEcatca0720260402170138555905
    [P_MID] => CAEcatca07
    [P_AUTH_DT] => 20260402170431
    [P_STATUS] => 02
    [P_TYPE] => VBANK
    [P_OID] => 260402-015
    [P_FN_CD1] => 88
    [P_FN_CD2] => 
    [P_FN_NM] => 신한은행
    [P_AMT] => 3500
    [P_UNAME] => 정가영
    [P_RMESG1] => P_VACCT_NO=56211106457424|P_EXP_DT=20260412
    [P_RMESG2] => 
    [P_NOTI] => 
    [P_AUTH_NO] => 
)

 Array
(
    [PageCall time] => 17:20:45
    [P_TID] => INIMX_VBNKCAEcatca0720260402171808885365
    [P_MID] => CAEcatca07
    [P_AUTH_DT] => 20260402172045
    [P_STATUS] => 02
    [P_TYPE] => VBANK
    [P_OID] => 260327-007
    [P_FN_CD1] => 81
    [P_FN_CD2] => 
    [P_FN_NM] => 하나은행
    [P_AMT] => 3500
    [P_UNAME] => 송예진
    [P_RMESG1] => P_VACCT_NO=20893889519637|P_EXP_DT=20260412
    [P_RMESG2] => 
    [P_NOTI] => 
    [P_AUTH_NO] => 
)

 Array
(
    [PageCall time] => 17:41:15
    [P_TID] => INIMX_VBNKCAEcatca0720260402173924445339
    [P_MID] => CAEcatca07
    [P_AUTH_DT] => 20260402174115
    [P_STATUS] => 02
    [P_TYPE] => VBANK
    [P_OID] => 260402-016
    [P_FN_CD1] => 11
    [P_FN_CD2] => 
    [P_FN_NM] => NH농협은행
    [P_AMT] => 3500
    [P_UNAME] => 김명애
    [P_RMESG1] => P_VACCT_NO=79014505264784|P_EXP_DT=20260412
    [P_RMESG2] => 
    [P_NOTI] => 
    [P_AUTH_NO] => 
)

 Array
(
    [PageCall time] => 18:13:26
    [P_TID] => INIMX_VBNKCAEcatca0720260402181006805980
    [P_MID] => CAEcatca07
    [P_AUTH_DT] => 20260402181326
    [P_STATUS] => 02
    [P_TYPE] => VBANK
    [P_OID] => 260402-020
    [P_FN_CD1] => 03
    [P_FN_CD2] => 
    [P_FN_NM] => 기업은행
    [P_AMT] => 3500
    [P_UNAME] => 이진화
    [P_RMESG1] => P_VACCT_NO=07502349497560|P_EXP_DT=20260412
    [P_RMESG2] => 
    [P_NOTI] => 
    [P_AUTH_NO] => 
)

 Array
(
    [PageCall time] => 18:17:45
    [P_TID] => INIMX_VBNKCAEcatca0720260402181422535256
    [P_MID] => CAEcatca07
    [P_AUTH_DT] => 20260402181745
    [P_STATUS] => 02
    [P_TYPE] => VBANK
    [P_OID] => 260402-017
    [P_FN_CD1] => 04
    [P_FN_CD2] => 
    [P_FN_NM] => KB국민은행
    [P_AMT] => 3500
    [P_UNAME] => 백희용
    [P_RMESG1] => P_VACCT_NO=96309078496111|P_EXP_DT=20260412
    [P_RMESG2] => 
    [P_NOTI] => 
    [P_AUTH_NO] => 
)

 Array
(
    [PageCall time] => 19:02:14
    [P_TID] => INIMX_VBNKCAEcatca0720260402190138415660
    [P_MID] => CAEcatca07
    [P_AUTH_DT] => 20260402190214
    [P_STATUS] => 02
    [P_TYPE] => VBANK
    [P_OID] => 260402-021
    [P_FN_CD1] => 11
    [P_FN_CD2] => 
    [P_FN_NM] => NH농협은행
    [P_AMT] => 3500
    [P_UNAME] => 김옥임
    [P_RMESG1] => P_VACCT_NO=79014505273335|P_EXP_DT=20260412
    [P_RMESG2] => 
    [P_NOTI] => 
    [P_AUTH_NO] => 
)

 Array
(
    [PageCall time] => 19:44:24
    [P_TID] => INIMX_VBNKCAEcatca0720260402194135915825
    [P_MID] => CAEcatca07
    [P_AUTH_DT] => 20260402194424
    [P_STATUS] => 02
    [P_TYPE] => VBANK
    [P_OID] => 260402-022
    [P_FN_CD1] => 20
    [P_FN_CD2] => 
    [P_FN_NM] => 우리은행
    [P_AMT] => 3500
    [P_UNAME] => 노성현
    [P_RMESG1] => P_VACCT_NO=61848545618808|P_EXP_DT=20260412
    [P_RMESG2] => 
    [P_NOTI] => 
    [P_AUTH_NO] => 
)

 Array
(
    [PageCall time] => 23:24:59
    [P_TID] => INIMX_VBNKCAEcatca0720260402231945915072
    [P_MID] => CAEcatca07
    [P_AUTH_DT] => 20260402232459
    [P_STATUS] => 02
    [P_TYPE] => VBANK
    [P_OID] => 260402-019
    [P_FN_CD1] => 81
    [P_FN_CD2] => 
    [P_FN_NM] => 하나은행
    [P_AMT] => 3500
    [P_UNAME] => 최은진
    [P_RMESG1] => P_VACCT_NO=20893891038937|P_EXP_DT=20260412
    [P_RMESG2] => 
    [P_NOTI] => 
    [P_AUTH_NO] => 
)

 Array
(
    [PageCall time] => 23:39:24
    [P_TID] => INIMX_VBNKCAEcatca0720260402233650695234
    [P_MID] => CAEcatca07
    [P_AUTH_DT] => 20260402233924
    [P_STATUS] => 02
    [P_TYPE] => VBANK
    [P_OID] => 260402-024
    [P_FN_CD1] => 04
    [P_FN_CD2] => 
    [P_FN_NM] => KB국민은행
    [P_AMT] => 3500
    [P_UNAME] => 김청후
    [P_RMESG1] => P_VACCT_NO=96309078540001|P_EXP_DT=20260412
    [P_RMESG2] => 
    [P_NOTI] => 
    [P_AUTH_NO] => 
)

