 Array
(
    [PageCall time] => 08:05:22
    [P_TID] => INIMX_VBNKCAEcatca0720250909152624645368
    [P_MID] => CAEcatca07
    [P_AUTH_DT] => 20250910080522
    [P_STATUS] => 02
    [P_TYPE] => VBANK
    [P_OID] => 250909-026
    [P_FN_CD1] => 11
    [P_FN_CD2] => 
    [P_FN_NM] => NH농협은행
    [P_AMT] => 3000
    [P_UNAME] => 송윤정
    [P_RMESG1] => P_VACCT_NO=79014505280893|P_EXP_DT=20250919
    [P_RMESG2] => 
    [P_NOTI] => 
    [P_AUTH_NO] => 
)

 Array
(
    [PageCall time] => 08:31:47
    [P_TID] => INIMX_VBNKCAEcatca0720250910083042735784
    [P_MID] => CAEcatca07
    [P_AUTH_DT] => 20250910083147
    [P_STATUS] => 02
    [P_TYPE] => VBANK
    [P_OID] => 250910-001
    [P_FN_CD1] => 11
    [P_FN_CD2] => 
    [P_FN_NM] => NH농협은행
    [P_AMT] => 3000
    [P_UNAME] => 정미숙
    [P_RMESG1] => P_VACCT_NO=79014505341948|P_EXP_DT=20250920
    [P_RMESG2] => 
    [P_NOTI] => 
    [P_AUTH_NO] => 
)

 Array
(
    [PageCall time] => 09:29:46
    [P_TID] => INIMX_VBNKCAEcatca0720250910092617525283
    [P_MID] => CAEcatca07
    [P_AUTH_DT] => 20250910092945
    [P_STATUS] => 02
    [P_TYPE] => VBANK
    [P_OID] => 250910-005
    [P_FN_CD1] => 81
    [P_FN_CD2] => 
    [P_FN_NM] => 하나은행
    [P_AMT] => 3000
    [P_UNAME] => 박민경
    [P_RMESG1] => P_VACCT_NO=20894105218237|P_EXP_DT=20250920
    [P_RMESG2] => 
    [P_NOTI] => 
    [P_AUTH_NO] => 
)

 Array
(
    [PageCall time] => 09:29:55
    [P_TID] => INIMX_VBNKCAEcatca0720250910091905635610
    [P_MID] => CAEcatca07
    [P_AUTH_DT] => 20250910092955
    [P_STATUS] => 02
    [P_TYPE] => VBANK
    [P_OID] => 250910-003
    [P_FN_CD1] => 81
    [P_FN_CD2] => 
    [P_FN_NM] => 하나은행
    [P_AMT] => 3000
    [P_UNAME] => 오지은
    [P_RMESG1] => P_VACCT_NO=20894105143437|P_EXP_DT=20250920
    [P_RMESG2] => 
    [P_NOTI] => 
    [P_AUTH_NO] => 
)

 Array
(
    [PageCall time] => 09:50:31
    [P_TID] => INIMX_VBNKCAEcatca0720250910094950875909
    [P_MID] => CAEcatca07
    [P_AUTH_DT] => 20250910095031
    [P_STATUS] => 02
    [P_TYPE] => VBANK
    [P_OID] => 250910-006
    [P_FN_CD1] => 11
    [P_FN_CD2] => 
    [P_FN_NM] => NH농협은행
    [P_AMT] => 3000
    [P_UNAME] => 박대원
    [P_RMESG1] => P_VACCT_NO=79014505349870|P_EXP_DT=20250920
    [P_RMESG2] => 
    [P_NOTI] => 
    [P_AUTH_NO] => 
)

 Array
(
    [PageCall time] => 10:29:24
    [P_TID] => INIMX_VBNKCAEcatca0720250910102414865164
    [P_MID] => CAEcatca07
    [P_AUTH_DT] => 20250910102924
    [P_STATUS] => 02
    [P_TYPE] => VBANK
    [P_OID] => 250903-028
    [P_FN_CD1] => 03
    [P_FN_CD2] => 
    [P_FN_NM] => 기업은행
    [P_AMT] => 3000
    [P_UNAME] => 오현(아)경로당
    [P_RMESG1] => P_VACCT_NO=07502288097251|P_EXP_DT=20250920
    [P_RMESG2] => 
    [P_NOTI] => 
    [P_AUTH_NO] => 
)

 Array
(
    [PageCall time] => 10:53:24
    [P_TID] => INIMX_VBNKCAEcatca0720250910105025425583
    [P_MID] => CAEcatca07
    [P_AUTH_DT] => 20250910105324
    [P_STATUS] => 02
    [P_TYPE] => VBANK
    [P_OID] => 250910-012
    [P_FN_CD1] => 81
    [P_FN_CD2] => 
    [P_FN_NM] => 하나은행
    [P_AMT] => 3000
    [P_UNAME] => 도혜은
    [P_RMESG1] => P_VACCT_NO=20894106532737|P_EXP_DT=20250920
    [P_RMESG2] => 
    [P_NOTI] => 
    [P_AUTH_NO] => 
)

 Array
(
    [PageCall time] => 11:30:43
    [P_TID] => INIMX_VBNKCAEcatca0720250910112552315911
    [P_MID] => CAEcatca07
    [P_AUTH_DT] => 20250910113043
    [P_STATUS] => 02
    [P_TYPE] => VBANK
    [P_OID] => 250910-016
    [P_FN_CD1] => 71
    [P_FN_CD2] => 
    [P_FN_NM] => 우체국
    [P_AMT] => 3000
    [P_UNAME] => 변한지
    [P_RMESG1] => P_VACCT_NO=01398781077233|P_EXP_DT=20250920
    [P_RMESG2] => 
    [P_NOTI] => 
    [P_AUTH_NO] => 
)

 Array
(
    [PageCall time] => 13:42:35
    [P_TID] => INIMX_VBNKCAEcatca0720250910133952495663
    [P_MID] => CAEcatca07
    [P_AUTH_DT] => 20250910134235
    [P_STATUS] => 02
    [P_TYPE] => VBANK
    [P_OID] => 250910-019
    [P_FN_CD1] => 32
    [P_FN_CD2] => 
    [P_FN_NM] => 부산은행
    [P_AMT] => 3000
    [P_UNAME] => 윤미나
    [P_RMESG1] => P_VACCT_NO=109925858762|P_EXP_DT=20250920
    [P_RMESG2] => 
    [P_NOTI] => 
    [P_AUTH_NO] => 
)

 Array
(
    [PageCall time] => 14:34:09
    [P_TID] => INIMX_VBNKCAEcatca0720250910143315895038
    [P_MID] => CAEcatca07
    [P_AUTH_DT] => 20250910143409
    [P_STATUS] => 02
    [P_TYPE] => VBANK
    [P_OID] => 250910-027
    [P_FN_CD1] => 11
    [P_FN_CD2] => 
    [P_FN_NM] => NH농협은행
    [P_AMT] => 3000
    [P_UNAME] => 정혜인
    [P_RMESG1] => P_VACCT_NO=79014505390728|P_EXP_DT=20250920
    [P_RMESG2] => 
    [P_NOTI] => 
    [P_AUTH_NO] => 
)

 Array
(
    [PageCall time] => 14:36:15
    [P_TID] => INIMX_VBNKCAEcatca0720250910142148575175
    [P_MID] => CAEcatca07
    [P_AUTH_DT] => 20250910143615
    [P_STATUS] => 02
    [P_TYPE] => VBANK
    [P_OID] => 250910-025
    [P_FN_CD1] => 03
    [P_FN_CD2] => 
    [P_FN_NM] => 기업은행
    [P_AMT] => 3000
    [P_UNAME] => 신용운
    [P_RMESG1] => P_VACCT_NO=07502291397408|P_EXP_DT=20250920
    [P_RMESG2] => 
    [P_NOTI] => 
    [P_AUTH_NO] => 
)

 Array
(
    [PageCall time] => 15:43:51
    [P_TID] => INIMX_VBNKCAEcatca0720250910154056375713
    [P_MID] => CAEcatca07
    [P_AUTH_DT] => 20250910154351
    [P_STATUS] => 02
    [P_TYPE] => VBANK
    [P_OID] => 250910-030
    [P_FN_CD1] => 04
    [P_FN_CD2] => 
    [P_FN_NM] => KB국민은행
    [P_AMT] => 3000
    [P_UNAME] => 오정화
    [P_RMESG1] => P_VACCT_NO=80429078793700|P_EXP_DT=20250920
    [P_RMESG2] => 
    [P_NOTI] => 
    [P_AUTH_NO] => 
)

 Array
(
    [PageCall time] => 15:46:37
    [P_TID] => INIMX_VBNKCAEcatca0720250910154207355030
    [P_MID] => CAEcatca07
    [P_AUTH_DT] => 20250910154637
    [P_STATUS] => 02
    [P_TYPE] => VBANK
    [P_OID] => 250910-029
    [P_FN_CD1] => 04
    [P_FN_CD2] => 
    [P_FN_NM] => KB국민은행
    [P_AMT] => 3000
    [P_UNAME] => 서금숙
    [P_RMESG1] => P_VACCT_NO=80429078794116|P_EXP_DT=20250920
    [P_RMESG2] => 
    [P_NOTI] => 
    [P_AUTH_NO] => 
)

 Array
(
    [PageCall time] => 16:07:13
    [P_TID] => INIMX_VBNKCAEcatca0720250910160423305518
    [P_MID] => CAEcatca07
    [P_AUTH_DT] => 20250910160713
    [P_STATUS] => 02
    [P_TYPE] => VBANK
    [P_OID] => 250910-031
    [P_FN_CD1] => 04
    [P_FN_CD2] => 
    [P_FN_NM] => KB국민은행
    [P_AMT] => 3000
    [P_UNAME] => 이지륜
    [P_RMESG1] => P_VACCT_NO=80429078798606|P_EXP_DT=20250920
    [P_RMESG2] => 
    [P_NOTI] => 
    [P_AUTH_NO] => 
)

 Array
(
    [PageCall time] => 16:26:08
    [P_TID] => INIMX_VBNKCAEcatca0720250910161858175792
    [P_MID] => CAEcatca07
    [P_AUTH_DT] => 20250910162608
    [P_STATUS] => 02
    [P_TYPE] => VBANK
    [P_OID] => 250910-033
    [P_FN_CD1] => 04
    [P_FN_CD2] => 
    [P_FN_NM] => KB국민은행
    [P_AMT] => 3000
    [P_UNAME] => 라하프케어 주식회사
    [P_RMESG1] => P_VACCT_NO=80429078801568|P_EXP_DT=20250920
    [P_RMESG2] => 
    [P_NOTI] => 
    [P_AUTH_NO] => 
)

 Array
(
    [PageCall time] => 17:44:23
    [P_TID] => INIMX_VBNKCAEcatca0720250910174120265916
    [P_MID] => CAEcatca07
    [P_AUTH_DT] => 20250910174423
    [P_STATUS] => 02
    [P_TYPE] => VBANK
    [P_OID] => 250910-039
    [P_FN_CD1] => 04
    [P_FN_CD2] => 
    [P_FN_NM] => KB국민은행
    [P_AMT] => 3000
    [P_UNAME] => 김경화
    [P_RMESG1] => P_VACCT_NO=80429078819260|P_EXP_DT=20250920
    [P_RMESG2] => 
    [P_NOTI] => 
    [P_AUTH_NO] => 
)

 Array
(
    [PageCall time] => 17:46:27
    [P_TID] => INIMX_VBNKCAEcatca0720250910174210325012
    [P_MID] => CAEcatca07
    [P_AUTH_DT] => 20250910174627
    [P_STATUS] => 02
    [P_TYPE] => VBANK
    [P_OID] => 250910-032
    [P_FN_CD1] => 04
    [P_FN_CD2] => 
    [P_FN_NM] => KB국민은행
    [P_AMT] => 3000
    [P_UNAME] => 이주영
    [P_RMESG1] => P_VACCT_NO=80429078819426|P_EXP_DT=20250920
    [P_RMESG2] => 
    [P_NOTI] => 
    [P_AUTH_NO] => 
)

 Array
(
    [PageCall time] => 18:26:50
    [P_TID] => INIMX_VBNKCAEcatca0720250909153341185042
    [P_MID] => CAEcatca07
    [P_AUTH_DT] => 20250910182650
    [P_STATUS] => 02
    [P_TYPE] => VBANK
    [P_OID] => 250909-028
    [P_FN_CD1] => 88
    [P_FN_CD2] => 
    [P_FN_NM] => 신한은행
    [P_AMT] => 3000
    [P_UNAME] => 고미경
    [P_RMESG1] => P_VACCT_NO=56211992860588|P_EXP_DT=20250919
    [P_RMESG2] => 
    [P_NOTI] => 
    [P_AUTH_NO] => 
)

 Array
(
    [PageCall time] => 19:33:40
    [P_TID] => INIMX_VBNKCAEcatca0720250910193014555937
    [P_MID] => CAEcatca07
    [P_AUTH_DT] => 20250910193340
    [P_STATUS] => 02
    [P_TYPE] => VBANK
    [P_OID] => 250910-042
    [P_FN_CD1] => 04
    [P_FN_CD2] => 
    [P_FN_NM] => KB국민은행
    [P_AMT] => 3000
    [P_UNAME] => 김광석
    [P_RMESG1] => P_VACCT_NO=80429078830346|P_EXP_DT=20250920
    [P_RMESG2] => 
    [P_NOTI] => 
    [P_AUTH_NO] => 
)

 Array
(
    [PageCall time] => 20:41:18
    [P_TID] => INIMX_VBNKCAEcatca0720250910203840595646
    [P_MID] => CAEcatca07
    [P_AUTH_DT] => 20250910204118
    [P_STATUS] => 02
    [P_TYPE] => VBANK
    [P_OID] => 250910-043
    [P_FN_CD1] => 04
    [P_FN_CD2] => 
    [P_FN_NM] => KB국민은행
    [P_AMT] => 3000
    [P_UNAME] => 정연웅
    [P_RMESG1] => P_VACCT_NO=80429078835408|P_EXP_DT=20250920
    [P_RMESG2] => 
    [P_NOTI] => 
    [P_AUTH_NO] => 
)

