 Array
(
    [PageCall time] => 08:41:19
    [P_TID] => INIMX_VBNKCAEcatca0720251128083834805355
    [P_MID] => CAEcatca07
    [P_AUTH_DT] => 20251128084119
    [P_STATUS] => 02
    [P_TYPE] => VBANK
    [P_OID] => 251128-001
    [P_FN_CD1] => 04
    [P_FN_CD2] => 
    [P_FN_NM] => KB국민은행
    [P_AMT] => 3000
    [P_UNAME] => 조아란
    [P_RMESG1] => P_VACCT_NO=39319011069607|P_EXP_DT=20251208
    [P_RMESG2] => 
    [P_NOTI] => 
    [P_AUTH_NO] => 
)

 Array
(
    [PageCall time] => 08:54:45
    [P_TID] => INIMX_VBNKCAEcatca0720251128085343555094
    [P_MID] => CAEcatca07
    [P_AUTH_DT] => 20251128085445
    [P_STATUS] => 02
    [P_TYPE] => VBANK
    [P_OID] => 251127-032
    [P_FN_CD1] => 11
    [P_FN_CD2] => 
    [P_FN_NM] => NH농협은행
    [P_AMT] => 3000
    [P_UNAME] => 목진희
    [P_RMESG1] => P_VACCT_NO=79015903878619|P_EXP_DT=20251208
    [P_RMESG2] => 
    [P_NOTI] => 
    [P_AUTH_NO] => 
)

 Array
(
    [PageCall time] => 10:19:32
    [P_TID] => INIMX_VBNKCAEcatca0720251128101657825523
    [P_MID] => CAEcatca07
    [P_AUTH_DT] => 20251128101932
    [P_STATUS] => 02
    [P_TYPE] => VBANK
    [P_OID] => 251128-004
    [P_FN_CD1] => 88
    [P_FN_CD2] => 
    [P_FN_NM] => 신한은행
    [P_AMT] => 3000
    [P_UNAME] => 송봉호
    [P_RMESG1] => P_VACCT_NO=56211106461936|P_EXP_DT=20251208
    [P_RMESG2] => 
    [P_NOTI] => 
    [P_AUTH_NO] => 
)

 Array
(
    [PageCall time] => 10:34:25
    [P_TID] => INIMX_VBNKCAEcatca0720251128103131405743
    [P_MID] => CAEcatca07
    [P_AUTH_DT] => 20251128103425
    [P_STATUS] => 02
    [P_TYPE] => VBANK
    [P_OID] => 251128-002
    [P_FN_CD1] => 03
    [P_FN_CD2] => 
    [P_FN_NM] => 기업은행
    [P_AMT] => 3000
    [P_UNAME] => 이진수
    [P_RMESG1] => P_VACCT_NO=07504330297570|P_EXP_DT=20251208
    [P_RMESG2] => 
    [P_NOTI] => 
    [P_AUTH_NO] => 
)

 Array
(
    [PageCall time] => 10:44:07
    [P_TID] => INIMX_VBNKCAEcatca0720251128104129975222
    [P_MID] => CAEcatca07
    [P_AUTH_DT] => 20251128104407
    [P_STATUS] => 02
    [P_TYPE] => VBANK
    [P_OID] => 251128-005
    [P_FN_CD1] => 88
    [P_FN_CD2] => 
    [P_FN_NM] => 신한은행
    [P_AMT] => 3000
    [P_UNAME] => 방선호
    [P_RMESG1] => P_VACCT_NO=56211106463626|P_EXP_DT=20251208
    [P_RMESG2] => 
    [P_NOTI] => 
    [P_AUTH_NO] => 
)

 Array
(
    [PageCall time] => 10:54:42
    [P_TID] => INIMX_VBNKCAEcatca0720251128105145335799
    [P_MID] => CAEcatca07
    [P_AUTH_DT] => 20251128105442
    [P_STATUS] => 02
    [P_TYPE] => VBANK
    [P_OID] => 251128-007
    [P_FN_CD1] => 88
    [P_FN_CD2] => 
    [P_FN_NM] => 신한은행
    [P_AMT] => 3000
    [P_UNAME] => 오산역이편한세상2단지
    [P_RMESG1] => P_VACCT_NO=56211106465068|P_EXP_DT=20251208
    [P_RMESG2] => 
    [P_NOTI] => 
    [P_AUTH_NO] => 
)

 Array
(
    [PageCall time] => 11:17:36
    [P_TID] => INIMX_VBNKCAEcatca0720251128111345875498
    [P_MID] => CAEcatca07
    [P_AUTH_DT] => 20251128111735
    [P_STATUS] => 02
    [P_TYPE] => VBANK
    [P_OID] => 251128-008
    [P_FN_CD1] => 03
    [P_FN_CD2] => 
    [P_FN_NM] => 기업은행
    [P_AMT] => 3000
    [P_UNAME] => 전영기
    [P_RMESG1] => P_VACCT_NO=07502320197170|P_EXP_DT=20251208
    [P_RMESG2] => 
    [P_NOTI] => 
    [P_AUTH_NO] => 
)

 Array
(
    [PageCall time] => 13:52:12
    [P_TID] => INIMX_VBNKCAEcatca0720251128134831405140
    [P_MID] => CAEcatca07
    [P_AUTH_DT] => 20251128135212
    [P_STATUS] => 02
    [P_TYPE] => VBANK
    [P_OID] => 251128-011
    [P_FN_CD1] => 04
    [P_FN_CD2] => 
    [P_FN_NM] => KB국민은행
    [P_AMT] => 3000
    [P_UNAME] => 강현주
    [P_RMESG1] => P_VACCT_NO=26029078094353|P_EXP_DT=20251208
    [P_RMESG2] => 
    [P_NOTI] => 
    [P_AUTH_NO] => 
)

 Array
(
    [PageCall time] => 13:54:21
    [P_TID] => INIMX_VBNKCAEcatca0720251128135144405768
    [P_MID] => CAEcatca07
    [P_AUTH_DT] => 20251128135421
    [P_STATUS] => 02
    [P_TYPE] => VBANK
    [P_OID] => 251128-012
    [P_FN_CD1] => 04
    [P_FN_CD2] => 
    [P_FN_NM] => KB국민은행
    [P_AMT] => 3000
    [P_UNAME] => 김병호
    [P_RMESG1] => P_VACCT_NO=26029078097309|P_EXP_DT=20251208
    [P_RMESG2] => 
    [P_NOTI] => 
    [P_AUTH_NO] => 
)

 Array
(
    [PageCall time] => 14:24:10
    [P_TID] => INIMX_VBNKCAEcatca0720251128142110125824
    [P_MID] => CAEcatca07
    [P_AUTH_DT] => 20251128142410
    [P_STATUS] => 02
    [P_TYPE] => VBANK
    [P_OID] => 251128-014
    [P_FN_CD1] => 88
    [P_FN_CD2] => 
    [P_FN_NM] => 신한은행
    [P_AMT] => 3000
    [P_UNAME] => 김윤진
    [P_RMESG1] => P_VACCT_NO=56211106480953|P_EXP_DT=20251208
    [P_RMESG2] => 
    [P_NOTI] => 
    [P_AUTH_NO] => 
)

 Array
(
    [PageCall time] => 15:30:51
    [P_TID] => INIMX_VBNKCAEcatca0720251128152807815393
    [P_MID] => CAEcatca07
    [P_AUTH_DT] => 20251128153051
    [P_STATUS] => 02
    [P_TYPE] => VBANK
    [P_OID] => 251128-017
    [P_FN_CD1] => 88
    [P_FN_CD2] => 
    [P_FN_NM] => 신한은행
    [P_AMT] => 3000
    [P_UNAME] => 박응용
    [P_RMESG1] => P_VACCT_NO=56211106488067|P_EXP_DT=20251208
    [P_RMESG2] => 
    [P_NOTI] => 
    [P_AUTH_NO] => 
)

 Array
(
    [PageCall time] => 16:19:28
    [P_TID] => INIMX_VBNKCAEcatca0720251128161643145976
    [P_MID] => CAEcatca07
    [P_AUTH_DT] => 20251128161928
    [P_STATUS] => 02
    [P_TYPE] => VBANK
    [P_OID] => 251128-018
    [P_FN_CD1] => 88
    [P_FN_CD2] => 
    [P_FN_NM] => 신한은행
    [P_AMT] => 3000
    [P_UNAME] => 박재성
    [P_RMESG1] => P_VACCT_NO=56211106493444|P_EXP_DT=20251208
    [P_RMESG2] => 
    [P_NOTI] => 
    [P_AUTH_NO] => 
)

 Array
(
    [PageCall time] => 16:31:36
    [P_TID] => INIMX_VBNKCAEcatca0720251128162735875306
    [P_MID] => CAEcatca07
    [P_AUTH_DT] => 20251128163136
    [P_STATUS] => 02
    [P_TYPE] => VBANK
    [P_OID] => 251128-019
    [P_FN_CD1] => 04
    [P_FN_CD2] => 
    [P_FN_NM] => KB국민은행
    [P_AMT] => 3000
    [P_UNAME] => 강정현
    [P_RMESG1] => P_VACCT_NO=44319079129952|P_EXP_DT=20251208
    [P_RMESG2] => 
    [P_NOTI] => 
    [P_AUTH_NO] => 
)

