 Array
(
    [PageCall time] => 10:23:54
    [P_TID] => INIMX_VBNKCAEcatca0720250606102303665267
    [P_MID] => CAEcatca07
    [P_AUTH_DT] => 20250606102354
    [P_STATUS] => 02
    [P_TYPE] => VBANK
    [P_OID] => 250606-002
    [P_FN_CD1] => 04
    [P_FN_CD2] => 
    [P_FN_NM] => KB국민은행
    [P_AMT] => 3000
    [P_UNAME] => 양효원
    [P_RMESG1] => P_VACCT_NO=26119078314218|P_EXP_DT=20250616
    [P_RMESG2] => 
    [P_NOTI] => 
    [P_AUTH_NO] => 
)

 Array
(
    [PageCall time] => 10:56:18
    [P_TID] => INIMX_VBNKCAEcatca0720250606105539405514
    [P_MID] => CAEcatca07
    [P_AUTH_DT] => 20250606105618
    [P_STATUS] => 02
    [P_TYPE] => VBANK
    [P_OID] => 250606-003
    [P_FN_CD1] => 04
    [P_FN_CD2] => 
    [P_FN_NM] => KB국민은행
    [P_AMT] => 3000
    [P_UNAME] => 박금영
    [P_RMESG1] => P_VACCT_NO=26119078372816|P_EXP_DT=20250616
    [P_RMESG2] => 
    [P_NOTI] => 
    [P_AUTH_NO] => 
)

 Array
(
    [PageCall time] => 11:16:40
    [P_TID] => INIMX_VBNKCAEcatca0720250606111351225912
    [P_MID] => CAEcatca07
    [P_AUTH_DT] => 20250606111640
    [P_STATUS] => 02
    [P_TYPE] => VBANK
    [P_OID] => 250606-004
    [P_FN_CD1] => 32
    [P_FN_CD2] => 
    [P_FN_NM] => 부산은행
    [P_AMT] => 3000
    [P_UNAME] => 김재형
    [P_RMESG1] => P_VACCT_NO=109924694878|P_EXP_DT=20250616
    [P_RMESG2] => 
    [P_NOTI] => 
    [P_AUTH_NO] => 
)

 Array
(
    [PageCall time] => 11:28:48
    [P_TID] => INIMX_VBNKCAEcatca0720250606112642475627
    [P_MID] => CAEcatca07
    [P_AUTH_DT] => 20250606112848
    [P_STATUS] => 02
    [P_TYPE] => VBANK
    [P_OID] => 250606-005
    [P_FN_CD1] => 11
    [P_FN_CD2] => 
    [P_FN_NM] => NH농협은행
    [P_AMT] => 3000
    [P_UNAME] => 최형윤
    [P_RMESG1] => P_VACCT_NO=79010587417009|P_EXP_DT=20250616
    [P_RMESG2] => 
    [P_NOTI] => 
    [P_AUTH_NO] => 
)

 Array
(
    [PageCall time] => 11:51:24
    [P_TID] => INIMX_VBNKCAEcatca0720250606114842105672
    [P_MID] => CAEcatca07
    [P_AUTH_DT] => 20250606115124
    [P_STATUS] => 02
    [P_TYPE] => VBANK
    [P_OID] => 250606-006
    [P_FN_CD1] => 81
    [P_FN_CD2] => 
    [P_FN_NM] => 하나은행
    [P_AMT] => 3000
    [P_UNAME] => 임진희
    [P_RMESG1] => P_VACCT_NO=20894059156237|P_EXP_DT=20250616
    [P_RMESG2] => 
    [P_NOTI] => 
    [P_AUTH_NO] => 
)

 Array
(
    [PageCall time] => 12:20:15
    [P_TID] => INIMX_VBNKCAEcatca0720250606121705195881
    [P_MID] => CAEcatca07
    [P_AUTH_DT] => 20250606122015
    [P_STATUS] => 02
    [P_TYPE] => VBANK
    [P_OID] => 250606-001
    [P_FN_CD1] => 81
    [P_FN_CD2] => 
    [P_FN_NM] => 하나은행
    [P_AMT] => 3000
    [P_UNAME] => 황성주
    [P_RMESG1] => P_VACCT_NO=20894059222337|P_EXP_DT=20250616
    [P_RMESG2] => 
    [P_NOTI] => 
    [P_AUTH_NO] => 
)

 Array
(
    [PageCall time] => 20:36:36
    [P_TID] => INIMX_VBNKCAEcatca0720250606203400335843
    [P_MID] => CAEcatca07
    [P_AUTH_DT] => 20250606203636
    [P_STATUS] => 02
    [P_TYPE] => VBANK
    [P_OID] => 250606-008
    [P_FN_CD1] => 88
    [P_FN_CD2] => 
    [P_FN_NM] => 신한은행
    [P_AMT] => 3000
    [P_UNAME] => 서형국
    [P_RMESG1] => P_VACCT_NO=56211104261836|P_EXP_DT=20250616
    [P_RMESG2] => 
    [P_NOTI] => 
    [P_AUTH_NO] => 
)

