 Array
(
    [PageCall time] => 09:25:44
    [P_TID] => INIMX_VBNKCAEcatca0720251027092301355907
    [P_MID] => CAEcatca07
    [P_AUTH_DT] => 20251027092544
    [P_STATUS] => 02
    [P_TYPE] => VBANK
    [P_OID] => 251027-001
    [P_FN_CD1] => 04
    [P_FN_CD2] => 
    [P_FN_NM] => KB국민은행
    [P_AMT] => 3000
    [P_UNAME] => 심인섭
    [P_RMESG1] => P_VACCT_NO=53209079392452|P_EXP_DT=20251106
    [P_RMESG2] => 
    [P_NOTI] => 
    [P_AUTH_NO] => 
)

 Array
(
    [PageCall time] => 09:30:51
    [P_TID] => INIMX_VBNKCAEcatca0720251027092742675023
    [P_MID] => CAEcatca07
    [P_AUTH_DT] => 20251027093051
    [P_STATUS] => 02
    [P_TYPE] => VBANK
    [P_OID] => 251027-002
    [P_FN_CD1] => 32
    [P_FN_CD2] => 
    [P_FN_NM] => 부산은행
    [P_AMT] => 3000
    [P_UNAME] => 백미정
    [P_RMESG1] => P_VACCT_NO=109924174549|P_EXP_DT=20251106
    [P_RMESG2] => 
    [P_NOTI] => 
    [P_AUTH_NO] => 
)

 Array
(
    [PageCall time] => 10:01:28
    [P_TID] => INIMX_VBNKCAEcatca0720251024153747455794
    [P_MID] => CAEcatca07
    [P_AUTH_DT] => 20251027100128
    [P_STATUS] => 02
    [P_TYPE] => VBANK
    [P_OID] => 251024-018
    [P_FN_CD1] => 11
    [P_FN_CD2] => 
    [P_FN_NM] => NH농협은행
    [P_AMT] => 3000
    [P_UNAME] => 이정수
    [P_RMESG1] => P_VACCT_NO=79014509565419|P_EXP_DT=20251103
    [P_RMESG2] => 
    [P_NOTI] => 
    [P_AUTH_NO] => 
)

 Array
(
    [PageCall time] => 10:21:43
    [P_TID] => INIMX_VBNKCAEcatca0720251027101735585437
    [P_MID] => CAEcatca07
    [P_AUTH_DT] => 20251027102143
    [P_STATUS] => 02
    [P_TYPE] => VBANK
    [P_OID] => 251027-003
    [P_FN_CD1] => 04
    [P_FN_CD2] => 
    [P_FN_NM] => KB국민은행
    [P_AMT] => 3000
    [P_UNAME] => 문대규
    [P_RMESG1] => P_VACCT_NO=88009011576375|P_EXP_DT=20251106
    [P_RMESG2] => 
    [P_NOTI] => 
    [P_AUTH_NO] => 
)

 Array
(
    [PageCall time] => 10:28:54
    [P_TID] => INIMX_VBNKCAEcatca0720251027102543685162
    [P_MID] => CAEcatca07
    [P_AUTH_DT] => 20251027102854
    [P_STATUS] => 02
    [P_TYPE] => VBANK
    [P_OID] => 251027-004
    [P_FN_CD1] => 88
    [P_FN_CD2] => 
    [P_FN_NM] => 신한은행
    [P_AMT] => 3000
    [P_UNAME] => 이예지
    [P_RMESG1] => P_VACCT_NO=56211103839821|P_EXP_DT=20251106
    [P_RMESG2] => 
    [P_NOTI] => 
    [P_AUTH_NO] => 
)

 Array
(
    [PageCall time] => 10:50:35
    [P_TID] => INIMX_VBNKCAEcatca0720251027104801525090
    [P_MID] => CAEcatca07
    [P_AUTH_DT] => 20251027105035
    [P_STATUS] => 02
    [P_TYPE] => VBANK
    [P_OID] => 251027-008
    [P_FN_CD1] => 88
    [P_FN_CD2] => 
    [P_FN_NM] => 신한은행
    [P_AMT] => 3000
    [P_UNAME] => 조민혜
    [P_RMESG1] => P_VACCT_NO=56211103975474|P_EXP_DT=20251106
    [P_RMESG2] => 
    [P_NOTI] => 
    [P_AUTH_NO] => 
)

 Array
(
    [PageCall time] => 10:52:29
    [P_TID] => INIMX_VBNKCAEcatca0720251027104836735157
    [P_MID] => CAEcatca07
    [P_AUTH_DT] => 20251027105229
    [P_STATUS] => 02
    [P_TYPE] => VBANK
    [P_OID] => 251027-006
    [P_FN_CD1] => 04
    [P_FN_CD2] => 
    [P_FN_NM] => KB국민은행
    [P_AMT] => 3000
    [P_UNAME] => 강문숙
    [P_RMESG1] => P_VACCT_NO=91229079017089|P_EXP_DT=20251106
    [P_RMESG2] => 
    [P_NOTI] => 
    [P_AUTH_NO] => 
)

 Array
(
    [PageCall time] => 10:54:17
    [P_TID] => INIMX_VBNKCAEcatca0720251027104906575629
    [P_MID] => CAEcatca07
    [P_AUTH_DT] => 20251027105417
    [P_STATUS] => 02
    [P_TYPE] => VBANK
    [P_OID] => 251027-007
    [P_FN_CD1] => 03
    [P_FN_CD2] => 
    [P_FN_NM] => 기업은행
    [P_AMT] => 3000
    [P_UNAME] => 이선민
    [P_RMESG1] => P_VACCT_NO=07503239397446|P_EXP_DT=20251106
    [P_RMESG2] => 
    [P_NOTI] => 
    [P_AUTH_NO] => 
)

 Array
(
    [PageCall time] => 11:28:37
    [P_TID] => INIMX_VBNKCAEcatca0720251027112233195328
    [P_MID] => CAEcatca07
    [P_AUTH_DT] => 20251027112836
    [P_STATUS] => 02
    [P_TYPE] => VBANK
    [P_OID] => 251027-014
    [P_FN_CD1] => 88
    [P_FN_CD2] => 
    [P_FN_NM] => 신한은행
    [P_AMT] => 3000
    [P_UNAME] => 최현미
    [P_RMESG1] => P_VACCT_NO=56211104337350|P_EXP_DT=20251106
    [P_RMESG2] => 
    [P_NOTI] => 
    [P_AUTH_NO] => 
)

 Array
(
    [PageCall time] => 11:32:08
    [P_TID] => INIMX_VBNKCAEcatca0720251027113046285193
    [P_MID] => CAEcatca07
    [P_AUTH_DT] => 20251027113208
    [P_STATUS] => 02
    [P_TYPE] => VBANK
    [P_OID] => 251026-010
    [P_FN_CD1] => 11
    [P_FN_CD2] => 
    [P_FN_NM] => NH농협은행
    [P_AMT] => 3000
    [P_UNAME] => 손선혜
    [P_RMESG1] => P_VACCT_NO=79015899686788|P_EXP_DT=20251106
    [P_RMESG2] => 
    [P_NOTI] => 
    [P_AUTH_NO] => 
)

 Array
(
    [PageCall time] => 11:36:59
    [P_TID] => INIMX_VBNKCAEcatca0720251027113400875475
    [P_MID] => CAEcatca07
    [P_AUTH_DT] => 20251027113659
    [P_STATUS] => 02
    [P_TYPE] => VBANK
    [P_OID] => 251027-018
    [P_FN_CD1] => 03
    [P_FN_CD2] => 
    [P_FN_NM] => 기업은행
    [P_AMT] => 3000
    [P_UNAME] => 원윤식
    [P_RMESG1] => P_VACCT_NO=07503239897622|P_EXP_DT=20251106
    [P_RMESG2] => 
    [P_NOTI] => 
    [P_AUTH_NO] => 
)

 Array
(
    [PageCall time] => 12:32:04
    [P_TID] => INIMX_VBNKCAEcatca0720251027123016355284
    [P_MID] => CAEcatca07
    [P_AUTH_DT] => 20251027123204
    [P_STATUS] => 02
    [P_TYPE] => VBANK
    [P_OID] => 251027-009
    [P_FN_CD1] => 11
    [P_FN_CD2] => 
    [P_FN_NM] => NH농협은행
    [P_AMT] => 3000
    [P_UNAME] => 서연숙
    [P_RMESG1] => P_VACCT_NO=79015899695390|P_EXP_DT=20251106
    [P_RMESG2] => 
    [P_NOTI] => 
    [P_AUTH_NO] => 
)

 Array
(
    [PageCall time] => 13:26:34
    [P_TID] => INIMX_VBNKCAEcatca0720251027131750995087
    [P_MID] => CAEcatca07
    [P_AUTH_DT] => 20251027132634
    [P_STATUS] => 02
    [P_TYPE] => VBANK
    [P_OID] => 251027-021
    [P_FN_CD1] => 11
    [P_FN_CD2] => 
    [P_FN_NM] => NH농협은행
    [P_AMT] => 3000
    [P_UNAME] => 정혜숙
    [P_RMESG1] => P_VACCT_NO=79015899701492|P_EXP_DT=20251106
    [P_RMESG2] => 
    [P_NOTI] => 
    [P_AUTH_NO] => 
)

 Array
(
    [PageCall time] => 13:29:22
    [P_TID] => INIMX_VBNKCAEcatca0720251027131747185337
    [P_MID] => CAEcatca07
    [P_AUTH_DT] => 20251027132922
    [P_STATUS] => 02
    [P_TYPE] => VBANK
    [P_OID] => 251027-020
    [P_FN_CD1] => 88
    [P_FN_CD2] => 
    [P_FN_NM] => 신한은행
    [P_AMT] => 3000
    [P_UNAME] => 도민옥
    [P_RMESG1] => P_VACCT_NO=56211104890625|P_EXP_DT=20251106
    [P_RMESG2] => 
    [P_NOTI] => 
    [P_AUTH_NO] => 
)

 Array
(
    [PageCall time] => 13:30:04
    [P_TID] => INIMX_VBNKCAEcatca0720251027132719935139
    [P_MID] => CAEcatca07
    [P_AUTH_DT] => 20251027133004
    [P_STATUS] => 02
    [P_TYPE] => VBANK
    [P_OID] => 251027-022
    [P_FN_CD1] => 04
    [P_FN_CD2] => 
    [P_FN_NM] => KB국민은행
    [P_AMT] => 3000
    [P_UNAME] => 심인섭
    [P_RMESG1] => P_VACCT_NO=96569078460301|P_EXP_DT=20251106
    [P_RMESG2] => 
    [P_NOTI] => 
    [P_AUTH_NO] => 
)

 Array
(
    [PageCall time] => 13:30:39
    [P_TID] => INIMX_VBNKCAEcatca0720251027132856155395
    [P_MID] => CAEcatca07
    [P_AUTH_DT] => 20251027133039
    [P_STATUS] => 02
    [P_TYPE] => VBANK
    [P_OID] => 251027-023
    [P_FN_CD1] => 11
    [P_FN_CD2] => 
    [P_FN_NM] => NH농협은행
    [P_AMT] => 3000
    [P_UNAME] => 임언욱
    [P_RMESG1] => P_VACCT_NO=79015899703804|P_EXP_DT=20251106
    [P_RMESG2] => 
    [P_NOTI] => 
    [P_AUTH_NO] => 
)

 Array
(
    [PageCall time] => 13:52:12
    [P_TID] => INIMX_VBNKCAEcatca0720251027134845475408
    [P_MID] => CAEcatca07
    [P_AUTH_DT] => 20251027135212
    [P_STATUS] => 02
    [P_TYPE] => VBANK
    [P_OID] => 251027-026
    [P_FN_CD1] => 81
    [P_FN_CD2] => 
    [P_FN_NM] => 하나은행
    [P_AMT] => 3000
    [P_UNAME] => 김정미
    [P_RMESG1] => P_VACCT_NO=20893913524337|P_EXP_DT=20251106
    [P_RMESG2] => 
    [P_NOTI] => 
    [P_AUTH_NO] => 
)

 Array
(
    [PageCall time] => 15:14:10
    [P_TID] => INIMX_VBNKCAEcatca0720251027151129535207
    [P_MID] => CAEcatca07
    [P_AUTH_DT] => 20251027151410
    [P_STATUS] => 02
    [P_TYPE] => VBANK
    [P_OID] => 251027-030
    [P_FN_CD1] => 88
    [P_FN_CD2] => 
    [P_FN_NM] => 신한은행
    [P_AMT] => 3000
    [P_UNAME] => 김민정
    [P_RMESG1] => P_VACCT_NO=56211104489429|P_EXP_DT=20251106
    [P_RMESG2] => 
    [P_NOTI] => 
    [P_AUTH_NO] => 
)

 Array
(
    [PageCall time] => 15:28:49
    [P_TID] => INIMX_VBNKCAEcatca0720251027152530455438
    [P_MID] => CAEcatca07
    [P_AUTH_DT] => 20251027152849
    [P_STATUS] => 02
    [P_TYPE] => VBANK
    [P_OID] => 251027-032
    [P_FN_CD1] => 88
    [P_FN_CD2] => 
    [P_FN_NM] => 신한은행
    [P_AMT] => 3000
    [P_UNAME] => 신은진
    [P_RMESG1] => P_VACCT_NO=56211104491742|P_EXP_DT=20251106
    [P_RMESG2] => 
    [P_NOTI] => 
    [P_AUTH_NO] => 
)

 Array
(
    [PageCall time] => 16:09:42
    [P_TID] => INIMX_VBNKCAEcatca0720251027160647395653
    [P_MID] => CAEcatca07
    [P_AUTH_DT] => 20251027160942
    [P_STATUS] => 02
    [P_TYPE] => VBANK
    [P_OID] => 251027-033
    [P_FN_CD1] => 88
    [P_FN_CD2] => 
    [P_FN_NM] => 신한은행
    [P_AMT] => 3000
    [P_UNAME] => 조하영
    [P_RMESG1] => P_VACCT_NO=56211104496394|P_EXP_DT=20251106
    [P_RMESG2] => 
    [P_NOTI] => 
    [P_AUTH_NO] => 
)

 Array
(
    [PageCall time] => 16:36:56
    [P_TID] => INIMX_VBNKCAEcatca0720251027163410395852
    [P_MID] => CAEcatca07
    [P_AUTH_DT] => 20251027163656
    [P_STATUS] => 02
    [P_TYPE] => VBANK
    [P_OID] => 251027-036
    [P_FN_CD1] => 04
    [P_FN_CD2] => 
    [P_FN_NM] => KB국민은행
    [P_AMT] => 3000
    [P_UNAME] => 전승태
    [P_RMESG1] => P_VACCT_NO=96569078514217|P_EXP_DT=20251106
    [P_RMESG2] => 
    [P_NOTI] => 
    [P_AUTH_NO] => 
)

 Array
(
    [PageCall time] => 16:48:29
    [P_TID] => INIMX_VBNKCAEcatca0720251027164738365091
    [P_MID] => CAEcatca07
    [P_AUTH_DT] => 20251027164829
    [P_STATUS] => 02
    [P_TYPE] => VBANK
    [P_OID] => 251027-038
    [P_FN_CD1] => 11
    [P_FN_CD2] => 
    [P_FN_NM] => NH농협은행
    [P_AMT] => 3000
    [P_UNAME] => 김정희
    [P_RMESG1] => P_VACCT_NO=79015899748095|P_EXP_DT=20251106
    [P_RMESG2] => 
    [P_NOTI] => 
    [P_AUTH_NO] => 
)

 Array
(
    [PageCall time] => 16:48:33
    [P_TID] => INIMX_VBNKCAEcatca0720251027164552705005
    [P_MID] => CAEcatca07
    [P_AUTH_DT] => 20251027164833
    [P_STATUS] => 02
    [P_TYPE] => VBANK
    [P_OID] => 251027-037
    [P_FN_CD1] => 88
    [P_FN_CD2] => 
    [P_FN_NM] => 신한은행
    [P_AMT] => 3000
    [P_UNAME] => 김혜란
    [P_RMESG1] => P_VACCT_NO=56211104501170|P_EXP_DT=20251106
    [P_RMESG2] => 
    [P_NOTI] => 
    [P_AUTH_NO] => 
)

 Array
(
    [PageCall time] => 17:07:00
    [P_TID] => INIMX_VBNKCAEcatca0720251027170406215196
    [P_MID] => CAEcatca07
    [P_AUTH_DT] => 20251027170700
    [P_STATUS] => 02
    [P_TYPE] => VBANK
    [P_OID] => 251027-039
    [P_FN_CD1] => 81
    [P_FN_CD2] => 
    [P_FN_NM] => 하나은행
    [P_AMT] => 3000
    [P_UNAME] => 박규희
    [P_RMESG1] => P_VACCT_NO=20893916507937|P_EXP_DT=20251106
    [P_RMESG2] => 
    [P_NOTI] => 
    [P_AUTH_NO] => 
)

 Array
(
    [PageCall time] => 17:31:57
    [P_TID] => INIMX_VBNKCAEcatca0720251027172835115099
    [P_MID] => CAEcatca07
    [P_AUTH_DT] => 20251027173157
    [P_STATUS] => 02
    [P_TYPE] => VBANK
    [P_OID] => 251027-040
    [P_FN_CD1] => 04
    [P_FN_CD2] => 
    [P_FN_NM] => KB국민은행
    [P_AMT] => 3000
    [P_UNAME] => 홍성만
    [P_RMESG1] => P_VACCT_NO=96569078532165|P_EXP_DT=20251106
    [P_RMESG2] => 
    [P_NOTI] => 
    [P_AUTH_NO] => 
)

 Array
(
    [PageCall time] => 18:14:01
    [P_TID] => INIMX_VBNKCAEcatca0720251027181259385455
    [P_MID] => CAEcatca07
    [P_AUTH_DT] => 20251027181401
    [P_STATUS] => 02
    [P_TYPE] => VBANK
    [P_OID] => 251027-027
    [P_FN_CD1] => 11
    [P_FN_CD2] => 
    [P_FN_NM] => NH농협은행
    [P_AMT] => 3000
    [P_UNAME] => 임병갑
    [P_RMESG1] => P_VACCT_NO=79015899766504|P_EXP_DT=20251106
    [P_RMESG2] => 
    [P_NOTI] => 
    [P_AUTH_NO] => 
)

 Array
(
    [PageCall time] => 19:14:39
    [P_TID] => INIMX_VBNKCAEcatca0720251027191149965882
    [P_MID] => CAEcatca07
    [P_AUTH_DT] => 20251027191439
    [P_STATUS] => 02
    [P_TYPE] => VBANK
    [P_OID] => 251027-043
    [P_FN_CD1] => 32
    [P_FN_CD2] => 
    [P_FN_NM] => 부산은행
    [P_AMT] => 3000
    [P_UNAME] => 박지원
    [P_RMESG1] => P_VACCT_NO=109924178881|P_EXP_DT=20251106
    [P_RMESG2] => 
    [P_NOTI] => 
    [P_AUTH_NO] => 
)

 Array
(
    [PageCall time] => 20:18:22
    [P_TID] => INIMX_VBNKCAEcatca0720251027201422275587
    [P_MID] => CAEcatca07
    [P_AUTH_DT] => 20251027201822
    [P_STATUS] => 02
    [P_TYPE] => VBANK
    [P_OID] => 251027-044
    [P_FN_CD1] => 04
    [P_FN_CD2] => 
    [P_FN_NM] => KB국민은행
    [P_AMT] => 3000
    [P_UNAME] => 박진용
    [P_RMESG1] => P_VACCT_NO=96569078588472|P_EXP_DT=20251106
    [P_RMESG2] => 
    [P_NOTI] => 
    [P_AUTH_NO] => 
)

 Array
(
    [PageCall time] => 20:48:18
    [P_TID] => INIMX_VBNKCAEcatca0720251027204616755495
    [P_MID] => CAEcatca07
    [P_AUTH_DT] => 20251027204818
    [P_STATUS] => 02
    [P_TYPE] => VBANK
    [P_OID] => 251027-045
    [P_FN_CD1] => 11
    [P_FN_CD2] => 
    [P_FN_NM] => NH농협은행
    [P_AMT] => 3000
    [P_UNAME] => 강금영
    [P_RMESG1] => P_VACCT_NO=79015899786394|P_EXP_DT=20251106
    [P_RMESG2] => 
    [P_NOTI] => 
    [P_AUTH_NO] => 
)

 Array
(
    [PageCall time] => 21:07:11
    [P_TID] => INIMX_VBNKCAEcatca0720251027210316745412
    [P_MID] => CAEcatca07
    [P_AUTH_DT] => 20251027210711
    [P_STATUS] => 02
    [P_TYPE] => VBANK
    [P_OID] => 251027-046
    [P_FN_CD1] => 88
    [P_FN_CD2] => 
    [P_FN_NM] => 신한은행
    [P_AMT] => 3000
    [P_UNAME] => 성기황
    [P_RMESG1] => P_VACCT_NO=56211104528894|P_EXP_DT=20251106
    [P_RMESG2] => 
    [P_NOTI] => 
    [P_AUTH_NO] => 
)

 Array
(
    [PageCall time] => 23:23:29
    [P_TID] => INIMX_VBNKCAEcatca0720251027232258275708
    [P_MID] => CAEcatca07
    [P_AUTH_DT] => 20251027232329
    [P_STATUS] => 02
    [P_TYPE] => VBANK
    [P_OID] => 251027-047
    [P_FN_CD1] => 11
    [P_FN_CD2] => 
    [P_FN_NM] => NH농협은행
    [P_AMT] => 3000
    [P_UNAME] => 서지혁
    [P_RMESG1] => P_VACCT_NO=79015899800781|P_EXP_DT=20251106
    [P_RMESG2] => 
    [P_NOTI] => 
    [P_AUTH_NO] => 
)

