 Array
(
    [PageCall time] => 10:31:25
    [P_TID] => INIMX_VBNKCAEcatca0720250709102844315816
    [P_MID] => CAEcatca07
    [P_AUTH_DT] => 20250709103125
    [P_STATUS] => 02
    [P_TYPE] => VBANK
    [P_OID] => 250707-017
    [P_FN_CD1] => 88
    [P_FN_CD2] => 
    [P_FN_NM] => 신한은행
    [P_AMT] => 3000
    [P_UNAME] => 임민영
    [P_RMESG1] => P_VACCT_NO=56211106346280|P_EXP_DT=20250719
    [P_RMESG2] => 
    [P_NOTI] => 
    [P_AUTH_NO] => 
)

 Array
(
    [PageCall time] => 10:46:14
    [P_TID] => INIMX_VBNKCAEcatca0720250709104322465568
    [P_MID] => CAEcatca07
    [P_AUTH_DT] => 20250709104614
    [P_STATUS] => 02
    [P_TYPE] => VBANK
    [P_OID] => 250709-004
    [P_FN_CD1] => 03
    [P_FN_CD2] => 
    [P_FN_NM] => 기업은행
    [P_AMT] => 3000
    [P_UNAME] => 임윤환
    [P_RMESG1] => P_VACCT_NO=07502290497829|P_EXP_DT=20250719
    [P_RMESG2] => 
    [P_NOTI] => 
    [P_AUTH_NO] => 
)

 Array
(
    [PageCall time] => 11:16:27
    [P_TID] => INIMX_VBNKCAEcatca0720250709111348305564
    [P_MID] => CAEcatca07
    [P_AUTH_DT] => 20250709111627
    [P_STATUS] => 02
    [P_TYPE] => VBANK
    [P_OID] => 250709-008
    [P_FN_CD1] => 03
    [P_FN_CD2] => 
    [P_FN_NM] => 기업은행
    [P_AMT] => 3000
    [P_UNAME] => 장문식
    [P_RMESG1] => P_VACCT_NO=07502291097810|P_EXP_DT=20250719
    [P_RMESG2] => 
    [P_NOTI] => 
    [P_AUTH_NO] => 
)

 Array
(
    [PageCall time] => 12:04:31
    [P_TID] => INIMX_VBNKCAEcatca0720250709120201215881
    [P_MID] => CAEcatca07
    [P_AUTH_DT] => 20250709120431
    [P_STATUS] => 02
    [P_TYPE] => VBANK
    [P_OID] => 250709-011
    [P_FN_CD1] => 04
    [P_FN_CD2] => 
    [P_FN_NM] => KB국민은행
    [P_AMT] => 3000
    [P_UNAME] => 김정연
    [P_RMESG1] => P_VACCT_NO=26159078040717|P_EXP_DT=20250719
    [P_RMESG2] => 
    [P_NOTI] => 
    [P_AUTH_NO] => 
)

 Array
(
    [PageCall time] => 12:08:01
    [P_TID] => INIMX_VBNKCAEcatca0720250709120338115354
    [P_MID] => CAEcatca07
    [P_AUTH_DT] => 20250709120801
    [P_STATUS] => 02
    [P_TYPE] => VBANK
    [P_OID] => 250709-009
    [P_FN_CD1] => 81
    [P_FN_CD2] => 
    [P_FN_NM] => 하나은행
    [P_AMT] => 3000
    [P_UNAME] => 최성일
    [P_RMESG1] => P_VACCT_NO=20893805775037|P_EXP_DT=20250719
    [P_RMESG2] => 
    [P_NOTI] => 
    [P_AUTH_NO] => 
)

 Array
(
    [PageCall time] => 12:10:25
    [P_TID] => INIMX_VBNKCAEcatca0720250709120542275584
    [P_MID] => CAEcatca07
    [P_AUTH_DT] => 20250709121025
    [P_STATUS] => 02
    [P_TYPE] => VBANK
    [P_OID] => 250709-010
    [P_FN_CD1] => 03
    [P_FN_CD2] => 
    [P_FN_NM] => 기업은행
    [P_AMT] => 3000
    [P_UNAME] => 김강훈
    [P_RMESG1] => P_VACCT_NO=07502291697302|P_EXP_DT=20250719
    [P_RMESG2] => 
    [P_NOTI] => 
    [P_AUTH_NO] => 
)

 Array
(
    [PageCall time] => 14:51:48
    [P_TID] => INIMX_VBNKCAEcatca0720250709145044814343
    [P_MID] => CAEcatca07
    [P_AUTH_DT] => 20250709145148
    [P_STATUS] => 02
    [P_TYPE] => VBANK
    [P_OID] => 250709-014
    [P_FN_CD1] => 04
    [P_FN_CD2] => 
    [P_FN_NM] => KB국민은행
    [P_AMT] => 3000
    [P_UNAME] => 김영민
    [P_RMESG1] => P_VACCT_NO=88429011220980|P_EXP_DT=20250719
    [P_RMESG2] => 
    [P_NOTI] => 
    [P_AUTH_NO] => 
)

 Array
(
    [PageCall time] => 15:20:59
    [P_TID] => INIMX_VBNKCAEcatca0720250709152015465239
    [P_MID] => CAEcatca07
    [P_AUTH_DT] => 20250709152059
    [P_STATUS] => 02
    [P_TYPE] => VBANK
    [P_OID] => 250708-025
    [P_FN_CD1] => 11
    [P_FN_CD2] => 
    [P_FN_NM] => NH농협은행
    [P_AMT] => 3000
    [P_UNAME] => 탁지영
    [P_RMESG1] => P_VACCT_NO=79013683791494|P_EXP_DT=20250719
    [P_RMESG2] => 
    [P_NOTI] => 
    [P_AUTH_NO] => 
)

 Array
(
    [PageCall time] => 15:40:03
    [P_TID] => INIMX_VBNKCAEcatca0720250709153917584363
    [P_MID] => CAEcatca07
    [P_AUTH_DT] => 20250709154003
    [P_STATUS] => 02
    [P_TYPE] => VBANK
    [P_OID] => 250709-016
    [P_FN_CD1] => 11
    [P_FN_CD2] => 
    [P_FN_NM] => NH농협은행
    [P_AMT] => 3000
    [P_UNAME] => 오명헌
    [P_RMESG1] => P_VACCT_NO=79003194730398|P_EXP_DT=20250719
    [P_RMESG2] => 
    [P_NOTI] => 
    [P_AUTH_NO] => 
)

 Array
(
    [PageCall time] => 16:09:07
    [P_TID] => INIMX_VBNKCAEcatca0720250709160821644334
    [P_MID] => CAEcatca07
    [P_AUTH_DT] => 20250709160907
    [P_STATUS] => 02
    [P_TYPE] => VBANK
    [P_OID] => 250709-018
    [P_FN_CD1] => 04
    [P_FN_CD2] => 
    [P_FN_NM] => KB국민은행
    [P_AMT] => 3000
    [P_UNAME] => 한효정
    [P_RMESG1] => P_VACCT_NO=88429011225435|P_EXP_DT=20250719
    [P_RMESG2] => 
    [P_NOTI] => 
    [P_AUTH_NO] => 
)

 Array
(
    [PageCall time] => 16:14:53
    [P_TID] => INIMX_VBNKCAEcatca0720250709160954254664
    [P_MID] => CAEcatca07
    [P_AUTH_DT] => 20250709161453
    [P_STATUS] => 02
    [P_TYPE] => VBANK
    [P_OID] => 250709-017
    [P_FN_CD1] => 39
    [P_FN_CD2] => 
    [P_FN_NM] => 경남은행
    [P_AMT] => 3000
    [P_UNAME] => 주전경
    [P_RMESG1] => P_VACCT_NO=573190131576|P_EXP_DT=20250719
    [P_RMESG2] => 
    [P_NOTI] => 
    [P_AUTH_NO] => 
)

 Array
(
    [PageCall time] => 16:43:56
    [P_TID] => INIMX_VBNKCAEcatca0720250709164133724546
    [P_MID] => CAEcatca07
    [P_AUTH_DT] => 20250709164356
    [P_STATUS] => 02
    [P_TYPE] => VBANK
    [P_OID] => 250709-019
    [P_FN_CD1] => 11
    [P_FN_CD2] => 
    [P_FN_NM] => NH농협은행
    [P_AMT] => 3000
    [P_UNAME] => 김은옥
    [P_RMESG1] => P_VACCT_NO=79003194738762|P_EXP_DT=20250719
    [P_RMESG2] => 
    [P_NOTI] => 
    [P_AUTH_NO] => 
)

 Array
(
    [PageCall time] => 18:35:38
    [P_TID] => INIMX_VBNKCAEcatca0720250709183244215928
    [P_MID] => CAEcatca07
    [P_AUTH_DT] => 20250709183538
    [P_STATUS] => 02
    [P_TYPE] => VBANK
    [P_OID] => 250709-024
    [P_FN_CD1] => 32
    [P_FN_CD2] => 
    [P_FN_NM] => 부산은행
    [P_AMT] => 3000
    [P_UNAME] => 박영수
    [P_RMESG1] => P_VACCT_NO=109924828856|P_EXP_DT=20250719
    [P_RMESG2] => 
    [P_NOTI] => 
    [P_AUTH_NO] => 
)

 Array
(
    [PageCall time] => 20:24:55
    [P_TID] => INIMX_VBNKCAEcatca0720250709202159955403
    [P_MID] => CAEcatca07
    [P_AUTH_DT] => 20250709202455
    [P_STATUS] => 02
    [P_TYPE] => VBANK
    [P_OID] => 250709-025
    [P_FN_CD1] => 20
    [P_FN_CD2] => 
    [P_FN_NM] => 우리은행
    [P_AMT] => 3000
    [P_UNAME] => 임명숙
    [P_RMESG1] => P_VACCT_NO=61848312218406|P_EXP_DT=20250719
    [P_RMESG2] => 
    [P_NOTI] => 
    [P_AUTH_NO] => 
)

 Array
(
    [PageCall time] => 20:45:58
    [P_TID] => INIMX_VBNKCAEcatca0720250709204330135640
    [P_MID] => CAEcatca07
    [P_AUTH_DT] => 20250709204558
    [P_STATUS] => 02
    [P_TYPE] => VBANK
    [P_OID] => 250709-026
    [P_FN_CD1] => 88
    [P_FN_CD2] => 
    [P_FN_NM] => 신한은행
    [P_AMT] => 3000
    [P_UNAME] => 박현정
    [P_RMESG1] => P_VACCT_NO=56211106401558|P_EXP_DT=20250719
    [P_RMESG2] => 
    [P_NOTI] => 
    [P_AUTH_NO] => 
)

 Array
(
    [PageCall time] => 21:02:35
    [P_TID] => INIMX_VBNKCAEcatca0720250709205954155862
    [P_MID] => CAEcatca07
    [P_AUTH_DT] => 20250709210235
    [P_STATUS] => 02
    [P_TYPE] => VBANK
    [P_OID] => 250709-027
    [P_FN_CD1] => 81
    [P_FN_CD2] => 
    [P_FN_NM] => 하나은행
    [P_AMT] => 3000
    [P_UNAME] => 이시우
    [P_RMESG1] => P_VACCT_NO=20893809585537|P_EXP_DT=20250719
    [P_RMESG2] => 
    [P_NOTI] => 
    [P_AUTH_NO] => 
)

