 Array
(
    [PageCall time] => 10:04:49
    [P_TID] => INIMX_VBNKCAEcatca0720260420100004385209
    [P_MID] => CAEcatca07
    [P_AUTH_DT] => 20260420100449
    [P_STATUS] => 02
    [P_TYPE] => VBANK
    [P_OID] => 260420-004
    [P_FN_CD1] => 88
    [P_FN_CD2] => 
    [P_FN_NM] => 신한은행
    [P_AMT] => 3500
    [P_UNAME] => 장명규
    [P_RMESG1] => P_VACCT_NO=56211106872044|P_EXP_DT=20260430
    [P_RMESG2] => 
    [P_NOTI] => 
    [P_AUTH_NO] => 
)

 Array
(
    [PageCall time] => 10:17:52
    [P_TID] => INIMX_VBNKCAEcatca0720260420101324215476
    [P_MID] => CAEcatca07
    [P_AUTH_DT] => 20260420101752
    [P_STATUS] => 02
    [P_TYPE] => VBANK
    [P_OID] => 260420-006
    [P_FN_CD1] => 81
    [P_FN_CD2] => 
    [P_FN_NM] => 하나은행
    [P_AMT] => 3500
    [P_UNAME] => 강종천
    [P_RMESG1] => P_VACCT_NO=20893973789237|P_EXP_DT=20260430
    [P_RMESG2] => 
    [P_NOTI] => 
    [P_AUTH_NO] => 
)

 Array
(
    [PageCall time] => 10:29:47
    [P_TID] => INIMX_VBNKCAEcatca0720260420092855135356
    [P_MID] => CAEcatca07
    [P_AUTH_DT] => 20260420102947
    [P_STATUS] => 02
    [P_TYPE] => VBANK
    [P_OID] => 260420-002
    [P_FN_CD1] => 88
    [P_FN_CD2] => 
    [P_FN_NM] => 신한은행
    [P_AMT] => 3500
    [P_UNAME] => 한광희
    [P_RMESG1] => P_VACCT_NO=56211992054163|P_EXP_DT=20260430
    [P_RMESG2] => 
    [P_NOTI] => 
    [P_AUTH_NO] => 
)

 Array
(
    [PageCall time] => 10:36:21
    [P_TID] => INIMX_VBNKCAEcatca0720260420103205185535
    [P_MID] => CAEcatca07
    [P_AUTH_DT] => 20260420103621
    [P_STATUS] => 02
    [P_TYPE] => VBANK
    [P_OID] => 260420-009
    [P_FN_CD1] => 04
    [P_FN_CD2] => 
    [P_FN_NM] => KB국민은행
    [P_AMT] => 3500
    [P_UNAME] => 김미택
    [P_RMESG1] => P_VACCT_NO=26029078425508|P_EXP_DT=20260430
    [P_RMESG2] => 
    [P_NOTI] => 
    [P_AUTH_NO] => 
)

 Array
(
    [PageCall time] => 10:36:39
    [P_TID] => INIMX_VBNKCAEcatca0720260420103357955354
    [P_MID] => CAEcatca07
    [P_AUTH_DT] => 20260420103639
    [P_STATUS] => 02
    [P_TYPE] => VBANK
    [P_OID] => 260420-010
    [P_FN_CD1] => 88
    [P_FN_CD2] => 
    [P_FN_NM] => 신한은행
    [P_AMT] => 3500
    [P_UNAME] => 이성하
    [P_RMESG1] => P_VACCT_NO=56211103652715|P_EXP_DT=20260430
    [P_RMESG2] => 
    [P_NOTI] => 
    [P_AUTH_NO] => 
)

 Array
(
    [PageCall time] => 10:37:42
    [P_TID] => INIMX_VBNKCAEcatca0720260420103505225662
    [P_MID] => CAEcatca07
    [P_AUTH_DT] => 20260420103742
    [P_STATUS] => 02
    [P_TYPE] => VBANK
    [P_OID] => 260420-011
    [P_FN_CD1] => 89
    [P_FN_CD2] => 
    [P_FN_NM] => 케이뱅크
    [P_AMT] => 3500
    [P_UNAME] => 최문영
    [P_RMESG1] => P_VACCT_NO=70112004042576|P_EXP_DT=20260430
    [P_RMESG2] => 
    [P_NOTI] => 
    [P_AUTH_NO] => 
)

 Array
(
    [PageCall time] => 10:52:19
    [P_TID] => INIMX_VBNKCAEcatca0720260420105103355557
    [P_MID] => CAEcatca07
    [P_AUTH_DT] => 20260420105219
    [P_STATUS] => 02
    [P_TYPE] => VBANK
    [P_OID] => 260420-013
    [P_FN_CD1] => 11
    [P_FN_CD2] => 
    [P_FN_NM] => NH농협은행
    [P_AMT] => 3500
    [P_UNAME] => 전현숙
    [P_RMESG1] => P_VACCT_NO=79014507021829|P_EXP_DT=20260430
    [P_RMESG2] => 
    [P_NOTI] => 
    [P_AUTH_NO] => 
)

 Array
(
    [PageCall time] => 11:09:36
    [P_TID] => INIMX_VBNKCAEcatca0720260420110658435199
    [P_MID] => CAEcatca07
    [P_AUTH_DT] => 20260420110936
    [P_STATUS] => 02
    [P_TYPE] => VBANK
    [P_OID] => 260420-015
    [P_FN_CD1] => 20
    [P_FN_CD2] => 
    [P_FN_NM] => 우리은행
    [P_AMT] => 3500
    [P_UNAME] => 이규리
    [P_RMESG1] => P_VACCT_NO=27388001118605|P_EXP_DT=20260430
    [P_RMESG2] => 
    [P_NOTI] => 
    [P_AUTH_NO] => 
)

 Array
(
    [PageCall time] => 11:19:48
    [P_TID] => INIMX_VBNKCAEcatca0720260420111611695363
    [P_MID] => CAEcatca07
    [P_AUTH_DT] => 20260420111948
    [P_STATUS] => 02
    [P_TYPE] => VBANK
    [P_OID] => 260420-016
    [P_FN_CD1] => 88
    [P_FN_CD2] => 
    [P_FN_NM] => 신한은행
    [P_AMT] => 3500
    [P_UNAME] => 김수호
    [P_RMESG1] => P_VACCT_NO=56211104737627|P_EXP_DT=20260430
    [P_RMESG2] => 
    [P_NOTI] => 
    [P_AUTH_NO] => 
)

 Array
(
    [PageCall time] => 11:25:07
    [P_TID] => INIMX_VBNKCAEcatca0720260420112159585514
    [P_MID] => CAEcatca07
    [P_AUTH_DT] => 20260420112507
    [P_STATUS] => 02
    [P_TYPE] => VBANK
    [P_OID] => 260420-017
    [P_FN_CD1] => 81
    [P_FN_CD2] => 
    [P_FN_NM] => 하나은행
    [P_AMT] => 3500
    [P_UNAME] => 임다혜
    [P_RMESG1] => P_VACCT_NO=20893974210737|P_EXP_DT=20260430
    [P_RMESG2] => 
    [P_NOTI] => 
    [P_AUTH_NO] => 
)

 Array
(
    [PageCall time] => 11:47:12
    [P_TID] => INIMX_VBNKCAEcatca0720260420114622055854
    [P_MID] => CAEcatca07
    [P_AUTH_DT] => 20260420114712
    [P_STATUS] => 02
    [P_TYPE] => VBANK
    [P_OID] => 260420-020
    [P_FN_CD1] => 11
    [P_FN_CD2] => 
    [P_FN_NM] => NH농협은행
    [P_AMT] => 3500
    [P_UNAME] => 김지은
    [P_RMESG1] => P_VACCT_NO=79014507030326|P_EXP_DT=20260430
    [P_RMESG2] => 
    [P_NOTI] => 
    [P_AUTH_NO] => 
)

 Array
(
    [PageCall time] => 12:02:12
    [P_TID] => INIMX_VBNKCAEcatca0720260420115903825706
    [P_MID] => CAEcatca07
    [P_AUTH_DT] => 20260420120212
    [P_STATUS] => 02
    [P_TYPE] => VBANK
    [P_OID] => 260420-022
    [P_FN_CD1] => 81
    [P_FN_CD2] => 
    [P_FN_NM] => 하나은행
    [P_AMT] => 3500
    [P_UNAME] => 고서영
    [P_RMESG1] => P_VACCT_NO=20893974378037|P_EXP_DT=20260430
    [P_RMESG2] => 
    [P_NOTI] => 
    [P_AUTH_NO] => 
)

 Array
(
    [PageCall time] => 12:13:29
    [P_TID] => INIMX_VBNKCAEcatca0720260420120024255479
    [P_MID] => CAEcatca07
    [P_AUTH_DT] => 20260420121329
    [P_STATUS] => 02
    [P_TYPE] => VBANK
    [P_OID] => 260420-023
    [P_FN_CD1] => 20
    [P_FN_CD2] => 
    [P_FN_NM] => 우리은행
    [P_AMT] => 3500
    [P_UNAME] => 유경휘
    [P_RMESG1] => P_VACCT_NO=27388004618262|P_EXP_DT=20260430
    [P_RMESG2] => 
    [P_NOTI] => 
    [P_AUTH_NO] => 
)

 Array
(
    [PageCall time] => 12:26:45
    [P_TID] => INIMX_VBNKCAEcatca0720260420122454255295
    [P_MID] => CAEcatca07
    [P_AUTH_DT] => 20260420122645
    [P_STATUS] => 02
    [P_TYPE] => VBANK
    [P_OID] => 260420-024
    [P_FN_CD1] => 11
    [P_FN_CD2] => 
    [P_FN_NM] => NH농협은행
    [P_AMT] => 3500
    [P_UNAME] => 김현숙
    [P_RMESG1] => P_VACCT_NO=79014507034265|P_EXP_DT=20260430
    [P_RMESG2] => 
    [P_NOTI] => 
    [P_AUTH_NO] => 
)

 Array
(
    [PageCall time] => 12:30:31
    [P_TID] => INIMX_VBNKCAEcatca0720260420122640825722
    [P_MID] => CAEcatca07
    [P_AUTH_DT] => 20260420123031
    [P_STATUS] => 02
    [P_TYPE] => VBANK
    [P_OID] => 260420-025
    [P_FN_CD1] => 04
    [P_FN_CD2] => 
    [P_FN_NM] => KB국민은행
    [P_AMT] => 3500
    [P_UNAME] => 이수정
    [P_RMESG1] => P_VACCT_NO=52499014535501|P_EXP_DT=20260430
    [P_RMESG2] => 
    [P_NOTI] => 
    [P_AUTH_NO] => 
)

 Array
(
    [PageCall time] => 12:49:31
    [P_TID] => INIMX_VBNKCAEcatca0720260415235321254167
    [P_MID] => CAEcatca07
    [P_AUTH_DT] => 20260420124931
    [P_STATUS] => 02
    [P_TYPE] => VBANK
    [P_OID] => 260415-036
    [P_FN_CD1] => 71
    [P_FN_CD2] => 
    [P_FN_NM] => 우체국
    [P_AMT] => 3500
    [P_UNAME] => 이문진
    [P_RMESG1] => P_VACCT_NO=01401981655933|P_EXP_DT=20260425
    [P_RMESG2] => 
    [P_NOTI] => 
    [P_AUTH_NO] => 
)

 Array
(
    [PageCall time] => 12:53:45
    [P_TID] => INIMX_VBNKCAEcatca0720260420125104535804
    [P_MID] => CAEcatca07
    [P_AUTH_DT] => 20260420125345
    [P_STATUS] => 02
    [P_TYPE] => VBANK
    [P_OID] => 260420-014
    [P_FN_CD1] => 04
    [P_FN_CD2] => 
    [P_FN_NM] => KB국민은행
    [P_AMT] => 3500
    [P_UNAME] => 우현택
    [P_RMESG1] => P_VACCT_NO=99289014275019|P_EXP_DT=20260430
    [P_RMESG2] => 
    [P_NOTI] => 
    [P_AUTH_NO] => 
)

 Array
(
    [PageCall time] => 13:13:07
    [P_TID] => INIMX_VBNKCAEcatca0720260420130958825701
    [P_MID] => CAEcatca07
    [P_AUTH_DT] => 20260420131307
    [P_STATUS] => 02
    [P_TYPE] => VBANK
    [P_OID] => 260420-029
    [P_FN_CD1] => 03
    [P_FN_CD2] => 
    [P_FN_NM] => 기업은행
    [P_AMT] => 3500
    [P_UNAME] => 여진아
    [P_RMESG1] => P_VACCT_NO=07503158997266|P_EXP_DT=20260430
    [P_RMESG2] => 
    [P_NOTI] => 
    [P_AUTH_NO] => 
)

 Array
(
    [PageCall time] => 13:20:33
    [P_TID] => INIMX_VBNKCAEcatca0720260420131753935151
    [P_MID] => CAEcatca07
    [P_AUTH_DT] => 20260420132033
    [P_STATUS] => 02
    [P_TYPE] => VBANK
    [P_OID] => 260420-031
    [P_FN_CD1] => 03
    [P_FN_CD2] => 
    [P_FN_NM] => 기업은행
    [P_AMT] => 3500
    [P_UNAME] => 엄진화
    [P_RMESG1] => P_VACCT_NO=07503158997768|P_EXP_DT=20260430
    [P_RMESG2] => 
    [P_NOTI] => 
    [P_AUTH_NO] => 
)

 Array
(
    [PageCall time] => 13:23:28
    [P_TID] => INIMX_VBNKCAEcatca0720260420131828465217
    [P_MID] => CAEcatca07
    [P_AUTH_DT] => 20260420132328
    [P_STATUS] => 02
    [P_TYPE] => VBANK
    [P_OID] => 260420-027
    [P_FN_CD1] => 89
    [P_FN_CD2] => 
    [P_FN_NM] => 케이뱅크
    [P_AMT] => 3500
    [P_UNAME] => 조영하
    [P_RMESG1] => P_VACCT_NO=70112004044263|P_EXP_DT=20260430
    [P_RMESG2] => 
    [P_NOTI] => 
    [P_AUTH_NO] => 
)

 Array
(
    [PageCall time] => 13:23:46
    [P_TID] => INIMX_VBNKCAEcatca0720260420132113065831
    [P_MID] => CAEcatca07
    [P_AUTH_DT] => 20260420132346
    [P_STATUS] => 02
    [P_TYPE] => VBANK
    [P_OID] => 260420-030
    [P_FN_CD1] => 04
    [P_FN_CD2] => 
    [P_FN_NM] => KB국민은행
    [P_AMT] => 3500
    [P_UNAME] => 최하나
    [P_RMESG1] => P_VACCT_NO=99289014277831|P_EXP_DT=20260430
    [P_RMESG2] => 
    [P_NOTI] => 
    [P_AUTH_NO] => 
)

 Array
(
    [PageCall time] => 13:24:03
    [P_TID] => INIMX_VBNKCAEcatca0720260420132203715172
    [P_MID] => CAEcatca07
    [P_AUTH_DT] => 20260420132403
    [P_STATUS] => 02
    [P_TYPE] => VBANK
    [P_OID] => 260420-028
    [P_FN_CD1] => 71
    [P_FN_CD2] => 
    [P_FN_NM] => 우체국
    [P_AMT] => 3500
    [P_UNAME] => 김효진
    [P_RMESG1] => P_VACCT_NO=01397981088745|P_EXP_DT=20260430
    [P_RMESG2] => 
    [P_NOTI] => 
    [P_AUTH_NO] => 
)

 Array
(
    [PageCall time] => 13:49:03
    [P_TID] => INIMX_VBNKCAEcatca0720260420134524795947
    [P_MID] => CAEcatca07
    [P_AUTH_DT] => 20260420134903
    [P_STATUS] => 02
    [P_TYPE] => VBANK
    [P_OID] => 260420-033
    [P_FN_CD1] => 20
    [P_FN_CD2] => 
    [P_FN_NM] => 우리은행
    [P_AMT] => 3500
    [P_UNAME] => 손재철
    [P_RMESG1] => P_VACCT_NO=27388009518876|P_EXP_DT=20260430
    [P_RMESG2] => 
    [P_NOTI] => 
    [P_AUTH_NO] => 
)

 Array
(
    [PageCall time] => 13:56:31
    [P_TID] => INIMX_VBNKCAEcatca0720260420135252845988
    [P_MID] => CAEcatca07
    [P_AUTH_DT] => 20260420135631
    [P_STATUS] => 02
    [P_TYPE] => VBANK
    [P_OID] => 260420-034
    [P_FN_CD1] => 88
    [P_FN_CD2] => 
    [P_FN_NM] => 신한은행
    [P_AMT] => 3500
    [P_UNAME] => 김서윤
    [P_RMESG1] => P_VACCT_NO=56211106531210|P_EXP_DT=20260430
    [P_RMESG2] => 
    [P_NOTI] => 
    [P_AUTH_NO] => 
)

 Array
(
    [PageCall time] => 14:14:27
    [P_TID] => INIMX_VBNKCAEcatca0720260420141030325029
    [P_MID] => CAEcatca07
    [P_AUTH_DT] => 20260420141427
    [P_STATUS] => 02
    [P_TYPE] => VBANK
    [P_OID] => 260420-036
    [P_FN_CD1] => 04
    [P_FN_CD2] => 
    [P_FN_NM] => KB국민은행
    [P_AMT] => 3500
    [P_UNAME] => 김윤주
    [P_RMESG1] => P_VACCT_NO=99289014285322|P_EXP_DT=20260430
    [P_RMESG2] => 
    [P_NOTI] => 
    [P_AUTH_NO] => 
)

 Array
(
    [PageCall time] => 15:54:34
    [P_TID] => INIMX_VBNKCAEcatca0720260420155008795912
    [P_MID] => CAEcatca07
    [P_AUTH_DT] => 20260420155434
    [P_STATUS] => 02
    [P_TYPE] => VBANK
    [P_OID] => 260420-041
    [P_FN_CD1] => 04
    [P_FN_CD2] => 
    [P_FN_NM] => KB국민은행
    [P_AMT] => 3500
    [P_UNAME] => 심현옥
    [P_RMESG1] => P_VACCT_NO=99289014308638|P_EXP_DT=20260430
    [P_RMESG2] => 
    [P_NOTI] => 
    [P_AUTH_NO] => 
)

 Array
(
    [PageCall time] => 16:08:00
    [P_TID] => INIMX_VBNKCAEcatca0720260420160522605236
    [P_MID] => CAEcatca07
    [P_AUTH_DT] => 20260420160800
    [P_STATUS] => 02
    [P_TYPE] => VBANK
    [P_OID] => 260420-042
    [P_FN_CD1] => 04
    [P_FN_CD2] => 
    [P_FN_NM] => KB국민은행
    [P_AMT] => 3500
    [P_UNAME] => 김윤정
    [P_RMESG1] => P_VACCT_NO=99289014315416|P_EXP_DT=20260430
    [P_RMESG2] => 
    [P_NOTI] => 
    [P_AUTH_NO] => 
)

 Array
(
    [PageCall time] => 16:15:49
    [P_TID] => INIMX_VBNKCAEcatca0720260420161503235610
    [P_MID] => CAEcatca07
    [P_AUTH_DT] => 20260420161549
    [P_STATUS] => 02
    [P_TYPE] => VBANK
    [P_OID] => 260420-043
    [P_FN_CD1] => 11
    [P_FN_CD2] => 
    [P_FN_NM] => NH농협은행
    [P_AMT] => 3500
    [P_UNAME] => 김초원
    [P_RMESG1] => P_VACCT_NO=79014507063393|P_EXP_DT=20260430
    [P_RMESG2] => 
    [P_NOTI] => 
    [P_AUTH_NO] => 
)

 Array
(
    [PageCall time] => 16:31:33
    [P_TID] => INIMX_VBNKCAEcatca0720260420162855255542
    [P_MID] => CAEcatca07
    [P_AUTH_DT] => 20260420163133
    [P_STATUS] => 02
    [P_TYPE] => VBANK
    [P_OID] => 260420-044
    [P_FN_CD1] => 88
    [P_FN_CD2] => 
    [P_FN_NM] => 신한은행
    [P_AMT] => 3500
    [P_UNAME] => 김승오
    [P_RMESG1] => P_VACCT_NO=56211990900402|P_EXP_DT=20260430
    [P_RMESG2] => 
    [P_NOTI] => 
    [P_AUTH_NO] => 
)

 Array
(
    [PageCall time] => 17:04:29
    [P_TID] => INIMX_VBNKCAEcatca0720260420170204795256
    [P_MID] => CAEcatca07
    [P_AUTH_DT] => 20260420170429
    [P_STATUS] => 02
    [P_TYPE] => VBANK
    [P_OID] => 260420-049
    [P_FN_CD1] => 11
    [P_FN_CD2] => 
    [P_FN_NM] => NH농협은행
    [P_AMT] => 3500
    [P_UNAME] => 김문옥
    [P_RMESG1] => P_VACCT_NO=79014507068858|P_EXP_DT=20260430
    [P_RMESG2] => 
    [P_NOTI] => 
    [P_AUTH_NO] => 
)

 Array
(
    [PageCall time] => 18:35:03
    [P_TID] => INIMX_VBNKCAEcatca0720260420183151865530
    [P_MID] => CAEcatca07
    [P_AUTH_DT] => 20260420183503
    [P_STATUS] => 02
    [P_TYPE] => VBANK
    [P_OID] => 260420-051
    [P_FN_CD1] => 04
    [P_FN_CD2] => 
    [P_FN_NM] => KB국민은행
    [P_AMT] => 3500
    [P_UNAME] => 문미희
    [P_RMESG1] => P_VACCT_NO=99289014341082|P_EXP_DT=20260430
    [P_RMESG2] => 
    [P_NOTI] => 
    [P_AUTH_NO] => 
)

 Array
(
    [PageCall time] => 18:38:19
    [P_TID] => INIMX_VBNKCAEcatca0720260420183742975114
    [P_MID] => CAEcatca07
    [P_AUTH_DT] => 20260420183819
    [P_STATUS] => 02
    [P_TYPE] => VBANK
    [P_OID] => 260420-052
    [P_FN_CD1] => 11
    [P_FN_CD2] => 
    [P_FN_NM] => NH농협은행
    [P_AMT] => 3500
    [P_UNAME] => 이소진
    [P_RMESG1] => P_VACCT_NO=79014507078361|P_EXP_DT=20260430
    [P_RMESG2] => 
    [P_NOTI] => 
    [P_AUTH_NO] => 
)

 Array
(
    [PageCall time] => 19:19:16
    [P_TID] => INIMX_VBNKCAEcatca0720260420191559605524
    [P_MID] => CAEcatca07
    [P_AUTH_DT] => 20260420191916
    [P_STATUS] => 02
    [P_TYPE] => VBANK
    [P_OID] => 260420-048
    [P_FN_CD1] => 88
    [P_FN_CD2] => 
    [P_FN_NM] => 신한은행
    [P_AMT] => 3500
    [P_UNAME] => 김선화
    [P_RMESG1] => P_VACCT_NO=56211990908796|P_EXP_DT=20260430
    [P_RMESG2] => 
    [P_NOTI] => 
    [P_AUTH_NO] => 
)

 Array
(
    [PageCall time] => 19:46:10
    [P_TID] => INIMX_VBNKCAEcatca0720260420194430105695
    [P_MID] => CAEcatca07
    [P_AUTH_DT] => 20260420194610
    [P_STATUS] => 02
    [P_TYPE] => VBANK
    [P_OID] => 260420-054
    [P_FN_CD1] => 11
    [P_FN_CD2] => 
    [P_FN_NM] => NH농협은행
    [P_AMT] => 3500
    [P_UNAME] => 김영철
    [P_RMESG1] => P_VACCT_NO=79014507081632|P_EXP_DT=20260430
    [P_RMESG2] => 
    [P_NOTI] => 
    [P_AUTH_NO] => 
)

 Array
(
    [PageCall time] => 19:48:44
    [P_TID] => INIMX_VBNKCAEcatca0720260420194439905166
    [P_MID] => CAEcatca07
    [P_AUTH_DT] => 20260420194844
    [P_STATUS] => 02
    [P_TYPE] => VBANK
    [P_OID] => 260420-053
    [P_FN_CD1] => 03
    [P_FN_CD2] => 
    [P_FN_NM] => 기업은행
    [P_AMT] => 3500
    [P_UNAME] => 우성문
    [P_RMESG1] => P_VACCT_NO=07503161097807|P_EXP_DT=20260430
    [P_RMESG2] => 
    [P_NOTI] => 
    [P_AUTH_NO] => 
)

 Array
(
    [PageCall time] => 20:28:17
    [P_TID] => INIMX_VBNKCAEcatca0720260420202357165833
    [P_MID] => CAEcatca07
    [P_AUTH_DT] => 20260420202817
    [P_STATUS] => 02
    [P_TYPE] => VBANK
    [P_OID] => 260420-056
    [P_FN_CD1] => 03
    [P_FN_CD2] => 
    [P_FN_NM] => 기업은행
    [P_AMT] => 3500
    [P_UNAME] => 염관성
    [P_RMESG1] => P_VACCT_NO=07503161197871|P_EXP_DT=20260430
    [P_RMESG2] => 
    [P_NOTI] => 
    [P_AUTH_NO] => 
)

 Array
(
    [PageCall time] => 20:50:44
    [P_TID] => INIMX_VBNKCAEcatca0720260420204809835315
    [P_MID] => CAEcatca07
    [P_AUTH_DT] => 20260420205044
    [P_STATUS] => 02
    [P_TYPE] => VBANK
    [P_OID] => 260416-020
    [P_FN_CD1] => 32
    [P_FN_CD2] => 
    [P_FN_NM] => 부산은행
    [P_AMT] => 3500
    [P_UNAME] => 김연지
    [P_RMESG1] => P_VACCT_NO=109924941111|P_EXP_DT=20260430
    [P_RMESG2] => 
    [P_NOTI] => 
    [P_AUTH_NO] => 
)

 Array
(
    [PageCall time] => 21:31:28
    [P_TID] => INIMX_VBNKCAEcatca0720260420212817975326
    [P_MID] => CAEcatca07
    [P_AUTH_DT] => 20260420213128
    [P_STATUS] => 02
    [P_TYPE] => VBANK
    [P_OID] => 260420-001
    [P_FN_CD1] => 81
    [P_FN_CD2] => 
    [P_FN_NM] => 하나은행
    [P_AMT] => 3500
    [P_UNAME] => 신동관
    [P_RMESG1] => P_VACCT_NO=20893977302137|P_EXP_DT=20260430
    [P_RMESG2] => 
    [P_NOTI] => 
    [P_AUTH_NO] => 
)

 Array
(
    [PageCall time] => 21:47:39
    [P_TID] => INIMX_VBNKCAEcatca0720260420194819755447
    [P_MID] => CAEcatca07
    [P_AUTH_DT] => 20260420214739
    [P_STATUS] => 02
    [P_TYPE] => VBANK
    [P_OID] => 260420-055
    [P_FN_CD1] => 20
    [P_FN_CD2] => 
    [P_FN_NM] => 우리은행
    [P_AMT] => 3500
    [P_UNAME] => 김주희
    [P_RMESG1] => P_VACCT_NO=27388031318329|P_EXP_DT=20260430
    [P_RMESG2] => 
    [P_NOTI] => 
    [P_AUTH_NO] => 
)

 Array
(
    [PageCall time] => 22:29:58
    [P_TID] => INIMX_VBNKCAEcatca0720260420215714835631
    [P_MID] => CAEcatca07
    [P_AUTH_DT] => 20260420222958
    [P_STATUS] => 02
    [P_TYPE] => VBANK
    [P_OID] => 260420-057
    [P_FN_CD1] => 04
    [P_FN_CD2] => 
    [P_FN_NM] => KB국민은행
    [P_AMT] => 3500
    [P_UNAME] => 하누리
    [P_RMESG1] => P_VACCT_NO=99289014360049|P_EXP_DT=20260430
    [P_RMESG2] => 
    [P_NOTI] => 
    [P_AUTH_NO] => 
)

