 Array
(
    [PageCall time] => 09:31:16
    [P_TID] => INIMX_VBNKCAEcatca0720250328092827915620
    [P_MID] => CAEcatca07
    [P_AUTH_DT] => 20250328093116
    [P_STATUS] => 02
    [P_TYPE] => VBANK
    [P_OID] => 250328-001
    [P_FN_CD1] => 03
    [P_FN_CD2] => 
    [P_FN_NM] => 기업은행
    [P_AMT] => 3000
    [P_UNAME] => 유계향
    [P_RMESG1] => P_VACCT_NO=07503165697977|P_EXP_DT=20250407
    [P_RMESG2] => 
    [P_NOTI] => 
    [P_AUTH_NO] => 
)

 Array
(
    [PageCall time] => 10:37:06
    [P_TID] => INIMX_VBNKCAEcatca0720250328103031555464
    [P_MID] => CAEcatca07
    [P_AUTH_DT] => 20250328103706
    [P_STATUS] => 02
    [P_TYPE] => VBANK
    [P_OID] => 250328-004
    [P_FN_CD1] => 03
    [P_FN_CD2] => 
    [P_FN_NM] => 기업은행
    [P_AMT] => 3000
    [P_UNAME] => 김양선
    [P_RMESG1] => P_VACCT_NO=07503166197028|P_EXP_DT=20250407
    [P_RMESG2] => 
    [P_NOTI] => 
    [P_AUTH_NO] => 
)

 Array
(
    [PageCall time] => 10:39:51
    [P_TID] => INIMX_VBNKCAEcatca0720250328103722715773
    [P_MID] => CAEcatca07
    [P_AUTH_DT] => 20250328103951
    [P_STATUS] => 02
    [P_TYPE] => VBANK
    [P_OID] => 250328-006
    [P_FN_CD1] => 03
    [P_FN_CD2] => 
    [P_FN_NM] => 기업은행
    [P_AMT] => 3000
    [P_UNAME] => 박상준
    [P_RMESG1] => P_VACCT_NO=07503166197505|P_EXP_DT=20250407
    [P_RMESG2] => 
    [P_NOTI] => 
    [P_AUTH_NO] => 
)

 Array
(
    [PageCall time] => 11:02:40
    [P_TID] => INIMX_VBNKCAEcatca0720250328105933405444
    [P_MID] => CAEcatca07
    [P_AUTH_DT] => 20250328110240
    [P_STATUS] => 02
    [P_TYPE] => VBANK
    [P_OID] => 250328-009
    [P_FN_CD1] => 88
    [P_FN_CD2] => 
    [P_FN_NM] => 신한은행
    [P_AMT] => 3000
    [P_UNAME] => 이수정
    [P_RMESG1] => P_VACCT_NO=56211991733101|P_EXP_DT=20250407
    [P_RMESG2] => 
    [P_NOTI] => 
    [P_AUTH_NO] => 
)

 Array
(
    [PageCall time] => 11:17:02
    [P_TID] => INIMX_VBNKCAEcatca0720250328111630755662
    [P_MID] => CAEcatca07
    [P_AUTH_DT] => 20250328111702
    [P_STATUS] => 02
    [P_TYPE] => VBANK
    [P_OID] => 250328-012
    [P_FN_CD1] => 04
    [P_FN_CD2] => 
    [P_FN_NM] => KB국민은행
    [P_AMT] => 3000
    [P_UNAME] => 황새벽
    [P_RMESG1] => P_VACCT_NO=26119078611649|P_EXP_DT=20250407
    [P_RMESG2] => 
    [P_NOTI] => 
    [P_AUTH_NO] => 
)

 Array
(
    [PageCall time] => 11:17:20
    [P_TID] => INIMX_VBNKCAEcatca0720250328111330765227
    [P_MID] => CAEcatca07
    [P_AUTH_DT] => 20250328111720
    [P_STATUS] => 02
    [P_TYPE] => VBANK
    [P_OID] => 250328-011
    [P_FN_CD1] => 81
    [P_FN_CD2] => 
    [P_FN_NM] => 하나은행
    [P_AMT] => 3000
    [P_UNAME] => 이은선
    [P_RMESG1] => P_VACCT_NO=20894147258737|P_EXP_DT=20250407
    [P_RMESG2] => 
    [P_NOTI] => 
    [P_AUTH_NO] => 
)

 Array
(
    [PageCall time] => 11:18:01
    [P_TID] => INIMX_VBNKCAEcatca0720250328111706145076
    [P_MID] => CAEcatca07
    [P_AUTH_DT] => 20250328111800
    [P_STATUS] => 02
    [P_TYPE] => VBANK
    [P_OID] => 250328-013
    [P_FN_CD1] => 11
    [P_FN_CD2] => 
    [P_FN_NM] => NH농협은행
    [P_AMT] => 3000
    [P_UNAME] => 명영옥
    [P_RMESG1] => P_VACCT_NO=79014508924096|P_EXP_DT=20250407
    [P_RMESG2] => 
    [P_NOTI] => 
    [P_AUTH_NO] => 
)

 Array
(
    [PageCall time] => 11:25:44
    [P_TID] => INIMX_VBNKCAEcatca0720250328112300265394
    [P_MID] => CAEcatca07
    [P_AUTH_DT] => 20250328112544
    [P_STATUS] => 02
    [P_TYPE] => VBANK
    [P_OID] => 250328-010
    [P_FN_CD1] => 20
    [P_FN_CD2] => 
    [P_FN_NM] => 우리은행
    [P_AMT] => 3000
    [P_UNAME] => 한수지
    [P_RMESG1] => P_VACCT_NO=27388389718079|P_EXP_DT=20250407
    [P_RMESG2] => 
    [P_NOTI] => 
    [P_AUTH_NO] => 
)

 Array
(
    [PageCall time] => 12:03:17
    [P_TID] => INIMX_VBNKCAEcatca0720250328120232615964
    [P_MID] => CAEcatca07
    [P_AUTH_DT] => 20250328120317
    [P_STATUS] => 02
    [P_TYPE] => VBANK
    [P_OID] => 250328-014
    [P_FN_CD1] => 04
    [P_FN_CD2] => 
    [P_FN_NM] => KB국민은행
    [P_AMT] => 3000
    [P_UNAME] => 조유선
    [P_RMESG1] => P_VACCT_NO=26119078392797|P_EXP_DT=20250407
    [P_RMESG2] => 
    [P_NOTI] => 
    [P_AUTH_NO] => 
)

 Array
(
    [PageCall time] => 14:47:40
    [P_TID] => INIMX_VBNKCAEcatca0720250328144706605547
    [P_MID] => CAEcatca07
    [P_AUTH_DT] => 20250328144740
    [P_STATUS] => 02
    [P_TYPE] => VBANK
    [P_OID] => 250328-017
    [P_FN_CD1] => 11
    [P_FN_CD2] => 
    [P_FN_NM] => NH농협은행
    [P_AMT] => 3000
    [P_UNAME] => 최윤철
    [P_RMESG1] => P_VACCT_NO=79014508935732|P_EXP_DT=20250407
    [P_RMESG2] => 
    [P_NOTI] => 
    [P_AUTH_NO] => 
)

 Array
(
    [PageCall time] => 14:50:16
    [P_TID] => INIMX_VBNKCAEcatca0720250328144711635763
    [P_MID] => CAEcatca07
    [P_AUTH_DT] => 20250328145016
    [P_STATUS] => 02
    [P_TYPE] => VBANK
    [P_OID] => 250328-018
    [P_FN_CD1] => 81
    [P_FN_CD2] => 
    [P_FN_NM] => 하나은행
    [P_AMT] => 3000
    [P_UNAME] => 장예슬
    [P_RMESG1] => P_VACCT_NO=20894148306037|P_EXP_DT=20250407
    [P_RMESG2] => 
    [P_NOTI] => 
    [P_AUTH_NO] => 
)

 Array
(
    [PageCall time] => 14:50:29
    [P_TID] => INIMX_VBNKCAEcatca0720250328000059825286
    [P_MID] => CAEcatca07
    [P_AUTH_DT] => 20250328145029
    [P_STATUS] => 02
    [P_TYPE] => VBANK
    [P_OID] => 250327-030
    [P_FN_CD1] => 04
    [P_FN_CD2] => 
    [P_FN_NM] => KB국민은행
    [P_AMT] => 3000
    [P_UNAME] => 김언숙
    [P_RMESG1] => P_VACCT_NO=26029078706027|P_EXP_DT=20250407
    [P_RMESG2] => 
    [P_NOTI] => 
    [P_AUTH_NO] => 
)

 Array
(
    [PageCall time] => 15:17:37
    [P_TID] => INIMX_VBNKCAEcatca0720250328151644995523
    [P_MID] => CAEcatca07
    [P_AUTH_DT] => 20250328151736
    [P_STATUS] => 02
    [P_TYPE] => VBANK
    [P_OID] => 250328-016
    [P_FN_CD1] => 04
    [P_FN_CD2] => 
    [P_FN_NM] => KB국민은행
    [P_AMT] => 3000
    [P_UNAME] => 김은주
    [P_RMESG1] => P_VACCT_NO=26159078252910|P_EXP_DT=20250407
    [P_RMESG2] => 
    [P_NOTI] => 
    [P_AUTH_NO] => 
)

 Array
(
    [PageCall time] => 15:25:47
    [P_TID] => INIMX_VBNKCAEcatca0720250328152319805117
    [P_MID] => CAEcatca07
    [P_AUTH_DT] => 20250328152547
    [P_STATUS] => 02
    [P_TYPE] => VBANK
    [P_OID] => 250328-019
    [P_FN_CD1] => 81
    [P_FN_CD2] => 
    [P_FN_NM] => 하나은행
    [P_AMT] => 3000
    [P_UNAME] => 임종덕
    [P_RMESG1] => P_VACCT_NO=20894148520237|P_EXP_DT=20250407
    [P_RMESG2] => 
    [P_NOTI] => 
    [P_AUTH_NO] => 
)

 Array
(
    [PageCall time] => 15:49:57
    [P_TID] => INIMX_VBNKCAEcatca0720250328154928685134
    [P_MID] => CAEcatca07
    [P_AUTH_DT] => 20250328154957
    [P_STATUS] => 02
    [P_TYPE] => VBANK
    [P_OID] => 250328-021
    [P_FN_CD1] => 04
    [P_FN_CD2] => 
    [P_FN_NM] => KB국민은행
    [P_AMT] => 3000
    [P_UNAME] => 신지혜
    [P_RMESG1] => P_VACCT_NO=26159078355176|P_EXP_DT=20250407
    [P_RMESG2] => 
    [P_NOTI] => 
    [P_AUTH_NO] => 
)

 Array
(
    [PageCall time] => 21:10:18
    [P_TID] => INIMX_VBNKCAEcatca0720250328210915195970
    [P_MID] => CAEcatca07
    [P_AUTH_DT] => 20250328211017
    [P_STATUS] => 02
    [P_TYPE] => VBANK
    [P_OID] => 250326-023
    [P_FN_CD1] => 11
    [P_FN_CD2] => 
    [P_FN_NM] => NH농협은행
    [P_AMT] => 3000
    [P_UNAME] => 조주영
    [P_RMESG1] => P_VACCT_NO=79014508958458|P_EXP_DT=20250407
    [P_RMESG2] => 
    [P_NOTI] => 
    [P_AUTH_NO] => 
)

