 Array
(
    [PageCall time] => 08:58:45
    [P_TID] => INIMX_VBNKCAEcatca0720251006085816565143
    [P_MID] => CAEcatca07
    [P_AUTH_DT] => 20251006085845
    [P_STATUS] => 02
    [P_TYPE] => VBANK
    [P_OID] => 251006-001
    [P_FN_CD1] => 11
    [P_FN_CD2] => 
    [P_FN_NM] => NH농협은행
    [P_AMT] => 3000
    [P_UNAME] => 김지환
    [P_RMESG1] => P_VACCT_NO=79014507694101|P_EXP_DT=20251016
    [P_RMESG2] => 
    [P_NOTI] => 
    [P_AUTH_NO] => 
)

 Array
(
    [PageCall time] => 09:24:42
    [P_TID] => INIMX_VBNKCAEcatca0720251006092153895980
    [P_MID] => CAEcatca07
    [P_AUTH_DT] => 20251006092442
    [P_STATUS] => 02
    [P_TYPE] => VBANK
    [P_OID] => 251005-009
    [P_FN_CD1] => 04
    [P_FN_CD2] => 
    [P_FN_NM] => KB국민은행
    [P_AMT] => 3000
    [P_UNAME] => 김다영
    [P_RMESG1] => P_VACCT_NO=26159078540486|P_EXP_DT=20251016
    [P_RMESG2] => 
    [P_NOTI] => 
    [P_AUTH_NO] => 
)

 Array
(
    [PageCall time] => 11:37:53
    [P_TID] => INIMX_VBNKCAEcatca0720251003182354685905
    [P_MID] => CAEcatca07
    [P_AUTH_DT] => 20251006113753
    [P_STATUS] => 02
    [P_TYPE] => VBANK
    [P_OID] => 251003-005
    [P_FN_CD1] => 20
    [P_FN_CD2] => 
    [P_FN_NM] => 우리은행
    [P_AMT] => 3000
    [P_UNAME] => 신정란
    [P_RMESG1] => P_VACCT_NO=27490669118015|P_EXP_DT=20251013
    [P_RMESG2] => 
    [P_NOTI] => 
    [P_AUTH_NO] => 
)

 Array
(
    [PageCall time] => 14:45:13
    [P_TID] => INIMX_VBNKCAEcatca0720251006144104575268
    [P_MID] => CAEcatca07
    [P_AUTH_DT] => 20251006144513
    [P_STATUS] => 02
    [P_TYPE] => VBANK
    [P_OID] => 251006-002
    [P_FN_CD1] => 32
    [P_FN_CD2] => 
    [P_FN_NM] => 부산은행
    [P_AMT] => 3000
    [P_UNAME] => 박진영
    [P_RMESG1] => P_VACCT_NO=109924085941|P_EXP_DT=20251016
    [P_RMESG2] => 
    [P_NOTI] => 
    [P_AUTH_NO] => 
)

 Array
(
    [PageCall time] => 16:40:30
    [P_TID] => INIMX_VBNKCAEcatca0720251006163737985666
    [P_MID] => CAEcatca07
    [P_AUTH_DT] => 20251006164030
    [P_STATUS] => 02
    [P_TYPE] => VBANK
    [P_OID] => 251006-003
    [P_FN_CD1] => 04
    [P_FN_CD2] => 
    [P_FN_NM] => KB국민은행
    [P_AMT] => 3000
    [P_UNAME] => 최병준
    [P_RMESG1] => P_VACCT_NO=00289071285734|P_EXP_DT=20251016
    [P_RMESG2] => 
    [P_NOTI] => 
    [P_AUTH_NO] => 
)

 Array
(
    [PageCall time] => 18:56:34
    [P_TID] => INIMX_VBNKCAEcatca0720251006185355525431
    [P_MID] => CAEcatca07
    [P_AUTH_DT] => 20251006185634
    [P_STATUS] => 02
    [P_TYPE] => VBANK
    [P_OID] => 251006-004
    [P_FN_CD1] => 04
    [P_FN_CD2] => 
    [P_FN_NM] => KB국민은행
    [P_AMT] => 3000
    [P_UNAME] => 박성화
    [P_RMESG1] => P_VACCT_NO=88009011465686|P_EXP_DT=20251016
    [P_RMESG2] => 
    [P_NOTI] => 
    [P_AUTH_NO] => 
)

 Array
(
    [PageCall time] => 22:00:17
    [P_TID] => INIMX_VBNKCAEcatca0720251006215714505305
    [P_MID] => CAEcatca07
    [P_AUTH_DT] => 20251006220017
    [P_STATUS] => 02
    [P_TYPE] => VBANK
    [P_OID] => 251006-005
    [P_FN_CD1] => 03
    [P_FN_CD2] => 
    [P_FN_NM] => 기업은행
    [P_AMT] => 3000
    [P_UNAME] => 김무섭
    [P_RMESG1] => P_VACCT_NO=07503140097384|P_EXP_DT=20251016
    [P_RMESG2] => 
    [P_NOTI] => 
    [P_AUTH_NO] => 
)

