 Array
(
    [PageCall time] => 09:41:40
    [P_TID] => INIMX_VBNKCAEcatca0720250528091312835495
    [P_MID] => CAEcatca07
    [P_AUTH_DT] => 20250528094140
    [P_STATUS] => 02
    [P_TYPE] => VBANK
    [P_OID] => 250528-001
    [P_FN_CD1] => 20
    [P_FN_CD2] => 
    [P_FN_NM] => 우리은행
    [P_AMT] => 3000
    [P_UNAME] => 김소현
    [P_RMESG1] => P_VACCT_NO=27490497418712|P_EXP_DT=20250607
    [P_RMESG2] => 
    [P_NOTI] => 
    [P_AUTH_NO] => 
)

 Array
(
    [PageCall time] => 10:16:14
    [P_TID] => INIMX_VBNKCAEcatca0720250528101305775775
    [P_MID] => CAEcatca07
    [P_AUTH_DT] => 20250528101614
    [P_STATUS] => 02
    [P_TYPE] => VBANK
    [P_OID] => 250528-002
    [P_FN_CD1] => 04
    [P_FN_CD2] => 
    [P_FN_NM] => KB국민은행
    [P_AMT] => 3000
    [P_UNAME] => 양승덕
    [P_RMESG1] => P_VACCT_NO=45419079473194|P_EXP_DT=20250607
    [P_RMESG2] => 
    [P_NOTI] => 
    [P_AUTH_NO] => 
)

 Array
(
    [PageCall time] => 10:41:10
    [P_TID] => INIMX_VBNKCAEcatca0720250528104040515607
    [P_MID] => CAEcatca07
    [P_AUTH_DT] => 20250528104110
    [P_STATUS] => 02
    [P_TYPE] => VBANK
    [P_OID] => 250528-004
    [P_FN_CD1] => 04
    [P_FN_CD2] => 
    [P_FN_NM] => KB국민은행
    [P_AMT] => 3000
    [P_UNAME] => 김혜완
    [P_RMESG1] => P_VACCT_NO=49789079082201|P_EXP_DT=20250607
    [P_RMESG2] => 
    [P_NOTI] => 
    [P_AUTH_NO] => 
)

 Array
(
    [PageCall time] => 11:06:10
    [P_TID] => INIMX_VBNKCAEcatca0720250528110456665820
    [P_MID] => CAEcatca07
    [P_AUTH_DT] => 20250528110610
    [P_STATUS] => 02
    [P_TYPE] => VBANK
    [P_OID] => 250528-007
    [P_FN_CD1] => 11
    [P_FN_CD2] => 
    [P_FN_NM] => NH농협은행
    [P_AMT] => 3000
    [P_UNAME] => 박
    [P_RMESG1] => P_VACCT_NO=01445064978504|P_EXP_DT=20250607
    [P_RMESG2] => 
    [P_NOTI] => 
    [P_AUTH_NO] => 
)

 Array
(
    [PageCall time] => 11:25:58
    [P_TID] => INIMX_VBNKCAEcatca0720250528112403955001
    [P_MID] => CAEcatca07
    [P_AUTH_DT] => 20250528112558
    [P_STATUS] => 02
    [P_TYPE] => VBANK
    [P_OID] => 250528-006
    [P_FN_CD1] => 32
    [P_FN_CD2] => 
    [P_FN_NM] => 부산은행
    [P_AMT] => 3000
    [P_UNAME] => 정기열
    [P_RMESG1] => P_VACCT_NO=109924656089|P_EXP_DT=20250607
    [P_RMESG2] => 
    [P_NOTI] => 
    [P_AUTH_NO] => 
)

 Array
(
    [PageCall time] => 11:38:11
    [P_TID] => INIMX_VBNKCAEcatca0720250528113258735897
    [P_MID] => CAEcatca07
    [P_AUTH_DT] => 20250528113811
    [P_STATUS] => 02
    [P_TYPE] => VBANK
    [P_OID] => 250528-010
    [P_FN_CD1] => 03
    [P_FN_CD2] => 
    [P_FN_NM] => 기업은행
    [P_AMT] => 3000
    [P_UNAME] => 박현희
    [P_RMESG1] => P_VACCT_NO=07503138797611|P_EXP_DT=20250607
    [P_RMESG2] => 
    [P_NOTI] => 
    [P_AUTH_NO] => 
)

 Array
(
    [PageCall time] => 12:06:38
    [P_TID] => INIMX_VBNKCAEcatca0720250528120540325266
    [P_MID] => CAEcatca07
    [P_AUTH_DT] => 20250528120638
    [P_STATUS] => 02
    [P_TYPE] => VBANK
    [P_OID] => 250528-005
    [P_FN_CD1] => 32
    [P_FN_CD2] => 
    [P_FN_NM] => 부산은행
    [P_AMT] => 3000
    [P_UNAME] => 선종옥
    [P_RMESG1] => P_VACCT_NO=109924656409|P_EXP_DT=20250607
    [P_RMESG2] => 
    [P_NOTI] => 
    [P_AUTH_NO] => 
)

 Array
(
    [PageCall time] => 12:52:28
    [P_TID] => INIMX_VBNKCAEcatca0720250528124837555880
    [P_MID] => CAEcatca07
    [P_AUTH_DT] => 20250528125228
    [P_STATUS] => 02
    [P_TYPE] => VBANK
    [P_OID] => 250528-013
    [P_FN_CD1] => 03
    [P_FN_CD2] => 
    [P_FN_NM] => 기업은행
    [P_AMT] => 3000
    [P_UNAME] => 박명순
    [P_RMESG1] => P_VACCT_NO=07503139297915|P_EXP_DT=20250607
    [P_RMESG2] => 
    [P_NOTI] => 
    [P_AUTH_NO] => 
)

 Array
(
    [PageCall time] => 13:43:03
    [P_TID] => INIMX_VBNKCAEcatca0720250528134132875935
    [P_MID] => CAEcatca07
    [P_AUTH_DT] => 20250528134303
    [P_STATUS] => 02
    [P_TYPE] => VBANK
    [P_OID] => 250528-016
    [P_FN_CD1] => 11
    [P_FN_CD2] => 
    [P_FN_NM] => NH농협은행
    [P_AMT] => 3000
    [P_UNAME] => 문정욱
    [P_RMESG1] => P_VACCT_NO=01445164192198|P_EXP_DT=20250607
    [P_RMESG2] => 
    [P_NOTI] => 
    [P_AUTH_NO] => 
)

 Array
(
    [PageCall time] => 14:37:36
    [P_TID] => INIMX_VBNKCAEcatca0720250528143643965760
    [P_MID] => CAEcatca07
    [P_AUTH_DT] => 20250528143736
    [P_STATUS] => 02
    [P_TYPE] => VBANK
    [P_OID] => 250528-017
    [P_FN_CD1] => 11
    [P_FN_CD2] => 
    [P_FN_NM] => NH농협은행
    [P_AMT] => 3000
    [P_UNAME] => 박정수
    [P_RMESG1] => P_VACCT_NO=01445164270332|P_EXP_DT=20250607
    [P_RMESG2] => 
    [P_NOTI] => 
    [P_AUTH_NO] => 
)

 Array
(
    [PageCall time] => 14:54:28
    [P_TID] => INIMX_VBNKCAEcatca0720250528145041745901
    [P_MID] => CAEcatca07
    [P_AUTH_DT] => 20250528145428
    [P_STATUS] => 02
    [P_TYPE] => VBANK
    [P_OID] => 250528-019
    [P_FN_CD1] => 81
    [P_FN_CD2] => 
    [P_FN_NM] => 하나은행
    [P_AMT] => 3000
    [P_UNAME] => 유웅준
    [P_RMESG1] => P_VACCT_NO=20894015428537|P_EXP_DT=20250607
    [P_RMESG2] => 
    [P_NOTI] => 
    [P_AUTH_NO] => 
)

 Array
(
    [PageCall time] => 14:58:21
    [P_TID] => INIMX_VBNKCAEcatca0720250528145322475075
    [P_MID] => CAEcatca07
    [P_AUTH_DT] => 20250528145821
    [P_STATUS] => 02
    [P_TYPE] => VBANK
    [P_OID] => 250528-020
    [P_FN_CD1] => 04
    [P_FN_CD2] => 
    [P_FN_NM] => KB국민은행
    [P_AMT] => 3000
    [P_UNAME] => 안수연
    [P_RMESG1] => P_VACCT_NO=51009079089390|P_EXP_DT=20250607
    [P_RMESG2] => 
    [P_NOTI] => 
    [P_AUTH_NO] => 
)

 Array
(
    [PageCall time] => 15:39:20
    [P_TID] => INIMX_VBNKCAEcatca0720250528153615285916
    [P_MID] => CAEcatca07
    [P_AUTH_DT] => 20250528153920
    [P_STATUS] => 02
    [P_TYPE] => VBANK
    [P_OID] => 250528-022
    [P_FN_CD1] => 03
    [P_FN_CD2] => 
    [P_FN_NM] => 기업은행
    [P_AMT] => 3000
    [P_UNAME] => 이병훈
    [P_RMESG1] => P_VACCT_NO=07503141197793|P_EXP_DT=20250607
    [P_RMESG2] => 
    [P_NOTI] => 
    [P_AUTH_NO] => 
)

 Array
(
    [PageCall time] => 16:38:15
    [P_TID] => INIMX_VBNKCAEcatca0720250528163657685970
    [P_MID] => CAEcatca07
    [P_AUTH_DT] => 20250528163815
    [P_STATUS] => 02
    [P_TYPE] => VBANK
    [P_OID] => 250528-023
    [P_FN_CD1] => 04
    [P_FN_CD2] => 
    [P_FN_NM] => KB국민은행
    [P_AMT] => 3000
    [P_UNAME] => 김수완
    [P_RMESG1] => P_VACCT_NO=26119078477229|P_EXP_DT=20250607
    [P_RMESG2] => 
    [P_NOTI] => 
    [P_AUTH_NO] => 
)

 Array
(
    [PageCall time] => 16:41:24
    [P_TID] => INIMX_VBNKCAEcatca0720250528163809725925
    [P_MID] => CAEcatca07
    [P_AUTH_DT] => 20250528164124
    [P_STATUS] => 02
    [P_TYPE] => VBANK
    [P_OID] => 250528-024
    [P_FN_CD1] => 20
    [P_FN_CD2] => 
    [P_FN_NM] => 우리은행
    [P_AMT] => 3000
    [P_UNAME] => 임영진
    [P_RMESG1] => P_VACCT_NO=27490546618233|P_EXP_DT=20250607
    [P_RMESG2] => 
    [P_NOTI] => 
    [P_AUTH_NO] => 
)

 Array
(
    [PageCall time] => 16:59:32
    [P_TID] => INIMX_VBNKCAEcatca0720250528165208335636
    [P_MID] => CAEcatca07
    [P_AUTH_DT] => 20250528165932
    [P_STATUS] => 02
    [P_TYPE] => VBANK
    [P_OID] => 250528-025
    [P_FN_CD1] => 88
    [P_FN_CD2] => 
    [P_FN_NM] => 신한은행
    [P_AMT] => 3000
    [P_UNAME] => 서울엔지니어링
    [P_RMESG1] => P_VACCT_NO=56211991806446|P_EXP_DT=20250607
    [P_RMESG2] => 
    [P_NOTI] => 
    [P_AUTH_NO] => 
)

 Array
(
    [PageCall time] => 18:30:53
    [P_TID] => INIMX_VBNKCAEcatca0720250528182814145328
    [P_MID] => CAEcatca07
    [P_AUTH_DT] => 20250528183053
    [P_STATUS] => 02
    [P_TYPE] => VBANK
    [P_OID] => 250528-029
    [P_FN_CD1] => 20
    [P_FN_CD2] => 
    [P_FN_NM] => 우리은행
    [P_AMT] => 3000
    [P_UNAME] => 김승환
    [P_RMESG1] => P_VACCT_NO=27490552218253|P_EXP_DT=20250607
    [P_RMESG2] => 
    [P_NOTI] => 
    [P_AUTH_NO] => 
)

 Array
(
    [PageCall time] => 18:51:28
    [P_TID] => INIMX_VBNKCAEcatca0720250528185039365142
    [P_MID] => CAEcatca07
    [P_AUTH_DT] => 20250528185128
    [P_STATUS] => 02
    [P_TYPE] => VBANK
    [P_OID] => 250528-032
    [P_FN_CD1] => 04
    [P_FN_CD2] => 
    [P_FN_NM] => KB국민은행
    [P_AMT] => 3000
    [P_UNAME] => 박효진
    [P_RMESG1] => P_VACCT_NO=60539014481233|P_EXP_DT=20250607
    [P_RMESG2] => 
    [P_NOTI] => 
    [P_AUTH_NO] => 
)

 Array
(
    [PageCall time] => 21:26:51
    [P_TID] => INIMX_VBNKCAEcatca0720250528212409985279
    [P_MID] => CAEcatca07
    [P_AUTH_DT] => 20250528212651
    [P_STATUS] => 02
    [P_TYPE] => VBANK
    [P_OID] => 250528-034
    [P_FN_CD1] => 81
    [P_FN_CD2] => 
    [P_FN_NM] => 하나은행
    [P_AMT] => 3000
    [P_UNAME] => 양형준
    [P_RMESG1] => P_VACCT_NO=20894017397937|P_EXP_DT=20250607
    [P_RMESG2] => 
    [P_NOTI] => 
    [P_AUTH_NO] => 
)

