 Array
(
    [PageCall time] => 11:32:56
    [P_TID] => INIMX_VBNKCAEcatca0720250726112511965490
    [P_MID] => CAEcatca07
    [P_AUTH_DT] => 20250726113256
    [P_STATUS] => 02
    [P_TYPE] => VBANK
    [P_OID] => 250726-002
    [P_FN_CD1] => 88
    [P_FN_CD2] => 
    [P_FN_NM] => 신한은행
    [P_AMT] => 3000
    [P_UNAME] => 최명진
    [P_RMESG1] => P_VACCT_NO=56211106793311|P_EXP_DT=20250805
    [P_RMESG2] => 
    [P_NOTI] => 
    [P_AUTH_NO] => 
)

 Array
(
    [PageCall time] => 13:21:29
    [P_TID] => INIMX_VBNKCAEcatca0720250726131820505913
    [P_MID] => CAEcatca07
    [P_AUTH_DT] => 20250726132129
    [P_STATUS] => 02
    [P_TYPE] => VBANK
    [P_OID] => 250726-003
    [P_FN_CD1] => 89
    [P_FN_CD2] => 
    [P_FN_NM] => 케이뱅크
    [P_AMT] => 3000
    [P_UNAME] => 진상범
    [P_RMESG1] => P_VACCT_NO=70112004049194|P_EXP_DT=20250805
    [P_RMESG2] => 
    [P_NOTI] => 
    [P_AUTH_NO] => 
)

 Array
(
    [PageCall time] => 14:25:31
    [P_TID] => INIMX_VBNKCAEcatca0720250726142220485775
    [P_MID] => CAEcatca07
    [P_AUTH_DT] => 20250726142531
    [P_STATUS] => 02
    [P_TYPE] => VBANK
    [P_OID] => 250726-005
    [P_FN_CD1] => 88
    [P_FN_CD2] => 
    [P_FN_NM] => 신한은행
    [P_AMT] => 3000
    [P_UNAME] => 이미선
    [P_RMESG1] => P_VACCT_NO=56211106801109|P_EXP_DT=20250805
    [P_RMESG2] => 
    [P_NOTI] => 
    [P_AUTH_NO] => 
)

 Array
(
    [PageCall time] => 14:43:36
    [P_TID] => INIMX_VBNKCAEcatca0720250726143959805903
    [P_MID] => CAEcatca07
    [P_AUTH_DT] => 20250726144336
    [P_STATUS] => 02
    [P_TYPE] => VBANK
    [P_OID] => 250726-006
    [P_FN_CD1] => 81
    [P_FN_CD2] => 
    [P_FN_NM] => 하나은행
    [P_AMT] => 3000
    [P_UNAME] => 정선용
    [P_RMESG1] => P_VACCT_NO=20893894020137|P_EXP_DT=20250805
    [P_RMESG2] => 
    [P_NOTI] => 
    [P_AUTH_NO] => 
)

 Array
(
    [PageCall time] => 16:26:19
    [P_TID] => INIMX_VBNKCAEcatca0720250726162316795958
    [P_MID] => CAEcatca07
    [P_AUTH_DT] => 20250726162619
    [P_STATUS] => 02
    [P_TYPE] => VBANK
    [P_OID] => 250726-004
    [P_FN_CD1] => 88
    [P_FN_CD2] => 
    [P_FN_NM] => 신한은행
    [P_AMT] => 3000
    [P_UNAME] => 안선희
    [P_RMESG1] => P_VACCT_NO=56211106805754|P_EXP_DT=20250805
    [P_RMESG2] => 
    [P_NOTI] => 
    [P_AUTH_NO] => 
)

 Array
(
    [PageCall time] => 16:52:36
    [P_TID] => INIMX_VBNKCAEcatca0720250726165148475607
    [P_MID] => CAEcatca07
    [P_AUTH_DT] => 20250726165236
    [P_STATUS] => 02
    [P_TYPE] => VBANK
    [P_OID] => 250726-007
    [P_FN_CD1] => 04
    [P_FN_CD2] => 
    [P_FN_NM] => KB국민은행
    [P_AMT] => 3000
    [P_UNAME] => 이화영
    [P_RMESG1] => P_VACCT_NO=00289071175451|P_EXP_DT=20250805
    [P_RMESG2] => 
    [P_NOTI] => 
    [P_AUTH_NO] => 
)

 Array
(
    [PageCall time] => 17:37:15
    [P_TID] => INIMX_VBNKCAEcatca0720250726173445195362
    [P_MID] => CAEcatca07
    [P_AUTH_DT] => 20250726173715
    [P_STATUS] => 02
    [P_TYPE] => VBANK
    [P_OID] => 250726-008
    [P_FN_CD1] => 04
    [P_FN_CD2] => 
    [P_FN_NM] => KB국민은행
    [P_AMT] => 3000
    [P_UNAME] => 최현영
    [P_RMESG1] => P_VACCT_NO=00289071204720|P_EXP_DT=20250805
    [P_RMESG2] => 
    [P_NOTI] => 
    [P_AUTH_NO] => 
)

 Array
(
    [PageCall time] => 18:14:13
    [P_TID] => INIMX_VBNKCAEcatca0720250726181137515988
    [P_MID] => CAEcatca07
    [P_AUTH_DT] => 20250726181413
    [P_STATUS] => 02
    [P_TYPE] => VBANK
    [P_OID] => 250726-009
    [P_FN_CD1] => 89
    [P_FN_CD2] => 
    [P_FN_NM] => 케이뱅크
    [P_AMT] => 3000
    [P_UNAME] => 공도현
    [P_RMESG1] => P_VACCT_NO=70112004050342|P_EXP_DT=20250805
    [P_RMESG2] => 
    [P_NOTI] => 
    [P_AUTH_NO] => 
)

 Array
(
    [PageCall time] => 18:37:20
    [P_TID] => INIMX_VBNKCAEcatca0720250726183448585889
    [P_MID] => CAEcatca07
    [P_AUTH_DT] => 20250726183720
    [P_STATUS] => 02
    [P_TYPE] => VBANK
    [P_OID] => 250726-010
    [P_FN_CD1] => 32
    [P_FN_CD2] => 
    [P_FN_NM] => 부산은행
    [P_AMT] => 3000
    [P_UNAME] => 장예은
    [P_RMESG1] => P_VACCT_NO=109924896357|P_EXP_DT=20250805
    [P_RMESG2] => 
    [P_NOTI] => 
    [P_AUTH_NO] => 
)

