 Array
(
    [PageCall time] => 09:26:29
    [P_TID] => INIMX_VBNKCAEcatca0720260328092322295977
    [P_MID] => CAEcatca07
    [P_AUTH_DT] => 20260328092629
    [P_STATUS] => 02
    [P_TYPE] => VBANK
    [P_OID] => 260328-001
    [P_FN_CD1] => 04
    [P_FN_CD2] => 
    [P_FN_NM] => KB국민은행
    [P_AMT] => 3500
    [P_UNAME] => 오희라
    [P_RMESG1] => P_VACCT_NO=26029078054083|P_EXP_DT=20260407
    [P_RMESG2] => 
    [P_NOTI] => 
    [P_AUTH_NO] => 
)

 Array
(
    [PageCall time] => 11:01:10
    [P_TID] => INIMX_VBNKCAEcatca0720260328105726705834
    [P_MID] => CAEcatca07
    [P_AUTH_DT] => 20260328110110
    [P_STATUS] => 02
    [P_TYPE] => VBANK
    [P_OID] => 260328-002
    [P_FN_CD1] => 20
    [P_FN_CD2] => 
    [P_FN_NM] => 우리은행
    [P_AMT] => 3500
    [P_UNAME] => 김창주
    [P_RMESG1] => P_VACCT_NO=61841571418103|P_EXP_DT=20260407
    [P_RMESG2] => 
    [P_NOTI] => 
    [P_AUTH_NO] => 
)

 Array
(
    [PageCall time] => 11:32:24
    [P_TID] => INIMX_VBNKCAEcatca0720260328112943755681
    [P_MID] => CAEcatca07
    [P_AUTH_DT] => 20260328113224
    [P_STATUS] => 02
    [P_TYPE] => VBANK
    [P_OID] => 260328-003
    [P_FN_CD1] => 04
    [P_FN_CD2] => 
    [P_FN_NM] => KB국민은행
    [P_AMT] => 3500
    [P_UNAME] => 김세형
    [P_RMESG1] => P_VACCT_NO=26029078240233|P_EXP_DT=20260407
    [P_RMESG2] => 
    [P_NOTI] => 
    [P_AUTH_NO] => 
)

 Array
(
    [PageCall time] => 14:19:01
    [P_TID] => INIMX_VBNKCAEcatca0720260328141633285276
    [P_MID] => CAEcatca07
    [P_AUTH_DT] => 20260328141901
    [P_STATUS] => 02
    [P_TYPE] => VBANK
    [P_OID] => 260328-004
    [P_FN_CD1] => 88
    [P_FN_CD2] => 
    [P_FN_NM] => 신한은행
    [P_AMT] => 3500
    [P_UNAME] => 이은경
    [P_RMESG1] => P_VACCT_NO=56211106105678|P_EXP_DT=20260407
    [P_RMESG2] => 
    [P_NOTI] => 
    [P_AUTH_NO] => 
)

 Array
(
    [PageCall time] => 17:43:09
    [P_TID] => INIMX_VBNKCAEcatca0720260328174230465911
    [P_MID] => CAEcatca07
    [P_AUTH_DT] => 20260328174309
    [P_STATUS] => 02
    [P_TYPE] => VBANK
    [P_OID] => 260328-011
    [P_FN_CD1] => 11
    [P_FN_CD2] => 
    [P_FN_NM] => NH농협은행
    [P_AMT] => 3500
    [P_UNAME] => 이혜림
    [P_RMESG1] => P_VACCT_NO=79014409411561|P_EXP_DT=20260407
    [P_RMESG2] => 
    [P_NOTI] => 
    [P_AUTH_NO] => 
)

 Array
(
    [PageCall time] => 18:25:41
    [P_TID] => INIMX_VBNKCAEcatca0720260328182508665234
    [P_MID] => CAEcatca07
    [P_AUTH_DT] => 20260328182541
    [P_STATUS] => 02
    [P_TYPE] => VBANK
    [P_OID] => 260324-055
    [P_FN_CD1] => 11
    [P_FN_CD2] => 
    [P_FN_NM] => NH농협은행
    [P_AMT] => 3500
    [P_UNAME] => 최소영
    [P_RMESG1] => P_VACCT_NO=79014409417083|P_EXP_DT=20260407
    [P_RMESG2] => 
    [P_NOTI] => 
    [P_AUTH_NO] => 
)

 Array
(
    [PageCall time] => 18:29:34
    [P_TID] => INIMX_VBNKCAEcatca0720260328182154815666
    [P_MID] => CAEcatca07
    [P_AUTH_DT] => 20260328182934
    [P_STATUS] => 02
    [P_TYPE] => VBANK
    [P_OID] => 260328-012
    [P_FN_CD1] => 81
    [P_FN_CD2] => 
    [P_FN_NM] => 하나은행
    [P_AMT] => 3500
    [P_UNAME] => 김효순
    [P_RMESG1] => P_VACCT_NO=20893861134837|P_EXP_DT=20260407
    [P_RMESG2] => 
    [P_NOTI] => 
    [P_AUTH_NO] => 
)

 Array
(
    [PageCall time] => 20:16:45
    [P_TID] => INIMX_VBNKCAEcatca0720260328201545705287
    [P_MID] => CAEcatca07
    [P_AUTH_DT] => 20260328201645
    [P_STATUS] => 02
    [P_TYPE] => VBANK
    [P_OID] => 260328-013
    [P_FN_CD1] => 11
    [P_FN_CD2] => 
    [P_FN_NM] => NH농협은행
    [P_AMT] => 3500
    [P_UNAME] => 김주연
    [P_RMESG1] => P_VACCT_NO=79014409422558|P_EXP_DT=20260407
    [P_RMESG2] => 
    [P_NOTI] => 
    [P_AUTH_NO] => 
)

 Array
(
    [PageCall time] => 21:35:01
    [P_TID] => INIMX_VBNKCAEcatca0720260328213138675575
    [P_MID] => CAEcatca07
    [P_AUTH_DT] => 20260328213501
    [P_STATUS] => 02
    [P_TYPE] => VBANK
    [P_OID] => 260328-014
    [P_FN_CD1] => 88
    [P_FN_CD2] => 
    [P_FN_NM] => 신한은행
    [P_AMT] => 3500
    [P_UNAME] => 하대현
    [P_RMESG1] => P_VACCT_NO=56211106122295|P_EXP_DT=20260407
    [P_RMESG2] => 
    [P_NOTI] => 
    [P_AUTH_NO] => 
)

 Array
(
    [PageCall time] => 23:01:06
    [P_TID] => INIMX_VBNKCAEcatca0720260328230031575461
    [P_MID] => CAEcatca07
    [P_AUTH_DT] => 20260328230106
    [P_STATUS] => 02
    [P_TYPE] => VBANK
    [P_OID] => 260328-016
    [P_FN_CD1] => 11
    [P_FN_CD2] => 
    [P_FN_NM] => NH농협은행
    [P_AMT] => 3500
    [P_UNAME] => 양승연
    [P_RMESG1] => P_VACCT_NO=79014409436351|P_EXP_DT=20260407
    [P_RMESG2] => 
    [P_NOTI] => 
    [P_AUTH_NO] => 
)

