 Array
(
    [PageCall time] => 08:24:15
    [P_TID] => INIMX_VBNKCAEcatca0720250904082122195741
    [P_MID] => CAEcatca07
    [P_AUTH_DT] => 20250904082415
    [P_STATUS] => 02
    [P_TYPE] => VBANK
    [P_OID] => 250904-001
    [P_FN_CD1] => 04
    [P_FN_CD2] => 
    [P_FN_NM] => KB국민은행
    [P_AMT] => 3000
    [P_UNAME] => 윤연빈
    [P_RMESG1] => P_VACCT_NO=26159078540712|P_EXP_DT=20250914
    [P_RMESG2] => 
    [P_NOTI] => 
    [P_AUTH_NO] => 
)

 Array
(
    [PageCall time] => 10:18:35
    [P_TID] => INIMX_VBNKCAEcatca0720250904101318575095
    [P_MID] => CAEcatca07
    [P_AUTH_DT] => 20250904101835
    [P_STATUS] => 02
    [P_TYPE] => VBANK
    [P_OID] => 250904-003
    [P_FN_CD1] => 88
    [P_FN_CD2] => 
    [P_FN_NM] => 신한은행
    [P_AMT] => 3000
    [P_UNAME] => 김선정
    [P_RMESG1] => P_VACCT_NO=56211105830823|P_EXP_DT=20250914
    [P_RMESG2] => 
    [P_NOTI] => 
    [P_AUTH_NO] => 
)

 Array
(
    [PageCall time] => 10:19:43
    [P_TID] => INIMX_VBNKCAEcatca0720250904101805625083
    [P_MID] => CAEcatca07
    [P_AUTH_DT] => 20250904101943
    [P_STATUS] => 02
    [P_TYPE] => VBANK
    [P_OID] => 250904-004
    [P_FN_CD1] => 11
    [P_FN_CD2] => 
    [P_FN_NM] => NH농협은행
    [P_AMT] => 3000
    [P_UNAME] => 이기상
    [P_RMESG1] => P_VACCT_NO=79014409437409|P_EXP_DT=20250914
    [P_RMESG2] => 
    [P_NOTI] => 
    [P_AUTH_NO] => 
)

 Array
(
    [PageCall time] => 11:12:40
    [P_TID] => INIMX_VBNKCAEcatca0720250904110858145161
    [P_MID] => CAEcatca07
    [P_AUTH_DT] => 20250904111240
    [P_STATUS] => 02
    [P_TYPE] => VBANK
    [P_OID] => 250904-006
    [P_FN_CD1] => 20
    [P_FN_CD2] => 
    [P_FN_NM] => 우리은행
    [P_AMT] => 3000
    [P_UNAME] => 엄성용
    [P_RMESG1] => P_VACCT_NO=27489230718633|P_EXP_DT=20250914
    [P_RMESG2] => 
    [P_NOTI] => 
    [P_AUTH_NO] => 
)

 Array
(
    [PageCall time] => 11:16:44
    [P_TID] => INIMX_VBNKCAEcatca0720250904111315425583
    [P_MID] => CAEcatca07
    [P_AUTH_DT] => 20250904111644
    [P_STATUS] => 02
    [P_TYPE] => VBANK
    [P_OID] => 250904-010
    [P_FN_CD1] => 81
    [P_FN_CD2] => 
    [P_FN_NM] => 하나은행
    [P_AMT] => 3000
    [P_UNAME] => 천여진
    [P_RMESG1] => P_VACCT_NO=20894074697037|P_EXP_DT=20250914
    [P_RMESG2] => 
    [P_NOTI] => 
    [P_AUTH_NO] => 
)

 Array
(
    [PageCall time] => 11:59:48
    [P_TID] => INIMX_VBNKCAEcatca0720250904115650955322
    [P_MID] => CAEcatca07
    [P_AUTH_DT] => 20250904115948
    [P_STATUS] => 02
    [P_TYPE] => VBANK
    [P_OID] => 250904-015
    [P_FN_CD1] => 88
    [P_FN_CD2] => 
    [P_FN_NM] => 신한은행
    [P_AMT] => 3000
    [P_UNAME] => 채명숙
    [P_RMESG1] => P_VACCT_NO=56211106165859|P_EXP_DT=20250914
    [P_RMESG2] => 
    [P_NOTI] => 
    [P_AUTH_NO] => 
)

 Array
(
    [PageCall time] => 12:42:51
    [P_TID] => INIMX_VBNKCAEcatca0720250904124000855550
    [P_MID] => CAEcatca07
    [P_AUTH_DT] => 20250904124251
    [P_STATUS] => 02
    [P_TYPE] => VBANK
    [P_OID] => 250904-017
    [P_FN_CD1] => 88
    [P_FN_CD2] => 
    [P_FN_NM] => 신한은행
    [P_AMT] => 3000
    [P_UNAME] => 이상원
    [P_RMESG1] => P_VACCT_NO=56211106557400|P_EXP_DT=20250914
    [P_RMESG2] => 
    [P_NOTI] => 
    [P_AUTH_NO] => 
)

 Array
(
    [PageCall time] => 13:15:31
    [P_TID] => INIMX_VBNKCAEcatca0720250904123234215697
    [P_MID] => CAEcatca07
    [P_AUTH_DT] => 20250904131531
    [P_STATUS] => 02
    [P_TYPE] => VBANK
    [P_OID] => 250904-016
    [P_FN_CD1] => 03
    [P_FN_CD2] => 
    [P_FN_NM] => 기업은행
    [P_AMT] => 3000
    [P_UNAME] => 오혐철
    [P_RMESG1] => P_VACCT_NO=07500634997241|P_EXP_DT=20250914
    [P_RMESG2] => 
    [P_NOTI] => 
    [P_AUTH_NO] => 
)

 Array
(
    [PageCall time] => 13:27:22
    [P_TID] => INIMX_VBNKCAEcatca0720250904132003465640
    [P_MID] => CAEcatca07
    [P_AUTH_DT] => 20250904132722
    [P_STATUS] => 02
    [P_TYPE] => VBANK
    [P_OID] => 250904-018
    [P_FN_CD1] => 88
    [P_FN_CD2] => 
    [P_FN_NM] => 신한은행
    [P_AMT] => 3000
    [P_UNAME] => 최윤철
    [P_RMESG1] => P_VACCT_NO=56213170688601|P_EXP_DT=20250914
    [P_RMESG2] => 
    [P_NOTI] => 
    [P_AUTH_NO] => 
)

 Array
(
    [PageCall time] => 13:57:47
    [P_TID] => INIMX_VBNKCAEcatca0720250904135348785746
    [P_MID] => CAEcatca07
    [P_AUTH_DT] => 20250904135747
    [P_STATUS] => 02
    [P_TYPE] => VBANK
    [P_OID] => 250904-021
    [P_FN_CD1] => 88
    [P_FN_CD2] => 
    [P_FN_NM] => 신한은행
    [P_AMT] => 3000
    [P_UNAME] => 김하늘
    [P_RMESG1] => P_VACCT_NO=56213170691382|P_EXP_DT=20250914
    [P_RMESG2] => 
    [P_NOTI] => 
    [P_AUTH_NO] => 
)

 Array
(
    [PageCall time] => 14:06:39
    [P_TID] => INIMX_VBNKCAEcatca0720250904140332965888
    [P_MID] => CAEcatca07
    [P_AUTH_DT] => 20250904140639
    [P_STATUS] => 02
    [P_TYPE] => VBANK
    [P_OID] => 250904-022
    [P_FN_CD1] => 20
    [P_FN_CD2] => 
    [P_FN_NM] => 우리은행
    [P_AMT] => 3000
    [P_UNAME] => 김대기
    [P_RMESG1] => P_VACCT_NO=27489245118196|P_EXP_DT=20250914
    [P_RMESG2] => 
    [P_NOTI] => 
    [P_AUTH_NO] => 
)

 Array
(
    [PageCall time] => 14:15:48
    [P_TID] => INIMX_VBNKCAEcatca0720250904141253595639
    [P_MID] => CAEcatca07
    [P_AUTH_DT] => 20250904141548
    [P_STATUS] => 02
    [P_TYPE] => VBANK
    [P_OID] => 250904-023
    [P_FN_CD1] => 03
    [P_FN_CD2] => 
    [P_FN_NM] => 기업은행
    [P_AMT] => 3000
    [P_UNAME] => 배진실
    [P_RMESG1] => P_VACCT_NO=07500638597861|P_EXP_DT=20250914
    [P_RMESG2] => 
    [P_NOTI] => 
    [P_AUTH_NO] => 
)

 Array
(
    [PageCall time] => 15:19:37
    [P_TID] => INIMX_VBNKCAEcatca0720250904151502875451
    [P_MID] => CAEcatca07
    [P_AUTH_DT] => 20250904151937
    [P_STATUS] => 02
    [P_TYPE] => VBANK
    [P_OID] => 250904-025
    [P_FN_CD1] => 81
    [P_FN_CD2] => 
    [P_FN_NM] => 하나은행
    [P_AMT] => 3000
    [P_UNAME] => 전영
    [P_RMESG1] => P_VACCT_NO=20894076588837|P_EXP_DT=20250914
    [P_RMESG2] => 
    [P_NOTI] => 
    [P_AUTH_NO] => 
)

 Array
(
    [PageCall time] => 15:23:55
    [P_TID] => INIMX_VBNKCAEcatca0720250904152055905678
    [P_MID] => CAEcatca07
    [P_AUTH_DT] => 20250904152355
    [P_STATUS] => 02
    [P_TYPE] => VBANK
    [P_OID] => 250904-026
    [P_FN_CD1] => 81
    [P_FN_CD2] => 
    [P_FN_NM] => 하나은행
    [P_AMT] => 3000
    [P_UNAME] => 원현주
    [P_RMESG1] => P_VACCT_NO=20894076634437|P_EXP_DT=20250914
    [P_RMESG2] => 
    [P_NOTI] => 
    [P_AUTH_NO] => 
)

 Array
(
    [PageCall time] => 15:44:59
    [P_TID] => INIMX_VBNKCAEcatca0720250904154152035986
    [P_MID] => CAEcatca07
    [P_AUTH_DT] => 20250904154459
    [P_STATUS] => 02
    [P_TYPE] => VBANK
    [P_OID] => 250904-028
    [P_FN_CD1] => 88
    [P_FN_CD2] => 
    [P_FN_NM] => 신한은행
    [P_AMT] => 3000
    [P_UNAME] => 이인선
    [P_RMESG1] => P_VACCT_NO=56213170715045|P_EXP_DT=20250914
    [P_RMESG2] => 
    [P_NOTI] => 
    [P_AUTH_NO] => 
)

 Array
(
    [PageCall time] => 15:57:17
    [P_TID] => INIMX_VBNKCAEcatca0720250904155516295598
    [P_MID] => CAEcatca07
    [P_AUTH_DT] => 20250904155717
    [P_STATUS] => 02
    [P_TYPE] => VBANK
    [P_OID] => 250904-029
    [P_FN_CD1] => 11
    [P_FN_CD2] => 
    [P_FN_NM] => NH농협은행
    [P_AMT] => 3000
    [P_UNAME] => 오승택
    [P_RMESG1] => P_VACCT_NO=79014409505891|P_EXP_DT=20250914
    [P_RMESG2] => 
    [P_NOTI] => 
    [P_AUTH_NO] => 
)

 Array
(
    [PageCall time] => 16:23:56
    [P_TID] => INIMX_VBNKCAEcatca0720250904162042865150
    [P_MID] => CAEcatca07
    [P_AUTH_DT] => 20250904162356
    [P_STATUS] => 02
    [P_TYPE] => VBANK
    [P_OID] => 250904-031
    [P_FN_CD1] => 04
    [P_FN_CD2] => 
    [P_FN_NM] => KB국민은행
    [P_AMT] => 3000
    [P_UNAME] => 고도연
    [P_RMESG1] => P_VACCT_NO=80429078370231|P_EXP_DT=20250914
    [P_RMESG2] => 
    [P_NOTI] => 
    [P_AUTH_NO] => 
)

 Array
(
    [PageCall time] => 17:10:21
    [P_TID] => INIMX_VBNKCAEcatca0720250904170936545401
    [P_MID] => CAEcatca07
    [P_AUTH_DT] => 20250904171021
    [P_STATUS] => 02
    [P_TYPE] => VBANK
    [P_OID] => 250904-033
    [P_FN_CD1] => 11
    [P_FN_CD2] => 
    [P_FN_NM] => NH농협은행
    [P_AMT] => 3000
    [P_UNAME] => 정진희
    [P_RMESG1] => P_VACCT_NO=79014409518604|P_EXP_DT=20250914
    [P_RMESG2] => 
    [P_NOTI] => 
    [P_AUTH_NO] => 
)

 Array
(
    [PageCall time] => 17:18:21
    [P_TID] => INIMX_VBNKCAEcatca0720250904171554125616
    [P_MID] => CAEcatca07
    [P_AUTH_DT] => 20250904171821
    [P_STATUS] => 02
    [P_TYPE] => VBANK
    [P_OID] => 250904-034
    [P_FN_CD1] => 88
    [P_FN_CD2] => 
    [P_FN_NM] => 신한은행
    [P_AMT] => 3000
    [P_UNAME] => 유지인
    [P_RMESG1] => P_VACCT_NO=56213170727012|P_EXP_DT=20250914
    [P_RMESG2] => 
    [P_NOTI] => 
    [P_AUTH_NO] => 
)

 Array
(
    [PageCall time] => 17:24:23
    [P_TID] => INIMX_VBNKCAEcatca0720250904172035345104
    [P_MID] => CAEcatca07
    [P_AUTH_DT] => 20250904172423
    [P_STATUS] => 02
    [P_TYPE] => VBANK
    [P_OID] => 250904-035
    [P_FN_CD1] => 89
    [P_FN_CD2] => 
    [P_FN_NM] => 케이뱅크
    [P_AMT] => 3000
    [P_UNAME] => 노태경
    [P_RMESG1] => P_VACCT_NO=70112003363210|P_EXP_DT=20250914
    [P_RMESG2] => 
    [P_NOTI] => 
    [P_AUTH_NO] => 
)

 Array
(
    [PageCall time] => 18:41:15
    [P_TID] => INIMX_VBNKCAEcatca0720250904183837705561
    [P_MID] => CAEcatca07
    [P_AUTH_DT] => 20250904184114
    [P_STATUS] => 02
    [P_TYPE] => VBANK
    [P_OID] => 250904-038
    [P_FN_CD1] => 88
    [P_FN_CD2] => 
    [P_FN_NM] => 신한은행
    [P_AMT] => 3000
    [P_UNAME] => 정혜민
    [P_RMESG1] => P_VACCT_NO=56213170735506|P_EXP_DT=20250914
    [P_RMESG2] => 
    [P_NOTI] => 
    [P_AUTH_NO] => 
)

 Array
(
    [PageCall time] => 19:27:43
    [P_TID] => INIMX_VBNKCAEcatca0720250904192344205732
    [P_MID] => CAEcatca07
    [P_AUTH_DT] => 20250904192743
    [P_STATUS] => 02
    [P_TYPE] => VBANK
    [P_OID] => 250904-039
    [P_FN_CD1] => 20
    [P_FN_CD2] => 
    [P_FN_NM] => 우리은행
    [P_AMT] => 3000
    [P_UNAME] => 김성심
    [P_RMESG1] => P_VACCT_NO=27489269918331|P_EXP_DT=20250914
    [P_RMESG2] => 
    [P_NOTI] => 
    [P_AUTH_NO] => 
)

 Array
(
    [PageCall time] => 19:35:35
    [P_TID] => INIMX_VBNKCAEcatca0720250904191034185230
    [P_MID] => CAEcatca07
    [P_AUTH_DT] => 20250904193535
    [P_STATUS] => 02
    [P_TYPE] => VBANK
    [P_OID] => 250903-036
    [P_FN_CD1] => 04
    [P_FN_CD2] => 
    [P_FN_NM] => KB국민은행
    [P_AMT] => 3000
    [P_UNAME] => 정은주
    [P_RMESG1] => P_VACCT_NO=80429078397207|P_EXP_DT=20250914
    [P_RMESG2] => 
    [P_NOTI] => 
    [P_AUTH_NO] => 
)

 Array
(
    [PageCall time] => 22:04:24
    [P_TID] => INIMX_VBNKCAEcatca0720250904220400485351
    [P_MID] => CAEcatca07
    [P_AUTH_DT] => 20250904220424
    [P_STATUS] => 02
    [P_TYPE] => VBANK
    [P_OID] => 250904-040
    [P_FN_CD1] => 11
    [P_FN_CD2] => 
    [P_FN_NM] => NH농협은행
    [P_AMT] => 3000
    [P_UNAME] => 김예라
    [P_RMESG1] => P_VACCT_NO=79014409548104|P_EXP_DT=20250914
    [P_RMESG2] => 
    [P_NOTI] => 
    [P_AUTH_NO] => 
)

 Array
(
    [PageCall time] => 22:55:04
    [P_TID] => INIMX_VBNKCAEcatca0720250904225149805724
    [P_MID] => CAEcatca07
    [P_AUTH_DT] => 20250904225504
    [P_STATUS] => 02
    [P_TYPE] => VBANK
    [P_OID] => 250904-041
    [P_FN_CD1] => 88
    [P_FN_CD2] => 
    [P_FN_NM] => 신한은행
    [P_AMT] => 3000
    [P_UNAME] => 김석주
    [P_RMESG1] => P_VACCT_NO=56213170758399|P_EXP_DT=20250914
    [P_RMESG2] => 
    [P_NOTI] => 
    [P_AUTH_NO] => 
)

