 Array
(
    [PageCall time] => 02:54:35
    [P_TID] => INIMX_VBNKCAEcatca0720260225025114984453
    [P_MID] => CAEcatca07
    [P_AUTH_DT] => 20260225025435
    [P_STATUS] => 02
    [P_TYPE] => VBANK
    [P_OID] => 260225-003
    [P_FN_CD1] => 04
    [P_FN_CD2] => 
    [P_FN_NM] => KB국민은행
    [P_AMT] => 3500
    [P_UNAME] => 김명희
    [P_RMESG1] => P_VACCT_NO=00159071437837|P_EXP_DT=20260307
    [P_RMESG2] => 
    [P_NOTI] => 
    [P_AUTH_NO] => 
)

 Array
(
    [PageCall time] => 07:56:58
    [P_TID] => INIMX_VBNKCAEcatca0720260225075321694531
    [P_MID] => CAEcatca07
    [P_AUTH_DT] => 20260225075658
    [P_STATUS] => 02
    [P_TYPE] => VBANK
    [P_OID] => 260225-004
    [P_FN_CD1] => 04
    [P_FN_CD2] => 
    [P_FN_NM] => KB국민은행
    [P_AMT] => 3500
    [P_UNAME] => 유형주
    [P_RMESG1] => P_VACCT_NO=00159071439464|P_EXP_DT=20260307
    [P_RMESG2] => 
    [P_NOTI] => 
    [P_AUTH_NO] => 
)

 Array
(
    [PageCall time] => 08:02:37
    [P_TID] => INIMX_VBNKCAEcatca0720260225075840404613
    [P_MID] => CAEcatca07
    [P_AUTH_DT] => 20260225080237
    [P_STATUS] => 02
    [P_TYPE] => VBANK
    [P_OID] => 260222-015
    [P_FN_CD1] => 04
    [P_FN_CD2] => 
    [P_FN_NM] => KB국민은행
    [P_AMT] => 3500
    [P_UNAME] => 성혜정
    [P_RMESG1] => P_VACCT_NO=00159071439592|P_EXP_DT=20260307
    [P_RMESG2] => 
    [P_NOTI] => 
    [P_AUTH_NO] => 
)

 Array
(
    [PageCall time] => 10:20:36
    [P_TID] => INIMX_VBNKCAEcatca0720260225101720224907
    [P_MID] => CAEcatca07
    [P_AUTH_DT] => 20260225102035
    [P_STATUS] => 02
    [P_TYPE] => VBANK
    [P_OID] => 260225-009
    [P_FN_CD1] => 04
    [P_FN_CD2] => 
    [P_FN_NM] => KB국민은행
    [P_AMT] => 3500
    [P_UNAME] => 최윤덕
    [P_RMESG1] => P_VACCT_NO=00159071453145|P_EXP_DT=20260307
    [P_RMESG2] => 
    [P_NOTI] => 
    [P_AUTH_NO] => 
)

 Array
(
    [PageCall time] => 10:26:44
    [P_TID] => INIMX_VBNKCAEcatca0720260225013737454199
    [P_MID] => CAEcatca07
    [P_AUTH_DT] => 20260225102644
    [P_STATUS] => 02
    [P_TYPE] => VBANK
    [P_OID] => 260225-001
    [P_FN_CD1] => 11
    [P_FN_CD2] => 
    [P_FN_NM] => NH농협은행
    [P_AMT] => 3500
    [P_UNAME] => 김영숙
    [P_RMESG1] => P_VACCT_NO=79006426278899|P_EXP_DT=20260307
    [P_RMESG2] => 
    [P_NOTI] => 
    [P_AUTH_NO] => 
)

 Array
(
    [PageCall time] => 10:35:04
    [P_TID] => INIMX_VBNKCAEcatca0720260225102947845695
    [P_MID] => CAEcatca07
    [P_AUTH_DT] => 20260225103504
    [P_STATUS] => 02
    [P_TYPE] => VBANK
    [P_OID] => 260225-011
    [P_FN_CD1] => 20
    [P_FN_CD2] => 
    [P_FN_NM] => 우리은행
    [P_AMT] => 3500
    [P_UNAME] => 김대우
    [P_RMESG1] => P_VACCT_NO=27491104818474|P_EXP_DT=20260307
    [P_RMESG2] => 
    [P_NOTI] => 
    [P_AUTH_NO] => 
)

 Array
(
    [PageCall time] => 10:58:19
    [P_TID] => INIMX_VBNKCAEcatca0720260225105735434037
    [P_MID] => CAEcatca07
    [P_AUTH_DT] => 20260225105819
    [P_STATUS] => 02
    [P_TYPE] => VBANK
    [P_OID] => 260225-014
    [P_FN_CD1] => 11
    [P_FN_CD2] => 
    [P_FN_NM] => NH농협은행
    [P_AMT] => 3500
    [P_UNAME] => 심송이
    [P_RMESG1] => P_VACCT_NO=79006426335329|P_EXP_DT=20260307
    [P_RMESG2] => 
    [P_NOTI] => 
    [P_AUTH_NO] => 
)

 Array
(
    [PageCall time] => 11:09:18
    [P_TID] => INIMX_VBNKCAEcatca0720260225110429905064
    [P_MID] => CAEcatca07
    [P_AUTH_DT] => 20260225110918
    [P_STATUS] => 02
    [P_TYPE] => VBANK
    [P_OID] => 260225-015
    [P_FN_CD1] => 32
    [P_FN_CD2] => 
    [P_FN_NM] => 부산은행
    [P_AMT] => 3500
    [P_UNAME] => 한경순
    [P_RMESG1] => P_VACCT_NO=109924694958|P_EXP_DT=20260307
    [P_RMESG2] => 
    [P_NOTI] => 
    [P_AUTH_NO] => 
)

 Array
(
    [PageCall time] => 11:14:11
    [P_TID] => INIMX_VBNKCAEcatca0720260225111042595415
    [P_MID] => CAEcatca07
    [P_AUTH_DT] => 20260225111411
    [P_STATUS] => 02
    [P_TYPE] => VBANK
    [P_OID] => 260225-016
    [P_FN_CD1] => 20
    [P_FN_CD2] => 
    [P_FN_NM] => 우리은행
    [P_AMT] => 3500
    [P_UNAME] => 박효은
    [P_RMESG1] => P_VACCT_NO=27491106218812|P_EXP_DT=20260307
    [P_RMESG2] => 
    [P_NOTI] => 
    [P_AUTH_NO] => 
)

 Array
(
    [PageCall time] => 11:37:16
    [P_TID] => INIMX_VBNKCAEcatca0720260225113411264088
    [P_MID] => CAEcatca07
    [P_AUTH_DT] => 20260225113716
    [P_STATUS] => 02
    [P_TYPE] => VBANK
    [P_OID] => 260225-018
    [P_FN_CD1] => 88
    [P_FN_CD2] => 
    [P_FN_NM] => 신한은행
    [P_AMT] => 3500
    [P_UNAME] => 김성민
    [P_RMESG1] => P_VACCT_NO=56211991560280|P_EXP_DT=20260307
    [P_RMESG2] => 
    [P_NOTI] => 
    [P_AUTH_NO] => 
)

 Array
(
    [PageCall time] => 11:43:38
    [P_TID] => INIMX_VBNKCAEcatca0720260225114034164599
    [P_MID] => CAEcatca07
    [P_AUTH_DT] => 20260225114338
    [P_STATUS] => 02
    [P_TYPE] => VBANK
    [P_OID] => 260225-019
    [P_FN_CD1] => 04
    [P_FN_CD2] => 
    [P_FN_NM] => KB국민은행
    [P_AMT] => 3500
    [P_UNAME] => 차재회
    [P_RMESG1] => P_VACCT_NO=00159071465308|P_EXP_DT=20260307
    [P_RMESG2] => 
    [P_NOTI] => 
    [P_AUTH_NO] => 
)

 Array
(
    [PageCall time] => 11:48:28
    [P_TID] => INIMX_VBNKCAEcatca0720260225114723804877
    [P_MID] => CAEcatca07
    [P_AUTH_DT] => 20260225114828
    [P_STATUS] => 02
    [P_TYPE] => VBANK
    [P_OID] => 260223-025
    [P_FN_CD1] => 11
    [P_FN_CD2] => 
    [P_FN_NM] => NH농협은행
    [P_AMT] => 3500
    [P_UNAME] => 유미정
    [P_RMESG1] => P_VACCT_NO=79006426342931|P_EXP_DT=20260307
    [P_RMESG2] => 
    [P_NOTI] => 
    [P_AUTH_NO] => 
)

 Array
(
    [PageCall time] => 13:14:50
    [P_TID] => INIMX_VBNKCAEcatca0720260225131159454117
    [P_MID] => CAEcatca07
    [P_AUTH_DT] => 20260225131450
    [P_STATUS] => 02
    [P_TYPE] => VBANK
    [P_OID] => 260225-022
    [P_FN_CD1] => 04
    [P_FN_CD2] => 
    [P_FN_NM] => KB국민은행
    [P_AMT] => 3500
    [P_UNAME] => 김태훈
    [P_RMESG1] => P_VACCT_NO=00159071476379|P_EXP_DT=20260307
    [P_RMESG2] => 
    [P_NOTI] => 
    [P_AUTH_NO] => 
)

 Array
(
    [PageCall time] => 13:20:48
    [P_TID] => INIMX_VBNKCAEcatca0720260225131913464139
    [P_MID] => CAEcatca07
    [P_AUTH_DT] => 20260225132048
    [P_STATUS] => 02
    [P_TYPE] => VBANK
    [P_OID] => 260225-023
    [P_FN_CD1] => 71
    [P_FN_CD2] => 
    [P_FN_NM] => 우체국
    [P_AMT] => 3500
    [P_UNAME] => 이민희
    [P_RMESG1] => P_VACCT_NO=01401981604306|P_EXP_DT=20260307
    [P_RMESG2] => 
    [P_NOTI] => 
    [P_AUTH_NO] => 
)

 Array
(
    [PageCall time] => 13:40:04
    [P_TID] => INIMX_VBNKCAEcatca0720260225133737535299
    [P_MID] => CAEcatca07
    [P_AUTH_DT] => 20260225134004
    [P_STATUS] => 02
    [P_TYPE] => VBANK
    [P_OID] => 260225-025
    [P_FN_CD1] => 04
    [P_FN_CD2] => 
    [P_FN_NM] => KB국민은행
    [P_AMT] => 3500
    [P_UNAME] => 최수경
    [P_RMESG1] => P_VACCT_NO=70219014986992|P_EXP_DT=20260307
    [P_RMESG2] => 
    [P_NOTI] => 
    [P_AUTH_NO] => 
)

 Array
(
    [PageCall time] => 13:46:54
    [P_TID] => INIMX_VBNKCAEcatca0720260224171900584501
    [P_MID] => CAEcatca07
    [P_AUTH_DT] => 20260225134653
    [P_STATUS] => 02
    [P_TYPE] => VBANK
    [P_OID] => 260224-018
    [P_FN_CD1] => 03
    [P_FN_CD2] => 
    [P_FN_NM] => 기업은행
    [P_AMT] => 3500
    [P_UNAME] => 박성혜
    [P_RMESG1] => P_VACCT_NO=07500580297669|P_EXP_DT=20260306
    [P_RMESG2] => 
    [P_NOTI] => 
    [P_AUTH_NO] => 
)

 Array
(
    [PageCall time] => 13:47:43
    [P_TID] => INIMX_VBNKCAEcatca0720260225134425105947
    [P_MID] => CAEcatca07
    [P_AUTH_DT] => 20260225134742
    [P_STATUS] => 02
    [P_TYPE] => VBANK
    [P_OID] => 260225-026
    [P_FN_CD1] => 04
    [P_FN_CD2] => 
    [P_FN_NM] => KB국민은행
    [P_AMT] => 3500
    [P_UNAME] => 이중호
    [P_RMESG1] => P_VACCT_NO=70219014988628|P_EXP_DT=20260307
    [P_RMESG2] => 
    [P_NOTI] => 
    [P_AUTH_NO] => 
)

 Array
(
    [PageCall time] => 13:59:09
    [P_TID] => INIMX_VBNKCAEcatca0720260225135650205346
    [P_MID] => CAEcatca07
    [P_AUTH_DT] => 20260225135909
    [P_STATUS] => 02
    [P_TYPE] => VBANK
    [P_OID] => 260225-029
    [P_FN_CD1] => 04
    [P_FN_CD2] => 
    [P_FN_NM] => KB국민은행
    [P_AMT] => 3500
    [P_UNAME] => 이현경
    [P_RMESG1] => P_VACCT_NO=70219014991255|P_EXP_DT=20260307
    [P_RMESG2] => 
    [P_NOTI] => 
    [P_AUTH_NO] => 
)

 Array
(
    [PageCall time] => 14:23:18
    [P_TID] => INIMX_VBNKCAEcatca0720260225142004765326
    [P_MID] => CAEcatca07
    [P_AUTH_DT] => 20260225142318
    [P_STATUS] => 02
    [P_TYPE] => VBANK
    [P_OID] => 260225-032
    [P_FN_CD1] => 88
    [P_FN_CD2] => 
    [P_FN_NM] => 신한은행
    [P_AMT] => 3500
    [P_UNAME] => 신현준
    [P_RMESG1] => P_VACCT_NO=56211104314846|P_EXP_DT=20260307
    [P_RMESG2] => 
    [P_NOTI] => 
    [P_AUTH_NO] => 
)

 Array
(
    [PageCall time] => 14:40:55
    [P_TID] => INIMX_VBNKCAEcatca0720260225143820785130
    [P_MID] => CAEcatca07
    [P_AUTH_DT] => 20260225144054
    [P_STATUS] => 02
    [P_TYPE] => VBANK
    [P_OID] => 260225-034
    [P_FN_CD1] => 88
    [P_FN_CD2] => 
    [P_FN_NM] => 신한은행
    [P_AMT] => 3500
    [P_UNAME] => 최정연
    [P_RMESG1] => P_VACCT_NO=56211104316502|P_EXP_DT=20260307
    [P_RMESG2] => 
    [P_NOTI] => 
    [P_AUTH_NO] => 
)

 Array
(
    [PageCall time] => 14:52:43
    [P_TID] => INIMX_VBNKCAEcatca0720260225144125265611
    [P_MID] => CAEcatca07
    [P_AUTH_DT] => 20260225145243
    [P_STATUS] => 02
    [P_TYPE] => VBANK
    [P_OID] => 260225-035
    [P_FN_CD1] => 04
    [P_FN_CD2] => 
    [P_FN_NM] => KB국민은행
    [P_AMT] => 3500
    [P_UNAME] => 김애란
    [P_RMESG1] => P_VACCT_NO=70239014003417|P_EXP_DT=20260307
    [P_RMESG2] => 
    [P_NOTI] => 
    [P_AUTH_NO] => 
)

 Array
(
    [PageCall time] => 16:14:14
    [P_TID] => INIMX_VBNKCAEcatca0720260225161326235528
    [P_MID] => CAEcatca07
    [P_AUTH_DT] => 20260225161413
    [P_STATUS] => 02
    [P_TYPE] => VBANK
    [P_OID] => 260225-040
    [P_FN_CD1] => 11
    [P_FN_CD2] => 
    [P_FN_NM] => NH농협은행
    [P_AMT] => 3500
    [P_UNAME] => 이성미
    [P_RMESG1] => P_VACCT_NO=79014289888610|P_EXP_DT=20260307
    [P_RMESG2] => 
    [P_NOTI] => 
    [P_AUTH_NO] => 
)

 Array
(
    [PageCall time] => 16:17:14
    [P_TID] => INIMX_VBNKCAEcatca0720260225153010705169
    [P_MID] => CAEcatca07
    [P_AUTH_DT] => 20260225161714
    [P_STATUS] => 02
    [P_TYPE] => VBANK
    [P_OID] => 260225-037
    [P_FN_CD1] => 04
    [P_FN_CD2] => 
    [P_FN_NM] => KB국민은행
    [P_AMT] => 3500
    [P_UNAME] => 기종원
    [P_RMESG1] => P_VACCT_NO=70239014013410|P_EXP_DT=20260307
    [P_RMESG2] => 
    [P_NOTI] => 
    [P_AUTH_NO] => 
)

 Array
(
    [PageCall time] => 16:44:17
    [P_TID] => INIMX_VBNKCAEcatca0720260225164233135589
    [P_MID] => CAEcatca07
    [P_AUTH_DT] => 20260225164416
    [P_STATUS] => 02
    [P_TYPE] => VBANK
    [P_OID] => 260225-028
    [P_FN_CD1] => 11
    [P_FN_CD2] => 
    [P_FN_NM] => NH농협은행
    [P_AMT] => 3500
    [P_UNAME] => 김종곤
    [P_RMESG1] => P_VACCT_NO=79014289893306|P_EXP_DT=20260307
    [P_RMESG2] => 
    [P_NOTI] => 
    [P_AUTH_NO] => 
)

 Array
(
    [PageCall time] => 16:46:54
    [P_TID] => INIMX_VBNKCAEcatca0720260225164202405743
    [P_MID] => CAEcatca07
    [P_AUTH_DT] => 20260225164654
    [P_STATUS] => 02
    [P_TYPE] => VBANK
    [P_OID] => 260225-042
    [P_FN_CD1] => 03
    [P_FN_CD2] => 
    [P_FN_NM] => 기업은행
    [P_AMT] => 3500
    [P_UNAME] => 이찬희
    [P_RMESG1] => P_VACCT_NO=07503214397600|P_EXP_DT=20260307
    [P_RMESG2] => 
    [P_NOTI] => 
    [P_AUTH_NO] => 
)

 Array
(
    [PageCall time] => 17:07:36
    [P_TID] => INIMX_VBNKCAEcatca0720260225170405695544
    [P_MID] => CAEcatca07
    [P_AUTH_DT] => 20260225170736
    [P_STATUS] => 02
    [P_TYPE] => VBANK
    [P_OID] => 260223-056
    [P_FN_CD1] => 20
    [P_FN_CD2] => 
    [P_FN_NM] => 우리은행
    [P_AMT] => 3500
    [P_UNAME] => 김시하
    [P_RMESG1] => P_VACCT_NO=27491128318649|P_EXP_DT=20260307
    [P_RMESG2] => 
    [P_NOTI] => 
    [P_AUTH_NO] => 
)

 Array
(
    [PageCall time] => 17:55:24
    [P_TID] => INIMX_VBNKCAEcatca0720260225175351905386
    [P_MID] => CAEcatca07
    [P_AUTH_DT] => 20260225175523
    [P_STATUS] => 02
    [P_TYPE] => VBANK
    [P_OID] => 260225-044
    [P_FN_CD1] => 11
    [P_FN_CD2] => 
    [P_FN_NM] => NH농협은행
    [P_AMT] => 3500
    [P_UNAME] => 장하영
    [P_RMESG1] => P_VACCT_NO=79014289901959|P_EXP_DT=20260307
    [P_RMESG2] => 
    [P_NOTI] => 
    [P_AUTH_NO] => 
)

 Array
(
    [PageCall time] => 18:20:11
    [P_TID] => INIMX_VBNKCAEcatca0720260225181546305037
    [P_MID] => CAEcatca07
    [P_AUTH_DT] => 20260225182011
    [P_STATUS] => 02
    [P_TYPE] => VBANK
    [P_OID] => 260225-036
    [P_FN_CD1] => 88
    [P_FN_CD2] => 
    [P_FN_NM] => 신한은행
    [P_AMT] => 3500
    [P_UNAME] => 박미정
    [P_RMESG1] => P_VACCT_NO=56211104335322|P_EXP_DT=20260307
    [P_RMESG2] => 
    [P_NOTI] => 
    [P_AUTH_NO] => 
)

 Array
(
    [PageCall time] => 19:47:58
    [P_TID] => INIMX_VBNKCAEcatca0720260225194717415551
    [P_MID] => CAEcatca07
    [P_AUTH_DT] => 20260225194758
    [P_STATUS] => 02
    [P_TYPE] => VBANK
    [P_OID] => 260225-046
    [P_FN_CD1] => 11
    [P_FN_CD2] => 
    [P_FN_NM] => NH농협은행
    [P_AMT] => 3500
    [P_UNAME] => 김아름
    [P_RMESG1] => P_VACCT_NO=79014289912647|P_EXP_DT=20260307
    [P_RMESG2] => 
    [P_NOTI] => 
    [P_AUTH_NO] => 
)

 Array
(
    [PageCall time] => 20:13:17
    [P_TID] => INIMX_VBNKCAEcatca0720260225201023185386
    [P_MID] => CAEcatca07
    [P_AUTH_DT] => 20260225201317
    [P_STATUS] => 02
    [P_TYPE] => VBANK
    [P_OID] => 260225-047
    [P_FN_CD1] => 20
    [P_FN_CD2] => 
    [P_FN_NM] => 우리은행
    [P_AMT] => 3500
    [P_UNAME] => 한재국
    [P_RMESG1] => P_VACCT_NO=27491178618177|P_EXP_DT=20260307
    [P_RMESG2] => 
    [P_NOTI] => 
    [P_AUTH_NO] => 
)

 Array
(
    [PageCall time] => 20:36:37
    [P_TID] => INIMX_VBNKCAEcatca0720260225203324965639
    [P_MID] => CAEcatca07
    [P_AUTH_DT] => 20260225203637
    [P_STATUS] => 02
    [P_TYPE] => VBANK
    [P_OID] => 260225-048
    [P_FN_CD1] => 04
    [P_FN_CD2] => 
    [P_FN_NM] => KB국민은행
    [P_AMT] => 3500
    [P_UNAME] => 박은경
    [P_RMESG1] => P_VACCT_NO=70239014061776|P_EXP_DT=20260307
    [P_RMESG2] => 
    [P_NOTI] => 
    [P_AUTH_NO] => 
)

 Array
(
    [PageCall time] => 21:20:55
    [P_TID] => INIMX_VBNKCAEcatca0720260225211752165106
    [P_MID] => CAEcatca07
    [P_AUTH_DT] => 20260225212055
    [P_STATUS] => 02
    [P_TYPE] => VBANK
    [P_OID] => 260225-039
    [P_FN_CD1] => 20
    [P_FN_CD2] => 
    [P_FN_NM] => 우리은행
    [P_AMT] => 3500
    [P_UNAME] => 정현일
    [P_RMESG1] => P_VACCT_NO=27491180018531|P_EXP_DT=20260307
    [P_RMESG2] => 
    [P_NOTI] => 
    [P_AUTH_NO] => 
)

 Array
(
    [PageCall time] => 23:30:18
    [P_TID] => INIMX_VBNKCAEcatca0720260225232723775762
    [P_MID] => CAEcatca07
    [P_AUTH_DT] => 20260225233018
    [P_STATUS] => 02
    [P_TYPE] => VBANK
    [P_OID] => 260225-051
    [P_FN_CD1] => 34
    [P_FN_CD2] => 
    [P_FN_NM] => 광주은행
    [P_AMT] => 3500
    [P_UNAME] => 최효경
    [P_RMESG1] => P_VACCT_NO=810865333057|P_EXP_DT=20260307
    [P_RMESG2] => 
    [P_NOTI] => 
    [P_AUTH_NO] => 
)

