 Array
(
    [PageCall time] => 08:21:32
    [P_TID] => INIMX_VBNKCAEcatca0720251020081815125680
    [P_MID] => CAEcatca07
    [P_AUTH_DT] => 20251020082132
    [P_STATUS] => 02
    [P_TYPE] => VBANK
    [P_OID] => 251020-001
    [P_FN_CD1] => 89
    [P_FN_CD2] => 
    [P_FN_NM] => 케이뱅크
    [P_AMT] => 3000
    [P_UNAME] => 이재은
    [P_RMESG1] => P_VACCT_NO=70112003628514|P_EXP_DT=20251030
    [P_RMESG2] => 
    [P_NOTI] => 
    [P_AUTH_NO] => 
)

 Array
(
    [PageCall time] => 09:09:22
    [P_TID] => INIMX_VBNKCAEcatca0720251020090843995991
    [P_MID] => CAEcatca07
    [P_AUTH_DT] => 20251020090922
    [P_STATUS] => 02
    [P_TYPE] => VBANK
    [P_OID] => 251019-012
    [P_FN_CD1] => 11
    [P_FN_CD2] => 
    [P_FN_NM] => NH농협은행
    [P_AMT] => 3000
    [P_UNAME] => 설예리
    [P_RMESG1] => P_VACCT_NO=79014508896313|P_EXP_DT=20251030
    [P_RMESG2] => 
    [P_NOTI] => 
    [P_AUTH_NO] => 
)

 Array
(
    [PageCall time] => 09:23:26
    [P_TID] => INIMX_VBNKCAEcatca0720251020092217995899
    [P_MID] => CAEcatca07
    [P_AUTH_DT] => 20251020092326
    [P_STATUS] => 02
    [P_TYPE] => VBANK
    [P_OID] => 251020-003
    [P_FN_CD1] => 11
    [P_FN_CD2] => 
    [P_FN_NM] => NH농협은행
    [P_AMT] => 3000
    [P_UNAME] => 김영수
    [P_RMESG1] => P_VACCT_NO=79014508900134|P_EXP_DT=20251030
    [P_RMESG2] => 
    [P_NOTI] => 
    [P_AUTH_NO] => 
)

 Array
(
    [PageCall time] => 09:51:02
    [P_TID] => INIMX_VBNKCAEcatca0720251020094725595877
    [P_MID] => CAEcatca07
    [P_AUTH_DT] => 20251020095102
    [P_STATUS] => 02
    [P_TYPE] => VBANK
    [P_OID] => 251020-004
    [P_FN_CD1] => 04
    [P_FN_CD2] => 
    [P_FN_NM] => KB국민은행
    [P_AMT] => 3000
    [P_UNAME] => 남가희
    [P_RMESG1] => P_VACCT_NO=26159078396331|P_EXP_DT=20251030
    [P_RMESG2] => 
    [P_NOTI] => 
    [P_AUTH_NO] => 
)

 Array
(
    [PageCall time] => 09:52:59
    [P_TID] => INIMX_VBNKCAEcatca0720251020095024755794
    [P_MID] => CAEcatca07
    [P_AUTH_DT] => 20251020095259
    [P_STATUS] => 02
    [P_TYPE] => VBANK
    [P_OID] => 251020-005
    [P_FN_CD1] => 04
    [P_FN_CD2] => 
    [P_FN_NM] => KB국민은행
    [P_AMT] => 3000
    [P_UNAME] => 성예진
    [P_RMESG1] => P_VACCT_NO=26159078397635|P_EXP_DT=20251030
    [P_RMESG2] => 
    [P_NOTI] => 
    [P_AUTH_NO] => 
)

 Array
(
    [PageCall time] => 10:03:43
    [P_TID] => INIMX_VBNKCAEcatca0720251020100253705319
    [P_MID] => CAEcatca07
    [P_AUTH_DT] => 20251020100342
    [P_STATUS] => 02
    [P_TYPE] => VBANK
    [P_OID] => 251019-009
    [P_FN_CD1] => 11
    [P_FN_CD2] => 
    [P_FN_NM] => NH농협은행
    [P_AMT] => 3000
    [P_UNAME] => 신정현
    [P_RMESG1] => P_VACCT_NO=79014508910311|P_EXP_DT=20251030
    [P_RMESG2] => 
    [P_NOTI] => 
    [P_AUTH_NO] => 
)

 Array
(
    [PageCall time] => 10:13:51
    [P_TID] => INIMX_VBNKCAEcatca0720251020101010305026
    [P_MID] => CAEcatca07
    [P_AUTH_DT] => 20251020101351
    [P_STATUS] => 02
    [P_TYPE] => VBANK
    [P_OID] => 251020-006
    [P_FN_CD1] => 11
    [P_FN_CD2] => 
    [P_FN_NM] => NH농협은행
    [P_AMT] => 3000
    [P_UNAME] => 전정재
    [P_RMESG1] => P_VACCT_NO=79014508912721|P_EXP_DT=20251030
    [P_RMESG2] => 
    [P_NOTI] => 
    [P_AUTH_NO] => 
)

 Array
(
    [PageCall time] => 10:50:06
    [P_TID] => INIMX_VBNKCAEcatca0720251020104827365383
    [P_MID] => CAEcatca07
    [P_AUTH_DT] => 20251020105006
    [P_STATUS] => 02
    [P_TYPE] => VBANK
    [P_OID] => 251020-008
    [P_FN_CD1] => 11
    [P_FN_CD2] => 
    [P_FN_NM] => NH농협은행
    [P_AMT] => 3000
    [P_UNAME] => 최지훈
    [P_RMESG1] => P_VACCT_NO=79014508923158|P_EXP_DT=20251030
    [P_RMESG2] => 
    [P_NOTI] => 
    [P_AUTH_NO] => 
)

 Array
(
    [PageCall time] => 10:52:14
    [P_TID] => INIMX_VBNKCAEcatca0720251020105046765152
    [P_MID] => CAEcatca07
    [P_AUTH_DT] => 20251020105214
    [P_STATUS] => 02
    [P_TYPE] => VBANK
    [P_OID] => 251020-009
    [P_FN_CD1] => 11
    [P_FN_CD2] => 
    [P_FN_NM] => NH농협은행
    [P_AMT] => 3000
    [P_UNAME] => 최동숙
    [P_RMESG1] => P_VACCT_NO=79014508923766|P_EXP_DT=20251030
    [P_RMESG2] => 
    [P_NOTI] => 
    [P_AUTH_NO] => 
)

 Array
(
    [PageCall time] => 11:06:10
    [P_TID] => INIMX_VBNKCAEcatca0720251020110521255018
    [P_MID] => CAEcatca07
    [P_AUTH_DT] => 20251020110610
    [P_STATUS] => 02
    [P_TYPE] => VBANK
    [P_OID] => 251020-010
    [P_FN_CD1] => 11
    [P_FN_CD2] => 
    [P_FN_NM] => NH농협은행
    [P_AMT] => 3000
    [P_UNAME] => 권민성
    [P_RMESG1] => P_VACCT_NO=79014508927097|P_EXP_DT=20251030
    [P_RMESG2] => 
    [P_NOTI] => 
    [P_AUTH_NO] => 
)

 Array
(
    [PageCall time] => 11:29:13
    [P_TID] => INIMX_VBNKCAEcatca0720251020112553305112
    [P_MID] => CAEcatca07
    [P_AUTH_DT] => 20251020112913
    [P_STATUS] => 02
    [P_TYPE] => VBANK
    [P_OID] => 251020-012
    [P_FN_CD1] => 88
    [P_FN_CD2] => 
    [P_FN_NM] => 신한은행
    [P_AMT] => 3000
    [P_UNAME] => 이성희
    [P_RMESG1] => P_VACCT_NO=56211104137050|P_EXP_DT=20251030
    [P_RMESG2] => 
    [P_NOTI] => 
    [P_AUTH_NO] => 
)

 Array
(
    [PageCall time] => 11:48:37
    [P_TID] => INIMX_VBNKCAEcatca0720251020114520945537
    [P_MID] => CAEcatca07
    [P_AUTH_DT] => 20251020114836
    [P_STATUS] => 02
    [P_TYPE] => VBANK
    [P_OID] => 251020-014
    [P_FN_CD1] => 03
    [P_FN_CD2] => 
    [P_FN_NM] => 기업은행
    [P_AMT] => 3000
    [P_UNAME] => 추한두
    [P_RMESG1] => P_VACCT_NO=07503192397311|P_EXP_DT=20251030
    [P_RMESG2] => 
    [P_NOTI] => 
    [P_AUTH_NO] => 
)

 Array
(
    [PageCall time] => 11:56:08
    [P_TID] => INIMX_VBNKCAEcatca0720251020115329835781
    [P_MID] => CAEcatca07
    [P_AUTH_DT] => 20251020115608
    [P_STATUS] => 02
    [P_TYPE] => VBANK
    [P_OID] => 251020-015
    [P_FN_CD1] => 31
    [P_FN_CD2] => 
    [P_FN_NM] => 아이엠뱅크(대구은행)
    [P_AMT] => 3000
    [P_UNAME] => 최다정
    [P_RMESG1] => P_VACCT_NO=9600362264543|P_EXP_DT=20251030
    [P_RMESG2] => 
    [P_NOTI] => 
    [P_AUTH_NO] => 
)

 Array
(
    [PageCall time] => 12:15:34
    [P_TID] => INIMX_VBNKCAEcatca0720251020121203705731
    [P_MID] => CAEcatca07
    [P_AUTH_DT] => 20251020121534
    [P_STATUS] => 02
    [P_TYPE] => VBANK
    [P_OID] => 251020-016
    [P_FN_CD1] => 88
    [P_FN_CD2] => 
    [P_FN_NM] => 신한은행
    [P_AMT] => 3000
    [P_UNAME] => 김혜영
    [P_RMESG1] => P_VACCT_NO=56211104143860|P_EXP_DT=20251030
    [P_RMESG2] => 
    [P_NOTI] => 
    [P_AUTH_NO] => 
)

 Array
(
    [PageCall time] => 12:38:13
    [P_TID] => INIMX_VBNKCAEcatca0720251020123304265333
    [P_MID] => CAEcatca07
    [P_AUTH_DT] => 20251020123813
    [P_STATUS] => 02
    [P_TYPE] => VBANK
    [P_OID] => 251020-018
    [P_FN_CD1] => 88
    [P_FN_CD2] => 
    [P_FN_NM] => 신한은행
    [P_AMT] => 3000
    [P_UNAME] => 백성희
    [P_RMESG1] => P_VACCT_NO=56211104146162|P_EXP_DT=20251030
    [P_RMESG2] => 
    [P_NOTI] => 
    [P_AUTH_NO] => 
)

 Array
(
    [PageCall time] => 12:57:36
    [P_TID] => INIMX_VBNKCAEcatca0720251020125600785188
    [P_MID] => CAEcatca07
    [P_AUTH_DT] => 20251020125736
    [P_STATUS] => 02
    [P_TYPE] => VBANK
    [P_OID] => 251020-019
    [P_FN_CD1] => 11
    [P_FN_CD2] => 
    [P_FN_NM] => NH농협은행
    [P_AMT] => 3000
    [P_UNAME] => 이영선
    [P_RMESG1] => P_VACCT_NO=79014508945026|P_EXP_DT=20251030
    [P_RMESG2] => 
    [P_NOTI] => 
    [P_AUTH_NO] => 
)

 Array
(
    [PageCall time] => 13:21:43
    [P_TID] => INIMX_VBNKCAEcatca0720251020131136565783
    [P_MID] => CAEcatca07
    [P_AUTH_DT] => 20251020132143
    [P_STATUS] => 02
    [P_TYPE] => VBANK
    [P_OID] => 251016-021
    [P_FN_CD1] => 81
    [P_FN_CD2] => 
    [P_FN_NM] => 하나은행
    [P_AMT] => 3000
    [P_UNAME] => 조미정
    [P_RMESG1] => P_VACCT_NO=20893874113237|P_EXP_DT=20251030
    [P_RMESG2] => 
    [P_NOTI] => 
    [P_AUTH_NO] => 
)

 Array
(
    [PageCall time] => 13:50:44
    [P_TID] => INIMX_VBNKCAEcatca0720251020134757795627
    [P_MID] => CAEcatca07
    [P_AUTH_DT] => 20251020135044
    [P_STATUS] => 02
    [P_TYPE] => VBANK
    [P_OID] => 251020-026
    [P_FN_CD1] => 04
    [P_FN_CD2] => 
    [P_FN_NM] => KB국민은행
    [P_AMT] => 3000
    [P_UNAME] => 박혜선
    [P_RMESG1] => P_VACCT_NO=26159078562981|P_EXP_DT=20251030
    [P_RMESG2] => 
    [P_NOTI] => 
    [P_AUTH_NO] => 
)

 Array
(
    [PageCall time] => 14:02:46
    [P_TID] => INIMX_VBNKCAEcatca0720251020140005115717
    [P_MID] => CAEcatca07
    [P_AUTH_DT] => 20251020140246
    [P_STATUS] => 02
    [P_TYPE] => VBANK
    [P_OID] => 251020-028
    [P_FN_CD1] => 04
    [P_FN_CD2] => 
    [P_FN_NM] => KB국민은행
    [P_AMT] => 3000
    [P_UNAME] => 도현주
    [P_RMESG1] => P_VACCT_NO=26159078571552|P_EXP_DT=20251030
    [P_RMESG2] => 
    [P_NOTI] => 
    [P_AUTH_NO] => 
)

 Array
(
    [PageCall time] => 14:09:02
    [P_TID] => INIMX_VBNKCAEcatca0720251020140605055191
    [P_MID] => CAEcatca07
    [P_AUTH_DT] => 20251020140902
    [P_STATUS] => 02
    [P_TYPE] => VBANK
    [P_OID] => 251020-030
    [P_FN_CD1] => 88
    [P_FN_CD2] => 
    [P_FN_NM] => 신한은행
    [P_AMT] => 3000
    [P_UNAME] => 김현중
    [P_RMESG1] => P_VACCT_NO=56211104157974|P_EXP_DT=20251030
    [P_RMESG2] => 
    [P_NOTI] => 
    [P_AUTH_NO] => 
)

 Array
(
    [PageCall time] => 14:14:59
    [P_TID] => INIMX_VBNKCAEcatca0720251020141226595253
    [P_MID] => CAEcatca07
    [P_AUTH_DT] => 20251020141459
    [P_STATUS] => 02
    [P_TYPE] => VBANK
    [P_OID] => 251020-031
    [P_FN_CD1] => 04
    [P_FN_CD2] => 
    [P_FN_NM] => KB국민은행
    [P_AMT] => 3000
    [P_UNAME] => 이동주
    [P_RMESG1] => P_VACCT_NO=26159078580938|P_EXP_DT=20251030
    [P_RMESG2] => 
    [P_NOTI] => 
    [P_AUTH_NO] => 
)

 Array
(
    [PageCall time] => 14:28:24
    [P_TID] => INIMX_VBNKCAEcatca0720251020142515285623
    [P_MID] => CAEcatca07
    [P_AUTH_DT] => 20251020142824
    [P_STATUS] => 02
    [P_TYPE] => VBANK
    [P_OID] => 251020-027
    [P_FN_CD1] => 81
    [P_FN_CD2] => 
    [P_FN_NM] => 하나은행
    [P_AMT] => 3000
    [P_UNAME] => 정태원
    [P_RMESG1] => P_VACCT_NO=20893874588837|P_EXP_DT=20251030
    [P_RMESG2] => 
    [P_NOTI] => 
    [P_AUTH_NO] => 
)

 Array
(
    [PageCall time] => 15:14:59
    [P_TID] => INIMX_VBNKCAEcatca0720251020151221535811
    [P_MID] => CAEcatca07
    [P_AUTH_DT] => 20251020151459
    [P_STATUS] => 02
    [P_TYPE] => VBANK
    [P_OID] => 251020-033
    [P_FN_CD1] => 88
    [P_FN_CD2] => 
    [P_FN_NM] => 신한은행
    [P_AMT] => 3000
    [P_UNAME] => 박지용
    [P_RMESG1] => P_VACCT_NO=56211104166394|P_EXP_DT=20251030
    [P_RMESG2] => 
    [P_NOTI] => 
    [P_AUTH_NO] => 
)

 Array
(
    [PageCall time] => 16:11:28
    [P_TID] => INIMX_VBNKCAEcatca0720251020160723755301
    [P_MID] => CAEcatca07
    [P_AUTH_DT] => 20251020161128
    [P_STATUS] => 02
    [P_TYPE] => VBANK
    [P_OID] => 251020-037
    [P_FN_CD1] => 03
    [P_FN_CD2] => 
    [P_FN_NM] => 기업은행
    [P_AMT] => 3000
    [P_UNAME] => 최윤경
    [P_RMESG1] => P_VACCT_NO=07503195997350|P_EXP_DT=20251030
    [P_RMESG2] => 
    [P_NOTI] => 
    [P_AUTH_NO] => 
)

 Array
(
    [PageCall time] => 16:52:14
    [P_TID] => INIMX_VBNKCAEcatca0720251020131009915638
    [P_MID] => CAEcatca07
    [P_AUTH_DT] => 20251020165214
    [P_STATUS] => 02
    [P_TYPE] => VBANK
    [P_OID] => 251020-020
    [P_FN_CD1] => 04
    [P_FN_CD2] => 
    [P_FN_NM] => KB국민은행
    [P_AMT] => 3000
    [P_UNAME] => 진현민
    [P_RMESG1] => P_VACCT_NO=26159078534816|P_EXP_DT=20251030
    [P_RMESG2] => 
    [P_NOTI] => 
    [P_AUTH_NO] => 
)

 Array
(
    [PageCall time] => 17:13:34
    [P_TID] => INIMX_VBNKCAEcatca0720251020170929775113
    [P_MID] => CAEcatca07
    [P_AUTH_DT] => 20251020171334
    [P_STATUS] => 02
    [P_TYPE] => VBANK
    [P_OID] => 251020-034
    [P_FN_CD1] => 81
    [P_FN_CD2] => 
    [P_FN_NM] => 하나은행
    [P_AMT] => 3000
    [P_UNAME] => 김광숙
    [P_RMESG1] => P_VACCT_NO=20893876095237|P_EXP_DT=20251030
    [P_RMESG2] => 
    [P_NOTI] => 
    [P_AUTH_NO] => 
)

 Array
(
    [PageCall time] => 17:13:59
    [P_TID] => INIMX_VBNKCAEcatca0720251020171257765892
    [P_MID] => CAEcatca07
    [P_AUTH_DT] => 20251020171359
    [P_STATUS] => 02
    [P_TYPE] => VBANK
    [P_OID] => 251020-039
    [P_FN_CD1] => 11
    [P_FN_CD2] => 
    [P_FN_NM] => NH농협은행
    [P_AMT] => 3000
    [P_UNAME] => 이다교
    [P_RMESG1] => P_VACCT_NO=79014508992521|P_EXP_DT=20251030
    [P_RMESG2] => 
    [P_NOTI] => 
    [P_AUTH_NO] => 
)

 Array
(
    [PageCall time] => 17:14:33
    [P_TID] => INIMX_VBNKCAEcatca0720251020171151275500
    [P_MID] => CAEcatca07
    [P_AUTH_DT] => 20251020171433
    [P_STATUS] => 02
    [P_TYPE] => VBANK
    [P_OID] => 251020-040
    [P_FN_CD1] => 88
    [P_FN_CD2] => 
    [P_FN_NM] => 신한은행
    [P_AMT] => 3000
    [P_UNAME] => 이하은
    [P_RMESG1] => P_VACCT_NO=56211104182977|P_EXP_DT=20251030
    [P_RMESG2] => 
    [P_NOTI] => 
    [P_AUTH_NO] => 
)

 Array
(
    [PageCall time] => 17:26:30
    [P_TID] => INIMX_VBNKCAEcatca0720251020172330465412
    [P_MID] => CAEcatca07
    [P_AUTH_DT] => 20251020172629
    [P_STATUS] => 02
    [P_TYPE] => VBANK
    [P_OID] => 251020-041
    [P_FN_CD1] => 81
    [P_FN_CD2] => 
    [P_FN_NM] => 하나은행
    [P_AMT] => 3000
    [P_UNAME] => 임종윤
    [P_RMESG1] => P_VACCT_NO=20893876163637|P_EXP_DT=20251030
    [P_RMESG2] => 
    [P_NOTI] => 
    [P_AUTH_NO] => 
)

 Array
(
    [PageCall time] => 17:34:19
    [P_TID] => INIMX_VBNKCAEcatca0720251020173030015806
    [P_MID] => CAEcatca07
    [P_AUTH_DT] => 20251020173419
    [P_STATUS] => 02
    [P_TYPE] => VBANK
    [P_OID] => 251020-038
    [P_FN_CD1] => 04
    [P_FN_CD2] => 
    [P_FN_NM] => KB국민은행
    [P_AMT] => 3000
    [P_UNAME] => 최추옥
    [P_RMESG1] => P_VACCT_NO=96439078784031|P_EXP_DT=20251030
    [P_RMESG2] => 
    [P_NOTI] => 
    [P_AUTH_NO] => 
)

 Array
(
    [PageCall time] => 17:48:16
    [P_TID] => INIMX_VBNKCAEcatca0720251020174539265472
    [P_MID] => CAEcatca07
    [P_AUTH_DT] => 20251020174816
    [P_STATUS] => 02
    [P_TYPE] => VBANK
    [P_OID] => 251020-042
    [P_FN_CD1] => 88
    [P_FN_CD2] => 
    [P_FN_NM] => 신한은행
    [P_AMT] => 3000
    [P_UNAME] => 노은지
    [P_RMESG1] => P_VACCT_NO=56211104187218|P_EXP_DT=20251030
    [P_RMESG2] => 
    [P_NOTI] => 
    [P_AUTH_NO] => 
)

 Array
(
    [PageCall time] => 18:01:13
    [P_TID] => INIMX_VBNKCAEcatca0720251020175818245674
    [P_MID] => CAEcatca07
    [P_AUTH_DT] => 20251020180113
    [P_STATUS] => 02
    [P_TYPE] => VBANK
    [P_OID] => 251020-043
    [P_FN_CD1] => 20
    [P_FN_CD2] => 
    [P_FN_NM] => 우리은행
    [P_AMT] => 3000
    [P_UNAME] => 김채원
    [P_RMESG1] => P_VACCT_NO=27491382718023|P_EXP_DT=20251030
    [P_RMESG2] => 
    [P_NOTI] => 
    [P_AUTH_NO] => 
)

 Array
(
    [PageCall time] => 19:34:16
    [P_TID] => INIMX_VBNKCAEcatca0720251020193329115437
    [P_MID] => CAEcatca07
    [P_AUTH_DT] => 20251020193416
    [P_STATUS] => 02
    [P_TYPE] => VBANK
    [P_OID] => 251020-047
    [P_FN_CD1] => 11
    [P_FN_CD2] => 
    [P_FN_NM] => NH농협은행
    [P_AMT] => 3000
    [P_UNAME] => 김신희
    [P_RMESG1] => P_VACCT_NO=79014509017593|P_EXP_DT=20251030
    [P_RMESG2] => 
    [P_NOTI] => 
    [P_AUTH_NO] => 
)

 Array
(
    [PageCall time] => 21:23:34
    [P_TID] => INIMX_VBNKCAEcatca0720251020211952145569
    [P_MID] => CAEcatca07
    [P_AUTH_DT] => 20251020212334
    [P_STATUS] => 02
    [P_TYPE] => VBANK
    [P_OID] => 251020-049
    [P_FN_CD1] => 20
    [P_FN_CD2] => 
    [P_FN_NM] => 우리은행
    [P_AMT] => 3000
    [P_UNAME] => 최유정
    [P_RMESG1] => P_VACCT_NO=27491396518977|P_EXP_DT=20251030
    [P_RMESG2] => 
    [P_NOTI] => 
    [P_AUTH_NO] => 
)

 Array
(
    [PageCall time] => 22:31:22
    [P_TID] => INIMX_VBNKCAEcatca0720251020223005595529
    [P_MID] => CAEcatca07
    [P_AUTH_DT] => 20251020223122
    [P_STATUS] => 02
    [P_TYPE] => VBANK
    [P_OID] => 251020-050
    [P_FN_CD1] => 11
    [P_FN_CD2] => 
    [P_FN_NM] => NH농협은행
    [P_AMT] => 3000
    [P_UNAME] => 장유준
    [P_RMESG1] => P_VACCT_NO=79014509034931|P_EXP_DT=20251030
    [P_RMESG2] => 
    [P_NOTI] => 
    [P_AUTH_NO] => 
)

