 Array
(
    [PageCall time] => 09:56:15
    [P_TID] => INIMX_VBNKCAEcatca0720260308095308345213
    [P_MID] => CAEcatca07
    [P_AUTH_DT] => 20260308095615
    [P_STATUS] => 02
    [P_TYPE] => VBANK
    [P_OID] => 260308-001
    [P_FN_CD1] => 20
    [P_FN_CD2] => 
    [P_FN_NM] => 우리은행
    [P_AMT] => 3500
    [P_UNAME] => 장경원
    [P_RMESG1] => P_VACCT_NO=27760697218099|P_EXP_DT=20260318
    [P_RMESG2] => 
    [P_NOTI] => 
    [P_AUTH_NO] => 
)

 Array
(
    [PageCall time] => 10:58:31
    [P_TID] => INIMX_VBNKCAEcatca0720260308105544965523
    [P_MID] => CAEcatca07
    [P_AUTH_DT] => 20260308105831
    [P_STATUS] => 02
    [P_TYPE] => VBANK
    [P_OID] => 260308-002
    [P_FN_CD1] => 89
    [P_FN_CD2] => 
    [P_FN_NM] => 케이뱅크
    [P_AMT] => 3500
    [P_UNAME] => 유소현
    [P_RMESG1] => P_VACCT_NO=70112003698371|P_EXP_DT=20260318
    [P_RMESG2] => 
    [P_NOTI] => 
    [P_AUTH_NO] => 
)

 Array
(
    [PageCall time] => 12:35:47
    [P_TID] => INIMX_VBNKCAEcatca0720260308123302365210
    [P_MID] => CAEcatca07
    [P_AUTH_DT] => 20260308123547
    [P_STATUS] => 02
    [P_TYPE] => VBANK
    [P_OID] => 260308-003
    [P_FN_CD1] => 04
    [P_FN_CD2] => 
    [P_FN_NM] => KB국민은행
    [P_AMT] => 3500
    [P_UNAME] => 허성현
    [P_RMESG1] => P_VACCT_NO=87709011211207|P_EXP_DT=20260318
    [P_RMESG2] => 
    [P_NOTI] => 
    [P_AUTH_NO] => 
)

 Array
(
    [PageCall time] => 13:11:05
    [P_TID] => INIMX_VBNKCAEcatca0720260308130816185649
    [P_MID] => CAEcatca07
    [P_AUTH_DT] => 20260308131105
    [P_STATUS] => 02
    [P_TYPE] => VBANK
    [P_OID] => 260308-005
    [P_FN_CD1] => 88
    [P_FN_CD2] => 
    [P_FN_NM] => 신한은행
    [P_AMT] => 3500
    [P_UNAME] => 이효진
    [P_RMESG1] => P_VACCT_NO=56211104961701|P_EXP_DT=20260318
    [P_RMESG2] => 
    [P_NOTI] => 
    [P_AUTH_NO] => 
)

 Array
(
    [PageCall time] => 13:38:27
    [P_TID] => INIMX_VBNKCAEcatca0720260308133607485406
    [P_MID] => CAEcatca07
    [P_AUTH_DT] => 20260308133827
    [P_STATUS] => 02
    [P_TYPE] => VBANK
    [P_OID] => 260308-006
    [P_FN_CD1] => 04
    [P_FN_CD2] => 
    [P_FN_NM] => KB국민은행
    [P_AMT] => 3500
    [P_UNAME] => 송유진
    [P_RMESG1] => P_VACCT_NO=96439078548688|P_EXP_DT=20260318
    [P_RMESG2] => 
    [P_NOTI] => 
    [P_AUTH_NO] => 
)

 Array
(
    [PageCall time] => 13:55:06
    [P_TID] => INIMX_VBNKCAEcatca0720260306150424775346
    [P_MID] => CAEcatca07
    [P_AUTH_DT] => 20260308135506
    [P_STATUS] => 02
    [P_TYPE] => VBANK
    [P_OID] => 260306-030
    [P_FN_CD1] => 11
    [P_FN_CD2] => 
    [P_FN_NM] => NH농협은행
    [P_AMT] => 3500
    [P_UNAME] => 이태식
    [P_RMESG1] => P_VACCT_NO=79014290873423|P_EXP_DT=20260316
    [P_RMESG2] => 
    [P_NOTI] => 
    [P_AUTH_NO] => 
)

 Array
(
    [PageCall time] => 14:34:44
    [P_TID] => INIMX_VBNKCAEcatca0720260308143147945828
    [P_MID] => CAEcatca07
    [P_AUTH_DT] => 20260308143444
    [P_STATUS] => 02
    [P_TYPE] => VBANK
    [P_OID] => 260308-007
    [P_FN_CD1] => 32
    [P_FN_CD2] => 
    [P_FN_NM] => 부산은행
    [P_AMT] => 3500
    [P_UNAME] => 주해선
    [P_RMESG1] => P_VACCT_NO=109924742294|P_EXP_DT=20260318
    [P_RMESG2] => 
    [P_NOTI] => 
    [P_AUTH_NO] => 
)

 Array
(
    [PageCall time] => 15:09:51
    [P_TID] => INIMX_VBNKCAEcatca0720260308150707225349
    [P_MID] => CAEcatca07
    [P_AUTH_DT] => 20260308150951
    [P_STATUS] => 02
    [P_TYPE] => VBANK
    [P_OID] => 260308-008
    [P_FN_CD1] => 04
    [P_FN_CD2] => 
    [P_FN_NM] => KB국민은행
    [P_AMT] => 3500
    [P_UNAME] => 박은하
    [P_RMESG1] => P_VACCT_NO=26159078239885|P_EXP_DT=20260318
    [P_RMESG2] => 
    [P_NOTI] => 
    [P_AUTH_NO] => 
)

 Array
(
    [PageCall time] => 17:15:55
    [P_TID] => INIMX_VBNKCAEcatca0720260308171313125647
    [P_MID] => CAEcatca07
    [P_AUTH_DT] => 20260308171555
    [P_STATUS] => 02
    [P_TYPE] => VBANK
    [P_OID] => 260308-010
    [P_FN_CD1] => 20
    [P_FN_CD2] => 
    [P_FN_NM] => 우리은행
    [P_AMT] => 3500
    [P_UNAME] => 최윤정
    [P_RMESG1] => P_VACCT_NO=27760714118193|P_EXP_DT=20260318
    [P_RMESG2] => 
    [P_NOTI] => 
    [P_AUTH_NO] => 
)

 Array
(
    [PageCall time] => 18:15:24
    [P_TID] => INIMX_VBNKCAEcatca0720260308181223685679
    [P_MID] => CAEcatca07
    [P_AUTH_DT] => 20260308181524
    [P_STATUS] => 02
    [P_TYPE] => VBANK
    [P_OID] => 260302-005
    [P_FN_CD1] => 88
    [P_FN_CD2] => 
    [P_FN_NM] => 신한은행
    [P_AMT] => 3500
    [P_UNAME] => 도경순
    [P_RMESG1] => P_VACCT_NO=56211104974760|P_EXP_DT=20260318
    [P_RMESG2] => 
    [P_NOTI] => 
    [P_AUTH_NO] => 
)

 Array
(
    [PageCall time] => 19:26:24
    [P_TID] => INIMX_VBNKCAEcatca0720260308192323265707
    [P_MID] => CAEcatca07
    [P_AUTH_DT] => 20260308192624
    [P_STATUS] => 02
    [P_TYPE] => VBANK
    [P_OID] => 260308-011
    [P_FN_CD1] => 04
    [P_FN_CD2] => 
    [P_FN_NM] => KB국민은행
    [P_AMT] => 3500
    [P_UNAME] => 서세진
    [P_RMESG1] => P_VACCT_NO=26029078137735|P_EXP_DT=20260318
    [P_RMESG2] => 
    [P_NOTI] => 
    [P_AUTH_NO] => 
)

 Array
(
    [PageCall time] => 20:27:08
    [P_TID] => INIMX_VBNKCAEcatca0720260308202310855445
    [P_MID] => CAEcatca07
    [P_AUTH_DT] => 20260308202708
    [P_STATUS] => 02
    [P_TYPE] => VBANK
    [P_OID] => 260308-012
    [P_FN_CD1] => 04
    [P_FN_CD2] => 
    [P_FN_NM] => KB국민은행
    [P_AMT] => 3500
    [P_UNAME] => 송미경
    [P_RMESG1] => P_VACCT_NO=26029078193326|P_EXP_DT=20260318
    [P_RMESG2] => 
    [P_NOTI] => 
    [P_AUTH_NO] => 
)

 Array
(
    [PageCall time] => 21:01:23
    [P_TID] => INIMX_VBNKCAEcatca0720260308205711715464
    [P_MID] => CAEcatca07
    [P_AUTH_DT] => 20260308210123
    [P_STATUS] => 02
    [P_TYPE] => VBANK
    [P_OID] => 260308-014
    [P_FN_CD1] => 11
    [P_FN_CD2] => 
    [P_FN_NM] => NH농협은행
    [P_AMT] => 3500
    [P_UNAME] => 손빛찬
    [P_RMESG1] => P_VACCT_NO=79014291112237|P_EXP_DT=20260318
    [P_RMESG2] => 
    [P_NOTI] => 
    [P_AUTH_NO] => 
)

 Array
(
    [PageCall time] => 22:54:59
    [P_TID] => INIMX_VBNKCAEcatca0720260308225219435261
    [P_MID] => CAEcatca07
    [P_AUTH_DT] => 20260308225459
    [P_STATUS] => 02
    [P_TYPE] => VBANK
    [P_OID] => 260308-016
    [P_FN_CD1] => 04
    [P_FN_CD2] => 
    [P_FN_NM] => KB국민은행
    [P_AMT] => 3500
    [P_UNAME] => 김영민
    [P_RMESG1] => P_VACCT_NO=80399078222791|P_EXP_DT=20260318
    [P_RMESG2] => 
    [P_NOTI] => 
    [P_AUTH_NO] => 
)

