 Array
(
    [PageCall time] => 08:33:50
    [P_TID] => INIMX_VBNKCAEcatca0720260215082845165532
    [P_MID] => CAEcatca07
    [P_AUTH_DT] => 20260215083350
    [P_STATUS] => 02
    [P_TYPE] => VBANK
    [P_OID] => 260215-001
    [P_FN_CD1] => 04
    [P_FN_CD2] => 
    [P_FN_NM] => KB국민은행
    [P_AMT] => 3500
    [P_UNAME] => 백창해
    [P_RMESG1] => P_VACCT_NO=26159078216031|P_EXP_DT=20260225
    [P_RMESG2] => 
    [P_NOTI] => 
    [P_AUTH_NO] => 
)

 Array
(
    [PageCall time] => 11:15:42
    [P_TID] => INIMX_VBNKCAEcatca0720260215111242255317
    [P_MID] => CAEcatca07
    [P_AUTH_DT] => 20260215111542
    [P_STATUS] => 02
    [P_TYPE] => VBANK
    [P_OID] => 260215-004
    [P_FN_CD1] => 20
    [P_FN_CD2] => 
    [P_FN_NM] => 우리은행
    [P_AMT] => 3500
    [P_UNAME] => 신주경
    [P_RMESG1] => P_VACCT_NO=27490700418510|P_EXP_DT=20260225
    [P_RMESG2] => 
    [P_NOTI] => 
    [P_AUTH_NO] => 
)

 Array
(
    [PageCall time] => 12:28:44
    [P_TID] => INIMX_VBNKCAEcatca0720260215122752115126
    [P_MID] => CAEcatca07
    [P_AUTH_DT] => 20260215122844
    [P_STATUS] => 02
    [P_TYPE] => VBANK
    [P_OID] => 260215-005
    [P_FN_CD1] => 11
    [P_FN_CD2] => 
    [P_FN_NM] => NH농협은행
    [P_AMT] => 3500
    [P_UNAME] => 윤종호
    [P_RMESG1] => P_VACCT_NO=79014288909859|P_EXP_DT=20260225
    [P_RMESG2] => 
    [P_NOTI] => 
    [P_AUTH_NO] => 
)

 Array
(
    [PageCall time] => 16:28:36
    [P_TID] => INIMX_VBNKCAEcatca0720260215162405395820
    [P_MID] => CAEcatca07
    [P_AUTH_DT] => 20260215162835
    [P_STATUS] => 02
    [P_TYPE] => VBANK
    [P_OID] => 260215-006
    [P_FN_CD1] => 20
    [P_FN_CD2] => 
    [P_FN_NM] => 우리은행
    [P_AMT] => 3500
    [P_UNAME] => 남수호
    [P_RMESG1] => P_VACCT_NO=27490705318128|P_EXP_DT=20260225
    [P_RMESG2] => 
    [P_NOTI] => 
    [P_AUTH_NO] => 
)

 Array
(
    [PageCall time] => 16:54:47
    [P_TID] => INIMX_VBNKCAEcatca0720260215165224365044
    [P_MID] => CAEcatca07
    [P_AUTH_DT] => 20260215165447
    [P_STATUS] => 02
    [P_TYPE] => VBANK
    [P_OID] => 260215-007
    [P_FN_CD1] => 81
    [P_FN_CD2] => 
    [P_FN_NM] => 하나은행
    [P_AMT] => 3500
    [P_UNAME] => 김이슬샘
    [P_RMESG1] => P_VACCT_NO=20894063162737|P_EXP_DT=20260225
    [P_RMESG2] => 
    [P_NOTI] => 
    [P_AUTH_NO] => 
)

 Array
(
    [PageCall time] => 18:20:35
    [P_TID] => INIMX_VBNKCAEcatca0720260215181740455717
    [P_MID] => CAEcatca07
    [P_AUTH_DT] => 20260215182035
    [P_STATUS] => 02
    [P_TYPE] => VBANK
    [P_OID] => 260215-003
    [P_FN_CD1] => 04
    [P_FN_CD2] => 
    [P_FN_NM] => KB국민은행
    [P_AMT] => 3500
    [P_UNAME] => 민진희
    [P_RMESG1] => P_VACCT_NO=70219014096486|P_EXP_DT=20260225
    [P_RMESG2] => 
    [P_NOTI] => 
    [P_AUTH_NO] => 
)

 Array
(
    [PageCall time] => 20:19:05
    [P_TID] => INIMX_VBNKCAEcatca0720260215201632745055
    [P_MID] => CAEcatca07
    [P_AUTH_DT] => 20260215201905
    [P_STATUS] => 02
    [P_TYPE] => VBANK
    [P_OID] => 260215-008
    [P_FN_CD1] => 81
    [P_FN_CD2] => 
    [P_FN_NM] => 하나은행
    [P_AMT] => 3500
    [P_UNAME] => 양수편
    [P_RMESG1] => P_VACCT_NO=20894063448537|P_EXP_DT=20260225
    [P_RMESG2] => 
    [P_NOTI] => 
    [P_AUTH_NO] => 
)

 Array
(
    [PageCall time] => 20:48:28
    [P_TID] => INIMX_VBNKCAEcatca0720260215204719895506
    [P_MID] => CAEcatca07
    [P_AUTH_DT] => 20260215204828
    [P_STATUS] => 02
    [P_TYPE] => VBANK
    [P_OID] => 260215-011
    [P_FN_CD1] => 11
    [P_FN_CD2] => 
    [P_FN_NM] => NH농협은행
    [P_AMT] => 3500
    [P_UNAME] => 박순주
    [P_RMESG1] => P_VACCT_NO=79014288939701|P_EXP_DT=20260225
    [P_RMESG2] => 
    [P_NOTI] => 
    [P_AUTH_NO] => 
)

 Array
(
    [PageCall time] => 20:48:31
    [P_TID] => INIMX_VBNKCAEcatca0720260215204435885172
    [P_MID] => CAEcatca07
    [P_AUTH_DT] => 20260215204831
    [P_STATUS] => 02
    [P_TYPE] => VBANK
    [P_OID] => 260215-010
    [P_FN_CD1] => 81
    [P_FN_CD2] => 
    [P_FN_NM] => 하나은행
    [P_AMT] => 3500
    [P_UNAME] => 이상용
    [P_RMESG1] => P_VACCT_NO=20894063538637|P_EXP_DT=20260225
    [P_RMESG2] => 
    [P_NOTI] => 
    [P_AUTH_NO] => 
)

