 Array
(
    [PageCall time] => 09:47:40
    [P_TID] => INIMX_VBNKCAEcatca0720250908094508965796
    [P_MID] => CAEcatca07
    [P_AUTH_DT] => 20250908094740
    [P_STATUS] => 02
    [P_TYPE] => VBANK
    [P_OID] => 250908-001
    [P_FN_CD1] => 04
    [P_FN_CD2] => 
    [P_FN_NM] => KB국민은행
    [P_AMT] => 3000
    [P_UNAME] => 조한빛
    [P_RMESG1] => P_VACCT_NO=91649011512412|P_EXP_DT=20250918
    [P_RMESG2] => 
    [P_NOTI] => 
    [P_AUTH_NO] => 
)

 Array
(
    [PageCall time] => 10:52:13
    [P_TID] => INIMX_VBNKCAEcatca0720250908105104475882
    [P_MID] => CAEcatca07
    [P_AUTH_DT] => 20250908105213
    [P_STATUS] => 02
    [P_TYPE] => VBANK
    [P_OID] => 250908-004
    [P_FN_CD1] => 11
    [P_FN_CD2] => 
    [P_FN_NM] => NH농협은행
    [P_AMT] => 3000
    [P_UNAME] => 김지훈
    [P_RMESG1] => P_VACCT_NO=79014505119383|P_EXP_DT=20250918
    [P_RMESG2] => 
    [P_NOTI] => 
    [P_AUTH_NO] => 
)

 Array
(
    [PageCall time] => 11:12:55
    [P_TID] => INIMX_VBNKCAEcatca0720250908110057325291
    [P_MID] => CAEcatca07
    [P_AUTH_DT] => 20250908111255
    [P_STATUS] => 02
    [P_TYPE] => VBANK
    [P_OID] => 250908-005
    [P_FN_CD1] => 89
    [P_FN_CD2] => 
    [P_FN_NM] => 케이뱅크
    [P_AMT] => 3000
    [P_UNAME] => 박봉희
    [P_RMESG1] => P_VACCT_NO=70112003386555|P_EXP_DT=20250918
    [P_RMESG2] => 
    [P_NOTI] => 
    [P_AUTH_NO] => 
)

 Array
(
    [PageCall time] => 11:39:00
    [P_TID] => INIMX_VBNKCAEcatca0720250908113546565947
    [P_MID] => CAEcatca07
    [P_AUTH_DT] => 20250908113900
    [P_STATUS] => 02
    [P_TYPE] => VBANK
    [P_OID] => 250908-009
    [P_FN_CD1] => 04
    [P_FN_CD2] => 
    [P_FN_NM] => KB국민은행
    [P_AMT] => 3000
    [P_UNAME] => 변인선
    [P_RMESG1] => P_VACCT_NO=26029078049241|P_EXP_DT=20250918
    [P_RMESG2] => 
    [P_NOTI] => 
    [P_AUTH_NO] => 
)

 Array
(
    [PageCall time] => 12:40:30
    [P_TID] => INIMX_VBNKCAEcatca0720250908123708905869
    [P_MID] => CAEcatca07
    [P_AUTH_DT] => 20250908124030
    [P_STATUS] => 02
    [P_TYPE] => VBANK
    [P_OID] => 250908-012
    [P_FN_CD1] => 04
    [P_FN_CD2] => 
    [P_FN_NM] => KB국민은행
    [P_AMT] => 3000
    [P_UNAME] => 채미란
    [P_RMESG1] => P_VACCT_NO=26029078127167|P_EXP_DT=20250918
    [P_RMESG2] => 
    [P_NOTI] => 
    [P_AUTH_NO] => 
)

 Array
(
    [PageCall time] => 12:53:25
    [P_TID] => INIMX_VBNKCAEcatca0720250908125210775377
    [P_MID] => CAEcatca07
    [P_AUTH_DT] => 20250908125325
    [P_STATUS] => 02
    [P_TYPE] => VBANK
    [P_OID] => 250908-013
    [P_FN_CD1] => 11
    [P_FN_CD2] => 
    [P_FN_NM] => NH농협은행
    [P_AMT] => 3000
    [P_UNAME] => 이미경
    [P_RMESG1] => P_VACCT_NO=79014505135339|P_EXP_DT=20250918
    [P_RMESG2] => 
    [P_NOTI] => 
    [P_AUTH_NO] => 
)

 Array
(
    [PageCall time] => 12:57:38
    [P_TID] => INIMX_VBNKCAEcatca0720250908125459765466
    [P_MID] => CAEcatca07
    [P_AUTH_DT] => 20250908125738
    [P_STATUS] => 02
    [P_TYPE] => VBANK
    [P_OID] => 250908-014
    [P_FN_CD1] => 04
    [P_FN_CD2] => 
    [P_FN_NM] => KB국민은행
    [P_AMT] => 3000
    [P_UNAME] => 정윤아
    [P_RMESG1] => P_VACCT_NO=70149014963880|P_EXP_DT=20250918
    [P_RMESG2] => 
    [P_NOTI] => 
    [P_AUTH_NO] => 
)

 Array
(
    [PageCall time] => 14:02:13
    [P_TID] => INIMX_VBNKCAEcatca0720250908140137505191
    [P_MID] => CAEcatca07
    [P_AUTH_DT] => 20250908140213
    [P_STATUS] => 02
    [P_TYPE] => VBANK
    [P_OID] => 250908-017
    [P_FN_CD1] => 11
    [P_FN_CD2] => 
    [P_FN_NM] => NH농협은행
    [P_AMT] => 3000
    [P_UNAME] => 권유자
    [P_RMESG1] => P_VACCT_NO=79014505146672|P_EXP_DT=20250918
    [P_RMESG2] => 
    [P_NOTI] => 
    [P_AUTH_NO] => 
)

 Array
(
    [PageCall time] => 14:07:46
    [P_TID] => INIMX_VBNKCAEcatca0720250908140121495623
    [P_MID] => CAEcatca07
    [P_AUTH_DT] => 20250908140746
    [P_STATUS] => 02
    [P_TYPE] => VBANK
    [P_OID] => 250908-018
    [P_FN_CD1] => 81
    [P_FN_CD2] => 
    [P_FN_NM] => 하나은행
    [P_AMT] => 3000
    [P_UNAME] => 이남선
    [P_RMESG1] => P_VACCT_NO=20894093534437|P_EXP_DT=20250918
    [P_RMESG2] => 
    [P_NOTI] => 
    [P_AUTH_NO] => 
)

 Array
(
    [PageCall time] => 14:51:12
    [P_TID] => INIMX_VBNKCAEcatca0720250908144837175066
    [P_MID] => CAEcatca07
    [P_AUTH_DT] => 20250908145112
    [P_STATUS] => 02
    [P_TYPE] => VBANK
    [P_OID] => 250908-021
    [P_FN_CD1] => 04
    [P_FN_CD2] => 
    [P_FN_NM] => KB국민은행
    [P_AMT] => 3000
    [P_UNAME] => 강민주
    [P_RMESG1] => P_VACCT_NO=80429078619358|P_EXP_DT=20250918
    [P_RMESG2] => 
    [P_NOTI] => 
    [P_AUTH_NO] => 
)

 Array
(
    [PageCall time] => 15:25:24
    [P_TID] => INIMX_VBNKCAEcatca0720250908152207985274
    [P_MID] => CAEcatca07
    [P_AUTH_DT] => 20250908152524
    [P_STATUS] => 02
    [P_TYPE] => VBANK
    [P_OID] => 250908-025
    [P_FN_CD1] => 04
    [P_FN_CD2] => 
    [P_FN_NM] => KB국민은행
    [P_AMT] => 3000
    [P_UNAME] => 이희정
    [P_RMESG1] => P_VACCT_NO=80429078628057|P_EXP_DT=20250918
    [P_RMESG2] => 
    [P_NOTI] => 
    [P_AUTH_NO] => 
)

 Array
(
    [PageCall time] => 15:41:23
    [P_TID] => INIMX_VBNKCAEcatca0720250908153832855306
    [P_MID] => CAEcatca07
    [P_AUTH_DT] => 20250908154123
    [P_STATUS] => 02
    [P_TYPE] => VBANK
    [P_OID] => 250908-011
    [P_FN_CD1] => 20
    [P_FN_CD2] => 
    [P_FN_NM] => 우리은행
    [P_AMT] => 3000
    [P_UNAME] => 최성윤
    [P_RMESG1] => P_VACCT_NO=27489463218781|P_EXP_DT=20250918
    [P_RMESG2] => 
    [P_NOTI] => 
    [P_AUTH_NO] => 
)

 Array
(
    [PageCall time] => 15:45:36
    [P_TID] => INIMX_VBNKCAEcatca0720250908154307815719
    [P_MID] => CAEcatca07
    [P_AUTH_DT] => 20250908154536
    [P_STATUS] => 02
    [P_TYPE] => VBANK
    [P_OID] => 250908-026
    [P_FN_CD1] => 88
    [P_FN_CD2] => 
    [P_FN_NM] => 신한은행
    [P_AMT] => 3000
    [P_UNAME] => 반상원
    [P_RMESG1] => P_VACCT_NO=56211991128116|P_EXP_DT=20250918
    [P_RMESG2] => 
    [P_NOTI] => 
    [P_AUTH_NO] => 
)

 Array
(
    [PageCall time] => 15:46:42
    [P_TID] => INIMX_VBNKCAEcatca0720250908154352995843
    [P_MID] => CAEcatca07
    [P_AUTH_DT] => 20250908154642
    [P_STATUS] => 02
    [P_TYPE] => VBANK
    [P_OID] => 250908-027
    [P_FN_CD1] => 04
    [P_FN_CD2] => 
    [P_FN_NM] => KB국민은행
    [P_AMT] => 3000
    [P_UNAME] => 길정희
    [P_RMESG1] => P_VACCT_NO=80429078633170|P_EXP_DT=20250918
    [P_RMESG2] => 
    [P_NOTI] => 
    [P_AUTH_NO] => 
)

 Array
(
    [PageCall time] => 16:13:55
    [P_TID] => INIMX_VBNKCAEcatca0720250908160658225138
    [P_MID] => CAEcatca07
    [P_AUTH_DT] => 20250908161355
    [P_STATUS] => 02
    [P_TYPE] => VBANK
    [P_OID] => 250908-028
    [P_FN_CD1] => 81
    [P_FN_CD2] => 
    [P_FN_NM] => 하나은행
    [P_AMT] => 3000
    [P_UNAME] => 조경옥
    [P_RMESG1] => P_VACCT_NO=20894095067137|P_EXP_DT=20250918
    [P_RMESG2] => 
    [P_NOTI] => 
    [P_AUTH_NO] => 
)

 Array
(
    [PageCall time] => 16:49:11
    [P_TID] => INIMX_VBNKCAEcatca0720250908164639835249
    [P_MID] => CAEcatca07
    [P_AUTH_DT] => 20250908164911
    [P_STATUS] => 02
    [P_TYPE] => VBANK
    [P_OID] => 250908-032
    [P_FN_CD1] => 04
    [P_FN_CD2] => 
    [P_FN_NM] => KB국민은행
    [P_AMT] => 3000
    [P_UNAME] => 강지혜
    [P_RMESG1] => P_VACCT_NO=80429078647030|P_EXP_DT=20250918
    [P_RMESG2] => 
    [P_NOTI] => 
    [P_AUTH_NO] => 
)

 Array
(
    [PageCall time] => 17:57:40
    [P_TID] => INIMX_VBNKCAEcatca0720250908175356435808
    [P_MID] => CAEcatca07
    [P_AUTH_DT] => 20250908175740
    [P_STATUS] => 02
    [P_TYPE] => VBANK
    [P_OID] => 250908-034
    [P_FN_CD1] => 04
    [P_FN_CD2] => 
    [P_FN_NM] => KB국민은행
    [P_AMT] => 3000
    [P_UNAME] => 김동희
    [P_RMESG1] => P_VACCT_NO=80429078660178|P_EXP_DT=20250918
    [P_RMESG2] => 
    [P_NOTI] => 
    [P_AUTH_NO] => 
)

 Array
(
    [PageCall time] => 18:01:35
    [P_TID] => INIMX_VBNKCAEcatca0720250908175855525998
    [P_MID] => CAEcatca07
    [P_AUTH_DT] => 20250908180135
    [P_STATUS] => 02
    [P_TYPE] => VBANK
    [P_OID] => 250908-036
    [P_FN_CD1] => 04
    [P_FN_CD2] => 
    [P_FN_NM] => KB국민은행
    [P_AMT] => 3000
    [P_UNAME] => 박선영
    [P_RMESG1] => P_VACCT_NO=80429078660970|P_EXP_DT=20250918
    [P_RMESG2] => 
    [P_NOTI] => 
    [P_AUTH_NO] => 
)

 Array
(
    [PageCall time] => 18:27:17
    [P_TID] => INIMX_VBNKCAEcatca0720250908182449385489
    [P_MID] => CAEcatca07
    [P_AUTH_DT] => 20250908182717
    [P_STATUS] => 02
    [P_TYPE] => VBANK
    [P_OID] => 250908-037
    [P_FN_CD1] => 04
    [P_FN_CD2] => 
    [P_FN_NM] => KB국민은행
    [P_AMT] => 3000
    [P_UNAME] => 이서윤
    [P_RMESG1] => P_VACCT_NO=80429078664527|P_EXP_DT=20250918
    [P_RMESG2] => 
    [P_NOTI] => 
    [P_AUTH_NO] => 
)

 Array
(
    [PageCall time] => 18:28:47
    [P_TID] => INIMX_VBNKCAEcatca0720250908182610915753
    [P_MID] => CAEcatca07
    [P_AUTH_DT] => 20250908182847
    [P_STATUS] => 02
    [P_TYPE] => VBANK
    [P_OID] => 250908-039
    [P_FN_CD1] => 04
    [P_FN_CD2] => 
    [P_FN_NM] => KB국민은행
    [P_AMT] => 3000
    [P_UNAME] => 홍혜연
    [P_RMESG1] => P_VACCT_NO=80429078664754|P_EXP_DT=20250918
    [P_RMESG2] => 
    [P_NOTI] => 
    [P_AUTH_NO] => 
)

 Array
(
    [PageCall time] => 19:00:35
    [P_TID] => INIMX_VBNKCAEcatca0720250908185708905800
    [P_MID] => CAEcatca07
    [P_AUTH_DT] => 20250908190035
    [P_STATUS] => 02
    [P_TYPE] => VBANK
    [P_OID] => 250908-040
    [P_FN_CD1] => 04
    [P_FN_CD2] => 
    [P_FN_NM] => KB국민은행
    [P_AMT] => 3000
    [P_UNAME] => 서미영
    [P_RMESG1] => P_VACCT_NO=80429078667685|P_EXP_DT=20250918
    [P_RMESG2] => 
    [P_NOTI] => 
    [P_AUTH_NO] => 
)

 Array
(
    [PageCall time] => 19:13:55
    [P_TID] => INIMX_VBNKCAEcatca0720250908191050855605
    [P_MID] => CAEcatca07
    [P_AUTH_DT] => 20250908191355
    [P_STATUS] => 02
    [P_TYPE] => VBANK
    [P_OID] => 250908-041
    [P_FN_CD1] => 89
    [P_FN_CD2] => 
    [P_FN_NM] => 케이뱅크
    [P_AMT] => 3000
    [P_UNAME] => 최기철
    [P_RMESG1] => P_VACCT_NO=70112003391836|P_EXP_DT=20250918
    [P_RMESG2] => 
    [P_NOTI] => 
    [P_AUTH_NO] => 
)

 Array
(
    [PageCall time] => 19:38:58
    [P_TID] => INIMX_VBNKCAEcatca0720250908193553255005
    [P_MID] => CAEcatca07
    [P_AUTH_DT] => 20250908193858
    [P_STATUS] => 02
    [P_TYPE] => VBANK
    [P_OID] => 250908-038
    [P_FN_CD1] => 04
    [P_FN_CD2] => 
    [P_FN_NM] => KB국민은행
    [P_AMT] => 3000
    [P_UNAME] => 허가영
    [P_RMESG1] => P_VACCT_NO=80429078671813|P_EXP_DT=20250918
    [P_RMESG2] => 
    [P_NOTI] => 
    [P_AUTH_NO] => 
)

 Array
(
    [PageCall time] => 21:41:09
    [P_TID] => INIMX_VBNKCAEcatca0720250908213823175302
    [P_MID] => CAEcatca07
    [P_AUTH_DT] => 20250908214109
    [P_STATUS] => 02
    [P_TYPE] => VBANK
    [P_OID] => 250908-042
    [P_FN_CD1] => 04
    [P_FN_CD2] => 
    [P_FN_NM] => KB국민은행
    [P_AMT] => 3000
    [P_UNAME] => 류희정
    [P_RMESG1] => P_VACCT_NO=80429078680765|P_EXP_DT=20250918
    [P_RMESG2] => 
    [P_NOTI] => 
    [P_AUTH_NO] => 
)

