 Array
(
    [PageCall time] => 00:44:35
    [P_TID] => INIMX_VBNKCAEcatca0720250625004142075095
    [P_MID] => CAEcatca07
    [P_AUTH_DT] => 20250625004435
    [P_STATUS] => 02
    [P_TYPE] => VBANK
    [P_OID] => 250625-001
    [P_FN_CD1] => 20
    [P_FN_CD2] => 
    [P_FN_NM] => 우리은행
    [P_AMT] => 3000
    [P_UNAME] => 유승희
    [P_RMESG1] => P_VACCT_NO=27762874518739|P_EXP_DT=20250705
    [P_RMESG2] => 
    [P_NOTI] => 
    [P_AUTH_NO] => 
)

 Array
(
    [PageCall time] => 01:41:34
    [P_TID] => INIMX_VBNKCAEcatca0720250625014030515891
    [P_MID] => CAEcatca07
    [P_AUTH_DT] => 20250625014134
    [P_STATUS] => 02
    [P_TYPE] => VBANK
    [P_OID] => 250623-058
    [P_FN_CD1] => 04
    [P_FN_CD2] => 
    [P_FN_NM] => KB국민은행
    [P_AMT] => 3000
    [P_UNAME] => 백서연
    [P_RMESG1] => P_VACCT_NO=70149014705750|P_EXP_DT=20250705
    [P_RMESG2] => 
    [P_NOTI] => 
    [P_AUTH_NO] => 
)

 Array
(
    [PageCall time] => 09:32:12
    [P_TID] => INIMX_VBNKCAEcatca0720250625093029555066
    [P_MID] => CAEcatca07
    [P_AUTH_DT] => 20250625093212
    [P_STATUS] => 02
    [P_TYPE] => VBANK
    [P_OID] => 250625-003
    [P_FN_CD1] => 04
    [P_FN_CD2] => 
    [P_FN_NM] => KB국민은행
    [P_AMT] => 3000
    [P_UNAME] => 김대영
    [P_RMESG1] => P_VACCT_NO=26119078041219|P_EXP_DT=20250705
    [P_RMESG2] => 
    [P_NOTI] => 
    [P_AUTH_NO] => 
)

 Array
(
    [PageCall time] => 10:22:22
    [P_TID] => INIMX_VBNKCAEcatca0720250625102142134417
    [P_MID] => CAEcatca07
    [P_AUTH_DT] => 20250625102222
    [P_STATUS] => 02
    [P_TYPE] => VBANK
    [P_OID] => 250625-005
    [P_FN_CD1] => 11
    [P_FN_CD2] => 
    [P_FN_NM] => NH농협은행
    [P_AMT] => 3000
    [P_UNAME] => 문영광
    [P_RMESG1] => P_VACCT_NO=79003193917399|P_EXP_DT=20250705
    [P_RMESG2] => 
    [P_NOTI] => 
    [P_AUTH_NO] => 
)

 Array
(
    [PageCall time] => 10:39:53
    [P_TID] => INIMX_VBNKCAEcatca0720250625103830924330
    [P_MID] => CAEcatca07
    [P_AUTH_DT] => 20250625103953
    [P_STATUS] => 02
    [P_TYPE] => VBANK
    [P_OID] => 250625-002
    [P_FN_CD1] => 04
    [P_FN_CD2] => 
    [P_FN_NM] => KB국민은행
    [P_AMT] => 3000
    [P_UNAME] => 이용희
    [P_RMESG1] => P_VACCT_NO=88269011053858|P_EXP_DT=20250705
    [P_RMESG2] => 
    [P_NOTI] => 
    [P_AUTH_NO] => 
)

 Array
(
    [PageCall time] => 10:42:26
    [P_TID] => INIMX_VBNKCAEcatca0720250625103848534469
    [P_MID] => CAEcatca07
    [P_AUTH_DT] => 20250625104226
    [P_STATUS] => 02
    [P_TYPE] => VBANK
    [P_OID] => 250625-006
    [P_FN_CD1] => 89
    [P_FN_CD2] => 
    [P_FN_NM] => 케이뱅크
    [P_AMT] => 3000
    [P_UNAME] => 정인채
    [P_RMESG1] => P_VACCT_NO=70112000161807|P_EXP_DT=20250705
    [P_RMESG2] => 
    [P_NOTI] => 
    [P_AUTH_NO] => 
)

 Array
(
    [PageCall time] => 11:05:39
    [P_TID] => INIMX_VBNKCAEcatca0720250625105410644185
    [P_MID] => CAEcatca07
    [P_AUTH_DT] => 20250625110539
    [P_STATUS] => 02
    [P_TYPE] => VBANK
    [P_OID] => 250625-008
    [P_FN_CD1] => 04
    [P_FN_CD2] => 
    [P_FN_NM] => KB국민은행
    [P_AMT] => 3000
    [P_UNAME] => 정유진
    [P_RMESG1] => P_VACCT_NO=88269011060074|P_EXP_DT=20250705
    [P_RMESG2] => 
    [P_NOTI] => 
    [P_AUTH_NO] => 
)

 Array
(
    [PageCall time] => 11:28:39
    [P_TID] => INIMX_VBNKCAEcatca0720250625112610564375
    [P_MID] => CAEcatca07
    [P_AUTH_DT] => 20250625112839
    [P_STATUS] => 02
    [P_TYPE] => VBANK
    [P_OID] => 250625-010
    [P_FN_CD1] => 88
    [P_FN_CD2] => 
    [P_FN_NM] => 신한은행
    [P_AMT] => 3000
    [P_UNAME] => 최민희
    [P_RMESG1] => P_VACCT_NO=56211121736972|P_EXP_DT=20250705
    [P_RMESG2] => 
    [P_NOTI] => 
    [P_AUTH_NO] => 
)

 Array
(
    [PageCall time] => 11:35:25
    [P_TID] => INIMX_VBNKCAEcatca0720250625113234234961
    [P_MID] => CAEcatca07
    [P_AUTH_DT] => 20250625113525
    [P_STATUS] => 02
    [P_TYPE] => VBANK
    [P_OID] => 250625-011
    [P_FN_CD1] => 20
    [P_FN_CD2] => 
    [P_FN_NM] => 우리은행
    [P_AMT] => 3000
    [P_UNAME] => 이선주
    [P_RMESG1] => P_VACCT_NO=61843880018782|P_EXP_DT=20250705
    [P_RMESG2] => 
    [P_NOTI] => 
    [P_AUTH_NO] => 
)

 Array
(
    [PageCall time] => 11:42:36
    [P_TID] => INIMX_VBNKCAEcatca0720250625114114834979
    [P_MID] => CAEcatca07
    [P_AUTH_DT] => 20250625114236
    [P_STATUS] => 02
    [P_TYPE] => VBANK
    [P_OID] => 250625-012
    [P_FN_CD1] => 04
    [P_FN_CD2] => 
    [P_FN_NM] => KB국민은행
    [P_AMT] => 3000
    [P_UNAME] => 노경희
    [P_RMESG1] => P_VACCT_NO=88269011074257|P_EXP_DT=20250705
    [P_RMESG2] => 
    [P_NOTI] => 
    [P_AUTH_NO] => 
)

 Array
(
    [PageCall time] => 12:40:36
    [P_TID] => INIMX_VBNKCAEcatca0720250625124012454690
    [P_MID] => CAEcatca07
    [P_AUTH_DT] => 20250625124036
    [P_STATUS] => 02
    [P_TYPE] => VBANK
    [P_OID] => 250625-014
    [P_FN_CD1] => 11
    [P_FN_CD2] => 
    [P_FN_NM] => NH농협은행
    [P_AMT] => 3000
    [P_UNAME] => 박지혜
    [P_RMESG1] => P_VACCT_NO=79003193965989|P_EXP_DT=20250705
    [P_RMESG2] => 
    [P_NOTI] => 
    [P_AUTH_NO] => 
)

 Array
(
    [PageCall time] => 14:28:31
    [P_TID] => INIMX_VBNKCAEcatca0720250625094338855012
    [P_MID] => CAEcatca07
    [P_AUTH_DT] => 20250625142831
    [P_STATUS] => 02
    [P_TYPE] => VBANK
    [P_OID] => 250623-030
    [P_FN_CD1] => 11
    [P_FN_CD2] => 
    [P_FN_NM] => NH농협은행
    [P_AMT] => 3000
    [P_UNAME] => 육민관고등학교
    [P_RMESG1] => P_VACCT_NO=79010590667716|P_EXP_DT=20250705
    [P_RMESG2] => 
    [P_NOTI] => 
    [P_AUTH_NO] => 
)

 Array
(
    [PageCall time] => 14:48:07
    [P_TID] => INIMX_VBNKCAEcatca0720250625143552885111
    [P_MID] => CAEcatca07
    [P_AUTH_DT] => 20250625144807
    [P_STATUS] => 02
    [P_TYPE] => VBANK
    [P_OID] => 250625-021
    [P_FN_CD1] => 03
    [P_FN_CD2] => 
    [P_FN_NM] => 기업은행
    [P_AMT] => 3000
    [P_UNAME] => 공유진
    [P_RMESG1] => P_VACCT_NO=07503421797228|P_EXP_DT=20250705
    [P_RMESG2] => 
    [P_NOTI] => 
    [P_AUTH_NO] => 
)

 Array
(
    [PageCall time] => 14:53:18
    [P_TID] => INIMX_VBNKCAEcatca0720250625144942455804
    [P_MID] => CAEcatca07
    [P_AUTH_DT] => 20250625145318
    [P_STATUS] => 02
    [P_TYPE] => VBANK
    [P_OID] => 250625-022
    [P_FN_CD1] => 11
    [P_FN_CD2] => 
    [P_FN_NM] => NH농협은행
    [P_AMT] => 3000
    [P_UNAME] => 김지원
    [P_RMESG1] => P_VACCT_NO=79010590695270|P_EXP_DT=20250705
    [P_RMESG2] => 
    [P_NOTI] => 
    [P_AUTH_NO] => 
)

 Array
(
    [PageCall time] => 15:14:44
    [P_TID] => INIMX_VBNKCAEcatca0720250625151212035802
    [P_MID] => CAEcatca07
    [P_AUTH_DT] => 20250625151444
    [P_STATUS] => 02
    [P_TYPE] => VBANK
    [P_OID] => 250625-023
    [P_FN_CD1] => 03
    [P_FN_CD2] => 
    [P_FN_NM] => 기업은행
    [P_AMT] => 3000
    [P_UNAME] => 김윤숙
    [P_RMESG1] => P_VACCT_NO=07503422597038|P_EXP_DT=20250705
    [P_RMESG2] => 
    [P_NOTI] => 
    [P_AUTH_NO] => 
)

 Array
(
    [PageCall time] => 16:01:42
    [P_TID] => INIMX_VBNKCAEcatca0720250625160001775426
    [P_MID] => CAEcatca07
    [P_AUTH_DT] => 20250625160142
    [P_STATUS] => 02
    [P_TYPE] => VBANK
    [P_OID] => 250625-025
    [P_FN_CD1] => 04
    [P_FN_CD2] => 
    [P_FN_NM] => KB국민은행
    [P_AMT] => 3000
    [P_UNAME] => 정종숙
    [P_RMESG1] => P_VACCT_NO=29419079127910|P_EXP_DT=20250705
    [P_RMESG2] => 
    [P_NOTI] => 
    [P_AUTH_NO] => 
)

 Array
(
    [PageCall time] => 16:07:58
    [P_TID] => INIMX_VBNKCAEcatca0720250625160450595855
    [P_MID] => CAEcatca07
    [P_AUTH_DT] => 20250625160758
    [P_STATUS] => 02
    [P_TYPE] => VBANK
    [P_OID] => 250625-026
    [P_FN_CD1] => 89
    [P_FN_CD2] => 
    [P_FN_NM] => 케이뱅크
    [P_AMT] => 3000
    [P_UNAME] => 장원재
    [P_RMESG1] => P_VACCT_NO=70112003838193|P_EXP_DT=20250705
    [P_RMESG2] => 
    [P_NOTI] => 
    [P_AUTH_NO] => 
)

 Array
(
    [PageCall time] => 16:34:00
    [P_TID] => INIMX_VBNKCAEcatca0720250625163137145930
    [P_MID] => CAEcatca07
    [P_AUTH_DT] => 20250625163400
    [P_STATUS] => 02
    [P_TYPE] => VBANK
    [P_OID] => 250625-027
    [P_FN_CD1] => 11
    [P_FN_CD2] => 
    [P_FN_NM] => NH농협은행
    [P_AMT] => 3000
    [P_UNAME] => 이정수
    [P_RMESG1] => P_VACCT_NO=79010590718074|P_EXP_DT=20250705
    [P_RMESG2] => 
    [P_NOTI] => 
    [P_AUTH_NO] => 
)

 Array
(
    [PageCall time] => 17:25:24
    [P_TID] => INIMX_VBNKCAEcatca0720250625172439595174
    [P_MID] => CAEcatca07
    [P_AUTH_DT] => 20250625172523
    [P_STATUS] => 02
    [P_TYPE] => VBANK
    [P_OID] => 250625-033
    [P_FN_CD1] => 11
    [P_FN_CD2] => 
    [P_FN_NM] => NH농협은행
    [P_AMT] => 3000
    [P_UNAME] => 임준석
    [P_RMESG1] => P_VACCT_NO=79010590725959|P_EXP_DT=20250705
    [P_RMESG2] => 
    [P_NOTI] => 
    [P_AUTH_NO] => 
)

 Array
(
    [PageCall time] => 18:26:35
    [P_TID] => INIMX_VBNKCAEcatca0720250625182453255857
    [P_MID] => CAEcatca07
    [P_AUTH_DT] => 20250625182635
    [P_STATUS] => 02
    [P_TYPE] => VBANK
    [P_OID] => 250625-031
    [P_FN_CD1] => 11
    [P_FN_CD2] => 
    [P_FN_NM] => NH농협은행
    [P_AMT] => 3000
    [P_UNAME] => 송정식
    [P_RMESG1] => P_VACCT_NO=79010590734742|P_EXP_DT=20250705
    [P_RMESG2] => 
    [P_NOTI] => 
    [P_AUTH_NO] => 
)

 Array
(
    [PageCall time] => 19:12:48
    [P_TID] => INIMX_VBNKCAEcatca0720250625191209625690
    [P_MID] => CAEcatca07
    [P_AUTH_DT] => 20250625191248
    [P_STATUS] => 02
    [P_TYPE] => VBANK
    [P_OID] => 250625-034
    [P_FN_CD1] => 11
    [P_FN_CD2] => 
    [P_FN_NM] => NH농협은행
    [P_AMT] => 3000
    [P_UNAME] => 안희선
    [P_RMESG1] => P_VACCT_NO=79010590741084|P_EXP_DT=20250705
    [P_RMESG2] => 
    [P_NOTI] => 
    [P_AUTH_NO] => 
)

 Array
(
    [PageCall time] => 20:04:34
    [P_TID] => INIMX_VBNKCAEcatca0720250625200125475412
    [P_MID] => CAEcatca07
    [P_AUTH_DT] => 20250625200434
    [P_STATUS] => 02
    [P_TYPE] => VBANK
    [P_OID] => 250625-013
    [P_FN_CD1] => 88
    [P_FN_CD2] => 
    [P_FN_NM] => 신한은행
    [P_AMT] => 3000
    [P_UNAME] => 김장섭
    [P_RMESG1] => P_VACCT_NO=56211105429716|P_EXP_DT=20250705
    [P_RMESG2] => 
    [P_NOTI] => 
    [P_AUTH_NO] => 
)

 Array
(
    [PageCall time] => 20:37:20
    [P_TID] => INIMX_VBNKCAEcatca0720250625203339665131
    [P_MID] => CAEcatca07
    [P_AUTH_DT] => 20250625203720
    [P_STATUS] => 02
    [P_TYPE] => VBANK
    [P_OID] => 250625-035
    [P_FN_CD1] => 11
    [P_FN_CD2] => 
    [P_FN_NM] => NH농협은행
    [P_AMT] => 3000
    [P_UNAME] => 류성철
    [P_RMESG1] => P_VACCT_NO=79010590752203|P_EXP_DT=20250705
    [P_RMESG2] => 
    [P_NOTI] => 
    [P_AUTH_NO] => 
)

 Array
(
    [PageCall time] => 22:26:59
    [P_TID] => INIMX_VBNKCAEcatca0720250625222507695354
    [P_MID] => CAEcatca07
    [P_AUTH_DT] => 20250625222659
    [P_STATUS] => 02
    [P_TYPE] => VBANK
    [P_OID] => 250625-036
    [P_FN_CD1] => 04
    [P_FN_CD2] => 
    [P_FN_NM] => KB국민은행
    [P_AMT] => 3000
    [P_UNAME] => 최민경
    [P_RMESG1] => P_VACCT_NO=42089011547131|P_EXP_DT=20250705
    [P_RMESG2] => 
    [P_NOTI] => 
    [P_AUTH_NO] => 
)

