 Array
(
    [PageCall time] => 08:00:08
    [P_TID] => INIMX_VBNKCAEcatca0720260120075716395840
    [P_MID] => CAEcatca07
    [P_AUTH_DT] => 20260120080008
    [P_STATUS] => 02
    [P_TYPE] => VBANK
    [P_OID] => 260120-001
    [P_FN_CD1] => 04
    [P_FN_CD2] => 
    [P_FN_NM] => KB국민은행
    [P_AMT] => 3500
    [P_UNAME] => 박찬수
    [P_RMESG1] => P_VACCT_NO=45419079350916|P_EXP_DT=20260130
    [P_RMESG2] => 
    [P_NOTI] => 
    [P_AUTH_NO] => 
)

 Array
(
    [PageCall time] => 09:38:25
    [P_TID] => INIMX_VBNKCAEcatca0720260120093342435675
    [P_MID] => CAEcatca07
    [P_AUTH_DT] => 20260120093824
    [P_STATUS] => 02
    [P_TYPE] => VBANK
    [P_OID] => 260118-002
    [P_FN_CD1] => 88
    [P_FN_CD2] => 
    [P_FN_NM] => 신한은행
    [P_AMT] => 3500
    [P_UNAME] => 오미라
    [P_RMESG1] => P_VACCT_NO=56211990814850|P_EXP_DT=20260130
    [P_RMESG2] => 
    [P_NOTI] => 
    [P_AUTH_NO] => 
)

 Array
(
    [PageCall time] => 10:13:07
    [P_TID] => INIMX_VBNKCAEcatca0720260120100900605607
    [P_MID] => CAEcatca07
    [P_AUTH_DT] => 20260120101307
    [P_STATUS] => 02
    [P_TYPE] => VBANK
    [P_OID] => 260120-003
    [P_FN_CD1] => 03
    [P_FN_CD2] => 
    [P_FN_NM] => 기업은행
    [P_AMT] => 3500
    [P_UNAME] => 박진이
    [P_RMESG1] => P_VACCT_NO=07502302697405|P_EXP_DT=20260130
    [P_RMESG2] => 
    [P_NOTI] => 
    [P_AUTH_NO] => 
)

 Array
(
    [PageCall time] => 10:19:55
    [P_TID] => INIMX_VBNKCAEcatca0720260120101610215808
    [P_MID] => CAEcatca07
    [P_AUTH_DT] => 20260120101955
    [P_STATUS] => 02
    [P_TYPE] => VBANK
    [P_OID] => 260120-004
    [P_FN_CD1] => 88
    [P_FN_CD2] => 
    [P_FN_NM] => 신한은행
    [P_AMT] => 3500
    [P_UNAME] => 정낙영
    [P_RMESG1] => P_VACCT_NO=56211104370571|P_EXP_DT=20260130
    [P_RMESG2] => 
    [P_NOTI] => 
    [P_AUTH_NO] => 
)

 Array
(
    [PageCall time] => 10:50:27
    [P_TID] => INIMX_VBNKCAEcatca0720260120104720095483
    [P_MID] => CAEcatca07
    [P_AUTH_DT] => 20260120105026
    [P_STATUS] => 02
    [P_TYPE] => VBANK
    [P_OID] => 260120-006
    [P_FN_CD1] => 04
    [P_FN_CD2] => 
    [P_FN_NM] => KB국민은행
    [P_AMT] => 3500
    [P_UNAME] => 김명희
    [P_RMESG1] => P_VACCT_NO=58129079457261|P_EXP_DT=20260130
    [P_RMESG2] => 
    [P_NOTI] => 
    [P_AUTH_NO] => 
)

 Array
(
    [PageCall time] => 10:57:34
    [P_TID] => INIMX_VBNKCAEcatca0720260120105424105492
    [P_MID] => CAEcatca07
    [P_AUTH_DT] => 20260120105734
    [P_STATUS] => 02
    [P_TYPE] => VBANK
    [P_OID] => 260120-008
    [P_FN_CD1] => 04
    [P_FN_CD2] => 
    [P_FN_NM] => KB국민은행
    [P_AMT] => 3500
    [P_UNAME] => 엄연홍
    [P_RMESG1] => P_VACCT_NO=96279078775550|P_EXP_DT=20260130
    [P_RMESG2] => 
    [P_NOTI] => 
    [P_AUTH_NO] => 
)

 Array
(
    [PageCall time] => 10:57:49
    [P_TID] => INIMX_VBNKCAEcatca0720260120105415265815
    [P_MID] => CAEcatca07
    [P_AUTH_DT] => 20260120105749
    [P_STATUS] => 02
    [P_TYPE] => VBANK
    [P_OID] => 260120-007
    [P_FN_CD1] => 04
    [P_FN_CD2] => 
    [P_FN_NM] => KB국민은행
    [P_AMT] => 3500
    [P_UNAME] => (주)다조은에프엔비
    [P_RMESG1] => P_VACCT_NO=91779011648866|P_EXP_DT=20260130
    [P_RMESG2] => 
    [P_NOTI] => 
    [P_AUTH_NO] => 
)

 Array
(
    [PageCall time] => 11:09:49
    [P_TID] => INIMX_VBNKCAEcatca0720260120110400945336
    [P_MID] => CAEcatca07
    [P_AUTH_DT] => 20260120110949
    [P_STATUS] => 02
    [P_TYPE] => VBANK
    [P_OID] => 260120-002
    [P_FN_CD1] => 20
    [P_FN_CD2] => 
    [P_FN_NM] => 우리은행
    [P_AMT] => 3500
    [P_UNAME] => 홍기완
    [P_RMESG1] => P_VACCT_NO=27489657718031|P_EXP_DT=20260130
    [P_RMESG2] => 
    [P_NOTI] => 
    [P_AUTH_NO] => 
)

 Array
(
    [PageCall time] => 12:32:46
    [P_TID] => INIMX_VBNKCAEcatca0720260120122858375541
    [P_MID] => CAEcatca07
    [P_AUTH_DT] => 20260120123246
    [P_STATUS] => 02
    [P_TYPE] => VBANK
    [P_OID] => 260120-012
    [P_FN_CD1] => 04
    [P_FN_CD2] => 
    [P_FN_NM] => KB국민은행
    [P_AMT] => 3500
    [P_UNAME] => 박태희
    [P_RMESG1] => P_VACCT_NO=99449014548494|P_EXP_DT=20260130
    [P_RMESG2] => 
    [P_NOTI] => 
    [P_AUTH_NO] => 
)

 Array
(
    [PageCall time] => 12:55:19
    [P_TID] => INIMX_VBNKCAEcatca0720260120124734255968
    [P_MID] => CAEcatca07
    [P_AUTH_DT] => 20260120125519
    [P_STATUS] => 02
    [P_TYPE] => VBANK
    [P_OID] => 260120-013
    [P_FN_CD1] => 89
    [P_FN_CD2] => 
    [P_FN_NM] => 케이뱅크
    [P_AMT] => 3500
    [P_UNAME] => 김경린
    [P_RMESG1] => P_VACCT_NO=70112003347549|P_EXP_DT=20260130
    [P_RMESG2] => 
    [P_NOTI] => 
    [P_AUTH_NO] => 
)

 Array
(
    [PageCall time] => 13:21:39
    [P_TID] => INIMX_VBNKCAEcatca0720260120131821185920
    [P_MID] => CAEcatca07
    [P_AUTH_DT] => 20260120132139
    [P_STATUS] => 02
    [P_TYPE] => VBANK
    [P_OID] => 260120-014
    [P_FN_CD1] => 03
    [P_FN_CD2] => 
    [P_FN_NM] => 기업은행
    [P_AMT] => 3500
    [P_UNAME] => 최은수
    [P_RMESG1] => P_VACCT_NO=07502304597713|P_EXP_DT=20260130
    [P_RMESG2] => 
    [P_NOTI] => 
    [P_AUTH_NO] => 
)

 Array
(
    [PageCall time] => 13:38:01
    [P_TID] => INIMX_VBNKCAEcatca0720260120132917405899
    [P_MID] => CAEcatca07
    [P_AUTH_DT] => 20260120133801
    [P_STATUS] => 02
    [P_TYPE] => VBANK
    [P_OID] => 260120-016
    [P_FN_CD1] => 88
    [P_FN_CD2] => 
    [P_FN_NM] => 신한은행
    [P_AMT] => 3500
    [P_UNAME] => 이미선
    [P_RMESG1] => P_VACCT_NO=56211106483913|P_EXP_DT=20260130
    [P_RMESG2] => 
    [P_NOTI] => 
    [P_AUTH_NO] => 
)

 Array
(
    [PageCall time] => 13:41:10
    [P_TID] => INIMX_VBNKCAEcatca0720260120133741585423
    [P_MID] => CAEcatca07
    [P_AUTH_DT] => 20260120134110
    [P_STATUS] => 02
    [P_TYPE] => VBANK
    [P_OID] => 260120-018
    [P_FN_CD1] => 89
    [P_FN_CD2] => 
    [P_FN_NM] => 케이뱅크
    [P_AMT] => 3500
    [P_UNAME] => 이혜민
    [P_RMESG1] => P_VACCT_NO=70112003348074|P_EXP_DT=20260130
    [P_RMESG2] => 
    [P_NOTI] => 
    [P_AUTH_NO] => 
)

 Array
(
    [PageCall time] => 13:43:32
    [P_TID] => INIMX_VBNKCAEcatca0720260120134012285134
    [P_MID] => CAEcatca07
    [P_AUTH_DT] => 20260120134332
    [P_STATUS] => 02
    [P_TYPE] => VBANK
    [P_OID] => 260120-015
    [P_FN_CD1] => 04
    [P_FN_CD2] => 
    [P_FN_NM] => KB국민은행
    [P_AMT] => 3500
    [P_UNAME] => 최현실
    [P_RMESG1] => P_VACCT_NO=70149014110530|P_EXP_DT=20260130
    [P_RMESG2] => 
    [P_NOTI] => 
    [P_AUTH_NO] => 
)

 Array
(
    [PageCall time] => 13:51:05
    [P_TID] => INIMX_VBNKCAEcatca0720260120134827785440
    [P_MID] => CAEcatca07
    [P_AUTH_DT] => 20260120135105
    [P_STATUS] => 02
    [P_TYPE] => VBANK
    [P_OID] => 260120-019
    [P_FN_CD1] => 81
    [P_FN_CD2] => 
    [P_FN_NM] => 하나은행
    [P_AMT] => 3500
    [P_UNAME] => 김수연
    [P_RMESG1] => P_VACCT_NO=20893949217637|P_EXP_DT=20260130
    [P_RMESG2] => 
    [P_NOTI] => 
    [P_AUTH_NO] => 
)

 Array
(
    [PageCall time] => 14:18:43
    [P_TID] => INIMX_VBNKCAEcatca0720260120141531415125
    [P_MID] => CAEcatca07
    [P_AUTH_DT] => 20260120141843
    [P_STATUS] => 02
    [P_TYPE] => VBANK
    [P_OID] => 260120-021
    [P_FN_CD1] => 89
    [P_FN_CD2] => 
    [P_FN_NM] => 케이뱅크
    [P_AMT] => 3500
    [P_UNAME] => 정은희
    [P_RMESG1] => P_VACCT_NO=70112003348396|P_EXP_DT=20260130
    [P_RMESG2] => 
    [P_NOTI] => 
    [P_AUTH_NO] => 
)

 Array
(
    [PageCall time] => 14:22:05
    [P_TID] => INIMX_VBNKCAEcatca0720260120141835125961
    [P_MID] => CAEcatca07
    [P_AUTH_DT] => 20260120142205
    [P_STATUS] => 02
    [P_TYPE] => VBANK
    [P_OID] => 260120-020
    [P_FN_CD1] => 20
    [P_FN_CD2] => 
    [P_FN_NM] => 우리은행
    [P_AMT] => 3500
    [P_UNAME] => 곽태도
    [P_RMESG1] => P_VACCT_NO=27489664118958|P_EXP_DT=20260130
    [P_RMESG2] => 
    [P_NOTI] => 
    [P_AUTH_NO] => 
)

 Array
(
    [PageCall time] => 14:23:44
    [P_TID] => INIMX_VBNKCAEcatca0720260120142024845766
    [P_MID] => CAEcatca07
    [P_AUTH_DT] => 20260120142344
    [P_STATUS] => 02
    [P_TYPE] => VBANK
    [P_OID] => 260120-022
    [P_FN_CD1] => 88
    [P_FN_CD2] => 
    [P_FN_NM] => 신한은행
    [P_AMT] => 3500
    [P_UNAME] => 윤혜선
    [P_RMESG1] => P_VACCT_NO=56211992306130|P_EXP_DT=20260130
    [P_RMESG2] => 
    [P_NOTI] => 
    [P_AUTH_NO] => 
)

 Array
(
    [PageCall time] => 14:49:14
    [P_TID] => INIMX_VBNKCAEcatca0720260120144825425455
    [P_MID] => CAEcatca07
    [P_AUTH_DT] => 20260120144914
    [P_STATUS] => 02
    [P_TYPE] => VBANK
    [P_OID] => 260120-027
    [P_FN_CD1] => 11
    [P_FN_CD2] => 
    [P_FN_NM] => NH농협은행
    [P_AMT] => 3500
    [P_UNAME] => 최은호
    [P_RMESG1] => P_VACCT_NO=79010592290340|P_EXP_DT=20260130
    [P_RMESG2] => 
    [P_NOTI] => 
    [P_AUTH_NO] => 
)

 Array
(
    [PageCall time] => 14:57:22
    [P_TID] => INIMX_VBNKCAEcatca0720260120145427945954
    [P_MID] => CAEcatca07
    [P_AUTH_DT] => 20260120145722
    [P_STATUS] => 02
    [P_TYPE] => VBANK
    [P_OID] => 260120-028
    [P_FN_CD1] => 04
    [P_FN_CD2] => 
    [P_FN_NM] => KB국민은행
    [P_AMT] => 3500
    [P_UNAME] => 김지혜
    [P_RMESG1] => P_VACCT_NO=70149014117315|P_EXP_DT=20260130
    [P_RMESG2] => 
    [P_NOTI] => 
    [P_AUTH_NO] => 
)

 Array
(
    [PageCall time] => 14:59:13
    [P_TID] => INIMX_VBNKCAEcatca0720260120144853275964
    [P_MID] => CAEcatca07
    [P_AUTH_DT] => 20260120145913
    [P_STATUS] => 02
    [P_TYPE] => VBANK
    [P_OID] => 260120-026
    [P_FN_CD1] => 04
    [P_FN_CD2] => 
    [P_FN_NM] => KB국민은행
    [P_AMT] => 3500
    [P_UNAME] => 원미경
    [P_RMESG1] => P_VACCT_NO=70149014116628|P_EXP_DT=20260130
    [P_RMESG2] => 
    [P_NOTI] => 
    [P_AUTH_NO] => 
)

 Array
(
    [PageCall time] => 15:06:53
    [P_TID] => INIMX_VBNKCAEcatca0720260120150407265004
    [P_MID] => CAEcatca07
    [P_AUTH_DT] => 20260120150653
    [P_STATUS] => 02
    [P_TYPE] => VBANK
    [P_OID] => 260120-030
    [P_FN_CD1] => 20
    [P_FN_CD2] => 
    [P_FN_NM] => 우리은행
    [P_AMT] => 3500
    [P_UNAME] => 김미라
    [P_RMESG1] => P_VACCT_NO=27489667418333|P_EXP_DT=20260130
    [P_RMESG2] => 
    [P_NOTI] => 
    [P_AUTH_NO] => 
)

 Array
(
    [PageCall time] => 15:20:45
    [P_TID] => INIMX_VBNKCAEcatca0720260120151737814028
    [P_MID] => CAEcatca07
    [P_AUTH_DT] => 20260120152045
    [P_STATUS] => 02
    [P_TYPE] => VBANK
    [P_OID] => 260120-033
    [P_FN_CD1] => 04
    [P_FN_CD2] => 
    [P_FN_NM] => KB국민은행
    [P_AMT] => 3500
    [P_UNAME] => 조은남
    [P_RMESG1] => P_VACCT_NO=99449014128108|P_EXP_DT=20260130
    [P_RMESG2] => 
    [P_NOTI] => 
    [P_AUTH_NO] => 
)

 Array
(
    [PageCall time] => 15:24:32
    [P_TID] => INIMX_VBNKCAEcatca0720260120151847245770
    [P_MID] => CAEcatca07
    [P_AUTH_DT] => 20260120152432
    [P_STATUS] => 02
    [P_TYPE] => VBANK
    [P_OID] => 260120-024
    [P_FN_CD1] => 04
    [P_FN_CD2] => 
    [P_FN_NM] => KB국민은행
    [P_AMT] => 3500
    [P_UNAME] => 한진환
    [P_RMESG1] => P_VACCT_NO=70149014120111|P_EXP_DT=20260130
    [P_RMESG2] => 
    [P_NOTI] => 
    [P_AUTH_NO] => 
)

 Array
(
    [PageCall time] => 16:03:16
    [P_TID] => INIMX_VBNKCAEcatca0720260120160200594324
    [P_MID] => CAEcatca07
    [P_AUTH_DT] => 20260120160316
    [P_STATUS] => 02
    [P_TYPE] => VBANK
    [P_OID] => 260120-038
    [P_FN_CD1] => 11
    [P_FN_CD2] => 
    [P_FN_NM] => NH농협은행
    [P_AMT] => 3500
    [P_UNAME] => 박은희
    [P_RMESG1] => P_VACCT_NO=79006424396753|P_EXP_DT=20260130
    [P_RMESG2] => 
    [P_NOTI] => 
    [P_AUTH_NO] => 
)

 Array
(
    [PageCall time] => 16:06:43
    [P_TID] => INIMX_VBNKCAEcatca0720260120160417484010
    [P_MID] => CAEcatca07
    [P_AUTH_DT] => 20260120160643
    [P_STATUS] => 02
    [P_TYPE] => VBANK
    [P_OID] => 260120-036
    [P_FN_CD1] => 88
    [P_FN_CD2] => 
    [P_FN_NM] => 신한은행
    [P_AMT] => 3500
    [P_UNAME] => 박진향
    [P_RMESG1] => P_VACCT_NO=56211123613919|P_EXP_DT=20260130
    [P_RMESG2] => 
    [P_NOTI] => 
    [P_AUTH_NO] => 
)

 Array
(
    [PageCall time] => 16:56:31
    [P_TID] => INIMX_VBNKCAEcatca0720260120164632805714
    [P_MID] => CAEcatca07
    [P_AUTH_DT] => 20260120165631
    [P_STATUS] => 02
    [P_TYPE] => VBANK
    [P_OID] => 260119-043
    [P_FN_CD1] => 11
    [P_FN_CD2] => 
    [P_FN_NM] => NH농협은행
    [P_AMT] => 3500
    [P_UNAME] => 최성권
    [P_RMESG1] => P_VACCT_NO=79010592341050|P_EXP_DT=20260130
    [P_RMESG2] => 
    [P_NOTI] => 
    [P_AUTH_NO] => 
)

 Array
(
    [PageCall time] => 17:10:35
    [P_TID] => INIMX_VBNKCAEcatca0720260120170752505364
    [P_MID] => CAEcatca07
    [P_AUTH_DT] => 20260120171035
    [P_STATUS] => 02
    [P_TYPE] => VBANK
    [P_OID] => 260120-043
    [P_FN_CD1] => 04
    [P_FN_CD2] => 
    [P_FN_NM] => KB국민은행
    [P_AMT] => 3500
    [P_UNAME] => 박화영
    [P_RMESG1] => P_VACCT_NO=70149014128386|P_EXP_DT=20260130
    [P_RMESG2] => 
    [P_NOTI] => 
    [P_AUTH_NO] => 
)

 Array
(
    [PageCall time] => 17:47:50
    [P_TID] => INIMX_VBNKCAEcatca0720260120174458955940
    [P_MID] => CAEcatca07
    [P_AUTH_DT] => 20260120174749
    [P_STATUS] => 02
    [P_TYPE] => VBANK
    [P_OID] => 260120-044
    [P_FN_CD1] => 04
    [P_FN_CD2] => 
    [P_FN_NM] => KB국민은행
    [P_AMT] => 3500
    [P_UNAME] => 오세훈
    [P_RMESG1] => P_VACCT_NO=70149014133678|P_EXP_DT=20260130
    [P_RMESG2] => 
    [P_NOTI] => 
    [P_AUTH_NO] => 
)

 Array
(
    [PageCall time] => 18:08:32
    [P_TID] => INIMX_VBNKCAEcatca0720260120180543365935
    [P_MID] => CAEcatca07
    [P_AUTH_DT] => 20260120180832
    [P_STATUS] => 02
    [P_TYPE] => VBANK
    [P_OID] => 260120-046
    [P_FN_CD1] => 89
    [P_FN_CD2] => 
    [P_FN_NM] => 케이뱅크
    [P_AMT] => 3500
    [P_UNAME] => 김기연
    [P_RMESG1] => P_VACCT_NO=70112003350044|P_EXP_DT=20260130
    [P_RMESG2] => 
    [P_NOTI] => 
    [P_AUTH_NO] => 
)

 Array
(
    [PageCall time] => 18:27:14
    [P_TID] => INIMX_VBNKCAEcatca0720260120182414485023
    [P_MID] => CAEcatca07
    [P_AUTH_DT] => 20260120182713
    [P_STATUS] => 02
    [P_TYPE] => VBANK
    [P_OID] => 260120-047
    [P_FN_CD1] => 88
    [P_FN_CD2] => 
    [P_FN_NM] => 신한은행
    [P_AMT] => 3500
    [P_UNAME] => 류진경
    [P_RMESG1] => P_VACCT_NO=56211102675068|P_EXP_DT=20260130
    [P_RMESG2] => 
    [P_NOTI] => 
    [P_AUTH_NO] => 
)

 Array
(
    [PageCall time] => 19:27:40
    [P_TID] => INIMX_VBNKCAEcatca0720260120192449645447
    [P_MID] => CAEcatca07
    [P_AUTH_DT] => 20260120192740
    [P_STATUS] => 02
    [P_TYPE] => VBANK
    [P_OID] => 260120-048
    [P_FN_CD1] => 88
    [P_FN_CD2] => 
    [P_FN_NM] => 신한은행
    [P_AMT] => 3500
    [P_UNAME] => 양은영
    [P_RMESG1] => P_VACCT_NO=56211104669610|P_EXP_DT=20260130
    [P_RMESG2] => 
    [P_NOTI] => 
    [P_AUTH_NO] => 
)

 Array
(
    [PageCall time] => 20:24:55
    [P_TID] => INIMX_VBNKCAEcatca0720260120202215285426
    [P_MID] => CAEcatca07
    [P_AUTH_DT] => 20260120202455
    [P_STATUS] => 02
    [P_TYPE] => VBANK
    [P_OID] => 260120-049
    [P_FN_CD1] => 04
    [P_FN_CD2] => 
    [P_FN_NM] => KB국민은행
    [P_AMT] => 3500
    [P_UNAME] => 백은주
    [P_RMESG1] => P_VACCT_NO=70149014148535|P_EXP_DT=20260130
    [P_RMESG2] => 
    [P_NOTI] => 
    [P_AUTH_NO] => 
)

 Array
(
    [PageCall time] => 21:53:27
    [P_TID] => INIMX_VBNKCAEcatca0720260120215044625683
    [P_MID] => CAEcatca07
    [P_AUTH_DT] => 20260120215327
    [P_STATUS] => 02
    [P_TYPE] => VBANK
    [P_OID] => 260120-050
    [P_FN_CD1] => 03
    [P_FN_CD2] => 
    [P_FN_NM] => 기업은행
    [P_AMT] => 3500
    [P_UNAME] => 이재은
    [P_RMESG1] => P_VACCT_NO=07502308597422|P_EXP_DT=20260130
    [P_RMESG2] => 
    [P_NOTI] => 
    [P_AUTH_NO] => 
)

