 Array
(
    [PageCall time] => 06:56:51
    [P_TID] => INIMX_VBNKCAEcatca0720250529065602415563
    [P_MID] => CAEcatca07
    [P_AUTH_DT] => 20250529065651
    [P_STATUS] => 02
    [P_TYPE] => VBANK
    [P_OID] => 250529-001
    [P_FN_CD1] => 04
    [P_FN_CD2] => 
    [P_FN_NM] => KB국민은행
    [P_AMT] => 3000
    [P_UNAME] => 박미경
    [P_RMESG1] => P_VACCT_NO=26119078116508|P_EXP_DT=20250608
    [P_RMESG2] => 
    [P_NOTI] => 
    [P_AUTH_NO] => 
)

 Array
(
    [PageCall time] => 07:52:33
    [P_TID] => INIMX_VBNKCAEcatca0720250529074844835035
    [P_MID] => CAEcatca07
    [P_AUTH_DT] => 20250529075233
    [P_STATUS] => 02
    [P_TYPE] => VBANK
    [P_OID] => 250528-033
    [P_FN_CD1] => 81
    [P_FN_CD2] => 
    [P_FN_NM] => 하나은행
    [P_AMT] => 3000
    [P_UNAME] => 탁기준
    [P_RMESG1] => P_VACCT_NO=20893864669337|P_EXP_DT=20250608
    [P_RMESG2] => 
    [P_NOTI] => 
    [P_AUTH_NO] => 
)

 Array
(
    [PageCall time] => 08:07:31
    [P_TID] => INIMX_VBNKCAEcatca0720250529080447515036
    [P_MID] => CAEcatca07
    [P_AUTH_DT] => 20250529080731
    [P_STATUS] => 02
    [P_TYPE] => VBANK
    [P_OID] => 250529-002
    [P_FN_CD1] => 89
    [P_FN_CD2] => 
    [P_FN_NM] => 케이뱅크
    [P_AMT] => 3000
    [P_UNAME] => 김경태
    [P_RMESG1] => P_VACCT_NO=70112003639871|P_EXP_DT=20250608
    [P_RMESG2] => 
    [P_NOTI] => 
    [P_AUTH_NO] => 
)

 Array
(
    [PageCall time] => 10:16:51
    [P_TID] => INIMX_VBNKCAEcatca0720250529101610225442
    [P_MID] => CAEcatca07
    [P_AUTH_DT] => 20250529101651
    [P_STATUS] => 02
    [P_TYPE] => VBANK
    [P_OID] => 250529-004
    [P_FN_CD1] => 11
    [P_FN_CD2] => 
    [P_FN_NM] => NH농협은행
    [P_AMT] => 3000
    [P_UNAME] => 오솔비
    [P_RMESG1] => P_VACCT_NO=01445264061362|P_EXP_DT=20250608
    [P_RMESG2] => 
    [P_NOTI] => 
    [P_AUTH_NO] => 
)

 Array
(
    [PageCall time] => 12:24:28
    [P_TID] => INIMX_VBNKCAEcatca0720250529122031355690
    [P_MID] => CAEcatca07
    [P_AUTH_DT] => 20250529122428
    [P_STATUS] => 02
    [P_TYPE] => VBANK
    [P_OID] => 250529-009
    [P_FN_CD1] => 03
    [P_FN_CD2] => 
    [P_FN_NM] => 기업은행
    [P_AMT] => 3000
    [P_UNAME] => 김동희
    [P_RMESG1] => P_VACCT_NO=07503145497247|P_EXP_DT=20250608
    [P_RMESG2] => 
    [P_NOTI] => 
    [P_AUTH_NO] => 
)

 Array
(
    [PageCall time] => 13:00:45
    [P_TID] => INIMX_VBNKCAEcatca0720250529125734814832
    [P_MID] => CAEcatca07
    [P_AUTH_DT] => 20250529130045
    [P_STATUS] => 02
    [P_TYPE] => VBANK
    [P_OID] => 250527-015
    [P_FN_CD1] => 88
    [P_FN_CD2] => 
    [P_FN_NM] => 신한은행
    [P_AMT] => 3000
    [P_UNAME] => 문영운
    [P_RMESG1] => P_VACCT_NO=56211121168200|P_EXP_DT=20250608
    [P_RMESG2] => 
    [P_NOTI] => 
    [P_AUTH_NO] => 
)

 Array
(
    [PageCall time] => 13:05:02
    [P_TID] => INIMX_VBNKCAEcatca0720250529130352585477
    [P_MID] => CAEcatca07
    [P_AUTH_DT] => 20250529130502
    [P_STATUS] => 02
    [P_TYPE] => VBANK
    [P_OID] => 250529-008
    [P_FN_CD1] => 11
    [P_FN_CD2] => 
    [P_FN_NM] => NH농협은행
    [P_AMT] => 3000
    [P_UNAME] => 서순득
    [P_RMESG1] => P_VACCT_NO=01445264169782|P_EXP_DT=20250608
    [P_RMESG2] => 
    [P_NOTI] => 
    [P_AUTH_NO] => 
)

 Array
(
    [PageCall time] => 14:57:42
    [P_TID] => INIMX_VBNKCAEcatca0720250529145113155107
    [P_MID] => CAEcatca07
    [P_AUTH_DT] => 20250529145742
    [P_STATUS] => 02
    [P_TYPE] => VBANK
    [P_OID] => 250529-014
    [P_FN_CD1] => 81
    [P_FN_CD2] => 
    [P_FN_NM] => 하나은행
    [P_AMT] => 3000
    [P_UNAME] => 김순자
    [P_RMESG1] => P_VACCT_NO=20894019596637|P_EXP_DT=20250608
    [P_RMESG2] => 
    [P_NOTI] => 
    [P_AUTH_NO] => 
)

 Array
(
    [PageCall time] => 15:37:51
    [P_TID] => INIMX_VBNKCAEcatca0720250529153500655184
    [P_MID] => CAEcatca07
    [P_AUTH_DT] => 20250529153751
    [P_STATUS] => 02
    [P_TYPE] => VBANK
    [P_OID] => 250529-016
    [P_FN_CD1] => 88
    [P_FN_CD2] => 
    [P_FN_NM] => 신한은행
    [P_AMT] => 3000
    [P_UNAME] => 정혜정
    [P_RMESG1] => P_VACCT_NO=56211103036544|P_EXP_DT=20250608
    [P_RMESG2] => 
    [P_NOTI] => 
    [P_AUTH_NO] => 
)

 Array
(
    [PageCall time] => 15:41:21
    [P_TID] => INIMX_VBNKCAEcatca0720250529153842925809
    [P_MID] => CAEcatca07
    [P_AUTH_DT] => 20250529154121
    [P_STATUS] => 02
    [P_TYPE] => VBANK
    [P_OID] => 250529-017
    [P_FN_CD1] => 88
    [P_FN_CD2] => 
    [P_FN_NM] => 신한은행
    [P_AMT] => 3000
    [P_UNAME] => 김보라
    [P_RMESG1] => P_VACCT_NO=56211103040986|P_EXP_DT=20250608
    [P_RMESG2] => 
    [P_NOTI] => 
    [P_AUTH_NO] => 
)

 Array
(
    [PageCall time] => 16:05:29
    [P_TID] => INIMX_VBNKCAEcatca0720250529160407895222
    [P_MID] => CAEcatca07
    [P_AUTH_DT] => 20250529160529
    [P_STATUS] => 02
    [P_TYPE] => VBANK
    [P_OID] => 250529-019
    [P_FN_CD1] => 11
    [P_FN_CD2] => 
    [P_FN_NM] => NH농협은행
    [P_AMT] => 3000
    [P_UNAME] => 서희정
    [P_RMESG1] => P_VACCT_NO=01445264343513|P_EXP_DT=20250608
    [P_RMESG2] => 
    [P_NOTI] => 
    [P_AUTH_NO] => 
)

 Array
(
    [PageCall time] => 16:09:05
    [P_TID] => INIMX_VBNKCAEcatca0720250529160537784930
    [P_MID] => CAEcatca07
    [P_AUTH_DT] => 20250529160905
    [P_STATUS] => 02
    [P_TYPE] => VBANK
    [P_OID] => 250529-018
    [P_FN_CD1] => 04
    [P_FN_CD2] => 
    [P_FN_NM] => KB국민은행
    [P_AMT] => 3000
    [P_UNAME] => 이다교
    [P_RMESG1] => P_VACCT_NO=88069011351826|P_EXP_DT=20250608
    [P_RMESG2] => 
    [P_NOTI] => 
    [P_AUTH_NO] => 
)

 Array
(
    [PageCall time] => 16:30:28
    [P_TID] => INIMX_VBNKCAEcatca0720250529162722864476
    [P_MID] => CAEcatca07
    [P_AUTH_DT] => 20250529163028
    [P_STATUS] => 02
    [P_TYPE] => VBANK
    [P_OID] => 250529-020
    [P_FN_CD1] => 81
    [P_FN_CD2] => 
    [P_FN_NM] => 하나은행
    [P_AMT] => 3000
    [P_UNAME] => 노명화
    [P_RMESG1] => P_VACCT_NO=58391275792337|P_EXP_DT=20250608
    [P_RMESG2] => 
    [P_NOTI] => 
    [P_AUTH_NO] => 
)

 Array
(
    [PageCall time] => 17:20:34
    [P_TID] => INIMX_VBNKCAEcatca0720250529171957394350
    [P_MID] => CAEcatca07
    [P_AUTH_DT] => 20250529172033
    [P_STATUS] => 02
    [P_TYPE] => VBANK
    [P_OID] => 250529-015
    [P_FN_CD1] => 11
    [P_FN_CD2] => 
    [P_FN_NM] => NH농협은행
    [P_AMT] => 3000
    [P_UNAME] => 최지수
    [P_RMESG1] => P_VACCT_NO=79003187158504|P_EXP_DT=20250608
    [P_RMESG2] => 
    [P_NOTI] => 
    [P_AUTH_NO] => 
)

 Array
(
    [PageCall time] => 17:25:19
    [P_TID] => INIMX_VBNKCAEcatca0720250529172445204325
    [P_MID] => CAEcatca07
    [P_AUTH_DT] => 20250529172519
    [P_STATUS] => 02
    [P_TYPE] => VBANK
    [P_OID] => 250529-022
    [P_FN_CD1] => 11
    [P_FN_CD2] => 
    [P_FN_NM] => NH농협은행
    [P_AMT] => 3000
    [P_UNAME] => 정영윤
    [P_RMESG1] => P_VACCT_NO=79003187158711|P_EXP_DT=20250608
    [P_RMESG2] => 
    [P_NOTI] => 
    [P_AUTH_NO] => 
)

 Array
(
    [PageCall time] => 17:42:00
    [P_TID] => INIMX_VBNKCAEcatca0720250529174125834327
    [P_MID] => CAEcatca07
    [P_AUTH_DT] => 20250529174200
    [P_STATUS] => 02
    [P_TYPE] => VBANK
    [P_OID] => 250529-023
    [P_FN_CD1] => 11
    [P_FN_CD2] => 
    [P_FN_NM] => NH농협은행
    [P_AMT] => 3000
    [P_UNAME] => 이선희
    [P_RMESG1] => P_VACCT_NO=79003187159569|P_EXP_DT=20250608
    [P_RMESG2] => 
    [P_NOTI] => 
    [P_AUTH_NO] => 
)

 Array
(
    [PageCall time] => 20:52:54
    [P_TID] => INIMX_VBNKCAEcatca0720250529205152775100
    [P_MID] => CAEcatca07
    [P_AUTH_DT] => 20250529205254
    [P_STATUS] => 02
    [P_TYPE] => VBANK
    [P_OID] => 250529-025
    [P_FN_CD1] => 04
    [P_FN_CD2] => 
    [P_FN_NM] => KB국민은행
    [P_AMT] => 3000
    [P_UNAME] => 김고은
    [P_RMESG1] => P_VACCT_NO=60539014616376|P_EXP_DT=20250608
    [P_RMESG2] => 
    [P_NOTI] => 
    [P_AUTH_NO] => 
)

 Array
(
    [PageCall time] => 22:25:20
    [P_TID] => INIMX_VBNKCAEcatca0720250529222255924347
    [P_MID] => CAEcatca07
    [P_AUTH_DT] => 20250529222520
    [P_STATUS] => 02
    [P_TYPE] => VBANK
    [P_OID] => 250529-026
    [P_FN_CD1] => 88
    [P_FN_CD2] => 
    [P_FN_NM] => 신한은행
    [P_AMT] => 3000
    [P_UNAME] => 서영훈
    [P_RMESG1] => P_VACCT_NO=56211121179270|P_EXP_DT=20250608
    [P_RMESG2] => 
    [P_NOTI] => 
    [P_AUTH_NO] => 
)

