 Array
(
    [PageCall time] => 00:16:27
    [P_TID] => INIMX_VBNKCAEcatca0720250915001336125093
    [P_MID] => CAEcatca07
    [P_AUTH_DT] => 20250915001627
    [P_STATUS] => 02
    [P_TYPE] => VBANK
    [P_OID] => 250915-001
    [P_FN_CD1] => 04
    [P_FN_CD2] => 
    [P_FN_NM] => KB국민은행
    [P_AMT] => 3000
    [P_UNAME] => 이혜영
    [P_RMESG1] => P_VACCT_NO=00289071188187|P_EXP_DT=20250925
    [P_RMESG2] => 
    [P_NOTI] => 
    [P_AUTH_NO] => 
)

 Array
(
    [PageCall time] => 03:18:17
    [P_TID] => INIMX_VBNKCAEcatca0720250915031534645658
    [P_MID] => CAEcatca07
    [P_AUTH_DT] => 20250915031817
    [P_STATUS] => 02
    [P_TYPE] => VBANK
    [P_OID] => 250915-002
    [P_FN_CD1] => 04
    [P_FN_CD2] => 
    [P_FN_NM] => KB국민은행
    [P_AMT] => 3000
    [P_UNAME] => 송예은
    [P_RMESG1] => P_VACCT_NO=00289071263990|P_EXP_DT=20250925
    [P_RMESG2] => 
    [P_NOTI] => 
    [P_AUTH_NO] => 
)

 Array
(
    [PageCall time] => 06:21:16
    [P_TID] => INIMX_VBNKCAEcatca0720250915061759865269
    [P_MID] => CAEcatca07
    [P_AUTH_DT] => 20250915062116
    [P_STATUS] => 02
    [P_TYPE] => VBANK
    [P_OID] => 250914-004
    [P_FN_CD1] => 20
    [P_FN_CD2] => 
    [P_FN_NM] => 우리은행
    [P_AMT] => 3000
    [P_UNAME] => 김상곤
    [P_RMESG1] => P_VACCT_NO=27489202118585|P_EXP_DT=20250925
    [P_RMESG2] => 
    [P_NOTI] => 
    [P_AUTH_NO] => 
)

 Array
(
    [PageCall time] => 08:52:52
    [P_TID] => INIMX_VBNKCAEcatca0720250915075109305351
    [P_MID] => CAEcatca07
    [P_AUTH_DT] => 20250915085252
    [P_STATUS] => 02
    [P_TYPE] => VBANK
    [P_OID] => 250913-006
    [P_FN_CD1] => 81
    [P_FN_CD2] => 
    [P_FN_NM] => 하나은행
    [P_AMT] => 3000
    [P_UNAME] => 신동석
    [P_RMESG1] => P_VACCT_NO=20894178569237|P_EXP_DT=20250925
    [P_RMESG2] => 
    [P_NOTI] => 
    [P_AUTH_NO] => 
)

 Array
(
    [PageCall time] => 09:09:45
    [P_TID] => INIMX_VBNKCAEcatca0720250915090557945648
    [P_MID] => CAEcatca07
    [P_AUTH_DT] => 20250915090945
    [P_STATUS] => 02
    [P_TYPE] => VBANK
    [P_OID] => 250915-003
    [P_FN_CD1] => 04
    [P_FN_CD2] => 
    [P_FN_NM] => KB국민은행
    [P_AMT] => 3000
    [P_UNAME] => 홍기범
    [P_RMESG1] => P_VACCT_NO=26159078026052|P_EXP_DT=20250925
    [P_RMESG2] => 
    [P_NOTI] => 
    [P_AUTH_NO] => 
)

 Array
(
    [PageCall time] => 10:03:40
    [P_TID] => INIMX_VBNKCAEcatca0720250915100027345601
    [P_MID] => CAEcatca07
    [P_AUTH_DT] => 20250915100340
    [P_STATUS] => 02
    [P_TYPE] => VBANK
    [P_OID] => 250915-004
    [P_FN_CD1] => 88
    [P_FN_CD2] => 
    [P_FN_NM] => 신한은행
    [P_AMT] => 3000
    [P_UNAME] => 이종호
    [P_RMESG1] => P_VACCT_NO=56211102080946|P_EXP_DT=20250925
    [P_RMESG2] => 
    [P_NOTI] => 
    [P_AUTH_NO] => 
)

 Array
(
    [PageCall time] => 10:12:12
    [P_TID] => INIMX_VBNKCAEcatca0720250915100516445204
    [P_MID] => CAEcatca07
    [P_AUTH_DT] => 20250915101212
    [P_STATUS] => 02
    [P_TYPE] => VBANK
    [P_OID] => 250915-005
    [P_FN_CD1] => 04
    [P_FN_CD2] => 
    [P_FN_NM] => KB국민은행
    [P_AMT] => 3000
    [P_UNAME] => 안소연
    [P_RMESG1] => P_VACCT_NO=26159078586013|P_EXP_DT=20250925
    [P_RMESG2] => 
    [P_NOTI] => 
    [P_AUTH_NO] => 
)

 Array
(
    [PageCall time] => 10:14:14
    [P_TID] => INIMX_VBNKCAEcatca0720250915101341845270
    [P_MID] => CAEcatca07
    [P_AUTH_DT] => 20250915101414
    [P_STATUS] => 02
    [P_TYPE] => VBANK
    [P_OID] => 250915-008
    [P_FN_CD1] => 11
    [P_FN_CD2] => 
    [P_FN_NM] => NH농협은행
    [P_AMT] => 3000
    [P_UNAME] => 안혜란
    [P_RMESG1] => P_VACCT_NO=79014505854540|P_EXP_DT=20250925
    [P_RMESG2] => 
    [P_NOTI] => 
    [P_AUTH_NO] => 
)

 Array
(
    [PageCall time] => 10:26:44
    [P_TID] => INIMX_VBNKCAEcatca0720250915102353145704
    [P_MID] => CAEcatca07
    [P_AUTH_DT] => 20250915102644
    [P_STATUS] => 02
    [P_TYPE] => VBANK
    [P_OID] => 250915-010
    [P_FN_CD1] => 88
    [P_FN_CD2] => 
    [P_FN_NM] => 신한은행
    [P_AMT] => 3000
    [P_UNAME] => 함은혜
    [P_RMESG1] => P_VACCT_NO=56211102086957|P_EXP_DT=20250925
    [P_RMESG2] => 
    [P_NOTI] => 
    [P_AUTH_NO] => 
)

 Array
(
    [PageCall time] => 10:32:09
    [P_TID] => INIMX_VBNKCAEcatca0720250915102834195082
    [P_MID] => CAEcatca07
    [P_AUTH_DT] => 20250915103209
    [P_STATUS] => 02
    [P_TYPE] => VBANK
    [P_OID] => 250915-011
    [P_FN_CD1] => 04
    [P_FN_CD2] => 
    [P_FN_NM] => KB국민은행
    [P_AMT] => 3000
    [P_UNAME] => 박향숙
    [P_RMESG1] => P_VACCT_NO=00289071355127|P_EXP_DT=20250925
    [P_RMESG2] => 
    [P_NOTI] => 
    [P_AUTH_NO] => 
)

 Array
(
    [PageCall time] => 11:13:02
    [P_TID] => INIMX_VBNKCAEcatca0720250915111008505595
    [P_MID] => CAEcatca07
    [P_AUTH_DT] => 20250915111302
    [P_STATUS] => 02
    [P_TYPE] => VBANK
    [P_OID] => 250915-006
    [P_FN_CD1] => 88
    [P_FN_CD2] => 
    [P_FN_NM] => 신한은행
    [P_AMT] => 3000
    [P_UNAME] => 하형철
    [P_RMESG1] => P_VACCT_NO=56211102096863|P_EXP_DT=20250925
    [P_RMESG2] => 
    [P_NOTI] => 
    [P_AUTH_NO] => 
)

 Array
(
    [PageCall time] => 11:29:36
    [P_TID] => INIMX_VBNKCAEcatca0720250915112630145175
    [P_MID] => CAEcatca07
    [P_AUTH_DT] => 20250915112936
    [P_STATUS] => 02
    [P_TYPE] => VBANK
    [P_OID] => 250915-014
    [P_FN_CD1] => 31
    [P_FN_CD2] => 
    [P_FN_NM] => 아이엠뱅크(대구은행)
    [P_AMT] => 3000
    [P_UNAME] => 손정민
    [P_RMESG1] => P_VACCT_NO=9600362143413|P_EXP_DT=20250925
    [P_RMESG2] => 
    [P_NOTI] => 
    [P_AUTH_NO] => 
)

 Array
(
    [PageCall time] => 11:32:42
    [P_TID] => INIMX_VBNKCAEcatca0720250915112908425330
    [P_MID] => CAEcatca07
    [P_AUTH_DT] => 20250915113242
    [P_STATUS] => 02
    [P_TYPE] => VBANK
    [P_OID] => 250915-015
    [P_FN_CD1] => 04
    [P_FN_CD2] => 
    [P_FN_NM] => KB국민은행
    [P_AMT] => 3000
    [P_UNAME] => 최지원
    [P_RMESG1] => P_VACCT_NO=26029078004950|P_EXP_DT=20250925
    [P_RMESG2] => 
    [P_NOTI] => 
    [P_AUTH_NO] => 
)

 Array
(
    [PageCall time] => 11:36:24
    [P_TID] => INIMX_VBNKCAEcatca0720250915113359105905
    [P_MID] => CAEcatca07
    [P_AUTH_DT] => 20250915113624
    [P_STATUS] => 02
    [P_TYPE] => VBANK
    [P_OID] => 250915-016
    [P_FN_CD1] => 04
    [P_FN_CD2] => 
    [P_FN_NM] => KB국민은행
    [P_AMT] => 3000
    [P_UNAME] => 고현정
    [P_RMESG1] => P_VACCT_NO=26029078011895|P_EXP_DT=20250925
    [P_RMESG2] => 
    [P_NOTI] => 
    [P_AUTH_NO] => 
)

 Array
(
    [PageCall time] => 11:38:30
    [P_TID] => INIMX_VBNKCAEcatca0720250915102240995549
    [P_MID] => CAEcatca07
    [P_AUTH_DT] => 20250915113830
    [P_STATUS] => 02
    [P_TYPE] => VBANK
    [P_OID] => 250915-009
    [P_FN_CD1] => 11
    [P_FN_CD2] => 
    [P_FN_NM] => NH농협은행
    [P_AMT] => 3000
    [P_UNAME] => 이종덕
    [P_RMESG1] => P_VACCT_NO=79014505856377|P_EXP_DT=20250925
    [P_RMESG2] => 
    [P_NOTI] => 
    [P_AUTH_NO] => 
)

 Array
(
    [PageCall time] => 11:40:48
    [P_TID] => INIMX_VBNKCAEcatca0720250915114018985538
    [P_MID] => CAEcatca07
    [P_AUTH_DT] => 20250915114048
    [P_STATUS] => 02
    [P_TYPE] => VBANK
    [P_OID] => 250915-017
    [P_FN_CD1] => 11
    [P_FN_CD2] => 
    [P_FN_NM] => NH농협은행
    [P_AMT] => 3000
    [P_UNAME] => 곽윤희
    [P_RMESG1] => P_VACCT_NO=79014505868770|P_EXP_DT=20250925
    [P_RMESG2] => 
    [P_NOTI] => 
    [P_AUTH_NO] => 
)

 Array
(
    [PageCall time] => 11:48:26
    [P_TID] => INIMX_VBNKCAEcatca0720250915114525615564
    [P_MID] => CAEcatca07
    [P_AUTH_DT] => 20250915114826
    [P_STATUS] => 02
    [P_TYPE] => VBANK
    [P_OID] => 250915-018
    [P_FN_CD1] => 89
    [P_FN_CD2] => 
    [P_FN_NM] => 케이뱅크
    [P_AMT] => 3000
    [P_UNAME] => 박상경
    [P_RMESG1] => P_VACCT_NO=70112003439901|P_EXP_DT=20250925
    [P_RMESG2] => 
    [P_NOTI] => 
    [P_AUTH_NO] => 
)

 Array
(
    [PageCall time] => 12:00:15
    [P_TID] => INIMX_VBNKCAEcatca0720250915115610415444
    [P_MID] => CAEcatca07
    [P_AUTH_DT] => 20250915120015
    [P_STATUS] => 02
    [P_TYPE] => VBANK
    [P_OID] => 250915-020
    [P_FN_CD1] => 89
    [P_FN_CD2] => 
    [P_FN_NM] => 케이뱅크
    [P_AMT] => 3000
    [P_UNAME] => 김순옥
    [P_RMESG1] => P_VACCT_NO=70112003440021|P_EXP_DT=20250925
    [P_RMESG2] => 
    [P_NOTI] => 
    [P_AUTH_NO] => 
)

 Array
(
    [PageCall time] => 12:01:20
    [P_TID] => INIMX_VBNKCAEcatca0720250915115856115615
    [P_MID] => CAEcatca07
    [P_AUTH_DT] => 20250915120120
    [P_STATUS] => 02
    [P_TYPE] => VBANK
    [P_OID] => 250915-021
    [P_FN_CD1] => 20
    [P_FN_CD2] => 
    [P_FN_NM] => 우리은행
    [P_AMT] => 3000
    [P_UNAME] => 신세기
    [P_RMESG1] => P_VACCT_NO=27489802418277|P_EXP_DT=20250925
    [P_RMESG2] => 
    [P_NOTI] => 
    [P_AUTH_NO] => 
)

 Array
(
    [PageCall time] => 12:33:18
    [P_TID] => INIMX_VBNKCAEcatca0720250915122926855090
    [P_MID] => CAEcatca07
    [P_AUTH_DT] => 20250915123318
    [P_STATUS] => 02
    [P_TYPE] => VBANK
    [P_OID] => 250915-023
    [P_FN_CD1] => 89
    [P_FN_CD2] => 
    [P_FN_NM] => 케이뱅크
    [P_AMT] => 3000
    [P_UNAME] => 김미숙
    [P_RMESG1] => P_VACCT_NO=70112003440185|P_EXP_DT=20250925
    [P_RMESG2] => 
    [P_NOTI] => 
    [P_AUTH_NO] => 
)

 Array
(
    [PageCall time] => 13:21:56
    [P_TID] => INIMX_VBNKCAEcatca0720250915131818145629
    [P_MID] => CAEcatca07
    [P_AUTH_DT] => 20250915132156
    [P_STATUS] => 02
    [P_TYPE] => VBANK
    [P_OID] => 250915-024
    [P_FN_CD1] => 03
    [P_FN_CD2] => 
    [P_FN_NM] => 기업은행
    [P_AMT] => 3000
    [P_UNAME] => 김경아
    [P_RMESG1] => P_VACCT_NO=07502323697692|P_EXP_DT=20250925
    [P_RMESG2] => 
    [P_NOTI] => 
    [P_AUTH_NO] => 
)

 Array
(
    [PageCall time] => 13:30:00
    [P_TID] => INIMX_VBNKCAEcatca0720250915132826405467
    [P_MID] => CAEcatca07
    [P_AUTH_DT] => 20250915133000
    [P_STATUS] => 02
    [P_TYPE] => VBANK
    [P_OID] => 250915-027
    [P_FN_CD1] => 11
    [P_FN_CD2] => 
    [P_FN_NM] => NH농협은행
    [P_AMT] => 3000
    [P_UNAME] => 안수현
    [P_RMESG1] => P_VACCT_NO=79014505882819|P_EXP_DT=20250925
    [P_RMESG2] => 
    [P_NOTI] => 
    [P_AUTH_NO] => 
)

 Array
(
    [PageCall time] => 14:21:38
    [P_TID] => INIMX_VBNKCAEcatca0720250915141819755275
    [P_MID] => CAEcatca07
    [P_AUTH_DT] => 20250915142138
    [P_STATUS] => 02
    [P_TYPE] => VBANK
    [P_OID] => 250915-029
    [P_FN_CD1] => 20
    [P_FN_CD2] => 
    [P_FN_NM] => 우리은행
    [P_AMT] => 3000
    [P_UNAME] => 김미연
    [P_RMESG1] => P_VACCT_NO=27489811318349|P_EXP_DT=20250925
    [P_RMESG2] => 
    [P_NOTI] => 
    [P_AUTH_NO] => 
)

 Array
(
    [PageCall time] => 14:21:47
    [P_TID] => INIMX_VBNKCAEcatca0720250915141823565924
    [P_MID] => CAEcatca07
    [P_AUTH_DT] => 20250915142147
    [P_STATUS] => 02
    [P_TYPE] => VBANK
    [P_OID] => 250915-028
    [P_FN_CD1] => 03
    [P_FN_CD2] => 
    [P_FN_NM] => 기업은행
    [P_AMT] => 3000
    [P_UNAME] => 박현진
    [P_RMESG1] => P_VACCT_NO=07502324397841|P_EXP_DT=20250925
    [P_RMESG2] => 
    [P_NOTI] => 
    [P_AUTH_NO] => 
)

 Array
(
    [PageCall time] => 14:30:04
    [P_TID] => INIMX_VBNKCAEcatca0720250915142446445124
    [P_MID] => CAEcatca07
    [P_AUTH_DT] => 20250915143004
    [P_STATUS] => 02
    [P_TYPE] => VBANK
    [P_OID] => 250915-030
    [P_FN_CD1] => 04
    [P_FN_CD2] => 
    [P_FN_NM] => KB국민은행
    [P_AMT] => 3000
    [P_UNAME] => 안영풍
    [P_RMESG1] => P_VACCT_NO=70189014589767|P_EXP_DT=20250925
    [P_RMESG2] => 
    [P_NOTI] => 
    [P_AUTH_NO] => 
)

 Array
(
    [PageCall time] => 14:33:54
    [P_TID] => INIMX_VBNKCAEcatca0720250915143031175734
    [P_MID] => CAEcatca07
    [P_AUTH_DT] => 20250915143354
    [P_STATUS] => 02
    [P_TYPE] => VBANK
    [P_OID] => 250915-031
    [P_FN_CD1] => 04
    [P_FN_CD2] => 
    [P_FN_NM] => KB국민은행
    [P_AMT] => 3000
    [P_UNAME] => 안영희
    [P_RMESG1] => P_VACCT_NO=70189014626329|P_EXP_DT=20250925
    [P_RMESG2] => 
    [P_NOTI] => 
    [P_AUTH_NO] => 
)

 Array
(
    [PageCall time] => 14:52:57
    [P_TID] => INIMX_VBNKCAEcatca0720250915145027435658
    [P_MID] => CAEcatca07
    [P_AUTH_DT] => 20250915145257
    [P_STATUS] => 02
    [P_TYPE] => VBANK
    [P_OID] => 250915-032
    [P_FN_CD1] => 89
    [P_FN_CD2] => 
    [P_FN_NM] => 케이뱅크
    [P_AMT] => 3000
    [P_UNAME] => 차은성
    [P_RMESG1] => P_VACCT_NO=70112003441839|P_EXP_DT=20250925
    [P_RMESG2] => 
    [P_NOTI] => 
    [P_AUTH_NO] => 
)

 Array
(
    [PageCall time] => 15:20:21
    [P_TID] => INIMX_VBNKCAEcatca0720250915150834335219
    [P_MID] => CAEcatca07
    [P_AUTH_DT] => 20250915152021
    [P_STATUS] => 02
    [P_TYPE] => VBANK
    [P_OID] => 250915-034
    [P_FN_CD1] => 81
    [P_FN_CD2] => 
    [P_FN_NM] => 하나은행
    [P_AMT] => 3000
    [P_UNAME] => 강승욱
    [P_RMESG1] => P_VACCT_NO=20894222620537|P_EXP_DT=20250925
    [P_RMESG2] => 
    [P_NOTI] => 
    [P_AUTH_NO] => 
)

 Array
(
    [PageCall time] => 16:12:27
    [P_TID] => INIMX_VBNKCAEcatca0720250915160724175217
    [P_MID] => CAEcatca07
    [P_AUTH_DT] => 20250915161227
    [P_STATUS] => 02
    [P_TYPE] => VBANK
    [P_OID] => 250915-035
    [P_FN_CD1] => 03
    [P_FN_CD2] => 
    [P_FN_NM] => 기업은행
    [P_AMT] => 3000
    [P_UNAME] => 홍원상
    [P_RMESG1] => P_VACCT_NO=07502326297753|P_EXP_DT=20250925
    [P_RMESG2] => 
    [P_NOTI] => 
    [P_AUTH_NO] => 
)

 Array
(
    [PageCall time] => 16:25:09
    [P_TID] => INIMX_VBNKCAEcatca0720250915162229885821
    [P_MID] => CAEcatca07
    [P_AUTH_DT] => 20250915162509
    [P_STATUS] => 02
    [P_TYPE] => VBANK
    [P_OID] => 250915-036
    [P_FN_CD1] => 03
    [P_FN_CD2] => 
    [P_FN_NM] => 기업은행
    [P_AMT] => 3000
    [P_UNAME] => 조혜원
    [P_RMESG1] => P_VACCT_NO=07502326497323|P_EXP_DT=20250925
    [P_RMESG2] => 
    [P_NOTI] => 
    [P_AUTH_NO] => 
)

 Array
(
    [PageCall time] => 16:34:31
    [P_TID] => INIMX_VBNKCAEcatca0720250915163353505235
    [P_MID] => CAEcatca07
    [P_AUTH_DT] => 20250915163431
    [P_STATUS] => 02
    [P_TYPE] => VBANK
    [P_OID] => 250915-037
    [P_FN_CD1] => 11
    [P_FN_CD2] => 
    [P_FN_NM] => NH농협은행
    [P_AMT] => 3000
    [P_UNAME] => 조은아
    [P_RMESG1] => P_VACCT_NO=79014505916775|P_EXP_DT=20250925
    [P_RMESG2] => 
    [P_NOTI] => 
    [P_AUTH_NO] => 
)

 Array
(
    [PageCall time] => 17:08:13
    [P_TID] => INIMX_VBNKCAEcatca0720250915170531605188
    [P_MID] => CAEcatca07
    [P_AUTH_DT] => 20250915170813
    [P_STATUS] => 02
    [P_TYPE] => VBANK
    [P_OID] => 250908-030
    [P_FN_CD1] => 04
    [P_FN_CD2] => 
    [P_FN_NM] => KB국민은행
    [P_AMT] => 3000
    [P_UNAME] => 이광욱
    [P_RMESG1] => P_VACCT_NO=87709011891362|P_EXP_DT=20250925
    [P_RMESG2] => 
    [P_NOTI] => 
    [P_AUTH_NO] => 
)

 Array
(
    [PageCall time] => 17:11:53
    [P_TID] => INIMX_VBNKCAEcatca0720250915170912135781
    [P_MID] => CAEcatca07
    [P_AUTH_DT] => 20250915171153
    [P_STATUS] => 02
    [P_TYPE] => VBANK
    [P_OID] => 250915-038
    [P_FN_CD1] => 04
    [P_FN_CD2] => 
    [P_FN_NM] => KB국민은행
    [P_AMT] => 3000
    [P_UNAME] => 장진영
    [P_RMESG1] => P_VACCT_NO=87709011951723|P_EXP_DT=20250925
    [P_RMESG2] => 
    [P_NOTI] => 
    [P_AUTH_NO] => 
)

 Array
(
    [PageCall time] => 17:58:49
    [P_TID] => INIMX_VBNKCAEcatca0720250915175610685912
    [P_MID] => CAEcatca07
    [P_AUTH_DT] => 20250915175849
    [P_STATUS] => 02
    [P_TYPE] => VBANK
    [P_OID] => 250915-040
    [P_FN_CD1] => 04
    [P_FN_CD2] => 
    [P_FN_NM] => KB국민은행
    [P_AMT] => 3000
    [P_UNAME] => 최미령
    [P_RMESG1] => P_VACCT_NO=87839011645360|P_EXP_DT=20250925
    [P_RMESG2] => 
    [P_NOTI] => 
    [P_AUTH_NO] => 
)

 Array
(
    [PageCall time] => 18:03:27
    [P_TID] => INIMX_VBNKCAEcatca0720250915175947895468
    [P_MID] => CAEcatca07
    [P_AUTH_DT] => 20250915180327
    [P_STATUS] => 02
    [P_TYPE] => VBANK
    [P_OID] => 250915-041
    [P_FN_CD1] => 88
    [P_FN_CD2] => 
    [P_FN_NM] => 신한은행
    [P_AMT] => 3000
    [P_UNAME] => 임혁신
    [P_RMESG1] => P_VACCT_NO=56211102164495|P_EXP_DT=20250925
    [P_RMESG2] => 
    [P_NOTI] => 
    [P_AUTH_NO] => 
)

 Array
(
    [PageCall time] => 20:06:05
    [P_TID] => INIMX_VBNKCAEcatca0720250915200444135876
    [P_MID] => CAEcatca07
    [P_AUTH_DT] => 20250915200605
    [P_STATUS] => 02
    [P_TYPE] => VBANK
    [P_OID] => 250915-042
    [P_FN_CD1] => 11
    [P_FN_CD2] => 
    [P_FN_NM] => NH농협은행
    [P_AMT] => 3000
    [P_UNAME] => 고미란
    [P_RMESG1] => P_VACCT_NO=79014505940031|P_EXP_DT=20250925
    [P_RMESG2] => 
    [P_NOTI] => 
    [P_AUTH_NO] => 
)

 Array
(
    [PageCall time] => 21:05:36
    [P_TID] => INIMX_VBNKCAEcatca0720250915210218595679
    [P_MID] => CAEcatca07
    [P_AUTH_DT] => 20250915210536
    [P_STATUS] => 02
    [P_TYPE] => VBANK
    [P_OID] => 250915-043
    [P_FN_CD1] => 04
    [P_FN_CD2] => 
    [P_FN_NM] => KB국민은행
    [P_AMT] => 3000
    [P_UNAME] => 엄순영
    [P_RMESG1] => P_VACCT_NO=87969011846649|P_EXP_DT=20250925
    [P_RMESG2] => 
    [P_NOTI] => 
    [P_AUTH_NO] => 
)

 Array
(
    [PageCall time] => 21:34:24
    [P_TID] => INIMX_VBNKCAEcatca0720250915213132565257
    [P_MID] => CAEcatca07
    [P_AUTH_DT] => 20250915213424
    [P_STATUS] => 02
    [P_TYPE] => VBANK
    [P_OID] => 250915-044
    [P_FN_CD1] => 20
    [P_FN_CD2] => 
    [P_FN_NM] => 우리은행
    [P_AMT] => 3000
    [P_UNAME] => 최향
    [P_RMESG1] => P_VACCT_NO=27489833418641|P_EXP_DT=20250925
    [P_RMESG2] => 
    [P_NOTI] => 
    [P_AUTH_NO] => 
)

 Array
(
    [PageCall time] => 22:31:12
    [P_TID] => INIMX_VBNKCAEcatca0720250915222941415045
    [P_MID] => CAEcatca07
    [P_AUTH_DT] => 20250915223112
    [P_STATUS] => 02
    [P_TYPE] => VBANK
    [P_OID] => 250915-045
    [P_FN_CD1] => 11
    [P_FN_CD2] => 
    [P_FN_NM] => NH농협은행
    [P_AMT] => 3000
    [P_UNAME] => 서종원
    [P_RMESG1] => P_VACCT_NO=79014505950930|P_EXP_DT=20250925
    [P_RMESG2] => 
    [P_NOTI] => 
    [P_AUTH_NO] => 
)

 Array
(
    [PageCall time] => 22:57:14
    [P_TID] => INIMX_VBNKCAEcatca0720250915225649935560
    [P_MID] => CAEcatca07
    [P_AUTH_DT] => 20250915225714
    [P_STATUS] => 02
    [P_TYPE] => VBANK
    [P_OID] => 250915-046
    [P_FN_CD1] => 11
    [P_FN_CD2] => 
    [P_FN_NM] => NH농협은행
    [P_AMT] => 3000
    [P_UNAME] => 유민서
    [P_RMESG1] => P_VACCT_NO=79014505953358|P_EXP_DT=20250925
    [P_RMESG2] => 
    [P_NOTI] => 
    [P_AUTH_NO] => 
)

