 Array
(
    [PageCall time] => 06:50:34
    [P_TID] => INIMX_VBNKCAEcatca0720260416064850125052
    [P_MID] => CAEcatca07
    [P_AUTH_DT] => 20260416065034
    [P_STATUS] => 02
    [P_TYPE] => VBANK
    [P_OID] => 260416-002
    [P_FN_CD1] => 11
    [P_FN_CD2] => 
    [P_FN_NM] => NH농협은행
    [P_AMT] => 3500
    [P_UNAME] => 서보성
    [P_RMESG1] => P_VACCT_NO=79014506719527|P_EXP_DT=20260426
    [P_RMESG2] => 
    [P_NOTI] => 
    [P_AUTH_NO] => 
)

 Array
(
    [PageCall time] => 07:17:01
    [P_TID] => INIMX_VBNKCAEcatca0720260416071637795817
    [P_MID] => CAEcatca07
    [P_AUTH_DT] => 20260416071701
    [P_STATUS] => 02
    [P_TYPE] => VBANK
    [P_OID] => 260414-038
    [P_FN_CD1] => 71
    [P_FN_CD2] => 
    [P_FN_NM] => 우체국
    [P_AMT] => 3500
    [P_UNAME] => 정세인
    [P_RMESG1] => P_VACCT_NO=01397981053950|P_EXP_DT=20260426
    [P_RMESG2] => 
    [P_NOTI] => 
    [P_AUTH_NO] => 
)

 Array
(
    [PageCall time] => 07:39:21
    [P_TID] => INIMX_VBNKCAEcatca0720260416073605585660
    [P_MID] => CAEcatca07
    [P_AUTH_DT] => 20260416073921
    [P_STATUS] => 02
    [P_TYPE] => VBANK
    [P_OID] => 260416-003
    [P_FN_CD1] => 04
    [P_FN_CD2] => 
    [P_FN_NM] => KB국민은행
    [P_AMT] => 3500
    [P_UNAME] => 김준제
    [P_RMESG1] => P_VACCT_NO=00289071052554|P_EXP_DT=20260426
    [P_RMESG2] => 
    [P_NOTI] => 
    [P_AUTH_NO] => 
)

 Array
(
    [PageCall time] => 08:17:16
    [P_TID] => INIMX_VBNKCAEcatca0720260416081642905012
    [P_MID] => CAEcatca07
    [P_AUTH_DT] => 20260416081716
    [P_STATUS] => 02
    [P_TYPE] => VBANK
    [P_OID] => 260415-004
    [P_FN_CD1] => 11
    [P_FN_CD2] => 
    [P_FN_NM] => NH농협은행
    [P_AMT] => 3500
    [P_UNAME] => 권가영
    [P_RMESG1] => P_VACCT_NO=79014506723798|P_EXP_DT=20260426
    [P_RMESG2] => 
    [P_NOTI] => 
    [P_AUTH_NO] => 
)

 Array
(
    [PageCall time] => 10:11:44
    [P_TID] => INIMX_VBNKCAEcatca0720260416100811575210
    [P_MID] => CAEcatca07
    [P_AUTH_DT] => 20260416101144
    [P_STATUS] => 02
    [P_TYPE] => VBANK
    [P_OID] => 260416-006
    [P_FN_CD1] => 03
    [P_FN_CD2] => 
    [P_FN_NM] => 기업은행
    [P_AMT] => 3500
    [P_UNAME] => 김효선
    [P_RMESG1] => P_VACCT_NO=07503148297091|P_EXP_DT=20260426
    [P_RMESG2] => 
    [P_NOTI] => 
    [P_AUTH_NO] => 
)

 Array
(
    [PageCall time] => 10:19:34
    [P_TID] => INIMX_VBNKCAEcatca0720260416101644985816
    [P_MID] => CAEcatca07
    [P_AUTH_DT] => 20260416101934
    [P_STATUS] => 02
    [P_TYPE] => VBANK
    [P_OID] => 260416-007
    [P_FN_CD1] => 31
    [P_FN_CD2] => 
    [P_FN_NM] => 아이엠뱅크(대구은행)
    [P_AMT] => 3500
    [P_UNAME] => 박태휴
    [P_RMESG1] => P_VACCT_NO=9600363012639|P_EXP_DT=20260426
    [P_RMESG2] => 
    [P_NOTI] => 
    [P_AUTH_NO] => 
)

 Array
(
    [PageCall time] => 10:33:01
    [P_TID] => INIMX_VBNKCAEcatca0720260416102958745513
    [P_MID] => CAEcatca07
    [P_AUTH_DT] => 20260416103301
    [P_STATUS] => 02
    [P_TYPE] => VBANK
    [P_OID] => 260416-008
    [P_FN_CD1] => 88
    [P_FN_CD2] => 
    [P_FN_NM] => 신한은행
    [P_AMT] => 3500
    [P_UNAME] => 김라희
    [P_RMESG1] => P_VACCT_NO=56211990781772|P_EXP_DT=20260426
    [P_RMESG2] => 
    [P_NOTI] => 
    [P_AUTH_NO] => 
)

 Array
(
    [PageCall time] => 10:57:21
    [P_TID] => INIMX_VBNKCAEcatca0720260416105432165462
    [P_MID] => CAEcatca07
    [P_AUTH_DT] => 20260416105721
    [P_STATUS] => 02
    [P_TYPE] => VBANK
    [P_OID] => 260416-012
    [P_FN_CD1] => 81
    [P_FN_CD2] => 
    [P_FN_NM] => 하나은행
    [P_AMT] => 3500
    [P_UNAME] => 차미란
    [P_RMESG1] => P_VACCT_NO=20893964686437|P_EXP_DT=20260426
    [P_RMESG2] => 
    [P_NOTI] => 
    [P_AUTH_NO] => 
)

 Array
(
    [PageCall time] => 11:01:52
    [P_TID] => INIMX_VBNKCAEcatca0720260416105920865615
    [P_MID] => CAEcatca07
    [P_AUTH_DT] => 20260416110152
    [P_STATUS] => 02
    [P_TYPE] => VBANK
    [P_OID] => 260416-013
    [P_FN_CD1] => 04
    [P_FN_CD2] => 
    [P_FN_NM] => KB국민은행
    [P_AMT] => 3500
    [P_UNAME] => 전석환
    [P_RMESG1] => P_VACCT_NO=42089011546684|P_EXP_DT=20260426
    [P_RMESG2] => 
    [P_NOTI] => 
    [P_AUTH_NO] => 
)

 Array
(
    [PageCall time] => 11:03:47
    [P_TID] => INIMX_VBNKCAEcatca0720260416110109775030
    [P_MID] => CAEcatca07
    [P_AUTH_DT] => 20260416110347
    [P_STATUS] => 02
    [P_TYPE] => VBANK
    [P_OID] => 260416-014
    [P_FN_CD1] => 04
    [P_FN_CD2] => 
    [P_FN_NM] => KB국민은행
    [P_AMT] => 3500
    [P_UNAME] => 정미진
    [P_RMESG1] => P_VACCT_NO=42089011553967|P_EXP_DT=20260426
    [P_RMESG2] => 
    [P_NOTI] => 
    [P_AUTH_NO] => 
)

 Array
(
    [PageCall time] => 11:08:51
    [P_TID] => INIMX_VBNKCAEcatca0720260416110548305022
    [P_MID] => CAEcatca07
    [P_AUTH_DT] => 20260416110851
    [P_STATUS] => 02
    [P_TYPE] => VBANK
    [P_OID] => 260413-054
    [P_FN_CD1] => 20
    [P_FN_CD2] => 
    [P_FN_NM] => 우리은행
    [P_AMT] => 3500
    [P_UNAME] => 전성준
    [P_RMESG1] => P_VACCT_NO=27387890718168|P_EXP_DT=20260426
    [P_RMESG2] => 
    [P_NOTI] => 
    [P_AUTH_NO] => 
)

 Array
(
    [PageCall time] => 11:35:39
    [P_TID] => INIMX_VBNKCAEcatca0720260416113215305702
    [P_MID] => CAEcatca07
    [P_AUTH_DT] => 20260416113539
    [P_STATUS] => 02
    [P_TYPE] => VBANK
    [P_OID] => 260416-017
    [P_FN_CD1] => 20
    [P_FN_CD2] => 
    [P_FN_NM] => 우리은행
    [P_AMT] => 3500
    [P_UNAME] => 최승해
    [P_RMESG1] => P_VACCT_NO=27387892318084|P_EXP_DT=20260426
    [P_RMESG2] => 
    [P_NOTI] => 
    [P_AUTH_NO] => 
)

 Array
(
    [PageCall time] => 12:04:39
    [P_TID] => INIMX_VBNKCAEcatca0720260416115321995856
    [P_MID] => CAEcatca07
    [P_AUTH_DT] => 20260416120439
    [P_STATUS] => 02
    [P_TYPE] => VBANK
    [P_OID] => 260416-018
    [P_FN_CD1] => 88
    [P_FN_CD2] => 
    [P_FN_NM] => 신한은행
    [P_AMT] => 3500
    [P_UNAME] => 김정희
    [P_RMESG1] => P_VACCT_NO=56211990787710|P_EXP_DT=20260426
    [P_RMESG2] => 
    [P_NOTI] => 
    [P_AUTH_NO] => 
)

 Array
(
    [PageCall time] => 13:19:55
    [P_TID] => INIMX_VBNKCAEcatca0720260416131715435288
    [P_MID] => CAEcatca07
    [P_AUTH_DT] => 20260416131955
    [P_STATUS] => 02
    [P_TYPE] => VBANK
    [P_OID] => 260416-022
    [P_FN_CD1] => 03
    [P_FN_CD2] => 
    [P_FN_NM] => 기업은행
    [P_AMT] => 3500
    [P_UNAME] => 우석민
    [P_RMESG1] => P_VACCT_NO=07503149597630|P_EXP_DT=20260426
    [P_RMESG2] => 
    [P_NOTI] => 
    [P_AUTH_NO] => 
)

 Array
(
    [PageCall time] => 13:31:30
    [P_TID] => INIMX_VBNKCAEcatca0720260416132125685921
    [P_MID] => CAEcatca07
    [P_AUTH_DT] => 20260416133130
    [P_STATUS] => 02
    [P_TYPE] => VBANK
    [P_OID] => 260416-019
    [P_FN_CD1] => 71
    [P_FN_CD2] => 
    [P_FN_NM] => 우체국
    [P_AMT] => 3500
    [P_UNAME] => 김봉신
    [P_RMESG1] => P_VACCT_NO=01397981055983|P_EXP_DT=20260426
    [P_RMESG2] => 
    [P_NOTI] => 
    [P_AUTH_NO] => 
)

 Array
(
    [PageCall time] => 13:41:25
    [P_TID] => INIMX_VBNKCAEcatca0720260416134025665468
    [P_MID] => CAEcatca07
    [P_AUTH_DT] => 20260416134125
    [P_STATUS] => 02
    [P_TYPE] => VBANK
    [P_OID] => 260416-025
    [P_FN_CD1] => 11
    [P_FN_CD2] => 
    [P_FN_NM] => NH농협은행
    [P_AMT] => 3500
    [P_UNAME] => 정선화
    [P_RMESG1] => P_VACCT_NO=79014506750832|P_EXP_DT=20260426
    [P_RMESG2] => 
    [P_NOTI] => 
    [P_AUTH_NO] => 
)

 Array
(
    [PageCall time] => 13:44:56
    [P_TID] => INIMX_VBNKCAEcatca0720260416134212475012
    [P_MID] => CAEcatca07
    [P_AUTH_DT] => 20260416134456
    [P_STATUS] => 02
    [P_TYPE] => VBANK
    [P_OID] => 260416-026
    [P_FN_CD1] => 81
    [P_FN_CD2] => 
    [P_FN_NM] => 하나은행
    [P_AMT] => 3500
    [P_UNAME] => 이진혁
    [P_RMESG1] => P_VACCT_NO=20893965628737|P_EXP_DT=20260426
    [P_RMESG2] => 
    [P_NOTI] => 
    [P_AUTH_NO] => 
)

 Array
(
    [PageCall time] => 14:51:10
    [P_TID] => INIMX_VBNKCAEcatca0720260416134415225252
    [P_MID] => CAEcatca07
    [P_AUTH_DT] => 20260416145110
    [P_STATUS] => 02
    [P_TYPE] => VBANK
    [P_OID] => 260416-024
    [P_FN_CD1] => 11
    [P_FN_CD2] => 
    [P_FN_NM] => NH농협은행
    [P_AMT] => 3500
    [P_UNAME] => 손광애
    [P_RMESG1] => P_VACCT_NO=79014506751095|P_EXP_DT=20260426
    [P_RMESG2] => 
    [P_NOTI] => 
    [P_AUTH_NO] => 
)

 Array
(
    [PageCall time] => 15:03:21
    [P_TID] => INIMX_VBNKCAEcatca0720260416150205385902
    [P_MID] => CAEcatca07
    [P_AUTH_DT] => 20260416150321
    [P_STATUS] => 02
    [P_TYPE] => VBANK
    [P_OID] => 260416-030
    [P_FN_CD1] => 11
    [P_FN_CD2] => 
    [P_FN_NM] => NH농협은행
    [P_AMT] => 3500
    [P_UNAME] => 한수영
    [P_RMESG1] => P_VACCT_NO=79014506759549|P_EXP_DT=20260426
    [P_RMESG2] => 
    [P_NOTI] => 
    [P_AUTH_NO] => 
)

 Array
(
    [PageCall time] => 15:23:58
    [P_TID] => INIMX_VBNKCAEcatca0720260416152130445930
    [P_MID] => CAEcatca07
    [P_AUTH_DT] => 20260416152358
    [P_STATUS] => 02
    [P_TYPE] => VBANK
    [P_OID] => 260416-037
    [P_FN_CD1] => 88
    [P_FN_CD2] => 
    [P_FN_NM] => 신한은행
    [P_AMT] => 3500
    [P_UNAME] => 백승열
    [P_RMESG1] => P_VACCT_NO=56211990798546|P_EXP_DT=20260426
    [P_RMESG2] => 
    [P_NOTI] => 
    [P_AUTH_NO] => 
)

 Array
(
    [PageCall time] => 15:46:07
    [P_TID] => INIMX_VBNKCAEcatca0720260416154327845975
    [P_MID] => CAEcatca07
    [P_AUTH_DT] => 20260416154607
    [P_STATUS] => 02
    [P_TYPE] => VBANK
    [P_OID] => 260416-038
    [P_FN_CD1] => 88
    [P_FN_CD2] => 
    [P_FN_NM] => 신한은행
    [P_AMT] => 3500
    [P_UNAME] => 김선자
    [P_RMESG1] => P_VACCT_NO=56211990800253|P_EXP_DT=20260426
    [P_RMESG2] => 
    [P_NOTI] => 
    [P_AUTH_NO] => 
)

 Array
(
    [PageCall time] => 15:58:34
    [P_TID] => INIMX_VBNKCAEcatca0720260416155738145351
    [P_MID] => CAEcatca07
    [P_AUTH_DT] => 20260416155834
    [P_STATUS] => 02
    [P_TYPE] => VBANK
    [P_OID] => 260416-039
    [P_FN_CD1] => 11
    [P_FN_CD2] => 
    [P_FN_NM] => NH농협은행
    [P_AMT] => 3500
    [P_UNAME] => 황성필
    [P_RMESG1] => P_VACCT_NO=79014506765355|P_EXP_DT=20260426
    [P_RMESG2] => 
    [P_NOTI] => 
    [P_AUTH_NO] => 
)

 Array
(
    [PageCall time] => 16:11:19
    [P_TID] => INIMX_VBNKCAEcatca0720260416160818645292
    [P_MID] => CAEcatca07
    [P_AUTH_DT] => 20260416161119
    [P_STATUS] => 02
    [P_TYPE] => VBANK
    [P_OID] => 260416-041
    [P_FN_CD1] => 81
    [P_FN_CD2] => 
    [P_FN_NM] => 하나은행
    [P_AMT] => 3500
    [P_UNAME] => 전정숙
    [P_RMESG1] => P_VACCT_NO=20893966109137|P_EXP_DT=20260426
    [P_RMESG2] => 
    [P_NOTI] => 
    [P_AUTH_NO] => 
)

 Array
(
    [PageCall time] => 16:16:34
    [P_TID] => INIMX_VBNKCAEcatca0720260416161314925587
    [P_MID] => CAEcatca07
    [P_AUTH_DT] => 20260416161634
    [P_STATUS] => 02
    [P_TYPE] => VBANK
    [P_OID] => 260416-043
    [P_FN_CD1] => 88
    [P_FN_CD2] => 
    [P_FN_NM] => 신한은행
    [P_AMT] => 3500
    [P_UNAME] => 유미영
    [P_RMESG1] => P_VACCT_NO=56211990801595|P_EXP_DT=20260426
    [P_RMESG2] => 
    [P_NOTI] => 
    [P_AUTH_NO] => 
)

 Array
(
    [PageCall time] => 16:29:32
    [P_TID] => INIMX_VBNKCAEcatca0720260416162650325434
    [P_MID] => CAEcatca07
    [P_AUTH_DT] => 20260416162932
    [P_STATUS] => 02
    [P_TYPE] => VBANK
    [P_OID] => 260416-040
    [P_FN_CD1] => 81
    [P_FN_CD2] => 
    [P_FN_NM] => 하나은행
    [P_AMT] => 3500
    [P_UNAME] => 한승표
    [P_RMESG1] => P_VACCT_NO=20893966152337|P_EXP_DT=20260426
    [P_RMESG2] => 
    [P_NOTI] => 
    [P_AUTH_NO] => 
)

 Array
(
    [PageCall time] => 16:39:00
    [P_TID] => INIMX_VBNKCAEcatca0720260416105002115751
    [P_MID] => CAEcatca07
    [P_AUTH_DT] => 20260416163900
    [P_STATUS] => 02
    [P_TYPE] => VBANK
    [P_OID] => 260416-011
    [P_FN_CD1] => 11
    [P_FN_CD2] => 
    [P_FN_NM] => NH농협은행
    [P_AMT] => 3500
    [P_UNAME] => 김미연
    [P_RMESG1] => P_VACCT_NO=79014506734255|P_EXP_DT=20260426
    [P_RMESG2] => 
    [P_NOTI] => 
    [P_AUTH_NO] => 
)

 Array
(
    [PageCall time] => 17:34:22
    [P_TID] => INIMX_VBNKCAEcatca0720260416173153534872
    [P_MID] => CAEcatca07
    [P_AUTH_DT] => 20260416173422
    [P_STATUS] => 02
    [P_TYPE] => VBANK
    [P_OID] => 260416-045
    [P_FN_CD1] => 88
    [P_FN_CD2] => 
    [P_FN_NM] => 신한은행
    [P_AMT] => 3500
    [P_UNAME] => 홍인기
    [P_RMESG1] => P_VACCT_NO=56211993106620|P_EXP_DT=20260426
    [P_RMESG2] => 
    [P_NOTI] => 
    [P_AUTH_NO] => 
)

 Array
(
    [PageCall time] => 18:50:39
    [P_TID] => INIMX_VBNKCAEcatca0720260416184753754546
    [P_MID] => CAEcatca07
    [P_AUTH_DT] => 20260416185039
    [P_STATUS] => 02
    [P_TYPE] => VBANK
    [P_OID] => 260415-035
    [P_FN_CD1] => 88
    [P_FN_CD2] => 
    [P_FN_NM] => 신한은행
    [P_AMT] => 3500
    [P_UNAME] => 이승연
    [P_RMESG1] => P_VACCT_NO=56211993114827|P_EXP_DT=20260426
    [P_RMESG2] => 
    [P_NOTI] => 
    [P_AUTH_NO] => 
)

 Array
(
    [PageCall time] => 18:53:13
    [P_TID] => INIMX_VBNKCAEcatca0720260416185048794173
    [P_MID] => CAEcatca07
    [P_AUTH_DT] => 20260416185313
    [P_STATUS] => 02
    [P_TYPE] => VBANK
    [P_OID] => 260416-046
    [P_FN_CD1] => 11
    [P_FN_CD2] => 
    [P_FN_NM] => NH농협은행
    [P_AMT] => 3500
    [P_UNAME] => 곽미영
    [P_RMESG1] => P_VACCT_NO=79010581533401|P_EXP_DT=20260426
    [P_RMESG2] => 
    [P_NOTI] => 
    [P_AUTH_NO] => 
)

 Array
(
    [PageCall time] => 20:14:37
    [P_TID] => INIMX_VBNKCAEcatca0720260416201203834549
    [P_MID] => CAEcatca07
    [P_AUTH_DT] => 20260416201437
    [P_STATUS] => 02
    [P_TYPE] => VBANK
    [P_OID] => 260416-047
    [P_FN_CD1] => 88
    [P_FN_CD2] => 
    [P_FN_NM] => 신한은행
    [P_AMT] => 3500
    [P_UNAME] => 오현종
    [P_RMESG1] => P_VACCT_NO=56211993122300|P_EXP_DT=20260426
    [P_RMESG2] => 
    [P_NOTI] => 
    [P_AUTH_NO] => 
)

 Array
(
    [PageCall time] => 21:39:25
    [P_TID] => INIMX_VBNKCAEcatca0720260416213616994397
    [P_MID] => CAEcatca07
    [P_AUTH_DT] => 20260416213925
    [P_STATUS] => 02
    [P_TYPE] => VBANK
    [P_OID] => 260416-048
    [P_FN_CD1] => 81
    [P_FN_CD2] => 
    [P_FN_NM] => 하나은행
    [P_AMT] => 3500
    [P_UNAME] => 주성우
    [P_RMESG1] => P_VACCT_NO=20894277966837|P_EXP_DT=20260426
    [P_RMESG2] => 
    [P_NOTI] => 
    [P_AUTH_NO] => 
)

 Array
(
    [PageCall time] => 21:43:40
    [P_TID] => INIMX_VBNKCAEcatca0720260416214052114935
    [P_MID] => CAEcatca07
    [P_AUTH_DT] => 20260416214340
    [P_STATUS] => 02
    [P_TYPE] => VBANK
    [P_OID] => 260416-049
    [P_FN_CD1] => 88
    [P_FN_CD2] => 
    [P_FN_NM] => 신한은행
    [P_AMT] => 3500
    [P_UNAME] => 박효진
    [P_RMESG1] => P_VACCT_NO=56211993138265|P_EXP_DT=20260426
    [P_RMESG2] => 
    [P_NOTI] => 
    [P_AUTH_NO] => 
)

