 Array
(
    [PageCall time] => 13:02:08
    [P_TID] => INIMX_VBNKCAEcatca0720251108130130185867
    [P_MID] => CAEcatca07
    [P_AUTH_DT] => 20251108130208
    [P_STATUS] => 02
    [P_TYPE] => VBANK
    [P_OID] => 251108-005
    [P_FN_CD1] => 11
    [P_FN_CD2] => 
    [P_FN_NM] => NH농협은행
    [P_AMT] => 3000
    [P_UNAME] => 이종준
    [P_RMESG1] => P_VACCT_NO=79015901333995|P_EXP_DT=20251118
    [P_RMESG2] => 
    [P_NOTI] => 
    [P_AUTH_NO] => 
)

 Array
(
    [PageCall time] => 13:19:28
    [P_TID] => INIMX_VBNKCAEcatca0720251108131624415362
    [P_MID] => CAEcatca07
    [P_AUTH_DT] => 20251108131928
    [P_STATUS] => 02
    [P_TYPE] => VBANK
    [P_OID] => 251107-030
    [P_FN_CD1] => 34
    [P_FN_CD2] => 
    [P_FN_NM] => 광주은행
    [P_AMT] => 3000
    [P_UNAME] => 신용삼
    [P_RMESG1] => P_VACCT_NO=810865099161|P_EXP_DT=20251118
    [P_RMESG2] => 
    [P_NOTI] => 
    [P_AUTH_NO] => 
)

 Array
(
    [PageCall time] => 13:50:39
    [P_TID] => INIMX_VBNKCAEcatca0720251108134955555502
    [P_MID] => CAEcatca07
    [P_AUTH_DT] => 20251108135039
    [P_STATUS] => 02
    [P_TYPE] => VBANK
    [P_OID] => 251108-006
    [P_FN_CD1] => 11
    [P_FN_CD2] => 
    [P_FN_NM] => NH농협은행
    [P_AMT] => 3000
    [P_UNAME] => 신윤원
    [P_RMESG1] => P_VACCT_NO=79015901337113|P_EXP_DT=20251118
    [P_RMESG2] => 
    [P_NOTI] => 
    [P_AUTH_NO] => 
)

 Array
(
    [PageCall time] => 14:48:09
    [P_TID] => INIMX_VBNKCAEcatca0720251108144538465044
    [P_MID] => CAEcatca07
    [P_AUTH_DT] => 20251108144809
    [P_STATUS] => 02
    [P_TYPE] => VBANK
    [P_OID] => 251105-017
    [P_FN_CD1] => 89
    [P_FN_CD2] => 
    [P_FN_NM] => 케이뱅크
    [P_AMT] => 3000
    [P_UNAME] => 이창기
    [P_RMESG1] => P_VACCT_NO=70112003796289|P_EXP_DT=20251118
    [P_RMESG2] => 
    [P_NOTI] => 
    [P_AUTH_NO] => 
)

 Array
(
    [PageCall time] => 16:24:24
    [P_TID] => INIMX_VBNKCAEcatca0720251108161950605948
    [P_MID] => CAEcatca07
    [P_AUTH_DT] => 20251108162424
    [P_STATUS] => 02
    [P_TYPE] => VBANK
    [P_OID] => 251108-008
    [P_FN_CD1] => 04
    [P_FN_CD2] => 
    [P_FN_NM] => KB국민은행
    [P_AMT] => 3000
    [P_UNAME] => 주경일
    [P_RMESG1] => P_VACCT_NO=26119078778830|P_EXP_DT=20251118
    [P_RMESG2] => 
    [P_NOTI] => 
    [P_AUTH_NO] => 
)

 Array
(
    [PageCall time] => 19:09:51
    [P_TID] => INIMX_VBNKCAEcatca0720251108190627595276
    [P_MID] => CAEcatca07
    [P_AUTH_DT] => 20251108190951
    [P_STATUS] => 02
    [P_TYPE] => VBANK
    [P_OID] => 251108-009
    [P_FN_CD1] => 03
    [P_FN_CD2] => 
    [P_FN_NM] => 기업은행
    [P_AMT] => 3000
    [P_UNAME] => 최선애
    [P_RMESG1] => P_VACCT_NO=07500584197374|P_EXP_DT=20251118
    [P_RMESG2] => 
    [P_NOTI] => 
    [P_AUTH_NO] => 
)

 Array
(
    [PageCall time] => 19:25:35
    [P_TID] => INIMX_VBNKCAEcatca0720251108192213145236
    [P_MID] => CAEcatca07
    [P_AUTH_DT] => 20251108192535
    [P_STATUS] => 02
    [P_TYPE] => VBANK
    [P_OID] => 251108-010
    [P_FN_CD1] => 88
    [P_FN_CD2] => 
    [P_FN_NM] => 신한은행
    [P_AMT] => 3000
    [P_UNAME] => 김서진
    [P_RMESG1] => P_VACCT_NO=56211105280626|P_EXP_DT=20251118
    [P_RMESG2] => 
    [P_NOTI] => 
    [P_AUTH_NO] => 
)

 Array
(
    [PageCall time] => 20:51:15
    [P_TID] => INIMX_VBNKCAEcatca0720251108204439835048
    [P_MID] => CAEcatca07
    [P_AUTH_DT] => 20251108205115
    [P_STATUS] => 02
    [P_TYPE] => VBANK
    [P_OID] => 251108-011
    [P_FN_CD1] => 04
    [P_FN_CD2] => 
    [P_FN_NM] => KB국민은행
    [P_AMT] => 3000
    [P_UNAME] => 이수빈
    [P_RMESG1] => P_VACCT_NO=26119078926769|P_EXP_DT=20251118
    [P_RMESG2] => 
    [P_NOTI] => 
    [P_AUTH_NO] => 
)

 Array
(
    [PageCall time] => 21:25:44
    [P_TID] => INIMX_VBNKCAEcatca0720251108212303415573
    [P_MID] => CAEcatca07
    [P_AUTH_DT] => 20251108212544
    [P_STATUS] => 02
    [P_TYPE] => VBANK
    [P_OID] => 251108-012
    [P_FN_CD1] => 31
    [P_FN_CD2] => 
    [P_FN_NM] => 아이엠뱅크(대구은행)
    [P_AMT] => 3000
    [P_UNAME] => 이승연
    [P_RMESG1] => P_VACCT_NO=9600362365958|P_EXP_DT=20251118
    [P_RMESG2] => 
    [P_NOTI] => 
    [P_AUTH_NO] => 
)

