 Array
(
    [PageCall time] => 00:21:02
    [P_TID] => INIMX_VBNKCAEcatca0720260410001831275227
    [P_MID] => CAEcatca07
    [P_AUTH_DT] => 20260410002101
    [P_STATUS] => 02
    [P_TYPE] => VBANK
    [P_OID] => 260410-001
    [P_FN_CD1] => 89
    [P_FN_CD2] => 
    [P_FN_NM] => 케이뱅크
    [P_AMT] => 3500
    [P_UNAME] => 윤종오
    [P_RMESG1] => P_VACCT_NO=70112003969317|P_EXP_DT=20260420
    [P_RMESG2] => 
    [P_NOTI] => 
    [P_AUTH_NO] => 
)

 Array
(
    [PageCall time] => 08:36:15
    [P_TID] => INIMX_VBNKCAEcatca0720260410083544285204
    [P_MID] => CAEcatca07
    [P_AUTH_DT] => 20260410083615
    [P_STATUS] => 02
    [P_TYPE] => VBANK
    [P_OID] => 260409-040
    [P_FN_CD1] => 11
    [P_FN_CD2] => 
    [P_FN_NM] => NH농협은행
    [P_AMT] => 3500
    [P_UNAME] => 국민정
    [P_RMESG1] => P_VACCT_NO=79014506107080|P_EXP_DT=20260420
    [P_RMESG2] => 
    [P_NOTI] => 
    [P_AUTH_NO] => 
)

 Array
(
    [PageCall time] => 09:44:11
    [P_TID] => INIMX_VBNKCAEcatca0720260410093938885779
    [P_MID] => CAEcatca07
    [P_AUTH_DT] => 20260410094411
    [P_STATUS] => 02
    [P_TYPE] => VBANK
    [P_OID] => 260410-003
    [P_FN_CD1] => 81
    [P_FN_CD2] => 
    [P_FN_NM] => 하나은행
    [P_AMT] => 3500
    [P_UNAME] => 장주영
    [P_RMESG1] => P_VACCT_NO=20893932626037|P_EXP_DT=20260420
    [P_RMESG2] => 
    [P_NOTI] => 
    [P_AUTH_NO] => 
)

 Array
(
    [PageCall time] => 10:59:03
    [P_TID] => INIMX_VBNKCAEcatca0720260410105611795428
    [P_MID] => CAEcatca07
    [P_AUTH_DT] => 20260410105903
    [P_STATUS] => 02
    [P_TYPE] => VBANK
    [P_OID] => 260410-005
    [P_FN_CD1] => 04
    [P_FN_CD2] => 
    [P_FN_NM] => KB국민은행
    [P_AMT] => 3500
    [P_UNAME] => 손찬구
    [P_RMESG1] => P_VACCT_NO=96569078131555|P_EXP_DT=20260420
    [P_RMESG2] => 
    [P_NOTI] => 
    [P_AUTH_NO] => 
)

 Array
(
    [PageCall time] => 11:04:42
    [P_TID] => INIMX_VBNKCAEcatca0720260410105237895976
    [P_MID] => CAEcatca07
    [P_AUTH_DT] => 20260410110442
    [P_STATUS] => 02
    [P_TYPE] => VBANK
    [P_OID] => 260410-004
    [P_FN_CD1] => 04
    [P_FN_CD2] => 
    [P_FN_NM] => KB국민은행
    [P_AMT] => 3500
    [P_UNAME] => 강정현
    [P_RMESG1] => P_VACCT_NO=96569078131089|P_EXP_DT=20260420
    [P_RMESG2] => 
    [P_NOTI] => 
    [P_AUTH_NO] => 
)

 Array
(
    [PageCall time] => 11:30:43
    [P_TID] => INIMX_VBNKCAEcatca0720260410112731765727
    [P_MID] => CAEcatca07
    [P_AUTH_DT] => 20260410113043
    [P_STATUS] => 02
    [P_TYPE] => VBANK
    [P_OID] => 260410-008
    [P_FN_CD1] => 88
    [P_FN_CD2] => 
    [P_FN_NM] => 신한은행
    [P_AMT] => 3500
    [P_UNAME] => 평택시공동육아나눔터2호점
    [P_RMESG1] => P_VACCT_NO=56211106939691|P_EXP_DT=20260420
    [P_RMESG2] => 
    [P_NOTI] => 
    [P_AUTH_NO] => 
)

 Array
(
    [PageCall time] => 11:48:50
    [P_TID] => INIMX_VBNKCAEcatca0720260410114012265339
    [P_MID] => CAEcatca07
    [P_AUTH_DT] => 20260410114850
    [P_STATUS] => 02
    [P_TYPE] => VBANK
    [P_OID] => 260410-009
    [P_FN_CD1] => 81
    [P_FN_CD2] => 
    [P_FN_NM] => 하나은행
    [P_AMT] => 3500
    [P_UNAME] => 김희순
    [P_RMESG1] => P_VACCT_NO=20893933201437|P_EXP_DT=20260420
    [P_RMESG2] => 
    [P_NOTI] => 
    [P_AUTH_NO] => 
)

 Array
(
    [PageCall time] => 12:24:08
    [P_TID] => INIMX_VBNKCAEcatca0720260410122128355457
    [P_MID] => CAEcatca07
    [P_AUTH_DT] => 20260410122408
    [P_STATUS] => 02
    [P_TYPE] => VBANK
    [P_OID] => 260409-021
    [P_FN_CD1] => 04
    [P_FN_CD2] => 
    [P_FN_NM] => KB국민은행
    [P_AMT] => 3500
    [P_UNAME] => 이은진
    [P_RMESG1] => P_VACCT_NO=96569078150567|P_EXP_DT=20260420
    [P_RMESG2] => 
    [P_NOTI] => 
    [P_AUTH_NO] => 
)

 Array
(
    [PageCall time] => 13:16:25
    [P_TID] => INIMX_VBNKCAEcatca0720260410131310835227
    [P_MID] => CAEcatca07
    [P_AUTH_DT] => 20260410131625
    [P_STATUS] => 02
    [P_TYPE] => VBANK
    [P_OID] => 260410-011
    [P_FN_CD1] => 04
    [P_FN_CD2] => 
    [P_FN_NM] => KB국민은행
    [P_AMT] => 3500
    [P_UNAME] => 박희선
    [P_RMESG1] => P_VACCT_NO=96569078157917|P_EXP_DT=20260420
    [P_RMESG2] => 
    [P_NOTI] => 
    [P_AUTH_NO] => 
)

 Array
(
    [PageCall time] => 13:35:35
    [P_TID] => INIMX_VBNKCAEcatca0720260410132727685371
    [P_MID] => CAEcatca07
    [P_AUTH_DT] => 20260410133535
    [P_STATUS] => 02
    [P_TYPE] => VBANK
    [P_OID] => 260410-012
    [P_FN_CD1] => 31
    [P_FN_CD2] => 
    [P_FN_NM] => 아이엠뱅크(대구은행)
    [P_AMT] => 3500
    [P_UNAME] => 박정희
    [P_RMESG1] => P_VACCT_NO=9600362979320|P_EXP_DT=20260420
    [P_RMESG2] => 
    [P_NOTI] => 
    [P_AUTH_NO] => 
)

 Array
(
    [PageCall time] => 14:28:28
    [P_TID] => INIMX_VBNKCAEcatca0720260410142649145499
    [P_MID] => CAEcatca07
    [P_AUTH_DT] => 20260410142828
    [P_STATUS] => 02
    [P_TYPE] => VBANK
    [P_OID] => 260410-014
    [P_FN_CD1] => 11
    [P_FN_CD2] => 
    [P_FN_NM] => NH농협은행
    [P_AMT] => 3500
    [P_UNAME] => 박소윤
    [P_RMESG1] => P_VACCT_NO=79014506148123|P_EXP_DT=20260420
    [P_RMESG2] => 
    [P_NOTI] => 
    [P_AUTH_NO] => 
)

 Array
(
    [PageCall time] => 14:55:36
    [P_TID] => INIMX_VBNKCAEcatca0720260410145447465046
    [P_MID] => CAEcatca07
    [P_AUTH_DT] => 20260410145536
    [P_STATUS] => 02
    [P_TYPE] => VBANK
    [P_OID] => 260410-017
    [P_FN_CD1] => 11
    [P_FN_CD2] => 
    [P_FN_NM] => NH농협은행
    [P_AMT] => 3500
    [P_UNAME] => 홍석현
    [P_RMESG1] => P_VACCT_NO=79014506152382|P_EXP_DT=20260420
    [P_RMESG2] => 
    [P_NOTI] => 
    [P_AUTH_NO] => 
)

 Array
(
    [PageCall time] => 14:58:19
    [P_TID] => INIMX_VBNKCAEcatca0720260410145400865472
    [P_MID] => CAEcatca07
    [P_AUTH_DT] => 20260410145819
    [P_STATUS] => 02
    [P_TYPE] => VBANK
    [P_OID] => 260410-010
    [P_FN_CD1] => 32
    [P_FN_CD2] => 
    [P_FN_NM] => 부산은행
    [P_AMT] => 3500
    [P_UNAME] => 새로고침의원
    [P_RMESG1] => P_VACCT_NO=109924889253|P_EXP_DT=20260420
    [P_RMESG2] => 
    [P_NOTI] => 
    [P_AUTH_NO] => 
)

 Array
(
    [PageCall time] => 15:15:13
    [P_TID] => INIMX_VBNKCAEcatca0720260410151219765442
    [P_MID] => CAEcatca07
    [P_AUTH_DT] => 20260410151512
    [P_STATUS] => 02
    [P_TYPE] => VBANK
    [P_OID] => 260410-021
    [P_FN_CD1] => 04
    [P_FN_CD2] => 
    [P_FN_NM] => KB국민은행
    [P_AMT] => 3500
    [P_UNAME] => 김정란
    [P_RMESG1] => P_VACCT_NO=96569078178390|P_EXP_DT=20260420
    [P_RMESG2] => 
    [P_NOTI] => 
    [P_AUTH_NO] => 
)

 Array
(
    [PageCall time] => 15:21:13
    [P_TID] => INIMX_VBNKCAEcatca0720260410151735805012
    [P_MID] => CAEcatca07
    [P_AUTH_DT] => 20260410152113
    [P_STATUS] => 02
    [P_TYPE] => VBANK
    [P_OID] => 260410-022
    [P_FN_CD1] => 03
    [P_FN_CD2] => 
    [P_FN_NM] => 기업은행
    [P_AMT] => 3500
    [P_UNAME] => 오정미
    [P_RMESG1] => P_VACCT_NO=07502399697493|P_EXP_DT=20260420
    [P_RMESG2] => 
    [P_NOTI] => 
    [P_AUTH_NO] => 
)

 Array
(
    [PageCall time] => 16:16:44
    [P_TID] => INIMX_VBNKCAEcatca0720260410161510305314
    [P_MID] => CAEcatca07
    [P_AUTH_DT] => 20260410161644
    [P_STATUS] => 02
    [P_TYPE] => VBANK
    [P_OID] => 260410-025
    [P_FN_CD1] => 11
    [P_FN_CD2] => 
    [P_FN_NM] => NH농협은행
    [P_AMT] => 3500
    [P_UNAME] => 손장훈
    [P_RMESG1] => P_VACCT_NO=79014506166680|P_EXP_DT=20260420
    [P_RMESG2] => 
    [P_NOTI] => 
    [P_AUTH_NO] => 
)

 Array
(
    [PageCall time] => 16:26:55
    [P_TID] => INIMX_VBNKCAEcatca0720260410162531445714
    [P_MID] => CAEcatca07
    [P_AUTH_DT] => 20260410162655
    [P_STATUS] => 02
    [P_TYPE] => VBANK
    [P_OID] => 260410-027
    [P_FN_CD1] => 11
    [P_FN_CD2] => 
    [P_FN_NM] => NH농협은행
    [P_AMT] => 3500
    [P_UNAME] => 김혜영
    [P_RMESG1] => P_VACCT_NO=79014506168561|P_EXP_DT=20260420
    [P_RMESG2] => 
    [P_NOTI] => 
    [P_AUTH_NO] => 
)

 Array
(
    [PageCall time] => 17:28:45
    [P_TID] => INIMX_VBNKCAEcatca0720260410172529705530
    [P_MID] => CAEcatca07
    [P_AUTH_DT] => 20260410172845
    [P_STATUS] => 02
    [P_TYPE] => VBANK
    [P_OID] => 260410-030
    [P_FN_CD1] => 03
    [P_FN_CD2] => 
    [P_FN_NM] => 기업은행
    [P_AMT] => 3500
    [P_UNAME] => 이혜미
    [P_RMESG1] => P_VACCT_NO=07502401397875|P_EXP_DT=20260420
    [P_RMESG2] => 
    [P_NOTI] => 
    [P_AUTH_NO] => 
)

 Array
(
    [PageCall time] => 18:15:17
    [P_TID] => INIMX_VBNKCAEcatca0720260410181139575310
    [P_MID] => CAEcatca07
    [P_AUTH_DT] => 20260410181517
    [P_STATUS] => 02
    [P_TYPE] => VBANK
    [P_OID] => 260410-031
    [P_FN_CD1] => 88
    [P_FN_CD2] => 
    [P_FN_NM] => 신한은행
    [P_AMT] => 3500
    [P_UNAME] => 유미자
    [P_RMESG1] => P_VACCT_NO=56211106974237|P_EXP_DT=20260420
    [P_RMESG2] => 
    [P_NOTI] => 
    [P_AUTH_NO] => 
)

 Array
(
    [PageCall time] => 20:14:45
    [P_TID] => INIMX_VBNKCAEcatca0720260410201216535817
    [P_MID] => CAEcatca07
    [P_AUTH_DT] => 20260410201445
    [P_STATUS] => 02
    [P_TYPE] => VBANK
    [P_OID] => 260410-032
    [P_FN_CD1] => 04
    [P_FN_CD2] => 
    [P_FN_NM] => KB국민은행
    [P_AMT] => 3500
    [P_UNAME] => 배묘희
    [P_RMESG1] => P_VACCT_NO=96569078234287|P_EXP_DT=20260420
    [P_RMESG2] => 
    [P_NOTI] => 
    [P_AUTH_NO] => 
)

 Array
(
    [PageCall time] => 21:11:37
    [P_TID] => INIMX_VBNKCAEcatca0720260410210659875312
    [P_MID] => CAEcatca07
    [P_AUTH_DT] => 20260410211137
    [P_STATUS] => 02
    [P_TYPE] => VBANK
    [P_OID] => 260410-033
    [P_FN_CD1] => 31
    [P_FN_CD2] => 
    [P_FN_NM] => 아이엠뱅크(대구은행)
    [P_AMT] => 3500
    [P_UNAME] => 정해교
    [P_RMESG1] => P_VACCT_NO=9600362982155|P_EXP_DT=20260420
    [P_RMESG2] => 
    [P_NOTI] => 
    [P_AUTH_NO] => 
)

 Array
(
    [PageCall time] => 22:14:55
    [P_TID] => INIMX_VBNKCAEcatca0720260410221217865721
    [P_MID] => CAEcatca07
    [P_AUTH_DT] => 20260410221455
    [P_STATUS] => 02
    [P_TYPE] => VBANK
    [P_OID] => 260409-022
    [P_FN_CD1] => 81
    [P_FN_CD2] => 
    [P_FN_NM] => 하나은행
    [P_AMT] => 3500
    [P_UNAME] => 김슬비
    [P_RMESG1] => P_VACCT_NO=20893937730537|P_EXP_DT=20260420
    [P_RMESG2] => 
    [P_NOTI] => 
    [P_AUTH_NO] => 
)

