 Array
(
    [PageCall time] => 01:07:24
    [P_TID] => INIMX_VBNKCAEcatca0720250526010654745813
    [P_MID] => CAEcatca07
    [P_AUTH_DT] => 20250526010724
    [P_STATUS] => 02
    [P_TYPE] => VBANK
    [P_OID] => 250526-001
    [P_FN_CD1] => 04
    [P_FN_CD2] => 
    [P_FN_NM] => KB국민은행
    [P_AMT] => 3000
    [P_UNAME] => 지하1층 플로렌스코인노래연습장
    [P_RMESG1] => P_VACCT_NO=60539014203628|P_EXP_DT=20250605
    [P_RMESG2] => 
    [P_NOTI] => 
    [P_AUTH_NO] => 
)

 Array
(
    [PageCall time] => 08:35:54
    [P_TID] => INIMX_VBNKCAEcatca0720250526083237365539
    [P_MID] => CAEcatca07
    [P_AUTH_DT] => 20250526083554
    [P_STATUS] => 02
    [P_TYPE] => VBANK
    [P_OID] => 250525-010
    [P_FN_CD1] => 20
    [P_FN_CD2] => 
    [P_FN_NM] => 우리은행
    [P_AMT] => 3000
    [P_UNAME] => 김아윤
    [P_RMESG1] => P_VACCT_NO=27490293218812|P_EXP_DT=20250605
    [P_RMESG2] => 
    [P_NOTI] => 
    [P_AUTH_NO] => 
)

 Array
(
    [PageCall time] => 09:38:25
    [P_TID] => INIMX_VBNKCAEcatca0720250526093525675740
    [P_MID] => CAEcatca07
    [P_AUTH_DT] => 20250526093825
    [P_STATUS] => 02
    [P_TYPE] => VBANK
    [P_OID] => 250526-002
    [P_FN_CD1] => 20
    [P_FN_CD2] => 
    [P_FN_NM] => 우리은행
    [P_AMT] => 3000
    [P_UNAME] => 이창식
    [P_RMESG1] => P_VACCT_NO=27490296518772|P_EXP_DT=20250605
    [P_RMESG2] => 
    [P_NOTI] => 
    [P_AUTH_NO] => 
)

 Array
(
    [PageCall time] => 10:06:52
    [P_TID] => INIMX_VBNKCAEcatca0720250526100352225867
    [P_MID] => CAEcatca07
    [P_AUTH_DT] => 20250526100652
    [P_STATUS] => 02
    [P_TYPE] => VBANK
    [P_OID] => 250526-005
    [P_FN_CD1] => 20
    [P_FN_CD2] => 
    [P_FN_NM] => 우리은행
    [P_AMT] => 3000
    [P_UNAME] => 김영현
    [P_RMESG1] => P_VACCT_NO=27490298118917|P_EXP_DT=20250605
    [P_RMESG2] => 
    [P_NOTI] => 
    [P_AUTH_NO] => 
)

 Array
(
    [PageCall time] => 11:14:11
    [P_TID] => INIMX_VBNKCAEcatca0720250526110915285125
    [P_MID] => CAEcatca07
    [P_AUTH_DT] => 20250526111411
    [P_STATUS] => 02
    [P_TYPE] => VBANK
    [P_OID] => 250526-007
    [P_FN_CD1] => 03
    [P_FN_CD2] => 
    [P_FN_NM] => 기업은행
    [P_AMT] => 3000
    [P_UNAME] => 권민정
    [P_RMESG1] => P_VACCT_NO=07502402097877|P_EXP_DT=20250605
    [P_RMESG2] => 
    [P_NOTI] => 
    [P_AUTH_NO] => 
)

 Array
(
    [PageCall time] => 11:26:40
    [P_TID] => INIMX_VBNKCAEcatca0720250526112543845952
    [P_MID] => CAEcatca07
    [P_AUTH_DT] => 20250526112640
    [P_STATUS] => 02
    [P_TYPE] => VBANK
    [P_OID] => 250520-002
    [P_FN_CD1] => 11
    [P_FN_CD2] => 
    [P_FN_NM] => NH농협은행
    [P_AMT] => 3000
    [P_UNAME] => 윤수영
    [P_RMESG1] => P_VACCT_NO=01444564730334|P_EXP_DT=20250605
    [P_RMESG2] => 
    [P_NOTI] => 
    [P_AUTH_NO] => 
)

 Array
(
    [PageCall time] => 11:46:20
    [P_TID] => INIMX_VBNKCAEcatca0720250521151711225557
    [P_MID] => CAEcatca07
    [P_AUTH_DT] => 20250526114619
    [P_STATUS] => 02
    [P_TYPE] => VBANK
    [P_OID] => 250521-016
    [P_FN_CD1] => 04
    [P_FN_CD2] => 
    [P_FN_NM] => KB국민은행
    [P_AMT] => 3000
    [P_UNAME] => 박선희
    [P_RMESG1] => P_VACCT_NO=26159078273236|P_EXP_DT=20250531
    [P_RMESG2] => 
    [P_NOTI] => 
    [P_AUTH_NO] => 
)

 Array
(
    [PageCall time] => 11:55:44
    [P_TID] => INIMX_VBNKCAEcatca0720250526115424805255
    [P_MID] => CAEcatca07
    [P_AUTH_DT] => 20250526115544
    [P_STATUS] => 02
    [P_TYPE] => VBANK
    [P_OID] => 250526-008
    [P_FN_CD1] => 11
    [P_FN_CD2] => 
    [P_FN_NM] => NH농협은행
    [P_AMT] => 3000
    [P_UNAME] => 이선애
    [P_RMESG1] => P_VACCT_NO=01444564753706|P_EXP_DT=20250605
    [P_RMESG2] => 
    [P_NOTI] => 
    [P_AUTH_NO] => 
)

 Array
(
    [PageCall time] => 12:09:44
    [P_TID] => INIMX_VBNKCAEcatca0720250526120825815789
    [P_MID] => CAEcatca07
    [P_AUTH_DT] => 20250526120944
    [P_STATUS] => 02
    [P_TYPE] => VBANK
    [P_OID] => 250526-011
    [P_FN_CD1] => 04
    [P_FN_CD2] => 
    [P_FN_NM] => KB국민은행
    [P_AMT] => 3000
    [P_UNAME] => 앙경수
    [P_RMESG1] => P_VACCT_NO=60539014221042|P_EXP_DT=20250605
    [P_RMESG2] => 
    [P_NOTI] => 
    [P_AUTH_NO] => 
)

 Array
(
    [PageCall time] => 12:23:05
    [P_TID] => INIMX_VBNKCAEcatca0720250526122038755142
    [P_MID] => CAEcatca07
    [P_AUTH_DT] => 20250526122305
    [P_STATUS] => 02
    [P_TYPE] => VBANK
    [P_OID] => 250526-012
    [P_FN_CD1] => 03
    [P_FN_CD2] => 
    [P_FN_NM] => 기업은행
    [P_AMT] => 3000
    [P_UNAME] => 한지영
    [P_RMESG1] => P_VACCT_NO=07502402697990|P_EXP_DT=20250605
    [P_RMESG2] => 
    [P_NOTI] => 
    [P_AUTH_NO] => 
)

 Array
(
    [PageCall time] => 12:43:09
    [P_TID] => INIMX_VBNKCAEcatca0720250526124209825550
    [P_MID] => CAEcatca07
    [P_AUTH_DT] => 20250526124309
    [P_STATUS] => 02
    [P_TYPE] => VBANK
    [P_OID] => 250526-013
    [P_FN_CD1] => 04
    [P_FN_CD2] => 
    [P_FN_NM] => KB국민은행
    [P_AMT] => 3000
    [P_UNAME] => 이영화
    [P_RMESG1] => P_VACCT_NO=60539014225941|P_EXP_DT=20250605
    [P_RMESG2] => 
    [P_NOTI] => 
    [P_AUTH_NO] => 
)

 Array
(
    [PageCall time] => 13:45:44
    [P_TID] => INIMX_VBNKCAEcatca0720250526134325175070
    [P_MID] => CAEcatca07
    [P_AUTH_DT] => 20250526134544
    [P_STATUS] => 02
    [P_TYPE] => VBANK
    [P_OID] => 250526-014
    [P_FN_CD1] => 04
    [P_FN_CD2] => 
    [P_FN_NM] => KB국민은행
    [P_AMT] => 3000
    [P_UNAME] => 송선경
    [P_RMESG1] => P_VACCT_NO=60539014235858|P_EXP_DT=20250605
    [P_RMESG2] => 
    [P_NOTI] => 
    [P_AUTH_NO] => 
)

 Array
(
    [PageCall time] => 14:06:25
    [P_TID] => INIMX_VBNKCAEcatca0720250526140341805450
    [P_MID] => CAEcatca07
    [P_AUTH_DT] => 20250526140625
    [P_STATUS] => 02
    [P_TYPE] => VBANK
    [P_OID] => 250526-015
    [P_FN_CD1] => 88
    [P_FN_CD2] => 
    [P_FN_NM] => 신한은행
    [P_AMT] => 3000
    [P_UNAME] => 김명옥
    [P_RMESG1] => P_VACCT_NO=56211104091730|P_EXP_DT=20250605
    [P_RMESG2] => 
    [P_NOTI] => 
    [P_AUTH_NO] => 
)

 Array
(
    [PageCall time] => 14:12:01
    [P_TID] => INIMX_VBNKCAEcatca0720250526140913515696
    [P_MID] => CAEcatca07
    [P_AUTH_DT] => 20250526141200
    [P_STATUS] => 02
    [P_TYPE] => VBANK
    [P_OID] => 250526-016
    [P_FN_CD1] => 81
    [P_FN_CD2] => 
    [P_FN_NM] => 하나은행
    [P_AMT] => 3000
    [P_UNAME] => 황세운
    [P_RMESG1] => P_VACCT_NO=20894003678637|P_EXP_DT=20250605
    [P_RMESG2] => 
    [P_NOTI] => 
    [P_AUTH_NO] => 
)

 Array
(
    [PageCall time] => 14:47:54
    [P_TID] => INIMX_VBNKCAEcatca0720250526144351635555
    [P_MID] => CAEcatca07
    [P_AUTH_DT] => 20250526144754
    [P_STATUS] => 02
    [P_TYPE] => VBANK
    [P_OID] => 250526-022
    [P_FN_CD1] => 20
    [P_FN_CD2] => 
    [P_FN_NM] => 우리은행
    [P_AMT] => 3000
    [P_UNAME] => 유상화
    [P_RMESG1] => P_VACCT_NO=27490320518212|P_EXP_DT=20250605
    [P_RMESG2] => 
    [P_NOTI] => 
    [P_AUTH_NO] => 
)

 Array
(
    [PageCall time] => 15:08:33
    [P_TID] => INIMX_VBNKCAEcatca0720250526150600265528
    [P_MID] => CAEcatca07
    [P_AUTH_DT] => 20250526150833
    [P_STATUS] => 02
    [P_TYPE] => VBANK
    [P_OID] => 250526-023
    [P_FN_CD1] => 88
    [P_FN_CD2] => 
    [P_FN_NM] => 신한은행
    [P_AMT] => 3000
    [P_UNAME] => 이연주
    [P_RMESG1] => P_VACCT_NO=56211104100018|P_EXP_DT=20250605
    [P_RMESG2] => 
    [P_NOTI] => 
    [P_AUTH_NO] => 
)

 Array
(
    [PageCall time] => 15:11:57
    [P_TID] => INIMX_VBNKCAEcatca0720250526150919875986
    [P_MID] => CAEcatca07
    [P_AUTH_DT] => 20250526151157
    [P_STATUS] => 02
    [P_TYPE] => VBANK
    [P_OID] => 250526-024
    [P_FN_CD1] => 88
    [P_FN_CD2] => 
    [P_FN_NM] => 신한은행
    [P_AMT] => 3000
    [P_UNAME] => 유성민
    [P_RMESG1] => P_VACCT_NO=56211104100639|P_EXP_DT=20250605
    [P_RMESG2] => 
    [P_NOTI] => 
    [P_AUTH_NO] => 
)

 Array
(
    [PageCall time] => 15:32:05
    [P_TID] => INIMX_VBNKCAEcatca0720250526153128355746
    [P_MID] => CAEcatca07
    [P_AUTH_DT] => 20250526153205
    [P_STATUS] => 02
    [P_TYPE] => VBANK
    [P_OID] => 250526-025
    [P_FN_CD1] => 04
    [P_FN_CD2] => 
    [P_FN_NM] => KB국민은행
    [P_AMT] => 3000
    [P_UNAME] => 김동주
    [P_RMESG1] => P_VACCT_NO=60539014260443|P_EXP_DT=20250605
    [P_RMESG2] => 
    [P_NOTI] => 
    [P_AUTH_NO] => 
)

 Array
(
    [PageCall time] => 15:33:45
    [P_TID] => INIMX_VBNKCAEcatca0720250526152827605387
    [P_MID] => CAEcatca07
    [P_AUTH_DT] => 20250526153345
    [P_STATUS] => 02
    [P_TYPE] => VBANK
    [P_OID] => 250525-001
    [P_FN_CD1] => 88
    [P_FN_CD2] => 
    [P_FN_NM] => 신한은행
    [P_AMT] => 3000
    [P_UNAME] => 김영희
    [P_RMESG1] => P_VACCT_NO=56211104102921|P_EXP_DT=20250605
    [P_RMESG2] => 
    [P_NOTI] => 
    [P_AUTH_NO] => 
)

 Array
(
    [PageCall time] => 15:52:00
    [P_TID] => INIMX_VBNKCAEcatca0720250526154915865023
    [P_MID] => CAEcatca07
    [P_AUTH_DT] => 20250526155200
    [P_STATUS] => 02
    [P_TYPE] => VBANK
    [P_OID] => 250526-027
    [P_FN_CD1] => 89
    [P_FN_CD2] => 
    [P_FN_NM] => 케이뱅크
    [P_AMT] => 3000
    [P_UNAME] => 안지은
    [P_RMESG1] => P_VACCT_NO=70112003612993|P_EXP_DT=20250605
    [P_RMESG2] => 
    [P_NOTI] => 
    [P_AUTH_NO] => 
)

 Array
(
    [PageCall time] => 16:01:15
    [P_TID] => INIMX_VBNKCAEcatca0720250526160033155839
    [P_MID] => CAEcatca07
    [P_AUTH_DT] => 20250526160115
    [P_STATUS] => 02
    [P_TYPE] => VBANK
    [P_OID] => 250526-026
    [P_FN_CD1] => 04
    [P_FN_CD2] => 
    [P_FN_NM] => KB국민은행
    [P_AMT] => 3000
    [P_UNAME] => 정수지
    [P_RMESG1] => P_VACCT_NO=60539014266416|P_EXP_DT=20250605
    [P_RMESG2] => 
    [P_NOTI] => 
    [P_AUTH_NO] => 
)

 Array
(
    [PageCall time] => 17:08:42
    [P_TID] => INIMX_VBNKCAEcatca0720250526161514545012
    [P_MID] => CAEcatca07
    [P_AUTH_DT] => 20250526170841
    [P_STATUS] => 02
    [P_TYPE] => VBANK
    [P_OID] => 250526-028
    [P_FN_CD1] => 88
    [P_FN_CD2] => 
    [P_FN_NM] => 신한은행
    [P_AMT] => 3000
    [P_UNAME] => 이민주
    [P_RMESG1] => P_VACCT_NO=56211104108491|P_EXP_DT=20250605
    [P_RMESG2] => 
    [P_NOTI] => 
    [P_AUTH_NO] => 
)

 Array
(
    [PageCall time] => 17:13:30
    [P_TID] => INIMX_VBNKCAEcatca0720250526171049075354
    [P_MID] => CAEcatca07
    [P_AUTH_DT] => 20250526171330
    [P_STATUS] => 02
    [P_TYPE] => VBANK
    [P_OID] => 250526-031
    [P_FN_CD1] => 03
    [P_FN_CD2] => 
    [P_FN_NM] => 기업은행
    [P_AMT] => 3000
    [P_UNAME] => 전경순
    [P_RMESG1] => P_VACCT_NO=07502406397498|P_EXP_DT=20250605
    [P_RMESG2] => 
    [P_NOTI] => 
    [P_AUTH_NO] => 
)

 Array
(
    [PageCall time] => 18:13:26
    [P_TID] => INIMX_VBNKCAEcatca0720250526180919825617
    [P_MID] => CAEcatca07
    [P_AUTH_DT] => 20250526181326
    [P_STATUS] => 02
    [P_TYPE] => VBANK
    [P_OID] => 250526-033
    [P_FN_CD1] => 88
    [P_FN_CD2] => 
    [P_FN_NM] => 신한은행
    [P_AMT] => 3000
    [P_UNAME] => 김경미
    [P_RMESG1] => P_VACCT_NO=56211104119357|P_EXP_DT=20250605
    [P_RMESG2] => 
    [P_NOTI] => 
    [P_AUTH_NO] => 
)

 Array
(
    [PageCall time] => 19:21:10
    [P_TID] => INIMX_VBNKCAEcatca0720250526135957765921
    [P_MID] => CAEcatca07
    [P_AUTH_DT] => 20250526192110
    [P_STATUS] => 02
    [P_TYPE] => VBANK
    [P_OID] => 250520-024
    [P_FN_CD1] => 20
    [P_FN_CD2] => 
    [P_FN_NM] => 우리은행
    [P_AMT] => 3000
    [P_UNAME] => 김희정
    [P_RMESG1] => P_VACCT_NO=27490315718851|P_EXP_DT=20250605
    [P_RMESG2] => 
    [P_NOTI] => 
    [P_AUTH_NO] => 
)

 Array
(
    [PageCall time] => 20:19:23
    [P_TID] => INIMX_VBNKCAEcatca0720250526201654925848
    [P_MID] => CAEcatca07
    [P_AUTH_DT] => 20250526201923
    [P_STATUS] => 02
    [P_TYPE] => VBANK
    [P_OID] => 250526-030
    [P_FN_CD1] => 31
    [P_FN_CD2] => 
    [P_FN_NM] => 아이엠뱅크(대구은행)
    [P_AMT] => 3000
    [P_UNAME] => 신윤아
    [P_RMESG1] => P_VACCT_NO=9600362962245|P_EXP_DT=20250605
    [P_RMESG2] => 
    [P_NOTI] => 
    [P_AUTH_NO] => 
)

 Array
(
    [PageCall time] => 21:23:42
    [P_TID] => INIMX_VBNKCAEcatca0720250526153046695109
    [P_MID] => CAEcatca07
    [P_AUTH_DT] => 20250526212342
    [P_STATUS] => 02
    [P_TYPE] => VBANK
    [P_OID] => 250526-019
    [P_FN_CD1] => 03
    [P_FN_CD2] => 
    [P_FN_NM] => 기업은행
    [P_AMT] => 3000
    [P_UNAME] => 김민정
    [P_RMESG1] => P_VACCT_NO=07502405197481|P_EXP_DT=20250605
    [P_RMESG2] => 
    [P_NOTI] => 
    [P_AUTH_NO] => 
)

 Array
(
    [PageCall time] => 21:39:46
    [P_TID] => INIMX_VBNKCAEcatca0720250526213838735812
    [P_MID] => CAEcatca07
    [P_AUTH_DT] => 20250526213946
    [P_STATUS] => 02
    [P_TYPE] => VBANK
    [P_OID] => 250526-029
    [P_FN_CD1] => 04
    [P_FN_CD2] => 
    [P_FN_NM] => KB국민은행
    [P_AMT] => 3000
    [P_UNAME] => 오경희
    [P_RMESG1] => P_VACCT_NO=60539014310012|P_EXP_DT=20250605
    [P_RMESG2] => 
    [P_NOTI] => 
    [P_AUTH_NO] => 
)

