 Array
(
    [PageCall time] => 10:21:23
    [P_TID] => INIMX_VBNKCAEcatca0720251127101903264465
    [P_MID] => CAEcatca07
    [P_AUTH_DT] => 20251127102123
    [P_STATUS] => 02
    [P_TYPE] => VBANK
    [P_OID] => 251127-002
    [P_FN_CD1] => 04
    [P_FN_CD2] => 
    [P_FN_NM] => KB국민은행
    [P_AMT] => 3000
    [P_UNAME] => 허란
    [P_RMESG1] => P_VACCT_NO=99289014321846|P_EXP_DT=20251207
    [P_RMESG2] => 
    [P_NOTI] => 
    [P_AUTH_NO] => 
)

 Array
(
    [PageCall time] => 10:29:43
    [P_TID] => INIMX_VBNKCAEcatca0720251127102502274743
    [P_MID] => CAEcatca07
    [P_AUTH_DT] => 20251127102943
    [P_STATUS] => 02
    [P_TYPE] => VBANK
    [P_OID] => 251127-004
    [P_FN_CD1] => 88
    [P_FN_CD2] => 
    [P_FN_NM] => 신한은행
    [P_AMT] => 3000
    [P_UNAME] => 이영실
    [P_RMESG1] => P_VACCT_NO=56211123344010|P_EXP_DT=20251207
    [P_RMESG2] => 
    [P_NOTI] => 
    [P_AUTH_NO] => 
)

 Array
(
    [PageCall time] => 10:50:21
    [P_TID] => INIMX_VBNKCAEcatca0720251127104614104410
    [P_MID] => CAEcatca07
    [P_AUTH_DT] => 20251127105021
    [P_STATUS] => 02
    [P_TYPE] => VBANK
    [P_OID] => 251127-006
    [P_FN_CD1] => 20
    [P_FN_CD2] => 
    [P_FN_NM] => 우리은행
    [P_AMT] => 3000
    [P_UNAME] => 홍원표
    [P_RMESG1] => P_VACCT_NO=27204123018739|P_EXP_DT=20251207
    [P_RMESG2] => 
    [P_NOTI] => 
    [P_AUTH_NO] => 
)

 Array
(
    [PageCall time] => 11:25:57
    [P_TID] => INIMX_VBNKCAEcatca0720251125155255514858
    [P_MID] => CAEcatca07
    [P_AUTH_DT] => 20251127112557
    [P_STATUS] => 02
    [P_TYPE] => VBANK
    [P_OID] => 251125-023
    [P_FN_CD1] => 20
    [P_FN_CD2] => 
    [P_FN_NM] => 우리은행
    [P_AMT] => 3000
    [P_UNAME] => 그린데이케어센터
    [P_RMESG1] => P_VACCT_NO=27203586118571|P_EXP_DT=20251205
    [P_RMESG2] => 
    [P_NOTI] => 
    [P_AUTH_NO] => 
)

 Array
(
    [PageCall time] => 11:29:42
    [P_TID] => INIMX_VBNKCAEcatca0720251127112637184864
    [P_MID] => CAEcatca07
    [P_AUTH_DT] => 20251127112942
    [P_STATUS] => 02
    [P_TYPE] => VBANK
    [P_OID] => 251127-009
    [P_FN_CD1] => 20
    [P_FN_CD2] => 
    [P_FN_NM] => 우리은행
    [P_AMT] => 3000
    [P_UNAME] => 신민정
    [P_RMESG1] => P_VACCT_NO=27204136018569|P_EXP_DT=20251207
    [P_RMESG2] => 
    [P_NOTI] => 
    [P_AUTH_NO] => 
)

 Array
(
    [PageCall time] => 11:43:31
    [P_TID] => INIMX_VBNKCAEcatca0720251127113923634687
    [P_MID] => CAEcatca07
    [P_AUTH_DT] => 20251127114331
    [P_STATUS] => 02
    [P_TYPE] => VBANK
    [P_OID] => 251127-010
    [P_FN_CD1] => 03
    [P_FN_CD2] => 
    [P_FN_NM] => 기업은행
    [P_AMT] => 3000
    [P_UNAME] => 유경숙
    [P_RMESG1] => P_VACCT_NO=07500524097791|P_EXP_DT=20251207
    [P_RMESG2] => 
    [P_NOTI] => 
    [P_AUTH_NO] => 
)

 Array
(
    [PageCall time] => 12:31:18
    [P_TID] => INIMX_VBNKCAEcatca0720251127122832254390
    [P_MID] => CAEcatca07
    [P_AUTH_DT] => 20251127123118
    [P_STATUS] => 02
    [P_TYPE] => VBANK
    [P_OID] => 251127-008
    [P_FN_CD1] => 20
    [P_FN_CD2] => 
    [P_FN_NM] => 우리은행
    [P_AMT] => 3000
    [P_UNAME] => 박연숙
    [P_RMESG1] => P_VACCT_NO=27204140818746|P_EXP_DT=20251207
    [P_RMESG2] => 
    [P_NOTI] => 
    [P_AUTH_NO] => 
)

 Array
(
    [PageCall time] => 13:39:45
    [P_TID] => INIMX_VBNKCAEcatca0720251127133556954649
    [P_MID] => CAEcatca07
    [P_AUTH_DT] => 20251127133945
    [P_STATUS] => 02
    [P_TYPE] => VBANK
    [P_OID] => 251127-013
    [P_FN_CD1] => 04
    [P_FN_CD2] => 
    [P_FN_NM] => KB국민은행
    [P_AMT] => 3000
    [P_UNAME] => 박금이
    [P_RMESG1] => P_VACCT_NO=99289014376750|P_EXP_DT=20251207
    [P_RMESG2] => 
    [P_NOTI] => 
    [P_AUTH_NO] => 
)

 Array
(
    [PageCall time] => 14:29:24
    [P_TID] => INIMX_VBNKCAEcatca0720251127142840494003
    [P_MID] => CAEcatca07
    [P_AUTH_DT] => 20251127142923
    [P_STATUS] => 02
    [P_TYPE] => VBANK
    [P_OID] => 251127-017
    [P_FN_CD1] => 11
    [P_FN_CD2] => 
    [P_FN_NM] => NH농협은행
    [P_AMT] => 3000
    [P_UNAME] => 윤재정
    [P_RMESG1] => P_VACCT_NO=79006421561390|P_EXP_DT=20251207
    [P_RMESG2] => 
    [P_NOTI] => 
    [P_AUTH_NO] => 
)

 Array
(
    [PageCall time] => 14:35:09
    [P_TID] => INIMX_VBNKCAEcatca0720251127143233585832
    [P_MID] => CAEcatca07
    [P_AUTH_DT] => 20251127143509
    [P_STATUS] => 02
    [P_TYPE] => VBANK
    [P_OID] => 251127-018
    [P_FN_CD1] => 20
    [P_FN_CD2] => 
    [P_FN_NM] => 우리은행
    [P_AMT] => 3000
    [P_UNAME] => 김대원
    [P_RMESG1] => P_VACCT_NO=27204976118249|P_EXP_DT=20251207
    [P_RMESG2] => 
    [P_NOTI] => 
    [P_AUTH_NO] => 
)

 Array
(
    [PageCall time] => 14:52:27
    [P_TID] => INIMX_VBNKCAEcatca0720251127144823914188
    [P_MID] => CAEcatca07
    [P_AUTH_DT] => 20251127145227
    [P_STATUS] => 02
    [P_TYPE] => VBANK
    [P_OID] => 251127-020
    [P_FN_CD1] => 04
    [P_FN_CD2] => 
    [P_FN_NM] => KB국민은행
    [P_AMT] => 3000
    [P_UNAME] => 정현자
    [P_RMESG1] => P_VACCT_NO=99289014395928|P_EXP_DT=20251207
    [P_RMESG2] => 
    [P_NOTI] => 
    [P_AUTH_NO] => 
)

 Array
(
    [PageCall time] => 15:10:46
    [P_TID] => INIMX_VBNKCAEcatca0720251127150536924845
    [P_MID] => CAEcatca07
    [P_AUTH_DT] => 20251127151045
    [P_STATUS] => 02
    [P_TYPE] => VBANK
    [P_OID] => 251125-007
    [P_FN_CD1] => 04
    [P_FN_CD2] => 
    [P_FN_NM] => KB국민은행
    [P_AMT] => 3000
    [P_UNAME] => 전창범
    [P_RMESG1] => P_VACCT_NO=99289014398073|P_EXP_DT=20251207
    [P_RMESG2] => 
    [P_NOTI] => 
    [P_AUTH_NO] => 
)

 Array
(
    [PageCall time] => 15:46:03
    [P_TID] => INIMX_VBNKCAEcatca0720251127154337994381
    [P_MID] => CAEcatca07
    [P_AUTH_DT] => 20251127154603
    [P_STATUS] => 02
    [P_TYPE] => VBANK
    [P_OID] => 251127-025
    [P_FN_CD1] => 20
    [P_FN_CD2] => 
    [P_FN_NM] => 우리은행
    [P_AMT] => 3000
    [P_UNAME] => 박현지
    [P_RMESG1] => P_VACCT_NO=27204276118571|P_EXP_DT=20251207
    [P_RMESG2] => 
    [P_NOTI] => 
    [P_AUTH_NO] => 
)

 Array
(
    [PageCall time] => 15:46:18
    [P_TID] => INIMX_VBNKCAEcatca0720251127154237604869
    [P_MID] => CAEcatca07
    [P_AUTH_DT] => 20251127154618
    [P_STATUS] => 02
    [P_TYPE] => VBANK
    [P_OID] => 251127-022
    [P_FN_CD1] => 04
    [P_FN_CD2] => 
    [P_FN_NM] => KB국민은행
    [P_AMT] => 3000
    [P_UNAME] => 김영미
    [P_RMESG1] => P_VACCT_NO=99289014403418|P_EXP_DT=20251207
    [P_RMESG2] => 
    [P_NOTI] => 
    [P_AUTH_NO] => 
)

 Array
(
    [PageCall time] => 16:47:02
    [P_TID] => INIMX_VBNKCAEcatca0720251127164420185459
    [P_MID] => CAEcatca07
    [P_AUTH_DT] => 20251127164702
    [P_STATUS] => 02
    [P_TYPE] => VBANK
    [P_OID] => 251127-027
    [P_FN_CD1] => 03
    [P_FN_CD2] => 
    [P_FN_NM] => 기업은행
    [P_AMT] => 3000
    [P_UNAME] => 서병도
    [P_RMESG1] => P_VACCT_NO=07504259497442|P_EXP_DT=20251207
    [P_RMESG2] => 
    [P_NOTI] => 
    [P_AUTH_NO] => 
)

 Array
(
    [PageCall time] => 16:58:45
    [P_TID] => INIMX_VBNKCAEcatca0720251127164948105848
    [P_MID] => CAEcatca07
    [P_AUTH_DT] => 20251127165845
    [P_STATUS] => 02
    [P_TYPE] => VBANK
    [P_OID] => 251127-021
    [P_FN_CD1] => 04
    [P_FN_CD2] => 
    [P_FN_NM] => KB국민은행
    [P_AMT] => 3000
    [P_UNAME] => 김예림
    [P_RMESG1] => P_VACCT_NO=26159078260625|P_EXP_DT=20251207
    [P_RMESG2] => 
    [P_NOTI] => 
    [P_AUTH_NO] => 
)

 Array
(
    [PageCall time] => 17:17:16
    [P_TID] => INIMX_VBNKCAEcatca0720251127171231735122
    [P_MID] => CAEcatca07
    [P_AUTH_DT] => 20251127171716
    [P_STATUS] => 02
    [P_TYPE] => VBANK
    [P_OID] => 251127-028
    [P_FN_CD1] => 20
    [P_FN_CD2] => 
    [P_FN_NM] => 우리은행
    [P_AMT] => 3000
    [P_UNAME] => 주황연
    [P_RMESG1] => P_VACCT_NO=27204986818965|P_EXP_DT=20251207
    [P_RMESG2] => 
    [P_NOTI] => 
    [P_AUTH_NO] => 
)

 Array
(
    [PageCall time] => 19:22:30
    [P_TID] => INIMX_VBNKCAEcatca0720251127191942795502
    [P_MID] => CAEcatca07
    [P_AUTH_DT] => 20251127192230
    [P_STATUS] => 02
    [P_TYPE] => VBANK
    [P_OID] => 251127-030
    [P_FN_CD1] => 04
    [P_FN_CD2] => 
    [P_FN_NM] => KB국민은행
    [P_AMT] => 3000
    [P_UNAME] => 윤종일
    [P_RMESG1] => P_VACCT_NO=42379011733504|P_EXP_DT=20251207
    [P_RMESG2] => 
    [P_NOTI] => 
    [P_AUTH_NO] => 
)

 Array
(
    [PageCall time] => 20:32:24
    [P_TID] => INIMX_VBNKCAEcatca0720251127202908375544
    [P_MID] => CAEcatca07
    [P_AUTH_DT] => 20251127203224
    [P_STATUS] => 02
    [P_TYPE] => VBANK
    [P_OID] => 251127-031
    [P_FN_CD1] => 81
    [P_FN_CD2] => 
    [P_FN_NM] => 하나은행
    [P_AMT] => 3000
    [P_UNAME] => 박현미
    [P_RMESG1] => P_VACCT_NO=20894067436037|P_EXP_DT=20251207
    [P_RMESG2] => 
    [P_NOTI] => 
    [P_AUTH_NO] => 
)

 Array
(
    [PageCall time] => 21:56:58
    [P_TID] => INIMX_VBNKCAEcatca0720251127215407505792
    [P_MID] => CAEcatca07
    [P_AUTH_DT] => 20251127215658
    [P_STATUS] => 02
    [P_TYPE] => VBANK
    [P_OID] => 251127-034
    [P_FN_CD1] => 88
    [P_FN_CD2] => 
    [P_FN_NM] => 신한은행
    [P_AMT] => 3000
    [P_UNAME] => 이영란
    [P_RMESG1] => P_VACCT_NO=56211106449049|P_EXP_DT=20251207
    [P_RMESG2] => 
    [P_NOTI] => 
    [P_AUTH_NO] => 
)

 Array
(
    [PageCall time] => 22:05:26
    [P_TID] => INIMX_VBNKCAEcatca0720251127220031475287
    [P_MID] => CAEcatca07
    [P_AUTH_DT] => 20251127220526
    [P_STATUS] => 02
    [P_TYPE] => VBANK
    [P_OID] => 251127-033
    [P_FN_CD1] => 11
    [P_FN_CD2] => 
    [P_FN_NM] => NH농협은행
    [P_AMT] => 3000
    [P_UNAME] => 계종화
    [P_RMESG1] => P_VACCT_NO=79015903840861|P_EXP_DT=20251207
    [P_RMESG2] => 
    [P_NOTI] => 
    [P_AUTH_NO] => 
)

 Array
(
    [PageCall time] => 23:18:11
    [P_TID] => INIMX_VBNKCAEcatca0720251127231507445477
    [P_MID] => CAEcatca07
    [P_AUTH_DT] => 20251127231811
    [P_STATUS] => 02
    [P_TYPE] => VBANK
    [P_OID] => 251127-035
    [P_FN_CD1] => 04
    [P_FN_CD2] => 
    [P_FN_NM] => KB국민은행
    [P_AMT] => 3000
    [P_UNAME] => 황남규
    [P_RMESG1] => P_VACCT_NO=44319079058434|P_EXP_DT=20251207
    [P_RMESG2] => 
    [P_NOTI] => 
    [P_AUTH_NO] => 
)

