 Array
(
    [PageCall time] => 10:20:04
    [P_TID] => INIMX_VBNKCAEcatca0720251121101632225337
    [P_MID] => CAEcatca07
    [P_AUTH_DT] => 20251121102004
    [P_STATUS] => 02
    [P_TYPE] => VBANK
    [P_OID] => 251121-001
    [P_FN_CD1] => 04
    [P_FN_CD2] => 
    [P_FN_NM] => KB국민은행
    [P_AMT] => 3000
    [P_UNAME] => 정진옥
    [P_RMESG1] => P_VACCT_NO=26119078767715|P_EXP_DT=20251201
    [P_RMESG2] => 
    [P_NOTI] => 
    [P_AUTH_NO] => 
)

 Array
(
    [PageCall time] => 10:27:28
    [P_TID] => INIMX_VBNKCAEcatca0720251121102441285651
    [P_MID] => CAEcatca07
    [P_AUTH_DT] => 20251121102728
    [P_STATUS] => 02
    [P_TYPE] => VBANK
    [P_OID] => 251121-002
    [P_FN_CD1] => 03
    [P_FN_CD2] => 
    [P_FN_NM] => 기업은행
    [P_AMT] => 3000
    [P_UNAME] => 허미영
    [P_RMESG1] => P_VACCT_NO=07502328197328|P_EXP_DT=20251201
    [P_RMESG2] => 
    [P_NOTI] => 
    [P_AUTH_NO] => 
)

 Array
(
    [PageCall time] => 11:20:46
    [P_TID] => INIMX_VBNKCAEcatca0720251121111634435968
    [P_MID] => CAEcatca07
    [P_AUTH_DT] => 20251121112046
    [P_STATUS] => 02
    [P_TYPE] => VBANK
    [P_OID] => 251121-004
    [P_FN_CD1] => 03
    [P_FN_CD2] => 
    [P_FN_NM] => 기업은행
    [P_AMT] => 3000
    [P_UNAME] => 이재식
    [P_RMESG1] => P_VACCT_NO=07502328997512|P_EXP_DT=20251201
    [P_RMESG2] => 
    [P_NOTI] => 
    [P_AUTH_NO] => 
)

 Array
(
    [PageCall time] => 11:48:23
    [P_TID] => INIMX_VBNKCAEcatca0720251121114512715119
    [P_MID] => CAEcatca07
    [P_AUTH_DT] => 20251121114823
    [P_STATUS] => 02
    [P_TYPE] => VBANK
    [P_OID] => 251121-005
    [P_FN_CD1] => 03
    [P_FN_CD2] => 
    [P_FN_NM] => 기업은행
    [P_AMT] => 3000
    [P_UNAME] => 김성진
    [P_RMESG1] => P_VACCT_NO=07502329297413|P_EXP_DT=20251201
    [P_RMESG2] => 
    [P_NOTI] => 
    [P_AUTH_NO] => 
)

 Array
(
    [PageCall time] => 11:57:01
    [P_TID] => INIMX_VBNKCAEcatca0720251121115309815371
    [P_MID] => CAEcatca07
    [P_AUTH_DT] => 20251121115700
    [P_STATUS] => 02
    [P_TYPE] => VBANK
    [P_OID] => 251121-006
    [P_FN_CD1] => 04
    [P_FN_CD2] => 
    [P_FN_NM] => KB국민은행
    [P_AMT] => 3000
    [P_UNAME] => 이현정
    [P_RMESG1] => P_VACCT_NO=39319011120221|P_EXP_DT=20251201
    [P_RMESG2] => 
    [P_NOTI] => 
    [P_AUTH_NO] => 
)

 Array
(
    [PageCall time] => 13:01:23
    [P_TID] => INIMX_VBNKCAEcatca0720251121125726365042
    [P_MID] => CAEcatca07
    [P_AUTH_DT] => 20251121130123
    [P_STATUS] => 02
    [P_TYPE] => VBANK
    [P_OID] => 251116-005
    [P_FN_CD1] => 20
    [P_FN_CD2] => 
    [P_FN_NM] => 우리은행
    [P_AMT] => 3000
    [P_UNAME] => 백신자
    [P_RMESG1] => P_VACCT_NO=27204589918041|P_EXP_DT=20251201
    [P_RMESG2] => 
    [P_NOTI] => 
    [P_AUTH_NO] => 
)

 Array
(
    [PageCall time] => 13:58:28
    [P_TID] => INIMX_VBNKCAEcatca0720251121135506994909
    [P_MID] => CAEcatca07
    [P_AUTH_DT] => 20251121135828
    [P_STATUS] => 02
    [P_TYPE] => VBANK
    [P_OID] => 251114-031
    [P_FN_CD1] => 81
    [P_FN_CD2] => 
    [P_FN_NM] => 하나은행
    [P_AMT] => 3000
    [P_UNAME] => 조은아
    [P_RMESG1] => P_VACCT_NO=20894158023537|P_EXP_DT=20251201
    [P_RMESG2] => 
    [P_NOTI] => 
    [P_AUTH_NO] => 
)

 Array
(
    [PageCall time] => 14:05:17
    [P_TID] => INIMX_VBNKCAEcatca0720251121140216624813
    [P_MID] => CAEcatca07
    [P_AUTH_DT] => 20251121140517
    [P_STATUS] => 02
    [P_TYPE] => VBANK
    [P_OID] => 251121-009
    [P_FN_CD1] => 20
    [P_FN_CD2] => 
    [P_FN_NM] => 우리은행
    [P_AMT] => 3000
    [P_UNAME] => 곽동화
    [P_RMESG1] => P_VACCT_NO=27202556518410|P_EXP_DT=20251201
    [P_RMESG2] => 
    [P_NOTI] => 
    [P_AUTH_NO] => 
)

 Array
(
    [PageCall time] => 15:20:30
    [P_TID] => INIMX_VBNKCAEcatca0720251121151752394241
    [P_MID] => CAEcatca07
    [P_AUTH_DT] => 20251121152030
    [P_STATUS] => 02
    [P_TYPE] => VBANK
    [P_OID] => 251121-011
    [P_FN_CD1] => 89
    [P_FN_CD2] => 
    [P_FN_NM] => 케이뱅크
    [P_AMT] => 3000
    [P_UNAME] => 김예은
    [P_RMESG1] => P_VACCT_NO=70112000037770|P_EXP_DT=20251201
    [P_RMESG2] => 
    [P_NOTI] => 
    [P_AUTH_NO] => 
)

 Array
(
    [PageCall time] => 15:33:42
    [P_TID] => INIMX_VBNKCAEcatca0720251121153053604848
    [P_MID] => CAEcatca07
    [P_AUTH_DT] => 20251121153342
    [P_STATUS] => 02
    [P_TYPE] => VBANK
    [P_OID] => 251121-012
    [P_FN_CD1] => 89
    [P_FN_CD2] => 
    [P_FN_NM] => 케이뱅크
    [P_AMT] => 3000
    [P_UNAME] => 박성재
    [P_RMESG1] => P_VACCT_NO=70112000037975|P_EXP_DT=20251201
    [P_RMESG2] => 
    [P_NOTI] => 
    [P_AUTH_NO] => 
)

 Array
(
    [PageCall time] => 15:38:23
    [P_TID] => INIMX_VBNKCAEcatca0720251121153532944466
    [P_MID] => CAEcatca07
    [P_AUTH_DT] => 20251121153823
    [P_STATUS] => 02
    [P_TYPE] => VBANK
    [P_OID] => 251121-013
    [P_FN_CD1] => 03
    [P_FN_CD2] => 
    [P_FN_NM] => 기업은행
    [P_AMT] => 3000
    [P_UNAME] => 최미선
    [P_RMESG1] => P_VACCT_NO=07500512497988|P_EXP_DT=20251201
    [P_RMESG2] => 
    [P_NOTI] => 
    [P_AUTH_NO] => 
)

 Array
(
    [PageCall time] => 15:54:14
    [P_TID] => INIMX_VBNKCAEcatca0720251121155032144934
    [P_MID] => CAEcatca07
    [P_AUTH_DT] => 20251121155414
    [P_STATUS] => 02
    [P_TYPE] => VBANK
    [P_OID] => 251121-014
    [P_FN_CD1] => 03
    [P_FN_CD2] => 
    [P_FN_NM] => 기업은행
    [P_AMT] => 3000
    [P_UNAME] => 김선미
    [P_RMESG1] => P_VACCT_NO=07500512597701|P_EXP_DT=20251201
    [P_RMESG2] => 
    [P_NOTI] => 
    [P_AUTH_NO] => 
)

 Array
(
    [PageCall time] => 16:00:46
    [P_TID] => INIMX_VBNKCAEcatca0720251121155803924951
    [P_MID] => CAEcatca07
    [P_AUTH_DT] => 20251121160046
    [P_STATUS] => 02
    [P_TYPE] => VBANK
    [P_OID] => 251121-015
    [P_FN_CD1] => 20
    [P_FN_CD2] => 
    [P_FN_NM] => 우리은행
    [P_AMT] => 3000
    [P_UNAME] => 박성훈
    [P_RMESG1] => P_VACCT_NO=27202595418725|P_EXP_DT=20251201
    [P_RMESG2] => 
    [P_NOTI] => 
    [P_AUTH_NO] => 
)

 Array
(
    [PageCall time] => 16:10:35
    [P_TID] => INIMX_VBNKCAEcatca0720251121160740184666
    [P_MID] => CAEcatca07
    [P_AUTH_DT] => 20251121161034
    [P_STATUS] => 02
    [P_TYPE] => VBANK
    [P_OID] => 251121-016
    [P_FN_CD1] => 81
    [P_FN_CD2] => 
    [P_FN_NM] => 하나은행
    [P_AMT] => 3000
    [P_UNAME] => 나승안
    [P_RMESG1] => P_VACCT_NO=20894159403737|P_EXP_DT=20251201
    [P_RMESG2] => 
    [P_NOTI] => 
    [P_AUTH_NO] => 
)

 Array
(
    [PageCall time] => 16:52:01
    [P_TID] => INIMX_VBNKCAEcatca0720251121164935524835
    [P_MID] => CAEcatca07
    [P_AUTH_DT] => 20251121165201
    [P_STATUS] => 02
    [P_TYPE] => VBANK
    [P_OID] => 251121-022
    [P_FN_CD1] => 20
    [P_FN_CD2] => 
    [P_FN_NM] => 우리은행
    [P_AMT] => 3000
    [P_UNAME] => 김율
    [P_RMESG1] => P_VACCT_NO=27202600018453|P_EXP_DT=20251201
    [P_RMESG2] => 
    [P_NOTI] => 
    [P_AUTH_NO] => 
)

 Array
(
    [PageCall time] => 17:21:17
    [P_TID] => INIMX_VBNKCAEcatca0720251121171841885190
    [P_MID] => CAEcatca07
    [P_AUTH_DT] => 20251121172117
    [P_STATUS] => 02
    [P_TYPE] => VBANK
    [P_OID] => 251121-023
    [P_FN_CD1] => 81
    [P_FN_CD2] => 
    [P_FN_NM] => 하나은행
    [P_AMT] => 3000
    [P_UNAME] => 이은혜
    [P_RMESG1] => P_VACCT_NO=20894049782337|P_EXP_DT=20251201
    [P_RMESG2] => 
    [P_NOTI] => 
    [P_AUTH_NO] => 
)

 Array
(
    [PageCall time] => 19:17:27
    [P_TID] => INIMX_VBNKCAEcatca0720251121191355995160
    [P_MID] => CAEcatca07
    [P_AUTH_DT] => 20251121191726
    [P_STATUS] => 02
    [P_TYPE] => VBANK
    [P_OID] => 251121-024
    [P_FN_CD1] => 04
    [P_FN_CD2] => 
    [P_FN_NM] => KB국민은행
    [P_AMT] => 3000
    [P_UNAME] => 김광종
    [P_RMESG1] => P_VACCT_NO=39319011774442|P_EXP_DT=20251201
    [P_RMESG2] => 
    [P_NOTI] => 
    [P_AUTH_NO] => 
)

 Array
(
    [PageCall time] => 20:29:54
    [P_TID] => INIMX_VBNKCAEcatca0720251121202854875285
    [P_MID] => CAEcatca07
    [P_AUTH_DT] => 20251121202954
    [P_STATUS] => 02
    [P_TYPE] => VBANK
    [P_OID] => 251121-027
    [P_FN_CD1] => 11
    [P_FN_CD2] => 
    [P_FN_NM] => NH농협은행
    [P_AMT] => 3000
    [P_UNAME] => 현재순
    [P_RMESG1] => P_VACCT_NO=79015903288129|P_EXP_DT=20251201
    [P_RMESG2] => 
    [P_NOTI] => 
    [P_AUTH_NO] => 
)

 Array
(
    [PageCall time] => 23:25:00
    [P_TID] => INIMX_VBNKCAEcatca0720251121232216275097
    [P_MID] => CAEcatca07
    [P_AUTH_DT] => 20251121232500
    [P_STATUS] => 02
    [P_TYPE] => VBANK
    [P_OID] => 251121-030
    [P_FN_CD1] => 88
    [P_FN_CD2] => 
    [P_FN_NM] => 신한은행
    [P_AMT] => 3000
    [P_UNAME] => 최슬기
    [P_RMESG1] => P_VACCT_NO=56211106207112|P_EXP_DT=20251201
    [P_RMESG2] => 
    [P_NOTI] => 
    [P_AUTH_NO] => 
)

