 Array
(
    [PageCall time] => 08:10:05
    [P_TID] => INIMX_VBNKCAEcatca0720250519080646465960
    [P_MID] => CAEcatca07
    [P_AUTH_DT] => 20250519081005
    [P_STATUS] => 02
    [P_TYPE] => VBANK
    [P_OID] => 250519-002
    [P_FN_CD1] => 03
    [P_FN_CD2] => 
    [P_FN_NM] => 기업은행
    [P_AMT] => 3000
    [P_UNAME] => 장한울
    [P_RMESG1] => P_VACCT_NO=07502357597040|P_EXP_DT=20250529
    [P_RMESG2] => 
    [P_NOTI] => 
    [P_AUTH_NO] => 
)

 Array
(
    [PageCall time] => 08:55:44
    [P_TID] => INIMX_VBNKCAEcatca0720250519085225925276
    [P_MID] => CAEcatca07
    [P_AUTH_DT] => 20250519085544
    [P_STATUS] => 02
    [P_TYPE] => VBANK
    [P_OID] => 250519-003
    [P_FN_CD1] => 20
    [P_FN_CD2] => 
    [P_FN_NM] => 우리은행
    [P_AMT] => 3000
    [P_UNAME] => 이기흥
    [P_RMESG1] => P_VACCT_NO=27489904718317|P_EXP_DT=20250529
    [P_RMESG2] => 
    [P_NOTI] => 
    [P_AUTH_NO] => 
)

 Array
(
    [PageCall time] => 09:54:31
    [P_TID] => INIMX_VBNKCAEcatca0720250519094529685472
    [P_MID] => CAEcatca07
    [P_AUTH_DT] => 20250519095431
    [P_STATUS] => 02
    [P_TYPE] => VBANK
    [P_OID] => 250519-004
    [P_FN_CD1] => 04
    [P_FN_CD2] => 
    [P_FN_NM] => KB국민은행
    [P_AMT] => 3000
    [P_UNAME] => 변지은
    [P_RMESG1] => P_VACCT_NO=26119078374667|P_EXP_DT=20250529
    [P_RMESG2] => 
    [P_NOTI] => 
    [P_AUTH_NO] => 
)

 Array
(
    [PageCall time] => 10:42:04
    [P_TID] => INIMX_VBNKCAEcatca0720250519103908975275
    [P_MID] => CAEcatca07
    [P_AUTH_DT] => 20250519104204
    [P_STATUS] => 02
    [P_TYPE] => VBANK
    [P_OID] => 250519-005
    [P_FN_CD1] => 88
    [P_FN_CD2] => 
    [P_FN_NM] => 신한은행
    [P_AMT] => 3000
    [P_UNAME] => 김진이
    [P_RMESG1] => P_VACCT_NO=56211103643572|P_EXP_DT=20250529
    [P_RMESG2] => 
    [P_NOTI] => 
    [P_AUTH_NO] => 
)

 Array
(
    [PageCall time] => 10:42:26
    [P_TID] => INIMX_VBNKCAEcatca0720250519103936485313
    [P_MID] => CAEcatca07
    [P_AUTH_DT] => 20250519104226
    [P_STATUS] => 02
    [P_TYPE] => VBANK
    [P_OID] => 250519-006
    [P_FN_CD1] => 88
    [P_FN_CD2] => 
    [P_FN_NM] => 신한은행
    [P_AMT] => 3000
    [P_UNAME] => 이인섭
    [P_RMESG1] => P_VACCT_NO=56211103643619|P_EXP_DT=20250529
    [P_RMESG2] => 
    [P_NOTI] => 
    [P_AUTH_NO] => 
)

 Array
(
    [PageCall time] => 10:48:15
    [P_TID] => INIMX_VBNKCAEcatca0720250519104536655282
    [P_MID] => CAEcatca07
    [P_AUTH_DT] => 20250519104814
    [P_STATUS] => 02
    [P_TYPE] => VBANK
    [P_OID] => 250519-007
    [P_FN_CD1] => 81
    [P_FN_CD2] => 
    [P_FN_NM] => 하나은행
    [P_AMT] => 3000
    [P_UNAME] => 박희성
    [P_RMESG1] => P_VACCT_NO=20893970255337|P_EXP_DT=20250529
    [P_RMESG2] => 
    [P_NOTI] => 
    [P_AUTH_NO] => 
)

 Array
(
    [PageCall time] => 11:31:24
    [P_TID] => INIMX_VBNKCAEcatca0720250519112817325592
    [P_MID] => CAEcatca07
    [P_AUTH_DT] => 20250519113124
    [P_STATUS] => 02
    [P_TYPE] => VBANK
    [P_OID] => 250519-011
    [P_FN_CD1] => 81
    [P_FN_CD2] => 
    [P_FN_NM] => 하나은행
    [P_AMT] => 3000
    [P_UNAME] => 이점자
    [P_RMESG1] => P_VACCT_NO=20893970479037|P_EXP_DT=20250529
    [P_RMESG2] => 
    [P_NOTI] => 
    [P_AUTH_NO] => 
)

 Array
(
    [PageCall time] => 11:50:27
    [P_TID] => INIMX_VBNKCAEcatca0720250519112153595630
    [P_MID] => CAEcatca07
    [P_AUTH_DT] => 20250519115027
    [P_STATUS] => 02
    [P_TYPE] => VBANK
    [P_OID] => 250519-008
    [P_FN_CD1] => 11
    [P_FN_CD2] => 
    [P_FN_NM] => NH농협은행
    [P_AMT] => 3000
    [P_UNAME] => 정미나
    [P_RMESG1] => P_VACCT_NO=79015905075022|P_EXP_DT=20250529
    [P_RMESG2] => 
    [P_NOTI] => 
    [P_AUTH_NO] => 
)

 Array
(
    [PageCall time] => 13:01:39
    [P_TID] => INIMX_VBNKCAEcatca0720250519130043815866
    [P_MID] => CAEcatca07
    [P_AUTH_DT] => 20250519130139
    [P_STATUS] => 02
    [P_TYPE] => VBANK
    [P_OID] => 250519-012
    [P_FN_CD1] => 04
    [P_FN_CD2] => 
    [P_FN_NM] => KB국민은행
    [P_AMT] => 3000
    [P_UNAME] => 김미경
    [P_RMESG1] => P_VACCT_NO=60519014797686|P_EXP_DT=20250529
    [P_RMESG2] => 
    [P_NOTI] => 
    [P_AUTH_NO] => 
)

 Array
(
    [PageCall time] => 13:32:44
    [P_TID] => INIMX_VBNKCAEcatca0720250519133019885912
    [P_MID] => CAEcatca07
    [P_AUTH_DT] => 20250519133244
    [P_STATUS] => 02
    [P_TYPE] => VBANK
    [P_OID] => 250519-014
    [P_FN_CD1] => 03
    [P_FN_CD2] => 
    [P_FN_NM] => 기업은행
    [P_AMT] => 3000
    [P_UNAME] => 강선우
    [P_RMESG1] => P_VACCT_NO=07502360897947|P_EXP_DT=20250529
    [P_RMESG2] => 
    [P_NOTI] => 
    [P_AUTH_NO] => 
)

 Array
(
    [PageCall time] => 13:33:13
    [P_TID] => INIMX_VBNKCAEcatca0720250519133005655127
    [P_MID] => CAEcatca07
    [P_AUTH_DT] => 20250519133313
    [P_STATUS] => 02
    [P_TYPE] => VBANK
    [P_OID] => 250519-013
    [P_FN_CD1] => 89
    [P_FN_CD2] => 
    [P_FN_NM] => 케이뱅크
    [P_AMT] => 3000
    [P_UNAME] => 조하늘
    [P_RMESG1] => P_VACCT_NO=70112003557971|P_EXP_DT=20250529
    [P_RMESG2] => 
    [P_NOTI] => 
    [P_AUTH_NO] => 
)

 Array
(
    [PageCall time] => 13:43:04
    [P_TID] => INIMX_VBNKCAEcatca0720250519133704555348
    [P_MID] => CAEcatca07
    [P_AUTH_DT] => 20250519134304
    [P_STATUS] => 02
    [P_TYPE] => VBANK
    [P_OID] => 250519-015
    [P_FN_CD1] => 03
    [P_FN_CD2] => 
    [P_FN_NM] => 기업은행
    [P_AMT] => 3000
    [P_UNAME] => 송영일
    [P_RMESG1] => P_VACCT_NO=07502360997673|P_EXP_DT=20250529
    [P_RMESG2] => 
    [P_NOTI] => 
    [P_AUTH_NO] => 
)

 Array
(
    [PageCall time] => 14:06:14
    [P_TID] => INIMX_VBNKCAEcatca0720250519140554335064
    [P_MID] => CAEcatca07
    [P_AUTH_DT] => 20250519140613
    [P_STATUS] => 02
    [P_TYPE] => VBANK
    [P_OID] => 250519-018
    [P_FN_CD1] => 11
    [P_FN_CD2] => 
    [P_FN_NM] => NH농협은행
    [P_AMT] => 3000
    [P_UNAME] => 이소윤
    [P_RMESG1] => P_VACCT_NO=79015905113965|P_EXP_DT=20250529
    [P_RMESG2] => 
    [P_NOTI] => 
    [P_AUTH_NO] => 
)

 Array
(
    [PageCall time] => 14:19:35
    [P_TID] => INIMX_VBNKCAEcatca0720250519141806175980
    [P_MID] => CAEcatca07
    [P_AUTH_DT] => 20250519141935
    [P_STATUS] => 02
    [P_TYPE] => VBANK
    [P_OID] => 250519-019
    [P_FN_CD1] => 11
    [P_FN_CD2] => 
    [P_FN_NM] => NH농협은행
    [P_AMT] => 3000
    [P_UNAME] => 김영철
    [P_RMESG1] => P_VACCT_NO=79015905119748|P_EXP_DT=20250529
    [P_RMESG2] => 
    [P_NOTI] => 
    [P_AUTH_NO] => 
)

 Array
(
    [PageCall time] => 14:47:17
    [P_TID] => INIMX_VBNKCAEcatca0720250519144607815180
    [P_MID] => CAEcatca07
    [P_AUTH_DT] => 20250519144717
    [P_STATUS] => 02
    [P_TYPE] => VBANK
    [P_OID] => 250519-020
    [P_FN_CD1] => 04
    [P_FN_CD2] => 
    [P_FN_NM] => KB국민은행
    [P_AMT] => 3000
    [P_UNAME] => 신안보육원
    [P_RMESG1] => P_VACCT_NO=60519014820049|P_EXP_DT=20250529
    [P_RMESG2] => 
    [P_NOTI] => 
    [P_AUTH_NO] => 
)

 Array
(
    [PageCall time] => 15:33:20
    [P_TID] => INIMX_VBNKCAEcatca0720250519153030925914
    [P_MID] => CAEcatca07
    [P_AUTH_DT] => 20250519153320
    [P_STATUS] => 02
    [P_TYPE] => VBANK
    [P_OID] => 250519-026
    [P_FN_CD1] => 20
    [P_FN_CD2] => 
    [P_FN_NM] => 우리은행
    [P_AMT] => 3000
    [P_UNAME] => 유종주
    [P_RMESG1] => P_VACCT_NO=27489935518685|P_EXP_DT=20250529
    [P_RMESG2] => 
    [P_NOTI] => 
    [P_AUTH_NO] => 
)

 Array
(
    [PageCall time] => 15:38:33
    [P_TID] => INIMX_VBNKCAEcatca0720250519153734665187
    [P_MID] => CAEcatca07
    [P_AUTH_DT] => 20250519153833
    [P_STATUS] => 02
    [P_TYPE] => VBANK
    [P_OID] => 250519-027
    [P_FN_CD1] => 11
    [P_FN_CD2] => 
    [P_FN_NM] => NH농협은행
    [P_AMT] => 3000
    [P_UNAME] => 양은영
    [P_RMESG1] => P_VACCT_NO=79015905137611|P_EXP_DT=20250529
    [P_RMESG2] => 
    [P_NOTI] => 
    [P_AUTH_NO] => 
)

 Array
(
    [PageCall time] => 16:27:25
    [P_TID] => INIMX_VBNKCAEcatca0720250519162317325248
    [P_MID] => CAEcatca07
    [P_AUTH_DT] => 20250519162725
    [P_STATUS] => 02
    [P_TYPE] => VBANK
    [P_OID] => 250519-029
    [P_FN_CD1] => 88
    [P_FN_CD2] => 
    [P_FN_NM] => 신한은행
    [P_AMT] => 3000
    [P_UNAME] => 문양현
    [P_RMESG1] => P_VACCT_NO=56211103685974|P_EXP_DT=20250529
    [P_RMESG2] => 
    [P_NOTI] => 
    [P_AUTH_NO] => 
)

 Array
(
    [PageCall time] => 16:38:56
    [P_TID] => INIMX_VBNKCAEcatca0720250519163749455048
    [P_MID] => CAEcatca07
    [P_AUTH_DT] => 20250519163856
    [P_STATUS] => 02
    [P_TYPE] => VBANK
    [P_OID] => 250519-031
    [P_FN_CD1] => 11
    [P_FN_CD2] => 
    [P_FN_NM] => NH농협은행
    [P_AMT] => 3000
    [P_UNAME] => 전정숙
    [P_RMESG1] => P_VACCT_NO=79015905153082|P_EXP_DT=20250529
    [P_RMESG2] => 
    [P_NOTI] => 
    [P_AUTH_NO] => 
)

 Array
(
    [PageCall time] => 16:39:02
    [P_TID] => INIMX_VBNKCAEcatca0720250519163745375192
    [P_MID] => CAEcatca07
    [P_AUTH_DT] => 20250519163902
    [P_STATUS] => 02
    [P_TYPE] => VBANK
    [P_OID] => 250519-032
    [P_FN_CD1] => 04
    [P_FN_CD2] => 
    [P_FN_NM] => KB국민은행
    [P_AMT] => 3000
    [P_UNAME] => 이광호
    [P_RMESG1] => P_VACCT_NO=60519014848393|P_EXP_DT=20250529
    [P_RMESG2] => 
    [P_NOTI] => 
    [P_AUTH_NO] => 
)

 Array
(
    [PageCall time] => 17:01:35
    [P_TID] => INIMX_VBNKCAEcatca0720250519165757795222
    [P_MID] => CAEcatca07
    [P_AUTH_DT] => 20250519170135
    [P_STATUS] => 02
    [P_TYPE] => VBANK
    [P_OID] => 250519-033
    [P_FN_CD1] => 20
    [P_FN_CD2] => 
    [P_FN_NM] => 우리은행
    [P_AMT] => 3000
    [P_UNAME] => 현연선
    [P_RMESG1] => P_VACCT_NO=27489943618558|P_EXP_DT=20250529
    [P_RMESG2] => 
    [P_NOTI] => 
    [P_AUTH_NO] => 
)

 Array
(
    [PageCall time] => 17:06:19
    [P_TID] => INIMX_VBNKCAEcatca0720250519170436815169
    [P_MID] => CAEcatca07
    [P_AUTH_DT] => 20250519170619
    [P_STATUS] => 02
    [P_TYPE] => VBANK
    [P_OID] => 250519-035
    [P_FN_CD1] => 11
    [P_FN_CD2] => 
    [P_FN_NM] => NH농협은행
    [P_AMT] => 3000
    [P_UNAME] => 김성
    [P_RMESG1] => P_VACCT_NO=79015905157921|P_EXP_DT=20250529
    [P_RMESG2] => 
    [P_NOTI] => 
    [P_AUTH_NO] => 
)

 Array
(
    [PageCall time] => 18:44:19
    [P_TID] => INIMX_VBNKCAEcatca0720250519184130435103
    [P_MID] => CAEcatca07
    [P_AUTH_DT] => 20250519184419
    [P_STATUS] => 02
    [P_TYPE] => VBANK
    [P_OID] => 250519-039
    [P_FN_CD1] => 88
    [P_FN_CD2] => 
    [P_FN_NM] => 신한은행
    [P_AMT] => 3000
    [P_UNAME] => 곽은희
    [P_RMESG1] => P_VACCT_NO=56211103700666|P_EXP_DT=20250529
    [P_RMESG2] => 
    [P_NOTI] => 
    [P_AUTH_NO] => 
)

 Array
(
    [PageCall time] => 19:44:41
    [P_TID] => INIMX_VBNKCAEcatca0720250519194142415266
    [P_MID] => CAEcatca07
    [P_AUTH_DT] => 20250519194441
    [P_STATUS] => 02
    [P_TYPE] => VBANK
    [P_OID] => 250519-040
    [P_FN_CD1] => 81
    [P_FN_CD2] => 
    [P_FN_NM] => 하나은행
    [P_AMT] => 3000
    [P_UNAME] => 김상훈
    [P_RMESG1] => P_VACCT_NO=20893973519537|P_EXP_DT=20250529
    [P_RMESG2] => 
    [P_NOTI] => 
    [P_AUTH_NO] => 
)

 Array
(
    [PageCall time] => 20:26:16
    [P_TID] => INIMX_VBNKCAEcatca0720250519202358775744
    [P_MID] => CAEcatca07
    [P_AUTH_DT] => 20250519202616
    [P_STATUS] => 02
    [P_TYPE] => VBANK
    [P_OID] => 250519-041
    [P_FN_CD1] => 11
    [P_FN_CD2] => 
    [P_FN_NM] => NH농협은행
    [P_AMT] => 3000
    [P_UNAME] => 김민기
    [P_RMESG1] => P_VACCT_NO=79015905190807|P_EXP_DT=20250529
    [P_RMESG2] => 
    [P_NOTI] => 
    [P_AUTH_NO] => 
)

 Array
(
    [PageCall time] => 20:33:14
    [P_TID] => INIMX_VBNKCAEcatca0720250519203016255986
    [P_MID] => CAEcatca07
    [P_AUTH_DT] => 20250519203314
    [P_STATUS] => 02
    [P_TYPE] => VBANK
    [P_OID] => 250519-042
    [P_FN_CD1] => 89
    [P_FN_CD2] => 
    [P_FN_NM] => 케이뱅크
    [P_AMT] => 3000
    [P_UNAME] => 최기철
    [P_RMESG1] => P_VACCT_NO=70112003562564|P_EXP_DT=20250529
    [P_RMESG2] => 
    [P_NOTI] => 
    [P_AUTH_NO] => 
)

 Array
(
    [PageCall time] => 20:58:43
    [P_TID] => INIMX_VBNKCAEcatca0720250519205613515224
    [P_MID] => CAEcatca07
    [P_AUTH_DT] => 20250519205843
    [P_STATUS] => 02
    [P_TYPE] => VBANK
    [P_OID] => 250519-043
    [P_FN_CD1] => 88
    [P_FN_CD2] => 
    [P_FN_NM] => 신한은행
    [P_AMT] => 3000
    [P_UNAME] => 한민욱
    [P_RMESG1] => P_VACCT_NO=56211103708653|P_EXP_DT=20250529
    [P_RMESG2] => 
    [P_NOTI] => 
    [P_AUTH_NO] => 
)

 Array
(
    [PageCall time] => 21:34:11
    [P_TID] => INIMX_VBNKCAEcatca0720250519213100705395
    [P_MID] => CAEcatca07
    [P_AUTH_DT] => 20250519213411
    [P_STATUS] => 02
    [P_TYPE] => VBANK
    [P_OID] => 250519-044
    [P_FN_CD1] => 03
    [P_FN_CD2] => 
    [P_FN_NM] => 기업은행
    [P_AMT] => 3000
    [P_UNAME] => 남상권
    [P_RMESG1] => P_VACCT_NO=07502364897290|P_EXP_DT=20250529
    [P_RMESG2] => 
    [P_NOTI] => 
    [P_AUTH_NO] => 
)

 Array
(
    [PageCall time] => 21:42:19
    [P_TID] => INIMX_VBNKCAEcatca0720250519213952685262
    [P_MID] => CAEcatca07
    [P_AUTH_DT] => 20250519214219
    [P_STATUS] => 02
    [P_TYPE] => VBANK
    [P_OID] => 250519-045
    [P_FN_CD1] => 11
    [P_FN_CD2] => 
    [P_FN_NM] => NH농협은행
    [P_AMT] => 3000
    [P_UNAME] => 오다혜
    [P_RMESG1] => P_VACCT_NO=79015905199355|P_EXP_DT=20250529
    [P_RMESG2] => 
    [P_NOTI] => 
    [P_AUTH_NO] => 
)

