 Array
(
    [PageCall time] => 08:09:00
    [P_TID] => INIMX_VBNKCAEcatca0720260411080600145644
    [P_MID] => CAEcatca07
    [P_AUTH_DT] => 20260411080900
    [P_STATUS] => 02
    [P_TYPE] => VBANK
    [P_OID] => 260411-001
    [P_FN_CD1] => 11
    [P_FN_CD2] => 
    [P_FN_NM] => NH농협은행
    [P_AMT] => 3500
    [P_UNAME] => 박준희
    [P_RMESG1] => P_VACCT_NO=79014506228714|P_EXP_DT=20260421
    [P_RMESG2] => 
    [P_NOTI] => 
    [P_AUTH_NO] => 
)

 Array
(
    [PageCall time] => 09:23:25
    [P_TID] => INIMX_VBNKCAEcatca0720260411091914215863
    [P_MID] => CAEcatca07
    [P_AUTH_DT] => 20260411092325
    [P_STATUS] => 02
    [P_TYPE] => VBANK
    [P_OID] => 260411-002
    [P_FN_CD1] => 04
    [P_FN_CD2] => 
    [P_FN_NM] => KB국민은행
    [P_AMT] => 3500
    [P_UNAME] => 강은정
    [P_RMESG1] => P_VACCT_NO=44289079115792|P_EXP_DT=20260421
    [P_RMESG2] => 
    [P_NOTI] => 
    [P_AUTH_NO] => 
)

 Array
(
    [PageCall time] => 09:33:11
    [P_TID] => INIMX_VBNKCAEcatca0720260411093006905819
    [P_MID] => CAEcatca07
    [P_AUTH_DT] => 20260411093311
    [P_STATUS] => 02
    [P_TYPE] => VBANK
    [P_OID] => 260409-029
    [P_FN_CD1] => 04
    [P_FN_CD2] => 
    [P_FN_NM] => KB국민은행
    [P_AMT] => 3500
    [P_UNAME] => 허재구
    [P_RMESG1] => P_VACCT_NO=44289079142307|P_EXP_DT=20260421
    [P_RMESG2] => 
    [P_NOTI] => 
    [P_AUTH_NO] => 
)

 Array
(
    [PageCall time] => 10:46:41
    [P_TID] => INIMX_VBNKCAEcatca0720260411104605725464
    [P_MID] => CAEcatca07
    [P_AUTH_DT] => 20260411104641
    [P_STATUS] => 02
    [P_TYPE] => VBANK
    [P_OID] => 260411-004
    [P_FN_CD1] => 11
    [P_FN_CD2] => 
    [P_FN_NM] => NH농협은행
    [P_AMT] => 3500
    [P_UNAME] => 홍채은
    [P_RMESG1] => P_VACCT_NO=79014506240234|P_EXP_DT=20260421
    [P_RMESG2] => 
    [P_NOTI] => 
    [P_AUTH_NO] => 
)

 Array
(
    [PageCall time] => 13:00:07
    [P_TID] => INIMX_VBNKCAEcatca0720260411125657575600
    [P_MID] => CAEcatca07
    [P_AUTH_DT] => 20260411130006
    [P_STATUS] => 02
    [P_TYPE] => VBANK
    [P_OID] => 260411-005
    [P_FN_CD1] => 04
    [P_FN_CD2] => 
    [P_FN_NM] => KB국민은행
    [P_AMT] => 3500
    [P_UNAME] => 정준영
    [P_RMESG1] => P_VACCT_NO=00289071411618|P_EXP_DT=20260421
    [P_RMESG2] => 
    [P_NOTI] => 
    [P_AUTH_NO] => 
)

 Array
(
    [PageCall time] => 13:12:49
    [P_TID] => INIMX_VBNKCAEcatca0720260411130934235819
    [P_MID] => CAEcatca07
    [P_AUTH_DT] => 20260411131249
    [P_STATUS] => 02
    [P_TYPE] => VBANK
    [P_OID] => 260411-006
    [P_FN_CD1] => 88
    [P_FN_CD2] => 
    [P_FN_NM] => 신한은행
    [P_AMT] => 3500
    [P_UNAME] => 이정순
    [P_RMESG1] => P_VACCT_NO=56211106999797|P_EXP_DT=20260421
    [P_RMESG2] => 
    [P_NOTI] => 
    [P_AUTH_NO] => 
)

 Array
(
    [PageCall time] => 14:05:31
    [P_TID] => INIMX_VBNKCAEcatca0720260411140240455059
    [P_MID] => CAEcatca07
    [P_AUTH_DT] => 20260411140531
    [P_STATUS] => 02
    [P_TYPE] => VBANK
    [P_OID] => 260411-007
    [P_FN_CD1] => 04
    [P_FN_CD2] => 
    [P_FN_NM] => KB국민은행
    [P_AMT] => 3500
    [P_UNAME] => 이정일
    [P_RMESG1] => P_VACCT_NO=96569078289740|P_EXP_DT=20260421
    [P_RMESG2] => 
    [P_NOTI] => 
    [P_AUTH_NO] => 
)

 Array
(
    [PageCall time] => 14:07:59
    [P_TID] => INIMX_VBNKCAEcatca0720260411140434135690
    [P_MID] => CAEcatca07
    [P_AUTH_DT] => 20260411140759
    [P_STATUS] => 02
    [P_TYPE] => VBANK
    [P_OID] => 260411-008
    [P_FN_CD1] => 88
    [P_FN_CD2] => 
    [P_FN_NM] => 신한은행
    [P_AMT] => 3500
    [P_UNAME] => 김예운
    [P_RMESG1] => P_VACCT_NO=56211990501784|P_EXP_DT=20260421
    [P_RMESG2] => 
    [P_NOTI] => 
    [P_AUTH_NO] => 
)

 Array
(
    [PageCall time] => 15:01:39
    [P_TID] => INIMX_VBNKCAEcatca0720260411145856115287
    [P_MID] => CAEcatca07
    [P_AUTH_DT] => 20260411150139
    [P_STATUS] => 02
    [P_TYPE] => VBANK
    [P_OID] => 260411-009
    [P_FN_CD1] => 88
    [P_FN_CD2] => 
    [P_FN_NM] => 신한은행
    [P_AMT] => 3500
    [P_UNAME] => 이형신
    [P_RMESG1] => P_VACCT_NO=56211990503667|P_EXP_DT=20260421
    [P_RMESG2] => 
    [P_NOTI] => 
    [P_AUTH_NO] => 
)

 Array
(
    [PageCall time] => 15:14:41
    [P_TID] => INIMX_VBNKCAEcatca0720260411150140615890
    [P_MID] => CAEcatca07
    [P_AUTH_DT] => 20260411151441
    [P_STATUS] => 02
    [P_TYPE] => VBANK
    [P_OID] => 260411-010
    [P_FN_CD1] => 04
    [P_FN_CD2] => 
    [P_FN_NM] => KB국민은행
    [P_AMT] => 3500
    [P_UNAME] => 정승일
    [P_RMESG1] => P_VACCT_NO=96569078293527|P_EXP_DT=20260421
    [P_RMESG2] => 
    [P_NOTI] => 
    [P_AUTH_NO] => 
)

 Array
(
    [PageCall time] => 17:31:23
    [P_TID] => INIMX_VBNKCAEcatca0720260411172902895251
    [P_MID] => CAEcatca07
    [P_AUTH_DT] => 20260411173123
    [P_STATUS] => 02
    [P_TYPE] => VBANK
    [P_OID] => 260411-011
    [P_FN_CD1] => 04
    [P_FN_CD2] => 
    [P_FN_NM] => KB국민은행
    [P_AMT] => 3500
    [P_UNAME] => 김건표
    [P_RMESG1] => P_VACCT_NO=96569078304795|P_EXP_DT=20260421
    [P_RMESG2] => 
    [P_NOTI] => 
    [P_AUTH_NO] => 
)

