 Array
(
    [PageCall time] => 00:43:11
    [P_TID] => INIMX_VBNKCAEcatca0720250711004229145973
    [P_MID] => CAEcatca07
    [P_AUTH_DT] => 20250711004311
    [P_STATUS] => 02
    [P_TYPE] => VBANK
    [P_OID] => 250711-002
    [P_FN_CD1] => 04
    [P_FN_CD2] => 
    [P_FN_NM] => KB국민은행
    [P_AMT] => 3000
    [P_UNAME] => 김성훈
    [P_RMESG1] => P_VACCT_NO=26159078245950|P_EXP_DT=20250721
    [P_RMESG2] => 
    [P_NOTI] => 
    [P_AUTH_NO] => 
)

 Array
(
    [PageCall time] => 07:12:29
    [P_TID] => INIMX_VBNKCAEcatca0720250711070930695969
    [P_MID] => CAEcatca07
    [P_AUTH_DT] => 20250711071229
    [P_STATUS] => 02
    [P_TYPE] => VBANK
    [P_OID] => 250711-003
    [P_FN_CD1] => 20
    [P_FN_CD2] => 
    [P_FN_NM] => 우리은행
    [P_AMT] => 3000
    [P_UNAME] => 장자윤
    [P_RMESG1] => P_VACCT_NO=61848360118438|P_EXP_DT=20250721
    [P_RMESG2] => 
    [P_NOTI] => 
    [P_AUTH_NO] => 
)

 Array
(
    [PageCall time] => 07:45:35
    [P_TID] => INIMX_VBNKCAEcatca0720250711074442745422
    [P_MID] => CAEcatca07
    [P_AUTH_DT] => 20250711074535
    [P_STATUS] => 02
    [P_TYPE] => VBANK
    [P_OID] => 250711-004
    [P_FN_CD1] => 11
    [P_FN_CD2] => 
    [P_FN_NM] => NH농협은행
    [P_AMT] => 3000
    [P_UNAME] => 이지
    [P_RMESG1] => P_VACCT_NO=79013683939904|P_EXP_DT=20250721
    [P_RMESG2] => 
    [P_NOTI] => 
    [P_AUTH_NO] => 
)

 Array
(
    [PageCall time] => 08:18:44
    [P_TID] => INIMX_VBNKCAEcatca0720250711081509385388
    [P_MID] => CAEcatca07
    [P_AUTH_DT] => 20250711081844
    [P_STATUS] => 02
    [P_TYPE] => VBANK
    [P_OID] => 250711-005
    [P_FN_CD1] => 20
    [P_FN_CD2] => 
    [P_FN_NM] => 우리은행
    [P_AMT] => 3000
    [P_UNAME] => 정현철
    [P_RMESG1] => P_VACCT_NO=61848361918727|P_EXP_DT=20250721
    [P_RMESG2] => 
    [P_NOTI] => 
    [P_AUTH_NO] => 
)

 Array
(
    [PageCall time] => 08:27:16
    [P_TID] => INIMX_VBNKCAEcatca0720250711082421385337
    [P_MID] => CAEcatca07
    [P_AUTH_DT] => 20250711082716
    [P_STATUS] => 02
    [P_TYPE] => VBANK
    [P_OID] => 250711-006
    [P_FN_CD1] => 88
    [P_FN_CD2] => 
    [P_FN_NM] => 신한은행
    [P_AMT] => 3000
    [P_UNAME] => 조은서ㆍ
    [P_RMESG1] => P_VACCT_NO=56211106423662|P_EXP_DT=20250721
    [P_RMESG2] => 
    [P_NOTI] => 
    [P_AUTH_NO] => 
)

 Array
(
    [PageCall time] => 08:53:05
    [P_TID] => INIMX_VBNKCAEcatca0720250711085159825216
    [P_MID] => CAEcatca07
    [P_AUTH_DT] => 20250711085305
    [P_STATUS] => 02
    [P_TYPE] => VBANK
    [P_OID] => 250711-007
    [P_FN_CD1] => 04
    [P_FN_CD2] => 
    [P_FN_NM] => KB국민은행
    [P_AMT] => 3000
    [P_UNAME] => 이춘화
    [P_RMESG1] => P_VACCT_NO=58129079463969|P_EXP_DT=20250721
    [P_RMESG2] => 
    [P_NOTI] => 
    [P_AUTH_NO] => 
)

 Array
(
    [PageCall time] => 09:33:33
    [P_TID] => INIMX_VBNKCAEcatca0720250711093053865187
    [P_MID] => CAEcatca07
    [P_AUTH_DT] => 20250711093333
    [P_STATUS] => 02
    [P_TYPE] => VBANK
    [P_OID] => 250711-008
    [P_FN_CD1] => 81
    [P_FN_CD2] => 
    [P_FN_NM] => 하나은행
    [P_AMT] => 3000
    [P_UNAME] => 김보경
    [P_RMESG1] => P_VACCT_NO=20893815505737|P_EXP_DT=20250721
    [P_RMESG2] => 
    [P_NOTI] => 
    [P_AUTH_NO] => 
)

 Array
(
    [PageCall time] => 09:45:27
    [P_TID] => INIMX_VBNKCAEcatca0720250711094434675847
    [P_MID] => CAEcatca07
    [P_AUTH_DT] => 20250711094527
    [P_STATUS] => 02
    [P_TYPE] => VBANK
    [P_OID] => 250711-009
    [P_FN_CD1] => 04
    [P_FN_CD2] => 
    [P_FN_NM] => KB국민은행
    [P_AMT] => 3000
    [P_UNAME] => 한지영
    [P_RMESG1] => P_VACCT_NO=26159078269590|P_EXP_DT=20250721
    [P_RMESG2] => 
    [P_NOTI] => 
    [P_AUTH_NO] => 
)

 Array
(
    [PageCall time] => 10:17:09
    [P_TID] => INIMX_VBNKCAEcatca0720250711101423925900
    [P_MID] => CAEcatca07
    [P_AUTH_DT] => 20250711101709
    [P_STATUS] => 02
    [P_TYPE] => VBANK
    [P_OID] => 250711-010
    [P_FN_CD1] => 88
    [P_FN_CD2] => 
    [P_FN_NM] => 신한은행
    [P_AMT] => 3000
    [P_UNAME] => 김진황
    [P_RMESG1] => P_VACCT_NO=56211106445885|P_EXP_DT=20250721
    [P_RMESG2] => 
    [P_NOTI] => 
    [P_AUTH_NO] => 
)

 Array
(
    [PageCall time] => 10:45:24
    [P_TID] => INIMX_VBNKCAEcatca0720250711104459504208
    [P_MID] => CAEcatca07
    [P_AUTH_DT] => 20250711104524
    [P_STATUS] => 02
    [P_TYPE] => VBANK
    [P_OID] => 250710-041
    [P_FN_CD1] => 04
    [P_FN_CD2] => 
    [P_FN_NM] => KB국민은행
    [P_AMT] => 3000
    [P_UNAME] => 김은채
    [P_RMESG1] => P_VACCT_NO=88429011400359|P_EXP_DT=20250721
    [P_RMESG2] => 
    [P_NOTI] => 
    [P_AUTH_NO] => 
)

 Array
(
    [PageCall time] => 10:50:17
    [P_TID] => INIMX_VBNKCAEcatca0720250711104656425426
    [P_MID] => CAEcatca07
    [P_AUTH_DT] => 20250711105017
    [P_STATUS] => 02
    [P_TYPE] => VBANK
    [P_OID] => 250711-012
    [P_FN_CD1] => 88
    [P_FN_CD2] => 
    [P_FN_NM] => 신한은행
    [P_AMT] => 3000
    [P_UNAME] => 오정애
    [P_RMESG1] => P_VACCT_NO=56211106448436|P_EXP_DT=20250721
    [P_RMESG2] => 
    [P_NOTI] => 
    [P_AUTH_NO] => 
)

 Array
(
    [PageCall time] => 11:20:24
    [P_TID] => INIMX_VBNKCAEcatca0720250711111757315631
    [P_MID] => CAEcatca07
    [P_AUTH_DT] => 20250711112024
    [P_STATUS] => 02
    [P_TYPE] => VBANK
    [P_OID] => 250711-014
    [P_FN_CD1] => 04
    [P_FN_CD2] => 
    [P_FN_NM] => KB국민은행
    [P_AMT] => 3000
    [P_UNAME] => 장기영
    [P_RMESG1] => P_VACCT_NO=26159078340826|P_EXP_DT=20250721
    [P_RMESG2] => 
    [P_NOTI] => 
    [P_AUTH_NO] => 
)

 Array
(
    [PageCall time] => 11:23:51
    [P_TID] => INIMX_VBNKCAEcatca0720250711112123595495
    [P_MID] => CAEcatca07
    [P_AUTH_DT] => 20250711112351
    [P_STATUS] => 02
    [P_TYPE] => VBANK
    [P_OID] => 250711-011
    [P_FN_CD1] => 04
    [P_FN_CD2] => 
    [P_FN_NM] => KB국민은행
    [P_AMT] => 3000
    [P_UNAME] => 최성호
    [P_RMESG1] => P_VACCT_NO=26159078341357|P_EXP_DT=20250721
    [P_RMESG2] => 
    [P_NOTI] => 
    [P_AUTH_NO] => 
)

 Array
(
    [PageCall time] => 11:27:24
    [P_TID] => INIMX_VBNKCAEcatca0720250711112628545133
    [P_MID] => CAEcatca07
    [P_AUTH_DT] => 20250711112724
    [P_STATUS] => 02
    [P_TYPE] => VBANK
    [P_OID] => 250711-017
    [P_FN_CD1] => 11
    [P_FN_CD2] => 
    [P_FN_NM] => NH농협은행
    [P_AMT] => 3000
    [P_UNAME] => 김법용
    [P_RMESG1] => P_VACCT_NO=79013683965941|P_EXP_DT=20250721
    [P_RMESG2] => 
    [P_NOTI] => 
    [P_AUTH_NO] => 
)

 Array
(
    [PageCall time] => 13:22:42
    [P_TID] => INIMX_VBNKCAEcatca0720250711131815984557
    [P_MID] => CAEcatca07
    [P_AUTH_DT] => 20250711132242
    [P_STATUS] => 02
    [P_TYPE] => VBANK
    [P_OID] => 250711-019
    [P_FN_CD1] => 03
    [P_FN_CD2] => 
    [P_FN_NM] => 기업은행
    [P_AMT] => 3000
    [P_UNAME] => 김인순
    [P_RMESG1] => P_VACCT_NO=07500271697285|P_EXP_DT=20250721
    [P_RMESG2] => 
    [P_NOTI] => 
    [P_AUTH_NO] => 
)

 Array
(
    [PageCall time] => 14:10:36
    [P_TID] => INIMX_VBNKCAEcatca0720250711140910745916
    [P_MID] => CAEcatca07
    [P_AUTH_DT] => 20250711141036
    [P_STATUS] => 02
    [P_TYPE] => VBANK
    [P_OID] => 250711-021
    [P_FN_CD1] => 11
    [P_FN_CD2] => 
    [P_FN_NM] => NH농협은행
    [P_AMT] => 3000
    [P_UNAME] => 이가영
    [P_RMESG1] => P_VACCT_NO=79013683981477|P_EXP_DT=20250721
    [P_RMESG2] => 
    [P_NOTI] => 
    [P_AUTH_NO] => 
)

 Array
(
    [PageCall time] => 15:16:31
    [P_TID] => INIMX_VBNKCAEcatca0720250711151333225156
    [P_MID] => CAEcatca07
    [P_AUTH_DT] => 20250711151631
    [P_STATUS] => 02
    [P_TYPE] => VBANK
    [P_OID] => 250711-023
    [P_FN_CD1] => 20
    [P_FN_CD2] => 
    [P_FN_NM] => 우리은행
    [P_AMT] => 3000
    [P_UNAME] => 한유수
    [P_RMESG1] => P_VACCT_NO=61848380318192|P_EXP_DT=20250721
    [P_RMESG2] => 
    [P_NOTI] => 
    [P_AUTH_NO] => 
)

 Array
(
    [PageCall time] => 15:25:23
    [P_TID] => INIMX_VBNKCAEcatca0720250711152358584226
    [P_MID] => CAEcatca07
    [P_AUTH_DT] => 20250711152523
    [P_STATUS] => 02
    [P_TYPE] => VBANK
    [P_OID] => 250711-025
    [P_FN_CD1] => 11
    [P_FN_CD2] => 
    [P_FN_NM] => NH농협은행
    [P_AMT] => 3000
    [P_UNAME] => 정정희
    [P_RMESG1] => P_VACCT_NO=79003194975668|P_EXP_DT=20250721
    [P_RMESG2] => 
    [P_NOTI] => 
    [P_AUTH_NO] => 
)

 Array
(
    [PageCall time] => 15:27:33
    [P_TID] => INIMX_VBNKCAEcatca0720250711152418524738
    [P_MID] => CAEcatca07
    [P_AUTH_DT] => 20250711152733
    [P_STATUS] => 02
    [P_TYPE] => VBANK
    [P_OID] => 250711-024
    [P_FN_CD1] => 81
    [P_FN_CD2] => 
    [P_FN_NM] => 하나은행
    [P_AMT] => 3000
    [P_UNAME] => 장선희
    [P_RMESG1] => P_VACCT_NO=20893771668537|P_EXP_DT=20250721
    [P_RMESG2] => 
    [P_NOTI] => 
    [P_AUTH_NO] => 
)

 Array
(
    [PageCall time] => 16:35:10
    [P_TID] => INIMX_VBNKCAEcatca0720250711163404204785
    [P_MID] => CAEcatca07
    [P_AUTH_DT] => 20250711163510
    [P_STATUS] => 02
    [P_TYPE] => VBANK
    [P_OID] => 250711-026
    [P_FN_CD1] => 11
    [P_FN_CD2] => 
    [P_FN_NM] => NH농협은행
    [P_AMT] => 3000
    [P_UNAME] => 장주희
    [P_RMESG1] => P_VACCT_NO=79003194994067|P_EXP_DT=20250721
    [P_RMESG2] => 
    [P_NOTI] => 
    [P_AUTH_NO] => 
)

 Array
(
    [PageCall time] => 16:36:12
    [P_TID] => INIMX_VBNKCAEcatca0720250711163004684336
    [P_MID] => CAEcatca07
    [P_AUTH_DT] => 20250711163612
    [P_STATUS] => 02
    [P_TYPE] => VBANK
    [P_OID] => 250711-028
    [P_FN_CD1] => 81
    [P_FN_CD2] => 
    [P_FN_NM] => 하나은행
    [P_AMT] => 3000
    [P_UNAME] => 신민경
    [P_RMESG1] => P_VACCT_NO=20893772224137|P_EXP_DT=20250721
    [P_RMESG2] => 
    [P_NOTI] => 
    [P_AUTH_NO] => 
)

 Array
(
    [PageCall time] => 16:51:41
    [P_TID] => INIMX_VBNKCAEcatca0720250711164553754846
    [P_MID] => CAEcatca07
    [P_AUTH_DT] => 20250711165140
    [P_STATUS] => 02
    [P_TYPE] => VBANK
    [P_OID] => 250711-030
    [P_FN_CD1] => 81
    [P_FN_CD2] => 
    [P_FN_NM] => 하나은행
    [P_AMT] => 3000
    [P_UNAME] => 김진홍
    [P_RMESG1] => P_VACCT_NO=20893772588537|P_EXP_DT=20250721
    [P_RMESG2] => 
    [P_NOTI] => 
    [P_AUTH_NO] => 
)

 Array
(
    [PageCall time] => 20:50:10
    [P_TID] => INIMX_VBNKCAEcatca0720250711204835335287
    [P_MID] => CAEcatca07
    [P_AUTH_DT] => 20250711205010
    [P_STATUS] => 02
    [P_TYPE] => VBANK
    [P_OID] => 250711-036
    [P_FN_CD1] => 11
    [P_FN_CD2] => 
    [P_FN_NM] => NH농협은행
    [P_AMT] => 3000
    [P_UNAME] => 김철
    [P_RMESG1] => P_VACCT_NO=79013684014527|P_EXP_DT=20250721
    [P_RMESG2] => 
    [P_NOTI] => 
    [P_AUTH_NO] => 
)

 Array
(
    [PageCall time] => 20:56:12
    [P_TID] => INIMX_VBNKCAEcatca0720250711205105665507
    [P_MID] => CAEcatca07
    [P_AUTH_DT] => 20250711205612
    [P_STATUS] => 02
    [P_TYPE] => VBANK
    [P_OID] => 250711-035
    [P_FN_CD1] => 88
    [P_FN_CD2] => 
    [P_FN_NM] => 신한은행
    [P_AMT] => 3000
    [P_UNAME] => 최해규
    [P_RMESG1] => P_VACCT_NO=56211106478019|P_EXP_DT=20250721
    [P_RMESG2] => 
    [P_NOTI] => 
    [P_AUTH_NO] => 
)

 Array
(
    [PageCall time] => 22:49:19
    [P_TID] => INIMX_VBNKCAEcatca0720250711224650295600
    [P_MID] => CAEcatca07
    [P_AUTH_DT] => 20250711224919
    [P_STATUS] => 02
    [P_TYPE] => VBANK
    [P_OID] => 250711-037
    [P_FN_CD1] => 88
    [P_FN_CD2] => 
    [P_FN_NM] => 신한은행
    [P_AMT] => 3000
    [P_UNAME] => 안유나
    [P_RMESG1] => P_VACCT_NO=56211106482427|P_EXP_DT=20250721
    [P_RMESG2] => 
    [P_NOTI] => 
    [P_AUTH_NO] => 
)

 Array
(
    [PageCall time] => 23:00:26
    [P_TID] => INIMX_VBNKCAEcatca0720250711225641845429
    [P_MID] => CAEcatca07
    [P_AUTH_DT] => 20250711230026
    [P_STATUS] => 02
    [P_TYPE] => VBANK
    [P_OID] => 250711-038
    [P_FN_CD1] => 88
    [P_FN_CD2] => 
    [P_FN_NM] => 신한은행
    [P_AMT] => 3000
    [P_UNAME] => 정지훈
    [P_RMESG1] => P_VACCT_NO=56211106482766|P_EXP_DT=20250721
    [P_RMESG2] => 
    [P_NOTI] => 
    [P_AUTH_NO] => 
)

 Array
(
    [PageCall time] => 23:51:53
    [P_TID] => INIMX_VBNKCAEcatca0720250710235826435630
    [P_MID] => CAEcatca07
    [P_AUTH_DT] => 20250711235153
    [P_STATUS] => 02
    [P_TYPE] => VBANK
    [P_OID] => 250710-049
    [P_FN_CD1] => 32
    [P_FN_CD2] => 
    [P_FN_NM] => 부산은행
    [P_AMT] => 3000
    [P_UNAME] => 박형서
    [P_RMESG1] => P_VACCT_NO=109924832206|P_EXP_DT=20250720
    [P_RMESG2] => 
    [P_NOTI] => 
    [P_AUTH_NO] => 
)

