 Array
(
    [PageCall time] => 00:32:37
    [P_TID] => INIMX_VBNKCAEcatca0720250904234424535343
    [P_MID] => CAEcatca07
    [P_AUTH_DT] => 20250905003237
    [P_STATUS] => 02
    [P_TYPE] => VBANK
    [P_OID] => 250904-042
    [P_FN_CD1] => 04
    [P_FN_CD2] => 
    [P_FN_NM] => KB국민은행
    [P_AMT] => 3000
    [P_UNAME] => 오영서
    [P_RMESG1] => P_VACCT_NO=80429078426969|P_EXP_DT=20250914
    [P_RMESG2] => 
    [P_NOTI] => 
    [P_AUTH_NO] => 
)

 Array
(
    [PageCall time] => 06:46:01
    [P_TID] => INIMX_VBNKCAEcatca0720250905064242235633
    [P_MID] => CAEcatca07
    [P_AUTH_DT] => 20250905064601
    [P_STATUS] => 02
    [P_TYPE] => VBANK
    [P_OID] => 250904-024
    [P_FN_CD1] => 03
    [P_FN_CD2] => 
    [P_FN_NM] => 기업은행
    [P_AMT] => 3000
    [P_UNAME] => 김명희
    [P_RMESG1] => P_VACCT_NO=07502362697871|P_EXP_DT=20250915
    [P_RMESG2] => 
    [P_NOTI] => 
    [P_AUTH_NO] => 
)

 Array
(
    [PageCall time] => 10:17:32
    [P_TID] => INIMX_VBNKCAEcatca0720250905101342355719
    [P_MID] => CAEcatca07
    [P_AUTH_DT] => 20250905101732
    [P_STATUS] => 02
    [P_TYPE] => VBANK
    [P_OID] => 250905-001
    [P_FN_CD1] => 20
    [P_FN_CD2] => 
    [P_FN_NM] => 우리은행
    [P_AMT] => 3000
    [P_UNAME] => 김진영
    [P_RMESG1] => P_VACCT_NO=27489299918039|P_EXP_DT=20250915
    [P_RMESG2] => 
    [P_NOTI] => 
    [P_AUTH_NO] => 
)

 Array
(
    [PageCall time] => 10:35:30
    [P_TID] => INIMX_VBNKCAEcatca0720250905103255995677
    [P_MID] => CAEcatca07
    [P_AUTH_DT] => 20250905103530
    [P_STATUS] => 02
    [P_TYPE] => VBANK
    [P_OID] => 250815-002
    [P_FN_CD1] => 39
    [P_FN_CD2] => 
    [P_FN_NM] => 경남은행
    [P_AMT] => 3000
    [P_UNAME] => 장다솜
    [P_RMESG1] => P_VACCT_NO=573193656011|P_EXP_DT=20250915
    [P_RMESG2] => 
    [P_NOTI] => 
    [P_AUTH_NO] => 
)

 Array
(
    [PageCall time] => 10:35:38
    [P_TID] => INIMX_VBNKCAEcatca0720250905103053335350
    [P_MID] => CAEcatca07
    [P_AUTH_DT] => 20250905103538
    [P_STATUS] => 02
    [P_TYPE] => VBANK
    [P_OID] => 250905-003
    [P_FN_CD1] => 11
    [P_FN_CD2] => 
    [P_FN_NM] => NH농협은행
    [P_AMT] => 3000
    [P_UNAME] => 이병승
    [P_RMESG1] => P_VACCT_NO=79014504818939|P_EXP_DT=20250915
    [P_RMESG2] => 
    [P_NOTI] => 
    [P_AUTH_NO] => 
)

 Array
(
    [PageCall time] => 11:10:05
    [P_TID] => INIMX_VBNKCAEcatca0720250905110515625585
    [P_MID] => CAEcatca07
    [P_AUTH_DT] => 20250905111005
    [P_STATUS] => 02
    [P_TYPE] => VBANK
    [P_OID] => 250905-005
    [P_FN_CD1] => 04
    [P_FN_CD2] => 
    [P_FN_NM] => KB국민은행
    [P_AMT] => 3000
    [P_UNAME] => 유병태
    [P_RMESG1] => P_VACCT_NO=49789079276022|P_EXP_DT=20250915
    [P_RMESG2] => 
    [P_NOTI] => 
    [P_AUTH_NO] => 
)

 Array
(
    [PageCall time] => 11:25:58
    [P_TID] => INIMX_VBNKCAEcatca0720250905112246655929
    [P_MID] => CAEcatca07
    [P_AUTH_DT] => 20250905112558
    [P_STATUS] => 02
    [P_TYPE] => VBANK
    [P_OID] => 250902-015
    [P_FN_CD1] => 20
    [P_FN_CD2] => 
    [P_FN_NM] => 우리은행
    [P_AMT] => 3000
    [P_UNAME] => 김병환
    [P_RMESG1] => P_VACCT_NO=27489306718325|P_EXP_DT=20250915
    [P_RMESG2] => 
    [P_NOTI] => 
    [P_AUTH_NO] => 
)

 Array
(
    [PageCall time] => 12:20:09
    [P_TID] => INIMX_VBNKCAEcatca0720250905121719395126
    [P_MID] => CAEcatca07
    [P_AUTH_DT] => 20250905122009
    [P_STATUS] => 02
    [P_TYPE] => VBANK
    [P_OID] => 250905-007
    [P_FN_CD1] => 31
    [P_FN_CD2] => 
    [P_FN_NM] => 아이엠뱅크(대구은행)
    [P_AMT] => 3000
    [P_UNAME] => 최윤정
    [P_RMESG1] => P_VACCT_NO=9600362083007|P_EXP_DT=20250915
    [P_RMESG2] => 
    [P_NOTI] => 
    [P_AUTH_NO] => 
)

 Array
(
    [PageCall time] => 12:23:11
    [P_TID] => INIMX_VBNKCAEcatca0720250905122058885889
    [P_MID] => CAEcatca07
    [P_AUTH_DT] => 20250905122311
    [P_STATUS] => 02
    [P_TYPE] => VBANK
    [P_OID] => 250823-013
    [P_FN_CD1] => 11
    [P_FN_CD2] => 
    [P_FN_NM] => NH농협은행
    [P_AMT] => 3000
    [P_UNAME] => 김혜미
    [P_RMESG1] => P_VACCT_NO=79014504835676|P_EXP_DT=20250915
    [P_RMESG2] => 
    [P_NOTI] => 
    [P_AUTH_NO] => 
)

 Array
(
    [PageCall time] => 13:31:17
    [P_TID] => INIMX_VBNKCAEcatca0720250905132828935505
    [P_MID] => CAEcatca07
    [P_AUTH_DT] => 20250905133117
    [P_STATUS] => 02
    [P_TYPE] => VBANK
    [P_OID] => 250905-009
    [P_FN_CD1] => 04
    [P_FN_CD2] => 
    [P_FN_NM] => KB국민은행
    [P_AMT] => 3000
    [P_UNAME] => 류정선
    [P_RMESG1] => P_VACCT_NO=50169079436732|P_EXP_DT=20250915
    [P_RMESG2] => 
    [P_NOTI] => 
    [P_AUTH_NO] => 
)

 Array
(
    [PageCall time] => 13:33:41
    [P_TID] => INIMX_VBNKCAEcatca0720250905133033425132
    [P_MID] => CAEcatca07
    [P_AUTH_DT] => 20250905133341
    [P_STATUS] => 02
    [P_TYPE] => VBANK
    [P_OID] => 250905-010
    [P_FN_CD1] => 31
    [P_FN_CD2] => 
    [P_FN_NM] => 아이엠뱅크(대구은행)
    [P_AMT] => 3000
    [P_UNAME] => 서명희
    [P_RMESG1] => P_VACCT_NO=9600362083388|P_EXP_DT=20250915
    [P_RMESG2] => 
    [P_NOTI] => 
    [P_AUTH_NO] => 
)

 Array
(
    [PageCall time] => 13:41:07
    [P_TID] => INIMX_VBNKCAEcatca0720250905133830585358
    [P_MID] => CAEcatca07
    [P_AUTH_DT] => 20250905134107
    [P_STATUS] => 02
    [P_TYPE] => VBANK
    [P_OID] => 250904-027
    [P_FN_CD1] => 32
    [P_FN_CD2] => 
    [P_FN_NM] => 부산은행
    [P_AMT] => 3000
    [P_UNAME] => 최치영
    [P_RMESG1] => P_VACCT_NO=109925691721|P_EXP_DT=20250915
    [P_RMESG2] => 
    [P_NOTI] => 
    [P_AUTH_NO] => 
)

 Array
(
    [PageCall time] => 13:45:37
    [P_TID] => INIMX_VBNKCAEcatca0720250905134153865863
    [P_MID] => CAEcatca07
    [P_AUTH_DT] => 20250905134537
    [P_STATUS] => 02
    [P_TYPE] => VBANK
    [P_OID] => 250905-011
    [P_FN_CD1] => 88
    [P_FN_CD2] => 
    [P_FN_NM] => 신한은행
    [P_AMT] => 3000
    [P_UNAME] => 상고대
    [P_RMESG1] => P_VACCT_NO=56211991020801|P_EXP_DT=20250915
    [P_RMESG2] => 
    [P_NOTI] => 
    [P_AUTH_NO] => 
)

 Array
(
    [PageCall time] => 14:04:07
    [P_TID] => INIMX_VBNKCAEcatca0720250905140115275855
    [P_MID] => CAEcatca07
    [P_AUTH_DT] => 20250905140407
    [P_STATUS] => 02
    [P_TYPE] => VBANK
    [P_OID] => 250905-013
    [P_FN_CD1] => 04
    [P_FN_CD2] => 
    [P_FN_NM] => KB국민은행
    [P_AMT] => 3000
    [P_UNAME] => 조미영
    [P_RMESG1] => P_VACCT_NO=50169079473580|P_EXP_DT=20250915
    [P_RMESG2] => 
    [P_NOTI] => 
    [P_AUTH_NO] => 
)

 Array
(
    [PageCall time] => 14:54:32
    [P_TID] => INIMX_VBNKCAEcatca0720250905145100725193
    [P_MID] => CAEcatca07
    [P_AUTH_DT] => 20250905145432
    [P_STATUS] => 02
    [P_TYPE] => VBANK
    [P_OID] => 250905-008
    [P_FN_CD1] => 04
    [P_FN_CD2] => 
    [P_FN_NM] => KB국민은행
    [P_AMT] => 3000
    [P_UNAME] => 강명규
    [P_RMESG1] => P_VACCT_NO=51139079374615|P_EXP_DT=20250915
    [P_RMESG2] => 
    [P_NOTI] => 
    [P_AUTH_NO] => 
)

 Array
(
    [PageCall time] => 15:27:10
    [P_TID] => INIMX_VBNKCAEcatca0720250905152116545151
    [P_MID] => CAEcatca07
    [P_AUTH_DT] => 20250905152710
    [P_STATUS] => 02
    [P_TYPE] => VBANK
    [P_OID] => 250905-018
    [P_FN_CD1] => 04
    [P_FN_CD2] => 
    [P_FN_NM] => KB국민은행
    [P_AMT] => 3000
    [P_UNAME] => 원유택
    [P_RMESG1] => P_VACCT_NO=80429078464983|P_EXP_DT=20250915
    [P_RMESG2] => 
    [P_NOTI] => 
    [P_AUTH_NO] => 
)

 Array
(
    [PageCall time] => 16:05:57
    [P_TID] => INIMX_VBNKCAEcatca0720250905160336185557
    [P_MID] => CAEcatca07
    [P_AUTH_DT] => 20250905160557
    [P_STATUS] => 02
    [P_TYPE] => VBANK
    [P_OID] => 250905-019
    [P_FN_CD1] => 03
    [P_FN_CD2] => 
    [P_FN_NM] => 기업은행
    [P_AMT] => 3000
    [P_UNAME] => 신서연
    [P_RMESG1] => P_VACCT_NO=07500684997001|P_EXP_DT=20250915
    [P_RMESG2] => 
    [P_NOTI] => 
    [P_AUTH_NO] => 
)

 Array
(
    [PageCall time] => 17:53:24
    [P_TID] => INIMX_VBNKCAEcatca0720250905175026395027
    [P_MID] => CAEcatca07
    [P_AUTH_DT] => 20250905175324
    [P_STATUS] => 02
    [P_TYPE] => VBANK
    [P_OID] => 250905-022
    [P_FN_CD1] => 04
    [P_FN_CD2] => 
    [P_FN_NM] => KB국민은행
    [P_AMT] => 3000
    [P_UNAME] => 장영은
    [P_RMESG1] => P_VACCT_NO=80429078490843|P_EXP_DT=20250915
    [P_RMESG2] => 
    [P_NOTI] => 
    [P_AUTH_NO] => 
)

 Array
(
    [PageCall time] => 18:40:04
    [P_TID] => INIMX_VBNKCAEcatca0720250905183655825156
    [P_MID] => CAEcatca07
    [P_AUTH_DT] => 20250905184004
    [P_STATUS] => 02
    [P_TYPE] => VBANK
    [P_OID] => 250905-023
    [P_FN_CD1] => 04
    [P_FN_CD2] => 
    [P_FN_NM] => KB국민은행
    [P_AMT] => 3000
    [P_UNAME] => 황은순
    [P_RMESG1] => P_VACCT_NO=80429078496650|P_EXP_DT=20250915
    [P_RMESG2] => 
    [P_NOTI] => 
    [P_AUTH_NO] => 
)

 Array
(
    [PageCall time] => 18:40:30
    [P_TID] => INIMX_VBNKCAEcatca0720250905183805395695
    [P_MID] => CAEcatca07
    [P_AUTH_DT] => 20250905184030
    [P_STATUS] => 02
    [P_TYPE] => VBANK
    [P_OID] => 250905-024
    [P_FN_CD1] => 04
    [P_FN_CD2] => 
    [P_FN_NM] => KB국민은행
    [P_AMT] => 3000
    [P_UNAME] => 김소현
    [P_RMESG1] => P_VACCT_NO=80429078496816|P_EXP_DT=20250915
    [P_RMESG2] => 
    [P_NOTI] => 
    [P_AUTH_NO] => 
)

 Array
(
    [PageCall time] => 19:36:21
    [P_TID] => INIMX_VBNKCAEcatca0720250905193345505832
    [P_MID] => CAEcatca07
    [P_AUTH_DT] => 20250905193621
    [P_STATUS] => 02
    [P_TYPE] => VBANK
    [P_OID] => 250905-025
    [P_FN_CD1] => 04
    [P_FN_CD2] => 
    [P_FN_NM] => KB국민은행
    [P_AMT] => 3000
    [P_UNAME] => 유명석
    [P_RMESG1] => P_VACCT_NO=80429078502737|P_EXP_DT=20250915
    [P_RMESG2] => 
    [P_NOTI] => 
    [P_AUTH_NO] => 
)

 Array
(
    [PageCall time] => 20:00:32
    [P_TID] => INIMX_VBNKCAEcatca0720250905200002975935
    [P_MID] => CAEcatca07
    [P_AUTH_DT] => 20250905200032
    [P_STATUS] => 02
    [P_TYPE] => VBANK
    [P_OID] => 250905-026
    [P_FN_CD1] => 11
    [P_FN_CD2] => 
    [P_FN_NM] => NH농협은행
    [P_AMT] => 3000
    [P_UNAME] => 양대진
    [P_RMESG1] => P_VACCT_NO=79014504899277|P_EXP_DT=20250915
    [P_RMESG2] => 
    [P_NOTI] => 
    [P_AUTH_NO] => 
)

 Array
(
    [PageCall time] => 23:07:31
    [P_TID] => INIMX_VBNKCAEcatca0720250905230446375615
    [P_MID] => CAEcatca07
    [P_AUTH_DT] => 20250905230731
    [P_STATUS] => 02
    [P_TYPE] => VBANK
    [P_OID] => 250905-029
    [P_FN_CD1] => 89
    [P_FN_CD2] => 
    [P_FN_NM] => 케이뱅크
    [P_AMT] => 3000
    [P_UNAME] => 전은빈
    [P_RMESG1] => P_VACCT_NO=70112003374486|P_EXP_DT=20250915
    [P_RMESG2] => 
    [P_NOTI] => 
    [P_AUTH_NO] => 
)

 Array
(
    [PageCall time] => 23:26:20
    [P_TID] => INIMX_VBNKCAEcatca0720250905232228335926
    [P_MID] => CAEcatca07
    [P_AUTH_DT] => 20250905232620
    [P_STATUS] => 02
    [P_TYPE] => VBANK
    [P_OID] => 250905-012
    [P_FN_CD1] => 88
    [P_FN_CD2] => 
    [P_FN_NM] => 신한은행
    [P_AMT] => 3000
    [P_UNAME] => 김은경
    [P_RMESG1] => P_VACCT_NO=56213170789913|P_EXP_DT=20250915
    [P_RMESG2] => 
    [P_NOTI] => 
    [P_AUTH_NO] => 
)

 Array
(
    [PageCall time] => 23:40:51
    [P_TID] => INIMX_VBNKCAEcatca0720250905233731115843
    [P_MID] => CAEcatca07
    [P_AUTH_DT] => 20250905234051
    [P_STATUS] => 02
    [P_TYPE] => VBANK
    [P_OID] => 250905-030
    [P_FN_CD1] => 81
    [P_FN_CD2] => 
    [P_FN_NM] => 하나은행
    [P_AMT] => 3000
    [P_UNAME] => 전지현
    [P_RMESG1] => P_VACCT_NO=20894084160737|P_EXP_DT=20250915
    [P_RMESG2] => 
    [P_NOTI] => 
    [P_AUTH_NO] => 
)

