 Array
(
    [PageCall time] => 00:14:00
    [P_TID] => INIMX_VBNKCAEcatca0720260306000312515129
    [P_MID] => CAEcatca07
    [P_AUTH_DT] => 20260306001400
    [P_STATUS] => 02
    [P_TYPE] => VBANK
    [P_OID] => 260306-001
    [P_FN_CD1] => 20
    [P_FN_CD2] => 
    [P_FN_NM] => 우리은행
    [P_AMT] => 3500
    [P_UNAME] => 박윤희
    [P_RMESG1] => P_VACCT_NO=27760578018199|P_EXP_DT=20260316
    [P_RMESG2] => 
    [P_NOTI] => 
    [P_AUTH_NO] => 
)

 Array
(
    [PageCall time] => 08:08:24
    [P_TID] => INIMX_VBNKCAEcatca0720260306080600495969
    [P_MID] => CAEcatca07
    [P_AUTH_DT] => 20260306080824
    [P_STATUS] => 02
    [P_TYPE] => VBANK
    [P_OID] => 260306-002
    [P_FN_CD1] => 81
    [P_FN_CD2] => 
    [P_FN_NM] => 하나은행
    [P_AMT] => 3500
    [P_UNAME] => 최하나
    [P_RMESG1] => P_VACCT_NO=20894318257137|P_EXP_DT=20260316
    [P_RMESG2] => 
    [P_NOTI] => 
    [P_AUTH_NO] => 
)

 Array
(
    [PageCall time] => 11:19:06
    [P_TID] => INIMX_VBNKCAEcatca0720260306111613665015
    [P_MID] => CAEcatca07
    [P_AUTH_DT] => 20260306111905
    [P_STATUS] => 02
    [P_TYPE] => VBANK
    [P_OID] => 260306-011
    [P_FN_CD1] => 04
    [P_FN_CD2] => 
    [P_FN_NM] => KB국민은행
    [P_AMT] => 3500
    [P_UNAME] => 전혜란
    [P_RMESG1] => P_VACCT_NO=26119078203826|P_EXP_DT=20260316
    [P_RMESG2] => 
    [P_NOTI] => 
    [P_AUTH_NO] => 
)

 Array
(
    [PageCall time] => 11:41:09
    [P_TID] => INIMX_VBNKCAEcatca0720260306113615345273
    [P_MID] => CAEcatca07
    [P_AUTH_DT] => 20260306114109
    [P_STATUS] => 02
    [P_TYPE] => VBANK
    [P_OID] => 260306-012
    [P_FN_CD1] => 04
    [P_FN_CD2] => 
    [P_FN_NM] => KB국민은행
    [P_AMT] => 3500
    [P_UNAME] => 윤춘화
    [P_RMESG1] => P_VACCT_NO=26119078672110|P_EXP_DT=20260316
    [P_RMESG2] => 
    [P_NOTI] => 
    [P_AUTH_NO] => 
)

 Array
(
    [PageCall time] => 11:52:09
    [P_TID] => INIMX_VBNKCAEcatca0720260306114929855796
    [P_MID] => CAEcatca07
    [P_AUTH_DT] => 20260306115209
    [P_STATUS] => 02
    [P_TYPE] => VBANK
    [P_OID] => 260306-013
    [P_FN_CD1] => 88
    [P_FN_CD2] => 
    [P_FN_NM] => 신한은행
    [P_AMT] => 3500
    [P_UNAME] => 이승우
    [P_RMESG1] => P_VACCT_NO=56211104854107|P_EXP_DT=20260316
    [P_RMESG2] => 
    [P_NOTI] => 
    [P_AUTH_NO] => 
)

 Array
(
    [PageCall time] => 11:55:16
    [P_TID] => INIMX_VBNKCAEcatca0720260306115228625954
    [P_MID] => CAEcatca07
    [P_AUTH_DT] => 20260306115516
    [P_STATUS] => 02
    [P_TYPE] => VBANK
    [P_OID] => 260306-014
    [P_FN_CD1] => 88
    [P_FN_CD2] => 
    [P_FN_NM] => 신한은행
    [P_AMT] => 3500
    [P_UNAME] => 김지현
    [P_RMESG1] => P_VACCT_NO=56211104854427|P_EXP_DT=20260316
    [P_RMESG2] => 
    [P_NOTI] => 
    [P_AUTH_NO] => 
)

 Array
(
    [PageCall time] => 13:09:14
    [P_TID] => INIMX_VBNKCAEcatca0720260306130627225180
    [P_MID] => CAEcatca07
    [P_AUTH_DT] => 20260306130914
    [P_STATUS] => 02
    [P_TYPE] => VBANK
    [P_OID] => 260306-015
    [P_FN_CD1] => 32
    [P_FN_CD2] => 
    [P_FN_NM] => 부산은행
    [P_AMT] => 3500
    [P_UNAME] => 김유욍
    [P_RMESG1] => P_VACCT_NO=109924733857|P_EXP_DT=20260316
    [P_RMESG2] => 
    [P_NOTI] => 
    [P_AUTH_NO] => 
)

 Array
(
    [PageCall time] => 13:52:53
    [P_TID] => INIMX_VBNKCAEcatca0720260306135227165067
    [P_MID] => CAEcatca07
    [P_AUTH_DT] => 20260306135253
    [P_STATUS] => 02
    [P_TYPE] => VBANK
    [P_OID] => 260306-018
    [P_FN_CD1] => 11
    [P_FN_CD2] => 
    [P_FN_NM] => NH농협은행
    [P_AMT] => 3500
    [P_UNAME] => 장유빈
    [P_RMESG1] => P_VACCT_NO=79014290858793|P_EXP_DT=20260316
    [P_RMESG2] => 
    [P_NOTI] => 
    [P_AUTH_NO] => 
)

 Array
(
    [PageCall time] => 13:58:24
    [P_TID] => INIMX_VBNKCAEcatca0720260306110400485149
    [P_MID] => CAEcatca07
    [P_AUTH_DT] => 20260306135824
    [P_STATUS] => 02
    [P_TYPE] => VBANK
    [P_OID] => 260306-008
    [P_FN_CD1] => 04
    [P_FN_CD2] => 
    [P_FN_NM] => KB국민은행
    [P_AMT] => 3500
    [P_UNAME] => 윤시아
    [P_RMESG1] => P_VACCT_NO=26119078571891|P_EXP_DT=20260316
    [P_RMESG2] => 
    [P_NOTI] => 
    [P_AUTH_NO] => 
)

 Array
(
    [PageCall time] => 14:01:23
    [P_TID] => INIMX_VBNKCAEcatca0720260306140039495996
    [P_MID] => CAEcatca07
    [P_AUTH_DT] => 20260306140123
    [P_STATUS] => 02
    [P_TYPE] => VBANK
    [P_OID] => 260306-020
    [P_FN_CD1] => 11
    [P_FN_CD2] => 
    [P_FN_NM] => NH농협은행
    [P_AMT] => 3500
    [P_UNAME] => 박정주
    [P_RMESG1] => P_VACCT_NO=79014290862401|P_EXP_DT=20260316
    [P_RMESG2] => 
    [P_NOTI] => 
    [P_AUTH_NO] => 
)

 Array
(
    [PageCall time] => 14:18:09
    [P_TID] => INIMX_VBNKCAEcatca0720260306141506485450
    [P_MID] => CAEcatca07
    [P_AUTH_DT] => 20260306141809
    [P_STATUS] => 02
    [P_TYPE] => VBANK
    [P_OID] => 260306-022
    [P_FN_CD1] => 03
    [P_FN_CD2] => 
    [P_FN_NM] => 기업은행
    [P_AMT] => 3500
    [P_UNAME] => 김용화
    [P_RMESG1] => P_VACCT_NO=07503266397047|P_EXP_DT=20260316
    [P_RMESG2] => 
    [P_NOTI] => 
    [P_AUTH_NO] => 
)

 Array
(
    [PageCall time] => 14:29:58
    [P_TID] => INIMX_VBNKCAEcatca0720260306142717525037
    [P_MID] => CAEcatca07
    [P_AUTH_DT] => 20260306142958
    [P_STATUS] => 02
    [P_TYPE] => VBANK
    [P_OID] => 260306-027
    [P_FN_CD1] => 04
    [P_FN_CD2] => 
    [P_FN_NM] => KB국민은행
    [P_AMT] => 3500
    [P_UNAME] => 김석영
    [P_RMESG1] => P_VACCT_NO=80399078040290|P_EXP_DT=20260316
    [P_RMESG2] => 
    [P_NOTI] => 
    [P_AUTH_NO] => 
)

 Array
(
    [PageCall time] => 16:53:12
    [P_TID] => INIMX_VBNKCAEcatca0720260306164946965867
    [P_MID] => CAEcatca07
    [P_AUTH_DT] => 20260306165312
    [P_STATUS] => 02
    [P_TYPE] => VBANK
    [P_OID] => 260306-033
    [P_FN_CD1] => 04
    [P_FN_CD2] => 
    [P_FN_NM] => KB국민은행
    [P_AMT] => 3500
    [P_UNAME] => 김용욱
    [P_RMESG1] => P_VACCT_NO=80399078065655|P_EXP_DT=20260316
    [P_RMESG2] => 
    [P_NOTI] => 
    [P_AUTH_NO] => 
)

 Array
(
    [PageCall time] => 21:59:59
    [P_TID] => INIMX_VBNKCAEcatca0720260306215022745971
    [P_MID] => CAEcatca07
    [P_AUTH_DT] => 20260306215959
    [P_STATUS] => 02
    [P_TYPE] => VBANK
    [P_OID] => 260303-014
    [P_FN_CD1] => 04
    [P_FN_CD2] => 
    [P_FN_NM] => KB국민은행
    [P_AMT] => 3500
    [P_UNAME] => 오병찬
    [P_RMESG1] => P_VACCT_NO=80399078100284|P_EXP_DT=20260316
    [P_RMESG2] => 
    [P_NOTI] => 
    [P_AUTH_NO] => 
)

 Array
(
    [PageCall time] => 22:04:14
    [P_TID] => INIMX_VBNKCAEcatca0720260306215733685241
    [P_MID] => CAEcatca07
    [P_AUTH_DT] => 20260306220414
    [P_STATUS] => 02
    [P_TYPE] => VBANK
    [P_OID] => 260306-036
    [P_FN_CD1] => 31
    [P_FN_CD2] => 
    [P_FN_NM] => 아이엠뱅크(대구은행)
    [P_AMT] => 3500
    [P_UNAME] => 주민정
    [P_RMESG1] => P_VACCT_NO=9600362838885|P_EXP_DT=20260316
    [P_RMESG2] => 
    [P_NOTI] => 
    [P_AUTH_NO] => 
)

