 Array
(
    [PageCall time] => 10:53:21
    [P_TID] => INIMX_VBNKCAEcatca0720251001105038785264
    [P_MID] => CAEcatca07
    [P_AUTH_DT] => 20251001105321
    [P_STATUS] => 02
    [P_TYPE] => VBANK
    [P_OID] => 251001-002
    [P_FN_CD1] => 20
    [P_FN_CD2] => 
    [P_FN_NM] => 우리은행
    [P_AMT] => 3000
    [P_UNAME] => 이주석
    [P_RMESG1] => P_VACCT_NO=27490563818571|P_EXP_DT=20251011
    [P_RMESG2] => 
    [P_NOTI] => 
    [P_AUTH_NO] => 
)

 Array
(
    [PageCall time] => 11:26:18
    [P_TID] => INIMX_VBNKCAEcatca0720251001112341515998
    [P_MID] => CAEcatca07
    [P_AUTH_DT] => 20251001112618
    [P_STATUS] => 02
    [P_TYPE] => VBANK
    [P_OID] => 251001-003
    [P_FN_CD1] => 04
    [P_FN_CD2] => 
    [P_FN_NM] => KB국민은행
    [P_AMT] => 3000
    [P_UNAME] => 이선영
    [P_RMESG1] => P_VACCT_NO=41079011673512|P_EXP_DT=20251011
    [P_RMESG2] => 
    [P_NOTI] => 
    [P_AUTH_NO] => 
)

 Array
(
    [PageCall time] => 11:30:13
    [P_TID] => INIMX_VBNKCAEcatca0720251001112644395851
    [P_MID] => CAEcatca07
    [P_AUTH_DT] => 20251001113013
    [P_STATUS] => 02
    [P_TYPE] => VBANK
    [P_OID] => 251001-004
    [P_FN_CD1] => 04
    [P_FN_CD2] => 
    [P_FN_NM] => KB국민은행
    [P_AMT] => 3000
    [P_UNAME] => 김춘희
    [P_RMESG1] => P_VACCT_NO=49789079220744|P_EXP_DT=20251011
    [P_RMESG2] => 
    [P_NOTI] => 
    [P_AUTH_NO] => 
)

 Array
(
    [PageCall time] => 11:39:48
    [P_TID] => INIMX_VBNKCAEcatca0720251001113854325386
    [P_MID] => CAEcatca07
    [P_AUTH_DT] => 20251001113948
    [P_STATUS] => 02
    [P_TYPE] => VBANK
    [P_OID] => 251001-005
    [P_FN_CD1] => 11
    [P_FN_CD2] => 
    [P_FN_NM] => NH농협은행
    [P_AMT] => 3000
    [P_UNAME] => 김수정
    [P_RMESG1] => P_VACCT_NO=79014507345775|P_EXP_DT=20251011
    [P_RMESG2] => 
    [P_NOTI] => 
    [P_AUTH_NO] => 
)

 Array
(
    [PageCall time] => 11:56:09
    [P_TID] => INIMX_VBNKCAEcatca0720251001115327275812
    [P_MID] => CAEcatca07
    [P_AUTH_DT] => 20251001115609
    [P_STATUS] => 02
    [P_TYPE] => VBANK
    [P_OID] => 251001-007
    [P_FN_CD1] => 11
    [P_FN_CD2] => 
    [P_FN_NM] => NH농협은행
    [P_AMT] => 3000
    [P_UNAME] => 임순이
    [P_RMESG1] => P_VACCT_NO=79014507346706|P_EXP_DT=20251011
    [P_RMESG2] => 
    [P_NOTI] => 
    [P_AUTH_NO] => 
)

 Array
(
    [PageCall time] => 13:14:10
    [P_TID] => INIMX_VBNKCAEcatca0720251001131142605413
    [P_MID] => CAEcatca07
    [P_AUTH_DT] => 20251001131410
    [P_STATUS] => 02
    [P_TYPE] => VBANK
    [P_OID] => 251001-008
    [P_FN_CD1] => 88
    [P_FN_CD2] => 
    [P_FN_NM] => 신한은행
    [P_AMT] => 3000
    [P_UNAME] => 박수연
    [P_RMESG1] => P_VACCT_NO=56211103225422|P_EXP_DT=20251011
    [P_RMESG2] => 
    [P_NOTI] => 
    [P_AUTH_NO] => 
)

 Array
(
    [PageCall time] => 14:25:57
    [P_TID] => INIMX_VBNKCAEcatca0720251001142252285366
    [P_MID] => CAEcatca07
    [P_AUTH_DT] => 20251001142557
    [P_STATUS] => 02
    [P_TYPE] => VBANK
    [P_OID] => 251001-009
    [P_FN_CD1] => 20
    [P_FN_CD2] => 
    [P_FN_NM] => 우리은행
    [P_AMT] => 3000
    [P_UNAME] => 조안나
    [P_RMESG1] => P_VACCT_NO=27490578218042|P_EXP_DT=20251011
    [P_RMESG2] => 
    [P_NOTI] => 
    [P_AUTH_NO] => 
)

 Array
(
    [PageCall time] => 14:28:01
    [P_TID] => INIMX_VBNKCAEcatca0720251001142428185513
    [P_MID] => CAEcatca07
    [P_AUTH_DT] => 20251001142801
    [P_STATUS] => 02
    [P_TYPE] => VBANK
    [P_OID] => 251001-011
    [P_FN_CD1] => 03
    [P_FN_CD2] => 
    [P_FN_NM] => 기업은행
    [P_AMT] => 3000
    [P_UNAME] => 김은희
    [P_RMESG1] => P_VACCT_NO=07502406497139|P_EXP_DT=20251011
    [P_RMESG2] => 
    [P_NOTI] => 
    [P_AUTH_NO] => 
)

 Array
(
    [PageCall time] => 14:33:38
    [P_TID] => INIMX_VBNKCAEcatca0720251001143016945626
    [P_MID] => CAEcatca07
    [P_AUTH_DT] => 20251001143338
    [P_STATUS] => 02
    [P_TYPE] => VBANK
    [P_OID] => 251001-012
    [P_FN_CD1] => 04
    [P_FN_CD2] => 
    [P_FN_NM] => KB국민은행
    [P_AMT] => 3000
    [P_UNAME] => 이진재
    [P_RMESG1] => P_VACCT_NO=96309078335571|P_EXP_DT=20251011
    [P_RMESG2] => 
    [P_NOTI] => 
    [P_AUTH_NO] => 
)

 Array
(
    [PageCall time] => 15:40:13
    [P_TID] => INIMX_VBNKCAEcatca0720251001153743985094
    [P_MID] => CAEcatca07
    [P_AUTH_DT] => 20251001154013
    [P_STATUS] => 02
    [P_TYPE] => VBANK
    [P_OID] => 250929-024
    [P_FN_CD1] => 04
    [P_FN_CD2] => 
    [P_FN_NM] => KB국민은행
    [P_AMT] => 3000
    [P_UNAME] => 유초롱
    [P_RMESG1] => P_VACCT_NO=96309078347549|P_EXP_DT=20251011
    [P_RMESG2] => 
    [P_NOTI] => 
    [P_AUTH_NO] => 
)

 Array
(
    [PageCall time] => 16:48:32
    [P_TID] => INIMX_VBNKCAEcatca0720251001164718705670
    [P_MID] => CAEcatca07
    [P_AUTH_DT] => 20251001164832
    [P_STATUS] => 02
    [P_TYPE] => VBANK
    [P_OID] => 251001-013
    [P_FN_CD1] => 11
    [P_FN_CD2] => 
    [P_FN_NM] => NH농협은행
    [P_AMT] => 3000
    [P_UNAME] => 김대순
    [P_RMESG1] => P_VACCT_NO=79014507373711|P_EXP_DT=20251011
    [P_RMESG2] => 
    [P_NOTI] => 
    [P_AUTH_NO] => 
)

 Array
(
    [PageCall time] => 17:32:48
    [P_TID] => INIMX_VBNKCAEcatca0720251001171810865259
    [P_MID] => CAEcatca07
    [P_AUTH_DT] => 20251001173248
    [P_STATUS] => 02
    [P_TYPE] => VBANK
    [P_OID] => 251001-014
    [P_FN_CD1] => 04
    [P_FN_CD2] => 
    [P_FN_NM] => KB국민은행
    [P_AMT] => 3000
    [P_UNAME] => 김재홍
    [P_RMESG1] => P_VACCT_NO=96309078359421|P_EXP_DT=20251011
    [P_RMESG2] => 
    [P_NOTI] => 
    [P_AUTH_NO] => 
)

 Array
(
    [PageCall time] => 18:25:14
    [P_TID] => INIMX_VBNKCAEcatca0720251001182238315634
    [P_MID] => CAEcatca07
    [P_AUTH_DT] => 20251001182514
    [P_STATUS] => 02
    [P_TYPE] => VBANK
    [P_OID] => 251001-016
    [P_FN_CD1] => 89
    [P_FN_CD2] => 
    [P_FN_NM] => 케이뱅크
    [P_AMT] => 3000
    [P_UNAME] => 김하경
    [P_RMESG1] => P_VACCT_NO=70112003539736|P_EXP_DT=20251011
    [P_RMESG2] => 
    [P_NOTI] => 
    [P_AUTH_NO] => 
)

