 Array
(
    [PageCall time] => 08:47:09
    [P_TID] => INIMX_VBNKCAEcatca0720260117084326215487
    [P_MID] => CAEcatca07
    [P_AUTH_DT] => 20260117084709
    [P_STATUS] => 02
    [P_TYPE] => VBANK
    [P_OID] => 260117-001
    [P_FN_CD1] => 81
    [P_FN_CD2] => 
    [P_FN_NM] => 하나은행
    [P_AMT] => 3500
    [P_UNAME] => CHIANG CHUNG HSIEN
    [P_RMESG1] => P_VACCT_NO=20893933745037|P_EXP_DT=20260127
    [P_RMESG2] => 
    [P_NOTI] => 
    [P_AUTH_NO] => 
)

 Array
(
    [PageCall time] => 08:57:26
    [P_TID] => INIMX_VBNKCAEcatca0720260117085611645441
    [P_MID] => CAEcatca07
    [P_AUTH_DT] => 20260117085726
    [P_STATUS] => 02
    [P_TYPE] => VBANK
    [P_OID] => 260117-002
    [P_FN_CD1] => 11
    [P_FN_CD2] => 
    [P_FN_NM] => NH농협은행
    [P_AMT] => 3500
    [P_UNAME] => 김보람
    [P_RMESG1] => P_VACCT_NO=79010591491245|P_EXP_DT=20260127
    [P_RMESG2] => 
    [P_NOTI] => 
    [P_AUTH_NO] => 
)

 Array
(
    [PageCall time] => 11:21:22
    [P_TID] => INIMX_VBNKCAEcatca0720260117104831195351
    [P_MID] => CAEcatca07
    [P_AUTH_DT] => 20260117112122
    [P_STATUS] => 02
    [P_TYPE] => VBANK
    [P_OID] => 260116-020
    [P_FN_CD1] => 81
    [P_FN_CD2] => 
    [P_FN_NM] => 하나은행
    [P_AMT] => 3500
    [P_UNAME] => 김영관
    [P_RMESG1] => P_VACCT_NO=20893934151637|P_EXP_DT=20260127
    [P_RMESG2] => 
    [P_NOTI] => 
    [P_AUTH_NO] => 
)

 Array
(
    [PageCall time] => 11:27:32
    [P_TID] => INIMX_VBNKCAEcatca0720260117112445915154
    [P_MID] => CAEcatca07
    [P_AUTH_DT] => 20260117112732
    [P_STATUS] => 02
    [P_TYPE] => VBANK
    [P_OID] => 260117-003
    [P_FN_CD1] => 04
    [P_FN_CD2] => 
    [P_FN_NM] => KB국민은행
    [P_AMT] => 3500
    [P_UNAME] => 문유진
    [P_RMESG1] => P_VACCT_NO=53209079244775|P_EXP_DT=20260127
    [P_RMESG2] => 
    [P_NOTI] => 
    [P_AUTH_NO] => 
)

 Array
(
    [PageCall time] => 18:07:42
    [P_TID] => INIMX_VBNKCAEcatca0720260117180515575493
    [P_MID] => CAEcatca07
    [P_AUTH_DT] => 20260117180742
    [P_STATUS] => 02
    [P_TYPE] => VBANK
    [P_OID] => 260117-007
    [P_FN_CD1] => 03
    [P_FN_CD2] => 
    [P_FN_NM] => 기업은행
    [P_AMT] => 3500
    [P_UNAME] => 한석호
    [P_RMESG1] => P_VACCT_NO=07502407597637|P_EXP_DT=20260127
    [P_RMESG2] => 
    [P_NOTI] => 
    [P_AUTH_NO] => 
)

 Array
(
    [PageCall time] => 19:45:02
    [P_TID] => INIMX_VBNKCAEcatca0720260117194302255926
    [P_MID] => CAEcatca07
    [P_AUTH_DT] => 20260117194502
    [P_STATUS] => 02
    [P_TYPE] => VBANK
    [P_OID] => 260117-008
    [P_FN_CD1] => 11
    [P_FN_CD2] => 
    [P_FN_NM] => NH농협은행
    [P_AMT] => 3500
    [P_UNAME] => 정현정
    [P_RMESG1] => P_VACCT_NO=79010591556241|P_EXP_DT=20260127
    [P_RMESG2] => 
    [P_NOTI] => 
    [P_AUTH_NO] => 
)

