 Array
(
    [PageCall time] => 08:12:59
    [P_TID] => INIMX_VBNKCAEcatca0720250417081038904986
    [P_MID] => CAEcatca07
    [P_AUTH_DT] => 20250417081259
    [P_STATUS] => 02
    [P_TYPE] => VBANK
    [P_OID] => 250416-025
    [P_FN_CD1] => 71
    [P_FN_CD2] => 
    [P_FN_NM] => 우체국
    [P_AMT] => 3000
    [P_UNAME] => 정병석
    [P_RMESG1] => P_VACCT_NO=01398781561322|P_EXP_DT=20250427
    [P_RMESG2] => 
    [P_NOTI] => 
    [P_AUTH_NO] => 
)

 Array
(
    [PageCall time] => 10:22:05
    [P_TID] => INIMX_VBNKCAEcatca0720250417101949254190
    [P_MID] => CAEcatca07
    [P_AUTH_DT] => 20250417102205
    [P_STATUS] => 02
    [P_TYPE] => VBANK
    [P_OID] => 250417-003
    [P_FN_CD1] => 11
    [P_FN_CD2] => 
    [P_FN_NM] => NH농협은행
    [P_AMT] => 3000
    [P_UNAME] => 박경희
    [P_RMESG1] => P_VACCT_NO=01445164195838|P_EXP_DT=20250427
    [P_RMESG2] => 
    [P_NOTI] => 
    [P_AUTH_NO] => 
)

 Array
(
    [PageCall time] => 10:55:27
    [P_TID] => INIMX_VBNKCAEcatca0720250417105235184463
    [P_MID] => CAEcatca07
    [P_AUTH_DT] => 20250417105527
    [P_STATUS] => 02
    [P_TYPE] => VBANK
    [P_OID] => 250417-004
    [P_FN_CD1] => 11
    [P_FN_CD2] => 
    [P_FN_NM] => NH농협은행
    [P_AMT] => 3000
    [P_UNAME] => 강구옥
    [P_RMESG1] => P_VACCT_NO=01445164212987|P_EXP_DT=20250427
    [P_RMESG2] => 
    [P_NOTI] => 
    [P_AUTH_NO] => 
)

 Array
(
    [PageCall time] => 11:21:52
    [P_TID] => INIMX_VBNKCAEcatca0720250416102124695721
    [P_MID] => CAEcatca07
    [P_AUTH_DT] => 20250417112152
    [P_STATUS] => 02
    [P_TYPE] => VBANK
    [P_OID] => 250416-010
    [P_FN_CD1] => 34
    [P_FN_CD2] => 
    [P_FN_NM] => 광주은행
    [P_AMT] => 3000
    [P_UNAME] => 이정민
    [P_RMESG1] => P_VACCT_NO=810865240555|P_EXP_DT=20250426
    [P_RMESG2] => 
    [P_NOTI] => 
    [P_AUTH_NO] => 
)

 Array
(
    [PageCall time] => 11:43:01
    [P_TID] => INIMX_VBNKCAEcatca0720250417113733534044
    [P_MID] => CAEcatca07
    [P_AUTH_DT] => 20250417114301
    [P_STATUS] => 02
    [P_TYPE] => VBANK
    [P_OID] => 250417-005
    [P_FN_CD1] => 81
    [P_FN_CD2] => 
    [P_FN_NM] => 하나은행
    [P_AMT] => 3000
    [P_UNAME] => 이정한
    [P_RMESG1] => P_VACCT_NO=58390916008737|P_EXP_DT=20250427
    [P_RMESG2] => 
    [P_NOTI] => 
    [P_AUTH_NO] => 
)

 Array
(
    [PageCall time] => 12:43:46
    [P_TID] => INIMX_VBNKCAEcatca0720250417124056864545
    [P_MID] => CAEcatca07
    [P_AUTH_DT] => 20250417124345
    [P_STATUS] => 02
    [P_TYPE] => VBANK
    [P_OID] => 250417-007
    [P_FN_CD1] => 03
    [P_FN_CD2] => 
    [P_FN_NM] => 기업은행
    [P_AMT] => 3000
    [P_UNAME] => 박명규
    [P_RMESG1] => P_VACCT_NO=07503293597994|P_EXP_DT=20250427
    [P_RMESG2] => 
    [P_NOTI] => 
    [P_AUTH_NO] => 
)

 Array
(
    [PageCall time] => 14:22:36
    [P_TID] => INIMX_VBNKCAEcatca0720250417141958245629
    [P_MID] => CAEcatca07
    [P_AUTH_DT] => 20250417142236
    [P_STATUS] => 02
    [P_TYPE] => VBANK
    [P_OID] => 250417-013
    [P_FN_CD1] => 88
    [P_FN_CD2] => 
    [P_FN_NM] => 신한은행
    [P_AMT] => 3000
    [P_UNAME] => 강원숙
    [P_RMESG1] => P_VACCT_NO=56211104647370|P_EXP_DT=20250427
    [P_RMESG2] => 
    [P_NOTI] => 
    [P_AUTH_NO] => 
)

 Array
(
    [PageCall time] => 14:24:30
    [P_TID] => INIMX_VBNKCAEcatca0720250408143714505755
    [P_MID] => CAEcatca07
    [P_AUTH_DT] => 20250417142430
    [P_STATUS] => 02
    [P_TYPE] => VBANK
    [P_OID] => 250403-026
    [P_FN_CD1] => 88
    [P_FN_CD2] => 
    [P_FN_NM] => 신한은행
    [P_AMT] => 3000
    [P_UNAME] => 조채원
    [P_RMESG1] => P_VACCT_NO=56211991339912|P_EXP_DT=20250418
    [P_RMESG2] => 
    [P_NOTI] => 
    [P_AUTH_NO] => 
)

 Array
(
    [PageCall time] => 14:30:31
    [P_TID] => INIMX_VBNKCAEcatca0720250417142935295073
    [P_MID] => CAEcatca07
    [P_AUTH_DT] => 20250417143031
    [P_STATUS] => 02
    [P_TYPE] => VBANK
    [P_OID] => 250417-015
    [P_FN_CD1] => 04
    [P_FN_CD2] => 
    [P_FN_NM] => KB국민은행
    [P_AMT] => 3000
    [P_UNAME] => 류선희
    [P_RMESG1] => P_VACCT_NO=26119078791473|P_EXP_DT=20250427
    [P_RMESG2] => 
    [P_NOTI] => 
    [P_AUTH_NO] => 
)

 Array
(
    [PageCall time] => 14:49:59
    [P_TID] => INIMX_VBNKCAEcatca0720250417144833685663
    [P_MID] => CAEcatca07
    [P_AUTH_DT] => 20250417144959
    [P_STATUS] => 02
    [P_TYPE] => VBANK
    [P_OID] => 250417-016
    [P_FN_CD1] => 11
    [P_FN_CD2] => 
    [P_FN_NM] => NH농협은행
    [P_AMT] => 3000
    [P_UNAME] => 박순옥
    [P_RMESG1] => P_VACCT_NO=79015900800176|P_EXP_DT=20250427
    [P_RMESG2] => 
    [P_NOTI] => 
    [P_AUTH_NO] => 
)

 Array
(
    [PageCall time] => 15:26:47
    [P_TID] => INIMX_VBNKCAEcatca0720250417152346075739
    [P_MID] => CAEcatca07
    [P_AUTH_DT] => 20250417152647
    [P_STATUS] => 02
    [P_TYPE] => VBANK
    [P_OID] => 250417-020
    [P_FN_CD1] => 89
    [P_FN_CD2] => 
    [P_FN_NM] => 케이뱅크
    [P_AMT] => 3000
    [P_UNAME] => 고휘우
    [P_RMESG1] => P_VACCT_NO=70112003322371|P_EXP_DT=20250427
    [P_RMESG2] => 
    [P_NOTI] => 
    [P_AUTH_NO] => 
)

 Array
(
    [PageCall time] => 15:43:22
    [P_TID] => INIMX_VBNKCAEcatca0720250417154202985394
    [P_MID] => CAEcatca07
    [P_AUTH_DT] => 20250417154322
    [P_STATUS] => 02
    [P_TYPE] => VBANK
    [P_OID] => 250417-021
    [P_FN_CD1] => 11
    [P_FN_CD2] => 
    [P_FN_NM] => NH농협은행
    [P_AMT] => 3000
    [P_UNAME] => 박세은
    [P_RMESG1] => P_VACCT_NO=79015900801727|P_EXP_DT=20250427
    [P_RMESG2] => 
    [P_NOTI] => 
    [P_AUTH_NO] => 
)

 Array
(
    [PageCall time] => 17:00:08
    [P_TID] => INIMX_VBNKCAEcatca0720250417165845375966
    [P_MID] => CAEcatca07
    [P_AUTH_DT] => 20250417170008
    [P_STATUS] => 02
    [P_TYPE] => VBANK
    [P_OID] => 250417-024
    [P_FN_CD1] => 04
    [P_FN_CD2] => 
    [P_FN_NM] => KB국민은행
    [P_AMT] => 3000
    [P_UNAME] => 이미현
    [P_RMESG1] => P_VACCT_NO=00289071259944|P_EXP_DT=20250427
    [P_RMESG2] => 
    [P_NOTI] => 
    [P_AUTH_NO] => 
)

 Array
(
    [PageCall time] => 17:29:06
    [P_TID] => INIMX_VBNKCAEcatca0720250417172741465426
    [P_MID] => CAEcatca07
    [P_AUTH_DT] => 20250417172906
    [P_STATUS] => 02
    [P_TYPE] => VBANK
    [P_OID] => 250417-027
    [P_FN_CD1] => 11
    [P_FN_CD2] => 
    [P_FN_NM] => NH농협은행
    [P_AMT] => 3000
    [P_UNAME] => 송인숙
    [P_RMESG1] => P_VACCT_NO=79015900807262|P_EXP_DT=20250427
    [P_RMESG2] => 
    [P_NOTI] => 
    [P_AUTH_NO] => 
)

 Array
(
    [PageCall time] => 17:45:27
    [P_TID] => INIMX_VBNKCAEcatca0720250417174433265221
    [P_MID] => CAEcatca07
    [P_AUTH_DT] => 20250417174527
    [P_STATUS] => 02
    [P_TYPE] => VBANK
    [P_OID] => 250417-028
    [P_FN_CD1] => 04
    [P_FN_CD2] => 
    [P_FN_NM] => KB국민은행
    [P_AMT] => 3000
    [P_UNAME] => 조지애
    [P_RMESG1] => P_VACCT_NO=00289071124699|P_EXP_DT=20250427
    [P_RMESG2] => 
    [P_NOTI] => 
    [P_AUTH_NO] => 
)

 Array
(
    [PageCall time] => 17:51:20
    [P_TID] => INIMX_VBNKCAEcatca0720250417174822415865
    [P_MID] => CAEcatca07
    [P_AUTH_DT] => 20250417175120
    [P_STATUS] => 02
    [P_TYPE] => VBANK
    [P_OID] => 250417-022
    [P_FN_CD1] => 88
    [P_FN_CD2] => 
    [P_FN_NM] => 신한은행
    [P_AMT] => 3000
    [P_UNAME] => 이경진
    [P_RMESG1] => P_VACCT_NO=56211104924726|P_EXP_DT=20250427
    [P_RMESG2] => 
    [P_NOTI] => 
    [P_AUTH_NO] => 
)

 Array
(
    [PageCall time] => 18:32:14
    [P_TID] => INIMX_VBNKCAEcatca0720250417182849755804
    [P_MID] => CAEcatca07
    [P_AUTH_DT] => 20250417183214
    [P_STATUS] => 02
    [P_TYPE] => VBANK
    [P_OID] => 250417-029
    [P_FN_CD1] => 03
    [P_FN_CD2] => 
    [P_FN_NM] => 기업은행
    [P_AMT] => 3000
    [P_UNAME] => 박민식
    [P_RMESG1] => P_VACCT_NO=07503273697226|P_EXP_DT=20250427
    [P_RMESG2] => 
    [P_NOTI] => 
    [P_AUTH_NO] => 
)

 Array
(
    [PageCall time] => 20:11:29
    [P_TID] => INIMX_VBNKCAEcatca0720250417151527945667
    [P_MID] => CAEcatca07
    [P_AUTH_DT] => 20250417201129
    [P_STATUS] => 02
    [P_TYPE] => VBANK
    [P_OID] => 250417-018
    [P_FN_CD1] => 04
    [P_FN_CD2] => 
    [P_FN_NM] => KB국민은행
    [P_AMT] => 3000
    [P_UNAME] => 민기옥
    [P_RMESG1] => P_VACCT_NO=26159078260948|P_EXP_DT=20250427
    [P_RMESG2] => 
    [P_NOTI] => 
    [P_AUTH_NO] => 
)

 Array
(
    [PageCall time] => 21:08:49
    [P_TID] => INIMX_VBNKCAEcatca0720250417210607205126
    [P_MID] => CAEcatca07
    [P_AUTH_DT] => 20250417210849
    [P_STATUS] => 02
    [P_TYPE] => VBANK
    [P_OID] => 250417-030
    [P_FN_CD1] => 20
    [P_FN_CD2] => 
    [P_FN_NM] => 우리은행
    [P_AMT] => 3000
    [P_UNAME] => 채영철
    [P_RMESG1] => P_VACCT_NO=27389496118348|P_EXP_DT=20250427
    [P_RMESG2] => 
    [P_NOTI] => 
    [P_AUTH_NO] => 
)

 Array
(
    [PageCall time] => 22:14:41
    [P_TID] => INIMX_VBNKCAEcatca0720250417221413905116
    [P_MID] => CAEcatca07
    [P_AUTH_DT] => 20250417221441
    [P_STATUS] => 02
    [P_TYPE] => VBANK
    [P_OID] => 250417-031
    [P_FN_CD1] => 04
    [P_FN_CD2] => 
    [P_FN_NM] => KB국민은행
    [P_AMT] => 3000
    [P_UNAME] => 양승민
    [P_RMESG1] => P_VACCT_NO=52499014750162|P_EXP_DT=20250427
    [P_RMESG2] => 
    [P_NOTI] => 
    [P_AUTH_NO] => 
)

