 Array
(
    [PageCall time] => 14:38:54
    [P_TID] => INIMX_VBNKCAEcatca0720251007142703165910
    [P_MID] => CAEcatca07
    [P_AUTH_DT] => 20251007143854
    [P_STATUS] => 02
    [P_TYPE] => VBANK
    [P_OID] => 251007-001
    [P_FN_CD1] => 11
    [P_FN_CD2] => 
    [P_FN_NM] => NH농협은행
    [P_AMT] => 3000
    [P_UNAME] => 정영미
    [P_RMESG1] => P_VACCT_NO=79014507771582|P_EXP_DT=20251017
    [P_RMESG2] => 
    [P_NOTI] => 
    [P_AUTH_NO] => 
)

 Array
(
    [PageCall time] => 14:48:14
    [P_TID] => INIMX_VBNKCAEcatca0720251007144225805031
    [P_MID] => CAEcatca07
    [P_AUTH_DT] => 20251007144814
    [P_STATUS] => 02
    [P_TYPE] => VBANK
    [P_OID] => 251007-002
    [P_FN_CD1] => 81
    [P_FN_CD2] => 
    [P_FN_NM] => 하나은행
    [P_AMT] => 3000
    [P_UNAME] => 정미정
    [P_RMESG1] => P_VACCT_NO=20893812917937|P_EXP_DT=20251017
    [P_RMESG2] => 
    [P_NOTI] => 
    [P_AUTH_NO] => 
)

 Array
(
    [PageCall time] => 19:56:44
    [P_TID] => INIMX_VBNKCAEcatca0720251007195351425338
    [P_MID] => CAEcatca07
    [P_AUTH_DT] => 20251007195644
    [P_STATUS] => 02
    [P_TYPE] => VBANK
    [P_OID] => 251007-003
    [P_FN_CD1] => 20
    [P_FN_CD2] => 
    [P_FN_NM] => 우리은행
    [P_AMT] => 3000
    [P_UNAME] => 양광진
    [P_RMESG1] => P_VACCT_NO=27490772818311|P_EXP_DT=20251017
    [P_RMESG2] => 
    [P_NOTI] => 
    [P_AUTH_NO] => 
)

 Array
(
    [PageCall time] => 20:03:48
    [P_TID] => INIMX_VBNKCAEcatca0720251007200254375183
    [P_MID] => CAEcatca07
    [P_AUTH_DT] => 20251007200348
    [P_STATUS] => 02
    [P_TYPE] => VBANK
    [P_OID] => 251007-004
    [P_FN_CD1] => 11
    [P_FN_CD2] => 
    [P_FN_NM] => NH농협은행
    [P_AMT] => 3000
    [P_UNAME] => 김지연
    [P_RMESG1] => P_VACCT_NO=79014507790114|P_EXP_DT=20251017
    [P_RMESG2] => 
    [P_NOTI] => 
    [P_AUTH_NO] => 
)

 Array
(
    [PageCall time] => 20:50:12
    [P_TID] => INIMX_VBNKCAEcatca0720251007204731435648
    [P_MID] => CAEcatca07
    [P_AUTH_DT] => 20251007205012
    [P_STATUS] => 02
    [P_TYPE] => VBANK
    [P_OID] => 251007-005
    [P_FN_CD1] => 04
    [P_FN_CD2] => 
    [P_FN_NM] => KB국민은행
    [P_AMT] => 3000
    [P_UNAME] => 유근미
    [P_RMESG1] => P_VACCT_NO=96309078863414|P_EXP_DT=20251017
    [P_RMESG2] => 
    [P_NOTI] => 
    [P_AUTH_NO] => 
)

