 Array
(
    [PageCall time] => 00:25:09
    [P_TID] => INIMX_VBNKCAEcatca0720250624002232755046
    [P_MID] => CAEcatca07
    [P_AUTH_DT] => 20250624002508
    [P_STATUS] => 02
    [P_TYPE] => VBANK
    [P_OID] => 250624-001
    [P_FN_CD1] => 88
    [P_FN_CD2] => 
    [P_FN_NM] => 신한은행
    [P_AMT] => 3000
    [P_UNAME] => 허경준
    [P_RMESG1] => P_VACCT_NO=56211105313724|P_EXP_DT=20250704
    [P_RMESG2] => 
    [P_NOTI] => 
    [P_AUTH_NO] => 
)

 Array
(
    [PageCall time] => 01:19:19
    [P_TID] => INIMX_VBNKCAEcatca0720250623234603975054
    [P_MID] => CAEcatca07
    [P_AUTH_DT] => 20250624011919
    [P_STATUS] => 02
    [P_TYPE] => VBANK
    [P_OID] => 250623-060
    [P_FN_CD1] => 04
    [P_FN_CD2] => 
    [P_FN_NM] => KB국민은행
    [P_AMT] => 3000
    [P_UNAME] => 박지호
    [P_RMESG1] => P_VACCT_NO=70149014629614|P_EXP_DT=20250703
    [P_RMESG2] => 
    [P_NOTI] => 
    [P_AUTH_NO] => 
)

 Array
(
    [PageCall time] => 03:30:21
    [P_TID] => INIMX_VBNKCAEcatca0720250624032652755015
    [P_MID] => CAEcatca07
    [P_AUTH_DT] => 20250624033021
    [P_STATUS] => 02
    [P_TYPE] => VBANK
    [P_OID] => 250624-002
    [P_FN_CD1] => 20
    [P_FN_CD2] => 
    [P_FN_NM] => 우리은행
    [P_AMT] => 3000
    [P_UNAME] => 이나경
    [P_RMESG1] => P_VACCT_NO=27761458818082|P_EXP_DT=20250704
    [P_RMESG2] => 
    [P_NOTI] => 
    [P_AUTH_NO] => 
)

 Array
(
    [PageCall time] => 07:51:54
    [P_TID] => INIMX_VBNKCAEcatca0720250624074908915035
    [P_MID] => CAEcatca07
    [P_AUTH_DT] => 20250624075154
    [P_STATUS] => 02
    [P_TYPE] => VBANK
    [P_OID] => 250621-011
    [P_FN_CD1] => 03
    [P_FN_CD2] => 
    [P_FN_NM] => 기업은행
    [P_AMT] => 3000
    [P_UNAME] => 강지예
    [P_RMESG1] => P_VACCT_NO=07503414597100|P_EXP_DT=20250704
    [P_RMESG2] => 
    [P_NOTI] => 
    [P_AUTH_NO] => 
)

 Array
(
    [PageCall time] => 08:57:33
    [P_TID] => INIMX_VBNKCAEcatca0720250624085427984112
    [P_MID] => CAEcatca07
    [P_AUTH_DT] => 20250624085733
    [P_STATUS] => 02
    [P_TYPE] => VBANK
    [P_OID] => 250624-004
    [P_FN_CD1] => 03
    [P_FN_CD2] => 
    [P_FN_NM] => 기업은행
    [P_AMT] => 3000
    [P_UNAME] => 김영국
    [P_RMESG1] => P_VACCT_NO=07500027597243|P_EXP_DT=20250704
    [P_RMESG2] => 
    [P_NOTI] => 
    [P_AUTH_NO] => 
)

 Array
(
    [PageCall time] => 09:18:13
    [P_TID] => INIMX_VBNKCAEcatca0720250624091639325680
    [P_MID] => CAEcatca07
    [P_AUTH_DT] => 20250624091813
    [P_STATUS] => 02
    [P_TYPE] => VBANK
    [P_OID] => 250624-005
    [P_FN_CD1] => 11
    [P_FN_CD2] => 
    [P_FN_NM] => NH농협은행
    [P_AMT] => 3000
    [P_UNAME] => 옥은진
    [P_RMESG1] => P_VACCT_NO=79010590440953|P_EXP_DT=20250704
    [P_RMESG2] => 
    [P_NOTI] => 
    [P_AUTH_NO] => 
)

 Array
(
    [PageCall time] => 09:26:47
    [P_TID] => INIMX_VBNKCAEcatca0720250624092553375655
    [P_MID] => CAEcatca07
    [P_AUTH_DT] => 20250624092647
    [P_STATUS] => 02
    [P_TYPE] => VBANK
    [P_OID] => 250624-006
    [P_FN_CD1] => 11
    [P_FN_CD2] => 
    [P_FN_NM] => NH농협은행
    [P_AMT] => 3000
    [P_UNAME] => 김동관
    [P_RMESG1] => P_VACCT_NO=79010590443190|P_EXP_DT=20250704
    [P_RMESG2] => 
    [P_NOTI] => 
    [P_AUTH_NO] => 
)

 Array
(
    [PageCall time] => 10:10:35
    [P_TID] => INIMX_VBNKCAEcatca0720250624100943905106
    [P_MID] => CAEcatca07
    [P_AUTH_DT] => 20250624101035
    [P_STATUS] => 02
    [P_TYPE] => VBANK
    [P_OID] => 250624-008
    [P_FN_CD1] => 04
    [P_FN_CD2] => 
    [P_FN_NM] => KB국민은행
    [P_AMT] => 3000
    [P_UNAME] => 유윤희
    [P_RMESG1] => P_VACCT_NO=26119078409983|P_EXP_DT=20250704
    [P_RMESG2] => 
    [P_NOTI] => 
    [P_AUTH_NO] => 
)

 Array
(
    [PageCall time] => 10:18:42
    [P_TID] => INIMX_VBNKCAEcatca0720250624101529625629
    [P_MID] => CAEcatca07
    [P_AUTH_DT] => 20250624101842
    [P_STATUS] => 02
    [P_TYPE] => VBANK
    [P_OID] => 250624-009
    [P_FN_CD1] => 88
    [P_FN_CD2] => 
    [P_FN_NM] => 신한은행
    [P_AMT] => 3000
    [P_UNAME] => 김은주
    [P_RMESG1] => P_VACCT_NO=56211105324740|P_EXP_DT=20250704
    [P_RMESG2] => 
    [P_NOTI] => 
    [P_AUTH_NO] => 
)

 Array
(
    [PageCall time] => 10:45:43
    [P_TID] => INIMX_VBNKCAEcatca0720250624104506285489
    [P_MID] => CAEcatca07
    [P_AUTH_DT] => 20250624104543
    [P_STATUS] => 02
    [P_TYPE] => VBANK
    [P_OID] => 250624-010
    [P_FN_CD1] => 04
    [P_FN_CD2] => 
    [P_FN_NM] => KB국민은행
    [P_AMT] => 3000
    [P_UNAME] => 최예지
    [P_RMESG1] => P_VACCT_NO=26119078607114|P_EXP_DT=20250704
    [P_RMESG2] => 
    [P_NOTI] => 
    [P_AUTH_NO] => 
)

 Array
(
    [PageCall time] => 11:17:28
    [P_TID] => INIMX_VBNKCAEcatca0720250624111416235399
    [P_MID] => CAEcatca07
    [P_AUTH_DT] => 20250624111728
    [P_STATUS] => 02
    [P_TYPE] => VBANK
    [P_OID] => 250624-012
    [P_FN_CD1] => 11
    [P_FN_CD2] => 
    [P_FN_NM] => NH농협은행
    [P_AMT] => 3000
    [P_UNAME] => 이춘우
    [P_RMESG1] => P_VACCT_NO=79010590495670|P_EXP_DT=20250704
    [P_RMESG2] => 
    [P_NOTI] => 
    [P_AUTH_NO] => 
)

 Array
(
    [PageCall time] => 11:26:36
    [P_TID] => INIMX_VBNKCAEcatca0720250624112559345145
    [P_MID] => CAEcatca07
    [P_AUTH_DT] => 20250624112636
    [P_STATUS] => 02
    [P_TYPE] => VBANK
    [P_OID] => 250624-013
    [P_FN_CD1] => 04
    [P_FN_CD2] => 
    [P_FN_NM] => KB국민은행
    [P_AMT] => 3000
    [P_UNAME] => 장민주
    [P_RMESG1] => P_VACCT_NO=26119078768428|P_EXP_DT=20250704
    [P_RMESG2] => 
    [P_NOTI] => 
    [P_AUTH_NO] => 
)

 Array
(
    [PageCall time] => 11:45:18
    [P_TID] => INIMX_VBNKCAEcatca0720250624114139695749
    [P_MID] => CAEcatca07
    [P_AUTH_DT] => 20250624114518
    [P_STATUS] => 02
    [P_TYPE] => VBANK
    [P_OID] => 250624-003
    [P_FN_CD1] => 04
    [P_FN_CD2] => 
    [P_FN_NM] => KB국민은행
    [P_AMT] => 3000
    [P_UNAME] => 김명숙
    [P_RMESG1] => P_VACCT_NO=26159078000984|P_EXP_DT=20250704
    [P_RMESG2] => 
    [P_NOTI] => 
    [P_AUTH_NO] => 
)

 Array
(
    [PageCall time] => 12:15:16
    [P_TID] => INIMX_VBNKCAEcatca0720250624121135545698
    [P_MID] => CAEcatca07
    [P_AUTH_DT] => 20250624121516
    [P_STATUS] => 02
    [P_TYPE] => VBANK
    [P_OID] => 250624-015
    [P_FN_CD1] => 88
    [P_FN_CD2] => 
    [P_FN_NM] => 신한은행
    [P_AMT] => 3000
    [P_UNAME] => 김복주
    [P_RMESG1] => P_VACCT_NO=56211105338589|P_EXP_DT=20250704
    [P_RMESG2] => 
    [P_NOTI] => 
    [P_AUTH_NO] => 
)

 Array
(
    [PageCall time] => 13:55:42
    [P_TID] => INIMX_VBNKCAEcatca0720250624135457214811
    [P_MID] => CAEcatca07
    [P_AUTH_DT] => 20250624135542
    [P_STATUS] => 02
    [P_TYPE] => VBANK
    [P_OID] => 250624-018
    [P_FN_CD1] => 04
    [P_FN_CD2] => 
    [P_FN_NM] => KB국민은행
    [P_AMT] => 3000
    [P_UNAME] => 이우경
    [P_RMESG1] => P_VACCT_NO=88069011987636|P_EXP_DT=20250704
    [P_RMESG2] => 
    [P_NOTI] => 
    [P_AUTH_NO] => 
)

 Array
(
    [PageCall time] => 14:09:55
    [P_TID] => INIMX_VBNKCAEcatca0720250624140642584644
    [P_MID] => CAEcatca07
    [P_AUTH_DT] => 20250624140955
    [P_STATUS] => 02
    [P_TYPE] => VBANK
    [P_OID] => 250624-019
    [P_FN_CD1] => 88
    [P_FN_CD2] => 
    [P_FN_NM] => 신한은행
    [P_AMT] => 3000
    [P_UNAME] => 최현진
    [P_RMESG1] => P_VACCT_NO=56211121721865|P_EXP_DT=20250704
    [P_RMESG2] => 
    [P_NOTI] => 
    [P_AUTH_NO] => 
)

 Array
(
    [PageCall time] => 14:41:35
    [P_TID] => INIMX_VBNKCAEcatca0720250624143702294188
    [P_MID] => CAEcatca07
    [P_AUTH_DT] => 20250624144135
    [P_STATUS] => 02
    [P_TYPE] => VBANK
    [P_OID] => 250624-021
    [P_FN_CD1] => 88
    [P_FN_CD2] => 
    [P_FN_NM] => 신한은행
    [P_AMT] => 3000
    [P_UNAME] => 임서현
    [P_RMESG1] => P_VACCT_NO=56211121724524|P_EXP_DT=20250704
    [P_RMESG2] => 
    [P_NOTI] => 
    [P_AUTH_NO] => 
)

 Array
(
    [PageCall time] => 14:43:56
    [P_TID] => INIMX_VBNKCAEcatca0720250624143739734121
    [P_MID] => CAEcatca07
    [P_AUTH_DT] => 20250624144356
    [P_STATUS] => 02
    [P_TYPE] => VBANK
    [P_OID] => 250624-020
    [P_FN_CD1] => 04
    [P_FN_CD2] => 
    [P_FN_NM] => KB국민은행
    [P_AMT] => 3000
    [P_UNAME] => 이주희
    [P_RMESG1] => P_VACCT_NO=88269011019449|P_EXP_DT=20250704
    [P_RMESG2] => 
    [P_NOTI] => 
    [P_AUTH_NO] => 
)

 Array
(
    [PageCall time] => 14:44:10
    [P_TID] => INIMX_VBNKCAEcatca0720250624144055504099
    [P_MID] => CAEcatca07
    [P_AUTH_DT] => 20250624144410
    [P_STATUS] => 02
    [P_TYPE] => VBANK
    [P_OID] => 250624-022
    [P_FN_CD1] => 88
    [P_FN_CD2] => 
    [P_FN_NM] => 신한은행
    [P_AMT] => 3000
    [P_UNAME] => 한아름
    [P_RMESG1] => P_VACCT_NO=56211121724702|P_EXP_DT=20250704
    [P_RMESG2] => 
    [P_NOTI] => 
    [P_AUTH_NO] => 
)

 Array
(
    [PageCall time] => 14:48:11
    [P_TID] => INIMX_VBNKCAEcatca0720250624144530615519
    [P_MID] => CAEcatca07
    [P_AUTH_DT] => 20250624144811
    [P_STATUS] => 02
    [P_TYPE] => VBANK
    [P_OID] => 250624-023
    [P_FN_CD1] => 89
    [P_FN_CD2] => 
    [P_FN_NM] => 케이뱅크
    [P_AMT] => 3000
    [P_UNAME] => 김덕수
    [P_RMESG1] => P_VACCT_NO=70112003830492|P_EXP_DT=20250704
    [P_RMESG2] => 
    [P_NOTI] => 
    [P_AUTH_NO] => 
)

 Array
(
    [PageCall time] => 16:51:52
    [P_TID] => INIMX_VBNKCAEcatca0720250624164914274131
    [P_MID] => CAEcatca07
    [P_AUTH_DT] => 20250624165152
    [P_STATUS] => 02
    [P_TYPE] => VBANK
    [P_OID] => 250624-027
    [P_FN_CD1] => 88
    [P_FN_CD2] => 
    [P_FN_NM] => 신한은행
    [P_AMT] => 3000
    [P_UNAME] => 부경남
    [P_RMESG1] => P_VACCT_NO=56211121725955|P_EXP_DT=20250704
    [P_RMESG2] => 
    [P_NOTI] => 
    [P_AUTH_NO] => 
)

 Array
(
    [PageCall time] => 18:14:06
    [P_TID] => INIMX_VBNKCAEcatca0720250624181040165797
    [P_MID] => CAEcatca07
    [P_AUTH_DT] => 20250624181406
    [P_STATUS] => 02
    [P_TYPE] => VBANK
    [P_OID] => 250624-030
    [P_FN_CD1] => 03
    [P_FN_CD2] => 
    [P_FN_NM] => 기업은행
    [P_AMT] => 3000
    [P_UNAME] => 박춘성
    [P_RMESG1] => P_VACCT_NO=07503418597118|P_EXP_DT=20250704
    [P_RMESG2] => 
    [P_NOTI] => 
    [P_AUTH_NO] => 
)

 Array
(
    [PageCall time] => 18:39:23
    [P_TID] => INIMX_VBNKCAEcatca0720250624183819325700
    [P_MID] => CAEcatca07
    [P_AUTH_DT] => 20250624183923
    [P_STATUS] => 02
    [P_TYPE] => VBANK
    [P_OID] => 250624-032
    [P_FN_CD1] => 11
    [P_FN_CD2] => 
    [P_FN_NM] => NH농협은행
    [P_AMT] => 3000
    [P_UNAME] => 이해섭
    [P_RMESG1] => P_VACCT_NO=79010590588439|P_EXP_DT=20250704
    [P_RMESG2] => 
    [P_NOTI] => 
    [P_AUTH_NO] => 
)

 Array
(
    [PageCall time] => 18:51:39
    [P_TID] => INIMX_VBNKCAEcatca0720250624184900315483
    [P_MID] => CAEcatca07
    [P_AUTH_DT] => 20250624185139
    [P_STATUS] => 02
    [P_TYPE] => VBANK
    [P_OID] => 250624-033
    [P_FN_CD1] => 88
    [P_FN_CD2] => 
    [P_FN_NM] => 신한은행
    [P_AMT] => 3000
    [P_UNAME] => 윤래경
    [P_RMESG1] => P_VACCT_NO=56211105360668|P_EXP_DT=20250704
    [P_RMESG2] => 
    [P_NOTI] => 
    [P_AUTH_NO] => 
)

 Array
(
    [PageCall time] => 19:13:04
    [P_TID] => INIMX_VBNKCAEcatca0720250624191228805433
    [P_MID] => CAEcatca07
    [P_AUTH_DT] => 20250624191304
    [P_STATUS] => 02
    [P_TYPE] => VBANK
    [P_OID] => 250624-034
    [P_FN_CD1] => 11
    [P_FN_CD2] => 
    [P_FN_NM] => NH농협은행
    [P_AMT] => 3000
    [P_UNAME] => 조은영
    [P_RMESG1] => P_VACCT_NO=79010590592765|P_EXP_DT=20250704
    [P_RMESG2] => 
    [P_NOTI] => 
    [P_AUTH_NO] => 
)

 Array
(
    [PageCall time] => 20:28:39
    [P_TID] => INIMX_VBNKCAEcatca0720250624202544635725
    [P_MID] => CAEcatca07
    [P_AUTH_DT] => 20250624202839
    [P_STATUS] => 02
    [P_TYPE] => VBANK
    [P_OID] => 250624-026
    [P_FN_CD1] => 88
    [P_FN_CD2] => 
    [P_FN_NM] => 신한은행
    [P_AMT] => 3000
    [P_UNAME] => 김홍이
    [P_RMESG1] => P_VACCT_NO=56211105366470|P_EXP_DT=20250704
    [P_RMESG2] => 
    [P_NOTI] => 
    [P_AUTH_NO] => 
)

 Array
(
    [PageCall time] => 20:44:27
    [P_TID] => INIMX_VBNKCAEcatca0720250624204141965263
    [P_MID] => CAEcatca07
    [P_AUTH_DT] => 20250624204427
    [P_STATUS] => 02
    [P_TYPE] => VBANK
    [P_OID] => 250624-035
    [P_FN_CD1] => 31
    [P_FN_CD2] => 
    [P_FN_NM] => 아이엠뱅크(대구은행)
    [P_AMT] => 3000
    [P_UNAME] => 방승현
    [P_RMESG1] => P_VACCT_NO=9600363091298|P_EXP_DT=20250704
    [P_RMESG2] => 
    [P_NOTI] => 
    [P_AUTH_NO] => 
)

 Array
(
    [PageCall time] => 21:31:56
    [P_TID] => INIMX_VBNKCAEcatca0720250624212850685683
    [P_MID] => CAEcatca07
    [P_AUTH_DT] => 20250624213156
    [P_STATUS] => 02
    [P_TYPE] => VBANK
    [P_OID] => 250624-038
    [P_FN_CD1] => 20
    [P_FN_CD2] => 
    [P_FN_NM] => 우리은행
    [P_AMT] => 3000
    [P_UNAME] => 이장민
    [P_RMESG1] => P_VACCT_NO=27762865618474|P_EXP_DT=20250704
    [P_RMESG2] => 
    [P_NOTI] => 
    [P_AUTH_NO] => 
)

 Array
(
    [PageCall time] => 21:33:59
    [P_TID] => INIMX_VBNKCAEcatca0720250624213115835674
    [P_MID] => CAEcatca07
    [P_AUTH_DT] => 20250624213359
    [P_STATUS] => 02
    [P_TYPE] => VBANK
    [P_OID] => 250624-036
    [P_FN_CD1] => 07
    [P_FN_CD2] => 
    [P_FN_NM] => 수협은행
    [P_AMT] => 3000
    [P_UNAME] => 윤민현
    [P_RMESG1] => P_VACCT_NO=06640082733157|P_EXP_DT=20250704
    [P_RMESG2] => 
    [P_NOTI] => 
    [P_AUTH_NO] => 
)

 Array
(
    [PageCall time] => 23:07:25
    [P_TID] => INIMX_VBNKCAEcatca0720250624230656195723
    [P_MID] => CAEcatca07
    [P_AUTH_DT] => 20250624230725
    [P_STATUS] => 02
    [P_TYPE] => VBANK
    [P_OID] => 250623-051
    [P_FN_CD1] => 04
    [P_FN_CD2] => 
    [P_FN_NM] => KB국민은행
    [P_AMT] => 3000
    [P_UNAME] => 이채윤
    [P_RMESG1] => P_VACCT_NO=70149014689120|P_EXP_DT=20250704
    [P_RMESG2] => 
    [P_NOTI] => 
    [P_AUTH_NO] => 
)

 Array
(
    [PageCall time] => 23:33:52
    [P_TID] => INIMX_VBNKCAEcatca0720250624232822945099
    [P_MID] => CAEcatca07
    [P_AUTH_DT] => 20250624233352
    [P_STATUS] => 02
    [P_TYPE] => VBANK
    [P_OID] => 250624-040
    [P_FN_CD1] => 81
    [P_FN_CD2] => 
    [P_FN_NM] => 하나은행
    [P_AMT] => 3000
    [P_UNAME] => 정미정
    [P_RMESG1] => P_VACCT_NO=20894316554037|P_EXP_DT=20250704
    [P_RMESG2] => 
    [P_NOTI] => 
    [P_AUTH_NO] => 
)

