 Array
(
    [PageCall time] => 06:49:40
    [P_TID] => INIMX_VBNKCAEcatca0720250617064828495667
    [P_MID] => CAEcatca07
    [P_AUTH_DT] => 20250617064940
    [P_STATUS] => 02
    [P_TYPE] => VBANK
    [P_OID] => 250617-002
    [P_FN_CD1] => 11
    [P_FN_CD2] => 
    [P_FN_NM] => NH농협은행
    [P_AMT] => 3000
    [P_UNAME] => 이제연
    [P_RMESG1] => P_VACCT_NO=79010588684512|P_EXP_DT=20250627
    [P_RMESG2] => 
    [P_NOTI] => 
    [P_AUTH_NO] => 
)

 Array
(
    [PageCall time] => 07:54:48
    [P_TID] => INIMX_VBNKCAEcatca0720250617075334855722
    [P_MID] => CAEcatca07
    [P_AUTH_DT] => 20250617075448
    [P_STATUS] => 02
    [P_TYPE] => VBANK
    [P_OID] => 250617-003
    [P_FN_CD1] => 11
    [P_FN_CD2] => 
    [P_FN_NM] => NH농협은행
    [P_AMT] => 3000
    [P_UNAME] => 권서현
    [P_RMESG1] => P_VACCT_NO=79010588690021|P_EXP_DT=20250627
    [P_RMESG2] => 
    [P_NOTI] => 
    [P_AUTH_NO] => 
)

 Array
(
    [PageCall time] => 09:15:35
    [P_TID] => INIMX_VBNKCAEcatca0720250617091224905013
    [P_MID] => CAEcatca07
    [P_AUTH_DT] => 20250617091535
    [P_STATUS] => 02
    [P_TYPE] => VBANK
    [P_OID] => 250617-004
    [P_FN_CD1] => 88
    [P_FN_CD2] => 
    [P_FN_NM] => 신한은행
    [P_AMT] => 3000
    [P_UNAME] => 이기영
    [P_RMESG1] => P_VACCT_NO=56211104855595|P_EXP_DT=20250627
    [P_RMESG2] => 
    [P_NOTI] => 
    [P_AUTH_NO] => 
)

 Array
(
    [PageCall time] => 09:27:01
    [P_TID] => INIMX_VBNKCAEcatca0720250617092420755250
    [P_MID] => CAEcatca07
    [P_AUTH_DT] => 20250617092701
    [P_STATUS] => 02
    [P_TYPE] => VBANK
    [P_OID] => 250617-005
    [P_FN_CD1] => 20
    [P_FN_CD2] => 
    [P_FN_NM] => 우리은행
    [P_AMT] => 3000
    [P_UNAME] => 권아영
    [P_RMESG1] => P_VACCT_NO=27491565818855|P_EXP_DT=20250627
    [P_RMESG2] => 
    [P_NOTI] => 
    [P_AUTH_NO] => 
)

 Array
(
    [PageCall time] => 09:59:28
    [P_TID] => INIMX_VBNKCAEcatca0720250617095746465720
    [P_MID] => CAEcatca07
    [P_AUTH_DT] => 20250617095928
    [P_STATUS] => 02
    [P_TYPE] => VBANK
    [P_OID] => 250617-006
    [P_FN_CD1] => 04
    [P_FN_CD2] => 
    [P_FN_NM] => KB국민은행
    [P_AMT] => 3000
    [P_UNAME] => 주복자
    [P_RMESG1] => P_VACCT_NO=26119078839665|P_EXP_DT=20250627
    [P_RMESG2] => 
    [P_NOTI] => 
    [P_AUTH_NO] => 
)

 Array
(
    [PageCall time] => 10:22:47
    [P_TID] => INIMX_VBNKCAEcatca0720250617101924865325
    [P_MID] => CAEcatca07
    [P_AUTH_DT] => 20250617102246
    [P_STATUS] => 02
    [P_TYPE] => VBANK
    [P_OID] => 250617-009
    [P_FN_CD1] => 31
    [P_FN_CD2] => 
    [P_FN_NM] => 아이엠뱅크(대구은행)
    [P_AMT] => 3000
    [P_UNAME] => 손애화
    [P_RMESG1] => P_VACCT_NO=9600363052615|P_EXP_DT=20250627
    [P_RMESG2] => 
    [P_NOTI] => 
    [P_AUTH_NO] => 
)

 Array
(
    [PageCall time] => 11:13:29
    [P_TID] => INIMX_VBNKCAEcatca0720250617111250575407
    [P_MID] => CAEcatca07
    [P_AUTH_DT] => 20250617111329
    [P_STATUS] => 02
    [P_TYPE] => VBANK
    [P_OID] => 250617-012
    [P_FN_CD1] => 04
    [P_FN_CD2] => 
    [P_FN_NM] => KB국민은행
    [P_AMT] => 3000
    [P_UNAME] => 김민우
    [P_RMESG1] => P_VACCT_NO=26119078296840|P_EXP_DT=20250627
    [P_RMESG2] => 
    [P_NOTI] => 
    [P_AUTH_NO] => 
)

 Array
(
    [PageCall time] => 12:06:05
    [P_TID] => INIMX_VBNKCAEcatca0720250617120520425098
    [P_MID] => CAEcatca07
    [P_AUTH_DT] => 20250617120605
    [P_STATUS] => 02
    [P_TYPE] => VBANK
    [P_OID] => 250617-017
    [P_FN_CD1] => 04
    [P_FN_CD2] => 
    [P_FN_NM] => KB국민은행
    [P_AMT] => 3000
    [P_UNAME] => 박민아
    [P_RMESG1] => P_VACCT_NO=26119078358094|P_EXP_DT=20250627
    [P_RMESG2] => 
    [P_NOTI] => 
    [P_AUTH_NO] => 
)

 Array
(
    [PageCall time] => 12:33:52
    [P_TID] => INIMX_VBNKCAEcatca0720250617122646955621
    [P_MID] => CAEcatca07
    [P_AUTH_DT] => 20250617123352
    [P_STATUS] => 02
    [P_TYPE] => VBANK
    [P_OID] => 250617-010
    [P_FN_CD1] => 20
    [P_FN_CD2] => 
    [P_FN_NM] => 우리은행
    [P_AMT] => 3000
    [P_UNAME] => 성낙영
    [P_RMESG1] => P_VACCT_NO=27491579618728|P_EXP_DT=20250627
    [P_RMESG2] => 
    [P_NOTI] => 
    [P_AUTH_NO] => 
)

 Array
(
    [PageCall time] => 12:49:34
    [P_TID] => INIMX_VBNKCAEcatca0720250617124823895709
    [P_MID] => CAEcatca07
    [P_AUTH_DT] => 20250617124934
    [P_STATUS] => 02
    [P_TYPE] => VBANK
    [P_OID] => 250617-018
    [P_FN_CD1] => 04
    [P_FN_CD2] => 
    [P_FN_NM] => KB국민은행
    [P_AMT] => 3000
    [P_UNAME] => 남궁예찬
    [P_RMESG1] => P_VACCT_NO=26119078397581|P_EXP_DT=20250627
    [P_RMESG2] => 
    [P_NOTI] => 
    [P_AUTH_NO] => 
)

 Array
(
    [PageCall time] => 13:15:16
    [P_TID] => INIMX_VBNKCAEcatca0720250617131152105911
    [P_MID] => CAEcatca07
    [P_AUTH_DT] => 20250617131516
    [P_STATUS] => 02
    [P_TYPE] => VBANK
    [P_OID] => 250617-019
    [P_FN_CD1] => 20
    [P_FN_CD2] => 
    [P_FN_NM] => 우리은행
    [P_AMT] => 3000
    [P_UNAME] => 백승희
    [P_RMESG1] => P_VACCT_NO=27491581018767|P_EXP_DT=20250627
    [P_RMESG2] => 
    [P_NOTI] => 
    [P_AUTH_NO] => 
)

 Array
(
    [PageCall time] => 13:35:05
    [P_TID] => INIMX_VBNKCAEcatca0720250617133406345809
    [P_MID] => CAEcatca07
    [P_AUTH_DT] => 20250617133505
    [P_STATUS] => 02
    [P_TYPE] => VBANK
    [P_OID] => 250617-020
    [P_FN_CD1] => 32
    [P_FN_CD2] => 
    [P_FN_NM] => 부산은행
    [P_AMT] => 3000
    [P_UNAME] => 최병찬
    [P_RMESG1] => P_VACCT_NO=109924740918|P_EXP_DT=20250627
    [P_RMESG2] => 
    [P_NOTI] => 
    [P_AUTH_NO] => 
)

 Array
(
    [PageCall time] => 14:32:45
    [P_TID] => INIMX_VBNKCAEcatca0720250617142955325851
    [P_MID] => CAEcatca07
    [P_AUTH_DT] => 20250617143245
    [P_STATUS] => 02
    [P_TYPE] => VBANK
    [P_OID] => 250617-023
    [P_FN_CD1] => 31
    [P_FN_CD2] => 
    [P_FN_NM] => 아이엠뱅크(대구은행)
    [P_AMT] => 3000
    [P_UNAME] => 서병수
    [P_RMESG1] => P_VACCT_NO=9600363054705|P_EXP_DT=20250627
    [P_RMESG2] => 
    [P_NOTI] => 
    [P_AUTH_NO] => 
)

 Array
(
    [PageCall time] => 15:04:45
    [P_TID] => INIMX_VBNKCAEcatca0720250617150337495111
    [P_MID] => CAEcatca07
    [P_AUTH_DT] => 20250617150445
    [P_STATUS] => 02
    [P_TYPE] => VBANK
    [P_OID] => 250617-026
    [P_FN_CD1] => 04
    [P_FN_CD2] => 
    [P_FN_NM] => KB국민은행
    [P_AMT] => 3000
    [P_UNAME] => 김경민
    [P_RMESG1] => P_VACCT_NO=26159078033025|P_EXP_DT=20250627
    [P_RMESG2] => 
    [P_NOTI] => 
    [P_AUTH_NO] => 
)

 Array
(
    [PageCall time] => 15:06:47
    [P_TID] => INIMX_VBNKCAEcatca0720250617150350635861
    [P_MID] => CAEcatca07
    [P_AUTH_DT] => 20250617150647
    [P_STATUS] => 02
    [P_TYPE] => VBANK
    [P_OID] => 250617-025
    [P_FN_CD1] => 31
    [P_FN_CD2] => 
    [P_FN_NM] => 아이엠뱅크(대구은행)
    [P_AMT] => 3000
    [P_UNAME] => 김은옥
    [P_RMESG1] => P_VACCT_NO=9600363055009|P_EXP_DT=20250627
    [P_RMESG2] => 
    [P_NOTI] => 
    [P_AUTH_NO] => 
)

 Array
(
    [PageCall time] => 15:21:37
    [P_TID] => INIMX_VBNKCAEcatca0720250617152108665240
    [P_MID] => CAEcatca07
    [P_AUTH_DT] => 20250617152137
    [P_STATUS] => 02
    [P_TYPE] => VBANK
    [P_OID] => 250617-028
    [P_FN_CD1] => 04
    [P_FN_CD2] => 
    [P_FN_NM] => KB국민은행
    [P_AMT] => 3000
    [P_UNAME] => 엄재숙
    [P_RMESG1] => P_VACCT_NO=26159078050187|P_EXP_DT=20250627
    [P_RMESG2] => 
    [P_NOTI] => 
    [P_AUTH_NO] => 
)

 Array
(
    [PageCall time] => 16:30:02
    [P_TID] => INIMX_VBNKCAEcatca0720250617162736935970
    [P_MID] => CAEcatca07
    [P_AUTH_DT] => 20250617163002
    [P_STATUS] => 02
    [P_TYPE] => VBANK
    [P_OID] => 250617-029
    [P_FN_CD1] => 88
    [P_FN_CD2] => 
    [P_FN_NM] => 신한은행
    [P_AMT] => 3000
    [P_UNAME] => 천재령
    [P_RMESG1] => P_VACCT_NO=56211104915954|P_EXP_DT=20250627
    [P_RMESG2] => 
    [P_NOTI] => 
    [P_AUTH_NO] => 
)

 Array
(
    [PageCall time] => 16:37:04
    [P_TID] => INIMX_VBNKCAEcatca0720250617163636565626
    [P_MID] => CAEcatca07
    [P_AUTH_DT] => 20250617163704
    [P_STATUS] => 02
    [P_TYPE] => VBANK
    [P_OID] => 250617-016
    [P_FN_CD1] => 04
    [P_FN_CD2] => 
    [P_FN_NM] => KB국민은행
    [P_AMT] => 3000
    [P_UNAME] => 김희연
    [P_RMESG1] => P_VACCT_NO=60489014534152|P_EXP_DT=20250627
    [P_RMESG2] => 
    [P_NOTI] => 
    [P_AUTH_NO] => 
)

 Array
(
    [PageCall time] => 17:18:26
    [P_TID] => INIMX_VBNKCAEcatca0720250617171802205919
    [P_MID] => CAEcatca07
    [P_AUTH_DT] => 20250617171826
    [P_STATUS] => 02
    [P_TYPE] => VBANK
    [P_OID] => 250611-017
    [P_FN_CD1] => 11
    [P_FN_CD2] => 
    [P_FN_NM] => NH농협은행
    [P_AMT] => 3000
    [P_UNAME] => 김현지
    [P_RMESG1] => P_VACCT_NO=79010588795401|P_EXP_DT=20250627
    [P_RMESG2] => 
    [P_NOTI] => 
    [P_AUTH_NO] => 
)

 Array
(
    [PageCall time] => 18:00:34
    [P_TID] => INIMX_VBNKCAEcatca0720250617175641505701
    [P_MID] => CAEcatca07
    [P_AUTH_DT] => 20250617180034
    [P_STATUS] => 02
    [P_TYPE] => VBANK
    [P_OID] => 250617-033
    [P_FN_CD1] => 81
    [P_FN_CD2] => 
    [P_FN_NM] => 하나은행
    [P_AMT] => 3000
    [P_UNAME] => 이은영
    [P_RMESG1] => P_VACCT_NO=20894110934537|P_EXP_DT=20250627
    [P_RMESG2] => 
    [P_NOTI] => 
    [P_AUTH_NO] => 
)

 Array
(
    [PageCall time] => 18:33:55
    [P_TID] => INIMX_VBNKCAEcatca0720250617183315795524
    [P_MID] => CAEcatca07
    [P_AUTH_DT] => 20250617183355
    [P_STATUS] => 02
    [P_TYPE] => VBANK
    [P_OID] => 250617-034
    [P_FN_CD1] => 04
    [P_FN_CD2] => 
    [P_FN_NM] => KB국민은행
    [P_AMT] => 3000
    [P_UNAME] => 이선미
    [P_RMESG1] => P_VACCT_NO=70149014344308|P_EXP_DT=20250627
    [P_RMESG2] => 
    [P_NOTI] => 
    [P_AUTH_NO] => 
)

 Array
(
    [PageCall time] => 19:45:51
    [P_TID] => INIMX_VBNKCAEcatca0720250617193748255954
    [P_MID] => CAEcatca07
    [P_AUTH_DT] => 20250617194551
    [P_STATUS] => 02
    [P_TYPE] => VBANK
    [P_OID] => 250617-035
    [P_FN_CD1] => 89
    [P_FN_CD2] => 
    [P_FN_NM] => 케이뱅크
    [P_AMT] => 3000
    [P_UNAME] => 한대희
    [P_RMESG1] => P_VACCT_NO=70112003781699|P_EXP_DT=20250627
    [P_RMESG2] => 
    [P_NOTI] => 
    [P_AUTH_NO] => 
)

 Array
(
    [PageCall time] => 20:59:58
    [P_TID] => INIMX_VBNKCAEcatca0720250617205633765483
    [P_MID] => CAEcatca07
    [P_AUTH_DT] => 20250617205958
    [P_STATUS] => 02
    [P_TYPE] => VBANK
    [P_OID] => 250617-036
    [P_FN_CD1] => 88
    [P_FN_CD2] => 
    [P_FN_NM] => 신한은행
    [P_AMT] => 3000
    [P_UNAME] => 이재영
    [P_RMESG1] => P_VACCT_NO=56211104936727|P_EXP_DT=20250627
    [P_RMESG2] => 
    [P_NOTI] => 
    [P_AUTH_NO] => 
)

 Array
(
    [PageCall time] => 21:23:31
    [P_TID] => INIMX_VBNKCAEcatca0720250617212246295247
    [P_MID] => CAEcatca07
    [P_AUTH_DT] => 20250617212331
    [P_STATUS] => 02
    [P_TYPE] => VBANK
    [P_OID] => 250617-037
    [P_FN_CD1] => 04
    [P_FN_CD2] => 
    [P_FN_NM] => KB국민은행
    [P_AMT] => 3000
    [P_UNAME] => 이단비
    [P_RMESG1] => P_VACCT_NO=70149014358169|P_EXP_DT=20250627
    [P_RMESG2] => 
    [P_NOTI] => 
    [P_AUTH_NO] => 
)

 Array
(
    [PageCall time] => 22:04:00
    [P_TID] => INIMX_VBNKCAEcatca0720250617220237815192
    [P_MID] => CAEcatca07
    [P_AUTH_DT] => 20250617220400
    [P_STATUS] => 02
    [P_TYPE] => VBANK
    [P_OID] => 250617-038
    [P_FN_CD1] => 11
    [P_FN_CD2] => 
    [P_FN_NM] => NH농협은행
    [P_AMT] => 3000
    [P_UNAME] => 염효인
    [P_RMESG1] => P_VACCT_NO=79010588828133|P_EXP_DT=20250627
    [P_RMESG2] => 
    [P_NOTI] => 
    [P_AUTH_NO] => 
)

