 Array
(
    [PageCall time] => 08:21:57
    [P_TID] => INIMX_VBNKCAEcatca0720250618105646885059
    [P_MID] => CAEcatca07
    [P_AUTH_DT] => 20250619082157
    [P_STATUS] => 02
    [P_TYPE] => VBANK
    [P_OID] => 250618-017
    [P_FN_CD1] => 81
    [P_FN_CD2] => 
    [P_FN_NM] => 하나은행
    [P_AMT] => 3000
    [P_UNAME] => 오혜진
    [P_RMESG1] => P_VACCT_NO=20894120131537|P_EXP_DT=20250628
    [P_RMESG2] => 
    [P_NOTI] => 
    [P_AUTH_NO] => 
)

 Array
(
    [PageCall time] => 09:11:57
    [P_TID] => INIMX_VBNKCAEcatca0720250619091059394875
    [P_MID] => CAEcatca07
    [P_AUTH_DT] => 20250619091157
    [P_STATUS] => 02
    [P_TYPE] => VBANK
    [P_OID] => 250619-001
    [P_FN_CD1] => 11
    [P_FN_CD2] => 
    [P_FN_NM] => NH농협은행
    [P_AMT] => 3000
    [P_UNAME] => 박정수
    [P_RMESG1] => P_VACCT_NO=79003193543311|P_EXP_DT=20250629
    [P_RMESG2] => 
    [P_NOTI] => 
    [P_AUTH_NO] => 
)

 Array
(
    [PageCall time] => 10:19:27
    [P_TID] => INIMX_VBNKCAEcatca0720250619101637934710
    [P_MID] => CAEcatca07
    [P_AUTH_DT] => 20250619101927
    [P_STATUS] => 02
    [P_TYPE] => VBANK
    [P_OID] => 250619-002
    [P_FN_CD1] => 03
    [P_FN_CD2] => 
    [P_FN_NM] => 기업은행
    [P_AMT] => 3000
    [P_UNAME] => 김예슬
    [P_RMESG1] => P_VACCT_NO=07503448297831|P_EXP_DT=20250629
    [P_RMESG2] => 
    [P_NOTI] => 
    [P_AUTH_NO] => 
)

 Array
(
    [PageCall time] => 10:20:12
    [P_TID] => INIMX_VBNKCAEcatca0720250619101930374094
    [P_MID] => CAEcatca07
    [P_AUTH_DT] => 20250619102012
    [P_STATUS] => 02
    [P_TYPE] => VBANK
    [P_OID] => 250619-003
    [P_FN_CD1] => 04
    [P_FN_CD2] => 
    [P_FN_NM] => KB국민은행
    [P_AMT] => 3000
    [P_UNAME] => 김진호
    [P_RMESG1] => P_VACCT_NO=88069011852703|P_EXP_DT=20250629
    [P_RMESG2] => 
    [P_NOTI] => 
    [P_AUTH_NO] => 
)

 Array
(
    [PageCall time] => 11:03:30
    [P_TID] => INIMX_VBNKCAEcatca0720250619110018104908
    [P_MID] => CAEcatca07
    [P_AUTH_DT] => 20250619110330
    [P_STATUS] => 02
    [P_TYPE] => VBANK
    [P_OID] => 250619-004
    [P_FN_CD1] => 03
    [P_FN_CD2] => 
    [P_FN_NM] => 기업은행
    [P_AMT] => 3000
    [P_UNAME] => 염혜정
    [P_RMESG1] => P_VACCT_NO=07503448697098|P_EXP_DT=20250629
    [P_RMESG2] => 
    [P_NOTI] => 
    [P_AUTH_NO] => 
)

 Array
(
    [PageCall time] => 11:12:07
    [P_TID] => INIMX_VBNKCAEcatca0720250619110911684839
    [P_MID] => CAEcatca07
    [P_AUTH_DT] => 20250619111206
    [P_STATUS] => 02
    [P_TYPE] => VBANK
    [P_OID] => 250619-005
    [P_FN_CD1] => 11
    [P_FN_CD2] => 
    [P_FN_NM] => NH농협은행
    [P_AMT] => 3000
    [P_UNAME] => 정종원
    [P_RMESG1] => P_VACCT_NO=79003193593958|P_EXP_DT=20250629
    [P_RMESG2] => 
    [P_NOTI] => 
    [P_AUTH_NO] => 
)

 Array
(
    [PageCall time] => 12:06:53
    [P_TID] => INIMX_VBNKCAEcatca0720250619120425844390
    [P_MID] => CAEcatca07
    [P_AUTH_DT] => 20250619120653
    [P_STATUS] => 02
    [P_TYPE] => VBANK
    [P_OID] => 250619-010
    [P_FN_CD1] => 03
    [P_FN_CD2] => 
    [P_FN_NM] => 기업은행
    [P_AMT] => 3000
    [P_UNAME] => 최용주
    [P_RMESG1] => P_VACCT_NO=07500006097602|P_EXP_DT=20250629
    [P_RMESG2] => 
    [P_NOTI] => 
    [P_AUTH_NO] => 
)

 Array
(
    [PageCall time] => 12:37:39
    [P_TID] => INIMX_VBNKCAEcatca0720250619123600534308
    [P_MID] => CAEcatca07
    [P_AUTH_DT] => 20250619123739
    [P_STATUS] => 02
    [P_TYPE] => VBANK
    [P_OID] => 250619-009
    [P_FN_CD1] => 11
    [P_FN_CD2] => 
    [P_FN_NM] => NH농협은행
    [P_AMT] => 3000
    [P_UNAME] => 한준구
    [P_RMESG1] => P_VACCT_NO=79003193624920|P_EXP_DT=20250629
    [P_RMESG2] => 
    [P_NOTI] => 
    [P_AUTH_NO] => 
)

 Array
(
    [PageCall time] => 13:14:52
    [P_TID] => INIMX_VBNKCAEcatca0720250619131215264695
    [P_MID] => CAEcatca07
    [P_AUTH_DT] => 20250619131452
    [P_STATUS] => 02
    [P_TYPE] => VBANK
    [P_OID] => 250619-011
    [P_FN_CD1] => 03
    [P_FN_CD2] => 
    [P_FN_NM] => 기업은행
    [P_AMT] => 3000
    [P_UNAME] => 김민정
    [P_RMESG1] => P_VACCT_NO=07500008297111|P_EXP_DT=20250629
    [P_RMESG2] => 
    [P_NOTI] => 
    [P_AUTH_NO] => 
)

 Array
(
    [PageCall time] => 13:36:14
    [P_TID] => INIMX_VBNKCAEcatca0720250619133235314668
    [P_MID] => CAEcatca07
    [P_AUTH_DT] => 20250619133614
    [P_STATUS] => 02
    [P_TYPE] => VBANK
    [P_OID] => 250619-007
    [P_FN_CD1] => 11
    [P_FN_CD2] => 
    [P_FN_NM] => NH농협은행
    [P_AMT] => 3000
    [P_UNAME] => 이순옥
    [P_RMESG1] => P_VACCT_NO=79003193642260|P_EXP_DT=20250629
    [P_RMESG2] => 
    [P_NOTI] => 
    [P_AUTH_NO] => 
)

 Array
(
    [PageCall time] => 14:12:33
    [P_TID] => INIMX_VBNKCAEcatca0720250619141037924360
    [P_MID] => CAEcatca07
    [P_AUTH_DT] => 20250619141233
    [P_STATUS] => 02
    [P_TYPE] => VBANK
    [P_OID] => 250619-014
    [P_FN_CD1] => 04
    [P_FN_CD2] => 
    [P_FN_NM] => KB국민은행
    [P_AMT] => 3000
    [P_UNAME] => 김잔듸
    [P_RMESG1] => P_VACCT_NO=88069011918801|P_EXP_DT=20250629
    [P_RMESG2] => 
    [P_NOTI] => 
    [P_AUTH_NO] => 
)

 Array
(
    [PageCall time] => 14:39:31
    [P_TID] => INIMX_VBNKCAEcatca0720250619143634464849
    [P_MID] => CAEcatca07
    [P_AUTH_DT] => 20250619143931
    [P_STATUS] => 02
    [P_TYPE] => VBANK
    [P_OID] => 250619-016
    [P_FN_CD1] => 81
    [P_FN_CD2] => 
    [P_FN_NM] => 하나은행
    [P_AMT] => 3000
    [P_UNAME] => 박진영
    [P_RMESG1] => P_VACCT_NO=58392104610037|P_EXP_DT=20250629
    [P_RMESG2] => 
    [P_NOTI] => 
    [P_AUTH_NO] => 
)

 Array
(
    [PageCall time] => 14:39:51
    [P_TID] => INIMX_VBNKCAEcatca0720250619143740204921
    [P_MID] => CAEcatca07
    [P_AUTH_DT] => 20250619143951
    [P_STATUS] => 02
    [P_TYPE] => VBANK
    [P_OID] => 250619-015
    [P_FN_CD1] => 11
    [P_FN_CD2] => 
    [P_FN_NM] => NH농협은행
    [P_AMT] => 3000
    [P_UNAME] => 구나연
    [P_RMESG1] => P_VACCT_NO=79003193666299|P_EXP_DT=20250629
    [P_RMESG2] => 
    [P_NOTI] => 
    [P_AUTH_NO] => 
)

 Array
(
    [PageCall time] => 14:40:44
    [P_TID] => INIMX_VBNKCAEcatca0720250619144006224633
    [P_MID] => CAEcatca07
    [P_AUTH_DT] => 20250619144044
    [P_STATUS] => 02
    [P_TYPE] => VBANK
    [P_OID] => 250619-018
    [P_FN_CD1] => 04
    [P_FN_CD2] => 
    [P_FN_NM] => KB국민은행
    [P_AMT] => 3000
    [P_UNAME] => 손성기
    [P_RMESG1] => P_VACCT_NO=88069011926909|P_EXP_DT=20250629
    [P_RMESG2] => 
    [P_NOTI] => 
    [P_AUTH_NO] => 
)

 Array
(
    [PageCall time] => 14:42:43
    [P_TID] => INIMX_VBNKCAEcatca0720250619143952404543
    [P_MID] => CAEcatca07
    [P_AUTH_DT] => 20250619144243
    [P_STATUS] => 02
    [P_TYPE] => VBANK
    [P_OID] => 250619-017
    [P_FN_CD1] => 03
    [P_FN_CD2] => 
    [P_FN_NM] => 기업은행
    [P_AMT] => 3000
    [P_UNAME] => 신광무
    [P_RMESG1] => P_VACCT_NO=07500020097666|P_EXP_DT=20250629
    [P_RMESG2] => 
    [P_NOTI] => 
    [P_AUTH_NO] => 
)

 Array
(
    [PageCall time] => 15:13:58
    [P_TID] => INIMX_VBNKCAEcatca0720250619151120314262
    [P_MID] => CAEcatca07
    [P_AUTH_DT] => 20250619151357
    [P_STATUS] => 02
    [P_TYPE] => VBANK
    [P_OID] => 250619-019
    [P_FN_CD1] => 89
    [P_FN_CD2] => 
    [P_FN_NM] => 케이뱅크
    [P_AMT] => 3000
    [P_UNAME] => 정연재
    [P_RMESG1] => P_VACCT_NO=70112000150469|P_EXP_DT=20250629
    [P_RMESG2] => 
    [P_NOTI] => 
    [P_AUTH_NO] => 
)

 Array
(
    [PageCall time] => 15:28:04
    [P_TID] => INIMX_VBNKCAEcatca0720250619152741784587
    [P_MID] => CAEcatca07
    [P_AUTH_DT] => 20250619152804
    [P_STATUS] => 02
    [P_TYPE] => VBANK
    [P_OID] => 250619-020
    [P_FN_CD1] => 04
    [P_FN_CD2] => 
    [P_FN_NM] => KB국민은행
    [P_AMT] => 3000
    [P_UNAME] => 김진만
    [P_RMESG1] => P_VACCT_NO=88069011939888|P_EXP_DT=20250629
    [P_RMESG2] => 
    [P_NOTI] => 
    [P_AUTH_NO] => 
)

 Array
(
    [PageCall time] => 15:34:27
    [P_TID] => INIMX_VBNKCAEcatca0720250619153154484988
    [P_MID] => CAEcatca07
    [P_AUTH_DT] => 20250619153426
    [P_STATUS] => 02
    [P_TYPE] => VBANK
    [P_OID] => 250619-021
    [P_FN_CD1] => 04
    [P_FN_CD2] => 
    [P_FN_NM] => KB국민은행
    [P_AMT] => 3000
    [P_UNAME] => 조아라
    [P_RMESG1] => P_VACCT_NO=88069011941038|P_EXP_DT=20250629
    [P_RMESG2] => 
    [P_NOTI] => 
    [P_AUTH_NO] => 
)

 Array
(
    [PageCall time] => 15:54:24
    [P_TID] => INIMX_VBNKCAEcatca0720250619155130175109
    [P_MID] => CAEcatca07
    [P_AUTH_DT] => 20250619155424
    [P_STATUS] => 02
    [P_TYPE] => VBANK
    [P_OID] => 250619-022
    [P_FN_CD1] => 89
    [P_FN_CD2] => 
    [P_FN_NM] => 케이뱅크
    [P_AMT] => 3000
    [P_UNAME] => 조재철
    [P_RMESG1] => P_VACCT_NO=70112003792521|P_EXP_DT=20250629
    [P_RMESG2] => 
    [P_NOTI] => 
    [P_AUTH_NO] => 
)

 Array
(
    [PageCall time] => 16:18:53
    [P_TID] => INIMX_VBNKCAEcatca0720250619161828225658
    [P_MID] => CAEcatca07
    [P_AUTH_DT] => 20250619161853
    [P_STATUS] => 02
    [P_TYPE] => VBANK
    [P_OID] => 250618-027
    [P_FN_CD1] => 04
    [P_FN_CD2] => 
    [P_FN_NM] => KB국민은행
    [P_AMT] => 3000
    [P_UNAME] => 황은영
    [P_RMESG1] => P_VACCT_NO=26029078963840|P_EXP_DT=20250629
    [P_RMESG2] => 
    [P_NOTI] => 
    [P_AUTH_NO] => 
)

 Array
(
    [PageCall time] => 16:41:48
    [P_TID] => INIMX_VBNKCAEcatca0720250619163908185787
    [P_MID] => CAEcatca07
    [P_AUTH_DT] => 20250619164148
    [P_STATUS] => 02
    [P_TYPE] => VBANK
    [P_OID] => 250619-025
    [P_FN_CD1] => 88
    [P_FN_CD2] => 
    [P_FN_NM] => 신한은행
    [P_AMT] => 3000
    [P_UNAME] => 강소영
    [P_RMESG1] => P_VACCT_NO=56211105037030|P_EXP_DT=20250629
    [P_RMESG2] => 
    [P_NOTI] => 
    [P_AUTH_NO] => 
)

 Array
(
    [PageCall time] => 16:46:43
    [P_TID] => INIMX_VBNKCAEcatca0720250619164608965992
    [P_MID] => CAEcatca07
    [P_AUTH_DT] => 20250619164643
    [P_STATUS] => 02
    [P_TYPE] => VBANK
    [P_OID] => 250619-026
    [P_FN_CD1] => 04
    [P_FN_CD2] => 
    [P_FN_NM] => KB국민은행
    [P_AMT] => 3000
    [P_UNAME] => 박지연
    [P_RMESG1] => P_VACCT_NO=26119078597141|P_EXP_DT=20250629
    [P_RMESG2] => 
    [P_NOTI] => 
    [P_AUTH_NO] => 
)

 Array
(
    [PageCall time] => 16:55:01
    [P_TID] => INIMX_VBNKCAEcatca0720250619165005545289
    [P_MID] => CAEcatca07
    [P_AUTH_DT] => 20250619165501
    [P_STATUS] => 02
    [P_TYPE] => VBANK
    [P_OID] => 250619-027
    [P_FN_CD1] => 20
    [P_FN_CD2] => 
    [P_FN_NM] => 우리은행
    [P_AMT] => 3000
    [P_UNAME] => 이태원
    [P_RMESG1] => P_VACCT_NO=27760738718574|P_EXP_DT=20250629
    [P_RMESG2] => 
    [P_NOTI] => 
    [P_AUTH_NO] => 
)

 Array
(
    [PageCall time] => 16:55:09
    [P_TID] => INIMX_VBNKCAEcatca0720250619165204925787
    [P_MID] => CAEcatca07
    [P_AUTH_DT] => 20250619165509
    [P_STATUS] => 02
    [P_TYPE] => VBANK
    [P_OID] => 250619-024
    [P_FN_CD1] => 20
    [P_FN_CD2] => 
    [P_FN_NM] => 우리은행
    [P_AMT] => 3000
    [P_UNAME] => 이은정
    [P_RMESG1] => P_VACCT_NO=27760738718980|P_EXP_DT=20250629
    [P_RMESG2] => 
    [P_NOTI] => 
    [P_AUTH_NO] => 
)

 Array
(
    [PageCall time] => 19:08:22
    [P_TID] => INIMX_VBNKCAEcatca0720250619190418475150
    [P_MID] => CAEcatca07
    [P_AUTH_DT] => 20250619190822
    [P_STATUS] => 02
    [P_TYPE] => VBANK
    [P_OID] => 250619-028
    [P_FN_CD1] => 03
    [P_FN_CD2] => 
    [P_FN_NM] => 기업은행
    [P_AMT] => 3000
    [P_UNAME] => 이은정
    [P_RMESG1] => P_VACCT_NO=07503270797068|P_EXP_DT=20250629
    [P_RMESG2] => 
    [P_NOTI] => 
    [P_AUTH_NO] => 
)

 Array
(
    [PageCall time] => 21:54:44
    [P_TID] => INIMX_VBNKCAEcatca0720250619215404575420
    [P_MID] => CAEcatca07
    [P_AUTH_DT] => 20250619215444
    [P_STATUS] => 02
    [P_TYPE] => VBANK
    [P_OID] => 250619-031
    [P_FN_CD1] => 04
    [P_FN_CD2] => 
    [P_FN_NM] => KB국민은행
    [P_AMT] => 3000
    [P_UNAME] => 진현정
    [P_RMESG1] => P_VACCT_NO=26159078391055|P_EXP_DT=20250629
    [P_RMESG2] => 
    [P_NOTI] => 
    [P_AUTH_NO] => 
)

 Array
(
    [PageCall time] => 22:24:07
    [P_TID] => INIMX_VBNKCAEcatca0720250619222332775430
    [P_MID] => CAEcatca07
    [P_AUTH_DT] => 20250619222407
    [P_STATUS] => 02
    [P_TYPE] => VBANK
    [P_OID] => 250619-032
    [P_FN_CD1] => 04
    [P_FN_CD2] => 
    [P_FN_NM] => KB국민은행
    [P_AMT] => 3000
    [P_UNAME] => 김채우
    [P_RMESG1] => P_VACCT_NO=26159078401789|P_EXP_DT=20250629
    [P_RMESG2] => 
    [P_NOTI] => 
    [P_AUTH_NO] => 
)

