 Array
(
    [PageCall time] => 12:22:36
    [P_TID] => INIMX_VBNKCAEcatca0720260125122000755575
    [P_MID] => CAEcatca07
    [P_AUTH_DT] => 20260125122236
    [P_STATUS] => 02
    [P_TYPE] => VBANK
    [P_OID] => 260125-002
    [P_FN_CD1] => 04
    [P_FN_CD2] => 
    [P_FN_NM] => KB국민은행
    [P_AMT] => 3500
    [P_UNAME] => 이신애
    [P_RMESG1] => P_VACCT_NO=26159078546011|P_EXP_DT=20260204
    [P_RMESG2] => 
    [P_NOTI] => 
    [P_AUTH_NO] => 
)

 Array
(
    [PageCall time] => 12:46:49
    [P_TID] => INIMX_VBNKCAEcatca0720260125124335275138
    [P_MID] => CAEcatca07
    [P_AUTH_DT] => 20260125124649
    [P_STATUS] => 02
    [P_TYPE] => VBANK
    [P_OID] => 260125-003
    [P_FN_CD1] => 04
    [P_FN_CD2] => 
    [P_FN_NM] => KB국민은행
    [P_AMT] => 3500
    [P_UNAME] => 전은균
    [P_RMESG1] => P_VACCT_NO=39319011802730|P_EXP_DT=20260204
    [P_RMESG2] => 
    [P_NOTI] => 
    [P_AUTH_NO] => 
)

 Array
(
    [PageCall time] => 14:29:16
    [P_TID] => INIMX_VBNKCAEcatca0720260125142633935543
    [P_MID] => CAEcatca07
    [P_AUTH_DT] => 20260125142916
    [P_STATUS] => 02
    [P_TYPE] => VBANK
    [P_OID] => 260125-004
    [P_FN_CD1] => 04
    [P_FN_CD2] => 
    [P_FN_NM] => KB국민은행
    [P_AMT] => 3500
    [P_UNAME] => 유지영
    [P_RMESG1] => P_VACCT_NO=26119078891274|P_EXP_DT=20260204
    [P_RMESG2] => 
    [P_NOTI] => 
    [P_AUTH_NO] => 
)

 Array
(
    [PageCall time] => 14:32:20
    [P_TID] => INIMX_VBNKCAEcatca0720260120164209215120
    [P_MID] => CAEcatca07
    [P_AUTH_DT] => 20260125143220
    [P_STATUS] => 02
    [P_TYPE] => VBANK
    [P_OID] => 260120-041
    [P_FN_CD1] => 89
    [P_FN_CD2] => 
    [P_FN_NM] => 케이뱅크
    [P_AMT] => 3500
    [P_UNAME] => 황춘자
    [P_RMESG1] => P_VACCT_NO=70112003349121|P_EXP_DT=20260130
    [P_RMESG2] => 
    [P_NOTI] => 
    [P_AUTH_NO] => 
)

 Array
(
    [PageCall time] => 17:15:30
    [P_TID] => INIMX_VBNKCAEcatca0720260125171138765321
    [P_MID] => CAEcatca07
    [P_AUTH_DT] => 20260125171530
    [P_STATUS] => 02
    [P_TYPE] => VBANK
    [P_OID] => 260125-005
    [P_FN_CD1] => 81
    [P_FN_CD2] => 
    [P_FN_NM] => 하나은행
    [P_AMT] => 3500
    [P_UNAME] => 오선미
    [P_RMESG1] => P_VACCT_NO=20893970248537|P_EXP_DT=20260204
    [P_RMESG2] => 
    [P_NOTI] => 
    [P_AUTH_NO] => 
)

 Array
(
    [PageCall time] => 17:38:15
    [P_TID] => INIMX_VBNKCAEcatca0720260125173516465347
    [P_MID] => CAEcatca07
    [P_AUTH_DT] => 20260125173815
    [P_STATUS] => 02
    [P_TYPE] => VBANK
    [P_OID] => 260125-006
    [P_FN_CD1] => 04
    [P_FN_CD2] => 
    [P_FN_NM] => KB국민은행
    [P_AMT] => 3500
    [P_UNAME] => 이덕수
    [P_RMESG1] => P_VACCT_NO=26159078008357|P_EXP_DT=20260204
    [P_RMESG2] => 
    [P_NOTI] => 
    [P_AUTH_NO] => 
)

 Array
(
    [PageCall time] => 17:43:36
    [P_TID] => INIMX_VBNKCAEcatca0720260125174108125190
    [P_MID] => CAEcatca07
    [P_AUTH_DT] => 20260125174336
    [P_STATUS] => 02
    [P_TYPE] => VBANK
    [P_OID] => 260125-008
    [P_FN_CD1] => 88
    [P_FN_CD2] => 
    [P_FN_NM] => 신한은행
    [P_AMT] => 3500
    [P_UNAME] => 오정민
    [P_RMESG1] => P_VACCT_NO=56211102616227|P_EXP_DT=20260204
    [P_RMESG2] => 
    [P_NOTI] => 
    [P_AUTH_NO] => 
)

 Array
(
    [PageCall time] => 17:45:03
    [P_TID] => INIMX_VBNKCAEcatca0720260125174206265185
    [P_MID] => CAEcatca07
    [P_AUTH_DT] => 20260125174503
    [P_STATUS] => 02
    [P_TYPE] => VBANK
    [P_OID] => 260125-007
    [P_FN_CD1] => 89
    [P_FN_CD2] => 
    [P_FN_NM] => 케이뱅크
    [P_AMT] => 3500
    [P_UNAME] => 최준열
    [P_RMESG1] => P_VACCT_NO=70112003389260|P_EXP_DT=20260204
    [P_RMESG2] => 
    [P_NOTI] => 
    [P_AUTH_NO] => 
)

 Array
(
    [PageCall time] => 18:34:12
    [P_TID] => INIMX_VBNKCAEcatca0720260125183022365383
    [P_MID] => CAEcatca07
    [P_AUTH_DT] => 20260125183412
    [P_STATUS] => 02
    [P_TYPE] => VBANK
    [P_OID] => 260125-009
    [P_FN_CD1] => 81
    [P_FN_CD2] => 
    [P_FN_NM] => 하나은행
    [P_AMT] => 3500
    [P_UNAME] => 김종민
    [P_RMESG1] => P_VACCT_NO=20893970370437|P_EXP_DT=20260204
    [P_RMESG2] => 
    [P_NOTI] => 
    [P_AUTH_NO] => 
)

 Array
(
    [PageCall time] => 20:41:33
    [P_TID] => INIMX_VBNKCAEcatca0720260125203826905373
    [P_MID] => CAEcatca07
    [P_AUTH_DT] => 20260125204133
    [P_STATUS] => 02
    [P_TYPE] => VBANK
    [P_OID] => 260125-012
    [P_FN_CD1] => 81
    [P_FN_CD2] => 
    [P_FN_NM] => 하나은행
    [P_AMT] => 3500
    [P_UNAME] => 한정식
    [P_RMESG1] => P_VACCT_NO=20893970658537|P_EXP_DT=20260204
    [P_RMESG2] => 
    [P_NOTI] => 
    [P_AUTH_NO] => 
)

 Array
(
    [PageCall time] => 21:14:49
    [P_TID] => INIMX_VBNKCAEcatca0720260125211129365365
    [P_MID] => CAEcatca07
    [P_AUTH_DT] => 20260125211449
    [P_STATUS] => 02
    [P_TYPE] => VBANK
    [P_OID] => 260125-013
    [P_FN_CD1] => 88
    [P_FN_CD2] => 
    [P_FN_NM] => 신한은행
    [P_AMT] => 3500
    [P_UNAME] => 최신애
    [P_RMESG1] => P_VACCT_NO=56211102628694|P_EXP_DT=20260204
    [P_RMESG2] => 
    [P_NOTI] => 
    [P_AUTH_NO] => 
)

 Array
(
    [PageCall time] => 21:18:41
    [P_TID] => INIMX_VBNKCAEcatca0720260125211555115270
    [P_MID] => CAEcatca07
    [P_AUTH_DT] => 20260125211841
    [P_STATUS] => 02
    [P_TYPE] => VBANK
    [P_OID] => 260125-014
    [P_FN_CD1] => 04
    [P_FN_CD2] => 
    [P_FN_NM] => KB국민은행
    [P_AMT] => 3500
    [P_UNAME] => 최환성
    [P_RMESG1] => P_VACCT_NO=26159078062829|P_EXP_DT=20260204
    [P_RMESG2] => 
    [P_NOTI] => 
    [P_AUTH_NO] => 
)

 Array
(
    [PageCall time] => 21:39:03
    [P_TID] => INIMX_VBNKCAEcatca0720260125213538945777
    [P_MID] => CAEcatca07
    [P_AUTH_DT] => 20260125213903
    [P_STATUS] => 02
    [P_TYPE] => VBANK
    [P_OID] => 260125-015
    [P_FN_CD1] => 23
    [P_FN_CD2] => 
    [P_FN_NM] => SC은행
    [P_AMT] => 3500
    [P_UNAME] => 이정훈
    [P_RMESG1] => P_VACCT_NO=46416006103788|P_EXP_DT=20260204
    [P_RMESG2] => 
    [P_NOTI] => 
    [P_AUTH_NO] => 
)

 Array
(
    [PageCall time] => 21:47:18
    [P_TID] => INIMX_VBNKCAEcatca0720260125214246605848
    [P_MID] => CAEcatca07
    [P_AUTH_DT] => 20260125214718
    [P_STATUS] => 02
    [P_TYPE] => VBANK
    [P_OID] => 260125-016
    [P_FN_CD1] => 88
    [P_FN_CD2] => 
    [P_FN_NM] => 신한은행
    [P_AMT] => 3500
    [P_UNAME] => 김성애
    [P_RMESG1] => P_VACCT_NO=56211102631309|P_EXP_DT=20260204
    [P_RMESG2] => 
    [P_NOTI] => 
    [P_AUTH_NO] => 
)

 Array
(
    [PageCall time] => 22:31:19
    [P_TID] => INIMX_VBNKCAEcatca0720260125222956985695
    [P_MID] => CAEcatca07
    [P_AUTH_DT] => 20260125223119
    [P_STATUS] => 02
    [P_TYPE] => VBANK
    [P_OID] => 260125-017
    [P_FN_CD1] => 11
    [P_FN_CD2] => 
    [P_FN_NM] => NH농협은행
    [P_AMT] => 3500
    [P_UNAME] => 박진희
    [P_RMESG1] => P_VACCT_NO=79013683600238|P_EXP_DT=20260204
    [P_RMESG2] => 
    [P_NOTI] => 
    [P_AUTH_NO] => 
)

 Array
(
    [PageCall time] => 22:52:57
    [P_TID] => INIMX_VBNKCAEcatca0720260125225025535178
    [P_MID] => CAEcatca07
    [P_AUTH_DT] => 20260125225257
    [P_STATUS] => 02
    [P_TYPE] => VBANK
    [P_OID] => 260125-018
    [P_FN_CD1] => 88
    [P_FN_CD2] => 
    [P_FN_NM] => 신한은행
    [P_AMT] => 3500
    [P_UNAME] => 김동현
    [P_RMESG1] => P_VACCT_NO=56211102636497|P_EXP_DT=20260204
    [P_RMESG2] => 
    [P_NOTI] => 
    [P_AUTH_NO] => 
)

 Array
(
    [PageCall time] => 23:22:55
    [P_TID] => INIMX_VBNKCAEcatca0720260125232113875623
    [P_MID] => CAEcatca07
    [P_AUTH_DT] => 20260125232255
    [P_STATUS] => 02
    [P_TYPE] => VBANK
    [P_OID] => 260125-019
    [P_FN_CD1] => 71
    [P_FN_CD2] => 
    [P_FN_NM] => 우체국
    [P_AMT] => 3500
    [P_UNAME] => 이환희
    [P_RMESG1] => P_VACCT_NO=01397981661599|P_EXP_DT=20260204
    [P_RMESG2] => 
    [P_NOTI] => 
    [P_AUTH_NO] => 
)

