 Array
(
    [PageCall time] => 09:43:26
    [P_TID] => INIMX_VBNKCAEcatca0720250716153114865160
    [P_MID] => CAEcatca07
    [P_AUTH_DT] => 20250717094326
    [P_STATUS] => 02
    [P_TYPE] => VBANK
    [P_OID] => 250716-015
    [P_FN_CD1] => 81
    [P_FN_CD2] => 
    [P_FN_NM] => 하나은행
    [P_AMT] => 3000
    [P_UNAME] => 정은희
    [P_RMESG1] => P_VACCT_NO=20893848028437|P_EXP_DT=20250726
    [P_RMESG2] => 
    [P_NOTI] => 
    [P_AUTH_NO] => 
)

 Array
(
    [PageCall time] => 09:46:34
    [P_TID] => INIMX_VBNKCAEcatca0720250717094548544516
    [P_MID] => CAEcatca07
    [P_AUTH_DT] => 20250717094634
    [P_STATUS] => 02
    [P_TYPE] => VBANK
    [P_OID] => 250717-002
    [P_FN_CD1] => 11
    [P_FN_CD2] => 
    [P_FN_NM] => NH농협은행
    [P_AMT] => 3000
    [P_UNAME] => 송수진
    [P_RMESG1] => P_VACCT_NO=79003195182287|P_EXP_DT=20250727
    [P_RMESG2] => 
    [P_NOTI] => 
    [P_AUTH_NO] => 
)

 Array
(
    [PageCall time] => 09:56:22
    [P_TID] => INIMX_VBNKCAEcatca0720250717095410454699
    [P_MID] => CAEcatca07
    [P_AUTH_DT] => 20250717095622
    [P_STATUS] => 02
    [P_TYPE] => VBANK
    [P_OID] => 250717-003
    [P_FN_CD1] => 11
    [P_FN_CD2] => 
    [P_FN_NM] => NH농협은행
    [P_AMT] => 3000
    [P_UNAME] => 구창회
    [P_RMESG1] => P_VACCT_NO=79003195182688|P_EXP_DT=20250727
    [P_RMESG2] => 
    [P_NOTI] => 
    [P_AUTH_NO] => 
)

 Array
(
    [PageCall time] => 10:19:24
    [P_TID] => INIMX_VBNKCAEcatca0720250717101650644447
    [P_MID] => CAEcatca07
    [P_AUTH_DT] => 20250717101924
    [P_STATUS] => 02
    [P_TYPE] => VBANK
    [P_OID] => 250717-005
    [P_FN_CD1] => 03
    [P_FN_CD2] => 
    [P_FN_NM] => 기업은행
    [P_AMT] => 3000
    [P_UNAME] => 권명희
    [P_RMESG1] => P_VACCT_NO=07500309397215|P_EXP_DT=20250727
    [P_RMESG2] => 
    [P_NOTI] => 
    [P_AUTH_NO] => 
)

 Array
(
    [PageCall time] => 10:29:56
    [P_TID] => INIMX_VBNKCAEcatca0720250717102614484393
    [P_MID] => CAEcatca07
    [P_AUTH_DT] => 20250717102956
    [P_STATUS] => 02
    [P_TYPE] => VBANK
    [P_OID] => 250717-007
    [P_FN_CD1] => 88
    [P_FN_CD2] => 
    [P_FN_NM] => 신한은행
    [P_AMT] => 3000
    [P_UNAME] => 송연진
    [P_RMESG1] => P_VACCT_NO=56211122013617|P_EXP_DT=20250727
    [P_RMESG2] => 
    [P_NOTI] => 
    [P_AUTH_NO] => 
)

 Array
(
    [PageCall time] => 10:40:56
    [P_TID] => INIMX_VBNKCAEcatca0720250717104017284985
    [P_MID] => CAEcatca07
    [P_AUTH_DT] => 20250717104056
    [P_STATUS] => 02
    [P_TYPE] => VBANK
    [P_OID] => 250717-008
    [P_FN_CD1] => 11
    [P_FN_CD2] => 
    [P_FN_NM] => NH농협은행
    [P_AMT] => 3000
    [P_UNAME] => 배주식
    [P_RMESG1] => P_VACCT_NO=79003195188289|P_EXP_DT=20250727
    [P_RMESG2] => 
    [P_NOTI] => 
    [P_AUTH_NO] => 
)

 Array
(
    [PageCall time] => 10:42:50
    [P_TID] => INIMX_VBNKCAEcatca0720250717104143784147
    [P_MID] => CAEcatca07
    [P_AUTH_DT] => 20250717104250
    [P_STATUS] => 02
    [P_TYPE] => VBANK
    [P_OID] => 250717-009
    [P_FN_CD1] => 11
    [P_FN_CD2] => 
    [P_FN_NM] => NH농협은행
    [P_AMT] => 3000
    [P_UNAME] => 임수연
    [P_RMESG1] => P_VACCT_NO=79003195188461|P_EXP_DT=20250727
    [P_RMESG2] => 
    [P_NOTI] => 
    [P_AUTH_NO] => 
)

 Array
(
    [PageCall time] => 13:38:25
    [P_TID] => INIMX_VBNKCAEcatca0720250717133729284299
    [P_MID] => CAEcatca07
    [P_AUTH_DT] => 20250717133825
    [P_STATUS] => 02
    [P_TYPE] => VBANK
    [P_OID] => 250715-019
    [P_FN_CD1] => 11
    [P_FN_CD2] => 
    [P_FN_NM] => NH농협은행
    [P_AMT] => 3000
    [P_UNAME] => 이상희
    [P_RMESG1] => P_VACCT_NO=79003195211021|P_EXP_DT=20250727
    [P_RMESG2] => 
    [P_NOTI] => 
    [P_AUTH_NO] => 
)

 Array
(
    [PageCall time] => 14:07:34
    [P_TID] => INIMX_VBNKCAEcatca0720250717140010854583
    [P_MID] => CAEcatca07
    [P_AUTH_DT] => 20250717140734
    [P_STATUS] => 02
    [P_TYPE] => VBANK
    [P_OID] => 250717-016
    [P_FN_CD1] => 03
    [P_FN_CD2] => 
    [P_FN_NM] => 기업은행
    [P_AMT] => 3000
    [P_UNAME] => 최옥해
    [P_RMESG1] => P_VACCT_NO=07500312197434|P_EXP_DT=20250727
    [P_RMESG2] => 
    [P_NOTI] => 
    [P_AUTH_NO] => 
)

 Array
(
    [PageCall time] => 14:27:52
    [P_TID] => INIMX_VBNKCAEcatca0720250717142222164731
    [P_MID] => CAEcatca07
    [P_AUTH_DT] => 20250717142752
    [P_STATUS] => 02
    [P_TYPE] => VBANK
    [P_OID] => 250717-018
    [P_FN_CD1] => 89
    [P_FN_CD2] => 
    [P_FN_NM] => 케이뱅크
    [P_AMT] => 3000
    [P_UNAME] => 양정윤 raphaela
    [P_RMESG1] => P_VACCT_NO=70112000202901|P_EXP_DT=20250727
    [P_RMESG2] => 
    [P_NOTI] => 
    [P_AUTH_NO] => 
)

 Array
(
    [PageCall time] => 15:37:42
    [P_TID] => INIMX_VBNKCAEcatca0720250717153510525567
    [P_MID] => CAEcatca07
    [P_AUTH_DT] => 20250717153742
    [P_STATUS] => 02
    [P_TYPE] => VBANK
    [P_OID] => 250717-020
    [P_FN_CD1] => 88
    [P_FN_CD2] => 
    [P_FN_NM] => 신한은행
    [P_AMT] => 3000
    [P_UNAME] => 김경은
    [P_RMESG1] => P_VACCT_NO=56211991009537|P_EXP_DT=20250727
    [P_RMESG2] => 
    [P_NOTI] => 
    [P_AUTH_NO] => 
)

 Array
(
    [PageCall time] => 15:43:16
    [P_TID] => INIMX_VBNKCAEcatca0720250717154031065070
    [P_MID] => CAEcatca07
    [P_AUTH_DT] => 20250717154316
    [P_STATUS] => 02
    [P_TYPE] => VBANK
    [P_OID] => 250717-021
    [P_FN_CD1] => 88
    [P_FN_CD2] => 
    [P_FN_NM] => 신한은행
    [P_AMT] => 3000
    [P_UNAME] => 노종련
    [P_RMESG1] => P_VACCT_NO=56211991020425|P_EXP_DT=20250727
    [P_RMESG2] => 
    [P_NOTI] => 
    [P_AUTH_NO] => 
)

 Array
(
    [PageCall time] => 15:52:07
    [P_TID] => INIMX_VBNKCAEcatca0720250717154920585704
    [P_MID] => CAEcatca07
    [P_AUTH_DT] => 20250717155207
    [P_STATUS] => 02
    [P_TYPE] => VBANK
    [P_OID] => 250717-022
    [P_FN_CD1] => 88
    [P_FN_CD2] => 
    [P_FN_NM] => 신한은행
    [P_AMT] => 3000
    [P_UNAME] => 정은경
    [P_RMESG1] => P_VACCT_NO=56211991034084|P_EXP_DT=20250727
    [P_RMESG2] => 
    [P_NOTI] => 
    [P_AUTH_NO] => 
)

 Array
(
    [PageCall time] => 16:02:35
    [P_TID] => INIMX_VBNKCAEcatca0720250717121241954816
    [P_MID] => CAEcatca07
    [P_AUTH_DT] => 20250717160235
    [P_STATUS] => 02
    [P_TYPE] => VBANK
    [P_OID] => 250717-014
    [P_FN_CD1] => 11
    [P_FN_CD2] => 
    [P_FN_NM] => NH농협은행
    [P_AMT] => 3000
    [P_UNAME] => 홍성희
    [P_RMESG1] => P_VACCT_NO=79003195202742|P_EXP_DT=20250727
    [P_RMESG2] => 
    [P_NOTI] => 
    [P_AUTH_NO] => 
)

 Array
(
    [PageCall time] => 16:50:52
    [P_TID] => INIMX_VBNKCAEcatca0720250717165025105596
    [P_MID] => CAEcatca07
    [P_AUTH_DT] => 20250717165052
    [P_STATUS] => 02
    [P_TYPE] => VBANK
    [P_OID] => 250717-026
    [P_FN_CD1] => 11
    [P_FN_CD2] => 
    [P_FN_NM] => NH농협은행
    [P_AMT] => 3000
    [P_UNAME] => 변준오
    [P_RMESG1] => P_VACCT_NO=79013684723151|P_EXP_DT=20250727
    [P_RMESG2] => 
    [P_NOTI] => 
    [P_AUTH_NO] => 
)

 Array
(
    [PageCall time] => 19:35:55
    [P_TID] => INIMX_VBNKCAEcatca0720250717193231675652
    [P_MID] => CAEcatca07
    [P_AUTH_DT] => 20250717193555
    [P_STATUS] => 02
    [P_TYPE] => VBANK
    [P_OID] => 250717-028
    [P_FN_CD1] => 20
    [P_FN_CD2] => 
    [P_FN_NM] => 우리은행
    [P_AMT] => 3000
    [P_UNAME] => 반영수
    [P_RMESG1] => P_VACCT_NO=27203528718352|P_EXP_DT=20250727
    [P_RMESG2] => 
    [P_NOTI] => 
    [P_AUTH_NO] => 
)

 Array
(
    [PageCall time] => 20:53:02
    [P_TID] => INIMX_VBNKCAEcatca0720250717205017265950
    [P_MID] => CAEcatca07
    [P_AUTH_DT] => 20250717205302
    [P_STATUS] => 02
    [P_TYPE] => VBANK
    [P_OID] => 250717-029
    [P_FN_CD1] => 81
    [P_FN_CD2] => 
    [P_FN_NM] => 하나은행
    [P_AMT] => 3000
    [P_UNAME] => 김윤숙
    [P_RMESG1] => P_VACCT_NO=20893856870237|P_EXP_DT=20250727
    [P_RMESG2] => 
    [P_NOTI] => 
    [P_AUTH_NO] => 
)

 Array
(
    [PageCall time] => 21:02:13
    [P_TID] => INIMX_VBNKCAEcatca0720250717210132825441
    [P_MID] => CAEcatca07
    [P_AUTH_DT] => 20250717210213
    [P_STATUS] => 02
    [P_TYPE] => VBANK
    [P_OID] => 250716-037
    [P_FN_CD1] => 04
    [P_FN_CD2] => 
    [P_FN_NM] => KB국민은행
    [P_AMT] => 3000
    [P_UNAME] => 홍가영
    [P_RMESG1] => P_VACCT_NO=70219014275072|P_EXP_DT=20250727
    [P_RMESG2] => 
    [P_NOTI] => 
    [P_AUTH_NO] => 
)

 Array
(
    [PageCall time] => 22:16:18
    [P_TID] => INIMX_VBNKCAEcatca0720250717221039685415
    [P_MID] => CAEcatca07
    [P_AUTH_DT] => 20250717221617
    [P_STATUS] => 02
    [P_TYPE] => VBANK
    [P_OID] => 250717-031
    [P_FN_CD1] => 20
    [P_FN_CD2] => 
    [P_FN_NM] => 우리은행
    [P_AMT] => 3000
    [P_UNAME] => 천남실
    [P_RMESG1] => P_VACCT_NO=27203539218306|P_EXP_DT=20250727
    [P_RMESG2] => 
    [P_NOTI] => 
    [P_AUTH_NO] => 
)

 Array
(
    [PageCall time] => 23:30:02
    [P_TID] => INIMX_VBNKCAEcatca0720250717232710405494
    [P_MID] => CAEcatca07
    [P_AUTH_DT] => 20250717233002
    [P_STATUS] => 02
    [P_TYPE] => VBANK
    [P_OID] => 250717-032
    [P_FN_CD1] => 88
    [P_FN_CD2] => 
    [P_FN_NM] => 신한은행
    [P_AMT] => 3000
    [P_UNAME] => 김동혁
    [P_RMESG1] => P_VACCT_NO=56211992211957|P_EXP_DT=20250727
    [P_RMESG2] => 
    [P_NOTI] => 
    [P_AUTH_NO] => 
)

