 Array
(
    [PageCall time] => 02:26:13
    [P_TID] => INIMX_VBNKCAEcatca0720260206022250635444
    [P_MID] => CAEcatca07
    [P_AUTH_DT] => 20260206022613
    [P_STATUS] => 02
    [P_TYPE] => VBANK
    [P_OID] => 260206-001
    [P_FN_CD1] => 32
    [P_FN_CD2] => 
    [P_FN_NM] => 부산은행
    [P_AMT] => 3500
    [P_UNAME] => 김미영
    [P_RMESG1] => P_VACCT_NO=109924621370|P_EXP_DT=20260216
    [P_RMESG2] => 
    [P_NOTI] => 
    [P_AUTH_NO] => 
)

 Array
(
    [PageCall time] => 08:14:09
    [P_TID] => INIMX_VBNKCAEcatca0720260206081049685540
    [P_MID] => CAEcatca07
    [P_AUTH_DT] => 20260206081409
    [P_STATUS] => 02
    [P_TYPE] => VBANK
    [P_OID] => 260206-002
    [P_FN_CD1] => 04
    [P_FN_CD2] => 
    [P_FN_NM] => KB국민은행
    [P_AMT] => 3500
    [P_UNAME] => 김배정
    [P_RMESG1] => P_VACCT_NO=00289071372474|P_EXP_DT=20260216
    [P_RMESG2] => 
    [P_NOTI] => 
    [P_AUTH_NO] => 
)

 Array
(
    [PageCall time] => 11:55:30
    [P_TID] => INIMX_VBNKCAEcatca0720260206115314405694
    [P_MID] => CAEcatca07
    [P_AUTH_DT] => 20260206115530
    [P_STATUS] => 02
    [P_TYPE] => VBANK
    [P_OID] => 260206-007
    [P_FN_CD1] => 11
    [P_FN_CD2] => 
    [P_FN_NM] => NH농협은행
    [P_AMT] => 3500
    [P_UNAME] => 박순난
    [P_RMESG1] => P_VACCT_NO=79013684848979|P_EXP_DT=20260216
    [P_RMESG2] => 
    [P_NOTI] => 
    [P_AUTH_NO] => 
)

 Array
(
    [PageCall time] => 12:04:20
    [P_TID] => INIMX_VBNKCAEcatca0720260206120013635505
    [P_MID] => CAEcatca07
    [P_AUTH_DT] => 20260206120419
    [P_STATUS] => 02
    [P_TYPE] => VBANK
    [P_OID] => 260206-008
    [P_FN_CD1] => 88
    [P_FN_CD2] => 
    [P_FN_NM] => 신한은행
    [P_AMT] => 3500
    [P_UNAME] => 변주현
    [P_RMESG1] => P_VACCT_NO=56211103287454|P_EXP_DT=20260216
    [P_RMESG2] => 
    [P_NOTI] => 
    [P_AUTH_NO] => 
)

 Array
(
    [PageCall time] => 12:10:21
    [P_TID] => INIMX_VBNKCAEcatca0720260206120622255774
    [P_MID] => CAEcatca07
    [P_AUTH_DT] => 20260206121021
    [P_STATUS] => 02
    [P_TYPE] => VBANK
    [P_OID] => 260206-009
    [P_FN_CD1] => 04
    [P_FN_CD2] => 
    [P_FN_NM] => KB국민은행
    [P_AMT] => 3500
    [P_UNAME] => 이미옥
    [P_RMESG1] => P_VACCT_NO=26029078287953|P_EXP_DT=20260216
    [P_RMESG2] => 
    [P_NOTI] => 
    [P_AUTH_NO] => 
)

 Array
(
    [PageCall time] => 13:16:03
    [P_TID] => INIMX_VBNKCAEcatca0720260206131523505252
    [P_MID] => CAEcatca07
    [P_AUTH_DT] => 20260206131603
    [P_STATUS] => 02
    [P_TYPE] => VBANK
    [P_OID] => 260206-010
    [P_FN_CD1] => 11
    [P_FN_CD2] => 
    [P_FN_NM] => NH농협은행
    [P_AMT] => 3500
    [P_UNAME] => 서채민
    [P_RMESG1] => P_VACCT_NO=79013684858109|P_EXP_DT=20260216
    [P_RMESG2] => 
    [P_NOTI] => 
    [P_AUTH_NO] => 
)

 Array
(
    [PageCall time] => 13:21:50
    [P_TID] => INIMX_VBNKCAEcatca0720260206132108335348
    [P_MID] => CAEcatca07
    [P_AUTH_DT] => 20260206132149
    [P_STATUS] => 02
    [P_TYPE] => VBANK
    [P_OID] => 260206-011
    [P_FN_CD1] => 11
    [P_FN_CD2] => 
    [P_FN_NM] => NH농협은행
    [P_AMT] => 3500
    [P_UNAME] => 이시은
    [P_RMESG1] => P_VACCT_NO=79013684859126|P_EXP_DT=20260216
    [P_RMESG2] => 
    [P_NOTI] => 
    [P_AUTH_NO] => 
)

 Array
(
    [PageCall time] => 13:55:09
    [P_TID] => INIMX_VBNKCAEcatca0720260206135214435183
    [P_MID] => CAEcatca07
    [P_AUTH_DT] => 20260206135509
    [P_STATUS] => 02
    [P_TYPE] => VBANK
    [P_OID] => 260206-012
    [P_FN_CD1] => 03
    [P_FN_CD2] => 
    [P_FN_NM] => 기업은행
    [P_AMT] => 3500
    [P_UNAME] => 조은경
    [P_RMESG1] => P_VACCT_NO=07502400997590|P_EXP_DT=20260216
    [P_RMESG2] => 
    [P_NOTI] => 
    [P_AUTH_NO] => 
)

 Array
(
    [PageCall time] => 14:28:12
    [P_TID] => INIMX_VBNKCAEcatca0720260206142504175953
    [P_MID] => CAEcatca07
    [P_AUTH_DT] => 20260206142812
    [P_STATUS] => 02
    [P_TYPE] => VBANK
    [P_OID] => 260206-015
    [P_FN_CD1] => 04
    [P_FN_CD2] => 
    [P_FN_NM] => KB국민은행
    [P_AMT] => 3500
    [P_UNAME] => 김상관
    [P_RMESG1] => P_VACCT_NO=26029078619118|P_EXP_DT=20260216
    [P_RMESG2] => 
    [P_NOTI] => 
    [P_AUTH_NO] => 
)

 Array
(
    [PageCall time] => 15:56:54
    [P_TID] => INIMX_VBNKCAEcatca0720260206155603195434
    [P_MID] => CAEcatca07
    [P_AUTH_DT] => 20260206155654
    [P_STATUS] => 02
    [P_TYPE] => VBANK
    [P_OID] => 260206-017
    [P_FN_CD1] => 11
    [P_FN_CD2] => 
    [P_FN_NM] => NH농협은행
    [P_AMT] => 3500
    [P_UNAME] => 양병중
    [P_RMESG1] => P_VACCT_NO=79013684880115|P_EXP_DT=20260216
    [P_RMESG2] => 
    [P_NOTI] => 
    [P_AUTH_NO] => 
)

 Array
(
    [PageCall time] => 16:19:41
    [P_TID] => INIMX_VBNKCAEcatca0720260206161652745086
    [P_MID] => CAEcatca07
    [P_AUTH_DT] => 20260206161941
    [P_STATUS] => 02
    [P_TYPE] => VBANK
    [P_OID] => 260206-019
    [P_FN_CD1] => 04
    [P_FN_CD2] => 
    [P_FN_NM] => KB국민은행
    [P_AMT] => 3500
    [P_UNAME] => 장미화
    [P_RMESG1] => P_VACCT_NO=26119078489750|P_EXP_DT=20260216
    [P_RMESG2] => 
    [P_NOTI] => 
    [P_AUTH_NO] => 
)

 Array
(
    [PageCall time] => 16:22:24
    [P_TID] => INIMX_VBNKCAEcatca0720260206161942455588
    [P_MID] => CAEcatca07
    [P_AUTH_DT] => 20260206162224
    [P_STATUS] => 02
    [P_TYPE] => VBANK
    [P_OID] => 260206-018
    [P_FN_CD1] => 20
    [P_FN_CD2] => 
    [P_FN_NM] => 우리은행
    [P_AMT] => 3500
    [P_UNAME] => 김혜진
    [P_RMESG1] => P_VACCT_NO=27490358918931|P_EXP_DT=20260216
    [P_RMESG2] => 
    [P_NOTI] => 
    [P_AUTH_NO] => 
)

 Array
(
    [PageCall time] => 16:49:20
    [P_TID] => INIMX_VBNKCAEcatca0720260206164515945778
    [P_MID] => CAEcatca07
    [P_AUTH_DT] => 20260206164920
    [P_STATUS] => 02
    [P_TYPE] => VBANK
    [P_OID] => 260206-021
    [P_FN_CD1] => 20
    [P_FN_CD2] => 
    [P_FN_NM] => 우리은행
    [P_AMT] => 3500
    [P_UNAME] => 김상화
    [P_RMESG1] => P_VACCT_NO=27490359718982|P_EXP_DT=20260216
    [P_RMESG2] => 
    [P_NOTI] => 
    [P_AUTH_NO] => 
)

 Array
(
    [PageCall time] => 18:13:34
    [P_TID] => INIMX_VBNKCAEcatca0720260206181045215415
    [P_MID] => CAEcatca07
    [P_AUTH_DT] => 20260206181334
    [P_STATUS] => 02
    [P_TYPE] => VBANK
    [P_OID] => 260206-026
    [P_FN_CD1] => 04
    [P_FN_CD2] => 
    [P_FN_NM] => KB국민은행
    [P_AMT] => 3500
    [P_UNAME] => 김승권
    [P_RMESG1] => P_VACCT_NO=70189014219769|P_EXP_DT=20260216
    [P_RMESG2] => 
    [P_NOTI] => 
    [P_AUTH_NO] => 
)

 Array
(
    [PageCall time] => 18:55:10
    [P_TID] => INIMX_VBNKCAEcatca0720260206185239155039
    [P_MID] => CAEcatca07
    [P_AUTH_DT] => 20260206185510
    [P_STATUS] => 02
    [P_TYPE] => VBANK
    [P_OID] => 260206-027
    [P_FN_CD1] => 34
    [P_FN_CD2] => 
    [P_FN_NM] => 광주은행
    [P_AMT] => 3500
    [P_UNAME] => 이용재
    [P_RMESG1] => P_VACCT_NO=810865302742|P_EXP_DT=20260216
    [P_RMESG2] => 
    [P_NOTI] => 
    [P_AUTH_NO] => 
)

 Array
(
    [PageCall time] => 19:01:59
    [P_TID] => INIMX_VBNKCAEcatca0720260206185843225210
    [P_MID] => CAEcatca07
    [P_AUTH_DT] => 20260206190159
    [P_STATUS] => 02
    [P_TYPE] => VBANK
    [P_OID] => 260206-004
    [P_FN_CD1] => 88
    [P_FN_CD2] => 
    [P_FN_NM] => 신한은행
    [P_AMT] => 3500
    [P_UNAME] => 오혜경
    [P_RMESG1] => P_VACCT_NO=56211103319174|P_EXP_DT=20260216
    [P_RMESG2] => 
    [P_NOTI] => 
    [P_AUTH_NO] => 
)

 Array
(
    [PageCall time] => 22:00:14
    [P_TID] => INIMX_VBNKCAEcatca0720260206215845675690
    [P_MID] => CAEcatca07
    [P_AUTH_DT] => 20260206220014
    [P_STATUS] => 02
    [P_TYPE] => VBANK
    [P_OID] => 260206-031
    [P_FN_CD1] => 11
    [P_FN_CD2] => 
    [P_FN_NM] => NH농협은행
    [P_AMT] => 3500
    [P_UNAME] => 이상연
    [P_RMESG1] => P_VACCT_NO=79013684913807|P_EXP_DT=20260216
    [P_RMESG2] => 
    [P_NOTI] => 
    [P_AUTH_NO] => 
)

 Array
(
    [PageCall time] => 22:42:02
    [P_TID] => INIMX_VBNKCAEcatca0720260206223802835327
    [P_MID] => CAEcatca07
    [P_AUTH_DT] => 20260206224202
    [P_STATUS] => 02
    [P_TYPE] => VBANK
    [P_OID] => 260206-032
    [P_FN_CD1] => 89
    [P_FN_CD2] => 
    [P_FN_NM] => 케이뱅크
    [P_AMT] => 3500
    [P_UNAME] => 지경환
    [P_RMESG1] => P_VACCT_NO=70112003475977|P_EXP_DT=20260216
    [P_RMESG2] => 
    [P_NOTI] => 
    [P_AUTH_NO] => 
)

