 Array
(
    [PageCall time] => 08:41:24
    [P_TID] => INIMX_VBNKCAEcatca0720250801083818925432
    [P_MID] => CAEcatca07
    [P_AUTH_DT] => 20250801084123
    [P_STATUS] => 02
    [P_TYPE] => VBANK
    [P_OID] => 250801-001
    [P_FN_CD1] => 81
    [P_FN_CD2] => 
    [P_FN_NM] => 하나은행
    [P_AMT] => 3000
    [P_UNAME] => 김현지
    [P_RMESG1] => P_VACCT_NO=20893920529937|P_EXP_DT=20250811
    [P_RMESG2] => 
    [P_NOTI] => 
    [P_AUTH_NO] => 
)

 Array
(
    [PageCall time] => 10:16:21
    [P_TID] => INIMX_VBNKCAEcatca0720250801101558875614
    [P_MID] => CAEcatca07
    [P_AUTH_DT] => 20250801101621
    [P_STATUS] => 02
    [P_TYPE] => VBANK
    [P_OID] => 250801-007
    [P_FN_CD1] => 11
    [P_FN_CD2] => 
    [P_FN_NM] => NH농협은행
    [P_AMT] => 3000
    [P_UNAME] => 이수환
    [P_RMESG1] => P_VACCT_NO=79014289438202|P_EXP_DT=20250811
    [P_RMESG2] => 
    [P_NOTI] => 
    [P_AUTH_NO] => 
)

 Array
(
    [PageCall time] => 13:27:12
    [P_TID] => INIMX_VBNKCAEcatca0720250801132622825297
    [P_MID] => CAEcatca07
    [P_AUTH_DT] => 20250801132712
    [P_STATUS] => 02
    [P_TYPE] => VBANK
    [P_OID] => 250801-011
    [P_FN_CD1] => 04
    [P_FN_CD2] => 
    [P_FN_NM] => KB국민은행
    [P_AMT] => 3000
    [P_UNAME] => 박진화
    [P_RMESG1] => P_VACCT_NO=26159078189162|P_EXP_DT=20250811
    [P_RMESG2] => 
    [P_NOTI] => 
    [P_AUTH_NO] => 
)

 Array
(
    [PageCall time] => 13:38:01
    [P_TID] => INIMX_VBNKCAEcatca0720250801133452755076
    [P_MID] => CAEcatca07
    [P_AUTH_DT] => 20250801133801
    [P_STATUS] => 02
    [P_TYPE] => VBANK
    [P_OID] => 250801-013
    [P_FN_CD1] => 89
    [P_FN_CD2] => 
    [P_FN_NM] => 케이뱅크
    [P_AMT] => 3000
    [P_UNAME] => 표지우
    [P_RMESG1] => P_VACCT_NO=70112004092981|P_EXP_DT=20250811
    [P_RMESG2] => 
    [P_NOTI] => 
    [P_AUTH_NO] => 
)

 Array
(
    [PageCall time] => 14:30:28
    [P_TID] => INIMX_VBNKCAEcatca0720250801142906145136
    [P_MID] => CAEcatca07
    [P_AUTH_DT] => 20250801143028
    [P_STATUS] => 02
    [P_TYPE] => VBANK
    [P_OID] => 250801-016
    [P_FN_CD1] => 04
    [P_FN_CD2] => 
    [P_FN_NM] => KB국민은행
    [P_AMT] => 3000
    [P_UNAME] => 서태원
    [P_RMESG1] => P_VACCT_NO=26159078218569|P_EXP_DT=20250811
    [P_RMESG2] => 
    [P_NOTI] => 
    [P_AUTH_NO] => 
)

 Array
(
    [PageCall time] => 15:02:49
    [P_TID] => INIMX_VBNKCAEcatca0720250801145501275518
    [P_MID] => CAEcatca07
    [P_AUTH_DT] => 20250801150249
    [P_STATUS] => 02
    [P_TYPE] => VBANK
    [P_OID] => 250801-018
    [P_FN_CD1] => 88
    [P_FN_CD2] => 
    [P_FN_NM] => 신한은행
    [P_AMT] => 3000
    [P_UNAME] => 하순길
    [P_RMESG1] => P_VACCT_NO=56211990660863|P_EXP_DT=20250811
    [P_RMESG2] => 
    [P_NOTI] => 
    [P_AUTH_NO] => 
)

 Array
(
    [PageCall time] => 17:15:35
    [P_TID] => INIMX_VBNKCAEcatca0720250801171509195969
    [P_MID] => CAEcatca07
    [P_AUTH_DT] => 20250801171535
    [P_STATUS] => 02
    [P_TYPE] => VBANK
    [P_OID] => 250801-022
    [P_FN_CD1] => 04
    [P_FN_CD2] => 
    [P_FN_NM] => KB국민은행
    [P_AMT] => 3000
    [P_UNAME] => 조연주
    [P_RMESG1] => P_VACCT_NO=70239014047842|P_EXP_DT=20250811
    [P_RMESG2] => 
    [P_NOTI] => 
    [P_AUTH_NO] => 
)

 Array
(
    [PageCall time] => 18:07:10
    [P_TID] => INIMX_VBNKCAEcatca0720250801180310995606
    [P_MID] => CAEcatca07
    [P_AUTH_DT] => 20250801180710
    [P_STATUS] => 02
    [P_TYPE] => VBANK
    [P_OID] => 250801-025
    [P_FN_CD1] => 20
    [P_FN_CD2] => 
    [P_FN_NM] => 우리은행
    [P_AMT] => 3000
    [P_UNAME] => 전순주
    [P_RMESG1] => P_VACCT_NO=27388369418605|P_EXP_DT=20250811
    [P_RMESG2] => 
    [P_NOTI] => 
    [P_AUTH_NO] => 
)

 Array
(
    [PageCall time] => 18:18:42
    [P_TID] => INIMX_VBNKCAEcatca0720250801181559735853
    [P_MID] => CAEcatca07
    [P_AUTH_DT] => 20250801181842
    [P_STATUS] => 02
    [P_TYPE] => VBANK
    [P_OID] => 250801-026
    [P_FN_CD1] => 32
    [P_FN_CD2] => 
    [P_FN_NM] => 부산은행
    [P_AMT] => 3000
    [P_UNAME] => 이지
    [P_RMESG1] => P_VACCT_NO=109924925613|P_EXP_DT=20250811
    [P_RMESG2] => 
    [P_NOTI] => 
    [P_AUTH_NO] => 
)

 Array
(
    [PageCall time] => 18:38:56
    [P_TID] => INIMX_VBNKCAEcatca0720250801183837255530
    [P_MID] => CAEcatca07
    [P_AUTH_DT] => 20250801183856
    [P_STATUS] => 02
    [P_TYPE] => VBANK
    [P_OID] => 250801-027
    [P_FN_CD1] => 11
    [P_FN_CD2] => 
    [P_FN_NM] => NH농협은행
    [P_AMT] => 3000
    [P_UNAME] => 권혜림
    [P_RMESG1] => P_VACCT_NO=79014289498065|P_EXP_DT=20250811
    [P_RMESG2] => 
    [P_NOTI] => 
    [P_AUTH_NO] => 
)

 Array
(
    [PageCall time] => 19:35:11
    [P_TID] => INIMX_VBNKCAEcatca0720250801193157925017
    [P_MID] => CAEcatca07
    [P_AUTH_DT] => 20250801193511
    [P_STATUS] => 02
    [P_TYPE] => VBANK
    [P_OID] => 250801-028
    [P_FN_CD1] => 81
    [P_FN_CD2] => 
    [P_FN_NM] => 하나은행
    [P_AMT] => 3000
    [P_UNAME] => 하순애
    [P_RMESG1] => P_VACCT_NO=20893923134237|P_EXP_DT=20250811
    [P_RMESG2] => 
    [P_NOTI] => 
    [P_AUTH_NO] => 
)

 Array
(
    [PageCall time] => 20:16:10
    [P_TID] => INIMX_VBNKCAEcatca0720250801201317365743
    [P_MID] => CAEcatca07
    [P_AUTH_DT] => 20250801201610
    [P_STATUS] => 02
    [P_TYPE] => VBANK
    [P_OID] => 250801-029
    [P_FN_CD1] => 31
    [P_FN_CD2] => 
    [P_FN_NM] => 아이엠뱅크(대구은행)
    [P_AMT] => 3000
    [P_UNAME] => 전경순
    [P_RMESG1] => P_VACCT_NO=9600364552589|P_EXP_DT=20250811
    [P_RMESG2] => 
    [P_NOTI] => 
    [P_AUTH_NO] => 
)

 Array
(
    [PageCall time] => 21:50:11
    [P_TID] => INIMX_VBNKCAEcatca0720250801214345985987
    [P_MID] => CAEcatca07
    [P_AUTH_DT] => 20250801215011
    [P_STATUS] => 02
    [P_TYPE] => VBANK
    [P_OID] => 250801-031
    [P_FN_CD1] => 88
    [P_FN_CD2] => 
    [P_FN_NM] => 신한은행
    [P_AMT] => 3000
    [P_UNAME] => 원병섭
    [P_RMESG1] => P_VACCT_NO=56211990680915|P_EXP_DT=20250811
    [P_RMESG2] => 
    [P_NOTI] => 
    [P_AUTH_NO] => 
)

