 Array
(
    [PageCall time] => 08:11:48
    [P_TID] => INIMX_VBNKCAEcatca0720251109074429755292
    [P_MID] => CAEcatca07
    [P_AUTH_DT] => 20251109081148
    [P_STATUS] => 02
    [P_TYPE] => VBANK
    [P_OID] => 251109-001
    [P_FN_CD1] => 81
    [P_FN_CD2] => 
    [P_FN_NM] => 하나은행
    [P_AMT] => 3000
    [P_UNAME] => 서효원
    [P_RMESG1] => P_VACCT_NO=20894825999137|P_EXP_DT=20251119
    [P_RMESG2] => 
    [P_NOTI] => 
    [P_AUTH_NO] => 
)

 Array
(
    [PageCall time] => 08:59:26
    [P_TID] => INIMX_VBNKCAEcatca0720251109085532495525
    [P_MID] => CAEcatca07
    [P_AUTH_DT] => 20251109085926
    [P_STATUS] => 02
    [P_TYPE] => VBANK
    [P_OID] => 251109-002
    [P_FN_CD1] => 04
    [P_FN_CD2] => 
    [P_FN_NM] => KB국민은행
    [P_AMT] => 3000
    [P_UNAME] => 이현수
    [P_RMESG1] => P_VACCT_NO=26159078719446|P_EXP_DT=20251119
    [P_RMESG2] => 
    [P_NOTI] => 
    [P_AUTH_NO] => 
)

 Array
(
    [PageCall time] => 11:41:27
    [P_TID] => INIMX_VBNKCAEcatca0720251109113716285584
    [P_MID] => CAEcatca07
    [P_AUTH_DT] => 20251109114127
    [P_STATUS] => 02
    [P_TYPE] => VBANK
    [P_OID] => 251109-003
    [P_FN_CD1] => 89
    [P_FN_CD2] => 
    [P_FN_NM] => 케이뱅크
    [P_AMT] => 3000
    [P_UNAME] => 이정순
    [P_RMESG1] => P_VACCT_NO=70112003799795|P_EXP_DT=20251119
    [P_RMESG2] => 
    [P_NOTI] => 
    [P_AUTH_NO] => 
)

 Array
(
    [PageCall time] => 12:14:25
    [P_TID] => INIMX_VBNKCAEcatca0720251109121151105851
    [P_MID] => CAEcatca07
    [P_AUTH_DT] => 20251109121424
    [P_STATUS] => 02
    [P_TYPE] => VBANK
    [P_OID] => 251109-004
    [P_FN_CD1] => 04
    [P_FN_CD2] => 
    [P_FN_NM] => KB국민은행
    [P_AMT] => 3000
    [P_UNAME] => 이성은
    [P_RMESG1] => P_VACCT_NO=29419079374462|P_EXP_DT=20251119
    [P_RMESG2] => 
    [P_NOTI] => 
    [P_AUTH_NO] => 
)

 Array
(
    [PageCall time] => 12:29:55
    [P_TID] => INIMX_VBNKCAEcatca0720251109122546485094
    [P_MID] => CAEcatca07
    [P_AUTH_DT] => 20251109122955
    [P_STATUS] => 02
    [P_TYPE] => VBANK
    [P_OID] => 251109-005
    [P_FN_CD1] => 88
    [P_FN_CD2] => 
    [P_FN_NM] => 신한은행
    [P_AMT] => 3000
    [P_UNAME] => 김은영
    [P_RMESG1] => P_VACCT_NO=56211991646877|P_EXP_DT=20251119
    [P_RMESG2] => 
    [P_NOTI] => 
    [P_AUTH_NO] => 
)

 Array
(
    [PageCall time] => 12:45:08
    [P_TID] => INIMX_VBNKCAEcatca0720251109124213915316
    [P_MID] => CAEcatca07
    [P_AUTH_DT] => 20251109124508
    [P_STATUS] => 02
    [P_TYPE] => VBANK
    [P_OID] => 251109-006
    [P_FN_CD1] => 32
    [P_FN_CD2] => 
    [P_FN_NM] => 부산은행
    [P_AMT] => 3000
    [P_UNAME] => 심덕영
    [P_RMESG1] => P_VACCT_NO=109924238661|P_EXP_DT=20251119
    [P_RMESG2] => 
    [P_NOTI] => 
    [P_AUTH_NO] => 
)

 Array
(
    [PageCall time] => 13:16:07
    [P_TID] => INIMX_VBNKCAEcatca0720251109131226395732
    [P_MID] => CAEcatca07
    [P_AUTH_DT] => 20251109131607
    [P_STATUS] => 02
    [P_TYPE] => VBANK
    [P_OID] => 251109-007
    [P_FN_CD1] => 04
    [P_FN_CD2] => 
    [P_FN_NM] => KB국민은행
    [P_AMT] => 3000
    [P_UNAME] => 황정민
    [P_RMESG1] => P_VACCT_NO=26029078933333|P_EXP_DT=20251119
    [P_RMESG2] => 
    [P_NOTI] => 
    [P_AUTH_NO] => 
)

 Array
(
    [PageCall time] => 14:06:07
    [P_TID] => INIMX_VBNKCAEcatca0720251107162308715879
    [P_MID] => CAEcatca07
    [P_AUTH_DT] => 20251109140607
    [P_STATUS] => 02
    [P_TYPE] => VBANK
    [P_OID] => 251107-021
    [P_FN_CD1] => 03
    [P_FN_CD2] => 
    [P_FN_NM] => 기업은행
    [P_AMT] => 3000
    [P_UNAME] => 이기태
    [P_RMESG1] => P_VACCT_NO=07500543097674|P_EXP_DT=20251117
    [P_RMESG2] => 
    [P_NOTI] => 
    [P_AUTH_NO] => 
)

 Array
(
    [PageCall time] => 14:29:54
    [P_TID] => INIMX_VBNKCAEcatca0720251109142657685632
    [P_MID] => CAEcatca07
    [P_AUTH_DT] => 20251109142954
    [P_STATUS] => 02
    [P_TYPE] => VBANK
    [P_OID] => 251109-009
    [P_FN_CD1] => 32
    [P_FN_CD2] => 
    [P_FN_NM] => 부산은행
    [P_AMT] => 3000
    [P_UNAME] => 박소정
    [P_RMESG1] => P_VACCT_NO=109924238995|P_EXP_DT=20251119
    [P_RMESG2] => 
    [P_NOTI] => 
    [P_AUTH_NO] => 
)

 Array
(
    [PageCall time] => 15:30:47
    [P_TID] => INIMX_VBNKCAEcatca0720251109152900485578
    [P_MID] => CAEcatca07
    [P_AUTH_DT] => 20251109153047
    [P_STATUS] => 02
    [P_TYPE] => VBANK
    [P_OID] => 251109-010
    [P_FN_CD1] => 11
    [P_FN_CD2] => 
    [P_FN_NM] => NH농협은행
    [P_AMT] => 3000
    [P_UNAME] => 박정숙
    [P_RMESG1] => P_VACCT_NO=79015901434805|P_EXP_DT=20251119
    [P_RMESG2] => 
    [P_NOTI] => 
    [P_AUTH_NO] => 
)

 Array
(
    [PageCall time] => 17:14:36
    [P_TID] => INIMX_VBNKCAEcatca0720251109171348285708
    [P_MID] => CAEcatca07
    [P_AUTH_DT] => 20251109171436
    [P_STATUS] => 02
    [P_TYPE] => VBANK
    [P_OID] => 251103-046
    [P_FN_CD1] => 11
    [P_FN_CD2] => 
    [P_FN_NM] => NH농협은행
    [P_AMT] => 3000
    [P_UNAME] => 김성수
    [P_RMESG1] => P_VACCT_NO=79015901443089|P_EXP_DT=20251119
    [P_RMESG2] => 
    [P_NOTI] => 
    [P_AUTH_NO] => 
)

 Array
(
    [PageCall time] => 23:08:39
    [P_TID] => INIMX_VBNKCAEcatca0720251109230532335471
    [P_MID] => CAEcatca07
    [P_AUTH_DT] => 20251109230839
    [P_STATUS] => 02
    [P_TYPE] => VBANK
    [P_OID] => 251109-011
    [P_FN_CD1] => 88
    [P_FN_CD2] => 
    [P_FN_NM] => 신한은행
    [P_AMT] => 3000
    [P_UNAME] => 윤진형
    [P_RMESG1] => P_VACCT_NO=56211105308135|P_EXP_DT=20251119
    [P_RMESG2] => 
    [P_NOTI] => 
    [P_AUTH_NO] => 
)

