 Array
(
    [PageCall time] => 06:51:20
    [P_TID] => INIMX_VBNKCAEcatca0720250714064747745952
    [P_MID] => CAEcatca07
    [P_AUTH_DT] => 20250714065120
    [P_STATUS] => 02
    [P_TYPE] => VBANK
    [P_OID] => 250714-002
    [P_FN_CD1] => 89
    [P_FN_CD2] => 
    [P_FN_NM] => 케이뱅크
    [P_AMT] => 3000
    [P_UNAME] => 권인호
    [P_RMESG1] => P_VACCT_NO=70112003956748|P_EXP_DT=20250724
    [P_RMESG2] => 
    [P_NOTI] => 
    [P_AUTH_NO] => 
)

 Array
(
    [PageCall time] => 08:11:58
    [P_TID] => INIMX_VBNKCAEcatca0720250714080847575505
    [P_MID] => CAEcatca07
    [P_AUTH_DT] => 20250714081158
    [P_STATUS] => 02
    [P_TYPE] => VBANK
    [P_OID] => 250714-001
    [P_FN_CD1] => 04
    [P_FN_CD2] => 
    [P_FN_NM] => KB국민은행
    [P_AMT] => 3000
    [P_UNAME] => 김동식
    [P_RMESG1] => P_VACCT_NO=40269011685516|P_EXP_DT=20250724
    [P_RMESG2] => 
    [P_NOTI] => 
    [P_AUTH_NO] => 
)

 Array
(
    [PageCall time] => 10:16:52
    [P_TID] => INIMX_VBNKCAEcatca0720250714101548545052
    [P_MID] => CAEcatca07
    [P_AUTH_DT] => 20250714101652
    [P_STATUS] => 02
    [P_TYPE] => VBANK
    [P_OID] => 250714-003
    [P_FN_CD1] => 11
    [P_FN_CD2] => 
    [P_FN_NM] => NH농협은행
    [P_AMT] => 3000
    [P_UNAME] => 임은희
    [P_RMESG1] => P_VACCT_NO=79013684270908|P_EXP_DT=20250724
    [P_RMESG2] => 
    [P_NOTI] => 
    [P_AUTH_NO] => 
)

 Array
(
    [PageCall time] => 10:39:47
    [P_TID] => INIMX_VBNKCAEcatca0720250712110556265221
    [P_MID] => CAEcatca07
    [P_AUTH_DT] => 20250714103947
    [P_STATUS] => 02
    [P_TYPE] => VBANK
    [P_OID] => 250712-005
    [P_FN_CD1] => 89
    [P_FN_CD2] => 
    [P_FN_NM] => 케이뱅크
    [P_AMT] => 3000
    [P_UNAME] => 김백년
    [P_RMESG1] => P_VACCT_NO=70112003947097|P_EXP_DT=20250722
    [P_RMESG2] => 
    [P_NOTI] => 
    [P_AUTH_NO] => 
)

 Array
(
    [PageCall time] => 11:06:53
    [P_TID] => INIMX_VBNKCAEcatca0720250714110606755604
    [P_MID] => CAEcatca07
    [P_AUTH_DT] => 20250714110652
    [P_STATUS] => 02
    [P_TYPE] => VBANK
    [P_OID] => 250714-007
    [P_FN_CD1] => 11
    [P_FN_CD2] => 
    [P_FN_NM] => NH농협은행
    [P_AMT] => 3000
    [P_UNAME] => 구경숙
    [P_RMESG1] => P_VACCT_NO=79013684280938|P_EXP_DT=20250724
    [P_RMESG2] => 
    [P_NOTI] => 
    [P_AUTH_NO] => 
)

 Array
(
    [PageCall time] => 11:12:04
    [P_TID] => INIMX_VBNKCAEcatca0720250714111109125153
    [P_MID] => CAEcatca07
    [P_AUTH_DT] => 20250714111204
    [P_STATUS] => 02
    [P_TYPE] => VBANK
    [P_OID] => 250714-009
    [P_FN_CD1] => 04
    [P_FN_CD2] => 
    [P_FN_NM] => KB국민은행
    [P_AMT] => 3000
    [P_UNAME] => 노명숙
    [P_RMESG1] => P_VACCT_NO=80339078612794|P_EXP_DT=20250724
    [P_RMESG2] => 
    [P_NOTI] => 
    [P_AUTH_NO] => 
)

 Array
(
    [PageCall time] => 11:21:09
    [P_TID] => INIMX_VBNKCAEcatca0720250714111410495492
    [P_MID] => CAEcatca07
    [P_AUTH_DT] => 20250714112109
    [P_STATUS] => 02
    [P_TYPE] => VBANK
    [P_OID] => 250714-008
    [P_FN_CD1] => 31
    [P_FN_CD2] => 
    [P_FN_NM] => 아이엠뱅크(대구은행)
    [P_AMT] => 3000
    [P_UNAME] => 조미영
    [P_RMESG1] => P_VACCT_NO=9600363456820|P_EXP_DT=20250724
    [P_RMESG2] => 
    [P_NOTI] => 
    [P_AUTH_NO] => 
)

 Array
(
    [PageCall time] => 11:42:27
    [P_TID] => INIMX_VBNKCAEcatca0720250714113858025388
    [P_MID] => CAEcatca07
    [P_AUTH_DT] => 20250714114227
    [P_STATUS] => 02
    [P_TYPE] => VBANK
    [P_OID] => 250714-013
    [P_FN_CD1] => 89
    [P_FN_CD2] => 
    [P_FN_NM] => 케이뱅크
    [P_AMT] => 3000
    [P_UNAME] => 정은선
    [P_RMESG1] => P_VACCT_NO=70112003958629|P_EXP_DT=20250724
    [P_RMESG2] => 
    [P_NOTI] => 
    [P_AUTH_NO] => 
)

 Array
(
    [PageCall time] => 11:59:25
    [P_TID] => INIMX_VBNKCAEcatca0720250714115859175638
    [P_MID] => CAEcatca07
    [P_AUTH_DT] => 20250714115925
    [P_STATUS] => 02
    [P_TYPE] => VBANK
    [P_OID] => 250714-015
    [P_FN_CD1] => 11
    [P_FN_CD2] => 
    [P_FN_NM] => NH농협은행
    [P_AMT] => 3000
    [P_UNAME] => 임대근
    [P_RMESG1] => P_VACCT_NO=79013684289899|P_EXP_DT=20250724
    [P_RMESG2] => 
    [P_NOTI] => 
    [P_AUTH_NO] => 
)

 Array
(
    [PageCall time] => 12:12:57
    [P_TID] => INIMX_VBNKCAEcatca0720250714120925895962
    [P_MID] => CAEcatca07
    [P_AUTH_DT] => 20250714121257
    [P_STATUS] => 02
    [P_TYPE] => VBANK
    [P_OID] => 250714-016
    [P_FN_CD1] => 11
    [P_FN_CD2] => 
    [P_FN_NM] => NH농협은행
    [P_AMT] => 3000
    [P_UNAME] => 주설아
    [P_RMESG1] => P_VACCT_NO=79013684291298|P_EXP_DT=20250724
    [P_RMESG2] => 
    [P_NOTI] => 
    [P_AUTH_NO] => 
)

 Array
(
    [PageCall time] => 12:27:38
    [P_TID] => INIMX_VBNKCAEcatca0720250714122644245422
    [P_MID] => CAEcatca07
    [P_AUTH_DT] => 20250714122738
    [P_STATUS] => 02
    [P_TYPE] => VBANK
    [P_OID] => 250714-017
    [P_FN_CD1] => 04
    [P_FN_CD2] => 
    [P_FN_NM] => KB국민은행
    [P_AMT] => 3000
    [P_UNAME] => 조상진
    [P_RMESG1] => P_VACCT_NO=70189014874175|P_EXP_DT=20250724
    [P_RMESG2] => 
    [P_NOTI] => 
    [P_AUTH_NO] => 
)

 Array
(
    [PageCall time] => 13:09:50
    [P_TID] => INIMX_VBNKCAEcatca0720250714130436655170
    [P_MID] => CAEcatca07
    [P_AUTH_DT] => 20250714130950
    [P_STATUS] => 02
    [P_TYPE] => VBANK
    [P_OID] => 250714-018
    [P_FN_CD1] => 04
    [P_FN_CD2] => 
    [P_FN_NM] => KB국민은행
    [P_AMT] => 3000
    [P_UNAME] => 남기수
    [P_RMESG1] => P_VACCT_NO=70189014879422|P_EXP_DT=20250724
    [P_RMESG2] => 
    [P_NOTI] => 
    [P_AUTH_NO] => 
)

 Array
(
    [PageCall time] => 13:10:00
    [P_TID] => INIMX_VBNKCAEcatca0720250714130934235089
    [P_MID] => CAEcatca07
    [P_AUTH_DT] => 20250714131000
    [P_STATUS] => 02
    [P_TYPE] => VBANK
    [P_OID] => 250714-019
    [P_FN_CD1] => 04
    [P_FN_CD2] => 
    [P_FN_NM] => KB국민은행
    [P_AMT] => 3000
    [P_UNAME] => 백송희
    [P_RMESG1] => P_VACCT_NO=70189014880365|P_EXP_DT=20250724
    [P_RMESG2] => 
    [P_NOTI] => 
    [P_AUTH_NO] => 
)

 Array
(
    [PageCall time] => 13:30:40
    [P_TID] => INIMX_VBNKCAEcatca0720250714132348995453
    [P_MID] => CAEcatca07
    [P_AUTH_DT] => 20250714133040
    [P_STATUS] => 02
    [P_TYPE] => VBANK
    [P_OID] => 250714-020
    [P_FN_CD1] => 03
    [P_FN_CD2] => 
    [P_FN_NM] => 기업은행
    [P_AMT] => 3000
    [P_UNAME] => 전용식
    [P_RMESG1] => P_VACCT_NO=07502320597085|P_EXP_DT=20250724
    [P_RMESG2] => 
    [P_NOTI] => 
    [P_AUTH_NO] => 
)

 Array
(
    [PageCall time] => 13:56:35
    [P_TID] => INIMX_VBNKCAEcatca0720250714135357855885
    [P_MID] => CAEcatca07
    [P_AUTH_DT] => 20250714135635
    [P_STATUS] => 02
    [P_TYPE] => VBANK
    [P_OID] => 250714-021
    [P_FN_CD1] => 20
    [P_FN_CD2] => 
    [P_FN_NM] => 우리은행
    [P_AMT] => 3000
    [P_UNAME] => 박주연
    [P_RMESG1] => P_VACCT_NO=61848578118835|P_EXP_DT=20250724
    [P_RMESG2] => 
    [P_NOTI] => 
    [P_AUTH_NO] => 
)

 Array
(
    [PageCall time] => 14:00:45
    [P_TID] => INIMX_VBNKCAEcatca0720250714135710675909
    [P_MID] => CAEcatca07
    [P_AUTH_DT] => 20250714140045
    [P_STATUS] => 02
    [P_TYPE] => VBANK
    [P_OID] => 250714-022
    [P_FN_CD1] => 88
    [P_FN_CD2] => 
    [P_FN_NM] => 신한은행
    [P_AMT] => 3000
    [P_UNAME] => 이종환
    [P_RMESG1] => P_VACCT_NO=56211106584605|P_EXP_DT=20250724
    [P_RMESG2] => 
    [P_NOTI] => 
    [P_AUTH_NO] => 
)

 Array
(
    [PageCall time] => 14:11:36
    [P_TID] => INIMX_VBNKCAEcatca0720250710133513504304
    [P_MID] => CAEcatca07
    [P_AUTH_DT] => 20250714141136
    [P_STATUS] => 02
    [P_TYPE] => VBANK
    [P_OID] => 250630-056
    [P_FN_CD1] => 11
    [P_FN_CD2] => 
    [P_FN_NM] => NH농협은행
    [P_AMT] => 3000
    [P_UNAME] => 박영민
    [P_RMESG1] => P_VACCT_NO=79003194842621|P_EXP_DT=20250720
    [P_RMESG2] => 
    [P_NOTI] => 
    [P_AUTH_NO] => 
)

 Array
(
    [PageCall time] => 14:44:18
    [P_TID] => INIMX_VBNKCAEcatca0720250714144348475558
    [P_MID] => CAEcatca07
    [P_AUTH_DT] => 20250714144418
    [P_STATUS] => 02
    [P_TYPE] => VBANK
    [P_OID] => 250710-009
    [P_FN_CD1] => 04
    [P_FN_CD2] => 
    [P_FN_NM] => KB국민은행
    [P_AMT] => 3000
    [P_UNAME] => 권종근
    [P_RMESG1] => P_VACCT_NO=70189014902588|P_EXP_DT=20250724
    [P_RMESG2] => 
    [P_NOTI] => 
    [P_AUTH_NO] => 
)

 Array
(
    [PageCall time] => 14:48:49
    [P_TID] => INIMX_VBNKCAEcatca0720250714144531315043
    [P_MID] => CAEcatca07
    [P_AUTH_DT] => 20250714144849
    [P_STATUS] => 02
    [P_TYPE] => VBANK
    [P_OID] => 250714-023
    [P_FN_CD1] => 88
    [P_FN_CD2] => 
    [P_FN_NM] => 신한은행
    [P_AMT] => 3000
    [P_UNAME] => 임경남
    [P_RMESG1] => P_VACCT_NO=56211106591068|P_EXP_DT=20250724
    [P_RMESG2] => 
    [P_NOTI] => 
    [P_AUTH_NO] => 
)

 Array
(
    [PageCall time] => 15:45:39
    [P_TID] => INIMX_VBNKCAEcatca0720250714154432135158
    [P_MID] => CAEcatca07
    [P_AUTH_DT] => 20250714154539
    [P_STATUS] => 02
    [P_TYPE] => VBANK
    [P_OID] => 250714-024
    [P_FN_CD1] => 11
    [P_FN_CD2] => 
    [P_FN_NM] => NH농협은행
    [P_AMT] => 3000
    [P_UNAME] => 박정자
    [P_RMESG1] => P_VACCT_NO=79013684324980|P_EXP_DT=20250724
    [P_RMESG2] => 
    [P_NOTI] => 
    [P_AUTH_NO] => 
)

 Array
(
    [PageCall time] => 15:52:19
    [P_TID] => INIMX_VBNKCAEcatca0720250714152308845610
    [P_MID] => CAEcatca07
    [P_AUTH_DT] => 20250714155219
    [P_STATUS] => 02
    [P_TYPE] => VBANK
    [P_OID] => 250714-012
    [P_FN_CD1] => 81
    [P_FN_CD2] => 
    [P_FN_NM] => 하나은행
    [P_AMT] => 3000
    [P_UNAME] => 신현아
    [P_RMESG1] => P_VACCT_NO=20893830580437|P_EXP_DT=20250724
    [P_RMESG2] => 
    [P_NOTI] => 
    [P_AUTH_NO] => 
)

 Array
(
    [PageCall time] => 16:14:42
    [P_TID] => INIMX_VBNKCAEcatca0720250714161410975883
    [P_MID] => CAEcatca07
    [P_AUTH_DT] => 20250714161442
    [P_STATUS] => 02
    [P_TYPE] => VBANK
    [P_OID] => 250714-026
    [P_FN_CD1] => 11
    [P_FN_CD2] => 
    [P_FN_NM] => NH농협은행
    [P_AMT] => 3000
    [P_UNAME] => 김재영
    [P_RMESG1] => P_VACCT_NO=79013684331508|P_EXP_DT=20250724
    [P_RMESG2] => 
    [P_NOTI] => 
    [P_AUTH_NO] => 
)

 Array
(
    [PageCall time] => 16:45:21
    [P_TID] => INIMX_VBNKCAEcatca0720250714164231665261
    [P_MID] => CAEcatca07
    [P_AUTH_DT] => 20250714164521
    [P_STATUS] => 02
    [P_TYPE] => VBANK
    [P_OID] => 250714-027
    [P_FN_CD1] => 88
    [P_FN_CD2] => 
    [P_FN_NM] => 신한은행
    [P_AMT] => 3000
    [P_UNAME] => 추경윤
    [P_RMESG1] => P_VACCT_NO=56211106603815|P_EXP_DT=20250724
    [P_RMESG2] => 
    [P_NOTI] => 
    [P_AUTH_NO] => 
)

 Array
(
    [PageCall time] => 16:45:50
    [P_TID] => INIMX_VBNKCAEcatca0720250714164321675228
    [P_MID] => CAEcatca07
    [P_AUTH_DT] => 20250714164550
    [P_STATUS] => 02
    [P_TYPE] => VBANK
    [P_OID] => 250714-028
    [P_FN_CD1] => 81
    [P_FN_CD2] => 
    [P_FN_NM] => 하나은행
    [P_AMT] => 3000
    [P_UNAME] => 조서연
    [P_RMESG1] => P_VACCT_NO=20893831739537|P_EXP_DT=20250724
    [P_RMESG2] => 
    [P_NOTI] => 
    [P_AUTH_NO] => 
)

 Array
(
    [PageCall time] => 18:26:36
    [P_TID] => INIMX_VBNKCAEcatca0720250714182354495402
    [P_MID] => CAEcatca07
    [P_AUTH_DT] => 20250714182636
    [P_STATUS] => 02
    [P_TYPE] => VBANK
    [P_OID] => 250714-029
    [P_FN_CD1] => 20
    [P_FN_CD2] => 
    [P_FN_NM] => 우리은행
    [P_AMT] => 3000
    [P_UNAME] => 안종영
    [P_RMESG1] => P_VACCT_NO=61848596918492|P_EXP_DT=20250724
    [P_RMESG2] => 
    [P_NOTI] => 
    [P_AUTH_NO] => 
)

 Array
(
    [PageCall time] => 18:45:05
    [P_TID] => INIMX_VBNKCAEcatca0720250714182316195813
    [P_MID] => CAEcatca07
    [P_AUTH_DT] => 20250714184505
    [P_STATUS] => 02
    [P_TYPE] => VBANK
    [P_OID] => 250713-011
    [P_FN_CD1] => 88
    [P_FN_CD2] => 
    [P_FN_NM] => 신한은행
    [P_AMT] => 3000
    [P_UNAME] => 유다연
    [P_RMESG1] => P_VACCT_NO=56211106611798|P_EXP_DT=20250724
    [P_RMESG2] => 
    [P_NOTI] => 
    [P_AUTH_NO] => 
)

 Array
(
    [PageCall time] => 20:01:26
    [P_TID] => INIMX_VBNKCAEcatca0720250714195846125807
    [P_MID] => CAEcatca07
    [P_AUTH_DT] => 20250714200125
    [P_STATUS] => 02
    [P_TYPE] => VBANK
    [P_OID] => 250714-030
    [P_FN_CD1] => 88
    [P_FN_CD2] => 
    [P_FN_NM] => 신한은행
    [P_AMT] => 3000
    [P_UNAME] => 이보람
    [P_RMESG1] => P_VACCT_NO=56211106617188|P_EXP_DT=20250724
    [P_RMESG2] => 
    [P_NOTI] => 
    [P_AUTH_NO] => 
)

 Array
(
    [PageCall time] => 21:22:13
    [P_TID] => INIMX_VBNKCAEcatca0720250714212110915607
    [P_MID] => CAEcatca07
    [P_AUTH_DT] => 20250714212212
    [P_STATUS] => 02
    [P_TYPE] => VBANK
    [P_OID] => 250714-031
    [P_FN_CD1] => 04
    [P_FN_CD2] => 
    [P_FN_NM] => KB국민은행
    [P_AMT] => 3000
    [P_UNAME] => 이영화
    [P_RMESG1] => P_VACCT_NO=70189014962531|P_EXP_DT=20250724
    [P_RMESG2] => 
    [P_NOTI] => 
    [P_AUTH_NO] => 
)

