 Array
(
    [PageCall time] => 11:35:47
    [P_TID] => INIMX_VBNKCAEcatca0720250404112955705522
    [P_MID] => CAEcatca07
    [P_AUTH_DT] => 20250404113547
    [P_STATUS] => 02
    [P_TYPE] => VBANK
    [P_OID] => 250404-003
    [P_FN_CD1] => 03
    [P_FN_CD2] => 
    [P_FN_NM] => 기업은행
    [P_AMT] => 3000
    [P_UNAME] => 구자성
    [P_RMESG1] => P_VACCT_NO=07503196897520|P_EXP_DT=20250414
    [P_RMESG2] => 
    [P_NOTI] => 
    [P_AUTH_NO] => 
)

 Array
(
    [PageCall time] => 11:44:34
    [P_TID] => INIMX_VBNKCAEcatca0720250404114319785980
    [P_MID] => CAEcatca07
    [P_AUTH_DT] => 20250404114434
    [P_STATUS] => 02
    [P_TYPE] => VBANK
    [P_OID] => 250404-004
    [P_FN_CD1] => 04
    [P_FN_CD2] => 
    [P_FN_NM] => KB국민은행
    [P_AMT] => 3000
    [P_UNAME] => 김명수
    [P_RMESG1] => P_VACCT_NO=39609011240999|P_EXP_DT=20250414
    [P_RMESG2] => 
    [P_NOTI] => 
    [P_AUTH_NO] => 
)

 Array
(
    [PageCall time] => 11:46:53
    [P_TID] => INIMX_VBNKCAEcatca0720250404114401975958
    [P_MID] => CAEcatca07
    [P_AUTH_DT] => 20250404114653
    [P_STATUS] => 02
    [P_TYPE] => VBANK
    [P_OID] => 250404-005
    [P_FN_CD1] => 89
    [P_FN_CD2] => 
    [P_FN_NM] => 케이뱅크
    [P_AMT] => 3000
    [P_UNAME] => 박지혜
    [P_RMESG1] => P_VACCT_NO=70112003246678|P_EXP_DT=20250414
    [P_RMESG2] => 
    [P_NOTI] => 
    [P_AUTH_NO] => 
)

 Array
(
    [PageCall time] => 13:23:36
    [P_TID] => INIMX_VBNKCAEcatca0720250404131928955478
    [P_MID] => CAEcatca07
    [P_AUTH_DT] => 20250404132336
    [P_STATUS] => 02
    [P_TYPE] => VBANK
    [P_OID] => 250404-006
    [P_FN_CD1] => 88
    [P_FN_CD2] => 
    [P_FN_NM] => 신한은행
    [P_AMT] => 3000
    [P_UNAME] => 이충식
    [P_RMESG1] => P_VACCT_NO=56211992246073|P_EXP_DT=20250414
    [P_RMESG2] => 
    [P_NOTI] => 
    [P_AUTH_NO] => 
)

 Array
(
    [PageCall time] => 14:43:27
    [P_TID] => INIMX_VBNKCAEcatca0720250404144251395357
    [P_MID] => CAEcatca07
    [P_AUTH_DT] => 20250404144327
    [P_STATUS] => 02
    [P_TYPE] => VBANK
    [P_OID] => 250404-009
    [P_FN_CD1] => 04
    [P_FN_CD2] => 
    [P_FN_NM] => KB국민은행
    [P_AMT] => 3000
    [P_UNAME] => 김미숙
    [P_RMESG1] => P_VACCT_NO=40139011278346|P_EXP_DT=20250414
    [P_RMESG2] => 
    [P_NOTI] => 
    [P_AUTH_NO] => 
)

 Array
(
    [PageCall time] => 14:48:42
    [P_TID] => INIMX_VBNKCAEcatca0720250404144758775076
    [P_MID] => CAEcatca07
    [P_AUTH_DT] => 20250404144842
    [P_STATUS] => 02
    [P_TYPE] => VBANK
    [P_OID] => 250404-010
    [P_FN_CD1] => 04
    [P_FN_CD2] => 
    [P_FN_NM] => KB국민은행
    [P_AMT] => 3000
    [P_UNAME] => 이우철
    [P_RMESG1] => P_VACCT_NO=40139011384366|P_EXP_DT=20250414
    [P_RMESG2] => 
    [P_NOTI] => 
    [P_AUTH_NO] => 
)

 Array
(
    [PageCall time] => 15:57:13
    [P_TID] => INIMX_VBNKCAEcatca0720250404132044885707
    [P_MID] => CAEcatca07
    [P_AUTH_DT] => 20250404155713
    [P_STATUS] => 02
    [P_TYPE] => VBANK
    [P_OID] => 250404-001
    [P_FN_CD1] => 88
    [P_FN_CD2] => 
    [P_FN_NM] => 신한은행
    [P_AMT] => 3000
    [P_UNAME] => 전정애
    [P_RMESG1] => P_VACCT_NO=56211992246143|P_EXP_DT=20250414
    [P_RMESG2] => 
    [P_NOTI] => 
    [P_AUTH_NO] => 
)

 Array
(
    [PageCall time] => 16:28:17
    [P_TID] => INIMX_VBNKCAEcatca0720250404162214165645
    [P_MID] => CAEcatca07
    [P_AUTH_DT] => 20250404162817
    [P_STATUS] => 02
    [P_TYPE] => VBANK
    [P_OID] => 250404-012
    [P_FN_CD1] => 20
    [P_FN_CD2] => 
    [P_FN_NM] => 우리은행
    [P_AMT] => 3000
    [P_UNAME] => 김경남
    [P_RMESG1] => P_VACCT_NO=27388779318589|P_EXP_DT=20250414
    [P_RMESG2] => 
    [P_NOTI] => 
    [P_AUTH_NO] => 
)

 Array
(
    [PageCall time] => 16:39:15
    [P_TID] => INIMX_VBNKCAEcatca0720250404163832215794
    [P_MID] => CAEcatca07
    [P_AUTH_DT] => 20250404163915
    [P_STATUS] => 02
    [P_TYPE] => VBANK
    [P_OID] => 250404-013
    [P_FN_CD1] => 04
    [P_FN_CD2] => 
    [P_FN_NM] => KB국민은행
    [P_AMT] => 3000
    [P_UNAME] => 이이화
    [P_RMESG1] => P_VACCT_NO=40269011592986|P_EXP_DT=20250414
    [P_RMESG2] => 
    [P_NOTI] => 
    [P_AUTH_NO] => 
)

 Array
(
    [PageCall time] => 17:15:39
    [P_TID] => INIMX_VBNKCAEcatca0720250404171315395609
    [P_MID] => CAEcatca07
    [P_AUTH_DT] => 20250404171539
    [P_STATUS] => 02
    [P_TYPE] => VBANK
    [P_OID] => 250404-015
    [P_FN_CD1] => 88
    [P_FN_CD2] => 
    [P_FN_NM] => 신한은행
    [P_AMT] => 3000
    [P_UNAME] => 이예림
    [P_RMESG1] => P_VACCT_NO=56211992257584|P_EXP_DT=20250414
    [P_RMESG2] => 
    [P_NOTI] => 
    [P_AUTH_NO] => 
)

 Array
(
    [PageCall time] => 17:30:24
    [P_TID] => INIMX_VBNKCAEcatca0720250404172939405454
    [P_MID] => CAEcatca07
    [P_AUTH_DT] => 20250404173024
    [P_STATUS] => 02
    [P_TYPE] => VBANK
    [P_OID] => 250404-016
    [P_FN_CD1] => 04
    [P_FN_CD2] => 
    [P_FN_NM] => KB국민은행
    [P_AMT] => 3000
    [P_UNAME] => 장선희
    [P_RMESG1] => P_VACCT_NO=45749014041836|P_EXP_DT=20250414
    [P_RMESG2] => 
    [P_NOTI] => 
    [P_AUTH_NO] => 
)

 Array
(
    [PageCall time] => 18:52:24
    [P_TID] => INIMX_VBNKCAEcatca0720250404184757805840
    [P_MID] => CAEcatca07
    [P_AUTH_DT] => 20250404185224
    [P_STATUS] => 02
    [P_TYPE] => VBANK
    [P_OID] => 250404-017
    [P_FN_CD1] => 20
    [P_FN_CD2] => 
    [P_FN_NM] => 우리은행
    [P_AMT] => 3000
    [P_UNAME] => 강경구
    [P_RMESG1] => P_VACCT_NO=27388784118701|P_EXP_DT=20250414
    [P_RMESG2] => 
    [P_NOTI] => 
    [P_AUTH_NO] => 
)

 Array
(
    [PageCall time] => 19:15:33
    [P_TID] => INIMX_VBNKCAEcatca0720250404191150885003
    [P_MID] => CAEcatca07
    [P_AUTH_DT] => 20250404191533
    [P_STATUS] => 02
    [P_TYPE] => VBANK
    [P_OID] => 250404-018
    [P_FN_CD1] => 89
    [P_FN_CD2] => 
    [P_FN_NM] => 케이뱅크
    [P_AMT] => 3000
    [P_UNAME] => 이철
    [P_RMESG1] => P_VACCT_NO=70112003248614|P_EXP_DT=20250414
    [P_RMESG2] => 
    [P_NOTI] => 
    [P_AUTH_NO] => 
)

