 Array
(
    [PageCall time] => 08:16:04
    [P_TID] => INIMX_VBNKCAEcatca0720250503081504045771
    [P_MID] => CAEcatca07
    [P_AUTH_DT] => 20250503081604
    [P_STATUS] => 02
    [P_TYPE] => VBANK
    [P_OID] => 250317-029
    [P_FN_CD1] => 04
    [P_FN_CD2] => 
    [P_FN_NM] => KB국민은행
    [P_AMT] => 3000
    [P_UNAME] => 김미진
    [P_RMESG1] => P_VACCT_NO=26119078003422|P_EXP_DT=20250513
    [P_RMESG2] => 
    [P_NOTI] => 
    [P_AUTH_NO] => 
)

 Array
(
    [PageCall time] => 12:37:17
    [P_TID] => INIMX_VBNKCAEcatca0720250503123110735902
    [P_MID] => CAEcatca07
    [P_AUTH_DT] => 20250503123717
    [P_STATUS] => 02
    [P_TYPE] => VBANK
    [P_OID] => 250503-003
    [P_FN_CD1] => 11
    [P_FN_CD2] => 
    [P_FN_NM] => NH농협은행
    [P_AMT] => 3000
    [P_UNAME] => 김정근
    [P_RMESG1] => P_VACCT_NO=79015902575561|P_EXP_DT=20250513
    [P_RMESG2] => 
    [P_NOTI] => 
    [P_AUTH_NO] => 
)

 Array
(
    [PageCall time] => 13:17:31
    [P_TID] => INIMX_VBNKCAEcatca0720250503131433485029
    [P_MID] => CAEcatca07
    [P_AUTH_DT] => 20250503131731
    [P_STATUS] => 02
    [P_TYPE] => VBANK
    [P_OID] => 250503-004
    [P_FN_CD1] => 88
    [P_FN_CD2] => 
    [P_FN_NM] => 신한은행
    [P_AMT] => 3000
    [P_UNAME] => 연경희
    [P_RMESG1] => P_VACCT_NO=56211102392086|P_EXP_DT=20250513
    [P_RMESG2] => 
    [P_NOTI] => 
    [P_AUTH_NO] => 
)

 Array
(
    [PageCall time] => 14:10:27
    [P_TID] => INIMX_VBNKCAEcatca0720250503140745585615
    [P_MID] => CAEcatca07
    [P_AUTH_DT] => 20250503141027
    [P_STATUS] => 02
    [P_TYPE] => VBANK
    [P_OID] => 250503-005
    [P_FN_CD1] => 88
    [P_FN_CD2] => 
    [P_FN_NM] => 신한은행
    [P_AMT] => 3000
    [P_UNAME] => 배성민
    [P_RMESG1] => P_VACCT_NO=56211102394382|P_EXP_DT=20250513
    [P_RMESG2] => 
    [P_NOTI] => 
    [P_AUTH_NO] => 
)

 Array
(
    [PageCall time] => 19:17:17
    [P_TID] => INIMX_VBNKCAEcatca0720250503191634135356
    [P_MID] => CAEcatca07
    [P_AUTH_DT] => 20250503191717
    [P_STATUS] => 02
    [P_TYPE] => VBANK
    [P_OID] => 250503-006
    [P_FN_CD1] => 04
    [P_FN_CD2] => 
    [P_FN_NM] => KB국민은행
    [P_AMT] => 3000
    [P_UNAME] => 신윤필
    [P_RMESG1] => P_VACCT_NO=26029078396507|P_EXP_DT=20250513
    [P_RMESG2] => 
    [P_NOTI] => 
    [P_AUTH_NO] => 
)

 Array
(
    [PageCall time] => 22:25:42
    [P_TID] => INIMX_VBNKCAEcatca0720250503222446235861
    [P_MID] => CAEcatca07
    [P_AUTH_DT] => 20250503222542
    [P_STATUS] => 02
    [P_TYPE] => VBANK
    [P_OID] => 250503-007
    [P_FN_CD1] => 11
    [P_FN_CD2] => 
    [P_FN_NM] => NH농협은행
    [P_AMT] => 3000
    [P_UNAME] => 차순철
    [P_RMESG1] => P_VACCT_NO=79015902619242|P_EXP_DT=20250513
    [P_RMESG2] => 
    [P_NOTI] => 
    [P_AUTH_NO] => 
)

