 Array
(
    [PageCall time] => 09:53:24
    [P_TID] => INIMX_VBNKCAEcatca0720260330095230305357
    [P_MID] => CAEcatca07
    [P_AUTH_DT] => 20260330095324
    [P_STATUS] => 02
    [P_TYPE] => VBANK
    [P_OID] => 260330-003
    [P_FN_CD1] => 11
    [P_FN_CD2] => 
    [P_FN_NM] => NH농협은행
    [P_AMT] => 3500
    [P_UNAME] => 김미화
    [P_RMESG1] => P_VACCT_NO=79014409547290|P_EXP_DT=20260409
    [P_RMESG2] => 
    [P_NOTI] => 
    [P_AUTH_NO] => 
)

 Array
(
    [PageCall time] => 10:14:55
    [P_TID] => INIMX_VBNKCAEcatca0720260330101141485669
    [P_MID] => CAEcatca07
    [P_AUTH_DT] => 20260330101455
    [P_STATUS] => 02
    [P_TYPE] => VBANK
    [P_OID] => 260330-006
    [P_FN_CD1] => 20
    [P_FN_CD2] => 
    [P_FN_NM] => 우리은행
    [P_AMT] => 3500
    [P_UNAME] => 배희영
    [P_RMESG1] => P_VACCT_NO=61848262218498|P_EXP_DT=20260409
    [P_RMESG2] => 
    [P_NOTI] => 
    [P_AUTH_NO] => 
)

 Array
(
    [PageCall time] => 10:19:47
    [P_TID] => INIMX_VBNKCAEcatca0720260330101631215477
    [P_MID] => CAEcatca07
    [P_AUTH_DT] => 20260330101947
    [P_STATUS] => 02
    [P_TYPE] => VBANK
    [P_OID] => 260330-007
    [P_FN_CD1] => 88
    [P_FN_CD2] => 
    [P_FN_NM] => 신한은행
    [P_AMT] => 3500
    [P_UNAME] => 정경원
    [P_RMESG1] => P_VACCT_NO=56211106183394|P_EXP_DT=20260409
    [P_RMESG2] => 
    [P_NOTI] => 
    [P_AUTH_NO] => 
)

 Array
(
    [PageCall time] => 10:22:04
    [P_TID] => INIMX_VBNKCAEcatca0720260330101846585627
    [P_MID] => CAEcatca07
    [P_AUTH_DT] => 20260330102204
    [P_STATUS] => 02
    [P_TYPE] => VBANK
    [P_OID] => 260330-008
    [P_FN_CD1] => 81
    [P_FN_CD2] => 
    [P_FN_NM] => 하나은행
    [P_AMT] => 3500
    [P_UNAME] => 한경민
    [P_RMESG1] => P_VACCT_NO=20893866598837|P_EXP_DT=20260409
    [P_RMESG2] => 
    [P_NOTI] => 
    [P_AUTH_NO] => 
)

 Array
(
    [PageCall time] => 11:16:43
    [P_TID] => INIMX_VBNKCAEcatca0720260330111305685538
    [P_MID] => CAEcatca07
    [P_AUTH_DT] => 20260330111643
    [P_STATUS] => 02
    [P_TYPE] => VBANK
    [P_OID] => 260330-014
    [P_FN_CD1] => 88
    [P_FN_CD2] => 
    [P_FN_NM] => 신한은행
    [P_AMT] => 3500
    [P_UNAME] => 김강훈
    [P_RMESG1] => P_VACCT_NO=56211106190866|P_EXP_DT=20260409
    [P_RMESG2] => 
    [P_NOTI] => 
    [P_AUTH_NO] => 
)

 Array
(
    [PageCall time] => 11:26:20
    [P_TID] => INIMX_VBNKCAEcatca0720260330112336605450
    [P_MID] => CAEcatca07
    [P_AUTH_DT] => 20260330112620
    [P_STATUS] => 02
    [P_TYPE] => VBANK
    [P_OID] => 260329-002
    [P_FN_CD1] => 11
    [P_FN_CD2] => 
    [P_FN_NM] => NH농협은행
    [P_AMT] => 3500
    [P_UNAME] => 김희자
    [P_RMESG1] => P_VACCT_NO=79014409565333|P_EXP_DT=20260409
    [P_RMESG2] => 
    [P_NOTI] => 
    [P_AUTH_NO] => 
)

 Array
(
    [PageCall time] => 11:34:16
    [P_TID] => INIMX_VBNKCAEcatca0720260330113343925579
    [P_MID] => CAEcatca07
    [P_AUTH_DT] => 20260330113415
    [P_STATUS] => 02
    [P_TYPE] => VBANK
    [P_OID] => 260330-015
    [P_FN_CD1] => 11
    [P_FN_CD2] => 
    [P_FN_NM] => NH농협은행
    [P_AMT] => 3500
    [P_UNAME] => 김형우
    [P_RMESG1] => P_VACCT_NO=79014409566908|P_EXP_DT=20260409
    [P_RMESG2] => 
    [P_NOTI] => 
    [P_AUTH_NO] => 
)

 Array
(
    [PageCall time] => 11:41:41
    [P_TID] => INIMX_VBNKCAEcatca0720260330113850175303
    [P_MID] => CAEcatca07
    [P_AUTH_DT] => 20260330114141
    [P_STATUS] => 02
    [P_TYPE] => VBANK
    [P_OID] => 260330-016
    [P_FN_CD1] => 81
    [P_FN_CD2] => 
    [P_FN_NM] => 하나은행
    [P_AMT] => 3500
    [P_UNAME] => 든든주택봄
    [P_RMESG1] => P_VACCT_NO=20893867149937|P_EXP_DT=20260409
    [P_RMESG2] => 
    [P_NOTI] => 
    [P_AUTH_NO] => 
)

 Array
(
    [PageCall time] => 12:10:42
    [P_TID] => INIMX_VBNKCAEcatca0720260330120745235050
    [P_MID] => CAEcatca07
    [P_AUTH_DT] => 20260330121042
    [P_STATUS] => 02
    [P_TYPE] => VBANK
    [P_OID] => 260330-017
    [P_FN_CD1] => 81
    [P_FN_CD2] => 
    [P_FN_NM] => 하나은행
    [P_AMT] => 3500
    [P_UNAME] => 양연수
    [P_RMESG1] => P_VACCT_NO=20893867251337|P_EXP_DT=20260409
    [P_RMESG2] => 
    [P_NOTI] => 
    [P_AUTH_NO] => 
)

 Array
(
    [PageCall time] => 12:17:40
    [P_TID] => INIMX_VBNKCAEcatca0720260330121501935760
    [P_MID] => CAEcatca07
    [P_AUTH_DT] => 20260330121740
    [P_STATUS] => 02
    [P_TYPE] => VBANK
    [P_OID] => 260330-018
    [P_FN_CD1] => 04
    [P_FN_CD2] => 
    [P_FN_NM] => KB국민은행
    [P_AMT] => 3500
    [P_UNAME] => 윤정희
    [P_RMESG1] => P_VACCT_NO=96279078330809|P_EXP_DT=20260409
    [P_RMESG2] => 
    [P_NOTI] => 
    [P_AUTH_NO] => 
)

 Array
(
    [PageCall time] => 12:32:51
    [P_TID] => INIMX_VBNKCAEcatca0720260330122959325323
    [P_MID] => CAEcatca07
    [P_AUTH_DT] => 20260330123251
    [P_STATUS] => 02
    [P_TYPE] => VBANK
    [P_OID] => 260330-019
    [P_FN_CD1] => 88
    [P_FN_CD2] => 
    [P_FN_NM] => 신한은행
    [P_AMT] => 3500
    [P_UNAME] => 박용배
    [P_RMESG1] => P_VACCT_NO=56211106197672|P_EXP_DT=20260409
    [P_RMESG2] => 
    [P_NOTI] => 
    [P_AUTH_NO] => 
)

 Array
(
    [PageCall time] => 12:47:52
    [P_TID] => INIMX_VBNKCAEcatca0720260330124640415057
    [P_MID] => CAEcatca07
    [P_AUTH_DT] => 20260330124751
    [P_STATUS] => 02
    [P_TYPE] => VBANK
    [P_OID] => 260330-020
    [P_FN_CD1] => 11
    [P_FN_CD2] => 
    [P_FN_NM] => NH농협은행
    [P_AMT] => 3500
    [P_UNAME] => 이종혁
    [P_RMESG1] => P_VACCT_NO=79014409575934|P_EXP_DT=20260409
    [P_RMESG2] => 
    [P_NOTI] => 
    [P_AUTH_NO] => 
)

 Array
(
    [PageCall time] => 13:38:32
    [P_TID] => INIMX_VBNKCAEcatca0720260330133634155018
    [P_MID] => CAEcatca07
    [P_AUTH_DT] => 20260330133832
    [P_STATUS] => 02
    [P_TYPE] => VBANK
    [P_OID] => 260330-022
    [P_FN_CD1] => 11
    [P_FN_CD2] => 
    [P_FN_NM] => NH농협은행
    [P_AMT] => 3500
    [P_UNAME] => 한금희
    [P_RMESG1] => P_VACCT_NO=79014409582604|P_EXP_DT=20260409
    [P_RMESG2] => 
    [P_NOTI] => 
    [P_AUTH_NO] => 
)

 Array
(
    [PageCall time] => 14:08:30
    [P_TID] => INIMX_VBNKCAEcatca0720260330140734865527
    [P_MID] => CAEcatca07
    [P_AUTH_DT] => 20260330140830
    [P_STATUS] => 02
    [P_TYPE] => VBANK
    [P_OID] => 260330-010
    [P_FN_CD1] => 11
    [P_FN_CD2] => 
    [P_FN_NM] => NH농협은행
    [P_AMT] => 3500
    [P_UNAME] => 이경희
    [P_RMESG1] => P_VACCT_NO=79014504815150|P_EXP_DT=20260409
    [P_RMESG2] => 
    [P_NOTI] => 
    [P_AUTH_NO] => 
)

 Array
(
    [PageCall time] => 14:28:08
    [P_TID] => INIMX_VBNKCAEcatca0720260330142534285704
    [P_MID] => CAEcatca07
    [P_AUTH_DT] => 20260330142808
    [P_STATUS] => 02
    [P_TYPE] => VBANK
    [P_OID] => 260330-025
    [P_FN_CD1] => 39
    [P_FN_CD2] => 
    [P_FN_NM] => 경남은행
    [P_AMT] => 3500
    [P_UNAME] => 유한조
    [P_RMESG1] => P_VACCT_NO=573194501024|P_EXP_DT=20260409
    [P_RMESG2] => 
    [P_NOTI] => 
    [P_AUTH_NO] => 
)

 Array
(
    [PageCall time] => 14:33:00
    [P_TID] => INIMX_VBNKCAEcatca0720260330143018365221
    [P_MID] => CAEcatca07
    [P_AUTH_DT] => 20260330143300
    [P_STATUS] => 02
    [P_TYPE] => VBANK
    [P_OID] => 260330-026
    [P_FN_CD1] => 04
    [P_FN_CD2] => 
    [P_FN_NM] => KB국민은행
    [P_AMT] => 3500
    [P_UNAME] => 이형록
    [P_RMESG1] => P_VACCT_NO=96279078459708|P_EXP_DT=20260409
    [P_RMESG2] => 
    [P_NOTI] => 
    [P_AUTH_NO] => 
)

 Array
(
    [PageCall time] => 15:39:22
    [P_TID] => INIMX_VBNKCAEcatca0720260330153631675992
    [P_MID] => CAEcatca07
    [P_AUTH_DT] => 20260330153922
    [P_STATUS] => 02
    [P_TYPE] => VBANK
    [P_OID] => 260330-027
    [P_FN_CD1] => 37
    [P_FN_CD2] => 
    [P_FN_NM] => 전북은행
    [P_AMT] => 3500
    [P_UNAME] => 성태경
    [P_RMESG1] => P_VACCT_NO=9101210005428|P_EXP_DT=20260409
    [P_RMESG2] => 
    [P_NOTI] => 
    [P_AUTH_NO] => 
)

 Array
(
    [PageCall time] => 15:51:30
    [P_TID] => INIMX_VBNKCAEcatca0720260330154739695272
    [P_MID] => CAEcatca07
    [P_AUTH_DT] => 20260330155130
    [P_STATUS] => 02
    [P_TYPE] => VBANK
    [P_OID] => 260330-004
    [P_FN_CD1] => 81
    [P_FN_CD2] => 
    [P_FN_NM] => 하나은행
    [P_AMT] => 3500
    [P_UNAME] => 천은영
    [P_RMESG1] => P_VACCT_NO=20893868813037|P_EXP_DT=20260409
    [P_RMESG2] => 
    [P_NOTI] => 
    [P_AUTH_NO] => 
)

 Array
(
    [PageCall time] => 15:51:36
    [P_TID] => INIMX_VBNKCAEcatca0720260330154743485332
    [P_MID] => CAEcatca07
    [P_AUTH_DT] => 20260330155136
    [P_STATUS] => 02
    [P_TYPE] => VBANK
    [P_OID] => 260330-028
    [P_FN_CD1] => 88
    [P_FN_CD2] => 
    [P_FN_NM] => 신한은행
    [P_AMT] => 3500
    [P_UNAME] => 이성심
    [P_RMESG1] => P_VACCT_NO=56211106216050|P_EXP_DT=20260409
    [P_RMESG2] => 
    [P_NOTI] => 
    [P_AUTH_NO] => 
)

 Array
(
    [PageCall time] => 15:52:57
    [P_TID] => INIMX_VBNKCAEcatca0720260330154938475071
    [P_MID] => CAEcatca07
    [P_AUTH_DT] => 20260330155257
    [P_STATUS] => 02
    [P_TYPE] => VBANK
    [P_OID] => 260330-029
    [P_FN_CD1] => 04
    [P_FN_CD2] => 
    [P_FN_NM] => KB국민은행
    [P_AMT] => 3500
    [P_UNAME] => 강남용
    [P_RMESG1] => P_VACCT_NO=96279078709081|P_EXP_DT=20260409
    [P_RMESG2] => 
    [P_NOTI] => 
    [P_AUTH_NO] => 
)

 Array
(
    [PageCall time] => 15:58:29
    [P_TID] => INIMX_VBNKCAEcatca0720260330155555205116
    [P_MID] => CAEcatca07
    [P_AUTH_DT] => 20260330155829
    [P_STATUS] => 02
    [P_TYPE] => VBANK
    [P_OID] => 260330-030
    [P_FN_CD1] => 04
    [P_FN_CD2] => 
    [P_FN_NM] => KB국민은행
    [P_AMT] => 3500
    [P_UNAME] => 유병웅
    [P_RMESG1] => P_VACCT_NO=96279078710643|P_EXP_DT=20260409
    [P_RMESG2] => 
    [P_NOTI] => 
    [P_AUTH_NO] => 
)

 Array
(
    [PageCall time] => 16:04:15
    [P_TID] => INIMX_VBNKCAEcatca0720260330160126985161
    [P_MID] => CAEcatca07
    [P_AUTH_DT] => 20260330160415
    [P_STATUS] => 02
    [P_TYPE] => VBANK
    [P_OID] => 260330-031
    [P_FN_CD1] => 04
    [P_FN_CD2] => 
    [P_FN_NM] => KB국민은행
    [P_AMT] => 3500
    [P_UNAME] => 이혜연
    [P_RMESG1] => P_VACCT_NO=96279078712973|P_EXP_DT=20260409
    [P_RMESG2] => 
    [P_NOTI] => 
    [P_AUTH_NO] => 
)

 Array
(
    [PageCall time] => 16:28:30
    [P_TID] => INIMX_VBNKCAEcatca0720260330162521455648
    [P_MID] => CAEcatca07
    [P_AUTH_DT] => 20260330162830
    [P_STATUS] => 02
    [P_TYPE] => VBANK
    [P_OID] => 260330-032
    [P_FN_CD1] => 88
    [P_FN_CD2] => 
    [P_FN_NM] => 신한은행
    [P_AMT] => 3500
    [P_UNAME] => 자윤한의원
    [P_RMESG1] => P_VACCT_NO=56211106226214|P_EXP_DT=20260409
    [P_RMESG2] => 
    [P_NOTI] => 
    [P_AUTH_NO] => 
)

 Array
(
    [PageCall time] => 16:29:39
    [P_TID] => INIMX_VBNKCAEcatca0720260330162843315924
    [P_MID] => CAEcatca07
    [P_AUTH_DT] => 20260330162939
    [P_STATUS] => 02
    [P_TYPE] => VBANK
    [P_OID] => 260330-033
    [P_FN_CD1] => 11
    [P_FN_CD2] => 
    [P_FN_NM] => NH농협은행
    [P_AMT] => 3500
    [P_UNAME] => 안지선
    [P_RMESG1] => P_VACCT_NO=79014504845475|P_EXP_DT=20260409
    [P_RMESG2] => 
    [P_NOTI] => 
    [P_AUTH_NO] => 
)

 Array
(
    [PageCall time] => 16:53:40
    [P_TID] => INIMX_VBNKCAEcatca0720260330165243525157
    [P_MID] => CAEcatca07
    [P_AUTH_DT] => 20260330165340
    [P_STATUS] => 02
    [P_TYPE] => VBANK
    [P_OID] => 260330-035
    [P_FN_CD1] => 11
    [P_FN_CD2] => 
    [P_FN_NM] => NH농협은행
    [P_AMT] => 3500
    [P_UNAME] => 박보라
    [P_RMESG1] => P_VACCT_NO=79014504849160|P_EXP_DT=20260409
    [P_RMESG2] => 
    [P_NOTI] => 
    [P_AUTH_NO] => 
)

 Array
(
    [PageCall time] => 17:26:15
    [P_TID] => INIMX_VBNKCAEcatca0720260330172020775763
    [P_MID] => CAEcatca07
    [P_AUTH_DT] => 20260330172615
    [P_STATUS] => 02
    [P_TYPE] => VBANK
    [P_OID] => 260330-013
    [P_FN_CD1] => 04
    [P_FN_CD2] => 
    [P_FN_NM] => KB국민은행
    [P_AMT] => 3500
    [P_UNAME] => 최서윤
    [P_RMESG1] => P_VACCT_NO=96279078742774|P_EXP_DT=20260409
    [P_RMESG2] => 
    [P_NOTI] => 
    [P_AUTH_NO] => 
)

 Array
(
    [PageCall time] => 17:32:01
    [P_TID] => INIMX_VBNKCAEcatca0720260330173132725581
    [P_MID] => CAEcatca07
    [P_AUTH_DT] => 20260330173201
    [P_STATUS] => 02
    [P_TYPE] => VBANK
    [P_OID] => 260330-036
    [P_FN_CD1] => 11
    [P_FN_CD2] => 
    [P_FN_NM] => NH농협은행
    [P_AMT] => 3500
    [P_UNAME] => 박서영
    [P_RMESG1] => P_VACCT_NO=79014504853400|P_EXP_DT=20260409
    [P_RMESG2] => 
    [P_NOTI] => 
    [P_AUTH_NO] => 
)

 Array
(
    [PageCall time] => 18:24:54
    [P_TID] => INIMX_VBNKCAEcatca0720260330182151645617
    [P_MID] => CAEcatca07
    [P_AUTH_DT] => 20260330182454
    [P_STATUS] => 02
    [P_TYPE] => VBANK
    [P_OID] => 260330-038
    [P_FN_CD1] => 04
    [P_FN_CD2] => 
    [P_FN_NM] => KB국민은행
    [P_AMT] => 3500
    [P_UNAME] => 남혜지
    [P_RMESG1] => P_VACCT_NO=96279078755400|P_EXP_DT=20260409
    [P_RMESG2] => 
    [P_NOTI] => 
    [P_AUTH_NO] => 
)

 Array
(
    [PageCall time] => 18:26:34
    [P_TID] => INIMX_VBNKCAEcatca0720260330182340385411
    [P_MID] => CAEcatca07
    [P_AUTH_DT] => 20260330182634
    [P_STATUS] => 02
    [P_TYPE] => VBANK
    [P_OID] => 260330-039
    [P_FN_CD1] => 04
    [P_FN_CD2] => 
    [P_FN_NM] => KB국민은행
    [P_AMT] => 3500
    [P_UNAME] => 한정훈
    [P_RMESG1] => P_VACCT_NO=96279078755707|P_EXP_DT=20260409
    [P_RMESG2] => 
    [P_NOTI] => 
    [P_AUTH_NO] => 
)

 Array
(
    [PageCall time] => 19:01:07
    [P_TID] => INIMX_VBNKCAEcatca0720260330185805325931
    [P_MID] => CAEcatca07
    [P_AUTH_DT] => 20260330190107
    [P_STATUS] => 02
    [P_TYPE] => VBANK
    [P_OID] => 260330-041
    [P_FN_CD1] => 20
    [P_FN_CD2] => 
    [P_FN_NM] => 우리은행
    [P_AMT] => 3500
    [P_UNAME] => 전양수
    [P_RMESG1] => P_VACCT_NO=61848298018117|P_EXP_DT=20260409
    [P_RMESG2] => 
    [P_NOTI] => 
    [P_AUTH_NO] => 
)

 Array
(
    [PageCall time] => 19:17:22
    [P_TID] => INIMX_VBNKCAEcatca0720260330191438375566
    [P_MID] => CAEcatca07
    [P_AUTH_DT] => 20260330191721
    [P_STATUS] => 02
    [P_TYPE] => VBANK
    [P_OID] => 260330-042
    [P_FN_CD1] => 20
    [P_FN_CD2] => 
    [P_FN_NM] => 우리은행
    [P_AMT] => 3500
    [P_UNAME] => 조아람
    [P_RMESG1] => P_VACCT_NO=61848298018549|P_EXP_DT=20260409
    [P_RMESG2] => 
    [P_NOTI] => 
    [P_AUTH_NO] => 
)

 Array
(
    [PageCall time] => 19:42:56
    [P_TID] => INIMX_VBNKCAEcatca0720260330194011305877
    [P_MID] => CAEcatca07
    [P_AUTH_DT] => 20260330194255
    [P_STATUS] => 02
    [P_TYPE] => VBANK
    [P_OID] => 260330-040
    [P_FN_CD1] => 88
    [P_FN_CD2] => 
    [P_FN_NM] => 신한은행
    [P_AMT] => 3500
    [P_UNAME] => 박재섭
    [P_RMESG1] => P_VACCT_NO=56211106240276|P_EXP_DT=20260409
    [P_RMESG2] => 
    [P_NOTI] => 
    [P_AUTH_NO] => 
)

 Array
(
    [PageCall time] => 20:30:18
    [P_TID] => INIMX_VBNKCAEcatca0720260330202749725779
    [P_MID] => CAEcatca07
    [P_AUTH_DT] => 20260330203018
    [P_STATUS] => 02
    [P_TYPE] => VBANK
    [P_OID] => 260330-044
    [P_FN_CD1] => 04
    [P_FN_CD2] => 
    [P_FN_NM] => KB국민은행
    [P_AMT] => 3500
    [P_UNAME] => 한상지
    [P_RMESG1] => P_VACCT_NO=96279078788905|P_EXP_DT=20260409
    [P_RMESG2] => 
    [P_NOTI] => 
    [P_AUTH_NO] => 
)

 Array
(
    [PageCall time] => 21:15:06
    [P_TID] => INIMX_VBNKCAEcatca0720260330211231595480
    [P_MID] => CAEcatca07
    [P_AUTH_DT] => 20260330211506
    [P_STATUS] => 02
    [P_TYPE] => VBANK
    [P_OID] => 260330-045
    [P_FN_CD1] => 88
    [P_FN_CD2] => 
    [P_FN_NM] => 신한은행
    [P_AMT] => 3500
    [P_UNAME] => 함수정
    [P_RMESG1] => P_VACCT_NO=56211106247576|P_EXP_DT=20260409
    [P_RMESG2] => 
    [P_NOTI] => 
    [P_AUTH_NO] => 
)

 Array
(
    [PageCall time] => 21:36:42
    [P_TID] => INIMX_VBNKCAEcatca0720260330213332305012
    [P_MID] => CAEcatca07
    [P_AUTH_DT] => 20260330213642
    [P_STATUS] => 02
    [P_TYPE] => VBANK
    [P_OID] => 260329-010
    [P_FN_CD1] => 23
    [P_FN_CD2] => 
    [P_FN_NM] => SC은행
    [P_AMT] => 3500
    [P_UNAME] => 김한
    [P_RMESG1] => P_VACCT_NO=46416006169646|P_EXP_DT=20260409
    [P_RMESG2] => 
    [P_NOTI] => 
    [P_AUTH_NO] => 
)

 Array
(
    [PageCall time] => 22:13:34
    [P_TID] => INIMX_VBNKCAEcatca0720260330221107955369
    [P_MID] => CAEcatca07
    [P_AUTH_DT] => 20260330221334
    [P_STATUS] => 02
    [P_TYPE] => VBANK
    [P_OID] => 260330-046
    [P_FN_CD1] => 88
    [P_FN_CD2] => 
    [P_FN_NM] => 신한은행
    [P_AMT] => 3500
    [P_UNAME] => 이솔
    [P_RMESG1] => P_VACCT_NO=56211106250479|P_EXP_DT=20260409
    [P_RMESG2] => 
    [P_NOTI] => 
    [P_AUTH_NO] => 
)

 Array
(
    [PageCall time] => 23:15:30
    [P_TID] => INIMX_VBNKCAEcatca0720260330230029905542
    [P_MID] => CAEcatca07
    [P_AUTH_DT] => 20260330231530
    [P_STATUS] => 02
    [P_TYPE] => VBANK
    [P_OID] => 260330-047
    [P_FN_CD1] => 04
    [P_FN_CD2] => 
    [P_FN_NM] => KB국민은행
    [P_AMT] => 3500
    [P_UNAME] => 박예진
    [P_RMESG1] => P_VACCT_NO=96279078813078|P_EXP_DT=20260409
    [P_RMESG2] => 
    [P_NOTI] => 
    [P_AUTH_NO] => 
)

