 Array
(
    [PageCall time] => 06:06:04
    [P_TID] => INIMX_VBNKCAEcatca0720250531060236665547
    [P_MID] => CAEcatca07
    [P_AUTH_DT] => 20250531060604
    [P_STATUS] => 02
    [P_TYPE] => VBANK
    [P_OID] => 250531-001
    [P_FN_CD1] => 81
    [P_FN_CD2] => 
    [P_FN_NM] => 하나은행
    [P_AMT] => 3000
    [P_UNAME] => 함난긍
    [P_RMESG1] => P_VACCT_NO=20893882835437|P_EXP_DT=20250610
    [P_RMESG2] => 
    [P_NOTI] => 
    [P_AUTH_NO] => 
)

 Array
(
    [PageCall time] => 07:33:57
    [P_TID] => INIMX_VBNKCAEcatca0720250531072909115621
    [P_MID] => CAEcatca07
    [P_AUTH_DT] => 20250531073357
    [P_STATUS] => 02
    [P_TYPE] => VBANK
    [P_OID] => 250531-003
    [P_FN_CD1] => 88
    [P_FN_CD2] => 
    [P_FN_NM] => 신한은행
    [P_AMT] => 3000
    [P_UNAME] => 임수경
    [P_RMESG1] => P_VACCT_NO=56211106770824|P_EXP_DT=20250610
    [P_RMESG2] => 
    [P_NOTI] => 
    [P_AUTH_NO] => 
)

 Array
(
    [PageCall time] => 08:12:35
    [P_TID] => INIMX_VBNKCAEcatca0720250531081156905340
    [P_MID] => CAEcatca07
    [P_AUTH_DT] => 20250531081235
    [P_STATUS] => 02
    [P_TYPE] => VBANK
    [P_OID] => 250531-004
    [P_FN_CD1] => 04
    [P_FN_CD2] => 
    [P_FN_NM] => KB국민은행
    [P_AMT] => 3000
    [P_UNAME] => 김준제
    [P_RMESG1] => P_VACCT_NO=91229079246498|P_EXP_DT=20250610
    [P_RMESG2] => 
    [P_NOTI] => 
    [P_AUTH_NO] => 
)

 Array
(
    [PageCall time] => 09:35:53
    [P_TID] => INIMX_VBNKCAEcatca0720250531093504825888
    [P_MID] => CAEcatca07
    [P_AUTH_DT] => 20250531093552
    [P_STATUS] => 02
    [P_TYPE] => VBANK
    [P_OID] => 250531-005
    [P_FN_CD1] => 04
    [P_FN_CD2] => 
    [P_FN_NM] => KB국민은행
    [P_AMT] => 3000
    [P_UNAME] => 이선명
    [P_RMESG1] => P_VACCT_NO=91229079472158|P_EXP_DT=20250610
    [P_RMESG2] => 
    [P_NOTI] => 
    [P_AUTH_NO] => 
)

 Array
(
    [PageCall time] => 14:00:18
    [P_TID] => INIMX_VBNKCAEcatca0720250531135114475211
    [P_MID] => CAEcatca07
    [P_AUTH_DT] => 20250531140018
    [P_STATUS] => 02
    [P_TYPE] => VBANK
    [P_OID] => 250531-009
    [P_FN_CD1] => 04
    [P_FN_CD2] => 
    [P_FN_NM] => KB국민은행
    [P_AMT] => 3000
    [P_UNAME] => 조은영
    [P_RMESG1] => P_VACCT_NO=00289071206526|P_EXP_DT=20250610
    [P_RMESG2] => 
    [P_NOTI] => 
    [P_AUTH_NO] => 
)

 Array
(
    [PageCall time] => 16:22:40
    [P_TID] => INIMX_VBNKCAEcatca0720250531162006325319
    [P_MID] => CAEcatca07
    [P_AUTH_DT] => 20250531162240
    [P_STATUS] => 02
    [P_TYPE] => VBANK
    [P_OID] => 250531-010
    [P_FN_CD1] => 88
    [P_FN_CD2] => 
    [P_FN_NM] => 신한은행
    [P_AMT] => 3000
    [P_UNAME] => 박세영
    [P_RMESG1] => P_VACCT_NO=56211991135190|P_EXP_DT=20250610
    [P_RMESG2] => 
    [P_NOTI] => 
    [P_AUTH_NO] => 
)

 Array
(
    [PageCall time] => 21:12:41
    [P_TID] => INIMX_VBNKCAEcatca0720250531211052525837
    [P_MID] => CAEcatca07
    [P_AUTH_DT] => 20250531211241
    [P_STATUS] => 02
    [P_TYPE] => VBANK
    [P_OID] => 250531-011
    [P_FN_CD1] => 04
    [P_FN_CD2] => 
    [P_FN_NM] => KB국민은행
    [P_AMT] => 3000
    [P_UNAME] => 이상헌
    [P_RMESG1] => P_VACCT_NO=60539014750065|P_EXP_DT=20250610
    [P_RMESG2] => 
    [P_NOTI] => 
    [P_AUTH_NO] => 
)

