 Array
(
    [PageCall time] => 08:47:35
    [P_TID] => INIMX_VBNKCAEcatca0720251221084436345806
    [P_MID] => CAEcatca07
    [P_AUTH_DT] => 20251221084735
    [P_STATUS] => 02
    [P_TYPE] => VBANK
    [P_OID] => 251220-012
    [P_FN_CD1] => 81
    [P_FN_CD2] => 
    [P_FN_NM] => 하나은행
    [P_AMT] => 3000
    [P_UNAME] => 심효정
    [P_RMESG1] => P_VACCT_NO=20894843758137|P_EXP_DT=20251231
    [P_RMESG2] => 
    [P_NOTI] => 
    [P_AUTH_NO] => 
)

 Array
(
    [PageCall time] => 11:37:43
    [P_TID] => INIMX_VBNKCAEcatca0720251221113432385749
    [P_MID] => CAEcatca07
    [P_AUTH_DT] => 20251221113742
    [P_STATUS] => 02
    [P_TYPE] => VBANK
    [P_OID] => 251221-001
    [P_FN_CD1] => 32
    [P_FN_CD2] => 
    [P_FN_NM] => 부산은행
    [P_AMT] => 3000
    [P_UNAME] => 박지영
    [P_RMESG1] => P_VACCT_NO=109924430231|P_EXP_DT=20251231
    [P_RMESG2] => 
    [P_NOTI] => 
    [P_AUTH_NO] => 
)

 Array
(
    [PageCall time] => 11:43:13
    [P_TID] => INIMX_VBNKCAEcatca0720251221114017825678
    [P_MID] => CAEcatca07
    [P_AUTH_DT] => 20251221114313
    [P_STATUS] => 02
    [P_TYPE] => VBANK
    [P_OID] => 251221-002
    [P_FN_CD1] => 88
    [P_FN_CD2] => 
    [P_FN_NM] => 신한은행
    [P_AMT] => 3000
    [P_UNAME] => 김선희
    [P_RMESG1] => P_VACCT_NO=56211992163832|P_EXP_DT=20251231
    [P_RMESG2] => 
    [P_NOTI] => 
    [P_AUTH_NO] => 
)

 Array
(
    [PageCall time] => 11:49:23
    [P_TID] => INIMX_VBNKCAEcatca0720251221114619675888
    [P_MID] => CAEcatca07
    [P_AUTH_DT] => 20251221114923
    [P_STATUS] => 02
    [P_TYPE] => VBANK
    [P_OID] => 251221-003
    [P_FN_CD1] => 04
    [P_FN_CD2] => 
    [P_FN_NM] => KB국민은행
    [P_AMT] => 3000
    [P_UNAME] => 오미정
    [P_RMESG1] => P_VACCT_NO=00289071148099|P_EXP_DT=20251231
    [P_RMESG2] => 
    [P_NOTI] => 
    [P_AUTH_NO] => 
)

 Array
(
    [PageCall time] => 13:15:32
    [P_TID] => INIMX_VBNKCAEcatca0720251221131206435690
    [P_MID] => CAEcatca07
    [P_AUTH_DT] => 20251221131532
    [P_STATUS] => 02
    [P_TYPE] => VBANK
    [P_OID] => 251220-009
    [P_FN_CD1] => 04
    [P_FN_CD2] => 
    [P_FN_NM] => KB국민은행
    [P_AMT] => 3000
    [P_UNAME] => 조은유
    [P_RMESG1] => P_VACCT_NO=26119078963335|P_EXP_DT=20251231
    [P_RMESG2] => 
    [P_NOTI] => 
    [P_AUTH_NO] => 
)

 Array
(
    [PageCall time] => 16:38:19
    [P_TID] => INIMX_VBNKCAEcatca0720251221163624335381
    [P_MID] => CAEcatca07
    [P_AUTH_DT] => 20251221163819
    [P_STATUS] => 02
    [P_TYPE] => VBANK
    [P_OID] => 251221-005
    [P_FN_CD1] => 11
    [P_FN_CD2] => 
    [P_FN_NM] => NH농협은행
    [P_AMT] => 3000
    [P_UNAME] => 김미경
    [P_RMESG1] => P_VACCT_NO=79010580711680|P_EXP_DT=20251231
    [P_RMESG2] => 
    [P_NOTI] => 
    [P_AUTH_NO] => 
)

 Array
(
    [PageCall time] => 17:25:44
    [P_TID] => INIMX_VBNKCAEcatca0720251221172255325022
    [P_MID] => CAEcatca07
    [P_AUTH_DT] => 20251221172544
    [P_STATUS] => 02
    [P_TYPE] => VBANK
    [P_OID] => 251219-019
    [P_FN_CD1] => 04
    [P_FN_CD2] => 
    [P_FN_NM] => KB국민은행
    [P_AMT] => 3000
    [P_UNAME] => 전인영
    [P_RMESG1] => P_VACCT_NO=70499011705985|P_EXP_DT=20251231
    [P_RMESG2] => 
    [P_NOTI] => 
    [P_AUTH_NO] => 
)

 Array
(
    [PageCall time] => 19:39:02
    [P_TID] => INIMX_VBNKCAEcatca0720251221193814725742
    [P_MID] => CAEcatca07
    [P_AUTH_DT] => 20251221193902
    [P_STATUS] => 02
    [P_TYPE] => VBANK
    [P_OID] => 251221-004
    [P_FN_CD1] => 11
    [P_FN_CD2] => 
    [P_FN_NM] => NH농협은행
    [P_AMT] => 3000
    [P_UNAME] => 신유정
    [P_RMESG1] => P_VACCT_NO=79010580824977|P_EXP_DT=20251231
    [P_RMESG2] => 
    [P_NOTI] => 
    [P_AUTH_NO] => 
)

 Array
(
    [PageCall time] => 21:33:19
    [P_TID] => INIMX_VBNKCAEcatca0720251221213027645226
    [P_MID] => CAEcatca07
    [P_AUTH_DT] => 20251221213319
    [P_STATUS] => 02
    [P_TYPE] => VBANK
    [P_OID] => 251221-007
    [P_FN_CD1] => 04
    [P_FN_CD2] => 
    [P_FN_NM] => KB국민은행
    [P_AMT] => 3000
    [P_UNAME] => 김윤서
    [P_RMESG1] => P_VACCT_NO=87679011018375|P_EXP_DT=20251231
    [P_RMESG2] => 
    [P_NOTI] => 
    [P_AUTH_NO] => 
)

 Array
(
    [PageCall time] => 22:00:09
    [P_TID] => INIMX_VBNKCAEcatca0720251221215905755523
    [P_MID] => CAEcatca07
    [P_AUTH_DT] => 20251221220008
    [P_STATUS] => 02
    [P_TYPE] => VBANK
    [P_OID] => 251221-008
    [P_FN_CD1] => 11
    [P_FN_CD2] => 
    [P_FN_NM] => NH농협은행
    [P_AMT] => 3000
    [P_UNAME] => 전성훈
    [P_RMESG1] => P_VACCT_NO=79010580953315|P_EXP_DT=20251231
    [P_RMESG2] => 
    [P_NOTI] => 
    [P_AUTH_NO] => 
)

