 Array
(
    [PageCall time] => 10:53:17
    [P_TID] => INIMX_VBNKCAEcatca0720260107104927775415
    [P_MID] => CAEcatca07
    [P_AUTH_DT] => 20260107105317
    [P_STATUS] => 02
    [P_TYPE] => VBANK
    [P_OID] => 260107-004
    [P_FN_CD1] => 89
    [P_FN_CD2] => 
    [P_FN_NM] => 케이뱅크
    [P_AMT] => 3500
    [P_UNAME] => 이아정
    [P_RMESG1] => P_VACCT_NO=70112003246587|P_EXP_DT=20260117
    [P_RMESG2] => 
    [P_NOTI] => 
    [P_AUTH_NO] => 
)

 Array
(
    [PageCall time] => 10:59:06
    [P_TID] => INIMX_VBNKCAEcatca0720260107105532555264
    [P_MID] => CAEcatca07
    [P_AUTH_DT] => 20260107105906
    [P_STATUS] => 02
    [P_TYPE] => VBANK
    [P_OID] => 260107-007
    [P_FN_CD1] => 20
    [P_FN_CD2] => 
    [P_FN_NM] => 우리은행
    [P_AMT] => 3500
    [P_UNAME] => 이미경
    [P_RMESG1] => P_VACCT_NO=27489085618541|P_EXP_DT=20260117
    [P_RMESG2] => 
    [P_NOTI] => 
    [P_AUTH_NO] => 
)

 Array
(
    [PageCall time] => 11:17:52
    [P_TID] => INIMX_VBNKCAEcatca0720260107111437405501
    [P_MID] => CAEcatca07
    [P_AUTH_DT] => 20260107111752
    [P_STATUS] => 02
    [P_TYPE] => VBANK
    [P_OID] => 260107-010
    [P_FN_CD1] => 81
    [P_FN_CD2] => 
    [P_FN_NM] => 하나은행
    [P_AMT] => 3500
    [P_UNAME] => 윤회연
    [P_RMESG1] => P_VACCT_NO=20893883381837|P_EXP_DT=20260117
    [P_RMESG2] => 
    [P_NOTI] => 
    [P_AUTH_NO] => 
)

 Array
(
    [PageCall time] => 11:28:12
    [P_TID] => INIMX_VBNKCAEcatca0720260107112611475652
    [P_MID] => CAEcatca07
    [P_AUTH_DT] => 20260107112812
    [P_STATUS] => 02
    [P_TYPE] => VBANK
    [P_OID] => 260107-005
    [P_FN_CD1] => 11
    [P_FN_CD2] => 
    [P_FN_NM] => NH농협은행
    [P_AMT] => 3500
    [P_UNAME] => 민고명
    [P_RMESG1] => P_VACCT_NO=79010589415843|P_EXP_DT=20260117
    [P_RMESG2] => 
    [P_NOTI] => 
    [P_AUTH_NO] => 
)

 Array
(
    [PageCall time] => 11:38:09
    [P_TID] => INIMX_VBNKCAEcatca0720260107113341405899
    [P_MID] => CAEcatca07
    [P_AUTH_DT] => 20260107113809
    [P_STATUS] => 02
    [P_TYPE] => VBANK
    [P_OID] => 260107-011
    [P_FN_CD1] => 32
    [P_FN_CD2] => 
    [P_FN_NM] => 부산은행
    [P_AMT] => 3500
    [P_UNAME] => 강미정
    [P_RMESG1] => P_VACCT_NO=109924506208|P_EXP_DT=20260117
    [P_RMESG2] => 
    [P_NOTI] => 
    [P_AUTH_NO] => 
)

 Array
(
    [PageCall time] => 11:45:22
    [P_TID] => INIMX_VBNKCAEcatca0720260107114159985328
    [P_MID] => CAEcatca07
    [P_AUTH_DT] => 20260107114522
    [P_STATUS] => 02
    [P_TYPE] => VBANK
    [P_OID] => 260107-012
    [P_FN_CD1] => 04
    [P_FN_CD2] => 
    [P_FN_NM] => KB국민은행
    [P_AMT] => 3500
    [P_UNAME] => 김아람
    [P_RMESG1] => P_VACCT_NO=60519014871210|P_EXP_DT=20260117
    [P_RMESG2] => 
    [P_NOTI] => 
    [P_AUTH_NO] => 
)

 Array
(
    [PageCall time] => 11:54:36
    [P_TID] => INIMX_VBNKCAEcatca0720260107114350845849
    [P_MID] => CAEcatca07
    [P_AUTH_DT] => 20260107115436
    [P_STATUS] => 02
    [P_TYPE] => VBANK
    [P_OID] => 260107-013
    [P_FN_CD1] => 03
    [P_FN_CD2] => 
    [P_FN_NM] => 기업은행
    [P_AMT] => 3500
    [P_UNAME] => 박수경
    [P_RMESG1] => P_VACCT_NO=07500497697371|P_EXP_DT=20260117
    [P_RMESG2] => 
    [P_NOTI] => 
    [P_AUTH_NO] => 
)

 Array
(
    [PageCall time] => 13:17:11
    [P_TID] => INIMX_VBNKCAEcatca0720260107131513125970
    [P_MID] => CAEcatca07
    [P_AUTH_DT] => 20260107131711
    [P_STATUS] => 02
    [P_TYPE] => VBANK
    [P_OID] => 260107-015
    [P_FN_CD1] => 11
    [P_FN_CD2] => 
    [P_FN_NM] => NH농협은행
    [P_AMT] => 3500
    [P_UNAME] => 오정헌
    [P_RMESG1] => P_VACCT_NO=79010589504608|P_EXP_DT=20260117
    [P_RMESG2] => 
    [P_NOTI] => 
    [P_AUTH_NO] => 
)

 Array
(
    [PageCall time] => 13:40:35
    [P_TID] => INIMX_VBNKCAEcatca0720260107133953775665
    [P_MID] => CAEcatca07
    [P_AUTH_DT] => 20260107134035
    [P_STATUS] => 02
    [P_TYPE] => VBANK
    [P_OID] => 260107-018
    [P_FN_CD1] => 11
    [P_FN_CD2] => 
    [P_FN_NM] => NH농협은행
    [P_AMT] => 3500
    [P_UNAME] => 이숙자
    [P_RMESG1] => P_VACCT_NO=79010589523860|P_EXP_DT=20260117
    [P_RMESG2] => 
    [P_NOTI] => 
    [P_AUTH_NO] => 
)

 Array
(
    [PageCall time] => 13:58:11
    [P_TID] => INIMX_VBNKCAEcatca0720260107135436395986
    [P_MID] => CAEcatca07
    [P_AUTH_DT] => 20260107135811
    [P_STATUS] => 02
    [P_TYPE] => VBANK
    [P_OID] => 260107-019
    [P_FN_CD1] => 20
    [P_FN_CD2] => 
    [P_FN_NM] => 우리은행
    [P_AMT] => 3500
    [P_UNAME] => 김경환
    [P_RMESG1] => P_VACCT_NO=27489097018718|P_EXP_DT=20260117
    [P_RMESG2] => 
    [P_NOTI] => 
    [P_AUTH_NO] => 
)

 Array
(
    [PageCall time] => 14:19:07
    [P_TID] => INIMX_VBNKCAEcatca0720260107141605275830
    [P_MID] => CAEcatca07
    [P_AUTH_DT] => 20260107141906
    [P_STATUS] => 02
    [P_TYPE] => VBANK
    [P_OID] => 260107-021
    [P_FN_CD1] => 88
    [P_FN_CD2] => 
    [P_FN_NM] => 신한은행
    [P_AMT] => 3500
    [P_UNAME] => 김현경
    [P_RMESG1] => P_VACCT_NO=56211992766645|P_EXP_DT=20260117
    [P_RMESG2] => 
    [P_NOTI] => 
    [P_AUTH_NO] => 
)

 Array
(
    [PageCall time] => 15:11:12
    [P_TID] => INIMX_VBNKCAEcatca0720260107150645935045
    [P_MID] => CAEcatca07
    [P_AUTH_DT] => 20260107151112
    [P_STATUS] => 02
    [P_TYPE] => VBANK
    [P_OID] => 260107-022
    [P_FN_CD1] => 04
    [P_FN_CD2] => 
    [P_FN_NM] => KB국민은행
    [P_AMT] => 3500
    [P_UNAME] => 박현진
    [P_RMESG1] => P_VACCT_NO=60519014907067|P_EXP_DT=20260117
    [P_RMESG2] => 
    [P_NOTI] => 
    [P_AUTH_NO] => 
)

 Array
(
    [PageCall time] => 16:14:12
    [P_TID] => INIMX_VBNKCAEcatca0720260107161059485936
    [P_MID] => CAEcatca07
    [P_AUTH_DT] => 20260107161412
    [P_STATUS] => 02
    [P_TYPE] => VBANK
    [P_OID] => 260107-028
    [P_FN_CD1] => 04
    [P_FN_CD2] => 
    [P_FN_NM] => KB국민은행
    [P_AMT] => 3500
    [P_UNAME] => 조성윤
    [P_RMESG1] => P_VACCT_NO=60519014918306|P_EXP_DT=20260117
    [P_RMESG2] => 
    [P_NOTI] => 
    [P_AUTH_NO] => 
)

 Array
(
    [PageCall time] => 16:27:20
    [P_TID] => INIMX_VBNKCAEcatca0720260107162419365305
    [P_MID] => CAEcatca07
    [P_AUTH_DT] => 20260107162720
    [P_STATUS] => 02
    [P_TYPE] => VBANK
    [P_OID] => 260107-029
    [P_FN_CD1] => 04
    [P_FN_CD2] => 
    [P_FN_NM] => KB국민은행
    [P_AMT] => 3500
    [P_UNAME] => 이미경
    [P_RMESG1] => P_VACCT_NO=60519014920709|P_EXP_DT=20260117
    [P_RMESG2] => 
    [P_NOTI] => 
    [P_AUTH_NO] => 
)

 Array
(
    [PageCall time] => 16:30:22
    [P_TID] => INIMX_VBNKCAEcatca0720260107162949435249
    [P_MID] => CAEcatca07
    [P_AUTH_DT] => 20260107163022
    [P_STATUS] => 02
    [P_TYPE] => VBANK
    [P_OID] => 260107-031
    [P_FN_CD1] => 11
    [P_FN_CD2] => 
    [P_FN_NM] => NH농협은행
    [P_AMT] => 3500
    [P_UNAME] => 조신미
    [P_RMESG1] => P_VACCT_NO=79010589690041|P_EXP_DT=20260117
    [P_RMESG2] => 
    [P_NOTI] => 
    [P_AUTH_NO] => 
)

 Array
(
    [PageCall time] => 17:30:13
    [P_TID] => INIMX_VBNKCAEcatca0720260107172733715182
    [P_MID] => CAEcatca07
    [P_AUTH_DT] => 20260107173012
    [P_STATUS] => 02
    [P_TYPE] => VBANK
    [P_OID] => 260107-014
    [P_FN_CD1] => 04
    [P_FN_CD2] => 
    [P_FN_NM] => KB국민은행
    [P_AMT] => 3500
    [P_UNAME] => 정지윤
    [P_RMESG1] => P_VACCT_NO=60519014931639|P_EXP_DT=20260117
    [P_RMESG2] => 
    [P_NOTI] => 
    [P_AUTH_NO] => 
)

 Array
(
    [PageCall time] => 18:46:21
    [P_TID] => INIMX_VBNKCAEcatca0720260107184313845545
    [P_MID] => CAEcatca07
    [P_AUTH_DT] => 20260107184621
    [P_STATUS] => 02
    [P_TYPE] => VBANK
    [P_OID] => 260107-040
    [P_FN_CD1] => 34
    [P_FN_CD2] => 
    [P_FN_NM] => 광주은행
    [P_AMT] => 3500
    [P_UNAME] => 안혜원
    [P_RMESG1] => P_VACCT_NO=810865256776|P_EXP_DT=20260117
    [P_RMESG2] => 
    [P_NOTI] => 
    [P_AUTH_NO] => 
)

 Array
(
    [PageCall time] => 19:18:37
    [P_TID] => INIMX_VBNKCAEcatca0720260107191523135493
    [P_MID] => CAEcatca07
    [P_AUTH_DT] => 20260107191837
    [P_STATUS] => 02
    [P_TYPE] => VBANK
    [P_OID] => 260107-041
    [P_FN_CD1] => 04
    [P_FN_CD2] => 
    [P_FN_NM] => KB국민은행
    [P_AMT] => 3500
    [P_UNAME] => 김성인
    [P_RMESG1] => P_VACCT_NO=60519014944224|P_EXP_DT=20260117
    [P_RMESG2] => 
    [P_NOTI] => 
    [P_AUTH_NO] => 
)

 Array
(
    [PageCall time] => 20:26:40
    [P_TID] => INIMX_VBNKCAEcatca0720260107202407535476
    [P_MID] => CAEcatca07
    [P_AUTH_DT] => 20260107202640
    [P_STATUS] => 02
    [P_TYPE] => VBANK
    [P_OID] => 260107-042
    [P_FN_CD1] => 88
    [P_FN_CD2] => 
    [P_FN_NM] => 신한은행
    [P_AMT] => 3500
    [P_UNAME] => 이관희
    [P_RMESG1] => P_VACCT_NO=56211992833113|P_EXP_DT=20260117
    [P_RMESG2] => 
    [P_NOTI] => 
    [P_AUTH_NO] => 
)

 Array
(
    [PageCall time] => 21:04:40
    [P_TID] => INIMX_VBNKCAEcatca0720260107210207785781
    [P_MID] => CAEcatca07
    [P_AUTH_DT] => 20260107210440
    [P_STATUS] => 02
    [P_TYPE] => VBANK
    [P_OID] => 260107-043
    [P_FN_CD1] => 88
    [P_FN_CD2] => 
    [P_FN_NM] => 신한은행
    [P_AMT] => 3500
    [P_UNAME] => 임은정
    [P_RMESG1] => P_VACCT_NO=56211992835852|P_EXP_DT=20260117
    [P_RMESG2] => 
    [P_NOTI] => 
    [P_AUTH_NO] => 
)

 Array
(
    [PageCall time] => 22:26:15
    [P_TID] => INIMX_VBNKCAEcatca0720260107222314425506
    [P_MID] => CAEcatca07
    [P_AUTH_DT] => 20260107222615
    [P_STATUS] => 02
    [P_TYPE] => VBANK
    [P_OID] => 260107-044
    [P_FN_CD1] => 04
    [P_FN_CD2] => 
    [P_FN_NM] => KB국민은행
    [P_AMT] => 3500
    [P_UNAME] => 정환진
    [P_RMESG1] => P_VACCT_NO=60519014964262|P_EXP_DT=20260117
    [P_RMESG2] => 
    [P_NOTI] => 
    [P_AUTH_NO] => 
)

 Array
(
    [PageCall time] => 22:55:40
    [P_TID] => INIMX_VBNKCAEcatca0720260107224237525254
    [P_MID] => CAEcatca07
    [P_AUTH_DT] => 20260107225540
    [P_STATUS] => 02
    [P_TYPE] => VBANK
    [P_OID] => 260107-045
    [P_FN_CD1] => 04
    [P_FN_CD2] => 
    [P_FN_NM] => KB국민은행
    [P_AMT] => 3500
    [P_UNAME] => 이주현
    [P_RMESG1] => P_VACCT_NO=60519014966927|P_EXP_DT=20260117
    [P_RMESG2] => 
    [P_NOTI] => 
    [P_AUTH_NO] => 
)

