 Array
(
    [PageCall time] => 00:15:33
    [P_TID] => INIMX_VBNKCAEcatca0720250922001226375737
    [P_MID] => CAEcatca07
    [P_AUTH_DT] => 20250922001533
    [P_STATUS] => 02
    [P_TYPE] => VBANK
    [P_OID] => 250922-001
    [P_FN_CD1] => 89
    [P_FN_CD2] => 
    [P_FN_NM] => 케이뱅크
    [P_AMT] => 3000
    [P_UNAME] => 이호진
    [P_RMESG1] => P_VACCT_NO=70112003490449|P_EXP_DT=20251002
    [P_RMESG2] => 
    [P_NOTI] => 
    [P_AUTH_NO] => 
)

 Array
(
    [PageCall time] => 00:23:18
    [P_TID] => INIMX_VBNKCAEcatca0720250922001943905411
    [P_MID] => CAEcatca07
    [P_AUTH_DT] => 20250922002318
    [P_STATUS] => 02
    [P_TYPE] => VBANK
    [P_OID] => 250922-002
    [P_FN_CD1] => 81
    [P_FN_CD2] => 
    [P_FN_NM] => 하나은행
    [P_AMT] => 3000
    [P_UNAME] => 윤세화
    [P_RMESG1] => P_VACCT_NO=20894337611237|P_EXP_DT=20251002
    [P_RMESG2] => 
    [P_NOTI] => 
    [P_AUTH_NO] => 
)

 Array
(
    [PageCall time] => 10:14:16
    [P_TID] => INIMX_VBNKCAEcatca0720250922101050285896
    [P_MID] => CAEcatca07
    [P_AUTH_DT] => 20250922101416
    [P_STATUS] => 02
    [P_TYPE] => VBANK
    [P_OID] => 250922-008
    [P_FN_CD1] => 32
    [P_FN_CD2] => 
    [P_FN_NM] => 부산은행
    [P_AMT] => 3000
    [P_UNAME] => 박정화
    [P_RMESG1] => P_VACCT_NO=109924035389|P_EXP_DT=20251002
    [P_RMESG2] => 
    [P_NOTI] => 
    [P_AUTH_NO] => 
)

 Array
(
    [PageCall time] => 10:17:34
    [P_TID] => INIMX_VBNKCAEcatca0720250922101423495755
    [P_MID] => CAEcatca07
    [P_AUTH_DT] => 20250922101734
    [P_STATUS] => 02
    [P_TYPE] => VBANK
    [P_OID] => 250922-007
    [P_FN_CD1] => 11
    [P_FN_CD2] => 
    [P_FN_NM] => NH농협은행
    [P_AMT] => 3000
    [P_UNAME] => 이상엽
    [P_RMESG1] => P_VACCT_NO=79014506580306|P_EXP_DT=20251002
    [P_RMESG2] => 
    [P_NOTI] => 
    [P_AUTH_NO] => 
)

 Array
(
    [PageCall time] => 10:46:59
    [P_TID] => INIMX_VBNKCAEcatca0720250922104610955324
    [P_MID] => CAEcatca07
    [P_AUTH_DT] => 20250922104659
    [P_STATUS] => 02
    [P_TYPE] => VBANK
    [P_OID] => 250922-011
    [P_FN_CD1] => 11
    [P_FN_CD2] => 
    [P_FN_NM] => NH농협은행
    [P_AMT] => 3000
    [P_UNAME] => 김영미
    [P_RMESG1] => P_VACCT_NO=79014506583204|P_EXP_DT=20251002
    [P_RMESG2] => 
    [P_NOTI] => 
    [P_AUTH_NO] => 
)

 Array
(
    [PageCall time] => 10:53:38
    [P_TID] => INIMX_VBNKCAEcatca0720250922105101495371
    [P_MID] => CAEcatca07
    [P_AUTH_DT] => 20250922105338
    [P_STATUS] => 02
    [P_TYPE] => VBANK
    [P_OID] => 250922-012
    [P_FN_CD1] => 04
    [P_FN_CD2] => 
    [P_FN_NM] => KB국민은행
    [P_AMT] => 3000
    [P_UNAME] => 김경아
    [P_RMESG1] => P_VACCT_NO=26159078473429|P_EXP_DT=20251002
    [P_RMESG2] => 
    [P_NOTI] => 
    [P_AUTH_NO] => 
)

 Array
(
    [PageCall time] => 11:09:33
    [P_TID] => INIMX_VBNKCAEcatca0720250922110851285003
    [P_MID] => CAEcatca07
    [P_AUTH_DT] => 20250922110933
    [P_STATUS] => 02
    [P_TYPE] => VBANK
    [P_OID] => 250922-015
    [P_FN_CD1] => 11
    [P_FN_CD2] => 
    [P_FN_NM] => NH농협은행
    [P_AMT] => 3000
    [P_UNAME] => 최하나
    [P_RMESG1] => P_VACCT_NO=79014506586187|P_EXP_DT=20251002
    [P_RMESG2] => 
    [P_NOTI] => 
    [P_AUTH_NO] => 
)

 Array
(
    [PageCall time] => 11:18:12
    [P_TID] => INIMX_VBNKCAEcatca0720250922111505585491
    [P_MID] => CAEcatca07
    [P_AUTH_DT] => 20250922111812
    [P_STATUS] => 02
    [P_TYPE] => VBANK
    [P_OID] => 250922-016
    [P_FN_CD1] => 81
    [P_FN_CD2] => 
    [P_FN_NM] => 하나은행
    [P_AMT] => 3000
    [P_UNAME] => 임상준
    [P_RMESG1] => P_VACCT_NO=20894339235737|P_EXP_DT=20251002
    [P_RMESG2] => 
    [P_NOTI] => 
    [P_AUTH_NO] => 
)

 Array
(
    [PageCall time] => 11:19:59
    [P_TID] => INIMX_VBNKCAEcatca0720250922111649425141
    [P_MID] => CAEcatca07
    [P_AUTH_DT] => 20250922111959
    [P_STATUS] => 02
    [P_TYPE] => VBANK
    [P_OID] => 250922-009
    [P_FN_CD1] => 81
    [P_FN_CD2] => 
    [P_FN_NM] => 하나은행
    [P_AMT] => 3000
    [P_UNAME] => 김성훈
    [P_RMESG1] => P_VACCT_NO=20894339239237|P_EXP_DT=20251002
    [P_RMESG2] => 
    [P_NOTI] => 
    [P_AUTH_NO] => 
)

 Array
(
    [PageCall time] => 11:30:21
    [P_TID] => INIMX_VBNKCAEcatca0720250922112934705757
    [P_MID] => CAEcatca07
    [P_AUTH_DT] => 20250922113021
    [P_STATUS] => 02
    [P_TYPE] => VBANK
    [P_OID] => 250922-022
    [P_FN_CD1] => 11
    [P_FN_CD2] => 
    [P_FN_NM] => NH농협은행
    [P_AMT] => 3000
    [P_UNAME] => 김진수
    [P_RMESG1] => P_VACCT_NO=79014506588299|P_EXP_DT=20251002
    [P_RMESG2] => 
    [P_NOTI] => 
    [P_AUTH_NO] => 
)

 Array
(
    [PageCall time] => 11:32:19
    [P_TID] => INIMX_VBNKCAEcatca0720250922112722825202
    [P_MID] => CAEcatca07
    [P_AUTH_DT] => 20250922113219
    [P_STATUS] => 02
    [P_TYPE] => VBANK
    [P_OID] => 250922-020
    [P_FN_CD1] => 04
    [P_FN_CD2] => 
    [P_FN_NM] => KB국민은행
    [P_AMT] => 3000
    [P_UNAME] => 김희수
    [P_RMESG1] => P_VACCT_NO=26159078515114|P_EXP_DT=20251002
    [P_RMESG2] => 
    [P_NOTI] => 
    [P_AUTH_NO] => 
)

 Array
(
    [PageCall time] => 11:46:05
    [P_TID] => INIMX_VBNKCAEcatca0720250922114302455585
    [P_MID] => CAEcatca07
    [P_AUTH_DT] => 20250922114605
    [P_STATUS] => 02
    [P_TYPE] => VBANK
    [P_OID] => 250922-023
    [P_FN_CD1] => 81
    [P_FN_CD2] => 
    [P_FN_NM] => 하나은행
    [P_AMT] => 3000
    [P_UNAME] => 최정대
    [P_RMESG1] => P_VACCT_NO=20894339329337|P_EXP_DT=20251002
    [P_RMESG2] => 
    [P_NOTI] => 
    [P_AUTH_NO] => 
)

 Array
(
    [PageCall time] => 12:08:24
    [P_TID] => INIMX_VBNKCAEcatca0720250922120552945848
    [P_MID] => CAEcatca07
    [P_AUTH_DT] => 20250922120824
    [P_STATUS] => 02
    [P_TYPE] => VBANK
    [P_OID] => 250922-024
    [P_FN_CD1] => 88
    [P_FN_CD2] => 
    [P_FN_NM] => 신한은행
    [P_AMT] => 3000
    [P_UNAME] => 김용호
    [P_RMESG1] => P_VACCT_NO=56211102658224|P_EXP_DT=20251002
    [P_RMESG2] => 
    [P_NOTI] => 
    [P_AUTH_NO] => 
)

 Array
(
    [PageCall time] => 12:28:22
    [P_TID] => INIMX_VBNKCAEcatca0720250922122740555306
    [P_MID] => CAEcatca07
    [P_AUTH_DT] => 20250922122822
    [P_STATUS] => 02
    [P_TYPE] => VBANK
    [P_OID] => 250922-026
    [P_FN_CD1] => 11
    [P_FN_CD2] => 
    [P_FN_NM] => NH농협은행
    [P_AMT] => 3000
    [P_UNAME] => 홍수빈
    [P_RMESG1] => P_VACCT_NO=79014506592849|P_EXP_DT=20251002
    [P_RMESG2] => 
    [P_NOTI] => 
    [P_AUTH_NO] => 
)

 Array
(
    [PageCall time] => 13:23:04
    [P_TID] => INIMX_VBNKCAEcatca0720250922131906625604
    [P_MID] => CAEcatca07
    [P_AUTH_DT] => 20250922132304
    [P_STATUS] => 02
    [P_TYPE] => VBANK
    [P_OID] => 250922-028
    [P_FN_CD1] => 03
    [P_FN_CD2] => 
    [P_FN_NM] => 기업은행
    [P_AMT] => 3000
    [P_UNAME] => 강민정
    [P_RMESG1] => P_VACCT_NO=07502363397776|P_EXP_DT=20251002
    [P_RMESG2] => 
    [P_NOTI] => 
    [P_AUTH_NO] => 
)

 Array
(
    [PageCall time] => 13:27:33
    [P_TID] => INIMX_VBNKCAEcatca0720250922132447835248
    [P_MID] => CAEcatca07
    [P_AUTH_DT] => 20250922132732
    [P_STATUS] => 02
    [P_TYPE] => VBANK
    [P_OID] => 250922-031
    [P_FN_CD1] => 81
    [P_FN_CD2] => 
    [P_FN_NM] => 하나은행
    [P_AMT] => 3000
    [P_UNAME] => 문정윤
    [P_RMESG1] => P_VACCT_NO=20894339740337|P_EXP_DT=20251002
    [P_RMESG2] => 
    [P_NOTI] => 
    [P_AUTH_NO] => 
)

 Array
(
    [PageCall time] => 13:27:53
    [P_TID] => INIMX_VBNKCAEcatca0720250922132441325013
    [P_MID] => CAEcatca07
    [P_AUTH_DT] => 20250922132753
    [P_STATUS] => 02
    [P_TYPE] => VBANK
    [P_OID] => 250922-030
    [P_FN_CD1] => 89
    [P_FN_CD2] => 
    [P_FN_NM] => 케이뱅크
    [P_AMT] => 3000
    [P_UNAME] => 홍주영
    [P_RMESG1] => P_VACCT_NO=70112003492951|P_EXP_DT=20251002
    [P_RMESG2] => 
    [P_NOTI] => 
    [P_AUTH_NO] => 
)

 Array
(
    [PageCall time] => 13:30:21
    [P_TID] => INIMX_VBNKCAEcatca0720250922132757575298
    [P_MID] => CAEcatca07
    [P_AUTH_DT] => 20250922133021
    [P_STATUS] => 02
    [P_TYPE] => VBANK
    [P_OID] => 250922-032
    [P_FN_CD1] => 04
    [P_FN_CD2] => 
    [P_FN_NM] => KB국민은행
    [P_AMT] => 3000
    [P_UNAME] => 김성용
    [P_RMESG1] => P_VACCT_NO=26159078569021|P_EXP_DT=20251002
    [P_RMESG2] => 
    [P_NOTI] => 
    [P_AUTH_NO] => 
)

 Array
(
    [PageCall time] => 13:55:18
    [P_TID] => INIMX_VBNKCAEcatca0720250922135355455464
    [P_MID] => CAEcatca07
    [P_AUTH_DT] => 20250922135518
    [P_STATUS] => 02
    [P_TYPE] => VBANK
    [P_OID] => 250922-036
    [P_FN_CD1] => 11
    [P_FN_CD2] => 
    [P_FN_NM] => NH농협은행
    [P_AMT] => 3000
    [P_UNAME] => 윤영란
    [P_RMESG1] => P_VACCT_NO=79014506599285|P_EXP_DT=20251002
    [P_RMESG2] => 
    [P_NOTI] => 
    [P_AUTH_NO] => 
)

 Array
(
    [PageCall time] => 14:01:22
    [P_TID] => INIMX_VBNKCAEcatca0720250922135945205070
    [P_MID] => CAEcatca07
    [P_AUTH_DT] => 20250922140122
    [P_STATUS] => 02
    [P_TYPE] => VBANK
    [P_OID] => 250922-035
    [P_FN_CD1] => 11
    [P_FN_CD2] => 
    [P_FN_NM] => NH농협은행
    [P_AMT] => 3000
    [P_UNAME] => 김종묵
    [P_RMESG1] => P_VACCT_NO=79014506599741|P_EXP_DT=20251002
    [P_RMESG2] => 
    [P_NOTI] => 
    [P_AUTH_NO] => 
)

 Array
(
    [PageCall time] => 14:02:02
    [P_TID] => INIMX_VBNKCAEcatca0720250922135921555466
    [P_MID] => CAEcatca07
    [P_AUTH_DT] => 20250922140202
    [P_STATUS] => 02
    [P_TYPE] => VBANK
    [P_OID] => 250922-037
    [P_FN_CD1] => 04
    [P_FN_CD2] => 
    [P_FN_NM] => KB국민은행
    [P_AMT] => 3000
    [P_UNAME] => 정강훈
    [P_RMESG1] => P_VACCT_NO=26159078583421|P_EXP_DT=20251002
    [P_RMESG2] => 
    [P_NOTI] => 
    [P_AUTH_NO] => 
)

 Array
(
    [PageCall time] => 14:07:50
    [P_TID] => INIMX_VBNKCAEcatca0720250922140346895534
    [P_MID] => CAEcatca07
    [P_AUTH_DT] => 20250922140750
    [P_STATUS] => 02
    [P_TYPE] => VBANK
    [P_OID] => 250922-039
    [P_FN_CD1] => 88
    [P_FN_CD2] => 
    [P_FN_NM] => 신한은행
    [P_AMT] => 3000
    [P_UNAME] => 이상은
    [P_RMESG1] => P_VACCT_NO=56211102665575|P_EXP_DT=20251002
    [P_RMESG2] => 
    [P_NOTI] => 
    [P_AUTH_NO] => 
)

 Array
(
    [PageCall time] => 14:09:20
    [P_TID] => INIMX_VBNKCAEcatca0720250922140646605654
    [P_MID] => CAEcatca07
    [P_AUTH_DT] => 20250922140920
    [P_STATUS] => 02
    [P_TYPE] => VBANK
    [P_OID] => 250922-040
    [P_FN_CD1] => 04
    [P_FN_CD2] => 
    [P_FN_NM] => KB국민은행
    [P_AMT] => 3000
    [P_UNAME] => 조현호
    [P_RMESG1] => P_VACCT_NO=26159078589056|P_EXP_DT=20251002
    [P_RMESG2] => 
    [P_NOTI] => 
    [P_AUTH_NO] => 
)

 Array
(
    [PageCall time] => 14:56:27
    [P_TID] => INIMX_VBNKCAEcatca0720250922145548505150
    [P_MID] => CAEcatca07
    [P_AUTH_DT] => 20250922145627
    [P_STATUS] => 02
    [P_TYPE] => VBANK
    [P_OID] => 250922-042
    [P_FN_CD1] => 11
    [P_FN_CD2] => 
    [P_FN_NM] => NH농협은행
    [P_AMT] => 3000
    [P_UNAME] => 최영란
    [P_RMESG1] => P_VACCT_NO=79014506607191|P_EXP_DT=20251002
    [P_RMESG2] => 
    [P_NOTI] => 
    [P_AUTH_NO] => 
)

 Array
(
    [PageCall time] => 14:59:58
    [P_TID] => INIMX_VBNKCAEcatca0720250922145009855855
    [P_MID] => CAEcatca07
    [P_AUTH_DT] => 20250922145958
    [P_STATUS] => 02
    [P_TYPE] => VBANK
    [P_OID] => 250922-041
    [P_FN_CD1] => 04
    [P_FN_CD2] => 
    [P_FN_NM] => KB국민은행
    [P_AMT] => 3000
    [P_UNAME] => 박건태
    [P_RMESG1] => P_VACCT_NO=26159078609176|P_EXP_DT=20251002
    [P_RMESG2] => 
    [P_NOTI] => 
    [P_AUTH_NO] => 
)

 Array
(
    [PageCall time] => 15:05:51
    [P_TID] => INIMX_VBNKCAEcatca0720250922150242185526
    [P_MID] => CAEcatca07
    [P_AUTH_DT] => 20250922150551
    [P_STATUS] => 02
    [P_TYPE] => VBANK
    [P_OID] => 250922-043
    [P_FN_CD1] => 20
    [P_FN_CD2] => 
    [P_FN_NM] => 우리은행
    [P_AMT] => 3000
    [P_UNAME] => 이원화
    [P_RMESG1] => P_VACCT_NO=27490169318136|P_EXP_DT=20251002
    [P_RMESG2] => 
    [P_NOTI] => 
    [P_AUTH_NO] => 
)

 Array
(
    [PageCall time] => 15:34:16
    [P_TID] => INIMX_VBNKCAEcatca0720250922153028335867
    [P_MID] => CAEcatca07
    [P_AUTH_DT] => 20250922153416
    [P_STATUS] => 02
    [P_TYPE] => VBANK
    [P_OID] => 250922-045
    [P_FN_CD1] => 04
    [P_FN_CD2] => 
    [P_FN_NM] => KB국민은행
    [P_AMT] => 3000
    [P_UNAME] => 이영주
    [P_RMESG1] => P_VACCT_NO=26159078644595|P_EXP_DT=20251002
    [P_RMESG2] => 
    [P_NOTI] => 
    [P_AUTH_NO] => 
)

 Array
(
    [PageCall time] => 15:40:39
    [P_TID] => INIMX_VBNKCAEcatca0720250922153805985134
    [P_MID] => CAEcatca07
    [P_AUTH_DT] => 20250922154039
    [P_STATUS] => 02
    [P_TYPE] => VBANK
    [P_OID] => 250922-046
    [P_FN_CD1] => 88
    [P_FN_CD2] => 
    [P_FN_NM] => 신한은행
    [P_AMT] => 3000
    [P_UNAME] => 김재윤
    [P_RMESG1] => P_VACCT_NO=56211102674780|P_EXP_DT=20251002
    [P_RMESG2] => 
    [P_NOTI] => 
    [P_AUTH_NO] => 
)

 Array
(
    [PageCall time] => 16:10:53
    [P_TID] => INIMX_VBNKCAEcatca0720250922160943545268
    [P_MID] => CAEcatca07
    [P_AUTH_DT] => 20250922161053
    [P_STATUS] => 02
    [P_TYPE] => VBANK
    [P_OID] => 250922-049
    [P_FN_CD1] => 11
    [P_FN_CD2] => 
    [P_FN_NM] => NH농협은행
    [P_AMT] => 3000
    [P_UNAME] => 황의진
    [P_RMESG1] => P_VACCT_NO=79014506615401|P_EXP_DT=20251002
    [P_RMESG2] => 
    [P_NOTI] => 
    [P_AUTH_NO] => 
)

 Array
(
    [PageCall time] => 16:11:54
    [P_TID] => INIMX_VBNKCAEcatca0720250922160954475868
    [P_MID] => CAEcatca07
    [P_AUTH_DT] => 20250922161154
    [P_STATUS] => 02
    [P_TYPE] => VBANK
    [P_OID] => 250922-047
    [P_FN_CD1] => 11
    [P_FN_CD2] => 
    [P_FN_NM] => NH농협은행
    [P_AMT] => 3000
    [P_UNAME] => 박영진
    [P_RMESG1] => P_VACCT_NO=79014506615412|P_EXP_DT=20251002
    [P_RMESG2] => 
    [P_NOTI] => 
    [P_AUTH_NO] => 
)

 Array
(
    [PageCall time] => 16:46:02
    [P_TID] => INIMX_VBNKCAEcatca0720250922164305965172
    [P_MID] => CAEcatca07
    [P_AUTH_DT] => 20250922164602
    [P_STATUS] => 02
    [P_TYPE] => VBANK
    [P_OID] => 250922-052
    [P_FN_CD1] => 04
    [P_FN_CD2] => 
    [P_FN_NM] => KB국민은행
    [P_AMT] => 3000
    [P_UNAME] => 김소연
    [P_RMESG1] => P_VACCT_NO=96309078061942|P_EXP_DT=20251002
    [P_RMESG2] => 
    [P_NOTI] => 
    [P_AUTH_NO] => 
)

 Array
(
    [PageCall time] => 17:26:01
    [P_TID] => INIMX_VBNKCAEcatca0720250922172346905343
    [P_MID] => CAEcatca07
    [P_AUTH_DT] => 20250922172601
    [P_STATUS] => 02
    [P_TYPE] => VBANK
    [P_OID] => 250922-029
    [P_FN_CD1] => 11
    [P_FN_CD2] => 
    [P_FN_NM] => NH농협은행
    [P_AMT] => 3000
    [P_UNAME] => 손애희
    [P_RMESG1] => P_VACCT_NO=79014506621345|P_EXP_DT=20251002
    [P_RMESG2] => 
    [P_NOTI] => 
    [P_AUTH_NO] => 
)

 Array
(
    [PageCall time] => 17:30:47
    [P_TID] => INIMX_VBNKCAEcatca0720250922172745495680
    [P_MID] => CAEcatca07
    [P_AUTH_DT] => 20250922173047
    [P_STATUS] => 02
    [P_TYPE] => VBANK
    [P_OID] => 250922-053
    [P_FN_CD1] => 04
    [P_FN_CD2] => 
    [P_FN_NM] => KB국민은행
    [P_AMT] => 3000
    [P_UNAME] => 김주연
    [P_RMESG1] => P_VACCT_NO=96309078066596|P_EXP_DT=20251002
    [P_RMESG2] => 
    [P_NOTI] => 
    [P_AUTH_NO] => 
)

 Array
(
    [PageCall time] => 17:42:59
    [P_TID] => INIMX_VBNKCAEcatca0720250922174017105624
    [P_MID] => CAEcatca07
    [P_AUTH_DT] => 20250922174259
    [P_STATUS] => 02
    [P_TYPE] => VBANK
    [P_OID] => 250922-054
    [P_FN_CD1] => 04
    [P_FN_CD2] => 
    [P_FN_NM] => KB국민은행
    [P_AMT] => 3000
    [P_UNAME] => 장현주
    [P_RMESG1] => P_VACCT_NO=96309078067816|P_EXP_DT=20251002
    [P_RMESG2] => 
    [P_NOTI] => 
    [P_AUTH_NO] => 
)

 Array
(
    [PageCall time] => 19:35:27
    [P_TID] => INIMX_VBNKCAEcatca0720250922193226715491
    [P_MID] => CAEcatca07
    [P_AUTH_DT] => 20250922193527
    [P_STATUS] => 02
    [P_TYPE] => VBANK
    [P_OID] => 250922-055
    [P_FN_CD1] => 04
    [P_FN_CD2] => 
    [P_FN_NM] => KB국민은행
    [P_AMT] => 3000
    [P_UNAME] => 최은비
    [P_RMESG1] => P_VACCT_NO=96309078077062|P_EXP_DT=20251002
    [P_RMESG2] => 
    [P_NOTI] => 
    [P_AUTH_NO] => 
)

 Array
(
    [PageCall time] => 20:07:02
    [P_TID] => INIMX_VBNKCAEcatca0720250922200240245082
    [P_MID] => CAEcatca07
    [P_AUTH_DT] => 20250922200702
    [P_STATUS] => 02
    [P_TYPE] => VBANK
    [P_OID] => 250922-010
    [P_FN_CD1] => 04
    [P_FN_CD2] => 
    [P_FN_NM] => KB국민은행
    [P_AMT] => 3000
    [P_UNAME] => 황수현
    [P_RMESG1] => P_VACCT_NO=96309078082482|P_EXP_DT=20251002
    [P_RMESG2] => 
    [P_NOTI] => 
    [P_AUTH_NO] => 
)

 Array
(
    [PageCall time] => 23:39:54
    [P_TID] => INIMX_VBNKCAEcatca0720250922233708455066
    [P_MID] => CAEcatca07
    [P_AUTH_DT] => 20250922233954
    [P_STATUS] => 02
    [P_TYPE] => VBANK
    [P_OID] => 250922-027
    [P_FN_CD1] => 04
    [P_FN_CD2] => 
    [P_FN_NM] => KB국민은행
    [P_AMT] => 3000
    [P_UNAME] => 최연수
    [P_RMESG1] => P_VACCT_NO=96309078101761|P_EXP_DT=20251002
    [P_RMESG2] => 
    [P_NOTI] => 
    [P_AUTH_NO] => 
)

