 Array
(
    [PageCall time] => 09:15:26
    [P_TID] => INIMX_VBNKCAEcatca0720251030091034855059
    [P_MID] => CAEcatca07
    [P_AUTH_DT] => 20251030091526
    [P_STATUS] => 02
    [P_TYPE] => VBANK
    [P_OID] => 251030-001
    [P_FN_CD1] => 04
    [P_FN_CD2] => 
    [P_FN_NM] => KB국민은행
    [P_AMT] => 3000
    [P_UNAME] => 강승희
    [P_RMESG1] => P_VACCT_NO=26029078540818|P_EXP_DT=20251109
    [P_RMESG2] => 
    [P_NOTI] => 
    [P_AUTH_NO] => 
)

 Array
(
    [PageCall time] => 09:29:46
    [P_TID] => INIMX_VBNKCAEcatca0720251030092652105607
    [P_MID] => CAEcatca07
    [P_AUTH_DT] => 20251030092946
    [P_STATUS] => 02
    [P_TYPE] => VBANK
    [P_OID] => 251029-049
    [P_FN_CD1] => 04
    [P_FN_CD2] => 
    [P_FN_NM] => KB국민은행
    [P_AMT] => 3000
    [P_UNAME] => 박정문
    [P_RMESG1] => P_VACCT_NO=26029078601557|P_EXP_DT=20251109
    [P_RMESG2] => 
    [P_NOTI] => 
    [P_AUTH_NO] => 
)

 Array
(
    [PageCall time] => 10:34:44
    [P_TID] => INIMX_VBNKCAEcatca0720251030103255695936
    [P_MID] => CAEcatca07
    [P_AUTH_DT] => 20251030103444
    [P_STATUS] => 02
    [P_TYPE] => VBANK
    [P_OID] => 251030-005
    [P_FN_CD1] => 11
    [P_FN_CD2] => 
    [P_FN_NM] => NH농협은행
    [P_AMT] => 3000
    [P_UNAME] => 김대건
    [P_RMESG1] => P_VACCT_NO=79015900140747|P_EXP_DT=20251109
    [P_RMESG2] => 
    [P_NOTI] => 
    [P_AUTH_NO] => 
)

 Array
(
    [PageCall time] => 11:09:57
    [P_TID] => INIMX_VBNKCAEcatca0720251030110631674435
    [P_MID] => CAEcatca07
    [P_AUTH_DT] => 20251030110957
    [P_STATUS] => 02
    [P_TYPE] => VBANK
    [P_OID] => 251030-006
    [P_FN_CD1] => 03
    [P_FN_CD2] => 
    [P_FN_NM] => 기업은행
    [P_AMT] => 3000
    [P_UNAME] => 박연경
    [P_RMESG1] => P_VACCT_NO=07500502097647|P_EXP_DT=20251109
    [P_RMESG2] => 
    [P_NOTI] => 
    [P_AUTH_NO] => 
)

 Array
(
    [PageCall time] => 12:10:04
    [P_TID] => INIMX_VBNKCAEcatca0720251030120313974642
    [P_MID] => CAEcatca07
    [P_AUTH_DT] => 20251030121004
    [P_STATUS] => 02
    [P_TYPE] => VBANK
    [P_OID] => 251030-009
    [P_FN_CD1] => 11
    [P_FN_CD2] => 
    [P_FN_NM] => NH농협은행
    [P_AMT] => 3000
    [P_UNAME] => 이태호
    [P_RMESG1] => P_VACCT_NO=79005849103496|P_EXP_DT=20251109
    [P_RMESG2] => 
    [P_NOTI] => 
    [P_AUTH_NO] => 
)

 Array
(
    [PageCall time] => 13:59:25
    [P_TID] => INIMX_VBNKCAEcatca0720251030135627274390
    [P_MID] => CAEcatca07
    [P_AUTH_DT] => 20251030135925
    [P_STATUS] => 02
    [P_TYPE] => VBANK
    [P_OID] => 251030-010
    [P_FN_CD1] => 20
    [P_FN_CD2] => 
    [P_FN_NM] => 우리은행
    [P_AMT] => 3000
    [P_UNAME] => 최성민
    [P_RMESG1] => P_VACCT_NO=26246970918173|P_EXP_DT=20251109
    [P_RMESG2] => 
    [P_NOTI] => 
    [P_AUTH_NO] => 
)

 Array
(
    [PageCall time] => 14:11:33
    [P_TID] => INIMX_VBNKCAEcatca0720251030140805414264
    [P_MID] => CAEcatca07
    [P_AUTH_DT] => 20251030141133
    [P_STATUS] => 02
    [P_TYPE] => VBANK
    [P_OID] => 251030-011
    [P_FN_CD1] => 03
    [P_FN_CD2] => 
    [P_FN_NM] => 기업은행
    [P_AMT] => 3000
    [P_UNAME] => 박윤순
    [P_RMESG1] => P_VACCT_NO=07500503697659|P_EXP_DT=20251109
    [P_RMESG2] => 
    [P_NOTI] => 
    [P_AUTH_NO] => 
)

 Array
(
    [PageCall time] => 14:24:12
    [P_TID] => INIMX_VBNKCAEcatca0720251030141547484008
    [P_MID] => CAEcatca07
    [P_AUTH_DT] => 20251030142412
    [P_STATUS] => 02
    [P_TYPE] => VBANK
    [P_OID] => 251029-052
    [P_FN_CD1] => 04
    [P_FN_CD2] => 
    [P_FN_NM] => KB국민은행
    [P_AMT] => 3000
    [P_UNAME] => 김 광일
    [P_RMESG1] => P_VACCT_NO=97089078291514|P_EXP_DT=20251109
    [P_RMESG2] => 
    [P_NOTI] => 
    [P_AUTH_NO] => 
)

 Array
(
    [PageCall time] => 15:44:39
    [P_TID] => INIMX_VBNKCAEcatca0720251030073649105903
    [P_MID] => CAEcatca07
    [P_AUTH_DT] => 20251030154439
    [P_STATUS] => 02
    [P_TYPE] => VBANK
    [P_OID] => 251028-026
    [P_FN_CD1] => 34
    [P_FN_CD2] => 
    [P_FN_NM] => 광주은행
    [P_AMT] => 3000
    [P_UNAME] => 김미정
    [P_RMESG1] => P_VACCT_NO=810865033316|P_EXP_DT=20251109
    [P_RMESG2] => 
    [P_NOTI] => 
    [P_AUTH_NO] => 
)

 Array
(
    [PageCall time] => 15:54:24
    [P_TID] => INIMX_VBNKCAEcatca0720251030155132365668
    [P_MID] => CAEcatca07
    [P_AUTH_DT] => 20251030155424
    [P_STATUS] => 02
    [P_TYPE] => VBANK
    [P_OID] => 251030-018
    [P_FN_CD1] => 04
    [P_FN_CD2] => 
    [P_FN_NM] => KB국민은행
    [P_AMT] => 3000
    [P_UNAME] => 원광
    [P_RMESG1] => P_VACCT_NO=88009011558328|P_EXP_DT=20251109
    [P_RMESG2] => 
    [P_NOTI] => 
    [P_AUTH_NO] => 
)

 Array
(
    [PageCall time] => 16:09:48
    [P_TID] => INIMX_VBNKCAEcatca0720251030160623544100
    [P_MID] => CAEcatca07
    [P_AUTH_DT] => 20251030160948
    [P_STATUS] => 02
    [P_TYPE] => VBANK
    [P_OID] => 251030-019
    [P_FN_CD1] => 20
    [P_FN_CD2] => 
    [P_FN_NM] => 우리은행
    [P_AMT] => 3000
    [P_UNAME] => 박혜정
    [P_RMESG1] => P_VACCT_NO=26246981418020|P_EXP_DT=20251109
    [P_RMESG2] => 
    [P_NOTI] => 
    [P_AUTH_NO] => 
)

 Array
(
    [PageCall time] => 16:25:06
    [P_TID] => INIMX_VBNKCAEcatca0720251030162145895313
    [P_MID] => CAEcatca07
    [P_AUTH_DT] => 20251030162506
    [P_STATUS] => 02
    [P_TYPE] => VBANK
    [P_OID] => 251030-021
    [P_FN_CD1] => 89
    [P_FN_CD2] => 
    [P_FN_NM] => 케이뱅크
    [P_AMT] => 3000
    [P_UNAME] => 최경정
    [P_RMESG1] => P_VACCT_NO=70112003721514|P_EXP_DT=20251109
    [P_RMESG2] => 
    [P_NOTI] => 
    [P_AUTH_NO] => 
)

 Array
(
    [PageCall time] => 16:27:54
    [P_TID] => INIMX_VBNKCAEcatca0720251030162512705225
    [P_MID] => CAEcatca07
    [P_AUTH_DT] => 20251030162754
    [P_STATUS] => 02
    [P_TYPE] => VBANK
    [P_OID] => 251030-020
    [P_FN_CD1] => 04
    [P_FN_CD2] => 
    [P_FN_NM] => KB국민은행
    [P_AMT] => 3000
    [P_UNAME] => 김의석
    [P_RMESG1] => P_VACCT_NO=26029078664910|P_EXP_DT=20251109
    [P_RMESG2] => 
    [P_NOTI] => 
    [P_AUTH_NO] => 
)

 Array
(
    [PageCall time] => 20:28:14
    [P_TID] => INIMX_VBNKCAEcatca0720251030202528815821
    [P_MID] => CAEcatca07
    [P_AUTH_DT] => 20251030202814
    [P_STATUS] => 02
    [P_TYPE] => VBANK
    [P_OID] => 251030-024
    [P_FN_CD1] => 31
    [P_FN_CD2] => 
    [P_FN_NM] => 아이엠뱅크(대구은행)
    [P_AMT] => 3000
    [P_UNAME] => 김아름
    [P_RMESG1] => P_VACCT_NO=9600362316075|P_EXP_DT=20251109
    [P_RMESG2] => 
    [P_NOTI] => 
    [P_AUTH_NO] => 
)

 Array
(
    [PageCall time] => 21:50:13
    [P_TID] => INIMX_VBNKCAEcatca0720251030214648215509
    [P_MID] => CAEcatca07
    [P_AUTH_DT] => 20251030215013
    [P_STATUS] => 02
    [P_TYPE] => VBANK
    [P_OID] => 251030-026
    [P_FN_CD1] => 11
    [P_FN_CD2] => 
    [P_FN_NM] => NH농협은행
    [P_AMT] => 3000
    [P_UNAME] => 강은주
    [P_RMESG1] => P_VACCT_NO=79015900197654|P_EXP_DT=20251109
    [P_RMESG2] => 
    [P_NOTI] => 
    [P_AUTH_NO] => 
)

 Array
(
    [PageCall time] => 22:48:41
    [P_TID] => INIMX_VBNKCAEcatca0720251030223810275014
    [P_MID] => CAEcatca07
    [P_AUTH_DT] => 20251030224840
    [P_STATUS] => 02
    [P_TYPE] => VBANK
    [P_OID] => 251030-028
    [P_FN_CD1] => 81
    [P_FN_CD2] => 
    [P_FN_NM] => 하나은행
    [P_AMT] => 3000
    [P_UNAME] => 강수빈
    [P_RMESG1] => P_VACCT_NO=20893935304937|P_EXP_DT=20251109
    [P_RMESG2] => 
    [P_NOTI] => 
    [P_AUTH_NO] => 
)

 Array
(
    [PageCall time] => 23:20:20
    [P_TID] => INIMX_VBNKCAEcatca0720251030231927455238
    [P_MID] => CAEcatca07
    [P_AUTH_DT] => 20251030232020
    [P_STATUS] => 02
    [P_TYPE] => VBANK
    [P_OID] => 251030-029
    [P_FN_CD1] => 11
    [P_FN_CD2] => 
    [P_FN_NM] => NH농협은행
    [P_AMT] => 3000
    [P_UNAME] => 윤미란
    [P_RMESG1] => P_VACCT_NO=79015900205213|P_EXP_DT=20251109
    [P_RMESG2] => 
    [P_NOTI] => 
    [P_AUTH_NO] => 
)

