 Array
(
    [PageCall time] => 09:55:23
    [P_TID] => INIMX_VBNKCAEcatca0720251113095215335541
    [P_MID] => CAEcatca07
    [P_AUTH_DT] => 20251113095523
    [P_STATUS] => 02
    [P_TYPE] => VBANK
    [P_OID] => 251105-003
    [P_FN_CD1] => 04
    [P_FN_CD2] => 
    [P_FN_NM] => KB국민은행
    [P_AMT] => 3000
    [P_UNAME] => 김정원
    [P_RMESG1] => P_VACCT_NO=49789079224081|P_EXP_DT=20251123
    [P_RMESG2] => 
    [P_NOTI] => 
    [P_AUTH_NO] => 
)

 Array
(
    [PageCall time] => 10:26:39
    [P_TID] => INIMX_VBNKCAEcatca0720251113102540715280
    [P_MID] => CAEcatca07
    [P_AUTH_DT] => 20251113102639
    [P_STATUS] => 02
    [P_TYPE] => VBANK
    [P_OID] => 251113-008
    [P_FN_CD1] => 11
    [P_FN_CD2] => 
    [P_FN_NM] => NH농협은행
    [P_AMT] => 3000
    [P_UNAME] => 김법용
    [P_RMESG1] => P_VACCT_NO=79015901986085|P_EXP_DT=20251123
    [P_RMESG2] => 
    [P_NOTI] => 
    [P_AUTH_NO] => 
)

 Array
(
    [PageCall time] => 13:40:50
    [P_TID] => INIMX_VBNKCAEcatca0720251113133812985635
    [P_MID] => CAEcatca07
    [P_AUTH_DT] => 20251113134050
    [P_STATUS] => 02
    [P_TYPE] => VBANK
    [P_OID] => 251113-012
    [P_FN_CD1] => 20
    [P_FN_CD2] => 
    [P_FN_NM] => 우리은행
    [P_AMT] => 3000
    [P_UNAME] => 손은지
    [P_RMESG1] => P_VACCT_NO=61848335018871|P_EXP_DT=20251123
    [P_RMESG2] => 
    [P_NOTI] => 
    [P_AUTH_NO] => 
)

 Array
(
    [PageCall time] => 13:42:47
    [P_TID] => INIMX_VBNKCAEcatca0720251113133952205690
    [P_MID] => CAEcatca07
    [P_AUTH_DT] => 20251113134247
    [P_STATUS] => 02
    [P_TYPE] => VBANK
    [P_OID] => 251113-010
    [P_FN_CD1] => 81
    [P_FN_CD2] => 
    [P_FN_NM] => 하나은행
    [P_AMT] => 3000
    [P_UNAME] => 추현아
    [P_RMESG1] => P_VACCT_NO=20894005877337|P_EXP_DT=20251123
    [P_RMESG2] => 
    [P_NOTI] => 
    [P_AUTH_NO] => 
)

 Array
(
    [PageCall time] => 13:58:14
    [P_TID] => INIMX_VBNKCAEcatca0720251113135530285940
    [P_MID] => CAEcatca07
    [P_AUTH_DT] => 20251113135814
    [P_STATUS] => 02
    [P_TYPE] => VBANK
    [P_OID] => 251113-013
    [P_FN_CD1] => 04
    [P_FN_CD2] => 
    [P_FN_NM] => KB국민은행
    [P_AMT] => 3000
    [P_UNAME] => 박성훈
    [P_RMESG1] => P_VACCT_NO=42089011308071|P_EXP_DT=20251123
    [P_RMESG2] => 
    [P_NOTI] => 
    [P_AUTH_NO] => 
)

 Array
(
    [PageCall time] => 14:32:50
    [P_TID] => INIMX_VBNKCAEcatca0720251113142921425530
    [P_MID] => CAEcatca07
    [P_AUTH_DT] => 20251113143250
    [P_STATUS] => 02
    [P_TYPE] => VBANK
    [P_OID] => 251113-014
    [P_FN_CD1] => 81
    [P_FN_CD2] => 
    [P_FN_NM] => 하나은행
    [P_AMT] => 3000
    [P_UNAME] => 백유미
    [P_RMESG1] => P_VACCT_NO=20894006098237|P_EXP_DT=20251123
    [P_RMESG2] => 
    [P_NOTI] => 
    [P_AUTH_NO] => 
)

 Array
(
    [PageCall time] => 14:58:16
    [P_TID] => INIMX_VBNKCAEcatca0720251113145738595796
    [P_MID] => CAEcatca07
    [P_AUTH_DT] => 20251113145816
    [P_STATUS] => 02
    [P_TYPE] => VBANK
    [P_OID] => 251113-009
    [P_FN_CD1] => 11
    [P_FN_CD2] => 
    [P_FN_NM] => NH농협은행
    [P_AMT] => 3000
    [P_UNAME] => 주지훈
    [P_RMESG1] => P_VACCT_NO=79015902021786|P_EXP_DT=20251123
    [P_RMESG2] => 
    [P_NOTI] => 
    [P_AUTH_NO] => 
)

 Array
(
    [PageCall time] => 15:18:15
    [P_TID] => INIMX_VBNKCAEcatca0720251113151621795031
    [P_MID] => CAEcatca07
    [P_AUTH_DT] => 20251113151815
    [P_STATUS] => 02
    [P_TYPE] => VBANK
    [P_OID] => 251113-016
    [P_FN_CD1] => 11
    [P_FN_CD2] => 
    [P_FN_NM] => NH농협은행
    [P_AMT] => 3000
    [P_UNAME] => 나경옥
    [P_RMESG1] => P_VACCT_NO=79015902023541|P_EXP_DT=20251123
    [P_RMESG2] => 
    [P_NOTI] => 
    [P_AUTH_NO] => 
)

 Array
(
    [PageCall time] => 15:23:08
    [P_TID] => INIMX_VBNKCAEcatca0720251113152022315972
    [P_MID] => CAEcatca07
    [P_AUTH_DT] => 20251113152308
    [P_STATUS] => 02
    [P_TYPE] => VBANK
    [P_OID] => 251113-015
    [P_FN_CD1] => 04
    [P_FN_CD2] => 
    [P_FN_NM] => KB국민은행
    [P_AMT] => 3000
    [P_UNAME] => 김원갑
    [P_RMESG1] => P_VACCT_NO=42119011948575|P_EXP_DT=20251123
    [P_RMESG2] => 
    [P_NOTI] => 
    [P_AUTH_NO] => 
)

 Array
(
    [PageCall time] => 15:59:07
    [P_TID] => INIMX_VBNKCAEcatca0720251113155840325709
    [P_MID] => CAEcatca07
    [P_AUTH_DT] => 20251113155907
    [P_STATUS] => 02
    [P_TYPE] => VBANK
    [P_OID] => 251111-054
    [P_FN_CD1] => 11
    [P_FN_CD2] => 
    [P_FN_NM] => NH농협은행
    [P_AMT] => 3000
    [P_UNAME] => 강예지
    [P_RMESG1] => P_VACCT_NO=79015902030181|P_EXP_DT=20251123
    [P_RMESG2] => 
    [P_NOTI] => 
    [P_AUTH_NO] => 
)

 Array
(
    [PageCall time] => 16:17:43
    [P_TID] => INIMX_VBNKCAEcatca0720251113161319725773
    [P_MID] => CAEcatca07
    [P_AUTH_DT] => 20251113161743
    [P_STATUS] => 02
    [P_TYPE] => VBANK
    [P_OID] => 251113-018
    [P_FN_CD1] => 04
    [P_FN_CD2] => 
    [P_FN_NM] => KB국민은행
    [P_AMT] => 3000
    [P_UNAME] => 정현자
    [P_RMESG1] => P_VACCT_NO=44289079141409|P_EXP_DT=20251123
    [P_RMESG2] => 
    [P_NOTI] => 
    [P_AUTH_NO] => 
)

 Array
(
    [PageCall time] => 16:29:32
    [P_TID] => INIMX_VBNKCAEcatca0720251113162841645581
    [P_MID] => CAEcatca07
    [P_AUTH_DT] => 20251113162932
    [P_STATUS] => 02
    [P_TYPE] => VBANK
    [P_OID] => 251113-019
    [P_FN_CD1] => 11
    [P_FN_CD2] => 
    [P_FN_NM] => NH농협은행
    [P_AMT] => 3000
    [P_UNAME] => 김규래
    [P_RMESG1] => P_VACCT_NO=79015902034987|P_EXP_DT=20251123
    [P_RMESG2] => 
    [P_NOTI] => 
    [P_AUTH_NO] => 
)

 Array
(
    [PageCall time] => 17:35:15
    [P_TID] => INIMX_VBNKCAEcatca0720251113173208355527
    [P_MID] => CAEcatca07
    [P_AUTH_DT] => 20251113173515
    [P_STATUS] => 02
    [P_TYPE] => VBANK
    [P_OID] => 251113-021
    [P_FN_CD1] => 04
    [P_FN_CD2] => 
    [P_FN_NM] => KB국민은행
    [P_AMT] => 3000
    [P_UNAME] => 심덕보
    [P_RMESG1] => P_VACCT_NO=45419079375397|P_EXP_DT=20251123
    [P_RMESG2] => 
    [P_NOTI] => 
    [P_AUTH_NO] => 
)

 Array
(
    [PageCall time] => 21:13:10
    [P_TID] => INIMX_VBNKCAEcatca0720251113211021685911
    [P_MID] => CAEcatca07
    [P_AUTH_DT] => 20251113211310
    [P_STATUS] => 02
    [P_TYPE] => VBANK
    [P_OID] => 251113-024
    [P_FN_CD1] => 88
    [P_FN_CD2] => 
    [P_FN_NM] => 신한은행
    [P_AMT] => 3000
    [P_UNAME] => 강동준
    [P_RMESG1] => P_VACCT_NO=56211105620104|P_EXP_DT=20251123
    [P_RMESG2] => 
    [P_NOTI] => 
    [P_AUTH_NO] => 
)

 Array
(
    [PageCall time] => 21:19:59
    [P_TID] => INIMX_VBNKCAEcatca0720251113211600355627
    [P_MID] => CAEcatca07
    [P_AUTH_DT] => 20251113211959
    [P_STATUS] => 02
    [P_TYPE] => VBANK
    [P_OID] => 251113-025
    [P_FN_CD1] => 07
    [P_FN_CD2] => 
    [P_FN_NM] => 수협은행
    [P_AMT] => 3000
    [P_UNAME] => 박태수
    [P_RMESG1] => P_VACCT_NO=06640082590032|P_EXP_DT=20251123
    [P_RMESG2] => 
    [P_NOTI] => 
    [P_AUTH_NO] => 
)

 Array
(
    [PageCall time] => 21:22:38
    [P_TID] => INIMX_VBNKCAEcatca0720251113211956515753
    [P_MID] => CAEcatca07
    [P_AUTH_DT] => 20251113212238
    [P_STATUS] => 02
    [P_TYPE] => VBANK
    [P_OID] => 251113-004
    [P_FN_CD1] => 04
    [P_FN_CD2] => 
    [P_FN_NM] => KB국민은행
    [P_AMT] => 3000
    [P_UNAME] => 김성용
    [P_RMESG1] => P_VACCT_NO=00289071145788|P_EXP_DT=20251123
    [P_RMESG2] => 
    [P_NOTI] => 
    [P_AUTH_NO] => 
)

