 Array
(
    [PageCall time] => 03:51:51
    [P_TID] => INIMX_VBNKCAEcatca0720251226033911915495
    [P_MID] => CAEcatca07
    [P_AUTH_DT] => 20251226035151
    [P_STATUS] => 02
    [P_TYPE] => VBANK
    [P_OID] => 251226-001
    [P_FN_CD1] => 11
    [P_FN_CD2] => 
    [P_FN_NM] => NH농협은행
    [P_AMT] => 3000
    [P_UNAME] => 이광환
    [P_RMESG1] => P_VACCT_NO=79010587522840|P_EXP_DT=20260105
    [P_RMESG2] => 
    [P_NOTI] => 
    [P_AUTH_NO] => 
)

 Array
(
    [PageCall time] => 10:32:13
    [P_TID] => INIMX_VBNKCAEcatca0720251226103104505684
    [P_MID] => CAEcatca07
    [P_AUTH_DT] => 20251226103213
    [P_STATUS] => 02
    [P_TYPE] => VBANK
    [P_OID] => 251226-005
    [P_FN_CD1] => 11
    [P_FN_CD2] => 
    [P_FN_NM] => NH농협은행
    [P_AMT] => 3000
    [P_UNAME] => 권혜선
    [P_RMESG1] => P_VACCT_NO=79010587548785|P_EXP_DT=20260105
    [P_RMESG2] => 
    [P_NOTI] => 
    [P_AUTH_NO] => 
)

 Array
(
    [PageCall time] => 10:33:54
    [P_TID] => INIMX_VBNKCAEcatca0720251226103211185259
    [P_MID] => CAEcatca07
    [P_AUTH_DT] => 20251226103354
    [P_STATUS] => 02
    [P_TYPE] => VBANK
    [P_OID] => 251222-028
    [P_FN_CD1] => 11
    [P_FN_CD2] => 
    [P_FN_NM] => NH농협은행
    [P_AMT] => 3000
    [P_UNAME] => 오승택
    [P_RMESG1] => P_VACCT_NO=79010587548955|P_EXP_DT=20260105
    [P_RMESG2] => 
    [P_NOTI] => 
    [P_AUTH_NO] => 
)

 Array
(
    [PageCall time] => 10:36:59
    [P_TID] => INIMX_VBNKCAEcatca0720251226103358965910
    [P_MID] => CAEcatca07
    [P_AUTH_DT] => 20251226103659
    [P_STATUS] => 02
    [P_TYPE] => VBANK
    [P_OID] => 251224-023
    [P_FN_CD1] => 04
    [P_FN_CD2] => 
    [P_FN_NM] => KB국민은행
    [P_AMT] => 3000
    [P_UNAME] => XU YONGYI
    [P_RMESG1] => P_VACCT_NO=42089011317390|P_EXP_DT=20260105
    [P_RMESG2] => 
    [P_NOTI] => 
    [P_AUTH_NO] => 
)

 Array
(
    [PageCall time] => 11:05:49
    [P_TID] => INIMX_VBNKCAEcatca0720251226105802735094
    [P_MID] => CAEcatca07
    [P_AUTH_DT] => 20251226110549
    [P_STATUS] => 02
    [P_TYPE] => VBANK
    [P_OID] => 251226-006
    [P_FN_CD1] => 11
    [P_FN_CD2] => 
    [P_FN_NM] => NH농협은행
    [P_AMT] => 3000
    [P_UNAME] => 전경일
    [P_RMESG1] => P_VACCT_NO=79010587553264|P_EXP_DT=20260105
    [P_RMESG2] => 
    [P_NOTI] => 
    [P_AUTH_NO] => 
)

 Array
(
    [PageCall time] => 11:07:25
    [P_TID] => INIMX_VBNKCAEcatca0720251226110343835107
    [P_MID] => CAEcatca07
    [P_AUTH_DT] => 20251226110725
    [P_STATUS] => 02
    [P_TYPE] => VBANK
    [P_OID] => 251226-007
    [P_FN_CD1] => 88
    [P_FN_CD2] => 
    [P_FN_NM] => 신한은행
    [P_AMT] => 3000
    [P_UNAME] => 이원석
    [P_RMESG1] => P_VACCT_NO=56211991571931|P_EXP_DT=20260105
    [P_RMESG2] => 
    [P_NOTI] => 
    [P_AUTH_NO] => 
)

 Array
(
    [PageCall time] => 11:16:52
    [P_TID] => INIMX_VBNKCAEcatca0720251226111155965891
    [P_MID] => CAEcatca07
    [P_AUTH_DT] => 20251226111652
    [P_STATUS] => 02
    [P_TYPE] => VBANK
    [P_OID] => 251226-008
    [P_FN_CD1] => 03
    [P_FN_CD2] => 
    [P_FN_NM] => 기업은행
    [P_AMT] => 3000
    [P_UNAME] => 박형진
    [P_RMESG1] => P_VACCT_NO=07503247697382|P_EXP_DT=20260105
    [P_RMESG2] => 
    [P_NOTI] => 
    [P_AUTH_NO] => 
)

 Array
(
    [PageCall time] => 11:30:07
    [P_TID] => INIMX_VBNKCAEcatca0720251226112720455014
    [P_MID] => CAEcatca07
    [P_AUTH_DT] => 20251226113007
    [P_STATUS] => 02
    [P_TYPE] => VBANK
    [P_OID] => 251226-011
    [P_FN_CD1] => 03
    [P_FN_CD2] => 
    [P_FN_NM] => 기업은행
    [P_AMT] => 3000
    [P_UNAME] => 김민주
    [P_RMESG1] => P_VACCT_NO=07503247897187|P_EXP_DT=20260105
    [P_RMESG2] => 
    [P_NOTI] => 
    [P_AUTH_NO] => 
)

 Array
(
    [PageCall time] => 11:59:53
    [P_TID] => INIMX_VBNKCAEcatca0720251226115705315593
    [P_MID] => CAEcatca07
    [P_AUTH_DT] => 20251226115953
    [P_STATUS] => 02
    [P_TYPE] => VBANK
    [P_OID] => 251226-013
    [P_FN_CD1] => 04
    [P_FN_CD2] => 
    [P_FN_NM] => KB국민은행
    [P_AMT] => 3000
    [P_UNAME] => 전이지
    [P_RMESG1] => P_VACCT_NO=26119078151899|P_EXP_DT=20260105
    [P_RMESG2] => 
    [P_NOTI] => 
    [P_AUTH_NO] => 
)

 Array
(
    [PageCall time] => 12:18:44
    [P_TID] => INIMX_VBNKCAEcatca0720251226121322245915
    [P_MID] => CAEcatca07
    [P_AUTH_DT] => 20251226121844
    [P_STATUS] => 02
    [P_TYPE] => VBANK
    [P_OID] => 251226-014
    [P_FN_CD1] => 11
    [P_FN_CD2] => 
    [P_FN_NM] => NH농협은행
    [P_AMT] => 3000
    [P_UNAME] => 김진숙
    [P_RMESG1] => P_VACCT_NO=79010587564377|P_EXP_DT=20260105
    [P_RMESG2] => 
    [P_NOTI] => 
    [P_AUTH_NO] => 
)

 Array
(
    [PageCall time] => 13:14:46
    [P_TID] => INIMX_VBNKCAEcatca0720251226131140915744
    [P_MID] => CAEcatca07
    [P_AUTH_DT] => 20251226131446
    [P_STATUS] => 02
    [P_TYPE] => VBANK
    [P_OID] => 251226-015
    [P_FN_CD1] => 03
    [P_FN_CD2] => 
    [P_FN_NM] => 기업은행
    [P_AMT] => 3000
    [P_UNAME] => 이성우
    [P_RMESG1] => P_VACCT_NO=07503248597506|P_EXP_DT=20260105
    [P_RMESG2] => 
    [P_NOTI] => 
    [P_AUTH_NO] => 
)

 Array
(
    [PageCall time] => 13:30:50
    [P_TID] => INIMX_VBNKCAEcatca0720251226132621355379
    [P_MID] => CAEcatca07
    [P_AUTH_DT] => 20251226133050
    [P_STATUS] => 02
    [P_TYPE] => VBANK
    [P_OID] => 251226-018
    [P_FN_CD1] => 81
    [P_FN_CD2] => 
    [P_FN_NM] => 하나은행
    [P_AMT] => 3000
    [P_UNAME] => 전천표
    [P_RMESG1] => P_VACCT_NO=20893815911137|P_EXP_DT=20260105
    [P_RMESG2] => 
    [P_NOTI] => 
    [P_AUTH_NO] => 
)

 Array
(
    [PageCall time] => 13:30:53
    [P_TID] => INIMX_VBNKCAEcatca0720251226132920695640
    [P_MID] => CAEcatca07
    [P_AUTH_DT] => 20251226133053
    [P_STATUS] => 02
    [P_TYPE] => VBANK
    [P_OID] => 251226-017
    [P_FN_CD1] => 11
    [P_FN_CD2] => 
    [P_FN_NM] => NH농협은행
    [P_AMT] => 3000
    [P_UNAME] => 노경윤
    [P_RMESG1] => P_VACCT_NO=79010587574851|P_EXP_DT=20260105
    [P_RMESG2] => 
    [P_NOTI] => 
    [P_AUTH_NO] => 
)

 Array
(
    [PageCall time] => 13:32:32
    [P_TID] => INIMX_VBNKCAEcatca0720251226132955805157
    [P_MID] => CAEcatca07
    [P_AUTH_DT] => 20251226133232
    [P_STATUS] => 02
    [P_TYPE] => VBANK
    [P_OID] => 251226-020
    [P_FN_CD1] => 04
    [P_FN_CD2] => 
    [P_FN_NM] => KB국민은행
    [P_AMT] => 3000
    [P_UNAME] => 안경현
    [P_RMESG1] => P_VACCT_NO=26119078224676|P_EXP_DT=20260105
    [P_RMESG2] => 
    [P_NOTI] => 
    [P_AUTH_NO] => 
)

 Array
(
    [PageCall time] => 13:32:44
    [P_TID] => INIMX_VBNKCAEcatca0720251226133059625741
    [P_MID] => CAEcatca07
    [P_AUTH_DT] => 20251226133244
    [P_STATUS] => 02
    [P_TYPE] => VBANK
    [P_OID] => 251226-021
    [P_FN_CD1] => 11
    [P_FN_CD2] => 
    [P_FN_NM] => NH농협은행
    [P_AMT] => 3000
    [P_UNAME] => 최연자
    [P_RMESG1] => P_VACCT_NO=79010587574980|P_EXP_DT=20260105
    [P_RMESG2] => 
    [P_NOTI] => 
    [P_AUTH_NO] => 
)

 Array
(
    [PageCall time] => 14:45:06
    [P_TID] => INIMX_VBNKCAEcatca0720251226144229125585
    [P_MID] => CAEcatca07
    [P_AUTH_DT] => 20251226144506
    [P_STATUS] => 02
    [P_TYPE] => VBANK
    [P_OID] => 251226-026
    [P_FN_CD1] => 88
    [P_FN_CD2] => 
    [P_FN_NM] => 신한은행
    [P_AMT] => 3000
    [P_UNAME] => 양주연
    [P_RMESG1] => P_VACCT_NO=56211991594360|P_EXP_DT=20260105
    [P_RMESG2] => 
    [P_NOTI] => 
    [P_AUTH_NO] => 
)

 Array
(
    [PageCall time] => 16:03:41
    [P_TID] => INIMX_VBNKCAEcatca0720251226160024765624
    [P_MID] => CAEcatca07
    [P_AUTH_DT] => 20251226160341
    [P_STATUS] => 02
    [P_TYPE] => VBANK
    [P_OID] => 251226-030
    [P_FN_CD1] => 20
    [P_FN_CD2] => 
    [P_FN_NM] => 우리은행
    [P_AMT] => 3000
    [P_UNAME] => 이지선
    [P_RMESG1] => P_VACCT_NO=27389641918141|P_EXP_DT=20260105
    [P_RMESG2] => 
    [P_NOTI] => 
    [P_AUTH_NO] => 
)

 Array
(
    [PageCall time] => 16:13:41
    [P_TID] => INIMX_VBNKCAEcatca0720251226161253625421
    [P_MID] => CAEcatca07
    [P_AUTH_DT] => 20251226161341
    [P_STATUS] => 02
    [P_TYPE] => VBANK
    [P_OID] => 251226-031
    [P_FN_CD1] => 11
    [P_FN_CD2] => 
    [P_FN_NM] => NH농협은행
    [P_AMT] => 3000
    [P_UNAME] => 이은지
    [P_RMESG1] => P_VACCT_NO=79010587594061|P_EXP_DT=20260105
    [P_RMESG2] => 
    [P_NOTI] => 
    [P_AUTH_NO] => 
)

 Array
(
    [PageCall time] => 16:33:52
    [P_TID] => INIMX_VBNKCAEcatca0720251226163106665774
    [P_MID] => CAEcatca07
    [P_AUTH_DT] => 20251226163352
    [P_STATUS] => 02
    [P_TYPE] => VBANK
    [P_OID] => 251226-033
    [P_FN_CD1] => 20
    [P_FN_CD2] => 
    [P_FN_NM] => 우리은행
    [P_AMT] => 3000
    [P_UNAME] => 신기훈
    [P_RMESG1] => P_VACCT_NO=27389642718865|P_EXP_DT=20260105
    [P_RMESG2] => 
    [P_NOTI] => 
    [P_AUTH_NO] => 
)

 Array
(
    [PageCall time] => 16:47:25
    [P_TID] => INIMX_VBNKCAEcatca0720251226164436795013
    [P_MID] => CAEcatca07
    [P_AUTH_DT] => 20251226164725
    [P_STATUS] => 02
    [P_TYPE] => VBANK
    [P_OID] => 251226-035
    [P_FN_CD1] => 81
    [P_FN_CD2] => 
    [P_FN_NM] => 하나은행
    [P_AMT] => 3000
    [P_UNAME] => 김연정
    [P_RMESG1] => P_VACCT_NO=20893816808437|P_EXP_DT=20260105
    [P_RMESG2] => 
    [P_NOTI] => 
    [P_AUTH_NO] => 
)

 Array
(
    [PageCall time] => 16:47:33
    [P_TID] => INIMX_VBNKCAEcatca0720251226164039105063
    [P_MID] => CAEcatca07
    [P_AUTH_DT] => 20251226164733
    [P_STATUS] => 02
    [P_TYPE] => VBANK
    [P_OID] => 251226-034
    [P_FN_CD1] => 20
    [P_FN_CD2] => 
    [P_FN_NM] => 우리은행
    [P_AMT] => 3000
    [P_UNAME] => 정성원
    [P_RMESG1] => P_VACCT_NO=27389643518501|P_EXP_DT=20260105
    [P_RMESG2] => 
    [P_NOTI] => 
    [P_AUTH_NO] => 
)

 Array
(
    [PageCall time] => 17:14:07
    [P_TID] => INIMX_VBNKCAEcatca0720251226171110375827
    [P_MID] => CAEcatca07
    [P_AUTH_DT] => 20251226171407
    [P_STATUS] => 02
    [P_TYPE] => VBANK
    [P_OID] => 251226-037
    [P_FN_CD1] => 04
    [P_FN_CD2] => 
    [P_FN_NM] => KB국민은행
    [P_AMT] => 3000
    [P_UNAME] => 이미선
    [P_RMESG1] => P_VACCT_NO=60489014844008|P_EXP_DT=20260105
    [P_RMESG2] => 
    [P_NOTI] => 
    [P_AUTH_NO] => 
)

 Array
(
    [PageCall time] => 18:13:43
    [P_TID] => INIMX_VBNKCAEcatca0720251226181254645183
    [P_MID] => CAEcatca07
    [P_AUTH_DT] => 20251226181343
    [P_STATUS] => 02
    [P_TYPE] => VBANK
    [P_OID] => 251226-042
    [P_FN_CD1] => 11
    [P_FN_CD2] => 
    [P_FN_NM] => NH농협은행
    [P_AMT] => 3000
    [P_UNAME] => 최병만
    [P_RMESG1] => P_VACCT_NO=79010587610314|P_EXP_DT=20260105
    [P_RMESG2] => 
    [P_NOTI] => 
    [P_AUTH_NO] => 
)

 Array
(
    [PageCall time] => 18:56:05
    [P_TID] => INIMX_VBNKCAEcatca0720251226185302755628
    [P_MID] => CAEcatca07
    [P_AUTH_DT] => 20251226185605
    [P_STATUS] => 02
    [P_TYPE] => VBANK
    [P_OID] => 251226-029
    [P_FN_CD1] => 04
    [P_FN_CD2] => 
    [P_FN_NM] => KB국민은행
    [P_AMT] => 3000
    [P_UNAME] => 김유린
    [P_RMESG1] => P_VACCT_NO=60489014860895|P_EXP_DT=20260105
    [P_RMESG2] => 
    [P_NOTI] => 
    [P_AUTH_NO] => 
)

 Array
(
    [PageCall time] => 20:26:13
    [P_TID] => INIMX_VBNKCAEcatca0720251226202046815198
    [P_MID] => CAEcatca07
    [P_AUTH_DT] => 20251226202613
    [P_STATUS] => 02
    [P_TYPE] => VBANK
    [P_OID] => 251226-043
    [P_FN_CD1] => 04
    [P_FN_CD2] => 
    [P_FN_NM] => KB국민은행
    [P_AMT] => 3000
    [P_UNAME] => 침개
    [P_RMESG1] => P_VACCT_NO=60489014870616|P_EXP_DT=20260105
    [P_RMESG2] => 
    [P_NOTI] => 
    [P_AUTH_NO] => 
)

 Array
(
    [PageCall time] => 21:19:25
    [P_TID] => INIMX_VBNKCAEcatca0720251226211648535259
    [P_MID] => CAEcatca07
    [P_AUTH_DT] => 20251226211924
    [P_STATUS] => 02
    [P_TYPE] => VBANK
    [P_OID] => 251225-006
    [P_FN_CD1] => 04
    [P_FN_CD2] => 
    [P_FN_NM] => KB국민은행
    [P_AMT] => 3000
    [P_UNAME] => 김태연
    [P_RMESG1] => P_VACCT_NO=60489014878188|P_EXP_DT=20260105
    [P_RMESG2] => 
    [P_NOTI] => 
    [P_AUTH_NO] => 
)

 Array
(
    [PageCall time] => 22:52:39
    [P_TID] => INIMX_VBNKCAEcatca0720251226224954865094
    [P_MID] => CAEcatca07
    [P_AUTH_DT] => 20251226225239
    [P_STATUS] => 02
    [P_TYPE] => VBANK
    [P_OID] => 251226-044
    [P_FN_CD1] => 03
    [P_FN_CD2] => 
    [P_FN_NM] => 기업은행
    [P_AMT] => 3000
    [P_UNAME] => 현지원
    [P_RMESG1] => P_VACCT_NO=07503252997616|P_EXP_DT=20260105
    [P_RMESG2] => 
    [P_NOTI] => 
    [P_AUTH_NO] => 
)

