 Array
(
    [PageCall time] => 09:45:25
    [P_TID] => INIMX_VBNKCAEcatca0720251207094226285265
    [P_MID] => CAEcatca07
    [P_AUTH_DT] => 20251207094524
    [P_STATUS] => 02
    [P_TYPE] => VBANK
    [P_OID] => 251207-002
    [P_FN_CD1] => 04
    [P_FN_CD2] => 
    [P_FN_NM] => KB국민은행
    [P_AMT] => 3000
    [P_UNAME] => 정승오
    [P_RMESG1] => P_VACCT_NO=26159078736681|P_EXP_DT=20251217
    [P_RMESG2] => 
    [P_NOTI] => 
    [P_AUTH_NO] => 
)

 Array
(
    [PageCall time] => 11:07:35
    [P_TID] => INIMX_VBNKCAEcatca0720251207110504835942
    [P_MID] => CAEcatca07
    [P_AUTH_DT] => 20251207110735
    [P_STATUS] => 02
    [P_TYPE] => VBANK
    [P_OID] => 251207-003
    [P_FN_CD1] => 03
    [P_FN_CD2] => 
    [P_FN_NM] => 기업은행
    [P_AMT] => 3000
    [P_UNAME] => 이소희
    [P_RMESG1] => P_VACCT_NO=07503131397341|P_EXP_DT=20251217
    [P_RMESG2] => 
    [P_NOTI] => 
    [P_AUTH_NO] => 
)

 Array
(
    [PageCall time] => 12:25:02
    [P_TID] => INIMX_VBNKCAEcatca0720251207122206245191
    [P_MID] => CAEcatca07
    [P_AUTH_DT] => 20251207122502
    [P_STATUS] => 02
    [P_TYPE] => VBANK
    [P_OID] => 251207-004
    [P_FN_CD1] => 04
    [P_FN_CD2] => 
    [P_FN_NM] => KB국민은행
    [P_AMT] => 3000
    [P_UNAME] => 홍정애
    [P_RMESG1] => P_VACCT_NO=26159078531125|P_EXP_DT=20251217
    [P_RMESG2] => 
    [P_NOTI] => 
    [P_AUTH_NO] => 
)

 Array
(
    [PageCall time] => 14:04:45
    [P_TID] => INIMX_VBNKCAEcatca0720251207140215945212
    [P_MID] => CAEcatca07
    [P_AUTH_DT] => 20251207140445
    [P_STATUS] => 02
    [P_TYPE] => VBANK
    [P_OID] => 251207-006
    [P_FN_CD1] => 04
    [P_FN_CD2] => 
    [P_FN_NM] => KB국민은행
    [P_AMT] => 3000
    [P_UNAME] => 강은정
    [P_RMESG1] => P_VACCT_NO=26029078929499|P_EXP_DT=20251217
    [P_RMESG2] => 
    [P_NOTI] => 
    [P_AUTH_NO] => 
)

 Array
(
    [PageCall time] => 14:56:23
    [P_TID] => INIMX_VBNKCAEcatca0720251207145547485340
    [P_MID] => CAEcatca07
    [P_AUTH_DT] => 20251207145623
    [P_STATUS] => 02
    [P_TYPE] => VBANK
    [P_OID] => 251207-007
    [P_FN_CD1] => 11
    [P_FN_CD2] => 
    [P_FN_NM] => NH농협은행
    [P_AMT] => 3000
    [P_UNAME] => 임혜경
    [P_RMESG1] => P_VACCT_NO=79016261500017|P_EXP_DT=20251217
    [P_RMESG2] => 
    [P_NOTI] => 
    [P_AUTH_NO] => 
)

 Array
(
    [PageCall time] => 15:21:35
    [P_TID] => INIMX_VBNKCAEcatca0720251207151910375307
    [P_MID] => CAEcatca07
    [P_AUTH_DT] => 20251207152135
    [P_STATUS] => 02
    [P_TYPE] => VBANK
    [P_OID] => 251207-008
    [P_FN_CD1] => 88
    [P_FN_CD2] => 
    [P_FN_NM] => 신한은행
    [P_AMT] => 3000
    [P_UNAME] => 문소라
    [P_RMESG1] => P_VACCT_NO=56211990567872|P_EXP_DT=20251217
    [P_RMESG2] => 
    [P_NOTI] => 
    [P_AUTH_NO] => 
)

 Array
(
    [PageCall time] => 16:16:24
    [P_TID] => INIMX_VBNKCAEcatca0720251207161353385811
    [P_MID] => CAEcatca07
    [P_AUTH_DT] => 20251207161624
    [P_STATUS] => 02
    [P_TYPE] => VBANK
    [P_OID] => 251207-010
    [P_FN_CD1] => 04
    [P_FN_CD2] => 
    [P_FN_NM] => KB국민은행
    [P_AMT] => 3000
    [P_UNAME] => 류화영
    [P_RMESG1] => P_VACCT_NO=26159078111967|P_EXP_DT=20251217
    [P_RMESG2] => 
    [P_NOTI] => 
    [P_AUTH_NO] => 
)

 Array
(
    [PageCall time] => 20:18:55
    [P_TID] => INIMX_VBNKCAEcatca0720251207201332185552
    [P_MID] => CAEcatca07
    [P_AUTH_DT] => 20251207201855
    [P_STATUS] => 02
    [P_TYPE] => VBANK
    [P_OID] => 251207-013
    [P_FN_CD1] => 20
    [P_FN_CD2] => 
    [P_FN_NM] => 우리은행
    [P_AMT] => 3000
    [P_UNAME] => 김희정
    [P_RMESG1] => P_VACCT_NO=27388527118419|P_EXP_DT=20251217
    [P_RMESG2] => 
    [P_NOTI] => 
    [P_AUTH_NO] => 
)

 Array
(
    [PageCall time] => 21:12:37
    [P_TID] => INIMX_VBNKCAEcatca0720251207211117415633
    [P_MID] => CAEcatca07
    [P_AUTH_DT] => 20251207211237
    [P_STATUS] => 02
    [P_TYPE] => VBANK
    [P_OID] => 251207-015
    [P_FN_CD1] => 11
    [P_FN_CD2] => 
    [P_FN_NM] => NH농협은행
    [P_AMT] => 3000
    [P_UNAME] => 김윤희
    [P_RMESG1] => P_VACCT_NO=79016262264809|P_EXP_DT=20251217
    [P_RMESG2] => 
    [P_NOTI] => 
    [P_AUTH_NO] => 
)

 Array
(
    [PageCall time] => 21:50:37
    [P_TID] => INIMX_VBNKCAEcatca0720251207214806455115
    [P_MID] => CAEcatca07
    [P_AUTH_DT] => 20251207215037
    [P_STATUS] => 02
    [P_TYPE] => VBANK
    [P_OID] => 251207-016
    [P_FN_CD1] => 89
    [P_FN_CD2] => 
    [P_FN_NM] => 케이뱅크
    [P_AMT] => 3000
    [P_UNAME] => 유희정
    [P_RMESG1] => P_VACCT_NO=70112004018940|P_EXP_DT=20251217
    [P_RMESG2] => 
    [P_NOTI] => 
    [P_AUTH_NO] => 
)

 Array
(
    [PageCall time] => 23:11:48
    [P_TID] => INIMX_VBNKCAEcatca0720251207230920515552
    [P_MID] => CAEcatca07
    [P_AUTH_DT] => 20251207231148
    [P_STATUS] => 02
    [P_TYPE] => VBANK
    [P_OID] => 251202-024
    [P_FN_CD1] => 04
    [P_FN_CD2] => 
    [P_FN_NM] => KB국민은행
    [P_AMT] => 3000
    [P_UNAME] => 서지민
    [P_RMESG1] => P_VACCT_NO=26159078204641|P_EXP_DT=20251217
    [P_RMESG2] => 
    [P_NOTI] => 
    [P_AUTH_NO] => 
)

