 Array
(
    [PageCall time] => 14:44:48
    [P_TID] => INIMX_VBNKCAEcatca0720251115143953425995
    [P_MID] => CAEcatca07
    [P_AUTH_DT] => 20251115144448
    [P_STATUS] => 02
    [P_TYPE] => VBANK
    [P_OID] => 251115-004
    [P_FN_CD1] => 88
    [P_FN_CD2] => 
    [P_FN_NM] => 신한은행
    [P_AMT] => 3000
    [P_UNAME] => 정의석
    [P_RMESG1] => P_VACCT_NO=56211105735861|P_EXP_DT=20251125
    [P_RMESG2] => 
    [P_NOTI] => 
    [P_AUTH_NO] => 
)

 Array
(
    [PageCall time] => 16:39:28
    [P_TID] => INIMX_VBNKCAEcatca0720251115163702825774
    [P_MID] => CAEcatca07
    [P_AUTH_DT] => 20251115163928
    [P_STATUS] => 02
    [P_TYPE] => VBANK
    [P_OID] => 251115-005
    [P_FN_CD1] => 20
    [P_FN_CD2] => 
    [P_FN_NM] => 우리은행
    [P_AMT] => 3000
    [P_UNAME] => 황경환
    [P_RMESG1] => P_VACCT_NO=61848534418608|P_EXP_DT=20251125
    [P_RMESG2] => 
    [P_NOTI] => 
    [P_AUTH_NO] => 
)

 Array
(
    [PageCall time] => 18:26:26
    [P_TID] => INIMX_VBNKCAEcatca0720251115182250435323
    [P_MID] => CAEcatca07
    [P_AUTH_DT] => 20251115182626
    [P_STATUS] => 02
    [P_TYPE] => VBANK
    [P_OID] => 251115-006
    [P_FN_CD1] => 88
    [P_FN_CD2] => 
    [P_FN_NM] => 신한은행
    [P_AMT] => 3000
    [P_UNAME] => 안선후
    [P_RMESG1] => P_VACCT_NO=56211105746197|P_EXP_DT=20251125
    [P_RMESG2] => 
    [P_NOTI] => 
    [P_AUTH_NO] => 
)

 Array
(
    [PageCall time] => 18:33:29
    [P_TID] => INIMX_VBNKCAEcatca0720251115183046565926
    [P_MID] => CAEcatca07
    [P_AUTH_DT] => 20251115183329
    [P_STATUS] => 02
    [P_TYPE] => VBANK
    [P_OID] => 251115-007
    [P_FN_CD1] => 03
    [P_FN_CD2] => 
    [P_FN_NM] => 기업은행
    [P_AMT] => 3000
    [P_UNAME] => 김지영
    [P_RMESG1] => P_VACCT_NO=07502281197092|P_EXP_DT=20251125
    [P_RMESG2] => 
    [P_NOTI] => 
    [P_AUTH_NO] => 
)

 Array
(
    [PageCall time] => 20:21:33
    [P_TID] => INIMX_VBNKCAEcatca0720251115201655915464
    [P_MID] => CAEcatca07
    [P_AUTH_DT] => 20251115202133
    [P_STATUS] => 02
    [P_TYPE] => VBANK
    [P_OID] => 251115-008
    [P_FN_CD1] => 88
    [P_FN_CD2] => 
    [P_FN_NM] => 신한은행
    [P_AMT] => 3000
    [P_UNAME] => 임대홍
    [P_RMESG1] => P_VACCT_NO=56211105750228|P_EXP_DT=20251125
    [P_RMESG2] => 
    [P_NOTI] => 
    [P_AUTH_NO] => 
)

 Array
(
    [PageCall time] => 22:00:32
    [P_TID] => INIMX_VBNKCAEcatca0720251115215715875692
    [P_MID] => CAEcatca07
    [P_AUTH_DT] => 20251115220032
    [P_STATUS] => 02
    [P_TYPE] => VBANK
    [P_OID] => 251115-009
    [P_FN_CD1] => 04
    [P_FN_CD2] => 
    [P_FN_NM] => KB국민은행
    [P_AMT] => 3000
    [P_UNAME] => 조성관
    [P_RMESG1] => P_VACCT_NO=26119078082391|P_EXP_DT=20251125
    [P_RMESG2] => 
    [P_NOTI] => 
    [P_AUTH_NO] => 
)

