 Array
(
    [PageCall time] => 08:49:04
    [P_TID] => INIMX_VBNKCAEcatca0720250813084803235268
    [P_MID] => CAEcatca07
    [P_AUTH_DT] => 20250813084904
    [P_STATUS] => 02
    [P_TYPE] => VBANK
    [P_OID] => 250813-001
    [P_FN_CD1] => 11
    [P_FN_CD2] => 
    [P_FN_NM] => NH농협은행
    [P_AMT] => 3000
    [P_UNAME] => 류영수
    [P_RMESG1] => P_VACCT_NO=79014290778694|P_EXP_DT=20250823
    [P_RMESG2] => 
    [P_NOTI] => 
    [P_AUTH_NO] => 
)

 Array
(
    [PageCall time] => 09:50:15
    [P_TID] => INIMX_VBNKCAEcatca0720250813094736315809
    [P_MID] => CAEcatca07
    [P_AUTH_DT] => 20250813095015
    [P_STATUS] => 02
    [P_TYPE] => VBANK
    [P_OID] => 250813-002
    [P_FN_CD1] => 88
    [P_FN_CD2] => 
    [P_FN_NM] => 신한은행
    [P_AMT] => 3000
    [P_UNAME] => 최성임
    [P_RMESG1] => P_VACCT_NO=56211991389163|P_EXP_DT=20250823
    [P_RMESG2] => 
    [P_NOTI] => 
    [P_AUTH_NO] => 
)

 Array
(
    [PageCall time] => 09:56:34
    [P_TID] => INIMX_VBNKCAEcatca0720250812235526135008
    [P_MID] => CAEcatca07
    [P_AUTH_DT] => 20250813095634
    [P_STATUS] => 02
    [P_TYPE] => VBANK
    [P_OID] => 250812-034
    [P_FN_CD1] => 04
    [P_FN_CD2] => 
    [P_FN_NM] => KB국민은행
    [P_AMT] => 3000
    [P_UNAME] => 천우현
    [P_RMESG1] => P_VACCT_NO=70239014570876|P_EXP_DT=20250822
    [P_RMESG2] => 
    [P_NOTI] => 
    [P_AUTH_NO] => 
)

 Array
(
    [PageCall time] => 10:51:32
    [P_TID] => INIMX_VBNKCAEcatca0720250813104739875991
    [P_MID] => CAEcatca07
    [P_AUTH_DT] => 20250813105132
    [P_STATUS] => 02
    [P_TYPE] => VBANK
    [P_OID] => 250813-008
    [P_FN_CD1] => 11
    [P_FN_CD2] => 
    [P_FN_NM] => NH농협은행
    [P_AMT] => 3000
    [P_UNAME] => 장영락
    [P_RMESG1] => P_VACCT_NO=79014290796090|P_EXP_DT=20250823
    [P_RMESG2] => 
    [P_NOTI] => 
    [P_AUTH_NO] => 
)

 Array
(
    [PageCall time] => 11:03:21
    [P_TID] => INIMX_VBNKCAEcatca0720250813110245625475
    [P_MID] => CAEcatca07
    [P_AUTH_DT] => 20250813110321
    [P_STATUS] => 02
    [P_TYPE] => VBANK
    [P_OID] => 250813-010
    [P_FN_CD1] => 11
    [P_FN_CD2] => 
    [P_FN_NM] => NH농협은행
    [P_AMT] => 3000
    [P_UNAME] => 박지은
    [P_RMESG1] => P_VACCT_NO=79014290798255|P_EXP_DT=20250823
    [P_RMESG2] => 
    [P_NOTI] => 
    [P_AUTH_NO] => 
)

 Array
(
    [PageCall time] => 11:12:18
    [P_TID] => INIMX_VBNKCAEcatca0720250813110937305756
    [P_MID] => CAEcatca07
    [P_AUTH_DT] => 20250813111218
    [P_STATUS] => 02
    [P_TYPE] => VBANK
    [P_OID] => 250813-011
    [P_FN_CD1] => 81
    [P_FN_CD2] => 
    [P_FN_NM] => 하나은행
    [P_AMT] => 3000
    [P_UNAME] => 나여래
    [P_RMESG1] => P_VACCT_NO=20893975524837|P_EXP_DT=20250823
    [P_RMESG2] => 
    [P_NOTI] => 
    [P_AUTH_NO] => 
)

 Array
(
    [PageCall time] => 11:24:06
    [P_TID] => INIMX_VBNKCAEcatca0720250813112319945878
    [P_MID] => CAEcatca07
    [P_AUTH_DT] => 20250813112406
    [P_STATUS] => 02
    [P_TYPE] => VBANK
    [P_OID] => 250813-012
    [P_FN_CD1] => 11
    [P_FN_CD2] => 
    [P_FN_NM] => NH농협은행
    [P_AMT] => 3000
    [P_UNAME] => 이진희
    [P_RMESG1] => P_VACCT_NO=79014290801401|P_EXP_DT=20250823
    [P_RMESG2] => 
    [P_NOTI] => 
    [P_AUTH_NO] => 
)

 Array
(
    [PageCall time] => 11:37:41
    [P_TID] => INIMX_VBNKCAEcatca0720250813113522215317
    [P_MID] => CAEcatca07
    [P_AUTH_DT] => 20250813113741
    [P_STATUS] => 02
    [P_TYPE] => VBANK
    [P_OID] => 250813-014
    [P_FN_CD1] => 11
    [P_FN_CD2] => 
    [P_FN_NM] => NH농협은행
    [P_AMT] => 3000
    [P_UNAME] => 이윤파
    [P_RMESG1] => P_VACCT_NO=79014290803275|P_EXP_DT=20250823
    [P_RMESG2] => 
    [P_NOTI] => 
    [P_AUTH_NO] => 
)

 Array
(
    [PageCall time] => 11:53:34
    [P_TID] => INIMX_VBNKCAEcatca0720250813115250535524
    [P_MID] => CAEcatca07
    [P_AUTH_DT] => 20250813115334
    [P_STATUS] => 02
    [P_TYPE] => VBANK
    [P_OID] => 250813-017
    [P_FN_CD1] => 04
    [P_FN_CD2] => 
    [P_FN_NM] => KB국민은행
    [P_AMT] => 3000
    [P_UNAME] => 임현태
    [P_RMESG1] => P_VACCT_NO=26119078685776|P_EXP_DT=20250823
    [P_RMESG2] => 
    [P_NOTI] => 
    [P_AUTH_NO] => 
)

 Array
(
    [PageCall time] => 12:34:41
    [P_TID] => INIMX_VBNKCAEcatca0720250813123104765090
    [P_MID] => CAEcatca07
    [P_AUTH_DT] => 20250813123441
    [P_STATUS] => 02
    [P_TYPE] => VBANK
    [P_OID] => 250813-019
    [P_FN_CD1] => 81
    [P_FN_CD2] => 
    [P_FN_NM] => 하나은행
    [P_AMT] => 3000
    [P_UNAME] => 박태진
    [P_RMESG1] => P_VACCT_NO=20893975933137|P_EXP_DT=20250823
    [P_RMESG2] => 
    [P_NOTI] => 
    [P_AUTH_NO] => 
)

 Array
(
    [PageCall time] => 12:37:50
    [P_TID] => INIMX_VBNKCAEcatca0720250813123456775499
    [P_MID] => CAEcatca07
    [P_AUTH_DT] => 20250813123750
    [P_STATUS] => 02
    [P_TYPE] => VBANK
    [P_OID] => 250813-020
    [P_FN_CD1] => 03
    [P_FN_CD2] => 
    [P_FN_NM] => 기업은행
    [P_AMT] => 3000
    [P_UNAME] => 홍성현
    [P_RMESG1] => P_VACCT_NO=07503212997264|P_EXP_DT=20250823
    [P_RMESG2] => 
    [P_NOTI] => 
    [P_AUTH_NO] => 
)

 Array
(
    [PageCall time] => 12:41:38
    [P_TID] => INIMX_VBNKCAEcatca0720250813123845605729
    [P_MID] => CAEcatca07
    [P_AUTH_DT] => 20250813124138
    [P_STATUS] => 02
    [P_TYPE] => VBANK
    [P_OID] => 250813-021
    [P_FN_CD1] => 88
    [P_FN_CD2] => 
    [P_FN_NM] => 신한은행
    [P_AMT] => 3000
    [P_UNAME] => 김기숙
    [P_RMESG1] => P_VACCT_NO=56211991407135|P_EXP_DT=20250823
    [P_RMESG2] => 
    [P_NOTI] => 
    [P_AUTH_NO] => 
)

 Array
(
    [PageCall time] => 13:01:50
    [P_TID] => INIMX_VBNKCAEcatca0720250813125830275625
    [P_MID] => CAEcatca07
    [P_AUTH_DT] => 20250813130150
    [P_STATUS] => 02
    [P_TYPE] => VBANK
    [P_OID] => 250813-022
    [P_FN_CD1] => 81
    [P_FN_CD2] => 
    [P_FN_NM] => 하나은행
    [P_AMT] => 3000
    [P_UNAME] => 정다슬
    [P_RMESG1] => P_VACCT_NO=20893976049737|P_EXP_DT=20250823
    [P_RMESG2] => 
    [P_NOTI] => 
    [P_AUTH_NO] => 
)

 Array
(
    [PageCall time] => 13:44:31
    [P_TID] => INIMX_VBNKCAEcatca0720250813134345935098
    [P_MID] => CAEcatca07
    [P_AUTH_DT] => 20250813134431
    [P_STATUS] => 02
    [P_TYPE] => VBANK
    [P_OID] => 250813-025
    [P_FN_CD1] => 04
    [P_FN_CD2] => 
    [P_FN_NM] => KB국민은행
    [P_AMT] => 3000
    [P_UNAME] => 최다솔
    [P_RMESG1] => P_VACCT_NO=26159078000559|P_EXP_DT=20250823
    [P_RMESG2] => 
    [P_NOTI] => 
    [P_AUTH_NO] => 
)

 Array
(
    [PageCall time] => 14:25:34
    [P_TID] => INIMX_VBNKCAEcatca0720250813142507555408
    [P_MID] => CAEcatca07
    [P_AUTH_DT] => 20250813142534
    [P_STATUS] => 02
    [P_TYPE] => VBANK
    [P_OID] => 250813-029
    [P_FN_CD1] => 04
    [P_FN_CD2] => 
    [P_FN_NM] => KB국민은행
    [P_AMT] => 3000
    [P_UNAME] => 차현애
    [P_RMESG1] => P_VACCT_NO=26159078095337|P_EXP_DT=20250823
    [P_RMESG2] => 
    [P_NOTI] => 
    [P_AUTH_NO] => 
)

 Array
(
    [PageCall time] => 14:51:07
    [P_TID] => INIMX_VBNKCAEcatca0720250813144833715322
    [P_MID] => CAEcatca07
    [P_AUTH_DT] => 20250813145107
    [P_STATUS] => 02
    [P_TYPE] => VBANK
    [P_OID] => 250813-030
    [P_FN_CD1] => 81
    [P_FN_CD2] => 
    [P_FN_NM] => 하나은행
    [P_AMT] => 3000
    [P_UNAME] => 이병재
    [P_RMESG1] => P_VACCT_NO=20893976627937|P_EXP_DT=20250823
    [P_RMESG2] => 
    [P_NOTI] => 
    [P_AUTH_NO] => 
)

 Array
(
    [PageCall time] => 14:59:05
    [P_TID] => INIMX_VBNKCAEcatca0720250812150626225664
    [P_MID] => CAEcatca07
    [P_AUTH_DT] => 20250813145905
    [P_STATUS] => 02
    [P_TYPE] => VBANK
    [P_OID] => 250812-021
    [P_FN_CD1] => 20
    [P_FN_CD2] => 
    [P_FN_NM] => 우리은행
    [P_AMT] => 3000
    [P_UNAME] => 정혜지
    [P_RMESG1] => P_VACCT_NO=27389091918629|P_EXP_DT=20250822
    [P_RMESG2] => 
    [P_NOTI] => 
    [P_AUTH_NO] => 
)

 Array
(
    [PageCall time] => 15:10:34
    [P_TID] => INIMX_VBNKCAEcatca0720250813150551915641
    [P_MID] => CAEcatca07
    [P_AUTH_DT] => 20250813151034
    [P_STATUS] => 02
    [P_TYPE] => VBANK
    [P_OID] => 250813-032
    [P_FN_CD1] => 07
    [P_FN_CD2] => 
    [P_FN_NM] => 수협은행
    [P_AMT] => 3000
    [P_UNAME] => 정광주
    [P_RMESG1] => P_VACCT_NO=06640083494806|P_EXP_DT=20250823
    [P_RMESG2] => 
    [P_NOTI] => 
    [P_AUTH_NO] => 
)

 Array
(
    [PageCall time] => 15:46:47
    [P_TID] => INIMX_VBNKCAEcatca0720250813145231755852
    [P_MID] => CAEcatca07
    [P_AUTH_DT] => 20250813154647
    [P_STATUS] => 02
    [P_TYPE] => VBANK
    [P_OID] => 250813-009
    [P_FN_CD1] => 81
    [P_FN_CD2] => 
    [P_FN_NM] => 하나은행
    [P_AMT] => 3000
    [P_UNAME] => 굿본정형외과재활의학과의원홍대
    [P_RMESG1] => P_VACCT_NO=20893976646737|P_EXP_DT=20250823
    [P_RMESG2] => 
    [P_NOTI] => 
    [P_AUTH_NO] => 
)

 Array
(
    [PageCall time] => 16:42:53
    [P_TID] => INIMX_VBNKCAEcatca0720250813164012265502
    [P_MID] => CAEcatca07
    [P_AUTH_DT] => 20250813164253
    [P_STATUS] => 02
    [P_TYPE] => VBANK
    [P_OID] => 250813-037
    [P_FN_CD1] => 88
    [P_FN_CD2] => 
    [P_FN_NM] => 신한은행
    [P_AMT] => 3000
    [P_UNAME] => 강현주
    [P_RMESG1] => P_VACCT_NO=56211991431934|P_EXP_DT=20250823
    [P_RMESG2] => 
    [P_NOTI] => 
    [P_AUTH_NO] => 
)

 Array
(
    [PageCall time] => 17:21:59
    [P_TID] => INIMX_VBNKCAEcatca0720250813171900595848
    [P_MID] => CAEcatca07
    [P_AUTH_DT] => 20250813172159
    [P_STATUS] => 02
    [P_TYPE] => VBANK
    [P_OID] => 250813-039
    [P_FN_CD1] => 81
    [P_FN_CD2] => 
    [P_FN_NM] => 하나은행
    [P_AMT] => 3000
    [P_UNAME] => 이선희
    [P_RMESG1] => P_VACCT_NO=20893977796537|P_EXP_DT=20250823
    [P_RMESG2] => 
    [P_NOTI] => 
    [P_AUTH_NO] => 
)

 Array
(
    [PageCall time] => 17:24:35
    [P_TID] => INIMX_VBNKCAEcatca0720250813172411555740
    [P_MID] => CAEcatca07
    [P_AUTH_DT] => 20250813172434
    [P_STATUS] => 02
    [P_TYPE] => VBANK
    [P_OID] => 250813-040
    [P_FN_CD1] => 04
    [P_FN_CD2] => 
    [P_FN_NM] => KB국민은행
    [P_AMT] => 3000
    [P_UNAME] => 이준환
    [P_RMESG1] => P_VACCT_NO=70239014599479|P_EXP_DT=20250823
    [P_RMESG2] => 
    [P_NOTI] => 
    [P_AUTH_NO] => 
)

 Array
(
    [PageCall time] => 20:44:14
    [P_TID] => INIMX_VBNKCAEcatca0720250813204242825033
    [P_MID] => CAEcatca07
    [P_AUTH_DT] => 20250813204414
    [P_STATUS] => 02
    [P_TYPE] => VBANK
    [P_OID] => 250813-041
    [P_FN_CD1] => 04
    [P_FN_CD2] => 
    [P_FN_NM] => KB국민은행
    [P_AMT] => 3000
    [P_UNAME] => 이정옥
    [P_RMESG1] => P_VACCT_NO=70239014637744|P_EXP_DT=20250823
    [P_RMESG2] => 
    [P_NOTI] => 
    [P_AUTH_NO] => 
)

