 Array
(
    [PageCall time] => 07:28:01
    [P_TID] => INIMX_VBNKCAEcatca0720250729072519345496
    [P_MID] => CAEcatca07
    [P_AUTH_DT] => 20250729072801
    [P_STATUS] => 02
    [P_TYPE] => VBANK
    [P_OID] => 250724-017
    [P_FN_CD1] => 89
    [P_FN_CD2] => 
    [P_FN_NM] => 케이뱅크
    [P_AMT] => 3000
    [P_UNAME] => 김영숙
    [P_RMESG1] => P_VACCT_NO=70112004065746|P_EXP_DT=20250808
    [P_RMESG2] => 
    [P_NOTI] => 
    [P_AUTH_NO] => 
)

 Array
(
    [PageCall time] => 08:21:23
    [P_TID] => INIMX_VBNKCAEcatca0720250729082040305142
    [P_MID] => CAEcatca07
    [P_AUTH_DT] => 20250729082122
    [P_STATUS] => 02
    [P_TYPE] => VBANK
    [P_OID] => 250729-001
    [P_FN_CD1] => 04
    [P_FN_CD2] => 
    [P_FN_NM] => KB국민은행
    [P_AMT] => 3000
    [P_UNAME] => 홍진미
    [P_RMESG1] => P_VACCT_NO=26159078292280|P_EXP_DT=20250808
    [P_RMESG2] => 
    [P_NOTI] => 
    [P_AUTH_NO] => 
)

 Array
(
    [PageCall time] => 10:49:15
    [P_TID] => INIMX_VBNKCAEcatca0720250729103410415646
    [P_MID] => CAEcatca07
    [P_AUTH_DT] => 20250729104915
    [P_STATUS] => 02
    [P_TYPE] => VBANK
    [P_OID] => 250729-004
    [P_FN_CD1] => 71
    [P_FN_CD2] => 
    [P_FN_NM] => 우체국
    [P_AMT] => 3000
    [P_UNAME] => 노병문
    [P_RMESG1] => P_VACCT_NO=01397981271341|P_EXP_DT=20250808
    [P_RMESG2] => 
    [P_NOTI] => 
    [P_AUTH_NO] => 
)

 Array
(
    [PageCall time] => 10:53:04
    [P_TID] => INIMX_VBNKCAEcatca0720250729105027914221
    [P_MID] => CAEcatca07
    [P_AUTH_DT] => 20250729105304
    [P_STATUS] => 02
    [P_TYPE] => VBANK
    [P_OID] => 250729-006
    [P_FN_CD1] => 04
    [P_FN_CD2] => 
    [P_FN_NM] => KB국민은행
    [P_AMT] => 3000
    [P_UNAME] => 임재형
    [P_RMESG1] => P_VACCT_NO=88429011796339|P_EXP_DT=20250808
    [P_RMESG2] => 
    [P_NOTI] => 
    [P_AUTH_NO] => 
)

 Array
(
    [PageCall time] => 11:02:05
    [P_TID] => INIMX_VBNKCAEcatca0720250729105925845257
    [P_MID] => CAEcatca07
    [P_AUTH_DT] => 20250729110205
    [P_STATUS] => 02
    [P_TYPE] => VBANK
    [P_OID] => 250729-007
    [P_FN_CD1] => 81
    [P_FN_CD2] => 
    [P_FN_NM] => 하나은행
    [P_AMT] => 3000
    [P_UNAME] => 정연자
    [P_RMESG1] => P_VACCT_NO=20893905352937|P_EXP_DT=20250808
    [P_RMESG2] => 
    [P_NOTI] => 
    [P_AUTH_NO] => 
)

 Array
(
    [PageCall time] => 11:04:05
    [P_TID] => INIMX_VBNKCAEcatca0720250729110324144747
    [P_MID] => CAEcatca07
    [P_AUTH_DT] => 20250729110405
    [P_STATUS] => 02
    [P_TYPE] => VBANK
    [P_OID] => 250729-009
    [P_FN_CD1] => 04
    [P_FN_CD2] => 
    [P_FN_NM] => KB국민은행
    [P_AMT] => 3000
    [P_UNAME] => 박소정
    [P_RMESG1] => P_VACCT_NO=88429011797310|P_EXP_DT=20250808
    [P_RMESG2] => 
    [P_NOTI] => 
    [P_AUTH_NO] => 
)

 Array
(
    [PageCall time] => 11:17:06
    [P_TID] => INIMX_VBNKCAEcatca0720250729111318384124
    [P_MID] => CAEcatca07
    [P_AUTH_DT] => 20250729111706
    [P_STATUS] => 02
    [P_TYPE] => VBANK
    [P_OID] => 250728-047
    [P_FN_CD1] => 04
    [P_FN_CD2] => 
    [P_FN_NM] => KB국민은행
    [P_AMT] => 3000
    [P_UNAME] => 김수윤
    [P_RMESG1] => P_VACCT_NO=88429011798768|P_EXP_DT=20250808
    [P_RMESG2] => 
    [P_NOTI] => 
    [P_AUTH_NO] => 
)

 Array
(
    [PageCall time] => 11:36:15
    [P_TID] => INIMX_VBNKCAEcatca0720250729113523354278
    [P_MID] => CAEcatca07
    [P_AUTH_DT] => 20250729113615
    [P_STATUS] => 02
    [P_TYPE] => VBANK
    [P_OID] => 250729-011
    [P_FN_CD1] => 04
    [P_FN_CD2] => 
    [P_FN_NM] => KB국민은행
    [P_AMT] => 3000
    [P_UNAME] => 전솔지
    [P_RMESG1] => P_VACCT_NO=88429011800793|P_EXP_DT=20250808
    [P_RMESG2] => 
    [P_NOTI] => 
    [P_AUTH_NO] => 
)

 Array
(
    [PageCall time] => 11:52:11
    [P_TID] => INIMX_VBNKCAEcatca0720250729115115614840
    [P_MID] => CAEcatca07
    [P_AUTH_DT] => 20250729115211
    [P_STATUS] => 02
    [P_TYPE] => VBANK
    [P_OID] => 250729-012
    [P_FN_CD1] => 11
    [P_FN_CD2] => 
    [P_FN_NM] => NH농협은행
    [P_AMT] => 3000
    [P_UNAME] => 최경혜
    [P_RMESG1] => P_VACCT_NO=79005474324421|P_EXP_DT=20250808
    [P_RMESG2] => 
    [P_NOTI] => 
    [P_AUTH_NO] => 
)

 Array
(
    [PageCall time] => 11:54:44
    [P_TID] => INIMX_VBNKCAEcatca0720250729115131334393
    [P_MID] => CAEcatca07
    [P_AUTH_DT] => 20250729115444
    [P_STATUS] => 02
    [P_TYPE] => VBANK
    [P_OID] => 250729-008
    [P_FN_CD1] => 88
    [P_FN_CD2] => 
    [P_FN_NM] => 신한은행
    [P_AMT] => 3000
    [P_UNAME] => 정연순
    [P_RMESG1] => P_VACCT_NO=56211122183131|P_EXP_DT=20250808
    [P_RMESG2] => 
    [P_NOTI] => 
    [P_AUTH_NO] => 
)

 Array
(
    [PageCall time] => 11:54:59
    [P_TID] => INIMX_VBNKCAEcatca0720250729115051924477
    [P_MID] => CAEcatca07
    [P_AUTH_DT] => 20250729115459
    [P_STATUS] => 02
    [P_TYPE] => VBANK
    [P_OID] => 250729-013
    [P_FN_CD1] => 03
    [P_FN_CD2] => 
    [P_FN_NM] => 기업은행
    [P_AMT] => 3000
    [P_UNAME] => 박현희
    [P_RMESG1] => P_VACCT_NO=07500413497111|P_EXP_DT=20250808
    [P_RMESG2] => 
    [P_NOTI] => 
    [P_AUTH_NO] => 
)

 Array
(
    [PageCall time] => 12:03:59
    [P_TID] => INIMX_VBNKCAEcatca0720250729120157514564
    [P_MID] => CAEcatca07
    [P_AUTH_DT] => 20250729120359
    [P_STATUS] => 02
    [P_TYPE] => VBANK
    [P_OID] => 250729-014
    [P_FN_CD1] => 04
    [P_FN_CD2] => 
    [P_FN_NM] => KB국민은행
    [P_AMT] => 3000
    [P_UNAME] => 정계영
    [P_RMESG1] => P_VACCT_NO=88429011802164|P_EXP_DT=20250808
    [P_RMESG2] => 
    [P_NOTI] => 
    [P_AUTH_NO] => 
)

 Array
(
    [PageCall time] => 12:54:11
    [P_TID] => INIMX_VBNKCAEcatca0720250729125245374817
    [P_MID] => CAEcatca07
    [P_AUTH_DT] => 20250729125411
    [P_STATUS] => 02
    [P_TYPE] => VBANK
    [P_OID] => 250729-015
    [P_FN_CD1] => 04
    [P_FN_CD2] => 
    [P_FN_NM] => KB국민은행
    [P_AMT] => 3000
    [P_UNAME] => 박창호
    [P_RMESG1] => P_VACCT_NO=88429011806836|P_EXP_DT=20250808
    [P_RMESG2] => 
    [P_NOTI] => 
    [P_AUTH_NO] => 
)

 Array
(
    [PageCall time] => 13:00:58
    [P_TID] => INIMX_VBNKCAEcatca0720250729125820244826
    [P_MID] => CAEcatca07
    [P_AUTH_DT] => 20250729130058
    [P_STATUS] => 02
    [P_TYPE] => VBANK
    [P_OID] => 250729-016
    [P_FN_CD1] => 23
    [P_FN_CD2] => 
    [P_FN_NM] => SC은행
    [P_AMT] => 3000
    [P_UNAME] => 김명희
    [P_RMESG1] => P_VACCT_NO=46416000579415|P_EXP_DT=20250808
    [P_RMESG2] => 
    [P_NOTI] => 
    [P_AUTH_NO] => 
)

 Array
(
    [PageCall time] => 14:12:22
    [P_TID] => INIMX_VBNKCAEcatca0720250729140929934860
    [P_MID] => CAEcatca07
    [P_AUTH_DT] => 20250729141222
    [P_STATUS] => 02
    [P_TYPE] => VBANK
    [P_OID] => 250729-019
    [P_FN_CD1] => 20
    [P_FN_CD2] => 
    [P_FN_NM] => 우리은행
    [P_AMT] => 3000
    [P_UNAME] => 김수진
    [P_RMESG1] => P_VACCT_NO=09103825018023|P_EXP_DT=20250808
    [P_RMESG2] => 
    [P_NOTI] => 
    [P_AUTH_NO] => 
)

 Array
(
    [PageCall time] => 14:26:05
    [P_TID] => INIMX_VBNKCAEcatca0720250729142510154191
    [P_MID] => CAEcatca07
    [P_AUTH_DT] => 20250729142605
    [P_STATUS] => 02
    [P_TYPE] => VBANK
    [P_OID] => 250729-022
    [P_FN_CD1] => 04
    [P_FN_CD2] => 
    [P_FN_NM] => KB국민은행
    [P_AMT] => 3000
    [P_UNAME] => 전애문
    [P_RMESG1] => P_VACCT_NO=88429011827037|P_EXP_DT=20250808
    [P_RMESG2] => 
    [P_NOTI] => 
    [P_AUTH_NO] => 
)

 Array
(
    [PageCall time] => 14:31:05
    [P_TID] => INIMX_VBNKCAEcatca0720250729143009514496
    [P_MID] => CAEcatca07
    [P_AUTH_DT] => 20250729143105
    [P_STATUS] => 02
    [P_TYPE] => VBANK
    [P_OID] => 250729-023
    [P_FN_CD1] => 04
    [P_FN_CD2] => 
    [P_FN_NM] => KB국민은행
    [P_AMT] => 3000
    [P_UNAME] => 성갑제
    [P_RMESG1] => P_VACCT_NO=88429011828315|P_EXP_DT=20250808
    [P_RMESG2] => 
    [P_NOTI] => 
    [P_AUTH_NO] => 
)

 Array
(
    [PageCall time] => 14:51:31
    [P_TID] => INIMX_VBNKCAEcatca0720250729145038295932
    [P_MID] => CAEcatca07
    [P_AUTH_DT] => 20250729145131
    [P_STATUS] => 02
    [P_TYPE] => VBANK
    [P_OID] => 250729-025
    [P_FN_CD1] => 04
    [P_FN_CD2] => 
    [P_FN_NM] => KB국민은행
    [P_AMT] => 3000
    [P_UNAME] => 김형수
    [P_RMESG1] => P_VACCT_NO=26119078180833|P_EXP_DT=20250808
    [P_RMESG2] => 
    [P_NOTI] => 
    [P_AUTH_NO] => 
)

 Array
(
    [PageCall time] => 14:57:33
    [P_TID] => INIMX_VBNKCAEcatca0720250729145620825367
    [P_MID] => CAEcatca07
    [P_AUTH_DT] => 20250729145733
    [P_STATUS] => 02
    [P_TYPE] => VBANK
    [P_OID] => 250729-026
    [P_FN_CD1] => 11
    [P_FN_CD2] => 
    [P_FN_NM] => NH농협은행
    [P_AMT] => 3000
    [P_UNAME] => 안인숙
    [P_RMESG1] => P_VACCT_NO=79014289123768|P_EXP_DT=20250808
    [P_RMESG2] => 
    [P_NOTI] => 
    [P_AUTH_NO] => 
)

 Array
(
    [PageCall time] => 15:13:54
    [P_TID] => INIMX_VBNKCAEcatca0720250729150927935092
    [P_MID] => CAEcatca07
    [P_AUTH_DT] => 20250729151354
    [P_STATUS] => 02
    [P_TYPE] => VBANK
    [P_OID] => 250729-028
    [P_FN_CD1] => 88
    [P_FN_CD2] => 
    [P_FN_NM] => 신한은행
    [P_AMT] => 3000
    [P_UNAME] => 김정애
    [P_RMESG1] => P_VACCT_NO=56211106960353|P_EXP_DT=20250808
    [P_RMESG2] => 
    [P_NOTI] => 
    [P_AUTH_NO] => 
)

 Array
(
    [PageCall time] => 15:30:57
    [P_TID] => INIMX_VBNKCAEcatca0720250729152753615942
    [P_MID] => CAEcatca07
    [P_AUTH_DT] => 20250729153057
    [P_STATUS] => 02
    [P_TYPE] => VBANK
    [P_OID] => 250729-031
    [P_FN_CD1] => 81
    [P_FN_CD2] => 
    [P_FN_NM] => 하나은행
    [P_AMT] => 3000
    [P_UNAME] => 우인애
    [P_RMESG1] => P_VACCT_NO=20893905927837|P_EXP_DT=20250808
    [P_RMESG2] => 
    [P_NOTI] => 
    [P_AUTH_NO] => 
)

 Array
(
    [PageCall time] => 15:32:36
    [P_TID] => INIMX_VBNKCAEcatca0720250729153209794782
    [P_MID] => CAEcatca07
    [P_AUTH_DT] => 20250729153236
    [P_STATUS] => 02
    [P_TYPE] => VBANK
    [P_OID] => 250729-029
    [P_FN_CD1] => 04
    [P_FN_CD2] => 
    [P_FN_NM] => KB국민은행
    [P_AMT] => 3000
    [P_UNAME] => 이강의
    [P_RMESG1] => P_VACCT_NO=88429011842984|P_EXP_DT=20250808
    [P_RMESG2] => 
    [P_NOTI] => 
    [P_AUTH_NO] => 
)

 Array
(
    [PageCall time] => 15:47:54
    [P_TID] => INIMX_VBNKCAEcatca0720250729154515914210
    [P_MID] => CAEcatca07
    [P_AUTH_DT] => 20250729154754
    [P_STATUS] => 02
    [P_TYPE] => VBANK
    [P_OID] => 250729-032
    [P_FN_CD1] => 88
    [P_FN_CD2] => 
    [P_FN_NM] => 신한은행
    [P_AMT] => 3000
    [P_UNAME] => 이시영
    [P_RMESG1] => P_VACCT_NO=56211122191944|P_EXP_DT=20250808
    [P_RMESG2] => 
    [P_NOTI] => 
    [P_AUTH_NO] => 
)

 Array
(
    [PageCall time] => 16:31:26
    [P_TID] => INIMX_VBNKCAEcatca0720250729163013455170
    [P_MID] => CAEcatca07
    [P_AUTH_DT] => 20250729163126
    [P_STATUS] => 02
    [P_TYPE] => VBANK
    [P_OID] => 250729-036
    [P_FN_CD1] => 11
    [P_FN_CD2] => 
    [P_FN_NM] => NH농협은행
    [P_AMT] => 3000
    [P_UNAME] => 류준상
    [P_RMESG1] => P_VACCT_NO=79014289132253|P_EXP_DT=20250808
    [P_RMESG2] => 
    [P_NOTI] => 
    [P_AUTH_NO] => 
)

 Array
(
    [PageCall time] => 16:41:08
    [P_TID] => INIMX_VBNKCAEcatca0720250729163947355576
    [P_MID] => CAEcatca07
    [P_AUTH_DT] => 20250729164108
    [P_STATUS] => 02
    [P_TYPE] => VBANK
    [P_OID] => 250729-038
    [P_FN_CD1] => 11
    [P_FN_CD2] => 
    [P_FN_NM] => NH농협은행
    [P_AMT] => 3000
    [P_UNAME] => 이원미
    [P_RMESG1] => P_VACCT_NO=79014289134201|P_EXP_DT=20250808
    [P_RMESG2] => 
    [P_NOTI] => 
    [P_AUTH_NO] => 
)

 Array
(
    [PageCall time] => 16:53:27
    [P_TID] => INIMX_VBNKCAEcatca0720250729165031685939
    [P_MID] => CAEcatca07
    [P_AUTH_DT] => 20250729165327
    [P_STATUS] => 02
    [P_TYPE] => VBANK
    [P_OID] => 250729-037
    [P_FN_CD1] => 03
    [P_FN_CD2] => 
    [P_FN_NM] => 기업은행
    [P_AMT] => 3000
    [P_UNAME] => 김지용
    [P_RMESG1] => P_VACCT_NO=07503130997461|P_EXP_DT=20250808
    [P_RMESG2] => 
    [P_NOTI] => 
    [P_AUTH_NO] => 
)

 Array
(
    [PageCall time] => 17:28:00
    [P_TID] => INIMX_VBNKCAEcatca0720250729172506905830
    [P_MID] => CAEcatca07
    [P_AUTH_DT] => 20250729172800
    [P_STATUS] => 02
    [P_TYPE] => VBANK
    [P_OID] => 250729-039
    [P_FN_CD1] => 88
    [P_FN_CD2] => 
    [P_FN_NM] => 신한은행
    [P_AMT] => 3000
    [P_UNAME] => 박계리
    [P_RMESG1] => P_VACCT_NO=56211106972068|P_EXP_DT=20250808
    [P_RMESG2] => 
    [P_NOTI] => 
    [P_AUTH_NO] => 
)

 Array
(
    [PageCall time] => 17:44:51
    [P_TID] => INIMX_VBNKCAEcatca0720250729174335445197
    [P_MID] => CAEcatca07
    [P_AUTH_DT] => 20250729174451
    [P_STATUS] => 02
    [P_TYPE] => VBANK
    [P_OID] => 250729-042
    [P_FN_CD1] => 11
    [P_FN_CD2] => 
    [P_FN_NM] => NH농협은행
    [P_AMT] => 3000
    [P_UNAME] => 정민욱
    [P_RMESG1] => P_VACCT_NO=79014289142702|P_EXP_DT=20250808
    [P_RMESG2] => 
    [P_NOTI] => 
    [P_AUTH_NO] => 
)

 Array
(
    [PageCall time] => 18:28:16
    [P_TID] => INIMX_VBNKCAEcatca0720250729182652145816
    [P_MID] => CAEcatca07
    [P_AUTH_DT] => 20250729182815
    [P_STATUS] => 02
    [P_TYPE] => VBANK
    [P_OID] => 250729-047
    [P_FN_CD1] => 04
    [P_FN_CD2] => 
    [P_FN_NM] => KB국민은행
    [P_AMT] => 3000
    [P_UNAME] => 박정수
    [P_RMESG1] => P_VACCT_NO=70219014877900|P_EXP_DT=20250808
    [P_RMESG2] => 
    [P_NOTI] => 
    [P_AUTH_NO] => 
)

 Array
(
    [PageCall time] => 18:34:02
    [P_TID] => INIMX_VBNKCAEcatca0720250729183324785414
    [P_MID] => CAEcatca07
    [P_AUTH_DT] => 20250729183402
    [P_STATUS] => 02
    [P_TYPE] => VBANK
    [P_OID] => 250729-048
    [P_FN_CD1] => 04
    [P_FN_CD2] => 
    [P_FN_NM] => KB국민은행
    [P_AMT] => 3000
    [P_UNAME] => 이선영
    [P_RMESG1] => P_VACCT_NO=70219014878569|P_EXP_DT=20250808
    [P_RMESG2] => 
    [P_NOTI] => 
    [P_AUTH_NO] => 
)

 Array
(
    [PageCall time] => 19:27:48
    [P_TID] => INIMX_VBNKCAEcatca0720250729192656145872
    [P_MID] => CAEcatca07
    [P_AUTH_DT] => 20250729192748
    [P_STATUS] => 02
    [P_TYPE] => VBANK
    [P_OID] => 250729-049
    [P_FN_CD1] => 11
    [P_FN_CD2] => 
    [P_FN_NM] => NH농협은행
    [P_AMT] => 3000
    [P_UNAME] => 안준식
    [P_RMESG1] => P_VACCT_NO=79014289152975|P_EXP_DT=20250808
    [P_RMESG2] => 
    [P_NOTI] => 
    [P_AUTH_NO] => 
)

 Array
(
    [PageCall time] => 20:08:07
    [P_TID] => INIMX_VBNKCAEcatca0720250729200717375519
    [P_MID] => CAEcatca07
    [P_AUTH_DT] => 20250729200807
    [P_STATUS] => 02
    [P_TYPE] => VBANK
    [P_OID] => 250729-050
    [P_FN_CD1] => 11
    [P_FN_CD2] => 
    [P_FN_NM] => NH농협은행
    [P_AMT] => 3000
    [P_UNAME] => 최혜원
    [P_RMESG1] => P_VACCT_NO=79014289162075|P_EXP_DT=20250808
    [P_RMESG2] => 
    [P_NOTI] => 
    [P_AUTH_NO] => 
)

 Array
(
    [PageCall time] => 20:46:52
    [P_TID] => INIMX_VBNKCAEcatca0720250729204345915755
    [P_MID] => CAEcatca07
    [P_AUTH_DT] => 20250729204652
    [P_STATUS] => 02
    [P_TYPE] => VBANK
    [P_OID] => 250729-052
    [P_FN_CD1] => 89
    [P_FN_CD2] => 
    [P_FN_NM] => 케이뱅크
    [P_AMT] => 3000
    [P_UNAME] => 이예은
    [P_RMESG1] => P_VACCT_NO=70112004071126|P_EXP_DT=20250808
    [P_RMESG2] => 
    [P_NOTI] => 
    [P_AUTH_NO] => 
)

