 Array
(
    [PageCall time] => 01:56:51
    [P_TID] => INIMX_VBNKCAEcatca0720250306015525955604
    [P_MID] => CAEcatca07
    [P_AUTH_DT] => 20250306015651
    [P_STATUS] => 02
    [P_TYPE] => VBANK
    [P_OID] => 250305-012
    [P_FN_CD1] => 04
    [P_FN_CD2] => 
    [P_FN_NM] => KB국민은행
    [P_AMT] => 3000
    [P_UNAME] => 최정화
    [P_RMESG1] => P_VACCT_NO=02799071620152|P_EXP_DT=20250316
    [P_RMESG2] => 
    [P_NOTI] => 
    [P_AUTH_NO] => 
)

 Array
(
    [PageCall time] => 10:00:02
    [P_TID] => INIMX_VBNKCAEcatca0720250306095907345226
    [P_MID] => CAEcatca07
    [P_AUTH_DT] => 20250306100001
    [P_STATUS] => 02
    [P_TYPE] => VBANK
    [P_OID] => 250306-002
    [P_FN_CD1] => 04
    [P_FN_CD2] => 
    [P_FN_NM] => KB국민은행
    [P_AMT] => 3000
    [P_UNAME] => 조은영
    [P_RMESG1] => P_VACCT_NO=40139011458562|P_EXP_DT=20250316
    [P_RMESG2] => 
    [P_NOTI] => 
    [P_AUTH_NO] => 
)

 Array
(
    [PageCall time] => 10:09:04
    [P_TID] => INIMX_VBNKCAEcatca0720250306100803215539
    [P_MID] => CAEcatca07
    [P_AUTH_DT] => 20250306100903
    [P_STATUS] => 02
    [P_TYPE] => VBANK
    [P_OID] => 250306-004
    [P_FN_CD1] => 11
    [P_FN_CD2] => 
    [P_FN_NM] => NH농협은행
    [P_AMT] => 3000
    [P_UNAME] => 이희정
    [P_RMESG1] => P_VACCT_NO=79014506823008|P_EXP_DT=20250316
    [P_RMESG2] => 
    [P_NOTI] => 
    [P_AUTH_NO] => 
)

 Array
(
    [PageCall time] => 10:10:23
    [P_TID] => INIMX_VBNKCAEcatca0720250306100427765399
    [P_MID] => CAEcatca07
    [P_AUTH_DT] => 20250306101023
    [P_STATUS] => 02
    [P_TYPE] => VBANK
    [P_OID] => 250306-003
    [P_FN_CD1] => 88
    [P_FN_CD2] => 
    [P_FN_NM] => 신한은행
    [P_AMT] => 3000
    [P_UNAME] => 김춘희
    [P_RMESG1] => P_VACCT_NO=56211106862373|P_EXP_DT=20250316
    [P_RMESG2] => 
    [P_NOTI] => 
    [P_AUTH_NO] => 
)

 Array
(
    [PageCall time] => 10:32:28
    [P_TID] => INIMX_VBNKCAEcatca0720250306102825945696
    [P_MID] => CAEcatca07
    [P_AUTH_DT] => 20250306103228
    [P_STATUS] => 02
    [P_TYPE] => VBANK
    [P_OID] => 250306-006
    [P_FN_CD1] => 20
    [P_FN_CD2] => 
    [P_FN_NM] => 우리은행
    [P_AMT] => 3000
    [P_UNAME] => 박정화
    [P_RMESG1] => P_VACCT_NO=61848605518017|P_EXP_DT=20250316
    [P_RMESG2] => 
    [P_NOTI] => 
    [P_AUTH_NO] => 
)

 Array
(
    [PageCall time] => 10:44:42
    [P_TID] => INIMX_VBNKCAEcatca0720250306104137275963
    [P_MID] => CAEcatca07
    [P_AUTH_DT] => 20250306104442
    [P_STATUS] => 02
    [P_TYPE] => VBANK
    [P_OID] => 250306-005
    [P_FN_CD1] => 03
    [P_FN_CD2] => 
    [P_FN_NM] => 기업은행
    [P_AMT] => 3000
    [P_UNAME] => 편윤생
    [P_RMESG1] => P_VACCT_NO=07502340797211|P_EXP_DT=20250316
    [P_RMESG2] => 
    [P_NOTI] => 
    [P_AUTH_NO] => 
)

 Array
(
    [PageCall time] => 10:54:56
    [P_TID] => INIMX_VBNKCAEcatca0720250306105155965918
    [P_MID] => CAEcatca07
    [P_AUTH_DT] => 20250306105456
    [P_STATUS] => 02
    [P_TYPE] => VBANK
    [P_OID] => 250306-001
    [P_FN_CD1] => 03
    [P_FN_CD2] => 
    [P_FN_NM] => 기업은행
    [P_AMT] => 3000
    [P_UNAME] => 신성애
    [P_RMESG1] => P_VACCT_NO=07502340897246|P_EXP_DT=20250316
    [P_RMESG2] => 
    [P_NOTI] => 
    [P_AUTH_NO] => 
)

 Array
(
    [PageCall time] => 11:22:39
    [P_TID] => INIMX_VBNKCAEcatca0720250306112011235824
    [P_MID] => CAEcatca07
    [P_AUTH_DT] => 20250306112239
    [P_STATUS] => 02
    [P_TYPE] => VBANK
    [P_OID] => 250306-007
    [P_FN_CD1] => 89
    [P_FN_CD2] => 
    [P_FN_NM] => 케이뱅크
    [P_AMT] => 3000
    [P_UNAME] => 최연미
    [P_RMESG1] => P_VACCT_NO=70112004083750|P_EXP_DT=20250316
    [P_RMESG2] => 
    [P_NOTI] => 
    [P_AUTH_NO] => 
)

 Array
(
    [PageCall time] => 11:36:47
    [P_TID] => INIMX_VBNKCAEcatca0720250306113318705440
    [P_MID] => CAEcatca07
    [P_AUTH_DT] => 20250306113647
    [P_STATUS] => 02
    [P_TYPE] => VBANK
    [P_OID] => 250306-008
    [P_FN_CD1] => 88
    [P_FN_CD2] => 
    [P_FN_NM] => 신한은행
    [P_AMT] => 3000
    [P_UNAME] => 이원숙
    [P_RMESG1] => P_VACCT_NO=56211106868351|P_EXP_DT=20250316
    [P_RMESG2] => 
    [P_NOTI] => 
    [P_AUTH_NO] => 
)

 Array
(
    [PageCall time] => 11:46:51
    [P_TID] => INIMX_VBNKCAEcatca0720250306114405415882
    [P_MID] => CAEcatca07
    [P_AUTH_DT] => 20250306114651
    [P_STATUS] => 02
    [P_TYPE] => VBANK
    [P_OID] => 250306-009
    [P_FN_CD1] => 89
    [P_FN_CD2] => 
    [P_FN_NM] => 케이뱅크
    [P_AMT] => 3000
    [P_UNAME] => 정은우
    [P_RMESG1] => P_VACCT_NO=70112004083876|P_EXP_DT=20250316
    [P_RMESG2] => 
    [P_NOTI] => 
    [P_AUTH_NO] => 
)

 Array
(
    [PageCall time] => 11:57:19
    [P_TID] => INIMX_VBNKCAEcatca0720250306115649325890
    [P_MID] => CAEcatca07
    [P_AUTH_DT] => 20250306115719
    [P_STATUS] => 02
    [P_TYPE] => VBANK
    [P_OID] => 250306-010
    [P_FN_CD1] => 11
    [P_FN_CD2] => 
    [P_FN_NM] => NH농협은행
    [P_AMT] => 3000
    [P_UNAME] => 김석태
    [P_RMESG1] => P_VACCT_NO=79014506834262|P_EXP_DT=20250316
    [P_RMESG2] => 
    [P_NOTI] => 
    [P_AUTH_NO] => 
)

 Array
(
    [PageCall time] => 12:17:51
    [P_TID] => INIMX_VBNKCAEcatca0720250306121252665884
    [P_MID] => CAEcatca07
    [P_AUTH_DT] => 20250306121751
    [P_STATUS] => 02
    [P_TYPE] => VBANK
    [P_OID] => 250306-011
    [P_FN_CD1] => 81
    [P_FN_CD2] => 
    [P_FN_NM] => 하나은행
    [P_AMT] => 3000
    [P_UNAME] => 김윤수
    [P_RMESG1] => P_VACCT_NO=20894031260137|P_EXP_DT=20250316
    [P_RMESG2] => 
    [P_NOTI] => 
    [P_AUTH_NO] => 
)

 Array
(
    [PageCall time] => 14:21:44
    [P_TID] => INIMX_VBNKCAEcatca0720250306131607305783
    [P_MID] => CAEcatca07
    [P_AUTH_DT] => 20250306142144
    [P_STATUS] => 02
    [P_TYPE] => VBANK
    [P_OID] => 250306-012
    [P_FN_CD1] => 20
    [P_FN_CD2] => 
    [P_FN_NM] => 우리은행
    [P_AMT] => 3000
    [P_UNAME] => 장기준
    [P_RMESG1] => P_VACCT_NO=61848611118103|P_EXP_DT=20250316
    [P_RMESG2] => 
    [P_NOTI] => 
    [P_AUTH_NO] => 
)

 Array
(
    [PageCall time] => 14:44:16
    [P_TID] => INIMX_VBNKCAEcatca0720250306144341995026
    [P_MID] => CAEcatca07
    [P_AUTH_DT] => 20250306144416
    [P_STATUS] => 02
    [P_TYPE] => VBANK
    [P_OID] => 250306-016
    [P_FN_CD1] => 11
    [P_FN_CD2] => 
    [P_FN_NM] => NH농협은행
    [P_AMT] => 3000
    [P_UNAME] => 김진숙
    [P_RMESG1] => P_VACCT_NO=79014506854546|P_EXP_DT=20250316
    [P_RMESG2] => 
    [P_NOTI] => 
    [P_AUTH_NO] => 
)

 Array
(
    [PageCall time] => 14:44:52
    [P_TID] => INIMX_VBNKCAEcatca0720250306144408455419
    [P_MID] => CAEcatca07
    [P_AUTH_DT] => 20250306144452
    [P_STATUS] => 02
    [P_TYPE] => VBANK
    [P_OID] => 250306-015
    [P_FN_CD1] => 11
    [P_FN_CD2] => 
    [P_FN_NM] => NH농협은행
    [P_AMT] => 3000
    [P_UNAME] => 양혜은
    [P_RMESG1] => P_VACCT_NO=79014506854583|P_EXP_DT=20250316
    [P_RMESG2] => 
    [P_NOTI] => 
    [P_AUTH_NO] => 
)

 Array
(
    [PageCall time] => 14:48:10
    [P_TID] => INIMX_VBNKCAEcatca0720250306144612255904
    [P_MID] => CAEcatca07
    [P_AUTH_DT] => 20250306144810
    [P_STATUS] => 02
    [P_TYPE] => VBANK
    [P_OID] => 250306-017
    [P_FN_CD1] => 11
    [P_FN_CD2] => 
    [P_FN_NM] => NH농협은행
    [P_AMT] => 3000
    [P_UNAME] => 박영옥
    [P_RMESG1] => P_VACCT_NO=79014506854791|P_EXP_DT=20250316
    [P_RMESG2] => 
    [P_NOTI] => 
    [P_AUTH_NO] => 
)

 Array
(
    [PageCall time] => 15:36:43
    [P_TID] => INIMX_VBNKCAEcatca0720250306153507315140
    [P_MID] => CAEcatca07
    [P_AUTH_DT] => 20250306153643
    [P_STATUS] => 02
    [P_TYPE] => VBANK
    [P_OID] => 250305-022
    [P_FN_CD1] => 04
    [P_FN_CD2] => 
    [P_FN_NM] => KB국민은행
    [P_AMT] => 3000
    [P_UNAME] => 이광례
    [P_RMESG1] => P_VACCT_NO=80399078841091|P_EXP_DT=20250316
    [P_RMESG2] => 
    [P_NOTI] => 
    [P_AUTH_NO] => 
)

 Array
(
    [PageCall time] => 15:50:09
    [P_TID] => INIMX_VBNKCAEcatca0720250306154751335259
    [P_MID] => CAEcatca07
    [P_AUTH_DT] => 20250306155009
    [P_STATUS] => 02
    [P_TYPE] => VBANK
    [P_OID] => 250306-019
    [P_FN_CD1] => 04
    [P_FN_CD2] => 
    [P_FN_NM] => KB국민은행
    [P_AMT] => 3000
    [P_UNAME] => 이명휘
    [P_RMESG1] => P_VACCT_NO=87709011757420|P_EXP_DT=20250316
    [P_RMESG2] => 
    [P_NOTI] => 
    [P_AUTH_NO] => 
)

 Array
(
    [PageCall time] => 15:54:52
    [P_TID] => INIMX_VBNKCAEcatca0720250306155336935460
    [P_MID] => CAEcatca07
    [P_AUTH_DT] => 20250306155452
    [P_STATUS] => 02
    [P_TYPE] => VBANK
    [P_OID] => 250306-020
    [P_FN_CD1] => 11
    [P_FN_CD2] => 
    [P_FN_NM] => NH농협은행
    [P_AMT] => 3000
    [P_UNAME] => 김신미
    [P_RMESG1] => P_VACCT_NO=79014506861009|P_EXP_DT=20250316
    [P_RMESG2] => 
    [P_NOTI] => 
    [P_AUTH_NO] => 
)

 Array
(
    [PageCall time] => 16:27:19
    [P_TID] => INIMX_VBNKCAEcatca0720250306162430245518
    [P_MID] => CAEcatca07
    [P_AUTH_DT] => 20250306162719
    [P_STATUS] => 02
    [P_TYPE] => VBANK
    [P_OID] => 250306-022
    [P_FN_CD1] => 88
    [P_FN_CD2] => 
    [P_FN_NM] => 신한은행
    [P_AMT] => 3000
    [P_UNAME] => 이동훈
    [P_RMESG1] => P_VACCT_NO=56211106892970|P_EXP_DT=20250316
    [P_RMESG2] => 
    [P_NOTI] => 
    [P_AUTH_NO] => 
)

 Array
(
    [PageCall time] => 16:50:01
    [P_TID] => INIMX_VBNKCAEcatca0720250306164431945147
    [P_MID] => CAEcatca07
    [P_AUTH_DT] => 20250306165001
    [P_STATUS] => 02
    [P_TYPE] => VBANK
    [P_OID] => 250306-024
    [P_FN_CD1] => 88
    [P_FN_CD2] => 
    [P_FN_NM] => 신한은행
    [P_AMT] => 3000
    [P_UNAME] => 신동일
    [P_RMESG1] => P_VACCT_NO=56211106894431|P_EXP_DT=20250316
    [P_RMESG2] => 
    [P_NOTI] => 
    [P_AUTH_NO] => 
)

 Array
(
    [PageCall time] => 17:33:57
    [P_TID] => INIMX_VBNKCAEcatca0720250306172822655882
    [P_MID] => CAEcatca07
    [P_AUTH_DT] => 20250306173357
    [P_STATUS] => 02
    [P_TYPE] => VBANK
    [P_OID] => 250306-027
    [P_FN_CD1] => 20
    [P_FN_CD2] => 
    [P_FN_NM] => 우리은행
    [P_AMT] => 3000
    [P_UNAME] => 신창길
    [P_RMESG1] => P_VACCT_NO=61848631618095|P_EXP_DT=20250316
    [P_RMESG2] => 
    [P_NOTI] => 
    [P_AUTH_NO] => 
)

 Array
(
    [PageCall time] => 17:53:00
    [P_TID] => INIMX_VBNKCAEcatca0720250306175157294484
    [P_MID] => CAEcatca07
    [P_AUTH_DT] => 20250306175300
    [P_STATUS] => 02
    [P_TYPE] => VBANK
    [P_OID] => 250306-028
    [P_FN_CD1] => 11
    [P_FN_CD2] => 
    [P_FN_NM] => NH농협은행
    [P_AMT] => 3000
    [P_UNAME] => 윤서준
    [P_RMESG1] => P_VACCT_NO=01444264876874|P_EXP_DT=20250316
    [P_RMESG2] => 
    [P_NOTI] => 
    [P_AUTH_NO] => 
)

 Array
(
    [PageCall time] => 17:57:22
    [P_TID] => INIMX_VBNKCAEcatca0720250306175551754880
    [P_MID] => CAEcatca07
    [P_AUTH_DT] => 20250306175722
    [P_STATUS] => 02
    [P_TYPE] => VBANK
    [P_OID] => 250306-025
    [P_FN_CD1] => 11
    [P_FN_CD2] => 
    [P_FN_NM] => NH농협은행
    [P_AMT] => 3000
    [P_UNAME] => 이어진아
    [P_RMESG1] => P_VACCT_NO=01444264878456|P_EXP_DT=20250316
    [P_RMESG2] => 
    [P_NOTI] => 
    [P_AUTH_NO] => 
)

 Array
(
    [PageCall time] => 18:33:36
    [P_TID] => INIMX_VBNKCAEcatca0720250306183148454669
    [P_MID] => CAEcatca07
    [P_AUTH_DT] => 20250306183336
    [P_STATUS] => 02
    [P_TYPE] => VBANK
    [P_OID] => 250306-029
    [P_FN_CD1] => 11
    [P_FN_CD2] => 
    [P_FN_NM] => NH농협은행
    [P_AMT] => 3000
    [P_UNAME] => 윤미경
    [P_RMESG1] => P_VACCT_NO=01444264887419|P_EXP_DT=20250316
    [P_RMESG2] => 
    [P_NOTI] => 
    [P_AUTH_NO] => 
)

 Array
(
    [PageCall time] => 19:53:13
    [P_TID] => INIMX_VBNKCAEcatca0720250306195225245096
    [P_MID] => CAEcatca07
    [P_AUTH_DT] => 20250306195313
    [P_STATUS] => 02
    [P_TYPE] => VBANK
    [P_OID] => 250306-031
    [P_FN_CD1] => 11
    [P_FN_CD2] => 
    [P_FN_NM] => NH농협은행
    [P_AMT] => 3000
    [P_UNAME] => 김현정
    [P_RMESG1] => P_VACCT_NO=79014506884162|P_EXP_DT=20250316
    [P_RMESG2] => 
    [P_NOTI] => 
    [P_AUTH_NO] => 
)

 Array
(
    [PageCall time] => 20:36:05
    [P_TID] => INIMX_VBNKCAEcatca0720250306202335715176
    [P_MID] => CAEcatca07
    [P_AUTH_DT] => 20250306203605
    [P_STATUS] => 02
    [P_TYPE] => VBANK
    [P_OID] => 250306-030
    [P_FN_CD1] => 11
    [P_FN_CD2] => 
    [P_FN_NM] => NH농협은행
    [P_AMT] => 3000
    [P_UNAME] => 최재한
    [P_RMESG1] => P_VACCT_NO=79014506886389|P_EXP_DT=20250316
    [P_RMESG2] => 
    [P_NOTI] => 
    [P_AUTH_NO] => 
)

 Array
(
    [PageCall time] => 21:02:12
    [P_TID] => INIMX_VBNKCAEcatca0720250306210038525731
    [P_MID] => CAEcatca07
    [P_AUTH_DT] => 20250306210212
    [P_STATUS] => 02
    [P_TYPE] => VBANK
    [P_OID] => 250306-032
    [P_FN_CD1] => 04
    [P_FN_CD2] => 
    [P_FN_NM] => KB국민은행
    [P_AMT] => 3000
    [P_UNAME] => 한민욱
    [P_RMESG1] => P_VACCT_NO=02799071629436|P_EXP_DT=20250316
    [P_RMESG2] => 
    [P_NOTI] => 
    [P_AUTH_NO] => 
)

 Array
(
    [PageCall time] => 21:12:23
    [P_TID] => INIMX_VBNKCAEcatca0720250306211141325896
    [P_MID] => CAEcatca07
    [P_AUTH_DT] => 20250306211223
    [P_STATUS] => 02
    [P_TYPE] => VBANK
    [P_OID] => 250306-033
    [P_FN_CD1] => 04
    [P_FN_CD2] => 
    [P_FN_NM] => KB국민은행
    [P_AMT] => 3000
    [P_UNAME] => 박선영
    [P_RMESG1] => P_VACCT_NO=02799071631024|P_EXP_DT=20250316
    [P_RMESG2] => 
    [P_NOTI] => 
    [P_AUTH_NO] => 
)

 Array
(
    [PageCall time] => 23:13:58
    [P_TID] => INIMX_VBNKCAEcatca0720250306231007955381
    [P_MID] => CAEcatca07
    [P_AUTH_DT] => 20250306231358
    [P_STATUS] => 02
    [P_TYPE] => VBANK
    [P_OID] => 250306-034
    [P_FN_CD1] => 03
    [P_FN_CD2] => 
    [P_FN_NM] => 기업은행
    [P_AMT] => 3000
    [P_UNAME] => 손영애
    [P_RMESG1] => P_VACCT_NO=07502345397323|P_EXP_DT=20250316
    [P_RMESG2] => 
    [P_NOTI] => 
    [P_AUTH_NO] => 
)

