 Array
(
    [PageCall time] => 08:39:26
    [P_TID] => INIMX_VBNKCAEcatca0720250510083819125467
    [P_MID] => CAEcatca07
    [P_AUTH_DT] => 20250510083926
    [P_STATUS] => 02
    [P_TYPE] => VBANK
    [P_OID] => 250510-002
    [P_FN_CD1] => 04
    [P_FN_CD2] => 
    [P_FN_NM] => KB국민은행
    [P_AMT] => 3000
    [P_UNAME] => 나지영
    [P_RMESG1] => P_VACCT_NO=51269079009350|P_EXP_DT=20250520
    [P_RMESG2] => 
    [P_NOTI] => 
    [P_AUTH_NO] => 
)

 Array
(
    [PageCall time] => 10:56:51
    [P_TID] => INIMX_VBNKCAEcatca0720250510105407805691
    [P_MID] => CAEcatca07
    [P_AUTH_DT] => 20250510105651
    [P_STATUS] => 02
    [P_TYPE] => VBANK
    [P_OID] => 250510-003
    [P_FN_CD1] => 88
    [P_FN_CD2] => 
    [P_FN_NM] => 신한은행
    [P_AMT] => 3000
    [P_UNAME] => 김해영
    [P_RMESG1] => P_VACCT_NO=56211102979715|P_EXP_DT=20250520
    [P_RMESG2] => 
    [P_NOTI] => 
    [P_AUTH_NO] => 
)

 Array
(
    [PageCall time] => 12:27:46
    [P_TID] => INIMX_VBNKCAEcatca0720250510122237855965
    [P_MID] => CAEcatca07
    [P_AUTH_DT] => 20250510122746
    [P_STATUS] => 02
    [P_TYPE] => VBANK
    [P_OID] => 250510-004
    [P_FN_CD1] => 81
    [P_FN_CD2] => 
    [P_FN_NM] => 하나은행
    [P_AMT] => 3000
    [P_UNAME] => gdr 강북미아
    [P_RMESG1] => P_VACCT_NO=20893926565437|P_EXP_DT=20250520
    [P_RMESG2] => 
    [P_NOTI] => 
    [P_AUTH_NO] => 
)

 Array
(
    [PageCall time] => 14:27:16
    [P_TID] => INIMX_VBNKCAEcatca0720250510142403455988
    [P_MID] => CAEcatca07
    [P_AUTH_DT] => 20250510142716
    [P_STATUS] => 02
    [P_TYPE] => VBANK
    [P_OID] => 250510-005
    [P_FN_CD1] => 89
    [P_FN_CD2] => 
    [P_FN_NM] => 케이뱅크
    [P_AMT] => 3000
    [P_UNAME] => 이산의
    [P_RMESG1] => P_VACCT_NO=70112003488285|P_EXP_DT=20250520
    [P_RMESG2] => 
    [P_NOTI] => 
    [P_AUTH_NO] => 
)

 Array
(
    [PageCall time] => 17:11:15
    [P_TID] => INIMX_VBNKCAEcatca0720250510170733295490
    [P_MID] => CAEcatca07
    [P_AUTH_DT] => 20250510171115
    [P_STATUS] => 02
    [P_TYPE] => VBANK
    [P_OID] => 250510-007
    [P_FN_CD1] => 11
    [P_FN_CD2] => 
    [P_FN_NM] => NH농협은행
    [P_AMT] => 3000
    [P_UNAME] => 황순상
    [P_RMESG1] => P_VACCT_NO=79015903487126|P_EXP_DT=20250520
    [P_RMESG2] => 
    [P_NOTI] => 
    [P_AUTH_NO] => 
)

 Array
(
    [PageCall time] => 17:55:05
    [P_TID] => INIMX_VBNKCAEcatca0720250510175229305665
    [P_MID] => CAEcatca07
    [P_AUTH_DT] => 20250510175505
    [P_STATUS] => 02
    [P_TYPE] => VBANK
    [P_OID] => 250510-012
    [P_FN_CD1] => 88
    [P_FN_CD2] => 
    [P_FN_NM] => 신한은행
    [P_AMT] => 3000
    [P_UNAME] => 김고은
    [P_RMESG1] => P_VACCT_NO=56211103000857|P_EXP_DT=20250520
    [P_RMESG2] => 
    [P_NOTI] => 
    [P_AUTH_NO] => 
)

 Array
(
    [PageCall time] => 19:21:54
    [P_TID] => INIMX_VBNKCAEcatca0720250510191813575637
    [P_MID] => CAEcatca07
    [P_AUTH_DT] => 20250510192154
    [P_STATUS] => 02
    [P_TYPE] => VBANK
    [P_OID] => 250510-013
    [P_FN_CD1] => 88
    [P_FN_CD2] => 
    [P_FN_NM] => 신한은행
    [P_AMT] => 3000
    [P_UNAME] => 조명녀
    [P_RMESG1] => P_VACCT_NO=56211103005545|P_EXP_DT=20250520
    [P_RMESG2] => 
    [P_NOTI] => 
    [P_AUTH_NO] => 
)

