 Array
(
    [PageCall time] => 07:35:29
    [P_TID] => INIMX_VBNKCAEcatca0720260126073259455843
    [P_MID] => CAEcatca07
    [P_AUTH_DT] => 20260126073529
    [P_STATUS] => 02
    [P_TYPE] => VBANK
    [P_OID] => 260126-001
    [P_FN_CD1] => 03
    [P_FN_CD2] => 
    [P_FN_NM] => 기업은행
    [P_AMT] => 3500
    [P_UNAME] => 김아름
    [P_RMESG1] => P_VACCT_NO=07503224497964|P_EXP_DT=20260205
    [P_RMESG2] => 
    [P_NOTI] => 
    [P_AUTH_NO] => 
)

 Array
(
    [PageCall time] => 08:37:04
    [P_TID] => INIMX_VBNKCAEcatca0720260126083446115452
    [P_MID] => CAEcatca07
    [P_AUTH_DT] => 20260126083704
    [P_STATUS] => 02
    [P_TYPE] => VBANK
    [P_OID] => 260126-002
    [P_FN_CD1] => 11
    [P_FN_CD2] => 
    [P_FN_NM] => NH농협은행
    [P_AMT] => 3500
    [P_UNAME] => 성정은
    [P_RMESG1] => P_VACCT_NO=79013683625788|P_EXP_DT=20260205
    [P_RMESG2] => 
    [P_NOTI] => 
    [P_AUTH_NO] => 
)

 Array
(
    [PageCall time] => 09:30:00
    [P_TID] => INIMX_VBNKCAEcatca0720260126092616985117
    [P_MID] => CAEcatca07
    [P_AUTH_DT] => 20260126093000
    [P_STATUS] => 02
    [P_TYPE] => VBANK
    [P_OID] => 260126-005
    [P_FN_CD1] => 03
    [P_FN_CD2] => 
    [P_FN_NM] => 기업은행
    [P_AMT] => 3500
    [P_UNAME] => 민영애
    [P_RMESG1] => P_VACCT_NO=07502334497590|P_EXP_DT=20260205
    [P_RMESG2] => 
    [P_NOTI] => 
    [P_AUTH_NO] => 
)

 Array
(
    [PageCall time] => 10:33:21
    [P_TID] => INIMX_VBNKCAEcatca0720260126103053135477
    [P_MID] => CAEcatca07
    [P_AUTH_DT] => 20260126103320
    [P_STATUS] => 02
    [P_TYPE] => VBANK
    [P_OID] => 260126-009
    [P_FN_CD1] => 04
    [P_FN_CD2] => 
    [P_FN_NM] => KB국민은행
    [P_AMT] => 3500
    [P_UNAME] => 김수연
    [P_RMESG1] => P_VACCT_NO=26119078387674|P_EXP_DT=20260205
    [P_RMESG2] => 
    [P_NOTI] => 
    [P_AUTH_NO] => 
)

 Array
(
    [PageCall time] => 10:41:28
    [P_TID] => INIMX_VBNKCAEcatca0720260123165850815497
    [P_MID] => CAEcatca07
    [P_AUTH_DT] => 20260126104128
    [P_STATUS] => 02
    [P_TYPE] => VBANK
    [P_OID] => 260123-017
    [P_FN_CD1] => 04
    [P_FN_CD2] => 
    [P_FN_NM] => KB국민은행
    [P_AMT] => 3500
    [P_UNAME] => 이승희
    [P_RMESG1] => P_VACCT_NO=70149014312181|P_EXP_DT=20260202
    [P_RMESG2] => 
    [P_NOTI] => 
    [P_AUTH_NO] => 
)

 Array
(
    [PageCall time] => 10:42:33
    [P_TID] => INIMX_VBNKCAEcatca0720260126103922215245
    [P_MID] => CAEcatca07
    [P_AUTH_DT] => 20260126104233
    [P_STATUS] => 02
    [P_TYPE] => VBANK
    [P_OID] => 260126-011
    [P_FN_CD1] => 20
    [P_FN_CD2] => 
    [P_FN_NM] => 우리은행
    [P_AMT] => 3500
    [P_UNAME] => 김병선
    [P_RMESG1] => P_VACCT_NO=27489864218504|P_EXP_DT=20260205
    [P_RMESG2] => 
    [P_NOTI] => 
    [P_AUTH_NO] => 
)

 Array
(
    [PageCall time] => 10:47:22
    [P_TID] => INIMX_VBNKCAEcatca0720260126103524175204
    [P_MID] => CAEcatca07
    [P_AUTH_DT] => 20260126104722
    [P_STATUS] => 02
    [P_TYPE] => VBANK
    [P_OID] => 260126-010
    [P_FN_CD1] => 04
    [P_FN_CD2] => 
    [P_FN_NM] => KB국민은행
    [P_AMT] => 3500
    [P_UNAME] => 한종근
    [P_RMESG1] => P_VACCT_NO=26159078594393|P_EXP_DT=20260205
    [P_RMESG2] => 
    [P_NOTI] => 
    [P_AUTH_NO] => 
)

 Array
(
    [PageCall time] => 10:51:17
    [P_TID] => INIMX_VBNKCAEcatca0720260126104828865299
    [P_MID] => CAEcatca07
    [P_AUTH_DT] => 20260126105117
    [P_STATUS] => 02
    [P_TYPE] => VBANK
    [P_OID] => 260126-013
    [P_FN_CD1] => 20
    [P_FN_CD2] => 
    [P_FN_NM] => 우리은행
    [P_AMT] => 3500
    [P_UNAME] => 김현주
    [P_RMESG1] => P_VACCT_NO=27489865918039|P_EXP_DT=20260205
    [P_RMESG2] => 
    [P_NOTI] => 
    [P_AUTH_NO] => 
)

 Array
(
    [PageCall time] => 11:15:27
    [P_TID] => INIMX_VBNKCAEcatca0720260126111150235937
    [P_MID] => CAEcatca07
    [P_AUTH_DT] => 20260126111527
    [P_STATUS] => 02
    [P_TYPE] => VBANK
    [P_OID] => 260126-017
    [P_FN_CD1] => 37
    [P_FN_CD2] => 
    [P_FN_NM] => 전북은행
    [P_AMT] => 3500
    [P_UNAME] => 장옥자
    [P_RMESG1] => P_VACCT_NO=9101210015646|P_EXP_DT=20260205
    [P_RMESG2] => 
    [P_NOTI] => 
    [P_AUTH_NO] => 
)

 Array
(
    [PageCall time] => 11:19:19
    [P_TID] => INIMX_VBNKCAEcatca0720260126111649495037
    [P_MID] => CAEcatca07
    [P_AUTH_DT] => 20260126111919
    [P_STATUS] => 02
    [P_TYPE] => VBANK
    [P_OID] => 260126-019
    [P_FN_CD1] => 03
    [P_FN_CD2] => 
    [P_FN_NM] => 기업은행
    [P_AMT] => 3500
    [P_UNAME] => 김영삼
    [P_RMESG1] => P_VACCT_NO=07502335597774|P_EXP_DT=20260205
    [P_RMESG2] => 
    [P_NOTI] => 
    [P_AUTH_NO] => 
)

 Array
(
    [PageCall time] => 11:54:55
    [P_TID] => INIMX_VBNKCAEcatca0720260126115324515617
    [P_MID] => CAEcatca07
    [P_AUTH_DT] => 20260126115455
    [P_STATUS] => 02
    [P_TYPE] => VBANK
    [P_OID] => 260126-021
    [P_FN_CD1] => 11
    [P_FN_CD2] => 
    [P_FN_NM] => NH농협은행
    [P_AMT] => 3500
    [P_UNAME] => 한은리
    [P_RMESG1] => P_VACCT_NO=79013683654223|P_EXP_DT=20260205
    [P_RMESG2] => 
    [P_NOTI] => 
    [P_AUTH_NO] => 
)

 Array
(
    [PageCall time] => 11:55:06
    [P_TID] => INIMX_VBNKCAEcatca0720260126115346345628
    [P_MID] => CAEcatca07
    [P_AUTH_DT] => 20260126115506
    [P_STATUS] => 02
    [P_TYPE] => VBANK
    [P_OID] => 260126-023
    [P_FN_CD1] => 11
    [P_FN_CD2] => 
    [P_FN_NM] => NH농협은행
    [P_AMT] => 3500
    [P_UNAME] => 이경아
    [P_RMESG1] => P_VACCT_NO=79013683654338|P_EXP_DT=20260205
    [P_RMESG2] => 
    [P_NOTI] => 
    [P_AUTH_NO] => 
)

 Array
(
    [PageCall time] => 12:26:30
    [P_TID] => INIMX_VBNKCAEcatca0720260126122319185980
    [P_MID] => CAEcatca07
    [P_AUTH_DT] => 20260126122630
    [P_STATUS] => 02
    [P_TYPE] => VBANK
    [P_OID] => 260125-020
    [P_FN_CD1] => 03
    [P_FN_CD2] => 
    [P_FN_NM] => 기업은행
    [P_AMT] => 3500
    [P_UNAME] => 조은아
    [P_RMESG1] => P_VACCT_NO=07502336197271|P_EXP_DT=20260205
    [P_RMESG2] => 
    [P_NOTI] => 
    [P_AUTH_NO] => 
)

 Array
(
    [PageCall time] => 12:28:51
    [P_TID] => INIMX_VBNKCAEcatca0720260126122526505798
    [P_MID] => CAEcatca07
    [P_AUTH_DT] => 20260126122851
    [P_STATUS] => 02
    [P_TYPE] => VBANK
    [P_OID] => 260126-004
    [P_FN_CD1] => 04
    [P_FN_CD2] => 
    [P_FN_NM] => KB국민은행
    [P_AMT] => 3500
    [P_UNAME] => 이세훈
    [P_RMESG1] => P_VACCT_NO=26159078133123|P_EXP_DT=20260205
    [P_RMESG2] => 
    [P_NOTI] => 
    [P_AUTH_NO] => 
)

 Array
(
    [PageCall time] => 12:56:45
    [P_TID] => INIMX_VBNKCAEcatca0720260126125413955788
    [P_MID] => CAEcatca07
    [P_AUTH_DT] => 20260126125645
    [P_STATUS] => 02
    [P_TYPE] => VBANK
    [P_OID] => 260126-025
    [P_FN_CD1] => 81
    [P_FN_CD2] => 
    [P_FN_NM] => 하나은행
    [P_AMT] => 3500
    [P_UNAME] => 김나현
    [P_RMESG1] => P_VACCT_NO=20893973764637|P_EXP_DT=20260205
    [P_RMESG2] => 
    [P_NOTI] => 
    [P_AUTH_NO] => 
)

 Array
(
    [PageCall time] => 13:05:38
    [P_TID] => INIMX_VBNKCAEcatca0720260126130503395746
    [P_MID] => CAEcatca07
    [P_AUTH_DT] => 20260126130538
    [P_STATUS] => 02
    [P_TYPE] => VBANK
    [P_OID] => 260126-026
    [P_FN_CD1] => 71
    [P_FN_CD2] => 
    [P_FN_NM] => 우체국
    [P_AMT] => 3500
    [P_UNAME] => 이현주
    [P_RMESG1] => P_VACCT_NO=01397981665098|P_EXP_DT=20260205
    [P_RMESG2] => 
    [P_NOTI] => 
    [P_AUTH_NO] => 
)

 Array
(
    [PageCall time] => 13:14:50
    [P_TID] => INIMX_VBNKCAEcatca0720260126131142745186
    [P_MID] => CAEcatca07
    [P_AUTH_DT] => 20260126131450
    [P_STATUS] => 02
    [P_TYPE] => VBANK
    [P_OID] => 260126-027
    [P_FN_CD1] => 89
    [P_FN_CD2] => 
    [P_FN_NM] => 케이뱅크
    [P_AMT] => 3500
    [P_UNAME] => 김세철
    [P_RMESG1] => P_VACCT_NO=70112003394588|P_EXP_DT=20260205
    [P_RMESG2] => 
    [P_NOTI] => 
    [P_AUTH_NO] => 
)

 Array
(
    [PageCall time] => 13:26:27
    [P_TID] => INIMX_VBNKCAEcatca0720260126132343795847
    [P_MID] => CAEcatca07
    [P_AUTH_DT] => 20260126132627
    [P_STATUS] => 02
    [P_TYPE] => VBANK
    [P_OID] => 260126-028
    [P_FN_CD1] => 04
    [P_FN_CD2] => 
    [P_FN_NM] => KB국민은행
    [P_AMT] => 3500
    [P_UNAME] => 이혜영
    [P_RMESG1] => P_VACCT_NO=26159078164822|P_EXP_DT=20260205
    [P_RMESG2] => 
    [P_NOTI] => 
    [P_AUTH_NO] => 
)

 Array
(
    [PageCall time] => 13:28:47
    [P_TID] => INIMX_VBNKCAEcatca0720260126132804385812
    [P_MID] => CAEcatca07
    [P_AUTH_DT] => 20260126132847
    [P_STATUS] => 02
    [P_TYPE] => VBANK
    [P_OID] => 260126-029
    [P_FN_CD1] => 11
    [P_FN_CD2] => 
    [P_FN_NM] => NH농협은행
    [P_AMT] => 3500
    [P_UNAME] => 최주희
    [P_RMESG1] => P_VACCT_NO=79013683667308|P_EXP_DT=20260205
    [P_RMESG2] => 
    [P_NOTI] => 
    [P_AUTH_NO] => 
)

 Array
(
    [PageCall time] => 14:26:44
    [P_TID] => INIMX_VBNKCAEcatca0720260126142518845719
    [P_MID] => CAEcatca07
    [P_AUTH_DT] => 20260126142644
    [P_STATUS] => 02
    [P_TYPE] => VBANK
    [P_OID] => 260126-030
    [P_FN_CD1] => 11
    [P_FN_CD2] => 
    [P_FN_NM] => NH농협은행
    [P_AMT] => 3500
    [P_UNAME] => 김은혜
    [P_RMESG1] => P_VACCT_NO=79013683676954|P_EXP_DT=20260205
    [P_RMESG2] => 
    [P_NOTI] => 
    [P_AUTH_NO] => 
)

 Array
(
    [PageCall time] => 14:35:00
    [P_TID] => INIMX_VBNKCAEcatca0720260126143108155374
    [P_MID] => CAEcatca07
    [P_AUTH_DT] => 20260126143500
    [P_STATUS] => 02
    [P_TYPE] => VBANK
    [P_OID] => 260126-031
    [P_FN_CD1] => 04
    [P_FN_CD2] => 
    [P_FN_NM] => KB국민은행
    [P_AMT] => 3500
    [P_UNAME] => 구임숙
    [P_RMESG1] => P_VACCT_NO=26159078208566|P_EXP_DT=20260205
    [P_RMESG2] => 
    [P_NOTI] => 
    [P_AUTH_NO] => 
)

 Array
(
    [PageCall time] => 14:49:39
    [P_TID] => INIMX_VBNKCAEcatca0720260126144703285266
    [P_MID] => CAEcatca07
    [P_AUTH_DT] => 20260126144939
    [P_STATUS] => 02
    [P_TYPE] => VBANK
    [P_OID] => 260126-032
    [P_FN_CD1] => 03
    [P_FN_CD2] => 
    [P_FN_NM] => 기업은행
    [P_AMT] => 3500
    [P_UNAME] => 이수완
    [P_RMESG1] => P_VACCT_NO=07502337497744|P_EXP_DT=20260205
    [P_RMESG2] => 
    [P_NOTI] => 
    [P_AUTH_NO] => 
)

 Array
(
    [PageCall time] => 14:57:25
    [P_TID] => INIMX_VBNKCAEcatca0720260126145332915368
    [P_MID] => CAEcatca07
    [P_AUTH_DT] => 20260126145725
    [P_STATUS] => 02
    [P_TYPE] => VBANK
    [P_OID] => 260126-033
    [P_FN_CD1] => 34
    [P_FN_CD2] => 
    [P_FN_NM] => 광주은행
    [P_AMT] => 3500
    [P_UNAME] => 오다윤
    [P_RMESG1] => P_VACCT_NO=810865286881|P_EXP_DT=20260205
    [P_RMESG2] => 
    [P_NOTI] => 
    [P_AUTH_NO] => 
)

 Array
(
    [PageCall time] => 15:12:44
    [P_TID] => INIMX_VBNKCAEcatca0720260126151144495622
    [P_MID] => CAEcatca07
    [P_AUTH_DT] => 20260126151244
    [P_STATUS] => 02
    [P_TYPE] => VBANK
    [P_OID] => 260126-034
    [P_FN_CD1] => 11
    [P_FN_CD2] => 
    [P_FN_NM] => NH농협은행
    [P_AMT] => 3500
    [P_UNAME] => 김정아
    [P_RMESG1] => P_VACCT_NO=79013683686005|P_EXP_DT=20260205
    [P_RMESG2] => 
    [P_NOTI] => 
    [P_AUTH_NO] => 
)

 Array
(
    [PageCall time] => 15:18:28
    [P_TID] => INIMX_VBNKCAEcatca0720260126151551795610
    [P_MID] => CAEcatca07
    [P_AUTH_DT] => 20260126151828
    [P_STATUS] => 02
    [P_TYPE] => VBANK
    [P_OID] => 260126-035
    [P_FN_CD1] => 04
    [P_FN_CD2] => 
    [P_FN_NM] => KB국민은행
    [P_AMT] => 3500
    [P_UNAME] => 박영재
    [P_RMESG1] => P_VACCT_NO=70149014411633|P_EXP_DT=20260205
    [P_RMESG2] => 
    [P_NOTI] => 
    [P_AUTH_NO] => 
)

 Array
(
    [PageCall time] => 15:56:06
    [P_TID] => INIMX_VBNKCAEcatca0720260126155331495864
    [P_MID] => CAEcatca07
    [P_AUTH_DT] => 20260126155605
    [P_STATUS] => 02
    [P_TYPE] => VBANK
    [P_OID] => 260126-037
    [P_FN_CD1] => 88
    [P_FN_CD2] => 
    [P_FN_NM] => 신한은행
    [P_AMT] => 3500
    [P_UNAME] => 윤정숙
    [P_RMESG1] => P_VACCT_NO=56211102691034|P_EXP_DT=20260205
    [P_RMESG2] => 
    [P_NOTI] => 
    [P_AUTH_NO] => 
)

 Array
(
    [PageCall time] => 16:23:57
    [P_TID] => INIMX_VBNKCAEcatca0720260126162037265516
    [P_MID] => CAEcatca07
    [P_AUTH_DT] => 20260126162357
    [P_STATUS] => 02
    [P_TYPE] => VBANK
    [P_OID] => 260126-038
    [P_FN_CD1] => 89
    [P_FN_CD2] => 
    [P_FN_NM] => 케이뱅크
    [P_AMT] => 3500
    [P_UNAME] => 천재화
    [P_RMESG1] => P_VACCT_NO=70112003396706|P_EXP_DT=20260205
    [P_RMESG2] => 
    [P_NOTI] => 
    [P_AUTH_NO] => 
)

 Array
(
    [PageCall time] => 16:46:41
    [P_TID] => INIMX_VBNKCAEcatca0720260126164225515213
    [P_MID] => CAEcatca07
    [P_AUTH_DT] => 20260126164641
    [P_STATUS] => 02
    [P_TYPE] => VBANK
    [P_OID] => 260126-041
    [P_FN_CD1] => 04
    [P_FN_CD2] => 
    [P_FN_NM] => KB국민은행
    [P_AMT] => 3500
    [P_UNAME] => 남진희
    [P_RMESG1] => P_VACCT_NO=70149014428114|P_EXP_DT=20260205
    [P_RMESG2] => 
    [P_NOTI] => 
    [P_AUTH_NO] => 
)

 Array
(
    [PageCall time] => 17:33:45
    [P_TID] => INIMX_VBNKCAEcatca0720260126173102205585
    [P_MID] => CAEcatca07
    [P_AUTH_DT] => 20260126173345
    [P_STATUS] => 02
    [P_TYPE] => VBANK
    [P_OID] => 260126-042
    [P_FN_CD1] => 04
    [P_FN_CD2] => 
    [P_FN_NM] => KB국민은행
    [P_AMT] => 3500
    [P_UNAME] => 이지은
    [P_RMESG1] => P_VACCT_NO=70149014436308|P_EXP_DT=20260205
    [P_RMESG2] => 
    [P_NOTI] => 
    [P_AUTH_NO] => 
)

 Array
(
    [PageCall time] => 17:39:48
    [P_TID] => INIMX_VBNKCAEcatca0720260126173700415402
    [P_MID] => CAEcatca07
    [P_AUTH_DT] => 20260126173948
    [P_STATUS] => 02
    [P_TYPE] => VBANK
    [P_OID] => 260126-043
    [P_FN_CD1] => 88
    [P_FN_CD2] => 
    [P_FN_NM] => 신한은행
    [P_AMT] => 3500
    [P_UNAME] => 이상규
    [P_RMESG1] => P_VACCT_NO=56211102703444|P_EXP_DT=20260205
    [P_RMESG2] => 
    [P_NOTI] => 
    [P_AUTH_NO] => 
)

 Array
(
    [PageCall time] => 19:10:20
    [P_TID] => INIMX_VBNKCAEcatca0720260126190742495226
    [P_MID] => CAEcatca07
    [P_AUTH_DT] => 20260126191020
    [P_STATUS] => 02
    [P_TYPE] => VBANK
    [P_OID] => 260126-018
    [P_FN_CD1] => 88
    [P_FN_CD2] => 
    [P_FN_NM] => 신한은행
    [P_AMT] => 3500
    [P_UNAME] => 장종혁
    [P_RMESG1] => P_VACCT_NO=56211102711976|P_EXP_DT=20260205
    [P_RMESG2] => 
    [P_NOTI] => 
    [P_AUTH_NO] => 
)

 Array
(
    [PageCall time] => 19:12:02
    [P_TID] => INIMX_VBNKCAEcatca0720260126190854545126
    [P_MID] => CAEcatca07
    [P_AUTH_DT] => 20260126191202
    [P_STATUS] => 02
    [P_TYPE] => VBANK
    [P_OID] => 260125-011
    [P_FN_CD1] => 81
    [P_FN_CD2] => 
    [P_FN_NM] => 하나은행
    [P_AMT] => 3500
    [P_UNAME] => 조민찬
    [P_RMESG1] => P_VACCT_NO=20893975878437|P_EXP_DT=20260205
    [P_RMESG2] => 
    [P_NOTI] => 
    [P_AUTH_NO] => 
)

 Array
(
    [PageCall time] => 20:37:37
    [P_TID] => INIMX_VBNKCAEcatca0720260126203525645162
    [P_MID] => CAEcatca07
    [P_AUTH_DT] => 20260126203737
    [P_STATUS] => 02
    [P_TYPE] => VBANK
    [P_OID] => 260126-044
    [P_FN_CD1] => 11
    [P_FN_CD2] => 
    [P_FN_NM] => NH농협은행
    [P_AMT] => 3500
    [P_UNAME] => 정은영
    [P_RMESG1] => P_VACCT_NO=79013683729156|P_EXP_DT=20260205
    [P_RMESG2] => 
    [P_NOTI] => 
    [P_AUTH_NO] => 
)

 Array
(
    [PageCall time] => 21:49:17
    [P_TID] => INIMX_VBNKCAEcatca0720260126214642945825
    [P_MID] => CAEcatca07
    [P_AUTH_DT] => 20260126214917
    [P_STATUS] => 02
    [P_TYPE] => VBANK
    [P_OID] => 260126-045
    [P_FN_CD1] => 32
    [P_FN_CD2] => 
    [P_FN_NM] => 부산은행
    [P_AMT] => 3500
    [P_UNAME] => 정성국
    [P_RMESG1] => P_VACCT_NO=109924583916|P_EXP_DT=20260205
    [P_RMESG2] => 
    [P_NOTI] => 
    [P_AUTH_NO] => 
)

