 Array
(
    [PageCall time] => 06:03:25
    [P_TID] => INIMX_VBNKCAEcatca0720251111060032425603
    [P_MID] => CAEcatca07
    [P_AUTH_DT] => 20251111060325
    [P_STATUS] => 02
    [P_TYPE] => VBANK
    [P_OID] => 251111-004
    [P_FN_CD1] => 81
    [P_FN_CD2] => 
    [P_FN_NM] => 하나은행
    [P_AMT] => 3000
    [P_UNAME] => 인정신
    [P_RMESG1] => P_VACCT_NO=20893925478937|P_EXP_DT=20251121
    [P_RMESG2] => 
    [P_NOTI] => 
    [P_AUTH_NO] => 
)

 Array
(
    [PageCall time] => 09:30:45
    [P_TID] => INIMX_VBNKCAEcatca0720251111092758665516
    [P_MID] => CAEcatca07
    [P_AUTH_DT] => 20251111093044
    [P_STATUS] => 02
    [P_TYPE] => VBANK
    [P_OID] => 251111-005
    [P_FN_CD1] => 88
    [P_FN_CD2] => 
    [P_FN_NM] => 신한은행
    [P_AMT] => 3000
    [P_UNAME] => 조형찬
    [P_RMESG1] => P_VACCT_NO=56211105393713|P_EXP_DT=20251121
    [P_RMESG2] => 
    [P_NOTI] => 
    [P_AUTH_NO] => 
)

 Array
(
    [PageCall time] => 10:35:51
    [P_TID] => INIMX_VBNKCAEcatca0720251111101104705237
    [P_MID] => CAEcatca07
    [P_AUTH_DT] => 20251111103551
    [P_STATUS] => 02
    [P_TYPE] => VBANK
    [P_OID] => 251111-002
    [P_FN_CD1] => 11
    [P_FN_CD2] => 
    [P_FN_NM] => NH농협은행
    [P_AMT] => 3000
    [P_UNAME] => 임춘식
    [P_RMESG1] => P_VACCT_NO=79015901682991|P_EXP_DT=20251121
    [P_RMESG2] => 
    [P_NOTI] => 
    [P_AUTH_NO] => 
)

 Array
(
    [PageCall time] => 10:40:28
    [P_TID] => INIMX_VBNKCAEcatca0720251111102901825477
    [P_MID] => CAEcatca07
    [P_AUTH_DT] => 20251111104028
    [P_STATUS] => 02
    [P_TYPE] => VBANK
    [P_OID] => 251111-010
    [P_FN_CD1] => 89
    [P_FN_CD2] => 
    [P_FN_NM] => 케이뱅크
    [P_AMT] => 3000
    [P_UNAME] => 김진
    [P_RMESG1] => P_VACCT_NO=70112003814838|P_EXP_DT=20251121
    [P_RMESG2] => 
    [P_NOTI] => 
    [P_AUTH_NO] => 
)

 Array
(
    [PageCall time] => 10:41:20
    [P_TID] => INIMX_VBNKCAEcatca0720251111104027865296
    [P_MID] => CAEcatca07
    [P_AUTH_DT] => 20251111104120
    [P_STATUS] => 02
    [P_TYPE] => VBANK
    [P_OID] => 251111-011
    [P_FN_CD1] => 11
    [P_FN_CD2] => 
    [P_FN_NM] => NH농협은행
    [P_AMT] => 3000
    [P_UNAME] => 최은주
    [P_RMESG1] => P_VACCT_NO=79015901689171|P_EXP_DT=20251121
    [P_RMESG2] => 
    [P_NOTI] => 
    [P_AUTH_NO] => 
)

 Array
(
    [PageCall time] => 11:36:58
    [P_TID] => INIMX_VBNKCAEcatca0720251111113422395729
    [P_MID] => CAEcatca07
    [P_AUTH_DT] => 20251111113658
    [P_STATUS] => 02
    [P_TYPE] => VBANK
    [P_OID] => 251111-014
    [P_FN_CD1] => 04
    [P_FN_CD2] => 
    [P_FN_NM] => KB국민은행
    [P_AMT] => 3000
    [P_UNAME] => 석윤혜
    [P_RMESG1] => P_VACCT_NO=26159078607763|P_EXP_DT=20251121
    [P_RMESG2] => 
    [P_NOTI] => 
    [P_AUTH_NO] => 
)

 Array
(
    [PageCall time] => 11:39:23
    [P_TID] => INIMX_VBNKCAEcatca0720251111113636505276
    [P_MID] => CAEcatca07
    [P_AUTH_DT] => 20251111113923
    [P_STATUS] => 02
    [P_TYPE] => VBANK
    [P_OID] => 251110-033
    [P_FN_CD1] => 04
    [P_FN_CD2] => 
    [P_FN_NM] => KB국민은행
    [P_AMT] => 3000
    [P_UNAME] => 윤지영
    [P_RMESG1] => P_VACCT_NO=26159078609783|P_EXP_DT=20251121
    [P_RMESG2] => 
    [P_NOTI] => 
    [P_AUTH_NO] => 
)

 Array
(
    [PageCall time] => 13:28:27
    [P_TID] => INIMX_VBNKCAEcatca0720251111132632155724
    [P_MID] => CAEcatca07
    [P_AUTH_DT] => 20251111132827
    [P_STATUS] => 02
    [P_TYPE] => VBANK
    [P_OID] => 251111-019
    [P_FN_CD1] => 11
    [P_FN_CD2] => 
    [P_FN_NM] => NH농협은행
    [P_AMT] => 3000
    [P_UNAME] => 오현옥
    [P_RMESG1] => P_VACCT_NO=79015901715399|P_EXP_DT=20251121
    [P_RMESG2] => 
    [P_NOTI] => 
    [P_AUTH_NO] => 
)

 Array
(
    [PageCall time] => 13:49:32
    [P_TID] => INIMX_VBNKCAEcatca0720251111132714815079
    [P_MID] => CAEcatca07
    [P_AUTH_DT] => 20251111134932
    [P_STATUS] => 02
    [P_TYPE] => VBANK
    [P_OID] => 251111-017
    [P_FN_CD1] => 81
    [P_FN_CD2] => 
    [P_FN_NM] => 하나은행
    [P_AMT] => 3000
    [P_UNAME] => 김태선
    [P_RMESG1] => P_VACCT_NO=20893995585737|P_EXP_DT=20251121
    [P_RMESG2] => 
    [P_NOTI] => 
    [P_AUTH_NO] => 
)

 Array
(
    [PageCall time] => 13:55:58
    [P_TID] => INIMX_VBNKCAEcatca0720251111135515125746
    [P_MID] => CAEcatca07
    [P_AUTH_DT] => 20251111135558
    [P_STATUS] => 02
    [P_TYPE] => VBANK
    [P_OID] => 251111-023
    [P_FN_CD1] => 11
    [P_FN_CD2] => 
    [P_FN_NM] => NH농협은행
    [P_AMT] => 3000
    [P_UNAME] => 김수경
    [P_RMESG1] => P_VACCT_NO=79015901718947|P_EXP_DT=20251121
    [P_RMESG2] => 
    [P_NOTI] => 
    [P_AUTH_NO] => 
)

 Array
(
    [PageCall time] => 14:11:05
    [P_TID] => INIMX_VBNKCAEcatca0720251111140552885399
    [P_MID] => CAEcatca07
    [P_AUTH_DT] => 20251111141105
    [P_STATUS] => 02
    [P_TYPE] => VBANK
    [P_OID] => 251111-025
    [P_FN_CD1] => 04
    [P_FN_CD2] => 
    [P_FN_NM] => KB국민은행
    [P_AMT] => 3000
    [P_UNAME] => 하나해
    [P_RMESG1] => P_VACCT_NO=02799071754682|P_EXP_DT=20251121
    [P_RMESG2] => 
    [P_NOTI] => 
    [P_AUTH_NO] => 
)

 Array
(
    [PageCall time] => 15:20:06
    [P_TID] => INIMX_VBNKCAEcatca0720251111151707495264
    [P_MID] => CAEcatca07
    [P_AUTH_DT] => 20251111152006
    [P_STATUS] => 02
    [P_TYPE] => VBANK
    [P_OID] => 251111-027
    [P_FN_CD1] => 89
    [P_FN_CD2] => 
    [P_FN_NM] => 케이뱅크
    [P_AMT] => 3000
    [P_UNAME] => 조이현
    [P_RMESG1] => P_VACCT_NO=70112003819058|P_EXP_DT=20251121
    [P_RMESG2] => 
    [P_NOTI] => 
    [P_AUTH_NO] => 
)

 Array
(
    [PageCall time] => 15:47:32
    [P_TID] => INIMX_VBNKCAEcatca0720251111154417255998
    [P_MID] => CAEcatca07
    [P_AUTH_DT] => 20251111154732
    [P_STATUS] => 02
    [P_TYPE] => VBANK
    [P_OID] => 251111-028
    [P_FN_CD1] => 04
    [P_FN_CD2] => 
    [P_FN_NM] => KB국민은행
    [P_AMT] => 3000
    [P_UNAME] => 김태우
    [P_RMESG1] => P_VACCT_NO=02799071777126|P_EXP_DT=20251121
    [P_RMESG2] => 
    [P_NOTI] => 
    [P_AUTH_NO] => 
)

 Array
(
    [PageCall time] => 15:54:23
    [P_TID] => INIMX_VBNKCAEcatca0720251111155148695386
    [P_MID] => CAEcatca07
    [P_AUTH_DT] => 20251111155423
    [P_STATUS] => 02
    [P_TYPE] => VBANK
    [P_OID] => 251111-029
    [P_FN_CD1] => 32
    [P_FN_CD2] => 
    [P_FN_NM] => 부산은행
    [P_AMT] => 3000
    [P_UNAME] => 이지언
    [P_RMESG1] => P_VACCT_NO=109924257133|P_EXP_DT=20251121
    [P_RMESG2] => 
    [P_NOTI] => 
    [P_AUTH_NO] => 
)

 Array
(
    [PageCall time] => 15:58:01
    [P_TID] => INIMX_VBNKCAEcatca0720251111155512845943
    [P_MID] => CAEcatca07
    [P_AUTH_DT] => 20251111155801
    [P_STATUS] => 02
    [P_TYPE] => VBANK
    [P_OID] => 251111-030
    [P_FN_CD1] => 88
    [P_FN_CD2] => 
    [P_FN_NM] => 신한은행
    [P_AMT] => 3000
    [P_UNAME] => 권수경
    [P_RMESG1] => P_VACCT_NO=56211105434390|P_EXP_DT=20251121
    [P_RMESG2] => 
    [P_NOTI] => 
    [P_AUTH_NO] => 
)

 Array
(
    [PageCall time] => 16:03:47
    [P_TID] => INIMX_VBNKCAEcatca0720251111160040895484
    [P_MID] => CAEcatca07
    [P_AUTH_DT] => 20251111160347
    [P_STATUS] => 02
    [P_TYPE] => VBANK
    [P_OID] => 251111-007
    [P_FN_CD1] => 81
    [P_FN_CD2] => 
    [P_FN_NM] => 하나은행
    [P_AMT] => 3000
    [P_UNAME] => 김지수
    [P_RMESG1] => P_VACCT_NO=20893996342637|P_EXP_DT=20251121
    [P_RMESG2] => 
    [P_NOTI] => 
    [P_AUTH_NO] => 
)

 Array
(
    [PageCall time] => 16:35:20
    [P_TID] => INIMX_VBNKCAEcatca0720251111163237755250
    [P_MID] => CAEcatca07
    [P_AUTH_DT] => 20251111163520
    [P_STATUS] => 02
    [P_TYPE] => VBANK
    [P_OID] => 251111-035
    [P_FN_CD1] => 89
    [P_FN_CD2] => 
    [P_FN_NM] => 케이뱅크
    [P_AMT] => 3000
    [P_UNAME] => 강다현
    [P_RMESG1] => P_VACCT_NO=70112003820085|P_EXP_DT=20251121
    [P_RMESG2] => 
    [P_NOTI] => 
    [P_AUTH_NO] => 
)

 Array
(
    [PageCall time] => 16:58:03
    [P_TID] => INIMX_VBNKCAEcatca0720251111165431155455
    [P_MID] => CAEcatca07
    [P_AUTH_DT] => 20251111165803
    [P_STATUS] => 02
    [P_TYPE] => VBANK
    [P_OID] => 251111-037
    [P_FN_CD1] => 89
    [P_FN_CD2] => 
    [P_FN_NM] => 케이뱅크
    [P_AMT] => 3000
    [P_UNAME] => 장준기
    [P_RMESG1] => P_VACCT_NO=70112003820358|P_EXP_DT=20251121
    [P_RMESG2] => 
    [P_NOTI] => 
    [P_AUTH_NO] => 
)

 Array
(
    [PageCall time] => 17:08:56
    [P_TID] => INIMX_VBNKCAEcatca0720251111170538585830
    [P_MID] => CAEcatca07
    [P_AUTH_DT] => 20251111170855
    [P_STATUS] => 02
    [P_TYPE] => VBANK
    [P_OID] => 251111-038
    [P_FN_CD1] => 03
    [P_FN_CD2] => 
    [P_FN_NM] => 기업은행
    [P_AMT] => 3000
    [P_UNAME] => 김영찬
    [P_RMESG1] => P_VACCT_NO=07500644097020|P_EXP_DT=20251121
    [P_RMESG2] => 
    [P_NOTI] => 
    [P_AUTH_NO] => 
)

 Array
(
    [PageCall time] => 17:40:57
    [P_TID] => INIMX_VBNKCAEcatca0720251111173836215780
    [P_MID] => CAEcatca07
    [P_AUTH_DT] => 20251111174057
    [P_STATUS] => 02
    [P_TYPE] => VBANK
    [P_OID] => 251111-039
    [P_FN_CD1] => 04
    [P_FN_CD2] => 
    [P_FN_NM] => KB국민은행
    [P_AMT] => 3000
    [P_UNAME] => 안진영
    [P_RMESG1] => P_VACCT_NO=26029078023326|P_EXP_DT=20251121
    [P_RMESG2] => 
    [P_NOTI] => 
    [P_AUTH_NO] => 
)

 Array
(
    [PageCall time] => 18:06:38
    [P_TID] => INIMX_VBNKCAEcatca0720251111180337645373
    [P_MID] => CAEcatca07
    [P_AUTH_DT] => 20251111180638
    [P_STATUS] => 02
    [P_TYPE] => VBANK
    [P_OID] => 251111-041
    [P_FN_CD1] => 04
    [P_FN_CD2] => 
    [P_FN_NM] => KB국민은행
    [P_AMT] => 3000
    [P_UNAME] => 정유진
    [P_RMESG1] => P_VACCT_NO=26029078066134|P_EXP_DT=20251121
    [P_RMESG2] => 
    [P_NOTI] => 
    [P_AUTH_NO] => 
)

 Array
(
    [PageCall time] => 18:18:09
    [P_TID] => INIMX_VBNKCAEcatca0720251111181523985054
    [P_MID] => CAEcatca07
    [P_AUTH_DT] => 20251111181809
    [P_STATUS] => 02
    [P_TYPE] => VBANK
    [P_OID] => 251111-042
    [P_FN_CD1] => 88
    [P_FN_CD2] => 
    [P_FN_NM] => 신한은행
    [P_AMT] => 3000
    [P_UNAME] => 박지은
    [P_RMESG1] => P_VACCT_NO=56211105447710|P_EXP_DT=20251121
    [P_RMESG2] => 
    [P_NOTI] => 
    [P_AUTH_NO] => 
)

 Array
(
    [PageCall time] => 18:53:41
    [P_TID] => INIMX_VBNKCAEcatca0720251111185055145017
    [P_MID] => CAEcatca07
    [P_AUTH_DT] => 20251111185341
    [P_STATUS] => 02
    [P_TYPE] => VBANK
    [P_OID] => 251111-043
    [P_FN_CD1] => 04
    [P_FN_CD2] => 
    [P_FN_NM] => KB국민은행
    [P_AMT] => 3000
    [P_UNAME] => 박지원
    [P_RMESG1] => P_VACCT_NO=26029078090087|P_EXP_DT=20251121
    [P_RMESG2] => 
    [P_NOTI] => 
    [P_AUTH_NO] => 
)

 Array
(
    [PageCall time] => 19:20:26
    [P_TID] => INIMX_VBNKCAEcatca0720251111191800435193
    [P_MID] => CAEcatca07
    [P_AUTH_DT] => 20251111192026
    [P_STATUS] => 02
    [P_TYPE] => VBANK
    [P_OID] => 251111-044
    [P_FN_CD1] => 04
    [P_FN_CD2] => 
    [P_FN_NM] => KB국민은행
    [P_AMT] => 3000
    [P_UNAME] => 유희정
    [P_RMESG1] => P_VACCT_NO=26029078099402|P_EXP_DT=20251121
    [P_RMESG2] => 
    [P_NOTI] => 
    [P_AUTH_NO] => 
)

 Array
(
    [PageCall time] => 19:48:05
    [P_TID] => INIMX_VBNKCAEcatca0720251111194510315900
    [P_MID] => CAEcatca07
    [P_AUTH_DT] => 20251111194805
    [P_STATUS] => 02
    [P_TYPE] => VBANK
    [P_OID] => 251111-045
    [P_FN_CD1] => 81
    [P_FN_CD2] => 
    [P_FN_NM] => 하나은행
    [P_AMT] => 3000
    [P_UNAME] => 최은정
    [P_RMESG1] => P_VACCT_NO=20893997498237|P_EXP_DT=20251121
    [P_RMESG2] => 
    [P_NOTI] => 
    [P_AUTH_NO] => 
)

 Array
(
    [PageCall time] => 20:02:22
    [P_TID] => INIMX_VBNKCAEcatca0720251111200132305338
    [P_MID] => CAEcatca07
    [P_AUTH_DT] => 20251111200222
    [P_STATUS] => 02
    [P_TYPE] => VBANK
    [P_OID] => 251111-047
    [P_FN_CD1] => 11
    [P_FN_CD2] => 
    [P_FN_NM] => NH농협은행
    [P_AMT] => 3000
    [P_UNAME] => 편해영
    [P_RMESG1] => P_VACCT_NO=79015901768938|P_EXP_DT=20251121
    [P_RMESG2] => 
    [P_NOTI] => 
    [P_AUTH_NO] => 
)

 Array
(
    [PageCall time] => 20:03:13
    [P_TID] => INIMX_VBNKCAEcatca0720251111200016545521
    [P_MID] => CAEcatca07
    [P_AUTH_DT] => 20251111200313
    [P_STATUS] => 02
    [P_TYPE] => VBANK
    [P_OID] => 251111-046
    [P_FN_CD1] => 20
    [P_FN_CD2] => 
    [P_FN_NM] => 우리은행
    [P_AMT] => 3000
    [P_UNAME] => 이동식
    [P_RMESG1] => P_VACCT_NO=61841850118357|P_EXP_DT=20251121
    [P_RMESG2] => 
    [P_NOTI] => 
    [P_AUTH_NO] => 
)

 Array
(
    [PageCall time] => 20:44:44
    [P_TID] => INIMX_VBNKCAEcatca0720251111204133535565
    [P_MID] => CAEcatca07
    [P_AUTH_DT] => 20251111204444
    [P_STATUS] => 02
    [P_TYPE] => VBANK
    [P_OID] => 251111-048
    [P_FN_CD1] => 81
    [P_FN_CD2] => 
    [P_FN_NM] => 하나은행
    [P_AMT] => 3000
    [P_UNAME] => 김봉상
    [P_RMESG1] => P_VACCT_NO=20893997716637|P_EXP_DT=20251121
    [P_RMESG2] => 
    [P_NOTI] => 
    [P_AUTH_NO] => 
)

 Array
(
    [PageCall time] => 22:06:04
    [P_TID] => INIMX_VBNKCAEcatca0720251111220326515340
    [P_MID] => CAEcatca07
    [P_AUTH_DT] => 20251111220604
    [P_STATUS] => 02
    [P_TYPE] => VBANK
    [P_OID] => 251111-049
    [P_FN_CD1] => 04
    [P_FN_CD2] => 
    [P_FN_NM] => KB국민은행
    [P_AMT] => 3000
    [P_UNAME] => 곽흥식
    [P_RMESG1] => P_VACCT_NO=26029078157658|P_EXP_DT=20251121
    [P_RMESG2] => 
    [P_NOTI] => 
    [P_AUTH_NO] => 
)

 Array
(
    [PageCall time] => 22:40:21
    [P_TID] => INIMX_VBNKCAEcatca0720251111223518965130
    [P_MID] => CAEcatca07
    [P_AUTH_DT] => 20251111224021
    [P_STATUS] => 02
    [P_TYPE] => VBANK
    [P_OID] => 251111-052
    [P_FN_CD1] => 04
    [P_FN_CD2] => 
    [P_FN_NM] => KB국민은행
    [P_AMT] => 3000
    [P_UNAME] => 안문환
    [P_RMESG1] => P_VACCT_NO=26029078169879|P_EXP_DT=20251121
    [P_RMESG2] => 
    [P_NOTI] => 
    [P_AUTH_NO] => 
)

