 Array
(
    [PageCall time] => 07:18:41
    [P_TID] => INIMX_VBNKCAEcatca0720250918071728155184
    [P_MID] => CAEcatca07
    [P_AUTH_DT] => 20250918071841
    [P_STATUS] => 02
    [P_TYPE] => VBANK
    [P_OID] => 250918-002
    [P_FN_CD1] => 11
    [P_FN_CD2] => 
    [P_FN_NM] => NH농협은행
    [P_AMT] => 3000
    [P_UNAME] => 김선경
    [P_RMESG1] => P_VACCT_NO=79014506239281|P_EXP_DT=20250928
    [P_RMESG2] => 
    [P_NOTI] => 
    [P_AUTH_NO] => 
)

 Array
(
    [PageCall time] => 09:06:44
    [P_TID] => INIMX_VBNKCAEcatca0720250918090356655471
    [P_MID] => CAEcatca07
    [P_AUTH_DT] => 20250918090643
    [P_STATUS] => 02
    [P_TYPE] => VBANK
    [P_OID] => 250918-004
    [P_FN_CD1] => 20
    [P_FN_CD2] => 
    [P_FN_NM] => 우리은행
    [P_AMT] => 3000
    [P_UNAME] => 손무경
    [P_RMESG1] => P_VACCT_NO=27489972818522|P_EXP_DT=20250928
    [P_RMESG2] => 
    [P_NOTI] => 
    [P_AUTH_NO] => 
)

 Array
(
    [PageCall time] => 10:08:11
    [P_TID] => INIMX_VBNKCAEcatca0720250918100037915853
    [P_MID] => CAEcatca07
    [P_AUTH_DT] => 20250918100811
    [P_STATUS] => 02
    [P_TYPE] => VBANK
    [P_OID] => 250918-007
    [P_FN_CD1] => 23
    [P_FN_CD2] => 
    [P_FN_NM] => SC은행
    [P_AMT] => 3000
    [P_UNAME] => 김영남
    [P_RMESG1] => P_VACCT_NO=46416006209436|P_EXP_DT=20250928
    [P_RMESG2] => 
    [P_NOTI] => 
    [P_AUTH_NO] => 
)

 Array
(
    [PageCall time] => 10:27:37
    [P_TID] => INIMX_VBNKCAEcatca0720250918102316935969
    [P_MID] => CAEcatca07
    [P_AUTH_DT] => 20250918102737
    [P_STATUS] => 02
    [P_TYPE] => VBANK
    [P_OID] => 250918-012
    [P_FN_CD1] => 03
    [P_FN_CD2] => 
    [P_FN_NM] => 기업은행
    [P_AMT] => 3000
    [P_UNAME] => 안창관
    [P_RMESG1] => P_VACCT_NO=07502346497725|P_EXP_DT=20250928
    [P_RMESG2] => 
    [P_NOTI] => 
    [P_AUTH_NO] => 
)

 Array
(
    [PageCall time] => 11:32:54
    [P_TID] => INIMX_VBNKCAEcatca0720250918112830665158
    [P_MID] => CAEcatca07
    [P_AUTH_DT] => 20250918113254
    [P_STATUS] => 02
    [P_TYPE] => VBANK
    [P_OID] => 250917-031
    [P_FN_CD1] => 04
    [P_FN_CD2] => 
    [P_FN_NM] => KB국민은행
    [P_AMT] => 3000
    [P_UNAME] => 배종수
    [P_RMESG1] => P_VACCT_NO=26119078293430|P_EXP_DT=20250928
    [P_RMESG2] => 
    [P_NOTI] => 
    [P_AUTH_NO] => 
)

 Array
(
    [PageCall time] => 12:04:00
    [P_TID] => INIMX_VBNKCAEcatca0720250918120107475310
    [P_MID] => CAEcatca07
    [P_AUTH_DT] => 20250918120400
    [P_STATUS] => 02
    [P_TYPE] => VBANK
    [P_OID] => 250917-015
    [P_FN_CD1] => 81
    [P_FN_CD2] => 
    [P_FN_NM] => 하나은행
    [P_AMT] => 3000
    [P_UNAME] => 이희경
    [P_RMESG1] => P_VACCT_NO=20894324956237|P_EXP_DT=20250928
    [P_RMESG2] => 
    [P_NOTI] => 
    [P_AUTH_NO] => 
)

 Array
(
    [PageCall time] => 12:14:20
    [P_TID] => INIMX_VBNKCAEcatca0720250918121042175859
    [P_MID] => CAEcatca07
    [P_AUTH_DT] => 20250918121420
    [P_STATUS] => 02
    [P_TYPE] => VBANK
    [P_OID] => 250918-013
    [P_FN_CD1] => 04
    [P_FN_CD2] => 
    [P_FN_NM] => KB국민은행
    [P_AMT] => 3000
    [P_UNAME] => 강정숙
    [P_RMESG1] => P_VACCT_NO=26119078310968|P_EXP_DT=20250928
    [P_RMESG2] => 
    [P_NOTI] => 
    [P_AUTH_NO] => 
)

 Array
(
    [PageCall time] => 12:15:50
    [P_TID] => INIMX_VBNKCAEcatca0720250918121324265635
    [P_MID] => CAEcatca07
    [P_AUTH_DT] => 20250918121550
    [P_STATUS] => 02
    [P_TYPE] => VBANK
    [P_OID] => 250918-014
    [P_FN_CD1] => 03
    [P_FN_CD2] => 
    [P_FN_NM] => 기업은행
    [P_AMT] => 3000
    [P_UNAME] => 박태웅
    [P_RMESG1] => P_VACCT_NO=07502347697369|P_EXP_DT=20250928
    [P_RMESG2] => 
    [P_NOTI] => 
    [P_AUTH_NO] => 
)

 Array
(
    [PageCall time] => 12:34:08
    [P_TID] => INIMX_VBNKCAEcatca0720250918123009185599
    [P_MID] => CAEcatca07
    [P_AUTH_DT] => 20250918123408
    [P_STATUS] => 02
    [P_TYPE] => VBANK
    [P_OID] => 250918-015
    [P_FN_CD1] => 04
    [P_FN_CD2] => 
    [P_FN_NM] => KB국민은행
    [P_AMT] => 3000
    [P_UNAME] => 조은비
    [P_RMESG1] => P_VACCT_NO=26119078320594|P_EXP_DT=20250928
    [P_RMESG2] => 
    [P_NOTI] => 
    [P_AUTH_NO] => 
)

 Array
(
    [PageCall time] => 13:44:51
    [P_TID] => INIMX_VBNKCAEcatca0720250918134129265128
    [P_MID] => CAEcatca07
    [P_AUTH_DT] => 20250918134451
    [P_STATUS] => 02
    [P_TYPE] => VBANK
    [P_OID] => 250918-020
    [P_FN_CD1] => 88
    [P_FN_CD2] => 
    [P_FN_NM] => 신한은행
    [P_AMT] => 3000
    [P_UNAME] => 최진형
    [P_RMESG1] => P_VACCT_NO=56211102471138|P_EXP_DT=20250928
    [P_RMESG2] => 
    [P_NOTI] => 
    [P_AUTH_NO] => 
)

 Array
(
    [PageCall time] => 14:09:56
    [P_TID] => INIMX_VBNKCAEcatca0720250918140602155864
    [P_MID] => CAEcatca07
    [P_AUTH_DT] => 20250918140956
    [P_STATUS] => 02
    [P_TYPE] => VBANK
    [P_OID] => 250915-007
    [P_FN_CD1] => 88
    [P_FN_CD2] => 
    [P_FN_NM] => 신한은행
    [P_AMT] => 3000
    [P_UNAME] => 김현정
    [P_RMESG1] => P_VACCT_NO=56211102482211|P_EXP_DT=20250928
    [P_RMESG2] => 
    [P_NOTI] => 
    [P_AUTH_NO] => 
)

 Array
(
    [PageCall time] => 14:14:17
    [P_TID] => INIMX_VBNKCAEcatca0720250918141142215895
    [P_MID] => CAEcatca07
    [P_AUTH_DT] => 20250918141417
    [P_STATUS] => 02
    [P_TYPE] => VBANK
    [P_OID] => 250918-021
    [P_FN_CD1] => 04
    [P_FN_CD2] => 
    [P_FN_NM] => KB국민은행
    [P_AMT] => 3000
    [P_UNAME] => 박영은
    [P_RMESG1] => P_VACCT_NO=26119078460470|P_EXP_DT=20250928
    [P_RMESG2] => 
    [P_NOTI] => 
    [P_AUTH_NO] => 
)

 Array
(
    [PageCall time] => 14:16:14
    [P_TID] => INIMX_VBNKCAEcatca0720250918141401935730
    [P_MID] => CAEcatca07
    [P_AUTH_DT] => 20250918141614
    [P_STATUS] => 02
    [P_TYPE] => VBANK
    [P_OID] => 250918-022
    [P_FN_CD1] => 11
    [P_FN_CD2] => 
    [P_FN_NM] => NH농협은행
    [P_AMT] => 3000
    [P_UNAME] => 공동희
    [P_RMESG1] => P_VACCT_NO=79014506286921|P_EXP_DT=20250928
    [P_RMESG2] => 
    [P_NOTI] => 
    [P_AUTH_NO] => 
)

 Array
(
    [PageCall time] => 15:08:18
    [P_TID] => INIMX_VBNKCAEcatca0720250918150518955654
    [P_MID] => CAEcatca07
    [P_AUTH_DT] => 20250918150817
    [P_STATUS] => 02
    [P_TYPE] => VBANK
    [P_OID] => 250918-026
    [P_FN_CD1] => 88
    [P_FN_CD2] => 
    [P_FN_NM] => 신한은행
    [P_AMT] => 3000
    [P_UNAME] => 문형주
    [P_RMESG1] => P_VACCT_NO=56211102493774|P_EXP_DT=20250928
    [P_RMESG2] => 
    [P_NOTI] => 
    [P_AUTH_NO] => 
)

 Array
(
    [PageCall time] => 15:20:05
    [P_TID] => INIMX_VBNKCAEcatca0720250918151242445894
    [P_MID] => CAEcatca07
    [P_AUTH_DT] => 20250918152005
    [P_STATUS] => 02
    [P_TYPE] => VBANK
    [P_OID] => 250918-003
    [P_FN_CD1] => 03
    [P_FN_CD2] => 
    [P_FN_NM] => 기업은행
    [P_AMT] => 3000
    [P_UNAME] => 임미진
    [P_RMESG1] => P_VACCT_NO=07502349897404|P_EXP_DT=20250928
    [P_RMESG2] => 
    [P_NOTI] => 
    [P_AUTH_NO] => 
)

 Array
(
    [PageCall time] => 15:42:24
    [P_TID] => INIMX_VBNKCAEcatca0720250918153933555220
    [P_MID] => CAEcatca07
    [P_AUTH_DT] => 20250918154224
    [P_STATUS] => 02
    [P_TYPE] => VBANK
    [P_OID] => 250918-028
    [P_FN_CD1] => 81
    [P_FN_CD2] => 
    [P_FN_NM] => 하나은행
    [P_AMT] => 3000
    [P_UNAME] => 이도경
    [P_RMESG1] => P_VACCT_NO=20894325881837|P_EXP_DT=20250928
    [P_RMESG2] => 
    [P_NOTI] => 
    [P_AUTH_NO] => 
)

 Array
(
    [PageCall time] => 15:51:17
    [P_TID] => INIMX_VBNKCAEcatca0720250918154655325242
    [P_MID] => CAEcatca07
    [P_AUTH_DT] => 20250918155117
    [P_STATUS] => 02
    [P_TYPE] => VBANK
    [P_OID] => 250918-029
    [P_FN_CD1] => 03
    [P_FN_CD2] => 
    [P_FN_NM] => 기업은행
    [P_AMT] => 3000
    [P_UNAME] => 고재완
    [P_RMESG1] => P_VACCT_NO=07502350297954|P_EXP_DT=20250928
    [P_RMESG2] => 
    [P_NOTI] => 
    [P_AUTH_NO] => 
)

 Array
(
    [PageCall time] => 16:00:22
    [P_TID] => INIMX_VBNKCAEcatca0720250918155729445077
    [P_MID] => CAEcatca07
    [P_AUTH_DT] => 20250918160022
    [P_STATUS] => 02
    [P_TYPE] => VBANK
    [P_OID] => 250918-030
    [P_FN_CD1] => 88
    [P_FN_CD2] => 
    [P_FN_NM] => 신한은행
    [P_AMT] => 3000
    [P_UNAME] => 이혜련
    [P_RMESG1] => P_VACCT_NO=56211102501223|P_EXP_DT=20250928
    [P_RMESG2] => 
    [P_NOTI] => 
    [P_AUTH_NO] => 
)

 Array
(
    [PageCall time] => 17:08:38
    [P_TID] => INIMX_VBNKCAEcatca0720250918170459425148
    [P_MID] => CAEcatca07
    [P_AUTH_DT] => 20250918170838
    [P_STATUS] => 02
    [P_TYPE] => VBANK
    [P_OID] => 250918-032
    [P_FN_CD1] => 03
    [P_FN_CD2] => 
    [P_FN_NM] => 기업은행
    [P_AMT] => 3000
    [P_UNAME] => 이춘호
    [P_RMESG1] => P_VACCT_NO=07502351197565|P_EXP_DT=20250928
    [P_RMESG2] => 
    [P_NOTI] => 
    [P_AUTH_NO] => 
)

 Array
(
    [PageCall time] => 17:49:07
    [P_TID] => INIMX_VBNKCAEcatca0720250918174555975958
    [P_MID] => CAEcatca07
    [P_AUTH_DT] => 20250918174907
    [P_STATUS] => 02
    [P_TYPE] => VBANK
    [P_OID] => 250917-018
    [P_FN_CD1] => 04
    [P_FN_CD2] => 
    [P_FN_NM] => KB국민은행
    [P_AMT] => 3000
    [P_UNAME] => 이제원
    [P_RMESG1] => P_VACCT_NO=96279078732218|P_EXP_DT=20250928
    [P_RMESG2] => 
    [P_NOTI] => 
    [P_AUTH_NO] => 
)

 Array
(
    [PageCall time] => 19:56:38
    [P_TID] => INIMX_VBNKCAEcatca0720250918195312805283
    [P_MID] => CAEcatca07
    [P_AUTH_DT] => 20250918195638
    [P_STATUS] => 02
    [P_TYPE] => VBANK
    [P_OID] => 250918-036
    [P_FN_CD1] => 04
    [P_FN_CD2] => 
    [P_FN_NM] => KB국민은행
    [P_AMT] => 3000
    [P_UNAME] => 김주희
    [P_RMESG1] => P_VACCT_NO=96279078743544|P_EXP_DT=20250928
    [P_RMESG2] => 
    [P_NOTI] => 
    [P_AUTH_NO] => 
)

 Array
(
    [PageCall time] => 20:34:43
    [P_TID] => INIMX_VBNKCAEcatca0720250918203043495116
    [P_MID] => CAEcatca07
    [P_AUTH_DT] => 20250918203443
    [P_STATUS] => 02
    [P_TYPE] => VBANK
    [P_OID] => 250917-016
    [P_FN_CD1] => 20
    [P_FN_CD2] => 
    [P_FN_NM] => 우리은행
    [P_AMT] => 3000
    [P_UNAME] => 최기문
    [P_RMESG1] => P_VACCT_NO=27490012718991|P_EXP_DT=20250928
    [P_RMESG2] => 
    [P_NOTI] => 
    [P_AUTH_NO] => 
)

 Array
(
    [PageCall time] => 20:41:38
    [P_TID] => INIMX_VBNKCAEcatca0720250918203835575849
    [P_MID] => CAEcatca07
    [P_AUTH_DT] => 20250918204138
    [P_STATUS] => 02
    [P_TYPE] => VBANK
    [P_OID] => 250918-019
    [P_FN_CD1] => 04
    [P_FN_CD2] => 
    [P_FN_NM] => KB국민은행
    [P_AMT] => 3000
    [P_UNAME] => 신용덕
    [P_RMESG1] => P_VACCT_NO=96279078748888|P_EXP_DT=20250928
    [P_RMESG2] => 
    [P_NOTI] => 
    [P_AUTH_NO] => 
)

 Array
(
    [PageCall time] => 20:58:55
    [P_TID] => INIMX_VBNKCAEcatca0720250918205601155694
    [P_MID] => CAEcatca07
    [P_AUTH_DT] => 20250918205855
    [P_STATUS] => 02
    [P_TYPE] => VBANK
    [P_OID] => 250918-037
    [P_FN_CD1] => 04
    [P_FN_CD2] => 
    [P_FN_NM] => KB국민은행
    [P_AMT] => 3000
    [P_UNAME] => 김진영
    [P_RMESG1] => P_VACCT_NO=96279078750405|P_EXP_DT=20250928
    [P_RMESG2] => 
    [P_NOTI] => 
    [P_AUTH_NO] => 
)

 Array
(
    [PageCall time] => 21:42:04
    [P_TID] => INIMX_VBNKCAEcatca0720250918213750135754
    [P_MID] => CAEcatca07
    [P_AUTH_DT] => 20250918214204
    [P_STATUS] => 02
    [P_TYPE] => VBANK
    [P_OID] => 250918-005
    [P_FN_CD1] => 04
    [P_FN_CD2] => 
    [P_FN_NM] => KB국민은행
    [P_AMT] => 3000
    [P_UNAME] => 김청운
    [P_RMESG1] => P_VACCT_NO=96279078753972|P_EXP_DT=20250928
    [P_RMESG2] => 
    [P_NOTI] => 
    [P_AUTH_NO] => 
)

