 Array
(
    [PageCall time] => 04:42:57
    [P_TID] => INIMX_VBNKCAEcatca0720260321043940695561
    [P_MID] => CAEcatca07
    [P_AUTH_DT] => 20260321044257
    [P_STATUS] => 02
    [P_TYPE] => VBANK
    [P_OID] => 260320-027
    [P_FN_CD1] => 81
    [P_FN_CD2] => 
    [P_FN_NM] => 하나은행
    [P_AMT] => 3500
    [P_UNAME] => 허욱
    [P_RMESG1] => P_VACCT_NO=20893818474437|P_EXP_DT=20260331
    [P_RMESG2] => 
    [P_NOTI] => 
    [P_AUTH_NO] => 
)

 Array
(
    [PageCall time] => 07:44:31
    [P_TID] => INIMX_VBNKCAEcatca0720260321073721225719
    [P_MID] => CAEcatca07
    [P_AUTH_DT] => 20260321074431
    [P_STATUS] => 02
    [P_TYPE] => VBANK
    [P_OID] => 260318-049
    [P_FN_CD1] => 88
    [P_FN_CD2] => 
    [P_FN_NM] => 신한은행
    [P_AMT] => 3500
    [P_UNAME] => XUZHEXIONG
    [P_RMESG1] => P_VACCT_NO=56211102046989|P_EXP_DT=20260331
    [P_RMESG2] => 
    [P_NOTI] => 
    [P_AUTH_NO] => 
)

 Array
(
    [PageCall time] => 09:10:13
    [P_TID] => INIMX_VBNKCAEcatca0720260321090727255563
    [P_MID] => CAEcatca07
    [P_AUTH_DT] => 20260321091013
    [P_STATUS] => 02
    [P_TYPE] => VBANK
    [P_OID] => 260321-001
    [P_FN_CD1] => 07
    [P_FN_CD2] => 
    [P_FN_NM] => 수협은행
    [P_AMT] => 3500
    [P_UNAME] => 김명옥
    [P_RMESG1] => P_VACCT_NO=06640082521646|P_EXP_DT=20260331
    [P_RMESG2] => 
    [P_NOTI] => 
    [P_AUTH_NO] => 
)

 Array
(
    [PageCall time] => 10:37:14
    [P_TID] => INIMX_VBNKCAEcatca0720260321103431575305
    [P_MID] => CAEcatca07
    [P_AUTH_DT] => 20260321103714
    [P_STATUS] => 02
    [P_TYPE] => VBANK
    [P_OID] => 260321-002
    [P_FN_CD1] => 88
    [P_FN_CD2] => 
    [P_FN_NM] => 신한은행
    [P_AMT] => 3500
    [P_UNAME] => 강아름
    [P_RMESG1] => P_VACCT_NO=56211102914206|P_EXP_DT=20260331
    [P_RMESG2] => 
    [P_NOTI] => 
    [P_AUTH_NO] => 
)

 Array
(
    [PageCall time] => 11:20:55
    [P_TID] => INIMX_VBNKCAEcatca0720260321111715285442
    [P_MID] => CAEcatca07
    [P_AUTH_DT] => 20260321112055
    [P_STATUS] => 02
    [P_TYPE] => VBANK
    [P_OID] => 260320-038
    [P_FN_CD1] => 04
    [P_FN_CD2] => 
    [P_FN_NM] => KB국민은행
    [P_AMT] => 3500
    [P_UNAME] => 김수민
    [P_RMESG1] => P_VACCT_NO=40849011278264|P_EXP_DT=20260331
    [P_RMESG2] => 
    [P_NOTI] => 
    [P_AUTH_NO] => 
)

 Array
(
    [PageCall time] => 12:16:26
    [P_TID] => INIMX_VBNKCAEcatca0720260321121338685351
    [P_MID] => CAEcatca07
    [P_AUTH_DT] => 20260321121626
    [P_STATUS] => 02
    [P_TYPE] => VBANK
    [P_OID] => 260319-028
    [P_FN_CD1] => 88
    [P_FN_CD2] => 
    [P_FN_NM] => 신한은행
    [P_AMT] => 3500
    [P_UNAME] => 김효진
    [P_RMESG1] => P_VACCT_NO=56211103375251|P_EXP_DT=20260331
    [P_RMESG2] => 
    [P_NOTI] => 
    [P_AUTH_NO] => 
)

 Array
(
    [PageCall time] => 23:03:08
    [P_TID] => INIMX_VBNKCAEcatca0720260321230021614335
    [P_MID] => CAEcatca07
    [P_AUTH_DT] => 20260321230308
    [P_STATUS] => 02
    [P_TYPE] => VBANK
    [P_OID] => 260321-006
    [P_FN_CD1] => 03
    [P_FN_CD2] => 
    [P_FN_NM] => 기업은행
    [P_AMT] => 3500
    [P_UNAME] => 장윤영
    [P_RMESG1] => P_VACCT_NO=07500604997390|P_EXP_DT=20260331
    [P_RMESG2] => 
    [P_NOTI] => 
    [P_AUTH_NO] => 
)

