 Array
(
    [PageCall time] => 09:34:13
    [P_TID] => INIMX_VBNKCAEcatca0720250721093039905078
    [P_MID] => CAEcatca07
    [P_AUTH_DT] => 20250721093413
    [P_STATUS] => 02
    [P_TYPE] => VBANK
    [P_OID] => 250721-002
    [P_FN_CD1] => 88
    [P_FN_CD2] => 
    [P_FN_NM] => 신한은행
    [P_AMT] => 3000
    [P_UNAME] => 송규하
    [P_RMESG1] => P_VACCT_NO=56211103280597|P_EXP_DT=20250731
    [P_RMESG2] => 
    [P_NOTI] => 
    [P_AUTH_NO] => 
)

 Array
(
    [PageCall time] => 10:32:17
    [P_TID] => INIMX_VBNKCAEcatca0720250721102842635205
    [P_MID] => CAEcatca07
    [P_AUTH_DT] => 20250721103216
    [P_STATUS] => 02
    [P_TYPE] => VBANK
    [P_OID] => 250721-005
    [P_FN_CD1] => 03
    [P_FN_CD2] => 
    [P_FN_NM] => 기업은행
    [P_AMT] => 3000
    [P_UNAME] => 이상일
    [P_RMESG1] => P_VACCT_NO=07502362697233|P_EXP_DT=20250731
    [P_RMESG2] => 
    [P_NOTI] => 
    [P_AUTH_NO] => 
)

 Array
(
    [PageCall time] => 10:34:42
    [P_TID] => INIMX_VBNKCAEcatca0720250721103328995285
    [P_MID] => CAEcatca07
    [P_AUTH_DT] => 20250721103442
    [P_STATUS] => 02
    [P_TYPE] => VBANK
    [P_OID] => 250721-006
    [P_FN_CD1] => 11
    [P_FN_CD2] => 
    [P_FN_NM] => NH농협은행
    [P_AMT] => 3000
    [P_UNAME] => 임경화
    [P_RMESG1] => P_VACCT_NO=79013685119114|P_EXP_DT=20250731
    [P_RMESG2] => 
    [P_NOTI] => 
    [P_AUTH_NO] => 
)

 Array
(
    [PageCall time] => 11:01:10
    [P_TID] => INIMX_VBNKCAEcatca0720250721110022145462
    [P_MID] => CAEcatca07
    [P_AUTH_DT] => 20250721110110
    [P_STATUS] => 02
    [P_TYPE] => VBANK
    [P_OID] => 250721-008
    [P_FN_CD1] => 04
    [P_FN_CD2] => 
    [P_FN_NM] => KB국민은행
    [P_AMT] => 3000
    [P_UNAME] => 배다래
    [P_RMESG1] => P_VACCT_NO=26029078312716|P_EXP_DT=20250731
    [P_RMESG2] => 
    [P_NOTI] => 
    [P_AUTH_NO] => 
)

 Array
(
    [PageCall time] => 11:05:22
    [P_TID] => INIMX_VBNKCAEcatca0720250721105625895204
    [P_MID] => CAEcatca07
    [P_AUTH_DT] => 20250721110522
    [P_STATUS] => 02
    [P_TYPE] => VBANK
    [P_OID] => 250721-007
    [P_FN_CD1] => 11
    [P_FN_CD2] => 
    [P_FN_NM] => NH농협은행
    [P_AMT] => 3000
    [P_UNAME] => 김대곤
    [P_RMESG1] => P_VACCT_NO=79013685123210|P_EXP_DT=20250731
    [P_RMESG2] => 
    [P_NOTI] => 
    [P_AUTH_NO] => 
)

 Array
(
    [PageCall time] => 11:20:47
    [P_TID] => INIMX_VBNKCAEcatca0720250721111615275730
    [P_MID] => CAEcatca07
    [P_AUTH_DT] => 20250721112047
    [P_STATUS] => 02
    [P_TYPE] => VBANK
    [P_OID] => 250721-009
    [P_FN_CD1] => 81
    [P_FN_CD2] => 
    [P_FN_NM] => 하나은행
    [P_AMT] => 3000
    [P_UNAME] => 김민아
    [P_RMESG1] => P_VACCT_NO=20893870441137|P_EXP_DT=20250731
    [P_RMESG2] => 
    [P_NOTI] => 
    [P_AUTH_NO] => 
)

 Array
(
    [PageCall time] => 11:25:54
    [P_TID] => INIMX_VBNKCAEcatca0720250721112054585733
    [P_MID] => CAEcatca07
    [P_AUTH_DT] => 20250721112554
    [P_STATUS] => 02
    [P_TYPE] => VBANK
    [P_OID] => 250721-010
    [P_FN_CD1] => 03
    [P_FN_CD2] => 
    [P_FN_NM] => 기업은행
    [P_AMT] => 3000
    [P_UNAME] => 전재병
    [P_RMESG1] => P_VACCT_NO=07502363197957|P_EXP_DT=20250731
    [P_RMESG2] => 
    [P_NOTI] => 
    [P_AUTH_NO] => 
)

 Array
(
    [PageCall time] => 11:31:39
    [P_TID] => INIMX_VBNKCAEcatca0720250721112806225299
    [P_MID] => CAEcatca07
    [P_AUTH_DT] => 20250721113139
    [P_STATUS] => 02
    [P_TYPE] => VBANK
    [P_OID] => 250721-011
    [P_FN_CD1] => 88
    [P_FN_CD2] => 
    [P_FN_NM] => 신한은행
    [P_AMT] => 3000
    [P_UNAME] => 박미연
    [P_RMESG1] => P_VACCT_NO=56211991902204|P_EXP_DT=20250731
    [P_RMESG2] => 
    [P_NOTI] => 
    [P_AUTH_NO] => 
)

 Array
(
    [PageCall time] => 12:01:18
    [P_TID] => INIMX_VBNKCAEcatca0720250721115929785993
    [P_MID] => CAEcatca07
    [P_AUTH_DT] => 20250721120118
    [P_STATUS] => 02
    [P_TYPE] => VBANK
    [P_OID] => 250721-014
    [P_FN_CD1] => 11
    [P_FN_CD2] => 
    [P_FN_NM] => NH농협은행
    [P_AMT] => 3000
    [P_UNAME] => 정광숙
    [P_RMESG1] => P_VACCT_NO=79013685134188|P_EXP_DT=20250731
    [P_RMESG2] => 
    [P_NOTI] => 
    [P_AUTH_NO] => 
)

 Array
(
    [PageCall time] => 12:28:33
    [P_TID] => INIMX_VBNKCAEcatca0720250721122403295564
    [P_MID] => CAEcatca07
    [P_AUTH_DT] => 20250721122833
    [P_STATUS] => 02
    [P_TYPE] => VBANK
    [P_OID] => 250721-015
    [P_FN_CD1] => 81
    [P_FN_CD2] => 
    [P_FN_NM] => 하나은행
    [P_AMT] => 3000
    [P_UNAME] => 한상훈
    [P_RMESG1] => P_VACCT_NO=20893870838137|P_EXP_DT=20250731
    [P_RMESG2] => 
    [P_NOTI] => 
    [P_AUTH_NO] => 
)

 Array
(
    [PageCall time] => 13:15:21
    [P_TID] => INIMX_VBNKCAEcatca0720250721131439645179
    [P_MID] => CAEcatca07
    [P_AUTH_DT] => 20250721131521
    [P_STATUS] => 02
    [P_TYPE] => VBANK
    [P_OID] => 250721-016
    [P_FN_CD1] => 04
    [P_FN_CD2] => 
    [P_FN_NM] => KB국민은행
    [P_AMT] => 3000
    [P_UNAME] => 김성종
    [P_RMESG1] => P_VACCT_NO=26029078672034|P_EXP_DT=20250731
    [P_RMESG2] => 
    [P_NOTI] => 
    [P_AUTH_NO] => 
)

 Array
(
    [PageCall time] => 13:22:38
    [P_TID] => INIMX_VBNKCAEcatca0720250721132026195400
    [P_MID] => CAEcatca07
    [P_AUTH_DT] => 20250721132238
    [P_STATUS] => 02
    [P_TYPE] => VBANK
    [P_OID] => 250721-017
    [P_FN_CD1] => 11
    [P_FN_CD2] => 
    [P_FN_NM] => NH농협은행
    [P_AMT] => 3000
    [P_UNAME] => 박가희
    [P_RMESG1] => P_VACCT_NO=79013685143256|P_EXP_DT=20250731
    [P_RMESG2] => 
    [P_NOTI] => 
    [P_AUTH_NO] => 
)

 Array
(
    [PageCall time] => 14:08:27
    [P_TID] => INIMX_VBNKCAEcatca0720250721140803955856
    [P_MID] => CAEcatca07
    [P_AUTH_DT] => 20250721140827
    [P_STATUS] => 02
    [P_TYPE] => VBANK
    [P_OID] => 250721-021
    [P_FN_CD1] => 04
    [P_FN_CD2] => 
    [P_FN_NM] => KB국민은행
    [P_AMT] => 3000
    [P_UNAME] => 이선행
    [P_RMESG1] => P_VACCT_NO=26029078890612|P_EXP_DT=20250731
    [P_RMESG2] => 
    [P_NOTI] => 
    [P_AUTH_NO] => 
)

 Array
(
    [PageCall time] => 14:18:41
    [P_TID] => INIMX_VBNKCAEcatca0720250721141726565025
    [P_MID] => CAEcatca07
    [P_AUTH_DT] => 20250721141841
    [P_STATUS] => 02
    [P_TYPE] => VBANK
    [P_OID] => 250721-023
    [P_FN_CD1] => 04
    [P_FN_CD2] => 
    [P_FN_NM] => KB국민은행
    [P_AMT] => 3000
    [P_UNAME] => 권유진
    [P_RMESG1] => P_VACCT_NO=26029078929501|P_EXP_DT=20250731
    [P_RMESG2] => 
    [P_NOTI] => 
    [P_AUTH_NO] => 
)

 Array
(
    [PageCall time] => 14:20:05
    [P_TID] => INIMX_VBNKCAEcatca0720250721141720245647
    [P_MID] => CAEcatca07
    [P_AUTH_DT] => 20250721142005
    [P_STATUS] => 02
    [P_TYPE] => VBANK
    [P_OID] => 250721-025
    [P_FN_CD1] => 03
    [P_FN_CD2] => 
    [P_FN_NM] => 기업은행
    [P_AMT] => 3000
    [P_UNAME] => 김가연
    [P_RMESG1] => P_VACCT_NO=07502364997351|P_EXP_DT=20250731
    [P_RMESG2] => 
    [P_NOTI] => 
    [P_AUTH_NO] => 
)

 Array
(
    [PageCall time] => 14:33:40
    [P_TID] => INIMX_VBNKCAEcatca0720250721143050334952
    [P_MID] => CAEcatca07
    [P_AUTH_DT] => 20250721143340
    [P_STATUS] => 02
    [P_TYPE] => VBANK
    [P_OID] => 250721-027
    [P_FN_CD1] => 89
    [P_FN_CD2] => 
    [P_FN_NM] => 케이뱅크
    [P_AMT] => 3000
    [P_UNAME] => 임준석
    [P_RMESG1] => P_VACCT_NO=70112000203141|P_EXP_DT=20250731
    [P_RMESG2] => 
    [P_NOTI] => 
    [P_AUTH_NO] => 
)

 Array
(
    [PageCall time] => 14:43:11
    [P_TID] => INIMX_VBNKCAEcatca0720250721143955915949
    [P_MID] => CAEcatca07
    [P_AUTH_DT] => 20250721144310
    [P_STATUS] => 02
    [P_TYPE] => VBANK
    [P_OID] => 250721-026
    [P_FN_CD1] => 88
    [P_FN_CD2] => 
    [P_FN_NM] => 신한은행
    [P_AMT] => 3000
    [P_UNAME] => 최가진
    [P_RMESG1] => P_VACCT_NO=56211993198290|P_EXP_DT=20250731
    [P_RMESG2] => 
    [P_NOTI] => 
    [P_AUTH_NO] => 
)

 Array
(
    [PageCall time] => 14:44:06
    [P_TID] => INIMX_VBNKCAEcatca0720250721142913265994
    [P_MID] => CAEcatca07
    [P_AUTH_DT] => 20250721144406
    [P_STATUS] => 02
    [P_TYPE] => VBANK
    [P_OID] => 250721-029
    [P_FN_CD1] => 11
    [P_FN_CD2] => 
    [P_FN_NM] => NH농협은행
    [P_AMT] => 3000
    [P_UNAME] => 김명섭
    [P_RMESG1] => P_VACCT_NO=79013685154035|P_EXP_DT=20250731
    [P_RMESG2] => 
    [P_NOTI] => 
    [P_AUTH_NO] => 
)

 Array
(
    [PageCall time] => 14:50:03
    [P_TID] => INIMX_VBNKCAEcatca0720250721144719115196
    [P_MID] => CAEcatca07
    [P_AUTH_DT] => 20250721145003
    [P_STATUS] => 02
    [P_TYPE] => VBANK
    [P_OID] => 250721-022
    [P_FN_CD1] => 88
    [P_FN_CD2] => 
    [P_FN_NM] => 신한은행
    [P_AMT] => 3000
    [P_UNAME] => 최상선
    [P_RMESG1] => P_VACCT_NO=56213170602899|P_EXP_DT=20250731
    [P_RMESG2] => 
    [P_NOTI] => 
    [P_AUTH_NO] => 
)

 Array
(
    [PageCall time] => 15:08:10
    [P_TID] => INIMX_VBNKCAEcatca0720250721150530165271
    [P_MID] => CAEcatca07
    [P_AUTH_DT] => 20250721150810
    [P_STATUS] => 02
    [P_TYPE] => VBANK
    [P_OID] => 250721-030
    [P_FN_CD1] => 04
    [P_FN_CD2] => 
    [P_FN_NM] => KB국민은행
    [P_AMT] => 3000
    [P_UNAME] => 정복순
    [P_RMESG1] => P_VACCT_NO=70239014275973|P_EXP_DT=20250731
    [P_RMESG2] => 
    [P_NOTI] => 
    [P_AUTH_NO] => 
)

 Array
(
    [PageCall time] => 15:09:35
    [P_TID] => INIMX_VBNKCAEcatca0720250721150843664405
    [P_MID] => CAEcatca07
    [P_AUTH_DT] => 20250721150935
    [P_STATUS] => 02
    [P_TYPE] => VBANK
    [P_OID] => 250721-031
    [P_FN_CD1] => 11
    [P_FN_CD2] => 
    [P_FN_NM] => NH농협은행
    [P_AMT] => 3000
    [P_UNAME] => 허명
    [P_RMESG1] => P_VACCT_NO=79003195307199|P_EXP_DT=20250731
    [P_RMESG2] => 
    [P_NOTI] => 
    [P_AUTH_NO] => 
)

 Array
(
    [PageCall time] => 15:11:47
    [P_TID] => INIMX_VBNKCAEcatca0720250721150935305269
    [P_MID] => CAEcatca07
    [P_AUTH_DT] => 20250721151147
    [P_STATUS] => 02
    [P_TYPE] => VBANK
    [P_OID] => 250721-032
    [P_FN_CD1] => 11
    [P_FN_CD2] => 
    [P_FN_NM] => NH농협은행
    [P_AMT] => 3000
    [P_UNAME] => 신영혜
    [P_RMESG1] => P_VACCT_NO=79013685162019|P_EXP_DT=20250731
    [P_RMESG2] => 
    [P_NOTI] => 
    [P_AUTH_NO] => 
)

 Array
(
    [PageCall time] => 15:22:02
    [P_TID] => INIMX_VBNKCAEcatca0720250721151853774137
    [P_MID] => CAEcatca07
    [P_AUTH_DT] => 20250721152202
    [P_STATUS] => 02
    [P_TYPE] => VBANK
    [P_OID] => 250721-033
    [P_FN_CD1] => 88
    [P_FN_CD2] => 
    [P_FN_NM] => 신한은행
    [P_AMT] => 3000
    [P_UNAME] => 박혜정
    [P_RMESG1] => P_VACCT_NO=56211122023280|P_EXP_DT=20250731
    [P_RMESG2] => 
    [P_NOTI] => 
    [P_AUTH_NO] => 
)

 Array
(
    [PageCall time] => 16:27:34
    [P_TID] => INIMX_VBNKCAEcatca0720250721162449754724
    [P_MID] => CAEcatca07
    [P_AUTH_DT] => 20250721162734
    [P_STATUS] => 02
    [P_TYPE] => VBANK
    [P_OID] => 250721-038
    [P_FN_CD1] => 20
    [P_FN_CD2] => 
    [P_FN_NM] => 우리은행
    [P_AMT] => 3000
    [P_UNAME] => 정주리
    [P_RMESG1] => P_VACCT_NO=09103546318619|P_EXP_DT=20250731
    [P_RMESG2] => 
    [P_NOTI] => 
    [P_AUTH_NO] => 
)

 Array
(
    [PageCall time] => 16:31:50
    [P_TID] => INIMX_VBNKCAEcatca0720250721162822744450
    [P_MID] => CAEcatca07
    [P_AUTH_DT] => 20250721163150
    [P_STATUS] => 02
    [P_TYPE] => VBANK
    [P_OID] => 250721-039
    [P_FN_CD1] => 07
    [P_FN_CD2] => 
    [P_FN_NM] => 수협은행
    [P_AMT] => 3000
    [P_UNAME] => 최현정
    [P_RMESG1] => P_VACCT_NO=06640083361733|P_EXP_DT=20250731
    [P_RMESG2] => 
    [P_NOTI] => 
    [P_AUTH_NO] => 
)

 Array
(
    [PageCall time] => 16:39:14
    [P_TID] => INIMX_VBNKCAEcatca0720250721163529324285
    [P_MID] => CAEcatca07
    [P_AUTH_DT] => 20250721163914
    [P_STATUS] => 02
    [P_TYPE] => VBANK
    [P_OID] => 250721-036
    [P_FN_CD1] => 03
    [P_FN_CD2] => 
    [P_FN_NM] => 기업은행
    [P_AMT] => 3000
    [P_UNAME] => 서미옥
    [P_RMESG1] => P_VACCT_NO=07500317797098|P_EXP_DT=20250731
    [P_RMESG2] => 
    [P_NOTI] => 
    [P_AUTH_NO] => 
)

 Array
(
    [PageCall time] => 16:55:34
    [P_TID] => INIMX_VBNKCAEcatca0720250721165439414526
    [P_MID] => CAEcatca07
    [P_AUTH_DT] => 20250721165534
    [P_STATUS] => 02
    [P_TYPE] => VBANK
    [P_OID] => 250721-043
    [P_FN_CD1] => 04
    [P_FN_CD2] => 
    [P_FN_NM] => KB국민은행
    [P_AMT] => 3000
    [P_UNAME] => 김수지
    [P_RMESG1] => P_VACCT_NO=88429011574274|P_EXP_DT=20250731
    [P_RMESG2] => 
    [P_NOTI] => 
    [P_AUTH_NO] => 
)

 Array
(
    [PageCall time] => 17:50:38
    [P_TID] => INIMX_VBNKCAEcatca0720250721174709444385
    [P_MID] => CAEcatca07
    [P_AUTH_DT] => 20250721175038
    [P_STATUS] => 02
    [P_TYPE] => VBANK
    [P_OID] => 250721-044
    [P_FN_CD1] => 81
    [P_FN_CD2] => 
    [P_FN_NM] => 하나은행
    [P_AMT] => 3000
    [P_UNAME] => 김만영
    [P_RMESG1] => P_VACCT_NO=20893781692337|P_EXP_DT=20250731
    [P_RMESG2] => 
    [P_NOTI] => 
    [P_AUTH_NO] => 
)

 Array
(
    [PageCall time] => 17:53:19
    [P_TID] => INIMX_VBNKCAEcatca0720250721175228294964
    [P_MID] => CAEcatca07
    [P_AUTH_DT] => 20250721175319
    [P_STATUS] => 02
    [P_TYPE] => VBANK
    [P_OID] => 250721-034
    [P_FN_CD1] => 04
    [P_FN_CD2] => 
    [P_FN_NM] => KB국민은행
    [P_AMT] => 3000
    [P_UNAME] => 김금자
    [P_RMESG1] => P_VACCT_NO=88429011580860|P_EXP_DT=20250731
    [P_RMESG2] => 
    [P_NOTI] => 
    [P_AUTH_NO] => 
)

 Array
(
    [PageCall time] => 18:59:07
    [P_TID] => INIMX_VBNKCAEcatca0720250721185821264601
    [P_MID] => CAEcatca07
    [P_AUTH_DT] => 20250721185907
    [P_STATUS] => 02
    [P_TYPE] => VBANK
    [P_OID] => 250721-045
    [P_FN_CD1] => 04
    [P_FN_CD2] => 
    [P_FN_NM] => KB국민은행
    [P_AMT] => 3000
    [P_UNAME] => 백아름
    [P_RMESG1] => P_VACCT_NO=88429011586619|P_EXP_DT=20250731
    [P_RMESG2] => 
    [P_NOTI] => 
    [P_AUTH_NO] => 
)

 Array
(
    [PageCall time] => 20:39:40
    [P_TID] => INIMX_VBNKCAEcatca0720250721203653364930
    [P_MID] => CAEcatca07
    [P_AUTH_DT] => 20250721203940
    [P_STATUS] => 02
    [P_TYPE] => VBANK
    [P_OID] => 250721-046
    [P_FN_CD1] => 89
    [P_FN_CD2] => 
    [P_FN_NM] => 케이뱅크
    [P_AMT] => 3000
    [P_UNAME] => 이희정
    [P_RMESG1] => P_VACCT_NO=70112000204831|P_EXP_DT=20250731
    [P_RMESG2] => 
    [P_NOTI] => 
    [P_AUTH_NO] => 
)

 Array
(
    [PageCall time] => 20:45:25
    [P_TID] => INIMX_VBNKCAEcatca0720250721204350584354
    [P_MID] => CAEcatca07
    [P_AUTH_DT] => 20250721204525
    [P_STATUS] => 02
    [P_TYPE] => VBANK
    [P_OID] => 250721-047
    [P_FN_CD1] => 11
    [P_FN_CD2] => 
    [P_FN_NM] => NH농협은행
    [P_AMT] => 3000
    [P_UNAME] => 박금숙
    [P_RMESG1] => P_VACCT_NO=79003195342114|P_EXP_DT=20250731
    [P_RMESG2] => 
    [P_NOTI] => 
    [P_AUTH_NO] => 
)

 Array
(
    [PageCall time] => 21:20:43
    [P_TID] => INIMX_VBNKCAEcatca0720250721211933804102
    [P_MID] => CAEcatca07
    [P_AUTH_DT] => 20250721212043
    [P_STATUS] => 02
    [P_TYPE] => VBANK
    [P_OID] => 250721-048
    [P_FN_CD1] => 11
    [P_FN_CD2] => 
    [P_FN_NM] => NH농협은행
    [P_AMT] => 3000
    [P_UNAME] => 임동규
    [P_RMESG1] => P_VACCT_NO=79003195345036|P_EXP_DT=20250731
    [P_RMESG2] => 
    [P_NOTI] => 
    [P_AUTH_NO] => 
)

