 Array
(
    [PageCall time] => 07:27:13
    [P_TID] => INIMX_VBNKCAEcatca0720250317072613815160
    [P_MID] => CAEcatca07
    [P_AUTH_DT] => 20250317072713
    [P_STATUS] => 02
    [P_TYPE] => VBANK
    [P_OID] => 250317-001
    [P_FN_CD1] => 11
    [P_FN_CD2] => 
    [P_FN_NM] => NH농협은행
    [P_AMT] => 3000
    [P_UNAME] => 김남훈
    [P_RMESG1] => P_VACCT_NO=79014507871539|P_EXP_DT=20250327
    [P_RMESG2] => 
    [P_NOTI] => 
    [P_AUTH_NO] => 
)

 Array
(
    [PageCall time] => 08:38:00
    [P_TID] => INIMX_VBNKCAEcatca0720250317083704195191
    [P_MID] => CAEcatca07
    [P_AUTH_DT] => 20250317083800
    [P_STATUS] => 02
    [P_TYPE] => VBANK
    [P_OID] => 250317-002
    [P_FN_CD1] => 04
    [P_FN_CD2] => 
    [P_FN_NM] => KB국민은행
    [P_AMT] => 3000
    [P_UNAME] => 박세임
    [P_RMESG1] => P_VACCT_NO=26119078950034|P_EXP_DT=20250327
    [P_RMESG2] => 
    [P_NOTI] => 
    [P_AUTH_NO] => 
)

 Array
(
    [PageCall time] => 10:06:12
    [P_TID] => INIMX_VBNKCAEcatca0720250317100021245494
    [P_MID] => CAEcatca07
    [P_AUTH_DT] => 20250317100612
    [P_STATUS] => 02
    [P_TYPE] => VBANK
    [P_OID] => 250317-003
    [P_FN_CD1] => 89
    [P_FN_CD2] => 
    [P_FN_NM] => 케이뱅크
    [P_AMT] => 3000
    [P_UNAME] => 박진영
    [P_RMESG1] => P_VACCT_NO=70112004154585|P_EXP_DT=20250327
    [P_RMESG2] => 
    [P_NOTI] => 
    [P_AUTH_NO] => 
)

 Array
(
    [PageCall time] => 10:09:16
    [P_TID] => INIMX_VBNKCAEcatca0720250317100600925859
    [P_MID] => CAEcatca07
    [P_AUTH_DT] => 20250317100915
    [P_STATUS] => 02
    [P_TYPE] => VBANK
    [P_OID] => 250317-004
    [P_FN_CD1] => 03
    [P_FN_CD2] => 
    [P_FN_NM] => 기업은행
    [P_AMT] => 3000
    [P_UNAME] => 강희화
    [P_RMESG1] => P_VACCT_NO=07502394697176|P_EXP_DT=20250327
    [P_RMESG2] => 
    [P_NOTI] => 
    [P_AUTH_NO] => 
)

 Array
(
    [PageCall time] => 10:19:43
    [P_TID] => INIMX_VBNKCAEcatca0720250317101835275901
    [P_MID] => CAEcatca07
    [P_AUTH_DT] => 20250317101943
    [P_STATUS] => 02
    [P_TYPE] => VBANK
    [P_OID] => 250317-005
    [P_FN_CD1] => 04
    [P_FN_CD2] => 
    [P_FN_NM] => KB국민은행
    [P_AMT] => 3000
    [P_UNAME] => 류보라
    [P_RMESG1] => P_VACCT_NO=39449011559165|P_EXP_DT=20250327
    [P_RMESG2] => 
    [P_NOTI] => 
    [P_AUTH_NO] => 
)

 Array
(
    [PageCall time] => 11:46:06
    [P_TID] => INIMX_VBNKCAEcatca0720250317114348105536
    [P_MID] => CAEcatca07
    [P_AUTH_DT] => 20250317114606
    [P_STATUS] => 02
    [P_TYPE] => VBANK
    [P_OID] => 250317-010
    [P_FN_CD1] => 11
    [P_FN_CD2] => 
    [P_FN_NM] => NH농협은행
    [P_AMT] => 3000
    [P_UNAME] => 구창회
    [P_RMESG1] => P_VACCT_NO=79014507891060|P_EXP_DT=20250327
    [P_RMESG2] => 
    [P_NOTI] => 
    [P_AUTH_NO] => 
)

 Array
(
    [PageCall time] => 11:57:21
    [P_TID] => INIMX_VBNKCAEcatca0720250317115416845898
    [P_MID] => CAEcatca07
    [P_AUTH_DT] => 20250317115721
    [P_STATUS] => 02
    [P_TYPE] => VBANK
    [P_OID] => 250317-011
    [P_FN_CD1] => 88
    [P_FN_CD2] => 
    [P_FN_NM] => 신한은행
    [P_AMT] => 3000
    [P_UNAME] => 이은영
    [P_RMESG1] => P_VACCT_NO=56211991038174|P_EXP_DT=20250327
    [P_RMESG2] => 
    [P_NOTI] => 
    [P_AUTH_NO] => 
)

 Array
(
    [PageCall time] => 12:03:29
    [P_TID] => INIMX_VBNKCAEcatca0720250317120200465276
    [P_MID] => CAEcatca07
    [P_AUTH_DT] => 20250317120329
    [P_STATUS] => 02
    [P_TYPE] => VBANK
    [P_OID] => 250317-012
    [P_FN_CD1] => 11
    [P_FN_CD2] => 
    [P_FN_NM] => NH농협은행
    [P_AMT] => 3000
    [P_UNAME] => 안미영
    [P_RMESG1] => P_VACCT_NO=79014507892245|P_EXP_DT=20250327
    [P_RMESG2] => 
    [P_NOTI] => 
    [P_AUTH_NO] => 
)

 Array
(
    [PageCall time] => 12:22:52
    [P_TID] => INIMX_VBNKCAEcatca0720250317121924485004
    [P_MID] => CAEcatca07
    [P_AUTH_DT] => 20250317122252
    [P_STATUS] => 02
    [P_TYPE] => VBANK
    [P_OID] => 250317-014
    [P_FN_CD1] => 88
    [P_FN_CD2] => 
    [P_FN_NM] => 신한은행
    [P_AMT] => 3000
    [P_UNAME] => 장용호
    [P_RMESG1] => P_VACCT_NO=56211991039923|P_EXP_DT=20250327
    [P_RMESG2] => 
    [P_NOTI] => 
    [P_AUTH_NO] => 
)

 Array
(
    [PageCall time] => 12:40:32
    [P_TID] => INIMX_VBNKCAEcatca0720250311164004645202
    [P_MID] => CAEcatca07
    [P_AUTH_DT] => 20250317124032
    [P_STATUS] => 02
    [P_TYPE] => VBANK
    [P_OID] => 250311-027
    [P_FN_CD1] => 88
    [P_FN_CD2] => 
    [P_FN_NM] => 신한은행
    [P_AMT] => 3000
    [P_UNAME] => 이승희
    [P_RMESG1] => P_VACCT_NO=56211990735333|P_EXP_DT=20250321
    [P_RMESG2] => 
    [P_NOTI] => 
    [P_AUTH_NO] => 
)

 Array
(
    [PageCall time] => 12:55:26
    [P_TID] => INIMX_VBNKCAEcatca0720250317125429585480
    [P_MID] => CAEcatca07
    [P_AUTH_DT] => 20250317125526
    [P_STATUS] => 02
    [P_TYPE] => VBANK
    [P_OID] => 250317-015
    [P_FN_CD1] => 04
    [P_FN_CD2] => 
    [P_FN_NM] => KB국민은행
    [P_AMT] => 3000
    [P_UNAME] => 조유선
    [P_RMESG1] => P_VACCT_NO=42089011324181|P_EXP_DT=20250327
    [P_RMESG2] => 
    [P_NOTI] => 
    [P_AUTH_NO] => 
)

 Array
(
    [PageCall time] => 13:53:09
    [P_TID] => INIMX_VBNKCAEcatca0720250317135027765064
    [P_MID] => CAEcatca07
    [P_AUTH_DT] => 20250317135309
    [P_STATUS] => 02
    [P_TYPE] => VBANK
    [P_OID] => 250317-018
    [P_FN_CD1] => 81
    [P_FN_CD2] => 
    [P_FN_NM] => 하나은행
    [P_AMT] => 3000
    [P_UNAME] => 김승희
    [P_RMESG1] => P_VACCT_NO=20894076233537|P_EXP_DT=20250327
    [P_RMESG2] => 
    [P_NOTI] => 
    [P_AUTH_NO] => 
)

 Array
(
    [PageCall time] => 13:55:03
    [P_TID] => INIMX_VBNKCAEcatca0720250317135223205899
    [P_MID] => CAEcatca07
    [P_AUTH_DT] => 20250317135503
    [P_STATUS] => 02
    [P_TYPE] => VBANK
    [P_OID] => 250317-016
    [P_FN_CD1] => 88
    [P_FN_CD2] => 
    [P_FN_NM] => 신한은행
    [P_AMT] => 3000
    [P_UNAME] => 오지석
    [P_RMESG1] => P_VACCT_NO=56211991046120|P_EXP_DT=20250327
    [P_RMESG2] => 
    [P_NOTI] => 
    [P_AUTH_NO] => 
)

 Array
(
    [PageCall time] => 15:15:12
    [P_TID] => INIMX_VBNKCAEcatca0720250317151245925984
    [P_MID] => CAEcatca07
    [P_AUTH_DT] => 20250317151512
    [P_STATUS] => 02
    [P_TYPE] => VBANK
    [P_OID] => 250316-014
    [P_FN_CD1] => 88
    [P_FN_CD2] => 
    [P_FN_NM] => 신한은행
    [P_AMT] => 3000
    [P_UNAME] => 박지현
    [P_RMESG1] => P_VACCT_NO=56211991052290|P_EXP_DT=20250327
    [P_RMESG2] => 
    [P_NOTI] => 
    [P_AUTH_NO] => 
)

 Array
(
    [PageCall time] => 15:35:41
    [P_TID] => INIMX_VBNKCAEcatca0720250317153035205549
    [P_MID] => CAEcatca07
    [P_AUTH_DT] => 20250317153541
    [P_STATUS] => 02
    [P_TYPE] => VBANK
    [P_OID] => 250317-025
    [P_FN_CD1] => 88
    [P_FN_CD2] => 
    [P_FN_NM] => 신한은행
    [P_AMT] => 3000
    [P_UNAME] => 이경순
    [P_RMESG1] => P_VACCT_NO=56211991053345|P_EXP_DT=20250327
    [P_RMESG2] => 
    [P_NOTI] => 
    [P_AUTH_NO] => 
)

 Array
(
    [PageCall time] => 15:38:16
    [P_TID] => INIMX_VBNKCAEcatca0720250317153517295051
    [P_MID] => CAEcatca07
    [P_AUTH_DT] => 20250317153816
    [P_STATUS] => 02
    [P_TYPE] => VBANK
    [P_OID] => 250317-026
    [P_FN_CD1] => 20
    [P_FN_CD2] => 
    [P_FN_NM] => 우리은행
    [P_AMT] => 3000
    [P_UNAME] => 이선자
    [P_RMESG1] => P_VACCT_NO=27204900618279|P_EXP_DT=20250327
    [P_RMESG2] => 
    [P_NOTI] => 
    [P_AUTH_NO] => 
)

 Array
(
    [PageCall time] => 15:40:47
    [P_TID] => INIMX_VBNKCAEcatca0720250317153921135222
    [P_MID] => CAEcatca07
    [P_AUTH_DT] => 20250317154047
    [P_STATUS] => 02
    [P_TYPE] => VBANK
    [P_OID] => 250317-027
    [P_FN_CD1] => 04
    [P_FN_CD2] => 
    [P_FN_NM] => KB국민은행
    [P_AMT] => 3000
    [P_UNAME] => 이미숙
    [P_RMESG1] => P_VACCT_NO=51009079021239|P_EXP_DT=20250327
    [P_RMESG2] => 
    [P_NOTI] => 
    [P_AUTH_NO] => 
)

 Array
(
    [PageCall time] => 15:47:01
    [P_TID] => INIMX_VBNKCAEcatca0720250317152645695307
    [P_MID] => CAEcatca07
    [P_AUTH_DT] => 20250317154701
    [P_STATUS] => 02
    [P_TYPE] => VBANK
    [P_OID] => 250317-023
    [P_FN_CD1] => 04
    [P_FN_CD2] => 
    [P_FN_NM] => KB국민은행
    [P_AMT] => 3000
    [P_UNAME] => 신흥식
    [P_RMESG1] => P_VACCT_NO=49789079266032|P_EXP_DT=20250327
    [P_RMESG2] => 
    [P_NOTI] => 
    [P_AUTH_NO] => 
)

 Array
(
    [PageCall time] => 17:07:35
    [P_TID] => INIMX_VBNKCAEcatca0720250317170430425346
    [P_MID] => CAEcatca07
    [P_AUTH_DT] => 20250317170735
    [P_STATUS] => 02
    [P_TYPE] => VBANK
    [P_OID] => 250317-030
    [P_FN_CD1] => 88
    [P_FN_CD2] => 
    [P_FN_NM] => 신한은행
    [P_AMT] => 3000
    [P_UNAME] => 류지선
    [P_RMESG1] => P_VACCT_NO=56211991058621|P_EXP_DT=20250327
    [P_RMESG2] => 
    [P_NOTI] => 
    [P_AUTH_NO] => 
)

 Array
(
    [PageCall time] => 17:29:22
    [P_TID] => INIMX_VBNKCAEcatca0720250317172651705029
    [P_MID] => CAEcatca07
    [P_AUTH_DT] => 20250317172922
    [P_STATUS] => 02
    [P_TYPE] => VBANK
    [P_OID] => 250317-031
    [P_FN_CD1] => 88
    [P_FN_CD2] => 
    [P_FN_NM] => 신한은행
    [P_AMT] => 3000
    [P_UNAME] => 최현주
    [P_RMESG1] => P_VACCT_NO=56211991060249|P_EXP_DT=20250327
    [P_RMESG2] => 
    [P_NOTI] => 
    [P_AUTH_NO] => 
)

 Array
(
    [PageCall time] => 18:28:46
    [P_TID] => INIMX_VBNKCAEcatca0720250317182505755391
    [P_MID] => CAEcatca07
    [P_AUTH_DT] => 20250317182845
    [P_STATUS] => 02
    [P_TYPE] => VBANK
    [P_OID] => 250317-033
    [P_FN_CD1] => 81
    [P_FN_CD2] => 
    [P_FN_NM] => 하나은행
    [P_AMT] => 3000
    [P_UNAME] => 김진원
    [P_RMESG1] => P_VACCT_NO=20894077465037|P_EXP_DT=20250327
    [P_RMESG2] => 
    [P_NOTI] => 
    [P_AUTH_NO] => 
)

 Array
(
    [PageCall time] => 19:54:10
    [P_TID] => INIMX_VBNKCAEcatca0720250317195209175141
    [P_MID] => CAEcatca07
    [P_AUTH_DT] => 20250317195410
    [P_STATUS] => 02
    [P_TYPE] => VBANK
    [P_OID] => 250317-034
    [P_FN_CD1] => 04
    [P_FN_CD2] => 
    [P_FN_NM] => KB국민은행
    [P_AMT] => 3000
    [P_UNAME] => 이무임
    [P_RMESG1] => P_VACCT_NO=26159078023655|P_EXP_DT=20250327
    [P_RMESG2] => 
    [P_NOTI] => 
    [P_AUTH_NO] => 
)

 Array
(
    [PageCall time] => 20:27:08
    [P_TID] => INIMX_VBNKCAEcatca0720250317202432725240
    [P_MID] => CAEcatca07
    [P_AUTH_DT] => 20250317202708
    [P_STATUS] => 02
    [P_TYPE] => VBANK
    [P_OID] => 250317-035
    [P_FN_CD1] => 81
    [P_FN_CD2] => 
    [P_FN_NM] => 하나은행
    [P_AMT] => 3000
    [P_UNAME] => 조연주
    [P_RMESG1] => P_VACCT_NO=20894078842237|P_EXP_DT=20250327
    [P_RMESG2] => 
    [P_NOTI] => 
    [P_AUTH_NO] => 
)

 Array
(
    [PageCall time] => 20:52:31
    [P_TID] => INIMX_VBNKCAEcatca0720250317205110735058
    [P_MID] => CAEcatca07
    [P_AUTH_DT] => 20250317205231
    [P_STATUS] => 02
    [P_TYPE] => VBANK
    [P_OID] => 250317-009
    [P_FN_CD1] => 11
    [P_FN_CD2] => 
    [P_FN_NM] => NH농협은행
    [P_AMT] => 3000
    [P_UNAME] => 권오익
    [P_RMESG1] => P_VACCT_NO=79014507956053|P_EXP_DT=20250327
    [P_RMESG2] => 
    [P_NOTI] => 
    [P_AUTH_NO] => 
)

 Array
(
    [PageCall time] => 22:23:06
    [P_TID] => INIMX_VBNKCAEcatca0720250317222008345924
    [P_MID] => CAEcatca07
    [P_AUTH_DT] => 20250317222306
    [P_STATUS] => 02
    [P_TYPE] => VBANK
    [P_OID] => 250317-036
    [P_FN_CD1] => 89
    [P_FN_CD2] => 
    [P_FN_NM] => 케이뱅크
    [P_AMT] => 3000
    [P_UNAME] => 강준희
    [P_RMESG1] => P_VACCT_NO=70112004159376|P_EXP_DT=20250327
    [P_RMESG2] => 
    [P_NOTI] => 
    [P_AUTH_NO] => 
)

