 Array
(
    [PageCall time] => 02:58:13
    [P_TID] => INIMX_VBNKCAEcatca0720250627025549925569
    [P_MID] => CAEcatca07
    [P_AUTH_DT] => 20250627025813
    [P_STATUS] => 02
    [P_TYPE] => VBANK
    [P_OID] => 250627-001
    [P_FN_CD1] => 04
    [P_FN_CD2] => 
    [P_FN_NM] => KB국민은행
    [P_AMT] => 3000
    [P_UNAME] => 안순자
    [P_RMESG1] => P_VACCT_NO=70149014831523|P_EXP_DT=20250707
    [P_RMESG2] => 
    [P_NOTI] => 
    [P_AUTH_NO] => 
)

 Array
(
    [PageCall time] => 08:32:42
    [P_TID] => INIMX_VBNKCAEcatca0720250627082933895162
    [P_MID] => CAEcatca07
    [P_AUTH_DT] => 20250627083241
    [P_STATUS] => 02
    [P_TYPE] => VBANK
    [P_OID] => 250627-002
    [P_FN_CD1] => 89
    [P_FN_CD2] => 
    [P_FN_NM] => 케이뱅크
    [P_AMT] => 3000
    [P_UNAME] => 송기웅
    [P_RMESG1] => P_VACCT_NO=70112003850971|P_EXP_DT=20250707
    [P_RMESG2] => 
    [P_NOTI] => 
    [P_AUTH_NO] => 
)

 Array
(
    [PageCall time] => 08:35:54
    [P_TID] => INIMX_VBNKCAEcatca0720250627083442905545
    [P_MID] => CAEcatca07
    [P_AUTH_DT] => 20250627083554
    [P_STATUS] => 02
    [P_TYPE] => VBANK
    [P_OID] => 250627-003
    [P_FN_CD1] => 11
    [P_FN_CD2] => 
    [P_FN_NM] => NH농협은행
    [P_AMT] => 3000
    [P_UNAME] => 최은순
    [P_RMESG1] => P_VACCT_NO=79010590987346|P_EXP_DT=20250707
    [P_RMESG2] => 
    [P_NOTI] => 
    [P_AUTH_NO] => 
)

 Array
(
    [PageCall time] => 09:00:44
    [P_TID] => INIMX_VBNKCAEcatca0720250627090017445191
    [P_MID] => CAEcatca07
    [P_AUTH_DT] => 20250627090044
    [P_STATUS] => 02
    [P_TYPE] => VBANK
    [P_OID] => 250627-004
    [P_FN_CD1] => 04
    [P_FN_CD2] => 
    [P_FN_NM] => KB국민은행
    [P_AMT] => 3000
    [P_UNAME] => 박수용
    [P_RMESG1] => P_VACCT_NO=26159078575592|P_EXP_DT=20250707
    [P_RMESG2] => 
    [P_NOTI] => 
    [P_AUTH_NO] => 
)

 Array
(
    [PageCall time] => 10:56:54
    [P_TID] => INIMX_VBNKCAEcatca0720250627105410625542
    [P_MID] => CAEcatca07
    [P_AUTH_DT] => 20250627105654
    [P_STATUS] => 02
    [P_TYPE] => VBANK
    [P_OID] => 250627-007
    [P_FN_CD1] => 04
    [P_FN_CD2] => 
    [P_FN_NM] => KB국민은행
    [P_AMT] => 3000
    [P_UNAME] => 이영선
    [P_RMESG1] => P_VACCT_NO=26119078035805|P_EXP_DT=20250707
    [P_RMESG2] => 
    [P_NOTI] => 
    [P_AUTH_NO] => 
)

 Array
(
    [PageCall time] => 11:07:39
    [P_TID] => INIMX_VBNKCAEcatca0720250627110702155161
    [P_MID] => CAEcatca07
    [P_AUTH_DT] => 20250627110739
    [P_STATUS] => 02
    [P_TYPE] => VBANK
    [P_OID] => 250627-008
    [P_FN_CD1] => 11
    [P_FN_CD2] => 
    [P_FN_NM] => NH농협은행
    [P_AMT] => 3000
    [P_UNAME] => 김원희
    [P_RMESG1] => P_VACCT_NO=79010591012150|P_EXP_DT=20250707
    [P_RMESG2] => 
    [P_NOTI] => 
    [P_AUTH_NO] => 
)

 Array
(
    [PageCall time] => 11:23:09
    [P_TID] => INIMX_VBNKCAEcatca0720250627112027325118
    [P_MID] => CAEcatca07
    [P_AUTH_DT] => 20250627112309
    [P_STATUS] => 02
    [P_TYPE] => VBANK
    [P_OID] => 250627-009
    [P_FN_CD1] => 03
    [P_FN_CD2] => 
    [P_FN_NM] => 기업은행
    [P_AMT] => 3000
    [P_UNAME] => 김재민
    [P_RMESG1] => P_VACCT_NO=07500341897189|P_EXP_DT=20250707
    [P_RMESG2] => 
    [P_NOTI] => 
    [P_AUTH_NO] => 
)

 Array
(
    [PageCall time] => 11:23:42
    [P_TID] => INIMX_VBNKCAEcatca0720250627112102395304
    [P_MID] => CAEcatca07
    [P_AUTH_DT] => 20250627112342
    [P_STATUS] => 02
    [P_TYPE] => VBANK
    [P_OID] => 250627-010
    [P_FN_CD1] => 03
    [P_FN_CD2] => 
    [P_FN_NM] => 기업은행
    [P_AMT] => 3000
    [P_UNAME] => 김보라
    [P_RMESG1] => P_VACCT_NO=07500341897253|P_EXP_DT=20250707
    [P_RMESG2] => 
    [P_NOTI] => 
    [P_AUTH_NO] => 
)

 Array
(
    [PageCall time] => 11:53:26
    [P_TID] => INIMX_VBNKCAEcatca0720250627115226585856
    [P_MID] => CAEcatca07
    [P_AUTH_DT] => 20250627115326
    [P_STATUS] => 02
    [P_TYPE] => VBANK
    [P_OID] => 250627-011
    [P_FN_CD1] => 11
    [P_FN_CD2] => 
    [P_FN_NM] => NH농협은행
    [P_AMT] => 3000
    [P_UNAME] => 류금비
    [P_RMESG1] => P_VACCT_NO=79010591020042|P_EXP_DT=20250707
    [P_RMESG2] => 
    [P_NOTI] => 
    [P_AUTH_NO] => 
)

 Array
(
    [PageCall time] => 12:01:21
    [P_TID] => INIMX_VBNKCAEcatca0720250627115818405172
    [P_MID] => CAEcatca07
    [P_AUTH_DT] => 20250627120121
    [P_STATUS] => 02
    [P_TYPE] => VBANK
    [P_OID] => 250627-012
    [P_FN_CD1] => 81
    [P_FN_CD2] => 
    [P_FN_NM] => 하나은행
    [P_AMT] => 3000
    [P_UNAME] => 정우영
    [P_RMESG1] => P_VACCT_NO=20894333670537|P_EXP_DT=20250707
    [P_RMESG2] => 
    [P_NOTI] => 
    [P_AUTH_NO] => 
)

 Array
(
    [PageCall time] => 12:36:17
    [P_TID] => INIMX_VBNKCAEcatca0720250627123503145229
    [P_MID] => CAEcatca07
    [P_AUTH_DT] => 20250627123617
    [P_STATUS] => 02
    [P_TYPE] => VBANK
    [P_OID] => 250627-013
    [P_FN_CD1] => 04
    [P_FN_CD2] => 
    [P_FN_NM] => KB국민은행
    [P_AMT] => 3000
    [P_UNAME] => 김경환
    [P_RMESG1] => P_VACCT_NO=26119078266768|P_EXP_DT=20250707
    [P_RMESG2] => 
    [P_NOTI] => 
    [P_AUTH_NO] => 
)

 Array
(
    [PageCall time] => 13:19:25
    [P_TID] => INIMX_VBNKCAEcatca0720250627131329694474
    [P_MID] => CAEcatca07
    [P_AUTH_DT] => 20250627131925
    [P_STATUS] => 02
    [P_TYPE] => VBANK
    [P_OID] => 250627-015
    [P_FN_CD1] => 88
    [P_FN_CD2] => 
    [P_FN_NM] => 신한은행
    [P_AMT] => 3000
    [P_UNAME] => 이재만
    [P_RMESG1] => P_VACCT_NO=56211121749890|P_EXP_DT=20250707
    [P_RMESG2] => 
    [P_NOTI] => 
    [P_AUTH_NO] => 
)

 Array
(
    [PageCall time] => 14:15:15
    [P_TID] => INIMX_VBNKCAEcatca0720250627141438515359
    [P_MID] => CAEcatca07
    [P_AUTH_DT] => 20250627141515
    [P_STATUS] => 02
    [P_TYPE] => VBANK
    [P_OID] => 250627-020
    [P_FN_CD1] => 32
    [P_FN_CD2] => 
    [P_FN_NM] => 부산은행
    [P_AMT] => 3000
    [P_UNAME] => 정태인
    [P_RMESG1] => P_VACCT_NO=109924784187|P_EXP_DT=20250707
    [P_RMESG2] => 
    [P_NOTI] => 
    [P_AUTH_NO] => 
)

 Array
(
    [PageCall time] => 15:49:39
    [P_TID] => INIMX_VBNKCAEcatca0720250627152956564330
    [P_MID] => CAEcatca07
    [P_AUTH_DT] => 20250627154939
    [P_STATUS] => 02
    [P_TYPE] => VBANK
    [P_OID] => 250627-027
    [P_FN_CD1] => 88
    [P_FN_CD2] => 
    [P_FN_NM] => 신한은행
    [P_AMT] => 3000
    [P_UNAME] => 윤혜진
    [P_RMESG1] => P_VACCT_NO=56211121805408|P_EXP_DT=20250707
    [P_RMESG2] => 
    [P_NOTI] => 
    [P_AUTH_NO] => 
)

 Array
(
    [PageCall time] => 16:14:42
    [P_TID] => INIMX_VBNKCAEcatca0720250627161212125981
    [P_MID] => CAEcatca07
    [P_AUTH_DT] => 20250627161442
    [P_STATUS] => 02
    [P_TYPE] => VBANK
    [P_OID] => 250627-032
    [P_FN_CD1] => 88
    [P_FN_CD2] => 
    [P_FN_NM] => 신한은행
    [P_AMT] => 3000
    [P_UNAME] => 최승필
    [P_RMESG1] => P_VACCT_NO=56211105575010|P_EXP_DT=20250707
    [P_RMESG2] => 
    [P_NOTI] => 
    [P_AUTH_NO] => 
)

 Array
(
    [PageCall time] => 16:17:24
    [P_TID] => INIMX_VBNKCAEcatca0720250627161458975637
    [P_MID] => CAEcatca07
    [P_AUTH_DT] => 20250627161724
    [P_STATUS] => 02
    [P_TYPE] => VBANK
    [P_OID] => 250627-033
    [P_FN_CD1] => 11
    [P_FN_CD2] => 
    [P_FN_NM] => NH농협은행
    [P_AMT] => 3000
    [P_UNAME] => 양정언
    [P_RMESG1] => P_VACCT_NO=79010591049937|P_EXP_DT=20250707
    [P_RMESG2] => 
    [P_NOTI] => 
    [P_AUTH_NO] => 
)

 Array
(
    [PageCall time] => 17:08:00
    [P_TID] => INIMX_VBNKCAEcatca0720250627170648505183
    [P_MID] => CAEcatca07
    [P_AUTH_DT] => 20250627170800
    [P_STATUS] => 02
    [P_TYPE] => VBANK
    [P_OID] => 250627-035
    [P_FN_CD1] => 11
    [P_FN_CD2] => 
    [P_FN_NM] => NH농협은행
    [P_AMT] => 3000
    [P_UNAME] => 정진주
    [P_RMESG1] => P_VACCT_NO=79010591058513|P_EXP_DT=20250707
    [P_RMESG2] => 
    [P_NOTI] => 
    [P_AUTH_NO] => 
)

 Array
(
    [PageCall time] => 17:13:58
    [P_TID] => INIMX_VBNKCAEcatca0720250625131356225974
    [P_MID] => CAEcatca07
    [P_AUTH_DT] => 20250627171358
    [P_STATUS] => 02
    [P_TYPE] => VBANK
    [P_OID] => 250625-015
    [P_FN_CD1] => 11
    [P_FN_CD2] => 
    [P_FN_NM] => NH농협은행
    [P_AMT] => 3000
    [P_UNAME] => 경기도공익활동지원센터
    [P_RMESG1] => P_VACCT_NO=79010590678374|P_EXP_DT=20250705
    [P_RMESG2] => 
    [P_NOTI] => 
    [P_AUTH_NO] => 
)

 Array
(
    [PageCall time] => 17:46:54
    [P_TID] => INIMX_VBNKCAEcatca0720250627172139105301
    [P_MID] => CAEcatca07
    [P_AUTH_DT] => 20250627174654
    [P_STATUS] => 02
    [P_TYPE] => VBANK
    [P_OID] => 250627-037
    [P_FN_CD1] => 89
    [P_FN_CD2] => 
    [P_FN_NM] => 케이뱅크
    [P_AMT] => 3000
    [P_UNAME] => 김영희
    [P_RMESG1] => P_VACCT_NO=70112003853984|P_EXP_DT=20250707
    [P_RMESG2] => 
    [P_NOTI] => 
    [P_AUTH_NO] => 
)

 Array
(
    [PageCall time] => 19:21:17
    [P_TID] => INIMX_VBNKCAEcatca0720250627191848995303
    [P_MID] => CAEcatca07
    [P_AUTH_DT] => 20250627192117
    [P_STATUS] => 02
    [P_TYPE] => VBANK
    [P_OID] => 250627-039
    [P_FN_CD1] => 20
    [P_FN_CD2] => 
    [P_FN_NM] => 우리은행
    [P_AMT] => 3000
    [P_UNAME] => 정범근
    [P_RMESG1] => P_VACCT_NO=27763040218801|P_EXP_DT=20250707
    [P_RMESG2] => 
    [P_NOTI] => 
    [P_AUTH_NO] => 
)

 Array
(
    [PageCall time] => 19:24:22
    [P_TID] => INIMX_VBNKCAEcatca0720250627192134985843
    [P_MID] => CAEcatca07
    [P_AUTH_DT] => 20250627192422
    [P_STATUS] => 02
    [P_TYPE] => VBANK
    [P_OID] => 250627-040
    [P_FN_CD1] => 20
    [P_FN_CD2] => 
    [P_FN_NM] => 우리은행
    [P_AMT] => 3000
    [P_UNAME] => 오충경
    [P_RMESG1] => P_VACCT_NO=27763040218877|P_EXP_DT=20250707
    [P_RMESG2] => 
    [P_NOTI] => 
    [P_AUTH_NO] => 
)

 Array
(
    [PageCall time] => 20:41:43
    [P_TID] => INIMX_VBNKCAEcatca0720250627203859375927
    [P_MID] => CAEcatca07
    [P_AUTH_DT] => 20250627204143
    [P_STATUS] => 02
    [P_TYPE] => VBANK
    [P_OID] => 250627-041
    [P_FN_CD1] => 88
    [P_FN_CD2] => 
    [P_FN_NM] => 신한은행
    [P_AMT] => 3000
    [P_UNAME] => 김근호
    [P_RMESG1] => P_VACCT_NO=56211105589696|P_EXP_DT=20250707
    [P_RMESG2] => 
    [P_NOTI] => 
    [P_AUTH_NO] => 
)

