 Array
(
    [PageCall time] => 08:47:27
    [P_TID] => INIMX_VBNKCAEcatca0720250829084556475821
    [P_MID] => CAEcatca07
    [P_AUTH_DT] => 20250829084727
    [P_STATUS] => 02
    [P_TYPE] => VBANK
    [P_OID] => 250829-001
    [P_FN_CD1] => 04
    [P_FN_CD2] => 
    [P_FN_NM] => KB국민은행
    [P_AMT] => 3000
    [P_UNAME] => 강남규
    [P_RMESG1] => P_VACCT_NO=26159078722028|P_EXP_DT=20250908
    [P_RMESG2] => 
    [P_NOTI] => 
    [P_AUTH_NO] => 
)

 Array
(
    [PageCall time] => 09:36:27
    [P_TID] => INIMX_VBNKCAEcatca0720250829093018404261
    [P_MID] => CAEcatca07
    [P_AUTH_DT] => 20250829093627
    [P_STATUS] => 02
    [P_TYPE] => VBANK
    [P_OID] => 250829-003
    [P_FN_CD1] => 88
    [P_FN_CD2] => 
    [P_FN_NM] => 신한은행
    [P_AMT] => 3000
    [P_UNAME] => 신금옥
    [P_RMESG1] => P_VACCT_NO=56211122440026|P_EXP_DT=20250908
    [P_RMESG2] => 
    [P_NOTI] => 
    [P_AUTH_NO] => 
)

 Array
(
    [PageCall time] => 11:05:58
    [P_TID] => INIMX_VBNKCAEcatca0720250829110243944774
    [P_MID] => CAEcatca07
    [P_AUTH_DT] => 20250829110558
    [P_STATUS] => 02
    [P_TYPE] => VBANK
    [P_OID] => 250829-007
    [P_FN_CD1] => 88
    [P_FN_CD2] => 
    [P_FN_NM] => 신한은행
    [P_AMT] => 3000
    [P_UNAME] => 한상미
    [P_RMESG1] => P_VACCT_NO=56211122441828|P_EXP_DT=20250908
    [P_RMESG2] => 
    [P_NOTI] => 
    [P_AUTH_NO] => 
)

 Array
(
    [PageCall time] => 11:47:53
    [P_TID] => INIMX_VBNKCAEcatca0720250829114640405576
    [P_MID] => CAEcatca07
    [P_AUTH_DT] => 20250829114753
    [P_STATUS] => 02
    [P_TYPE] => VBANK
    [P_OID] => 250829-009
    [P_FN_CD1] => 11
    [P_FN_CD2] => 
    [P_FN_NM] => NH농협은행
    [P_AMT] => 3000
    [P_UNAME] => 이주원
    [P_RMESG1] => P_VACCT_NO=79014408714460|P_EXP_DT=20250908
    [P_RMESG2] => 
    [P_NOTI] => 
    [P_AUTH_NO] => 
)

 Array
(
    [PageCall time] => 12:19:43
    [P_TID] => INIMX_VBNKCAEcatca0720250829121753775946
    [P_MID] => CAEcatca07
    [P_AUTH_DT] => 20250829121943
    [P_STATUS] => 02
    [P_TYPE] => VBANK
    [P_OID] => 250829-010
    [P_FN_CD1] => 11
    [P_FN_CD2] => 
    [P_FN_NM] => NH농협은행
    [P_AMT] => 3000
    [P_UNAME] => 박원영
    [P_RMESG1] => P_VACCT_NO=79014408715920|P_EXP_DT=20250908
    [P_RMESG2] => 
    [P_NOTI] => 
    [P_AUTH_NO] => 
)

 Array
(
    [PageCall time] => 13:33:32
    [P_TID] => INIMX_VBNKCAEcatca0720250829133042324384
    [P_MID] => CAEcatca07
    [P_AUTH_DT] => 20250829133331
    [P_STATUS] => 02
    [P_TYPE] => VBANK
    [P_OID] => 250829-013
    [P_FN_CD1] => 81
    [P_FN_CD2] => 
    [P_FN_NM] => 하나은행
    [P_AMT] => 3000
    [P_UNAME] => 최민석
    [P_RMESG1] => P_VACCT_NO=20893844033537|P_EXP_DT=20250908
    [P_RMESG2] => 
    [P_NOTI] => 
    [P_AUTH_NO] => 
)

 Array
(
    [PageCall time] => 14:14:30
    [P_TID] => INIMX_VBNKCAEcatca0720250829141357695625
    [P_MID] => CAEcatca07
    [P_AUTH_DT] => 20250829141430
    [P_STATUS] => 02
    [P_TYPE] => VBANK
    [P_OID] => 250829-014
    [P_FN_CD1] => 11
    [P_FN_CD2] => 
    [P_FN_NM] => NH농협은행
    [P_AMT] => 3000
    [P_UNAME] => 황호곤
    [P_RMESG1] => P_VACCT_NO=79014408724166|P_EXP_DT=20250908
    [P_RMESG2] => 
    [P_NOTI] => 
    [P_AUTH_NO] => 
)

 Array
(
    [PageCall time] => 15:23:32
    [P_TID] => INIMX_VBNKCAEcatca0720250829152126375938
    [P_MID] => CAEcatca07
    [P_AUTH_DT] => 20250829152332
    [P_STATUS] => 02
    [P_TYPE] => VBANK
    [P_OID] => 250829-017
    [P_FN_CD1] => 04
    [P_FN_CD2] => 
    [P_FN_NM] => KB국민은행
    [P_AMT] => 3000
    [P_UNAME] => 김화영
    [P_RMESG1] => P_VACCT_NO=26159078199938|P_EXP_DT=20250908
    [P_RMESG2] => 
    [P_NOTI] => 
    [P_AUTH_NO] => 
)

 Array
(
    [PageCall time] => 16:47:59
    [P_TID] => INIMX_VBNKCAEcatca0720250829164422765285
    [P_MID] => CAEcatca07
    [P_AUTH_DT] => 20250829164759
    [P_STATUS] => 02
    [P_TYPE] => VBANK
    [P_OID] => 250829-018
    [P_FN_CD1] => 89
    [P_FN_CD2] => 
    [P_FN_NM] => 케이뱅크
    [P_AMT] => 3000
    [P_UNAME] => 박은경
    [P_RMESG1] => P_VACCT_NO=70112003311040|P_EXP_DT=20250908
    [P_RMESG2] => 
    [P_NOTI] => 
    [P_AUTH_NO] => 
)

 Array
(
    [PageCall time] => 20:12:10
    [P_TID] => INIMX_VBNKCAEcatca0720250829200933415667
    [P_MID] => CAEcatca07
    [P_AUTH_DT] => 20250829201210
    [P_STATUS] => 02
    [P_TYPE] => VBANK
    [P_OID] => 250829-020
    [P_FN_CD1] => 88
    [P_FN_CD2] => 
    [P_FN_NM] => 신한은행
    [P_AMT] => 3000
    [P_UNAME] => 윤명연
    [P_RMESG1] => P_VACCT_NO=56211992850371|P_EXP_DT=20250908
    [P_RMESG2] => 
    [P_NOTI] => 
    [P_AUTH_NO] => 
)

 Array
(
    [PageCall time] => 20:44:04
    [P_TID] => INIMX_VBNKCAEcatca0720250829204202455821
    [P_MID] => CAEcatca07
    [P_AUTH_DT] => 20250829204404
    [P_STATUS] => 02
    [P_TYPE] => VBANK
    [P_OID] => 250829-021
    [P_FN_CD1] => 11
    [P_FN_CD2] => 
    [P_FN_NM] => NH농협은행
    [P_AMT] => 3000
    [P_UNAME] => 정진희
    [P_RMESG1] => P_VACCT_NO=79014408771958|P_EXP_DT=20250908
    [P_RMESG2] => 
    [P_NOTI] => 
    [P_AUTH_NO] => 
)

 Array
(
    [PageCall time] => 20:51:34
    [P_TID] => INIMX_VBNKCAEcatca0720250829204736145551
    [P_MID] => CAEcatca07
    [P_AUTH_DT] => 20250829205134
    [P_STATUS] => 02
    [P_TYPE] => VBANK
    [P_OID] => 250824-016
    [P_FN_CD1] => 88
    [P_FN_CD2] => 
    [P_FN_NM] => 신한은행
    [P_AMT] => 3000
    [P_UNAME] => 조선희
    [P_RMESG1] => P_VACCT_NO=56211992852982|P_EXP_DT=20250908
    [P_RMESG2] => 
    [P_NOTI] => 
    [P_AUTH_NO] => 
)

