 Array
(
    [PageCall time] => 02:33:43
    [P_TID] => INIMX_VBNKCAEcatca0720250505023224265685
    [P_MID] => CAEcatca07
    [P_AUTH_DT] => 20250505023343
    [P_STATUS] => 02
    [P_TYPE] => VBANK
    [P_OID] => 250505-001
    [P_FN_CD1] => 04
    [P_FN_CD2] => 
    [P_FN_NM] => KB국민은행
    [P_AMT] => 3000
    [P_UNAME] => 최명덕
    [P_RMESG1] => P_VACCT_NO=26119078714131|P_EXP_DT=20250515
    [P_RMESG2] => 
    [P_NOTI] => 
    [P_AUTH_NO] => 
)

 Array
(
    [PageCall time] => 07:36:53
    [P_TID] => INIMX_VBNKCAEcatca0720250505073543325793
    [P_MID] => CAEcatca07
    [P_AUTH_DT] => 20250505073653
    [P_STATUS] => 02
    [P_TYPE] => VBANK
    [P_OID] => 250505-002
    [P_FN_CD1] => 71
    [P_FN_CD2] => 
    [P_FN_NM] => 우체국
    [P_AMT] => 3000
    [P_UNAME] => 정근용
    [P_RMESG1] => P_VACCT_NO=01398781241417|P_EXP_DT=20250515
    [P_RMESG2] => 
    [P_NOTI] => 
    [P_AUTH_NO] => 
)

 Array
(
    [PageCall time] => 07:54:19
    [P_TID] => INIMX_VBNKCAEcatca0720250505075304685446
    [P_MID] => CAEcatca07
    [P_AUTH_DT] => 20250505075419
    [P_STATUS] => 02
    [P_TYPE] => VBANK
    [P_OID] => 250505-003
    [P_FN_CD1] => 11
    [P_FN_CD2] => 
    [P_FN_NM] => NH농협은행
    [P_AMT] => 3000
    [P_UNAME] => 신여진
    [P_RMESG1] => P_VACCT_NO=79015902748522|P_EXP_DT=20250515
    [P_RMESG2] => 
    [P_NOTI] => 
    [P_AUTH_NO] => 
)

 Array
(
    [PageCall time] => 09:13:22
    [P_TID] => INIMX_VBNKCAEcatca0720250505091046605575
    [P_MID] => CAEcatca07
    [P_AUTH_DT] => 20250505091322
    [P_STATUS] => 02
    [P_TYPE] => VBANK
    [P_OID] => 250505-004
    [P_FN_CD1] => 20
    [P_FN_CD2] => 
    [P_FN_NM] => 우리은행
    [P_AMT] => 3000
    [P_UNAME] => 진영정
    [P_RMESG1] => P_VACCT_NO=27489164318428|P_EXP_DT=20250515
    [P_RMESG2] => 
    [P_NOTI] => 
    [P_AUTH_NO] => 
)

 Array
(
    [PageCall time] => 11:35:46
    [P_TID] => INIMX_VBNKCAEcatca0720250505113250425027
    [P_MID] => CAEcatca07
    [P_AUTH_DT] => 20250505113546
    [P_STATUS] => 02
    [P_TYPE] => VBANK
    [P_OID] => 250505-005
    [P_FN_CD1] => 03
    [P_FN_CD2] => 
    [P_FN_NM] => 기업은행
    [P_AMT] => 3000
    [P_UNAME] => 정성훈
    [P_RMESG1] => P_VACCT_NO=07502268497421|P_EXP_DT=20250515
    [P_RMESG2] => 
    [P_NOTI] => 
    [P_AUTH_NO] => 
)

 Array
(
    [PageCall time] => 12:49:05
    [P_TID] => INIMX_VBNKCAEcatca0720250505124456585414
    [P_MID] => CAEcatca07
    [P_AUTH_DT] => 20250505124905
    [P_STATUS] => 02
    [P_TYPE] => VBANK
    [P_OID] => 250505-006
    [P_FN_CD1] => 20
    [P_FN_CD2] => 
    [P_FN_NM] => 우리은행
    [P_AMT] => 3000
    [P_UNAME] => 허영자
    [P_RMESG1] => P_VACCT_NO=27489170618680|P_EXP_DT=20250515
    [P_RMESG2] => 
    [P_NOTI] => 
    [P_AUTH_NO] => 
)

 Array
(
    [PageCall time] => 16:29:16
    [P_TID] => INIMX_VBNKCAEcatca0720250505162403175530
    [P_MID] => CAEcatca07
    [P_AUTH_DT] => 20250505162916
    [P_STATUS] => 02
    [P_TYPE] => VBANK
    [P_OID] => 250505-009
    [P_FN_CD1] => 20
    [P_FN_CD2] => 
    [P_FN_NM] => 우리은행
    [P_AMT] => 3000
    [P_UNAME] => 송인규
    [P_RMESG1] => P_VACCT_NO=27489177118081|P_EXP_DT=20250515
    [P_RMESG2] => 
    [P_NOTI] => 
    [P_AUTH_NO] => 
)

 Array
(
    [PageCall time] => 17:26:44
    [P_TID] => INIMX_VBNKCAEcatca0720250505172604715617
    [P_MID] => CAEcatca07
    [P_AUTH_DT] => 20250505172644
    [P_STATUS] => 02
    [P_TYPE] => VBANK
    [P_OID] => 250505-010
    [P_FN_CD1] => 04
    [P_FN_CD2] => 
    [P_FN_NM] => KB국민은행
    [P_AMT] => 3000
    [P_UNAME] => 최혜리
    [P_RMESG1] => P_VACCT_NO=26159078089965|P_EXP_DT=20250515
    [P_RMESG2] => 
    [P_NOTI] => 
    [P_AUTH_NO] => 
)

 Array
(
    [PageCall time] => 17:47:58
    [P_TID] => INIMX_VBNKCAEcatca0720250505174647675563
    [P_MID] => CAEcatca07
    [P_AUTH_DT] => 20250505174758
    [P_STATUS] => 02
    [P_TYPE] => VBANK
    [P_OID] => 250505-012
    [P_FN_CD1] => 11
    [P_FN_CD2] => 
    [P_FN_NM] => NH농협은행
    [P_AMT] => 3000
    [P_UNAME] => 김은실
    [P_RMESG1] => P_VACCT_NO=79015902820051|P_EXP_DT=20250515
    [P_RMESG2] => 
    [P_NOTI] => 
    [P_AUTH_NO] => 
)

 Array
(
    [PageCall time] => 18:58:48
    [P_TID] => INIMX_VBNKCAEcatca0720250505185727705369
    [P_MID] => CAEcatca07
    [P_AUTH_DT] => 20250505185848
    [P_STATUS] => 02
    [P_TYPE] => VBANK
    [P_OID] => 250505-013
    [P_FN_CD1] => 04
    [P_FN_CD2] => 
    [P_FN_NM] => KB국민은행
    [P_AMT] => 3000
    [P_UNAME] => 서경희
    [P_RMESG1] => P_VACCT_NO=26159078156737|P_EXP_DT=20250515
    [P_RMESG2] => 
    [P_NOTI] => 
    [P_AUTH_NO] => 
)

 Array
(
    [PageCall time] => 20:35:57
    [P_TID] => INIMX_VBNKCAEcatca0720250505203525795945
    [P_MID] => CAEcatca07
    [P_AUTH_DT] => 20250505203557
    [P_STATUS] => 02
    [P_TYPE] => VBANK
    [P_OID] => 250505-015
    [P_FN_CD1] => 04
    [P_FN_CD2] => 
    [P_FN_NM] => KB국민은행
    [P_AMT] => 3000
    [P_UNAME] => 박영은
    [P_RMESG1] => P_VACCT_NO=26159078239869|P_EXP_DT=20250515
    [P_RMESG2] => 
    [P_NOTI] => 
    [P_AUTH_NO] => 
)

 Array
(
    [PageCall time] => 20:40:13
    [P_TID] => INIMX_VBNKCAEcatca0720250505203612615725
    [P_MID] => CAEcatca07
    [P_AUTH_DT] => 20250505204013
    [P_STATUS] => 02
    [P_TYPE] => VBANK
    [P_OID] => 250505-014
    [P_FN_CD1] => 31
    [P_FN_CD2] => 
    [P_FN_NM] => 아이엠뱅크(대구은행)
    [P_AMT] => 3000
    [P_UNAME] => 조준래
    [P_RMESG1] => P_VACCT_NO=9600362875154|P_EXP_DT=20250515
    [P_RMESG2] => 
    [P_NOTI] => 
    [P_AUTH_NO] => 
)

 Array
(
    [PageCall time] => 21:38:18
    [P_TID] => INIMX_VBNKCAEcatca0720250505213717205444
    [P_MID] => CAEcatca07
    [P_AUTH_DT] => 20250505213818
    [P_STATUS] => 02
    [P_TYPE] => VBANK
    [P_OID] => 250505-016
    [P_FN_CD1] => 11
    [P_FN_CD2] => 
    [P_FN_NM] => NH농협은행
    [P_AMT] => 3000
    [P_UNAME] => 김철웅
    [P_RMESG1] => P_VACCT_NO=79015902839280|P_EXP_DT=20250515
    [P_RMESG2] => 
    [P_NOTI] => 
    [P_AUTH_NO] => 
)

 Array
(
    [PageCall time] => 23:15:19
    [P_TID] => INIMX_VBNKCAEcatca0720250505231450575020
    [P_MID] => CAEcatca07
    [P_AUTH_DT] => 20250505231519
    [P_STATUS] => 02
    [P_TYPE] => VBANK
    [P_OID] => 250505-017
    [P_FN_CD1] => 04
    [P_FN_CD2] => 
    [P_FN_NM] => KB국민은행
    [P_AMT] => 3000
    [P_UNAME] => 허태인
    [P_RMESG1] => P_VACCT_NO=26159078356748|P_EXP_DT=20250515
    [P_RMESG2] => 
    [P_NOTI] => 
    [P_AUTH_NO] => 
)

