 Array
(
    [PageCall time] => 07:29:39
    [P_TID] => INIMX_VBNKCAEcatca0720250423072906955177
    [P_MID] => CAEcatca07
    [P_AUTH_DT] => 20250423072939
    [P_STATUS] => 02
    [P_TYPE] => VBANK
    [P_OID] => 250416-014
    [P_FN_CD1] => 04
    [P_FN_CD2] => 
    [P_FN_NM] => KB국민은행
    [P_AMT] => 3000
    [P_UNAME] => 김민지
    [P_RMESG1] => P_VACCT_NO=26159078728781|P_EXP_DT=20250503
    [P_RMESG2] => 
    [P_NOTI] => 
    [P_AUTH_NO] => 
)

 Array
(
    [PageCall time] => 09:55:35
    [P_TID] => INIMX_VBNKCAEcatca0720250423095400615828
    [P_MID] => CAEcatca07
    [P_AUTH_DT] => 20250423095535
    [P_STATUS] => 02
    [P_TYPE] => VBANK
    [P_OID] => 250423-005
    [P_FN_CD1] => 04
    [P_FN_CD2] => 
    [P_FN_NM] => KB국민은행
    [P_AMT] => 3000
    [P_UNAME] => 김지연
    [P_RMESG1] => P_VACCT_NO=87679011332264|P_EXP_DT=20250503
    [P_RMESG2] => 
    [P_NOTI] => 
    [P_AUTH_NO] => 
)

 Array
(
    [PageCall time] => 10:31:49
    [P_TID] => INIMX_VBNKCAEcatca0720250423102854905388
    [P_MID] => CAEcatca07
    [P_AUTH_DT] => 20250423103149
    [P_STATUS] => 02
    [P_TYPE] => VBANK
    [P_OID] => 250423-007
    [P_FN_CD1] => 20
    [P_FN_CD2] => 
    [P_FN_NM] => 우리은행
    [P_AMT] => 3000
    [P_UNAME] => 이경렬
    [P_RMESG1] => P_VACCT_NO=27389764418832|P_EXP_DT=20250503
    [P_RMESG2] => 
    [P_NOTI] => 
    [P_AUTH_NO] => 
)

 Array
(
    [PageCall time] => 10:45:27
    [P_TID] => INIMX_VBNKCAEcatca0720250423104331285469
    [P_MID] => CAEcatca07
    [P_AUTH_DT] => 20250423104527
    [P_STATUS] => 02
    [P_TYPE] => VBANK
    [P_OID] => 250423-010
    [P_FN_CD1] => 11
    [P_FN_CD2] => 
    [P_FN_NM] => NH농협은행
    [P_AMT] => 3000
    [P_UNAME] => 이동훈
    [P_RMESG1] => P_VACCT_NO=79015901364761|P_EXP_DT=20250503
    [P_RMESG2] => 
    [P_NOTI] => 
    [P_AUTH_NO] => 
)

 Array
(
    [PageCall time] => 10:47:50
    [P_TID] => INIMX_VBNKCAEcatca0720250423104634885132
    [P_MID] => CAEcatca07
    [P_AUTH_DT] => 20250423104750
    [P_STATUS] => 02
    [P_TYPE] => VBANK
    [P_OID] => 250423-011
    [P_FN_CD1] => 04
    [P_FN_CD2] => 
    [P_FN_NM] => KB국민은행
    [P_AMT] => 3000
    [P_UNAME] => 황동현
    [P_RMESG1] => P_VACCT_NO=26159078298886|P_EXP_DT=20250503
    [P_RMESG2] => 
    [P_NOTI] => 
    [P_AUTH_NO] => 
)

 Array
(
    [PageCall time] => 10:51:51
    [P_TID] => INIMX_VBNKCAEcatca0720250423105056785997
    [P_MID] => CAEcatca07
    [P_AUTH_DT] => 20250423105151
    [P_STATUS] => 02
    [P_TYPE] => VBANK
    [P_OID] => 250423-012
    [P_FN_CD1] => 71
    [P_FN_CD2] => 
    [P_FN_NM] => 우체국
    [P_AMT] => 3000
    [P_UNAME] => 김민정
    [P_RMESG1] => P_VACCT_NO=01398781174836|P_EXP_DT=20250503
    [P_RMESG2] => 
    [P_NOTI] => 
    [P_AUTH_NO] => 
)

 Array
(
    [PageCall time] => 10:54:01
    [P_TID] => INIMX_VBNKCAEcatca0720250423105322835212
    [P_MID] => CAEcatca07
    [P_AUTH_DT] => 20250423105401
    [P_STATUS] => 02
    [P_TYPE] => VBANK
    [P_OID] => 250423-013
    [P_FN_CD1] => 11
    [P_FN_CD2] => 
    [P_FN_NM] => NH농협은행
    [P_AMT] => 3000
    [P_UNAME] => 이정순
    [P_RMESG1] => P_VACCT_NO=79015901365625|P_EXP_DT=20250503
    [P_RMESG2] => 
    [P_NOTI] => 
    [P_AUTH_NO] => 
)

 Array
(
    [PageCall time] => 11:14:54
    [P_TID] => INIMX_VBNKCAEcatca0720250423111051425228
    [P_MID] => CAEcatca07
    [P_AUTH_DT] => 20250423111454
    [P_STATUS] => 02
    [P_TYPE] => VBANK
    [P_OID] => 250423-015
    [P_FN_CD1] => 88
    [P_FN_CD2] => 
    [P_FN_NM] => 신한은행
    [P_AMT] => 3000
    [P_UNAME] => 윤은미
    [P_RMESG1] => P_VACCT_NO=56211993070222|P_EXP_DT=20250503
    [P_RMESG2] => 
    [P_NOTI] => 
    [P_AUTH_NO] => 
)

 Array
(
    [PageCall time] => 11:30:22
    [P_TID] => INIMX_VBNKCAEcatca0720250423112743515771
    [P_MID] => CAEcatca07
    [P_AUTH_DT] => 20250423113022
    [P_STATUS] => 02
    [P_TYPE] => VBANK
    [P_OID] => 250423-016
    [P_FN_CD1] => 03
    [P_FN_CD2] => 
    [P_FN_NM] => 기업은행
    [P_AMT] => 3000
    [P_UNAME] => 김희진
    [P_RMESG1] => P_VACCT_NO=07503422397540|P_EXP_DT=20250503
    [P_RMESG2] => 
    [P_NOTI] => 
    [P_AUTH_NO] => 
)

 Array
(
    [PageCall time] => 12:07:04
    [P_TID] => INIMX_VBNKCAEcatca0720250423120609645503
    [P_MID] => CAEcatca07
    [P_AUTH_DT] => 20250423120704
    [P_STATUS] => 02
    [P_TYPE] => VBANK
    [P_OID] => 250423-019
    [P_FN_CD1] => 11
    [P_FN_CD2] => 
    [P_FN_NM] => NH농협은행
    [P_AMT] => 3000
    [P_UNAME] => 함경수
    [P_RMESG1] => P_VACCT_NO=79015901373099|P_EXP_DT=20250503
    [P_RMESG2] => 
    [P_NOTI] => 
    [P_AUTH_NO] => 
)

 Array
(
    [PageCall time] => 12:17:37
    [P_TID] => INIMX_VBNKCAEcatca0720250423121433345301
    [P_MID] => CAEcatca07
    [P_AUTH_DT] => 20250423121737
    [P_STATUS] => 02
    [P_TYPE] => VBANK
    [P_OID] => 250423-020
    [P_FN_CD1] => 11
    [P_FN_CD2] => 
    [P_FN_NM] => NH농협은행
    [P_AMT] => 3000
    [P_UNAME] => 황순옥
    [P_RMESG1] => P_VACCT_NO=79015901373816|P_EXP_DT=20250503
    [P_RMESG2] => 
    [P_NOTI] => 
    [P_AUTH_NO] => 
)

 Array
(
    [PageCall time] => 13:00:26
    [P_TID] => INIMX_VBNKCAEcatca0720250423125929134662
    [P_MID] => CAEcatca07
    [P_AUTH_DT] => 20250423130026
    [P_STATUS] => 02
    [P_TYPE] => VBANK
    [P_OID] => 250423-021
    [P_FN_CD1] => 23
    [P_FN_CD2] => 
    [P_FN_NM] => SC은행
    [P_AMT] => 3000
    [P_UNAME] => 최태규
    [P_RMESG1] => P_VACCT_NO=46416000275049|P_EXP_DT=20250503
    [P_RMESG2] => 
    [P_NOTI] => 
    [P_AUTH_NO] => 
)

 Array
(
    [PageCall time] => 13:17:41
    [P_TID] => INIMX_VBNKCAEcatca0720250423131704545676
    [P_MID] => CAEcatca07
    [P_AUTH_DT] => 20250423131741
    [P_STATUS] => 02
    [P_TYPE] => VBANK
    [P_OID] => 250423-023
    [P_FN_CD1] => 11
    [P_FN_CD2] => 
    [P_FN_NM] => NH농협은행
    [P_AMT] => 3000
    [P_UNAME] => 배유진
    [P_RMESG1] => P_VACCT_NO=79015901379879|P_EXP_DT=20250503
    [P_RMESG2] => 
    [P_NOTI] => 
    [P_AUTH_NO] => 
)

 Array
(
    [PageCall time] => 13:21:36
    [P_TID] => INIMX_VBNKCAEcatca0720250423131546455131
    [P_MID] => CAEcatca07
    [P_AUTH_DT] => 20250423132136
    [P_STATUS] => 02
    [P_TYPE] => VBANK
    [P_OID] => 250423-022
    [P_FN_CD1] => 34
    [P_FN_CD2] => 
    [P_FN_NM] => 광주은행
    [P_AMT] => 3000
    [P_UNAME] => 김영운
    [P_RMESG1] => P_VACCT_NO=810865254066|P_EXP_DT=20250503
    [P_RMESG2] => 
    [P_NOTI] => 
    [P_AUTH_NO] => 
)

 Array
(
    [PageCall time] => 13:38:57
    [P_TID] => INIMX_VBNKCAEcatca0720250423133719275148
    [P_MID] => CAEcatca07
    [P_AUTH_DT] => 20250423133857
    [P_STATUS] => 02
    [P_TYPE] => VBANK
    [P_OID] => 250423-024
    [P_FN_CD1] => 11
    [P_FN_CD2] => 
    [P_FN_NM] => NH농협은행
    [P_AMT] => 3000
    [P_UNAME] => 신일선
    [P_RMESG1] => P_VACCT_NO=79015901382831|P_EXP_DT=20250503
    [P_RMESG2] => 
    [P_NOTI] => 
    [P_AUTH_NO] => 
)

 Array
(
    [PageCall time] => 13:49:28
    [P_TID] => INIMX_VBNKCAEcatca0720250423134453565742
    [P_MID] => CAEcatca07
    [P_AUTH_DT] => 20250423134928
    [P_STATUS] => 02
    [P_TYPE] => VBANK
    [P_OID] => 250423-025
    [P_FN_CD1] => 81
    [P_FN_CD2] => 
    [P_FN_NM] => 하나은행
    [P_AMT] => 3000
    [P_UNAME] => 박현선
    [P_RMESG1] => P_VACCT_NO=20893841650937|P_EXP_DT=20250503
    [P_RMESG2] => 
    [P_NOTI] => 
    [P_AUTH_NO] => 
)

 Array
(
    [PageCall time] => 14:24:56
    [P_TID] => INIMX_VBNKCAEcatca0720250423142339214999
    [P_MID] => CAEcatca07
    [P_AUTH_DT] => 20250423142456
    [P_STATUS] => 02
    [P_TYPE] => VBANK
    [P_OID] => 250423-028
    [P_FN_CD1] => 04
    [P_FN_CD2] => 
    [P_FN_NM] => KB국민은행
    [P_AMT] => 3000
    [P_UNAME] => 서민기
    [P_RMESG1] => P_VACCT_NO=87969011340121|P_EXP_DT=20250503
    [P_RMESG2] => 
    [P_NOTI] => 
    [P_AUTH_NO] => 
)

 Array
(
    [PageCall time] => 14:50:37
    [P_TID] => INIMX_VBNKCAEcatca0720250423144843684776
    [P_MID] => CAEcatca07
    [P_AUTH_DT] => 20250423145037
    [P_STATUS] => 02
    [P_TYPE] => VBANK
    [P_OID] => 250423-029
    [P_FN_CD1] => 04
    [P_FN_CD2] => 
    [P_FN_NM] => KB국민은행
    [P_AMT] => 3000
    [P_UNAME] => 유지현
    [P_RMESG1] => P_VACCT_NO=87969011341706|P_EXP_DT=20250503
    [P_RMESG2] => 
    [P_NOTI] => 
    [P_AUTH_NO] => 
)

 Array
(
    [PageCall time] => 14:51:30
    [P_TID] => INIMX_VBNKCAEcatca0720250423144814264575
    [P_MID] => CAEcatca07
    [P_AUTH_DT] => 20250423145130
    [P_STATUS] => 02
    [P_TYPE] => VBANK
    [P_OID] => 250416-012
    [P_FN_CD1] => 11
    [P_FN_CD2] => 
    [P_FN_NM] => NH농협은행
    [P_AMT] => 3000
    [P_UNAME] => 김민성
    [P_RMESG1] => P_VACCT_NO=01445264457768|P_EXP_DT=20250503
    [P_RMESG2] => 
    [P_NOTI] => 
    [P_AUTH_NO] => 
)

 Array
(
    [PageCall time] => 16:14:34
    [P_TID] => INIMX_VBNKCAEcatca0720250423161132275001
    [P_MID] => CAEcatca07
    [P_AUTH_DT] => 20250423161434
    [P_STATUS] => 02
    [P_TYPE] => VBANK
    [P_OID] => 250423-030
    [P_FN_CD1] => 20
    [P_FN_CD2] => 
    [P_FN_NM] => 우리은행
    [P_AMT] => 3000
    [P_UNAME] => 김명화
    [P_RMESG1] => P_VACCT_NO=27488621418828|P_EXP_DT=20250503
    [P_RMESG2] => 
    [P_NOTI] => 
    [P_AUTH_NO] => 
)

 Array
(
    [PageCall time] => 16:20:33
    [P_TID] => INIMX_VBNKCAEcatca0720250423161536254913
    [P_MID] => CAEcatca07
    [P_AUTH_DT] => 20250423162033
    [P_STATUS] => 02
    [P_TYPE] => VBANK
    [P_OID] => 250423-031
    [P_FN_CD1] => 11
    [P_FN_CD2] => 
    [P_FN_NM] => NH농협은행
    [P_AMT] => 3000
    [P_UNAME] => 이채원
    [P_RMESG1] => P_VACCT_NO=01445264476838|P_EXP_DT=20250503
    [P_RMESG2] => 
    [P_NOTI] => 
    [P_AUTH_NO] => 
)

 Array
(
    [PageCall time] => 17:10:31
    [P_TID] => INIMX_VBNKCAEcatca0720250423170221624436
    [P_MID] => CAEcatca07
    [P_AUTH_DT] => 20250423171031
    [P_STATUS] => 02
    [P_TYPE] => VBANK
    [P_OID] => 250423-032
    [P_FN_CD1] => 71
    [P_FN_CD2] => 
    [P_FN_NM] => 우체국
    [P_AMT] => 3000
    [P_UNAME] => 정영식
    [P_RMESG1] => P_VACCT_NO=01398781587276|P_EXP_DT=20250503
    [P_RMESG2] => 
    [P_NOTI] => 
    [P_AUTH_NO] => 
)

 Array
(
    [PageCall time] => 17:31:55
    [P_TID] => INIMX_VBNKCAEcatca0720250423173023304429
    [P_MID] => CAEcatca07
    [P_AUTH_DT] => 20250423173155
    [P_STATUS] => 02
    [P_TYPE] => VBANK
    [P_OID] => 250423-035
    [P_FN_CD1] => 04
    [P_FN_CD2] => 
    [P_FN_NM] => KB국민은행
    [P_AMT] => 3000
    [P_UNAME] => 허용운
    [P_RMESG1] => P_VACCT_NO=87969011356506|P_EXP_DT=20250503
    [P_RMESG2] => 
    [P_NOTI] => 
    [P_AUTH_NO] => 
)

 Array
(
    [PageCall time] => 19:03:50
    [P_TID] => INIMX_VBNKCAEcatca0720250423190215964066
    [P_MID] => CAEcatca07
    [P_AUTH_DT] => 20250423190350
    [P_STATUS] => 02
    [P_TYPE] => VBANK
    [P_OID] => 250423-036
    [P_FN_CD1] => 04
    [P_FN_CD2] => 
    [P_FN_NM] => KB국민은행
    [P_AMT] => 3000
    [P_UNAME] => 백남진
    [P_RMESG1] => P_VACCT_NO=87969011365630|P_EXP_DT=20250503
    [P_RMESG2] => 
    [P_NOTI] => 
    [P_AUTH_NO] => 
)

 Array
(
    [PageCall time] => 20:20:50
    [P_TID] => INIMX_VBNKCAEcatca0720250423201808484720
    [P_MID] => CAEcatca07
    [P_AUTH_DT] => 20250423202050
    [P_STATUS] => 02
    [P_TYPE] => VBANK
    [P_OID] => 250423-039
    [P_FN_CD1] => 88
    [P_FN_CD2] => 
    [P_FN_NM] => 신한은행
    [P_AMT] => 3000
    [P_UNAME] => 최나연
    [P_RMESG1] => P_VACCT_NO=56211112223660|P_EXP_DT=20250503
    [P_RMESG2] => 
    [P_NOTI] => 
    [P_AUTH_NO] => 
)

 Array
(
    [PageCall time] => 21:19:32
    [P_TID] => INIMX_VBNKCAEcatca0720250423211709814668
    [P_MID] => CAEcatca07
    [P_AUTH_DT] => 20250423211932
    [P_STATUS] => 02
    [P_TYPE] => VBANK
    [P_OID] => 250423-041
    [P_FN_CD1] => 11
    [P_FN_CD2] => 
    [P_FN_NM] => NH농협은행
    [P_AMT] => 3000
    [P_UNAME] => 이주영
    [P_RMESG1] => P_VACCT_NO=01445264529370|P_EXP_DT=20250503
    [P_RMESG2] => 
    [P_NOTI] => 
    [P_AUTH_NO] => 
)

 Array
(
    [PageCall time] => 21:49:08
    [P_TID] => INIMX_VBNKCAEcatca0720250423214825484905
    [P_MID] => CAEcatca07
    [P_AUTH_DT] => 20250423214908
    [P_STATUS] => 02
    [P_TYPE] => VBANK
    [P_OID] => 250423-042
    [P_FN_CD1] => 04
    [P_FN_CD2] => 
    [P_FN_NM] => KB국민은행
    [P_AMT] => 3000
    [P_UNAME] => 김재근
    [P_RMESG1] => P_VACCT_NO=87969011382312|P_EXP_DT=20250503
    [P_RMESG2] => 
    [P_NOTI] => 
    [P_AUTH_NO] => 
)

 Array
(
    [PageCall time] => 22:41:51
    [P_TID] => INIMX_VBNKCAEcatca0720250423223924784453
    [P_MID] => CAEcatca07
    [P_AUTH_DT] => 20250423224151
    [P_STATUS] => 02
    [P_TYPE] => VBANK
    [P_OID] => 250423-003
    [P_FN_CD1] => 81
    [P_FN_CD2] => 
    [P_FN_NM] => 하나은행
    [P_AMT] => 3000
    [P_UNAME] => 박서연
    [P_RMESG1] => P_VACCT_NO=58390934756037|P_EXP_DT=20250503
    [P_RMESG2] => 
    [P_NOTI] => 
    [P_AUTH_NO] => 
)

