 Array
(
    [PageCall time] => 00:19:25
    [P_TID] => INIMX_VBNKCAEcatca0720250705234513865879
    [P_MID] => CAEcatca07
    [P_AUTH_DT] => 20250706001925
    [P_STATUS] => 02
    [P_TYPE] => VBANK
    [P_OID] => 250705-014
    [P_FN_CD1] => 88
    [P_FN_CD2] => 
    [P_FN_NM] => 신한은행
    [P_AMT] => 3000
    [P_UNAME] => 김영아
    [P_RMESG1] => P_VACCT_NO=56211106120336|P_EXP_DT=20250715
    [P_RMESG2] => 
    [P_NOTI] => 
    [P_AUTH_NO] => 
)

 Array
(
    [PageCall time] => 09:45:08
    [P_TID] => INIMX_VBNKCAEcatca0720250706094156395540
    [P_MID] => CAEcatca07
    [P_AUTH_DT] => 20250706094508
    [P_STATUS] => 02
    [P_TYPE] => VBANK
    [P_OID] => 250706-001
    [P_FN_CD1] => 81
    [P_FN_CD2] => 
    [P_FN_NM] => 하나은행
    [P_AMT] => 3000
    [P_UNAME] => 김천일
    [P_RMESG1] => P_VACCT_NO=20894850955237|P_EXP_DT=20250716
    [P_RMESG2] => 
    [P_NOTI] => 
    [P_AUTH_NO] => 
)

 Array
(
    [PageCall time] => 10:30:55
    [P_TID] => INIMX_VBNKCAEcatca0720250706102803485202
    [P_MID] => CAEcatca07
    [P_AUTH_DT] => 20250706103055
    [P_STATUS] => 02
    [P_TYPE] => VBANK
    [P_OID] => 250706-002
    [P_FN_CD1] => 03
    [P_FN_CD2] => 
    [P_FN_NM] => 기업은행
    [P_AMT] => 3000
    [P_UNAME] => 이호석
    [P_RMESG1] => P_VACCT_NO=07502266397097|P_EXP_DT=20250716
    [P_RMESG2] => 
    [P_NOTI] => 
    [P_AUTH_NO] => 
)

 Array
(
    [PageCall time] => 11:05:58
    [P_TID] => INIMX_VBNKCAEcatca0720250706110317235275
    [P_MID] => CAEcatca07
    [P_AUTH_DT] => 20250706110558
    [P_STATUS] => 02
    [P_TYPE] => VBANK
    [P_OID] => 250706-003
    [P_FN_CD1] => 03
    [P_FN_CD2] => 
    [P_FN_NM] => 기업은행
    [P_AMT] => 3000
    [P_UNAME] => 안현덕
    [P_RMESG1] => P_VACCT_NO=07502266497215|P_EXP_DT=20250716
    [P_RMESG2] => 
    [P_NOTI] => 
    [P_AUTH_NO] => 
)

 Array
(
    [PageCall time] => 11:18:52
    [P_TID] => INIMX_VBNKCAEcatca0720250706111819635963
    [P_MID] => CAEcatca07
    [P_AUTH_DT] => 20250706111852
    [P_STATUS] => 02
    [P_TYPE] => VBANK
    [P_OID] => 250706-005
    [P_FN_CD1] => 11
    [P_FN_CD2] => 
    [P_FN_NM] => NH농협은행
    [P_AMT] => 3000
    [P_UNAME] => 윤호경
    [P_RMESG1] => P_VACCT_NO=79010595011291|P_EXP_DT=20250716
    [P_RMESG2] => 
    [P_NOTI] => 
    [P_AUTH_NO] => 
)

 Array
(
    [PageCall time] => 11:25:23
    [P_TID] => INIMX_VBNKCAEcatca0720250706110943245994
    [P_MID] => CAEcatca07
    [P_AUTH_DT] => 20250706112523
    [P_STATUS] => 02
    [P_TYPE] => VBANK
    [P_OID] => 250706-004
    [P_FN_CD1] => 32
    [P_FN_CD2] => 
    [P_FN_NM] => 부산은행
    [P_AMT] => 3000
    [P_UNAME] => 김미옥
    [P_RMESG1] => P_VACCT_NO=109924814729|P_EXP_DT=20250716
    [P_RMESG2] => 
    [P_NOTI] => 
    [P_AUTH_NO] => 
)

 Array
(
    [PageCall time] => 13:04:33
    [P_TID] => INIMX_VBNKCAEcatca0720250706130349155972
    [P_MID] => CAEcatca07
    [P_AUTH_DT] => 20250706130433
    [P_STATUS] => 02
    [P_TYPE] => VBANK
    [P_OID] => 250706-007
    [P_FN_CD1] => 04
    [P_FN_CD2] => 
    [P_FN_NM] => KB국민은행
    [P_AMT] => 3000
    [P_UNAME] => 김명준
    [P_RMESG1] => P_VACCT_NO=26119078179664|P_EXP_DT=20250716
    [P_RMESG2] => 
    [P_NOTI] => 
    [P_AUTH_NO] => 
)

 Array
(
    [PageCall time] => 14:20:44
    [P_TID] => INIMX_VBNKCAEcatca0720250706141724655290
    [P_MID] => CAEcatca07
    [P_AUTH_DT] => 20250706142044
    [P_STATUS] => 02
    [P_TYPE] => VBANK
    [P_OID] => 250706-008
    [P_FN_CD1] => 88
    [P_FN_CD2] => 
    [P_FN_NM] => 신한은행
    [P_AMT] => 3000
    [P_UNAME] => 김주하
    [P_RMESG1] => P_VACCT_NO=56211106143725|P_EXP_DT=20250716
    [P_RMESG2] => 
    [P_NOTI] => 
    [P_AUTH_NO] => 
)

 Array
(
    [PageCall time] => 15:34:17
    [P_TID] => INIMX_VBNKCAEcatca0720250706153106635236
    [P_MID] => CAEcatca07
    [P_AUTH_DT] => 20250706153417
    [P_STATUS] => 02
    [P_TYPE] => VBANK
    [P_OID] => 250706-009
    [P_FN_CD1] => 81
    [P_FN_CD2] => 
    [P_FN_NM] => 하나은행
    [P_AMT] => 3000
    [P_UNAME] => 김진선
    [P_RMESG1] => P_VACCT_NO=20894854422537|P_EXP_DT=20250716
    [P_RMESG2] => 
    [P_NOTI] => 
    [P_AUTH_NO] => 
)

 Array
(
    [PageCall time] => 17:47:33
    [P_TID] => INIMX_VBNKCAEcatca0720250706174612665635
    [P_MID] => CAEcatca07
    [P_AUTH_DT] => 20250706174733
    [P_STATUS] => 02
    [P_TYPE] => VBANK
    [P_OID] => 250706-010
    [P_FN_CD1] => 04
    [P_FN_CD2] => 
    [P_FN_NM] => KB국민은행
    [P_AMT] => 3000
    [P_UNAME] => 김수득
    [P_RMESG1] => P_VACCT_NO=70189014544111|P_EXP_DT=20250716
    [P_RMESG2] => 
    [P_NOTI] => 
    [P_AUTH_NO] => 
)

 Array
(
    [PageCall time] => 18:25:09
    [P_TID] => INIMX_VBNKCAEcatca0720250706182217805839
    [P_MID] => CAEcatca07
    [P_AUTH_DT] => 20250706182509
    [P_STATUS] => 02
    [P_TYPE] => VBANK
    [P_OID] => 250706-011
    [P_FN_CD1] => 20
    [P_FN_CD2] => 
    [P_FN_NM] => 우리은행
    [P_AMT] => 3000
    [P_UNAME] => 왕은영
    [P_RMESG1] => P_VACCT_NO=32831355718509|P_EXP_DT=20250716
    [P_RMESG2] => 
    [P_NOTI] => 
    [P_AUTH_NO] => 
)

 Array
(
    [PageCall time] => 18:59:51
    [P_TID] => INIMX_VBNKCAEcatca0720250706185730925553
    [P_MID] => CAEcatca07
    [P_AUTH_DT] => 20250706185951
    [P_STATUS] => 02
    [P_TYPE] => VBANK
    [P_OID] => 250706-012
    [P_FN_CD1] => 04
    [P_FN_CD2] => 
    [P_FN_NM] => KB국민은행
    [P_AMT] => 3000
    [P_UNAME] => 박수정
    [P_RMESG1] => P_VACCT_NO=70189014548544|P_EXP_DT=20250716
    [P_RMESG2] => 
    [P_NOTI] => 
    [P_AUTH_NO] => 
)

