 Array
(
    [PageCall time] => 09:43:22
    [P_TID] => INIMX_VBNKCAEcatca0720250609093949755035
    [P_MID] => CAEcatca07
    [P_AUTH_DT] => 20250609094322
    [P_STATUS] => 02
    [P_TYPE] => VBANK
    [P_OID] => 250608-002
    [P_FN_CD1] => 88
    [P_FN_CD2] => 
    [P_FN_NM] => 신한은행
    [P_AMT] => 3000
    [P_UNAME] => 정영희
    [P_RMESG1] => P_VACCT_NO=56211104360220|P_EXP_DT=20250619
    [P_RMESG2] => 
    [P_NOTI] => 
    [P_AUTH_NO] => 
)

 Array
(
    [PageCall time] => 10:00:54
    [P_TID] => INIMX_VBNKCAEcatca0720250609095720855321
    [P_MID] => CAEcatca07
    [P_AUTH_DT] => 20250609100054
    [P_STATUS] => 02
    [P_TYPE] => VBANK
    [P_OID] => 250609-002
    [P_FN_CD1] => 03
    [P_FN_CD2] => 
    [P_FN_NM] => 기업은행
    [P_AMT] => 3000
    [P_UNAME] => 신성식
    [P_RMESG1] => P_VACCT_NO=07503200097866|P_EXP_DT=20250619
    [P_RMESG2] => 
    [P_NOTI] => 
    [P_AUTH_NO] => 
)

 Array
(
    [PageCall time] => 10:12:56
    [P_TID] => INIMX_VBNKCAEcatca0720250609100850245203
    [P_MID] => CAEcatca07
    [P_AUTH_DT] => 20250609101256
    [P_STATUS] => 02
    [P_TYPE] => VBANK
    [P_OID] => 250609-003
    [P_FN_CD1] => 20
    [P_FN_CD2] => 
    [P_FN_NM] => 우리은행
    [P_AMT] => 3000
    [P_UNAME] => 김순덕
    [P_RMESG1] => P_VACCT_NO=27491118618039|P_EXP_DT=20250619
    [P_RMESG2] => 
    [P_NOTI] => 
    [P_AUTH_NO] => 
)

 Array
(
    [PageCall time] => 10:17:05
    [P_TID] => INIMX_VBNKCAEcatca0720250609101447375357
    [P_MID] => CAEcatca07
    [P_AUTH_DT] => 20250609101705
    [P_STATUS] => 02
    [P_TYPE] => VBANK
    [P_OID] => 250609-005
    [P_FN_CD1] => 04
    [P_FN_CD2] => 
    [P_FN_NM] => KB국민은행
    [P_AMT] => 3000
    [P_UNAME] => ㄱ백말남
    [P_RMESG1] => P_VACCT_NO=26119078111321|P_EXP_DT=20250619
    [P_RMESG2] => 
    [P_NOTI] => 
    [P_AUTH_NO] => 
)

 Array
(
    [PageCall time] => 10:33:14
    [P_TID] => INIMX_VBNKCAEcatca0720250609103030815931
    [P_MID] => CAEcatca07
    [P_AUTH_DT] => 20250609103314
    [P_STATUS] => 02
    [P_TYPE] => VBANK
    [P_OID] => 250609-007
    [P_FN_CD1] => 04
    [P_FN_CD2] => 
    [P_FN_NM] => KB국민은행
    [P_AMT] => 3000
    [P_UNAME] => 윤유리
    [P_RMESG1] => P_VACCT_NO=26119078122318|P_EXP_DT=20250619
    [P_RMESG2] => 
    [P_NOTI] => 
    [P_AUTH_NO] => 
)

 Array
(
    [PageCall time] => 10:45:51
    [P_TID] => INIMX_VBNKCAEcatca0720250609104153145294
    [P_MID] => CAEcatca07
    [P_AUTH_DT] => 20250609104551
    [P_STATUS] => 02
    [P_TYPE] => VBANK
    [P_OID] => 250609-008
    [P_FN_CD1] => 88
    [P_FN_CD2] => 
    [P_FN_NM] => 신한은행
    [P_AMT] => 3000
    [P_UNAME] => 이종필
    [P_RMESG1] => P_VACCT_NO=56211104368399|P_EXP_DT=20250619
    [P_RMESG2] => 
    [P_NOTI] => 
    [P_AUTH_NO] => 
)

 Array
(
    [PageCall time] => 10:47:00
    [P_TID] => INIMX_VBNKCAEcatca0720250609104255685489
    [P_MID] => CAEcatca07
    [P_AUTH_DT] => 20250609104700
    [P_STATUS] => 02
    [P_TYPE] => VBANK
    [P_OID] => 250609-009
    [P_FN_CD1] => 03
    [P_FN_CD2] => 
    [P_FN_NM] => 기업은행
    [P_AMT] => 3000
    [P_UNAME] => 임수정
    [P_RMESG1] => P_VACCT_NO=07503200697940|P_EXP_DT=20250619
    [P_RMESG2] => 
    [P_NOTI] => 
    [P_AUTH_NO] => 
)

 Array
(
    [PageCall time] => 11:15:20
    [P_TID] => INIMX_VBNKCAEcatca0720250609111435905772
    [P_MID] => CAEcatca07
    [P_AUTH_DT] => 20250609111520
    [P_STATUS] => 02
    [P_TYPE] => VBANK
    [P_OID] => 250609-010
    [P_FN_CD1] => 11
    [P_FN_CD2] => 
    [P_FN_NM] => NH농협은행
    [P_AMT] => 3000
    [P_UNAME] => 전명숙
    [P_RMESG1] => P_VACCT_NO=79010587812841|P_EXP_DT=20250619
    [P_RMESG2] => 
    [P_NOTI] => 
    [P_AUTH_NO] => 
)

 Array
(
    [PageCall time] => 12:14:25
    [P_TID] => INIMX_VBNKCAEcatca0720250609121221205638
    [P_MID] => CAEcatca07
    [P_AUTH_DT] => 20250609121425
    [P_STATUS] => 02
    [P_TYPE] => VBANK
    [P_OID] => 250609-013
    [P_FN_CD1] => 11
    [P_FN_CD2] => 
    [P_FN_NM] => NH농협은행
    [P_AMT] => 3000
    [P_UNAME] => 조미향
    [P_RMESG1] => P_VACCT_NO=79010587823292|P_EXP_DT=20250619
    [P_RMESG2] => 
    [P_NOTI] => 
    [P_AUTH_NO] => 
)

 Array
(
    [PageCall time] => 12:25:33
    [P_TID] => INIMX_VBNKCAEcatca0720250609122421455387
    [P_MID] => CAEcatca07
    [P_AUTH_DT] => 20250609122533
    [P_STATUS] => 02
    [P_TYPE] => VBANK
    [P_OID] => 250609-012
    [P_FN_CD1] => 04
    [P_FN_CD2] => 
    [P_FN_NM] => KB국민은행
    [P_AMT] => 3000
    [P_UNAME] => 이영란
    [P_RMESG1] => P_VACCT_NO=26119078194793|P_EXP_DT=20250619
    [P_RMESG2] => 
    [P_NOTI] => 
    [P_AUTH_NO] => 
)

 Array
(
    [PageCall time] => 13:13:17
    [P_TID] => INIMX_VBNKCAEcatca0720250609131028175738
    [P_MID] => CAEcatca07
    [P_AUTH_DT] => 20250609131317
    [P_STATUS] => 02
    [P_TYPE] => VBANK
    [P_OID] => 250609-014
    [P_FN_CD1] => 03
    [P_FN_CD2] => 
    [P_FN_NM] => 기업은행
    [P_AMT] => 3000
    [P_UNAME] => 성아름
    [P_RMESG1] => P_VACCT_NO=07503202497777|P_EXP_DT=20250619
    [P_RMESG2] => 
    [P_NOTI] => 
    [P_AUTH_NO] => 
)

 Array
(
    [PageCall time] => 13:38:32
    [P_TID] => INIMX_VBNKCAEcatca0720250609133357825629
    [P_MID] => CAEcatca07
    [P_AUTH_DT] => 20250609133832
    [P_STATUS] => 02
    [P_TYPE] => VBANK
    [P_OID] => 250609-016
    [P_FN_CD1] => 20
    [P_FN_CD2] => 
    [P_FN_NM] => 우리은행
    [P_AMT] => 3000
    [P_UNAME] => 구근희
    [P_RMESG1] => P_VACCT_NO=27491133118966|P_EXP_DT=20250619
    [P_RMESG2] => 
    [P_NOTI] => 
    [P_AUTH_NO] => 
)

 Array
(
    [PageCall time] => 13:53:02
    [P_TID] => INIMX_VBNKCAEcatca0720250609135010875625
    [P_MID] => CAEcatca07
    [P_AUTH_DT] => 20250609135302
    [P_STATUS] => 02
    [P_TYPE] => VBANK
    [P_OID] => 250609-017
    [P_FN_CD1] => 03
    [P_FN_CD2] => 
    [P_FN_NM] => 기업은행
    [P_AMT] => 3000
    [P_UNAME] => 최종윤
    [P_RMESG1] => P_VACCT_NO=07503203097857|P_EXP_DT=20250619
    [P_RMESG2] => 
    [P_NOTI] => 
    [P_AUTH_NO] => 
)

 Array
(
    [PageCall time] => 13:56:08
    [P_TID] => INIMX_VBNKCAEcatca0720250609135506845279
    [P_MID] => CAEcatca07
    [P_AUTH_DT] => 20250609135608
    [P_STATUS] => 02
    [P_TYPE] => VBANK
    [P_OID] => 250606-009
    [P_FN_CD1] => 04
    [P_FN_CD2] => 
    [P_FN_NM] => KB국민은행
    [P_AMT] => 3000
    [P_UNAME] => 유경선
    [P_RMESG1] => P_VACCT_NO=26119078261284|P_EXP_DT=20250619
    [P_RMESG2] => 
    [P_NOTI] => 
    [P_AUTH_NO] => 
)

 Array
(
    [PageCall time] => 13:57:43
    [P_TID] => INIMX_VBNKCAEcatca0720250609135709815130
    [P_MID] => CAEcatca07
    [P_AUTH_DT] => 20250609135743
    [P_STATUS] => 02
    [P_TYPE] => VBANK
    [P_OID] => 250609-018
    [P_FN_CD1] => 04
    [P_FN_CD2] => 
    [P_FN_NM] => KB국민은행
    [P_AMT] => 3000
    [P_UNAME] => 이광섭
    [P_RMESG1] => P_VACCT_NO=26119078263457|P_EXP_DT=20250619
    [P_RMESG2] => 
    [P_NOTI] => 
    [P_AUTH_NO] => 
)

 Array
(
    [PageCall time] => 13:57:45
    [P_TID] => INIMX_VBNKCAEcatca0720250609135656875040
    [P_MID] => CAEcatca07
    [P_AUTH_DT] => 20250609135745
    [P_STATUS] => 02
    [P_TYPE] => VBANK
    [P_OID] => 250609-019
    [P_FN_CD1] => 04
    [P_FN_CD2] => 
    [P_FN_NM] => KB국민은행
    [P_AMT] => 3000
    [P_UNAME] => 김윤서
    [P_RMESG1] => P_VACCT_NO=26119078263134|P_EXP_DT=20250619
    [P_RMESG2] => 
    [P_NOTI] => 
    [P_AUTH_NO] => 
)

 Array
(
    [PageCall time] => 14:08:16
    [P_TID] => INIMX_VBNKCAEcatca0720250609140657315466
    [P_MID] => CAEcatca07
    [P_AUTH_DT] => 20250609140816
    [P_STATUS] => 02
    [P_TYPE] => VBANK
    [P_OID] => 250609-020
    [P_FN_CD1] => 32
    [P_FN_CD2] => 
    [P_FN_NM] => 부산은행
    [P_AMT] => 3000
    [P_UNAME] => 김미영
    [P_RMESG1] => P_VACCT_NO=109924704343|P_EXP_DT=20250619
    [P_RMESG2] => 
    [P_NOTI] => 
    [P_AUTH_NO] => 
)

 Array
(
    [PageCall time] => 14:10:51
    [P_TID] => INIMX_VBNKCAEcatca0720250609140706665913
    [P_MID] => CAEcatca07
    [P_AUTH_DT] => 20250609141051
    [P_STATUS] => 02
    [P_TYPE] => VBANK
    [P_OID] => 250605-015
    [P_FN_CD1] => 20
    [P_FN_CD2] => 
    [P_FN_NM] => 우리은행
    [P_AMT] => 3000
    [P_UNAME] => 곽동화
    [P_RMESG1] => P_VACCT_NO=27491137218464|P_EXP_DT=20250619
    [P_RMESG2] => 
    [P_NOTI] => 
    [P_AUTH_NO] => 
)

 Array
(
    [PageCall time] => 14:49:49
    [P_TID] => INIMX_VBNKCAEcatca0720250609144721894214
    [P_MID] => CAEcatca07
    [P_AUTH_DT] => 20250609144949
    [P_STATUS] => 02
    [P_TYPE] => VBANK
    [P_OID] => 250609-021
    [P_FN_CD1] => 89
    [P_FN_CD2] => 
    [P_FN_NM] => 케이뱅크
    [P_AMT] => 3000
    [P_UNAME] => 강철순
    [P_RMESG1] => P_VACCT_NO=70112000133952|P_EXP_DT=20250619
    [P_RMESG2] => 
    [P_NOTI] => 
    [P_AUTH_NO] => 
)

 Array
(
    [PageCall time] => 14:54:43
    [P_TID] => INIMX_VBNKCAEcatca0720250609145206765653
    [P_MID] => CAEcatca07
    [P_AUTH_DT] => 20250609145443
    [P_STATUS] => 02
    [P_TYPE] => VBANK
    [P_OID] => 250609-022
    [P_FN_CD1] => 89
    [P_FN_CD2] => 
    [P_FN_NM] => 케이뱅크
    [P_AMT] => 3000
    [P_UNAME] => 송다움
    [P_RMESG1] => P_VACCT_NO=70112003715095|P_EXP_DT=20250619
    [P_RMESG2] => 
    [P_NOTI] => 
    [P_AUTH_NO] => 
)

 Array
(
    [PageCall time] => 15:04:33
    [P_TID] => INIMX_VBNKCAEcatca0720250609150205275423
    [P_MID] => CAEcatca07
    [P_AUTH_DT] => 20250609150433
    [P_STATUS] => 02
    [P_TYPE] => VBANK
    [P_OID] => 250609-024
    [P_FN_CD1] => 81
    [P_FN_CD2] => 
    [P_FN_NM] => 하나은행
    [P_AMT] => 3000
    [P_UNAME] => 박동배
    [P_RMESG1] => P_VACCT_NO=20894068894737|P_EXP_DT=20250619
    [P_RMESG2] => 
    [P_NOTI] => 
    [P_AUTH_NO] => 
)

 Array
(
    [PageCall time] => 15:40:25
    [P_TID] => INIMX_VBNKCAEcatca0720250609153657914981
    [P_MID] => CAEcatca07
    [P_AUTH_DT] => 20250609154025
    [P_STATUS] => 02
    [P_TYPE] => VBANK
    [P_OID] => 250609-025
    [P_FN_CD1] => 71
    [P_FN_CD2] => 
    [P_FN_NM] => 우체국
    [P_AMT] => 3000
    [P_UNAME] => 이종하
    [P_RMESG1] => P_VACCT_NO=01398781678367|P_EXP_DT=20250619
    [P_RMESG2] => 
    [P_NOTI] => 
    [P_AUTH_NO] => 
)

 Array
(
    [PageCall time] => 15:52:06
    [P_TID] => INIMX_VBNKCAEcatca0720250609155058724508
    [P_MID] => CAEcatca07
    [P_AUTH_DT] => 20250609155206
    [P_STATUS] => 02
    [P_TYPE] => VBANK
    [P_OID] => 250609-029
    [P_FN_CD1] => 04
    [P_FN_CD2] => 
    [P_FN_NM] => KB국민은행
    [P_AMT] => 3000
    [P_UNAME] => 김미선
    [P_RMESG1] => P_VACCT_NO=88069011580488|P_EXP_DT=20250619
    [P_RMESG2] => 
    [P_NOTI] => 
    [P_AUTH_NO] => 
)

 Array
(
    [PageCall time] => 15:52:20
    [P_TID] => INIMX_VBNKCAEcatca0720250604093231595195
    [P_MID] => CAEcatca07
    [P_AUTH_DT] => 20250609155220
    [P_STATUS] => 02
    [P_TYPE] => VBANK
    [P_OID] => 250604-004
    [P_FN_CD1] => 11
    [P_FN_CD2] => 
    [P_FN_NM] => NH농협은행
    [P_AMT] => 3000
    [P_UNAME] => 이중석
    [P_RMESG1] => P_VACCT_NO=79010582404610|P_EXP_DT=20250614
    [P_RMESG2] => 
    [P_NOTI] => 
    [P_AUTH_NO] => 
)

 Array
(
    [PageCall time] => 16:16:58
    [P_TID] => INIMX_VBNKCAEcatca0720250609161248564370
    [P_MID] => CAEcatca07
    [P_AUTH_DT] => 20250609161658
    [P_STATUS] => 02
    [P_TYPE] => VBANK
    [P_OID] => 250609-031
    [P_FN_CD1] => 03
    [P_FN_CD2] => 
    [P_FN_NM] => 기업은행
    [P_AMT] => 3000
    [P_UNAME] => 유은희
    [P_RMESG1] => P_VACCT_NO=07503429997704|P_EXP_DT=20250619
    [P_RMESG2] => 
    [P_NOTI] => 
    [P_AUTH_NO] => 
)

 Array
(
    [PageCall time] => 16:29:16
    [P_TID] => INIMX_VBNKCAEcatca0720250609162808504443
    [P_MID] => CAEcatca07
    [P_AUTH_DT] => 20250609162916
    [P_STATUS] => 02
    [P_TYPE] => VBANK
    [P_OID] => 250609-032
    [P_FN_CD1] => 11
    [P_FN_CD2] => 
    [P_FN_NM] => NH농협은행
    [P_AMT] => 3000
    [P_UNAME] => 성미영
    [P_RMESG1] => P_VACCT_NO=79003187450630|P_EXP_DT=20250619
    [P_RMESG2] => 
    [P_NOTI] => 
    [P_AUTH_NO] => 
)

 Array
(
    [PageCall time] => 16:32:30
    [P_TID] => INIMX_VBNKCAEcatca0720250609162949284975
    [P_MID] => CAEcatca07
    [P_AUTH_DT] => 20250609163230
    [P_STATUS] => 02
    [P_TYPE] => VBANK
    [P_OID] => 250609-033
    [P_FN_CD1] => 88
    [P_FN_CD2] => 
    [P_FN_NM] => 신한은행
    [P_AMT] => 3000
    [P_UNAME] => 조유희
    [P_RMESG1] => P_VACCT_NO=56211121378330|P_EXP_DT=20250619
    [P_RMESG2] => 
    [P_NOTI] => 
    [P_AUTH_NO] => 
)

 Array
(
    [PageCall time] => 16:32:36
    [P_TID] => INIMX_VBNKCAEcatca0720250609160131614919
    [P_MID] => CAEcatca07
    [P_AUTH_DT] => 20250609163236
    [P_STATUS] => 02
    [P_TYPE] => VBANK
    [P_OID] => 250609-030
    [P_FN_CD1] => 04
    [P_FN_CD2] => 
    [P_FN_NM] => KB국민은행
    [P_AMT] => 3000
    [P_UNAME] => 이주원
    [P_RMESG1] => P_VACCT_NO=88069011580938|P_EXP_DT=20250619
    [P_RMESG2] => 
    [P_NOTI] => 
    [P_AUTH_NO] => 
)

 Array
(
    [PageCall time] => 16:40:16
    [P_TID] => INIMX_VBNKCAEcatca0720250609163719444270
    [P_MID] => CAEcatca07
    [P_AUTH_DT] => 20250609164016
    [P_STATUS] => 02
    [P_TYPE] => VBANK
    [P_OID] => 250609-027
    [P_FN_CD1] => 89
    [P_FN_CD2] => 
    [P_FN_NM] => 케이뱅크
    [P_AMT] => 3000
    [P_UNAME] => 권은희
    [P_RMESG1] => P_VACCT_NO=70112000134762|P_EXP_DT=20250619
    [P_RMESG2] => 
    [P_NOTI] => 
    [P_AUTH_NO] => 
)

 Array
(
    [PageCall time] => 16:41:22
    [P_TID] => INIMX_VBNKCAEcatca0720250609163838314889
    [P_MID] => CAEcatca07
    [P_AUTH_DT] => 20250609164122
    [P_STATUS] => 02
    [P_TYPE] => VBANK
    [P_OID] => 250609-035
    [P_FN_CD1] => 20
    [P_FN_CD2] => 
    [P_FN_NM] => 우리은행
    [P_AMT] => 3000
    [P_UNAME] => 신효순
    [P_RMESG1] => P_VACCT_NO=61843219118187|P_EXP_DT=20250619
    [P_RMESG2] => 
    [P_NOTI] => 
    [P_AUTH_NO] => 
)

 Array
(
    [PageCall time] => 16:46:08
    [P_TID] => INIMX_VBNKCAEcatca0720250609164327954368
    [P_MID] => CAEcatca07
    [P_AUTH_DT] => 20250609164608
    [P_STATUS] => 02
    [P_TYPE] => VBANK
    [P_OID] => 250609-036
    [P_FN_CD1] => 88
    [P_FN_CD2] => 
    [P_FN_NM] => 신한은행
    [P_AMT] => 3000
    [P_UNAME] => 최진희
    [P_RMESG1] => P_VACCT_NO=56211121378702|P_EXP_DT=20250619
    [P_RMESG2] => 
    [P_NOTI] => 
    [P_AUTH_NO] => 
)

 Array
(
    [PageCall time] => 17:01:05
    [P_TID] => INIMX_VBNKCAEcatca0720250609165447254793
    [P_MID] => CAEcatca07
    [P_AUTH_DT] => 20250609170105
    [P_STATUS] => 02
    [P_TYPE] => VBANK
    [P_OID] => 250609-004
    [P_FN_CD1] => 11
    [P_FN_CD2] => 
    [P_FN_NM] => NH농협은행
    [P_AMT] => 3000
    [P_UNAME] => 박찬운
    [P_RMESG1] => P_VACCT_NO=79003187452637|P_EXP_DT=20250619
    [P_RMESG2] => 
    [P_NOTI] => 
    [P_AUTH_NO] => 
)

 Array
(
    [PageCall time] => 17:05:31
    [P_TID] => INIMX_VBNKCAEcatca0720250609170441414029
    [P_MID] => CAEcatca07
    [P_AUTH_DT] => 20250609170531
    [P_STATUS] => 02
    [P_TYPE] => VBANK
    [P_OID] => 250609-037
    [P_FN_CD1] => 04
    [P_FN_CD2] => 
    [P_FN_NM] => KB국민은행
    [P_AMT] => 3000
    [P_UNAME] => 박성호
    [P_RMESG1] => P_VACCT_NO=88069011586394|P_EXP_DT=20250619
    [P_RMESG2] => 
    [P_NOTI] => 
    [P_AUTH_NO] => 
)

 Array
(
    [PageCall time] => 17:12:26
    [P_TID] => INIMX_VBNKCAEcatca0720250609170810494251
    [P_MID] => CAEcatca07
    [P_AUTH_DT] => 20250609171226
    [P_STATUS] => 02
    [P_TYPE] => VBANK
    [P_OID] => 250609-011
    [P_FN_CD1] => 03
    [P_FN_CD2] => 
    [P_FN_NM] => 기업은행
    [P_AMT] => 3000
    [P_UNAME] => 권성혁
    [P_RMESG1] => P_VACCT_NO=07503430197634|P_EXP_DT=20250619
    [P_RMESG2] => 
    [P_NOTI] => 
    [P_AUTH_NO] => 
)

 Array
(
    [PageCall time] => 17:28:21
    [P_TID] => INIMX_VBNKCAEcatca0720250609172616824325
    [P_MID] => CAEcatca07
    [P_AUTH_DT] => 20250609172821
    [P_STATUS] => 02
    [P_TYPE] => VBANK
    [P_OID] => 250609-039
    [P_FN_CD1] => 04
    [P_FN_CD2] => 
    [P_FN_NM] => KB국민은행
    [P_AMT] => 3000
    [P_UNAME] => 미정걸
    [P_RMESG1] => P_VACCT_NO=88069011588033|P_EXP_DT=20250619
    [P_RMESG2] => 
    [P_NOTI] => 
    [P_AUTH_NO] => 
)

 Array
(
    [PageCall time] => 17:36:47
    [P_TID] => INIMX_VBNKCAEcatca0720250609173236494680
    [P_MID] => CAEcatca07
    [P_AUTH_DT] => 20250609173647
    [P_STATUS] => 02
    [P_TYPE] => VBANK
    [P_OID] => 250609-040
    [P_FN_CD1] => 89
    [P_FN_CD2] => 
    [P_FN_NM] => 케이뱅크
    [P_AMT] => 3000
    [P_UNAME] => 김효빈
    [P_RMESG1] => P_VACCT_NO=70112000135079|P_EXP_DT=20250619
    [P_RMESG2] => 
    [P_NOTI] => 
    [P_AUTH_NO] => 
)

 Array
(
    [PageCall time] => 18:31:28
    [P_TID] => INIMX_VBNKCAEcatca0720250609180810365646
    [P_MID] => CAEcatca07
    [P_AUTH_DT] => 20250609183128
    [P_STATUS] => 02
    [P_TYPE] => VBANK
    [P_OID] => 250609-034
    [P_FN_CD1] => 04
    [P_FN_CD2] => 
    [P_FN_NM] => KB국민은행
    [P_AMT] => 3000
    [P_UNAME] => 서정문
    [P_RMESG1] => P_VACCT_NO=70149014299721|P_EXP_DT=20250619
    [P_RMESG2] => 
    [P_NOTI] => 
    [P_AUTH_NO] => 
)

 Array
(
    [PageCall time] => 18:35:35
    [P_TID] => INIMX_VBNKCAEcatca0720250609183246645974
    [P_MID] => CAEcatca07
    [P_AUTH_DT] => 20250609183535
    [P_STATUS] => 02
    [P_TYPE] => VBANK
    [P_OID] => 250609-041
    [P_FN_CD1] => 81
    [P_FN_CD2] => 
    [P_FN_NM] => 하나은행
    [P_AMT] => 3000
    [P_UNAME] => 박인용
    [P_RMESG1] => P_VACCT_NO=20894069879837|P_EXP_DT=20250619
    [P_RMESG2] => 
    [P_NOTI] => 
    [P_AUTH_NO] => 
)

 Array
(
    [PageCall time] => 21:03:37
    [P_TID] => INIMX_VBNKCAEcatca0720250609210028535839
    [P_MID] => CAEcatca07
    [P_AUTH_DT] => 20250609210337
    [P_STATUS] => 02
    [P_TYPE] => VBANK
    [P_OID] => 250609-042
    [P_FN_CD1] => 81
    [P_FN_CD2] => 
    [P_FN_NM] => 하나은행
    [P_AMT] => 3000
    [P_UNAME] => 박용훈
    [P_RMESG1] => P_VACCT_NO=20894070257337|P_EXP_DT=20250619
    [P_RMESG2] => 
    [P_NOTI] => 
    [P_AUTH_NO] => 
)

 Array
(
    [PageCall time] => 21:46:06
    [P_TID] => INIMX_VBNKCAEcatca0720250609214539645745
    [P_MID] => CAEcatca07
    [P_AUTH_DT] => 20250609214606
    [P_STATUS] => 02
    [P_TYPE] => VBANK
    [P_OID] => 250609-044
    [P_FN_CD1] => 04
    [P_FN_CD2] => 
    [P_FN_NM] => KB국민은행
    [P_AMT] => 3000
    [P_UNAME] => 김도형
    [P_RMESG1] => P_VACCT_NO=70149014316978|P_EXP_DT=20250619
    [P_RMESG2] => 
    [P_NOTI] => 
    [P_AUTH_NO] => 
)

 Array
(
    [PageCall time] => 22:28:00
    [P_TID] => INIMX_VBNKCAEcatca0720250609222415465902
    [P_MID] => CAEcatca07
    [P_AUTH_DT] => 20250609222800
    [P_STATUS] => 02
    [P_TYPE] => VBANK
    [P_OID] => 250609-045
    [P_FN_CD1] => 20
    [P_FN_CD2] => 
    [P_FN_NM] => 우리은행
    [P_AMT] => 3000
    [P_UNAME] => 이재순
    [P_RMESG1] => P_VACCT_NO=27491164018299|P_EXP_DT=20250619
    [P_RMESG2] => 
    [P_NOTI] => 
    [P_AUTH_NO] => 
)

 Array
(
    [PageCall time] => 22:57:14
    [P_TID] => INIMX_VBNKCAEcatca0720250609225434555129
    [P_MID] => CAEcatca07
    [P_AUTH_DT] => 20250609225714
    [P_STATUS] => 02
    [P_TYPE] => VBANK
    [P_OID] => 250609-048
    [P_FN_CD1] => 20
    [P_FN_CD2] => 
    [P_FN_NM] => 우리은행
    [P_AMT] => 3000
    [P_UNAME] => 김정연
    [P_RMESG1] => P_VACCT_NO=27491165618331|P_EXP_DT=20250619
    [P_RMESG2] => 
    [P_NOTI] => 
    [P_AUTH_NO] => 
)

 Array
(
    [PageCall time] => 23:00:38
    [P_TID] => INIMX_VBNKCAEcatca0720250609225811745481
    [P_MID] => CAEcatca07
    [P_AUTH_DT] => 20250609230038
    [P_STATUS] => 02
    [P_TYPE] => VBANK
    [P_OID] => 250609-047
    [P_FN_CD1] => 03
    [P_FN_CD2] => 
    [P_FN_NM] => 기업은행
    [P_AMT] => 3000
    [P_UNAME] => 송수연
    [P_RMESG1] => P_VACCT_NO=07503207497012|P_EXP_DT=20250619
    [P_RMESG2] => 
    [P_NOTI] => 
    [P_AUTH_NO] => 
)

