 Array
(
    [PageCall time] => 00:54:35
    [P_TID] => INIMX_VBNKCAEcatca0720250724005121415436
    [P_MID] => CAEcatca07
    [P_AUTH_DT] => 20250724005435
    [P_STATUS] => 02
    [P_TYPE] => VBANK
    [P_OID] => 250724-001
    [P_FN_CD1] => 81
    [P_FN_CD2] => 
    [P_FN_NM] => 하나은행
    [P_AMT] => 3000
    [P_UNAME] => ThompsonJulieelaine
    [P_RMESG1] => P_VACCT_NO=20893884265437|P_EXP_DT=20250803
    [P_RMESG2] => 
    [P_NOTI] => 
    [P_AUTH_NO] => 
)

 Array
(
    [PageCall time] => 06:29:30
    [P_TID] => INIMX_VBNKCAEcatca0720250724062628155137
    [P_MID] => CAEcatca07
    [P_AUTH_DT] => 20250724062930
    [P_STATUS] => 02
    [P_TYPE] => VBANK
    [P_OID] => 250724-002
    [P_FN_CD1] => 88
    [P_FN_CD2] => 
    [P_FN_NM] => 신한은행
    [P_AMT] => 3000
    [P_UNAME] => 문성국
    [P_RMESG1] => P_VACCT_NO=56211991295233|P_EXP_DT=20250803
    [P_RMESG2] => 
    [P_NOTI] => 
    [P_AUTH_NO] => 
)

 Array
(
    [PageCall time] => 09:29:57
    [P_TID] => INIMX_VBNKCAEcatca0720250724092838465366
    [P_MID] => CAEcatca07
    [P_AUTH_DT] => 20250724092957
    [P_STATUS] => 02
    [P_TYPE] => VBANK
    [P_OID] => 250721-001
    [P_FN_CD1] => 04
    [P_FN_CD2] => 
    [P_FN_NM] => KB국민은행
    [P_AMT] => 3000
    [P_UNAME] => 김혜민
    [P_RMESG1] => P_VACCT_NO=26159078054440|P_EXP_DT=20250803
    [P_RMESG2] => 
    [P_NOTI] => 
    [P_AUTH_NO] => 
)

 Array
(
    [PageCall time] => 10:27:42
    [P_TID] => INIMX_VBNKCAEcatca0720250724102623805396
    [P_MID] => CAEcatca07
    [P_AUTH_DT] => 20250724102742
    [P_STATUS] => 02
    [P_TYPE] => VBANK
    [P_OID] => 250724-008
    [P_FN_CD1] => 04
    [P_FN_CD2] => 
    [P_FN_NM] => KB국민은행
    [P_AMT] => 3000
    [P_UNAME] => 허창석
    [P_RMESG1] => P_VACCT_NO=70499011598224|P_EXP_DT=20250803
    [P_RMESG2] => 
    [P_NOTI] => 
    [P_AUTH_NO] => 
)

 Array
(
    [PageCall time] => 11:37:45
    [P_TID] => INIMX_VBNKCAEcatca0720250724113505864625
    [P_MID] => CAEcatca07
    [P_AUTH_DT] => 20250724113745
    [P_STATUS] => 02
    [P_TYPE] => VBANK
    [P_OID] => 250724-013
    [P_FN_CD1] => 88
    [P_FN_CD2] => 
    [P_FN_NM] => 신한은행
    [P_AMT] => 3000
    [P_UNAME] => 명정미
    [P_RMESG1] => P_VACCT_NO=56211122047845|P_EXP_DT=20250803
    [P_RMESG2] => 
    [P_NOTI] => 
    [P_AUTH_NO] => 
)

 Array
(
    [PageCall time] => 12:05:28
    [P_TID] => INIMX_VBNKCAEcatca0720250724120241314693
    [P_MID] => CAEcatca07
    [P_AUTH_DT] => 20250724120528
    [P_STATUS] => 02
    [P_TYPE] => VBANK
    [P_OID] => 250724-015
    [P_FN_CD1] => 03
    [P_FN_CD2] => 
    [P_FN_NM] => 기업은행
    [P_AMT] => 3000
    [P_UNAME] => 이재희
    [P_RMESG1] => P_VACCT_NO=07500346797641|P_EXP_DT=20250803
    [P_RMESG2] => 
    [P_NOTI] => 
    [P_AUTH_NO] => 
)

 Array
(
    [PageCall time] => 12:30:45
    [P_TID] => INIMX_VBNKCAEcatca0720250724122741174269
    [P_MID] => CAEcatca07
    [P_AUTH_DT] => 20250724123045
    [P_STATUS] => 02
    [P_TYPE] => VBANK
    [P_OID] => 250723-044
    [P_FN_CD1] => 88
    [P_FN_CD2] => 
    [P_FN_NM] => 신한은행
    [P_AMT] => 3000
    [P_UNAME] => 변정아
    [P_RMESG1] => P_VACCT_NO=56211122050520|P_EXP_DT=20250803
    [P_RMESG2] => 
    [P_NOTI] => 
    [P_AUTH_NO] => 
)

 Array
(
    [PageCall time] => 13:12:27
    [P_TID] => INIMX_VBNKCAEcatca0720250724131127344600
    [P_MID] => CAEcatca07
    [P_AUTH_DT] => 20250724131227
    [P_STATUS] => 02
    [P_TYPE] => VBANK
    [P_OID] => 250724-016
    [P_FN_CD1] => 11
    [P_FN_CD2] => 
    [P_FN_NM] => NH농협은행
    [P_AMT] => 3000
    [P_UNAME] => 이용형
    [P_RMESG1] => P_VACCT_NO=79003195503833|P_EXP_DT=20250803
    [P_RMESG2] => 
    [P_NOTI] => 
    [P_AUTH_NO] => 
)

 Array
(
    [PageCall time] => 13:29:29
    [P_TID] => INIMX_VBNKCAEcatca0720250724132836144135
    [P_MID] => CAEcatca07
    [P_AUTH_DT] => 20250724132929
    [P_STATUS] => 02
    [P_TYPE] => VBANK
    [P_OID] => 250724-019
    [P_FN_CD1] => 04
    [P_FN_CD2] => 
    [P_FN_NM] => KB국민은행
    [P_AMT] => 3000
    [P_UNAME] => 한승현
    [P_RMESG1] => P_VACCT_NO=88429011697270|P_EXP_DT=20250803
    [P_RMESG2] => 
    [P_NOTI] => 
    [P_AUTH_NO] => 
)

 Array
(
    [PageCall time] => 13:30:49
    [P_TID] => INIMX_VBNKCAEcatca0720250724132753104102
    [P_MID] => CAEcatca07
    [P_AUTH_DT] => 20250724133049
    [P_STATUS] => 02
    [P_TYPE] => VBANK
    [P_OID] => 250724-018
    [P_FN_CD1] => 20
    [P_FN_CD2] => 
    [P_FN_NM] => 우리은행
    [P_AMT] => 3000
    [P_UNAME] => 여현정
    [P_RMESG1] => P_VACCT_NO=09103677818390|P_EXP_DT=20250803
    [P_RMESG2] => 
    [P_NOTI] => 
    [P_AUTH_NO] => 
)

 Array
(
    [PageCall time] => 13:35:14
    [P_TID] => INIMX_VBNKCAEcatca0720250724133428294432
    [P_MID] => CAEcatca07
    [P_AUTH_DT] => 20250724133514
    [P_STATUS] => 02
    [P_TYPE] => VBANK
    [P_OID] => 250724-020
    [P_FN_CD1] => 04
    [P_FN_CD2] => 
    [P_FN_NM] => KB국민은행
    [P_AMT] => 3000
    [P_UNAME] => 이수민
    [P_RMESG1] => P_VACCT_NO=88429011699089|P_EXP_DT=20250803
    [P_RMESG2] => 
    [P_NOTI] => 
    [P_AUTH_NO] => 
)

 Array
(
    [PageCall time] => 14:28:34
    [P_TID] => INIMX_VBNKCAEcatca0720250724142558174233
    [P_MID] => CAEcatca07
    [P_AUTH_DT] => 20250724142834
    [P_STATUS] => 02
    [P_TYPE] => VBANK
    [P_OID] => 250722-019
    [P_FN_CD1] => 03
    [P_FN_CD2] => 
    [P_FN_NM] => 기업은행
    [P_AMT] => 3000
    [P_UNAME] => 장지환
    [P_RMESG1] => P_VACCT_NO=07500404997694|P_EXP_DT=20250803
    [P_RMESG2] => 
    [P_NOTI] => 
    [P_AUTH_NO] => 
)

 Array
(
    [PageCall time] => 15:07:52
    [P_TID] => INIMX_VBNKCAEcatca0720250724150400334496
    [P_MID] => CAEcatca07
    [P_AUTH_DT] => 20250724150752
    [P_STATUS] => 02
    [P_TYPE] => VBANK
    [P_OID] => 250724-022
    [P_FN_CD1] => 89
    [P_FN_CD2] => 
    [P_FN_NM] => 케이뱅크
    [P_AMT] => 3000
    [P_UNAME] => 이재경
    [P_RMESG1] => P_VACCT_NO=70112000210272|P_EXP_DT=20250803
    [P_RMESG2] => 
    [P_NOTI] => 
    [P_AUTH_NO] => 
)

 Array
(
    [PageCall time] => 15:45:15
    [P_TID] => INIMX_VBNKCAEcatca0720250724154149594640
    [P_MID] => CAEcatca07
    [P_AUTH_DT] => 20250724154515
    [P_STATUS] => 02
    [P_TYPE] => VBANK
    [P_OID] => 250724-024
    [P_FN_CD1] => 20
    [P_FN_CD2] => 
    [P_FN_NM] => 우리은행
    [P_AMT] => 3000
    [P_UNAME] => 지순례
    [P_RMESG1] => P_VACCT_NO=09103728018056|P_EXP_DT=20250803
    [P_RMESG2] => 
    [P_NOTI] => 
    [P_AUTH_NO] => 
)

 Array
(
    [PageCall time] => 15:52:02
    [P_TID] => INIMX_VBNKCAEcatca0720250724155132924324
    [P_MID] => CAEcatca07
    [P_AUTH_DT] => 20250724155202
    [P_STATUS] => 02
    [P_TYPE] => VBANK
    [P_OID] => 250723-039
    [P_FN_CD1] => 04
    [P_FN_CD2] => 
    [P_FN_NM] => KB국민은행
    [P_AMT] => 3000
    [P_UNAME] => 정효
    [P_RMESG1] => P_VACCT_NO=88429011757488|P_EXP_DT=20250803
    [P_RMESG2] => 
    [P_NOTI] => 
    [P_AUTH_NO] => 
)

 Array
(
    [PageCall time] => 15:55:56
    [P_TID] => INIMX_VBNKCAEcatca0720250724155232304662
    [P_MID] => CAEcatca07
    [P_AUTH_DT] => 20250724155556
    [P_STATUS] => 02
    [P_TYPE] => VBANK
    [P_OID] => 250724-025
    [P_FN_CD1] => 04
    [P_FN_CD2] => 
    [P_FN_NM] => KB국민은행
    [P_AMT] => 3000
    [P_UNAME] => 성순자
    [P_RMESG1] => P_VACCT_NO=88429011758034|P_EXP_DT=20250803
    [P_RMESG2] => 
    [P_NOTI] => 
    [P_AUTH_NO] => 
)

 Array
(
    [PageCall time] => 16:01:59
    [P_TID] => INIMX_VBNKCAEcatca0720250724160059134561
    [P_MID] => CAEcatca07
    [P_AUTH_DT] => 20250724160159
    [P_STATUS] => 02
    [P_TYPE] => VBANK
    [P_OID] => 250724-027
    [P_FN_CD1] => 04
    [P_FN_CD2] => 
    [P_FN_NM] => KB국민은행
    [P_AMT] => 3000
    [P_UNAME] => 장영빈
    [P_RMESG1] => P_VACCT_NO=88429011760536|P_EXP_DT=20250803
    [P_RMESG2] => 
    [P_NOTI] => 
    [P_AUTH_NO] => 
)

 Array
(
    [PageCall time] => 16:18:39
    [P_TID] => INIMX_VBNKCAEcatca0720250724161634434542
    [P_MID] => CAEcatca07
    [P_AUTH_DT] => 20250724161839
    [P_STATUS] => 02
    [P_TYPE] => VBANK
    [P_OID] => 250724-028
    [P_FN_CD1] => 04
    [P_FN_CD2] => 
    [P_FN_NM] => KB국민은행
    [P_AMT] => 3000
    [P_UNAME] => 김준영
    [P_RMESG1] => P_VACCT_NO=88429011763946|P_EXP_DT=20250803
    [P_RMESG2] => 
    [P_NOTI] => 
    [P_AUTH_NO] => 
)

 Array
(
    [PageCall time] => 16:22:47
    [P_TID] => INIMX_VBNKCAEcatca0720250724162129414974
    [P_MID] => CAEcatca07
    [P_AUTH_DT] => 20250724162247
    [P_STATUS] => 02
    [P_TYPE] => VBANK
    [P_OID] => 250724-030
    [P_FN_CD1] => 04
    [P_FN_CD2] => 
    [P_FN_NM] => KB국민은행
    [P_AMT] => 3000
    [P_UNAME] => 정지연
    [P_RMESG1] => P_VACCT_NO=88429011765560|P_EXP_DT=20250803
    [P_RMESG2] => 
    [P_NOTI] => 
    [P_AUTH_NO] => 
)

 Array
(
    [PageCall time] => 16:30:52
    [P_TID] => INIMX_VBNKCAEcatca0720250724163008844500
    [P_MID] => CAEcatca07
    [P_AUTH_DT] => 20250724163052
    [P_STATUS] => 02
    [P_TYPE] => VBANK
    [P_OID] => 250724-031
    [P_FN_CD1] => 04
    [P_FN_CD2] => 
    [P_FN_NM] => KB국민은행
    [P_AMT] => 3000
    [P_UNAME] => 박현지
    [P_RMESG1] => P_VACCT_NO=88429011767478|P_EXP_DT=20250803
    [P_RMESG2] => 
    [P_NOTI] => 
    [P_AUTH_NO] => 
)

 Array
(
    [PageCall time] => 17:03:43
    [P_TID] => INIMX_VBNKCAEcatca0720250724170048625049
    [P_MID] => CAEcatca07
    [P_AUTH_DT] => 20250724170343
    [P_STATUS] => 02
    [P_TYPE] => VBANK
    [P_OID] => 250724-034
    [P_FN_CD1] => 89
    [P_FN_CD2] => 
    [P_FN_NM] => 케이뱅크
    [P_AMT] => 3000
    [P_UNAME] => 김지웅
    [P_RMESG1] => P_VACCT_NO=70112004035973|P_EXP_DT=20250803
    [P_RMESG2] => 
    [P_NOTI] => 
    [P_AUTH_NO] => 
)

 Array
(
    [PageCall time] => 18:31:21
    [P_TID] => INIMX_VBNKCAEcatca0720250724182834855412
    [P_MID] => CAEcatca07
    [P_AUTH_DT] => 20250724183121
    [P_STATUS] => 02
    [P_TYPE] => VBANK
    [P_OID] => 250724-035
    [P_FN_CD1] => 88
    [P_FN_CD2] => 
    [P_FN_NM] => 신한은행
    [P_AMT] => 3000
    [P_UNAME] => 안혜영
    [P_RMESG1] => P_VACCT_NO=56211103127279|P_EXP_DT=20250803
    [P_RMESG2] => 
    [P_NOTI] => 
    [P_AUTH_NO] => 
)

 Array
(
    [PageCall time] => 19:07:34
    [P_TID] => INIMX_VBNKCAEcatca0720250724190652625414
    [P_MID] => CAEcatca07
    [P_AUTH_DT] => 20250724190734
    [P_STATUS] => 02
    [P_TYPE] => VBANK
    [P_OID] => 250724-036
    [P_FN_CD1] => 04
    [P_FN_CD2] => 
    [P_FN_NM] => KB국민은행
    [P_AMT] => 3000
    [P_UNAME] => 윤형란
    [P_RMESG1] => P_VACCT_NO=79889078132228|P_EXP_DT=20250803
    [P_RMESG2] => 
    [P_NOTI] => 
    [P_AUTH_NO] => 
)

 Array
(
    [PageCall time] => 19:13:45
    [P_TID] => INIMX_VBNKCAEcatca0720250724191256725944
    [P_MID] => CAEcatca07
    [P_AUTH_DT] => 20250724191345
    [P_STATUS] => 02
    [P_TYPE] => VBANK
    [P_OID] => 250724-038
    [P_FN_CD1] => 04
    [P_FN_CD2] => 
    [P_FN_NM] => KB국민은행
    [P_AMT] => 3000
    [P_UNAME] => 권성훈
    [P_RMESG1] => P_VACCT_NO=79889078361400|P_EXP_DT=20250803
    [P_RMESG2] => 
    [P_NOTI] => 
    [P_AUTH_NO] => 
)

 Array
(
    [PageCall time] => 19:49:07
    [P_TID] => INIMX_VBNKCAEcatca0720250724194613965452
    [P_MID] => CAEcatca07
    [P_AUTH_DT] => 20250724194907
    [P_STATUS] => 02
    [P_TYPE] => VBANK
    [P_OID] => 250724-039
    [P_FN_CD1] => 88
    [P_FN_CD2] => 
    [P_FN_NM] => 신한은행
    [P_AMT] => 3000
    [P_UNAME] => 윤일로
    [P_RMESG1] => P_VACCT_NO=56211103245866|P_EXP_DT=20250803
    [P_RMESG2] => 
    [P_NOTI] => 
    [P_AUTH_NO] => 
)

 Array
(
    [PageCall time] => 20:22:42
    [P_TID] => INIMX_VBNKCAEcatca0720250724202051945768
    [P_MID] => CAEcatca07
    [P_AUTH_DT] => 20250724202242
    [P_STATUS] => 02
    [P_TYPE] => VBANK
    [P_OID] => 250724-040
    [P_FN_CD1] => 04
    [P_FN_CD2] => 
    [P_FN_NM] => KB국민은행
    [P_AMT] => 3000
    [P_UNAME] => 김보라
    [P_RMESG1] => P_VACCT_NO=80009078574404|P_EXP_DT=20250803
    [P_RMESG2] => 
    [P_NOTI] => 
    [P_AUTH_NO] => 
)

 Array
(
    [PageCall time] => 21:33:32
    [P_TID] => INIMX_VBNKCAEcatca0720250724213034595541
    [P_MID] => CAEcatca07
    [P_AUTH_DT] => 20250724213332
    [P_STATUS] => 02
    [P_TYPE] => VBANK
    [P_OID] => 250724-042
    [P_FN_CD1] => 20
    [P_FN_CD2] => 
    [P_FN_NM] => 우리은행
    [P_AMT] => 3000
    [P_UNAME] => 김은광
    [P_RMESG1] => P_VACCT_NO=27387826718735|P_EXP_DT=20250803
    [P_RMESG2] => 
    [P_NOTI] => 
    [P_AUTH_NO] => 
)

