 Array
(
    [PageCall time] => 06:30:21
    [P_TID] => INIMX_VBNKCAEcatca0720250716062606375677
    [P_MID] => CAEcatca07
    [P_AUTH_DT] => 20250716063021
    [P_STATUS] => 02
    [P_TYPE] => VBANK
    [P_OID] => 250716-001
    [P_FN_CD1] => 88
    [P_FN_CD2] => 
    [P_FN_NM] => 신한은행
    [P_AMT] => 3000
    [P_UNAME] => 임윤숙
    [P_RMESG1] => P_VACCT_NO=56211105445858|P_EXP_DT=20250726
    [P_RMESG2] => 
    [P_NOTI] => 
    [P_AUTH_NO] => 
)

 Array
(
    [PageCall time] => 09:21:39
    [P_TID] => INIMX_VBNKCAEcatca0720250716092035615497
    [P_MID] => CAEcatca07
    [P_AUTH_DT] => 20250716092139
    [P_STATUS] => 02
    [P_TYPE] => VBANK
    [P_OID] => 250716-002
    [P_FN_CD1] => 04
    [P_FN_CD2] => 
    [P_FN_NM] => KB국민은행
    [P_AMT] => 3000
    [P_UNAME] => 김성호
    [P_RMESG1] => P_VACCT_NO=44289079139147|P_EXP_DT=20250726
    [P_RMESG2] => 
    [P_NOTI] => 
    [P_AUTH_NO] => 
)

 Array
(
    [PageCall time] => 09:38:00
    [P_TID] => INIMX_VBNKCAEcatca0720250716093700615613
    [P_MID] => CAEcatca07
    [P_AUTH_DT] => 20250716093800
    [P_STATUS] => 02
    [P_TYPE] => VBANK
    [P_OID] => 250716-003
    [P_FN_CD1] => 11
    [P_FN_CD2] => 
    [P_FN_NM] => NH농협은행
    [P_AMT] => 3000
    [P_UNAME] => 송선영
    [P_RMESG1] => P_VACCT_NO=79013684553074|P_EXP_DT=20250726
    [P_RMESG2] => 
    [P_NOTI] => 
    [P_AUTH_NO] => 
)

 Array
(
    [PageCall time] => 09:48:52
    [P_TID] => INIMX_VBNKCAEcatca0720250716094735375864
    [P_MID] => CAEcatca07
    [P_AUTH_DT] => 20250716094852
    [P_STATUS] => 02
    [P_TYPE] => VBANK
    [P_OID] => 250716-004
    [P_FN_CD1] => 11
    [P_FN_CD2] => 
    [P_FN_NM] => NH농협은행
    [P_AMT] => 3000
    [P_UNAME] => 이미영
    [P_RMESG1] => P_VACCT_NO=79013684554947|P_EXP_DT=20250726
    [P_RMESG2] => 
    [P_NOTI] => 
    [P_AUTH_NO] => 
)

 Array
(
    [PageCall time] => 10:05:39
    [P_TID] => INIMX_VBNKCAEcatca0720250716100254955899
    [P_MID] => CAEcatca07
    [P_AUTH_DT] => 20250716100539
    [P_STATUS] => 02
    [P_TYPE] => VBANK
    [P_OID] => 250716-005
    [P_FN_CD1] => 88
    [P_FN_CD2] => 
    [P_FN_NM] => 신한은행
    [P_AMT] => 3000
    [P_UNAME] => 황태수
    [P_RMESG1] => P_VACCT_NO=56211105776719|P_EXP_DT=20250726
    [P_RMESG2] => 
    [P_NOTI] => 
    [P_AUTH_NO] => 
)

 Array
(
    [PageCall time] => 10:33:28
    [P_TID] => INIMX_VBNKCAEcatca0720250716103152775681
    [P_MID] => CAEcatca07
    [P_AUTH_DT] => 20250716103328
    [P_STATUS] => 02
    [P_TYPE] => VBANK
    [P_OID] => 250716-008
    [P_FN_CD1] => 04
    [P_FN_CD2] => 
    [P_FN_NM] => KB국민은행
    [P_AMT] => 3000
    [P_UNAME] => 나인숙
    [P_RMESG1] => P_VACCT_NO=44289079265402|P_EXP_DT=20250726
    [P_RMESG2] => 
    [P_NOTI] => 
    [P_AUTH_NO] => 
)

 Array
(
    [PageCall time] => 11:24:31
    [P_TID] => INIMX_VBNKCAEcatca0720250716112028695252
    [P_MID] => CAEcatca07
    [P_AUTH_DT] => 20250716112431
    [P_STATUS] => 02
    [P_TYPE] => VBANK
    [P_OID] => 250716-009
    [P_FN_CD1] => 88
    [P_FN_CD2] => 
    [P_FN_NM] => 신한은행
    [P_AMT] => 3000
    [P_UNAME] => 김일환
    [P_RMESG1] => P_VACCT_NO=56211106102097|P_EXP_DT=20250726
    [P_RMESG2] => 
    [P_NOTI] => 
    [P_AUTH_NO] => 
)

 Array
(
    [PageCall time] => 11:28:45
    [P_TID] => INIMX_VBNKCAEcatca0720250715120440355338
    [P_MID] => CAEcatca07
    [P_AUTH_DT] => 20250716112844
    [P_STATUS] => 02
    [P_TYPE] => VBANK
    [P_OID] => 250715-013
    [P_FN_CD1] => 03
    [P_FN_CD2] => 
    [P_FN_NM] => 기업은행
    [P_AMT] => 3000
    [P_UNAME] => 조운제
    [P_RMESG1] => P_VACCT_NO=07502329297153|P_EXP_DT=20250725
    [P_RMESG2] => 
    [P_NOTI] => 
    [P_AUTH_NO] => 
)

 Array
(
    [PageCall time] => 12:04:10
    [P_TID] => INIMX_VBNKCAEcatca0720250716115959865765
    [P_MID] => CAEcatca07
    [P_AUTH_DT] => 20250716120410
    [P_STATUS] => 02
    [P_TYPE] => VBANK
    [P_OID] => 250716-014
    [P_FN_CD1] => 81
    [P_FN_CD2] => 
    [P_FN_NM] => 하나은행
    [P_AMT] => 3000
    [P_UNAME] => 이명숙
    [P_RMESG1] => P_VACCT_NO=20893846054337|P_EXP_DT=20250726
    [P_RMESG2] => 
    [P_NOTI] => 
    [P_AUTH_NO] => 
)

 Array
(
    [PageCall time] => 12:04:52
    [P_TID] => INIMX_VBNKCAEcatca0720250716120359785063
    [P_MID] => CAEcatca07
    [P_AUTH_DT] => 20250716120452
    [P_STATUS] => 02
    [P_TYPE] => VBANK
    [P_OID] => 250716-016
    [P_FN_CD1] => 11
    [P_FN_CD2] => 
    [P_FN_NM] => NH농협은행
    [P_AMT] => 3000
    [P_UNAME] => 이주형
    [P_RMESG1] => P_VACCT_NO=79013684575458|P_EXP_DT=20250726
    [P_RMESG2] => 
    [P_NOTI] => 
    [P_AUTH_NO] => 
)

 Array
(
    [PageCall time] => 12:12:20
    [P_TID] => INIMX_VBNKCAEcatca0720250716120714515491
    [P_MID] => CAEcatca07
    [P_AUTH_DT] => 20250716121220
    [P_STATUS] => 02
    [P_TYPE] => VBANK
    [P_OID] => 250716-017
    [P_FN_CD1] => 88
    [P_FN_CD2] => 
    [P_FN_NM] => 신한은행
    [P_AMT] => 3000
    [P_UNAME] => 권유인
    [P_RMESG1] => P_VACCT_NO=56211106168330|P_EXP_DT=20250726
    [P_RMESG2] => 
    [P_NOTI] => 
    [P_AUTH_NO] => 
)

 Array
(
    [PageCall time] => 12:26:53
    [P_TID] => INIMX_VBNKCAEcatca0720250716122323285095
    [P_MID] => CAEcatca07
    [P_AUTH_DT] => 20250716122653
    [P_STATUS] => 02
    [P_TYPE] => VBANK
    [P_OID] => 250716-018
    [P_FN_CD1] => 11
    [P_FN_CD2] => 
    [P_FN_NM] => NH농협은행
    [P_AMT] => 3000
    [P_UNAME] => 고영조
    [P_RMESG1] => P_VACCT_NO=79013684577364|P_EXP_DT=20250726
    [P_RMESG2] => 
    [P_NOTI] => 
    [P_AUTH_NO] => 
)

 Array
(
    [PageCall time] => 12:41:59
    [P_TID] => INIMX_VBNKCAEcatca0720250716123211885232
    [P_MID] => CAEcatca07
    [P_AUTH_DT] => 20250716124159
    [P_STATUS] => 02
    [P_TYPE] => VBANK
    [P_OID] => 250716-013
    [P_FN_CD1] => 20
    [P_FN_CD2] => 
    [P_FN_NM] => 우리은행
    [P_AMT] => 3000
    [P_UNAME] => 김정숙
    [P_RMESG1] => P_VACCT_NO=61848698118690|P_EXP_DT=20250726
    [P_RMESG2] => 
    [P_NOTI] => 
    [P_AUTH_NO] => 
)

 Array
(
    [PageCall time] => 14:11:06
    [P_TID] => INIMX_VBNKCAEcatca0720250716140631215420
    [P_MID] => CAEcatca07
    [P_AUTH_DT] => 20250716141105
    [P_STATUS] => 02
    [P_TYPE] => VBANK
    [P_OID] => 250716-022
    [P_FN_CD1] => 20
    [P_FN_CD2] => 
    [P_FN_NM] => 우리은행
    [P_AMT] => 3000
    [P_UNAME] => 김성정
    [P_RMESG1] => P_VACCT_NO=61848709418063|P_EXP_DT=20250726
    [P_RMESG2] => 
    [P_NOTI] => 
    [P_AUTH_NO] => 
)

 Array
(
    [PageCall time] => 14:17:09
    [P_TID] => INIMX_VBNKCAEcatca0720250716141621705951
    [P_MID] => CAEcatca07
    [P_AUTH_DT] => 20250716141708
    [P_STATUS] => 02
    [P_TYPE] => VBANK
    [P_OID] => 250716-023
    [P_FN_CD1] => 11
    [P_FN_CD2] => 
    [P_FN_NM] => NH농협은행
    [P_AMT] => 3000
    [P_UNAME] => 안필숙
    [P_RMESG1] => P_VACCT_NO=79013684598811|P_EXP_DT=20250726
    [P_RMESG2] => 
    [P_NOTI] => 
    [P_AUTH_NO] => 
)

 Array
(
    [PageCall time] => 14:46:42
    [P_TID] => INIMX_VBNKCAEcatca0720250716144404385476
    [P_MID] => CAEcatca07
    [P_AUTH_DT] => 20250716144642
    [P_STATUS] => 02
    [P_TYPE] => VBANK
    [P_OID] => 250716-025
    [P_FN_CD1] => 88
    [P_FN_CD2] => 
    [P_FN_NM] => 신한은행
    [P_AMT] => 3000
    [P_UNAME] => 김준석
    [P_RMESG1] => P_VACCT_NO=56211106717017|P_EXP_DT=20250726
    [P_RMESG2] => 
    [P_NOTI] => 
    [P_AUTH_NO] => 
)

 Array
(
    [PageCall time] => 15:04:05
    [P_TID] => INIMX_VBNKCAEcatca0720250716150123834205
    [P_MID] => CAEcatca07
    [P_AUTH_DT] => 20250716150405
    [P_STATUS] => 02
    [P_TYPE] => VBANK
    [P_OID] => 250716-027
    [P_FN_CD1] => 88
    [P_FN_CD2] => 
    [P_FN_NM] => 신한은행
    [P_AMT] => 3000
    [P_UNAME] => 장성웅
    [P_RMESG1] => P_VACCT_NO=56211122004046|P_EXP_DT=20250726
    [P_RMESG2] => 
    [P_NOTI] => 
    [P_AUTH_NO] => 
)

 Array
(
    [PageCall time] => 15:18:36
    [P_TID] => INIMX_VBNKCAEcatca0720250716151707715174
    [P_MID] => CAEcatca07
    [P_AUTH_DT] => 20250716151836
    [P_STATUS] => 02
    [P_TYPE] => VBANK
    [P_OID] => 250716-029
    [P_FN_CD1] => 04
    [P_FN_CD2] => 
    [P_FN_NM] => KB국민은행
    [P_AMT] => 3000
    [P_UNAME] => 김보람
    [P_RMESG1] => P_VACCT_NO=70219014186776|P_EXP_DT=20250726
    [P_RMESG2] => 
    [P_NOTI] => 
    [P_AUTH_NO] => 
)

 Array
(
    [PageCall time] => 16:31:51
    [P_TID] => INIMX_VBNKCAEcatca0720250716163113324119
    [P_MID] => CAEcatca07
    [P_AUTH_DT] => 20250716163151
    [P_STATUS] => 02
    [P_TYPE] => VBANK
    [P_OID] => 250716-032
    [P_FN_CD1] => 04
    [P_FN_CD2] => 
    [P_FN_NM] => KB국민은행
    [P_AMT] => 3000
    [P_UNAME] => 박성대
    [P_RMESG1] => P_VACCT_NO=88429011489413|P_EXP_DT=20250726
    [P_RMESG2] => 
    [P_NOTI] => 
    [P_AUTH_NO] => 
)

 Array
(
    [PageCall time] => 17:45:48
    [P_TID] => INIMX_VBNKCAEcatca0720250716174310775580
    [P_MID] => CAEcatca07
    [P_AUTH_DT] => 20250716174548
    [P_STATUS] => 02
    [P_TYPE] => VBANK
    [P_OID] => 250716-036
    [P_FN_CD1] => 88
    [P_FN_CD2] => 
    [P_FN_NM] => 신한은행
    [P_AMT] => 3000
    [P_UNAME] => 편성재
    [P_RMESG1] => P_VACCT_NO=56211106731026|P_EXP_DT=20250726
    [P_RMESG2] => 
    [P_NOTI] => 
    [P_AUTH_NO] => 
)

 Array
(
    [PageCall time] => 20:28:16
    [P_TID] => INIMX_VBNKCAEcatca0720250716202725774747
    [P_MID] => CAEcatca07
    [P_AUTH_DT] => 20250716202816
    [P_STATUS] => 02
    [P_TYPE] => VBANK
    [P_OID] => 250716-038
    [P_FN_CD1] => 04
    [P_FN_CD2] => 
    [P_FN_NM] => KB국민은행
    [P_AMT] => 3000
    [P_UNAME] => 유정임
    [P_RMESG1] => P_VACCT_NO=88429011493542|P_EXP_DT=20250726
    [P_RMESG2] => 
    [P_NOTI] => 
    [P_AUTH_NO] => 
)

 Array
(
    [PageCall time] => 21:57:04
    [P_TID] => INIMX_VBNKCAEcatca0720250716215556364804
    [P_MID] => CAEcatca07
    [P_AUTH_DT] => 20250716215704
    [P_STATUS] => 02
    [P_TYPE] => VBANK
    [P_OID] => 250716-039
    [P_FN_CD1] => 11
    [P_FN_CD2] => 
    [P_FN_NM] => NH농협은행
    [P_AMT] => 3000
    [P_UNAME] => 한성준
    [P_RMESG1] => P_VACCT_NO=79003195153536|P_EXP_DT=20250726
    [P_RMESG2] => 
    [P_NOTI] => 
    [P_AUTH_NO] => 
)

 Array
(
    [PageCall time] => 22:10:12
    [P_TID] => INIMX_VBNKCAEcatca0720250716220903644272
    [P_MID] => CAEcatca07
    [P_AUTH_DT] => 20250716221011
    [P_STATUS] => 02
    [P_TYPE] => VBANK
    [P_OID] => 250716-040
    [P_FN_CD1] => 04
    [P_FN_CD2] => 
    [P_FN_NM] => KB국민은행
    [P_AMT] => 3000
    [P_UNAME] => 김수빈
    [P_RMESG1] => P_VACCT_NO=88429011498224|P_EXP_DT=20250726
    [P_RMESG2] => 
    [P_NOTI] => 
    [P_AUTH_NO] => 
)

 Array
(
    [PageCall time] => 23:25:11
    [P_TID] => INIMX_VBNKCAEcatca0720250716232159574921
    [P_MID] => CAEcatca07
    [P_AUTH_DT] => 20250716232511
    [P_STATUS] => 02
    [P_TYPE] => VBANK
    [P_OID] => 250716-041
    [P_FN_CD1] => 20
    [P_FN_CD2] => 
    [P_FN_NM] => 우리은행
    [P_AMT] => 3000
    [P_UNAME] => 강용기
    [P_RMESG1] => P_VACCT_NO=09103436318498|P_EXP_DT=20250726
    [P_RMESG2] => 
    [P_NOTI] => 
    [P_AUTH_NO] => 
)

