 Array
(
    [PageCall time] => 03:55:21
    [P_TID] => INIMX_VBNKCAEcatca0720260127035237235985
    [P_MID] => CAEcatca07
    [P_AUTH_DT] => 20260127035521
    [P_STATUS] => 02
    [P_TYPE] => VBANK
    [P_OID] => 260126-046
    [P_FN_CD1] => 04
    [P_FN_CD2] => 
    [P_FN_NM] => KB국민은행
    [P_AMT] => 3500
    [P_UNAME] => 정양희
    [P_RMESG1] => P_VACCT_NO=70149014494568|P_EXP_DT=20260206
    [P_RMESG2] => 
    [P_NOTI] => 
    [P_AUTH_NO] => 
)

 Array
(
    [PageCall time] => 08:31:48
    [P_TID] => INIMX_VBNKCAEcatca0720260126235415295810
    [P_MID] => CAEcatca07
    [P_AUTH_DT] => 20260127083148
    [P_STATUS] => 02
    [P_TYPE] => VBANK
    [P_OID] => 260126-047
    [P_FN_CD1] => 88
    [P_FN_CD2] => 
    [P_FN_NM] => 신한은행
    [P_AMT] => 3500
    [P_UNAME] => 방혁진
    [P_RMESG1] => P_VACCT_NO=56211102729461|P_EXP_DT=20260205
    [P_RMESG2] => 
    [P_NOTI] => 
    [P_AUTH_NO] => 
)

 Array
(
    [PageCall time] => 09:16:14
    [P_TID] => INIMX_VBNKCAEcatca0720260127091327375533
    [P_MID] => CAEcatca07
    [P_AUTH_DT] => 20260127091614
    [P_STATUS] => 02
    [P_TYPE] => VBANK
    [P_OID] => 260127-001
    [P_FN_CD1] => 04
    [P_FN_CD2] => 
    [P_FN_NM] => KB국민은행
    [P_AMT] => 3500
    [P_UNAME] => 김남희
    [P_RMESG1] => P_VACCT_NO=51009079068537|P_EXP_DT=20260206
    [P_RMESG2] => 
    [P_NOTI] => 
    [P_AUTH_NO] => 
)

 Array
(
    [PageCall time] => 10:05:43
    [P_TID] => INIMX_VBNKCAEcatca0720260126160125225187
    [P_MID] => CAEcatca07
    [P_AUTH_DT] => 20260127100543
    [P_STATUS] => 02
    [P_TYPE] => VBANK
    [P_OID] => 260126-036
    [P_FN_CD1] => 03
    [P_FN_CD2] => 
    [P_FN_NM] => 기업은행
    [P_AMT] => 3500
    [P_UNAME] => 이영서
    [P_RMESG1] => P_VACCT_NO=07502338597410|P_EXP_DT=20260205
    [P_RMESG2] => 
    [P_NOTI] => 
    [P_AUTH_NO] => 
)

 Array
(
    [PageCall time] => 10:11:51
    [P_TID] => INIMX_VBNKCAEcatca0720260127101013735347
    [P_MID] => CAEcatca07
    [P_AUTH_DT] => 20260127101151
    [P_STATUS] => 02
    [P_TYPE] => VBANK
    [P_OID] => 260127-005
    [P_FN_CD1] => 11
    [P_FN_CD2] => 
    [P_FN_NM] => NH농협은행
    [P_AMT] => 3500
    [P_UNAME] => 김유미
    [P_RMESG1] => P_VACCT_NO=79013683774411|P_EXP_DT=20260206
    [P_RMESG2] => 
    [P_NOTI] => 
    [P_AUTH_NO] => 
)

 Array
(
    [PageCall time] => 10:15:27
    [P_TID] => INIMX_VBNKCAEcatca0720260127101233825903
    [P_MID] => CAEcatca07
    [P_AUTH_DT] => 20260127101527
    [P_STATUS] => 02
    [P_TYPE] => VBANK
    [P_OID] => 260127-006
    [P_FN_CD1] => 88
    [P_FN_CD2] => 
    [P_FN_NM] => 신한은행
    [P_AMT] => 3500
    [P_UNAME] => 정선미
    [P_RMESG1] => P_VACCT_NO=56211102744059|P_EXP_DT=20260206
    [P_RMESG2] => 
    [P_NOTI] => 
    [P_AUTH_NO] => 
)

 Array
(
    [PageCall time] => 10:21:05
    [P_TID] => INIMX_VBNKCAEcatca0720260127101757255118
    [P_MID] => CAEcatca07
    [P_AUTH_DT] => 20260127102105
    [P_STATUS] => 02
    [P_TYPE] => VBANK
    [P_OID] => 260127-008
    [P_FN_CD1] => 20
    [P_FN_CD2] => 
    [P_FN_NM] => 우리은행
    [P_AMT] => 3500
    [P_UNAME] => 정은선
    [P_RMESG1] => P_VACCT_NO=27489912818774|P_EXP_DT=20260206
    [P_RMESG2] => 
    [P_NOTI] => 
    [P_AUTH_NO] => 
)

 Array
(
    [PageCall time] => 10:26:51
    [P_TID] => INIMX_VBNKCAEcatca0720260127102145865277
    [P_MID] => CAEcatca07
    [P_AUTH_DT] => 20260127102651
    [P_STATUS] => 02
    [P_TYPE] => VBANK
    [P_OID] => 260127-003
    [P_FN_CD1] => 88
    [P_FN_CD2] => 
    [P_FN_NM] => 신한은행
    [P_AMT] => 3500
    [P_UNAME] => 윤희순
    [P_RMESG1] => P_VACCT_NO=56211102744839|P_EXP_DT=20260206
    [P_RMESG2] => 
    [P_NOTI] => 
    [P_AUTH_NO] => 
)

 Array
(
    [PageCall time] => 10:32:13
    [P_TID] => INIMX_VBNKCAEcatca0720260127102753375495
    [P_MID] => CAEcatca07
    [P_AUTH_DT] => 20260127103213
    [P_STATUS] => 02
    [P_TYPE] => VBANK
    [P_OID] => 260127-009
    [P_FN_CD1] => 81
    [P_FN_CD2] => 
    [P_FN_NM] => 하나은행
    [P_AMT] => 3500
    [P_UNAME] => 정영은
    [P_RMESG1] => P_VACCT_NO=20893978593337|P_EXP_DT=20260206
    [P_RMESG2] => 
    [P_NOTI] => 
    [P_AUTH_NO] => 
)

 Array
(
    [PageCall time] => 10:35:05
    [P_TID] => INIMX_VBNKCAEcatca0720260127103225095734
    [P_MID] => CAEcatca07
    [P_AUTH_DT] => 20260127103505
    [P_STATUS] => 02
    [P_TYPE] => VBANK
    [P_OID] => 260127-010
    [P_FN_CD1] => 88
    [P_FN_CD2] => 
    [P_FN_NM] => 신한은행
    [P_AMT] => 3500
    [P_UNAME] => 최효진
    [P_RMESG1] => P_VACCT_NO=56211102745865|P_EXP_DT=20260206
    [P_RMESG2] => 
    [P_NOTI] => 
    [P_AUTH_NO] => 
)

 Array
(
    [PageCall time] => 10:35:40
    [P_TID] => INIMX_VBNKCAEcatca0720260127103455185369
    [P_MID] => CAEcatca07
    [P_AUTH_DT] => 20260127103540
    [P_STATUS] => 02
    [P_TYPE] => VBANK
    [P_OID] => 260127-007
    [P_FN_CD1] => 11
    [P_FN_CD2] => 
    [P_FN_NM] => NH농협은행
    [P_AMT] => 3500
    [P_UNAME] => 지자연
    [P_RMESG1] => P_VACCT_NO=79013683776808|P_EXP_DT=20260206
    [P_RMESG2] => 
    [P_NOTI] => 
    [P_AUTH_NO] => 
)

 Array
(
    [PageCall time] => 10:41:49
    [P_TID] => INIMX_VBNKCAEcatca0720260127103836865092
    [P_MID] => CAEcatca07
    [P_AUTH_DT] => 20260127104149
    [P_STATUS] => 02
    [P_TYPE] => VBANK
    [P_OID] => 260127-011
    [P_FN_CD1] => 04
    [P_FN_CD2] => 
    [P_FN_NM] => KB국민은행
    [P_AMT] => 3500
    [P_UNAME] => 김주희
    [P_RMESG1] => P_VACCT_NO=26119078036972|P_EXP_DT=20260206
    [P_RMESG2] => 
    [P_NOTI] => 
    [P_AUTH_NO] => 
)

 Array
(
    [PageCall time] => 10:57:57
    [P_TID] => INIMX_VBNKCAEcatca0720260127105638925087
    [P_MID] => CAEcatca07
    [P_AUTH_DT] => 20260127105757
    [P_STATUS] => 02
    [P_TYPE] => VBANK
    [P_OID] => 260127-014
    [P_FN_CD1] => 11
    [P_FN_CD2] => 
    [P_FN_NM] => NH농협은행
    [P_AMT] => 3500
    [P_UNAME] => 김혜경
    [P_RMESG1] => P_VACCT_NO=79013683779834|P_EXP_DT=20260206
    [P_RMESG2] => 
    [P_NOTI] => 
    [P_AUTH_NO] => 
)

 Array
(
    [PageCall time] => 11:00:11
    [P_TID] => INIMX_VBNKCAEcatca0720260127105620655184
    [P_MID] => CAEcatca07
    [P_AUTH_DT] => 20260127110011
    [P_STATUS] => 02
    [P_TYPE] => VBANK
    [P_OID] => 260127-013
    [P_FN_CD1] => 20
    [P_FN_CD2] => 
    [P_FN_NM] => 우리은행
    [P_AMT] => 3500
    [P_UNAME] => 정미숙
    [P_RMESG1] => P_VACCT_NO=27489914418510|P_EXP_DT=20260206
    [P_RMESG2] => 
    [P_NOTI] => 
    [P_AUTH_NO] => 
)

 Array
(
    [PageCall time] => 11:29:52
    [P_TID] => INIMX_VBNKCAEcatca0720260127112500255405
    [P_MID] => CAEcatca07
    [P_AUTH_DT] => 20260127112952
    [P_STATUS] => 02
    [P_TYPE] => VBANK
    [P_OID] => 260127-015
    [P_FN_CD1] => 03
    [P_FN_CD2] => 
    [P_FN_NM] => 기업은행
    [P_AMT] => 3500
    [P_UNAME] => 김경아
    [P_RMESG1] => P_VACCT_NO=07502343397731|P_EXP_DT=20260206
    [P_RMESG2] => 
    [P_NOTI] => 
    [P_AUTH_NO] => 
)

 Array
(
    [PageCall time] => 12:14:19
    [P_TID] => INIMX_VBNKCAEcatca0720260127121330465660
    [P_MID] => CAEcatca07
    [P_AUTH_DT] => 20260127121419
    [P_STATUS] => 02
    [P_TYPE] => VBANK
    [P_OID] => 260127-018
    [P_FN_CD1] => 11
    [P_FN_CD2] => 
    [P_FN_NM] => NH농협은행
    [P_AMT] => 3500
    [P_UNAME] => 정미화
    [P_RMESG1] => P_VACCT_NO=79013683790829|P_EXP_DT=20260206
    [P_RMESG2] => 
    [P_NOTI] => 
    [P_AUTH_NO] => 
)

 Array
(
    [PageCall time] => 12:19:41
    [P_TID] => INIMX_VBNKCAEcatca0720260127121705685214
    [P_MID] => CAEcatca07
    [P_AUTH_DT] => 20260127121941
    [P_STATUS] => 02
    [P_TYPE] => VBANK
    [P_OID] => 260127-019
    [P_FN_CD1] => 20
    [P_FN_CD2] => 
    [P_FN_NM] => 우리은행
    [P_AMT] => 3500
    [P_UNAME] => 임민경
    [P_RMESG1] => P_VACCT_NO=27489919318509|P_EXP_DT=20260206
    [P_RMESG2] => 
    [P_NOTI] => 
    [P_AUTH_NO] => 
)

 Array
(
    [PageCall time] => 12:48:46
    [P_TID] => INIMX_VBNKCAEcatca0720260127124601865046
    [P_MID] => CAEcatca07
    [P_AUTH_DT] => 20260127124845
    [P_STATUS] => 02
    [P_TYPE] => VBANK
    [P_OID] => 260127-020
    [P_FN_CD1] => 11
    [P_FN_CD2] => 
    [P_FN_NM] => NH농협은행
    [P_AMT] => 3500
    [P_UNAME] => 임희향
    [P_RMESG1] => P_VACCT_NO=79013683794422|P_EXP_DT=20260206
    [P_RMESG2] => 
    [P_NOTI] => 
    [P_AUTH_NO] => 
)

 Array
(
    [PageCall time] => 13:15:37
    [P_TID] => INIMX_VBNKCAEcatca0720260127131256575259
    [P_MID] => CAEcatca07
    [P_AUTH_DT] => 20260127131537
    [P_STATUS] => 02
    [P_TYPE] => VBANK
    [P_OID] => 260127-021
    [P_FN_CD1] => 89
    [P_FN_CD2] => 
    [P_FN_NM] => 케이뱅크
    [P_AMT] => 3500
    [P_UNAME] => 이지현
    [P_RMESG1] => P_VACCT_NO=70112003403772|P_EXP_DT=20260206
    [P_RMESG2] => 
    [P_NOTI] => 
    [P_AUTH_NO] => 
)

 Array
(
    [PageCall time] => 13:21:14
    [P_TID] => INIMX_VBNKCAEcatca0720260127131832525427
    [P_MID] => CAEcatca07
    [P_AUTH_DT] => 20260127132114
    [P_STATUS] => 02
    [P_TYPE] => VBANK
    [P_OID] => 260106-008
    [P_FN_CD1] => 04
    [P_FN_CD2] => 
    [P_FN_NM] => KB국민은행
    [P_AMT] => 3500
    [P_UNAME] => 김경아
    [P_RMESG1] => P_VACCT_NO=26159078287097|P_EXP_DT=20260206
    [P_RMESG2] => 
    [P_NOTI] => 
    [P_AUTH_NO] => 
)

 Array
(
    [PageCall time] => 13:23:02
    [P_TID] => INIMX_VBNKCAEcatca0720260127132025955694
    [P_MID] => CAEcatca07
    [P_AUTH_DT] => 20260127132302
    [P_STATUS] => 02
    [P_TYPE] => VBANK
    [P_OID] => 260127-022
    [P_FN_CD1] => 04
    [P_FN_CD2] => 
    [P_FN_NM] => KB국민은행
    [P_AMT] => 3500
    [P_UNAME] => 장강준
    [P_RMESG1] => P_VACCT_NO=26159078288739|P_EXP_DT=20260206
    [P_RMESG2] => 
    [P_NOTI] => 
    [P_AUTH_NO] => 
)

 Array
(
    [PageCall time] => 13:31:26
    [P_TID] => INIMX_VBNKCAEcatca0720260127132808285055
    [P_MID] => CAEcatca07
    [P_AUTH_DT] => 20260127133125
    [P_STATUS] => 02
    [P_TYPE] => VBANK
    [P_OID] => 260127-025
    [P_FN_CD1] => 89
    [P_FN_CD2] => 
    [P_FN_NM] => 케이뱅크
    [P_AMT] => 3500
    [P_UNAME] => 김태인
    [P_RMESG1] => P_VACCT_NO=70112003404004|P_EXP_DT=20260206
    [P_RMESG2] => 
    [P_NOTI] => 
    [P_AUTH_NO] => 
)

 Array
(
    [PageCall time] => 13:37:48
    [P_TID] => INIMX_VBNKCAEcatca0720260127133425465904
    [P_MID] => CAEcatca07
    [P_AUTH_DT] => 20260127133748
    [P_STATUS] => 02
    [P_TYPE] => VBANK
    [P_OID] => 260127-026
    [P_FN_CD1] => 04
    [P_FN_CD2] => 
    [P_FN_NM] => KB국민은행
    [P_AMT] => 3500
    [P_UNAME] => 강미금
    [P_RMESG1] => P_VACCT_NO=26159078296754|P_EXP_DT=20260206
    [P_RMESG2] => 
    [P_NOTI] => 
    [P_AUTH_NO] => 
)

 Array
(
    [PageCall time] => 13:41:43
    [P_TID] => INIMX_VBNKCAEcatca0720260127133824395126
    [P_MID] => CAEcatca07
    [P_AUTH_DT] => 20260127134143
    [P_STATUS] => 02
    [P_TYPE] => VBANK
    [P_OID] => 260127-012
    [P_FN_CD1] => 04
    [P_FN_CD2] => 
    [P_FN_NM] => KB국민은행
    [P_AMT] => 3500
    [P_UNAME] => 김오철
    [P_RMESG1] => P_VACCT_NO=26159078298691|P_EXP_DT=20260206
    [P_RMESG2] => 
    [P_NOTI] => 
    [P_AUTH_NO] => 
)

 Array
(
    [PageCall time] => 13:46:02
    [P_TID] => INIMX_VBNKCAEcatca0720260127134250445199
    [P_MID] => CAEcatca07
    [P_AUTH_DT] => 20260127134602
    [P_STATUS] => 02
    [P_TYPE] => VBANK
    [P_OID] => 260127-027
    [P_FN_CD1] => 03
    [P_FN_CD2] => 
    [P_FN_NM] => 기업은행
    [P_AMT] => 3500
    [P_UNAME] => 장동진
    [P_RMESG1] => P_VACCT_NO=07502344597709|P_EXP_DT=20260206
    [P_RMESG2] => 
    [P_NOTI] => 
    [P_AUTH_NO] => 
)

 Array
(
    [PageCall time] => 14:05:06
    [P_TID] => INIMX_VBNKCAEcatca0720260127140215585118
    [P_MID] => CAEcatca07
    [P_AUTH_DT] => 20260127140506
    [P_STATUS] => 02
    [P_TYPE] => VBANK
    [P_OID] => 260127-028
    [P_FN_CD1] => 81
    [P_FN_CD2] => 
    [P_FN_NM] => 하나은행
    [P_AMT] => 3500
    [P_UNAME] => 석윤경
    [P_RMESG1] => P_VACCT_NO=20893979595037|P_EXP_DT=20260206
    [P_RMESG2] => 
    [P_NOTI] => 
    [P_AUTH_NO] => 
)

 Array
(
    [PageCall time] => 14:21:23
    [P_TID] => INIMX_VBNKCAEcatca0720260124133717675655
    [P_MID] => CAEcatca07
    [P_AUTH_DT] => 20260127142123
    [P_STATUS] => 02
    [P_TYPE] => VBANK
    [P_OID] => 260123-009
    [P_FN_CD1] => 32
    [P_FN_CD2] => 
    [P_FN_NM] => 부산은행
    [P_AMT] => 3500
    [P_UNAME] => 김두원
    [P_RMESG1] => P_VACCT_NO=109924575633|P_EXP_DT=20260203
    [P_RMESG2] => 
    [P_NOTI] => 
    [P_AUTH_NO] => 
)

 Array
(
    [PageCall time] => 14:33:35
    [P_TID] => INIMX_VBNKCAEcatca0720260127143108375422
    [P_MID] => CAEcatca07
    [P_AUTH_DT] => 20260127143335
    [P_STATUS] => 02
    [P_TYPE] => VBANK
    [P_OID] => 260127-029
    [P_FN_CD1] => 04
    [P_FN_CD2] => 
    [P_FN_NM] => KB국민은행
    [P_AMT] => 3500
    [P_UNAME] => 이규상
    [P_RMESG1] => P_VACCT_NO=26159078323719|P_EXP_DT=20260206
    [P_RMESG2] => 
    [P_NOTI] => 
    [P_AUTH_NO] => 
)

 Array
(
    [PageCall time] => 14:41:06
    [P_TID] => INIMX_VBNKCAEcatca0720260127143827765805
    [P_MID] => CAEcatca07
    [P_AUTH_DT] => 20260127144106
    [P_STATUS] => 02
    [P_TYPE] => VBANK
    [P_OID] => 260127-030
    [P_FN_CD1] => 04
    [P_FN_CD2] => 
    [P_FN_NM] => KB국민은행
    [P_AMT] => 3500
    [P_UNAME] => 이지은
    [P_RMESG1] => P_VACCT_NO=26159078326989|P_EXP_DT=20260206
    [P_RMESG2] => 
    [P_NOTI] => 
    [P_AUTH_NO] => 
)

 Array
(
    [PageCall time] => 15:10:09
    [P_TID] => INIMX_VBNKCAEcatca0720260127150733585619
    [P_MID] => CAEcatca07
    [P_AUTH_DT] => 20260127151009
    [P_STATUS] => 02
    [P_TYPE] => VBANK
    [P_OID] => 260127-032
    [P_FN_CD1] => 81
    [P_FN_CD2] => 
    [P_FN_NM] => 하나은행
    [P_AMT] => 3500
    [P_UNAME] => 이현영
    [P_RMESG1] => P_VACCT_NO=20893979803637|P_EXP_DT=20260206
    [P_RMESG2] => 
    [P_NOTI] => 
    [P_AUTH_NO] => 
)

 Array
(
    [PageCall time] => 15:55:29
    [P_TID] => INIMX_VBNKCAEcatca0720260127155337655935
    [P_MID] => CAEcatca07
    [P_AUTH_DT] => 20260127155529
    [P_STATUS] => 02
    [P_TYPE] => VBANK
    [P_OID] => 260127-033
    [P_FN_CD1] => 11
    [P_FN_CD2] => 
    [P_FN_NM] => NH농협은행
    [P_AMT] => 3500
    [P_UNAME] => 박애자
    [P_RMESG1] => P_VACCT_NO=79013683817677|P_EXP_DT=20260206
    [P_RMESG2] => 
    [P_NOTI] => 
    [P_AUTH_NO] => 
)

 Array
(
    [PageCall time] => 16:50:01
    [P_TID] => INIMX_VBNKCAEcatca0720260127164449285411
    [P_MID] => CAEcatca07
    [P_AUTH_DT] => 20260127165001
    [P_STATUS] => 02
    [P_TYPE] => VBANK
    [P_OID] => 260127-016
    [P_FN_CD1] => 04
    [P_FN_CD2] => 
    [P_FN_NM] => KB국민은행
    [P_AMT] => 3500
    [P_UNAME] => 유한동
    [P_RMESG1] => P_VACCT_NO=26159078371509|P_EXP_DT=20260206
    [P_RMESG2] => 
    [P_NOTI] => 
    [P_AUTH_NO] => 
)

 Array
(
    [PageCall time] => 17:12:57
    [P_TID] => INIMX_VBNKCAEcatca0720260127170946645695
    [P_MID] => CAEcatca07
    [P_AUTH_DT] => 20260127171257
    [P_STATUS] => 02
    [P_TYPE] => VBANK
    [P_OID] => 260127-040
    [P_FN_CD1] => 04
    [P_FN_CD2] => 
    [P_FN_NM] => KB국민은행
    [P_AMT] => 3500
    [P_UNAME] => 서근영
    [P_RMESG1] => P_VACCT_NO=70149014497879|P_EXP_DT=20260206
    [P_RMESG2] => 
    [P_NOTI] => 
    [P_AUTH_NO] => 
)

 Array
(
    [PageCall time] => 17:59:17
    [P_TID] => INIMX_VBNKCAEcatca0720260127175620165391
    [P_MID] => CAEcatca07
    [P_AUTH_DT] => 20260127175917
    [P_STATUS] => 02
    [P_TYPE] => VBANK
    [P_OID] => 260127-043
    [P_FN_CD1] => 03
    [P_FN_CD2] => 
    [P_FN_NM] => 기업은행
    [P_AMT] => 3500
    [P_UNAME] => 홍병길
    [P_RMESG1] => P_VACCT_NO=07502345997987|P_EXP_DT=20260206
    [P_RMESG2] => 
    [P_NOTI] => 
    [P_AUTH_NO] => 
)

 Array
(
    [PageCall time] => 19:13:43
    [P_TID] => INIMX_VBNKCAEcatca0720260127191046885488
    [P_MID] => CAEcatca07
    [P_AUTH_DT] => 20260127191343
    [P_STATUS] => 02
    [P_TYPE] => VBANK
    [P_OID] => 260127-044
    [P_FN_CD1] => 89
    [P_FN_CD2] => 
    [P_FN_NM] => 케이뱅크
    [P_AMT] => 3500
    [P_UNAME] => 조용임
    [P_RMESG1] => P_VACCT_NO=70112003407376|P_EXP_DT=20260206
    [P_RMESG2] => 
    [P_NOTI] => 
    [P_AUTH_NO] => 
)

 Array
(
    [PageCall time] => 19:42:34
    [P_TID] => INIMX_VBNKCAEcatca0720260127193941505070
    [P_MID] => CAEcatca07
    [P_AUTH_DT] => 20260127194234
    [P_STATUS] => 02
    [P_TYPE] => VBANK
    [P_OID] => 260127-045
    [P_FN_CD1] => 88
    [P_FN_CD2] => 
    [P_FN_NM] => 신한은행
    [P_AMT] => 3500
    [P_UNAME] => 이영희
    [P_RMESG1] => P_VACCT_NO=56211102795504|P_EXP_DT=20260206
    [P_RMESG2] => 
    [P_NOTI] => 
    [P_AUTH_NO] => 
)

 Array
(
    [PageCall time] => 20:36:08
    [P_TID] => INIMX_VBNKCAEcatca0720260127203306565485
    [P_MID] => CAEcatca07
    [P_AUTH_DT] => 20260127203607
    [P_STATUS] => 02
    [P_TYPE] => VBANK
    [P_OID] => 260127-046
    [P_FN_CD1] => 04
    [P_FN_CD2] => 
    [P_FN_NM] => KB국민은행
    [P_AMT] => 3500
    [P_UNAME] => 박지원
    [P_RMESG1] => P_VACCT_NO=70149014516679|P_EXP_DT=20260206
    [P_RMESG2] => 
    [P_NOTI] => 
    [P_AUTH_NO] => 
)

 Array
(
    [PageCall time] => 20:55:09
    [P_TID] => INIMX_VBNKCAEcatca0720260127205154115015
    [P_MID] => CAEcatca07
    [P_AUTH_DT] => 20260127205509
    [P_STATUS] => 02
    [P_TYPE] => VBANK
    [P_OID] => 260127-047
    [P_FN_CD1] => 88
    [P_FN_CD2] => 
    [P_FN_NM] => 신한은행
    [P_AMT] => 3500
    [P_UNAME] => 이?옥
    [P_RMESG1] => P_VACCT_NO=56211102800563|P_EXP_DT=20260206
    [P_RMESG2] => 
    [P_NOTI] => 
    [P_AUTH_NO] => 
)

 Array
(
    [PageCall time] => 22:18:14
    [P_TID] => INIMX_VBNKCAEcatca0720260127221552755728
    [P_MID] => CAEcatca07
    [P_AUTH_DT] => 20260127221814
    [P_STATUS] => 02
    [P_TYPE] => VBANK
    [P_OID] => 260127-049
    [P_FN_CD1] => 88
    [P_FN_CD2] => 
    [P_FN_NM] => 신한은행
    [P_AMT] => 3500
    [P_UNAME] => 김정훈
    [P_RMESG1] => P_VACCT_NO=56211102805622|P_EXP_DT=20260206
    [P_RMESG2] => 
    [P_NOTI] => 
    [P_AUTH_NO] => 
)

