 Array
(
    [PageCall time] => 08:19:52
    [P_TID] => INIMX_VBNKCAEcatca0720260419081703435131
    [P_MID] => CAEcatca07
    [P_AUTH_DT] => 20260419081952
    [P_STATUS] => 02
    [P_TYPE] => VBANK
    [P_OID] => 260419-001
    [P_FN_CD1] => 88
    [P_FN_CD2] => 
    [P_FN_NM] => 신한은행
    [P_AMT] => 3500
    [P_UNAME] => 이수빈
    [P_RMESG1] => P_VACCT_NO=56211104594731|P_EXP_DT=20260429
    [P_RMESG2] => 
    [P_NOTI] => 
    [P_AUTH_NO] => 
)

 Array
(
    [PageCall time] => 10:16:35
    [P_TID] => INIMX_VBNKCAEcatca0720260419101327615316
    [P_MID] => CAEcatca07
    [P_AUTH_DT] => 20260419101635
    [P_STATUS] => 02
    [P_TYPE] => VBANK
    [P_OID] => 260419-003
    [P_FN_CD1] => 04
    [P_FN_CD2] => 
    [P_FN_NM] => KB국민은행
    [P_AMT] => 3500
    [P_UNAME] => 노상래
    [P_RMESG1] => P_VACCT_NO=80009078401812|P_EXP_DT=20260429
    [P_RMESG2] => 
    [P_NOTI] => 
    [P_AUTH_NO] => 
)

 Array
(
    [PageCall time] => 10:45:34
    [P_TID] => INIMX_VBNKCAEcatca0720260419104302385798
    [P_MID] => CAEcatca07
    [P_AUTH_DT] => 20260419104534
    [P_STATUS] => 02
    [P_TYPE] => VBANK
    [P_OID] => 260419-004
    [P_FN_CD1] => 04
    [P_FN_CD2] => 
    [P_FN_NM] => KB국민은행
    [P_AMT] => 3500
    [P_UNAME] => 최아진
    [P_RMESG1] => P_VACCT_NO=87679011291547|P_EXP_DT=20260429
    [P_RMESG2] => 
    [P_NOTI] => 
    [P_AUTH_NO] => 
)

 Array
(
    [PageCall time] => 12:15:28
    [P_TID] => INIMX_VBNKCAEcatca0720260419121214455693
    [P_MID] => CAEcatca07
    [P_AUTH_DT] => 20260419121528
    [P_STATUS] => 02
    [P_TYPE] => VBANK
    [P_OID] => 260419-005
    [P_FN_CD1] => 04
    [P_FN_CD2] => 
    [P_FN_NM] => KB국민은행
    [P_AMT] => 3500
    [P_UNAME] => 최진경
    [P_RMESG1] => P_VACCT_NO=87839011712541|P_EXP_DT=20260429
    [P_RMESG2] => 
    [P_NOTI] => 
    [P_AUTH_NO] => 
)

 Array
(
    [PageCall time] => 14:57:09
    [P_TID] => INIMX_VBNKCAEcatca0720260419145410625369
    [P_MID] => CAEcatca07
    [P_AUTH_DT] => 20260419145709
    [P_STATUS] => 02
    [P_TYPE] => VBANK
    [P_OID] => 260419-007
    [P_FN_CD1] => 03
    [P_FN_CD2] => 
    [P_FN_NM] => 기업은행
    [P_AMT] => 3500
    [P_UNAME] => 김혜진
    [P_RMESG1] => P_VACCT_NO=07503156497060|P_EXP_DT=20260429
    [P_RMESG2] => 
    [P_NOTI] => 
    [P_AUTH_NO] => 
)

 Array
(
    [PageCall time] => 15:09:34
    [P_TID] => INIMX_VBNKCAEcatca0720260419150710725797
    [P_MID] => CAEcatca07
    [P_AUTH_DT] => 20260419150934
    [P_STATUS] => 02
    [P_TYPE] => VBANK
    [P_OID] => 260419-008
    [P_FN_CD1] => 88
    [P_FN_CD2] => 
    [P_FN_NM] => 신한은행
    [P_AMT] => 3500
    [P_UNAME] => 이호영
    [P_RMESG1] => P_VACCT_NO=56211990876968|P_EXP_DT=20260429
    [P_RMESG2] => 
    [P_NOTI] => 
    [P_AUTH_NO] => 
)

 Array
(
    [PageCall time] => 17:20:26
    [P_TID] => INIMX_VBNKCAEcatca0720260419171804155720
    [P_MID] => CAEcatca07
    [P_AUTH_DT] => 20260419172026
    [P_STATUS] => 02
    [P_TYPE] => VBANK
    [P_OID] => 260419-010
    [P_FN_CD1] => 04
    [P_FN_CD2] => 
    [P_FN_NM] => KB국민은행
    [P_AMT] => 3500
    [P_UNAME] => 이승현
    [P_RMESG1] => P_VACCT_NO=52499014418341|P_EXP_DT=20260429
    [P_RMESG2] => 
    [P_NOTI] => 
    [P_AUTH_NO] => 
)

 Array
(
    [PageCall time] => 17:33:05
    [P_TID] => INIMX_VBNKCAEcatca0720260419172905465358
    [P_MID] => CAEcatca07
    [P_AUTH_DT] => 20260419173305
    [P_STATUS] => 02
    [P_TYPE] => VBANK
    [P_OID] => 260419-011
    [P_FN_CD1] => 88
    [P_FN_CD2] => 
    [P_FN_NM] => 신한은행
    [P_AMT] => 3500
    [P_UNAME] => 박성제
    [P_RMESG1] => P_VACCT_NO=56211990880223|P_EXP_DT=20260429
    [P_RMESG2] => 
    [P_NOTI] => 
    [P_AUTH_NO] => 
)

 Array
(
    [PageCall time] => 21:34:08
    [P_TID] => INIMX_VBNKCAEcatca0720260419213056685608
    [P_MID] => CAEcatca07
    [P_AUTH_DT] => 20260419213408
    [P_STATUS] => 02
    [P_TYPE] => VBANK
    [P_OID] => 260419-013
    [P_FN_CD1] => 04
    [P_FN_CD2] => 
    [P_FN_NM] => KB국민은행
    [P_AMT] => 3500
    [P_UNAME] => 유선영
    [P_RMESG1] => P_VACCT_NO=99289014247960|P_EXP_DT=20260429
    [P_RMESG2] => 
    [P_NOTI] => 
    [P_AUTH_NO] => 
)

 Array
(
    [PageCall time] => 21:40:33
    [P_TID] => INIMX_VBNKCAEcatca0720260419213754895421
    [P_MID] => CAEcatca07
    [P_AUTH_DT] => 20260419214032
    [P_STATUS] => 02
    [P_TYPE] => VBANK
    [P_OID] => 260419-014
    [P_FN_CD1] => 20
    [P_FN_CD2] => 
    [P_FN_NM] => 우리은행
    [P_AMT] => 3500
    [P_UNAME] => 임민경
    [P_RMESG1] => P_VACCT_NO=27387988018714|P_EXP_DT=20260429
    [P_RMESG2] => 
    [P_NOTI] => 
    [P_AUTH_NO] => 
)

