 Array
(
    [PageCall time] => 00:40:34
    [P_TID] => INIMX_VBNKCAEcatca0720250701003936584884
    [P_MID] => CAEcatca07
    [P_AUTH_DT] => 20250701004034
    [P_STATUS] => 02
    [P_TYPE] => VBANK
    [P_OID] => 250701-001
    [P_FN_CD1] => 11
    [P_FN_CD2] => 
    [P_FN_NM] => NH농협은행
    [P_AMT] => 3000
    [P_UNAME] => 최미라
    [P_RMESG1] => P_VACCT_NO=79003194235508|P_EXP_DT=20250711
    [P_RMESG2] => 
    [P_NOTI] => 
    [P_AUTH_NO] => 
)

 Array
(
    [PageCall time] => 02:01:37
    [P_TID] => INIMX_VBNKCAEcatca0720250701015855994479
    [P_MID] => CAEcatca07
    [P_AUTH_DT] => 20250701020137
    [P_STATUS] => 02
    [P_TYPE] => VBANK
    [P_OID] => 250701-003
    [P_FN_CD1] => 89
    [P_FN_CD2] => 
    [P_FN_NM] => 케이뱅크
    [P_AMT] => 3000
    [P_UNAME] => 김정학
    [P_RMESG1] => P_VACCT_NO=70112000178961|P_EXP_DT=20250711
    [P_RMESG2] => 
    [P_NOTI] => 
    [P_AUTH_NO] => 
)

 Array
(
    [PageCall time] => 05:09:13
    [P_TID] => INIMX_VBNKCAEcatca0720250701050744764244
    [P_MID] => CAEcatca07
    [P_AUTH_DT] => 20250701050913
    [P_STATUS] => 02
    [P_TYPE] => VBANK
    [P_OID] => 250701-004
    [P_FN_CD1] => 39
    [P_FN_CD2] => 
    [P_FN_NM] => 경남은행
    [P_AMT] => 3000
    [P_UNAME] => 주영혁
    [P_RMESG1] => P_VACCT_NO=573190124141|P_EXP_DT=20250711
    [P_RMESG2] => 
    [P_NOTI] => 
    [P_AUTH_NO] => 
)

 Array
(
    [PageCall time] => 09:31:04
    [P_TID] => INIMX_VBNKCAEcatca0720250701092844774383
    [P_MID] => CAEcatca07
    [P_AUTH_DT] => 20250701093104
    [P_STATUS] => 02
    [P_TYPE] => VBANK
    [P_OID] => 250701-006
    [P_FN_CD1] => 23
    [P_FN_CD2] => 
    [P_FN_NM] => SC은행
    [P_AMT] => 3000
    [P_UNAME] => 황세영
    [P_RMESG1] => P_VACCT_NO=46416000523835|P_EXP_DT=20250711
    [P_RMESG2] => 
    [P_NOTI] => 
    [P_AUTH_NO] => 
)

 Array
(
    [PageCall time] => 10:14:58
    [P_TID] => INIMX_VBNKCAEcatca0720250701101415734081
    [P_MID] => CAEcatca07
    [P_AUTH_DT] => 20250701101458
    [P_STATUS] => 02
    [P_TYPE] => VBANK
    [P_OID] => 250701-007
    [P_FN_CD1] => 04
    [P_FN_CD2] => 
    [P_FN_NM] => KB국민은행
    [P_AMT] => 3000
    [P_UNAME] => 전의선
    [P_RMESG1] => P_VACCT_NO=88269011474141|P_EXP_DT=20250711
    [P_RMESG2] => 
    [P_NOTI] => 
    [P_AUTH_NO] => 
)

 Array
(
    [PageCall time] => 10:30:20
    [P_TID] => INIMX_VBNKCAEcatca0720250701102702264859
    [P_MID] => CAEcatca07
    [P_AUTH_DT] => 20250701103020
    [P_STATUS] => 02
    [P_TYPE] => VBANK
    [P_OID] => 250701-009
    [P_FN_CD1] => 03
    [P_FN_CD2] => 
    [P_FN_NM] => 기업은행
    [P_AMT] => 3000
    [P_UNAME] => 최은기
    [P_RMESG1] => P_VACCT_NO=07500072997747|P_EXP_DT=20250711
    [P_RMESG2] => 
    [P_NOTI] => 
    [P_AUTH_NO] => 
)

 Array
(
    [PageCall time] => 10:40:50
    [P_TID] => INIMX_VBNKCAEcatca0720250701103743864533
    [P_MID] => CAEcatca07
    [P_AUTH_DT] => 20250701104050
    [P_STATUS] => 02
    [P_TYPE] => VBANK
    [P_OID] => 250630-054
    [P_FN_CD1] => 88
    [P_FN_CD2] => 
    [P_FN_NM] => 신한은행
    [P_AMT] => 3000
    [P_UNAME] => 김영옥
    [P_RMESG1] => P_VACCT_NO=56211121840622|P_EXP_DT=20250711
    [P_RMESG2] => 
    [P_NOTI] => 
    [P_AUTH_NO] => 
)

 Array
(
    [PageCall time] => 10:54:44
    [P_TID] => INIMX_VBNKCAEcatca0720250701105244214162
    [P_MID] => CAEcatca07
    [P_AUTH_DT] => 20250701105444
    [P_STATUS] => 02
    [P_TYPE] => VBANK
    [P_OID] => 250701-011
    [P_FN_CD1] => 11
    [P_FN_CD2] => 
    [P_FN_NM] => NH농협은행
    [P_AMT] => 3000
    [P_UNAME] => 김선희
    [P_RMESG1] => P_VACCT_NO=79003194280344|P_EXP_DT=20250711
    [P_RMESG2] => 
    [P_NOTI] => 
    [P_AUTH_NO] => 
)

 Array
(
    [PageCall time] => 11:37:58
    [P_TID] => INIMX_VBNKCAEcatca0720250701113529494615
    [P_MID] => CAEcatca07
    [P_AUTH_DT] => 20250701113758
    [P_STATUS] => 02
    [P_TYPE] => VBANK
    [P_OID] => 250701-010
    [P_FN_CD1] => 88
    [P_FN_CD2] => 
    [P_FN_NM] => 신한은행
    [P_AMT] => 3000
    [P_UNAME] => 주은성
    [P_RMESG1] => P_VACCT_NO=56211121844106|P_EXP_DT=20250711
    [P_RMESG2] => 
    [P_NOTI] => 
    [P_AUTH_NO] => 
)

 Array
(
    [PageCall time] => 11:47:43
    [P_TID] => INIMX_VBNKCAEcatca0720250701114635484593
    [P_MID] => CAEcatca07
    [P_AUTH_DT] => 20250701114743
    [P_STATUS] => 02
    [P_TYPE] => VBANK
    [P_OID] => 250701-015
    [P_FN_CD1] => 11
    [P_FN_CD2] => 
    [P_FN_NM] => NH농협은행
    [P_AMT] => 3000
    [P_UNAME] => 이경현
    [P_RMESG1] => P_VACCT_NO=79003194298520|P_EXP_DT=20250711
    [P_RMESG2] => 
    [P_NOTI] => 
    [P_AUTH_NO] => 
)

 Array
(
    [PageCall time] => 12:05:01
    [P_TID] => INIMX_VBNKCAEcatca0720250701110921514733
    [P_MID] => CAEcatca07
    [P_AUTH_DT] => 20250701120501
    [P_STATUS] => 02
    [P_TYPE] => VBANK
    [P_OID] => 250701-013
    [P_FN_CD1] => 07
    [P_FN_CD2] => 
    [P_FN_NM] => 수협은행
    [P_AMT] => 3000
    [P_UNAME] => 강태영
    [P_RMESG1] => P_VACCT_NO=06640083353133|P_EXP_DT=20250711
    [P_RMESG2] => 
    [P_NOTI] => 
    [P_AUTH_NO] => 
)

 Array
(
    [PageCall time] => 12:13:11
    [P_TID] => INIMX_VBNKCAEcatca0720250701121229304617
    [P_MID] => CAEcatca07
    [P_AUTH_DT] => 20250701121310
    [P_STATUS] => 02
    [P_TYPE] => VBANK
    [P_OID] => 250701-014
    [P_FN_CD1] => 04
    [P_FN_CD2] => 
    [P_FN_NM] => KB국민은행
    [P_AMT] => 3000
    [P_UNAME] => 김효선
    [P_RMESG1] => P_VACCT_NO=88269011497630|P_EXP_DT=20250711
    [P_RMESG2] => 
    [P_NOTI] => 
    [P_AUTH_NO] => 
)

 Array
(
    [PageCall time] => 12:13:27
    [P_TID] => INIMX_VBNKCAEcatca0720250701121103554719
    [P_MID] => CAEcatca07
    [P_AUTH_DT] => 20250701121327
    [P_STATUS] => 02
    [P_TYPE] => VBANK
    [P_OID] => 250630-045
    [P_FN_CD1] => 39
    [P_FN_CD2] => 
    [P_FN_NM] => 경남은행
    [P_AMT] => 3000
    [P_UNAME] => 장미선
    [P_RMESG1] => P_VACCT_NO=573190124717|P_EXP_DT=20250711
    [P_RMESG2] => 
    [P_NOTI] => 
    [P_AUTH_NO] => 
)

 Array
(
    [PageCall time] => 12:46:14
    [P_TID] => INIMX_VBNKCAEcatca0720250701124313554941
    [P_MID] => CAEcatca07
    [P_AUTH_DT] => 20250701124613
    [P_STATUS] => 02
    [P_TYPE] => VBANK
    [P_OID] => 250701-017
    [P_FN_CD1] => 11
    [P_FN_CD2] => 
    [P_FN_NM] => NH농협은행
    [P_AMT] => 3000
    [P_UNAME] => 김재선
    [P_RMESG1] => P_VACCT_NO=79003194311081|P_EXP_DT=20250711
    [P_RMESG2] => 
    [P_NOTI] => 
    [P_AUTH_NO] => 
)

 Array
(
    [PageCall time] => 13:44:05
    [P_TID] => INIMX_VBNKCAEcatca0720250701134258435360
    [P_MID] => CAEcatca07
    [P_AUTH_DT] => 20250701134404
    [P_STATUS] => 02
    [P_TYPE] => VBANK
    [P_OID] => 250701-018
    [P_FN_CD1] => 04
    [P_FN_CD2] => 
    [P_FN_NM] => KB국민은행
    [P_AMT] => 3000
    [P_UNAME] => 김굉도
    [P_RMESG1] => P_VACCT_NO=00289071115536|P_EXP_DT=20250711
    [P_RMESG2] => 
    [P_NOTI] => 
    [P_AUTH_NO] => 
)

 Array
(
    [PageCall time] => 14:34:19
    [P_TID] => INIMX_VBNKCAEcatca0720250701143146534831
    [P_MID] => CAEcatca07
    [P_AUTH_DT] => 20250701143419
    [P_STATUS] => 02
    [P_TYPE] => VBANK
    [P_OID] => 250701-022
    [P_FN_CD1] => 88
    [P_FN_CD2] => 
    [P_FN_NM] => 신한은행
    [P_AMT] => 3000
    [P_UNAME] => 이지은
    [P_RMESG1] => P_VACCT_NO=56211121852534|P_EXP_DT=20250711
    [P_RMESG2] => 
    [P_NOTI] => 
    [P_AUTH_NO] => 
)

 Array
(
    [PageCall time] => 14:37:03
    [P_TID] => INIMX_VBNKCAEcatca0720250701143613564294
    [P_MID] => CAEcatca07
    [P_AUTH_DT] => 20250701143703
    [P_STATUS] => 02
    [P_TYPE] => VBANK
    [P_OID] => 250701-024
    [P_FN_CD1] => 11
    [P_FN_CD2] => 
    [P_FN_NM] => NH농협은행
    [P_AMT] => 3000
    [P_UNAME] => 황은영
    [P_RMESG1] => P_VACCT_NO=79003194349794|P_EXP_DT=20250711
    [P_RMESG2] => 
    [P_NOTI] => 
    [P_AUTH_NO] => 
)

 Array
(
    [PageCall time] => 15:02:37
    [P_TID] => INIMX_VBNKCAEcatca0720250701145959994017
    [P_MID] => CAEcatca07
    [P_AUTH_DT] => 20250701150237
    [P_STATUS] => 02
    [P_TYPE] => VBANK
    [P_OID] => 250701-023
    [P_FN_CD1] => 11
    [P_FN_CD2] => 
    [P_FN_NM] => NH농협은행
    [P_AMT] => 3000
    [P_UNAME] => 진인호
    [P_RMESG1] => P_VACCT_NO=79003194356142|P_EXP_DT=20250711
    [P_RMESG2] => 
    [P_NOTI] => 
    [P_AUTH_NO] => 
)

 Array
(
    [PageCall time] => 15:20:54
    [P_TID] => INIMX_VBNKCAEcatca0720250701152031214595
    [P_MID] => CAEcatca07
    [P_AUTH_DT] => 20250701152054
    [P_STATUS] => 02
    [P_TYPE] => VBANK
    [P_OID] => 250701-029
    [P_FN_CD1] => 04
    [P_FN_CD2] => 
    [P_FN_NM] => KB국민은행
    [P_AMT] => 3000
    [P_UNAME] => 이재훈
    [P_RMESG1] => P_VACCT_NO=88269011551987|P_EXP_DT=20250711
    [P_RMESG2] => 
    [P_NOTI] => 
    [P_AUTH_NO] => 
)

 Array
(
    [PageCall time] => 15:39:28
    [P_TID] => INIMX_VBNKCAEcatca0720250701153611765928
    [P_MID] => CAEcatca07
    [P_AUTH_DT] => 20250701153928
    [P_STATUS] => 02
    [P_TYPE] => VBANK
    [P_OID] => 250628-012
    [P_FN_CD1] => 20
    [P_FN_CD2] => 
    [P_FN_NM] => 우리은행
    [P_AMT] => 3000
    [P_UNAME] => Tsechingyee
    [P_RMESG1] => P_VACCT_NO=32823371318506|P_EXP_DT=20250711
    [P_RMESG2] => 
    [P_NOTI] => 
    [P_AUTH_NO] => 
)

 Array
(
    [PageCall time] => 15:49:23
    [P_TID] => INIMX_VBNKCAEcatca0720250701154650515244
    [P_MID] => CAEcatca07
    [P_AUTH_DT] => 20250701154923
    [P_STATUS] => 02
    [P_TYPE] => VBANK
    [P_OID] => 250701-031
    [P_FN_CD1] => 03
    [P_FN_CD2] => 
    [P_FN_NM] => 기업은행
    [P_AMT] => 3000
    [P_UNAME] => 정은미
    [P_RMESG1] => P_VACCT_NO=07500603097316|P_EXP_DT=20250711
    [P_RMESG2] => 
    [P_NOTI] => 
    [P_AUTH_NO] => 
)

 Array
(
    [PageCall time] => 16:13:23
    [P_TID] => INIMX_VBNKCAEcatca0720250701161003215945
    [P_MID] => CAEcatca07
    [P_AUTH_DT] => 20250701161323
    [P_STATUS] => 02
    [P_TYPE] => VBANK
    [P_OID] => 250701-033
    [P_FN_CD1] => 89
    [P_FN_CD2] => 
    [P_FN_NM] => 케이뱅크
    [P_AMT] => 3000
    [P_UNAME] => 이동근
    [P_RMESG1] => P_VACCT_NO=70112003871172|P_EXP_DT=20250711
    [P_RMESG2] => 
    [P_NOTI] => 
    [P_AUTH_NO] => 
)

 Array
(
    [PageCall time] => 16:39:38
    [P_TID] => INIMX_VBNKCAEcatca0720250701163752685413
    [P_MID] => CAEcatca07
    [P_AUTH_DT] => 20250701163938
    [P_STATUS] => 02
    [P_TYPE] => VBANK
    [P_OID] => 250630-021
    [P_FN_CD1] => 04
    [P_FN_CD2] => 
    [P_FN_NM] => KB국민은행
    [P_AMT] => 3000
    [P_UNAME] => 안지영
    [P_RMESG1] => P_VACCT_NO=26029078159719|P_EXP_DT=20250711
    [P_RMESG2] => 
    [P_NOTI] => 
    [P_AUTH_NO] => 
)

 Array
(
    [PageCall time] => 16:48:43
    [P_TID] => INIMX_VBNKCAEcatca0720250701164523855641
    [P_MID] => CAEcatca07
    [P_AUTH_DT] => 20250701164843
    [P_STATUS] => 02
    [P_TYPE] => VBANK
    [P_OID] => 250701-035
    [P_FN_CD1] => 88
    [P_FN_CD2] => 
    [P_FN_NM] => 신한은행
    [P_AMT] => 3000
    [P_UNAME] => 신재봉
    [P_RMESG1] => P_VACCT_NO=56211105796920|P_EXP_DT=20250711
    [P_RMESG2] => 
    [P_NOTI] => 
    [P_AUTH_NO] => 
)

 Array
(
    [PageCall time] => 16:58:42
    [P_TID] => INIMX_VBNKCAEcatca0720250701165612785974
    [P_MID] => CAEcatca07
    [P_AUTH_DT] => 20250701165842
    [P_STATUS] => 02
    [P_TYPE] => VBANK
    [P_OID] => 250701-036
    [P_FN_CD1] => 89
    [P_FN_CD2] => 
    [P_FN_NM] => 케이뱅크
    [P_AMT] => 3000
    [P_UNAME] => 문경아
    [P_RMESG1] => P_VACCT_NO=70112003871524|P_EXP_DT=20250711
    [P_RMESG2] => 
    [P_NOTI] => 
    [P_AUTH_NO] => 
)

 Array
(
    [PageCall time] => 17:10:14
    [P_TID] => INIMX_VBNKCAEcatca0720250701170918805066
    [P_MID] => CAEcatca07
    [P_AUTH_DT] => 20250701171014
    [P_STATUS] => 02
    [P_TYPE] => VBANK
    [P_OID] => 250701-037
    [P_FN_CD1] => 04
    [P_FN_CD2] => 
    [P_FN_NM] => KB국민은행
    [P_AMT] => 3000
    [P_UNAME] => 김성대
    [P_RMESG1] => P_VACCT_NO=26029078185640|P_EXP_DT=20250711
    [P_RMESG2] => 
    [P_NOTI] => 
    [P_AUTH_NO] => 
)

 Array
(
    [PageCall time] => 17:33:18
    [P_TID] => INIMX_VBNKCAEcatca0720250701173244195748
    [P_MID] => CAEcatca07
    [P_AUTH_DT] => 20250701173318
    [P_STATUS] => 02
    [P_TYPE] => VBANK
    [P_OID] => 250701-038
    [P_FN_CD1] => 04
    [P_FN_CD2] => 
    [P_FN_NM] => KB국민은행
    [P_AMT] => 3000
    [P_UNAME] => 박화복
    [P_RMESG1] => P_VACCT_NO=26029078206220|P_EXP_DT=20250711
    [P_RMESG2] => 
    [P_NOTI] => 
    [P_AUTH_NO] => 
)

 Array
(
    [PageCall time] => 17:51:09
    [P_TID] => INIMX_VBNKCAEcatca0720250701160506665278
    [P_MID] => CAEcatca07
    [P_AUTH_DT] => 20250701175109
    [P_STATUS] => 02
    [P_TYPE] => VBANK
    [P_OID] => 250701-032
    [P_FN_CD1] => 88
    [P_FN_CD2] => 
    [P_FN_NM] => 신한은행
    [P_AMT] => 3000
    [P_UNAME] => 황성호
    [P_RMESG1] => P_VACCT_NO=56211105794146|P_EXP_DT=20250711
    [P_RMESG2] => 
    [P_NOTI] => 
    [P_AUTH_NO] => 
)

 Array
(
    [PageCall time] => 17:55:11
    [P_TID] => INIMX_VBNKCAEcatca0720250701175407395640
    [P_MID] => CAEcatca07
    [P_AUTH_DT] => 20250701175511
    [P_STATUS] => 02
    [P_TYPE] => VBANK
    [P_OID] => 250701-039
    [P_FN_CD1] => 11
    [P_FN_CD2] => 
    [P_FN_NM] => NH농협은행
    [P_AMT] => 3000
    [P_UNAME] => 김영석
    [P_RMESG1] => P_VACCT_NO=79010591583899|P_EXP_DT=20250711
    [P_RMESG2] => 
    [P_NOTI] => 
    [P_AUTH_NO] => 
)

 Array
(
    [PageCall time] => 18:33:07
    [P_TID] => INIMX_VBNKCAEcatca0720250701182955675826
    [P_MID] => CAEcatca07
    [P_AUTH_DT] => 20250701183306
    [P_STATUS] => 02
    [P_TYPE] => VBANK
    [P_OID] => 250626-010
    [P_FN_CD1] => 88
    [P_FN_CD2] => 
    [P_FN_NM] => 신한은행
    [P_AMT] => 3000
    [P_UNAME] => 손승원
    [P_RMESG1] => P_VACCT_NO=56211105803690|P_EXP_DT=20250711
    [P_RMESG2] => 
    [P_NOTI] => 
    [P_AUTH_NO] => 
)

 Array
(
    [PageCall time] => 20:12:32
    [P_TID] => INIMX_VBNKCAEcatca0720250701200745285149
    [P_MID] => CAEcatca07
    [P_AUTH_DT] => 20250701201232
    [P_STATUS] => 02
    [P_TYPE] => VBANK
    [P_OID] => 250701-042
    [P_FN_CD1] => 11
    [P_FN_CD2] => 
    [P_FN_NM] => NH농협은행
    [P_AMT] => 3000
    [P_UNAME] => 손군자
    [P_RMESG1] => P_VACCT_NO=79010591602687|P_EXP_DT=20250711
    [P_RMESG2] => 
    [P_NOTI] => 
    [P_AUTH_NO] => 
)

 Array
(
    [PageCall time] => 20:41:08
    [P_TID] => INIMX_VBNKCAEcatca0720250701203727975688
    [P_MID] => CAEcatca07
    [P_AUTH_DT] => 20250701204108
    [P_STATUS] => 02
    [P_TYPE] => VBANK
    [P_OID] => 250701-043
    [P_FN_CD1] => 03
    [P_FN_CD2] => 
    [P_FN_NM] => 기업은행
    [P_AMT] => 3000
    [P_UNAME] => 장은정
    [P_RMESG1] => P_VACCT_NO=07500608897408|P_EXP_DT=20250711
    [P_RMESG2] => 
    [P_NOTI] => 
    [P_AUTH_NO] => 
)

 Array
(
    [PageCall time] => 21:06:18
    [P_TID] => INIMX_VBNKCAEcatca0720250701210220535116
    [P_MID] => CAEcatca07
    [P_AUTH_DT] => 20250701210618
    [P_STATUS] => 02
    [P_TYPE] => VBANK
    [P_OID] => 250701-044
    [P_FN_CD1] => 81
    [P_FN_CD2] => 
    [P_FN_NM] => 하나은행
    [P_AMT] => 3000
    [P_UNAME] => 서상민
    [P_RMESG1] => P_VACCT_NO=20894755446337|P_EXP_DT=20250711
    [P_RMESG2] => 
    [P_NOTI] => 
    [P_AUTH_NO] => 
)

 Array
(
    [PageCall time] => 21:21:23
    [P_TID] => INIMX_VBNKCAEcatca0720250701211751835518
    [P_MID] => CAEcatca07
    [P_AUTH_DT] => 20250701212123
    [P_STATUS] => 02
    [P_TYPE] => VBANK
    [P_OID] => 250701-040
    [P_FN_CD1] => 81
    [P_FN_CD2] => 
    [P_FN_NM] => 하나은행
    [P_AMT] => 3000
    [P_UNAME] => 이호형
    [P_RMESG1] => P_VACCT_NO=20894755480437|P_EXP_DT=20250711
    [P_RMESG2] => 
    [P_NOTI] => 
    [P_AUTH_NO] => 
)

 Array
(
    [PageCall time] => 21:55:58
    [P_TID] => INIMX_VBNKCAEcatca0720250701214744415860
    [P_MID] => CAEcatca07
    [P_AUTH_DT] => 20250701215558
    [P_STATUS] => 02
    [P_TYPE] => VBANK
    [P_OID] => 250701-045
    [P_FN_CD1] => 11
    [P_FN_CD2] => 
    [P_FN_NM] => NH농협은행
    [P_AMT] => 3000
    [P_UNAME] => 김영배
    [P_RMESG1] => P_VACCT_NO=79010591614665|P_EXP_DT=20250711
    [P_RMESG2] => 
    [P_NOTI] => 
    [P_AUTH_NO] => 
)

 Array
(
    [PageCall time] => 23:10:03
    [P_TID] => INIMX_VBNKCAEcatca0720250701230407525455
    [P_MID] => CAEcatca07
    [P_AUTH_DT] => 20250701231003
    [P_STATUS] => 02
    [P_TYPE] => VBANK
    [P_OID] => 250701-046
    [P_FN_CD1] => 03
    [P_FN_CD2] => 
    [P_FN_NM] => 기업은행
    [P_AMT] => 3000
    [P_UNAME] => 임병근
    [P_RMESG1] => P_VACCT_NO=07500609697894|P_EXP_DT=20250711
    [P_RMESG2] => 
    [P_NOTI] => 
    [P_AUTH_NO] => 
)

