 Array
(
    [PageCall time] => 00:30:30
    [P_TID] => INIMX_VBNKCAEcatca0720251205002740705436
    [P_MID] => CAEcatca07
    [P_AUTH_DT] => 20251205003030
    [P_STATUS] => 02
    [P_TYPE] => VBANK
    [P_OID] => 251205-001
    [P_FN_CD1] => 81
    [P_FN_CD2] => 
    [P_FN_NM] => 하나은행
    [P_AMT] => 3000
    [P_UNAME] => 김유경
    [P_RMESG1] => P_VACCT_NO=20894113224137|P_EXP_DT=20251215
    [P_RMESG2] => 
    [P_NOTI] => 
    [P_AUTH_NO] => 
)

 Array
(
    [PageCall time] => 07:20:05
    [P_TID] => INIMX_VBNKCAEcatca0720251205071733775588
    [P_MID] => CAEcatca07
    [P_AUTH_DT] => 20251205072005
    [P_STATUS] => 02
    [P_TYPE] => VBANK
    [P_OID] => 251205-002
    [P_FN_CD1] => 88
    [P_FN_CD2] => 
    [P_FN_NM] => 신한은행
    [P_AMT] => 3000
    [P_UNAME] => 김미숙
    [P_RMESG1] => P_VACCT_NO=56211106538384|P_EXP_DT=20251215
    [P_RMESG2] => 
    [P_NOTI] => 
    [P_AUTH_NO] => 
)

 Array
(
    [PageCall time] => 08:36:46
    [P_TID] => INIMX_VBNKCAEcatca0720251205083407415904
    [P_MID] => CAEcatca07
    [P_AUTH_DT] => 20251205083646
    [P_STATUS] => 02
    [P_TYPE] => VBANK
    [P_OID] => 251205-004
    [P_FN_CD1] => 20
    [P_FN_CD2] => 
    [P_FN_NM] => 우리은행
    [P_AMT] => 3000
    [P_UNAME] => 곽재현
    [P_RMESG1] => P_VACCT_NO=27388363718921|P_EXP_DT=20251215
    [P_RMESG2] => 
    [P_NOTI] => 
    [P_AUTH_NO] => 
)

 Array
(
    [PageCall time] => 10:18:48
    [P_TID] => INIMX_VBNKCAEcatca0720251205101543355265
    [P_MID] => CAEcatca07
    [P_AUTH_DT] => 20251205101848
    [P_STATUS] => 02
    [P_TYPE] => VBANK
    [P_OID] => 251205-005
    [P_FN_CD1] => 03
    [P_FN_CD2] => 
    [P_FN_NM] => 기업은행
    [P_AMT] => 3000
    [P_UNAME] => 변재천
    [P_RMESG1] => P_VACCT_NO=07502402297123|P_EXP_DT=20251215
    [P_RMESG2] => 
    [P_NOTI] => 
    [P_AUTH_NO] => 
)

 Array
(
    [PageCall time] => 10:38:40
    [P_TID] => INIMX_VBNKCAEcatca0720251205103521165157
    [P_MID] => CAEcatca07
    [P_AUTH_DT] => 20251205103839
    [P_STATUS] => 02
    [P_TYPE] => VBANK
    [P_OID] => 251205-006
    [P_FN_CD1] => 03
    [P_FN_CD2] => 
    [P_FN_NM] => 기업은행
    [P_AMT] => 3000
    [P_UNAME] => 박철
    [P_RMESG1] => P_VACCT_NO=07502402397814|P_EXP_DT=20251215
    [P_RMESG2] => 
    [P_NOTI] => 
    [P_AUTH_NO] => 
)

 Array
(
    [PageCall time] => 10:43:35
    [P_TID] => INIMX_VBNKCAEcatca0720251205104024655087
    [P_MID] => CAEcatca07
    [P_AUTH_DT] => 20251205104335
    [P_STATUS] => 02
    [P_TYPE] => VBANK
    [P_OID] => 251205-007
    [P_FN_CD1] => 03
    [P_FN_CD2] => 
    [P_FN_NM] => 기업은행
    [P_AMT] => 3000
    [P_UNAME] => 김성은
    [P_RMESG1] => P_VACCT_NO=07502402497056|P_EXP_DT=20251215
    [P_RMESG2] => 
    [P_NOTI] => 
    [P_AUTH_NO] => 
)

 Array
(
    [PageCall time] => 11:08:25
    [P_TID] => INIMX_VBNKCAEcatca0720251205110412665488
    [P_MID] => CAEcatca07
    [P_AUTH_DT] => 20251205110825
    [P_STATUS] => 02
    [P_TYPE] => VBANK
    [P_OID] => 251205-008
    [P_FN_CD1] => 88
    [P_FN_CD2] => 
    [P_FN_NM] => 신한은행
    [P_AMT] => 3000
    [P_UNAME] => 이은정
    [P_RMESG1] => P_VACCT_NO=56211106963192|P_EXP_DT=20251215
    [P_RMESG2] => 
    [P_NOTI] => 
    [P_AUTH_NO] => 
)

 Array
(
    [PageCall time] => 13:20:55
    [P_TID] => INIMX_VBNKCAEcatca0720251205131758775179
    [P_MID] => CAEcatca07
    [P_AUTH_DT] => 20251205132055
    [P_STATUS] => 02
    [P_TYPE] => VBANK
    [P_OID] => 251205-012
    [P_FN_CD1] => 88
    [P_FN_CD2] => 
    [P_FN_NM] => 신한은행
    [P_AMT] => 3000
    [P_UNAME] => 성정화
    [P_RMESG1] => P_VACCT_NO=56211106973747|P_EXP_DT=20251215
    [P_RMESG2] => 
    [P_NOTI] => 
    [P_AUTH_NO] => 
)

 Array
(
    [PageCall time] => 13:33:44
    [P_TID] => INIMX_VBNKCAEcatca0720251205133058935958
    [P_MID] => CAEcatca07
    [P_AUTH_DT] => 20251205133344
    [P_STATUS] => 02
    [P_TYPE] => VBANK
    [P_OID] => 251205-013
    [P_FN_CD1] => 20
    [P_FN_CD2] => 
    [P_FN_NM] => 우리은행
    [P_AMT] => 3000
    [P_UNAME] => 황보의
    [P_RMESG1] => P_VACCT_NO=27388392918765|P_EXP_DT=20251215
    [P_RMESG2] => 
    [P_NOTI] => 
    [P_AUTH_NO] => 
)

 Array
(
    [PageCall time] => 13:48:08
    [P_TID] => INIMX_VBNKCAEcatca0720251205134544165959
    [P_MID] => CAEcatca07
    [P_AUTH_DT] => 20251205134808
    [P_STATUS] => 02
    [P_TYPE] => VBANK
    [P_OID] => 251205-015
    [P_FN_CD1] => 11
    [P_FN_CD2] => 
    [P_FN_NM] => NH농협은행
    [P_AMT] => 3000
    [P_UNAME] => 김민기
    [P_RMESG1] => P_VACCT_NO=79015905204582|P_EXP_DT=20251215
    [P_RMESG2] => 
    [P_NOTI] => 
    [P_AUTH_NO] => 
)

 Array
(
    [PageCall time] => 13:50:25
    [P_TID] => INIMX_VBNKCAEcatca0720251205134734125722
    [P_MID] => CAEcatca07
    [P_AUTH_DT] => 20251205135025
    [P_STATUS] => 02
    [P_TYPE] => VBANK
    [P_OID] => 251205-016
    [P_FN_CD1] => 04
    [P_FN_CD2] => 
    [P_FN_NM] => KB국민은행
    [P_AMT] => 3000
    [P_UNAME] => 김한빈
    [P_RMESG1] => P_VACCT_NO=45749014225092|P_EXP_DT=20251215
    [P_RMESG2] => 
    [P_NOTI] => 
    [P_AUTH_NO] => 
)

 Array
(
    [PageCall time] => 13:55:06
    [P_TID] => INIMX_VBNKCAEcatca0720251205135213285649
    [P_MID] => CAEcatca07
    [P_AUTH_DT] => 20251205135505
    [P_STATUS] => 02
    [P_TYPE] => VBANK
    [P_OID] => 251205-018
    [P_FN_CD1] => 81
    [P_FN_CD2] => 
    [P_FN_NM] => 하나은행
    [P_AMT] => 3000
    [P_UNAME] => 윤정은
    [P_RMESG1] => P_VACCT_NO=20894120655637|P_EXP_DT=20251215
    [P_RMESG2] => 
    [P_NOTI] => 
    [P_AUTH_NO] => 
)

 Array
(
    [PageCall time] => 13:56:00
    [P_TID] => INIMX_VBNKCAEcatca0720251205135115785835
    [P_MID] => CAEcatca07
    [P_AUTH_DT] => 20251205135600
    [P_STATUS] => 02
    [P_TYPE] => VBANK
    [P_OID] => 251205-017
    [P_FN_CD1] => 88
    [P_FN_CD2] => 
    [P_FN_NM] => 신한은행
    [P_AMT] => 3000
    [P_UNAME] => 이막수
    [P_RMESG1] => P_VACCT_NO=56211106975723|P_EXP_DT=20251215
    [P_RMESG2] => 
    [P_NOTI] => 
    [P_AUTH_NO] => 
)

 Array
(
    [PageCall time] => 14:43:57
    [P_TID] => INIMX_VBNKCAEcatca0720251205144134655014
    [P_MID] => CAEcatca07
    [P_AUTH_DT] => 20251205144357
    [P_STATUS] => 02
    [P_TYPE] => VBANK
    [P_OID] => 251204-036
    [P_FN_CD1] => 88
    [P_FN_CD2] => 
    [P_FN_NM] => 신한은행
    [P_AMT] => 3000
    [P_UNAME] => 김은영
    [P_RMESG1] => P_VACCT_NO=56211106980157|P_EXP_DT=20251215
    [P_RMESG2] => 
    [P_NOTI] => 
    [P_AUTH_NO] => 
)

 Array
(
    [PageCall time] => 15:22:48
    [P_TID] => INIMX_VBNKCAEcatca0720251205152136845533
    [P_MID] => CAEcatca07
    [P_AUTH_DT] => 20251205152248
    [P_STATUS] => 02
    [P_TYPE] => VBANK
    [P_OID] => 251205-021
    [P_FN_CD1] => 11
    [P_FN_CD2] => 
    [P_FN_NM] => NH농협은행
    [P_AMT] => 3000
    [P_UNAME] => 양수정
    [P_RMESG1] => P_VACCT_NO=79015905227636|P_EXP_DT=20251215
    [P_RMESG2] => 
    [P_NOTI] => 
    [P_AUTH_NO] => 
)

 Array
(
    [PageCall time] => 15:51:16
    [P_TID] => INIMX_VBNKCAEcatca0720251205154820445992
    [P_MID] => CAEcatca07
    [P_AUTH_DT] => 20251205155116
    [P_STATUS] => 02
    [P_TYPE] => VBANK
    [P_OID] => 251205-022
    [P_FN_CD1] => 20
    [P_FN_CD2] => 
    [P_FN_NM] => 우리은행
    [P_AMT] => 3000
    [P_UNAME] => 김양희
    [P_RMESG1] => P_VACCT_NO=27388404018838|P_EXP_DT=20251215
    [P_RMESG2] => 
    [P_NOTI] => 
    [P_AUTH_NO] => 
)

 Array
(
    [PageCall time] => 15:53:23
    [P_TID] => INIMX_VBNKCAEcatca0720251205155014175829
    [P_MID] => CAEcatca07
    [P_AUTH_DT] => 20251205155323
    [P_STATUS] => 02
    [P_TYPE] => VBANK
    [P_OID] => 251205-023
    [P_FN_CD1] => 81
    [P_FN_CD2] => 
    [P_FN_NM] => 하나은행
    [P_AMT] => 3000
    [P_UNAME] => 박진형
    [P_RMESG1] => P_VACCT_NO=20894122551037|P_EXP_DT=20251215
    [P_RMESG2] => 
    [P_NOTI] => 
    [P_AUTH_NO] => 
)

 Array
(
    [PageCall time] => 16:58:02
    [P_TID] => INIMX_VBNKCAEcatca0720251205165457445621
    [P_MID] => CAEcatca07
    [P_AUTH_DT] => 20251205165802
    [P_STATUS] => 02
    [P_TYPE] => VBANK
    [P_OID] => 251205-024
    [P_FN_CD1] => 88
    [P_FN_CD2] => 
    [P_FN_NM] => 신한은행
    [P_AMT] => 3000
    [P_UNAME] => 백성철
    [P_RMESG1] => P_VACCT_NO=56211106993520|P_EXP_DT=20251215
    [P_RMESG2] => 
    [P_NOTI] => 
    [P_AUTH_NO] => 
)

 Array
(
    [PageCall time] => 17:03:06
    [P_TID] => INIMX_VBNKCAEcatca0720251205170007935785
    [P_MID] => CAEcatca07
    [P_AUTH_DT] => 20251205170306
    [P_STATUS] => 02
    [P_TYPE] => VBANK
    [P_OID] => 251204-035
    [P_FN_CD1] => 20
    [P_FN_CD2] => 
    [P_FN_NM] => 우리은행
    [P_AMT] => 3000
    [P_UNAME] => 권영아
    [P_RMESG1] => P_VACCT_NO=27388409918848|P_EXP_DT=20251215
    [P_RMESG2] => 
    [P_NOTI] => 
    [P_AUTH_NO] => 
)

 Array
(
    [PageCall time] => 18:18:12
    [P_TID] => INIMX_VBNKCAEcatca0720251205181431195624
    [P_MID] => CAEcatca07
    [P_AUTH_DT] => 20251205181812
    [P_STATUS] => 02
    [P_TYPE] => VBANK
    [P_OID] => 251204-001
    [P_FN_CD1] => 04
    [P_FN_CD2] => 
    [P_FN_NM] => KB국민은행
    [P_AMT] => 3000
    [P_UNAME] => 홍진우
    [P_RMESG1] => P_VACCT_NO=45749014432018|P_EXP_DT=20251215
    [P_RMESG2] => 
    [P_NOTI] => 
    [P_AUTH_NO] => 
)

 Array
(
    [PageCall time] => 18:20:07
    [P_TID] => INIMX_VBNKCAEcatca0720251205181703585569
    [P_MID] => CAEcatca07
    [P_AUTH_DT] => 20251205182007
    [P_STATUS] => 02
    [P_TYPE] => VBANK
    [P_OID] => 251205-025
    [P_FN_CD1] => 04
    [P_FN_CD2] => 
    [P_FN_NM] => KB국민은행
    [P_AMT] => 3000
    [P_UNAME] => 김태만
    [P_RMESG1] => P_VACCT_NO=45749014433172|P_EXP_DT=20251215
    [P_RMESG2] => 
    [P_NOTI] => 
    [P_AUTH_NO] => 
)

 Array
(
    [PageCall time] => 19:21:38
    [P_TID] => INIMX_VBNKCAEcatca0720251205191843165578
    [P_MID] => CAEcatca07
    [P_AUTH_DT] => 20251205192138
    [P_STATUS] => 02
    [P_TYPE] => VBANK
    [P_OID] => 251205-026
    [P_FN_CD1] => 88
    [P_FN_CD2] => 
    [P_FN_NM] => 신한은행
    [P_AMT] => 3000
    [P_UNAME] => 이정순
    [P_RMESG1] => P_VACCT_NO=56211990502255|P_EXP_DT=20251215
    [P_RMESG2] => 
    [P_NOTI] => 
    [P_AUTH_NO] => 
)

 Array
(
    [PageCall time] => 21:08:36
    [P_TID] => INIMX_VBNKCAEcatca0720251204203146475491
    [P_MID] => CAEcatca07
    [P_AUTH_DT] => 20251205210836
    [P_STATUS] => 02
    [P_TYPE] => VBANK
    [P_OID] => 251204-038
    [P_FN_CD1] => 31
    [P_FN_CD2] => 
    [P_FN_NM] => 아이엠뱅크(대구은행)
    [P_AMT] => 3000
    [P_UNAME] => 이성호
    [P_RMESG1] => P_VACCT_NO=9600362475512|P_EXP_DT=20251214
    [P_RMESG2] => 
    [P_NOTI] => 
    [P_AUTH_NO] => 
)

 Array
(
    [PageCall time] => 21:21:10
    [P_TID] => INIMX_VBNKCAEcatca0720251204161143735018
    [P_MID] => CAEcatca07
    [P_AUTH_DT] => 20251205212110
    [P_STATUS] => 02
    [P_TYPE] => VBANK
    [P_OID] => 251204-023
    [P_FN_CD1] => 03
    [P_FN_CD2] => 
    [P_FN_NM] => 기업은행
    [P_AMT] => 3000
    [P_UNAME] => 김주희
    [P_RMESG1] => P_VACCT_NO=07502398997121|P_EXP_DT=20251214
    [P_RMESG2] => 
    [P_NOTI] => 
    [P_AUTH_NO] => 
)

 Array
(
    [PageCall time] => 21:38:03
    [P_TID] => INIMX_VBNKCAEcatca0720251205212739415449
    [P_MID] => CAEcatca07
    [P_AUTH_DT] => 20251205213803
    [P_STATUS] => 02
    [P_TYPE] => VBANK
    [P_OID] => 251205-028
    [P_FN_CD1] => 03
    [P_FN_CD2] => 
    [P_FN_NM] => 기업은행
    [P_AMT] => 3000
    [P_UNAME] => 김유근
    [P_RMESG1] => P_VACCT_NO=07502407997026|P_EXP_DT=20251215
    [P_RMESG2] => 
    [P_NOTI] => 
    [P_AUTH_NO] => 
)

