 Array
(
    [PageCall time] => 09:38:31
    [P_TID] => INIMX_VBNKCAEcatca0720250907093707135822
    [P_MID] => CAEcatca07
    [P_AUTH_DT] => 20250907093831
    [P_STATUS] => 02
    [P_TYPE] => VBANK
    [P_OID] => 250907-002
    [P_FN_CD1] => 11
    [P_FN_CD2] => 
    [P_FN_NM] => NH농협은행
    [P_AMT] => 3000
    [P_UNAME] => 우경남
    [P_RMESG1] => P_VACCT_NO=79014505021115|P_EXP_DT=20250917
    [P_RMESG2] => 
    [P_NOTI] => 
    [P_AUTH_NO] => 
)

 Array
(
    [PageCall time] => 09:45:54
    [P_TID] => INIMX_VBNKCAEcatca0720250907094308185142
    [P_MID] => CAEcatca07
    [P_AUTH_DT] => 20250907094554
    [P_STATUS] => 02
    [P_TYPE] => VBANK
    [P_OID] => 250907-003
    [P_FN_CD1] => 81
    [P_FN_CD2] => 
    [P_FN_NM] => 하나은행
    [P_AMT] => 3000
    [P_UNAME] => 박상준
    [P_RMESG1] => P_VACCT_NO=20894087786037|P_EXP_DT=20250917
    [P_RMESG2] => 
    [P_NOTI] => 
    [P_AUTH_NO] => 
)

 Array
(
    [PageCall time] => 10:35:16
    [P_TID] => INIMX_VBNKCAEcatca0720250907103347265463
    [P_MID] => CAEcatca07
    [P_AUTH_DT] => 20250907103516
    [P_STATUS] => 02
    [P_TYPE] => VBANK
    [P_OID] => 250907-006
    [P_FN_CD1] => 11
    [P_FN_CD2] => 
    [P_FN_NM] => NH농협은행
    [P_AMT] => 3000
    [P_UNAME] => 김태정
    [P_RMESG1] => P_VACCT_NO=79014505024384|P_EXP_DT=20250917
    [P_RMESG2] => 
    [P_NOTI] => 
    [P_AUTH_NO] => 
)

 Array
(
    [PageCall time] => 10:39:16
    [P_TID] => INIMX_VBNKCAEcatca0720250907103728415866
    [P_MID] => CAEcatca07
    [P_AUTH_DT] => 20250907103916
    [P_STATUS] => 02
    [P_TYPE] => VBANK
    [P_OID] => 250907-005
    [P_FN_CD1] => 11
    [P_FN_CD2] => 
    [P_FN_NM] => NH농협은행
    [P_AMT] => 3000
    [P_UNAME] => 임승우
    [P_RMESG1] => P_VACCT_NO=79014505024591|P_EXP_DT=20250917
    [P_RMESG2] => 
    [P_NOTI] => 
    [P_AUTH_NO] => 
)

 Array
(
    [PageCall time] => 10:50:03
    [P_TID] => INIMX_VBNKCAEcatca0720250907104512745293
    [P_MID] => CAEcatca07
    [P_AUTH_DT] => 20250907105003
    [P_STATUS] => 02
    [P_TYPE] => VBANK
    [P_OID] => 250907-007
    [P_FN_CD1] => 31
    [P_FN_CD2] => 
    [P_FN_NM] => 아이엠뱅크(대구은행)
    [P_AMT] => 3000
    [P_UNAME] => 신문희
    [P_RMESG1] => P_VACCT_NO=9600362095653|P_EXP_DT=20250917
    [P_RMESG2] => 
    [P_NOTI] => 
    [P_AUTH_NO] => 
)

 Array
(
    [PageCall time] => 12:46:51
    [P_TID] => INIMX_VBNKCAEcatca0720250907124401275400
    [P_MID] => CAEcatca07
    [P_AUTH_DT] => 20250907124651
    [P_STATUS] => 02
    [P_TYPE] => VBANK
    [P_OID] => 250907-008
    [P_FN_CD1] => 31
    [P_FN_CD2] => 
    [P_FN_NM] => 아이엠뱅크(대구은행)
    [P_AMT] => 3000
    [P_UNAME] => 김유진
    [P_RMESG1] => P_VACCT_NO=9600362096139|P_EXP_DT=20250917
    [P_RMESG2] => 
    [P_NOTI] => 
    [P_AUTH_NO] => 
)

 Array
(
    [PageCall time] => 12:48:32
    [P_TID] => INIMX_VBNKCAEcatca0720250907124558145834
    [P_MID] => CAEcatca07
    [P_AUTH_DT] => 20250907124832
    [P_STATUS] => 02
    [P_TYPE] => VBANK
    [P_OID] => 250907-009
    [P_FN_CD1] => 11
    [P_FN_CD2] => 
    [P_FN_NM] => NH농협은행
    [P_AMT] => 3000
    [P_UNAME] => 백창해
    [P_RMESG1] => P_VACCT_NO=79014505030955|P_EXP_DT=20250917
    [P_RMESG2] => 
    [P_NOTI] => 
    [P_AUTH_NO] => 
)

 Array
(
    [PageCall time] => 13:00:27
    [P_TID] => INIMX_VBNKCAEcatca0720250907125750365225
    [P_MID] => CAEcatca07
    [P_AUTH_DT] => 20250907130027
    [P_STATUS] => 02
    [P_TYPE] => VBANK
    [P_OID] => 250907-010
    [P_FN_CD1] => 03
    [P_FN_CD2] => 
    [P_FN_NM] => 기업은행
    [P_AMT] => 3000
    [P_UNAME] => 신현지
    [P_RMESG1] => P_VACCT_NO=07502265697451|P_EXP_DT=20250917
    [P_RMESG2] => 
    [P_NOTI] => 
    [P_AUTH_NO] => 
)

 Array
(
    [PageCall time] => 14:17:50
    [P_TID] => INIMX_VBNKCAEcatca0720250907141519395033
    [P_MID] => CAEcatca07
    [P_AUTH_DT] => 20250907141750
    [P_STATUS] => 02
    [P_TYPE] => VBANK
    [P_OID] => 250907-011
    [P_FN_CD1] => 88
    [P_FN_CD2] => 
    [P_FN_NM] => 신한은행
    [P_AMT] => 3000
    [P_UNAME] => 이정수
    [P_RMESG1] => P_VACCT_NO=56211104510330|P_EXP_DT=20250917
    [P_RMESG2] => 
    [P_NOTI] => 
    [P_AUTH_NO] => 
)

 Array
(
    [PageCall time] => 17:23:55
    [P_TID] => INIMX_VBNKCAEcatca0720250907172111995085
    [P_MID] => CAEcatca07
    [P_AUTH_DT] => 20250907172355
    [P_STATUS] => 02
    [P_TYPE] => VBANK
    [P_OID] => 250907-012
    [P_FN_CD1] => 81
    [P_FN_CD2] => 
    [P_FN_NM] => 하나은행
    [P_AMT] => 3000
    [P_UNAME] => 홍명진
    [P_RMESG1] => P_VACCT_NO=20894089274637|P_EXP_DT=20250917
    [P_RMESG2] => 
    [P_NOTI] => 
    [P_AUTH_NO] => 
)

