 Array
(
    [PageCall time] => 00:42:39
    [P_TID] => INIMX_VBNKCAEcatca0720260323235340695724
    [P_MID] => CAEcatca07
    [P_AUTH_DT] => 20260324004239
    [P_STATUS] => 02
    [P_TYPE] => VBANK
    [P_OID] => 260323-039
    [P_FN_CD1] => 88
    [P_FN_CD2] => 
    [P_FN_NM] => 신한은행
    [P_AMT] => 3500
    [P_UNAME] => 노영주
    [P_RMESG1] => P_VACCT_NO=56211105810428|P_EXP_DT=20260402
    [P_RMESG2] => 
    [P_NOTI] => 
    [P_AUTH_NO] => 
)

 Array
(
    [PageCall time] => 05:55:17
    [P_TID] => INIMX_VBNKCAEcatca0720260324055405935125
    [P_MID] => CAEcatca07
    [P_AUTH_DT] => 20260324055517
    [P_STATUS] => 02
    [P_TYPE] => VBANK
    [P_OID] => 260324-002
    [P_FN_CD1] => 11
    [P_FN_CD2] => 
    [P_FN_NM] => NH농협은행
    [P_AMT] => 3500
    [P_UNAME] => 정병운
    [P_RMESG1] => P_VACCT_NO=79014508134905|P_EXP_DT=20260403
    [P_RMESG2] => 
    [P_NOTI] => 
    [P_AUTH_NO] => 
)

 Array
(
    [PageCall time] => 08:09:58
    [P_TID] => INIMX_VBNKCAEcatca0720260324080633965670
    [P_MID] => CAEcatca07
    [P_AUTH_DT] => 20260324080958
    [P_STATUS] => 02
    [P_TYPE] => VBANK
    [P_OID] => 260324-004
    [P_FN_CD1] => 81
    [P_FN_CD2] => 
    [P_FN_NM] => 하나은행
    [P_AMT] => 3500
    [P_UNAME] => 강은희
    [P_RMESG1] => P_VACCT_NO=20893832206737|P_EXP_DT=20260403
    [P_RMESG2] => 
    [P_NOTI] => 
    [P_AUTH_NO] => 
)

 Array
(
    [PageCall time] => 08:19:32
    [P_TID] => INIMX_VBNKCAEcatca0720260324081646645514
    [P_MID] => CAEcatca07
    [P_AUTH_DT] => 20260324081932
    [P_STATUS] => 02
    [P_TYPE] => VBANK
    [P_OID] => 260324-005
    [P_FN_CD1] => 88
    [P_FN_CD2] => 
    [P_FN_NM] => 신한은행
    [P_AMT] => 3500
    [P_UNAME] => 윤연빈
    [P_RMESG1] => P_VACCT_NO=56211105820070|P_EXP_DT=20260403
    [P_RMESG2] => 
    [P_NOTI] => 
    [P_AUTH_NO] => 
)

 Array
(
    [PageCall time] => 09:31:08
    [P_TID] => INIMX_VBNKCAEcatca0720260324092833755096
    [P_MID] => CAEcatca07
    [P_AUTH_DT] => 20260324093108
    [P_STATUS] => 02
    [P_TYPE] => VBANK
    [P_OID] => 260324-006
    [P_FN_CD1] => 89
    [P_FN_CD2] => 
    [P_FN_NM] => 케이뱅크
    [P_AMT] => 3500
    [P_UNAME] => 정소미
    [P_RMESG1] => P_VACCT_NO=70112003828473|P_EXP_DT=20260403
    [P_RMESG2] => 
    [P_NOTI] => 
    [P_AUTH_NO] => 
)

 Array
(
    [PageCall time] => 09:49:28
    [P_TID] => INIMX_VBNKCAEcatca0720260324094624425981
    [P_MID] => CAEcatca07
    [P_AUTH_DT] => 20260324094928
    [P_STATUS] => 02
    [P_TYPE] => VBANK
    [P_OID] => 260324-007
    [P_FN_CD1] => 20
    [P_FN_CD2] => 
    [P_FN_NM] => 우리은행
    [P_AMT] => 3500
    [P_UNAME] => 천소연
    [P_RMESG1] => P_VACCT_NO=32823492218064|P_EXP_DT=20260403
    [P_RMESG2] => 
    [P_NOTI] => 
    [P_AUTH_NO] => 
)

 Array
(
    [PageCall time] => 10:17:04
    [P_TID] => INIMX_VBNKCAEcatca0720260324101423455221
    [P_MID] => CAEcatca07
    [P_AUTH_DT] => 20260324101704
    [P_STATUS] => 02
    [P_TYPE] => VBANK
    [P_OID] => 260324-009
    [P_FN_CD1] => 03
    [P_FN_CD2] => 
    [P_FN_NM] => 기업은행
    [P_AMT] => 3500
    [P_UNAME] => 박근복
    [P_RMESG1] => P_VACCT_NO=07502272597796|P_EXP_DT=20260403
    [P_RMESG2] => 
    [P_NOTI] => 
    [P_AUTH_NO] => 
)

 Array
(
    [PageCall time] => 10:18:32
    [P_TID] => INIMX_VBNKCAEcatca0720260324101543585706
    [P_MID] => CAEcatca07
    [P_AUTH_DT] => 20260324101832
    [P_STATUS] => 02
    [P_TYPE] => VBANK
    [P_OID] => 260324-011
    [P_FN_CD1] => 03
    [P_FN_CD2] => 
    [P_FN_NM] => 기업은행
    [P_AMT] => 3500
    [P_UNAME] => 엄진화
    [P_RMESG1] => P_VACCT_NO=07502272697024|P_EXP_DT=20260403
    [P_RMESG2] => 
    [P_NOTI] => 
    [P_AUTH_NO] => 
)

 Array
(
    [PageCall time] => 10:27:58
    [P_TID] => INIMX_VBNKCAEcatca0720260324102230705879
    [P_MID] => CAEcatca07
    [P_AUTH_DT] => 20260324102758
    [P_STATUS] => 02
    [P_TYPE] => VBANK
    [P_OID] => 260324-012
    [P_FN_CD1] => 04
    [P_FN_CD2] => 
    [P_FN_NM] => KB국민은행
    [P_AMT] => 3500
    [P_UNAME] => 최봉원
    [P_RMESG1] => P_VACCT_NO=49789079066894|P_EXP_DT=20260403
    [P_RMESG2] => 
    [P_NOTI] => 
    [P_AUTH_NO] => 
)

 Array
(
    [PageCall time] => 10:40:20
    [P_TID] => INIMX_VBNKCAEcatca0720260324103651895476
    [P_MID] => CAEcatca07
    [P_AUTH_DT] => 20260324104020
    [P_STATUS] => 02
    [P_TYPE] => VBANK
    [P_OID] => 260324-013
    [P_FN_CD1] => 04
    [P_FN_CD2] => 
    [P_FN_NM] => KB국민은행
    [P_AMT] => 3500
    [P_UNAME] => 권기연
    [P_RMESG1] => P_VACCT_NO=49789079135631|P_EXP_DT=20260403
    [P_RMESG2] => 
    [P_NOTI] => 
    [P_AUTH_NO] => 
)

 Array
(
    [PageCall time] => 11:35:22
    [P_TID] => INIMX_VBNKCAEcatca0720260324113047695406
    [P_MID] => CAEcatca07
    [P_AUTH_DT] => 20260324113522
    [P_STATUS] => 02
    [P_TYPE] => VBANK
    [P_OID] => 260324-015
    [P_FN_CD1] => 20
    [P_FN_CD2] => 
    [P_FN_NM] => 우리은행
    [P_AMT] => 3500
    [P_UNAME] => 송복임
    [P_RMESG1] => P_VACCT_NO=32823500918741|P_EXP_DT=20260403
    [P_RMESG2] => 
    [P_NOTI] => 
    [P_AUTH_NO] => 
)

 Array
(
    [PageCall time] => 11:58:10
    [P_TID] => INIMX_VBNKCAEcatca0720260324115720985798
    [P_MID] => CAEcatca07
    [P_AUTH_DT] => 20260324115810
    [P_STATUS] => 02
    [P_TYPE] => VBANK
    [P_OID] => 260324-019
    [P_FN_CD1] => 11
    [P_FN_CD2] => 
    [P_FN_NM] => NH농협은행
    [P_AMT] => 3500
    [P_UNAME] => 이미영
    [P_RMESG1] => P_VACCT_NO=79014408936911|P_EXP_DT=20260403
    [P_RMESG2] => 
    [P_NOTI] => 
    [P_AUTH_NO] => 
)

 Array
(
    [PageCall time] => 11:59:24
    [P_TID] => INIMX_VBNKCAEcatca0720260324115840105054
    [P_MID] => CAEcatca07
    [P_AUTH_DT] => 20260324115924
    [P_STATUS] => 02
    [P_TYPE] => VBANK
    [P_OID] => 260324-020
    [P_FN_CD1] => 11
    [P_FN_CD2] => 
    [P_FN_NM] => NH농협은행
    [P_AMT] => 3500
    [P_UNAME] => 김사라
    [P_RMESG1] => P_VACCT_NO=79014408937216|P_EXP_DT=20260403
    [P_RMESG2] => 
    [P_NOTI] => 
    [P_AUTH_NO] => 
)

 Array
(
    [PageCall time] => 12:33:15
    [P_TID] => INIMX_VBNKCAEcatca0720260324123031175294
    [P_MID] => CAEcatca07
    [P_AUTH_DT] => 20260324123315
    [P_STATUS] => 02
    [P_TYPE] => VBANK
    [P_OID] => 260324-021
    [P_FN_CD1] => 88
    [P_FN_CD2] => 
    [P_FN_NM] => 신한은행
    [P_AMT] => 3500
    [P_UNAME] => 최솔지
    [P_RMESG1] => P_VACCT_NO=56211105846115|P_EXP_DT=20260403
    [P_RMESG2] => 
    [P_NOTI] => 
    [P_AUTH_NO] => 
)

 Array
(
    [PageCall time] => 13:06:29
    [P_TID] => INIMX_VBNKCAEcatca0720260324130325255109
    [P_MID] => CAEcatca07
    [P_AUTH_DT] => 20260324130629
    [P_STATUS] => 02
    [P_TYPE] => VBANK
    [P_OID] => 260324-023
    [P_FN_CD1] => 04
    [P_FN_CD2] => 
    [P_FN_NM] => KB국민은행
    [P_AMT] => 3500
    [P_UNAME] => 정능운
    [P_RMESG1] => P_VACCT_NO=50169079073287|P_EXP_DT=20260403
    [P_RMESG2] => 
    [P_NOTI] => 
    [P_AUTH_NO] => 
)

 Array
(
    [PageCall time] => 13:07:32
    [P_TID] => INIMX_VBNKCAEcatca0720260324130443395558
    [P_MID] => CAEcatca07
    [P_AUTH_DT] => 20260324130732
    [P_STATUS] => 02
    [P_TYPE] => VBANK
    [P_OID] => 260324-022
    [P_FN_CD1] => 04
    [P_FN_CD2] => 
    [P_FN_NM] => KB국민은행
    [P_AMT] => 3500
    [P_UNAME] => 이송영
    [P_RMESG1] => P_VACCT_NO=50169079073555|P_EXP_DT=20260403
    [P_RMESG2] => 
    [P_NOTI] => 
    [P_AUTH_NO] => 
)

 Array
(
    [PageCall time] => 14:12:58
    [P_TID] => INIMX_VBNKCAEcatca0720260324141026885342
    [P_MID] => CAEcatca07
    [P_AUTH_DT] => 20260324141258
    [P_STATUS] => 02
    [P_TYPE] => VBANK
    [P_OID] => 260324-024
    [P_FN_CD1] => 04
    [P_FN_CD2] => 
    [P_FN_NM] => KB국민은행
    [P_AMT] => 3500
    [P_UNAME] => 김은심
    [P_RMESG1] => P_VACCT_NO=80429078755801|P_EXP_DT=20260403
    [P_RMESG2] => 
    [P_NOTI] => 
    [P_AUTH_NO] => 
)

 Array
(
    [PageCall time] => 14:28:14
    [P_TID] => INIMX_VBNKCAEcatca0720260324142731415335
    [P_MID] => CAEcatca07
    [P_AUTH_DT] => 20260324142814
    [P_STATUS] => 02
    [P_TYPE] => VBANK
    [P_OID] => 260324-030
    [P_FN_CD1] => 11
    [P_FN_CD2] => 
    [P_FN_NM] => NH농협은행
    [P_AMT] => 3500
    [P_UNAME] => 김수진
    [P_RMESG1] => P_VACCT_NO=79014408956211|P_EXP_DT=20260403
    [P_RMESG2] => 
    [P_NOTI] => 
    [P_AUTH_NO] => 
)

 Array
(
    [PageCall time] => 14:28:40
    [P_TID] => INIMX_VBNKCAEcatca0720260324142557135773
    [P_MID] => CAEcatca07
    [P_AUTH_DT] => 20260324142840
    [P_STATUS] => 02
    [P_TYPE] => VBANK
    [P_OID] => 260324-029
    [P_FN_CD1] => 88
    [P_FN_CD2] => 
    [P_FN_NM] => 신한은행
    [P_AMT] => 3500
    [P_UNAME] => 장지현
    [P_RMESG1] => P_VACCT_NO=56211105855419|P_EXP_DT=20260403
    [P_RMESG2] => 
    [P_NOTI] => 
    [P_AUTH_NO] => 
)

 Array
(
    [PageCall time] => 16:13:03
    [P_TID] => INIMX_VBNKCAEcatca0720260324160841915375
    [P_MID] => CAEcatca07
    [P_AUTH_DT] => 20260324161303
    [P_STATUS] => 02
    [P_TYPE] => VBANK
    [P_OID] => 260324-026
    [P_FN_CD1] => 03
    [P_FN_CD2] => 
    [P_FN_NM] => 기업은행
    [P_AMT] => 3500
    [P_UNAME] => 김갑록
    [P_RMESG1] => P_VACCT_NO=07502278097189|P_EXP_DT=20260403
    [P_RMESG2] => 
    [P_NOTI] => 
    [P_AUTH_NO] => 
)

 Array
(
    [PageCall time] => 16:40:48
    [P_TID] => INIMX_VBNKCAEcatca0720260324163406235537
    [P_MID] => CAEcatca07
    [P_AUTH_DT] => 20260324164048
    [P_STATUS] => 02
    [P_TYPE] => VBANK
    [P_OID] => 260324-032
    [P_FN_CD1] => 04
    [P_FN_CD2] => 
    [P_FN_NM] => KB국민은행
    [P_AMT] => 3500
    [P_UNAME] => 한철
    [P_RMESG1] => P_VACCT_NO=80429078786779|P_EXP_DT=20260403
    [P_RMESG2] => 
    [P_NOTI] => 
    [P_AUTH_NO] => 
)

 Array
(
    [PageCall time] => 17:04:50
    [P_TID] => INIMX_VBNKCAEcatca0720260324170337635693
    [P_MID] => CAEcatca07
    [P_AUTH_DT] => 20260324170450
    [P_STATUS] => 02
    [P_TYPE] => VBANK
    [P_OID] => 260324-036
    [P_FN_CD1] => 11
    [P_FN_CD2] => 
    [P_FN_NM] => NH농협은행
    [P_AMT] => 3500
    [P_UNAME] => 유정석
    [P_RMESG1] => P_VACCT_NO=79014408975771|P_EXP_DT=20260403
    [P_RMESG2] => 
    [P_NOTI] => 
    [P_AUTH_NO] => 
)

 Array
(
    [PageCall time] => 17:21:47
    [P_TID] => INIMX_VBNKCAEcatca0720260324171845515988
    [P_MID] => CAEcatca07
    [P_AUTH_DT] => 20260324172147
    [P_STATUS] => 02
    [P_TYPE] => VBANK
    [P_OID] => 260324-035
    [P_FN_CD1] => 03
    [P_FN_CD2] => 
    [P_FN_NM] => 기업은행
    [P_AMT] => 3500
    [P_UNAME] => 김민주
    [P_RMESG1] => P_VACCT_NO=07502278797572|P_EXP_DT=20260403
    [P_RMESG2] => 
    [P_NOTI] => 
    [P_AUTH_NO] => 
)

 Array
(
    [PageCall time] => 17:27:49
    [P_TID] => INIMX_VBNKCAEcatca0720260324172647525523
    [P_MID] => CAEcatca07
    [P_AUTH_DT] => 20260324172749
    [P_STATUS] => 02
    [P_TYPE] => VBANK
    [P_OID] => 260324-038
    [P_FN_CD1] => 71
    [P_FN_CD2] => 
    [P_FN_NM] => 우체국
    [P_AMT] => 3500
    [P_UNAME] => 정미혜
    [P_RMESG1] => P_VACCT_NO=01398781605211|P_EXP_DT=20260403
    [P_RMESG2] => 
    [P_NOTI] => 
    [P_AUTH_NO] => 
)

 Array
(
    [PageCall time] => 18:12:26
    [P_TID] => INIMX_VBNKCAEcatca0720260324181124165876
    [P_MID] => CAEcatca07
    [P_AUTH_DT] => 20260324181226
    [P_STATUS] => 02
    [P_TYPE] => VBANK
    [P_OID] => 260324-040
    [P_FN_CD1] => 11
    [P_FN_CD2] => 
    [P_FN_NM] => NH농협은행
    [P_AMT] => 3500
    [P_UNAME] => 황정순
    [P_RMESG1] => P_VACCT_NO=79014408984516|P_EXP_DT=20260403
    [P_RMESG2] => 
    [P_NOTI] => 
    [P_AUTH_NO] => 
)

 Array
(
    [PageCall time] => 18:21:56
    [P_TID] => INIMX_VBNKCAEcatca0720260324181924875619
    [P_MID] => CAEcatca07
    [P_AUTH_DT] => 20260324182156
    [P_STATUS] => 02
    [P_TYPE] => VBANK
    [P_OID] => 260324-042
    [P_FN_CD1] => 88
    [P_FN_CD2] => 
    [P_FN_NM] => 신한은행
    [P_AMT] => 3500
    [P_UNAME] => 신정수
    [P_RMESG1] => P_VACCT_NO=56211105874205|P_EXP_DT=20260403
    [P_RMESG2] => 
    [P_NOTI] => 
    [P_AUTH_NO] => 
)

 Array
(
    [PageCall time] => 19:04:44
    [P_TID] => INIMX_VBNKCAEcatca0720260324190151195088
    [P_MID] => CAEcatca07
    [P_AUTH_DT] => 20260324190444
    [P_STATUS] => 02
    [P_TYPE] => VBANK
    [P_OID] => 260324-044
    [P_FN_CD1] => 88
    [P_FN_CD2] => 
    [P_FN_NM] => 신한은행
    [P_AMT] => 3500
    [P_UNAME] => 박기옥
    [P_RMESG1] => P_VACCT_NO=56211105876516|P_EXP_DT=20260403
    [P_RMESG2] => 
    [P_NOTI] => 
    [P_AUTH_NO] => 
)

 Array
(
    [PageCall time] => 19:30:50
    [P_TID] => INIMX_VBNKCAEcatca0720260324192813455148
    [P_MID] => CAEcatca07
    [P_AUTH_DT] => 20260324193050
    [P_STATUS] => 02
    [P_TYPE] => VBANK
    [P_OID] => 260324-045
    [P_FN_CD1] => 89
    [P_FN_CD2] => 
    [P_FN_NM] => 케이뱅크
    [P_AMT] => 3500
    [P_UNAME] => 김혜원
    [P_RMESG1] => P_VACCT_NO=70112003835349|P_EXP_DT=20260403
    [P_RMESG2] => 
    [P_NOTI] => 
    [P_AUTH_NO] => 
)

 Array
(
    [PageCall time] => 20:43:31
    [P_TID] => INIMX_VBNKCAEcatca0720260324204032215138
    [P_MID] => CAEcatca07
    [P_AUTH_DT] => 20260324204331
    [P_STATUS] => 02
    [P_TYPE] => VBANK
    [P_OID] => 260323-044
    [P_FN_CD1] => 81
    [P_FN_CD2] => 
    [P_FN_NM] => 하나은행
    [P_AMT] => 3500
    [P_UNAME] => 김현수
    [P_RMESG1] => P_VACCT_NO=20893839724537|P_EXP_DT=20260403
    [P_RMESG2] => 
    [P_NOTI] => 
    [P_AUTH_NO] => 
)

 Array
(
    [PageCall time] => 20:49:37
    [P_TID] => INIMX_VBNKCAEcatca0720260324204830185821
    [P_MID] => CAEcatca07
    [P_AUTH_DT] => 20260324204937
    [P_STATUS] => 02
    [P_TYPE] => VBANK
    [P_OID] => 260324-046
    [P_FN_CD1] => 11
    [P_FN_CD2] => 
    [P_FN_NM] => NH농협은행
    [P_AMT] => 3500
    [P_UNAME] => 김정희
    [P_RMESG1] => P_VACCT_NO=79014408999702|P_EXP_DT=20260403
    [P_RMESG2] => 
    [P_NOTI] => 
    [P_AUTH_NO] => 
)

 Array
(
    [PageCall time] => 21:04:09
    [P_TID] => INIMX_VBNKCAEcatca0720260324210143455169
    [P_MID] => CAEcatca07
    [P_AUTH_DT] => 20260324210409
    [P_STATUS] => 02
    [P_TYPE] => VBANK
    [P_OID] => 260324-048
    [P_FN_CD1] => 04
    [P_FN_CD2] => 
    [P_FN_NM] => KB국민은행
    [P_AMT] => 3500
    [P_UNAME] => 김석영
    [P_RMESG1] => P_VACCT_NO=80429078824482|P_EXP_DT=20260403
    [P_RMESG2] => 
    [P_NOTI] => 
    [P_AUTH_NO] => 
)

 Array
(
    [PageCall time] => 21:26:39
    [P_TID] => INIMX_VBNKCAEcatca0720260324212356705412
    [P_MID] => CAEcatca07
    [P_AUTH_DT] => 20260324212638
    [P_STATUS] => 02
    [P_TYPE] => VBANK
    [P_OID] => 260324-049
    [P_FN_CD1] => 88
    [P_FN_CD2] => 
    [P_FN_NM] => 신한은행
    [P_AMT] => 3500
    [P_UNAME] => 최성규
    [P_RMESG1] => P_VACCT_NO=56211105882436|P_EXP_DT=20260403
    [P_RMESG2] => 
    [P_NOTI] => 
    [P_AUTH_NO] => 
)

 Array
(
    [PageCall time] => 21:26:46
    [P_TID] => INIMX_VBNKCAEcatca0720260324212405695507
    [P_MID] => CAEcatca07
    [P_AUTH_DT] => 20260324212646
    [P_STATUS] => 02
    [P_TYPE] => VBANK
    [P_OID] => 260324-050
    [P_FN_CD1] => 04
    [P_FN_CD2] => 
    [P_FN_NM] => KB국민은행
    [P_AMT] => 3500
    [P_UNAME] => 이명숙
    [P_RMESG1] => P_VACCT_NO=80429078826754|P_EXP_DT=20260403
    [P_RMESG2] => 
    [P_NOTI] => 
    [P_AUTH_NO] => 
)

 Array
(
    [PageCall time] => 21:56:03
    [P_TID] => INIMX_VBNKCAEcatca0720260324215216525003
    [P_MID] => CAEcatca07
    [P_AUTH_DT] => 20260324215603
    [P_STATUS] => 02
    [P_TYPE] => VBANK
    [P_OID] => 260324-051
    [P_FN_CD1] => 88
    [P_FN_CD2] => 
    [P_FN_NM] => 신한은행
    [P_AMT] => 3500
    [P_UNAME] => 정우석
    [P_RMESG1] => P_VACCT_NO=56211105883782|P_EXP_DT=20260403
    [P_RMESG2] => 
    [P_NOTI] => 
    [P_AUTH_NO] => 
)

 Array
(
    [PageCall time] => 22:38:06
    [P_TID] => INIMX_VBNKCAEcatca0720260324223716715756
    [P_MID] => CAEcatca07
    [P_AUTH_DT] => 20260324223806
    [P_STATUS] => 02
    [P_TYPE] => VBANK
    [P_OID] => 260324-052
    [P_FN_CD1] => 11
    [P_FN_CD2] => 
    [P_FN_NM] => NH농협은행
    [P_AMT] => 3500
    [P_UNAME] => 금초롱
    [P_RMESG1] => P_VACCT_NO=79014409011121|P_EXP_DT=20260403
    [P_RMESG2] => 
    [P_NOTI] => 
    [P_AUTH_NO] => 
)

 Array
(
    [PageCall time] => 22:42:23
    [P_TID] => INIMX_VBNKCAEcatca0720260324224138845924
    [P_MID] => CAEcatca07
    [P_AUTH_DT] => 20260324224222
    [P_STATUS] => 02
    [P_TYPE] => VBANK
    [P_OID] => 260324-053
    [P_FN_CD1] => 11
    [P_FN_CD2] => 
    [P_FN_NM] => NH농협은행
    [P_AMT] => 3500
    [P_UNAME] => 윤준용
    [P_RMESG1] => P_VACCT_NO=79014409011376|P_EXP_DT=20260403
    [P_RMESG2] => 
    [P_NOTI] => 
    [P_AUTH_NO] => 
)

