 Array
(
    [PageCall time] => 08:31:34
    [P_TID] => INIMX_VBNKCAEcatca0720260319082813635861
    [P_MID] => CAEcatca07
    [P_AUTH_DT] => 20260319083133
    [P_STATUS] => 02
    [P_TYPE] => VBANK
    [P_OID] => 260319-001
    [P_FN_CD1] => 81
    [P_FN_CD2] => 
    [P_FN_NM] => 하나은행
    [P_AMT] => 3500
    [P_UNAME] => 김경철
    [P_RMESG1] => P_VACCT_NO=20893807169637|P_EXP_DT=20260329
    [P_RMESG2] => 
    [P_NOTI] => 
    [P_AUTH_NO] => 
)

 Array
(
    [PageCall time] => 08:55:59
    [P_TID] => INIMX_VBNKCAEcatca0720260319085255325711
    [P_MID] => CAEcatca07
    [P_AUTH_DT] => 20260319085559
    [P_STATUS] => 02
    [P_TYPE] => VBANK
    [P_OID] => 260319-002
    [P_FN_CD1] => 04
    [P_FN_CD2] => 
    [P_FN_NM] => KB국민은행
    [P_AMT] => 3500
    [P_UNAME] => 신선희
    [P_RMESG1] => P_VACCT_NO=26119078140039|P_EXP_DT=20260329
    [P_RMESG2] => 
    [P_NOTI] => 
    [P_AUTH_NO] => 
)

 Array
(
    [PageCall time] => 10:09:34
    [P_TID] => INIMX_VBNKCAEcatca0720260319100646645831
    [P_MID] => CAEcatca07
    [P_AUTH_DT] => 20260319100934
    [P_STATUS] => 02
    [P_TYPE] => VBANK
    [P_OID] => 260319-004
    [P_FN_CD1] => 88
    [P_FN_CD2] => 
    [P_FN_NM] => 신한은행
    [P_AMT] => 3500
    [P_UNAME] => 구본철
    [P_RMESG1] => P_VACCT_NO=56211105609894|P_EXP_DT=20260329
    [P_RMESG2] => 
    [P_NOTI] => 
    [P_AUTH_NO] => 
)

 Array
(
    [PageCall time] => 11:32:57
    [P_TID] => INIMX_VBNKCAEcatca0720260319112613604007
    [P_MID] => CAEcatca07
    [P_AUTH_DT] => 20260319113257
    [P_STATUS] => 02
    [P_TYPE] => VBANK
    [P_OID] => 260319-006
    [P_FN_CD1] => 04
    [P_FN_CD2] => 
    [P_FN_NM] => KB국민은행
    [P_AMT] => 3500
    [P_UNAME] => 차왕덕
    [P_RMESG1] => P_VACCT_NO=00289071146727|P_EXP_DT=20260329
    [P_RMESG2] => 
    [P_NOTI] => 
    [P_AUTH_NO] => 
)

 Array
(
    [PageCall time] => 11:43:52
    [P_TID] => INIMX_VBNKCAEcatca0720260316231621895336
    [P_MID] => CAEcatca07
    [P_AUTH_DT] => 20260319114352
    [P_STATUS] => 02
    [P_TYPE] => VBANK
    [P_OID] => 260316-046
    [P_FN_CD1] => 11
    [P_FN_CD2] => 
    [P_FN_NM] => NH농협은행
    [P_AMT] => 3500
    [P_UNAME] => 엄경미
    [P_RMESG1] => P_VACCT_NO=79014408131661|P_EXP_DT=20260326
    [P_RMESG2] => 
    [P_NOTI] => 
    [P_AUTH_NO] => 
)

 Array
(
    [PageCall time] => 12:01:52
    [P_TID] => INIMX_VBNKCAEcatca0720260319120031534932
    [P_MID] => CAEcatca07
    [P_AUTH_DT] => 20260319120152
    [P_STATUS] => 02
    [P_TYPE] => VBANK
    [P_OID] => 260318-052
    [P_FN_CD1] => 11
    [P_FN_CD2] => 
    [P_FN_NM] => NH농협은행
    [P_AMT] => 3500
    [P_UNAME] => 장하윤
    [P_RMESG1] => P_VACCT_NO=79010580753156|P_EXP_DT=20260329
    [P_RMESG2] => 
    [P_NOTI] => 
    [P_AUTH_NO] => 
)

 Array
(
    [PageCall time] => 13:04:05
    [P_TID] => INIMX_VBNKCAEcatca0720260319130133794662
    [P_MID] => CAEcatca07
    [P_AUTH_DT] => 20260319130405
    [P_STATUS] => 02
    [P_TYPE] => VBANK
    [P_OID] => 260319-008
    [P_FN_CD1] => 03
    [P_FN_CD2] => 
    [P_FN_NM] => 기업은행
    [P_AMT] => 3500
    [P_UNAME] => 두용철
    [P_RMESG1] => P_VACCT_NO=07500600397601|P_EXP_DT=20260329
    [P_RMESG2] => 
    [P_NOTI] => 
    [P_AUTH_NO] => 
)

 Array
(
    [PageCall time] => 13:27:21
    [P_TID] => INIMX_VBNKCAEcatca0720260319130059854544
    [P_MID] => CAEcatca07
    [P_AUTH_DT] => 20260319132721
    [P_STATUS] => 02
    [P_TYPE] => VBANK
    [P_OID] => 260319-007
    [P_FN_CD1] => 11
    [P_FN_CD2] => 
    [P_FN_NM] => NH농협은행
    [P_AMT] => 3500
    [P_UNAME] => 신시원
    [P_RMESG1] => P_VACCT_NO=79010580764439|P_EXP_DT=20260329
    [P_RMESG2] => 
    [P_NOTI] => 
    [P_AUTH_NO] => 
)

 Array
(
    [PageCall time] => 13:35:29
    [P_TID] => INIMX_VBNKCAEcatca0720260318230009815169
    [P_MID] => CAEcatca07
    [P_AUTH_DT] => 20260319133529
    [P_STATUS] => 02
    [P_TYPE] => VBANK
    [P_OID] => 260318-056
    [P_FN_CD1] => 88
    [P_FN_CD2] => 
    [P_FN_NM] => 신한은행
    [P_AMT] => 3500
    [P_UNAME] => 이화성
    [P_RMESG1] => P_VACCT_NO=56211105593568|P_EXP_DT=20260328
    [P_RMESG2] => 
    [P_NOTI] => 
    [P_AUTH_NO] => 
)

 Array
(
    [PageCall time] => 15:07:12
    [P_TID] => INIMX_VBNKCAEcatca0720260319150437304441
    [P_MID] => CAEcatca07
    [P_AUTH_DT] => 20260319150712
    [P_STATUS] => 02
    [P_TYPE] => VBANK
    [P_OID] => 260319-016
    [P_FN_CD1] => 04
    [P_FN_CD2] => 
    [P_FN_NM] => KB국민은행
    [P_AMT] => 3500
    [P_UNAME] => 임혜리
    [P_RMESG1] => P_VACCT_NO=00289071225017|P_EXP_DT=20260329
    [P_RMESG2] => 
    [P_NOTI] => 
    [P_AUTH_NO] => 
)

 Array
(
    [PageCall time] => 15:53:04
    [P_TID] => INIMX_VBNKCAEcatca0720260319155004914167
    [P_MID] => CAEcatca07
    [P_AUTH_DT] => 20260319155304
    [P_STATUS] => 02
    [P_TYPE] => VBANK
    [P_OID] => 260306-032
    [P_FN_CD1] => 88
    [P_FN_CD2] => 
    [P_FN_NM] => 신한은행
    [P_AMT] => 3500
    [P_UNAME] => 원창업
    [P_RMESG1] => P_VACCT_NO=56211992539915|P_EXP_DT=20260329
    [P_RMESG2] => 
    [P_NOTI] => 
    [P_AUTH_NO] => 
)

 Array
(
    [PageCall time] => 16:07:50
    [P_TID] => INIMX_VBNKCAEcatca0720260319160517204847
    [P_MID] => CAEcatca07
    [P_AUTH_DT] => 20260319160750
    [P_STATUS] => 02
    [P_TYPE] => VBANK
    [P_OID] => 260319-019
    [P_FN_CD1] => 20
    [P_FN_CD2] => 
    [P_FN_NM] => 우리은행
    [P_AMT] => 3500
    [P_UNAME] => 임다슬
    [P_RMESG1] => P_VACCT_NO=27385280818683|P_EXP_DT=20260329
    [P_RMESG2] => 
    [P_NOTI] => 
    [P_AUTH_NO] => 
)

 Array
(
    [PageCall time] => 16:12:41
    [P_TID] => INIMX_VBNKCAEcatca0720260319160952414819
    [P_MID] => CAEcatca07
    [P_AUTH_DT] => 20260319161241
    [P_STATUS] => 02
    [P_TYPE] => VBANK
    [P_OID] => 260319-021
    [P_FN_CD1] => 81
    [P_FN_CD2] => 
    [P_FN_NM] => 하나은행
    [P_AMT] => 3500
    [P_UNAME] => 주영애
    [P_RMESG1] => P_VACCT_NO=20894256004537|P_EXP_DT=20260329
    [P_RMESG2] => 
    [P_NOTI] => 
    [P_AUTH_NO] => 
)

 Array
(
    [PageCall time] => 16:15:48
    [P_TID] => INIMX_VBNKCAEcatca0720260319161059694788
    [P_MID] => CAEcatca07
    [P_AUTH_DT] => 20260319161548
    [P_STATUS] => 02
    [P_TYPE] => VBANK
    [P_OID] => 260319-020
    [P_FN_CD1] => 04
    [P_FN_CD2] => 
    [P_FN_NM] => KB국민은행
    [P_AMT] => 3500
    [P_UNAME] => 권경훈
    [P_RMESG1] => P_VACCT_NO=00289071252958|P_EXP_DT=20260329
    [P_RMESG2] => 
    [P_NOTI] => 
    [P_AUTH_NO] => 
)

 Array
(
    [PageCall time] => 16:22:04
    [P_TID] => INIMX_VBNKCAEcatca0720260319161830264339
    [P_MID] => CAEcatca07
    [P_AUTH_DT] => 20260319162204
    [P_STATUS] => 02
    [P_TYPE] => VBANK
    [P_OID] => 260319-022
    [P_FN_CD1] => 04
    [P_FN_CD2] => 
    [P_FN_NM] => KB국민은행
    [P_AMT] => 3500
    [P_UNAME] => 전주희
    [P_RMESG1] => P_VACCT_NO=00289071258679|P_EXP_DT=20260329
    [P_RMESG2] => 
    [P_NOTI] => 
    [P_AUTH_NO] => 
)

 Array
(
    [PageCall time] => 16:32:35
    [P_TID] => INIMX_VBNKCAEcatca0720260319162958454643
    [P_MID] => CAEcatca07
    [P_AUTH_DT] => 20260319163235
    [P_STATUS] => 02
    [P_TYPE] => VBANK
    [P_OID] => 260319-023
    [P_FN_CD1] => 88
    [P_FN_CD2] => 
    [P_FN_NM] => 신한은행
    [P_AMT] => 3500
    [P_UNAME] => 최영식
    [P_RMESG1] => P_VACCT_NO=56211992550983|P_EXP_DT=20260329
    [P_RMESG2] => 
    [P_NOTI] => 
    [P_AUTH_NO] => 
)

 Array
(
    [PageCall time] => 17:54:09
    [P_TID] => INIMX_VBNKCAEcatca0720260319175146635042
    [P_MID] => CAEcatca07
    [P_AUTH_DT] => 20260319175409
    [P_STATUS] => 02
    [P_TYPE] => VBANK
    [P_OID] => 260319-026
    [P_FN_CD1] => 11
    [P_FN_CD2] => 
    [P_FN_NM] => NH농협은행
    [P_AMT] => 3500
    [P_UNAME] => 손흔옥
    [P_RMESG1] => P_VACCT_NO=79014408432738|P_EXP_DT=20260329
    [P_RMESG2] => 
    [P_NOTI] => 
    [P_AUTH_NO] => 
)

 Array
(
    [PageCall time] => 20:07:43
    [P_TID] => INIMX_VBNKCAEcatca0720260319200510145753
    [P_MID] => CAEcatca07
    [P_AUTH_DT] => 20260319200742
    [P_STATUS] => 02
    [P_TYPE] => VBANK
    [P_OID] => 260319-032
    [P_FN_CD1] => 88
    [P_FN_CD2] => 
    [P_FN_NM] => 신한은행
    [P_AMT] => 3500
    [P_UNAME] => 이현주
    [P_RMESG1] => P_VACCT_NO=56211105624000|P_EXP_DT=20260329
    [P_RMESG2] => 
    [P_NOTI] => 
    [P_AUTH_NO] => 
)

 Array
(
    [PageCall time] => 20:32:27
    [P_TID] => INIMX_VBNKCAEcatca0720260319203001895943
    [P_MID] => CAEcatca07
    [P_AUTH_DT] => 20260319203227
    [P_STATUS] => 02
    [P_TYPE] => VBANK
    [P_OID] => 260319-034
    [P_FN_CD1] => 89
    [P_FN_CD2] => 
    [P_FN_NM] => 케이뱅크
    [P_AMT] => 3500
    [P_UNAME] => 서우영
    [P_RMESG1] => P_VACCT_NO=70112003797271|P_EXP_DT=20260329
    [P_RMESG2] => 
    [P_NOTI] => 
    [P_AUTH_NO] => 
)

 Array
(
    [PageCall time] => 22:04:18
    [P_TID] => INIMX_VBNKCAEcatca0720260319220055305718
    [P_MID] => CAEcatca07
    [P_AUTH_DT] => 20260319220418
    [P_STATUS] => 02
    [P_TYPE] => VBANK
    [P_OID] => 260319-035
    [P_FN_CD1] => 04
    [P_FN_CD2] => 
    [P_FN_NM] => KB국민은행
    [P_AMT] => 3500
    [P_UNAME] => 곽최
    [P_RMESG1] => P_VACCT_NO=26159078504143|P_EXP_DT=20260329
    [P_RMESG2] => 
    [P_NOTI] => 
    [P_AUTH_NO] => 
)

 Array
(
    [PageCall time] => 23:01:17
    [P_TID] => INIMX_VBNKCAEcatca0720260319225802635791
    [P_MID] => CAEcatca07
    [P_AUTH_DT] => 20260319230116
    [P_STATUS] => 02
    [P_TYPE] => VBANK
    [P_OID] => 260319-036
    [P_FN_CD1] => 31
    [P_FN_CD2] => 
    [P_FN_NM] => 아이엠뱅크(대구은행)
    [P_AMT] => 3500
    [P_UNAME] => 노유진
    [P_RMESG1] => P_VACCT_NO=9600362887010|P_EXP_DT=20260329
    [P_RMESG2] => 
    [P_NOTI] => 
    [P_AUTH_NO] => 
)

