 Array
(
    [PageCall time] => 00:35:18
    [P_TID] => INIMX_VBNKCAEcatca0720250321003121495875
    [P_MID] => CAEcatca07
    [P_AUTH_DT] => 20250321003518
    [P_STATUS] => 02
    [P_TYPE] => VBANK
    [P_OID] => 250321-001
    [P_FN_CD1] => 03
    [P_FN_CD2] => 
    [P_FN_NM] => 기업은행
    [P_AMT] => 3000
    [P_UNAME] => 서경미
    [P_RMESG1] => P_VACCT_NO=07503135297921|P_EXP_DT=20250331
    [P_RMESG2] => 
    [P_NOTI] => 
    [P_AUTH_NO] => 
)

 Array
(
    [PageCall time] => 06:46:25
    [P_TID] => INIMX_VBNKCAEcatca0720250321064238765983
    [P_MID] => CAEcatca07
    [P_AUTH_DT] => 20250321064625
    [P_STATUS] => 02
    [P_TYPE] => VBANK
    [P_OID] => 250321-002
    [P_FN_CD1] => 88
    [P_FN_CD2] => 
    [P_FN_NM] => 신한은행
    [P_AMT] => 3000
    [P_UNAME] => 홍숙연
    [P_RMESG1] => P_VACCT_NO=56211993062129|P_EXP_DT=20250331
    [P_RMESG2] => 
    [P_NOTI] => 
    [P_AUTH_NO] => 
)

 Array
(
    [PageCall time] => 08:35:56
    [P_TID] => INIMX_VBNKCAEcatca0720250321082847295758
    [P_MID] => CAEcatca07
    [P_AUTH_DT] => 20250321083556
    [P_STATUS] => 02
    [P_TYPE] => VBANK
    [P_OID] => 250321-003
    [P_FN_CD1] => 31
    [P_FN_CD2] => 
    [P_FN_NM] => 아이엠뱅크(대구은행)
    [P_AMT] => 3000
    [P_UNAME] => 이수진
    [P_RMESG1] => P_VACCT_NO=9600362716831|P_EXP_DT=20250331
    [P_RMESG2] => 
    [P_NOTI] => 
    [P_AUTH_NO] => 
)

 Array
(
    [PageCall time] => 10:17:50
    [P_TID] => INIMX_VBNKCAEcatca0720250321101525835668
    [P_MID] => CAEcatca07
    [P_AUTH_DT] => 20250321101750
    [P_STATUS] => 02
    [P_TYPE] => VBANK
    [P_OID] => 250321-006
    [P_FN_CD1] => 11
    [P_FN_CD2] => 
    [P_FN_NM] => NH농협은행
    [P_AMT] => 3000
    [P_UNAME] => 김재상
    [P_RMESG1] => P_VACCT_NO=79014508322576|P_EXP_DT=20250331
    [P_RMESG2] => 
    [P_NOTI] => 
    [P_AUTH_NO] => 
)

 Array
(
    [PageCall time] => 10:29:42
    [P_TID] => INIMX_VBNKCAEcatca0720250321102700145050
    [P_MID] => CAEcatca07
    [P_AUTH_DT] => 20250321102942
    [P_STATUS] => 02
    [P_TYPE] => VBANK
    [P_OID] => 250321-008
    [P_FN_CD1] => 88
    [P_FN_CD2] => 
    [P_FN_NM] => 신한은행
    [P_AMT] => 3000
    [P_UNAME] => 조준영
    [P_RMESG1] => P_VACCT_NO=56211991309225|P_EXP_DT=20250331
    [P_RMESG2] => 
    [P_NOTI] => 
    [P_AUTH_NO] => 
)

 Array
(
    [PageCall time] => 10:41:42
    [P_TID] => INIMX_VBNKCAEcatca0720250321103905795343
    [P_MID] => CAEcatca07
    [P_AUTH_DT] => 20250321104142
    [P_STATUS] => 02
    [P_TYPE] => VBANK
    [P_OID] => 250321-009
    [P_FN_CD1] => 88
    [P_FN_CD2] => 
    [P_FN_NM] => 신한은행
    [P_AMT] => 3000
    [P_UNAME] => 안선화
    [P_RMESG1] => P_VACCT_NO=56211991310902|P_EXP_DT=20250331
    [P_RMESG2] => 
    [P_NOTI] => 
    [P_AUTH_NO] => 
)

 Array
(
    [PageCall time] => 10:42:55
    [P_TID] => INIMX_VBNKCAEcatca0720250321104146235786
    [P_MID] => CAEcatca07
    [P_AUTH_DT] => 20250321104255
    [P_STATUS] => 02
    [P_TYPE] => VBANK
    [P_OID] => 250321-010
    [P_FN_CD1] => 04
    [P_FN_CD2] => 
    [P_FN_NM] => KB국민은행
    [P_AMT] => 3000
    [P_UNAME] => 천근영
    [P_RMESG1] => P_VACCT_NO=26159078012428|P_EXP_DT=20250331
    [P_RMESG2] => 
    [P_NOTI] => 
    [P_AUTH_NO] => 
)

 Array
(
    [PageCall time] => 10:50:57
    [P_TID] => INIMX_VBNKCAEcatca0720250321104754675778
    [P_MID] => CAEcatca07
    [P_AUTH_DT] => 20250321105057
    [P_STATUS] => 02
    [P_TYPE] => VBANK
    [P_OID] => 250321-011
    [P_FN_CD1] => 88
    [P_FN_CD2] => 
    [P_FN_NM] => 신한은행
    [P_AMT] => 3000
    [P_UNAME] => 임학종
    [P_RMESG1] => P_VACCT_NO=56211991312096|P_EXP_DT=20250331
    [P_RMESG2] => 
    [P_NOTI] => 
    [P_AUTH_NO] => 
)

 Array
(
    [PageCall time] => 11:02:00
    [P_TID] => INIMX_VBNKCAEcatca0720250321110048905340
    [P_MID] => CAEcatca07
    [P_AUTH_DT] => 20250321110200
    [P_STATUS] => 02
    [P_TYPE] => VBANK
    [P_OID] => 250321-014
    [P_FN_CD1] => 11
    [P_FN_CD2] => 
    [P_FN_NM] => NH농협은행
    [P_AMT] => 3000
    [P_UNAME] => 이진우
    [P_RMESG1] => P_VACCT_NO=79014508329923|P_EXP_DT=20250331
    [P_RMESG2] => 
    [P_NOTI] => 
    [P_AUTH_NO] => 
)

 Array
(
    [PageCall time] => 11:05:59
    [P_TID] => INIMX_VBNKCAEcatca0720250321110306145945
    [P_MID] => CAEcatca07
    [P_AUTH_DT] => 20250321110559
    [P_STATUS] => 02
    [P_TYPE] => VBANK
    [P_OID] => 250321-015
    [P_FN_CD1] => 03
    [P_FN_CD2] => 
    [P_FN_NM] => 기업은행
    [P_AMT] => 3000
    [P_UNAME] => 조성찬
    [P_RMESG1] => P_VACCT_NO=07503137097741|P_EXP_DT=20250331
    [P_RMESG2] => 
    [P_NOTI] => 
    [P_AUTH_NO] => 
)

 Array
(
    [PageCall time] => 12:14:14
    [P_TID] => INIMX_VBNKCAEcatca0720250321120805615437
    [P_MID] => CAEcatca07
    [P_AUTH_DT] => 20250321121414
    [P_STATUS] => 02
    [P_TYPE] => VBANK
    [P_OID] => 250321-004
    [P_FN_CD1] => 04
    [P_FN_CD2] => 
    [P_FN_NM] => KB국민은행
    [P_AMT] => 3000
    [P_UNAME] => 황경연
    [P_RMESG1] => P_VACCT_NO=26159078321364|P_EXP_DT=20250331
    [P_RMESG2] => 
    [P_NOTI] => 
    [P_AUTH_NO] => 
)

 Array
(
    [PageCall time] => 12:48:34
    [P_TID] => INIMX_VBNKCAEcatca0720250321124530635030
    [P_MID] => CAEcatca07
    [P_AUTH_DT] => 20250321124834
    [P_STATUS] => 02
    [P_TYPE] => VBANK
    [P_OID] => 250321-019
    [P_FN_CD1] => 03
    [P_FN_CD2] => 
    [P_FN_NM] => 기업은행
    [P_AMT] => 3000
    [P_UNAME] => 김수진
    [P_RMESG1] => P_VACCT_NO=07503138097371|P_EXP_DT=20250331
    [P_RMESG2] => 
    [P_NOTI] => 
    [P_AUTH_NO] => 
)

 Array
(
    [PageCall time] => 13:00:41
    [P_TID] => INIMX_VBNKCAEcatca0720250321125729244244
    [P_MID] => CAEcatca07
    [P_AUTH_DT] => 20250321130041
    [P_STATUS] => 02
    [P_TYPE] => VBANK
    [P_OID] => 250321-017
    [P_FN_CD1] => 04
    [P_FN_CD2] => 
    [P_FN_NM] => KB국민은행
    [P_AMT] => 3000
    [P_UNAME] => 이주석
    [P_RMESG1] => P_VACCT_NO=87679011025728|P_EXP_DT=20250331
    [P_RMESG2] => 
    [P_NOTI] => 
    [P_AUTH_NO] => 
)

 Array
(
    [PageCall time] => 13:28:22
    [P_TID] => INIMX_VBNKCAEcatca0720250321132434784698
    [P_MID] => CAEcatca07
    [P_AUTH_DT] => 20250321132822
    [P_STATUS] => 02
    [P_TYPE] => VBANK
    [P_OID] => 250321-020
    [P_FN_CD1] => 39
    [P_FN_CD2] => 
    [P_FN_NM] => 경남은행
    [P_AMT] => 3000
    [P_UNAME] => 남윤식
    [P_RMESG1] => P_VACCT_NO=573194697698|P_EXP_DT=20250331
    [P_RMESG2] => 
    [P_NOTI] => 
    [P_AUTH_NO] => 
)

 Array
(
    [PageCall time] => 13:43:25
    [P_TID] => INIMX_VBNKCAEcatca0720250321134046814700
    [P_MID] => CAEcatca07
    [P_AUTH_DT] => 20250321134325
    [P_STATUS] => 02
    [P_TYPE] => VBANK
    [P_OID] => 250321-021
    [P_FN_CD1] => 89
    [P_FN_CD2] => 
    [P_FN_NM] => 케이뱅크
    [P_AMT] => 3000
    [P_UNAME] => 안하영
    [P_RMESG1] => P_VACCT_NO=70112000288042|P_EXP_DT=20250331
    [P_RMESG2] => 
    [P_NOTI] => 
    [P_AUTH_NO] => 
)

 Array
(
    [PageCall time] => 14:10:47
    [P_TID] => INIMX_VBNKCAEcatca0720250321140730794742
    [P_MID] => CAEcatca07
    [P_AUTH_DT] => 20250321141047
    [P_STATUS] => 02
    [P_TYPE] => VBANK
    [P_OID] => 250321-022
    [P_FN_CD1] => 20
    [P_FN_CD2] => 
    [P_FN_NM] => 우리은행
    [P_AMT] => 3000
    [P_UNAME] => 이시복
    [P_RMESG1] => P_VACCT_NO=32829982118525|P_EXP_DT=20250331
    [P_RMESG2] => 
    [P_NOTI] => 
    [P_AUTH_NO] => 
)

 Array
(
    [PageCall time] => 16:47:13
    [P_TID] => INIMX_VBNKCAEcatca0720250321164234615113
    [P_MID] => CAEcatca07
    [P_AUTH_DT] => 20250321164713
    [P_STATUS] => 02
    [P_TYPE] => VBANK
    [P_OID] => 250321-026
    [P_FN_CD1] => 11
    [P_FN_CD2] => 
    [P_FN_NM] => NH농협은행
    [P_AMT] => 3000
    [P_UNAME] => 이아란
    [P_RMESG1] => P_VACCT_NO=79014508364388|P_EXP_DT=20250331
    [P_RMESG2] => 
    [P_NOTI] => 
    [P_AUTH_NO] => 
)

 Array
(
    [PageCall time] => 18:02:05
    [P_TID] => INIMX_VBNKCAEcatca0720250321175909815126
    [P_MID] => CAEcatca07
    [P_AUTH_DT] => 20250321180205
    [P_STATUS] => 02
    [P_TYPE] => VBANK
    [P_OID] => 250321-027
    [P_FN_CD1] => 88
    [P_FN_CD2] => 
    [P_FN_NM] => 신한은행
    [P_AMT] => 3000
    [P_UNAME] => 황성욱
    [P_RMESG1] => P_VACCT_NO=56211991344558|P_EXP_DT=20250331
    [P_RMESG2] => 
    [P_NOTI] => 
    [P_AUTH_NO] => 
)

 Array
(
    [PageCall time] => 20:11:09
    [P_TID] => INIMX_VBNKCAEcatca0720250321201029275392
    [P_MID] => CAEcatca07
    [P_AUTH_DT] => 20250321201109
    [P_STATUS] => 02
    [P_TYPE] => VBANK
    [P_OID] => 250321-028
    [P_FN_CD1] => 11
    [P_FN_CD2] => 
    [P_FN_NM] => NH농협은행
    [P_AMT] => 3000
    [P_UNAME] => 최영신
    [P_RMESG1] => P_VACCT_NO=79014508385495|P_EXP_DT=20250331
    [P_RMESG2] => 
    [P_NOTI] => 
    [P_AUTH_NO] => 
)

