 Array
(
    [PageCall time] => 10:06:07
    [P_TID] => INIMX_VBNKCAEcatca0720250809100313205140
    [P_MID] => CAEcatca07
    [P_AUTH_DT] => 20250809100606
    [P_STATUS] => 02
    [P_TYPE] => VBANK
    [P_OID] => 250809-002
    [P_FN_CD1] => 88
    [P_FN_CD2] => 
    [P_FN_NM] => 신한은행
    [P_AMT] => 3000
    [P_UNAME] => 박혜지
    [P_RMESG1] => P_VACCT_NO=56211104083227|P_EXP_DT=20250819
    [P_RMESG2] => 
    [P_NOTI] => 
    [P_AUTH_NO] => 
)

 Array
(
    [PageCall time] => 11:59:01
    [P_TID] => INIMX_VBNKCAEcatca0720250809115603405402
    [P_MID] => CAEcatca07
    [P_AUTH_DT] => 20250809115901
    [P_STATUS] => 02
    [P_TYPE] => VBANK
    [P_OID] => 250809-003
    [P_FN_CD1] => 88
    [P_FN_CD2] => 
    [P_FN_NM] => 신한은행
    [P_AMT] => 3000
    [P_UNAME] => 권은정
    [P_RMESG1] => P_VACCT_NO=56211106658291|P_EXP_DT=20250819
    [P_RMESG2] => 
    [P_NOTI] => 
    [P_AUTH_NO] => 
)

 Array
(
    [PageCall time] => 12:12:09
    [P_TID] => INIMX_VBNKCAEcatca0720250809121132255658
    [P_MID] => CAEcatca07
    [P_AUTH_DT] => 20250809121209
    [P_STATUS] => 02
    [P_TYPE] => VBANK
    [P_OID] => 250809-004
    [P_FN_CD1] => 04
    [P_FN_CD2] => 
    [P_FN_NM] => KB국민은행
    [P_AMT] => 3000
    [P_UNAME] => 김민철
    [P_RMESG1] => P_VACCT_NO=87679011293947|P_EXP_DT=20250819
    [P_RMESG2] => 
    [P_NOTI] => 
    [P_AUTH_NO] => 
)

 Array
(
    [PageCall time] => 13:37:10
    [P_TID] => INIMX_VBNKCAEcatca0720250809133624355614
    [P_MID] => CAEcatca07
    [P_AUTH_DT] => 20250809133710
    [P_STATUS] => 02
    [P_TYPE] => VBANK
    [P_OID] => 250809-005
    [P_FN_CD1] => 04
    [P_FN_CD2] => 
    [P_FN_NM] => KB국민은행
    [P_AMT] => 3000
    [P_UNAME] => 이소원
    [P_RMESG1] => P_VACCT_NO=26159078435434|P_EXP_DT=20250819
    [P_RMESG2] => 
    [P_NOTI] => 
    [P_AUTH_NO] => 
)

 Array
(
    [PageCall time] => 13:48:10
    [P_TID] => INIMX_VBNKCAEcatca0720250809134519325429
    [P_MID] => CAEcatca07
    [P_AUTH_DT] => 20250809134810
    [P_STATUS] => 02
    [P_TYPE] => VBANK
    [P_OID] => 250809-006
    [P_FN_CD1] => 20
    [P_FN_CD2] => 
    [P_FN_NM] => 우리은행
    [P_AMT] => 3000
    [P_UNAME] => 이명종
    [P_RMESG1] => P_VACCT_NO=27388926718348|P_EXP_DT=20250819
    [P_RMESG2] => 
    [P_NOTI] => 
    [P_AUTH_NO] => 
)

 Array
(
    [PageCall time] => 17:15:20
    [P_TID] => INIMX_VBNKCAEcatca0720250809171241405925
    [P_MID] => CAEcatca07
    [P_AUTH_DT] => 20250809171520
    [P_STATUS] => 02
    [P_TYPE] => VBANK
    [P_OID] => 250809-007
    [P_FN_CD1] => 88
    [P_FN_CD2] => 
    [P_FN_NM] => 신한은행
    [P_AMT] => 3000
    [P_UNAME] => 이상현
    [P_RMESG1] => P_VACCT_NO=56211991147560|P_EXP_DT=20250819
    [P_RMESG2] => 
    [P_NOTI] => 
    [P_AUTH_NO] => 
)

 Array
(
    [PageCall time] => 18:20:28
    [P_TID] => INIMX_VBNKCAEcatca0720250809181747405853
    [P_MID] => CAEcatca07
    [P_AUTH_DT] => 20250809182028
    [P_STATUS] => 02
    [P_TYPE] => VBANK
    [P_OID] => 250809-008
    [P_FN_CD1] => 88
    [P_FN_CD2] => 
    [P_FN_NM] => 신한은행
    [P_AMT] => 3000
    [P_UNAME] => 김규아
    [P_RMESG1] => P_VACCT_NO=56211991149976|P_EXP_DT=20250819
    [P_RMESG2] => 
    [P_NOTI] => 
    [P_AUTH_NO] => 
)

 Array
(
    [PageCall time] => 18:42:56
    [P_TID] => INIMX_VBNKCAEcatca0720250809183757715998
    [P_MID] => CAEcatca07
    [P_AUTH_DT] => 20250809184256
    [P_STATUS] => 02
    [P_TYPE] => VBANK
    [P_OID] => 250809-009
    [P_FN_CD1] => 20
    [P_FN_CD2] => 
    [P_FN_NM] => 우리은행
    [P_AMT] => 3000
    [P_UNAME] => 이광선
    [P_RMESG1] => P_VACCT_NO=27388936418046|P_EXP_DT=20250819
    [P_RMESG2] => 
    [P_NOTI] => 
    [P_AUTH_NO] => 
)

 Array
(
    [PageCall time] => 19:13:46
    [P_TID] => INIMX_VBNKCAEcatca0720250809191150705265
    [P_MID] => CAEcatca07
    [P_AUTH_DT] => 20250809191346
    [P_STATUS] => 02
    [P_TYPE] => VBANK
    [P_OID] => 250809-010
    [P_FN_CD1] => 71
    [P_FN_CD2] => 
    [P_FN_NM] => 우체국
    [P_AMT] => 3000
    [P_UNAME] => 오상민
    [P_RMESG1] => P_VACCT_NO=01397981355749|P_EXP_DT=20250819
    [P_RMESG2] => 
    [P_NOTI] => 
    [P_AUTH_NO] => 
)

 Array
(
    [PageCall time] => 20:23:43
    [P_TID] => INIMX_VBNKCAEcatca0720250809202241185907
    [P_MID] => CAEcatca07
    [P_AUTH_DT] => 20250809202343
    [P_STATUS] => 02
    [P_TYPE] => VBANK
    [P_OID] => 250809-011
    [P_FN_CD1] => 11
    [P_FN_CD2] => 
    [P_FN_NM] => NH농협은행
    [P_AMT] => 3000
    [P_UNAME] => 홍혜진
    [P_RMESG1] => P_VACCT_NO=79014290400909|P_EXP_DT=20250819
    [P_RMESG2] => 
    [P_NOTI] => 
    [P_AUTH_NO] => 
)

