 Array
(
    [PageCall time] => 09:32:51
    [P_TID] => INIMX_VBNKCAEcatca0720260105093021365659
    [P_MID] => CAEcatca07
    [P_AUTH_DT] => 20260105093251
    [P_STATUS] => 02
    [P_TYPE] => VBANK
    [P_OID] => 260102-042
    [P_FN_CD1] => 88
    [P_FN_CD2] => 
    [P_FN_NM] => 신한은행
    [P_AMT] => 3000
    [P_UNAME] => 김지훈
    [P_RMESG1] => P_VACCT_NO=56211992245690|P_EXP_DT=20260115
    [P_RMESG2] => 
    [P_NOTI] => 
    [P_AUTH_NO] => 
)

 Array
(
    [PageCall time] => 10:32:05
    [P_TID] => INIMX_VBNKCAEcatca0720260105102821115166
    [P_MID] => CAEcatca07
    [P_AUTH_DT] => 20260105103205
    [P_STATUS] => 02
    [P_TYPE] => VBANK
    [P_OID] => 260105-003
    [P_FN_CD1] => 03
    [P_FN_CD2] => 
    [P_FN_NM] => 기업은행
    [P_AMT] => 3000
    [P_UNAME] => 고아름
    [P_RMESG1] => P_VACCT_NO=07503423897138|P_EXP_DT=20260115
    [P_RMESG2] => 
    [P_NOTI] => 
    [P_AUTH_NO] => 
)

 Array
(
    [PageCall time] => 10:38:27
    [P_TID] => INIMX_VBNKCAEcatca0720260105103730765545
    [P_MID] => CAEcatca07
    [P_AUTH_DT] => 20260105103827
    [P_STATUS] => 02
    [P_TYPE] => VBANK
    [P_OID] => 260105-006
    [P_FN_CD1] => 11
    [P_FN_CD2] => 
    [P_FN_NM] => NH농협은행
    [P_AMT] => 3000
    [P_UNAME] => 정미화
    [P_RMESG1] => P_VACCT_NO=79010588931072|P_EXP_DT=20260115
    [P_RMESG2] => 
    [P_NOTI] => 
    [P_AUTH_NO] => 
)

 Array
(
    [PageCall time] => 10:38:58
    [P_TID] => INIMX_VBNKCAEcatca0720260105103544725830
    [P_MID] => CAEcatca07
    [P_AUTH_DT] => 20260105103858
    [P_STATUS] => 02
    [P_TYPE] => VBANK
    [P_OID] => 260105-005
    [P_FN_CD1] => 03
    [P_FN_CD2] => 
    [P_FN_NM] => 기업은행
    [P_AMT] => 3000
    [P_UNAME] => 안지현
    [P_RMESG1] => P_VACCT_NO=07503423897790|P_EXP_DT=20260115
    [P_RMESG2] => 
    [P_NOTI] => 
    [P_AUTH_NO] => 
)

 Array
(
    [PageCall time] => 11:34:52
    [P_TID] => INIMX_VBNKCAEcatca0720260105113157395375
    [P_MID] => CAEcatca07
    [P_AUTH_DT] => 20260105113452
    [P_STATUS] => 02
    [P_TYPE] => VBANK
    [P_OID] => 260105-011
    [P_FN_CD1] => 88
    [P_FN_CD2] => 
    [P_FN_NM] => 신한은행
    [P_AMT] => 3000
    [P_UNAME] => 안용재
    [P_RMESG1] => P_VACCT_NO=56211992267561|P_EXP_DT=20260115
    [P_RMESG2] => 
    [P_NOTI] => 
    [P_AUTH_NO] => 
)

 Array
(
    [PageCall time] => 11:43:53
    [P_TID] => INIMX_VBNKCAEcatca0720260105114039625611
    [P_MID] => CAEcatca07
    [P_AUTH_DT] => 20260105114353
    [P_STATUS] => 02
    [P_TYPE] => VBANK
    [P_OID] => 251206-005
    [P_FN_CD1] => 04
    [P_FN_CD2] => 
    [P_FN_NM] => KB국민은행
    [P_AMT] => 3000
    [P_UNAME] => 조재영
    [P_RMESG1] => P_VACCT_NO=60519014479041|P_EXP_DT=20260115
    [P_RMESG2] => 
    [P_NOTI] => 
    [P_AUTH_NO] => 
)

 Array
(
    [PageCall time] => 11:47:07
    [P_TID] => INIMX_VBNKCAEcatca0720260105114551215983
    [P_MID] => CAEcatca07
    [P_AUTH_DT] => 20260105114707
    [P_STATUS] => 02
    [P_TYPE] => VBANK
    [P_OID] => 260105-012
    [P_FN_CD1] => 11
    [P_FN_CD2] => 
    [P_FN_NM] => NH농협은행
    [P_AMT] => 3000
    [P_UNAME] => 이은숙
    [P_RMESG1] => P_VACCT_NO=79010588946725|P_EXP_DT=20260115
    [P_RMESG2] => 
    [P_NOTI] => 
    [P_AUTH_NO] => 
)

 Array
(
    [PageCall time] => 11:51:57
    [P_TID] => INIMX_VBNKCAEcatca0720260105115015315609
    [P_MID] => CAEcatca07
    [P_AUTH_DT] => 20260105115157
    [P_STATUS] => 02
    [P_TYPE] => VBANK
    [P_OID] => 260105-014
    [P_FN_CD1] => 11
    [P_FN_CD2] => 
    [P_FN_NM] => NH농협은행
    [P_AMT] => 3000
    [P_UNAME] => 김영란
    [P_RMESG1] => P_VACCT_NO=79010588947742|P_EXP_DT=20260115
    [P_RMESG2] => 
    [P_NOTI] => 
    [P_AUTH_NO] => 
)

 Array
(
    [PageCall time] => 11:54:24
    [P_TID] => INIMX_VBNKCAEcatca0720260105115118435076
    [P_MID] => CAEcatca07
    [P_AUTH_DT] => 20260105115424
    [P_STATUS] => 02
    [P_TYPE] => VBANK
    [P_OID] => 260105-015
    [P_FN_CD1] => 04
    [P_FN_CD2] => 
    [P_FN_NM] => KB국민은행
    [P_AMT] => 3000
    [P_UNAME] => 한은주
    [P_RMESG1] => P_VACCT_NO=60519014481642|P_EXP_DT=20260115
    [P_RMESG2] => 
    [P_NOTI] => 
    [P_AUTH_NO] => 
)

 Array
(
    [PageCall time] => 12:01:32
    [P_TID] => INIMX_VBNKCAEcatca0720260105115849605091
    [P_MID] => CAEcatca07
    [P_AUTH_DT] => 20260105120132
    [P_STATUS] => 02
    [P_TYPE] => VBANK
    [P_OID] => 260105-017
    [P_FN_CD1] => 88
    [P_FN_CD2] => 
    [P_FN_NM] => 신한은행
    [P_AMT] => 3000
    [P_UNAME] => 유영숙
    [P_RMESG1] => P_VACCT_NO=56211992271555|P_EXP_DT=20260115
    [P_RMESG2] => 
    [P_NOTI] => 
    [P_AUTH_NO] => 
)

 Array
(
    [PageCall time] => 12:18:13
    [P_TID] => INIMX_VBNKCAEcatca0720260105121542935593
    [P_MID] => CAEcatca07
    [P_AUTH_DT] => 20260105121813
    [P_STATUS] => 02
    [P_TYPE] => VBANK
    [P_OID] => 260105-018
    [P_FN_CD1] => 20
    [P_FN_CD2] => 
    [P_FN_NM] => 우리은행
    [P_AMT] => 3000
    [P_UNAME] => 이건성
    [P_RMESG1] => P_VACCT_NO=27488950318444|P_EXP_DT=20260115
    [P_RMESG2] => 
    [P_NOTI] => 
    [P_AUTH_NO] => 
)

 Array
(
    [PageCall time] => 12:27:03
    [P_TID] => INIMX_VBNKCAEcatca0720260105122437125107
    [P_MID] => CAEcatca07
    [P_AUTH_DT] => 20260105122703
    [P_STATUS] => 02
    [P_TYPE] => VBANK
    [P_OID] => 260105-019
    [P_FN_CD1] => 88
    [P_FN_CD2] => 
    [P_FN_NM] => 신한은행
    [P_AMT] => 3000
    [P_UNAME] => 이영은
    [P_RMESG1] => P_VACCT_NO=56211992277072|P_EXP_DT=20260115
    [P_RMESG2] => 
    [P_NOTI] => 
    [P_AUTH_NO] => 
)

 Array
(
    [PageCall time] => 12:39:49
    [P_TID] => INIMX_VBNKCAEcatca0720260105123558135421
    [P_MID] => CAEcatca07
    [P_AUTH_DT] => 20260105123949
    [P_STATUS] => 02
    [P_TYPE] => VBANK
    [P_OID] => 260105-013
    [P_FN_CD1] => 20
    [P_FN_CD2] => 
    [P_FN_NM] => 우리은행
    [P_AMT] => 3000
    [P_UNAME] => 김은지
    [P_RMESG1] => P_VACCT_NO=27488951118933|P_EXP_DT=20260115
    [P_RMESG2] => 
    [P_NOTI] => 
    [P_AUTH_NO] => 
)

 Array
(
    [PageCall time] => 13:32:34
    [P_TID] => INIMX_VBNKCAEcatca0720260105132954485540
    [P_MID] => CAEcatca07
    [P_AUTH_DT] => 20260105133234
    [P_STATUS] => 02
    [P_TYPE] => VBANK
    [P_OID] => 260105-021
    [P_FN_CD1] => 03
    [P_FN_CD2] => 
    [P_FN_NM] => 기업은행
    [P_AMT] => 3000
    [P_UNAME] => 안미진
    [P_RMESG1] => P_VACCT_NO=07503425897838|P_EXP_DT=20260115
    [P_RMESG2] => 
    [P_NOTI] => 
    [P_AUTH_NO] => 
)

 Array
(
    [PageCall time] => 13:50:46
    [P_TID] => INIMX_VBNKCAEcatca0720260105134605765311
    [P_MID] => CAEcatca07
    [P_AUTH_DT] => 20260105135046
    [P_STATUS] => 02
    [P_TYPE] => VBANK
    [P_OID] => 260105-022
    [P_FN_CD1] => 20
    [P_FN_CD2] => 
    [P_FN_NM] => 우리은행
    [P_AMT] => 3000
    [P_UNAME] => 박정언
    [P_RMESG1] => P_VACCT_NO=27488956118869|P_EXP_DT=20260115
    [P_RMESG2] => 
    [P_NOTI] => 
    [P_AUTH_NO] => 
)

 Array
(
    [PageCall time] => 14:05:49
    [P_TID] => INIMX_VBNKCAEcatca0720260105140409635169
    [P_MID] => CAEcatca07
    [P_AUTH_DT] => 20260105140548
    [P_STATUS] => 02
    [P_TYPE] => VBANK
    [P_OID] => 260105-023
    [P_FN_CD1] => 11
    [P_FN_CD2] => 
    [P_FN_NM] => NH농협은행
    [P_AMT] => 3000
    [P_UNAME] => 정은영
    [P_RMESG1] => P_VACCT_NO=79010588969622|P_EXP_DT=20260115
    [P_RMESG2] => 
    [P_NOTI] => 
    [P_AUTH_NO] => 
)

 Array
(
    [PageCall time] => 14:15:20
    [P_TID] => INIMX_VBNKCAEcatca0720260105141246445211
    [P_MID] => CAEcatca07
    [P_AUTH_DT] => 20260105141520
    [P_STATUS] => 02
    [P_TYPE] => VBANK
    [P_OID] => 260105-025
    [P_FN_CD1] => 88
    [P_FN_CD2] => 
    [P_FN_NM] => 신한은행
    [P_AMT] => 3000
    [P_UNAME] => 박채원
    [P_RMESG1] => P_VACCT_NO=56211992292192|P_EXP_DT=20260115
    [P_RMESG2] => 
    [P_NOTI] => 
    [P_AUTH_NO] => 
)

 Array
(
    [PageCall time] => 14:39:19
    [P_TID] => INIMX_VBNKCAEcatca0720260105143730785110
    [P_MID] => CAEcatca07
    [P_AUTH_DT] => 20260105143919
    [P_STATUS] => 02
    [P_TYPE] => VBANK
    [P_OID] => 260105-026
    [P_FN_CD1] => 11
    [P_FN_CD2] => 
    [P_FN_NM] => NH농협은행
    [P_AMT] => 3000
    [P_UNAME] => 한지연
    [P_RMESG1] => P_VACCT_NO=79010588977072|P_EXP_DT=20260115
    [P_RMESG2] => 
    [P_NOTI] => 
    [P_AUTH_NO] => 
)

 Array
(
    [PageCall time] => 15:00:34
    [P_TID] => INIMX_VBNKCAEcatca0720260105145753235194
    [P_MID] => CAEcatca07
    [P_AUTH_DT] => 20260105150034
    [P_STATUS] => 02
    [P_TYPE] => VBANK
    [P_OID] => 260105-029
    [P_FN_CD1] => 04
    [P_FN_CD2] => 
    [P_FN_NM] => KB국민은행
    [P_AMT] => 3000
    [P_UNAME] => 장미선
    [P_RMESG1] => P_VACCT_NO=60519014524628|P_EXP_DT=20260115
    [P_RMESG2] => 
    [P_NOTI] => 
    [P_AUTH_NO] => 
)

 Array
(
    [PageCall time] => 15:03:16
    [P_TID] => INIMX_VBNKCAEcatca0720260105150039295397
    [P_MID] => CAEcatca07
    [P_AUTH_DT] => 20260105150316
    [P_STATUS] => 02
    [P_TYPE] => VBANK
    [P_OID] => 260105-030
    [P_FN_CD1] => 04
    [P_FN_CD2] => 
    [P_FN_NM] => KB국민은행
    [P_AMT] => 3000
    [P_UNAME] => 김인태
    [P_RMESG1] => P_VACCT_NO=60519014525430|P_EXP_DT=20260115
    [P_RMESG2] => 
    [P_NOTI] => 
    [P_AUTH_NO] => 
)

 Array
(
    [PageCall time] => 15:10:14
    [P_TID] => INIMX_VBNKCAEcatca0720260105150629325471
    [P_MID] => CAEcatca07
    [P_AUTH_DT] => 20260105151014
    [P_STATUS] => 02
    [P_TYPE] => VBANK
    [P_OID] => 251203-001
    [P_FN_CD1] => 04
    [P_FN_CD2] => 
    [P_FN_NM] => KB국민은행
    [P_AMT] => 3000
    [P_UNAME] => 류은송
    [P_RMESG1] => P_VACCT_NO=60519014527546|P_EXP_DT=20260115
    [P_RMESG2] => 
    [P_NOTI] => 
    [P_AUTH_NO] => 
)

 Array
(
    [PageCall time] => 15:23:55
    [P_TID] => INIMX_VBNKCAEcatca0720260105150602365437
    [P_MID] => CAEcatca07
    [P_AUTH_DT] => 20260105152355
    [P_STATUS] => 02
    [P_TYPE] => VBANK
    [P_OID] => 260105-028
    [P_FN_CD1] => 04
    [P_FN_CD2] => 
    [P_FN_NM] => KB국민은행
    [P_AMT] => 3000
    [P_UNAME] => 김종기
    [P_RMESG1] => P_VACCT_NO=60519014527108|P_EXP_DT=20260115
    [P_RMESG2] => 
    [P_NOTI] => 
    [P_AUTH_NO] => 
)

 Array
(
    [PageCall time] => 15:34:36
    [P_TID] => INIMX_VBNKCAEcatca0720260105153105765539
    [P_MID] => CAEcatca07
    [P_AUTH_DT] => 20260105153436
    [P_STATUS] => 02
    [P_TYPE] => VBANK
    [P_OID] => 260105-033
    [P_FN_CD1] => 88
    [P_FN_CD2] => 
    [P_FN_NM] => 신한은행
    [P_AMT] => 3000
    [P_UNAME] => 서보미
    [P_RMESG1] => P_VACCT_NO=56211992312193|P_EXP_DT=20260115
    [P_RMESG2] => 
    [P_NOTI] => 
    [P_AUTH_NO] => 
)

 Array
(
    [PageCall time] => 15:47:17
    [P_TID] => INIMX_VBNKCAEcatca0720260105154303915449
    [P_MID] => CAEcatca07
    [P_AUTH_DT] => 20260105154717
    [P_STATUS] => 02
    [P_TYPE] => VBANK
    [P_OID] => 260105-034
    [P_FN_CD1] => 04
    [P_FN_CD2] => 
    [P_FN_NM] => KB국민은행
    [P_AMT] => 3000
    [P_UNAME] => 홍성준
    [P_RMESG1] => P_VACCT_NO=60519014536708|P_EXP_DT=20260115
    [P_RMESG2] => 
    [P_NOTI] => 
    [P_AUTH_NO] => 
)

 Array
(
    [PageCall time] => 16:21:19
    [P_TID] => INIMX_VBNKCAEcatca0720260105161308115951
    [P_MID] => CAEcatca07
    [P_AUTH_DT] => 20260105162119
    [P_STATUS] => 02
    [P_TYPE] => VBANK
    [P_OID] => 260105-038
    [P_FN_CD1] => 04
    [P_FN_CD2] => 
    [P_FN_NM] => KB국민은행
    [P_AMT] => 3000
    [P_UNAME] => 오상민
    [P_RMESG1] => P_VACCT_NO=60519014543966|P_EXP_DT=20260115
    [P_RMESG2] => 
    [P_NOTI] => 
    [P_AUTH_NO] => 
)

 Array
(
    [PageCall time] => 16:23:02
    [P_TID] => INIMX_VBNKCAEcatca0720260105161905425478
    [P_MID] => CAEcatca07
    [P_AUTH_DT] => 20260105162302
    [P_STATUS] => 02
    [P_TYPE] => VBANK
    [P_OID] => 260102-023
    [P_FN_CD1] => 04
    [P_FN_CD2] => 
    [P_FN_NM] => KB국민은행
    [P_AMT] => 3000
    [P_UNAME] => 이현
    [P_RMESG1] => P_VACCT_NO=60519014545283|P_EXP_DT=20260115
    [P_RMESG2] => 
    [P_NOTI] => 
    [P_AUTH_NO] => 
)

 Array
(
    [PageCall time] => 16:23:21
    [P_TID] => INIMX_VBNKCAEcatca0720260105162104385374
    [P_MID] => CAEcatca07
    [P_AUTH_DT] => 20260105162321
    [P_STATUS] => 02
    [P_TYPE] => VBANK
    [P_OID] => 260105-035
    [P_FN_CD1] => 11
    [P_FN_CD2] => 
    [P_FN_NM] => NH농협은행
    [P_AMT] => 3000
    [P_UNAME] => 한미애
    [P_RMESG1] => P_VACCT_NO=79010589000448|P_EXP_DT=20260115
    [P_RMESG2] => 
    [P_NOTI] => 
    [P_AUTH_NO] => 
)

 Array
(
    [PageCall time] => 16:26:32
    [P_TID] => INIMX_VBNKCAEcatca0720260105162147105105
    [P_MID] => CAEcatca07
    [P_AUTH_DT] => 20260105162632
    [P_STATUS] => 02
    [P_TYPE] => VBANK
    [P_OID] => 260105-037
    [P_FN_CD1] => 32
    [P_FN_CD2] => 
    [P_FN_NM] => 부산은행
    [P_AMT] => 3000
    [P_UNAME] => 최세원
    [P_RMESG1] => P_VACCT_NO=109924495158|P_EXP_DT=20260115
    [P_RMESG2] => 
    [P_NOTI] => 
    [P_AUTH_NO] => 
)

 Array
(
    [PageCall time] => 16:29:24
    [P_TID] => INIMX_VBNKCAEcatca0720260105162650355049
    [P_MID] => CAEcatca07
    [P_AUTH_DT] => 20260105162924
    [P_STATUS] => 02
    [P_TYPE] => VBANK
    [P_OID] => 260105-039
    [P_FN_CD1] => 04
    [P_FN_CD2] => 
    [P_FN_NM] => KB국민은행
    [P_AMT] => 3000
    [P_UNAME] => 김보현
    [P_RMESG1] => P_VACCT_NO=60519014546871|P_EXP_DT=20260115
    [P_RMESG2] => 
    [P_NOTI] => 
    [P_AUTH_NO] => 
)

 Array
(
    [PageCall time] => 17:00:46
    [P_TID] => INIMX_VBNKCAEcatca0720260105165812435945
    [P_MID] => CAEcatca07
    [P_AUTH_DT] => 20260105170045
    [P_STATUS] => 02
    [P_TYPE] => VBANK
    [P_OID] => 260105-040
    [P_FN_CD1] => 81
    [P_FN_CD2] => 
    [P_FN_NM] => 하나은행
    [P_AMT] => 3000
    [P_UNAME] => 김준희
    [P_RMESG1] => P_VACCT_NO=20893873082537|P_EXP_DT=20260115
    [P_RMESG2] => 
    [P_NOTI] => 
    [P_AUTH_NO] => 
)

 Array
(
    [PageCall time] => 17:06:29
    [P_TID] => INIMX_VBNKCAEcatca0720260105170334505316
    [P_MID] => CAEcatca07
    [P_AUTH_DT] => 20260105170629
    [P_STATUS] => 02
    [P_TYPE] => VBANK
    [P_OID] => 260105-041
    [P_FN_CD1] => 03
    [P_FN_CD2] => 
    [P_FN_NM] => 기업은행
    [P_AMT] => 3000
    [P_UNAME] => 류영숙
    [P_RMESG1] => P_VACCT_NO=07503430497667|P_EXP_DT=20260115
    [P_RMESG2] => 
    [P_NOTI] => 
    [P_AUTH_NO] => 
)

 Array
(
    [PageCall time] => 17:31:15
    [P_TID] => INIMX_VBNKCAEcatca0720260105172845375516
    [P_MID] => CAEcatca07
    [P_AUTH_DT] => 20260105173115
    [P_STATUS] => 02
    [P_TYPE] => VBANK
    [P_OID] => 260105-042
    [P_FN_CD1] => 04
    [P_FN_CD2] => 
    [P_FN_NM] => KB국민은행
    [P_AMT] => 3000
    [P_UNAME] => 이재영
    [P_RMESG1] => P_VACCT_NO=60519014561054|P_EXP_DT=20260115
    [P_RMESG2] => 
    [P_NOTI] => 
    [P_AUTH_NO] => 
)

 Array
(
    [PageCall time] => 17:37:04
    [P_TID] => INIMX_VBNKCAEcatca0720260105173109415322
    [P_MID] => CAEcatca07
    [P_AUTH_DT] => 20260105173704
    [P_STATUS] => 02
    [P_TYPE] => VBANK
    [P_OID] => 260105-044
    [P_FN_CD1] => 11
    [P_FN_CD2] => 
    [P_FN_NM] => NH농협은행
    [P_AMT] => 3000
    [P_UNAME] => 이혜자
    [P_RMESG1] => P_VACCT_NO=79010589013297|P_EXP_DT=20260115
    [P_RMESG2] => 
    [P_NOTI] => 
    [P_AUTH_NO] => 
)

 Array
(
    [PageCall time] => 18:21:21
    [P_TID] => INIMX_VBNKCAEcatca0720260105181831245959
    [P_MID] => CAEcatca07
    [P_AUTH_DT] => 20260105182121
    [P_STATUS] => 02
    [P_TYPE] => VBANK
    [P_OID] => 260105-046
    [P_FN_CD1] => 88
    [P_FN_CD2] => 
    [P_FN_NM] => 신한은행
    [P_AMT] => 3000
    [P_UNAME] => 곽은주
    [P_RMESG1] => P_VACCT_NO=56211992350951|P_EXP_DT=20260115
    [P_RMESG2] => 
    [P_NOTI] => 
    [P_AUTH_NO] => 
)

 Array
(
    [PageCall time] => 18:38:37
    [P_TID] => INIMX_VBNKCAEcatca0720260105183533575628
    [P_MID] => CAEcatca07
    [P_AUTH_DT] => 20260105183837
    [P_STATUS] => 02
    [P_TYPE] => VBANK
    [P_OID] => 260105-048
    [P_FN_CD1] => 81
    [P_FN_CD2] => 
    [P_FN_NM] => 하나은행
    [P_AMT] => 3000
    [P_UNAME] => 이성재
    [P_RMESG1] => P_VACCT_NO=20893873624337|P_EXP_DT=20260115
    [P_RMESG2] => 
    [P_NOTI] => 
    [P_AUTH_NO] => 
)

 Array
(
    [PageCall time] => 20:06:25
    [P_TID] => INIMX_VBNKCAEcatca0720260105200341495383
    [P_MID] => CAEcatca07
    [P_AUTH_DT] => 20260105200625
    [P_STATUS] => 02
    [P_TYPE] => VBANK
    [P_OID] => 260105-049
    [P_FN_CD1] => 88
    [P_FN_CD2] => 
    [P_FN_NM] => 신한은행
    [P_AMT] => 3000
    [P_UNAME] => 김보원
    [P_RMESG1] => P_VACCT_NO=56211992362044|P_EXP_DT=20260115
    [P_RMESG2] => 
    [P_NOTI] => 
    [P_AUTH_NO] => 
)

 Array
(
    [PageCall time] => 21:00:55
    [P_TID] => INIMX_VBNKCAEcatca0720260105205814925880
    [P_MID] => CAEcatca07
    [P_AUTH_DT] => 20260105210055
    [P_STATUS] => 02
    [P_TYPE] => VBANK
    [P_OID] => 260105-050
    [P_FN_CD1] => 88
    [P_FN_CD2] => 
    [P_FN_NM] => 신한은행
    [P_AMT] => 3000
    [P_UNAME] => 오복순
    [P_RMESG1] => P_VACCT_NO=56211992367320|P_EXP_DT=20260115
    [P_RMESG2] => 
    [P_NOTI] => 
    [P_AUTH_NO] => 
)

 Array
(
    [PageCall time] => 22:21:26
    [P_TID] => INIMX_VBNKCAEcatca0720260105221836215272
    [P_MID] => CAEcatca07
    [P_AUTH_DT] => 20260105222126
    [P_STATUS] => 02
    [P_TYPE] => VBANK
    [P_OID] => 260105-051
    [P_FN_CD1] => 20
    [P_FN_CD2] => 
    [P_FN_NM] => 우리은행
    [P_AMT] => 3000
    [P_UNAME] => 김민지
    [P_RMESG1] => P_VACCT_NO=27488987918906|P_EXP_DT=20260115
    [P_RMESG2] => 
    [P_NOTI] => 
    [P_AUTH_NO] => 
)

 Array
(
    [PageCall time] => 22:40:39
    [P_TID] => INIMX_VBNKCAEcatca0720260105223749525738
    [P_MID] => CAEcatca07
    [P_AUTH_DT] => 20260105224039
    [P_STATUS] => 02
    [P_TYPE] => VBANK
    [P_OID] => 260105-052
    [P_FN_CD1] => 20
    [P_FN_CD2] => 
    [P_FN_NM] => 우리은행
    [P_AMT] => 3000
    [P_UNAME] => 장국현
    [P_RMESG1] => P_VACCT_NO=27488988718470|P_EXP_DT=20260115
    [P_RMESG2] => 
    [P_NOTI] => 
    [P_AUTH_NO] => 
)

