 Array
(
    [PageCall time] => 00:14:05
    [P_TID] => INIMX_VBNKCAEcatca0720260212001123895705
    [P_MID] => CAEcatca07
    [P_AUTH_DT] => 20260212001405
    [P_STATUS] => 02
    [P_TYPE] => VBANK
    [P_OID] => 260212-001
    [P_FN_CD1] => 04
    [P_FN_CD2] => 
    [P_FN_NM] => KB국민은행
    [P_AMT] => 3500
    [P_UNAME] => 김윤슬
    [P_RMESG1] => P_VACCT_NO=70189014693527|P_EXP_DT=20260222
    [P_RMESG2] => 
    [P_NOTI] => 
    [P_AUTH_NO] => 
)

 Array
(
    [PageCall time] => 10:25:46
    [P_TID] => INIMX_VBNKCAEcatca0720260212102340545780
    [P_MID] => CAEcatca07
    [P_AUTH_DT] => 20260212102546
    [P_STATUS] => 02
    [P_TYPE] => VBANK
    [P_OID] => 260204-030
    [P_FN_CD1] => 11
    [P_FN_CD2] => 
    [P_FN_NM] => NH농협은행
    [P_AMT] => 3500
    [P_UNAME] => 김만수
    [P_RMESG1] => P_VACCT_NO=79014288592992|P_EXP_DT=20260222
    [P_RMESG2] => 
    [P_NOTI] => 
    [P_AUTH_NO] => 
)

 Array
(
    [PageCall time] => 10:37:03
    [P_TID] => INIMX_VBNKCAEcatca0720260212103625645281
    [P_MID] => CAEcatca07
    [P_AUTH_DT] => 20260212103703
    [P_STATUS] => 02
    [P_TYPE] => VBANK
    [P_OID] => 260212-003
    [P_FN_CD1] => 11
    [P_FN_CD2] => 
    [P_FN_NM] => NH농협은행
    [P_AMT] => 3500
    [P_UNAME] => 최수빈
    [P_RMESG1] => P_VACCT_NO=79014288594733|P_EXP_DT=20260222
    [P_RMESG2] => 
    [P_NOTI] => 
    [P_AUTH_NO] => 
)

 Array
(
    [PageCall time] => 11:00:53
    [P_TID] => INIMX_VBNKCAEcatca0720260212105730425240
    [P_MID] => CAEcatca07
    [P_AUTH_DT] => 20260212110053
    [P_STATUS] => 02
    [P_TYPE] => VBANK
    [P_OID] => 260212-004
    [P_FN_CD1] => 89
    [P_FN_CD2] => 
    [P_FN_NM] => 케이뱅크
    [P_AMT] => 3500
    [P_UNAME] => 이효성
    [P_RMESG1] => P_VACCT_NO=70112003516815|P_EXP_DT=20260222
    [P_RMESG2] => 
    [P_NOTI] => 
    [P_AUTH_NO] => 
)

 Array
(
    [PageCall time] => 11:53:48
    [P_TID] => INIMX_VBNKCAEcatca0720260212115208105283
    [P_MID] => CAEcatca07
    [P_AUTH_DT] => 20260212115348
    [P_STATUS] => 02
    [P_TYPE] => VBANK
    [P_OID] => 260212-005
    [P_FN_CD1] => 11
    [P_FN_CD2] => 
    [P_FN_NM] => NH농협은행
    [P_AMT] => 3500
    [P_UNAME] => 손웅익
    [P_RMESG1] => P_VACCT_NO=79014288606085|P_EXP_DT=20260222
    [P_RMESG2] => 
    [P_NOTI] => 
    [P_AUTH_NO] => 
)

 Array
(
    [PageCall time] => 12:09:28
    [P_TID] => INIMX_VBNKCAEcatca0720260212120622145599
    [P_MID] => CAEcatca07
    [P_AUTH_DT] => 20260212120928
    [P_STATUS] => 02
    [P_TYPE] => VBANK
    [P_OID] => 260212-006
    [P_FN_CD1] => 03
    [P_FN_CD2] => 
    [P_FN_NM] => 기업은행
    [P_AMT] => 3500
    [P_UNAME] => 이은숙
    [P_RMESG1] => P_VACCT_NO=07503154397410|P_EXP_DT=20260222
    [P_RMESG2] => 
    [P_NOTI] => 
    [P_AUTH_NO] => 
)

 Array
(
    [PageCall time] => 13:36:38
    [P_TID] => INIMX_VBNKCAEcatca0720260212133339905244
    [P_MID] => CAEcatca07
    [P_AUTH_DT] => 20260212133638
    [P_STATUS] => 02
    [P_TYPE] => VBANK
    [P_OID] => 260212-008
    [P_FN_CD1] => 20
    [P_FN_CD2] => 
    [P_FN_NM] => 우리은행
    [P_AMT] => 3500
    [P_UNAME] => 김성환
    [P_RMESG1] => P_VACCT_NO=27490593818814|P_EXP_DT=20260222
    [P_RMESG2] => 
    [P_NOTI] => 
    [P_AUTH_NO] => 
)

 Array
(
    [PageCall time] => 13:52:03
    [P_TID] => INIMX_VBNKCAEcatca0720260212135126685921
    [P_MID] => CAEcatca07
    [P_AUTH_DT] => 20260212135203
    [P_STATUS] => 02
    [P_TYPE] => VBANK
    [P_OID] => 260212-011
    [P_FN_CD1] => 11
    [P_FN_CD2] => 
    [P_FN_NM] => NH농협은행
    [P_AMT] => 3500
    [P_UNAME] => 이보연
    [P_RMESG1] => P_VACCT_NO=79014288619687|P_EXP_DT=20260222
    [P_RMESG2] => 
    [P_NOTI] => 
    [P_AUTH_NO] => 
)

 Array
(
    [PageCall time] => 14:24:33
    [P_TID] => INIMX_VBNKCAEcatca0720260212142145295951
    [P_MID] => CAEcatca07
    [P_AUTH_DT] => 20260212142433
    [P_STATUS] => 02
    [P_TYPE] => VBANK
    [P_OID] => 260212-013
    [P_FN_CD1] => 04
    [P_FN_CD2] => 
    [P_FN_NM] => KB국민은행
    [P_AMT] => 3500
    [P_UNAME] => 강현옥
    [P_RMESG1] => P_VACCT_NO=70189014753904|P_EXP_DT=20260222
    [P_RMESG2] => 
    [P_NOTI] => 
    [P_AUTH_NO] => 
)

 Array
(
    [PageCall time] => 15:14:18
    [P_TID] => INIMX_VBNKCAEcatca0720260212151126294015
    [P_MID] => CAEcatca07
    [P_AUTH_DT] => 20260212151418
    [P_STATUS] => 02
    [P_TYPE] => VBANK
    [P_OID] => 260212-015
    [P_FN_CD1] => 04
    [P_FN_CD2] => 
    [P_FN_NM] => KB국민은행
    [P_AMT] => 3500
    [P_UNAME] => 김기웅
    [P_RMESG1] => P_VACCT_NO=00159071297361|P_EXP_DT=20260222
    [P_RMESG2] => 
    [P_NOTI] => 
    [P_AUTH_NO] => 
)

 Array
(
    [PageCall time] => 15:14:30
    [P_TID] => INIMX_VBNKCAEcatca0720260212151309964071
    [P_MID] => CAEcatca07
    [P_AUTH_DT] => 20260212151430
    [P_STATUS] => 02
    [P_TYPE] => VBANK
    [P_OID] => 260212-016
    [P_FN_CD1] => 11
    [P_FN_CD2] => 
    [P_FN_NM] => NH농협은행
    [P_AMT] => 3500
    [P_UNAME] => 이양강
    [P_RMESG1] => P_VACCT_NO=79006425886181|P_EXP_DT=20260222
    [P_RMESG2] => 
    [P_NOTI] => 
    [P_AUTH_NO] => 
)

 Array
(
    [PageCall time] => 15:36:08
    [P_TID] => INIMX_VBNKCAEcatca0720260212153248914499
    [P_MID] => CAEcatca07
    [P_AUTH_DT] => 20260212153608
    [P_STATUS] => 02
    [P_TYPE] => VBANK
    [P_OID] => 260212-017
    [P_FN_CD1] => 20
    [P_FN_CD2] => 
    [P_FN_NM] => 우리은행
    [P_AMT] => 3500
    [P_UNAME] => 황현호
    [P_RMESG1] => P_VACCT_NO=27384805018033|P_EXP_DT=20260222
    [P_RMESG2] => 
    [P_NOTI] => 
    [P_AUTH_NO] => 
)

 Array
(
    [PageCall time] => 16:35:06
    [P_TID] => INIMX_VBNKCAEcatca0720260212163151764528
    [P_MID] => CAEcatca07
    [P_AUTH_DT] => 20260212163505
    [P_STATUS] => 02
    [P_TYPE] => VBANK
    [P_OID] => 260212-010
    [P_FN_CD1] => 04
    [P_FN_CD2] => 
    [P_FN_NM] => KB국민은행
    [P_AMT] => 3500
    [P_UNAME] => 안중길
    [P_RMESG1] => P_VACCT_NO=00159071313061|P_EXP_DT=20260222
    [P_RMESG2] => 
    [P_NOTI] => 
    [P_AUTH_NO] => 
)

 Array
(
    [PageCall time] => 16:35:57
    [P_TID] => INIMX_VBNKCAEcatca0720260212163256524621
    [P_MID] => CAEcatca07
    [P_AUTH_DT] => 20260212163557
    [P_STATUS] => 02
    [P_TYPE] => VBANK
    [P_OID] => 260212-022
    [P_FN_CD1] => 34
    [P_FN_CD2] => 
    [P_FN_NM] => 광주은행
    [P_AMT] => 3500
    [P_UNAME] => 김건희
    [P_RMESG1] => P_VACCT_NO=810865610837|P_EXP_DT=20260222
    [P_RMESG2] => 
    [P_NOTI] => 
    [P_AUTH_NO] => 
)

 Array
(
    [PageCall time] => 16:46:44
    [P_TID] => INIMX_VBNKCAEcatca0720260212164348435932
    [P_MID] => CAEcatca07
    [P_AUTH_DT] => 20260212164644
    [P_STATUS] => 02
    [P_TYPE] => VBANK
    [P_OID] => 260212-023
    [P_FN_CD1] => 20
    [P_FN_CD2] => 
    [P_FN_NM] => 우리은행
    [P_AMT] => 3500
    [P_UNAME] => 김수천
    [P_RMESG1] => P_VACCT_NO=27490603218781|P_EXP_DT=20260222
    [P_RMESG2] => 
    [P_NOTI] => 
    [P_AUTH_NO] => 
)

 Array
(
    [PageCall time] => 16:46:53
    [P_TID] => INIMX_VBNKCAEcatca0720260212164217245776
    [P_MID] => CAEcatca07
    [P_AUTH_DT] => 20260212164653
    [P_STATUS] => 02
    [P_TYPE] => VBANK
    [P_OID] => 260212-020
    [P_FN_CD1] => 39
    [P_FN_CD2] => 
    [P_FN_NM] => 경남은행
    [P_AMT] => 3500
    [P_UNAME] => 황외선
    [P_RMESG1] => P_VACCT_NO=573193488584|P_EXP_DT=20260222
    [P_RMESG2] => 
    [P_NOTI] => 
    [P_AUTH_NO] => 
)

 Array
(
    [PageCall time] => 16:56:32
    [P_TID] => INIMX_VBNKCAEcatca0720260212165340275473
    [P_MID] => CAEcatca07
    [P_AUTH_DT] => 20260212165632
    [P_STATUS] => 02
    [P_TYPE] => VBANK
    [P_OID] => 260212-026
    [P_FN_CD1] => 04
    [P_FN_CD2] => 
    [P_FN_NM] => KB국민은행
    [P_AMT] => 3500
    [P_UNAME] => 박은영
    [P_RMESG1] => P_VACCT_NO=70189014765282|P_EXP_DT=20260222
    [P_RMESG2] => 
    [P_NOTI] => 
    [P_AUTH_NO] => 
)

 Array
(
    [PageCall time] => 18:53:58
    [P_TID] => INIMX_VBNKCAEcatca0720260212185040735098
    [P_MID] => CAEcatca07
    [P_AUTH_DT] => 20260212185358
    [P_STATUS] => 02
    [P_TYPE] => VBANK
    [P_OID] => 260212-027
    [P_FN_CD1] => 81
    [P_FN_CD2] => 
    [P_FN_NM] => 하나은행
    [P_AMT] => 3500
    [P_UNAME] => 안진우
    [P_RMESG1] => P_VACCT_NO=20894052917037|P_EXP_DT=20260222
    [P_RMESG2] => 
    [P_NOTI] => 
    [P_AUTH_NO] => 
)

 Array
(
    [PageCall time] => 19:05:09
    [P_TID] => INIMX_VBNKCAEcatca0720260212190239665720
    [P_MID] => CAEcatca07
    [P_AUTH_DT] => 20260212190509
    [P_STATUS] => 02
    [P_TYPE] => VBANK
    [P_OID] => 260212-028
    [P_FN_CD1] => 03
    [P_FN_CD2] => 
    [P_FN_NM] => 기업은행
    [P_AMT] => 3500
    [P_UNAME] => 홍리나
    [P_RMESG1] => P_VACCT_NO=07503157197563|P_EXP_DT=20260222
    [P_RMESG2] => 
    [P_NOTI] => 
    [P_AUTH_NO] => 
)

 Array
(
    [PageCall time] => 20:41:58
    [P_TID] => INIMX_VBNKCAEcatca0720260212203855475954
    [P_MID] => CAEcatca07
    [P_AUTH_DT] => 20260212204158
    [P_STATUS] => 02
    [P_TYPE] => VBANK
    [P_OID] => 260212-024
    [P_FN_CD1] => 88
    [P_FN_CD2] => 
    [P_FN_NM] => 신한은행
    [P_AMT] => 3500
    [P_UNAME] => 유용주
    [P_RMESG1] => P_VACCT_NO=56211103708601|P_EXP_DT=20260222
    [P_RMESG2] => 
    [P_NOTI] => 
    [P_AUTH_NO] => 
)

 Array
(
    [PageCall time] => 22:04:49
    [P_TID] => INIMX_VBNKCAEcatca0720260212220148495598
    [P_MID] => CAEcatca07
    [P_AUTH_DT] => 20260212220448
    [P_STATUS] => 02
    [P_TYPE] => VBANK
    [P_OID] => 260212-029
    [P_FN_CD1] => 04
    [P_FN_CD2] => 
    [P_FN_NM] => KB국민은행
    [P_AMT] => 3500
    [P_UNAME] => 이소이
    [P_RMESG1] => P_VACCT_NO=70189014853437|P_EXP_DT=20260222
    [P_RMESG2] => 
    [P_NOTI] => 
    [P_AUTH_NO] => 
)

