 Array
(
    [PageCall time] => 08:52:15
    [P_TID] => INIMX_VBNKCAEcatca0720251208084937445742
    [P_MID] => CAEcatca07
    [P_AUTH_DT] => 20251208085214
    [P_STATUS] => 02
    [P_TYPE] => VBANK
    [P_OID] => 251208-001
    [P_FN_CD1] => 89
    [P_FN_CD2] => 
    [P_FN_NM] => 케이뱅크
    [P_AMT] => 3000
    [P_UNAME] => 손영준
    [P_RMESG1] => P_VACCT_NO=70112004020763|P_EXP_DT=20251218
    [P_RMESG2] => 
    [P_NOTI] => 
    [P_AUTH_NO] => 
)

 Array
(
    [PageCall time] => 09:07:50
    [P_TID] => INIMX_VBNKCAEcatca0720251208090503455026
    [P_MID] => CAEcatca07
    [P_AUTH_DT] => 20251208090750
    [P_STATUS] => 02
    [P_TYPE] => VBANK
    [P_OID] => 251208-002
    [P_FN_CD1] => 20
    [P_FN_CD2] => 
    [P_FN_NM] => 우리은행
    [P_AMT] => 3000
    [P_UNAME] => 손명진
    [P_RMESG1] => P_VACCT_NO=27388552218584|P_EXP_DT=20251218
    [P_RMESG2] => 
    [P_NOTI] => 
    [P_AUTH_NO] => 
)

 Array
(
    [PageCall time] => 09:20:40
    [P_TID] => INIMX_VBNKCAEcatca0720251208091748275307
    [P_MID] => CAEcatca07
    [P_AUTH_DT] => 20251208092040
    [P_STATUS] => 02
    [P_TYPE] => VBANK
    [P_OID] => 251207-009
    [P_FN_CD1] => 81
    [P_FN_CD2] => 
    [P_FN_NM] => 하나은행
    [P_AMT] => 3000
    [P_UNAME] => 진보람
    [P_RMESG1] => P_VACCT_NO=20894144195837|P_EXP_DT=20251218
    [P_RMESG2] => 
    [P_NOTI] => 
    [P_AUTH_NO] => 
)

 Array
(
    [PageCall time] => 09:52:25
    [P_TID] => INIMX_VBNKCAEcatca0720251208094117815665
    [P_MID] => CAEcatca07
    [P_AUTH_DT] => 20251208095225
    [P_STATUS] => 02
    [P_TYPE] => VBANK
    [P_OID] => 251208-004
    [P_FN_CD1] => 88
    [P_FN_CD2] => 
    [P_FN_NM] => 신한은행
    [P_AMT] => 3000
    [P_UNAME] => 최병진
    [P_RMESG1] => P_VACCT_NO=56211990600380|P_EXP_DT=20251218
    [P_RMESG2] => 
    [P_NOTI] => 
    [P_AUTH_NO] => 
)

 Array
(
    [PageCall time] => 09:55:52
    [P_TID] => INIMX_VBNKCAEcatca0720251208095307325165
    [P_MID] => CAEcatca07
    [P_AUTH_DT] => 20251208095552
    [P_STATUS] => 02
    [P_TYPE] => VBANK
    [P_OID] => 251208-005
    [P_FN_CD1] => 88
    [P_FN_CD2] => 
    [P_FN_NM] => 신한은행
    [P_AMT] => 3000
    [P_UNAME] => 정경선
    [P_RMESG1] => P_VACCT_NO=56211990601539|P_EXP_DT=20251218
    [P_RMESG2] => 
    [P_NOTI] => 
    [P_AUTH_NO] => 
)

 Array
(
    [PageCall time] => 10:26:34
    [P_TID] => INIMX_VBNKCAEcatca0720251208102330325781
    [P_MID] => CAEcatca07
    [P_AUTH_DT] => 20251208102634
    [P_STATUS] => 02
    [P_TYPE] => VBANK
    [P_OID] => 251208-006
    [P_FN_CD1] => 03
    [P_FN_CD2] => 
    [P_FN_NM] => 기업은행
    [P_AMT] => 3000
    [P_UNAME] => 이금조
    [P_RMESG1] => P_VACCT_NO=07503134797910|P_EXP_DT=20251218
    [P_RMESG2] => 
    [P_NOTI] => 
    [P_AUTH_NO] => 
)

 Array
(
    [PageCall time] => 11:41:48
    [P_TID] => INIMX_VBNKCAEcatca0720251208113844125298
    [P_MID] => CAEcatca07
    [P_AUTH_DT] => 20251208114148
    [P_STATUS] => 02
    [P_TYPE] => VBANK
    [P_OID] => 251208-013
    [P_FN_CD1] => 81
    [P_FN_CD2] => 
    [P_FN_NM] => 하나은행
    [P_AMT] => 3000
    [P_UNAME] => 김재범
    [P_RMESG1] => P_VACCT_NO=20894146106637|P_EXP_DT=20251218
    [P_RMESG2] => 
    [P_NOTI] => 
    [P_AUTH_NO] => 
)

 Array
(
    [PageCall time] => 11:52:20
    [P_TID] => INIMX_VBNKCAEcatca0720251208114909515988
    [P_MID] => CAEcatca07
    [P_AUTH_DT] => 20251208115220
    [P_STATUS] => 02
    [P_TYPE] => VBANK
    [P_OID] => 251208-015
    [P_FN_CD1] => 88
    [P_FN_CD2] => 
    [P_FN_NM] => 신한은행
    [P_AMT] => 3000
    [P_UNAME] => 고양근
    [P_RMESG1] => P_VACCT_NO=56211990615249|P_EXP_DT=20251218
    [P_RMESG2] => 
    [P_NOTI] => 
    [P_AUTH_NO] => 
)

 Array
(
    [PageCall time] => 13:03:17
    [P_TID] => INIMX_VBNKCAEcatca0720251208125948195024
    [P_MID] => CAEcatca07
    [P_AUTH_DT] => 20251208130317
    [P_STATUS] => 02
    [P_TYPE] => VBANK
    [P_OID] => 251208-018
    [P_FN_CD1] => 88
    [P_FN_CD2] => 
    [P_FN_NM] => 신한은행
    [P_AMT] => 3000
    [P_UNAME] => 안배근
    [P_RMESG1] => P_VACCT_NO=56211990620970|P_EXP_DT=20251218
    [P_RMESG2] => 
    [P_NOTI] => 
    [P_AUTH_NO] => 
)

 Array
(
    [PageCall time] => 13:12:21
    [P_TID] => INIMX_VBNKCAEcatca0720251208130926635908
    [P_MID] => CAEcatca07
    [P_AUTH_DT] => 20251208131221
    [P_STATUS] => 02
    [P_TYPE] => VBANK
    [P_OID] => 251208-019
    [P_FN_CD1] => 03
    [P_FN_CD2] => 
    [P_FN_NM] => 기업은행
    [P_AMT] => 3000
    [P_UNAME] => 김문정
    [P_RMESG1] => P_VACCT_NO=07503136597252|P_EXP_DT=20251218
    [P_RMESG2] => 
    [P_NOTI] => 
    [P_AUTH_NO] => 
)

 Array
(
    [PageCall time] => 13:35:27
    [P_TID] => INIMX_VBNKCAEcatca0720251208133004504252
    [P_MID] => CAEcatca07
    [P_AUTH_DT] => 20251208133527
    [P_STATUS] => 02
    [P_TYPE] => VBANK
    [P_OID] => 251208-020
    [P_FN_CD1] => 04
    [P_FN_CD2] => 
    [P_FN_NM] => KB국민은행
    [P_AMT] => 3000
    [P_UNAME] => 김송림
    [P_RMESG1] => P_VACCT_NO=99289014471712|P_EXP_DT=20251218
    [P_RMESG2] => 
    [P_NOTI] => 
    [P_AUTH_NO] => 
)

 Array
(
    [PageCall time] => 13:36:27
    [P_TID] => INIMX_VBNKCAEcatca0720251208133351404597
    [P_MID] => CAEcatca07
    [P_AUTH_DT] => 20251208133627
    [P_STATUS] => 02
    [P_TYPE] => VBANK
    [P_OID] => 251208-021
    [P_FN_CD1] => 04
    [P_FN_CD2] => 
    [P_FN_NM] => KB국민은행
    [P_AMT] => 3000
    [P_UNAME] => 이채?H
    [P_RMESG1] => P_VACCT_NO=99289014471882|P_EXP_DT=20251218
    [P_RMESG2] => 
    [P_NOTI] => 
    [P_AUTH_NO] => 
)

 Array
(
    [PageCall time] => 14:08:27
    [P_TID] => INIMX_VBNKCAEcatca0720251208140236854880
    [P_MID] => CAEcatca07
    [P_AUTH_DT] => 20251208140827
    [P_STATUS] => 02
    [P_TYPE] => VBANK
    [P_OID] => 251208-024
    [P_FN_CD1] => 04
    [P_FN_CD2] => 
    [P_FN_NM] => KB국민은행
    [P_AMT] => 3000
    [P_UNAME] => 김진숙
    [P_RMESG1] => P_VACCT_NO=99289014475442|P_EXP_DT=20251218
    [P_RMESG2] => 
    [P_NOTI] => 
    [P_AUTH_NO] => 
)

 Array
(
    [PageCall time] => 14:16:38
    [P_TID] => INIMX_VBNKCAEcatca0720251208141331274900
    [P_MID] => CAEcatca07
    [P_AUTH_DT] => 20251208141638
    [P_STATUS] => 02
    [P_TYPE] => VBANK
    [P_OID] => 251208-025
    [P_FN_CD1] => 81
    [P_FN_CD2] => 
    [P_FN_NM] => 하나은행
    [P_AMT] => 3000
    [P_UNAME] => 강꽃임
    [P_RMESG1] => P_VACCT_NO=20894189037537|P_EXP_DT=20251218
    [P_RMESG2] => 
    [P_NOTI] => 
    [P_AUTH_NO] => 
)

 Array
(
    [PageCall time] => 14:54:59
    [P_TID] => INIMX_VBNKCAEcatca0720251208145403704606
    [P_MID] => CAEcatca07
    [P_AUTH_DT] => 20251208145459
    [P_STATUS] => 02
    [P_TYPE] => VBANK
    [P_OID] => 251208-027
    [P_FN_CD1] => 11
    [P_FN_CD2] => 
    [P_FN_NM] => NH농협은행
    [P_AMT] => 3000
    [P_UNAME] => 이진용
    [P_RMESG1] => P_VACCT_NO=79006421817632|P_EXP_DT=20251218
    [P_RMESG2] => 
    [P_NOTI] => 
    [P_AUTH_NO] => 
)

 Array
(
    [PageCall time] => 15:17:09
    [P_TID] => INIMX_VBNKCAEcatca0720251205114937885692
    [P_MID] => CAEcatca07
    [P_AUTH_DT] => 20251208151709
    [P_STATUS] => 02
    [P_TYPE] => VBANK
    [P_OID] => 251205-009
    [P_FN_CD1] => 37
    [P_FN_CD2] => 
    [P_FN_NM] => 전북은행
    [P_AMT] => 3000
    [P_UNAME] => 전주덕진아동보호전문기관
    [P_RMESG1] => P_VACCT_NO=9101210029874|P_EXP_DT=20251215
    [P_RMESG2] => 
    [P_NOTI] => 
    [P_AUTH_NO] => 
)

 Array
(
    [PageCall time] => 15:20:34
    [P_TID] => INIMX_VBNKCAEcatca0720251208151733914914
    [P_MID] => CAEcatca07
    [P_AUTH_DT] => 20251208152034
    [P_STATUS] => 02
    [P_TYPE] => VBANK
    [P_OID] => 251208-032
    [P_FN_CD1] => 04
    [P_FN_CD2] => 
    [P_FN_NM] => KB국민은행
    [P_AMT] => 3000
    [P_UNAME] => 김성현
    [P_RMESG1] => P_VACCT_NO=99289014483186|P_EXP_DT=20251218
    [P_RMESG2] => 
    [P_NOTI] => 
    [P_AUTH_NO] => 
)

 Array
(
    [PageCall time] => 15:20:51
    [P_TID] => INIMX_VBNKCAEcatca0720251208151926404889
    [P_MID] => CAEcatca07
    [P_AUTH_DT] => 20251208152051
    [P_STATUS] => 02
    [P_TYPE] => VBANK
    [P_OID] => 251208-016
    [P_FN_CD1] => 11
    [P_FN_CD2] => 
    [P_FN_NM] => NH농협은행
    [P_AMT] => 3000
    [P_UNAME] => 한호상
    [P_RMESG1] => P_VACCT_NO=79006421830480|P_EXP_DT=20251218
    [P_RMESG2] => 
    [P_NOTI] => 
    [P_AUTH_NO] => 
)

 Array
(
    [PageCall time] => 15:27:38
    [P_TID] => INIMX_VBNKCAEcatca0720251208152634194359
    [P_MID] => CAEcatca07
    [P_AUTH_DT] => 20251208152738
    [P_STATUS] => 02
    [P_TYPE] => VBANK
    [P_OID] => 251208-033
    [P_FN_CD1] => 11
    [P_FN_CD2] => 
    [P_FN_NM] => NH농협은행
    [P_AMT] => 3000
    [P_UNAME] => 김경희
    [P_RMESG1] => P_VACCT_NO=79006421833031|P_EXP_DT=20251218
    [P_RMESG2] => 
    [P_NOTI] => 
    [P_AUTH_NO] => 
)

 Array
(
    [PageCall time] => 15:48:41
    [P_TID] => INIMX_VBNKCAEcatca0720251208154526944502
    [P_MID] => CAEcatca07
    [P_AUTH_DT] => 20251208154841
    [P_STATUS] => 02
    [P_TYPE] => VBANK
    [P_OID] => 251204-018
    [P_FN_CD1] => 03
    [P_FN_CD2] => 
    [P_FN_NM] => 기업은행
    [P_AMT] => 3000
    [P_UNAME] => 조태숙
    [P_RMESG1] => P_VACCT_NO=07500530197251|P_EXP_DT=20251218
    [P_RMESG2] => 
    [P_NOTI] => 
    [P_AUTH_NO] => 
)

 Array
(
    [PageCall time] => 15:59:41
    [P_TID] => INIMX_VBNKCAEcatca0720251208155657064143
    [P_MID] => CAEcatca07
    [P_AUTH_DT] => 20251208155941
    [P_STATUS] => 02
    [P_TYPE] => VBANK
    [P_OID] => 251208-035
    [P_FN_CD1] => 04
    [P_FN_CD2] => 
    [P_FN_NM] => KB국민은행
    [P_AMT] => 3000
    [P_UNAME] => 박민지
    [P_RMESG1] => P_VACCT_NO=99289014488011|P_EXP_DT=20251218
    [P_RMESG2] => 
    [P_NOTI] => 
    [P_AUTH_NO] => 
)

 Array
(
    [PageCall time] => 15:59:55
    [P_TID] => INIMX_VBNKCAEcatca0720251208154805404212
    [P_MID] => CAEcatca07
    [P_AUTH_DT] => 20251208155955
    [P_STATUS] => 02
    [P_TYPE] => VBANK
    [P_OID] => 251208-034
    [P_FN_CD1] => 04
    [P_FN_CD2] => 
    [P_FN_NM] => KB국민은행
    [P_AMT] => 3000
    [P_UNAME] => 차현애
    [P_RMESG1] => P_VACCT_NO=99289014487212|P_EXP_DT=20251218
    [P_RMESG2] => 
    [P_NOTI] => 
    [P_AUTH_NO] => 
)

 Array
(
    [PageCall time] => 17:03:30
    [P_TID] => INIMX_VBNKCAEcatca0720251208165705555303
    [P_MID] => CAEcatca07
    [P_AUTH_DT] => 20251208170330
    [P_STATUS] => 02
    [P_TYPE] => VBANK
    [P_OID] => 251208-036
    [P_FN_CD1] => 31
    [P_FN_CD2] => 
    [P_FN_NM] => 아이엠뱅크(대구은행)
    [P_AMT] => 3000
    [P_UNAME] => 김국일
    [P_RMESG1] => P_VACCT_NO=9600362488839|P_EXP_DT=20251218
    [P_RMESG2] => 
    [P_NOTI] => 
    [P_AUTH_NO] => 
)

 Array
(
    [PageCall time] => 18:12:39
    [P_TID] => INIMX_VBNKCAEcatca0720251207093807125039
    [P_MID] => CAEcatca07
    [P_AUTH_DT] => 20251208181239
    [P_STATUS] => 02
    [P_TYPE] => VBANK
    [P_OID] => 251207-001
    [P_FN_CD1] => 88
    [P_FN_CD2] => 
    [P_FN_NM] => 신한은행
    [P_AMT] => 3000
    [P_UNAME] => 부산 그라체호텔
    [P_RMESG1] => P_VACCT_NO=56211991803715|P_EXP_DT=20251217
    [P_RMESG2] => 
    [P_NOTI] => 
    [P_AUTH_NO] => 
)

 Array
(
    [PageCall time] => 18:26:57
    [P_TID] => INIMX_VBNKCAEcatca0720251208182615855862
    [P_MID] => CAEcatca07
    [P_AUTH_DT] => 20251208182657
    [P_STATUS] => 02
    [P_TYPE] => VBANK
    [P_OID] => 251208-038
    [P_FN_CD1] => 11
    [P_FN_CD2] => 
    [P_FN_NM] => NH농협은행
    [P_AMT] => 3000
    [P_UNAME] => 길도원
    [P_RMESG1] => P_VACCT_NO=01444364110061|P_EXP_DT=20251218
    [P_RMESG2] => 
    [P_NOTI] => 
    [P_AUTH_NO] => 
)

 Array
(
    [PageCall time] => 18:46:58
    [P_TID] => INIMX_VBNKCAEcatca0720251208184341975329
    [P_MID] => CAEcatca07
    [P_AUTH_DT] => 20251208184658
    [P_STATUS] => 02
    [P_TYPE] => VBANK
    [P_OID] => 251208-039
    [P_FN_CD1] => 03
    [P_FN_CD2] => 
    [P_FN_NM] => 기업은행
    [P_AMT] => 3000
    [P_UNAME] => 전명숙
    [P_RMESG1] => P_VACCT_NO=07503139197092|P_EXP_DT=20251218
    [P_RMESG2] => 
    [P_NOTI] => 
    [P_AUTH_NO] => 
)

 Array
(
    [PageCall time] => 19:16:47
    [P_TID] => INIMX_VBNKCAEcatca0720251208191405575090
    [P_MID] => CAEcatca07
    [P_AUTH_DT] => 20251208191647
    [P_STATUS] => 02
    [P_TYPE] => VBANK
    [P_OID] => 251207-011
    [P_FN_CD1] => 04
    [P_FN_CD2] => 
    [P_FN_NM] => KB국민은행
    [P_AMT] => 3000
    [P_UNAME] => 이수경
    [P_RMESG1] => P_VACCT_NO=45749014875132|P_EXP_DT=20251218
    [P_RMESG2] => 
    [P_NOTI] => 
    [P_AUTH_NO] => 
)

 Array
(
    [PageCall time] => 21:49:46
    [P_TID] => INIMX_VBNKCAEcatca0720251208214813295769
    [P_MID] => CAEcatca07
    [P_AUTH_DT] => 20251208214946
    [P_STATUS] => 02
    [P_TYPE] => VBANK
    [P_OID] => 251208-040
    [P_FN_CD1] => 71
    [P_FN_CD2] => 
    [P_FN_NM] => 우체국
    [P_AMT] => 3000
    [P_UNAME] => 장복상
    [P_RMESG1] => P_VACCT_NO=01397981141559|P_EXP_DT=20251218
    [P_RMESG2] => 
    [P_NOTI] => 
    [P_AUTH_NO] => 
)

