 Array
(
    [PageCall time] => 11:07:12
    [P_TID] => INIMX_VBNKCAEcatca0720251005110342305293
    [P_MID] => CAEcatca07
    [P_AUTH_DT] => 20251005110712
    [P_STATUS] => 02
    [P_TYPE] => VBANK
    [P_OID] => 251005-002
    [P_FN_CD1] => 04
    [P_FN_CD2] => 
    [P_FN_NM] => KB국민은행
    [P_AMT] => 3000
    [P_UNAME] => 유정화
    [P_RMESG1] => P_VACCT_NO=26119078186950|P_EXP_DT=20251015
    [P_RMESG2] => 
    [P_NOTI] => 
    [P_AUTH_NO] => 
)

 Array
(
    [PageCall time] => 11:11:18
    [P_TID] => INIMX_VBNKCAEcatca0720251005110710325563
    [P_MID] => CAEcatca07
    [P_AUTH_DT] => 20251005111118
    [P_STATUS] => 02
    [P_TYPE] => VBANK
    [P_OID] => 251005-003
    [P_FN_CD1] => 03
    [P_FN_CD2] => 
    [P_FN_NM] => 기업은행
    [P_AMT] => 3000
    [P_UNAME] => 최연식
    [P_RMESG1] => P_VACCT_NO=07503137897982|P_EXP_DT=20251015
    [P_RMESG2] => 
    [P_NOTI] => 
    [P_AUTH_NO] => 
)

 Array
(
    [PageCall time] => 16:51:58
    [P_TID] => INIMX_VBNKCAEcatca0720251005164819935966
    [P_MID] => CAEcatca07
    [P_AUTH_DT] => 20251005165158
    [P_STATUS] => 02
    [P_TYPE] => VBANK
    [P_OID] => 251005-004
    [P_FN_CD1] => 88
    [P_FN_CD2] => 
    [P_FN_NM] => 신한은행
    [P_AMT] => 3000
    [P_UNAME] => 안순이
    [P_RMESG1] => P_VACCT_NO=56211103413882|P_EXP_DT=20251015
    [P_RMESG2] => 
    [P_NOTI] => 
    [P_AUTH_NO] => 
)

 Array
(
    [PageCall time] => 18:14:19
    [P_TID] => INIMX_VBNKCAEcatca0720251005181154465812
    [P_MID] => CAEcatca07
    [P_AUTH_DT] => 20251005181419
    [P_STATUS] => 02
    [P_TYPE] => VBANK
    [P_OID] => 251005-005
    [P_FN_CD1] => 81
    [P_FN_CD2] => 
    [P_FN_NM] => 하나은행
    [P_AMT] => 3000
    [P_UNAME] => 김영은
    [P_RMESG1] => P_VACCT_NO=20893808393037|P_EXP_DT=20251015
    [P_RMESG2] => 
    [P_NOTI] => 
    [P_AUTH_NO] => 
)

 Array
(
    [PageCall time] => 22:00:14
    [P_TID] => INIMX_VBNKCAEcatca0720251005215729825119
    [P_MID] => CAEcatca07
    [P_AUTH_DT] => 20251005220014
    [P_STATUS] => 02
    [P_TYPE] => VBANK
    [P_OID] => 251005-008
    [P_FN_CD1] => 88
    [P_FN_CD2] => 
    [P_FN_NM] => 신한은행
    [P_AMT] => 3000
    [P_UNAME] => 성진원
    [P_RMESG1] => P_VACCT_NO=56211103419376|P_EXP_DT=20251015
    [P_RMESG2] => 
    [P_NOTI] => 
    [P_AUTH_NO] => 
)

 Array
(
    [PageCall time] => 22:34:41
    [P_TID] => INIMX_VBNKCAEcatca0720251005223012585854
    [P_MID] => CAEcatca07
    [P_AUTH_DT] => 20251005223441
    [P_STATUS] => 02
    [P_TYPE] => VBANK
    [P_OID] => 251005-010
    [P_FN_CD1] => 88
    [P_FN_CD2] => 
    [P_FN_NM] => 신한은행
    [P_AMT] => 3000
    [P_UNAME] => 전주은
    [P_RMESG1] => P_VACCT_NO=56211103420221|P_EXP_DT=20251015
    [P_RMESG2] => 
    [P_NOTI] => 
    [P_AUTH_NO] => 
)

