 Array
(
    [PageCall time] => 09:25:46
    [P_TID] => INIMX_VBNKCAEcatca0720250804092316395899
    [P_MID] => CAEcatca07
    [P_AUTH_DT] => 20250804092546
    [P_STATUS] => 02
    [P_TYPE] => VBANK
    [P_OID] => 250804-001
    [P_FN_CD1] => 88
    [P_FN_CD2] => 
    [P_FN_NM] => 신한은행
    [P_AMT] => 3000
    [P_UNAME] => 이홍은
    [P_RMESG1] => P_VACCT_NO=56211990768906|P_EXP_DT=20250814
    [P_RMESG2] => 
    [P_NOTI] => 
    [P_AUTH_NO] => 
)

 Array
(
    [PageCall time] => 09:40:14
    [P_TID] => INIMX_VBNKCAEcatca0720250804093726295893
    [P_MID] => CAEcatca07
    [P_AUTH_DT] => 20250804094014
    [P_STATUS] => 02
    [P_TYPE] => VBANK
    [P_OID] => 250804-003
    [P_FN_CD1] => 11
    [P_FN_CD2] => 
    [P_FN_NM] => NH농협은행
    [P_AMT] => 3000
    [P_UNAME] => 박지숙
    [P_RMESG1] => P_VACCT_NO=79014289728502|P_EXP_DT=20250814
    [P_RMESG2] => 
    [P_NOTI] => 
    [P_AUTH_NO] => 
)

 Array
(
    [PageCall time] => 09:46:03
    [P_TID] => INIMX_VBNKCAEcatca0720250804094217305290
    [P_MID] => CAEcatca07
    [P_AUTH_DT] => 20250804094603
    [P_STATUS] => 02
    [P_TYPE] => VBANK
    [P_OID] => 250719-005
    [P_FN_CD1] => 39
    [P_FN_CD2] => 
    [P_FN_NM] => 경남은행
    [P_AMT] => 3000
    [P_UNAME] => 김지영
    [P_RMESG1] => P_VACCT_NO=573193486323|P_EXP_DT=20250814
    [P_RMESG2] => 
    [P_NOTI] => 
    [P_AUTH_NO] => 
)

 Array
(
    [PageCall time] => 09:50:06
    [P_TID] => INIMX_VBNKCAEcatca0720250804094908925357
    [P_MID] => CAEcatca07
    [P_AUTH_DT] => 20250804095006
    [P_STATUS] => 02
    [P_TYPE] => VBANK
    [P_OID] => 250804-004
    [P_FN_CD1] => 04
    [P_FN_CD2] => 
    [P_FN_NM] => KB국민은행
    [P_AMT] => 3000
    [P_UNAME] => 문미자
    [P_RMESG1] => P_VACCT_NO=49789079185892|P_EXP_DT=20250814
    [P_RMESG2] => 
    [P_NOTI] => 
    [P_AUTH_NO] => 
)

 Array
(
    [PageCall time] => 09:52:53
    [P_TID] => INIMX_VBNKCAEcatca0720250804094925455164
    [P_MID] => CAEcatca07
    [P_AUTH_DT] => 20250804095253
    [P_STATUS] => 02
    [P_TYPE] => VBANK
    [P_OID] => 250804-005
    [P_FN_CD1] => 20
    [P_FN_CD2] => 
    [P_FN_NM] => 우리은행
    [P_AMT] => 3000
    [P_UNAME] => 이윤정
    [P_RMESG1] => P_VACCT_NO=27388497418003|P_EXP_DT=20250814
    [P_RMESG2] => 
    [P_NOTI] => 
    [P_AUTH_NO] => 
)

 Array
(
    [PageCall time] => 10:13:35
    [P_TID] => INIMX_VBNKCAEcatca0720250804101109735167
    [P_MID] => CAEcatca07
    [P_AUTH_DT] => 20250804101335
    [P_STATUS] => 02
    [P_TYPE] => VBANK
    [P_OID] => 250804-006
    [P_FN_CD1] => 88
    [P_FN_CD2] => 
    [P_FN_NM] => 신한은행
    [P_AMT] => 3000
    [P_UNAME] => 이상원
    [P_RMESG1] => P_VACCT_NO=56211990773311|P_EXP_DT=20250814
    [P_RMESG2] => 
    [P_NOTI] => 
    [P_AUTH_NO] => 
)

 Array
(
    [PageCall time] => 10:37:21
    [P_TID] => INIMX_VBNKCAEcatca0720250804103449655644
    [P_MID] => CAEcatca07
    [P_AUTH_DT] => 20250804103721
    [P_STATUS] => 02
    [P_TYPE] => VBANK
    [P_OID] => 250804-008
    [P_FN_CD1] => 11
    [P_FN_CD2] => 
    [P_FN_NM] => NH농협은행
    [P_AMT] => 3000
    [P_UNAME] => 이상미
    [P_RMESG1] => P_VACCT_NO=79014289738696|P_EXP_DT=20250814
    [P_RMESG2] => 
    [P_NOTI] => 
    [P_AUTH_NO] => 
)

 Array
(
    [PageCall time] => 10:44:53
    [P_TID] => INIMX_VBNKCAEcatca0720250804104135115026
    [P_MID] => CAEcatca07
    [P_AUTH_DT] => 20250804104452
    [P_STATUS] => 02
    [P_TYPE] => VBANK
    [P_OID] => 250804-009
    [P_FN_CD1] => 32
    [P_FN_CD2] => 
    [P_FN_NM] => 부산은행
    [P_AMT] => 3000
    [P_UNAME] => 조경미
    [P_RMESG1] => P_VACCT_NO=109924935424|P_EXP_DT=20250814
    [P_RMESG2] => 
    [P_NOTI] => 
    [P_AUTH_NO] => 
)

 Array
(
    [PageCall time] => 10:54:00
    [P_TID] => INIMX_VBNKCAEcatca0720250804105320365239
    [P_MID] => CAEcatca07
    [P_AUTH_DT] => 20250804105400
    [P_STATUS] => 02
    [P_TYPE] => VBANK
    [P_OID] => 250804-011
    [P_FN_CD1] => 11
    [P_FN_CD2] => 
    [P_FN_NM] => NH농협은행
    [P_AMT] => 3000
    [P_UNAME] => 박경년
    [P_RMESG1] => P_VACCT_NO=79014289742020|P_EXP_DT=20250814
    [P_RMESG2] => 
    [P_NOTI] => 
    [P_AUTH_NO] => 
)

 Array
(
    [PageCall time] => 11:26:02
    [P_TID] => INIMX_VBNKCAEcatca0720250804112341535092
    [P_MID] => CAEcatca07
    [P_AUTH_DT] => 20250804112602
    [P_STATUS] => 02
    [P_TYPE] => VBANK
    [P_OID] => 250804-012
    [P_FN_CD1] => 11
    [P_FN_CD2] => 
    [P_FN_NM] => NH농협은행
    [P_AMT] => 3000
    [P_UNAME] => 이종국
    [P_RMESG1] => P_VACCT_NO=79014289747338|P_EXP_DT=20250814
    [P_RMESG2] => 
    [P_NOTI] => 
    [P_AUTH_NO] => 
)

 Array
(
    [PageCall time] => 11:35:19
    [P_TID] => INIMX_VBNKCAEcatca0720250804113216395688
    [P_MID] => CAEcatca07
    [P_AUTH_DT] => 20250804113519
    [P_STATUS] => 02
    [P_TYPE] => VBANK
    [P_OID] => 250804-015
    [P_FN_CD1] => 89
    [P_FN_CD2] => 
    [P_FN_NM] => 케이뱅크
    [P_AMT] => 3000
    [P_UNAME] => 최은호
    [P_RMESG1] => P_VACCT_NO=70112004109634|P_EXP_DT=20250814
    [P_RMESG2] => 
    [P_NOTI] => 
    [P_AUTH_NO] => 
)

 Array
(
    [PageCall time] => 11:44:30
    [P_TID] => INIMX_VBNKCAEcatca0720250804114111915435
    [P_MID] => CAEcatca07
    [P_AUTH_DT] => 20250804114430
    [P_STATUS] => 02
    [P_TYPE] => VBANK
    [P_OID] => 250804-007
    [P_FN_CD1] => 81
    [P_FN_CD2] => 
    [P_FN_NM] => 하나은행
    [P_AMT] => 3000
    [P_UNAME] => 고재선
    [P_RMESG1] => P_VACCT_NO=20893931176137|P_EXP_DT=20250814
    [P_RMESG2] => 
    [P_NOTI] => 
    [P_AUTH_NO] => 
)

 Array
(
    [PageCall time] => 11:51:26
    [P_TID] => INIMX_VBNKCAEcatca0720250804114712915075
    [P_MID] => CAEcatca07
    [P_AUTH_DT] => 20250804115126
    [P_STATUS] => 02
    [P_TYPE] => VBANK
    [P_OID] => 250804-016
    [P_FN_CD1] => 03
    [P_FN_CD2] => 
    [P_FN_NM] => 기업은행
    [P_AMT] => 3000
    [P_UNAME] => 김정선
    [P_RMESG1] => P_VACCT_NO=07503159397025|P_EXP_DT=20250814
    [P_RMESG2] => 
    [P_NOTI] => 
    [P_AUTH_NO] => 
)

 Array
(
    [PageCall time] => 12:03:56
    [P_TID] => INIMX_VBNKCAEcatca0720250804120124545102
    [P_MID] => CAEcatca07
    [P_AUTH_DT] => 20250804120356
    [P_STATUS] => 02
    [P_TYPE] => VBANK
    [P_OID] => 250804-017
    [P_FN_CD1] => 89
    [P_FN_CD2] => 
    [P_FN_NM] => 케이뱅크
    [P_AMT] => 3000
    [P_UNAME] => 백선아
    [P_RMESG1] => P_VACCT_NO=70112004109932|P_EXP_DT=20250814
    [P_RMESG2] => 
    [P_NOTI] => 
    [P_AUTH_NO] => 
)

 Array
(
    [PageCall time] => 12:07:49
    [P_TID] => INIMX_VBNKCAEcatca0720250804120710225190
    [P_MID] => CAEcatca07
    [P_AUTH_DT] => 20250804120749
    [P_STATUS] => 02
    [P_TYPE] => VBANK
    [P_OID] => 250804-018
    [P_FN_CD1] => 04
    [P_FN_CD2] => 
    [P_FN_NM] => KB국민은행
    [P_AMT] => 3000
    [P_UNAME] => 이미선
    [P_RMESG1] => P_VACCT_NO=26159078889587|P_EXP_DT=20250814
    [P_RMESG2] => 
    [P_NOTI] => 
    [P_AUTH_NO] => 
)

 Array
(
    [PageCall time] => 13:16:16
    [P_TID] => INIMX_VBNKCAEcatca0720250804131455705931
    [P_MID] => CAEcatca07
    [P_AUTH_DT] => 20250804131616
    [P_STATUS] => 02
    [P_TYPE] => VBANK
    [P_OID] => 250804-019
    [P_FN_CD1] => 11
    [P_FN_CD2] => 
    [P_FN_NM] => NH농협은행
    [P_AMT] => 3000
    [P_UNAME] => 박정숙
    [P_RMESG1] => P_VACCT_NO=79014289761955|P_EXP_DT=20250814
    [P_RMESG2] => 
    [P_NOTI] => 
    [P_AUTH_NO] => 
)

 Array
(
    [PageCall time] => 13:47:28
    [P_TID] => INIMX_VBNKCAEcatca0720250804134417105415
    [P_MID] => CAEcatca07
    [P_AUTH_DT] => 20250804134728
    [P_STATUS] => 02
    [P_TYPE] => VBANK
    [P_OID] => 250804-023
    [P_FN_CD1] => 20
    [P_FN_CD2] => 
    [P_FN_NM] => 우리은행
    [P_AMT] => 3000
    [P_UNAME] => 박수봉
    [P_RMESG1] => P_VACCT_NO=27388515818251|P_EXP_DT=20250814
    [P_RMESG2] => 
    [P_NOTI] => 
    [P_AUTH_NO] => 
)

 Array
(
    [PageCall time] => 13:55:32
    [P_TID] => INIMX_VBNKCAEcatca0720250804135413385225
    [P_MID] => CAEcatca07
    [P_AUTH_DT] => 20250804135532
    [P_STATUS] => 02
    [P_TYPE] => VBANK
    [P_OID] => 250804-025
    [P_FN_CD1] => 11
    [P_FN_CD2] => 
    [P_FN_NM] => NH농협은행
    [P_AMT] => 3000
    [P_UNAME] => 내환규
    [P_RMESG1] => P_VACCT_NO=79014289769279|P_EXP_DT=20250814
    [P_RMESG2] => 
    [P_NOTI] => 
    [P_AUTH_NO] => 
)

 Array
(
    [PageCall time] => 13:56:00
    [P_TID] => INIMX_VBNKCAEcatca0720250804135258515927
    [P_MID] => CAEcatca07
    [P_AUTH_DT] => 20250804135600
    [P_STATUS] => 02
    [P_TYPE] => VBANK
    [P_OID] => 250804-024
    [P_FN_CD1] => 20
    [P_FN_CD2] => 
    [P_FN_NM] => 우리은행
    [P_AMT] => 3000
    [P_UNAME] => 이숙연
    [P_RMESG1] => P_VACCT_NO=27388515818851|P_EXP_DT=20250814
    [P_RMESG2] => 
    [P_NOTI] => 
    [P_AUTH_NO] => 
)

 Array
(
    [PageCall time] => 14:03:41
    [P_TID] => INIMX_VBNKCAEcatca0720250804140235265357
    [P_MID] => CAEcatca07
    [P_AUTH_DT] => 20250804140341
    [P_STATUS] => 02
    [P_TYPE] => VBANK
    [P_OID] => 250804-029
    [P_FN_CD1] => 11
    [P_FN_CD2] => 
    [P_FN_NM] => NH농협은행
    [P_AMT] => 3000
    [P_UNAME] => 김민화
    [P_RMESG1] => P_VACCT_NO=79014289771500|P_EXP_DT=20250814
    [P_RMESG2] => 
    [P_NOTI] => 
    [P_AUTH_NO] => 
)

 Array
(
    [PageCall time] => 14:15:08
    [P_TID] => INIMX_VBNKCAEcatca0720250804141212485558
    [P_MID] => CAEcatca07
    [P_AUTH_DT] => 20250804141508
    [P_STATUS] => 02
    [P_TYPE] => VBANK
    [P_OID] => 250804-030
    [P_FN_CD1] => 88
    [P_FN_CD2] => 
    [P_FN_NM] => 신한은행
    [P_AMT] => 3000
    [P_UNAME] => 박정화
    [P_RMESG1] => P_VACCT_NO=56211990794564|P_EXP_DT=20250814
    [P_RMESG2] => 
    [P_NOTI] => 
    [P_AUTH_NO] => 
)

 Array
(
    [PageCall time] => 14:34:17
    [P_TID] => INIMX_VBNKCAEcatca0720250804143343855066
    [P_MID] => CAEcatca07
    [P_AUTH_DT] => 20250804143417
    [P_STATUS] => 02
    [P_TYPE] => VBANK
    [P_OID] => 250804-021
    [P_FN_CD1] => 04
    [P_FN_CD2] => 
    [P_FN_NM] => KB국민은행
    [P_AMT] => 3000
    [P_UNAME] => 김현우
    [P_RMESG1] => P_VACCT_NO=39319011312163|P_EXP_DT=20250814
    [P_RMESG2] => 
    [P_NOTI] => 
    [P_AUTH_NO] => 
)

 Array
(
    [PageCall time] => 14:44:31
    [P_TID] => INIMX_VBNKCAEcatca0720250804144127805046
    [P_MID] => CAEcatca07
    [P_AUTH_DT] => 20250804144431
    [P_STATUS] => 02
    [P_TYPE] => VBANK
    [P_OID] => 250804-031
    [P_FN_CD1] => 88
    [P_FN_CD2] => 
    [P_FN_NM] => 신한은행
    [P_AMT] => 3000
    [P_UNAME] => 이지희
    [P_RMESG1] => P_VACCT_NO=56211990797524|P_EXP_DT=20250814
    [P_RMESG2] => 
    [P_NOTI] => 
    [P_AUTH_NO] => 
)

 Array
(
    [PageCall time] => 14:49:31
    [P_TID] => INIMX_VBNKCAEcatca0720250804144807705302
    [P_MID] => CAEcatca07
    [P_AUTH_DT] => 20250804144931
    [P_STATUS] => 02
    [P_TYPE] => VBANK
    [P_OID] => 250804-014
    [P_FN_CD1] => 04
    [P_FN_CD2] => 
    [P_FN_NM] => KB국민은행
    [P_AMT] => 3000
    [P_UNAME] => 김기윤
    [P_RMESG1] => P_VACCT_NO=39319011360221|P_EXP_DT=20250814
    [P_RMESG2] => 
    [P_NOTI] => 
    [P_AUTH_NO] => 
)

 Array
(
    [PageCall time] => 14:58:03
    [P_TID] => INIMX_VBNKCAEcatca0720250804145333465351
    [P_MID] => CAEcatca07
    [P_AUTH_DT] => 20250804145803
    [P_STATUS] => 02
    [P_TYPE] => VBANK
    [P_OID] => 250804-033
    [P_FN_CD1] => 20
    [P_FN_CD2] => 
    [P_FN_NM] => 우리은행
    [P_AMT] => 3000
    [P_UNAME] => 노정희
    [P_RMESG1] => P_VACCT_NO=27388522218973|P_EXP_DT=20250814
    [P_RMESG2] => 
    [P_NOTI] => 
    [P_AUTH_NO] => 
)

 Array
(
    [PageCall time] => 15:25:19
    [P_TID] => INIMX_VBNKCAEcatca0720250804152436225563
    [P_MID] => CAEcatca07
    [P_AUTH_DT] => 20250804152519
    [P_STATUS] => 02
    [P_TYPE] => VBANK
    [P_OID] => 250804-036
    [P_FN_CD1] => 11
    [P_FN_CD2] => 
    [P_FN_NM] => NH농협은행
    [P_AMT] => 3000
    [P_UNAME] => 라미숙
    [P_RMESG1] => P_VACCT_NO=79014289786319|P_EXP_DT=20250814
    [P_RMESG2] => 
    [P_NOTI] => 
    [P_AUTH_NO] => 
)

 Array
(
    [PageCall time] => 15:43:16
    [P_TID] => INIMX_VBNKCAEcatca0720250804154150865047
    [P_MID] => CAEcatca07
    [P_AUTH_DT] => 20250804154316
    [P_STATUS] => 02
    [P_TYPE] => VBANK
    [P_OID] => 250730-024
    [P_FN_CD1] => 11
    [P_FN_CD2] => 
    [P_FN_NM] => NH농협은행
    [P_AMT] => 3000
    [P_UNAME] => 고성훈
    [P_RMESG1] => P_VACCT_NO=79014289789000|P_EXP_DT=20250814
    [P_RMESG2] => 
    [P_NOTI] => 
    [P_AUTH_NO] => 
)

 Array
(
    [PageCall time] => 15:51:07
    [P_TID] => INIMX_VBNKCAEcatca0720250804154752195531
    [P_MID] => CAEcatca07
    [P_AUTH_DT] => 20250804155107
    [P_STATUS] => 02
    [P_TYPE] => VBANK
    [P_OID] => 250804-037
    [P_FN_CD1] => 03
    [P_FN_CD2] => 
    [P_FN_NM] => 기업은행
    [P_AMT] => 3000
    [P_UNAME] => 죄경자
    [P_RMESG1] => P_VACCT_NO=07503161997233|P_EXP_DT=20250814
    [P_RMESG2] => 
    [P_NOTI] => 
    [P_AUTH_NO] => 
)

 Array
(
    [PageCall time] => 15:53:56
    [P_TID] => INIMX_VBNKCAEcatca0720250804154747755928
    [P_MID] => CAEcatca07
    [P_AUTH_DT] => 20250804155356
    [P_STATUS] => 02
    [P_TYPE] => VBANK
    [P_OID] => 250731-010
    [P_FN_CD1] => 11
    [P_FN_CD2] => 
    [P_FN_NM] => NH농협은행
    [P_AMT] => 3000
    [P_UNAME] => 정현도
    [P_RMESG1] => P_VACCT_NO=79014289789722|P_EXP_DT=20250814
    [P_RMESG2] => 
    [P_NOTI] => 
    [P_AUTH_NO] => 
)

 Array
(
    [PageCall time] => 15:57:14
    [P_TID] => INIMX_VBNKCAEcatca0720250804155204345063
    [P_MID] => CAEcatca07
    [P_AUTH_DT] => 20250804155714
    [P_STATUS] => 02
    [P_TYPE] => VBANK
    [P_OID] => 250804-038
    [P_FN_CD1] => 03
    [P_FN_CD2] => 
    [P_FN_NM] => 기업은행
    [P_AMT] => 3000
    [P_UNAME] => 홍혜윤
    [P_RMESG1] => P_VACCT_NO=07503162097297|P_EXP_DT=20250814
    [P_RMESG2] => 
    [P_NOTI] => 
    [P_AUTH_NO] => 
)

 Array
(
    [PageCall time] => 15:58:48
    [P_TID] => INIMX_VBNKCAEcatca0720250804155630305696
    [P_MID] => CAEcatca07
    [P_AUTH_DT] => 20250804155848
    [P_STATUS] => 02
    [P_TYPE] => VBANK
    [P_OID] => 250804-027
    [P_FN_CD1] => 23
    [P_FN_CD2] => 
    [P_FN_NM] => SC은행
    [P_AMT] => 3000
    [P_UNAME] => 김창주
    [P_RMESG1] => P_VACCT_NO=46416006218700|P_EXP_DT=20250814
    [P_RMESG2] => 
    [P_NOTI] => 
    [P_AUTH_NO] => 
)

 Array
(
    [PageCall time] => 16:10:24
    [P_TID] => INIMX_VBNKCAEcatca0720250804160955395858
    [P_MID] => CAEcatca07
    [P_AUTH_DT] => 20250804161024
    [P_STATUS] => 02
    [P_TYPE] => VBANK
    [P_OID] => 250804-039
    [P_FN_CD1] => 04
    [P_FN_CD2] => 
    [P_FN_NM] => KB국민은행
    [P_AMT] => 3000
    [P_UNAME] => 한효정
    [P_RMESG1] => P_VACCT_NO=39449011660627|P_EXP_DT=20250814
    [P_RMESG2] => 
    [P_NOTI] => 
    [P_AUTH_NO] => 
)

 Array
(
    [PageCall time] => 16:42:33
    [P_TID] => INIMX_VBNKCAEcatca0720250802202340855502
    [P_MID] => CAEcatca07
    [P_AUTH_DT] => 20250804164233
    [P_STATUS] => 02
    [P_TYPE] => VBANK
    [P_OID] => 250802-007
    [P_FN_CD1] => 11
    [P_FN_CD2] => 
    [P_FN_NM] => NH농협은행
    [P_AMT] => 3000
    [P_UNAME] => 정성경
    [P_RMESG1] => P_VACCT_NO=79014289598401|P_EXP_DT=20250812
    [P_RMESG2] => 
    [P_NOTI] => 
    [P_AUTH_NO] => 
)

 Array
(
    [PageCall time] => 16:55:00
    [P_TID] => INIMX_VBNKCAEcatca0720250804165349355288
    [P_MID] => CAEcatca07
    [P_AUTH_DT] => 20250804165500
    [P_STATUS] => 02
    [P_TYPE] => VBANK
    [P_OID] => 250804-042
    [P_FN_CD1] => 04
    [P_FN_CD2] => 
    [P_FN_NM] => KB국민은행
    [P_AMT] => 3000
    [P_UNAME] => 김삼자
    [P_RMESG1] => P_VACCT_NO=40139011987006|P_EXP_DT=20250814
    [P_RMESG2] => 
    [P_NOTI] => 
    [P_AUTH_NO] => 
)

 Array
(
    [PageCall time] => 17:05:07
    [P_TID] => INIMX_VBNKCAEcatca0720250804170416895591
    [P_MID] => CAEcatca07
    [P_AUTH_DT] => 20250804170507
    [P_STATUS] => 02
    [P_TYPE] => VBANK
    [P_OID] => 250801-024
    [P_FN_CD1] => 04
    [P_FN_CD2] => 
    [P_FN_NM] => KB국민은행
    [P_AMT] => 3000
    [P_UNAME] => 이성기
    [P_RMESG1] => P_VACCT_NO=40849011224188|P_EXP_DT=20250814
    [P_RMESG2] => 
    [P_NOTI] => 
    [P_AUTH_NO] => 
)

 Array
(
    [PageCall time] => 17:16:52
    [P_TID] => INIMX_VBNKCAEcatca0720250804171343825024
    [P_MID] => CAEcatca07
    [P_AUTH_DT] => 20250804171652
    [P_STATUS] => 02
    [P_TYPE] => VBANK
    [P_OID] => 250804-045
    [P_FN_CD1] => 81
    [P_FN_CD2] => 
    [P_FN_NM] => 하나은행
    [P_AMT] => 3000
    [P_UNAME] => 임원종
    [P_RMESG1] => P_VACCT_NO=20893932817537|P_EXP_DT=20250814
    [P_RMESG2] => 
    [P_NOTI] => 
    [P_AUTH_NO] => 
)

 Array
(
    [PageCall time] => 17:22:03
    [P_TID] => INIMX_VBNKCAEcatca0720250804172136275415
    [P_MID] => CAEcatca07
    [P_AUTH_DT] => 20250804172203
    [P_STATUS] => 02
    [P_TYPE] => VBANK
    [P_OID] => 250804-046
    [P_FN_CD1] => 04
    [P_FN_CD2] => 
    [P_FN_NM] => KB국민은행
    [P_AMT] => 3000
    [P_UNAME] => 정재문
    [P_RMESG1] => P_VACCT_NO=41789011666371|P_EXP_DT=20250814
    [P_RMESG2] => 
    [P_NOTI] => 
    [P_AUTH_NO] => 
)

 Array
(
    [PageCall time] => 17:45:26
    [P_TID] => INIMX_VBNKCAEcatca0720250804174446425680
    [P_MID] => CAEcatca07
    [P_AUTH_DT] => 20250804174526
    [P_STATUS] => 02
    [P_TYPE] => VBANK
    [P_OID] => 250729-053
    [P_FN_CD1] => 04
    [P_FN_CD2] => 
    [P_FN_NM] => KB국민은행
    [P_AMT] => 3000
    [P_UNAME] => 김보라
    [P_RMESG1] => P_VACCT_NO=41989011504970|P_EXP_DT=20250814
    [P_RMESG2] => 
    [P_NOTI] => 
    [P_AUTH_NO] => 
)

 Array
(
    [PageCall time] => 18:42:03
    [P_TID] => INIMX_VBNKCAEcatca0720250804183903495027
    [P_MID] => CAEcatca07
    [P_AUTH_DT] => 20250804184203
    [P_STATUS] => 02
    [P_TYPE] => VBANK
    [P_OID] => 250804-049
    [P_FN_CD1] => 32
    [P_FN_CD2] => 
    [P_FN_NM] => 부산은행
    [P_AMT] => 3000
    [P_UNAME] => 이형주
    [P_RMESG1] => P_VACCT_NO=109924941285|P_EXP_DT=20250814
    [P_RMESG2] => 
    [P_NOTI] => 
    [P_AUTH_NO] => 
)

 Array
(
    [PageCall time] => 19:49:41
    [P_TID] => INIMX_VBNKCAEcatca0720250801101310545654
    [P_MID] => CAEcatca07
    [P_AUTH_DT] => 20250804194941
    [P_STATUS] => 02
    [P_TYPE] => VBANK
    [P_OID] => 250801-005
    [P_FN_CD1] => 88
    [P_FN_CD2] => 
    [P_FN_NM] => 신한은행
    [P_AMT] => 3000
    [P_UNAME] => 최광진
    [P_RMESG1] => P_VACCT_NO=56211990640167|P_EXP_DT=20250811
    [P_RMESG2] => 
    [P_NOTI] => 
    [P_AUTH_NO] => 
)

 Array
(
    [PageCall time] => 20:01:12
    [P_TID] => INIMX_VBNKCAEcatca0720250804195828175371
    [P_MID] => CAEcatca07
    [P_AUTH_DT] => 20250804200112
    [P_STATUS] => 02
    [P_TYPE] => VBANK
    [P_OID] => 250804-026
    [P_FN_CD1] => 88
    [P_FN_CD2] => 
    [P_FN_NM] => 신한은행
    [P_AMT] => 3000
    [P_UNAME] => 송민진
    [P_RMESG1] => P_VACCT_NO=56211990824772|P_EXP_DT=20250814
    [P_RMESG2] => 
    [P_NOTI] => 
    [P_AUTH_NO] => 
)

 Array
(
    [PageCall time] => 20:29:05
    [P_TID] => INIMX_VBNKCAEcatca0720250804202623325445
    [P_MID] => CAEcatca07
    [P_AUTH_DT] => 20250804202905
    [P_STATUS] => 02
    [P_TYPE] => VBANK
    [P_OID] => 250804-051
    [P_FN_CD1] => 88
    [P_FN_CD2] => 
    [P_FN_NM] => 신한은행
    [P_AMT] => 3000
    [P_UNAME] => 이유나
    [P_RMESG1] => P_VACCT_NO=56211990826072|P_EXP_DT=20250814
    [P_RMESG2] => 
    [P_NOTI] => 
    [P_AUTH_NO] => 
)

 Array
(
    [PageCall time] => 21:20:11
    [P_TID] => INIMX_VBNKCAEcatca0720250804211933255609
    [P_MID] => CAEcatca07
    [P_AUTH_DT] => 20250804212011
    [P_STATUS] => 02
    [P_TYPE] => VBANK
    [P_OID] => 250804-053
    [P_FN_CD1] => 11
    [P_FN_CD2] => 
    [P_FN_NM] => NH농협은행
    [P_AMT] => 3000
    [P_UNAME] => 김태헌
    [P_RMESG1] => P_VACCT_NO=79014289829513|P_EXP_DT=20250814
    [P_RMESG2] => 
    [P_NOTI] => 
    [P_AUTH_NO] => 
)

