 Array
(
    [PageCall time] => 08:54:57
    [P_TID] => INIMX_VBNKCAEcatca0720251130085232825454
    [P_MID] => CAEcatca07
    [P_AUTH_DT] => 20251130085457
    [P_STATUS] => 02
    [P_TYPE] => VBANK
    [P_OID] => 251130-002
    [P_FN_CD1] => 88
    [P_FN_CD2] => 
    [P_FN_NM] => 신한은행
    [P_AMT] => 3000
    [P_UNAME] => 이선호
    [P_RMESG1] => P_VACCT_NO=56211106562007|P_EXP_DT=20251210
    [P_RMESG2] => 
    [P_NOTI] => 
    [P_AUTH_NO] => 
)

 Array
(
    [PageCall time] => 09:42:10
    [P_TID] => INIMX_VBNKCAEcatca0720251130093945415645
    [P_MID] => CAEcatca07
    [P_AUTH_DT] => 20251130094210
    [P_STATUS] => 02
    [P_TYPE] => VBANK
    [P_OID] => 251130-004
    [P_FN_CD1] => 11
    [P_FN_CD2] => 
    [P_FN_NM] => NH농협은행
    [P_AMT] => 3000
    [P_UNAME] => 공병숙
    [P_RMESG1] => P_VACCT_NO=79015904172494|P_EXP_DT=20251210
    [P_RMESG2] => 
    [P_NOTI] => 
    [P_AUTH_NO] => 
)

 Array
(
    [PageCall time] => 10:17:28
    [P_TID] => INIMX_VBNKCAEcatca0720251130101552195746
    [P_MID] => CAEcatca07
    [P_AUTH_DT] => 20251130101728
    [P_STATUS] => 02
    [P_TYPE] => VBANK
    [P_OID] => 251130-005
    [P_FN_CD1] => 11
    [P_FN_CD2] => 
    [P_FN_NM] => NH농협은행
    [P_AMT] => 3000
    [P_UNAME] => 심흥섭
    [P_RMESG1] => P_VACCT_NO=79015904176191|P_EXP_DT=20251210
    [P_RMESG2] => 
    [P_NOTI] => 
    [P_AUTH_NO] => 
)

 Array
(
    [PageCall time] => 10:43:36
    [P_TID] => INIMX_VBNKCAEcatca0720251130104048325419
    [P_MID] => CAEcatca07
    [P_AUTH_DT] => 20251130104336
    [P_STATUS] => 02
    [P_TYPE] => VBANK
    [P_OID] => 251130-006
    [P_FN_CD1] => 31
    [P_FN_CD2] => 
    [P_FN_NM] => 아이엠뱅크(대구은행)
    [P_AMT] => 3000
    [P_UNAME] => 나성은
    [P_RMESG1] => P_VACCT_NO=9600362451464|P_EXP_DT=20251210
    [P_RMESG2] => 
    [P_NOTI] => 
    [P_AUTH_NO] => 
)

 Array
(
    [PageCall time] => 12:28:31
    [P_TID] => INIMX_VBNKCAEcatca0720251130122439405086
    [P_MID] => CAEcatca07
    [P_AUTH_DT] => 20251130122831
    [P_STATUS] => 02
    [P_TYPE] => VBANK
    [P_OID] => 251130-007
    [P_FN_CD1] => 04
    [P_FN_CD2] => 
    [P_FN_NM] => KB국민은행
    [P_AMT] => 3000
    [P_UNAME] => 정다슬
    [P_RMESG1] => P_VACCT_NO=26159078587391|P_EXP_DT=20251210
    [P_RMESG2] => 
    [P_NOTI] => 
    [P_AUTH_NO] => 
)

 Array
(
    [PageCall time] => 14:36:28
    [P_TID] => INIMX_VBNKCAEcatca0720251130143112215839
    [P_MID] => CAEcatca07
    [P_AUTH_DT] => 20251130143628
    [P_STATUS] => 02
    [P_TYPE] => VBANK
    [P_OID] => 251130-008
    [P_FN_CD1] => 81
    [P_FN_CD2] => 
    [P_FN_NM] => 하나은행
    [P_AMT] => 3000
    [P_UNAME] => 정미정
    [P_RMESG1] => P_VACCT_NO=20894077774537|P_EXP_DT=20251210
    [P_RMESG2] => 
    [P_NOTI] => 
    [P_AUTH_NO] => 
)

 Array
(
    [PageCall time] => 15:53:49
    [P_TID] => INIMX_VBNKCAEcatca0720251130155056635193
    [P_MID] => CAEcatca07
    [P_AUTH_DT] => 20251130155349
    [P_STATUS] => 02
    [P_TYPE] => VBANK
    [P_OID] => 251130-003
    [P_FN_CD1] => 34
    [P_FN_CD2] => 
    [P_FN_NM] => 광주은행
    [P_AMT] => 3000
    [P_UNAME] => 임순화
    [P_RMESG1] => P_VACCT_NO=810865157460|P_EXP_DT=20251210
    [P_RMESG2] => 
    [P_NOTI] => 
    [P_AUTH_NO] => 
)

 Array
(
    [PageCall time] => 16:44:49
    [P_TID] => INIMX_VBNKCAEcatca0720251130164400845237
    [P_MID] => CAEcatca07
    [P_AUTH_DT] => 20251130164449
    [P_STATUS] => 02
    [P_TYPE] => VBANK
    [P_OID] => 251130-009
    [P_FN_CD1] => 11
    [P_FN_CD2] => 
    [P_FN_NM] => NH농협은행
    [P_AMT] => 3000
    [P_UNAME] => 이동희
    [P_RMESG1] => P_VACCT_NO=79015904234920|P_EXP_DT=20251210
    [P_RMESG2] => 
    [P_NOTI] => 
    [P_AUTH_NO] => 
)

 Array
(
    [PageCall time] => 19:19:44
    [P_TID] => INIMX_VBNKCAEcatca0720251130191848495409
    [P_MID] => CAEcatca07
    [P_AUTH_DT] => 20251130191944
    [P_STATUS] => 02
    [P_TYPE] => VBANK
    [P_OID] => 251130-010
    [P_FN_CD1] => 11
    [P_FN_CD2] => 
    [P_FN_NM] => NH농협은행
    [P_AMT] => 3000
    [P_UNAME] => 이진희
    [P_RMESG1] => P_VACCT_NO=79015904252374|P_EXP_DT=20251210
    [P_RMESG2] => 
    [P_NOTI] => 
    [P_AUTH_NO] => 
)

