 Array
(
    [PageCall time] => 00:19:45
    [P_TID] => INIMX_VBNKCAEcatca0720260103001653275955
    [P_MID] => CAEcatca07
    [P_AUTH_DT] => 20260103001945
    [P_STATUS] => 02
    [P_TYPE] => VBANK
    [P_OID] => 260102-047
    [P_FN_CD1] => 88
    [P_FN_CD2] => 
    [P_FN_NM] => 신한은행
    [P_AMT] => 3000
    [P_UNAME] => 이상준
    [P_RMESG1] => P_VACCT_NO=56211992135704|P_EXP_DT=20260113
    [P_RMESG2] => 
    [P_NOTI] => 
    [P_AUTH_NO] => 
)

 Array
(
    [PageCall time] => 09:36:41
    [P_TID] => INIMX_VBNKCAEcatca0720260103093354585054
    [P_MID] => CAEcatca07
    [P_AUTH_DT] => 20260103093641
    [P_STATUS] => 02
    [P_TYPE] => VBANK
    [P_OID] => 251229-023
    [P_FN_CD1] => 04
    [P_FN_CD2] => 
    [P_FN_NM] => KB국민은행
    [P_AMT] => 3000
    [P_UNAME] => 송민경
    [P_RMESG1] => P_VACCT_NO=51139079490612|P_EXP_DT=20260113
    [P_RMESG2] => 
    [P_NOTI] => 
    [P_AUTH_NO] => 
)

 Array
(
    [PageCall time] => 10:19:17
    [P_TID] => INIMX_VBNKCAEcatca0720260103101344585214
    [P_MID] => CAEcatca07
    [P_AUTH_DT] => 20260103101917
    [P_STATUS] => 02
    [P_TYPE] => VBANK
    [P_OID] => 260102-049
    [P_FN_CD1] => 03
    [P_FN_CD2] => 
    [P_FN_NM] => 기업은행
    [P_AMT] => 3000
    [P_UNAME] => 오성호
    [P_RMESG1] => P_VACCT_NO=07503418197679|P_EXP_DT=20260113
    [P_RMESG2] => 
    [P_NOTI] => 
    [P_AUTH_NO] => 
)

 Array
(
    [PageCall time] => 10:45:23
    [P_TID] => INIMX_VBNKCAEcatca0720260103104238905475
    [P_MID] => CAEcatca07
    [P_AUTH_DT] => 20260103104522
    [P_STATUS] => 02
    [P_TYPE] => VBANK
    [P_OID] => 260103-003
    [P_FN_CD1] => 04
    [P_FN_CD2] => 
    [P_FN_NM] => KB국민은행
    [P_AMT] => 3000
    [P_UNAME] => 조정애
    [P_RMESG1] => P_VACCT_NO=53049079036769|P_EXP_DT=20260113
    [P_RMESG2] => 
    [P_NOTI] => 
    [P_AUTH_NO] => 
)

 Array
(
    [PageCall time] => 10:49:25
    [P_TID] => INIMX_VBNKCAEcatca0720260103104638125152
    [P_MID] => CAEcatca07
    [P_AUTH_DT] => 20260103104925
    [P_STATUS] => 02
    [P_TYPE] => VBANK
    [P_OID] => 260103-004
    [P_FN_CD1] => 20
    [P_FN_CD2] => 
    [P_FN_NM] => 우리은행
    [P_AMT] => 3000
    [P_UNAME] => 전양수
    [P_RMESG1] => P_VACCT_NO=27488869618655|P_EXP_DT=20260113
    [P_RMESG2] => 
    [P_NOTI] => 
    [P_AUTH_NO] => 
)

 Array
(
    [PageCall time] => 10:53:38
    [P_TID] => INIMX_VBNKCAEcatca0720260103104958155104
    [P_MID] => CAEcatca07
    [P_AUTH_DT] => 20260103105338
    [P_STATUS] => 02
    [P_TYPE] => VBANK
    [P_OID] => 260103-005
    [P_FN_CD1] => 04
    [P_FN_CD2] => 
    [P_FN_NM] => KB국민은행
    [P_AMT] => 3000
    [P_UNAME] => 홍사세
    [P_RMESG1] => P_VACCT_NO=53049079070925|P_EXP_DT=20260113
    [P_RMESG2] => 
    [P_NOTI] => 
    [P_AUTH_NO] => 
)

 Array
(
    [PageCall time] => 11:51:54
    [P_TID] => INIMX_VBNKCAEcatca0720260103115049315067
    [P_MID] => CAEcatca07
    [P_AUTH_DT] => 20260103115154
    [P_STATUS] => 02
    [P_TYPE] => VBANK
    [P_OID] => 260103-006
    [P_FN_CD1] => 11
    [P_FN_CD2] => 
    [P_FN_NM] => NH농협은행
    [P_AMT] => 3000
    [P_UNAME] => 조미경
    [P_RMESG1] => P_VACCT_NO=79010588740722|P_EXP_DT=20260113
    [P_RMESG2] => 
    [P_NOTI] => 
    [P_AUTH_NO] => 
)

 Array
(
    [PageCall time] => 12:08:10
    [P_TID] => INIMX_VBNKCAEcatca0720260103120729655739
    [P_MID] => CAEcatca07
    [P_AUTH_DT] => 20260103120810
    [P_STATUS] => 02
    [P_TYPE] => VBANK
    [P_OID] => 260103-007
    [P_FN_CD1] => 11
    [P_FN_CD2] => 
    [P_FN_NM] => NH농협은행
    [P_AMT] => 3000
    [P_UNAME] => 신현아
    [P_RMESG1] => P_VACCT_NO=79010588743036|P_EXP_DT=20260113
    [P_RMESG2] => 
    [P_NOTI] => 
    [P_AUTH_NO] => 
)

 Array
(
    [PageCall time] => 12:18:30
    [P_TID] => INIMX_VBNKCAEcatca0720260103121547105393
    [P_MID] => CAEcatca07
    [P_AUTH_DT] => 20260103121830
    [P_STATUS] => 02
    [P_TYPE] => VBANK
    [P_OID] => 260103-008
    [P_FN_CD1] => 20
    [P_FN_CD2] => 
    [P_FN_NM] => 우리은행
    [P_AMT] => 3000
    [P_UNAME] => 이경민
    [P_RMESG1] => P_VACCT_NO=27488871818271|P_EXP_DT=20260113
    [P_RMESG2] => 
    [P_NOTI] => 
    [P_AUTH_NO] => 
)

 Array
(
    [PageCall time] => 14:51:19
    [P_TID] => INIMX_VBNKCAEcatca0720260103144807415607
    [P_MID] => CAEcatca07
    [P_AUTH_DT] => 20260103145119
    [P_STATUS] => 02
    [P_TYPE] => VBANK
    [P_OID] => 260103-011
    [P_FN_CD1] => 03
    [P_FN_CD2] => 
    [P_FN_NM] => 기업은행
    [P_AMT] => 3000
    [P_UNAME] => 전이지
    [P_RMESG1] => P_VACCT_NO=07503418897507|P_EXP_DT=20260113
    [P_RMESG2] => 
    [P_NOTI] => 
    [P_AUTH_NO] => 
)

 Array
(
    [PageCall time] => 15:46:17
    [P_TID] => INIMX_VBNKCAEcatca0720260103154553085152
    [P_MID] => CAEcatca07
    [P_AUTH_DT] => 20260103154617
    [P_STATUS] => 02
    [P_TYPE] => VBANK
    [P_OID] => 260103-015
    [P_FN_CD1] => 11
    [P_FN_CD2] => 
    [P_FN_NM] => NH농협은행
    [P_AMT] => 3000
    [P_UNAME] => 염창성
    [P_RMESG1] => P_VACCT_NO=79010588763916|P_EXP_DT=20260113
    [P_RMESG2] => 
    [P_NOTI] => 
    [P_AUTH_NO] => 
)

 Array
(
    [PageCall time] => 21:07:15
    [P_TID] => INIMX_VBNKCAEcatca0720260103210427695582
    [P_MID] => CAEcatca07
    [P_AUTH_DT] => 20260103210715
    [P_STATUS] => 02
    [P_TYPE] => VBANK
    [P_OID] => 260103-017
    [P_FN_CD1] => 04
    [P_FN_CD2] => 
    [P_FN_NM] => KB국민은행
    [P_AMT] => 3000
    [P_UNAME] => 황지수
    [P_RMESG1] => P_VACCT_NO=60519014352344|P_EXP_DT=20260113
    [P_RMESG2] => 
    [P_NOTI] => 
    [P_AUTH_NO] => 
)

 Array
(
    [PageCall time] => 22:26:34
    [P_TID] => INIMX_VBNKCAEcatca0720260103222520965487
    [P_MID] => CAEcatca07
    [P_AUTH_DT] => 20260103222634
    [P_STATUS] => 02
    [P_TYPE] => VBANK
    [P_OID] => 260103-018
    [P_FN_CD1] => 11
    [P_FN_CD2] => 
    [P_FN_NM] => NH농협은행
    [P_AMT] => 3000
    [P_UNAME] => 송경선
    [P_RMESG1] => P_VACCT_NO=79010588790725|P_EXP_DT=20260113
    [P_RMESG2] => 
    [P_NOTI] => 
    [P_AUTH_NO] => 
)

 Array
(
    [PageCall time] => 23:07:51
    [P_TID] => INIMX_VBNKCAEcatca0720260103230505445219
    [P_MID] => CAEcatca07
    [P_AUTH_DT] => 20260103230751
    [P_STATUS] => 02
    [P_TYPE] => VBANK
    [P_OID] => 260103-019
    [P_FN_CD1] => 88
    [P_FN_CD2] => 
    [P_FN_NM] => 신한은행
    [P_AMT] => 3000
    [P_UNAME] => 이소라
    [P_RMESG1] => P_VACCT_NO=56211992179942|P_EXP_DT=20260113
    [P_RMESG2] => 
    [P_NOTI] => 
    [P_AUTH_NO] => 
)

