 Array
(
    [PageCall time] => 09:57:06
    [P_TID] => INIMX_VBNKCAEcatca0720250727001223255493
    [P_MID] => CAEcatca07
    [P_AUTH_DT] => 20250727095706
    [P_STATUS] => 02
    [P_TYPE] => VBANK
    [P_OID] => 250727-001
    [P_FN_CD1] => 11
    [P_FN_CD2] => 
    [P_FN_NM] => NH농협은행
    [P_AMT] => 3000
    [P_UNAME] => 최영신
    [P_RMESG1] => P_VACCT_NO=79014288851912|P_EXP_DT=20250806
    [P_RMESG2] => 
    [P_NOTI] => 
    [P_AUTH_NO] => 
)

 Array
(
    [PageCall time] => 10:09:28
    [P_TID] => INIMX_VBNKCAEcatca0720250727100650325451
    [P_MID] => CAEcatca07
    [P_AUTH_DT] => 20250727100928
    [P_STATUS] => 02
    [P_TYPE] => VBANK
    [P_OID] => 250727-002
    [P_FN_CD1] => 89
    [P_FN_CD2] => 
    [P_FN_NM] => 케이뱅크
    [P_AMT] => 3000
    [P_UNAME] => 우현원
    [P_RMESG1] => P_VACCT_NO=70112004052741|P_EXP_DT=20250806
    [P_RMESG2] => 
    [P_NOTI] => 
    [P_AUTH_NO] => 
)

 Array
(
    [PageCall time] => 11:00:35
    [P_TID] => INIMX_VBNKCAEcatca0720250727105759975774
    [P_MID] => CAEcatca07
    [P_AUTH_DT] => 20250727110035
    [P_STATUS] => 02
    [P_TYPE] => VBANK
    [P_OID] => 250727-003
    [P_FN_CD1] => 04
    [P_FN_CD2] => 
    [P_FN_NM] => KB국민은행
    [P_AMT] => 3000
    [P_UNAME] => 이윤아
    [P_RMESG1] => P_VACCT_NO=26159078099715|P_EXP_DT=20250806
    [P_RMESG2] => 
    [P_NOTI] => 
    [P_AUTH_NO] => 
)

 Array
(
    [PageCall time] => 11:25:39
    [P_TID] => INIMX_VBNKCAEcatca0720250727112412985330
    [P_MID] => CAEcatca07
    [P_AUTH_DT] => 20250727112539
    [P_STATUS] => 02
    [P_TYPE] => VBANK
    [P_OID] => 250727-004
    [P_FN_CD1] => 04
    [P_FN_CD2] => 
    [P_FN_NM] => KB국민은행
    [P_AMT] => 3000
    [P_UNAME] => 이용주
    [P_RMESG1] => P_VACCT_NO=26159078119132|P_EXP_DT=20250806
    [P_RMESG2] => 
    [P_NOTI] => 
    [P_AUTH_NO] => 
)

 Array
(
    [PageCall time] => 11:37:19
    [P_TID] => INIMX_VBNKCAEcatca0720250727113453155847
    [P_MID] => CAEcatca07
    [P_AUTH_DT] => 20250727113719
    [P_STATUS] => 02
    [P_TYPE] => VBANK
    [P_OID] => 250727-005
    [P_FN_CD1] => 20
    [P_FN_CD2] => 
    [P_FN_NM] => 우리은행
    [P_AMT] => 3000
    [P_UNAME] => 김서영
    [P_RMESG1] => P_VACCT_NO=27387982218752|P_EXP_DT=20250806
    [P_RMESG2] => 
    [P_NOTI] => 
    [P_AUTH_NO] => 
)

 Array
(
    [PageCall time] => 12:40:10
    [P_TID] => INIMX_VBNKCAEcatca0720250727123723655503
    [P_MID] => CAEcatca07
    [P_AUTH_DT] => 20250727124010
    [P_STATUS] => 02
    [P_TYPE] => VBANK
    [P_OID] => 250727-006
    [P_FN_CD1] => 88
    [P_FN_CD2] => 
    [P_FN_NM] => 신한은행
    [P_AMT] => 3000
    [P_UNAME] => 이인선
    [P_RMESG1] => P_VACCT_NO=56211106836202|P_EXP_DT=20250806
    [P_RMESG2] => 
    [P_NOTI] => 
    [P_AUTH_NO] => 
)

 Array
(
    [PageCall time] => 12:44:48
    [P_TID] => INIMX_VBNKCAEcatca0720250727124134935121
    [P_MID] => CAEcatca07
    [P_AUTH_DT] => 20250727124448
    [P_STATUS] => 02
    [P_TYPE] => VBANK
    [P_OID] => 250727-007
    [P_FN_CD1] => 20
    [P_FN_CD2] => 
    [P_FN_NM] => 우리은행
    [P_AMT] => 3000
    [P_UNAME] => 방흥식
    [P_RMESG1] => P_VACCT_NO=27387985518461|P_EXP_DT=20250806
    [P_RMESG2] => 
    [P_NOTI] => 
    [P_AUTH_NO] => 
)

 Array
(
    [PageCall time] => 14:51:51
    [P_TID] => INIMX_VBNKCAEcatca0720250727144756515869
    [P_MID] => CAEcatca07
    [P_AUTH_DT] => 20250727145151
    [P_STATUS] => 02
    [P_TYPE] => VBANK
    [P_OID] => 250727-008
    [P_FN_CD1] => 88
    [P_FN_CD2] => 
    [P_FN_NM] => 신한은행
    [P_AMT] => 3000
    [P_UNAME] => 김휘
    [P_RMESG1] => P_VACCT_NO=56211106841190|P_EXP_DT=20250806
    [P_RMESG2] => 
    [P_NOTI] => 
    [P_AUTH_NO] => 
)

 Array
(
    [PageCall time] => 18:32:33
    [P_TID] => INIMX_VBNKCAEcatca0720250727182940905442
    [P_MID] => CAEcatca07
    [P_AUTH_DT] => 20250727183233
    [P_STATUS] => 02
    [P_TYPE] => VBANK
    [P_OID] => 250727-011
    [P_FN_CD1] => 81
    [P_FN_CD2] => 
    [P_FN_NM] => 하나은행
    [P_AMT] => 3000
    [P_UNAME] => 유진
    [P_RMESG1] => P_VACCT_NO=20893896464637|P_EXP_DT=20250806
    [P_RMESG2] => 
    [P_NOTI] => 
    [P_AUTH_NO] => 
)

 Array
(
    [PageCall time] => 19:23:07
    [P_TID] => INIMX_VBNKCAEcatca0720250727191624415074
    [P_MID] => CAEcatca07
    [P_AUTH_DT] => 20250727192306
    [P_STATUS] => 02
    [P_TYPE] => VBANK
    [P_OID] => 250727-012
    [P_FN_CD1] => 04
    [P_FN_CD2] => 
    [P_FN_NM] => KB국민은행
    [P_AMT] => 3000
    [P_UNAME] => 임은자
    [P_RMESG1] => P_VACCT_NO=26029078481160|P_EXP_DT=20250806
    [P_RMESG2] => 
    [P_NOTI] => 
    [P_AUTH_NO] => 
)

 Array
(
    [PageCall time] => 19:40:45
    [P_TID] => INIMX_VBNKCAEcatca0720250727193807965412
    [P_MID] => CAEcatca07
    [P_AUTH_DT] => 20250727194045
    [P_STATUS] => 02
    [P_TYPE] => VBANK
    [P_OID] => 250727-013
    [P_FN_CD1] => 88
    [P_FN_CD2] => 
    [P_FN_NM] => 신한은행
    [P_AMT] => 3000
    [P_UNAME] => 김송이
    [P_RMESG1] => P_VACCT_NO=56211106852790|P_EXP_DT=20250806
    [P_RMESG2] => 
    [P_NOTI] => 
    [P_AUTH_NO] => 
)

 Array
(
    [PageCall time] => 19:56:47
    [P_TID] => INIMX_VBNKCAEcatca0720250727195246775692
    [P_MID] => CAEcatca07
    [P_AUTH_DT] => 20250727195646
    [P_STATUS] => 02
    [P_TYPE] => VBANK
    [P_OID] => 250727-015
    [P_FN_CD1] => 81
    [P_FN_CD2] => 
    [P_FN_NM] => 하나은행
    [P_AMT] => 3000
    [P_UNAME] => 김미애
    [P_RMESG1] => P_VACCT_NO=20893896630537|P_EXP_DT=20250806
    [P_RMESG2] => 
    [P_NOTI] => 
    [P_AUTH_NO] => 
)

