 Array
(
    [PageCall time] => 09:05:25
    [P_TID] => INIMX_VBNKCAEcatca0720250412090240885449
    [P_MID] => CAEcatca07
    [P_AUTH_DT] => 20250412090525
    [P_STATUS] => 02
    [P_TYPE] => VBANK
    [P_OID] => 250412-001
    [P_FN_CD1] => 20
    [P_FN_CD2] => 
    [P_FN_NM] => 우리은행
    [P_AMT] => 3000
    [P_UNAME] => 박용기
    [P_RMESG1] => P_VACCT_NO=27389164018343|P_EXP_DT=20250422
    [P_RMESG2] => 
    [P_NOTI] => 
    [P_AUTH_NO] => 
)

 Array
(
    [PageCall time] => 10:50:25
    [P_TID] => INIMX_VBNKCAEcatca0720250408155638245780
    [P_MID] => CAEcatca07
    [P_AUTH_DT] => 20250412105025
    [P_STATUS] => 02
    [P_TYPE] => VBANK
    [P_OID] => 250408-017
    [P_FN_CD1] => 11
    [P_FN_CD2] => 
    [P_FN_NM] => NH농협은행
    [P_AMT] => 3000
    [P_UNAME] => 황순상
    [P_RMESG1] => P_VACCT_NO=79014509783216|P_EXP_DT=20250418
    [P_RMESG2] => 
    [P_NOTI] => 
    [P_AUTH_NO] => 
)

 Array
(
    [PageCall time] => 19:52:11
    [P_TID] => INIMX_VBNKCAEcatca0720250412194430035682
    [P_MID] => CAEcatca07
    [P_AUTH_DT] => 20250412195211
    [P_STATUS] => 02
    [P_TYPE] => VBANK
    [P_OID] => 250412-004
    [P_FN_CD1] => 71
    [P_FN_CD2] => 
    [P_FN_NM] => 우체국
    [P_AMT] => 3000
    [P_UNAME] => 정명이
    [P_RMESG1] => P_VACCT_NO=01398781089264|P_EXP_DT=20250422
    [P_RMESG2] => 
    [P_NOTI] => 
    [P_AUTH_NO] => 
)

