 Array
(
    [PageCall time] => 09:46:26
    [P_TID] => INIMX_VBNKCAEcatca0720260123094354485563
    [P_MID] => CAEcatca07
    [P_AUTH_DT] => 20260123094626
    [P_STATUS] => 02
    [P_TYPE] => VBANK
    [P_OID] => 260122-016
    [P_FN_CD1] => 04
    [P_FN_CD2] => 
    [P_FN_NM] => KB국민은행
    [P_AMT] => 3500
    [P_UNAME] => 박종근
    [P_RMESG1] => P_VACCT_NO=26029078825377|P_EXP_DT=20260202
    [P_RMESG2] => 
    [P_NOTI] => 
    [P_AUTH_NO] => 
)

 Array
(
    [PageCall time] => 10:17:18
    [P_TID] => INIMX_VBNKCAEcatca0720260123101427835842
    [P_MID] => CAEcatca07
    [P_AUTH_DT] => 20260123101718
    [P_STATUS] => 02
    [P_TYPE] => VBANK
    [P_OID] => 260123-001
    [P_FN_CD1] => 04
    [P_FN_CD2] => 
    [P_FN_NM] => KB국민은행
    [P_AMT] => 3500
    [P_UNAME] => 강경수
    [P_RMESG1] => P_VACCT_NO=26119078323508|P_EXP_DT=20260202
    [P_RMESG2] => 
    [P_NOTI] => 
    [P_AUTH_NO] => 
)

 Array
(
    [PageCall time] => 10:22:51
    [P_TID] => INIMX_VBNKCAEcatca0720260122170157995325
    [P_MID] => CAEcatca07
    [P_AUTH_DT] => 20260123102251
    [P_STATUS] => 02
    [P_TYPE] => VBANK
    [P_OID] => 260122-021
    [P_FN_CD1] => 11
    [P_FN_CD2] => 
    [P_FN_NM] => NH농협은행
    [P_AMT] => 3500
    [P_UNAME] => 선경어린이집
    [P_RMESG1] => P_VACCT_NO=79010594620962|P_EXP_DT=20260201
    [P_RMESG2] => 
    [P_NOTI] => 
    [P_AUTH_NO] => 
)

 Array
(
    [PageCall time] => 10:37:34
    [P_TID] => INIMX_VBNKCAEcatca0720260123103457895061
    [P_MID] => CAEcatca07
    [P_AUTH_DT] => 20260123103734
    [P_STATUS] => 02
    [P_TYPE] => VBANK
    [P_OID] => 260123-003
    [P_FN_CD1] => 04
    [P_FN_CD2] => 
    [P_FN_NM] => KB국민은행
    [P_AMT] => 3500
    [P_UNAME] => 최건석
    [P_RMESG1] => P_VACCT_NO=26159078220003|P_EXP_DT=20260202
    [P_RMESG2] => 
    [P_NOTI] => 
    [P_AUTH_NO] => 
)

 Array
(
    [PageCall time] => 10:41:05
    [P_TID] => INIMX_VBNKCAEcatca0720260123103817635669
    [P_MID] => CAEcatca07
    [P_AUTH_DT] => 20260123104105
    [P_STATUS] => 02
    [P_TYPE] => VBANK
    [P_OID] => 260123-004
    [P_FN_CD1] => 03
    [P_FN_CD2] => 
    [P_FN_NM] => 기업은행
    [P_AMT] => 3500
    [P_UNAME] => 김성진
    [P_RMESG1] => P_VACCT_NO=07502323897554|P_EXP_DT=20260202
    [P_RMESG2] => 
    [P_NOTI] => 
    [P_AUTH_NO] => 
)

 Array
(
    [PageCall time] => 10:46:14
    [P_TID] => INIMX_VBNKCAEcatca0720260123104529965738
    [P_MID] => CAEcatca07
    [P_AUTH_DT] => 20260123104614
    [P_STATUS] => 02
    [P_TYPE] => VBANK
    [P_OID] => 260123-002
    [P_FN_CD1] => 11
    [P_FN_CD2] => 
    [P_FN_NM] => NH농협은행
    [P_AMT] => 3500
    [P_UNAME] => 김샛별
    [P_RMESG1] => P_VACCT_NO=79010594942485|P_EXP_DT=20260202
    [P_RMESG2] => 
    [P_NOTI] => 
    [P_AUTH_NO] => 
)

 Array
(
    [PageCall time] => 10:57:48
    [P_TID] => INIMX_VBNKCAEcatca0720260123105207975149
    [P_MID] => CAEcatca07
    [P_AUTH_DT] => 20260123105748
    [P_STATUS] => 02
    [P_TYPE] => VBANK
    [P_OID] => 260123-005
    [P_FN_CD1] => 03
    [P_FN_CD2] => 
    [P_FN_NM] => 기업은행
    [P_AMT] => 3500
    [P_UNAME] => 이상희
    [P_RMESG1] => P_VACCT_NO=07502323997790|P_EXP_DT=20260202
    [P_RMESG2] => 
    [P_NOTI] => 
    [P_AUTH_NO] => 
)

 Array
(
    [PageCall time] => 11:42:51
    [P_TID] => INIMX_VBNKCAEcatca0720260123114149835664
    [P_MID] => CAEcatca07
    [P_AUTH_DT] => 20260123114251
    [P_STATUS] => 02
    [P_TYPE] => VBANK
    [P_OID] => 260123-006
    [P_FN_CD1] => 11
    [P_FN_CD2] => 
    [P_FN_NM] => NH농협은행
    [P_AMT] => 3500
    [P_UNAME] => 서호규
    [P_RMESG1] => P_VACCT_NO=79010594994126|P_EXP_DT=20260202
    [P_RMESG2] => 
    [P_NOTI] => 
    [P_AUTH_NO] => 
)

 Array
(
    [PageCall time] => 12:07:37
    [P_TID] => INIMX_VBNKCAEcatca0720260123120626355822
    [P_MID] => CAEcatca07
    [P_AUTH_DT] => 20260123120737
    [P_STATUS] => 02
    [P_TYPE] => VBANK
    [P_OID] => 260123-007
    [P_FN_CD1] => 11
    [P_FN_CD2] => 
    [P_FN_NM] => NH농협은행
    [P_AMT] => 3500
    [P_UNAME] => 천양미
    [P_RMESG1] => P_VACCT_NO=79010595013410|P_EXP_DT=20260202
    [P_RMESG2] => 
    [P_NOTI] => 
    [P_AUTH_NO] => 
)

 Array
(
    [PageCall time] => 12:19:44
    [P_TID] => INIMX_VBNKCAEcatca0720260123121903995177
    [P_MID] => CAEcatca07
    [P_AUTH_DT] => 20260123121944
    [P_STATUS] => 02
    [P_TYPE] => VBANK
    [P_OID] => 260123-008
    [P_FN_CD1] => 11
    [P_FN_CD2] => 
    [P_FN_NM] => NH농협은행
    [P_AMT] => 3500
    [P_UNAME] => 오현식
    [P_RMESG1] => P_VACCT_NO=79010595018492|P_EXP_DT=20260202
    [P_RMESG2] => 
    [P_NOTI] => 
    [P_AUTH_NO] => 
)

 Array
(
    [PageCall time] => 13:30:07
    [P_TID] => INIMX_VBNKCAEcatca0720260123132701435405
    [P_MID] => CAEcatca07
    [P_AUTH_DT] => 20260123133006
    [P_STATUS] => 02
    [P_TYPE] => VBANK
    [P_OID] => 260123-010
    [P_FN_CD1] => 04
    [P_FN_CD2] => 
    [P_FN_NM] => KB국민은행
    [P_AMT] => 3500
    [P_UNAME] => 김명진
    [P_RMESG1] => P_VACCT_NO=26119078335927|P_EXP_DT=20260202
    [P_RMESG2] => 
    [P_NOTI] => 
    [P_AUTH_NO] => 
)

 Array
(
    [PageCall time] => 14:39:02
    [P_TID] => INIMX_VBNKCAEcatca0720260123143610355715
    [P_MID] => CAEcatca07
    [P_AUTH_DT] => 20260123143902
    [P_STATUS] => 02
    [P_TYPE] => VBANK
    [P_OID] => 260123-013
    [P_FN_CD1] => 04
    [P_FN_CD2] => 
    [P_FN_NM] => KB국민은행
    [P_AMT] => 3500
    [P_UNAME] => 박성준
    [P_RMESG1] => P_VACCT_NO=70149014291390|P_EXP_DT=20260202
    [P_RMESG2] => 
    [P_NOTI] => 
    [P_AUTH_NO] => 
)

 Array
(
    [PageCall time] => 15:41:23
    [P_TID] => INIMX_VBNKCAEcatca0720260123153853635369
    [P_MID] => CAEcatca07
    [P_AUTH_DT] => 20260123154123
    [P_STATUS] => 02
    [P_TYPE] => VBANK
    [P_OID] => 260123-015
    [P_FN_CD1] => 81
    [P_FN_CD2] => 
    [P_FN_NM] => 하나은행
    [P_AMT] => 3500
    [P_UNAME] => 안기남
    [P_RMESG1] => P_VACCT_NO=20893963856537|P_EXP_DT=20260202
    [P_RMESG2] => 
    [P_NOTI] => 
    [P_AUTH_NO] => 
)

 Array
(
    [PageCall time] => 16:07:05
    [P_TID] => INIMX_VBNKCAEcatca0720260123160406065538
    [P_MID] => CAEcatca07
    [P_AUTH_DT] => 20260123160705
    [P_STATUS] => 02
    [P_TYPE] => VBANK
    [P_OID] => 260123-016
    [P_FN_CD1] => 88
    [P_FN_CD2] => 
    [P_FN_NM] => 신한은행
    [P_AMT] => 3500
    [P_UNAME] => 조은솔
    [P_RMESG1] => P_VACCT_NO=56211102482117|P_EXP_DT=20260202
    [P_RMESG2] => 
    [P_NOTI] => 
    [P_AUTH_NO] => 
)

 Array
(
    [PageCall time] => 17:23:15
    [P_TID] => INIMX_VBNKCAEcatca0720260123171805595073
    [P_MID] => CAEcatca07
    [P_AUTH_DT] => 20260123172315
    [P_STATUS] => 02
    [P_TYPE] => VBANK
    [P_OID] => 260123-018
    [P_FN_CD1] => 04
    [P_FN_CD2] => 
    [P_FN_NM] => KB국민은행
    [P_AMT] => 3500
    [P_UNAME] => 구립새싹어린이집
    [P_RMESG1] => P_VACCT_NO=70149014314411|P_EXP_DT=20260202
    [P_RMESG2] => 
    [P_NOTI] => 
    [P_AUTH_NO] => 
)

 Array
(
    [PageCall time] => 22:35:10
    [P_TID] => INIMX_VBNKCAEcatca0720260123223211385482
    [P_MID] => CAEcatca07
    [P_AUTH_DT] => 20260123223510
    [P_STATUS] => 02
    [P_TYPE] => VBANK
    [P_OID] => 260123-020
    [P_FN_CD1] => 04
    [P_FN_CD2] => 
    [P_FN_NM] => KB국민은행
    [P_AMT] => 3500
    [P_UNAME] => 김주영
    [P_RMESG1] => P_VACCT_NO=70149014348041|P_EXP_DT=20260202
    [P_RMESG2] => 
    [P_NOTI] => 
    [P_AUTH_NO] => 
)

