 Array
(
    [PageCall time] => 01:39:37
    [P_TID] => INIMX_VBNKCAEcatca0720250710013659875098
    [P_MID] => CAEcatca07
    [P_AUTH_DT] => 20250710013937
    [P_STATUS] => 02
    [P_TYPE] => VBANK
    [P_OID] => 250710-001
    [P_FN_CD1] => 89
    [P_FN_CD2] => 
    [P_FN_NM] => 케이뱅크
    [P_AMT] => 3000
    [P_UNAME] => 추석
    [P_RMESG1] => P_VACCT_NO=70112003934121|P_EXP_DT=20250720
    [P_RMESG2] => 
    [P_NOTI] => 
    [P_AUTH_NO] => 
)

 Array
(
    [PageCall time] => 09:46:23
    [P_TID] => INIMX_VBNKCAEcatca0720250710092854824351
    [P_MID] => CAEcatca07
    [P_AUTH_DT] => 20250710094622
    [P_STATUS] => 02
    [P_TYPE] => VBANK
    [P_OID] => 250710-003
    [P_FN_CD1] => 03
    [P_FN_CD2] => 
    [P_FN_NM] => 기업은행
    [P_AMT] => 3000
    [P_UNAME] => 박기자
    [P_RMESG1] => P_VACCT_NO=07500218097155|P_EXP_DT=20250720
    [P_RMESG2] => 
    [P_NOTI] => 
    [P_AUTH_NO] => 
)

 Array
(
    [PageCall time] => 09:48:11
    [P_TID] => INIMX_VBNKCAEcatca0720250710094509784438
    [P_MID] => CAEcatca07
    [P_AUTH_DT] => 20250710094811
    [P_STATUS] => 02
    [P_TYPE] => VBANK
    [P_OID] => 250710-005
    [P_FN_CD1] => 03
    [P_FN_CD2] => 
    [P_FN_NM] => 기업은행
    [P_AMT] => 3000
    [P_UNAME] => 임현주
    [P_RMESG1] => P_VACCT_NO=07500218497780|P_EXP_DT=20250720
    [P_RMESG2] => 
    [P_NOTI] => 
    [P_AUTH_NO] => 
)

 Array
(
    [PageCall time] => 09:49:34
    [P_TID] => INIMX_VBNKCAEcatca0720250710094627944345
    [P_MID] => CAEcatca07
    [P_AUTH_DT] => 20250710094934
    [P_STATUS] => 02
    [P_TYPE] => VBANK
    [P_OID] => 250708-037
    [P_FN_CD1] => 20
    [P_FN_CD2] => 
    [P_FN_NM] => 우리은행
    [P_AMT] => 3000
    [P_UNAME] => 이수래
    [P_RMESG1] => P_VACCT_NO=09103043218241|P_EXP_DT=20250720
    [P_RMESG2] => 
    [P_NOTI] => 
    [P_AUTH_NO] => 
)

 Array
(
    [PageCall time] => 10:13:26
    [P_TID] => INIMX_VBNKCAEcatca0720250710101031354061
    [P_MID] => CAEcatca07
    [P_AUTH_DT] => 20250710101326
    [P_STATUS] => 02
    [P_TYPE] => VBANK
    [P_OID] => 250710-010
    [P_FN_CD1] => 89
    [P_FN_CD2] => 
    [P_FN_NM] => 케이뱅크
    [P_AMT] => 3000
    [P_UNAME] => 김명선
    [P_RMESG1] => P_VACCT_NO=70112000192713|P_EXP_DT=20250720
    [P_RMESG2] => 
    [P_NOTI] => 
    [P_AUTH_NO] => 
)

 Array
(
    [PageCall time] => 10:15:21
    [P_TID] => INIMX_VBNKCAEcatca0720250710101449774160
    [P_MID] => CAEcatca07
    [P_AUTH_DT] => 20250710101521
    [P_STATUS] => 02
    [P_TYPE] => VBANK
    [P_OID] => 250710-012
    [P_FN_CD1] => 04
    [P_FN_CD2] => 
    [P_FN_NM] => KB국민은행
    [P_AMT] => 3000
    [P_UNAME] => 황대건
    [P_RMESG1] => P_VACCT_NO=88429011274855|P_EXP_DT=20250720
    [P_RMESG2] => 
    [P_NOTI] => 
    [P_AUTH_NO] => 
)

 Array
(
    [PageCall time] => 10:39:06
    [P_TID] => INIMX_VBNKCAEcatca0720250710103513434533
    [P_MID] => CAEcatca07
    [P_AUTH_DT] => 20250710103906
    [P_STATUS] => 02
    [P_TYPE] => VBANK
    [P_OID] => 250710-014
    [P_FN_CD1] => 81
    [P_FN_CD2] => 
    [P_FN_NM] => 하나은행
    [P_AMT] => 3000
    [P_UNAME] => 한만석
    [P_RMESG1] => P_VACCT_NO=20893763254237|P_EXP_DT=20250720
    [P_RMESG2] => 
    [P_NOTI] => 
    [P_AUTH_NO] => 
)

 Array
(
    [PageCall time] => 11:37:39
    [P_TID] => INIMX_VBNKCAEcatca0720250710113454754440
    [P_MID] => CAEcatca07
    [P_AUTH_DT] => 20250710113739
    [P_STATUS] => 02
    [P_TYPE] => VBANK
    [P_OID] => 250710-018
    [P_FN_CD1] => 88
    [P_FN_CD2] => 
    [P_FN_NM] => 신한은행
    [P_AMT] => 3000
    [P_UNAME] => 고은별
    [P_RMESG1] => P_VACCT_NO=56211121921972|P_EXP_DT=20250720
    [P_RMESG2] => 
    [P_NOTI] => 
    [P_AUTH_NO] => 
)

 Array
(
    [PageCall time] => 11:54:36
    [P_TID] => INIMX_VBNKCAEcatca0720250710115156714905
    [P_MID] => CAEcatca07
    [P_AUTH_DT] => 20250710115436
    [P_STATUS] => 02
    [P_TYPE] => VBANK
    [P_OID] => 250710-021
    [P_FN_CD1] => 88
    [P_FN_CD2] => 
    [P_FN_NM] => 신한은행
    [P_AMT] => 3000
    [P_UNAME] => 김기범
    [P_RMESG1] => P_VACCT_NO=56211121923150|P_EXP_DT=20250720
    [P_RMESG2] => 
    [P_NOTI] => 
    [P_AUTH_NO] => 
)

 Array
(
    [PageCall time] => 13:36:33
    [P_TID] => INIMX_VBNKCAEcatca0720250710133534914269
    [P_MID] => CAEcatca07
    [P_AUTH_DT] => 20250710133633
    [P_STATUS] => 02
    [P_TYPE] => VBANK
    [P_OID] => 250710-024
    [P_FN_CD1] => 04
    [P_FN_CD2] => 
    [P_FN_NM] => KB국민은행
    [P_AMT] => 3000
    [P_UNAME] => 박종찬
    [P_RMESG1] => P_VACCT_NO=88429011334261|P_EXP_DT=20250720
    [P_RMESG2] => 
    [P_NOTI] => 
    [P_AUTH_NO] => 
)

 Array
(
    [PageCall time] => 14:36:12
    [P_TID] => INIMX_VBNKCAEcatca0720250710143546334986
    [P_MID] => CAEcatca07
    [P_AUTH_DT] => 20250710143612
    [P_STATUS] => 02
    [P_TYPE] => VBANK
    [P_OID] => 250710-027
    [P_FN_CD1] => 11
    [P_FN_CD2] => 
    [P_FN_NM] => NH농협은행
    [P_AMT] => 3000
    [P_UNAME] => 정우찬
    [P_RMESG1] => P_VACCT_NO=79003194863933|P_EXP_DT=20250720
    [P_RMESG2] => 
    [P_NOTI] => 
    [P_AUTH_NO] => 
)

 Array
(
    [PageCall time] => 14:51:32
    [P_TID] => INIMX_VBNKCAEcatca0720250710145027694263
    [P_MID] => CAEcatca07
    [P_AUTH_DT] => 20250710145132
    [P_STATUS] => 02
    [P_TYPE] => VBANK
    [P_OID] => 250710-029
    [P_FN_CD1] => 11
    [P_FN_CD2] => 
    [P_FN_NM] => NH농협은행
    [P_AMT] => 3000
    [P_UNAME] => 김정빈
    [P_RMESG1] => P_VACCT_NO=79003194870007|P_EXP_DT=20250720
    [P_RMESG2] => 
    [P_NOTI] => 
    [P_AUTH_NO] => 
)

 Array
(
    [PageCall time] => 15:18:18
    [P_TID] => INIMX_VBNKCAEcatca0720250710151635164057
    [P_MID] => CAEcatca07
    [P_AUTH_DT] => 20250710151818
    [P_STATUS] => 02
    [P_TYPE] => VBANK
    [P_OID] => 250710-032
    [P_FN_CD1] => 04
    [P_FN_CD2] => 
    [P_FN_NM] => KB국민은행
    [P_AMT] => 3000
    [P_UNAME] => 송혜정
    [P_RMESG1] => P_VACCT_NO=88429011372917|P_EXP_DT=20250720
    [P_RMESG2] => 
    [P_NOTI] => 
    [P_AUTH_NO] => 
)

 Array
(
    [PageCall time] => 15:33:39
    [P_TID] => INIMX_VBNKCAEcatca0720250710152838994677
    [P_MID] => CAEcatca07
    [P_AUTH_DT] => 20250710153339
    [P_STATUS] => 02
    [P_TYPE] => VBANK
    [P_OID] => 250710-034
    [P_FN_CD1] => 88
    [P_FN_CD2] => 
    [P_FN_NM] => 신한은행
    [P_AMT] => 3000
    [P_UNAME] => 정윤희
    [P_RMESG1] => P_VACCT_NO=56211121978729|P_EXP_DT=20250720
    [P_RMESG2] => 
    [P_NOTI] => 
    [P_AUTH_NO] => 
)

 Array
(
    [PageCall time] => 15:44:59
    [P_TID] => INIMX_VBNKCAEcatca0720250710154024424638
    [P_MID] => CAEcatca07
    [P_AUTH_DT] => 20250710154459
    [P_STATUS] => 02
    [P_TYPE] => VBANK
    [P_OID] => 250710-033
    [P_FN_CD1] => 88
    [P_FN_CD2] => 
    [P_FN_NM] => 신한은행
    [P_AMT] => 3000
    [P_UNAME] => 권태수
    [P_RMESG1] => P_VACCT_NO=56211121980460|P_EXP_DT=20250720
    [P_RMESG2] => 
    [P_NOTI] => 
    [P_AUTH_NO] => 
)

 Array
(
    [PageCall time] => 16:06:46
    [P_TID] => INIMX_VBNKCAEcatca0720250710160413845845
    [P_MID] => CAEcatca07
    [P_AUTH_DT] => 20250710160646
    [P_STATUS] => 02
    [P_TYPE] => VBANK
    [P_OID] => 250710-035
    [P_FN_CD1] => 88
    [P_FN_CD2] => 
    [P_FN_NM] => 신한은행
    [P_AMT] => 3000
    [P_UNAME] => 김나은
    [P_RMESG1] => P_VACCT_NO=56211105153074|P_EXP_DT=20250720
    [P_RMESG2] => 
    [P_NOTI] => 
    [P_AUTH_NO] => 
)

 Array
(
    [PageCall time] => 16:23:15
    [P_TID] => INIMX_VBNKCAEcatca0720250710162033785973
    [P_MID] => CAEcatca07
    [P_AUTH_DT] => 20250710162315
    [P_STATUS] => 02
    [P_TYPE] => VBANK
    [P_OID] => 250710-036
    [P_FN_CD1] => 88
    [P_FN_CD2] => 
    [P_FN_NM] => 신한은행
    [P_AMT] => 3000
    [P_UNAME] => 송영희
    [P_RMESG1] => P_VACCT_NO=56211991468499|P_EXP_DT=20250720
    [P_RMESG2] => 
    [P_NOTI] => 
    [P_AUTH_NO] => 
)

 Array
(
    [PageCall time] => 16:57:59
    [P_TID] => INIMX_VBNKCAEcatca0720250710165525715153
    [P_MID] => CAEcatca07
    [P_AUTH_DT] => 20250710165759
    [P_STATUS] => 02
    [P_TYPE] => VBANK
    [P_OID] => 250710-038
    [P_FN_CD1] => 88
    [P_FN_CD2] => 
    [P_FN_NM] => 신한은행
    [P_AMT] => 3000
    [P_UNAME] => 정혁진
    [P_RMESG1] => P_VACCT_NO=56211106756783|P_EXP_DT=20250720
    [P_RMESG2] => 
    [P_NOTI] => 
    [P_AUTH_NO] => 
)

 Array
(
    [PageCall time] => 19:01:24
    [P_TID] => INIMX_VBNKCAEcatca0720250706235835395916
    [P_MID] => CAEcatca07
    [P_AUTH_DT] => 20250710190124
    [P_STATUS] => 02
    [P_TYPE] => VBANK
    [P_OID] => 250706-015
    [P_FN_CD1] => 04
    [P_FN_CD2] => 
    [P_FN_NM] => KB국민은행
    [P_AMT] => 3000
    [P_UNAME] => 태경관
    [P_RMESG1] => P_VACCT_NO=70189014571940|P_EXP_DT=20250716
    [P_RMESG2] => 
    [P_NOTI] => 
    [P_AUTH_NO] => 
)

 Array
(
    [PageCall time] => 20:04:26
    [P_TID] => INIMX_VBNKCAEcatca0720250710195350575825
    [P_MID] => CAEcatca07
    [P_AUTH_DT] => 20250710200426
    [P_STATUS] => 02
    [P_TYPE] => VBANK
    [P_OID] => 250710-042
    [P_FN_CD1] => 88
    [P_FN_CD2] => 
    [P_FN_NM] => 신한은행
    [P_AMT] => 3000
    [P_UNAME] => 이유진
    [P_RMESG1] => P_VACCT_NO=56211105557158|P_EXP_DT=20250720
    [P_RMESG2] => 
    [P_NOTI] => 
    [P_AUTH_NO] => 
)

 Array
(
    [PageCall time] => 20:19:52
    [P_TID] => INIMX_VBNKCAEcatca0720250710201720635897
    [P_MID] => CAEcatca07
    [P_AUTH_DT] => 20250710201952
    [P_STATUS] => 02
    [P_TYPE] => VBANK
    [P_OID] => 250710-045
    [P_FN_CD1] => 88
    [P_FN_CD2] => 
    [P_FN_NM] => 신한은행
    [P_AMT] => 3000
    [P_UNAME] => 도상우
    [P_RMESG1] => P_VACCT_NO=56211106421807|P_EXP_DT=20250720
    [P_RMESG2] => 
    [P_NOTI] => 
    [P_AUTH_NO] => 
)

 Array
(
    [PageCall time] => 21:20:16
    [P_TID] => INIMX_VBNKCAEcatca0720250710211911695365
    [P_MID] => CAEcatca07
    [P_AUTH_DT] => 20250710212016
    [P_STATUS] => 02
    [P_TYPE] => VBANK
    [P_OID] => 250710-046
    [P_FN_CD1] => 11
    [P_FN_CD2] => 
    [P_FN_NM] => NH농협은행
    [P_AMT] => 3000
    [P_UNAME] => 임효나
    [P_RMESG1] => P_VACCT_NO=79013683910082|P_EXP_DT=20250720
    [P_RMESG2] => 
    [P_NOTI] => 
    [P_AUTH_NO] => 
)

 Array
(
    [PageCall time] => 21:39:56
    [P_TID] => INIMX_VBNKCAEcatca0720250710213616615655
    [P_MID] => CAEcatca07
    [P_AUTH_DT] => 20250710213956
    [P_STATUS] => 02
    [P_TYPE] => VBANK
    [P_OID] => 250710-047
    [P_FN_CD1] => 88
    [P_FN_CD2] => 
    [P_FN_NM] => 신한은행
    [P_AMT] => 3000
    [P_UNAME] => 유성원
    [P_RMESG1] => P_VACCT_NO=56211106425352|P_EXP_DT=20250720
    [P_RMESG2] => 
    [P_NOTI] => 
    [P_AUTH_NO] => 
)

 Array
(
    [PageCall time] => 22:13:20
    [P_TID] => INIMX_VBNKCAEcatca0720250710221141385727
    [P_MID] => CAEcatca07
    [P_AUTH_DT] => 20250710221319
    [P_STATUS] => 02
    [P_TYPE] => VBANK
    [P_OID] => 250710-048
    [P_FN_CD1] => 11
    [P_FN_CD2] => 
    [P_FN_NM] => NH농협은행
    [P_AMT] => 3000
    [P_UNAME] => 한정현
    [P_RMESG1] => P_VACCT_NO=79013683914713|P_EXP_DT=20250720
    [P_RMESG2] => 
    [P_NOTI] => 
    [P_AUTH_NO] => 
)

