 Array
(
    [PageCall time] => 09:36:01
    [P_TID] => INIMX_VBNKCAEcatca0720250511093325535932
    [P_MID] => CAEcatca07
    [P_AUTH_DT] => 20250511093601
    [P_STATUS] => 02
    [P_TYPE] => VBANK
    [P_OID] => 250511-002
    [P_FN_CD1] => 88
    [P_FN_CD2] => 
    [P_FN_NM] => 신한은행
    [P_AMT] => 3000
    [P_UNAME] => 이은정
    [P_RMESG1] => P_VACCT_NO=56211103030779|P_EXP_DT=20250521
    [P_RMESG2] => 
    [P_NOTI] => 
    [P_AUTH_NO] => 
)

 Array
(
    [PageCall time] => 10:43:24
    [P_TID] => INIMX_VBNKCAEcatca0720250511104040745264
    [P_MID] => CAEcatca07
    [P_AUTH_DT] => 20250511104324
    [P_STATUS] => 02
    [P_TYPE] => VBANK
    [P_OID] => 250510-008
    [P_FN_CD1] => 20
    [P_FN_CD2] => 
    [P_FN_NM] => 우리은행
    [P_AMT] => 3000
    [P_UNAME] => 김종영
    [P_RMESG1] => P_VACCT_NO=27489448718885|P_EXP_DT=20250521
    [P_RMESG2] => 
    [P_NOTI] => 
    [P_AUTH_NO] => 
)

 Array
(
    [PageCall time] => 11:23:39
    [P_TID] => INIMX_VBNKCAEcatca0720250511112245315284
    [P_MID] => CAEcatca07
    [P_AUTH_DT] => 20250511112339
    [P_STATUS] => 02
    [P_TYPE] => VBANK
    [P_OID] => 250510-014
    [P_FN_CD1] => 11
    [P_FN_CD2] => 
    [P_FN_NM] => NH농협은행
    [P_AMT] => 3000
    [P_UNAME] => 홍숙희
    [P_RMESG1] => P_VACCT_NO=79015903583504|P_EXP_DT=20250521
    [P_RMESG2] => 
    [P_NOTI] => 
    [P_AUTH_NO] => 
)

 Array
(
    [PageCall time] => 11:47:55
    [P_TID] => INIMX_VBNKCAEcatca0720250511114452605196
    [P_MID] => CAEcatca07
    [P_AUTH_DT] => 20250511114755
    [P_STATUS] => 02
    [P_TYPE] => VBANK
    [P_OID] => 250511-003
    [P_FN_CD1] => 88
    [P_FN_CD2] => 
    [P_FN_NM] => 신한은행
    [P_AMT] => 3000
    [P_UNAME] => 손상현
    [P_RMESG1] => P_VACCT_NO=56211103037053|P_EXP_DT=20250521
    [P_RMESG2] => 
    [P_NOTI] => 
    [P_AUTH_NO] => 
)

 Array
(
    [PageCall time] => 17:27:34
    [P_TID] => INIMX_VBNKCAEcatca0720250511172354845830
    [P_MID] => CAEcatca07
    [P_AUTH_DT] => 20250511172734
    [P_STATUS] => 02
    [P_TYPE] => VBANK
    [P_OID] => 250511-005
    [P_FN_CD1] => 88
    [P_FN_CD2] => 
    [P_FN_NM] => 신한은행
    [P_AMT] => 3000
    [P_UNAME] => 허윤정
    [P_RMESG1] => P_VACCT_NO=56211103056526|P_EXP_DT=20250521
    [P_RMESG2] => 
    [P_NOTI] => 
    [P_AUTH_NO] => 
)

 Array
(
    [PageCall time] => 19:56:48
    [P_TID] => INIMX_VBNKCAEcatca0720250511195603515976
    [P_MID] => CAEcatca07
    [P_AUTH_DT] => 20250511195648
    [P_STATUS] => 02
    [P_TYPE] => VBANK
    [P_OID] => 250507-051
    [P_FN_CD1] => 11
    [P_FN_CD2] => 
    [P_FN_NM] => NH농협은행
    [P_AMT] => 3000
    [P_UNAME] => 최윤숙
    [P_RMESG1] => P_VACCT_NO=79015903651832|P_EXP_DT=20250521
    [P_RMESG2] => 
    [P_NOTI] => 
    [P_AUTH_NO] => 
)

 Array
(
    [PageCall time] => 21:24:08
    [P_TID] => INIMX_VBNKCAEcatca0720250511212135725200
    [P_MID] => CAEcatca07
    [P_AUTH_DT] => 20250511212407
    [P_STATUS] => 02
    [P_TYPE] => VBANK
    [P_OID] => 250511-006
    [P_FN_CD1] => 88
    [P_FN_CD2] => 
    [P_FN_NM] => 신한은행
    [P_AMT] => 3000
    [P_UNAME] => 문숙영
    [P_RMESG1] => P_VACCT_NO=56211103070658|P_EXP_DT=20250521
    [P_RMESG2] => 
    [P_NOTI] => 
    [P_AUTH_NO] => 
)

 Array
(
    [PageCall time] => 21:35:42
    [P_TID] => INIMX_VBNKCAEcatca0720250511213239335767
    [P_MID] => CAEcatca07
    [P_AUTH_DT] => 20250511213541
    [P_STATUS] => 02
    [P_TYPE] => VBANK
    [P_OID] => 250511-007
    [P_FN_CD1] => 89
    [P_FN_CD2] => 
    [P_FN_NM] => 케이뱅크
    [P_AMT] => 3000
    [P_UNAME] => 임영선
    [P_RMESG1] => P_VACCT_NO=70112003496191|P_EXP_DT=20250521
    [P_RMESG2] => 
    [P_NOTI] => 
    [P_AUTH_NO] => 
)

 Array
(
    [PageCall time] => 21:44:24
    [P_TID] => INIMX_VBNKCAEcatca0720250511214138245393
    [P_MID] => CAEcatca07
    [P_AUTH_DT] => 20250511214424
    [P_STATUS] => 02
    [P_TYPE] => VBANK
    [P_OID] => 250511-008
    [P_FN_CD1] => 88
    [P_FN_CD2] => 
    [P_FN_NM] => 신한은행
    [P_AMT] => 3000
    [P_UNAME] => 선유하
    [P_RMESG1] => P_VACCT_NO=56211103072297|P_EXP_DT=20250521
    [P_RMESG2] => 
    [P_NOTI] => 
    [P_AUTH_NO] => 
)

