 Array
(
    [PageCall time] => 00:49:36
    [P_TID] => INIMX_VBNKCAEcatca0720251218004452954133
    [P_MID] => CAEcatca07
    [P_AUTH_DT] => 20251218004936
    [P_STATUS] => 02
    [P_TYPE] => VBANK
    [P_OID] => 251218-002
    [P_FN_CD1] => 89
    [P_FN_CD2] => 
    [P_FN_NM] => 케이뱅크
    [P_AMT] => 3000
    [P_UNAME] => 이종기
    [P_RMESG1] => P_VACCT_NO=70112000076269|P_EXP_DT=20251228
    [P_RMESG2] => 
    [P_NOTI] => 
    [P_AUTH_NO] => 
)

 Array
(
    [PageCall time] => 08:41:53
    [P_TID] => INIMX_VBNKCAEcatca0720251217234534744877
    [P_MID] => CAEcatca07
    [P_AUTH_DT] => 20251218084153
    [P_STATUS] => 02
    [P_TYPE] => VBANK
    [P_OID] => 251217-044
    [P_FN_CD1] => 11
    [P_FN_CD2] => 
    [P_FN_NM] => NH농협은행
    [P_AMT] => 3000
    [P_UNAME] => 이가영
    [P_RMESG1] => P_VACCT_NO=79006422385156|P_EXP_DT=20251227
    [P_RMESG2] => 
    [P_NOTI] => 
    [P_AUTH_NO] => 
)

 Array
(
    [PageCall time] => 08:59:27
    [P_TID] => INIMX_VBNKCAEcatca0720251218085622524295
    [P_MID] => CAEcatca07
    [P_AUTH_DT] => 20251218085927
    [P_STATUS] => 02
    [P_TYPE] => VBANK
    [P_OID] => 251218-003
    [P_FN_CD1] => 88
    [P_FN_CD2] => 
    [P_FN_NM] => 신한은행
    [P_AMT] => 3000
    [P_UNAME] => 홍현기
    [P_RMESG1] => P_VACCT_NO=56211123462454|P_EXP_DT=20251228
    [P_RMESG2] => 
    [P_NOTI] => 
    [P_AUTH_NO] => 
)

 Array
(
    [PageCall time] => 09:46:46
    [P_TID] => INIMX_VBNKCAEcatca0720251218094351504135
    [P_MID] => CAEcatca07
    [P_AUTH_DT] => 20251218094646
    [P_STATUS] => 02
    [P_TYPE] => VBANK
    [P_OID] => 251218-005
    [P_FN_CD1] => 81
    [P_FN_CD2] => 
    [P_FN_NM] => 하나은행
    [P_AMT] => 3000
    [P_UNAME] => 허나희
    [P_RMESG1] => P_VACCT_NO=20894196424537|P_EXP_DT=20251228
    [P_RMESG2] => 
    [P_NOTI] => 
    [P_AUTH_NO] => 
)

 Array
(
    [PageCall time] => 09:52:53
    [P_TID] => INIMX_VBNKCAEcatca0720251218094946234908
    [P_MID] => CAEcatca07
    [P_AUTH_DT] => 20251218095253
    [P_STATUS] => 02
    [P_TYPE] => VBANK
    [P_OID] => 251218-006
    [P_FN_CD1] => 04
    [P_FN_CD2] => 
    [P_FN_NM] => KB국민은행
    [P_AMT] => 3000
    [P_UNAME] => 안소연
    [P_RMESG1] => P_VACCT_NO=99289014629258|P_EXP_DT=20251228
    [P_RMESG2] => 
    [P_NOTI] => 
    [P_AUTH_NO] => 
)

 Array
(
    [PageCall time] => 09:56:24
    [P_TID] => INIMX_VBNKCAEcatca0720251217223109234163
    [P_MID] => CAEcatca07
    [P_AUTH_DT] => 20251218095624
    [P_STATUS] => 02
    [P_TYPE] => VBANK
    [P_OID] => 251217-040
    [P_FN_CD1] => 04
    [P_FN_CD2] => 
    [P_FN_NM] => KB국민은행
    [P_AMT] => 3000
    [P_UNAME] => 이동현
    [P_RMESG1] => P_VACCT_NO=99289014618881|P_EXP_DT=20251227
    [P_RMESG2] => 
    [P_NOTI] => 
    [P_AUTH_NO] => 
)

 Array
(
    [PageCall time] => 10:26:28
    [P_TID] => INIMX_VBNKCAEcatca0720251218102552964394
    [P_MID] => CAEcatca07
    [P_AUTH_DT] => 20251218102628
    [P_STATUS] => 02
    [P_TYPE] => VBANK
    [P_OID] => 251218-009
    [P_FN_CD1] => 11
    [P_FN_CD2] => 
    [P_FN_NM] => NH농협은행
    [P_AMT] => 3000
    [P_UNAME] => 임하영
    [P_RMESG1] => P_VACCT_NO=79006422408491|P_EXP_DT=20251228
    [P_RMESG2] => 
    [P_NOTI] => 
    [P_AUTH_NO] => 
)

 Array
(
    [PageCall time] => 11:27:36
    [P_TID] => INIMX_VBNKCAEcatca0720251218112442554389
    [P_MID] => CAEcatca07
    [P_AUTH_DT] => 20251218112736
    [P_STATUS] => 02
    [P_TYPE] => VBANK
    [P_OID] => 251218-014
    [P_FN_CD1] => 03
    [P_FN_CD2] => 
    [P_FN_NM] => 기업은행
    [P_AMT] => 3000
    [P_UNAME] => 최원준
    [P_RMESG1] => P_VACCT_NO=07500535797257|P_EXP_DT=20251228
    [P_RMESG2] => 
    [P_NOTI] => 
    [P_AUTH_NO] => 
)

 Array
(
    [PageCall time] => 12:29:39
    [P_TID] => INIMX_VBNKCAEcatca0720251218122524884467
    [P_MID] => CAEcatca07
    [P_AUTH_DT] => 20251218122939
    [P_STATUS] => 02
    [P_TYPE] => VBANK
    [P_OID] => 251218-015
    [P_FN_CD1] => 20
    [P_FN_CD2] => 
    [P_FN_NM] => 우리은행
    [P_AMT] => 3000
    [P_UNAME] => 서혜지
    [P_RMESG1] => P_VACCT_NO=27204428618520|P_EXP_DT=20251228
    [P_RMESG2] => 
    [P_NOTI] => 
    [P_AUTH_NO] => 
)

 Array
(
    [PageCall time] => 12:40:56
    [P_TID] => INIMX_VBNKCAEcatca0720251218123704124832
    [P_MID] => CAEcatca07
    [P_AUTH_DT] => 20251218124056
    [P_STATUS] => 02
    [P_TYPE] => VBANK
    [P_OID] => 251218-007
    [P_FN_CD1] => 20
    [P_FN_CD2] => 
    [P_FN_NM] => 우리은행
    [P_AMT] => 3000
    [P_UNAME] => 구애경
    [P_RMESG1] => P_VACCT_NO=27204428618763|P_EXP_DT=20251228
    [P_RMESG2] => 
    [P_NOTI] => 
    [P_AUTH_NO] => 
)

 Array
(
    [PageCall time] => 14:06:10
    [P_TID] => INIMX_VBNKCAEcatca0720251218140250955996
    [P_MID] => CAEcatca07
    [P_AUTH_DT] => 20251218140610
    [P_STATUS] => 02
    [P_TYPE] => VBANK
    [P_OID] => 251218-016
    [P_FN_CD1] => 03
    [P_FN_CD2] => 
    [P_FN_NM] => 기업은행
    [P_AMT] => 3000
    [P_UNAME] => 이경희
    [P_RMESG1] => P_VACCT_NO=07503206397219|P_EXP_DT=20251228
    [P_RMESG2] => 
    [P_NOTI] => 
    [P_AUTH_NO] => 
)

 Array
(
    [PageCall time] => 14:24:30
    [P_TID] => INIMX_VBNKCAEcatca0720251217201849994824
    [P_MID] => CAEcatca07
    [P_AUTH_DT] => 20251218142430
    [P_STATUS] => 02
    [P_TYPE] => VBANK
    [P_OID] => 251216-024
    [P_FN_CD1] => 03
    [P_FN_CD2] => 
    [P_FN_NM] => 기업은행
    [P_AMT] => 3000
    [P_UNAME] => 주식회사 샐러드랩
    [P_RMESG1] => P_VACCT_NO=07500534897451|P_EXP_DT=20251227
    [P_RMESG2] => 
    [P_NOTI] => 
    [P_AUTH_NO] => 
)

 Array
(
    [PageCall time] => 14:36:26
    [P_TID] => INIMX_VBNKCAEcatca0720251218143326105546
    [P_MID] => CAEcatca07
    [P_AUTH_DT] => 20251218143626
    [P_STATUS] => 02
    [P_TYPE] => VBANK
    [P_OID] => 251218-021
    [P_FN_CD1] => 04
    [P_FN_CD2] => 
    [P_FN_NM] => KB국민은행
    [P_AMT] => 3000
    [P_UNAME] => 고을순
    [P_RMESG1] => P_VACCT_NO=26029078497798|P_EXP_DT=20251228
    [P_RMESG2] => 
    [P_NOTI] => 
    [P_AUTH_NO] => 
)

 Array
(
    [PageCall time] => 15:39:39
    [P_TID] => INIMX_VBNKCAEcatca0720251218153847435325
    [P_MID] => CAEcatca07
    [P_AUTH_DT] => 20251218153939
    [P_STATUS] => 02
    [P_TYPE] => VBANK
    [P_OID] => 251218-023
    [P_FN_CD1] => 11
    [P_FN_CD2] => 
    [P_FN_NM] => NH농협은행
    [P_AMT] => 3000
    [P_UNAME] => 임현범
    [P_RMESG1] => P_VACCT_NO=79003187394224|P_EXP_DT=20251228
    [P_RMESG2] => 
    [P_NOTI] => 
    [P_AUTH_NO] => 
)

 Array
(
    [PageCall time] => 15:41:27
    [P_TID] => INIMX_VBNKCAEcatca0720251218153826705227
    [P_MID] => CAEcatca07
    [P_AUTH_DT] => 20251218154127
    [P_STATUS] => 02
    [P_TYPE] => VBANK
    [P_OID] => 251218-024
    [P_FN_CD1] => 03
    [P_FN_CD2] => 
    [P_FN_NM] => 기업은행
    [P_AMT] => 3000
    [P_UNAME] => 송윤수
    [P_RMESG1] => P_VACCT_NO=07503207397161|P_EXP_DT=20251228
    [P_RMESG2] => 
    [P_NOTI] => 
    [P_AUTH_NO] => 
)

 Array
(
    [PageCall time] => 15:43:53
    [P_TID] => INIMX_VBNKCAEcatca0720251218154104605544
    [P_MID] => CAEcatca07
    [P_AUTH_DT] => 20251218154353
    [P_STATUS] => 02
    [P_TYPE] => VBANK
    [P_OID] => 251218-025
    [P_FN_CD1] => 20
    [P_FN_CD2] => 
    [P_FN_NM] => 우리은행
    [P_AMT] => 3000
    [P_UNAME] => 김상원
    [P_RMESG1] => P_VACCT_NO=27389239518341|P_EXP_DT=20251228
    [P_RMESG2] => 
    [P_NOTI] => 
    [P_AUTH_NO] => 
)

 Array
(
    [PageCall time] => 15:46:01
    [P_TID] => INIMX_VBNKCAEcatca0720251218154242195036
    [P_MID] => CAEcatca07
    [P_AUTH_DT] => 20251218154601
    [P_STATUS] => 02
    [P_TYPE] => VBANK
    [P_OID] => 251218-026
    [P_FN_CD1] => 04
    [P_FN_CD2] => 
    [P_FN_NM] => KB국민은행
    [P_AMT] => 3000
    [P_UNAME] => 김현옥
    [P_RMESG1] => P_VACCT_NO=26029078714620|P_EXP_DT=20251228
    [P_RMESG2] => 
    [P_NOTI] => 
    [P_AUTH_NO] => 
)

 Array
(
    [PageCall time] => 16:49:27
    [P_TID] => INIMX_VBNKCAEcatca0720251218164645435337
    [P_MID] => CAEcatca07
    [P_AUTH_DT] => 20251218164927
    [P_STATUS] => 02
    [P_TYPE] => VBANK
    [P_OID] => 251218-028
    [P_FN_CD1] => 88
    [P_FN_CD2] => 
    [P_FN_NM] => 신한은행
    [P_AMT] => 3000
    [P_UNAME] => 이윤미
    [P_RMESG1] => P_VACCT_NO=56211991141710|P_EXP_DT=20251228
    [P_RMESG2] => 
    [P_NOTI] => 
    [P_AUTH_NO] => 
)

 Array
(
    [PageCall time] => 17:19:32
    [P_TID] => INIMX_VBNKCAEcatca0720251218171650955611
    [P_MID] => CAEcatca07
    [P_AUTH_DT] => 20251218171932
    [P_STATUS] => 02
    [P_TYPE] => VBANK
    [P_OID] => 251218-030
    [P_FN_CD1] => 88
    [P_FN_CD2] => 
    [P_FN_NM] => 신한은행
    [P_AMT] => 3000
    [P_UNAME] => 박대훈
    [P_RMESG1] => P_VACCT_NO=56211991144474|P_EXP_DT=20251228
    [P_RMESG2] => 
    [P_NOTI] => 
    [P_AUTH_NO] => 
)

 Array
(
    [PageCall time] => 19:14:09
    [P_TID] => INIMX_VBNKCAEcatca0720251218191135885537
    [P_MID] => CAEcatca07
    [P_AUTH_DT] => 20251218191408
    [P_STATUS] => 02
    [P_TYPE] => VBANK
    [P_OID] => 251218-032
    [P_FN_CD1] => 88
    [P_FN_CD2] => 
    [P_FN_NM] => 신한은행
    [P_AMT] => 3000
    [P_UNAME] => 김미리
    [P_RMESG1] => P_VACCT_NO=56211991151715|P_EXP_DT=20251228
    [P_RMESG2] => 
    [P_NOTI] => 
    [P_AUTH_NO] => 
)

 Array
(
    [PageCall time] => 20:21:13
    [P_TID] => INIMX_VBNKCAEcatca0720251218201959655432
    [P_MID] => CAEcatca07
    [P_AUTH_DT] => 20251218202113
    [P_STATUS] => 02
    [P_TYPE] => VBANK
    [P_OID] => 251218-033
    [P_FN_CD1] => 11
    [P_FN_CD2] => 
    [P_FN_NM] => NH농협은행
    [P_AMT] => 3000
    [P_UNAME] => 곽부진
    [P_RMESG1] => P_VACCT_NO=79003187660167|P_EXP_DT=20251228
    [P_RMESG2] => 
    [P_NOTI] => 
    [P_AUTH_NO] => 
)

 Array
(
    [PageCall time] => 21:09:12
    [P_TID] => INIMX_VBNKCAEcatca0720251218210604965979
    [P_MID] => CAEcatca07
    [P_AUTH_DT] => 20251218210912
    [P_STATUS] => 02
    [P_TYPE] => VBANK
    [P_OID] => 251112-005
    [P_FN_CD1] => 04
    [P_FN_CD2] => 
    [P_FN_NM] => KB국민은행
    [P_AMT] => 3000
    [P_UNAME] => 김찬빈
    [P_RMESG1] => P_VACCT_NO=52499014998030|P_EXP_DT=20251228
    [P_RMESG2] => 
    [P_NOTI] => 
    [P_AUTH_NO] => 
)

 Array
(
    [PageCall time] => 21:53:23
    [P_TID] => INIMX_VBNKCAEcatca0720251218215032625886
    [P_MID] => CAEcatca07
    [P_AUTH_DT] => 20251218215323
    [P_STATUS] => 02
    [P_TYPE] => VBANK
    [P_OID] => 251218-034
    [P_FN_CD1] => 20
    [P_FN_CD2] => 
    [P_FN_NM] => 우리은행
    [P_AMT] => 3000
    [P_UNAME] => 김현순
    [P_RMESG1] => P_VACCT_NO=27389258018422|P_EXP_DT=20251228
    [P_RMESG2] => 
    [P_NOTI] => 
    [P_AUTH_NO] => 
)

 Array
(
    [PageCall time] => 22:25:31
    [P_TID] => INIMX_VBNKCAEcatca0720251218222003165361
    [P_MID] => CAEcatca07
    [P_AUTH_DT] => 20251218222531
    [P_STATUS] => 02
    [P_TYPE] => VBANK
    [P_OID] => 251218-035
    [P_FN_CD1] => 04
    [P_FN_CD2] => 
    [P_FN_NM] => KB국민은행
    [P_AMT] => 3000
    [P_UNAME] => 류정헌
    [P_RMESG1] => P_VACCT_NO=53209079303238|P_EXP_DT=20251228
    [P_RMESG2] => 
    [P_NOTI] => 
    [P_AUTH_NO] => 
)

