 Array
(
    [PageCall time] => 10:11:37
    [P_TID] => INIMX_VBNKCAEcatca0720260331100918445818
    [P_MID] => CAEcatca07
    [P_AUTH_DT] => 20260331101137
    [P_STATUS] => 02
    [P_TYPE] => VBANK
    [P_OID] => 260331-004
    [P_FN_CD1] => 89
    [P_FN_CD2] => 
    [P_FN_NM] => 케이뱅크
    [P_AMT] => 3500
    [P_UNAME] => 전찬욱
    [P_RMESG1] => P_VACCT_NO=70112003881591|P_EXP_DT=20260410
    [P_RMESG2] => 
    [P_NOTI] => 
    [P_AUTH_NO] => 
)

 Array
(
    [PageCall time] => 10:24:33
    [P_TID] => INIMX_VBNKCAEcatca0720260331102315625811
    [P_MID] => CAEcatca07
    [P_AUTH_DT] => 20260331102433
    [P_STATUS] => 02
    [P_TYPE] => VBANK
    [P_OID] => 260331-003
    [P_FN_CD1] => 11
    [P_FN_CD2] => 
    [P_FN_NM] => NH농협은행
    [P_AMT] => 3500
    [P_UNAME] => 한국바이오마이스터고등학교
    [P_RMESG1] => P_VACCT_NO=79014504922860|P_EXP_DT=20260410
    [P_RMESG2] => 
    [P_NOTI] => 
    [P_AUTH_NO] => 
)

 Array
(
    [PageCall time] => 12:01:22
    [P_TID] => INIMX_VBNKCAEcatca0720260331115834875201
    [P_MID] => CAEcatca07
    [P_AUTH_DT] => 20260331120122
    [P_STATUS] => 02
    [P_TYPE] => VBANK
    [P_OID] => 260331-006
    [P_FN_CD1] => 03
    [P_FN_CD2] => 
    [P_FN_NM] => 기업은행
    [P_AMT] => 3500
    [P_UNAME] => 배성민
    [P_RMESG1] => P_VACCT_NO=07502325997215|P_EXP_DT=20260410
    [P_RMESG2] => 
    [P_NOTI] => 
    [P_AUTH_NO] => 
)

 Array
(
    [PageCall time] => 12:02:58
    [P_TID] => INIMX_VBNKCAEcatca0720260331113112875389
    [P_MID] => CAEcatca07
    [P_AUTH_DT] => 20260331120258
    [P_STATUS] => 02
    [P_TYPE] => VBANK
    [P_OID] => 260331-005
    [P_FN_CD1] => 04
    [P_FN_CD2] => 
    [P_FN_NM] => KB국민은행
    [P_AMT] => 3500
    [P_UNAME] => 조인숙
    [P_RMESG1] => P_VACCT_NO=96309078049744|P_EXP_DT=20260410
    [P_RMESG2] => 
    [P_NOTI] => 
    [P_AUTH_NO] => 
)

 Array
(
    [PageCall time] => 12:32:52
    [P_TID] => INIMX_VBNKCAEcatca0720260331122954235762
    [P_MID] => CAEcatca07
    [P_AUTH_DT] => 20260331123252
    [P_STATUS] => 02
    [P_TYPE] => VBANK
    [P_OID] => 260331-007
    [P_FN_CD1] => 04
    [P_FN_CD2] => 
    [P_FN_NM] => KB국민은행
    [P_AMT] => 3500
    [P_UNAME] => 김용식
    [P_RMESG1] => P_VACCT_NO=96309078061559|P_EXP_DT=20260410
    [P_RMESG2] => 
    [P_NOTI] => 
    [P_AUTH_NO] => 
)

 Array
(
    [PageCall time] => 12:53:46
    [P_TID] => INIMX_VBNKCAEcatca0720260331124913995653
    [P_MID] => CAEcatca07
    [P_AUTH_DT] => 20260331125346
    [P_STATUS] => 02
    [P_TYPE] => VBANK
    [P_OID] => 260331-008
    [P_FN_CD1] => 04
    [P_FN_CD2] => 
    [P_FN_NM] => KB국민은행
    [P_AMT] => 3500
    [P_UNAME] => 정미숙
    [P_RMESG1] => P_VACCT_NO=96309078064237|P_EXP_DT=20260410
    [P_RMESG2] => 
    [P_NOTI] => 
    [P_AUTH_NO] => 
)

 Array
(
    [PageCall time] => 13:54:00
    [P_TID] => INIMX_VBNKCAEcatca0720260331134935355480
    [P_MID] => CAEcatca07
    [P_AUTH_DT] => 20260331135400
    [P_STATUS] => 02
    [P_TYPE] => VBANK
    [P_OID] => 260331-010
    [P_FN_CD1] => 81
    [P_FN_CD2] => 
    [P_FN_NM] => 하나은행
    [P_AMT] => 3500
    [P_UNAME] => 박상준
    [P_RMESG1] => P_VACCT_NO=20893874116137|P_EXP_DT=20260410
    [P_RMESG2] => 
    [P_NOTI] => 
    [P_AUTH_NO] => 
)

 Array
(
    [PageCall time] => 13:56:52
    [P_TID] => INIMX_VBNKCAEcatca0720260331135222525734
    [P_MID] => CAEcatca07
    [P_AUTH_DT] => 20260331135652
    [P_STATUS] => 02
    [P_TYPE] => VBANK
    [P_OID] => 260331-012
    [P_FN_CD1] => 03
    [P_FN_CD2] => 
    [P_FN_NM] => 기업은행
    [P_AMT] => 3500
    [P_UNAME] => 성덕희
    [P_RMESG1] => P_VACCT_NO=07502326897328|P_EXP_DT=20260410
    [P_RMESG2] => 
    [P_NOTI] => 
    [P_AUTH_NO] => 
)

 Array
(
    [PageCall time] => 14:40:21
    [P_TID] => INIMX_VBNKCAEcatca0720260331143738405714
    [P_MID] => CAEcatca07
    [P_AUTH_DT] => 20260331144021
    [P_STATUS] => 02
    [P_TYPE] => VBANK
    [P_OID] => 260331-016
    [P_FN_CD1] => 88
    [P_FN_CD2] => 
    [P_FN_NM] => 신한은행
    [P_AMT] => 3500
    [P_UNAME] => 전영순
    [P_RMESG1] => P_VACCT_NO=56211106287328|P_EXP_DT=20260410
    [P_RMESG2] => 
    [P_NOTI] => 
    [P_AUTH_NO] => 
)

 Array
(
    [PageCall time] => 15:08:16
    [P_TID] => INIMX_VBNKCAEcatca0720260331144156895187
    [P_MID] => CAEcatca07
    [P_AUTH_DT] => 20260331150816
    [P_STATUS] => 02
    [P_TYPE] => VBANK
    [P_OID] => 260331-009
    [P_FN_CD1] => 04
    [P_FN_CD2] => 
    [P_FN_NM] => KB국민은행
    [P_AMT] => 3500
    [P_UNAME] => 이승은
    [P_RMESG1] => P_VACCT_NO=96309078081782|P_EXP_DT=20260410
    [P_RMESG2] => 
    [P_NOTI] => 
    [P_AUTH_NO] => 
)

 Array
(
    [PageCall time] => 16:04:22
    [P_TID] => INIMX_VBNKCAEcatca0720260331155304705174
    [P_MID] => CAEcatca07
    [P_AUTH_DT] => 20260331160422
    [P_STATUS] => 02
    [P_TYPE] => VBANK
    [P_OID] => 260331-018
    [P_FN_CD1] => 04
    [P_FN_CD2] => 
    [P_FN_NM] => KB국민은행
    [P_AMT] => 3500
    [P_UNAME] => 김은혜
    [P_RMESG1] => P_VACCT_NO=96309078096032|P_EXP_DT=20260410
    [P_RMESG2] => 
    [P_NOTI] => 
    [P_AUTH_NO] => 
)

 Array
(
    [PageCall time] => 16:11:22
    [P_TID] => INIMX_VBNKCAEcatca0720260331160858115555
    [P_MID] => CAEcatca07
    [P_AUTH_DT] => 20260331161122
    [P_STATUS] => 02
    [P_TYPE] => VBANK
    [P_OID] => 260331-019
    [P_FN_CD1] => 04
    [P_FN_CD2] => 
    [P_FN_NM] => KB국민은행
    [P_AMT] => 3500
    [P_UNAME] => 김미현
    [P_RMESG1] => P_VACCT_NO=96309078098672|P_EXP_DT=20260410
    [P_RMESG2] => 
    [P_NOTI] => 
    [P_AUTH_NO] => 
)

 Array
(
    [PageCall time] => 16:30:49
    [P_TID] => INIMX_VBNKCAEcatca0720260331162538645871
    [P_MID] => CAEcatca07
    [P_AUTH_DT] => 20260331163049
    [P_STATUS] => 02
    [P_TYPE] => VBANK
    [P_OID] => 260331-020
    [P_FN_CD1] => 04
    [P_FN_CD2] => 
    [P_FN_NM] => KB국민은행
    [P_AMT] => 3500
    [P_UNAME] => 최주영
    [P_RMESG1] => P_VACCT_NO=96309078101042|P_EXP_DT=20260410
    [P_RMESG2] => 
    [P_NOTI] => 
    [P_AUTH_NO] => 
)

 Array
(
    [PageCall time] => 18:14:02
    [P_TID] => INIMX_VBNKCAEcatca0720260331181010335275
    [P_MID] => CAEcatca07
    [P_AUTH_DT] => 20260331181402
    [P_STATUS] => 02
    [P_TYPE] => VBANK
    [P_OID] => 260331-023
    [P_FN_CD1] => 04
    [P_FN_CD2] => 
    [P_FN_NM] => KB국민은행
    [P_AMT] => 3500
    [P_UNAME] => 장현주
    [P_RMESG1] => P_VACCT_NO=96309078116079|P_EXP_DT=20260410
    [P_RMESG2] => 
    [P_NOTI] => 
    [P_AUTH_NO] => 
)

 Array
(
    [PageCall time] => 18:27:35
    [P_TID] => INIMX_VBNKCAEcatca0720260331182355855443
    [P_MID] => CAEcatca07
    [P_AUTH_DT] => 20260331182735
    [P_STATUS] => 02
    [P_TYPE] => VBANK
    [P_OID] => 260331-024
    [P_FN_CD1] => 11
    [P_FN_CD2] => 
    [P_FN_NM] => NH농협은행
    [P_AMT] => 3500
    [P_UNAME] => 명영수
    [P_RMESG1] => P_VACCT_NO=79014504990025|P_EXP_DT=20260410
    [P_RMESG2] => 
    [P_NOTI] => 
    [P_AUTH_NO] => 
)

 Array
(
    [PageCall time] => 19:29:33
    [P_TID] => INIMX_VBNKCAEcatca0720260331192822385037
    [P_MID] => CAEcatca07
    [P_AUTH_DT] => 20260331192933
    [P_STATUS] => 02
    [P_TYPE] => VBANK
    [P_OID] => 260331-025
    [P_FN_CD1] => 11
    [P_FN_CD2] => 
    [P_FN_NM] => NH농협은행
    [P_AMT] => 3500
    [P_UNAME] => 윤상용
    [P_RMESG1] => P_VACCT_NO=79014504995280|P_EXP_DT=20260410
    [P_RMESG2] => 
    [P_NOTI] => 
    [P_AUTH_NO] => 
)

 Array
(
    [PageCall time] => 19:51:37
    [P_TID] => INIMX_VBNKCAEcatca0720260331194833945486
    [P_MID] => CAEcatca07
    [P_AUTH_DT] => 20260331195137
    [P_STATUS] => 02
    [P_TYPE] => VBANK
    [P_OID] => 260331-027
    [P_FN_CD1] => 81
    [P_FN_CD2] => 
    [P_FN_NM] => 하나은행
    [P_AMT] => 3500
    [P_UNAME] => 유동연
    [P_RMESG1] => P_VACCT_NO=20893876040437|P_EXP_DT=20260410
    [P_RMESG2] => 
    [P_NOTI] => 
    [P_AUTH_NO] => 
)

 Array
(
    [PageCall time] => 20:19:36
    [P_TID] => INIMX_VBNKCAEcatca0720260331201429335283
    [P_MID] => CAEcatca07
    [P_AUTH_DT] => 20260331201936
    [P_STATUS] => 02
    [P_TYPE] => VBANK
    [P_OID] => 260331-028
    [P_FN_CD1] => 81
    [P_FN_CD2] => 
    [P_FN_NM] => 하나은행
    [P_AMT] => 3500
    [P_UNAME] => 장주영
    [P_RMESG1] => P_VACCT_NO=20893876141937|P_EXP_DT=20260410
    [P_RMESG2] => 
    [P_NOTI] => 
    [P_AUTH_NO] => 
)

 Array
(
    [PageCall time] => 21:03:39
    [P_TID] => INIMX_VBNKCAEcatca0720260331204138905909
    [P_MID] => CAEcatca07
    [P_AUTH_DT] => 20260331210338
    [P_STATUS] => 02
    [P_TYPE] => VBANK
    [P_OID] => 260331-026
    [P_FN_CD1] => 04
    [P_FN_CD2] => 
    [P_FN_NM] => KB국민은행
    [P_AMT] => 3500
    [P_UNAME] => 강남희
    [P_RMESG1] => P_VACCT_NO=96309078131418|P_EXP_DT=20260410
    [P_RMESG2] => 
    [P_NOTI] => 
    [P_AUTH_NO] => 
)

 Array
(
    [PageCall time] => 21:09:00
    [P_TID] => INIMX_VBNKCAEcatca0720260331210607735623
    [P_MID] => CAEcatca07
    [P_AUTH_DT] => 20260331210900
    [P_STATUS] => 02
    [P_TYPE] => VBANK
    [P_OID] => 260331-030
    [P_FN_CD1] => 04
    [P_FN_CD2] => 
    [P_FN_NM] => KB국민은행
    [P_AMT] => 3500
    [P_UNAME] => 조은혜
    [P_RMESG1] => P_VACCT_NO=96309078133764|P_EXP_DT=20260410
    [P_RMESG2] => 
    [P_NOTI] => 
    [P_AUTH_NO] => 
)

 Array
(
    [PageCall time] => 21:58:12
    [P_TID] => INIMX_VBNKCAEcatca0720260331215534545425
    [P_MID] => CAEcatca07
    [P_AUTH_DT] => 20260331215812
    [P_STATUS] => 02
    [P_TYPE] => VBANK
    [P_OID] => 260331-031
    [P_FN_CD1] => 81
    [P_FN_CD2] => 
    [P_FN_NM] => 하나은행
    [P_AMT] => 3500
    [P_UNAME] => 남서현
    [P_RMESG1] => P_VACCT_NO=20893876452737|P_EXP_DT=20260410
    [P_RMESG2] => 
    [P_NOTI] => 
    [P_AUTH_NO] => 
)

 Array
(
    [PageCall time] => 22:00:06
    [P_TID] => INIMX_VBNKCAEcatca0720260331215630495281
    [P_MID] => CAEcatca07
    [P_AUTH_DT] => 20260331220006
    [P_STATUS] => 02
    [P_TYPE] => VBANK
    [P_OID] => 260331-032
    [P_FN_CD1] => 04
    [P_FN_CD2] => 
    [P_FN_NM] => KB국민은행
    [P_AMT] => 3500
    [P_UNAME] => 황미영
    [P_RMESG1] => P_VACCT_NO=96309078138628|P_EXP_DT=20260410
    [P_RMESG2] => 
    [P_NOTI] => 
    [P_AUTH_NO] => 
)

