 Array
(
    [PageCall time] => 01:12:45
    [P_TID] => INIMX_VBNKCAEcatca0720250827010919695979
    [P_MID] => CAEcatca07
    [P_AUTH_DT] => 20250827011245
    [P_STATUS] => 02
    [P_TYPE] => VBANK
    [P_OID] => 250827-002
    [P_FN_CD1] => 81
    [P_FN_CD2] => 
    [P_FN_NM] => 하나은행
    [P_AMT] => 3000
    [P_UNAME] => 김규연
    [P_RMESG1] => P_VACCT_NO=20894033051137|P_EXP_DT=20250906
    [P_RMESG2] => 
    [P_NOTI] => 
    [P_AUTH_NO] => 
)

 Array
(
    [PageCall time] => 10:19:46
    [P_TID] => INIMX_VBNKCAEcatca0720250827101847585836
    [P_MID] => CAEcatca07
    [P_AUTH_DT] => 20250827101946
    [P_STATUS] => 02
    [P_TYPE] => VBANK
    [P_OID] => 250827-005
    [P_FN_CD1] => 11
    [P_FN_CD2] => 
    [P_FN_NM] => NH농협은행
    [P_AMT] => 3000
    [P_UNAME] => 김정숙
    [P_RMESG1] => P_VACCT_NO=79014408438431|P_EXP_DT=20250906
    [P_RMESG2] => 
    [P_NOTI] => 
    [P_AUTH_NO] => 
)

 Array
(
    [PageCall time] => 10:20:04
    [P_TID] => INIMX_VBNKCAEcatca0720250827101915825013
    [P_MID] => CAEcatca07
    [P_AUTH_DT] => 20250827102004
    [P_STATUS] => 02
    [P_TYPE] => VBANK
    [P_OID] => 250827-004
    [P_FN_CD1] => 04
    [P_FN_CD2] => 
    [P_FN_NM] => KB국민은행
    [P_AMT] => 3000
    [P_UNAME] => 정한솔
    [P_RMESG1] => P_VACCT_NO=26119078375578|P_EXP_DT=20250906
    [P_RMESG2] => 
    [P_NOTI] => 
    [P_AUTH_NO] => 
)

 Array
(
    [PageCall time] => 10:21:26
    [P_TID] => INIMX_VBNKCAEcatca0720250827102042455486
    [P_MID] => CAEcatca07
    [P_AUTH_DT] => 20250827102126
    [P_STATUS] => 02
    [P_TYPE] => VBANK
    [P_OID] => 250827-006
    [P_FN_CD1] => 04
    [P_FN_CD2] => 
    [P_FN_NM] => KB국민은행
    [P_AMT] => 3000
    [P_UNAME] => 정지영
    [P_RMESG1] => P_VACCT_NO=26119078376939|P_EXP_DT=20250906
    [P_RMESG2] => 
    [P_NOTI] => 
    [P_AUTH_NO] => 
)

 Array
(
    [PageCall time] => 10:28:11
    [P_TID] => INIMX_VBNKCAEcatca0720250827000459365154
    [P_MID] => CAEcatca07
    [P_AUTH_DT] => 20250827102811
    [P_STATUS] => 02
    [P_TYPE] => VBANK
    [P_OID] => 250827-001
    [P_FN_CD1] => 88
    [P_FN_CD2] => 
    [P_FN_NM] => 신한은행
    [P_AMT] => 3000
    [P_UNAME] => 이광호
    [P_RMESG1] => P_VACCT_NO=56211992326382|P_EXP_DT=20250906
    [P_RMESG2] => 
    [P_NOTI] => 
    [P_AUTH_NO] => 
)

 Array
(
    [PageCall time] => 10:29:31
    [P_TID] => INIMX_VBNKCAEcatca0720250827102747545268
    [P_MID] => CAEcatca07
    [P_AUTH_DT] => 20250827102931
    [P_STATUS] => 02
    [P_TYPE] => VBANK
    [P_OID] => 250827-008
    [P_FN_CD1] => 11
    [P_FN_CD2] => 
    [P_FN_NM] => NH농협은행
    [P_AMT] => 3000
    [P_UNAME] => 문성연
    [P_RMESG1] => P_VACCT_NO=79014408440796|P_EXP_DT=20250906
    [P_RMESG2] => 
    [P_NOTI] => 
    [P_AUTH_NO] => 
)

 Array
(
    [PageCall time] => 10:33:46
    [P_TID] => INIMX_VBNKCAEcatca0720250827103054715671
    [P_MID] => CAEcatca07
    [P_AUTH_DT] => 20250827103346
    [P_STATUS] => 02
    [P_TYPE] => VBANK
    [P_OID] => 250827-009
    [P_FN_CD1] => 88
    [P_FN_CD2] => 
    [P_FN_NM] => 신한은행
    [P_AMT] => 3000
    [P_UNAME] => 한진황
    [P_RMESG1] => P_VACCT_NO=56211992355757|P_EXP_DT=20250906
    [P_RMESG2] => 
    [P_NOTI] => 
    [P_AUTH_NO] => 
)

 Array
(
    [PageCall time] => 11:49:24
    [P_TID] => INIMX_VBNKCAEcatca0720250827114344055260
    [P_MID] => CAEcatca07
    [P_AUTH_DT] => 20250827114924
    [P_STATUS] => 02
    [P_TYPE] => VBANK
    [P_OID] => 250827-011
    [P_FN_CD1] => 81
    [P_FN_CD2] => 
    [P_FN_NM] => 하나은행
    [P_AMT] => 3000
    [P_UNAME] => 권순길
    [P_RMESG1] => P_VACCT_NO=20894034949237|P_EXP_DT=20250906
    [P_RMESG2] => 
    [P_NOTI] => 
    [P_AUTH_NO] => 
)

 Array
(
    [PageCall time] => 12:23:59
    [P_TID] => INIMX_VBNKCAEcatca0720250827121814915938
    [P_MID] => CAEcatca07
    [P_AUTH_DT] => 20250827122359
    [P_STATUS] => 02
    [P_TYPE] => VBANK
    [P_OID] => 250827-016
    [P_FN_CD1] => 81
    [P_FN_CD2] => 
    [P_FN_NM] => 하나은행
    [P_AMT] => 3000
    [P_UNAME] => 오경갑
    [P_RMESG1] => P_VACCT_NO=20894035105637|P_EXP_DT=20250906
    [P_RMESG2] => 
    [P_NOTI] => 
    [P_AUTH_NO] => 
)

 Array
(
    [PageCall time] => 13:00:23
    [P_TID] => INIMX_VBNKCAEcatca0720250827125825975043
    [P_MID] => CAEcatca07
    [P_AUTH_DT] => 20250827130023
    [P_STATUS] => 02
    [P_TYPE] => VBANK
    [P_OID] => 250827-017
    [P_FN_CD1] => 04
    [P_FN_CD2] => 
    [P_FN_NM] => KB국민은행
    [P_AMT] => 3000
    [P_UNAME] => 양정식
    [P_RMESG1] => P_VACCT_NO=80399078618569|P_EXP_DT=20250906
    [P_RMESG2] => 
    [P_NOTI] => 
    [P_AUTH_NO] => 
)

 Array
(
    [PageCall time] => 13:19:39
    [P_TID] => INIMX_VBNKCAEcatca0720250827131605245975
    [P_MID] => CAEcatca07
    [P_AUTH_DT] => 20250827131939
    [P_STATUS] => 02
    [P_TYPE] => VBANK
    [P_OID] => 250827-019
    [P_FN_CD1] => 88
    [P_FN_CD2] => 
    [P_FN_NM] => 신한은행
    [P_AMT] => 3000
    [P_UNAME] => 강진아
    [P_RMESG1] => P_VACCT_NO=56211992396535|P_EXP_DT=20250906
    [P_RMESG2] => 
    [P_NOTI] => 
    [P_AUTH_NO] => 
)

 Array
(
    [PageCall time] => 13:30:12
    [P_TID] => INIMX_VBNKCAEcatca0720250827132704195506
    [P_MID] => CAEcatca07
    [P_AUTH_DT] => 20250827133012
    [P_STATUS] => 02
    [P_TYPE] => VBANK
    [P_OID] => 250827-022
    [P_FN_CD1] => 88
    [P_FN_CD2] => 
    [P_FN_NM] => 신한은행
    [P_AMT] => 3000
    [P_UNAME] => 박용숙
    [P_RMESG1] => P_VACCT_NO=56211992398367|P_EXP_DT=20250906
    [P_RMESG2] => 
    [P_NOTI] => 
    [P_AUTH_NO] => 
)

 Array
(
    [PageCall time] => 14:09:00
    [P_TID] => INIMX_VBNKCAEcatca0720250827140443184788
    [P_MID] => CAEcatca07
    [P_AUTH_DT] => 20250827140900
    [P_STATUS] => 02
    [P_TYPE] => VBANK
    [P_OID] => 250827-023
    [P_FN_CD1] => 88
    [P_FN_CD2] => 
    [P_FN_NM] => 신한은행
    [P_AMT] => 3000
    [P_UNAME] => 신순식
    [P_RMESG1] => P_VACCT_NO=56211122429590|P_EXP_DT=20250906
    [P_RMESG2] => 
    [P_NOTI] => 
    [P_AUTH_NO] => 
)

 Array
(
    [PageCall time] => 14:12:55
    [P_TID] => INIMX_VBNKCAEcatca0720250827141007674547
    [P_MID] => CAEcatca07
    [P_AUTH_DT] => 20250827141255
    [P_STATUS] => 02
    [P_TYPE] => VBANK
    [P_OID] => 250827-024
    [P_FN_CD1] => 88
    [P_FN_CD2] => 
    [P_FN_NM] => 신한은행
    [P_AMT] => 3000
    [P_UNAME] => 곽동준
    [P_RMESG1] => P_VACCT_NO=56211122429814|P_EXP_DT=20250906
    [P_RMESG2] => 
    [P_NOTI] => 
    [P_AUTH_NO] => 
)

 Array
(
    [PageCall time] => 14:30:36
    [P_TID] => INIMX_VBNKCAEcatca0720250827142910105310
    [P_MID] => CAEcatca07
    [P_AUTH_DT] => 20250827143036
    [P_STATUS] => 02
    [P_TYPE] => VBANK
    [P_OID] => 250827-026
    [P_FN_CD1] => 11
    [P_FN_CD2] => 
    [P_FN_NM] => NH농협은행
    [P_AMT] => 3000
    [P_UNAME] => 천재화
    [P_RMESG1] => P_VACCT_NO=79014408486292|P_EXP_DT=20250906
    [P_RMESG2] => 
    [P_NOTI] => 
    [P_AUTH_NO] => 
)

 Array
(
    [PageCall time] => 14:35:09
    [P_TID] => INIMX_VBNKCAEcatca0720250827143412205265
    [P_MID] => CAEcatca07
    [P_AUTH_DT] => 20250827143509
    [P_STATUS] => 02
    [P_TYPE] => VBANK
    [P_OID] => 250827-025
    [P_FN_CD1] => 11
    [P_FN_CD2] => 
    [P_FN_NM] => NH농협은행
    [P_AMT] => 3000
    [P_UNAME] => 하수성
    [P_RMESG1] => P_VACCT_NO=79014408487053|P_EXP_DT=20250906
    [P_RMESG2] => 
    [P_NOTI] => 
    [P_AUTH_NO] => 
)

 Array
(
    [PageCall time] => 15:08:17
    [P_TID] => INIMX_VBNKCAEcatca0720250827150538965442
    [P_MID] => CAEcatca07
    [P_AUTH_DT] => 20250827150817
    [P_STATUS] => 02
    [P_TYPE] => VBANK
    [P_OID] => 250827-028
    [P_FN_CD1] => 88
    [P_FN_CD2] => 
    [P_FN_NM] => 신한은행
    [P_AMT] => 3000
    [P_UNAME] => 김진황
    [P_RMESG1] => P_VACCT_NO=56211992451676|P_EXP_DT=20250906
    [P_RMESG2] => 
    [P_NOTI] => 
    [P_AUTH_NO] => 
)

 Array
(
    [PageCall time] => 15:12:53
    [P_TID] => INIMX_VBNKCAEcatca0720250827151114215570
    [P_MID] => CAEcatca07
    [P_AUTH_DT] => 20250827151253
    [P_STATUS] => 02
    [P_TYPE] => VBANK
    [P_OID] => 250827-012
    [P_FN_CD1] => 04
    [P_FN_CD2] => 
    [P_FN_NM] => KB국민은행
    [P_AMT] => 3000
    [P_UNAME] => 김채민
    [P_RMESG1] => P_VACCT_NO=80399078674134|P_EXP_DT=20250906
    [P_RMESG2] => 
    [P_NOTI] => 
    [P_AUTH_NO] => 
)

 Array
(
    [PageCall time] => 15:30:30
    [P_TID] => INIMX_VBNKCAEcatca0720250827152714235450
    [P_MID] => CAEcatca07
    [P_AUTH_DT] => 20250827153030
    [P_STATUS] => 02
    [P_TYPE] => VBANK
    [P_OID] => 250827-030
    [P_FN_CD1] => 20
    [P_FN_CD2] => 
    [P_FN_NM] => 우리은행
    [P_AMT] => 3000
    [P_UNAME] => 신성희
    [P_RMESG1] => P_VACCT_NO=27488699518464|P_EXP_DT=20250906
    [P_RMESG2] => 
    [P_NOTI] => 
    [P_AUTH_NO] => 
)

 Array
(
    [PageCall time] => 15:53:42
    [P_TID] => INIMX_VBNKCAEcatca0720250827155100605205
    [P_MID] => CAEcatca07
    [P_AUTH_DT] => 20250827155342
    [P_STATUS] => 02
    [P_TYPE] => VBANK
    [P_OID] => 250826-010
    [P_FN_CD1] => 88
    [P_FN_CD2] => 
    [P_FN_NM] => 신한은행
    [P_AMT] => 3000
    [P_UNAME] => 박지혜
    [P_RMESG1] => P_VACCT_NO=56211992461879|P_EXP_DT=20250906
    [P_RMESG2] => 
    [P_NOTI] => 
    [P_AUTH_NO] => 
)

 Array
(
    [PageCall time] => 16:06:02
    [P_TID] => INIMX_VBNKCAEcatca0720250827160305735715
    [P_MID] => CAEcatca07
    [P_AUTH_DT] => 20250827160602
    [P_STATUS] => 02
    [P_TYPE] => VBANK
    [P_OID] => 250819-036
    [P_FN_CD1] => 89
    [P_FN_CD2] => 
    [P_FN_NM] => 케이뱅크
    [P_AMT] => 3000
    [P_UNAME] => 조혜미
    [P_RMESG1] => P_VACCT_NO=70112003294429|P_EXP_DT=20250906
    [P_RMESG2] => 
    [P_NOTI] => 
    [P_AUTH_NO] => 
)

 Array
(
    [PageCall time] => 16:07:40
    [P_TID] => INIMX_VBNKCAEcatca0720250827160708905835
    [P_MID] => CAEcatca07
    [P_AUTH_DT] => 20250827160740
    [P_STATUS] => 02
    [P_TYPE] => VBANK
    [P_OID] => 250827-033
    [P_FN_CD1] => 04
    [P_FN_CD2] => 
    [P_FN_NM] => KB국민은행
    [P_AMT] => 3000
    [P_UNAME] => 이호준
    [P_RMESG1] => P_VACCT_NO=80399078683693|P_EXP_DT=20250906
    [P_RMESG2] => 
    [P_NOTI] => 
    [P_AUTH_NO] => 
)

 Array
(
    [PageCall time] => 16:30:58
    [P_TID] => INIMX_VBNKCAEcatca0720250827163018815290
    [P_MID] => CAEcatca07
    [P_AUTH_DT] => 20250827163058
    [P_STATUS] => 02
    [P_TYPE] => VBANK
    [P_OID] => 250827-018
    [P_FN_CD1] => 04
    [P_FN_CD2] => 
    [P_FN_NM] => KB국민은행
    [P_AMT] => 3000
    [P_UNAME] => 이유정
    [P_RMESG1] => P_VACCT_NO=80399078686735|P_EXP_DT=20250906
    [P_RMESG2] => 
    [P_NOTI] => 
    [P_AUTH_NO] => 
)

 Array
(
    [PageCall time] => 17:01:47
    [P_TID] => INIMX_VBNKCAEcatca0720250827165916105666
    [P_MID] => CAEcatca07
    [P_AUTH_DT] => 20250827170147
    [P_STATUS] => 02
    [P_TYPE] => VBANK
    [P_OID] => 250827-037
    [P_FN_CD1] => 88
    [P_FN_CD2] => 
    [P_FN_NM] => 신한은행
    [P_AMT] => 3000
    [P_UNAME] => 송은주
    [P_RMESG1] => P_VACCT_NO=56211992476204|P_EXP_DT=20250906
    [P_RMESG2] => 
    [P_NOTI] => 
    [P_AUTH_NO] => 
)

 Array
(
    [PageCall time] => 17:03:04
    [P_TID] => INIMX_VBNKCAEcatca0720250827170138645352
    [P_MID] => CAEcatca07
    [P_AUTH_DT] => 20250827170304
    [P_STATUS] => 02
    [P_TYPE] => VBANK
    [P_OID] => 250827-038
    [P_FN_CD1] => 11
    [P_FN_CD2] => 
    [P_FN_NM] => NH농협은행
    [P_AMT] => 3000
    [P_UNAME] => 전재숙
    [P_RMESG1] => P_VACCT_NO=79014408507751|P_EXP_DT=20250906
    [P_RMESG2] => 
    [P_NOTI] => 
    [P_AUTH_NO] => 
)

 Array
(
    [PageCall time] => 17:27:01
    [P_TID] => INIMX_VBNKCAEcatca0720250827172408185831
    [P_MID] => CAEcatca07
    [P_AUTH_DT] => 20250827172700
    [P_STATUS] => 02
    [P_TYPE] => VBANK
    [P_OID] => 250827-039
    [P_FN_CD1] => 88
    [P_FN_CD2] => 
    [P_FN_NM] => 신한은행
    [P_AMT] => 3000
    [P_UNAME] => 임영미
    [P_RMESG1] => P_VACCT_NO=56211992484295|P_EXP_DT=20250906
    [P_RMESG2] => 
    [P_NOTI] => 
    [P_AUTH_NO] => 
)

 Array
(
    [PageCall time] => 17:36:06
    [P_TID] => INIMX_VBNKCAEcatca0720250827173536935255
    [P_MID] => CAEcatca07
    [P_AUTH_DT] => 20250827173606
    [P_STATUS] => 02
    [P_TYPE] => VBANK
    [P_OID] => 250827-040
    [P_FN_CD1] => 04
    [P_FN_CD2] => 
    [P_FN_NM] => KB국민은행
    [P_AMT] => 3000
    [P_UNAME] => 김규태
    [P_RMESG1] => P_VACCT_NO=80399078703432|P_EXP_DT=20250906
    [P_RMESG2] => 
    [P_NOTI] => 
    [P_AUTH_NO] => 
)

 Array
(
    [PageCall time] => 17:39:10
    [P_TID] => INIMX_VBNKCAEcatca0720250827173612335543
    [P_MID] => CAEcatca07
    [P_AUTH_DT] => 20250827173910
    [P_STATUS] => 02
    [P_TYPE] => VBANK
    [P_OID] => 250826-038
    [P_FN_CD1] => 88
    [P_FN_CD2] => 
    [P_FN_NM] => 신한은행
    [P_AMT] => 3000
    [P_UNAME] => 김나영
    [P_RMESG1] => P_VACCT_NO=56211992488084|P_EXP_DT=20250906
    [P_RMESG2] => 
    [P_NOTI] => 
    [P_AUTH_NO] => 
)

 Array
(
    [PageCall time] => 17:41:43
    [P_TID] => INIMX_VBNKCAEcatca0720250827174045235409
    [P_MID] => CAEcatca07
    [P_AUTH_DT] => 20250827174143
    [P_STATUS] => 02
    [P_TYPE] => VBANK
    [P_OID] => 250827-041
    [P_FN_CD1] => 11
    [P_FN_CD2] => 
    [P_FN_NM] => NH농협은행
    [P_AMT] => 3000
    [P_UNAME] => 변은심
    [P_RMESG1] => P_VACCT_NO=79014408514871|P_EXP_DT=20250906
    [P_RMESG2] => 
    [P_NOTI] => 
    [P_AUTH_NO] => 
)

 Array
(
    [PageCall time] => 18:44:20
    [P_TID] => INIMX_VBNKCAEcatca0720250827184205675559
    [P_MID] => CAEcatca07
    [P_AUTH_DT] => 20250827184420
    [P_STATUS] => 02
    [P_TYPE] => VBANK
    [P_OID] => 250827-042
    [P_FN_CD1] => 04
    [P_FN_CD2] => 
    [P_FN_NM] => KB국민은행
    [P_AMT] => 3000
    [P_UNAME] => 이임순
    [P_RMESG1] => P_VACCT_NO=80399078715228|P_EXP_DT=20250906
    [P_RMESG2] => 
    [P_NOTI] => 
    [P_AUTH_NO] => 
)

 Array
(
    [PageCall time] => 19:23:47
    [P_TID] => INIMX_VBNKCAEcatca0720250827192058395546
    [P_MID] => CAEcatca07
    [P_AUTH_DT] => 20250827192347
    [P_STATUS] => 02
    [P_TYPE] => VBANK
    [P_OID] => 250824-013
    [P_FN_CD1] => 88
    [P_FN_CD2] => 
    [P_FN_NM] => 신한은행
    [P_AMT] => 3000
    [P_UNAME] => 박지연
    [P_RMESG1] => P_VACCT_NO=56211992510214|P_EXP_DT=20250906
    [P_RMESG2] => 
    [P_NOTI] => 
    [P_AUTH_NO] => 
)

 Array
(
    [PageCall time] => 20:54:24
    [P_TID] => INIMX_VBNKCAEcatca0720250827205320905821
    [P_MID] => CAEcatca07
    [P_AUTH_DT] => 20250827205424
    [P_STATUS] => 02
    [P_TYPE] => VBANK
    [P_OID] => 250827-035
    [P_FN_CD1] => 23
    [P_FN_CD2] => 
    [P_FN_NM] => SC은행
    [P_AMT] => 3000
    [P_UNAME] => 최윤정
    [P_RMESG1] => P_VACCT_NO=46416004286473|P_EXP_DT=20250906
    [P_RMESG2] => 
    [P_NOTI] => 
    [P_AUTH_NO] => 
)

 Array
(
    [PageCall time] => 21:35:58
    [P_TID] => INIMX_VBNKCAEcatca0720250827213305915851
    [P_MID] => CAEcatca07
    [P_AUTH_DT] => 20250827213557
    [P_STATUS] => 02
    [P_TYPE] => VBANK
    [P_OID] => 250827-044
    [P_FN_CD1] => 03
    [P_FN_CD2] => 
    [P_FN_NM] => 기업은행
    [P_AMT] => 3000
    [P_UNAME] => 김재조
    [P_RMESG1] => P_VACCT_NO=07503416197513|P_EXP_DT=20250906
    [P_RMESG2] => 
    [P_NOTI] => 
    [P_AUTH_NO] => 
)

 Array
(
    [PageCall time] => 21:36:34
    [P_TID] => INIMX_VBNKCAEcatca0720250827213400495813
    [P_MID] => CAEcatca07
    [P_AUTH_DT] => 20250827213634
    [P_STATUS] => 02
    [P_TYPE] => VBANK
    [P_OID] => 250827-045
    [P_FN_CD1] => 03
    [P_FN_CD2] => 
    [P_FN_NM] => 기업은행
    [P_AMT] => 3000
    [P_UNAME] => 이수빈
    [P_RMESG1] => P_VACCT_NO=07503416197538|P_EXP_DT=20250906
    [P_RMESG2] => 
    [P_NOTI] => 
    [P_AUTH_NO] => 
)

 Array
(
    [PageCall time] => 23:32:32
    [P_TID] => INIMX_VBNKCAEcatca0720250827233058525668
    [P_MID] => CAEcatca07
    [P_AUTH_DT] => 20250827233232
    [P_STATUS] => 02
    [P_TYPE] => VBANK
    [P_OID] => 250827-047
    [P_FN_CD1] => 04
    [P_FN_CD2] => 
    [P_FN_NM] => KB국민은행
    [P_AMT] => 3000
    [P_UNAME] => 배규원
    [P_RMESG1] => P_VACCT_NO=80399078749692|P_EXP_DT=20250906
    [P_RMESG2] => 
    [P_NOTI] => 
    [P_AUTH_NO] => 
)

