 Array
(
    [PageCall time] => 06:33:02
    [P_TID] => INIMX_VBNKCAEcatca0720250509063117985497
    [P_MID] => CAEcatca07
    [P_AUTH_DT] => 20250509063302
    [P_STATUS] => 02
    [P_TYPE] => VBANK
    [P_OID] => 250508-022
    [P_FN_CD1] => 11
    [P_FN_CD2] => 
    [P_FN_NM] => NH농협은행
    [P_AMT] => 3000
    [P_UNAME] => 정병조
    [P_RMESG1] => P_VACCT_NO=79015903279657|P_EXP_DT=20250519
    [P_RMESG2] => 
    [P_NOTI] => 
    [P_AUTH_NO] => 
)

 Array
(
    [PageCall time] => 07:22:35
    [P_TID] => INIMX_VBNKCAEcatca0720250509072001475523
    [P_MID] => CAEcatca07
    [P_AUTH_DT] => 20250509072235
    [P_STATUS] => 02
    [P_TYPE] => VBANK
    [P_OID] => 250509-001
    [P_FN_CD1] => 04
    [P_FN_CD2] => 
    [P_FN_NM] => KB국민은행
    [P_AMT] => 3000
    [P_UNAME] => 한수정
    [P_RMESG1] => P_VACCT_NO=39319011000606|P_EXP_DT=20250519
    [P_RMESG2] => 
    [P_NOTI] => 
    [P_AUTH_NO] => 
)

 Array
(
    [PageCall time] => 09:08:18
    [P_TID] => INIMX_VBNKCAEcatca0720250509090446274384
    [P_MID] => CAEcatca07
    [P_AUTH_DT] => 20250509090818
    [P_STATUS] => 02
    [P_TYPE] => VBANK
    [P_OID] => 250509-002
    [P_FN_CD1] => 20
    [P_FN_CD2] => 
    [P_FN_NM] => 우리은행
    [P_AMT] => 3000
    [P_UNAME] => 이기흥
    [P_RMESG1] => P_VACCT_NO=61842438318281|P_EXP_DT=20250519
    [P_RMESG2] => 
    [P_NOTI] => 
    [P_AUTH_NO] => 
)

 Array
(
    [PageCall time] => 09:21:37
    [P_TID] => INIMX_VBNKCAEcatca0720250509091859764078
    [P_MID] => CAEcatca07
    [P_AUTH_DT] => 20250509092137
    [P_STATUS] => 02
    [P_TYPE] => VBANK
    [P_OID] => 250508-033
    [P_FN_CD1] => 20
    [P_FN_CD2] => 
    [P_FN_NM] => 우리은행
    [P_AMT] => 3000
    [P_UNAME] => 김영민
    [P_RMESG1] => P_VACCT_NO=61842439118152|P_EXP_DT=20250519
    [P_RMESG2] => 
    [P_NOTI] => 
    [P_AUTH_NO] => 
)

 Array
(
    [PageCall time] => 09:34:23
    [P_TID] => INIMX_VBNKCAEcatca0720250509071039675926
    [P_MID] => CAEcatca07
    [P_AUTH_DT] => 20250509093423
    [P_STATUS] => 02
    [P_TYPE] => VBANK
    [P_OID] => 250508-015
    [P_FN_CD1] => 88
    [P_FN_CD2] => 
    [P_FN_NM] => 신한은행
    [P_AMT] => 3000
    [P_UNAME] => 장훈
    [P_RMESG1] => P_VACCT_NO=56211992856042|P_EXP_DT=20250519
    [P_RMESG2] => 
    [P_NOTI] => 
    [P_AUTH_NO] => 
)

 Array
(
    [PageCall time] => 10:00:53
    [P_TID] => INIMX_VBNKCAEcatca0720250509095606364476
    [P_MID] => CAEcatca07
    [P_AUTH_DT] => 20250509100053
    [P_STATUS] => 02
    [P_TYPE] => VBANK
    [P_OID] => 250509-004
    [P_FN_CD1] => 20
    [P_FN_CD2] => 
    [P_FN_NM] => 우리은행
    [P_AMT] => 3000
    [P_UNAME] => 남광우
    [P_RMESG1] => P_VACCT_NO=61842444818408|P_EXP_DT=20250519
    [P_RMESG2] => 
    [P_NOTI] => 
    [P_AUTH_NO] => 
)

 Array
(
    [PageCall time] => 10:39:22
    [P_TID] => INIMX_VBNKCAEcatca0720250509103619854264
    [P_MID] => CAEcatca07
    [P_AUTH_DT] => 20250509103922
    [P_STATUS] => 02
    [P_TYPE] => VBANK
    [P_OID] => 250509-006
    [P_FN_CD1] => 03
    [P_FN_CD2] => 
    [P_FN_NM] => 기업은행
    [P_AMT] => 3000
    [P_UNAME] => 박소연
    [P_RMESG1] => P_VACCT_NO=07503389497551|P_EXP_DT=20250519
    [P_RMESG2] => 
    [P_NOTI] => 
    [P_AUTH_NO] => 
)

 Array
(
    [PageCall time] => 10:47:25
    [P_TID] => INIMX_VBNKCAEcatca0720250509104317554988
    [P_MID] => CAEcatca07
    [P_AUTH_DT] => 20250509104725
    [P_STATUS] => 02
    [P_TYPE] => VBANK
    [P_OID] => 250509-005
    [P_FN_CD1] => 04
    [P_FN_CD2] => 
    [P_FN_NM] => KB국민은행
    [P_AMT] => 3000
    [P_UNAME] => 김태용
    [P_RMESG1] => P_VACCT_NO=88009011879568|P_EXP_DT=20250519
    [P_RMESG2] => 
    [P_NOTI] => 
    [P_AUTH_NO] => 
)

 Array
(
    [PageCall time] => 13:16:55
    [P_TID] => INIMX_VBNKCAEcatca0720250509131516114578
    [P_MID] => CAEcatca07
    [P_AUTH_DT] => 20250509131655
    [P_STATUS] => 02
    [P_TYPE] => VBANK
    [P_OID] => 250509-007
    [P_FN_CD1] => 11
    [P_FN_CD2] => 
    [P_FN_NM] => NH농협은행
    [P_AMT] => 3000
    [P_UNAME] => 박종현
    [P_RMESG1] => P_VACCT_NO=79003186767008|P_EXP_DT=20250519
    [P_RMESG2] => 
    [P_NOTI] => 
    [P_AUTH_NO] => 
)

 Array
(
    [PageCall time] => 13:36:54
    [P_TID] => INIMX_VBNKCAEcatca0720250509133225854611
    [P_MID] => CAEcatca07
    [P_AUTH_DT] => 20250509133654
    [P_STATUS] => 02
    [P_TYPE] => VBANK
    [P_OID] => 250509-008
    [P_FN_CD1] => 20
    [P_FN_CD2] => 
    [P_FN_NM] => 우리은행
    [P_AMT] => 3000
    [P_UNAME] => 최용준
    [P_RMESG1] => P_VACCT_NO=61842475418146|P_EXP_DT=20250519
    [P_RMESG2] => 
    [P_NOTI] => 
    [P_AUTH_NO] => 
)

 Array
(
    [PageCall time] => 13:37:19
    [P_TID] => INIMX_VBNKCAEcatca0720250430103228745168
    [P_MID] => CAEcatca07
    [P_AUTH_DT] => 20250509133719
    [P_STATUS] => 02
    [P_TYPE] => VBANK
    [P_OID] => 250430-009
    [P_FN_CD1] => 11
    [P_FN_CD2] => 
    [P_FN_NM] => NH농협은행
    [P_AMT] => 3000
    [P_UNAME] => 김진
    [P_RMESG1] => P_VACCT_NO=79015902127187|P_EXP_DT=20250510
    [P_RMESG2] => 
    [P_NOTI] => 
    [P_AUTH_NO] => 
)

 Array
(
    [PageCall time] => 14:19:30
    [P_TID] => INIMX_VBNKCAEcatca0720250509141745884720
    [P_MID] => CAEcatca07
    [P_AUTH_DT] => 20250509141930
    [P_STATUS] => 02
    [P_TYPE] => VBANK
    [P_OID] => 250509-011
    [P_FN_CD1] => 04
    [P_FN_CD2] => 
    [P_FN_NM] => KB국민은행
    [P_AMT] => 3000
    [P_UNAME] => 최희자
    [P_RMESG1] => P_VACCT_NO=88009011912177|P_EXP_DT=20250519
    [P_RMESG2] => 
    [P_NOTI] => 
    [P_AUTH_NO] => 
)

 Array
(
    [PageCall time] => 14:35:04
    [P_TID] => INIMX_VBNKCAEcatca0720250509143218155285
    [P_MID] => CAEcatca07
    [P_AUTH_DT] => 20250509143504
    [P_STATUS] => 02
    [P_TYPE] => VBANK
    [P_OID] => 250509-013
    [P_FN_CD1] => 81
    [P_FN_CD2] => 
    [P_FN_NM] => 하나은행
    [P_AMT] => 3000
    [P_UNAME] => 고희진
    [P_RMESG1] => P_VACCT_NO=20893922495337|P_EXP_DT=20250519
    [P_RMESG2] => 
    [P_NOTI] => 
    [P_AUTH_NO] => 
)

 Array
(
    [PageCall time] => 15:58:58
    [P_TID] => INIMX_VBNKCAEcatca0720250509155606275475
    [P_MID] => CAEcatca07
    [P_AUTH_DT] => 20250509155858
    [P_STATUS] => 02
    [P_TYPE] => VBANK
    [P_OID] => 250509-014
    [P_FN_CD1] => 20
    [P_FN_CD2] => 
    [P_FN_NM] => 우리은행
    [P_AMT] => 3000
    [P_UNAME] => 박지연
    [P_RMESG1] => P_VACCT_NO=27489367718496|P_EXP_DT=20250519
    [P_RMESG2] => 
    [P_NOTI] => 
    [P_AUTH_NO] => 
)

 Array
(
    [PageCall time] => 16:19:00
    [P_TID] => INIMX_VBNKCAEcatca0720250509161814705623
    [P_MID] => CAEcatca07
    [P_AUTH_DT] => 20250509161900
    [P_STATUS] => 02
    [P_TYPE] => VBANK
    [P_OID] => 250509-016
    [P_FN_CD1] => 04
    [P_FN_CD2] => 
    [P_FN_NM] => KB국민은행
    [P_AMT] => 3000
    [P_UNAME] => 장동미
    [P_RMESG1] => P_VACCT_NO=60519014248724|P_EXP_DT=20250519
    [P_RMESG2] => 
    [P_NOTI] => 
    [P_AUTH_NO] => 
)

 Array
(
    [PageCall time] => 16:21:00
    [P_TID] => INIMX_VBNKCAEcatca0720250509161602685422
    [P_MID] => CAEcatca07
    [P_AUTH_DT] => 20250509162100
    [P_STATUS] => 02
    [P_TYPE] => VBANK
    [P_OID] => 250509-015
    [P_FN_CD1] => 04
    [P_FN_CD2] => 
    [P_FN_NM] => KB국민은행
    [P_AMT] => 3000
    [P_UNAME] => 최은미
    [P_RMESG1] => P_VACCT_NO=60519014247970|P_EXP_DT=20250519
    [P_RMESG2] => 
    [P_NOTI] => 
    [P_AUTH_NO] => 
)

 Array
(
    [PageCall time] => 17:25:31
    [P_TID] => INIMX_VBNKCAEcatca0720250509172241995215
    [P_MID] => CAEcatca07
    [P_AUTH_DT] => 20250509172531
    [P_STATUS] => 02
    [P_TYPE] => VBANK
    [P_OID] => 250509-018
    [P_FN_CD1] => 03
    [P_FN_CD2] => 
    [P_FN_NM] => 기업은행
    [P_AMT] => 3000
    [P_UNAME] => 최은영
    [P_RMESG1] => P_VACCT_NO=07502300697762|P_EXP_DT=20250519
    [P_RMESG2] => 
    [P_NOTI] => 
    [P_AUTH_NO] => 
)

 Array
(
    [PageCall time] => 17:26:40
    [P_TID] => INIMX_VBNKCAEcatca0720250509172357125291
    [P_MID] => CAEcatca07
    [P_AUTH_DT] => 20250509172640
    [P_STATUS] => 02
    [P_TYPE] => VBANK
    [P_OID] => 250509-019
    [P_FN_CD1] => 88
    [P_FN_CD2] => 
    [P_FN_NM] => 신한은행
    [P_AMT] => 3000
    [P_UNAME] => 정세환
    [P_RMESG1] => P_VACCT_NO=56211102938641|P_EXP_DT=20250519
    [P_RMESG2] => 
    [P_NOTI] => 
    [P_AUTH_NO] => 
)

