 Array
(
    [PageCall time] => 09:08:40
    [P_TID] => INIMX_VBNKCAEcatca0720260205090024464474
    [P_MID] => CAEcatca07
    [P_AUTH_DT] => 20260205090840
    [P_STATUS] => 02
    [P_TYPE] => VBANK
    [P_OID] => 260205-001
    [P_FN_CD1] => 81
    [P_FN_CD2] => 
    [P_FN_NM] => 하나은행
    [P_AMT] => 3500
    [P_UNAME] => 오현정
    [P_RMESG1] => P_VACCT_NO=20894225961637|P_EXP_DT=20260215
    [P_RMESG2] => 
    [P_NOTI] => 
    [P_AUTH_NO] => 
)

 Array
(
    [PageCall time] => 10:31:11
    [P_TID] => INIMX_VBNKCAEcatca0720260205102950144502
    [P_MID] => CAEcatca07
    [P_AUTH_DT] => 20260205103111
    [P_STATUS] => 02
    [P_TYPE] => VBANK
    [P_OID] => 260202-016
    [P_FN_CD1] => 11
    [P_FN_CD2] => 
    [P_FN_NM] => NH농협은행
    [P_AMT] => 3500
    [P_UNAME] => 함미희
    [P_RMESG1] => P_VACCT_NO=79006425487742|P_EXP_DT=20260215
    [P_RMESG2] => 
    [P_NOTI] => 
    [P_AUTH_NO] => 
)

 Array
(
    [PageCall time] => 10:36:57
    [P_TID] => INIMX_VBNKCAEcatca0720260205103339214475
    [P_MID] => CAEcatca07
    [P_AUTH_DT] => 20260205103657
    [P_STATUS] => 02
    [P_TYPE] => VBANK
    [P_OID] => 260205-004
    [P_FN_CD1] => 04
    [P_FN_CD2] => 
    [P_FN_NM] => KB국민은행
    [P_AMT] => 3500
    [P_UNAME] => 김정욱
    [P_RMESG1] => P_VACCT_NO=00159071180612|P_EXP_DT=20260215
    [P_RMESG2] => 
    [P_NOTI] => 
    [P_AUTH_NO] => 
)

 Array
(
    [PageCall time] => 10:48:15
    [P_TID] => INIMX_VBNKCAEcatca0720260205104348264202
    [P_MID] => CAEcatca07
    [P_AUTH_DT] => 20260205104815
    [P_STATUS] => 02
    [P_TYPE] => VBANK
    [P_OID] => 260205-005
    [P_FN_CD1] => 81
    [P_FN_CD2] => 
    [P_FN_NM] => 하나은행
    [P_AMT] => 3500
    [P_UNAME] => 이승수
    [P_RMESG1] => P_VACCT_NO=20894226882237|P_EXP_DT=20260215
    [P_RMESG2] => 
    [P_NOTI] => 
    [P_AUTH_NO] => 
)

 Array
(
    [PageCall time] => 11:29:59
    [P_TID] => INIMX_VBNKCAEcatca0720260205112522854305
    [P_MID] => CAEcatca07
    [P_AUTH_DT] => 20260205112959
    [P_STATUS] => 02
    [P_TYPE] => VBANK
    [P_OID] => 260205-006
    [P_FN_CD1] => 04
    [P_FN_CD2] => 
    [P_FN_NM] => KB국민은행
    [P_AMT] => 3500
    [P_UNAME] => 장영자
    [P_RMESG1] => P_VACCT_NO=00159071185761|P_EXP_DT=20260215
    [P_RMESG2] => 
    [P_NOTI] => 
    [P_AUTH_NO] => 
)

 Array
(
    [PageCall time] => 11:59:34
    [P_TID] => INIMX_VBNKCAEcatca0720260205115823454878
    [P_MID] => CAEcatca07
    [P_AUTH_DT] => 20260205115934
    [P_STATUS] => 02
    [P_TYPE] => VBANK
    [P_OID] => 260205-007
    [P_FN_CD1] => 11
    [P_FN_CD2] => 
    [P_FN_NM] => NH농협은행
    [P_AMT] => 3500
    [P_UNAME] => 금은정
    [P_RMESG1] => P_VACCT_NO=79006425516602|P_EXP_DT=20260215
    [P_RMESG2] => 
    [P_NOTI] => 
    [P_AUTH_NO] => 
)

 Array
(
    [PageCall time] => 12:41:58
    [P_TID] => INIMX_VBNKCAEcatca0720260205101649624346
    [P_MID] => CAEcatca07
    [P_AUTH_DT] => 20260205124158
    [P_STATUS] => 02
    [P_TYPE] => VBANK
    [P_OID] => 260205-003
    [P_FN_CD1] => 20
    [P_FN_CD2] => 
    [P_FN_NM] => 우리은행
    [P_AMT] => 3500
    [P_UNAME] => 김주천
    [P_RMESG1] => P_VACCT_NO=27204969018753|P_EXP_DT=20260215
    [P_RMESG2] => 
    [P_NOTI] => 
    [P_AUTH_NO] => 
)

 Array
(
    [PageCall time] => 12:57:39
    [P_TID] => INIMX_VBNKCAEcatca0720260205125500994845
    [P_MID] => CAEcatca07
    [P_AUTH_DT] => 20260205125739
    [P_STATUS] => 02
    [P_TYPE] => VBANK
    [P_OID] => 260205-009
    [P_FN_CD1] => 04
    [P_FN_CD2] => 
    [P_FN_NM] => KB국민은행
    [P_AMT] => 3500
    [P_UNAME] => 이슬기
    [P_RMESG1] => P_VACCT_NO=00159071192354|P_EXP_DT=20260215
    [P_RMESG2] => 
    [P_NOTI] => 
    [P_AUTH_NO] => 
)

 Array
(
    [PageCall time] => 13:12:04
    [P_TID] => INIMX_VBNKCAEcatca0720260205130829554102
    [P_MID] => CAEcatca07
    [P_AUTH_DT] => 20260205131204
    [P_STATUS] => 02
    [P_TYPE] => VBANK
    [P_OID] => 260205-010
    [P_FN_CD1] => 04
    [P_FN_CD2] => 
    [P_FN_NM] => KB국민은행
    [P_AMT] => 3500
    [P_UNAME] => 이용노
    [P_RMESG1] => P_VACCT_NO=00159071193380|P_EXP_DT=20260215
    [P_RMESG2] => 
    [P_NOTI] => 
    [P_AUTH_NO] => 
)

 Array
(
    [PageCall time] => 13:50:12
    [P_TID] => INIMX_VBNKCAEcatca0720260205134726664541
    [P_MID] => CAEcatca07
    [P_AUTH_DT] => 20260205135012
    [P_STATUS] => 02
    [P_TYPE] => VBANK
    [P_OID] => 260205-012
    [P_FN_CD1] => 89
    [P_FN_CD2] => 
    [P_FN_NM] => 케이뱅크
    [P_AMT] => 3500
    [P_UNAME] => 문영
    [P_RMESG1] => P_VACCT_NO=70112000126341|P_EXP_DT=20260215
    [P_RMESG2] => 
    [P_NOTI] => 
    [P_AUTH_NO] => 
)

 Array
(
    [PageCall time] => 17:01:11
    [P_TID] => INIMX_VBNKCAEcatca0720260205165740765167
    [P_MID] => CAEcatca07
    [P_AUTH_DT] => 20260205170111
    [P_STATUS] => 02
    [P_TYPE] => VBANK
    [P_OID] => 260205-016
    [P_FN_CD1] => 04
    [P_FN_CD2] => 
    [P_FN_NM] => KB국민은행
    [P_AMT] => 3500
    [P_UNAME] => 황순상
    [P_RMESG1] => P_VACCT_NO=70189014146007|P_EXP_DT=20260215
    [P_RMESG2] => 
    [P_NOTI] => 
    [P_AUTH_NO] => 
)

 Array
(
    [PageCall time] => 17:23:08
    [P_TID] => INIMX_VBNKCAEcatca0720260205171936755175
    [P_MID] => CAEcatca07
    [P_AUTH_DT] => 20260205172308
    [P_STATUS] => 02
    [P_TYPE] => VBANK
    [P_OID] => 260205-018
    [P_FN_CD1] => 20
    [P_FN_CD2] => 
    [P_FN_NM] => 우리은행
    [P_AMT] => 3500
    [P_UNAME] => 이정민
    [P_RMESG1] => P_VACCT_NO=27490300118374|P_EXP_DT=20260215
    [P_RMESG2] => 
    [P_NOTI] => 
    [P_AUTH_NO] => 
)

 Array
(
    [PageCall time] => 17:46:33
    [P_TID] => INIMX_VBNKCAEcatca0720260205174229135963
    [P_MID] => CAEcatca07
    [P_AUTH_DT] => 20260205174633
    [P_STATUS] => 02
    [P_TYPE] => VBANK
    [P_OID] => 260205-019
    [P_FN_CD1] => 81
    [P_FN_CD2] => 
    [P_FN_NM] => 하나은행
    [P_AMT] => 3500
    [P_UNAME] => 지경준
    [P_RMESG1] => P_VACCT_NO=20894018762137|P_EXP_DT=20260215
    [P_RMESG2] => 
    [P_NOTI] => 
    [P_AUTH_NO] => 
)

 Array
(
    [PageCall time] => 18:04:25
    [P_TID] => INIMX_VBNKCAEcatca0720260205180131975654
    [P_MID] => CAEcatca07
    [P_AUTH_DT] => 20260205180424
    [P_STATUS] => 02
    [P_TYPE] => VBANK
    [P_OID] => 260205-020
    [P_FN_CD1] => 04
    [P_FN_CD2] => 
    [P_FN_NM] => KB국민은행
    [P_AMT] => 3500
    [P_UNAME] => 최영숙
    [P_RMESG1] => P_VACCT_NO=70189014155058|P_EXP_DT=20260215
    [P_RMESG2] => 
    [P_NOTI] => 
    [P_AUTH_NO] => 
)

 Array
(
    [PageCall time] => 18:35:59
    [P_TID] => INIMX_VBNKCAEcatca0720260205183300445472
    [P_MID] => CAEcatca07
    [P_AUTH_DT] => 20260205183559
    [P_STATUS] => 02
    [P_TYPE] => VBANK
    [P_OID] => 260205-022
    [P_FN_CD1] => 04
    [P_FN_CD2] => 
    [P_FN_NM] => KB국민은행
    [P_AMT] => 3500
    [P_UNAME] => 김세진
    [P_RMESG1] => P_VACCT_NO=70189014158509|P_EXP_DT=20260215
    [P_RMESG2] => 
    [P_NOTI] => 
    [P_AUTH_NO] => 
)

 Array
(
    [PageCall time] => 18:39:54
    [P_TID] => INIMX_VBNKCAEcatca0720260205183446475927
    [P_MID] => CAEcatca07
    [P_AUTH_DT] => 20260205183954
    [P_STATUS] => 02
    [P_TYPE] => VBANK
    [P_OID] => 260205-023
    [P_FN_CD1] => 20
    [P_FN_CD2] => 
    [P_FN_NM] => 우리은행
    [P_AMT] => 3500
    [P_UNAME] => 정경숙
    [P_RMESG1] => P_VACCT_NO=27490304318185|P_EXP_DT=20260215
    [P_RMESG2] => 
    [P_NOTI] => 
    [P_AUTH_NO] => 
)

 Array
(
    [PageCall time] => 19:08:24
    [P_TID] => INIMX_VBNKCAEcatca0720260205190351815347
    [P_MID] => CAEcatca07
    [P_AUTH_DT] => 20260205190824
    [P_STATUS] => 02
    [P_TYPE] => VBANK
    [P_OID] => 260205-024
    [P_FN_CD1] => 04
    [P_FN_CD2] => 
    [P_FN_NM] => KB국민은행
    [P_AMT] => 3500
    [P_UNAME] => 정현숙
    [P_RMESG1] => P_VACCT_NO=70189014161970|P_EXP_DT=20260215
    [P_RMESG2] => 
    [P_NOTI] => 
    [P_AUTH_NO] => 
)

 Array
(
    [PageCall time] => 21:13:02
    [P_TID] => INIMX_VBNKCAEcatca0720260205211002475937
    [P_MID] => CAEcatca07
    [P_AUTH_DT] => 20260205211302
    [P_STATUS] => 02
    [P_TYPE] => VBANK
    [P_OID] => 260205-025
    [P_FN_CD1] => 81
    [P_FN_CD2] => 
    [P_FN_NM] => 하나은행
    [P_AMT] => 3500
    [P_UNAME] => 최서인
    [P_RMESG1] => P_VACCT_NO=20894019310337|P_EXP_DT=20260215
    [P_RMESG2] => 
    [P_NOTI] => 
    [P_AUTH_NO] => 
)

 Array
(
    [PageCall time] => 21:35:21
    [P_TID] => INIMX_VBNKCAEcatca0720260205213230345251
    [P_MID] => CAEcatca07
    [P_AUTH_DT] => 20260205213521
    [P_STATUS] => 02
    [P_TYPE] => VBANK
    [P_OID] => 260205-026
    [P_FN_CD1] => 88
    [P_FN_CD2] => 
    [P_FN_NM] => 신한은행
    [P_AMT] => 3500
    [P_UNAME] => 이용욱
    [P_RMESG1] => P_VACCT_NO=56211103266610|P_EXP_DT=20260215
    [P_RMESG2] => 
    [P_NOTI] => 
    [P_AUTH_NO] => 
)

 Array
(
    [PageCall time] => 21:42:53
    [P_TID] => INIMX_VBNKCAEcatca0720260205214017905206
    [P_MID] => CAEcatca07
    [P_AUTH_DT] => 20260205214253
    [P_STATUS] => 02
    [P_TYPE] => VBANK
    [P_OID] => 260205-027
    [P_FN_CD1] => 81
    [P_FN_CD2] => 
    [P_FN_NM] => 하나은행
    [P_AMT] => 3500
    [P_UNAME] => 김영재
    [P_RMESG1] => P_VACCT_NO=20894019409137|P_EXP_DT=20260215
    [P_RMESG2] => 
    [P_NOTI] => 
    [P_AUTH_NO] => 
)

 Array
(
    [PageCall time] => 22:03:18
    [P_TID] => INIMX_VBNKCAEcatca0720260205220024755805
    [P_MID] => CAEcatca07
    [P_AUTH_DT] => 20260205220318
    [P_STATUS] => 02
    [P_TYPE] => VBANK
    [P_OID] => 260205-028
    [P_FN_CD1] => 04
    [P_FN_CD2] => 
    [P_FN_NM] => KB국민은행
    [P_AMT] => 3500
    [P_UNAME] => 이유민
    [P_RMESG1] => P_VACCT_NO=70189014178956|P_EXP_DT=20260215
    [P_RMESG2] => 
    [P_NOTI] => 
    [P_AUTH_NO] => 
)

 Array
(
    [PageCall time] => 22:28:31
    [P_TID] => INIMX_VBNKCAEcatca0720260205222540765253
    [P_MID] => CAEcatca07
    [P_AUTH_DT] => 20260205222831
    [P_STATUS] => 02
    [P_TYPE] => VBANK
    [P_OID] => 260205-029
    [P_FN_CD1] => 04
    [P_FN_CD2] => 
    [P_FN_NM] => KB국민은행
    [P_AMT] => 3500
    [P_UNAME] => 윤지우
    [P_RMESG1] => P_VACCT_NO=70189014180896|P_EXP_DT=20260215
    [P_RMESG2] => 
    [P_NOTI] => 
    [P_AUTH_NO] => 
)

