 Array
(
    [PageCall time] => 07:00:59
    [P_TID] => INIMX_VBNKCAEcatca0720250507065931775943
    [P_MID] => CAEcatca07
    [P_AUTH_DT] => 20250507070059
    [P_STATUS] => 02
    [P_TYPE] => VBANK
    [P_OID] => 250423-001
    [P_FN_CD1] => 04
    [P_FN_CD2] => 
    [P_FN_NM] => KB국민은행
    [P_AMT] => 3000
    [P_UNAME] => 이유나
    [P_RMESG1] => P_VACCT_NO=26159078074967|P_EXP_DT=20250517
    [P_RMESG2] => 
    [P_NOTI] => 
    [P_AUTH_NO] => 
)

 Array
(
    [PageCall time] => 10:10:00
    [P_TID] => INIMX_VBNKCAEcatca0720250507100852835356
    [P_MID] => CAEcatca07
    [P_AUTH_DT] => 20250507101000
    [P_STATUS] => 02
    [P_TYPE] => VBANK
    [P_OID] => 250507-007
    [P_FN_CD1] => 04
    [P_FN_CD2] => 
    [P_FN_NM] => KB국민은행
    [P_AMT] => 3000
    [P_UNAME] => 정길순
    [P_RMESG1] => P_VACCT_NO=44319079024101|P_EXP_DT=20250517
    [P_RMESG2] => 
    [P_NOTI] => 
    [P_AUTH_NO] => 
)

 Array
(
    [PageCall time] => 10:13:15
    [P_TID] => INIMX_VBNKCAEcatca0720250507101216285558
    [P_MID] => CAEcatca07
    [P_AUTH_DT] => 20250507101315
    [P_STATUS] => 02
    [P_TYPE] => VBANK
    [P_OID] => 250507-008
    [P_FN_CD1] => 04
    [P_FN_CD2] => 
    [P_FN_NM] => KB국민은행
    [P_AMT] => 3000
    [P_UNAME] => 윤태자
    [P_RMESG1] => P_VACCT_NO=49789079174131|P_EXP_DT=20250517
    [P_RMESG2] => 
    [P_NOTI] => 
    [P_AUTH_NO] => 
)

 Array
(
    [PageCall time] => 10:22:33
    [P_TID] => INIMX_VBNKCAEcatca0720250507101939495598
    [P_MID] => CAEcatca07
    [P_AUTH_DT] => 20250507102233
    [P_STATUS] => 02
    [P_TYPE] => VBANK
    [P_OID] => 250507-009
    [P_FN_CD1] => 88
    [P_FN_CD2] => 
    [P_FN_NM] => 신한은행
    [P_AMT] => 3000
    [P_UNAME] => 남주연
    [P_RMESG1] => P_VACCT_NO=56211102676376|P_EXP_DT=20250517
    [P_RMESG2] => 
    [P_NOTI] => 
    [P_AUTH_NO] => 
)

 Array
(
    [PageCall time] => 10:40:05
    [P_TID] => INIMX_VBNKCAEcatca0720250507103713575528
    [P_MID] => CAEcatca07
    [P_AUTH_DT] => 20250507104005
    [P_STATUS] => 02
    [P_TYPE] => VBANK
    [P_OID] => 250507-010
    [P_FN_CD1] => 88
    [P_FN_CD2] => 
    [P_FN_NM] => 신한은행
    [P_AMT] => 3000
    [P_UNAME] => 류효진
    [P_RMESG1] => P_VACCT_NO=56211102679228|P_EXP_DT=20250517
    [P_RMESG2] => 
    [P_NOTI] => 
    [P_AUTH_NO] => 
)

 Array
(
    [PageCall time] => 10:46:13
    [P_TID] => INIMX_VBNKCAEcatca0720250507104455575928
    [P_MID] => CAEcatca07
    [P_AUTH_DT] => 20250507104613
    [P_STATUS] => 02
    [P_TYPE] => VBANK
    [P_OID] => 250507-011
    [P_FN_CD1] => 04
    [P_FN_CD2] => 
    [P_FN_NM] => KB국민은행
    [P_AMT] => 3000
    [P_UNAME] => 양혜연
    [P_RMESG1] => P_VACCT_NO=79959078236525|P_EXP_DT=20250517
    [P_RMESG2] => 
    [P_NOTI] => 
    [P_AUTH_NO] => 
)

 Array
(
    [PageCall time] => 10:47:26
    [P_TID] => INIMX_VBNKCAEcatca0720250507104416925214
    [P_MID] => CAEcatca07
    [P_AUTH_DT] => 20250507104726
    [P_STATUS] => 02
    [P_TYPE] => VBANK
    [P_OID] => 250507-012
    [P_FN_CD1] => 03
    [P_FN_CD2] => 
    [P_FN_NM] => 기업은행
    [P_AMT] => 3000
    [P_UNAME] => 전상수
    [P_RMESG1] => P_VACCT_NO=07502277197981|P_EXP_DT=20250517
    [P_RMESG2] => 
    [P_NOTI] => 
    [P_AUTH_NO] => 
)

 Array
(
    [PageCall time] => 11:09:07
    [P_TID] => INIMX_VBNKCAEcatca0720250507110818625551
    [P_MID] => CAEcatca07
    [P_AUTH_DT] => 20250507110907
    [P_STATUS] => 02
    [P_TYPE] => VBANK
    [P_OID] => 250507-016
    [P_FN_CD1] => 11
    [P_FN_CD2] => 
    [P_FN_NM] => NH농협은행
    [P_AMT] => 3000
    [P_UNAME] => 박은경
    [P_RMESG1] => P_VACCT_NO=79015903006320|P_EXP_DT=20250517
    [P_RMESG2] => 
    [P_NOTI] => 
    [P_AUTH_NO] => 
)

 Array
(
    [PageCall time] => 11:10:51
    [P_TID] => INIMX_VBNKCAEcatca0720250507110836815752
    [P_MID] => CAEcatca07
    [P_AUTH_DT] => 20250507111051
    [P_STATUS] => 02
    [P_TYPE] => VBANK
    [P_OID] => 250507-015
    [P_FN_CD1] => 11
    [P_FN_CD2] => 
    [P_FN_NM] => NH농협은행
    [P_AMT] => 3000
    [P_UNAME] => 최영학
    [P_RMESG1] => P_VACCT_NO=79015903006409|P_EXP_DT=20250517
    [P_RMESG2] => 
    [P_NOTI] => 
    [P_AUTH_NO] => 
)

 Array
(
    [PageCall time] => 11:15:06
    [P_TID] => INIMX_VBNKCAEcatca0720250507111132965409
    [P_MID] => CAEcatca07
    [P_AUTH_DT] => 20250507111506
    [P_STATUS] => 02
    [P_TYPE] => VBANK
    [P_OID] => 250507-017
    [P_FN_CD1] => 20
    [P_FN_CD2] => 
    [P_FN_NM] => 우리은행
    [P_AMT] => 3000
    [P_UNAME] => 박명숙
    [P_RMESG1] => P_VACCT_NO=27489236418909|P_EXP_DT=20250517
    [P_RMESG2] => 
    [P_NOTI] => 
    [P_AUTH_NO] => 
)

 Array
(
    [PageCall time] => 11:31:30
    [P_TID] => INIMX_VBNKCAEcatca0720250507112631465701
    [P_MID] => CAEcatca07
    [P_AUTH_DT] => 20250507113129
    [P_STATUS] => 02
    [P_TYPE] => VBANK
    [P_OID] => 250507-023
    [P_FN_CD1] => 89
    [P_FN_CD2] => 
    [P_FN_NM] => 케이뱅크
    [P_AMT] => 3000
    [P_UNAME] => 김안식
    [P_RMESG1] => P_VACCT_NO=70112003466915|P_EXP_DT=20250517
    [P_RMESG2] => 
    [P_NOTI] => 
    [P_AUTH_NO] => 
)

 Array
(
    [PageCall time] => 11:49:45
    [P_TID] => INIMX_VBNKCAEcatca0720250507112432665879
    [P_MID] => CAEcatca07
    [P_AUTH_DT] => 20250507114945
    [P_STATUS] => 02
    [P_TYPE] => VBANK
    [P_OID] => 250507-022
    [P_FN_CD1] => 04
    [P_FN_CD2] => 
    [P_FN_NM] => KB국민은행
    [P_AMT] => 3000
    [P_UNAME] => 이회근
    [P_RMESG1] => P_VACCT_NO=88429011375806|P_EXP_DT=20250517
    [P_RMESG2] => 
    [P_NOTI] => 
    [P_AUTH_NO] => 
)

 Array
(
    [PageCall time] => 12:31:04
    [P_TID] => INIMX_VBNKCAEcatca0720250507122656795243
    [P_MID] => CAEcatca07
    [P_AUTH_DT] => 20250507123103
    [P_STATUS] => 02
    [P_TYPE] => VBANK
    [P_OID] => 250507-025
    [P_FN_CD1] => 81
    [P_FN_CD2] => 
    [P_FN_NM] => 하나은행
    [P_AMT] => 3000
    [P_UNAME] => 이종성
    [P_RMESG1] => P_VACCT_NO=20893911194437|P_EXP_DT=20250517
    [P_RMESG2] => 
    [P_NOTI] => 
    [P_AUTH_NO] => 
)

 Array
(
    [PageCall time] => 13:06:05
    [P_TID] => INIMX_VBNKCAEcatca0720250507130256545121
    [P_MID] => CAEcatca07
    [P_AUTH_DT] => 20250507130605
    [P_STATUS] => 02
    [P_TYPE] => VBANK
    [P_OID] => 250507-027
    [P_FN_CD1] => 04
    [P_FN_CD2] => 
    [P_FN_NM] => KB국민은행
    [P_AMT] => 3000
    [P_UNAME] => 유신영
    [P_RMESG1] => P_VACCT_NO=00289071380709|P_EXP_DT=20250517
    [P_RMESG2] => 
    [P_NOTI] => 
    [P_AUTH_NO] => 
)

 Array
(
    [PageCall time] => 13:36:36
    [P_TID] => INIMX_VBNKCAEcatca0720250507133552975033
    [P_MID] => CAEcatca07
    [P_AUTH_DT] => 20250507133636
    [P_STATUS] => 02
    [P_TYPE] => VBANK
    [P_OID] => 250507-030
    [P_FN_CD1] => 04
    [P_FN_CD2] => 
    [P_FN_NM] => KB국민은행
    [P_AMT] => 3000
    [P_UNAME] => 조재호
    [P_RMESG1] => P_VACCT_NO=26029078334154|P_EXP_DT=20250517
    [P_RMESG2] => 
    [P_NOTI] => 
    [P_AUTH_NO] => 
)

 Array
(
    [PageCall time] => 13:42:49
    [P_TID] => INIMX_VBNKCAEcatca0720250507134144665135
    [P_MID] => CAEcatca07
    [P_AUTH_DT] => 20250507134249
    [P_STATUS] => 02
    [P_TYPE] => VBANK
    [P_OID] => 250507-031
    [P_FN_CD1] => 11
    [P_FN_CD2] => 
    [P_FN_NM] => NH농협은행
    [P_AMT] => 3000
    [P_UNAME] => 심경미
    [P_RMESG1] => P_VACCT_NO=79015903035392|P_EXP_DT=20250517
    [P_RMESG2] => 
    [P_NOTI] => 
    [P_AUTH_NO] => 
)

 Array
(
    [PageCall time] => 14:01:42
    [P_TID] => INIMX_VBNKCAEcatca0720250507140041495113
    [P_MID] => CAEcatca07
    [P_AUTH_DT] => 20250507140142
    [P_STATUS] => 02
    [P_TYPE] => VBANK
    [P_OID] => 250507-033
    [P_FN_CD1] => 04
    [P_FN_CD2] => 
    [P_FN_NM] => KB국민은행
    [P_AMT] => 3000
    [P_UNAME] => 김서진
    [P_RMESG1] => P_VACCT_NO=96569078060459|P_EXP_DT=20250517
    [P_RMESG2] => 
    [P_NOTI] => 
    [P_AUTH_NO] => 
)

 Array
(
    [PageCall time] => 14:03:21
    [P_TID] => INIMX_VBNKCAEcatca0720250507135926215456
    [P_MID] => CAEcatca07
    [P_AUTH_DT] => 20250507140321
    [P_STATUS] => 02
    [P_TYPE] => VBANK
    [P_OID] => 250507-032
    [P_FN_CD1] => 20
    [P_FN_CD2] => 
    [P_FN_NM] => 우리은행
    [P_AMT] => 3000
    [P_UNAME] => 한미희
    [P_RMESG1] => P_VACCT_NO=27489249418147|P_EXP_DT=20250517
    [P_RMESG2] => 
    [P_NOTI] => 
    [P_AUTH_NO] => 
)

 Array
(
    [PageCall time] => 14:09:05
    [P_TID] => INIMX_VBNKCAEcatca0720250507140500945592
    [P_MID] => CAEcatca07
    [P_AUTH_DT] => 20250507140905
    [P_STATUS] => 02
    [P_TYPE] => VBANK
    [P_OID] => 250507-034
    [P_FN_CD1] => 34
    [P_FN_CD2] => 
    [P_FN_NM] => 광주은행
    [P_AMT] => 3000
    [P_UNAME] => 이은정
    [P_RMESG1] => P_VACCT_NO=810865272167|P_EXP_DT=20250517
    [P_RMESG2] => 
    [P_NOTI] => 
    [P_AUTH_NO] => 
)

 Array
(
    [PageCall time] => 14:23:32
    [P_TID] => INIMX_VBNKCAEcatca0720250507141956255717
    [P_MID] => CAEcatca07
    [P_AUTH_DT] => 20250507142332
    [P_STATUS] => 02
    [P_TYPE] => VBANK
    [P_OID] => 250507-035
    [P_FN_CD1] => 03
    [P_FN_CD2] => 
    [P_FN_NM] => 기업은행
    [P_AMT] => 3000
    [P_UNAME] => 박민영
    [P_RMESG1] => P_VACCT_NO=07502280597176|P_EXP_DT=20250517
    [P_RMESG2] => 
    [P_NOTI] => 
    [P_AUTH_NO] => 
)

 Array
(
    [PageCall time] => 14:30:22
    [P_TID] => INIMX_VBNKCAEcatca0720250507142650965080
    [P_MID] => CAEcatca07
    [P_AUTH_DT] => 20250507143022
    [P_STATUS] => 02
    [P_TYPE] => VBANK
    [P_OID] => 250507-036
    [P_FN_CD1] => 11
    [P_FN_CD2] => 
    [P_FN_NM] => NH농협은행
    [P_AMT] => 3000
    [P_UNAME] => 강명주
    [P_RMESG1] => P_VACCT_NO=79015903048635|P_EXP_DT=20250517
    [P_RMESG2] => 
    [P_NOTI] => 
    [P_AUTH_NO] => 
)

 Array
(
    [PageCall time] => 14:42:50
    [P_TID] => INIMX_VBNKCAEcatca0720250507144007975983
    [P_MID] => CAEcatca07
    [P_AUTH_DT] => 20250507144250
    [P_STATUS] => 02
    [P_TYPE] => VBANK
    [P_OID] => 250507-038
    [P_FN_CD1] => 88
    [P_FN_CD2] => 
    [P_FN_NM] => 신한은행
    [P_AMT] => 3000
    [P_UNAME] => 김아람
    [P_RMESG1] => P_VACCT_NO=56211102720536|P_EXP_DT=20250517
    [P_RMESG2] => 
    [P_NOTI] => 
    [P_AUTH_NO] => 
)

 Array
(
    [PageCall time] => 15:21:46
    [P_TID] => INIMX_VBNKCAEcatca0720250507152101245173
    [P_MID] => CAEcatca07
    [P_AUTH_DT] => 20250507152146
    [P_STATUS] => 02
    [P_TYPE] => VBANK
    [P_OID] => 250507-043
    [P_FN_CD1] => 04
    [P_FN_CD2] => 
    [P_FN_NM] => KB국민은행
    [P_AMT] => 3000
    [P_UNAME] => 신정화
    [P_RMESG1] => P_VACCT_NO=60519014048700|P_EXP_DT=20250517
    [P_RMESG2] => 
    [P_NOTI] => 
    [P_AUTH_NO] => 
)

 Array
(
    [PageCall time] => 16:12:07
    [P_TID] => INIMX_VBNKCAEcatca0720250507161117165633
    [P_MID] => CAEcatca07
    [P_AUTH_DT] => 20250507161207
    [P_STATUS] => 02
    [P_TYPE] => VBANK
    [P_OID] => 250507-029
    [P_FN_CD1] => 11
    [P_FN_CD2] => 
    [P_FN_NM] => NH농협은행
    [P_AMT] => 3000
    [P_UNAME] => 최윤옥
    [P_RMESG1] => P_VACCT_NO=79015903078161|P_EXP_DT=20250517
    [P_RMESG2] => 
    [P_NOTI] => 
    [P_AUTH_NO] => 
)

 Array
(
    [PageCall time] => 16:20:19
    [P_TID] => INIMX_VBNKCAEcatca0720250507161913285532
    [P_MID] => CAEcatca07
    [P_AUTH_DT] => 20250507162018
    [P_STATUS] => 02
    [P_TYPE] => VBANK
    [P_OID] => 250507-044
    [P_FN_CD1] => 11
    [P_FN_CD2] => 
    [P_FN_NM] => NH농협은행
    [P_AMT] => 3000
    [P_UNAME] => 문주찬
    [P_RMESG1] => P_VACCT_NO=79015903079565|P_EXP_DT=20250517
    [P_RMESG2] => 
    [P_NOTI] => 
    [P_AUTH_NO] => 
)

 Array
(
    [PageCall time] => 16:47:58
    [P_TID] => INIMX_VBNKCAEcatca0720250507164658515625
    [P_MID] => CAEcatca07
    [P_AUTH_DT] => 20250507164758
    [P_STATUS] => 02
    [P_TYPE] => VBANK
    [P_OID] => 250507-046
    [P_FN_CD1] => 04
    [P_FN_CD2] => 
    [P_FN_NM] => KB국민은행
    [P_AMT] => 3000
    [P_UNAME] => 김승현
    [P_RMESG1] => P_VACCT_NO=60519014073452|P_EXP_DT=20250517
    [P_RMESG2] => 
    [P_NOTI] => 
    [P_AUTH_NO] => 
)

 Array
(
    [PageCall time] => 17:00:15
    [P_TID] => INIMX_VBNKCAEcatca0720250507165707765935
    [P_MID] => CAEcatca07
    [P_AUTH_DT] => 20250507170015
    [P_STATUS] => 02
    [P_TYPE] => VBANK
    [P_OID] => 250507-006
    [P_FN_CD1] => 88
    [P_FN_CD2] => 
    [P_FN_NM] => 신한은행
    [P_AMT] => 3000
    [P_UNAME] => 장세미
    [P_RMESG1] => P_VACCT_NO=56211102740607|P_EXP_DT=20250517
    [P_RMESG2] => 
    [P_NOTI] => 
    [P_AUTH_NO] => 
)

 Array
(
    [PageCall time] => 18:05:00
    [P_TID] => INIMX_VBNKCAEcatca0720250507180313495479
    [P_MID] => CAEcatca07
    [P_AUTH_DT] => 20250507180500
    [P_STATUS] => 02
    [P_TYPE] => VBANK
    [P_OID] => 250507-048
    [P_FN_CD1] => 11
    [P_FN_CD2] => 
    [P_FN_NM] => NH농협은행
    [P_AMT] => 3000
    [P_UNAME] => 변소원
    [P_RMESG1] => P_VACCT_NO=79015903094013|P_EXP_DT=20250517
    [P_RMESG2] => 
    [P_NOTI] => 
    [P_AUTH_NO] => 
)

 Array
(
    [PageCall time] => 18:54:16
    [P_TID] => INIMX_VBNKCAEcatca0720250507185052475849
    [P_MID] => CAEcatca07
    [P_AUTH_DT] => 20250507185416
    [P_STATUS] => 02
    [P_TYPE] => VBANK
    [P_OID] => 250507-050
    [P_FN_CD1] => 03
    [P_FN_CD2] => 
    [P_FN_NM] => 기업은행
    [P_AMT] => 3000
    [P_UNAME] => 홍수정
    [P_RMESG1] => P_VACCT_NO=07502284197091|P_EXP_DT=20250517
    [P_RMESG2] => 
    [P_NOTI] => 
    [P_AUTH_NO] => 
)

 Array
(
    [PageCall time] => 19:00:46
    [P_TID] => INIMX_VBNKCAEcatca0720250507185558755218
    [P_MID] => CAEcatca07
    [P_AUTH_DT] => 20250507190046
    [P_STATUS] => 02
    [P_TYPE] => VBANK
    [P_OID] => 250507-049
    [P_FN_CD1] => 04
    [P_FN_CD2] => 
    [P_FN_NM] => KB국민은행
    [P_AMT] => 3000
    [P_UNAME] => 임진희
    [P_RMESG1] => P_VACCT_NO=60519014093375|P_EXP_DT=20250517
    [P_RMESG2] => 
    [P_NOTI] => 
    [P_AUTH_NO] => 
)

 Array
(
    [PageCall time] => 21:18:42
    [P_TID] => INIMX_VBNKCAEcatca0720250507211611995872
    [P_MID] => CAEcatca07
    [P_AUTH_DT] => 20250507211842
    [P_STATUS] => 02
    [P_TYPE] => VBANK
    [P_OID] => 250507-052
    [P_FN_CD1] => 88
    [P_FN_CD2] => 
    [P_FN_NM] => 신한은행
    [P_AMT] => 3000
    [P_UNAME] => 조세영
    [P_RMESG1] => P_VACCT_NO=56211102756613|P_EXP_DT=20250517
    [P_RMESG2] => 
    [P_NOTI] => 
    [P_AUTH_NO] => 
)

 Array
(
    [PageCall time] => 21:50:17
    [P_TID] => INIMX_VBNKCAEcatca0720250507214733385113
    [P_MID] => CAEcatca07
    [P_AUTH_DT] => 20250507215017
    [P_STATUS] => 02
    [P_TYPE] => VBANK
    [P_OID] => 250507-053
    [P_FN_CD1] => 89
    [P_FN_CD2] => 
    [P_FN_NM] => 케이뱅크
    [P_AMT] => 3000
    [P_UNAME] => 김평재
    [P_RMESG1] => P_VACCT_NO=70112003472022|P_EXP_DT=20250517
    [P_RMESG2] => 
    [P_NOTI] => 
    [P_AUTH_NO] => 
)

 Array
(
    [PageCall time] => 22:08:07
    [P_TID] => INIMX_VBNKCAEcatca0720250507220511745364
    [P_MID] => CAEcatca07
    [P_AUTH_DT] => 20250507220807
    [P_STATUS] => 02
    [P_TYPE] => VBANK
    [P_OID] => 250507-054
    [P_FN_CD1] => 20
    [P_FN_CD2] => 
    [P_FN_NM] => 우리은행
    [P_AMT] => 3000
    [P_UNAME] => 신민우
    [P_RMESG1] => P_VACCT_NO=27489273718753|P_EXP_DT=20250517
    [P_RMESG2] => 
    [P_NOTI] => 
    [P_AUTH_NO] => 
)

 Array
(
    [PageCall time] => 22:57:28
    [P_TID] => INIMX_VBNKCAEcatca0720250507225434785176
    [P_MID] => CAEcatca07
    [P_AUTH_DT] => 20250507225728
    [P_STATUS] => 02
    [P_TYPE] => VBANK
    [P_OID] => 250507-055
    [P_FN_CD1] => 88
    [P_FN_CD2] => 
    [P_FN_NM] => 신한은행
    [P_AMT] => 3000
    [P_UNAME] => 김은정
    [P_RMESG1] => P_VACCT_NO=56211102763490|P_EXP_DT=20250517
    [P_RMESG2] => 
    [P_NOTI] => 
    [P_AUTH_NO] => 
)

 Array
(
    [PageCall time] => 23:19:14
    [P_TID] => INIMX_VBNKCAEcatca0720250507231752865908
    [P_MID] => CAEcatca07
    [P_AUTH_DT] => 20250507231914
    [P_STATUS] => 02
    [P_TYPE] => VBANK
    [P_OID] => 250507-056
    [P_FN_CD1] => 11
    [P_FN_CD2] => 
    [P_FN_NM] => NH농협은행
    [P_AMT] => 3000
    [P_UNAME] => 김말순
    [P_RMESG1] => P_VACCT_NO=79015903120024|P_EXP_DT=20250517
    [P_RMESG2] => 
    [P_NOTI] => 
    [P_AUTH_NO] => 
)

