 Array
(
    [PageCall time] => 07:25:39
    [P_TID] => INIMX_VBNKCAEcatca0720250719210026375355
    [P_MID] => CAEcatca07
    [P_AUTH_DT] => 20250722072539
    [P_STATUS] => 02
    [P_TYPE] => VBANK
    [P_OID] => 250719-011
    [P_FN_CD1] => 88
    [P_FN_CD2] => 
    [P_FN_NM] => 신한은행
    [P_AMT] => 3000
    [P_UNAME] => 정혜빈
    [P_RMESG1] => P_VACCT_NO=56211105998625|P_EXP_DT=20250729
    [P_RMESG2] => 
    [P_NOTI] => 
    [P_AUTH_NO] => 
)

 Array
(
    [PageCall time] => 08:39:03
    [P_TID] => INIMX_VBNKCAEcatca0720250722083426234510
    [P_MID] => CAEcatca07
    [P_AUTH_DT] => 20250722083903
    [P_STATUS] => 02
    [P_TYPE] => VBANK
    [P_OID] => 250722-001
    [P_FN_CD1] => 04
    [P_FN_CD2] => 
    [P_FN_NM] => KB국민은행
    [P_AMT] => 3000
    [P_UNAME] => 송정순
    [P_RMESG1] => P_VACCT_NO=88429011612974|P_EXP_DT=20250801
    [P_RMESG2] => 
    [P_NOTI] => 
    [P_AUTH_NO] => 
)

 Array
(
    [PageCall time] => 09:27:09
    [P_TID] => INIMX_VBNKCAEcatca0720250722092418374791
    [P_MID] => CAEcatca07
    [P_AUTH_DT] => 20250722092709
    [P_STATUS] => 02
    [P_TYPE] => VBANK
    [P_OID] => 250722-004
    [P_FN_CD1] => 03
    [P_FN_CD2] => 
    [P_FN_NM] => 기업은행
    [P_AMT] => 3000
    [P_UNAME] => 진태웅
    [P_RMESG1] => P_VACCT_NO=07500324597005|P_EXP_DT=20250801
    [P_RMESG2] => 
    [P_NOTI] => 
    [P_AUTH_NO] => 
)

 Array
(
    [PageCall time] => 09:41:43
    [P_TID] => INIMX_VBNKCAEcatca0720250722094116904319
    [P_MID] => CAEcatca07
    [P_AUTH_DT] => 20250722094143
    [P_STATUS] => 02
    [P_TYPE] => VBANK
    [P_OID] => 250722-005
    [P_FN_CD1] => 11
    [P_FN_CD2] => 
    [P_FN_NM] => NH농협은행
    [P_AMT] => 3000
    [P_UNAME] => 전지해
    [P_RMESG1] => P_VACCT_NO=79003195378716|P_EXP_DT=20250801
    [P_RMESG2] => 
    [P_NOTI] => 
    [P_AUTH_NO] => 
)

 Array
(
    [PageCall time] => 09:47:02
    [P_TID] => INIMX_VBNKCAEcatca0720250722094401944807
    [P_MID] => CAEcatca07
    [P_AUTH_DT] => 20250722094702
    [P_STATUS] => 02
    [P_TYPE] => VBANK
    [P_OID] => 250722-006
    [P_FN_CD1] => 03
    [P_FN_CD2] => 
    [P_FN_NM] => 기업은행
    [P_AMT] => 3000
    [P_UNAME] => 노태훈
    [P_RMESG1] => P_VACCT_NO=07500325597759|P_EXP_DT=20250801
    [P_RMESG2] => 
    [P_NOTI] => 
    [P_AUTH_NO] => 
)

 Array
(
    [PageCall time] => 10:17:34
    [P_TID] => INIMX_VBNKCAEcatca0720250722101504734790
    [P_MID] => CAEcatca07
    [P_AUTH_DT] => 20250722101734
    [P_STATUS] => 02
    [P_TYPE] => VBANK
    [P_OID] => 250722-010
    [P_FN_CD1] => 03
    [P_FN_CD2] => 
    [P_FN_NM] => 기업은행
    [P_AMT] => 3000
    [P_UNAME] => 허태근
    [P_RMESG1] => P_VACCT_NO=07500325697721|P_EXP_DT=20250801
    [P_RMESG2] => 
    [P_NOTI] => 
    [P_AUTH_NO] => 
)

 Array
(
    [PageCall time] => 10:20:40
    [P_TID] => INIMX_VBNKCAEcatca0720250722101718754047
    [P_MID] => CAEcatca07
    [P_AUTH_DT] => 20250722102040
    [P_STATUS] => 02
    [P_TYPE] => VBANK
    [P_OID] => 250722-009
    [P_FN_CD1] => 88
    [P_FN_CD2] => 
    [P_FN_NM] => 신한은행
    [P_AMT] => 3000
    [P_UNAME] => 전민철
    [P_RMESG1] => P_VACCT_NO=56211122036936|P_EXP_DT=20250801
    [P_RMESG2] => 
    [P_NOTI] => 
    [P_AUTH_NO] => 
)

 Array
(
    [PageCall time] => 10:25:46
    [P_TID] => INIMX_VBNKCAEcatca0720250722102241974494
    [P_MID] => CAEcatca07
    [P_AUTH_DT] => 20250722102546
    [P_STATUS] => 02
    [P_TYPE] => VBANK
    [P_OID] => 250722-011
    [P_FN_CD1] => 11
    [P_FN_CD2] => 
    [P_FN_NM] => NH농협은행
    [P_AMT] => 3000
    [P_UNAME] => 김봉기
    [P_RMESG1] => P_VACCT_NO=79003195383347|P_EXP_DT=20250801
    [P_RMESG2] => 
    [P_NOTI] => 
    [P_AUTH_NO] => 
)

 Array
(
    [PageCall time] => 11:38:52
    [P_TID] => INIMX_VBNKCAEcatca0720250722113723824032
    [P_MID] => CAEcatca07
    [P_AUTH_DT] => 20250722113852
    [P_STATUS] => 02
    [P_TYPE] => VBANK
    [P_OID] => 250722-012
    [P_FN_CD1] => 04
    [P_FN_CD2] => 
    [P_FN_NM] => KB국민은행
    [P_AMT] => 3000
    [P_UNAME] => 구명희
    [P_RMESG1] => P_VACCT_NO=88429011628643|P_EXP_DT=20250801
    [P_RMESG2] => 
    [P_NOTI] => 
    [P_AUTH_NO] => 
)

 Array
(
    [PageCall time] => 13:08:19
    [P_TID] => INIMX_VBNKCAEcatca0720250722130742444047
    [P_MID] => CAEcatca07
    [P_AUTH_DT] => 20250722130819
    [P_STATUS] => 02
    [P_TYPE] => VBANK
    [P_OID] => 250722-014
    [P_FN_CD1] => 11
    [P_FN_CD2] => 
    [P_FN_NM] => NH농협은행
    [P_AMT] => 3000
    [P_UNAME] => 옥서아
    [P_RMESG1] => P_VACCT_NO=79003195401581|P_EXP_DT=20250801
    [P_RMESG2] => 
    [P_NOTI] => 
    [P_AUTH_NO] => 
)

 Array
(
    [PageCall time] => 15:20:09
    [P_TID] => INIMX_VBNKCAEcatca0720250720203043385329
    [P_MID] => CAEcatca07
    [P_AUTH_DT] => 20250722152009
    [P_STATUS] => 02
    [P_TYPE] => VBANK
    [P_OID] => 250720-011
    [P_FN_CD1] => 04
    [P_FN_CD2] => 
    [P_FN_NM] => KB국민은행
    [P_AMT] => 3000
    [P_UNAME] => 임유라
    [P_RMESG1] => P_VACCT_NO=26029078102616|P_EXP_DT=20250730
    [P_RMESG2] => 
    [P_NOTI] => 
    [P_AUTH_NO] => 
)

 Array
(
    [PageCall time] => 17:12:43
    [P_TID] => INIMX_VBNKCAEcatca0720250722170719765121
    [P_MID] => CAEcatca07
    [P_AUTH_DT] => 20250722171243
    [P_STATUS] => 02
    [P_TYPE] => VBANK
    [P_OID] => 250722-023
    [P_FN_CD1] => 04
    [P_FN_CD2] => 
    [P_FN_NM] => KB국민은행
    [P_AMT] => 3000
    [P_UNAME] => 이세윤
    [P_RMESG1] => P_VACCT_NO=70219014500565|P_EXP_DT=20250801
    [P_RMESG2] => 
    [P_NOTI] => 
    [P_AUTH_NO] => 
)

 Array
(
    [PageCall time] => 18:47:03
    [P_TID] => INIMX_VBNKCAEcatca0720250722184349165503
    [P_MID] => CAEcatca07
    [P_AUTH_DT] => 20250722184703
    [P_STATUS] => 02
    [P_TYPE] => VBANK
    [P_OID] => 250722-030
    [P_FN_CD1] => 88
    [P_FN_CD2] => 
    [P_FN_NM] => 신한은행
    [P_AMT] => 3000
    [P_UNAME] => 최영옥
    [P_RMESG1] => P_VACCT_NO=56211105346682|P_EXP_DT=20250801
    [P_RMESG2] => 
    [P_NOTI] => 
    [P_AUTH_NO] => 
)

 Array
(
    [PageCall time] => 19:01:08
    [P_TID] => INIMX_VBNKCAEcatca0720250722185758595377
    [P_MID] => CAEcatca07
    [P_AUTH_DT] => 20250722190108
    [P_STATUS] => 02
    [P_TYPE] => VBANK
    [P_OID] => 250722-029
    [P_FN_CD1] => 04
    [P_FN_CD2] => 
    [P_FN_NM] => KB국민은행
    [P_AMT] => 3000
    [P_UNAME] => 기환도
    [P_RMESG1] => P_VACCT_NO=70219014514016|P_EXP_DT=20250801
    [P_RMESG2] => 
    [P_NOTI] => 
    [P_AUTH_NO] => 
)

 Array
(
    [PageCall time] => 20:48:26
    [P_TID] => INIMX_VBNKCAEcatca0720250722204552905014
    [P_MID] => CAEcatca07
    [P_AUTH_DT] => 20250722204826
    [P_STATUS] => 02
    [P_TYPE] => VBANK
    [P_OID] => 250722-031
    [P_FN_CD1] => 11
    [P_FN_CD2] => 
    [P_FN_NM] => NH농협은행
    [P_AMT] => 3000
    [P_UNAME] => 김가영
    [P_RMESG1] => P_VACCT_NO=79013685311750|P_EXP_DT=20250801
    [P_RMESG2] => 
    [P_NOTI] => 
    [P_AUTH_NO] => 
)

 Array
(
    [PageCall time] => 20:49:07
    [P_TID] => INIMX_VBNKCAEcatca0720250722204610555438
    [P_MID] => CAEcatca07
    [P_AUTH_DT] => 20250722204907
    [P_STATUS] => 02
    [P_TYPE] => VBANK
    [P_OID] => 250722-032
    [P_FN_CD1] => 81
    [P_FN_CD2] => 
    [P_FN_NM] => 하나은행
    [P_AMT] => 3000
    [P_UNAME] => 이시우
    [P_RMESG1] => P_VACCT_NO=20893877027837|P_EXP_DT=20250801
    [P_RMESG2] => 
    [P_NOTI] => 
    [P_AUTH_NO] => 
)

 Array
(
    [PageCall time] => 20:53:28
    [P_TID] => INIMX_VBNKCAEcatca0720250722205021405041
    [P_MID] => CAEcatca07
    [P_AUTH_DT] => 20250722205328
    [P_STATUS] => 02
    [P_TYPE] => VBANK
    [P_OID] => 250722-033
    [P_FN_CD1] => 81
    [P_FN_CD2] => 
    [P_FN_NM] => 하나은행
    [P_AMT] => 3000
    [P_UNAME] => 손국권
    [P_RMESG1] => P_VACCT_NO=20893877036937|P_EXP_DT=20250801
    [P_RMESG2] => 
    [P_NOTI] => 
    [P_AUTH_NO] => 
)

 Array
(
    [PageCall time] => 23:02:19
    [P_TID] => INIMX_VBNKCAEcatca0720250722230007165122
    [P_MID] => CAEcatca07
    [P_AUTH_DT] => 20250722230219
    [P_STATUS] => 02
    [P_TYPE] => VBANK
    [P_OID] => 250722-034
    [P_FN_CD1] => 23
    [P_FN_CD2] => 
    [P_FN_NM] => SC은행
    [P_AMT] => 3000
    [P_UNAME] => 권현
    [P_RMESG1] => P_VACCT_NO=46416004146803|P_EXP_DT=20250801
    [P_RMESG2] => 
    [P_NOTI] => 
    [P_AUTH_NO] => 
)

