 Array
(
    [PageCall time] => 09:47:05
    [P_TID] => INIMX_VBNKCAEcatca0720260311094414785299
    [P_MID] => CAEcatca07
    [P_AUTH_DT] => 20260311094705
    [P_STATUS] => 02
    [P_TYPE] => VBANK
    [P_OID] => 260311-001
    [P_FN_CD1] => 04
    [P_FN_CD2] => 
    [P_FN_NM] => KB국민은행
    [P_AMT] => 3500
    [P_UNAME] => 소재훈
    [P_RMESG1] => P_VACCT_NO=87839011662480|P_EXP_DT=20260321
    [P_RMESG2] => 
    [P_NOTI] => 
    [P_AUTH_NO] => 
)

 Array
(
    [PageCall time] => 10:02:24
    [P_TID] => INIMX_VBNKCAEcatca0720260311095949385698
    [P_MID] => CAEcatca07
    [P_AUTH_DT] => 20260311100224
    [P_STATUS] => 02
    [P_TYPE] => VBANK
    [P_OID] => 260311-003
    [P_FN_CD1] => 81
    [P_FN_CD2] => 
    [P_FN_NM] => 하나은행
    [P_AMT] => 3500
    [P_UNAME] => 오승택
    [P_RMESG1] => P_VACCT_NO=20894346298337|P_EXP_DT=20260321
    [P_RMESG2] => 
    [P_NOTI] => 
    [P_AUTH_NO] => 
)

 Array
(
    [PageCall time] => 10:24:49
    [P_TID] => INIMX_VBNKCAEcatca0720260311102217305769
    [P_MID] => CAEcatca07
    [P_AUTH_DT] => 20260311102449
    [P_STATUS] => 02
    [P_TYPE] => VBANK
    [P_OID] => 260311-004
    [P_FN_CD1] => 04
    [P_FN_CD2] => 
    [P_FN_NM] => KB국민은행
    [P_AMT] => 3500
    [P_UNAME] => 이선미
    [P_RMESG1] => P_VACCT_NO=00289071426898|P_EXP_DT=20260321
    [P_RMESG2] => 
    [P_NOTI] => 
    [P_AUTH_NO] => 
)

 Array
(
    [PageCall time] => 10:27:38
    [P_TID] => INIMX_VBNKCAEcatca0720260311102404575110
    [P_MID] => CAEcatca07
    [P_AUTH_DT] => 20260311102738
    [P_STATUS] => 02
    [P_TYPE] => VBANK
    [P_OID] => 260309-040
    [P_FN_CD1] => 88
    [P_FN_CD2] => 
    [P_FN_NM] => 신한은행
    [P_AMT] => 3500
    [P_UNAME] => 윤정화
    [P_RMESG1] => P_VACCT_NO=56211992528640|P_EXP_DT=20260321
    [P_RMESG2] => 
    [P_NOTI] => 
    [P_AUTH_NO] => 
)

 Array
(
    [PageCall time] => 10:44:11
    [P_TID] => INIMX_VBNKCAEcatca0720260311104031675507
    [P_MID] => CAEcatca07
    [P_AUTH_DT] => 20260311104411
    [P_STATUS] => 02
    [P_TYPE] => VBANK
    [P_OID] => 260311-007
    [P_FN_CD1] => 11
    [P_FN_CD2] => 
    [P_FN_NM] => NH농협은행
    [P_AMT] => 3500
    [P_UNAME] => 김효진
    [P_RMESG1] => P_VACCT_NO=79014291475001|P_EXP_DT=20260321
    [P_RMESG2] => 
    [P_NOTI] => 
    [P_AUTH_NO] => 
)

 Array
(
    [PageCall time] => 10:52:19
    [P_TID] => INIMX_VBNKCAEcatca0720260311104849825870
    [P_MID] => CAEcatca07
    [P_AUTH_DT] => 20260311105219
    [P_STATUS] => 02
    [P_TYPE] => VBANK
    [P_OID] => 260311-008
    [P_FN_CD1] => 20
    [P_FN_CD2] => 
    [P_FN_NM] => 우리은행
    [P_AMT] => 3500
    [P_UNAME] => 황지희
    [P_RMESG1] => P_VACCT_NO=27761180718070|P_EXP_DT=20260321
    [P_RMESG2] => 
    [P_NOTI] => 
    [P_AUTH_NO] => 
)

 Array
(
    [PageCall time] => 10:55:42
    [P_TID] => INIMX_VBNKCAEcatca0720260311105314945057
    [P_MID] => CAEcatca07
    [P_AUTH_DT] => 20260311105542
    [P_STATUS] => 02
    [P_TYPE] => VBANK
    [P_OID] => 260304-018
    [P_FN_CD1] => 81
    [P_FN_CD2] => 
    [P_FN_NM] => 하나은행
    [P_AMT] => 3500
    [P_UNAME] => 이상봉
    [P_RMESG1] => P_VACCT_NO=20894371510437|P_EXP_DT=20260321
    [P_RMESG2] => 
    [P_NOTI] => 
    [P_AUTH_NO] => 
)

 Array
(
    [PageCall time] => 11:00:01
    [P_TID] => INIMX_VBNKCAEcatca0720260311105728945451
    [P_MID] => CAEcatca07
    [P_AUTH_DT] => 20260311110001
    [P_STATUS] => 02
    [P_TYPE] => VBANK
    [P_OID] => 260311-009
    [P_FN_CD1] => 81
    [P_FN_CD2] => 
    [P_FN_NM] => 하나은행
    [P_AMT] => 3500
    [P_UNAME] => 김현수
    [P_RMESG1] => P_VACCT_NO=20894371540637|P_EXP_DT=20260321
    [P_RMESG2] => 
    [P_NOTI] => 
    [P_AUTH_NO] => 
)

 Array
(
    [PageCall time] => 11:02:17
    [P_TID] => INIMX_VBNKCAEcatca0720260311105755615003
    [P_MID] => CAEcatca07
    [P_AUTH_DT] => 20260311110217
    [P_STATUS] => 02
    [P_TYPE] => VBANK
    [P_OID] => 260311-010
    [P_FN_CD1] => 88
    [P_FN_CD2] => 
    [P_FN_NM] => 신한은행
    [P_AMT] => 3500
    [P_UNAME] => 정인순
    [P_RMESG1] => P_VACCT_NO=56211104072835|P_EXP_DT=20260321
    [P_RMESG2] => 
    [P_NOTI] => 
    [P_AUTH_NO] => 
)

 Array
(
    [PageCall time] => 11:09:01
    [P_TID] => INIMX_VBNKCAEcatca0720260311110410305870
    [P_MID] => CAEcatca07
    [P_AUTH_DT] => 20260311110901
    [P_STATUS] => 02
    [P_TYPE] => VBANK
    [P_OID] => 260311-011
    [P_FN_CD1] => 04
    [P_FN_CD2] => 
    [P_FN_NM] => KB국민은행
    [P_AMT] => 3500
    [P_UNAME] => 이미화
    [P_RMESG1] => P_VACCT_NO=26159078899366|P_EXP_DT=20260321
    [P_RMESG2] => 
    [P_NOTI] => 
    [P_AUTH_NO] => 
)

 Array
(
    [PageCall time] => 11:18:56
    [P_TID] => INIMX_VBNKCAEcatca0720260311111621485440
    [P_MID] => CAEcatca07
    [P_AUTH_DT] => 20260311111856
    [P_STATUS] => 02
    [P_TYPE] => VBANK
    [P_OID] => 260311-013
    [P_FN_CD1] => 81
    [P_FN_CD2] => 
    [P_FN_NM] => 하나은행
    [P_AMT] => 3500
    [P_UNAME] => 김경훈
    [P_RMESG1] => P_VACCT_NO=20894371671237|P_EXP_DT=20260321
    [P_RMESG2] => 
    [P_NOTI] => 
    [P_AUTH_NO] => 
)

 Array
(
    [PageCall time] => 11:26:16
    [P_TID] => INIMX_VBNKCAEcatca0720260311112516695644
    [P_MID] => CAEcatca07
    [P_AUTH_DT] => 20260311112616
    [P_STATUS] => 02
    [P_TYPE] => VBANK
    [P_OID] => 260311-015
    [P_FN_CD1] => 11
    [P_FN_CD2] => 
    [P_FN_NM] => NH농협은행
    [P_AMT] => 3500
    [P_UNAME] => 정봉하
    [P_RMESG1] => P_VACCT_NO=79014291480251|P_EXP_DT=20260321
    [P_RMESG2] => 
    [P_NOTI] => 
    [P_AUTH_NO] => 
)

 Array
(
    [PageCall time] => 11:56:25
    [P_TID] => INIMX_VBNKCAEcatca0720260311115232785038
    [P_MID] => CAEcatca07
    [P_AUTH_DT] => 20260311115625
    [P_STATUS] => 02
    [P_TYPE] => VBANK
    [P_OID] => 260311-017
    [P_FN_CD1] => 04
    [P_FN_CD2] => 
    [P_FN_NM] => KB국민은행
    [P_AMT] => 3500
    [P_UNAME] => 박지우
    [P_RMESG1] => P_VACCT_NO=44289079121937|P_EXP_DT=20260321
    [P_RMESG2] => 
    [P_NOTI] => 
    [P_AUTH_NO] => 
)

 Array
(
    [PageCall time] => 12:00:43
    [P_TID] => INIMX_VBNKCAEcatca0720260311115717785593
    [P_MID] => CAEcatca07
    [P_AUTH_DT] => 20260311120043
    [P_STATUS] => 02
    [P_TYPE] => VBANK
    [P_OID] => 260311-018
    [P_FN_CD1] => 04
    [P_FN_CD2] => 
    [P_FN_NM] => KB국민은행
    [P_AMT] => 3500
    [P_UNAME] => 정애란
    [P_RMESG1] => P_VACCT_NO=44319079057581|P_EXP_DT=20260321
    [P_RMESG2] => 
    [P_NOTI] => 
    [P_AUTH_NO] => 
)

 Array
(
    [PageCall time] => 14:27:11
    [P_TID] => INIMX_VBNKCAEcatca0720260311142321995256
    [P_MID] => CAEcatca07
    [P_AUTH_DT] => 20260311142711
    [P_STATUS] => 02
    [P_TYPE] => VBANK
    [P_OID] => 260311-020
    [P_FN_CD1] => 20
    [P_FN_CD2] => 
    [P_FN_NM] => 우리은행
    [P_AMT] => 3500
    [P_UNAME] => 노순덕
    [P_RMESG1] => P_VACCT_NO=27761204118217|P_EXP_DT=20260321
    [P_RMESG2] => 
    [P_NOTI] => 
    [P_AUTH_NO] => 
)

 Array
(
    [PageCall time] => 14:32:10
    [P_TID] => INIMX_VBNKCAEcatca0720260311143022505071
    [P_MID] => CAEcatca07
    [P_AUTH_DT] => 20260311143210
    [P_STATUS] => 02
    [P_TYPE] => VBANK
    [P_OID] => 260311-022
    [P_FN_CD1] => 11
    [P_FN_CD2] => 
    [P_FN_NM] => NH농협은행
    [P_AMT] => 3500
    [P_UNAME] => 김소연
    [P_RMESG1] => P_VACCT_NO=79014291497895|P_EXP_DT=20260321
    [P_RMESG2] => 
    [P_NOTI] => 
    [P_AUTH_NO] => 
)

 Array
(
    [PageCall time] => 15:11:22
    [P_TID] => INIMX_VBNKCAEcatca0720260311150956615278
    [P_MID] => CAEcatca07
    [P_AUTH_DT] => 20260311151122
    [P_STATUS] => 02
    [P_TYPE] => VBANK
    [P_OID] => 260311-024
    [P_FN_CD1] => 11
    [P_FN_CD2] => 
    [P_FN_NM] => NH농협은행
    [P_AMT] => 3500
    [P_UNAME] => 황기련
    [P_RMESG1] => P_VACCT_NO=79014291502246|P_EXP_DT=20260321
    [P_RMESG2] => 
    [P_NOTI] => 
    [P_AUTH_NO] => 
)

 Array
(
    [PageCall time] => 15:16:35
    [P_TID] => INIMX_VBNKCAEcatca0720260311151403225407
    [P_MID] => CAEcatca07
    [P_AUTH_DT] => 20260311151635
    [P_STATUS] => 02
    [P_TYPE] => VBANK
    [P_OID] => 260311-025
    [P_FN_CD1] => 88
    [P_FN_CD2] => 
    [P_FN_NM] => 신한은행
    [P_AMT] => 3500
    [P_UNAME] => 조연우
    [P_RMESG1] => P_VACCT_NO=56211102053083|P_EXP_DT=20260321
    [P_RMESG2] => 
    [P_NOTI] => 
    [P_AUTH_NO] => 
)

 Array
(
    [PageCall time] => 16:30:29
    [P_TID] => INIMX_VBNKCAEcatca0720260311162710195517
    [P_MID] => CAEcatca07
    [P_AUTH_DT] => 20260311163029
    [P_STATUS] => 02
    [P_TYPE] => VBANK
    [P_OID] => 260311-029
    [P_FN_CD1] => 89
    [P_FN_CD2] => 
    [P_FN_NM] => 케이뱅크
    [P_AMT] => 3500
    [P_UNAME] => 권오평
    [P_RMESG1] => P_VACCT_NO=70112003727267|P_EXP_DT=20260321
    [P_RMESG2] => 
    [P_NOTI] => 
    [P_AUTH_NO] => 
)

 Array
(
    [PageCall time] => 16:37:11
    [P_TID] => INIMX_VBNKCAEcatca0720260311163419795797
    [P_MID] => CAEcatca07
    [P_AUTH_DT] => 20260311163711
    [P_STATUS] => 02
    [P_TYPE] => VBANK
    [P_OID] => 260311-031
    [P_FN_CD1] => 04
    [P_FN_CD2] => 
    [P_FN_NM] => KB국민은행
    [P_AMT] => 3500
    [P_UNAME] => 김선화
    [P_RMESG1] => P_VACCT_NO=99449014549152|P_EXP_DT=20260321
    [P_RMESG2] => 
    [P_NOTI] => 
    [P_AUTH_NO] => 
)

 Array
(
    [PageCall time] => 16:37:14
    [P_TID] => INIMX_VBNKCAEcatca0720260311163439745247
    [P_MID] => CAEcatca07
    [P_AUTH_DT] => 20260311163714
    [P_STATUS] => 02
    [P_TYPE] => VBANK
    [P_OID] => 260311-028
    [P_FN_CD1] => 88
    [P_FN_CD2] => 
    [P_FN_NM] => 신한은행
    [P_AMT] => 3500
    [P_UNAME] => 구성규
    [P_RMESG1] => P_VACCT_NO=56211990826725|P_EXP_DT=20260321
    [P_RMESG2] => 
    [P_NOTI] => 
    [P_AUTH_NO] => 
)

 Array
(
    [PageCall time] => 16:44:09
    [P_TID] => INIMX_VBNKCAEcatca0720260311164101695729
    [P_MID] => CAEcatca07
    [P_AUTH_DT] => 20260311164409
    [P_STATUS] => 02
    [P_TYPE] => VBANK
    [P_OID] => 260311-027
    [P_FN_CD1] => 89
    [P_FN_CD2] => 
    [P_FN_NM] => 케이뱅크
    [P_AMT] => 3500
    [P_UNAME] => 안진우
    [P_RMESG1] => P_VACCT_NO=70112003727541|P_EXP_DT=20260321
    [P_RMESG2] => 
    [P_NOTI] => 
    [P_AUTH_NO] => 
)

 Array
(
    [PageCall time] => 17:43:51
    [P_TID] => INIMX_VBNKCAEcatca0720260311173954494338
    [P_MID] => CAEcatca07
    [P_AUTH_DT] => 20260311174351
    [P_STATUS] => 02
    [P_TYPE] => VBANK
    [P_OID] => 260311-034
    [P_FN_CD1] => 81
    [P_FN_CD2] => 
    [P_FN_NM] => 하나은행
    [P_AMT] => 3500
    [P_UNAME] => 최춘희
    [P_RMESG1] => P_VACCT_NO=20894246777837|P_EXP_DT=20260321
    [P_RMESG2] => 
    [P_NOTI] => 
    [P_AUTH_NO] => 
)

 Array
(
    [PageCall time] => 21:10:23
    [P_TID] => INIMX_VBNKCAEcatca0720260311210947304108
    [P_MID] => CAEcatca07
    [P_AUTH_DT] => 20260311211023
    [P_STATUS] => 02
    [P_TYPE] => VBANK
    [P_OID] => 260311-036
    [P_FN_CD1] => 11
    [P_FN_CD2] => 
    [P_FN_NM] => NH농협은행
    [P_AMT] => 3500
    [P_UNAME] => 이지원
    [P_RMESG1] => P_VACCT_NO=79010580560809|P_EXP_DT=20260321
    [P_RMESG2] => 
    [P_NOTI] => 
    [P_AUTH_NO] => 
)

 Array
(
    [PageCall time] => 21:41:51
    [P_TID] => INIMX_VBNKCAEcatca0720260311213851764080
    [P_MID] => CAEcatca07
    [P_AUTH_DT] => 20260311214151
    [P_STATUS] => 02
    [P_TYPE] => VBANK
    [P_OID] => 260311-039
    [P_FN_CD1] => 03
    [P_FN_CD2] => 
    [P_FN_NM] => 기업은행
    [P_AMT] => 3500
    [P_UNAME] => 김구일
    [P_RMESG1] => P_VACCT_NO=07500594897061|P_EXP_DT=20260321
    [P_RMESG2] => 
    [P_NOTI] => 
    [P_AUTH_NO] => 
)

 Array
(
    [PageCall time] => 21:54:34
    [P_TID] => INIMX_VBNKCAEcatca0720260311215154914382
    [P_MID] => CAEcatca07
    [P_AUTH_DT] => 20260311215434
    [P_STATUS] => 02
    [P_TYPE] => VBANK
    [P_OID] => 260311-037
    [P_FN_CD1] => 88
    [P_FN_CD2] => 
    [P_FN_NM] => 신한은행
    [P_AMT] => 3500
    [P_UNAME] => 김재석
    [P_RMESG1] => P_VACCT_NO=56211992318753|P_EXP_DT=20260321
    [P_RMESG2] => 
    [P_NOTI] => 
    [P_AUTH_NO] => 
)

 Array
(
    [PageCall time] => 23:42:44
    [P_TID] => INIMX_VBNKCAEcatca0720260311234010255936
    [P_MID] => CAEcatca07
    [P_AUTH_DT] => 20260311234244
    [P_STATUS] => 02
    [P_TYPE] => VBANK
    [P_OID] => 260311-041
    [P_FN_CD1] => 89
    [P_FN_CD2] => 
    [P_FN_NM] => 케이뱅크
    [P_AMT] => 3500
    [P_UNAME] => 한신열
    [P_RMESG1] => P_VACCT_NO=70112003729021|P_EXP_DT=20260321
    [P_RMESG2] => 
    [P_NOTI] => 
    [P_AUTH_NO] => 
)

