 Array
(
    [PageCall time] => 06:16:09
    [P_TID] => INIMX_VBNKCAEcatca0720250822061427775694
    [P_MID] => CAEcatca07
    [P_AUTH_DT] => 20250822061609
    [P_STATUS] => 02
    [P_TYPE] => VBANK
    [P_OID] => 250822-001
    [P_FN_CD1] => 11
    [P_FN_CD2] => 
    [P_FN_NM] => NH농협은행
    [P_AMT] => 3000
    [P_UNAME] => 김경숙
    [P_RMESG1] => P_VACCT_NO=79014407893709|P_EXP_DT=20250901
    [P_RMESG2] => 
    [P_NOTI] => 
    [P_AUTH_NO] => 
)

 Array
(
    [PageCall time] => 06:26:50
    [P_TID] => INIMX_VBNKCAEcatca0720250822062602615243
    [P_MID] => CAEcatca07
    [P_AUTH_DT] => 20250822062650
    [P_STATUS] => 02
    [P_TYPE] => VBANK
    [P_OID] => 250822-002
    [P_FN_CD1] => 04
    [P_FN_CD2] => 
    [P_FN_NM] => KB국민은행
    [P_AMT] => 3000
    [P_UNAME] => 김영한
    [P_RMESG1] => P_VACCT_NO=26119078648829|P_EXP_DT=20250901
    [P_RMESG2] => 
    [P_NOTI] => 
    [P_AUTH_NO] => 
)

 Array
(
    [PageCall time] => 07:53:33
    [P_TID] => INIMX_VBNKCAEcatca0720250819101736745600
    [P_MID] => CAEcatca07
    [P_AUTH_DT] => 20250822075332
    [P_STATUS] => 02
    [P_TYPE] => VBANK
    [P_OID] => 250819-006
    [P_FN_CD1] => 88
    [P_FN_CD2] => 
    [P_FN_NM] => 신한은행
    [P_AMT] => 3000
    [P_UNAME] => 서영건설
    [P_RMESG1] => P_VACCT_NO=56211991774591|P_EXP_DT=20250829
    [P_RMESG2] => 
    [P_NOTI] => 
    [P_AUTH_NO] => 
)

 Array
(
    [PageCall time] => 08:25:33
    [P_TID] => INIMX_VBNKCAEcatca0720250822082450405053
    [P_MID] => CAEcatca07
    [P_AUTH_DT] => 20250822082533
    [P_STATUS] => 02
    [P_TYPE] => VBANK
    [P_OID] => 250822-003
    [P_FN_CD1] => 04
    [P_FN_CD2] => 
    [P_FN_NM] => KB국민은행
    [P_AMT] => 3000
    [P_UNAME] => 임형욱
    [P_RMESG1] => P_VACCT_NO=26159078100800|P_EXP_DT=20250901
    [P_RMESG2] => 
    [P_NOTI] => 
    [P_AUTH_NO] => 
)

 Array
(
    [PageCall time] => 09:57:00
    [P_TID] => INIMX_VBNKCAEcatca0720250822095515545521
    [P_MID] => CAEcatca07
    [P_AUTH_DT] => 20250822095700
    [P_STATUS] => 02
    [P_TYPE] => VBANK
    [P_OID] => 250822-005
    [P_FN_CD1] => 04
    [P_FN_CD2] => 
    [P_FN_NM] => KB국민은행
    [P_AMT] => 3000
    [P_UNAME] => 박경한
    [P_RMESG1] => P_VACCT_NO=26159078586857|P_EXP_DT=20250901
    [P_RMESG2] => 
    [P_NOTI] => 
    [P_AUTH_NO] => 
)

 Array
(
    [PageCall time] => 10:09:05
    [P_TID] => INIMX_VBNKCAEcatca0720250822100806445944
    [P_MID] => CAEcatca07
    [P_AUTH_DT] => 20250822100905
    [P_STATUS] => 02
    [P_TYPE] => VBANK
    [P_OID] => 250822-006
    [P_FN_CD1] => 11
    [P_FN_CD2] => 
    [P_FN_NM] => NH농협은행
    [P_AMT] => 3000
    [P_UNAME] => 조호선
    [P_RMESG1] => P_VACCT_NO=79014407911610|P_EXP_DT=20250901
    [P_RMESG2] => 
    [P_NOTI] => 
    [P_AUTH_NO] => 
)

 Array
(
    [PageCall time] => 11:23:42
    [P_TID] => INIMX_VBNKCAEcatca0720250822112211785361
    [P_MID] => CAEcatca07
    [P_AUTH_DT] => 20250822112342
    [P_STATUS] => 02
    [P_TYPE] => VBANK
    [P_OID] => 250820-022
    [P_FN_CD1] => 04
    [P_FN_CD2] => 
    [P_FN_NM] => KB국민은행
    [P_AMT] => 3000
    [P_UNAME] => 홍계남
    [P_RMESG1] => P_VACCT_NO=26029078544564|P_EXP_DT=20250901
    [P_RMESG2] => 
    [P_NOTI] => 
    [P_AUTH_NO] => 
)

 Array
(
    [PageCall time] => 13:17:45
    [P_TID] => INIMX_VBNKCAEcatca0720250822131714855898
    [P_MID] => CAEcatca07
    [P_AUTH_DT] => 20250822131745
    [P_STATUS] => 02
    [P_TYPE] => VBANK
    [P_OID] => 250822-010
    [P_FN_CD1] => 04
    [P_FN_CD2] => 
    [P_FN_NM] => KB국민은행
    [P_AMT] => 3000
    [P_UNAME] => 최혁주
    [P_RMESG1] => P_VACCT_NO=26029078698300|P_EXP_DT=20250901
    [P_RMESG2] => 
    [P_NOTI] => 
    [P_AUTH_NO] => 
)

 Array
(
    [PageCall time] => 13:46:02
    [P_TID] => INIMX_VBNKCAEcatca0720250822134225965641
    [P_MID] => CAEcatca07
    [P_AUTH_DT] => 20250822134601
    [P_STATUS] => 02
    [P_TYPE] => VBANK
    [P_OID] => 250822-008
    [P_FN_CD1] => 04
    [P_FN_CD2] => 
    [P_FN_NM] => KB국민은행
    [P_AMT] => 3000
    [P_UNAME] => 박윤주
    [P_RMESG1] => P_VACCT_NO=26029078734754|P_EXP_DT=20250901
    [P_RMESG2] => 
    [P_NOTI] => 
    [P_AUTH_NO] => 
)

 Array
(
    [PageCall time] => 14:33:56
    [P_TID] => INIMX_VBNKCAEcatca0720250822141729865905
    [P_MID] => CAEcatca07
    [P_AUTH_DT] => 20250822143356
    [P_STATUS] => 02
    [P_TYPE] => VBANK
    [P_OID] => 250822-013
    [P_FN_CD1] => 81
    [P_FN_CD2] => 
    [P_FN_NM] => 하나은행
    [P_AMT] => 3000
    [P_UNAME] => 유하은
    [P_RMESG1] => P_VACCT_NO=20894016077637|P_EXP_DT=20250901
    [P_RMESG2] => 
    [P_NOTI] => 
    [P_AUTH_NO] => 
)

 Array
(
    [PageCall time] => 14:47:33
    [P_TID] => INIMX_VBNKCAEcatca0720250822144524245060
    [P_MID] => CAEcatca07
    [P_AUTH_DT] => 20250822144733
    [P_STATUS] => 02
    [P_TYPE] => VBANK
    [P_OID] => 250822-015
    [P_FN_CD1] => 11
    [P_FN_CD2] => 
    [P_FN_NM] => NH농협은행
    [P_AMT] => 3000
    [P_UNAME] => 정정희
    [P_RMESG1] => P_VACCT_NO=79014407948395|P_EXP_DT=20250901
    [P_RMESG2] => 
    [P_NOTI] => 
    [P_AUTH_NO] => 
)

 Array
(
    [PageCall time] => 15:16:58
    [P_TID] => INIMX_VBNKCAEcatca0720250822151613375933
    [P_MID] => CAEcatca07
    [P_AUTH_DT] => 20250822151658
    [P_STATUS] => 02
    [P_TYPE] => VBANK
    [P_OID] => 250822-016
    [P_FN_CD1] => 04
    [P_FN_CD2] => 
    [P_FN_NM] => KB국민은행
    [P_AMT] => 3000
    [P_UNAME] => 이진숙
    [P_RMESG1] => P_VACCT_NO=80399078399633|P_EXP_DT=20250901
    [P_RMESG2] => 
    [P_NOTI] => 
    [P_AUTH_NO] => 
)

 Array
(
    [PageCall time] => 16:34:58
    [P_TID] => INIMX_VBNKCAEcatca0720250822163113625653
    [P_MID] => CAEcatca07
    [P_AUTH_DT] => 20250822163458
    [P_STATUS] => 02
    [P_TYPE] => VBANK
    [P_OID] => 250822-021
    [P_FN_CD1] => 04
    [P_FN_CD2] => 
    [P_FN_NM] => KB국민은행
    [P_AMT] => 3000
    [P_UNAME] => 홍용준
    [P_RMESG1] => P_VACCT_NO=80399078411715|P_EXP_DT=20250901
    [P_RMESG2] => 
    [P_NOTI] => 
    [P_AUTH_NO] => 
)

 Array
(
    [PageCall time] => 16:45:51
    [P_TID] => INIMX_VBNKCAEcatca0720250822164510175706
    [P_MID] => CAEcatca07
    [P_AUTH_DT] => 20250822164551
    [P_STATUS] => 02
    [P_TYPE] => VBANK
    [P_OID] => 250822-023
    [P_FN_CD1] => 04
    [P_FN_CD2] => 
    [P_FN_NM] => KB국민은행
    [P_AMT] => 3000
    [P_UNAME] => 오영서
    [P_RMESG1] => P_VACCT_NO=80399078414208|P_EXP_DT=20250901
    [P_RMESG2] => 
    [P_NOTI] => 
    [P_AUTH_NO] => 
)

 Array
(
    [PageCall time] => 18:32:05
    [P_TID] => INIMX_VBNKCAEcatca0720250822182922935442
    [P_MID] => CAEcatca07
    [P_AUTH_DT] => 20250822183205
    [P_STATUS] => 02
    [P_TYPE] => VBANK
    [P_OID] => 250822-024
    [P_FN_CD1] => 03
    [P_FN_CD2] => 
    [P_FN_NM] => 기업은행
    [P_AMT] => 3000
    [P_UNAME] => 권서이
    [P_RMESG1] => P_VACCT_NO=07503271097721|P_EXP_DT=20250901
    [P_RMESG2] => 
    [P_NOTI] => 
    [P_AUTH_NO] => 
)

 Array
(
    [PageCall time] => 21:35:50
    [P_TID] => INIMX_VBNKCAEcatca0720250822213327215209
    [P_MID] => CAEcatca07
    [P_AUTH_DT] => 20250822213550
    [P_STATUS] => 02
    [P_TYPE] => VBANK
    [P_OID] => 250821-035
    [P_FN_CD1] => 88
    [P_FN_CD2] => 
    [P_FN_NM] => 신한은행
    [P_AMT] => 3000
    [P_UNAME] => 안세현
    [P_RMESG1] => P_VACCT_NO=56211992033507|P_EXP_DT=20250901
    [P_RMESG2] => 
    [P_NOTI] => 
    [P_AUTH_NO] => 
)

 Array
(
    [PageCall time] => 22:07:30
    [P_TID] => INIMX_VBNKCAEcatca0720250822220226985246
    [P_MID] => CAEcatca07
    [P_AUTH_DT] => 20250822220730
    [P_STATUS] => 02
    [P_TYPE] => VBANK
    [P_OID] => 250822-026
    [P_FN_CD1] => 04
    [P_FN_CD2] => 
    [P_FN_NM] => KB국민은행
    [P_AMT] => 3000
    [P_UNAME] => 권영남
    [P_RMESG1] => P_VACCT_NO=80399078448292|P_EXP_DT=20250901
    [P_RMESG2] => 
    [P_NOTI] => 
    [P_AUTH_NO] => 
)

 Array
(
    [PageCall time] => 23:50:46
    [P_TID] => INIMX_VBNKCAEcatca0720250822234818285320
    [P_MID] => CAEcatca07
    [P_AUTH_DT] => 20250822235046
    [P_STATUS] => 02
    [P_TYPE] => VBANK
    [P_OID] => 250822-027
    [P_FN_CD1] => 03
    [P_FN_CD2] => 
    [P_FN_NM] => 기업은행
    [P_AMT] => 3000
    [P_UNAME] => 정영웅
    [P_RMESG1] => P_VACCT_NO=07503271897616|P_EXP_DT=20250901
    [P_RMESG2] => 
    [P_NOTI] => 
    [P_AUTH_NO] => 
)

