 Array
(
    [PageCall time] => 07:21:07
    [P_TID] => INIMX_VBNKCAEcatca0720260111071608355398
    [P_MID] => CAEcatca07
    [P_AUTH_DT] => 20260111072107
    [P_STATUS] => 02
    [P_TYPE] => VBANK
    [P_OID] => 260111-001
    [P_FN_CD1] => 71
    [P_FN_CD2] => 
    [P_FN_NM] => 우체국
    [P_AMT] => 3500
    [P_UNAME] => 김선희
    [P_RMESG1] => P_VACCT_NO=01397981397993|P_EXP_DT=20260121
    [P_RMESG2] => 
    [P_NOTI] => 
    [P_AUTH_NO] => 
)

 Array
(
    [PageCall time] => 12:13:04
    [P_TID] => INIMX_VBNKCAEcatca0720260111121025725016
    [P_MID] => CAEcatca07
    [P_AUTH_DT] => 20260111121304
    [P_STATUS] => 02
    [P_TYPE] => VBANK
    [P_OID] => 260111-003
    [P_FN_CD1] => 81
    [P_FN_CD2] => 
    [P_FN_NM] => 하나은행
    [P_AMT] => 3500
    [P_UNAME] => 윤지선
    [P_RMESG1] => P_VACCT_NO=20893903234137|P_EXP_DT=20260121
    [P_RMESG2] => 
    [P_NOTI] => 
    [P_AUTH_NO] => 
)

 Array
(
    [PageCall time] => 12:15:27
    [P_TID] => INIMX_VBNKCAEcatca0720260111121255375732
    [P_MID] => CAEcatca07
    [P_AUTH_DT] => 20260111121527
    [P_STATUS] => 02
    [P_TYPE] => VBANK
    [P_OID] => 260111-004
    [P_FN_CD1] => 88
    [P_FN_CD2] => 
    [P_FN_NM] => 신한은행
    [P_AMT] => 3500
    [P_UNAME] => 양서진
    [P_RMESG1] => P_VACCT_NO=56213170579779|P_EXP_DT=20260121
    [P_RMESG2] => 
    [P_NOTI] => 
    [P_AUTH_NO] => 
)

 Array
(
    [PageCall time] => 12:48:31
    [P_TID] => INIMX_VBNKCAEcatca0720260111124442735946
    [P_MID] => CAEcatca07
    [P_AUTH_DT] => 20260111124831
    [P_STATUS] => 02
    [P_TYPE] => VBANK
    [P_OID] => 260111-002
    [P_FN_CD1] => 89
    [P_FN_CD2] => 
    [P_FN_NM] => 케이뱅크
    [P_AMT] => 3500
    [P_UNAME] => 김애순
    [P_RMESG1] => P_VACCT_NO=70112003281265|P_EXP_DT=20260121
    [P_RMESG2] => 
    [P_NOTI] => 
    [P_AUTH_NO] => 
)

 Array
(
    [PageCall time] => 15:48:34
    [P_TID] => INIMX_VBNKCAEcatca0720260111154449255124
    [P_MID] => CAEcatca07
    [P_AUTH_DT] => 20260111154834
    [P_STATUS] => 02
    [P_TYPE] => VBANK
    [P_OID] => 260111-006
    [P_FN_CD1] => 88
    [P_FN_CD2] => 
    [P_FN_NM] => 신한은행
    [P_AMT] => 3500
    [P_UNAME] => 강혜빈
    [P_RMESG1] => P_VACCT_NO=56213170587783|P_EXP_DT=20260121
    [P_RMESG2] => 
    [P_NOTI] => 
    [P_AUTH_NO] => 
)

 Array
(
    [PageCall time] => 18:12:28
    [P_TID] => INIMX_VBNKCAEcatca0720260111180904885552
    [P_MID] => CAEcatca07
    [P_AUTH_DT] => 20260111181228
    [P_STATUS] => 02
    [P_TYPE] => VBANK
    [P_OID] => 260111-008
    [P_FN_CD1] => 11
    [P_FN_CD2] => 
    [P_FN_NM] => NH농협은행
    [P_AMT] => 3500
    [P_UNAME] => 최한원
    [P_RMESG1] => P_VACCT_NO=79010590735140|P_EXP_DT=20260121
    [P_RMESG2] => 
    [P_NOTI] => 
    [P_AUTH_NO] => 
)

 Array
(
    [PageCall time] => 18:39:24
    [P_TID] => INIMX_VBNKCAEcatca0720260111183629715885
    [P_MID] => CAEcatca07
    [P_AUTH_DT] => 20260111183924
    [P_STATUS] => 02
    [P_TYPE] => VBANK
    [P_OID] => 260111-009
    [P_FN_CD1] => 81
    [P_FN_CD2] => 
    [P_FN_NM] => 하나은행
    [P_AMT] => 3500
    [P_UNAME] => 박정은
    [P_RMESG1] => P_VACCT_NO=20893905149037|P_EXP_DT=20260121
    [P_RMESG2] => 
    [P_NOTI] => 
    [P_AUTH_NO] => 
)

 Array
(
    [PageCall time] => 18:45:09
    [P_TID] => INIMX_VBNKCAEcatca0720260111184436715649
    [P_MID] => CAEcatca07
    [P_AUTH_DT] => 20260111184509
    [P_STATUS] => 02
    [P_TYPE] => VBANK
    [P_OID] => 260111-010
    [P_FN_CD1] => 11
    [P_FN_CD2] => 
    [P_FN_NM] => NH농협은행
    [P_AMT] => 3500
    [P_UNAME] => 김민서
    [P_RMESG1] => P_VACCT_NO=79010590740079|P_EXP_DT=20260121
    [P_RMESG2] => 
    [P_NOTI] => 
    [P_AUTH_NO] => 
)

 Array
(
    [PageCall time] => 20:36:50
    [P_TID] => INIMX_VBNKCAEcatca0720260111203409795262
    [P_MID] => CAEcatca07
    [P_AUTH_DT] => 20260111203650
    [P_STATUS] => 02
    [P_TYPE] => VBANK
    [P_OID] => 260111-012
    [P_FN_CD1] => 04
    [P_FN_CD2] => 
    [P_FN_NM] => KB국민은행
    [P_AMT] => 3500
    [P_UNAME] => 김혁규
    [P_RMESG1] => P_VACCT_NO=60539014356652|P_EXP_DT=20260121
    [P_RMESG2] => 
    [P_NOTI] => 
    [P_AUTH_NO] => 
)

 Array
(
    [PageCall time] => 20:52:19
    [P_TID] => INIMX_VBNKCAEcatca0720260111204907125436
    [P_MID] => CAEcatca07
    [P_AUTH_DT] => 20260111205218
    [P_STATUS] => 02
    [P_TYPE] => VBANK
    [P_OID] => 260111-013
    [P_FN_CD1] => 88
    [P_FN_CD2] => 
    [P_FN_NM] => 신한은행
    [P_AMT] => 3500
    [P_UNAME] => 문나영
    [P_RMESG1] => P_VACCT_NO=56213170601326|P_EXP_DT=20260121
    [P_RMESG2] => 
    [P_NOTI] => 
    [P_AUTH_NO] => 
)

 Array
(
    [PageCall time] => 21:25:37
    [P_TID] => INIMX_VBNKCAEcatca0720260111212233255866
    [P_MID] => CAEcatca07
    [P_AUTH_DT] => 20260111212537
    [P_STATUS] => 02
    [P_TYPE] => VBANK
    [P_OID] => 260111-011
    [P_FN_CD1] => 04
    [P_FN_CD2] => 
    [P_FN_NM] => KB국민은행
    [P_AMT] => 3500
    [P_UNAME] => 김태원
    [P_RMESG1] => P_VACCT_NO=60539014361184|P_EXP_DT=20260121
    [P_RMESG2] => 
    [P_NOTI] => 
    [P_AUTH_NO] => 
)

 Array
(
    [PageCall time] => 22:01:31
    [P_TID] => INIMX_VBNKCAEcatca0720260111215821455330
    [P_MID] => CAEcatca07
    [P_AUTH_DT] => 20260111220131
    [P_STATUS] => 02
    [P_TYPE] => VBANK
    [P_OID] => 260111-014
    [P_FN_CD1] => 20
    [P_FN_CD2] => 
    [P_FN_NM] => 우리은행
    [P_AMT] => 3500
    [P_UNAME] => 이청규
    [P_RMESG1] => P_VACCT_NO=27489300018321|P_EXP_DT=20260121
    [P_RMESG2] => 
    [P_NOTI] => 
    [P_AUTH_NO] => 
)

