 Array
(
    [PageCall time] => 09:08:39
    [P_TID] => INIMX_VBNKCAEcatca0720250330090614885307
    [P_MID] => CAEcatca07
    [P_AUTH_DT] => 20250330090839
    [P_STATUS] => 02
    [P_TYPE] => VBANK
    [P_OID] => 250330-002
    [P_FN_CD1] => 31
    [P_FN_CD2] => 
    [P_FN_NM] => 아이엠뱅크(대구은행)
    [P_AMT] => 3000
    [P_UNAME] => 정은호
    [P_RMESG1] => P_VACCT_NO=9600362742098|P_EXP_DT=20250409
    [P_RMESG2] => 
    [P_NOTI] => 
    [P_AUTH_NO] => 
)

 Array
(
    [PageCall time] => 11:09:43
    [P_TID] => INIMX_VBNKCAEcatca0720250330110655565719
    [P_MID] => CAEcatca07
    [P_AUTH_DT] => 20250330110942
    [P_STATUS] => 02
    [P_TYPE] => VBANK
    [P_OID] => 250330-003
    [P_FN_CD1] => 89
    [P_FN_CD2] => 
    [P_FN_NM] => 케이뱅크
    [P_AMT] => 3000
    [P_UNAME] => 김종혁
    [P_RMESG1] => P_VACCT_NO=70112003211664|P_EXP_DT=20250409
    [P_RMESG2] => 
    [P_NOTI] => 
    [P_AUTH_NO] => 
)

 Array
(
    [PageCall time] => 12:41:13
    [P_TID] => INIMX_VBNKCAEcatca0720250330123843855628
    [P_MID] => CAEcatca07
    [P_AUTH_DT] => 20250330124113
    [P_STATUS] => 02
    [P_TYPE] => VBANK
    [P_OID] => 250330-004
    [P_FN_CD1] => 03
    [P_FN_CD2] => 
    [P_FN_NM] => 기업은행
    [P_AMT] => 3000
    [P_UNAME] => 이슬
    [P_RMESG1] => P_VACCT_NO=07503170997118|P_EXP_DT=20250409
    [P_RMESG2] => 
    [P_NOTI] => 
    [P_AUTH_NO] => 
)

 Array
(
    [PageCall time] => 14:52:01
    [P_TID] => INIMX_VBNKCAEcatca0720250330144932575844
    [P_MID] => CAEcatca07
    [P_AUTH_DT] => 20250330145201
    [P_STATUS] => 02
    [P_TYPE] => VBANK
    [P_OID] => 250330-001
    [P_FN_CD1] => 04
    [P_FN_CD2] => 
    [P_FN_NM] => KB국민은행
    [P_AMT] => 3000
    [P_UNAME] => 이미자
    [P_RMESG1] => P_VACCT_NO=26119078438464|P_EXP_DT=20250409
    [P_RMESG2] => 
    [P_NOTI] => 
    [P_AUTH_NO] => 
)

 Array
(
    [PageCall time] => 15:00:51
    [P_TID] => INIMX_VBNKCAEcatca0720250330145656525794
    [P_MID] => CAEcatca07
    [P_AUTH_DT] => 20250330150051
    [P_STATUS] => 02
    [P_TYPE] => VBANK
    [P_OID] => 250330-005
    [P_FN_CD1] => 88
    [P_FN_CD2] => 
    [P_FN_NM] => 신한은행
    [P_AMT] => 3000
    [P_UNAME] => 김귀련
    [P_RMESG1] => P_VACCT_NO=56211991826432|P_EXP_DT=20250409
    [P_RMESG2] => 
    [P_NOTI] => 
    [P_AUTH_NO] => 
)

 Array
(
    [PageCall time] => 16:17:17
    [P_TID] => INIMX_VBNKCAEcatca0720250330161433095910
    [P_MID] => CAEcatca07
    [P_AUTH_DT] => 20250330161717
    [P_STATUS] => 02
    [P_TYPE] => VBANK
    [P_OID] => 250330-006
    [P_FN_CD1] => 20
    [P_FN_CD2] => 
    [P_FN_NM] => 우리은행
    [P_AMT] => 3000
    [P_UNAME] => 이선영
    [P_RMESG1] => P_VACCT_NO=27388465818489|P_EXP_DT=20250409
    [P_RMESG2] => 
    [P_NOTI] => 
    [P_AUTH_NO] => 
)

 Array
(
    [PageCall time] => 16:36:01
    [P_TID] => INIMX_VBNKCAEcatca0720250330163505665546
    [P_MID] => CAEcatca07
    [P_AUTH_DT] => 20250330163601
    [P_STATUS] => 02
    [P_TYPE] => VBANK
    [P_OID] => 250330-007
    [P_FN_CD1] => 11
    [P_FN_CD2] => 
    [P_FN_NM] => NH농협은행
    [P_AMT] => 3000
    [P_UNAME] => 박정호
    [P_RMESG1] => P_VACCT_NO=79014509075120|P_EXP_DT=20250409
    [P_RMESG2] => 
    [P_NOTI] => 
    [P_AUTH_NO] => 
)

 Array
(
    [PageCall time] => 18:18:36
    [P_TID] => INIMX_VBNKCAEcatca0720250330181727275424
    [P_MID] => CAEcatca07
    [P_AUTH_DT] => 20250330181836
    [P_STATUS] => 02
    [P_TYPE] => VBANK
    [P_OID] => 250330-008
    [P_FN_CD1] => 11
    [P_FN_CD2] => 
    [P_FN_NM] => NH농협은행
    [P_AMT] => 3000
    [P_UNAME] => 한재현
    [P_RMESG1] => P_VACCT_NO=79014509082860|P_EXP_DT=20250409
    [P_RMESG2] => 
    [P_NOTI] => 
    [P_AUTH_NO] => 
)

 Array
(
    [PageCall time] => 18:50:40
    [P_TID] => INIMX_VBNKCAEcatca0720250330184755105367
    [P_MID] => CAEcatca07
    [P_AUTH_DT] => 20250330185040
    [P_STATUS] => 02
    [P_TYPE] => VBANK
    [P_OID] => 250330-009
    [P_FN_CD1] => 20
    [P_FN_CD2] => 
    [P_FN_NM] => 우리은행
    [P_AMT] => 3000
    [P_UNAME] => 조용택
    [P_RMESG1] => P_VACCT_NO=27388472118305|P_EXP_DT=20250409
    [P_RMESG2] => 
    [P_NOTI] => 
    [P_AUTH_NO] => 
)

 Array
(
    [PageCall time] => 19:40:29
    [P_TID] => INIMX_VBNKCAEcatca0720250330193435685256
    [P_MID] => CAEcatca07
    [P_AUTH_DT] => 20250330194029
    [P_STATUS] => 02
    [P_TYPE] => VBANK
    [P_OID] => 250329-001
    [P_FN_CD1] => 88
    [P_FN_CD2] => 
    [P_FN_NM] => 신한은행
    [P_AMT] => 3000
    [P_UNAME] => 김동식
    [P_RMESG1] => P_VACCT_NO=56211991842273|P_EXP_DT=20250409
    [P_RMESG2] => 
    [P_NOTI] => 
    [P_AUTH_NO] => 
)

 Array
(
    [PageCall time] => 19:41:13
    [P_TID] => INIMX_VBNKCAEcatca0720250330194021835288
    [P_MID] => CAEcatca07
    [P_AUTH_DT] => 20250330194113
    [P_STATUS] => 02
    [P_TYPE] => VBANK
    [P_OID] => 250330-010
    [P_FN_CD1] => 11
    [P_FN_CD2] => 
    [P_FN_NM] => NH농협은행
    [P_AMT] => 3000
    [P_UNAME] => 김정여
    [P_RMESG1] => P_VACCT_NO=79014509088540|P_EXP_DT=20250409
    [P_RMESG2] => 
    [P_NOTI] => 
    [P_AUTH_NO] => 
)

 Array
(
    [PageCall time] => 19:55:25
    [P_TID] => INIMX_VBNKCAEcatca0720250330195030355562
    [P_MID] => CAEcatca07
    [P_AUTH_DT] => 20250330195525
    [P_STATUS] => 02
    [P_TYPE] => VBANK
    [P_OID] => 250330-011
    [P_FN_CD1] => 11
    [P_FN_CD2] => 
    [P_FN_NM] => NH농협은행
    [P_AMT] => 3000
    [P_UNAME] => 권종호
    [P_RMESG1] => P_VACCT_NO=79014509089294|P_EXP_DT=20250409
    [P_RMESG2] => 
    [P_NOTI] => 
    [P_AUTH_NO] => 
)

 Array
(
    [PageCall time] => 20:16:13
    [P_TID] => INIMX_VBNKCAEcatca0720250330201507985072
    [P_MID] => CAEcatca07
    [P_AUTH_DT] => 20250330201613
    [P_STATUS] => 02
    [P_TYPE] => VBANK
    [P_OID] => 250330-013
    [P_FN_CD1] => 04
    [P_FN_CD2] => 
    [P_FN_NM] => KB국민은행
    [P_AMT] => 3000
    [P_UNAME] => 최찬기
    [P_RMESG1] => P_VACCT_NO=26119078736751|P_EXP_DT=20250409
    [P_RMESG2] => 
    [P_NOTI] => 
    [P_AUTH_NO] => 
)

 Array
(
    [PageCall time] => 20:18:01
    [P_TID] => INIMX_VBNKCAEcatca0720250330201522625950
    [P_MID] => CAEcatca07
    [P_AUTH_DT] => 20250330201801
    [P_STATUS] => 02
    [P_TYPE] => VBANK
    [P_OID] => 250330-012
    [P_FN_CD1] => 81
    [P_FN_CD2] => 
    [P_FN_NM] => 하나은행
    [P_AMT] => 3000
    [P_UNAME] => 함병준
    [P_RMESG1] => P_VACCT_NO=20894238613337|P_EXP_DT=20250409
    [P_RMESG2] => 
    [P_NOTI] => 
    [P_AUTH_NO] => 
)

