 Array
(
    [PageCall time] => 00:30:42
    [P_TID] => INIMX_VBNKCAEcatca0720260325234945314102
    [P_MID] => CAEcatca07
    [P_AUTH_DT] => 20260326003042
    [P_STATUS] => 02
    [P_TYPE] => VBANK
    [P_OID] => 260325-048
    [P_FN_CD1] => 04
    [P_FN_CD2] => 
    [P_FN_NM] => KB국민은행
    [P_AMT] => 3500
    [P_UNAME] => 천은정
    [P_RMESG1] => P_VACCT_NO=02539071556848|P_EXP_DT=20260404
    [P_RMESG2] => 
    [P_NOTI] => 
    [P_AUTH_NO] => 
)

 Array
(
    [PageCall time] => 06:05:52
    [P_TID] => INIMX_VBNKCAEcatca0720260326060252644438
    [P_MID] => CAEcatca07
    [P_AUTH_DT] => 20260326060552
    [P_STATUS] => 02
    [P_TYPE] => VBANK
    [P_OID] => 260325-001
    [P_FN_CD1] => 81
    [P_FN_CD2] => 
    [P_FN_NM] => 하나은행
    [P_AMT] => 3500
    [P_UNAME] => 진옥수
    [P_RMESG1] => P_VACCT_NO=20894262312437|P_EXP_DT=20260405
    [P_RMESG2] => 
    [P_NOTI] => 
    [P_AUTH_NO] => 
)

 Array
(
    [PageCall time] => 08:50:11
    [P_TID] => INIMX_VBNKCAEcatca0720260326084707604053
    [P_MID] => CAEcatca07
    [P_AUTH_DT] => 20260326085010
    [P_STATUS] => 02
    [P_TYPE] => VBANK
    [P_OID] => 260326-001
    [P_FN_CD1] => 04
    [P_FN_CD2] => 
    [P_FN_NM] => KB국민은행
    [P_AMT] => 3500
    [P_UNAME] => 서광일
    [P_RMESG1] => P_VACCT_NO=02539071560948|P_EXP_DT=20260405
    [P_RMESG2] => 
    [P_NOTI] => 
    [P_AUTH_NO] => 
)

 Array
(
    [PageCall time] => 09:07:21
    [P_TID] => INIMX_VBNKCAEcatca0720260326090439344152
    [P_MID] => CAEcatca07
    [P_AUTH_DT] => 20260326090720
    [P_STATUS] => 02
    [P_TYPE] => VBANK
    [P_OID] => 260326-002
    [P_FN_CD1] => 04
    [P_FN_CD2] => 
    [P_FN_NM] => KB국민은행
    [P_AMT] => 3500
    [P_UNAME] => 고병록
    [P_RMESG1] => P_VACCT_NO=02539071561680|P_EXP_DT=20260405
    [P_RMESG2] => 
    [P_NOTI] => 
    [P_AUTH_NO] => 
)

 Array
(
    [PageCall time] => 09:36:15
    [P_TID] => INIMX_VBNKCAEcatca0720260326093322034433
    [P_MID] => CAEcatca07
    [P_AUTH_DT] => 20260326093615
    [P_STATUS] => 02
    [P_TYPE] => VBANK
    [P_OID] => 260326-004
    [P_FN_CD1] => 88
    [P_FN_CD2] => 
    [P_FN_NM] => 신한은행
    [P_AMT] => 3500
    [P_UNAME] => 유홍식
    [P_RMESG1] => P_VACCT_NO=56211992714888|P_EXP_DT=20260405
    [P_RMESG2] => 
    [P_NOTI] => 
    [P_AUTH_NO] => 
)

 Array
(
    [PageCall time] => 10:03:28
    [P_TID] => INIMX_VBNKCAEcatca0720260326100215044708
    [P_MID] => CAEcatca07
    [P_AUTH_DT] => 20260326100328
    [P_STATUS] => 02
    [P_TYPE] => VBANK
    [P_OID] => 260326-006
    [P_FN_CD1] => 11
    [P_FN_CD2] => 
    [P_FN_NM] => NH농협은행
    [P_AMT] => 3500
    [P_UNAME] => 김은숙
    [P_RMESG1] => P_VACCT_NO=79010581036478|P_EXP_DT=20260405
    [P_RMESG2] => 
    [P_NOTI] => 
    [P_AUTH_NO] => 
)

 Array
(
    [PageCall time] => 10:29:28
    [P_TID] => INIMX_VBNKCAEcatca0720260326102831514633
    [P_MID] => CAEcatca07
    [P_AUTH_DT] => 20260326102928
    [P_STATUS] => 02
    [P_TYPE] => VBANK
    [P_OID] => 260325-020
    [P_FN_CD1] => 11
    [P_FN_CD2] => 
    [P_FN_NM] => NH농협은행
    [P_AMT] => 3500
    [P_UNAME] => 홍영미
    [P_RMESG1] => P_VACCT_NO=79010581039686|P_EXP_DT=20260405
    [P_RMESG2] => 
    [P_NOTI] => 
    [P_AUTH_NO] => 
)

 Array
(
    [PageCall time] => 10:30:24
    [P_TID] => INIMX_VBNKCAEcatca0720260326102925604294
    [P_MID] => CAEcatca07
    [P_AUTH_DT] => 20260326103024
    [P_STATUS] => 02
    [P_TYPE] => VBANK
    [P_OID] => 260326-007
    [P_FN_CD1] => 11
    [P_FN_CD2] => 
    [P_FN_NM] => NH농협은행
    [P_AMT] => 3500
    [P_UNAME] => 양해진
    [P_RMESG1] => P_VACCT_NO=79010581039730|P_EXP_DT=20260405
    [P_RMESG2] => 
    [P_NOTI] => 
    [P_AUTH_NO] => 
)

 Array
(
    [PageCall time] => 10:36:04
    [P_TID] => INIMX_VBNKCAEcatca0720260326103310694932
    [P_MID] => CAEcatca07
    [P_AUTH_DT] => 20260326103604
    [P_STATUS] => 02
    [P_TYPE] => VBANK
    [P_OID] => 260326-008
    [P_FN_CD1] => 03
    [P_FN_CD2] => 
    [P_FN_NM] => 기업은행
    [P_AMT] => 3500
    [P_UNAME] => 송병준
    [P_RMESG1] => P_VACCT_NO=07500610797368|P_EXP_DT=20260405
    [P_RMESG2] => 
    [P_NOTI] => 
    [P_AUTH_NO] => 
)

 Array
(
    [PageCall time] => 10:55:22
    [P_TID] => INIMX_VBNKCAEcatca0720260326105239114047
    [P_MID] => CAEcatca07
    [P_AUTH_DT] => 20260326105522
    [P_STATUS] => 02
    [P_TYPE] => VBANK
    [P_OID] => 260326-009
    [P_FN_CD1] => 03
    [P_FN_CD2] => 
    [P_FN_NM] => 기업은행
    [P_AMT] => 3500
    [P_UNAME] => 표홍순
    [P_RMESG1] => P_VACCT_NO=07500610897518|P_EXP_DT=20260405
    [P_RMESG2] => 
    [P_NOTI] => 
    [P_AUTH_NO] => 
)

 Array
(
    [PageCall time] => 10:59:18
    [P_TID] => INIMX_VBNKCAEcatca0720260326105813584477
    [P_MID] => CAEcatca07
    [P_AUTH_DT] => 20260326105918
    [P_STATUS] => 02
    [P_TYPE] => VBANK
    [P_OID] => 260326-011
    [P_FN_CD1] => 11
    [P_FN_CD2] => 
    [P_FN_NM] => NH농협은행
    [P_AMT] => 3500
    [P_UNAME] => 김정아
    [P_RMESG1] => P_VACCT_NO=79010581044372|P_EXP_DT=20260405
    [P_RMESG2] => 
    [P_NOTI] => 
    [P_AUTH_NO] => 
)

 Array
(
    [PageCall time] => 11:08:28
    [P_TID] => INIMX_VBNKCAEcatca0720260326110551534082
    [P_MID] => CAEcatca07
    [P_AUTH_DT] => 20260326110827
    [P_STATUS] => 02
    [P_TYPE] => VBANK
    [P_OID] => 260326-012
    [P_FN_CD1] => 04
    [P_FN_CD2] => 
    [P_FN_NM] => KB국민은행
    [P_AMT] => 3500
    [P_UNAME] => 고은정
    [P_RMESG1] => P_VACCT_NO=02539071570701|P_EXP_DT=20260405
    [P_RMESG2] => 
    [P_NOTI] => 
    [P_AUTH_NO] => 
)

 Array
(
    [PageCall time] => 11:55:34
    [P_TID] => INIMX_VBNKCAEcatca0720260326115240814511
    [P_MID] => CAEcatca07
    [P_AUTH_DT] => 20260326115534
    [P_STATUS] => 02
    [P_TYPE] => VBANK
    [P_OID] => 260321-003
    [P_FN_CD1] => 04
    [P_FN_CD2] => 
    [P_FN_NM] => KB국민은행
    [P_AMT] => 3500
    [P_UNAME] => 서다송
    [P_RMESG1] => P_VACCT_NO=02539071576493|P_EXP_DT=20260405
    [P_RMESG2] => 
    [P_NOTI] => 
    [P_AUTH_NO] => 
)

 Array
(
    [PageCall time] => 11:56:21
    [P_TID] => INIMX_VBNKCAEcatca0720260326115356144930
    [P_MID] => CAEcatca07
    [P_AUTH_DT] => 20260326115621
    [P_STATUS] => 02
    [P_TYPE] => VBANK
    [P_OID] => 260321-004
    [P_FN_CD1] => 04
    [P_FN_CD2] => 
    [P_FN_NM] => KB국민은행
    [P_AMT] => 3500
    [P_UNAME] => 서다송
    [P_RMESG1] => P_VACCT_NO=02539071576592|P_EXP_DT=20260405
    [P_RMESG2] => 
    [P_NOTI] => 
    [P_AUTH_NO] => 
)

 Array
(
    [PageCall time] => 12:38:52
    [P_TID] => INIMX_VBNKCAEcatca0720260326123622794055
    [P_MID] => CAEcatca07
    [P_AUTH_DT] => 20260326123852
    [P_STATUS] => 02
    [P_TYPE] => VBANK
    [P_OID] => 260326-015
    [P_FN_CD1] => 88
    [P_FN_CD2] => 
    [P_FN_NM] => 신한은행
    [P_AMT] => 3500
    [P_UNAME] => 나효원
    [P_RMESG1] => P_VACCT_NO=56211992736136|P_EXP_DT=20260405
    [P_RMESG2] => 
    [P_NOTI] => 
    [P_AUTH_NO] => 
)

 Array
(
    [PageCall time] => 12:57:10
    [P_TID] => INIMX_VBNKCAEcatca0720260326125352514997
    [P_MID] => CAEcatca07
    [P_AUTH_DT] => 20260326125710
    [P_STATUS] => 02
    [P_TYPE] => VBANK
    [P_OID] => 260326-014
    [P_FN_CD1] => 03
    [P_FN_CD2] => 
    [P_FN_NM] => 기업은행
    [P_AMT] => 3500
    [P_UNAME] => 김재형
    [P_RMESG1] => P_VACCT_NO=07500611497321|P_EXP_DT=20260405
    [P_RMESG2] => 
    [P_NOTI] => 
    [P_AUTH_NO] => 
)

 Array
(
    [PageCall time] => 13:29:22
    [P_TID] => INIMX_VBNKCAEcatca0720260326132556725064
    [P_MID] => CAEcatca07
    [P_AUTH_DT] => 20260326132922
    [P_STATUS] => 02
    [P_TYPE] => VBANK
    [P_OID] => 260325-034
    [P_FN_CD1] => 20
    [P_FN_CD2] => 
    [P_FN_NM] => 우리은행
    [P_AMT] => 3500
    [P_UNAME] => 박수영
    [P_RMESG1] => P_VACCT_NO=32823656718401|P_EXP_DT=20260405
    [P_RMESG2] => 
    [P_NOTI] => 
    [P_AUTH_NO] => 
)

 Array
(
    [PageCall time] => 13:29:49
    [P_TID] => INIMX_VBNKCAEcatca0720260326132736624650
    [P_MID] => CAEcatca07
    [P_AUTH_DT] => 20260326132949
    [P_STATUS] => 02
    [P_TYPE] => VBANK
    [P_OID] => 260326-016
    [P_FN_CD1] => 11
    [P_FN_CD2] => 
    [P_FN_NM] => NH농협은행
    [P_AMT] => 3500
    [P_UNAME] => 임영미
    [P_RMESG1] => P_VACCT_NO=79010581064840|P_EXP_DT=20260405
    [P_RMESG2] => 
    [P_NOTI] => 
    [P_AUTH_NO] => 
)

 Array
(
    [PageCall time] => 13:50:00
    [P_TID] => INIMX_VBNKCAEcatca0720260326134705834192
    [P_MID] => CAEcatca07
    [P_AUTH_DT] => 20260326135000
    [P_STATUS] => 02
    [P_TYPE] => VBANK
    [P_OID] => 260326-018
    [P_FN_CD1] => 04
    [P_FN_CD2] => 
    [P_FN_NM] => KB국민은행
    [P_AMT] => 3500
    [P_UNAME] => 황호석
    [P_RMESG1] => P_VACCT_NO=02539071584166|P_EXP_DT=20260405
    [P_RMESG2] => 
    [P_NOTI] => 
    [P_AUTH_NO] => 
)

 Array
(
    [PageCall time] => 13:56:05
    [P_TID] => INIMX_VBNKCAEcatca0720260326135330984067
    [P_MID] => CAEcatca07
    [P_AUTH_DT] => 20260326135605
    [P_STATUS] => 02
    [P_TYPE] => VBANK
    [P_OID] => 260326-019
    [P_FN_CD1] => 88
    [P_FN_CD2] => 
    [P_FN_NM] => 신한은행
    [P_AMT] => 3500
    [P_UNAME] => 김학기
    [P_RMESG1] => P_VACCT_NO=56211992740578|P_EXP_DT=20260405
    [P_RMESG2] => 
    [P_NOTI] => 
    [P_AUTH_NO] => 
)

 Array
(
    [PageCall time] => 14:09:43
    [P_TID] => INIMX_VBNKCAEcatca0720260326140804725212
    [P_MID] => CAEcatca07
    [P_AUTH_DT] => 20260326140943
    [P_STATUS] => 02
    [P_TYPE] => VBANK
    [P_OID] => 260326-020
    [P_FN_CD1] => 11
    [P_FN_CD2] => 
    [P_FN_NM] => NH농협은행
    [P_AMT] => 3500
    [P_UNAME] => 노현영
    [P_RMESG1] => P_VACCT_NO=79014409173157|P_EXP_DT=20260405
    [P_RMESG2] => 
    [P_NOTI] => 
    [P_AUTH_NO] => 
)

 Array
(
    [PageCall time] => 15:16:12
    [P_TID] => INIMX_VBNKCAEcatca0720260326151516695596
    [P_MID] => CAEcatca07
    [P_AUTH_DT] => 20260326151612
    [P_STATUS] => 02
    [P_TYPE] => VBANK
    [P_OID] => 260326-023
    [P_FN_CD1] => 11
    [P_FN_CD2] => 
    [P_FN_NM] => NH농협은행
    [P_AMT] => 3500
    [P_UNAME] => 김재완
    [P_RMESG1] => P_VACCT_NO=79014409181490|P_EXP_DT=20260405
    [P_RMESG2] => 
    [P_NOTI] => 
    [P_AUTH_NO] => 
)

 Array
(
    [PageCall time] => 16:32:20
    [P_TID] => INIMX_VBNKCAEcatca0720260326162933555383
    [P_MID] => CAEcatca07
    [P_AUTH_DT] => 20260326163220
    [P_STATUS] => 02
    [P_TYPE] => VBANK
    [P_OID] => 260326-026
    [P_FN_CD1] => 20
    [P_FN_CD2] => 
    [P_FN_NM] => 우리은행
    [P_AMT] => 3500
    [P_UNAME] => 유한중
    [P_RMESG1] => P_VACCT_NO=32823667218810|P_EXP_DT=20260405
    [P_RMESG2] => 
    [P_NOTI] => 
    [P_AUTH_NO] => 
)

 Array
(
    [PageCall time] => 16:37:19
    [P_TID] => INIMX_VBNKCAEcatca0720260326163328485107
    [P_MID] => CAEcatca07
    [P_AUTH_DT] => 20260326163719
    [P_STATUS] => 02
    [P_TYPE] => VBANK
    [P_OID] => 260326-027
    [P_FN_CD1] => 11
    [P_FN_CD2] => 
    [P_FN_NM] => NH농협은행
    [P_AMT] => 3500
    [P_UNAME] => 최숙경
    [P_RMESG1] => P_VACCT_NO=79014409193697|P_EXP_DT=20260405
    [P_RMESG2] => 
    [P_NOTI] => 
    [P_AUTH_NO] => 
)

 Array
(
    [PageCall time] => 16:45:54
    [P_TID] => INIMX_VBNKCAEcatca0720260326164327705526
    [P_MID] => CAEcatca07
    [P_AUTH_DT] => 20260326164553
    [P_STATUS] => 02
    [P_TYPE] => VBANK
    [P_OID] => 260326-024
    [P_FN_CD1] => 03
    [P_FN_CD2] => 
    [P_FN_NM] => 기업은행
    [P_AMT] => 3500
    [P_UNAME] => 맹주환
    [P_RMESG1] => P_VACCT_NO=07502295097739|P_EXP_DT=20260405
    [P_RMESG2] => 
    [P_NOTI] => 
    [P_AUTH_NO] => 
)

 Array
(
    [PageCall time] => 17:01:55
    [P_TID] => INIMX_VBNKCAEcatca0720260326170025555917
    [P_MID] => CAEcatca07
    [P_AUTH_DT] => 20260326170155
    [P_STATUS] => 02
    [P_TYPE] => VBANK
    [P_OID] => 260326-028
    [P_FN_CD1] => 11
    [P_FN_CD2] => 
    [P_FN_NM] => NH농협은행
    [P_AMT] => 3500
    [P_UNAME] => 김미옥
    [P_RMESG1] => P_VACCT_NO=79014409197757|P_EXP_DT=20260405
    [P_RMESG2] => 
    [P_NOTI] => 
    [P_AUTH_NO] => 
)

 Array
(
    [PageCall time] => 17:10:09
    [P_TID] => INIMX_VBNKCAEcatca0720260326170651025082
    [P_MID] => CAEcatca07
    [P_AUTH_DT] => 20260326171009
    [P_STATUS] => 02
    [P_TYPE] => VBANK
    [P_OID] => 260326-029
    [P_FN_CD1] => 32
    [P_FN_CD2] => 
    [P_FN_NM] => 부산은행
    [P_AMT] => 3500
    [P_UNAME] => 김보상
    [P_RMESG1] => P_VACCT_NO=109924816425|P_EXP_DT=20260405
    [P_RMESG2] => 
    [P_NOTI] => 
    [P_AUTH_NO] => 
)

 Array
(
    [PageCall time] => 17:41:06
    [P_TID] => INIMX_VBNKCAEcatca0720260326173934905588
    [P_MID] => CAEcatca07
    [P_AUTH_DT] => 20260326174105
    [P_STATUS] => 02
    [P_TYPE] => VBANK
    [P_OID] => 260326-031
    [P_FN_CD1] => 71
    [P_FN_CD2] => 
    [P_FN_NM] => 우체국
    [P_AMT] => 3500
    [P_UNAME] => 정용섭
    [P_RMESG1] => P_VACCT_NO=01398781697556|P_EXP_DT=20260405
    [P_RMESG2] => 
    [P_NOTI] => 
    [P_AUTH_NO] => 
)

 Array
(
    [PageCall time] => 18:30:14
    [P_TID] => INIMX_VBNKCAEcatca0720260326182731465566
    [P_MID] => CAEcatca07
    [P_AUTH_DT] => 20260326183014
    [P_STATUS] => 02
    [P_TYPE] => VBANK
    [P_OID] => 260326-032
    [P_FN_CD1] => 34
    [P_FN_CD2] => 
    [P_FN_NM] => 광주은행
    [P_AMT] => 3500
    [P_UNAME] => 김희구
    [P_RMESG1] => P_VACCT_NO=810865377734|P_EXP_DT=20260405
    [P_RMESG2] => 
    [P_NOTI] => 
    [P_AUTH_NO] => 
)

 Array
(
    [PageCall time] => 19:24:26
    [P_TID] => INIMX_VBNKCAEcatca0720260326192110325913
    [P_MID] => CAEcatca07
    [P_AUTH_DT] => 20260326192426
    [P_STATUS] => 02
    [P_TYPE] => VBANK
    [P_OID] => 260326-033
    [P_FN_CD1] => 88
    [P_FN_CD2] => 
    [P_FN_NM] => 신한은행
    [P_AMT] => 3500
    [P_UNAME] => 천금주
    [P_RMESG1] => P_VACCT_NO=56211106007772|P_EXP_DT=20260405
    [P_RMESG2] => 
    [P_NOTI] => 
    [P_AUTH_NO] => 
)

 Array
(
    [PageCall time] => 22:18:40
    [P_TID] => INIMX_VBNKCAEcatca0720260326221556215058
    [P_MID] => CAEcatca07
    [P_AUTH_DT] => 20260326221840
    [P_STATUS] => 02
    [P_TYPE] => VBANK
    [P_OID] => 260326-036
    [P_FN_CD1] => 04
    [P_FN_CD2] => 
    [P_FN_NM] => KB국민은행
    [P_AMT] => 3500
    [P_UNAME] => 강윤기
    [P_RMESG1] => P_VACCT_NO=87839011683425|P_EXP_DT=20260405
    [P_RMESG2] => 
    [P_NOTI] => 
    [P_AUTH_NO] => 
)

