 Array
(
    [PageCall time] => 01:33:30
    [P_TID] => INIMX_VBNKCAEcatca0720260104013023675595
    [P_MID] => CAEcatca07
    [P_AUTH_DT] => 20260104013330
    [P_STATUS] => 02
    [P_TYPE] => VBANK
    [P_OID] => 260104-001
    [P_FN_CD1] => 20
    [P_FN_CD2] => 
    [P_FN_NM] => 우리은행
    [P_AMT] => 3000
    [P_UNAME] => 조성희
    [P_RMESG1] => P_VACCT_NO=27488888118761|P_EXP_DT=20260114
    [P_RMESG2] => 
    [P_NOTI] => 
    [P_AUTH_NO] => 
)

 Array
(
    [PageCall time] => 08:39:03
    [P_TID] => INIMX_VBNKCAEcatca0720260104083716605991
    [P_MID] => CAEcatca07
    [P_AUTH_DT] => 20260104083902
    [P_STATUS] => 02
    [P_TYPE] => VBANK
    [P_OID] => 260104-004
    [P_FN_CD1] => 11
    [P_FN_CD2] => 
    [P_FN_NM] => NH농협은행
    [P_AMT] => 3000
    [P_UNAME] => 황동현
    [P_RMESG1] => P_VACCT_NO=79010588816866|P_EXP_DT=20260114
    [P_RMESG2] => 
    [P_NOTI] => 
    [P_AUTH_NO] => 
)

 Array
(
    [PageCall time] => 08:59:06
    [P_TID] => INIMX_VBNKCAEcatca0720260104085605575507
    [P_MID] => CAEcatca07
    [P_AUTH_DT] => 20260104085906
    [P_STATUS] => 02
    [P_TYPE] => VBANK
    [P_OID] => 260104-005
    [P_FN_CD1] => 03
    [P_FN_CD2] => 
    [P_FN_NM] => 기업은행
    [P_AMT] => 3000
    [P_UNAME] => 김순화
    [P_RMESG1] => P_VACCT_NO=07500604397601|P_EXP_DT=20260114
    [P_RMESG2] => 
    [P_NOTI] => 
    [P_AUTH_NO] => 
)

 Array
(
    [PageCall time] => 09:04:10
    [P_TID] => INIMX_VBNKCAEcatca0720260104090118075313
    [P_MID] => CAEcatca07
    [P_AUTH_DT] => 20260104090410
    [P_STATUS] => 02
    [P_TYPE] => VBANK
    [P_OID] => 260104-002
    [P_FN_CD1] => 88
    [P_FN_CD2] => 
    [P_FN_NM] => 신한은행
    [P_AMT] => 3000
    [P_UNAME] => 박철
    [P_RMESG1] => P_VACCT_NO=56211992190027|P_EXP_DT=20260114
    [P_RMESG2] => 
    [P_NOTI] => 
    [P_AUTH_NO] => 
)

 Array
(
    [PageCall time] => 09:44:29
    [P_TID] => INIMX_VBNKCAEcatca0720260104093959335740
    [P_MID] => CAEcatca07
    [P_AUTH_DT] => 20260104094429
    [P_STATUS] => 02
    [P_TYPE] => VBANK
    [P_OID] => 260104-006
    [P_FN_CD1] => 03
    [P_FN_CD2] => 
    [P_FN_NM] => 기업은행
    [P_AMT] => 3000
    [P_UNAME] => 박지훈
    [P_RMESG1] => P_VACCT_NO=07503420497612|P_EXP_DT=20260114
    [P_RMESG2] => 
    [P_NOTI] => 
    [P_AUTH_NO] => 
)

 Array
(
    [PageCall time] => 10:07:18
    [P_TID] => INIMX_VBNKCAEcatca0720260104100412325378
    [P_MID] => CAEcatca07
    [P_AUTH_DT] => 20260104100718
    [P_STATUS] => 02
    [P_TYPE] => VBANK
    [P_OID] => 260104-007
    [P_FN_CD1] => 04
    [P_FN_CD2] => 
    [P_FN_NM] => KB국민은행
    [P_AMT] => 3000
    [P_UNAME] => 전미애
    [P_RMESG1] => P_VACCT_NO=53209079356557|P_EXP_DT=20260114
    [P_RMESG2] => 
    [P_NOTI] => 
    [P_AUTH_NO] => 
)

 Array
(
    [PageCall time] => 10:44:27
    [P_TID] => INIMX_VBNKCAEcatca0720260104104152505324
    [P_MID] => CAEcatca07
    [P_AUTH_DT] => 20260104104427
    [P_STATUS] => 02
    [P_TYPE] => VBANK
    [P_OID] => 260104-008
    [P_FN_CD1] => 04
    [P_FN_CD2] => 
    [P_FN_NM] => KB국민은행
    [P_AMT] => 3000
    [P_UNAME] => 최윤
    [P_RMESG1] => P_VACCT_NO=58129079257841|P_EXP_DT=20260114
    [P_RMESG2] => 
    [P_NOTI] => 
    [P_AUTH_NO] => 
)

 Array
(
    [PageCall time] => 11:30:53
    [P_TID] => INIMX_VBNKCAEcatca0720260104112753695893
    [P_MID] => CAEcatca07
    [P_AUTH_DT] => 20260104113053
    [P_STATUS] => 02
    [P_TYPE] => VBANK
    [P_OID] => 260104-009
    [P_FN_CD1] => 81
    [P_FN_CD2] => 
    [P_FN_NM] => 하나은행
    [P_AMT] => 3000
    [P_UNAME] => 송인태
    [P_RMESG1] => P_VACCT_NO=20893865687937|P_EXP_DT=20260114
    [P_RMESG2] => 
    [P_NOTI] => 
    [P_AUTH_NO] => 
)

 Array
(
    [PageCall time] => 11:48:50
    [P_TID] => INIMX_VBNKCAEcatca0720260104114454575211
    [P_MID] => CAEcatca07
    [P_AUTH_DT] => 20260104114850
    [P_STATUS] => 02
    [P_TYPE] => VBANK
    [P_OID] => 260104-010
    [P_FN_CD1] => 11
    [P_FN_CD2] => 
    [P_FN_NM] => NH농협은행
    [P_AMT] => 3000
    [P_UNAME] => 김수경
    [P_RMESG1] => P_VACCT_NO=79010588829733|P_EXP_DT=20260114
    [P_RMESG2] => 
    [P_NOTI] => 
    [P_AUTH_NO] => 
)

 Array
(
    [PageCall time] => 12:40:43
    [P_TID] => INIMX_VBNKCAEcatca0720260104123531835253
    [P_MID] => CAEcatca07
    [P_AUTH_DT] => 20260104124043
    [P_STATUS] => 02
    [P_TYPE] => VBANK
    [P_OID] => 260104-011
    [P_FN_CD1] => 04
    [P_FN_CD2] => 
    [P_FN_NM] => KB국민은행
    [P_AMT] => 3000
    [P_UNAME] => 오미숙
    [P_RMESG1] => P_VACCT_NO=00289071074640|P_EXP_DT=20260114
    [P_RMESG2] => 
    [P_NOTI] => 
    [P_AUTH_NO] => 
)

 Array
(
    [PageCall time] => 13:49:39
    [P_TID] => INIMX_VBNKCAEcatca0720260104134639125586
    [P_MID] => CAEcatca07
    [P_AUTH_DT] => 20260104134939
    [P_STATUS] => 02
    [P_TYPE] => VBANK
    [P_OID] => 260104-012
    [P_FN_CD1] => 88
    [P_FN_CD2] => 
    [P_FN_NM] => 신한은행
    [P_AMT] => 3000
    [P_UNAME] => 한수진
    [P_RMESG1] => P_VACCT_NO=56211992200094|P_EXP_DT=20260114
    [P_RMESG2] => 
    [P_NOTI] => 
    [P_AUTH_NO] => 
)

 Array
(
    [PageCall time] => 14:31:45
    [P_TID] => INIMX_VBNKCAEcatca0720260104142620805236
    [P_MID] => CAEcatca07
    [P_AUTH_DT] => 20260104143145
    [P_STATUS] => 02
    [P_TYPE] => VBANK
    [P_OID] => 260104-014
    [P_FN_CD1] => 03
    [P_FN_CD2] => 
    [P_FN_NM] => 기업은행
    [P_AMT] => 3000
    [P_UNAME] => 배상수
    [P_RMESG1] => P_VACCT_NO=07503421097351|P_EXP_DT=20260114
    [P_RMESG2] => 
    [P_NOTI] => 
    [P_AUTH_NO] => 
)

 Array
(
    [PageCall time] => 15:44:00
    [P_TID] => INIMX_VBNKCAEcatca0720260104154128945731
    [P_MID] => CAEcatca07
    [P_AUTH_DT] => 20260104154400
    [P_STATUS] => 02
    [P_TYPE] => VBANK
    [P_OID] => 260104-015
    [P_FN_CD1] => 04
    [P_FN_CD2] => 
    [P_FN_NM] => KB국민은행
    [P_AMT] => 3000
    [P_UNAME] => 강건호
    [P_RMESG1] => P_VACCT_NO=96309078310710|P_EXP_DT=20260114
    [P_RMESG2] => 
    [P_NOTI] => 
    [P_AUTH_NO] => 
)

 Array
(
    [PageCall time] => 16:22:47
    [P_TID] => INIMX_VBNKCAEcatca0720260104161929695340
    [P_MID] => CAEcatca07
    [P_AUTH_DT] => 20260104162247
    [P_STATUS] => 02
    [P_TYPE] => VBANK
    [P_OID] => 260104-013
    [P_FN_CD1] => 88
    [P_FN_CD2] => 
    [P_FN_NM] => 신한은행
    [P_AMT] => 3000
    [P_UNAME] => 정이순
    [P_RMESG1] => P_VACCT_NO=56211992208359|P_EXP_DT=20260114
    [P_RMESG2] => 
    [P_NOTI] => 
    [P_AUTH_NO] => 
)

 Array
(
    [PageCall time] => 17:08:39
    [P_TID] => INIMX_VBNKCAEcatca0720260104170317615163
    [P_MID] => CAEcatca07
    [P_AUTH_DT] => 20260104170839
    [P_STATUS] => 02
    [P_TYPE] => VBANK
    [P_OID] => 260104-017
    [P_FN_CD1] => 88
    [P_FN_CD2] => 
    [P_FN_NM] => 신한은행
    [P_AMT] => 3000
    [P_UNAME] => 이경철
    [P_RMESG1] => P_VACCT_NO=56211992210507|P_EXP_DT=20260114
    [P_RMESG2] => 
    [P_NOTI] => 
    [P_AUTH_NO] => 
)

 Array
(
    [PageCall time] => 18:03:34
    [P_TID] => INIMX_VBNKCAEcatca0720260104180100515154
    [P_MID] => CAEcatca07
    [P_AUTH_DT] => 20260104180334
    [P_STATUS] => 02
    [P_TYPE] => VBANK
    [P_OID] => 260104-018
    [P_FN_CD1] => 04
    [P_FN_CD2] => 
    [P_FN_NM] => KB국민은행
    [P_AMT] => 3000
    [P_UNAME] => 채준수
    [P_RMESG1] => P_VACCT_NO=60519014390397|P_EXP_DT=20260114
    [P_RMESG2] => 
    [P_NOTI] => 
    [P_AUTH_NO] => 
)

 Array
(
    [PageCall time] => 18:13:00
    [P_TID] => INIMX_VBNKCAEcatca0720260104181010565129
    [P_MID] => CAEcatca07
    [P_AUTH_DT] => 20260104181300
    [P_STATUS] => 02
    [P_TYPE] => VBANK
    [P_OID] => 260104-019
    [P_FN_CD1] => 32
    [P_FN_CD2] => 
    [P_FN_NM] => 부산은행
    [P_AMT] => 3000
    [P_UNAME] => 이정선
    [P_RMESG1] => P_VACCT_NO=109924490461|P_EXP_DT=20260114
    [P_RMESG2] => 
    [P_NOTI] => 
    [P_AUTH_NO] => 
)

 Array
(
    [PageCall time] => 18:21:13
    [P_TID] => INIMX_VBNKCAEcatca0720260104181831335537
    [P_MID] => CAEcatca07
    [P_AUTH_DT] => 20260104182113
    [P_STATUS] => 02
    [P_TYPE] => VBANK
    [P_OID] => 260104-020
    [P_FN_CD1] => 04
    [P_FN_CD2] => 
    [P_FN_NM] => KB국민은행
    [P_AMT] => 3000
    [P_UNAME] => 김현승
    [P_RMESG1] => P_VACCT_NO=60519014391873|P_EXP_DT=20260114
    [P_RMESG2] => 
    [P_NOTI] => 
    [P_AUTH_NO] => 
)

 Array
(
    [PageCall time] => 21:19:14
    [P_TID] => INIMX_VBNKCAEcatca0720260104211626185285
    [P_MID] => CAEcatca07
    [P_AUTH_DT] => 20260104211914
    [P_STATUS] => 02
    [P_TYPE] => VBANK
    [P_OID] => 260104-021
    [P_FN_CD1] => 88
    [P_FN_CD2] => 
    [P_FN_NM] => 신한은행
    [P_AMT] => 3000
    [P_UNAME] => 한혜은
    [P_RMESG1] => P_VACCT_NO=56211992224289|P_EXP_DT=20260114
    [P_RMESG2] => 
    [P_NOTI] => 
    [P_AUTH_NO] => 
)

 Array
(
    [PageCall time] => 23:02:47
    [P_TID] => INIMX_VBNKCAEcatca0720260104230006965903
    [P_MID] => CAEcatca07
    [P_AUTH_DT] => 20260104230247
    [P_STATUS] => 02
    [P_TYPE] => VBANK
    [P_OID] => 260104-022
    [P_FN_CD1] => 04
    [P_FN_CD2] => 
    [P_FN_NM] => KB국민은행
    [P_AMT] => 3000
    [P_UNAME] => 백지혜
    [P_RMESG1] => P_VACCT_NO=60519014418864|P_EXP_DT=20260114
    [P_RMESG2] => 
    [P_NOTI] => 
    [P_AUTH_NO] => 
)

