 Array
(
    [PageCall time] => 07:06:39
    [P_TID] => INIMX_VBNKCAEcatca0720250613070350945764
    [P_MID] => CAEcatca07
    [P_AUTH_DT] => 20250613070639
    [P_STATUS] => 02
    [P_TYPE] => VBANK
    [P_OID] => 250531-008
    [P_FN_CD1] => 88
    [P_FN_CD2] => 
    [P_FN_NM] => 신한은행
    [P_AMT] => 3000
    [P_UNAME] => 양은정
    [P_RMESG1] => P_VACCT_NO=56211991316595|P_EXP_DT=20250623
    [P_RMESG2] => 
    [P_NOTI] => 
    [P_AUTH_NO] => 
)

 Array
(
    [PageCall time] => 07:49:31
    [P_TID] => INIMX_VBNKCAEcatca0720250613074643375813
    [P_MID] => CAEcatca07
    [P_AUTH_DT] => 20250613074931
    [P_STATUS] => 02
    [P_TYPE] => VBANK
    [P_OID] => 250613-003
    [P_FN_CD1] => 88
    [P_FN_CD2] => 
    [P_FN_NM] => 신한은행
    [P_AMT] => 3000
    [P_UNAME] => 박은정
    [P_RMESG1] => P_VACCT_NO=56211106528872|P_EXP_DT=20250623
    [P_RMESG2] => 
    [P_NOTI] => 
    [P_AUTH_NO] => 
)

 Array
(
    [PageCall time] => 09:44:10
    [P_TID] => INIMX_VBNKCAEcatca0720250613094110145848
    [P_MID] => CAEcatca07
    [P_AUTH_DT] => 20250613094410
    [P_STATUS] => 02
    [P_TYPE] => VBANK
    [P_OID] => 250613-004
    [P_FN_CD1] => 81
    [P_FN_CD2] => 
    [P_FN_NM] => 하나은행
    [P_AMT] => 3000
    [P_UNAME] => 이성규
    [P_RMESG1] => P_VACCT_NO=20894081584937|P_EXP_DT=20250623
    [P_RMESG2] => 
    [P_NOTI] => 
    [P_AUTH_NO] => 
)

 Array
(
    [PageCall time] => 10:13:52
    [P_TID] => INIMX_VBNKCAEcatca0720250613101315365441
    [P_MID] => CAEcatca07
    [P_AUTH_DT] => 20250613101352
    [P_STATUS] => 02
    [P_TYPE] => VBANK
    [P_OID] => 250613-007
    [P_FN_CD1] => 04
    [P_FN_CD2] => 
    [P_FN_NM] => KB국민은행
    [P_AMT] => 3000
    [P_UNAME] => 조이현
    [P_RMESG1] => P_VACCT_NO=26159078292516|P_EXP_DT=20250623
    [P_RMESG2] => 
    [P_NOTI] => 
    [P_AUTH_NO] => 
)

 Array
(
    [PageCall time] => 10:29:20
    [P_TID] => INIMX_VBNKCAEcatca0720250613102544995805
    [P_MID] => CAEcatca07
    [P_AUTH_DT] => 20250613102920
    [P_STATUS] => 02
    [P_TYPE] => VBANK
    [P_OID] => 250613-008
    [P_FN_CD1] => 20
    [P_FN_CD2] => 
    [P_FN_NM] => 우리은행
    [P_AMT] => 3000
    [P_UNAME] => 권순교
    [P_RMESG1] => P_VACCT_NO=27491297918671|P_EXP_DT=20250623
    [P_RMESG2] => 
    [P_NOTI] => 
    [P_AUTH_NO] => 
)

 Array
(
    [PageCall time] => 10:31:36
    [P_TID] => INIMX_VBNKCAEcatca0720250613103026965887
    [P_MID] => CAEcatca07
    [P_AUTH_DT] => 20250613103135
    [P_STATUS] => 02
    [P_TYPE] => VBANK
    [P_OID] => 250613-006
    [P_FN_CD1] => 04
    [P_FN_CD2] => 
    [P_FN_NM] => KB국민은행
    [P_AMT] => 3000
    [P_UNAME] => 류명혜
    [P_RMESG1] => P_VACCT_NO=26159078300882|P_EXP_DT=20250623
    [P_RMESG2] => 
    [P_NOTI] => 
    [P_AUTH_NO] => 
)

 Array
(
    [PageCall time] => 11:07:42
    [P_TID] => INIMX_VBNKCAEcatca0720250613110506355671
    [P_MID] => CAEcatca07
    [P_AUTH_DT] => 20250613110742
    [P_STATUS] => 02
    [P_TYPE] => VBANK
    [P_OID] => 250613-010
    [P_FN_CD1] => 88
    [P_FN_CD2] => 
    [P_FN_NM] => 신한은행
    [P_AMT] => 3000
    [P_UNAME] => 강지현
    [P_RMESG1] => P_VACCT_NO=56211104598708|P_EXP_DT=20250623
    [P_RMESG2] => 
    [P_NOTI] => 
    [P_AUTH_NO] => 
)

 Array
(
    [PageCall time] => 11:18:37
    [P_TID] => INIMX_VBNKCAEcatca0720250613111601195862
    [P_MID] => CAEcatca07
    [P_AUTH_DT] => 20250613111837
    [P_STATUS] => 02
    [P_TYPE] => VBANK
    [P_OID] => 250613-011
    [P_FN_CD1] => 88
    [P_FN_CD2] => 
    [P_FN_NM] => 신한은행
    [P_AMT] => 3000
    [P_UNAME] => 김영시
    [P_RMESG1] => P_VACCT_NO=56211104599787|P_EXP_DT=20250623
    [P_RMESG2] => 
    [P_NOTI] => 
    [P_AUTH_NO] => 
)

 Array
(
    [PageCall time] => 11:50:52
    [P_TID] => INIMX_VBNKCAEcatca0720250613115016575316
    [P_MID] => CAEcatca07
    [P_AUTH_DT] => 20250613115052
    [P_STATUS] => 02
    [P_TYPE] => VBANK
    [P_OID] => 250613-013
    [P_FN_CD1] => 04
    [P_FN_CD2] => 
    [P_FN_NM] => KB국민은행
    [P_AMT] => 3000
    [P_UNAME] => 박미정
    [P_RMESG1] => P_VACCT_NO=26159078346266|P_EXP_DT=20250623
    [P_RMESG2] => 
    [P_NOTI] => 
    [P_AUTH_NO] => 
)

 Array
(
    [PageCall time] => 12:24:10
    [P_TID] => INIMX_VBNKCAEcatca0720250613122312135512
    [P_MID] => CAEcatca07
    [P_AUTH_DT] => 20250613122410
    [P_STATUS] => 02
    [P_TYPE] => VBANK
    [P_OID] => 250613-014
    [P_FN_CD1] => 11
    [P_FN_CD2] => 
    [P_FN_NM] => NH농협은행
    [P_AMT] => 3000
    [P_UNAME] => 김선미
    [P_RMESG1] => P_VACCT_NO=79010588219610|P_EXP_DT=20250623
    [P_RMESG2] => 
    [P_NOTI] => 
    [P_AUTH_NO] => 
)

 Array
(
    [PageCall time] => 12:38:37
    [P_TID] => INIMX_VBNKCAEcatca0720250613123426905773
    [P_MID] => CAEcatca07
    [P_AUTH_DT] => 20250613123837
    [P_STATUS] => 02
    [P_TYPE] => VBANK
    [P_OID] => 250612-034
    [P_FN_CD1] => 88
    [P_FN_CD2] => 
    [P_FN_NM] => 신한은행
    [P_AMT] => 3000
    [P_UNAME] => 전승희
    [P_RMESG1] => P_VACCT_NO=56211104605512|P_EXP_DT=20250623
    [P_RMESG2] => 
    [P_NOTI] => 
    [P_AUTH_NO] => 
)

 Array
(
    [PageCall time] => 13:00:19
    [P_TID] => INIMX_VBNKCAEcatca0720250613125926725464
    [P_MID] => CAEcatca07
    [P_AUTH_DT] => 20250613130019
    [P_STATUS] => 02
    [P_TYPE] => VBANK
    [P_OID] => 250613-001
    [P_FN_CD1] => 04
    [P_FN_CD2] => 
    [P_FN_NM] => KB국민은행
    [P_AMT] => 3000
    [P_UNAME] => 곽정란
    [P_RMESG1] => P_VACCT_NO=26159078373590|P_EXP_DT=20250623
    [P_RMESG2] => 
    [P_NOTI] => 
    [P_AUTH_NO] => 
)

 Array
(
    [PageCall time] => 15:14:59
    [P_TID] => INIMX_VBNKCAEcatca0720250613151022865346
    [P_MID] => CAEcatca07
    [P_AUTH_DT] => 20250613151459
    [P_STATUS] => 02
    [P_TYPE] => VBANK
    [P_OID] => 250613-020
    [P_FN_CD1] => 89
    [P_FN_CD2] => 
    [P_FN_NM] => 케이뱅크
    [P_AMT] => 3000
    [P_UNAME] => 김진기
    [P_RMESG1] => P_VACCT_NO=70112003749445|P_EXP_DT=20250623
    [P_RMESG2] => 
    [P_NOTI] => 
    [P_AUTH_NO] => 
)

 Array
(
    [PageCall time] => 15:54:34
    [P_TID] => INIMX_VBNKCAEcatca0720250613155111205556
    [P_MID] => CAEcatca07
    [P_AUTH_DT] => 20250613155434
    [P_STATUS] => 02
    [P_TYPE] => VBANK
    [P_OID] => 250613-022
    [P_FN_CD1] => 20
    [P_FN_CD2] => 
    [P_FN_NM] => 우리은행
    [P_AMT] => 3000
    [P_UNAME] => 이말순
    [P_RMESG1] => P_VACCT_NO=27491316118309|P_EXP_DT=20250623
    [P_RMESG2] => 
    [P_NOTI] => 
    [P_AUTH_NO] => 
)

 Array
(
    [PageCall time] => 16:03:27
    [P_TID] => INIMX_VBNKCAEcatca0720250613160137295002
    [P_MID] => CAEcatca07
    [P_AUTH_DT] => 20250613160327
    [P_STATUS] => 02
    [P_TYPE] => VBANK
    [P_OID] => 250613-021
    [P_FN_CD1] => 04
    [P_FN_CD2] => 
    [P_FN_NM] => KB국민은행
    [P_AMT] => 3000
    [P_UNAME] => 서혜령
    [P_RMESG1] => P_VACCT_NO=26159078476219|P_EXP_DT=20250623
    [P_RMESG2] => 
    [P_NOTI] => 
    [P_AUTH_NO] => 
)

 Array
(
    [PageCall time] => 16:09:00
    [P_TID] => INIMX_VBNKCAEcatca0720250613160540805891
    [P_MID] => CAEcatca07
    [P_AUTH_DT] => 20250613160900
    [P_STATUS] => 02
    [P_TYPE] => VBANK
    [P_OID] => 250613-024
    [P_FN_CD1] => 88
    [P_FN_CD2] => 
    [P_FN_NM] => 신한은행
    [P_AMT] => 3000
    [P_UNAME] => 유정민
    [P_RMESG1] => P_VACCT_NO=56211104623881|P_EXP_DT=20250623
    [P_RMESG2] => 
    [P_NOTI] => 
    [P_AUTH_NO] => 
)

 Array
(
    [PageCall time] => 17:12:19
    [P_TID] => INIMX_VBNKCAEcatca0720250613170925875750
    [P_MID] => CAEcatca07
    [P_AUTH_DT] => 20250613171219
    [P_STATUS] => 02
    [P_TYPE] => VBANK
    [P_OID] => 250613-002
    [P_FN_CD1] => 88
    [P_FN_CD2] => 
    [P_FN_NM] => 신한은행
    [P_AMT] => 3000
    [P_UNAME] => 강재성
    [P_RMESG1] => P_VACCT_NO=56211104631965|P_EXP_DT=20250623
    [P_RMESG2] => 
    [P_NOTI] => 
    [P_AUTH_NO] => 
)

 Array
(
    [PageCall time] => 17:14:53
    [P_TID] => INIMX_VBNKCAEcatca0720250613155444515314
    [P_MID] => CAEcatca07
    [P_AUTH_DT] => 20250613171453
    [P_STATUS] => 02
    [P_TYPE] => VBANK
    [P_OID] => 250613-023
    [P_FN_CD1] => 04
    [P_FN_CD2] => 
    [P_FN_NM] => KB국민은행
    [P_AMT] => 3000
    [P_UNAME] => 박찬미
    [P_RMESG1] => P_VACCT_NO=26159078473614|P_EXP_DT=20250623
    [P_RMESG2] => 
    [P_NOTI] => 
    [P_AUTH_NO] => 
)

 Array
(
    [PageCall time] => 19:59:47
    [P_TID] => INIMX_VBNKCAEcatca0720250613195055725890
    [P_MID] => CAEcatca07
    [P_AUTH_DT] => 20250613195947
    [P_STATUS] => 02
    [P_TYPE] => VBANK
    [P_OID] => 250613-025
    [P_FN_CD1] => 89
    [P_FN_CD2] => 
    [P_FN_NM] => 케이뱅크
    [P_AMT] => 3000
    [P_UNAME] => 이종기
    [P_RMESG1] => P_VACCT_NO=70112003751713|P_EXP_DT=20250623
    [P_RMESG2] => 
    [P_NOTI] => 
    [P_AUTH_NO] => 
)

 Array
(
    [PageCall time] => 22:36:07
    [P_TID] => INIMX_VBNKCAEcatca0720250613223432735537
    [P_MID] => CAEcatca07
    [P_AUTH_DT] => 20250613223607
    [P_STATUS] => 02
    [P_TYPE] => VBANK
    [P_OID] => 250613-009
    [P_FN_CD1] => 04
    [P_FN_CD2] => 
    [P_FN_NM] => KB국민은행
    [P_AMT] => 3000
    [P_UNAME] => 배경자
    [P_RMESG1] => P_VACCT_NO=26159078693171|P_EXP_DT=20250623
    [P_RMESG2] => 
    [P_NOTI] => 
    [P_AUTH_NO] => 
)

