 Array
(
    [PageCall time] => 00:19:30
    [P_TID] => INIMX_VBNKCAEcatca0720251012234951455599
    [P_MID] => CAEcatca07
    [P_AUTH_DT] => 20251013001930
    [P_STATUS] => 02
    [P_TYPE] => VBANK
    [P_OID] => 251012-008
    [P_FN_CD1] => 81
    [P_FN_CD2] => 
    [P_FN_NM] => 하나은행
    [P_AMT] => 3000
    [P_UNAME] => 심재선
    [P_RMESG1] => P_VACCT_NO=20893831678037|P_EXP_DT=20251022
    [P_RMESG2] => 
    [P_NOTI] => 
    [P_AUTH_NO] => 
)

 Array
(
    [PageCall time] => 09:03:56
    [P_TID] => INIMX_VBNKCAEcatca0720251013090108244235
    [P_MID] => CAEcatca07
    [P_AUTH_DT] => 20251013090356
    [P_STATUS] => 02
    [P_TYPE] => VBANK
    [P_OID] => 251013-001
    [P_FN_CD1] => 04
    [P_FN_CD2] => 
    [P_FN_NM] => KB국민은행
    [P_AMT] => 3000
    [P_UNAME] => 임경민
    [P_RMESG1] => P_VACCT_NO=96989078840613|P_EXP_DT=20251023
    [P_RMESG2] => 
    [P_NOTI] => 
    [P_AUTH_NO] => 
)

 Array
(
    [PageCall time] => 09:08:49
    [P_TID] => INIMX_VBNKCAEcatca0720251013090558415993
    [P_MID] => CAEcatca07
    [P_AUTH_DT] => 20251013090849
    [P_STATUS] => 02
    [P_TYPE] => VBANK
    [P_OID] => 251013-003
    [P_FN_CD1] => 88
    [P_FN_CD2] => 
    [P_FN_NM] => 신한은행
    [P_AMT] => 3000
    [P_UNAME] => 이진아
    [P_RMESG1] => P_VACCT_NO=56211103684558|P_EXP_DT=20251023
    [P_RMESG2] => 
    [P_NOTI] => 
    [P_AUTH_NO] => 
)

 Array
(
    [PageCall time] => 09:21:58
    [P_TID] => INIMX_VBNKCAEcatca0720251013091800485057
    [P_MID] => CAEcatca07
    [P_AUTH_DT] => 20251013092157
    [P_STATUS] => 02
    [P_TYPE] => VBANK
    [P_OID] => 251013-004
    [P_FN_CD1] => 04
    [P_FN_CD2] => 
    [P_FN_NM] => KB국민은행
    [P_AMT] => 3000
    [P_UNAME] => 조유정
    [P_RMESG1] => P_VACCT_NO=26159078436978|P_EXP_DT=20251023
    [P_RMESG2] => 
    [P_NOTI] => 
    [P_AUTH_NO] => 
)

 Array
(
    [PageCall time] => 09:48:54
    [P_TID] => INIMX_VBNKCAEcatca0720251013094825605011
    [P_MID] => CAEcatca07
    [P_AUTH_DT] => 20251013094854
    [P_STATUS] => 02
    [P_TYPE] => VBANK
    [P_OID] => 251013-005
    [P_FN_CD1] => 11
    [P_FN_CD2] => 
    [P_FN_NM] => NH농협은행
    [P_AMT] => 3000
    [P_UNAME] => 양상호
    [P_RMESG1] => P_VACCT_NO=79014508192621|P_EXP_DT=20251023
    [P_RMESG2] => 
    [P_NOTI] => 
    [P_AUTH_NO] => 
)

 Array
(
    [PageCall time] => 10:17:37
    [P_TID] => INIMX_VBNKCAEcatca0720251013101438435280
    [P_MID] => CAEcatca07
    [P_AUTH_DT] => 20251013101737
    [P_STATUS] => 02
    [P_TYPE] => VBANK
    [P_OID] => 251013-009
    [P_FN_CD1] => 34
    [P_FN_CD2] => 
    [P_FN_NM] => 광주은행
    [P_AMT] => 3000
    [P_UNAME] => 서이철
    [P_RMESG1] => P_VACCT_NO=810865634934|P_EXP_DT=20251023
    [P_RMESG2] => 
    [P_NOTI] => 
    [P_AUTH_NO] => 
)

 Array
(
    [PageCall time] => 10:24:57
    [P_TID] => INIMX_VBNKCAEcatca0720251013101316725604
    [P_MID] => CAEcatca07
    [P_AUTH_DT] => 20251013102457
    [P_STATUS] => 02
    [P_TYPE] => VBANK
    [P_OID] => 251013-008
    [P_FN_CD1] => 03
    [P_FN_CD2] => 
    [P_FN_NM] => 기업은행
    [P_AMT] => 3000
    [P_UNAME] => 김진
    [P_RMESG1] => P_VACCT_NO=07503154697321|P_EXP_DT=20251023
    [P_RMESG2] => 
    [P_NOTI] => 
    [P_AUTH_NO] => 
)

 Array
(
    [PageCall time] => 10:54:18
    [P_TID] => INIMX_VBNKCAEcatca0720251013105132705632
    [P_MID] => CAEcatca07
    [P_AUTH_DT] => 20251013105418
    [P_STATUS] => 02
    [P_TYPE] => VBANK
    [P_OID] => 251013-012
    [P_FN_CD1] => 89
    [P_FN_CD2] => 
    [P_FN_NM] => 케이뱅크
    [P_AMT] => 3000
    [P_UNAME] => 조민기
    [P_RMESG1] => P_VACCT_NO=70112003587123|P_EXP_DT=20251023
    [P_RMESG2] => 
    [P_NOTI] => 
    [P_AUTH_NO] => 
)

 Array
(
    [PageCall time] => 11:10:11
    [P_TID] => INIMX_VBNKCAEcatca0720251013110452865692
    [P_MID] => CAEcatca07
    [P_AUTH_DT] => 20251013111006
    [P_STATUS] => 02
    [P_TYPE] => VBANK
    [P_OID] => 251013-011
    [P_FN_CD1] => 03
    [P_FN_CD2] => 
    [P_FN_NM] => 기업은행
    [P_AMT] => 3000
    [P_UNAME] => 구자성
    [P_RMESG1] => P_VACCT_NO=07503155497470|P_EXP_DT=20251023
    [P_RMESG2] => 
    [P_NOTI] => 
    [P_AUTH_NO] => 
)

 Array
(
    [PageCall time] => 11:21:22
    [P_TID] => INIMX_VBNKCAEcatca0720251013111815135278
    [P_MID] => CAEcatca07
    [P_AUTH_DT] => 20251013112122
    [P_STATUS] => 02
    [P_TYPE] => VBANK
    [P_OID] => 251013-016
    [P_FN_CD1] => 88
    [P_FN_CD2] => 
    [P_FN_NM] => 신한은행
    [P_AMT] => 3000
    [P_UNAME] => 박지은
    [P_RMESG1] => P_VACCT_NO=56211103705265|P_EXP_DT=20251023
    [P_RMESG2] => 
    [P_NOTI] => 
    [P_AUTH_NO] => 
)

 Array
(
    [PageCall time] => 11:27:57
    [P_TID] => INIMX_VBNKCAEcatca0720251013112149835968
    [P_MID] => CAEcatca07
    [P_AUTH_DT] => 20251013112757
    [P_STATUS] => 02
    [P_TYPE] => VBANK
    [P_OID] => 251013-018
    [P_FN_CD1] => 04
    [P_FN_CD2] => 
    [P_FN_NM] => KB국민은행
    [P_AMT] => 3000
    [P_UNAME] => 손윤정
    [P_RMESG1] => P_VACCT_NO=99449014571142|P_EXP_DT=20251023
    [P_RMESG2] => 
    [P_NOTI] => 
    [P_AUTH_NO] => 
)

 Array
(
    [PageCall time] => 12:46:37
    [P_TID] => INIMX_VBNKCAEcatca0720251013124315994857
    [P_MID] => CAEcatca07
    [P_AUTH_DT] => 20251013124637
    [P_STATUS] => 02
    [P_TYPE] => VBANK
    [P_OID] => 251013-021
    [P_FN_CD1] => 04
    [P_FN_CD2] => 
    [P_FN_NM] => KB국민은행
    [P_AMT] => 3000
    [P_UNAME] => 김경중
    [P_RMESG1] => P_VACCT_NO=96989078872562|P_EXP_DT=20251023
    [P_RMESG2] => 
    [P_NOTI] => 
    [P_AUTH_NO] => 
)

 Array
(
    [PageCall time] => 13:12:34
    [P_TID] => INIMX_VBNKCAEcatca0720251013130930914999
    [P_MID] => CAEcatca07
    [P_AUTH_DT] => 20251013131234
    [P_STATUS] => 02
    [P_TYPE] => VBANK
    [P_OID] => 251013-022
    [P_FN_CD1] => 32
    [P_FN_CD2] => 
    [P_FN_NM] => 부산은행
    [P_AMT] => 3000
    [P_UNAME] => 정은주
    [P_RMESG1] => P_VACCT_NO=103939901717|P_EXP_DT=20251023
    [P_RMESG2] => 
    [P_NOTI] => 
    [P_AUTH_NO] => 
)

 Array
(
    [PageCall time] => 13:40:03
    [P_TID] => INIMX_VBNKCAEcatca0720251011002507895981
    [P_MID] => CAEcatca07
    [P_AUTH_DT] => 20251013134003
    [P_STATUS] => 02
    [P_TYPE] => VBANK
    [P_OID] => 251011-001
    [P_FN_CD1] => 03
    [P_FN_CD2] => 
    [P_FN_NM] => 기업은행
    [P_AMT] => 3000
    [P_UNAME] => 김막선
    [P_RMESG1] => P_VACCT_NO=07503149197141|P_EXP_DT=20251021
    [P_RMESG2] => 
    [P_NOTI] => 
    [P_AUTH_NO] => 
)

 Array
(
    [PageCall time] => 13:40:31
    [P_TID] => INIMX_VBNKCAEcatca0720251013133735854912
    [P_MID] => CAEcatca07
    [P_AUTH_DT] => 20251013134031
    [P_STATUS] => 02
    [P_TYPE] => VBANK
    [P_OID] => 251013-026
    [P_FN_CD1] => 88
    [P_FN_CD2] => 
    [P_FN_NM] => 신한은행
    [P_AMT] => 3000
    [P_UNAME] => 최문규
    [P_RMESG1] => P_VACCT_NO=56211122872878|P_EXP_DT=20251023
    [P_RMESG2] => 
    [P_NOTI] => 
    [P_AUTH_NO] => 
)

 Array
(
    [PageCall time] => 13:44:22
    [P_TID] => INIMX_VBNKCAEcatca0720251013134128954045
    [P_MID] => CAEcatca07
    [P_AUTH_DT] => 20251013134421
    [P_STATUS] => 02
    [P_TYPE] => VBANK
    [P_OID] => 251013-028
    [P_FN_CD1] => 04
    [P_FN_CD2] => 
    [P_FN_NM] => KB국민은행
    [P_AMT] => 3000
    [P_UNAME] => 방하은
    [P_RMESG1] => P_VACCT_NO=96989078891165|P_EXP_DT=20251023
    [P_RMESG2] => 
    [P_NOTI] => 
    [P_AUTH_NO] => 
)

 Array
(
    [PageCall time] => 13:44:27
    [P_TID] => INIMX_VBNKCAEcatca0720251013134036914370
    [P_MID] => CAEcatca07
    [P_AUTH_DT] => 20251013134427
    [P_STATUS] => 02
    [P_TYPE] => VBANK
    [P_OID] => 251013-027
    [P_FN_CD1] => 04
    [P_FN_CD2] => 
    [P_FN_NM] => KB국민은행
    [P_AMT] => 3000
    [P_UNAME] => 김민정
    [P_RMESG1] => P_VACCT_NO=96989078890762|P_EXP_DT=20251023
    [P_RMESG2] => 
    [P_NOTI] => 
    [P_AUTH_NO] => 
)

 Array
(
    [PageCall time] => 13:50:49
    [P_TID] => INIMX_VBNKCAEcatca0720251013134656714282
    [P_MID] => CAEcatca07
    [P_AUTH_DT] => 20251013135049
    [P_STATUS] => 02
    [P_TYPE] => VBANK
    [P_OID] => 251013-029
    [P_FN_CD1] => 88
    [P_FN_CD2] => 
    [P_FN_NM] => 신한은행
    [P_AMT] => 3000
    [P_UNAME] => 이승현
    [P_RMESG1] => P_VACCT_NO=56211122873724|P_EXP_DT=20251023
    [P_RMESG2] => 
    [P_NOTI] => 
    [P_AUTH_NO] => 
)

 Array
(
    [PageCall time] => 13:58:04
    [P_TID] => INIMX_VBNKCAEcatca0720251013135519304146
    [P_MID] => CAEcatca07
    [P_AUTH_DT] => 20251013135804
    [P_STATUS] => 02
    [P_TYPE] => VBANK
    [P_OID] => 251013-031
    [P_FN_CD1] => 81
    [P_FN_CD2] => 
    [P_FN_NM] => 하나은행
    [P_AMT] => 3000
    [P_UNAME] => 임진희
    [P_RMESG1] => P_VACCT_NO=20894071063237|P_EXP_DT=20251023
    [P_RMESG2] => 
    [P_NOTI] => 
    [P_AUTH_NO] => 
)

 Array
(
    [PageCall time] => 14:51:16
    [P_TID] => INIMX_VBNKCAEcatca0720251013144844224504
    [P_MID] => CAEcatca07
    [P_AUTH_DT] => 20251013145115
    [P_STATUS] => 02
    [P_TYPE] => VBANK
    [P_OID] => 251013-037
    [P_FN_CD1] => 04
    [P_FN_CD2] => 
    [P_FN_NM] => KB국민은행
    [P_AMT] => 3000
    [P_UNAME] => 김예진
    [P_RMESG1] => P_VACCT_NO=96989078913838|P_EXP_DT=20251023
    [P_RMESG2] => 
    [P_NOTI] => 
    [P_AUTH_NO] => 
)

 Array
(
    [PageCall time] => 14:54:05
    [P_TID] => INIMX_VBNKCAEcatca0720251013145122914542
    [P_MID] => CAEcatca07
    [P_AUTH_DT] => 20251013145405
    [P_STATUS] => 02
    [P_TYPE] => VBANK
    [P_OID] => 251013-035
    [P_FN_CD1] => 11
    [P_FN_CD2] => 
    [P_FN_NM] => NH농협은행
    [P_AMT] => 3000
    [P_UNAME] => 진미애
    [P_RMESG1] => P_VACCT_NO=79005848002945|P_EXP_DT=20251023
    [P_RMESG2] => 
    [P_NOTI] => 
    [P_AUTH_NO] => 
)

 Array
(
    [PageCall time] => 15:20:30
    [P_TID] => INIMX_VBNKCAEcatca0720251013151651584192
    [P_MID] => CAEcatca07
    [P_AUTH_DT] => 20251013152030
    [P_STATUS] => 02
    [P_TYPE] => VBANK
    [P_OID] => 251013-015
    [P_FN_CD1] => 04
    [P_FN_CD2] => 
    [P_FN_NM] => KB국민은행
    [P_AMT] => 3000
    [P_UNAME] => 이유겸
    [P_RMESG1] => P_VACCT_NO=96989078923844|P_EXP_DT=20251023
    [P_RMESG2] => 
    [P_NOTI] => 
    [P_AUTH_NO] => 
)

 Array
(
    [PageCall time] => 15:30:02
    [P_TID] => INIMX_VBNKCAEcatca0720251013152737334528
    [P_MID] => CAEcatca07
    [P_AUTH_DT] => 20251013153002
    [P_STATUS] => 02
    [P_TYPE] => VBANK
    [P_OID] => 251013-040
    [P_FN_CD1] => 88
    [P_FN_CD2] => 
    [P_FN_NM] => 신한은행
    [P_AMT] => 3000
    [P_UNAME] => 박태건
    [P_RMESG1] => P_VACCT_NO=56211122883171|P_EXP_DT=20251023
    [P_RMESG2] => 
    [P_NOTI] => 
    [P_AUTH_NO] => 
)

 Array
(
    [PageCall time] => 15:34:05
    [P_TID] => INIMX_VBNKCAEcatca0720251013153339504568
    [P_MID] => CAEcatca07
    [P_AUTH_DT] => 20251013153405
    [P_STATUS] => 02
    [P_TYPE] => VBANK
    [P_OID] => 251013-041
    [P_FN_CD1] => 11
    [P_FN_CD2] => 
    [P_FN_NM] => NH농협은행
    [P_AMT] => 3000
    [P_UNAME] => 정정무
    [P_RMESG1] => P_VACCT_NO=79005848034119|P_EXP_DT=20251023
    [P_RMESG2] => 
    [P_NOTI] => 
    [P_AUTH_NO] => 
)

 Array
(
    [PageCall time] => 15:54:55
    [P_TID] => INIMX_VBNKCAEcatca0720251013145435934030
    [P_MID] => CAEcatca07
    [P_AUTH_DT] => 20251013155455
    [P_STATUS] => 02
    [P_TYPE] => VBANK
    [P_OID] => 251013-033
    [P_FN_CD1] => 04
    [P_FN_CD2] => 
    [P_FN_NM] => KB국민은행
    [P_AMT] => 3000
    [P_UNAME] => 이승철
    [P_RMESG1] => P_VACCT_NO=96989078915535|P_EXP_DT=20251023
    [P_RMESG2] => 
    [P_NOTI] => 
    [P_AUTH_NO] => 
)

 Array
(
    [PageCall time] => 16:06:58
    [P_TID] => INIMX_VBNKCAEcatca0720251013160319704861
    [P_MID] => CAEcatca07
    [P_AUTH_DT] => 20251013160658
    [P_STATUS] => 02
    [P_TYPE] => VBANK
    [P_OID] => 251013-042
    [P_FN_CD1] => 81
    [P_FN_CD2] => 
    [P_FN_NM] => 하나은행
    [P_AMT] => 3000
    [P_UNAME] => 유수화
    [P_RMESG1] => P_VACCT_NO=20894077599537|P_EXP_DT=20251023
    [P_RMESG2] => 
    [P_NOTI] => 
    [P_AUTH_NO] => 
)

 Array
(
    [PageCall time] => 16:11:29
    [P_TID] => INIMX_VBNKCAEcatca0720251013160826154100
    [P_MID] => CAEcatca07
    [P_AUTH_DT] => 20251013161129
    [P_STATUS] => 02
    [P_TYPE] => VBANK
    [P_OID] => 251013-043
    [P_FN_CD1] => 88
    [P_FN_CD2] => 
    [P_FN_NM] => 신한은행
    [P_AMT] => 3000
    [P_UNAME] => 최영미
    [P_RMESG1] => P_VACCT_NO=56211122887129|P_EXP_DT=20251023
    [P_RMESG2] => 
    [P_NOTI] => 
    [P_AUTH_NO] => 
)

 Array
(
    [PageCall time] => 16:20:32
    [P_TID] => INIMX_VBNKCAEcatca0720251013161749264518
    [P_MID] => CAEcatca07
    [P_AUTH_DT] => 20251013162032
    [P_STATUS] => 02
    [P_TYPE] => VBANK
    [P_OID] => 251013-034
    [P_FN_CD1] => 88
    [P_FN_CD2] => 
    [P_FN_NM] => 신한은행
    [P_AMT] => 3000
    [P_UNAME] => 김인순
    [P_RMESG1] => P_VACCT_NO=56211122888090|P_EXP_DT=20251023
    [P_RMESG2] => 
    [P_NOTI] => 
    [P_AUTH_NO] => 
)

 Array
(
    [PageCall time] => 16:35:05
    [P_TID] => INIMX_VBNKCAEcatca0720251013163223834520
    [P_MID] => CAEcatca07
    [P_AUTH_DT] => 20251013163505
    [P_STATUS] => 02
    [P_TYPE] => VBANK
    [P_OID] => 251013-045
    [P_FN_CD1] => 04
    [P_FN_CD2] => 
    [P_FN_NM] => KB국민은행
    [P_AMT] => 3000
    [P_UNAME] => 고도하
    [P_RMESG1] => P_VACCT_NO=96989078948481|P_EXP_DT=20251023
    [P_RMESG2] => 
    [P_NOTI] => 
    [P_AUTH_NO] => 
)

 Array
(
    [PageCall time] => 16:59:56
    [P_TID] => INIMX_VBNKCAEcatca0720251013165707304487
    [P_MID] => CAEcatca07
    [P_AUTH_DT] => 20251013165956
    [P_STATUS] => 02
    [P_TYPE] => VBANK
    [P_OID] => 251013-046
    [P_FN_CD1] => 32
    [P_FN_CD2] => 
    [P_FN_NM] => 부산은행
    [P_AMT] => 3000
    [P_UNAME] => 안지현
    [P_RMESG1] => P_VACCT_NO=103939910120|P_EXP_DT=20251023
    [P_RMESG2] => 
    [P_NOTI] => 
    [P_AUTH_NO] => 
)

 Array
(
    [PageCall time] => 17:10:42
    [P_TID] => INIMX_VBNKCAEcatca0720251013170729574122
    [P_MID] => CAEcatca07
    [P_AUTH_DT] => 20251013171042
    [P_STATUS] => 02
    [P_TYPE] => VBANK
    [P_OID] => 251013-047
    [P_FN_CD1] => 88
    [P_FN_CD2] => 
    [P_FN_NM] => 신한은행
    [P_AMT] => 3000
    [P_UNAME] => 이현영
    [P_RMESG1] => P_VACCT_NO=56211122892051|P_EXP_DT=20251023
    [P_RMESG2] => 
    [P_NOTI] => 
    [P_AUTH_NO] => 
)

 Array
(
    [PageCall time] => 17:18:40
    [P_TID] => INIMX_VBNKCAEcatca0720251013171518634124
    [P_MID] => CAEcatca07
    [P_AUTH_DT] => 20251013171840
    [P_STATUS] => 02
    [P_TYPE] => VBANK
    [P_OID] => 251010-020
    [P_FN_CD1] => 04
    [P_FN_CD2] => 
    [P_FN_NM] => KB국민은행
    [P_AMT] => 3000
    [P_UNAME] => 최은영
    [P_RMESG1] => P_VACCT_NO=96989078962472|P_EXP_DT=20251023
    [P_RMESG2] => 
    [P_NOTI] => 
    [P_AUTH_NO] => 
)

 Array
(
    [PageCall time] => 17:38:09
    [P_TID] => INIMX_VBNKCAEcatca0720251013173713474220
    [P_MID] => CAEcatca07
    [P_AUTH_DT] => 20251013173809
    [P_STATUS] => 02
    [P_TYPE] => VBANK
    [P_OID] => 251013-024
    [P_FN_CD1] => 11
    [P_FN_CD2] => 
    [P_FN_NM] => NH농협은행
    [P_AMT] => 3000
    [P_UNAME] => 김정란
    [P_RMESG1] => P_VACCT_NO=79005848112740|P_EXP_DT=20251023
    [P_RMESG2] => 
    [P_NOTI] => 
    [P_AUTH_NO] => 
)

 Array
(
    [PageCall time] => 18:10:57
    [P_TID] => INIMX_VBNKCAEcatca0720251013180810895500
    [P_MID] => CAEcatca07
    [P_AUTH_DT] => 20251013181057
    [P_STATUS] => 02
    [P_TYPE] => VBANK
    [P_OID] => 251013-048
    [P_FN_CD1] => 88
    [P_FN_CD2] => 
    [P_FN_NM] => 신한은행
    [P_AMT] => 3000
    [P_UNAME] => 김총리
    [P_RMESG1] => P_VACCT_NO=56211103707542|P_EXP_DT=20251023
    [P_RMESG2] => 
    [P_NOTI] => 
    [P_AUTH_NO] => 
)

 Array
(
    [PageCall time] => 18:16:05
    [P_TID] => INIMX_VBNKCAEcatca0720251013181316635275
    [P_MID] => CAEcatca07
    [P_AUTH_DT] => 20251013181605
    [P_STATUS] => 02
    [P_TYPE] => VBANK
    [P_OID] => 251013-049
    [P_FN_CD1] => 81
    [P_FN_CD2] => 
    [P_FN_NM] => 하나은행
    [P_AMT] => 3000
    [P_UNAME] => 정하은
    [P_RMESG1] => P_VACCT_NO=20893835217137|P_EXP_DT=20251023
    [P_RMESG2] => 
    [P_NOTI] => 
    [P_AUTH_NO] => 
)

 Array
(
    [PageCall time] => 18:38:26
    [P_TID] => INIMX_VBNKCAEcatca0720251013183518155777
    [P_MID] => CAEcatca07
    [P_AUTH_DT] => 20251013183825
    [P_STATUS] => 02
    [P_TYPE] => VBANK
    [P_OID] => 251013-050
    [P_FN_CD1] => 04
    [P_FN_CD2] => 
    [P_FN_NM] => KB국민은행
    [P_AMT] => 3000
    [P_UNAME] => 이주섭
    [P_RMESG1] => P_VACCT_NO=99449014575591|P_EXP_DT=20251023
    [P_RMESG2] => 
    [P_NOTI] => 
    [P_AUTH_NO] => 
)

 Array
(
    [PageCall time] => 19:41:51
    [P_TID] => INIMX_VBNKCAEcatca0720251013191033665893
    [P_MID] => CAEcatca07
    [P_AUTH_DT] => 20251013194151
    [P_STATUS] => 02
    [P_TYPE] => VBANK
    [P_OID] => 251013-052
    [P_FN_CD1] => 11
    [P_FN_CD2] => 
    [P_FN_NM] => NH농협은행
    [P_AMT] => 3000
    [P_UNAME] => 김종만
    [P_RMESG1] => P_VACCT_NO=79014508220688|P_EXP_DT=20251023
    [P_RMESG2] => 
    [P_NOTI] => 
    [P_AUTH_NO] => 
)

 Array
(
    [PageCall time] => 20:36:10
    [P_TID] => INIMX_VBNKCAEcatca0720251013203307745656
    [P_MID] => CAEcatca07
    [P_AUTH_DT] => 20251013203610
    [P_STATUS] => 02
    [P_TYPE] => VBANK
    [P_OID] => 250930-020
    [P_FN_CD1] => 20
    [P_FN_CD2] => 
    [P_FN_NM] => 우리은행
    [P_AMT] => 3000
    [P_UNAME] => 김희선
    [P_RMESG1] => P_VACCT_NO=27490977818563|P_EXP_DT=20251023
    [P_RMESG2] => 
    [P_NOTI] => 
    [P_AUTH_NO] => 
)

 Array
(
    [PageCall time] => 21:01:35
    [P_TID] => INIMX_VBNKCAEcatca0720251013205831905549
    [P_MID] => CAEcatca07
    [P_AUTH_DT] => 20251013210135
    [P_STATUS] => 02
    [P_TYPE] => VBANK
    [P_OID] => 251013-054
    [P_FN_CD1] => 88
    [P_FN_CD2] => 
    [P_FN_NM] => 신한은행
    [P_AMT] => 3000
    [P_UNAME] => 고자영
    [P_RMESG1] => P_VACCT_NO=56211103719295|P_EXP_DT=20251023
    [P_RMESG2] => 
    [P_NOTI] => 
    [P_AUTH_NO] => 
)

 Array
(
    [PageCall time] => 21:13:05
    [P_TID] => INIMX_VBNKCAEcatca0720251013210935755945
    [P_MID] => CAEcatca07
    [P_AUTH_DT] => 20251013211305
    [P_STATUS] => 02
    [P_TYPE] => VBANK
    [P_OID] => 251013-051
    [P_FN_CD1] => 04
    [P_FN_CD2] => 
    [P_FN_NM] => KB국민은행
    [P_AMT] => 3000
    [P_UNAME] => 권미정
    [P_RMESG1] => P_VACCT_NO=99449014591870|P_EXP_DT=20251023
    [P_RMESG2] => 
    [P_NOTI] => 
    [P_AUTH_NO] => 
)

 Array
(
    [PageCall time] => 21:16:12
    [P_TID] => INIMX_VBNKCAEcatca0720251013211110485578
    [P_MID] => CAEcatca07
    [P_AUTH_DT] => 20251013211611
    [P_STATUS] => 02
    [P_TYPE] => VBANK
    [P_OID] => 251013-055
    [P_FN_CD1] => 04
    [P_FN_CD2] => 
    [P_FN_NM] => KB국민은행
    [P_AMT] => 3000
    [P_UNAME] => 이경수
    [P_RMESG1] => P_VACCT_NO=99449014591995|P_EXP_DT=20251023
    [P_RMESG2] => 
    [P_NOTI] => 
    [P_AUTH_NO] => 
)

 Array
(
    [PageCall time] => 21:20:00
    [P_TID] => INIMX_VBNKCAEcatca0720251013210935755945
    [P_MID] => CAEcatca07
    [P_AUTH_DT] => 20251013211305
    [P_STATUS] => 02
    [P_TYPE] => VBANK
    [P_OID] => 251013-051
    [P_FN_CD1] => 04
    [P_FN_CD2] => 
    [P_FN_NM] => KB국민은행
    [P_AMT] => 3000
    [P_UNAME] => 권미정
    [P_RMESG1] => P_VACCT_NO=99449014591870|P_EXP_DT=20251023
    [P_RMESG2] => 
    [P_NOTI] => 
    [P_AUTH_NO] => 
)

 Array
(
    [PageCall time] => 21:27:07
    [P_TID] => INIMX_VBNKCAEcatca0720251013212359195572
    [P_MID] => CAEcatca07
    [P_AUTH_DT] => 20251013212707
    [P_STATUS] => 02
    [P_TYPE] => VBANK
    [P_OID] => 251013-056
    [P_FN_CD1] => 04
    [P_FN_CD2] => 
    [P_FN_NM] => KB국민은행
    [P_AMT] => 3000
    [P_UNAME] => 박상희
    [P_RMESG1] => P_VACCT_NO=99449014592934|P_EXP_DT=20251023
    [P_RMESG2] => 
    [P_NOTI] => 
    [P_AUTH_NO] => 
)

 Array
(
    [PageCall time] => 22:22:17
    [P_TID] => INIMX_VBNKCAEcatca0720251013222139865409
    [P_MID] => CAEcatca07
    [P_AUTH_DT] => 20251013222217
    [P_STATUS] => 02
    [P_TYPE] => VBANK
    [P_OID] => 251013-057
    [P_FN_CD1] => 11
    [P_FN_CD2] => 
    [P_FN_NM] => NH농협은행
    [P_AMT] => 3000
    [P_UNAME] => 박인형
    [P_RMESG1] => P_VACCT_NO=79014508237901|P_EXP_DT=20251023
    [P_RMESG2] => 
    [P_NOTI] => 
    [P_AUTH_NO] => 
)

