 Array
(
    [PageCall time] => 09:20:38
    [P_TID] => INIMX_VBNKCAEcatca0720260314091633345756
    [P_MID] => CAEcatca07
    [P_AUTH_DT] => 20260314092038
    [P_STATUS] => 02
    [P_TYPE] => VBANK
    [P_OID] => 260314-001
    [P_FN_CD1] => 20
    [P_FN_CD2] => 
    [P_FN_NM] => 우리은행
    [P_AMT] => 3500
    [P_UNAME] => 이정옥
    [P_RMESG1] => P_VACCT_NO=27762919118451|P_EXP_DT=20260324
    [P_RMESG2] => 
    [P_NOTI] => 
    [P_AUTH_NO] => 
)

 Array
(
    [PageCall time] => 12:46:14
    [P_TID] => INIMX_VBNKCAEcatca0720260314124123615071
    [P_MID] => CAEcatca07
    [P_AUTH_DT] => 20260314124614
    [P_STATUS] => 02
    [P_TYPE] => VBANK
    [P_OID] => 260314-002
    [P_FN_CD1] => 04
    [P_FN_CD2] => 
    [P_FN_NM] => KB국민은행
    [P_AMT] => 3500
    [P_UNAME] => 김미선
    [P_RMESG1] => P_VACCT_NO=51269079013744|P_EXP_DT=20260324
    [P_RMESG2] => 
    [P_NOTI] => 
    [P_AUTH_NO] => 
)

 Array
(
    [PageCall time] => 13:18:33
    [P_TID] => INIMX_VBNKCAEcatca0720260314131748145564
    [P_MID] => CAEcatca07
    [P_AUTH_DT] => 20260314131833
    [P_STATUS] => 02
    [P_TYPE] => VBANK
    [P_OID] => 260314-004
    [P_FN_CD1] => 11
    [P_FN_CD2] => 
    [P_FN_NM] => NH농협은행
    [P_AMT] => 3500
    [P_UNAME] => 강지혜
    [P_RMESG1] => P_VACCT_NO=79014407881355|P_EXP_DT=20260324
    [P_RMESG2] => 
    [P_NOTI] => 
    [P_AUTH_NO] => 
)

 Array
(
    [PageCall time] => 13:36:41
    [P_TID] => INIMX_VBNKCAEcatca0720260314133348595674
    [P_MID] => CAEcatca07
    [P_AUTH_DT] => 20260314133641
    [P_STATUS] => 02
    [P_TYPE] => VBANK
    [P_OID] => 260314-006
    [P_FN_CD1] => 20
    [P_FN_CD2] => 
    [P_FN_NM] => 우리은행
    [P_AMT] => 3500
    [P_UNAME] => 이경동
    [P_RMESG1] => P_VACCT_NO=27762923118380|P_EXP_DT=20260324
    [P_RMESG2] => 
    [P_NOTI] => 
    [P_AUTH_NO] => 
)

 Array
(
    [PageCall time] => 15:23:59
    [P_TID] => INIMX_VBNKCAEcatca0720260314152102435289
    [P_MID] => CAEcatca07
    [P_AUTH_DT] => 20260314152359
    [P_STATUS] => 02
    [P_TYPE] => VBANK
    [P_OID] => 260303-040
    [P_FN_CD1] => 20
    [P_FN_CD2] => 
    [P_FN_NM] => 우리은행
    [P_AMT] => 3500
    [P_UNAME] => 김정남
    [P_RMESG1] => P_VACCT_NO=27762925518072|P_EXP_DT=20260324
    [P_RMESG2] => 
    [P_NOTI] => 
    [P_AUTH_NO] => 
)

 Array
(
    [PageCall time] => 15:28:15
    [P_TID] => INIMX_VBNKCAEcatca0720260314152541675984
    [P_MID] => CAEcatca07
    [P_AUTH_DT] => 20260314152815
    [P_STATUS] => 02
    [P_TYPE] => VBANK
    [P_OID] => 260314-007
    [P_FN_CD1] => 88
    [P_FN_CD2] => 
    [P_FN_NM] => 신한은행
    [P_AMT] => 3500
    [P_UNAME] => 신송자
    [P_RMESG1] => P_VACCT_NO=56211105317265|P_EXP_DT=20260324
    [P_RMESG2] => 
    [P_NOTI] => 
    [P_AUTH_NO] => 
)

 Array
(
    [PageCall time] => 16:47:56
    [P_TID] => INIMX_VBNKCAEcatca0720260314163900165413
    [P_MID] => CAEcatca07
    [P_AUTH_DT] => 20260314164756
    [P_STATUS] => 02
    [P_TYPE] => VBANK
    [P_OID] => 260314-008
    [P_FN_CD1] => 11
    [P_FN_CD2] => 
    [P_FN_NM] => NH농협은행
    [P_AMT] => 3500
    [P_UNAME] => 김정숙
    [P_RMESG1] => P_VACCT_NO=79014407897601|P_EXP_DT=20260324
    [P_RMESG2] => 
    [P_NOTI] => 
    [P_AUTH_NO] => 
)

 Array
(
    [PageCall time] => 17:07:02
    [P_TID] => INIMX_VBNKCAEcatca0720260314170617385350
    [P_MID] => CAEcatca07
    [P_AUTH_DT] => 20260314170702
    [P_STATUS] => 02
    [P_TYPE] => VBANK
    [P_OID] => 260314-009
    [P_FN_CD1] => 11
    [P_FN_CD2] => 
    [P_FN_NM] => NH농협은행
    [P_AMT] => 3500
    [P_UNAME] => 김명수
    [P_RMESG1] => P_VACCT_NO=79014407900519|P_EXP_DT=20260324
    [P_RMESG2] => 
    [P_NOTI] => 
    [P_AUTH_NO] => 
)

 Array
(
    [PageCall time] => 20:10:45
    [P_TID] => INIMX_VBNKCAEcatca0720260314201014295689
    [P_MID] => CAEcatca07
    [P_AUTH_DT] => 20260314201045
    [P_STATUS] => 02
    [P_TYPE] => VBANK
    [P_OID] => 260314-010
    [P_FN_CD1] => 11
    [P_FN_CD2] => 
    [P_FN_NM] => NH농협은행
    [P_AMT] => 3500
    [P_UNAME] => 전혁
    [P_RMESG1] => P_VACCT_NO=79014407917181|P_EXP_DT=20260324
    [P_RMESG2] => 
    [P_NOTI] => 
    [P_AUTH_NO] => 
)

 Array
(
    [PageCall time] => 21:21:34
    [P_TID] => INIMX_VBNKCAEcatca0720260314124102385968
    [P_MID] => CAEcatca07
    [P_AUTH_DT] => 20260314212134
    [P_STATUS] => 02
    [P_TYPE] => VBANK
    [P_OID] => 260314-003
    [P_FN_CD1] => 04
    [P_FN_CD2] => 
    [P_FN_NM] => KB국민은행
    [P_AMT] => 3500
    [P_UNAME] => 김두원
    [P_RMESG1] => P_VACCT_NO=44289079470987|P_EXP_DT=20260324
    [P_RMESG2] => 
    [P_NOTI] => 
    [P_AUTH_NO] => 
)

 Array
(
    [PageCall time] => 23:18:02
    [P_TID] => INIMX_VBNKCAEcatca0720260314231524475150
    [P_MID] => CAEcatca07
    [P_AUTH_DT] => 20260314231802
    [P_STATUS] => 02
    [P_TYPE] => VBANK
    [P_OID] => 260314-011
    [P_FN_CD1] => 89
    [P_FN_CD2] => 
    [P_FN_NM] => 케이뱅크
    [P_AMT] => 3500
    [P_UNAME] => 우기정
    [P_RMESG1] => P_VACCT_NO=70112003760106|P_EXP_DT=20260324
    [P_RMESG2] => 
    [P_NOTI] => 
    [P_AUTH_NO] => 
)

