 Array
(
    [PageCall time] => 09:27:21
    [P_TID] => INIMX_VBNKCAEcatca0720250830092449335856
    [P_MID] => CAEcatca07
    [P_AUTH_DT] => 20250830092720
    [P_STATUS] => 02
    [P_TYPE] => VBANK
    [P_OID] => 250829-015
    [P_FN_CD1] => 03
    [P_FN_CD2] => 
    [P_FN_NM] => 기업은행
    [P_AMT] => 3000
    [P_UNAME] => 문희응
    [P_RMESG1] => P_VACCT_NO=07503431597994|P_EXP_DT=20250909
    [P_RMESG2] => 
    [P_NOTI] => 
    [P_AUTH_NO] => 
)

 Array
(
    [PageCall time] => 10:25:36
    [P_TID] => INIMX_VBNKCAEcatca0720250830102329635616
    [P_MID] => CAEcatca07
    [P_AUTH_DT] => 20250830102536
    [P_STATUS] => 02
    [P_TYPE] => VBANK
    [P_OID] => 250830-002
    [P_FN_CD1] => 11
    [P_FN_CD2] => 
    [P_FN_NM] => NH농협은행
    [P_AMT] => 3000
    [P_UNAME] => 고동영
    [P_RMESG1] => P_VACCT_NO=79014408809317|P_EXP_DT=20250909
    [P_RMESG2] => 
    [P_NOTI] => 
    [P_AUTH_NO] => 
)

 Array
(
    [PageCall time] => 12:21:51
    [P_TID] => INIMX_VBNKCAEcatca0720250830122015605147
    [P_MID] => CAEcatca07
    [P_AUTH_DT] => 20250830122151
    [P_STATUS] => 02
    [P_TYPE] => VBANK
    [P_OID] => 250830-003
    [P_FN_CD1] => 11
    [P_FN_CD2] => 
    [P_FN_NM] => NH농협은행
    [P_AMT] => 3000
    [P_UNAME] => 엄기왕
    [P_RMESG1] => P_VACCT_NO=79014408819293|P_EXP_DT=20250909
    [P_RMESG2] => 
    [P_NOTI] => 
    [P_AUTH_NO] => 
)

 Array
(
    [PageCall time] => 13:47:12
    [P_TID] => INIMX_VBNKCAEcatca0720250830134432235715
    [P_MID] => CAEcatca07
    [P_AUTH_DT] => 20250830134712
    [P_STATUS] => 02
    [P_TYPE] => VBANK
    [P_OID] => 250830-004
    [P_FN_CD1] => 89
    [P_FN_CD2] => 
    [P_FN_NM] => 케이뱅크
    [P_AMT] => 3000
    [P_UNAME] => 장윤호
    [P_RMESG1] => P_VACCT_NO=70112003315111|P_EXP_DT=20250909
    [P_RMESG2] => 
    [P_NOTI] => 
    [P_AUTH_NO] => 
)

 Array
(
    [PageCall time] => 15:46:25
    [P_TID] => INIMX_VBNKCAEcatca0720250830154600675482
    [P_MID] => CAEcatca07
    [P_AUTH_DT] => 20250830154625
    [P_STATUS] => 02
    [P_TYPE] => VBANK
    [P_OID] => 250830-005
    [P_FN_CD1] => 04
    [P_FN_CD2] => 
    [P_FN_NM] => KB국민은행
    [P_AMT] => 3000
    [P_UNAME] => 지하1층 플로렌스코인노래연습장
    [P_RMESG1] => P_VACCT_NO=26159078285329|P_EXP_DT=20250909
    [P_RMESG2] => 
    [P_NOTI] => 
    [P_AUTH_NO] => 
)

 Array
(
    [PageCall time] => 17:37:29
    [P_TID] => INIMX_VBNKCAEcatca0720250830173422225412
    [P_MID] => CAEcatca07
    [P_AUTH_DT] => 20250830173729
    [P_STATUS] => 02
    [P_TYPE] => VBANK
    [P_OID] => 250828-037
    [P_FN_CD1] => 03
    [P_FN_CD2] => 
    [P_FN_NM] => 기업은행
    [P_AMT] => 3000
    [P_UNAME] => 이주형
    [P_RMESG1] => P_VACCT_NO=07503432897699|P_EXP_DT=20250909
    [P_RMESG2] => 
    [P_NOTI] => 
    [P_AUTH_NO] => 
)

 Array
(
    [PageCall time] => 17:38:29
    [P_TID] => INIMX_VBNKCAEcatca0720250830173558375465
    [P_MID] => CAEcatca07
    [P_AUTH_DT] => 20250830173829
    [P_STATUS] => 02
    [P_TYPE] => VBANK
    [P_OID] => 250828-038
    [P_FN_CD1] => 03
    [P_FN_CD2] => 
    [P_FN_NM] => 기업은행
    [P_AMT] => 3000
    [P_UNAME] => 이주형
    [P_RMESG1] => P_VACCT_NO=07503432897731|P_EXP_DT=20250909
    [P_RMESG2] => 
    [P_NOTI] => 
    [P_AUTH_NO] => 
)

