 Array
(
    [PageCall time] => 09:28:34
    [P_TID] => INIMX_VBNKCAEcatca0720260302092600835174
    [P_MID] => CAEcatca07
    [P_AUTH_DT] => 20260302092834
    [P_STATUS] => 02
    [P_TYPE] => VBANK
    [P_OID] => 260302-001
    [P_FN_CD1] => 07
    [P_FN_CD2] => 
    [P_FN_NM] => 수협은행
    [P_AMT] => 3500
    [P_UNAME] => 김효정
    [P_RMESG1] => P_VACCT_NO=06640083494671|P_EXP_DT=20260312
    [P_RMESG2] => 
    [P_NOTI] => 
    [P_AUTH_NO] => 
)

 Array
(
    [PageCall time] => 10:14:35
    [P_TID] => INIMX_VBNKCAEcatca0720260302100955345542
    [P_MID] => CAEcatca07
    [P_AUTH_DT] => 20260302101435
    [P_STATUS] => 02
    [P_TYPE] => VBANK
    [P_OID] => 260302-003
    [P_FN_CD1] => 32
    [P_FN_CD2] => 
    [P_FN_NM] => 부산은행
    [P_AMT] => 3500
    [P_UNAME] => 최병철
    [P_RMESG1] => P_VACCT_NO=109924711295|P_EXP_DT=20260312
    [P_RMESG2] => 
    [P_NOTI] => 
    [P_AUTH_NO] => 
)

 Array
(
    [PageCall time] => 11:07:17
    [P_TID] => INIMX_VBNKCAEcatca0720260302110219775256
    [P_MID] => CAEcatca07
    [P_AUTH_DT] => 20260302110717
    [P_STATUS] => 02
    [P_TYPE] => VBANK
    [P_OID] => 260302-004
    [P_FN_CD1] => 20
    [P_FN_CD2] => 
    [P_FN_NM] => 우리은행
    [P_AMT] => 3500
    [P_UNAME] => 김창주
    [P_RMESG1] => P_VACCT_NO=27491378718551|P_EXP_DT=20260312
    [P_RMESG2] => 
    [P_NOTI] => 
    [P_AUTH_NO] => 
)

 Array
(
    [PageCall time] => 13:52:43
    [P_TID] => INIMX_VBNKCAEcatca0720260302134852525465
    [P_MID] => CAEcatca07
    [P_AUTH_DT] => 20260302135243
    [P_STATUS] => 02
    [P_TYPE] => VBANK
    [P_OID] => 260302-006
    [P_FN_CD1] => 88
    [P_FN_CD2] => 
    [P_FN_NM] => 신한은행
    [P_AMT] => 3500
    [P_UNAME] => 이유리
    [P_RMESG1] => P_VACCT_NO=56211104562298|P_EXP_DT=20260312
    [P_RMESG2] => 
    [P_NOTI] => 
    [P_AUTH_NO] => 
)

 Array
(
    [PageCall time] => 14:31:43
    [P_TID] => INIMX_VBNKCAEcatca0720260302142846445426
    [P_MID] => CAEcatca07
    [P_AUTH_DT] => 20260302143143
    [P_STATUS] => 02
    [P_TYPE] => VBANK
    [P_OID] => 260302-007
    [P_FN_CD1] => 88
    [P_FN_CD2] => 
    [P_FN_NM] => 신한은행
    [P_AMT] => 3500
    [P_UNAME] => 유재성
    [P_RMESG1] => P_VACCT_NO=56211104564378|P_EXP_DT=20260312
    [P_RMESG2] => 
    [P_NOTI] => 
    [P_AUTH_NO] => 
)

 Array
(
    [PageCall time] => 15:03:47
    [P_TID] => INIMX_VBNKCAEcatca0720260302150314115690
    [P_MID] => CAEcatca07
    [P_AUTH_DT] => 20260302150347
    [P_STATUS] => 02
    [P_TYPE] => VBANK
    [P_OID] => 260302-008
    [P_FN_CD1] => 11
    [P_FN_CD2] => 
    [P_FN_NM] => NH농협은행
    [P_AMT] => 3500
    [P_UNAME] => 김은정
    [P_RMESG1] => P_VACCT_NO=79014290339819|P_EXP_DT=20260312
    [P_RMESG2] => 
    [P_NOTI] => 
    [P_AUTH_NO] => 
)

 Array
(
    [PageCall time] => 15:32:53
    [P_TID] => INIMX_VBNKCAEcatca0720260302152858195117
    [P_MID] => CAEcatca07
    [P_AUTH_DT] => 20260302153253
    [P_STATUS] => 02
    [P_TYPE] => VBANK
    [P_OID] => 260302-010
    [P_FN_CD1] => 03
    [P_FN_CD2] => 
    [P_FN_NM] => 기업은행
    [P_AMT] => 3500
    [P_UNAME] => 장희주
    [P_RMESG1] => P_VACCT_NO=07503235497972|P_EXP_DT=20260312
    [P_RMESG2] => 
    [P_NOTI] => 
    [P_AUTH_NO] => 
)

 Array
(
    [PageCall time] => 15:59:05
    [P_TID] => INIMX_VBNKCAEcatca0720260302155549475572
    [P_MID] => CAEcatca07
    [P_AUTH_DT] => 20260302155905
    [P_STATUS] => 02
    [P_TYPE] => VBANK
    [P_OID] => 260302-011
    [P_FN_CD1] => 88
    [P_FN_CD2] => 
    [P_FN_NM] => 신한은행
    [P_AMT] => 3500
    [P_UNAME] => 한지혜
    [P_RMESG1] => P_VACCT_NO=56211104568788|P_EXP_DT=20260312
    [P_RMESG2] => 
    [P_NOTI] => 
    [P_AUTH_NO] => 
)

 Array
(
    [PageCall time] => 16:42:41
    [P_TID] => INIMX_VBNKCAEcatca0720260302164016765910
    [P_MID] => CAEcatca07
    [P_AUTH_DT] => 20260302164241
    [P_STATUS] => 02
    [P_TYPE] => VBANK
    [P_OID] => 260302-012
    [P_FN_CD1] => 88
    [P_FN_CD2] => 
    [P_FN_NM] => 신한은행
    [P_AMT] => 3500
    [P_UNAME] => 홍석현
    [P_RMESG1] => P_VACCT_NO=56211104570688|P_EXP_DT=20260312
    [P_RMESG2] => 
    [P_NOTI] => 
    [P_AUTH_NO] => 
)

 Array
(
    [PageCall time] => 17:31:05
    [P_TID] => INIMX_VBNKCAEcatca0720260302172835475817
    [P_MID] => CAEcatca07
    [P_AUTH_DT] => 20260302173105
    [P_STATUS] => 02
    [P_TYPE] => VBANK
    [P_OID] => 260302-014
    [P_FN_CD1] => 20
    [P_FN_CD2] => 
    [P_FN_NM] => 우리은행
    [P_AMT] => 3500
    [P_UNAME] => 한성택
    [P_RMESG1] => P_VACCT_NO=27491391618451|P_EXP_DT=20260312
    [P_RMESG2] => 
    [P_NOTI] => 
    [P_AUTH_NO] => 
)

 Array
(
    [PageCall time] => 18:25:12
    [P_TID] => INIMX_VBNKCAEcatca0720260302182225335262
    [P_MID] => CAEcatca07
    [P_AUTH_DT] => 20260302182512
    [P_STATUS] => 02
    [P_TYPE] => VBANK
    [P_OID] => 260302-015
    [P_FN_CD1] => 81
    [P_FN_CD2] => 
    [P_FN_NM] => 하나은행
    [P_AMT] => 3500
    [P_UNAME] => 장미화
    [P_RMESG1] => P_VACCT_NO=20894156843837|P_EXP_DT=20260312
    [P_RMESG2] => 
    [P_NOTI] => 
    [P_AUTH_NO] => 
)

 Array
(
    [PageCall time] => 19:05:03
    [P_TID] => INIMX_VBNKCAEcatca0720260302190110455764
    [P_MID] => CAEcatca07
    [P_AUTH_DT] => 20260302190502
    [P_STATUS] => 02
    [P_TYPE] => VBANK
    [P_OID] => 260302-016
    [P_FN_CD1] => 88
    [P_FN_CD2] => 
    [P_FN_NM] => 신한은행
    [P_AMT] => 3500
    [P_UNAME] => 고복순
    [P_RMESG1] => P_VACCT_NO=56211104577117|P_EXP_DT=20260312
    [P_RMESG2] => 
    [P_NOTI] => 
    [P_AUTH_NO] => 
)

 Array
(
    [PageCall time] => 20:44:09
    [P_TID] => INIMX_VBNKCAEcatca0720260302204127775288
    [P_MID] => CAEcatca07
    [P_AUTH_DT] => 20260302204409
    [P_STATUS] => 02
    [P_TYPE] => VBANK
    [P_OID] => 260302-017
    [P_FN_CD1] => 88
    [P_FN_CD2] => 
    [P_FN_NM] => 신한은행
    [P_AMT] => 3500
    [P_UNAME] => 송정근
    [P_RMESG1] => P_VACCT_NO=56211104580701|P_EXP_DT=20260312
    [P_RMESG2] => 
    [P_NOTI] => 
    [P_AUTH_NO] => 
)

 Array
(
    [PageCall time] => 21:51:17
    [P_TID] => INIMX_VBNKCAEcatca0720260302214813475500
    [P_MID] => CAEcatca07
    [P_AUTH_DT] => 20260302215117
    [P_STATUS] => 02
    [P_TYPE] => VBANK
    [P_OID] => 260302-018
    [P_FN_CD1] => 04
    [P_FN_CD2] => 
    [P_FN_NM] => KB국민은행
    [P_AMT] => 3500
    [P_UNAME] => 이윤녕
    [P_RMESG1] => P_VACCT_NO=70239014487585|P_EXP_DT=20260312
    [P_RMESG2] => 
    [P_NOTI] => 
    [P_AUTH_NO] => 
)

 Array
(
    [PageCall time] => 22:34:52
    [P_TID] => INIMX_VBNKCAEcatca0720260302223415625152
    [P_MID] => CAEcatca07
    [P_AUTH_DT] => 20260302223452
    [P_STATUS] => 02
    [P_TYPE] => VBANK
    [P_OID] => 260302-019
    [P_FN_CD1] => 11
    [P_FN_CD2] => 
    [P_FN_NM] => NH농협은행
    [P_AMT] => 3500
    [P_UNAME] => 장은지
    [P_RMESG1] => P_VACCT_NO=79014290375678|P_EXP_DT=20260312
    [P_RMESG2] => 
    [P_NOTI] => 
    [P_AUTH_NO] => 
)

 Array
(
    [PageCall time] => 22:53:15
    [P_TID] => INIMX_VBNKCAEcatca0720260302225045295531
    [P_MID] => CAEcatca07
    [P_AUTH_DT] => 20260302225315
    [P_STATUS] => 02
    [P_TYPE] => VBANK
    [P_OID] => 260226-042
    [P_FN_CD1] => 89
    [P_FN_CD2] => 
    [P_FN_NM] => 케이뱅크
    [P_AMT] => 3500
    [P_UNAME] => 김진아
    [P_RMESG1] => P_VACCT_NO=70112003648963|P_EXP_DT=20260312
    [P_RMESG2] => 
    [P_NOTI] => 
    [P_AUTH_NO] => 
)

